2025-09-14 02:59:47,243 - *****************EXP-2*****************
2025-09-14 02:59:47,244 - Exp repeats: 1
2025-09-14 02:59:47,244 - Communication Rounds: 100
2025-09-14 02:59:47,244 - Clients: 40

2025-09-14 02:59:47,244 - Attack method: scale
2025-09-14 02:59:47,244 - Filtering rule: dpd
2025-09-14 02:59:47,245 - Dataset: Cifar10
2025-09-14 02:59:47,245 - Model: cnn2
2025-09-14 02:59:47,245 - Learning Rate: 0.04
2025-09-14 02:59:47,245 - Batch Size: 64
2025-09-14 02:59:47,245 - Device: cuda
2025-09-14 02:59:47,245 - Device id: 0
2025-09-14 02:59:47,245 - DPD clipping strategy: auto
2025-09-14 02:59:47,245 - DPD noise level: 0.0008
2025-09-14 02:59:47,245 - Adversaries: 8
2025-09-14 02:59:47,245 - Targeted Label Flipping: 4-->6
2025-09-14 02:59:47,245 - *****************EXP-2*****************
2025-09-14 02:59:48,072 - Running time: 0th ==========================
2025-09-14 02:59:59,693 - Round number: 0 --------------------------
2025-09-14 02:59:59,695 - Evaluate global model
2025-09-14 03:00:09,564 - Averaged Train Loss: 2.3056
2025-09-14 03:00:09,568 - Test Accurancy: 0.0977
2025-09-14 03:00:09,568 - Attack Success Rate: 0.0000
2025-09-14 03:00:22,463 - DPD clipping bound C_t: 0.6791285276412964
2025-09-14 03:00:22,494 - DPD noise norm:0.4808521270751953
2025-09-14 03:00:22,530 - Round number: 1 --------------------------
2025-09-14 03:00:22,530 - Evaluate global model
2025-09-14 03:00:28,893 - Averaged Train Loss: 2.2477
2025-09-14 03:00:28,894 - Test Accurancy: 0.1745
2025-09-14 03:00:28,895 - Attack Success Rate: 0.4047
2025-09-14 03:00:39,297 - DPD clipping bound C_t: 0.6657946705818176
2025-09-14 03:00:39,305 - DPD noise norm:0.47156426310539246
2025-09-14 03:00:39,332 - Round number: 2 --------------------------
2025-09-14 03:00:39,332 - Evaluate global model
2025-09-14 03:00:44,954 - Averaged Train Loss: 2.1199
2025-09-14 03:00:44,955 - Test Accurancy: 0.1965
2025-09-14 03:00:44,955 - Attack Success Rate: 0.7673
2025-09-14 03:00:55,299 - DPD clipping bound C_t: 0.5924873352050781
2025-09-14 03:00:55,303 - DPD noise norm:0.41993448138237
2025-09-14 03:00:55,319 - Round number: 3 --------------------------
2025-09-14 03:00:55,320 - Evaluate global model
2025-09-14 03:00:59,761 - Averaged Train Loss: 2.0438
2025-09-14 03:00:59,762 - Test Accurancy: 0.2232
2025-09-14 03:00:59,762 - Attack Success Rate: 0.7367
2025-09-14 03:01:10,380 - DPD clipping bound C_t: 0.5840189456939697
2025-09-14 03:01:10,387 - DPD noise norm:0.413200706243515
2025-09-14 03:01:10,409 - Round number: 4 --------------------------
2025-09-14 03:01:10,410 - Evaluate global model
2025-09-14 03:01:15,165 - Averaged Train Loss: 1.9874
2025-09-14 03:01:15,166 - Test Accurancy: 0.2538
2025-09-14 03:01:15,166 - Attack Success Rate: 0.6947
2025-09-14 03:01:25,443 - DPD clipping bound C_t: 0.5671631097793579
2025-09-14 03:01:25,450 - DPD noise norm:0.4016198515892029
2025-09-14 03:01:25,469 - Round number: 5 --------------------------
2025-09-14 03:01:25,469 - Evaluate global model
2025-09-14 03:01:29,948 - Averaged Train Loss: 1.9339
2025-09-14 03:01:29,948 - Test Accurancy: 0.2874
2025-09-14 03:01:29,948 - Attack Success Rate: 0.6933
2025-09-14 03:01:40,502 - DPD clipping bound C_t: 0.5566700398921967
2025-09-14 03:01:40,508 - DPD noise norm:0.39446523785591125
2025-09-14 03:01:40,526 - Round number: 6 --------------------------
2025-09-14 03:01:40,526 - Evaluate global model
2025-09-14 03:01:45,510 - Averaged Train Loss: 1.8984
2025-09-14 03:01:45,511 - Test Accurancy: 0.3045
2025-09-14 03:01:45,511 - Attack Success Rate: 0.6327
2025-09-14 03:01:55,641 - DPD clipping bound C_t: 0.5432759821414948
2025-09-14 03:01:55,646 - DPD noise norm:0.38548436760902405
2025-09-14 03:01:55,665 - Round number: 7 --------------------------
2025-09-14 03:01:55,665 - Evaluate global model
2025-09-14 03:02:01,202 - Averaged Train Loss: 1.8577
2025-09-14 03:02:01,203 - Test Accurancy: 0.3311
2025-09-14 03:02:01,203 - Attack Success Rate: 0.5573
2025-09-14 03:02:09,787 - DPD clipping bound C_t: 0.5468972623348236
2025-09-14 03:02:09,792 - DPD noise norm:0.3875449299812317
2025-09-14 03:02:09,807 - Round number: 8 --------------------------
2025-09-14 03:02:09,807 - Evaluate global model
2025-09-14 03:02:14,704 - Averaged Train Loss: 1.8236
2025-09-14 03:02:14,705 - Test Accurancy: 0.3435
2025-09-14 03:02:14,705 - Attack Success Rate: 0.5267
2025-09-14 03:02:24,232 - DPD clipping bound C_t: 0.5321371555328369
2025-09-14 03:02:24,237 - DPD noise norm:0.3766794204711914
2025-09-14 03:02:24,255 - Round number: 9 --------------------------
2025-09-14 03:02:24,255 - Evaluate global model
2025-09-14 03:02:28,614 - Averaged Train Loss: 1.7914
2025-09-14 03:02:28,616 - Test Accurancy: 0.3528
2025-09-14 03:02:28,616 - Attack Success Rate: 0.5333
2025-09-14 03:02:39,161 - DPD clipping bound C_t: 0.520481675863266
2025-09-14 03:02:39,168 - DPD noise norm:0.3689059019088745
2025-09-14 03:02:39,186 - Round number: 10 --------------------------
2025-09-14 03:02:39,186 - Evaluate global model
2025-09-14 03:02:44,007 - Averaged Train Loss: 1.7542
2025-09-14 03:02:44,009 - Test Accurancy: 0.3710
2025-09-14 03:02:44,009 - Attack Success Rate: 0.4700
2025-09-14 03:02:55,001 - DPD clipping bound C_t: 0.5138905346393585
2025-09-14 03:02:55,009 - DPD noise norm:0.3635965883731842
2025-09-14 03:02:55,035 - Round number: 11 --------------------------
2025-09-14 03:02:55,035 - Evaluate global model
2025-09-14 03:03:01,802 - Averaged Train Loss: 1.7290
2025-09-14 03:03:01,804 - Test Accurancy: 0.3778
2025-09-14 03:03:01,804 - Attack Success Rate: 0.5007
2025-09-14 03:03:12,449 - DPD clipping bound C_t: 0.5134888291358948
2025-09-14 03:03:12,456 - DPD noise norm:0.36395591497421265
2025-09-14 03:03:12,488 - Round number: 12 --------------------------
2025-09-14 03:03:12,488 - Evaluate global model
2025-09-14 03:03:18,629 - Averaged Train Loss: 1.6977
2025-09-14 03:03:18,629 - Test Accurancy: 0.3897
2025-09-14 03:03:18,629 - Attack Success Rate: 0.4167
2025-09-14 03:03:28,956 - DPD clipping bound C_t: 0.516398161649704
2025-09-14 03:03:28,959 - DPD noise norm:0.3654872179031372
2025-09-14 03:03:28,977 - Round number: 13 --------------------------
2025-09-14 03:03:28,977 - Evaluate global model
2025-09-14 03:03:35,092 - Averaged Train Loss: 1.6712
2025-09-14 03:03:35,092 - Test Accurancy: 0.3975
2025-09-14 03:03:35,092 - Attack Success Rate: 0.4027
2025-09-14 03:03:45,255 - DPD clipping bound C_t: 0.5078772306442261
2025-09-14 03:03:45,262 - DPD noise norm:0.35982200503349304
2025-09-14 03:03:45,281 - Round number: 14 --------------------------
2025-09-14 03:03:45,281 - Evaluate global model
2025-09-14 03:03:51,403 - Averaged Train Loss: 1.6396
2025-09-14 03:03:51,405 - Test Accurancy: 0.4066
2025-09-14 03:03:51,405 - Attack Success Rate: 0.4320
2025-09-14 03:04:01,074 - DPD clipping bound C_t: 0.49766041338443756
2025-09-14 03:04:01,081 - DPD noise norm:0.3530427813529968
2025-09-14 03:04:01,109 - Round number: 15 --------------------------
2025-09-14 03:04:01,109 - Evaluate global model
2025-09-14 03:04:07,533 - Averaged Train Loss: 1.6229
2025-09-14 03:04:07,536 - Test Accurancy: 0.4093
2025-09-14 03:04:07,536 - Attack Success Rate: 0.4200
2025-09-14 03:04:15,869 - DPD clipping bound C_t: 0.49904297292232513
2025-09-14 03:04:15,875 - DPD noise norm:0.3528558611869812
2025-09-14 03:04:15,894 - Round number: 16 --------------------------
2025-09-14 03:04:15,895 - Evaluate global model
2025-09-14 03:04:22,300 - Averaged Train Loss: 1.5886
2025-09-14 03:04:22,303 - Test Accurancy: 0.4227
2025-09-14 03:04:22,303 - Attack Success Rate: 0.4260
2025-09-14 03:04:30,725 - DPD clipping bound C_t: 0.4848421961069107
2025-09-14 03:04:30,732 - DPD noise norm:0.3432524800300598
2025-09-14 03:04:30,754 - Round number: 17 --------------------------
2025-09-14 03:04:30,754 - Evaluate global model
2025-09-14 03:04:37,090 - Averaged Train Loss: 1.5688
2025-09-14 03:04:37,093 - Test Accurancy: 0.4300
2025-09-14 03:04:37,093 - Attack Success Rate: 0.4013
2025-09-14 03:04:47,094 - DPD clipping bound C_t: 0.47481003403663635
2025-09-14 03:04:47,100 - DPD noise norm:0.3363529145717621
2025-09-14 03:04:47,117 - Round number: 18 --------------------------
2025-09-14 03:04:47,117 - Evaluate global model
2025-09-14 03:04:53,855 - Averaged Train Loss: 1.5506
2025-09-14 03:04:53,858 - Test Accurancy: 0.4348
2025-09-14 03:04:53,858 - Attack Success Rate: 0.3913
2025-09-14 03:05:03,668 - DPD clipping bound C_t: 0.4723238945007324
2025-09-14 03:05:03,676 - DPD noise norm:0.33464646339416504
2025-09-14 03:05:03,700 - Round number: 19 --------------------------
2025-09-14 03:05:03,700 - Evaluate global model
2025-09-14 03:05:10,533 - Averaged Train Loss: 1.5300
2025-09-14 03:05:10,535 - Test Accurancy: 0.4411
2025-09-14 03:05:10,536 - Attack Success Rate: 0.3653
2025-09-14 03:05:19,061 - DPD clipping bound C_t: 0.46515777707099915
2025-09-14 03:05:19,068 - DPD noise norm:0.32958388328552246
2025-09-14 03:05:19,087 - Round number: 20 --------------------------
2025-09-14 03:05:19,087 - Evaluate global model
2025-09-14 03:05:25,137 - Averaged Train Loss: 1.5207
2025-09-14 03:05:25,139 - Test Accurancy: 0.4418
2025-09-14 03:05:25,139 - Attack Success Rate: 0.3833
2025-09-14 03:05:33,077 - DPD clipping bound C_t: 0.46294037997722626
2025-09-14 03:05:33,080 - DPD noise norm:0.32795706391334534
2025-09-14 03:05:33,095 - Round number: 21 --------------------------
2025-09-14 03:05:33,096 - Evaluate global model
2025-09-14 03:05:39,134 - Averaged Train Loss: 1.5010
2025-09-14 03:05:39,137 - Test Accurancy: 0.4522
2025-09-14 03:05:39,137 - Attack Success Rate: 0.3420
2025-09-14 03:05:47,147 - DPD clipping bound C_t: 0.4646803289651871
2025-09-14 03:05:47,151 - DPD noise norm:0.3286917507648468
2025-09-14 03:05:47,165 - Round number: 22 --------------------------
2025-09-14 03:05:47,165 - Evaluate global model
2025-09-14 03:05:52,834 - Averaged Train Loss: 1.4812
2025-09-14 03:05:52,835 - Test Accurancy: 0.4537
2025-09-14 03:05:52,836 - Attack Success Rate: 0.3760
2025-09-14 03:06:01,328 - DPD clipping bound C_t: 0.4527878910303116
2025-09-14 03:06:01,333 - DPD noise norm:0.3206286132335663
2025-09-14 03:06:01,363 - Round number: 23 --------------------------
2025-09-14 03:06:01,363 - Evaluate global model
2025-09-14 03:06:06,488 - Averaged Train Loss: 1.4730
2025-09-14 03:06:06,489 - Test Accurancy: 0.4572
2025-09-14 03:06:06,489 - Attack Success Rate: 0.3680
2025-09-14 03:06:16,287 - DPD clipping bound C_t: 0.44934773445129395
2025-09-14 03:06:16,293 - DPD noise norm:0.31813645362854004
2025-09-14 03:06:16,311 - Round number: 24 --------------------------
2025-09-14 03:06:16,311 - Evaluate global model
2025-09-14 03:06:22,095 - Averaged Train Loss: 1.4632
2025-09-14 03:06:22,096 - Test Accurancy: 0.4598
2025-09-14 03:06:22,096 - Attack Success Rate: 0.3780
2025-09-14 03:06:32,069 - DPD clipping bound C_t: 0.44552627205848694
2025-09-14 03:06:32,081 - DPD noise norm:0.31521207094192505
2025-09-14 03:06:32,097 - Round number: 25 --------------------------
2025-09-14 03:06:32,097 - Evaluate global model
2025-09-14 03:06:37,519 - Averaged Train Loss: 1.4565
2025-09-14 03:06:37,521 - Test Accurancy: 0.4637
2025-09-14 03:06:37,521 - Attack Success Rate: 0.3473
2025-09-14 03:06:47,227 - DPD clipping bound C_t: 0.4366936534643173
2025-09-14 03:06:47,233 - DPD noise norm:0.3090817630290985
2025-09-14 03:06:47,247 - Round number: 26 --------------------------
2025-09-14 03:06:47,248 - Evaluate global model
2025-09-14 03:06:53,797 - Averaged Train Loss: 1.4407
2025-09-14 03:06:53,799 - Test Accurancy: 0.4670
2025-09-14 03:06:53,799 - Attack Success Rate: 0.3547
2025-09-14 03:07:01,847 - DPD clipping bound C_t: 0.427826389670372
2025-09-14 03:07:01,852 - DPD noise norm:0.30314916372299194
2025-09-14 03:07:01,867 - Round number: 27 --------------------------
2025-09-14 03:07:01,867 - Evaluate global model
2025-09-14 03:07:07,804 - Averaged Train Loss: 1.4298
2025-09-14 03:07:07,806 - Test Accurancy: 0.4702
2025-09-14 03:07:07,806 - Attack Success Rate: 0.3527
2025-09-14 03:07:17,098 - DPD clipping bound C_t: 0.43011289834976196
2025-09-14 03:07:17,105 - DPD noise norm:0.30422544479370117
2025-09-14 03:07:17,125 - Round number: 28 --------------------------
2025-09-14 03:07:17,125 - Evaluate global model
2025-09-14 03:07:23,512 - Averaged Train Loss: 1.4235
2025-09-14 03:07:23,515 - Test Accurancy: 0.4738
2025-09-14 03:07:23,515 - Attack Success Rate: 0.3480
2025-09-14 03:07:31,452 - DPD clipping bound C_t: 0.4245370030403137
2025-09-14 03:07:31,457 - DPD noise norm:0.3008834719657898
2025-09-14 03:07:31,473 - Round number: 29 --------------------------
2025-09-14 03:07:31,473 - Evaluate global model
2025-09-14 03:07:37,015 - Averaged Train Loss: 1.4089
2025-09-14 03:07:37,017 - Test Accurancy: 0.4782
2025-09-14 03:07:37,017 - Attack Success Rate: 0.3560
2025-09-14 03:07:46,132 - DPD clipping bound C_t: 0.424129918217659
2025-09-14 03:07:46,137 - DPD noise norm:0.3002958297729492
2025-09-14 03:07:46,161 - Round number: 30 --------------------------
2025-09-14 03:07:46,161 - Evaluate global model
2025-09-14 03:07:51,030 - Averaged Train Loss: 1.3970
2025-09-14 03:07:51,031 - Test Accurancy: 0.4845
2025-09-14 03:07:51,031 - Attack Success Rate: 0.3560
2025-09-14 03:08:00,392 - DPD clipping bound C_t: 0.4156346917152405
2025-09-14 03:08:00,397 - DPD noise norm:0.29491472244262695
2025-09-14 03:08:00,421 - Round number: 31 --------------------------
2025-09-14 03:08:00,421 - Evaluate global model
2025-09-14 03:08:04,858 - Averaged Train Loss: 1.3938
2025-09-14 03:08:04,858 - Test Accurancy: 0.4853
2025-09-14 03:08:04,858 - Attack Success Rate: 0.3360
2025-09-14 03:08:14,828 - DPD clipping bound C_t: 0.41022889316082
2025-09-14 03:08:14,834 - DPD noise norm:0.29075637459754944
2025-09-14 03:08:14,850 - Round number: 32 --------------------------
2025-09-14 03:08:14,850 - Evaluate global model
2025-09-14 03:08:19,630 - Averaged Train Loss: 1.3808
2025-09-14 03:08:19,631 - Test Accurancy: 0.4929
2025-09-14 03:08:19,631 - Attack Success Rate: 0.3247
2025-09-14 03:08:29,139 - DPD clipping bound C_t: 0.4105846881866455
2025-09-14 03:08:29,143 - DPD noise norm:0.29071667790412903
2025-09-14 03:08:29,160 - Round number: 33 --------------------------
2025-09-14 03:08:29,160 - Evaluate global model
2025-09-14 03:08:34,960 - Averaged Train Loss: 1.3740
2025-09-14 03:08:34,961 - Test Accurancy: 0.4929
2025-09-14 03:08:34,961 - Attack Success Rate: 0.3500
2025-09-14 03:08:44,388 - DPD clipping bound C_t: 0.4052233248949051
2025-09-14 03:08:44,393 - DPD noise norm:0.28717172145843506
2025-09-14 03:08:44,412 - Round number: 34 --------------------------
2025-09-14 03:08:44,412 - Evaluate global model
2025-09-14 03:08:50,899 - Averaged Train Loss: 1.3640
2025-09-14 03:08:50,901 - Test Accurancy: 0.4979
2025-09-14 03:08:50,901 - Attack Success Rate: 0.3253
2025-09-14 03:09:00,799 - DPD clipping bound C_t: 0.40464532375335693
2025-09-14 03:09:00,805 - DPD noise norm:0.2865687906742096
2025-09-14 03:09:00,826 - Round number: 35 --------------------------
2025-09-14 03:09:00,826 - Evaluate global model
2025-09-14 03:09:06,264 - Averaged Train Loss: 1.3594
2025-09-14 03:09:06,265 - Test Accurancy: 0.4982
2025-09-14 03:09:06,265 - Attack Success Rate: 0.3293
2025-09-14 03:09:16,591 - DPD clipping bound C_t: 0.3959798961877823
2025-09-14 03:09:16,599 - DPD noise norm:0.2800619900226593
2025-09-14 03:09:16,623 - Round number: 36 --------------------------
2025-09-14 03:09:16,623 - Evaluate global model
2025-09-14 03:09:23,164 - Averaged Train Loss: 1.3529
2025-09-14 03:09:23,166 - Test Accurancy: 0.5003
2025-09-14 03:09:23,166 - Attack Success Rate: 0.3373
2025-09-14 03:09:32,403 - DPD clipping bound C_t: 0.39720164239406586
2025-09-14 03:09:32,409 - DPD noise norm:0.2811546325683594
2025-09-14 03:09:32,430 - Round number: 37 --------------------------
2025-09-14 03:09:32,430 - Evaluate global model
2025-09-14 03:09:38,585 - Averaged Train Loss: 1.3493
2025-09-14 03:09:38,587 - Test Accurancy: 0.5044
2025-09-14 03:09:38,587 - Attack Success Rate: 0.3040
2025-09-14 03:09:48,972 - DPD clipping bound C_t: 0.39236320555210114
2025-09-14 03:09:48,978 - DPD noise norm:0.2778642773628235
2025-09-14 03:09:48,996 - Round number: 38 --------------------------
2025-09-14 03:09:48,996 - Evaluate global model
2025-09-14 03:09:55,871 - Averaged Train Loss: 1.3373
2025-09-14 03:09:55,873 - Test Accurancy: 0.5063
2025-09-14 03:09:55,873 - Attack Success Rate: 0.3200
2025-09-14 03:10:04,951 - DPD clipping bound C_t: 0.38179048895835876
2025-09-14 03:10:04,956 - DPD noise norm:0.27053597569465637
2025-09-14 03:10:04,984 - Round number: 39 --------------------------
2025-09-14 03:10:04,984 - Evaluate global model
2025-09-14 03:10:11,494 - Averaged Train Loss: 1.3343
2025-09-14 03:10:11,497 - Test Accurancy: 0.5066
2025-09-14 03:10:11,497 - Attack Success Rate: 0.3247
2025-09-14 03:10:19,927 - DPD clipping bound C_t: 0.38210195302963257
2025-09-14 03:10:19,932 - DPD noise norm:0.2705692946910858
2025-09-14 03:10:19,953 - Round number: 40 --------------------------
2025-09-14 03:10:19,954 - Evaluate global model
2025-09-14 03:10:25,604 - Averaged Train Loss: 1.3264
2025-09-14 03:10:25,606 - Test Accurancy: 0.5099
2025-09-14 03:10:25,606 - Attack Success Rate: 0.3140
2025-09-14 03:10:34,659 - DPD clipping bound C_t: 0.37661169469356537
2025-09-14 03:10:34,666 - DPD noise norm:0.26630985736846924
2025-09-14 03:10:34,689 - Round number: 41 --------------------------
2025-09-14 03:10:34,689 - Evaluate global model
2025-09-14 03:10:40,312 - Averaged Train Loss: 1.3207
2025-09-14 03:10:40,313 - Test Accurancy: 0.5106
2025-09-14 03:10:40,313 - Attack Success Rate: 0.3307
2025-09-14 03:10:49,108 - DPD clipping bound C_t: 0.37738560140132904
2025-09-14 03:10:49,113 - DPD noise norm:0.26712852716445923
2025-09-14 03:10:49,127 - Round number: 42 --------------------------
2025-09-14 03:10:49,127 - Evaluate global model
2025-09-14 03:10:53,684 - Averaged Train Loss: 1.3156
2025-09-14 03:10:53,685 - Test Accurancy: 0.5105
2025-09-14 03:10:53,685 - Attack Success Rate: 0.3513
2025-09-14 03:11:02,540 - DPD clipping bound C_t: 0.373178631067276
2025-09-14 03:11:02,544 - DPD noise norm:0.26421335339546204
2025-09-14 03:11:02,558 - Round number: 43 --------------------------
2025-09-14 03:11:02,558 - Evaluate global model
2025-09-14 03:11:07,412 - Averaged Train Loss: 1.3067
2025-09-14 03:11:07,412 - Test Accurancy: 0.5167
2025-09-14 03:11:07,412 - Attack Success Rate: 0.3267
2025-09-14 03:11:15,801 - DPD clipping bound C_t: 0.36444903910160065
2025-09-14 03:11:15,808 - DPD noise norm:0.25798627734184265
2025-09-14 03:11:15,833 - Round number: 44 --------------------------
2025-09-14 03:11:15,833 - Evaluate global model
2025-09-14 03:11:21,846 - Averaged Train Loss: 1.3011
2025-09-14 03:11:21,847 - Test Accurancy: 0.5163
2025-09-14 03:11:21,847 - Attack Success Rate: 0.3253
2025-09-14 03:11:30,108 - DPD clipping bound C_t: 0.36701999604701996
2025-09-14 03:11:30,115 - DPD noise norm:0.26004889607429504
2025-09-14 03:11:30,134 - Round number: 45 --------------------------
2025-09-14 03:11:30,134 - Evaluate global model
2025-09-14 03:11:35,775 - Averaged Train Loss: 1.2946
2025-09-14 03:11:35,776 - Test Accurancy: 0.5197
2025-09-14 03:11:35,776 - Attack Success Rate: 0.3193
2025-09-14 03:11:43,579 - DPD clipping bound C_t: 0.35737548768520355
2025-09-14 03:11:43,583 - DPD noise norm:0.25285792350769043
2025-09-14 03:11:43,598 - Round number: 46 --------------------------
2025-09-14 03:11:43,599 - Evaluate global model
2025-09-14 03:11:48,363 - Averaged Train Loss: 1.2903
2025-09-14 03:11:48,364 - Test Accurancy: 0.5212
2025-09-14 03:11:48,364 - Attack Success Rate: 0.3147
2025-09-14 03:11:58,532 - DPD clipping bound C_t: 0.35499249398708344
2025-09-14 03:11:58,539 - DPD noise norm:0.2514079809188843
2025-09-14 03:11:58,555 - Round number: 47 --------------------------
2025-09-14 03:11:58,555 - Evaluate global model
2025-09-14 03:12:03,772 - Averaged Train Loss: 1.2853
2025-09-14 03:12:03,774 - Test Accurancy: 0.5243
2025-09-14 03:12:03,774 - Attack Success Rate: 0.2973
2025-09-14 03:12:13,956 - DPD clipping bound C_t: 0.35511139035224915
2025-09-14 03:12:13,960 - DPD noise norm:0.2517203390598297
2025-09-14 03:12:13,978 - Round number: 48 --------------------------
2025-09-14 03:12:13,978 - Evaluate global model
2025-09-14 03:12:20,586 - Averaged Train Loss: 1.2729
2025-09-14 03:12:20,589 - Test Accurancy: 0.5276
2025-09-14 03:12:20,589 - Attack Success Rate: 0.2960
2025-09-14 03:12:28,619 - DPD clipping bound C_t: 0.3477250188589096
2025-09-14 03:12:28,626 - DPD noise norm:0.2466593235731125
2025-09-14 03:12:28,648 - Round number: 49 --------------------------
2025-09-14 03:12:28,648 - Evaluate global model
2025-09-14 03:12:35,266 - Averaged Train Loss: 1.2758
2025-09-14 03:12:35,268 - Test Accurancy: 0.5235
2025-09-14 03:12:35,268 - Attack Success Rate: 0.3307
2025-09-14 03:12:43,779 - DPD clipping bound C_t: 0.34638015925884247
2025-09-14 03:12:43,785 - DPD noise norm:0.24541813135147095
2025-09-14 03:12:43,811 - Round number: 50 --------------------------
2025-09-14 03:12:43,811 - Evaluate global model
2025-09-14 03:12:50,322 - Averaged Train Loss: 1.2635
2025-09-14 03:12:50,323 - Test Accurancy: 0.5305
2025-09-14 03:12:50,323 - Attack Success Rate: 0.3120
2025-09-14 03:12:59,248 - DPD clipping bound C_t: 0.34327664971351624
2025-09-14 03:12:59,254 - DPD noise norm:0.24314875900745392
2025-09-14 03:12:59,278 - Round number: 51 --------------------------
2025-09-14 03:12:59,278 - Evaluate global model
2025-09-14 03:13:05,481 - Averaged Train Loss: 1.2636
2025-09-14 03:13:05,483 - Test Accurancy: 0.5299
2025-09-14 03:13:05,483 - Attack Success Rate: 0.3080
2025-09-14 03:13:13,068 - DPD clipping bound C_t: 0.34185704588890076
2025-09-14 03:13:13,071 - DPD noise norm:0.24219532310962677
2025-09-14 03:13:13,088 - Round number: 52 --------------------------
2025-09-14 03:13:13,088 - Evaluate global model
2025-09-14 03:13:19,618 - Averaged Train Loss: 1.2598
2025-09-14 03:13:19,620 - Test Accurancy: 0.5292
2025-09-14 03:13:19,620 - Attack Success Rate: 0.3360
2025-09-14 03:13:27,943 - DPD clipping bound C_t: 0.34190376102924347
2025-09-14 03:13:27,949 - DPD noise norm:0.24207939207553864
2025-09-14 03:13:27,974 - Round number: 53 --------------------------
2025-09-14 03:13:27,974 - Evaluate global model
2025-09-14 03:13:33,820 - Averaged Train Loss: 1.2473
2025-09-14 03:13:33,821 - Test Accurancy: 0.5371
2025-09-14 03:13:33,821 - Attack Success Rate: 0.3080
2025-09-14 03:13:41,807 - DPD clipping bound C_t: 0.3316441476345062
2025-09-14 03:13:41,813 - DPD noise norm:0.23493483662605286
2025-09-14 03:13:41,827 - Round number: 54 --------------------------
2025-09-14 03:13:41,827 - Evaluate global model
2025-09-14 03:13:50,784 - Averaged Train Loss: 1.2438
2025-09-14 03:13:50,801 - Test Accurancy: 0.5370
2025-09-14 03:13:50,801 - Attack Success Rate: 0.3020
2025-09-14 03:14:07,808 - DPD clipping bound C_t: 0.3268747180700302
2025-09-14 03:14:07,811 - DPD noise norm:0.23128972947597504
2025-09-14 03:14:07,823 - Round number: 55 --------------------------
2025-09-14 03:14:07,823 - Evaluate global model
2025-09-14 03:14:13,426 - Averaged Train Loss: 1.2412
2025-09-14 03:14:13,428 - Test Accurancy: 0.5367
2025-09-14 03:14:13,428 - Attack Success Rate: 0.3173
2025-09-14 03:14:20,931 - DPD clipping bound C_t: 0.3295414447784424
2025-09-14 03:14:20,935 - DPD noise norm:0.23356842994689941
2025-09-14 03:14:20,947 - Round number: 56 --------------------------
2025-09-14 03:14:20,947 - Evaluate global model
2025-09-14 03:14:27,221 - Averaged Train Loss: 1.2424
2025-09-14 03:14:27,222 - Test Accurancy: 0.5344
2025-09-14 03:14:27,222 - Attack Success Rate: 0.3167
2025-09-14 03:14:34,993 - DPD clipping bound C_t: 0.3263244926929474
2025-09-14 03:14:35,000 - DPD noise norm:0.23129157721996307
2025-09-14 03:14:35,018 - Round number: 57 --------------------------
2025-09-14 03:14:35,018 - Evaluate global model
2025-09-14 03:14:40,481 - Averaged Train Loss: 1.2332
2025-09-14 03:14:40,482 - Test Accurancy: 0.5391
2025-09-14 03:14:40,482 - Attack Success Rate: 0.3073
2025-09-14 03:14:50,297 - DPD clipping bound C_t: 0.3243228793144226
2025-09-14 03:14:50,301 - DPD noise norm:0.22958935797214508
2025-09-14 03:14:50,318 - Round number: 58 --------------------------
2025-09-14 03:14:50,318 - Evaluate global model
2025-09-14 03:14:55,400 - Averaged Train Loss: 1.2207
2025-09-14 03:14:55,402 - Test Accurancy: 0.5435
2025-09-14 03:14:55,402 - Attack Success Rate: 0.3267
2025-09-14 03:15:04,875 - DPD clipping bound C_t: 0.32276327908039093
2025-09-14 03:15:04,881 - DPD noise norm:0.2288578450679779
2025-09-14 03:15:04,902 - Round number: 59 --------------------------
2025-09-14 03:15:04,903 - Evaluate global model
2025-09-14 03:15:11,175 - Averaged Train Loss: 1.2192
2025-09-14 03:15:11,178 - Test Accurancy: 0.5427
2025-09-14 03:15:11,178 - Attack Success Rate: 0.3240
2025-09-14 03:15:20,085 - DPD clipping bound C_t: 0.32155144214630127
2025-09-14 03:15:20,090 - DPD noise norm:0.22761647403240204
2025-09-14 03:15:20,107 - Round number: 60 --------------------------
2025-09-14 03:15:20,107 - Evaluate global model
2025-09-14 03:15:26,051 - Averaged Train Loss: 1.2122
2025-09-14 03:15:26,053 - Test Accurancy: 0.5483
2025-09-14 03:15:26,053 - Attack Success Rate: 0.2947
2025-09-14 03:15:34,831 - DPD clipping bound C_t: 0.31264860928058624
2025-09-14 03:15:34,835 - DPD noise norm:0.22148536145687103
2025-09-14 03:15:34,848 - Round number: 61 --------------------------
2025-09-14 03:15:34,848 - Evaluate global model
2025-09-14 03:15:39,559 - Averaged Train Loss: 1.2094
2025-09-14 03:15:39,560 - Test Accurancy: 0.5487
2025-09-14 03:15:39,560 - Attack Success Rate: 0.3053
2025-09-14 03:15:53,605 - DPD clipping bound C_t: 0.3053649514913559
2025-09-14 03:15:53,610 - DPD noise norm:0.2165074497461319
2025-09-14 03:15:53,632 - Round number: 62 --------------------------
2025-09-14 03:15:53,633 - Evaluate global model
2025-09-14 03:16:02,529 - Averaged Train Loss: 1.2153
2025-09-14 03:16:02,533 - Test Accurancy: 0.5476
2025-09-14 03:16:02,534 - Attack Success Rate: 0.2893
2025-09-14 03:16:17,313 - DPD clipping bound C_t: 0.30423375964164734
2025-09-14 03:16:17,320 - DPD noise norm:0.21581672132015228
2025-09-14 03:16:17,378 - Round number: 63 --------------------------
2025-09-14 03:16:17,379 - Evaluate global model
2025-09-14 03:16:27,653 - Averaged Train Loss: 1.2011
2025-09-14 03:16:27,660 - Test Accurancy: 0.5522
2025-09-14 03:16:27,660 - Attack Success Rate: 0.2940
2025-09-14 03:16:41,454 - DPD clipping bound C_t: 0.30193136632442474
2025-09-14 03:16:41,470 - DPD noise norm:0.21389248967170715
2025-09-14 03:16:41,500 - Round number: 64 --------------------------
2025-09-14 03:16:41,500 - Evaluate global model
2025-09-14 03:16:48,214 - Averaged Train Loss: 1.2002
2025-09-14 03:16:48,228 - Test Accurancy: 0.5506
2025-09-14 03:16:48,229 - Attack Success Rate: 0.2907
2025-09-14 03:17:00,278 - DPD clipping bound C_t: 0.29976026713848114
2025-09-14 03:17:00,285 - DPD noise norm:0.2123316377401352
2025-09-14 03:17:00,333 - Round number: 65 --------------------------
2025-09-14 03:17:00,333 - Evaluate global model
2025-09-14 03:17:11,510 - Averaged Train Loss: 1.1954
2025-09-14 03:17:11,513 - Test Accurancy: 0.5548
2025-09-14 03:17:11,513 - Attack Success Rate: 0.2747
2025-09-14 03:17:26,374 - DPD clipping bound C_t: 0.2966424375772476
2025-09-14 03:17:26,386 - DPD noise norm:0.21014340221881866
2025-09-14 03:17:26,431 - Round number: 66 --------------------------
2025-09-14 03:17:26,432 - Evaluate global model
2025-09-14 03:17:34,157 - Averaged Train Loss: 1.1960
2025-09-14 03:17:34,165 - Test Accurancy: 0.5512
2025-09-14 03:17:34,166 - Attack Success Rate: 0.3233
2025-09-14 03:17:47,326 - DPD clipping bound C_t: 0.2970774620771408
2025-09-14 03:17:47,337 - DPD noise norm:0.21019212901592255
2025-09-14 03:17:47,364 - Round number: 67 --------------------------
2025-09-14 03:17:47,364 - Evaluate global model
2025-09-14 03:17:58,199 - Averaged Train Loss: 1.1889
2025-09-14 03:17:58,210 - Test Accurancy: 0.5541
2025-09-14 03:17:58,210 - Attack Success Rate: 0.2853
2025-09-14 03:18:14,289 - DPD clipping bound C_t: 0.29166728258132935
2025-09-14 03:18:14,294 - DPD noise norm:0.2065126597881317
2025-09-14 03:18:14,326 - Round number: 68 --------------------------
2025-09-14 03:18:14,326 - Evaluate global model
2025-09-14 03:18:25,506 - Averaged Train Loss: 1.1850
2025-09-14 03:18:25,511 - Test Accurancy: 0.5538
2025-09-14 03:18:25,511 - Attack Success Rate: 0.2913
2025-09-14 03:18:41,917 - DPD clipping bound C_t: 0.28110960125923157
2025-09-14 03:18:41,929 - DPD noise norm:0.19906333088874817
2025-09-14 03:18:41,955 - Round number: 69 --------------------------
2025-09-14 03:18:41,955 - Evaluate global model
2025-09-14 03:18:51,709 - Averaged Train Loss: 1.1806
2025-09-14 03:18:51,710 - Test Accurancy: 0.5551
2025-09-14 03:18:51,710 - Attack Success Rate: 0.3100
2025-09-14 03:19:00,704 - DPD clipping bound C_t: 0.2845275104045868
2025-09-14 03:19:00,707 - DPD noise norm:0.20152544975280762
2025-09-14 03:19:00,722 - Round number: 70 --------------------------
2025-09-14 03:19:00,722 - Evaluate global model
2025-09-14 03:19:04,643 - Averaged Train Loss: 1.1711
2025-09-14 03:19:04,644 - Test Accurancy: 0.5561
2025-09-14 03:19:04,644 - Attack Success Rate: 0.3207
2025-09-14 03:19:13,503 - DPD clipping bound C_t: 0.2827270030975342
2025-09-14 03:19:13,509 - DPD noise norm:0.20024089515209198
2025-09-14 03:19:13,521 - Round number: 71 --------------------------
2025-09-14 03:19:13,521 - Evaluate global model
2025-09-14 03:19:18,791 - Averaged Train Loss: 1.1685
2025-09-14 03:19:18,791 - Test Accurancy: 0.5574
2025-09-14 03:19:18,791 - Attack Success Rate: 0.3227
2025-09-14 03:19:26,977 - DPD clipping bound C_t: 0.2838878631591797
2025-09-14 03:19:26,981 - DPD noise norm:0.20092156529426575
2025-09-14 03:19:26,997 - Round number: 72 --------------------------
2025-09-14 03:19:26,998 - Evaluate global model
2025-09-14 03:19:33,700 - Averaged Train Loss: 1.1740
2025-09-14 03:19:33,708 - Test Accurancy: 0.5582
2025-09-14 03:19:33,708 - Attack Success Rate: 0.2967
2025-09-14 03:19:53,614 - DPD clipping bound C_t: 0.27848535776138306
2025-09-14 03:19:53,629 - DPD noise norm:0.19752800464630127
2025-09-14 03:19:53,661 - Round number: 73 --------------------------
2025-09-14 03:19:53,662 - Evaluate global model
2025-09-14 03:20:02,098 - Averaged Train Loss: 1.1596
2025-09-14 03:20:02,105 - Test Accurancy: 0.5611
2025-09-14 03:20:02,105 - Attack Success Rate: 0.3067
2025-09-14 03:20:12,233 - DPD clipping bound C_t: 0.27144327759742737
2025-09-14 03:20:12,242 - DPD noise norm:0.192201629281044
2025-09-14 03:20:12,267 - Round number: 74 --------------------------
2025-09-14 03:20:12,267 - Evaluate global model
2025-09-14 03:20:21,341 - Averaged Train Loss: 1.1539
2025-09-14 03:20:21,350 - Test Accurancy: 0.5666
2025-09-14 03:20:21,350 - Attack Success Rate: 0.2853
2025-09-14 03:20:37,977 - DPD clipping bound C_t: 0.27046966552734375
2025-09-14 03:20:37,982 - DPD noise norm:0.19170929491519928
2025-09-14 03:20:38,001 - Round number: 75 --------------------------
2025-09-14 03:20:38,002 - Evaluate global model
2025-09-14 03:20:45,431 - Averaged Train Loss: 1.1575
2025-09-14 03:20:45,434 - Test Accurancy: 0.5618
2025-09-14 03:20:45,434 - Attack Success Rate: 0.2927
2025-09-14 03:20:57,049 - DPD clipping bound C_t: 0.2688928246498108
2025-09-14 03:20:57,055 - DPD noise norm:0.19075676798820496
2025-09-14 03:20:57,073 - Round number: 76 --------------------------
2025-09-14 03:20:57,073 - Evaluate global model
2025-09-14 03:21:02,033 - Averaged Train Loss: 1.1523
2025-09-14 03:21:02,035 - Test Accurancy: 0.5628
2025-09-14 03:21:02,035 - Attack Success Rate: 0.3033
2025-09-14 03:21:09,518 - DPD clipping bound C_t: 0.2618878036737442
2025-09-14 03:21:09,524 - DPD noise norm:0.18539837002754211
2025-09-14 03:21:09,544 - Round number: 77 --------------------------
2025-09-14 03:21:09,544 - Evaluate global model
2025-09-14 03:21:14,583 - Averaged Train Loss: 1.1477
2025-09-14 03:21:14,583 - Test Accurancy: 0.5622
2025-09-14 03:21:14,583 - Attack Success Rate: 0.3360
2025-09-14 03:21:23,203 - DPD clipping bound C_t: 0.2629249691963196
2025-09-14 03:21:23,209 - DPD noise norm:0.1858692169189453
2025-09-14 03:21:23,229 - Round number: 78 --------------------------
2025-09-14 03:21:23,230 - Evaluate global model
2025-09-14 03:21:29,009 - Averaged Train Loss: 1.1465
2025-09-14 03:21:29,011 - Test Accurancy: 0.5642
2025-09-14 03:21:29,011 - Attack Success Rate: 0.3047
2025-09-14 03:21:37,499 - DPD clipping bound C_t: 0.25563883781433105
2025-09-14 03:21:37,503 - DPD noise norm:0.18114334344863892
2025-09-14 03:21:37,526 - Round number: 79 --------------------------
2025-09-14 03:21:37,526 - Evaluate global model
2025-09-14 03:21:42,783 - Averaged Train Loss: 1.1438
2025-09-14 03:21:42,785 - Test Accurancy: 0.5652
2025-09-14 03:21:42,785 - Attack Success Rate: 0.2993
2025-09-14 03:21:52,052 - DPD clipping bound C_t: 0.2554805725812912
2025-09-14 03:21:52,064 - DPD noise norm:0.18084341287612915
2025-09-14 03:21:52,082 - Round number: 80 --------------------------
2025-09-14 03:21:52,082 - Evaluate global model
2025-09-14 03:21:59,714 - Averaged Train Loss: 1.1377
2025-09-14 03:21:59,725 - Test Accurancy: 0.5670
2025-09-14 03:21:59,725 - Attack Success Rate: 0.3000
2025-09-14 03:22:08,435 - DPD clipping bound C_t: 0.2531189024448395
2025-09-14 03:22:08,445 - DPD noise norm:0.1792367398738861
2025-09-14 03:22:08,461 - Round number: 81 --------------------------
2025-09-14 03:22:08,461 - Evaluate global model
2025-09-14 03:22:13,316 - Averaged Train Loss: 1.1370
2025-09-14 03:22:13,316 - Test Accurancy: 0.5690
2025-09-14 03:22:13,316 - Attack Success Rate: 0.2727
2025-09-14 03:22:21,421 - DPD clipping bound C_t: 0.249836266040802
2025-09-14 03:22:21,424 - DPD noise norm:0.17691417038440704
2025-09-14 03:22:21,437 - Round number: 82 --------------------------
2025-09-14 03:22:21,437 - Evaluate global model
2025-09-14 03:22:25,808 - Averaged Train Loss: 1.1312
2025-09-14 03:22:25,808 - Test Accurancy: 0.5699
2025-09-14 03:22:25,808 - Attack Success Rate: 0.2907
2025-09-14 03:22:34,730 - DPD clipping bound C_t: 0.24386705458164215
2025-09-14 03:22:34,738 - DPD noise norm:0.17273260653018951
2025-09-14 03:22:34,765 - Round number: 83 --------------------------
2025-09-14 03:22:34,765 - Evaluate global model
2025-09-14 03:22:40,011 - Averaged Train Loss: 1.1374
2025-09-14 03:22:40,011 - Test Accurancy: 0.5660
2025-09-14 03:22:40,011 - Attack Success Rate: 0.3027
2025-09-14 03:22:49,461 - DPD clipping bound C_t: 0.242969810962677
2025-09-14 03:22:49,468 - DPD noise norm:0.1719105988740921
2025-09-14 03:22:49,489 - Round number: 84 --------------------------
2025-09-14 03:22:49,489 - Evaluate global model
2025-09-14 03:22:54,533 - Averaged Train Loss: 1.1294
2025-09-14 03:22:54,533 - Test Accurancy: 0.5702
2025-09-14 03:22:54,533 - Attack Success Rate: 0.2900
2025-09-14 03:23:03,782 - DPD clipping bound C_t: 0.24108953028917313
2025-09-14 03:23:03,788 - DPD noise norm:0.17067858576774597
2025-09-14 03:23:03,809 - Round number: 85 --------------------------
2025-09-14 03:23:03,809 - Evaluate global model
2025-09-14 03:23:08,965 - Averaged Train Loss: 1.1283
2025-09-14 03:23:08,967 - Test Accurancy: 0.5688
2025-09-14 03:23:08,967 - Attack Success Rate: 0.3007
2025-09-14 03:23:16,732 - DPD clipping bound C_t: 0.24027489870786667
2025-09-14 03:23:16,738 - DPD noise norm:0.17042574286460876
2025-09-14 03:23:16,756 - Round number: 86 --------------------------
2025-09-14 03:23:16,756 - Evaluate global model
2025-09-14 03:23:23,710 - Averaged Train Loss: 1.1230
2025-09-14 03:23:23,713 - Test Accurancy: 0.5704
2025-09-14 03:23:23,713 - Attack Success Rate: 0.3100
2025-09-14 03:23:31,418 - DPD clipping bound C_t: 0.23259319365024567
2025-09-14 03:23:31,422 - DPD noise norm:0.16473735868930817
2025-09-14 03:23:31,437 - Round number: 87 --------------------------
2025-09-14 03:23:31,437 - Evaluate global model
2025-09-14 03:23:36,698 - Averaged Train Loss: 1.1194
2025-09-14 03:23:36,699 - Test Accurancy: 0.5733
2025-09-14 03:23:36,699 - Attack Success Rate: 0.2840
2025-09-14 03:23:47,407 - DPD clipping bound C_t: 0.2302195057272911
2025-09-14 03:23:47,413 - DPD noise norm:0.16287243366241455
2025-09-14 03:23:47,426 - Round number: 88 --------------------------
2025-09-14 03:23:47,426 - Evaluate global model
2025-09-14 03:23:52,379 - Averaged Train Loss: 1.1154
2025-09-14 03:23:52,380 - Test Accurancy: 0.5740
2025-09-14 03:23:52,380 - Attack Success Rate: 0.2680
2025-09-14 03:24:02,237 - DPD clipping bound C_t: 0.2294727861881256
2025-09-14 03:24:02,243 - DPD noise norm:0.16235001385211945
2025-09-14 03:24:02,258 - Round number: 89 --------------------------
2025-09-14 03:24:02,258 - Evaluate global model
2025-09-14 03:24:07,329 - Averaged Train Loss: 1.1184
2025-09-14 03:24:07,331 - Test Accurancy: 0.5732
2025-09-14 03:24:07,331 - Attack Success Rate: 0.2693
2025-09-14 03:24:18,677 - DPD clipping bound C_t: 0.22845252603292465
2025-09-14 03:24:18,684 - DPD noise norm:0.16175897419452667
2025-09-14 03:24:18,701 - Round number: 90 --------------------------
2025-09-14 03:24:18,702 - Evaluate global model
2025-09-14 03:24:24,377 - Averaged Train Loss: 1.1150
2025-09-14 03:24:24,378 - Test Accurancy: 0.5764
2025-09-14 03:24:24,378 - Attack Success Rate: 0.2687
2025-09-14 03:24:35,223 - DPD clipping bound C_t: 0.22392109781503677
2025-09-14 03:24:35,229 - DPD noise norm:0.15855413675308228
2025-09-14 03:24:35,242 - Round number: 91 --------------------------
2025-09-14 03:24:35,242 - Evaluate global model
2025-09-14 03:24:40,378 - Averaged Train Loss: 1.1064
2025-09-14 03:24:40,380 - Test Accurancy: 0.5766
2025-09-14 03:24:40,380 - Attack Success Rate: 0.2720
2025-09-14 03:24:50,283 - DPD clipping bound C_t: 0.21962778270244598
2025-09-14 03:24:50,288 - DPD noise norm:0.15566031634807587
2025-09-14 03:24:50,301 - Round number: 92 --------------------------
2025-09-14 03:24:50,301 - Evaluate global model
2025-09-14 03:24:56,071 - Averaged Train Loss: 1.1089
2025-09-14 03:24:56,072 - Test Accurancy: 0.5738
2025-09-14 03:24:56,073 - Attack Success Rate: 0.2980
2025-09-14 03:25:05,482 - DPD clipping bound C_t: 0.21887052059173584
2025-09-14 03:25:05,486 - DPD noise norm:0.1548081934452057
2025-09-14 03:25:05,505 - Round number: 93 --------------------------
2025-09-14 03:25:05,506 - Evaluate global model
2025-09-14 03:25:10,379 - Averaged Train Loss: 1.1018
2025-09-14 03:25:10,381 - Test Accurancy: 0.5770
2025-09-14 03:25:10,381 - Attack Success Rate: 0.2747
2025-09-14 03:25:20,156 - DPD clipping bound C_t: 0.21565736830234528
2025-09-14 03:25:20,162 - DPD noise norm:0.15274514257907867
2025-09-14 03:25:20,176 - Round number: 94 --------------------------
2025-09-14 03:25:20,177 - Evaluate global model
2025-09-14 03:25:24,266 - Averaged Train Loss: 1.0999
2025-09-14 03:25:24,266 - Test Accurancy: 0.5788
2025-09-14 03:25:24,266 - Attack Success Rate: 0.2747
2025-09-14 03:25:33,977 - DPD clipping bound C_t: 0.21392183750867844
2025-09-14 03:25:33,988 - DPD noise norm:0.15179471671581268
2025-09-14 03:25:34,017 - Round number: 95 --------------------------
2025-09-14 03:25:34,018 - Evaluate global model
2025-09-14 03:25:38,970 - Averaged Train Loss: 1.0992
2025-09-14 03:25:38,971 - Test Accurancy: 0.5796
2025-09-14 03:25:38,971 - Attack Success Rate: 0.2700
2025-09-14 03:25:48,432 - DPD clipping bound C_t: 0.2096814140677452
2025-09-14 03:25:48,442 - DPD noise norm:0.1485317498445511
2025-09-14 03:25:48,462 - Round number: 96 --------------------------
2025-09-14 03:25:48,462 - Evaluate global model
2025-09-14 03:25:53,331 - Averaged Train Loss: 1.0951
2025-09-14 03:25:53,331 - Test Accurancy: 0.5792
2025-09-14 03:25:53,331 - Attack Success Rate: 0.2847
2025-09-14 03:26:03,187 - DPD clipping bound C_t: 0.21090012788772583
2025-09-14 03:26:03,195 - DPD noise norm:0.14928244054317474
2025-09-14 03:26:03,217 - Round number: 97 --------------------------
2025-09-14 03:26:03,217 - Evaluate global model
2025-09-14 03:26:08,602 - Averaged Train Loss: 1.0912
2025-09-14 03:26:08,602 - Test Accurancy: 0.5818
2025-09-14 03:26:08,603 - Attack Success Rate: 0.2653
2025-09-14 03:26:19,392 - DPD clipping bound C_t: 0.2083580642938614
2025-09-14 03:26:19,399 - DPD noise norm:0.14765292406082153
2025-09-14 03:26:19,422 - Round number: 98 --------------------------
2025-09-14 03:26:19,422 - Evaluate global model
2025-09-14 03:26:25,637 - Averaged Train Loss: 1.0947
2025-09-14 03:26:25,638 - Test Accurancy: 0.5776
2025-09-14 03:26:25,638 - Attack Success Rate: 0.2973
2025-09-14 03:26:35,638 - DPD clipping bound C_t: 0.2028941512107849
2025-09-14 03:26:35,645 - DPD noise norm:0.14369994401931763
2025-09-14 03:26:35,676 - Round number: 99 --------------------------
2025-09-14 03:26:35,677 - Evaluate global model
2025-09-14 03:26:41,160 - Averaged Train Loss: 1.0934
2025-09-14 03:26:41,161 - Test Accurancy: 0.5807
2025-09-14 03:26:41,161 - Attack Success Rate: 0.2667
2025-09-14 03:26:51,027 - DPD clipping bound C_t: 0.2013261318206787
2025-09-14 03:26:51,033 - DPD noise norm:0.14275139570236206
2025-09-14 03:26:51,047 - Round number: 100 --------------------------
2025-09-14 03:26:51,048 - Evaluate global model
2025-09-14 03:26:55,384 - Averaged Train Loss: 1.0880
2025-09-14 03:26:55,385 - Test Accurancy: 0.5820
2025-09-14 03:26:55,385 - Attack Success Rate: 0.2720
2025-09-14 03:27:04,876 - DPD clipping bound C_t: 0.20026351511478424
2025-09-14 03:27:04,884 - DPD noise norm:0.1418425440788269
2025-09-14 03:27:04,886 - Run over
2025-09-14 03:27:04,887 - Saving results to ./exp/exp2/Cifar10/0.0008.h5
2025-09-14 03:27:04,915 - Best accuracy: 0.581951381951382
2025-09-14 03:27:04,915 - Average time cost per round: 16.023864431381227
