2025-09-14 22:26:29,743 - *****************EXP-2*****************
2025-09-14 22:26:29,744 - Exp repeats: 1
2025-09-14 22:26:29,744 - Communication Rounds: 100
2025-09-14 22:26:29,744 - Clients: 40

2025-09-14 22:26:29,744 - Attack method: scale
2025-09-14 22:26:29,744 - Filtering rule: dpd
2025-09-14 22:26:29,744 - Dataset: Cifar10
2025-09-14 22:26:29,744 - Model: cnn2
2025-09-14 22:26:29,744 - Learning Rate: 0.04
2025-09-14 22:26:29,744 - Batch Size: 64
2025-09-14 22:26:29,744 - Device: cuda
2025-09-14 22:26:29,744 - Device id: 0
2025-09-14 22:26:29,745 - DPD clipping strategy: auto
2025-09-14 22:26:29,745 - DPD noise level: 0.006
2025-09-14 22:26:29,745 - Adversaries: 8
2025-09-14 22:26:29,745 - Targeted Label Flipping: 5-->3
2025-09-14 22:26:29,745 - *****************EXP-2*****************
2025-09-14 22:26:31,237 - Running time: 0th ==========================
2025-09-14 22:26:50,871 - Round number: 0 --------------------------
2025-09-14 22:26:50,878 - Evaluate global model
2025-09-14 22:27:05,626 - Averaged Train Loss: 2.3051
2025-09-14 22:27:05,634 - Test Accurancy: 0.0977
2025-09-14 22:27:05,634 - Attack Success Rate: 0.0000
2025-09-14 22:27:21,310 - DPD clipping bound C_t: 0.6863133907318115
2025-09-14 22:27:21,323 - DPD noise norm:3.644545078277588
2025-09-14 22:27:21,345 - Round number: 1 --------------------------
2025-09-14 22:27:21,346 - Evaluate global model
2025-09-14 22:27:31,444 - Averaged Train Loss: 2.2573
2025-09-14 22:27:31,446 - Test Accurancy: 0.1337
2025-09-14 22:27:31,446 - Attack Success Rate: 0.4016
2025-09-14 22:27:44,734 - DPD clipping bound C_t: 0.664822906255722
2025-09-14 22:27:44,739 - DPD noise norm:3.5315701961517334
2025-09-14 22:27:44,768 - Round number: 2 --------------------------
2025-09-14 22:27:44,768 - Evaluate global model
2025-09-14 22:27:51,011 - Averaged Train Loss: 2.1299
2025-09-14 22:27:51,013 - Test Accurancy: 0.2079
2025-09-14 22:27:51,013 - Attack Success Rate: 0.4180
2025-09-14 22:28:02,240 - DPD clipping bound C_t: 0.5960057079792023
2025-09-14 22:28:02,245 - DPD noise norm:3.168210983276367
2025-09-14 22:28:02,270 - Round number: 3 --------------------------
2025-09-14 22:28:02,271 - Evaluate global model
2025-09-14 22:28:12,355 - Averaged Train Loss: 2.0504
2025-09-14 22:28:12,368 - Test Accurancy: 0.2372
2025-09-14 22:28:12,369 - Attack Success Rate: 0.3559
2025-09-14 22:28:30,751 - DPD clipping bound C_t: 0.5814740359783173
2025-09-14 22:28:30,773 - DPD noise norm:3.0855014324188232
2025-09-14 22:28:30,823 - Round number: 4 --------------------------
2025-09-14 22:28:30,824 - Evaluate global model
2025-09-14 22:28:40,978 - Averaged Train Loss: 1.9955
2025-09-14 22:28:40,993 - Test Accurancy: 0.2701
2025-09-14 22:28:40,994 - Attack Success Rate: 0.3422
2025-09-14 22:28:53,652 - DPD clipping bound C_t: 0.572813868522644
2025-09-14 22:28:53,663 - DPD noise norm:3.0421597957611084
2025-09-14 22:28:53,695 - Round number: 5 --------------------------
2025-09-14 22:28:53,695 - Evaluate global model
2025-09-14 22:29:03,525 - Averaged Train Loss: 1.9357
2025-09-14 22:29:03,526 - Test Accurancy: 0.3078
2025-09-14 22:29:03,526 - Attack Success Rate: 0.3286
2025-09-14 22:29:15,174 - DPD clipping bound C_t: 0.5430922508239746
2025-09-14 22:29:15,183 - DPD noise norm:2.8863284587860107
2025-09-14 22:29:15,206 - Round number: 6 --------------------------
2025-09-14 22:29:15,207 - Evaluate global model
2025-09-14 22:29:22,948 - Averaged Train Loss: 1.9001
2025-09-14 22:29:22,955 - Test Accurancy: 0.3184
2025-09-14 22:29:22,955 - Attack Success Rate: 0.3217
2025-09-14 22:29:38,851 - DPD clipping bound C_t: 0.5433464348316193
2025-09-14 22:29:38,864 - DPD noise norm:2.891507625579834
2025-09-14 22:29:38,888 - Round number: 7 --------------------------
2025-09-14 22:29:38,888 - Evaluate global model
2025-09-14 22:29:48,073 - Averaged Train Loss: 1.8557
2025-09-14 22:29:48,077 - Test Accurancy: 0.3430
2025-09-14 22:29:48,077 - Attack Success Rate: 0.2978
2025-09-14 22:30:03,896 - DPD clipping bound C_t: 0.5378836691379547
2025-09-14 22:30:03,907 - DPD noise norm:2.85868239402771
2025-09-14 22:30:03,939 - Round number: 8 --------------------------
2025-09-14 22:30:03,940 - Evaluate global model
2025-09-14 22:30:15,575 - Averaged Train Loss: 1.8196
2025-09-14 22:30:15,578 - Test Accurancy: 0.3566
2025-09-14 22:30:15,578 - Attack Success Rate: 0.2869
2025-09-14 22:30:32,500 - DPD clipping bound C_t: 0.5257763564586639
2025-09-14 22:30:32,517 - DPD noise norm:2.7913269996643066
2025-09-14 22:30:32,548 - Round number: 9 --------------------------
2025-09-14 22:30:32,548 - Evaluate global model
2025-09-14 22:30:43,992 - Averaged Train Loss: 1.7887
2025-09-14 22:30:43,993 - Test Accurancy: 0.3654
2025-09-14 22:30:43,993 - Attack Success Rate: 0.2398
2025-09-14 22:30:57,554 - DPD clipping bound C_t: 0.5158935487270355
2025-09-14 22:30:57,560 - DPD noise norm:2.7424046993255615
2025-09-14 22:30:57,579 - Round number: 10 --------------------------
2025-09-14 22:30:57,580 - Evaluate global model
2025-09-14 22:31:03,801 - Averaged Train Loss: 1.7538
2025-09-14 22:31:03,815 - Test Accurancy: 0.3754
2025-09-14 22:31:03,815 - Attack Success Rate: 0.3005
2025-09-14 22:31:18,428 - DPD clipping bound C_t: 0.5198074877262115
2025-09-14 22:31:18,440 - DPD noise norm:2.7583727836608887
2025-09-14 22:31:18,472 - Round number: 11 --------------------------
2025-09-14 22:31:18,472 - Evaluate global model
2025-09-14 22:31:31,716 - Averaged Train Loss: 1.7220
2025-09-14 22:31:31,718 - Test Accurancy: 0.3895
2025-09-14 22:31:31,718 - Attack Success Rate: 0.3272
2025-09-14 22:31:45,734 - DPD clipping bound C_t: 0.5075049102306366
2025-09-14 22:31:45,739 - DPD noise norm:2.697859525680542
2025-09-14 22:31:45,771 - Round number: 12 --------------------------
2025-09-14 22:31:45,772 - Evaluate global model
2025-09-14 22:31:55,236 - Averaged Train Loss: 1.6887
2025-09-14 22:31:55,240 - Test Accurancy: 0.4013
2025-09-14 22:31:55,240 - Attack Success Rate: 0.3408
2025-09-14 22:32:12,313 - DPD clipping bound C_t: 0.5027904212474823
2025-09-14 22:32:12,328 - DPD noise norm:2.6689212322235107
2025-09-14 22:32:12,359 - Round number: 13 --------------------------
2025-09-14 22:32:12,359 - Evaluate global model
2025-09-14 22:32:25,352 - Averaged Train Loss: 1.6619
2025-09-14 22:32:25,363 - Test Accurancy: 0.4089
2025-09-14 22:32:25,364 - Attack Success Rate: 0.2958
2025-09-14 22:32:38,666 - DPD clipping bound C_t: 0.4953702539205551
2025-09-14 22:32:38,679 - DPD noise norm:2.6322081089019775
2025-09-14 22:32:38,698 - Round number: 14 --------------------------
2025-09-14 22:32:38,698 - Evaluate global model
2025-09-14 22:32:44,690 - Averaged Train Loss: 1.6288
2025-09-14 22:32:44,698 - Test Accurancy: 0.4178
2025-09-14 22:32:44,698 - Attack Success Rate: 0.3531
2025-09-14 22:32:56,143 - DPD clipping bound C_t: 0.49283845722675323
2025-09-14 22:32:56,155 - DPD noise norm:2.6221656799316406
2025-09-14 22:32:56,181 - Round number: 15 --------------------------
2025-09-14 22:32:56,182 - Evaluate global model
2025-09-14 22:33:06,262 - Averaged Train Loss: 1.6085
2025-09-14 22:33:06,273 - Test Accurancy: 0.4248
2025-09-14 22:33:06,273 - Attack Success Rate: 0.3163
2025-09-14 22:33:16,909 - DPD clipping bound C_t: 0.4905076324939728
2025-09-14 22:33:16,915 - DPD noise norm:2.601155996322632
2025-09-14 22:33:16,936 - Round number: 16 --------------------------
2025-09-14 22:33:16,937 - Evaluate global model
2025-09-14 22:33:21,404 - Averaged Train Loss: 1.5746
2025-09-14 22:33:21,404 - Test Accurancy: 0.4346
2025-09-14 22:33:21,404 - Attack Success Rate: 0.3176
2025-09-14 22:33:29,913 - DPD clipping bound C_t: 0.47420045733451843
2025-09-14 22:33:29,918 - DPD noise norm:2.5178887844085693
2025-09-14 22:33:29,939 - Round number: 17 --------------------------
2025-09-14 22:33:29,940 - Evaluate global model
2025-09-14 22:33:34,196 - Averaged Train Loss: 1.5566
2025-09-14 22:33:34,196 - Test Accurancy: 0.4430
2025-09-14 22:33:34,196 - Attack Success Rate: 0.3518
2025-09-14 22:33:42,482 - DPD clipping bound C_t: 0.467664897441864
2025-09-14 22:33:42,485 - DPD noise norm:2.484684944152832
2025-09-14 22:33:42,498 - Round number: 18 --------------------------
2025-09-14 22:33:42,498 - Evaluate global model
2025-09-14 22:33:46,930 - Averaged Train Loss: 1.5388
2025-09-14 22:33:46,931 - Test Accurancy: 0.4485
2025-09-14 22:33:46,931 - Attack Success Rate: 0.3388
2025-09-14 22:33:55,039 - DPD clipping bound C_t: 0.46760593354701996
2025-09-14 22:33:55,047 - DPD noise norm:2.4847781658172607
2025-09-14 22:33:55,068 - Round number: 19 --------------------------
2025-09-14 22:33:55,069 - Evaluate global model
2025-09-14 22:34:00,681 - Averaged Train Loss: 1.5177
2025-09-14 22:34:00,682 - Test Accurancy: 0.4545
2025-09-14 22:34:00,682 - Attack Success Rate: 0.3436
2025-09-14 22:34:10,324 - DPD clipping bound C_t: 0.4595920741558075
2025-09-14 22:34:10,331 - DPD noise norm:2.4423024654388428
2025-09-14 22:34:10,356 - Round number: 20 --------------------------
2025-09-14 22:34:10,356 - Evaluate global model
2025-09-14 22:34:16,835 - Averaged Train Loss: 1.5054
2025-09-14 22:34:16,837 - Test Accurancy: 0.4581
2025-09-14 22:34:16,837 - Attack Success Rate: 0.3183
2025-09-14 22:34:27,028 - DPD clipping bound C_t: 0.45987220108509064
2025-09-14 22:34:27,035 - DPD noise norm:2.443376064300537
2025-09-14 22:34:27,062 - Round number: 21 --------------------------
2025-09-14 22:34:27,062 - Evaluate global model
2025-09-14 22:34:33,233 - Averaged Train Loss: 1.4809
2025-09-14 22:34:33,236 - Test Accurancy: 0.4688
2025-09-14 22:34:33,237 - Attack Success Rate: 0.3210
2025-09-14 22:34:43,020 - DPD clipping bound C_t: 0.4565638452768326
2025-09-14 22:34:43,025 - DPD noise norm:2.4221293926239014
2025-09-14 22:34:43,046 - Round number: 22 --------------------------
2025-09-14 22:34:43,046 - Evaluate global model
2025-09-14 22:34:48,314 - Averaged Train Loss: 1.4673
2025-09-14 22:34:48,318 - Test Accurancy: 0.4697
2025-09-14 22:34:48,318 - Attack Success Rate: 0.3224
2025-09-14 22:34:57,545 - DPD clipping bound C_t: 0.44982291758060455
2025-09-14 22:34:57,550 - DPD noise norm:2.388967990875244
2025-09-14 22:34:57,569 - Round number: 23 --------------------------
2025-09-14 22:34:57,569 - Evaluate global model
2025-09-14 22:35:02,984 - Averaged Train Loss: 1.4559
2025-09-14 22:35:02,985 - Test Accurancy: 0.4731
2025-09-14 22:35:02,985 - Attack Success Rate: 0.3347
2025-09-14 22:35:11,415 - DPD clipping bound C_t: 0.4471024423837662
2025-09-14 22:35:11,422 - DPD noise norm:2.374100923538208
2025-09-14 22:35:11,444 - Round number: 24 --------------------------
2025-09-14 22:35:11,445 - Evaluate global model
2025-09-14 22:35:17,533 - Averaged Train Loss: 1.4450
2025-09-14 22:35:17,534 - Test Accurancy: 0.4759
2025-09-14 22:35:17,534 - Attack Success Rate: 0.3477
2025-09-14 22:35:26,123 - DPD clipping bound C_t: 0.44059713184833527
2025-09-14 22:35:26,130 - DPD noise norm:2.337934970855713
2025-09-14 22:35:26,156 - Round number: 25 --------------------------
2025-09-14 22:35:26,156 - Evaluate global model
2025-09-14 22:35:32,669 - Averaged Train Loss: 1.4347
2025-09-14 22:35:32,675 - Test Accurancy: 0.4794
2025-09-14 22:35:32,676 - Attack Success Rate: 0.3333
2025-09-14 22:35:41,458 - DPD clipping bound C_t: 0.4368358552455902
2025-09-14 22:35:41,466 - DPD noise norm:2.3188681602478027
2025-09-14 22:35:41,486 - Round number: 26 --------------------------
2025-09-14 22:35:41,486 - Evaluate global model
2025-09-14 22:35:48,086 - Averaged Train Loss: 1.4196
2025-09-14 22:35:48,087 - Test Accurancy: 0.4839
2025-09-14 22:35:48,087 - Attack Success Rate: 0.3443
2025-09-14 22:35:57,008 - DPD clipping bound C_t: 0.4375821352005005
2025-09-14 22:35:57,017 - DPD noise norm:2.3254642486572266
2025-09-14 22:35:57,051 - Round number: 27 --------------------------
2025-09-14 22:35:57,051 - Evaluate global model
2025-09-14 22:36:03,525 - Averaged Train Loss: 1.4103
2025-09-14 22:36:03,527 - Test Accurancy: 0.4855
2025-09-14 22:36:03,527 - Attack Success Rate: 0.3340
2025-09-14 22:36:12,626 - DPD clipping bound C_t: 0.43190327286720276
2025-09-14 22:36:12,633 - DPD noise norm:2.2911884784698486
2025-09-14 22:36:12,652 - Round number: 28 --------------------------
2025-09-14 22:36:12,652 - Evaluate global model
2025-09-14 22:36:18,559 - Averaged Train Loss: 1.4073
2025-09-14 22:36:18,560 - Test Accurancy: 0.4846
2025-09-14 22:36:18,560 - Attack Success Rate: 0.3846
2025-09-14 22:36:27,480 - DPD clipping bound C_t: 0.4207560271024704
2025-09-14 22:36:27,488 - DPD noise norm:2.2365283966064453
2025-09-14 22:36:27,518 - Round number: 29 --------------------------
2025-09-14 22:36:27,518 - Evaluate global model
2025-09-14 22:36:33,191 - Averaged Train Loss: 1.3887
2025-09-14 22:36:33,192 - Test Accurancy: 0.4910
2025-09-14 22:36:33,192 - Attack Success Rate: 0.3074
2025-09-14 22:36:42,785 - DPD clipping bound C_t: 0.42053334414958954
2025-09-14 22:36:42,793 - DPD noise norm:2.2331202030181885
2025-09-14 22:36:42,817 - Round number: 30 --------------------------
2025-09-14 22:36:42,817 - Evaluate global model
2025-09-14 22:36:48,737 - Averaged Train Loss: 1.3786
2025-09-14 22:36:48,742 - Test Accurancy: 0.4978
2025-09-14 22:36:48,742 - Attack Success Rate: 0.3190
2025-09-14 22:36:59,570 - DPD clipping bound C_t: 0.41929520666599274
2025-09-14 22:36:59,577 - DPD noise norm:2.231340169906616
2025-09-14 22:36:59,593 - Round number: 31 --------------------------
2025-09-14 22:36:59,593 - Evaluate global model
2025-09-14 22:37:05,801 - Averaged Train Loss: 1.3702
2025-09-14 22:37:05,804 - Test Accurancy: 0.5004
2025-09-14 22:37:05,804 - Attack Success Rate: 0.3245
2025-09-14 22:37:15,161 - DPD clipping bound C_t: 0.41436439752578735
2025-09-14 22:37:15,167 - DPD noise norm:2.2026560306549072
2025-09-14 22:37:15,182 - Round number: 32 --------------------------
2025-09-14 22:37:15,182 - Evaluate global model
2025-09-14 22:37:20,173 - Averaged Train Loss: 1.3621
2025-09-14 22:37:20,175 - Test Accurancy: 0.5011
2025-09-14 22:37:20,175 - Attack Success Rate: 0.3600
2025-09-14 22:37:29,471 - DPD clipping bound C_t: 0.4094371497631073
2025-09-14 22:37:29,477 - DPD noise norm:2.174281358718872
2025-09-14 22:37:29,500 - Round number: 33 --------------------------
2025-09-14 22:37:29,500 - Evaluate global model
2025-09-14 22:37:34,451 - Averaged Train Loss: 1.3513
2025-09-14 22:37:34,453 - Test Accurancy: 0.5074
2025-09-14 22:37:34,453 - Attack Success Rate: 0.3443
2025-09-14 22:37:43,668 - DPD clipping bound C_t: 0.406727597117424
2025-09-14 22:37:43,675 - DPD noise norm:2.161783456802368
2025-09-14 22:37:43,693 - Round number: 34 --------------------------
2025-09-14 22:37:43,693 - Evaluate global model
2025-09-14 22:37:49,057 - Averaged Train Loss: 1.3466
2025-09-14 22:37:49,061 - Test Accurancy: 0.5066
2025-09-14 22:37:49,061 - Attack Success Rate: 0.3333
2025-09-14 22:37:57,568 - DPD clipping bound C_t: 0.4026051461696625
2025-09-14 22:37:57,572 - DPD noise norm:2.138429641723633
2025-09-14 22:37:57,586 - Round number: 35 --------------------------
2025-09-14 22:37:57,586 - Evaluate global model
2025-09-14 22:38:02,328 - Averaged Train Loss: 1.3357
2025-09-14 22:38:02,329 - Test Accurancy: 0.5129
2025-09-14 22:38:02,330 - Attack Success Rate: 0.3183
2025-09-14 22:38:10,626 - DPD clipping bound C_t: 0.39474017918109894
2025-09-14 22:38:10,629 - DPD noise norm:2.093888759613037
2025-09-14 22:38:10,642 - Round number: 36 --------------------------
2025-09-14 22:38:10,642 - Evaluate global model
2025-09-14 22:38:14,943 - Averaged Train Loss: 1.3343
2025-09-14 22:38:14,945 - Test Accurancy: 0.5121
2025-09-14 22:38:14,945 - Attack Success Rate: 0.3395
2025-09-14 22:38:23,011 - DPD clipping bound C_t: 0.39615777134895325
2025-09-14 22:38:23,019 - DPD noise norm:2.1031181812286377
2025-09-14 22:38:23,040 - Round number: 37 --------------------------
2025-09-14 22:38:23,040 - Evaluate global model
2025-09-14 22:38:28,689 - Averaged Train Loss: 1.3265
2025-09-14 22:38:28,690 - Test Accurancy: 0.5160
2025-09-14 22:38:28,690 - Attack Success Rate: 0.3176
2025-09-14 22:38:38,471 - DPD clipping bound C_t: 0.3941597491502762
2025-09-14 22:38:38,478 - DPD noise norm:2.093524217605591
2025-09-14 22:38:38,499 - Round number: 38 --------------------------
2025-09-14 22:38:38,500 - Evaluate global model
2025-09-14 22:38:44,465 - Averaged Train Loss: 1.3125
2025-09-14 22:38:44,466 - Test Accurancy: 0.5215
2025-09-14 22:38:44,466 - Attack Success Rate: 0.3026
2025-09-14 22:38:53,554 - DPD clipping bound C_t: 0.3849889785051346
2025-09-14 22:38:53,561 - DPD noise norm:2.046018123626709
2025-09-14 22:38:53,583 - Round number: 39 --------------------------
2025-09-14 22:38:53,584 - Evaluate global model
2025-09-14 22:38:59,352 - Averaged Train Loss: 1.3086
2025-09-14 22:38:59,353 - Test Accurancy: 0.5202
2025-09-14 22:38:59,353 - Attack Success Rate: 0.3354
2025-09-14 22:39:08,572 - DPD clipping bound C_t: 0.3781062513589859
2025-09-14 22:39:08,581 - DPD noise norm:2.008049488067627
2025-09-14 22:39:08,601 - Round number: 40 --------------------------
2025-09-14 22:39:08,601 - Evaluate global model
2025-09-14 22:39:14,338 - Averaged Train Loss: 1.3019
2025-09-14 22:39:14,339 - Test Accurancy: 0.5243
2025-09-14 22:39:14,339 - Attack Success Rate: 0.3081
2025-09-14 22:39:24,242 - DPD clipping bound C_t: 0.3778470754623413
2025-09-14 22:39:24,250 - DPD noise norm:2.003875732421875
2025-09-14 22:39:24,279 - Round number: 41 --------------------------
2025-09-14 22:39:24,279 - Evaluate global model
2025-09-14 22:39:29,870 - Averaged Train Loss: 1.2939
2025-09-14 22:39:29,872 - Test Accurancy: 0.5257
2025-09-14 22:39:29,872 - Attack Success Rate: 0.3231
2025-09-14 22:39:39,766 - DPD clipping bound C_t: 0.3802545964717865
2025-09-14 22:39:39,773 - DPD noise norm:2.0186948776245117
2025-09-14 22:39:39,794 - Round number: 42 --------------------------
2025-09-14 22:39:39,794 - Evaluate global model
2025-09-14 22:39:45,846 - Averaged Train Loss: 1.2873
2025-09-14 22:39:45,849 - Test Accurancy: 0.5309
2025-09-14 22:39:45,849 - Attack Success Rate: 0.2999
2025-09-14 22:39:55,721 - DPD clipping bound C_t: 0.36983680725097656
2025-09-14 22:39:55,727 - DPD noise norm:1.9638550281524658
2025-09-14 22:39:55,747 - Round number: 43 --------------------------
2025-09-14 22:39:55,748 - Evaluate global model
2025-09-14 22:40:01,107 - Averaged Train Loss: 1.2770
2025-09-14 22:40:01,109 - Test Accurancy: 0.5336
2025-09-14 22:40:01,109 - Attack Success Rate: 0.3094
2025-09-14 22:40:11,036 - DPD clipping bound C_t: 0.36698852479457855
2025-09-14 22:40:11,046 - DPD noise norm:1.948379635810852
2025-09-14 22:40:11,071 - Round number: 44 --------------------------
2025-09-14 22:40:11,071 - Evaluate global model
2025-09-14 22:40:16,704 - Averaged Train Loss: 1.2764
2025-09-14 22:40:16,706 - Test Accurancy: 0.5289
2025-09-14 22:40:16,706 - Attack Success Rate: 0.3648
2025-09-14 22:40:27,037 - DPD clipping bound C_t: 0.37076863646507263
2025-09-14 22:40:27,052 - DPD noise norm:1.9702873229980469
2025-09-14 22:40:27,079 - Round number: 45 --------------------------
2025-09-14 22:40:27,079 - Evaluate global model
2025-09-14 22:40:33,838 - Averaged Train Loss: 1.2658
2025-09-14 22:40:33,839 - Test Accurancy: 0.5365
2025-09-14 22:40:33,840 - Attack Success Rate: 0.3340
2025-09-14 22:40:44,124 - DPD clipping bound C_t: 0.3595845252275467
2025-09-14 22:40:44,130 - DPD noise norm:1.9081566333770752
2025-09-14 22:40:44,149 - Round number: 46 --------------------------
2025-09-14 22:40:44,149 - Evaluate global model
2025-09-14 22:40:49,895 - Averaged Train Loss: 1.2604
2025-09-14 22:40:49,897 - Test Accurancy: 0.5363
2025-09-14 22:40:49,897 - Attack Success Rate: 0.3040
2025-09-14 22:40:59,812 - DPD clipping bound C_t: 0.3631715774536133
2025-09-14 22:40:59,819 - DPD noise norm:1.9290035963058472
2025-09-14 22:40:59,835 - Round number: 47 --------------------------
2025-09-14 22:40:59,835 - Evaluate global model
2025-09-14 22:41:05,256 - Averaged Train Loss: 1.2552
2025-09-14 22:41:05,257 - Test Accurancy: 0.5388
2025-09-14 22:41:05,257 - Attack Success Rate: 0.2958
2025-09-14 22:41:14,839 - DPD clipping bound C_t: 0.3591030091047287
2025-09-14 22:41:14,846 - DPD noise norm:1.9091236591339111
2025-09-14 22:41:14,866 - Round number: 48 --------------------------
2025-09-14 22:41:14,866 - Evaluate global model
2025-09-14 22:41:21,159 - Averaged Train Loss: 1.2451
2025-09-14 22:41:21,160 - Test Accurancy: 0.5408
2025-09-14 22:41:21,161 - Attack Success Rate: 0.2910
2025-09-14 22:41:30,914 - DPD clipping bound C_t: 0.35536879301071167
2025-09-14 22:41:30,919 - DPD noise norm:1.890610694885254
2025-09-14 22:41:30,933 - Round number: 49 --------------------------
2025-09-14 22:41:30,933 - Evaluate global model
2025-09-14 22:41:37,106 - Averaged Train Loss: 1.2475
2025-09-14 22:41:37,107 - Test Accurancy: 0.5385
2025-09-14 22:41:37,107 - Attack Success Rate: 0.2964
2025-09-14 22:41:47,169 - DPD clipping bound C_t: 0.34889793395996094
2025-09-14 22:41:47,177 - DPD noise norm:1.8540152311325073
2025-09-14 22:41:47,198 - Round number: 50 --------------------------
2025-09-14 22:41:47,198 - Evaluate global model
2025-09-14 22:41:52,817 - Averaged Train Loss: 1.2313
2025-09-14 22:41:52,821 - Test Accurancy: 0.5457
2025-09-14 22:41:52,821 - Attack Success Rate: 0.3012
2025-09-14 22:42:03,087 - DPD clipping bound C_t: 0.34800441563129425
2025-09-14 22:42:03,096 - DPD noise norm:1.8487313985824585
2025-09-14 22:42:03,122 - Round number: 51 --------------------------
2025-09-14 22:42:03,123 - Evaluate global model
2025-09-14 22:42:08,488 - Averaged Train Loss: 1.2330
2025-09-14 22:42:08,491 - Test Accurancy: 0.5453
2025-09-14 22:42:08,491 - Attack Success Rate: 0.3087
2025-09-14 22:42:18,665 - DPD clipping bound C_t: 0.34386205673217773
2025-09-14 22:42:18,671 - DPD noise norm:1.8271186351776123
2025-09-14 22:42:18,694 - Round number: 52 --------------------------
2025-09-14 22:42:18,694 - Evaluate global model
2025-09-14 22:42:24,421 - Averaged Train Loss: 1.2269
2025-09-14 22:42:24,423 - Test Accurancy: 0.5465
2025-09-14 22:42:24,424 - Attack Success Rate: 0.3156
2025-09-14 22:42:34,642 - DPD clipping bound C_t: 0.3430398553609848
2025-09-14 22:42:34,651 - DPD noise norm:1.8216285705566406
2025-09-14 22:42:34,679 - Round number: 53 --------------------------
2025-09-14 22:42:34,679 - Evaluate global model
2025-09-14 22:42:40,621 - Averaged Train Loss: 1.2163
2025-09-14 22:42:40,623 - Test Accurancy: 0.5499
2025-09-14 22:42:40,623 - Attack Success Rate: 0.3340
2025-09-14 22:42:49,661 - DPD clipping bound C_t: 0.33416764438152313
2025-09-14 22:42:49,669 - DPD noise norm:1.7754186391830444
2025-09-14 22:42:49,691 - Round number: 54 --------------------------
2025-09-14 22:42:49,691 - Evaluate global model
2025-09-14 22:42:56,062 - Averaged Train Loss: 1.2134
2025-09-14 22:42:56,063 - Test Accurancy: 0.5483
2025-09-14 22:42:56,063 - Attack Success Rate: 0.2903
2025-09-14 22:43:05,350 - DPD clipping bound C_t: 0.33205875754356384
2025-09-14 22:43:05,357 - DPD noise norm:1.7621837854385376
2025-09-14 22:43:05,377 - Round number: 55 --------------------------
2025-09-14 22:43:05,377 - Evaluate global model
2025-09-14 22:43:11,326 - Averaged Train Loss: 1.2092
2025-09-14 22:43:11,327 - Test Accurancy: 0.5507
2025-09-14 22:43:11,327 - Attack Success Rate: 0.2992
2025-09-14 22:43:21,205 - DPD clipping bound C_t: 0.33272551000118256
2025-09-14 22:43:21,213 - DPD noise norm:1.7686890363693237
2025-09-14 22:43:21,238 - Round number: 56 --------------------------
2025-09-14 22:43:21,238 - Evaluate global model
2025-09-14 22:43:28,192 - Averaged Train Loss: 1.2085
2025-09-14 22:43:28,193 - Test Accurancy: 0.5495
2025-09-14 22:43:28,193 - Attack Success Rate: 0.3087
2025-09-14 22:43:38,114 - DPD clipping bound C_t: 0.32869674265384674
2025-09-14 22:43:38,121 - DPD noise norm:1.7472974061965942
2025-09-14 22:43:38,144 - Round number: 57 --------------------------
2025-09-14 22:43:38,144 - Evaluate global model
2025-09-14 22:43:44,602 - Averaged Train Loss: 1.1982
2025-09-14 22:43:44,604 - Test Accurancy: 0.5552
2025-09-14 22:43:44,604 - Attack Success Rate: 0.2753
2025-09-14 22:43:53,793 - DPD clipping bound C_t: 0.32508452236652374
2025-09-14 22:43:53,800 - DPD noise norm:1.7259639501571655
2025-09-14 22:43:53,819 - Round number: 58 --------------------------
2025-09-14 22:43:53,819 - Evaluate global model
2025-09-14 22:43:59,963 - Averaged Train Loss: 1.1888
2025-09-14 22:43:59,964 - Test Accurancy: 0.5568
2025-09-14 22:43:59,964 - Attack Success Rate: 0.2801
2025-09-14 22:44:09,277 - DPD clipping bound C_t: 0.32432594895362854
2025-09-14 22:44:09,283 - DPD noise norm:1.724744200706482
2025-09-14 22:44:09,310 - Round number: 59 --------------------------
2025-09-14 22:44:09,310 - Evaluate global model
2025-09-14 22:44:15,239 - Averaged Train Loss: 1.1879
2025-09-14 22:44:15,239 - Test Accurancy: 0.5574
2025-09-14 22:44:15,239 - Attack Success Rate: 0.3456
2025-09-14 22:44:23,407 - DPD clipping bound C_t: 0.32314833998680115
2025-09-14 22:44:23,414 - DPD noise norm:1.7156015634536743
2025-09-14 22:44:23,427 - Round number: 60 --------------------------
2025-09-14 22:44:23,427 - Evaluate global model
2025-09-14 22:44:28,669 - Averaged Train Loss: 1.1771
2025-09-14 22:44:28,670 - Test Accurancy: 0.5624
2025-09-14 22:44:28,670 - Attack Success Rate: 0.2889
2025-09-14 22:44:37,844 - DPD clipping bound C_t: 0.3153955489397049
2025-09-14 22:44:37,848 - DPD noise norm:1.6757349967956543
2025-09-14 22:44:37,863 - Round number: 61 --------------------------
2025-09-14 22:44:37,863 - Evaluate global model
2025-09-14 22:44:43,293 - Averaged Train Loss: 1.1752
2025-09-14 22:44:43,293 - Test Accurancy: 0.5622
2025-09-14 22:44:43,293 - Attack Success Rate: 0.2869
2025-09-14 22:44:51,357 - DPD clipping bound C_t: 0.3102419525384903
2025-09-14 22:44:51,364 - DPD noise norm:1.6497395038604736
2025-09-14 22:44:51,380 - Round number: 62 --------------------------
2025-09-14 22:44:51,380 - Evaluate global model
2025-09-14 22:44:56,857 - Averaged Train Loss: 1.1825
2025-09-14 22:44:56,858 - Test Accurancy: 0.5583
2025-09-14 22:44:56,858 - Attack Success Rate: 0.3128
2025-09-14 22:45:05,618 - DPD clipping bound C_t: 0.31018413603305817
2025-09-14 22:45:05,625 - DPD noise norm:1.6502834558486938
2025-09-14 22:45:05,641 - Round number: 63 --------------------------
2025-09-14 22:45:05,641 - Evaluate global model
2025-09-14 22:45:11,320 - Averaged Train Loss: 1.1679
2025-09-14 22:45:11,323 - Test Accurancy: 0.5617
2025-09-14 22:45:11,323 - Attack Success Rate: 0.3108
2025-09-14 22:45:20,816 - DPD clipping bound C_t: 0.30701154470443726
2025-09-14 22:45:20,823 - DPD noise norm:1.6311852931976318
2025-09-14 22:45:20,837 - Round number: 64 --------------------------
2025-09-14 22:45:20,837 - Evaluate global model
2025-09-14 22:45:26,512 - Averaged Train Loss: 1.1667
2025-09-14 22:45:26,515 - Test Accurancy: 0.5640
2025-09-14 22:45:26,515 - Attack Success Rate: 0.3033
2025-09-14 22:45:36,630 - DPD clipping bound C_t: 0.30409274995326996
2025-09-14 22:45:36,638 - DPD noise norm:1.6155037879943848
2025-09-14 22:45:36,659 - Round number: 65 --------------------------
2025-09-14 22:45:36,660 - Evaluate global model
2025-09-14 22:45:42,743 - Averaged Train Loss: 1.1604
2025-09-14 22:45:42,746 - Test Accurancy: 0.5652
2025-09-14 22:45:42,746 - Attack Success Rate: 0.2958
2025-09-14 22:45:52,885 - DPD clipping bound C_t: 0.30181320011615753
2025-09-14 22:45:52,895 - DPD noise norm:1.6035480499267578
2025-09-14 22:45:52,920 - Round number: 66 --------------------------
2025-09-14 22:45:52,920 - Evaluate global model
2025-09-14 22:45:57,835 - Averaged Train Loss: 1.1548
2025-09-14 22:45:57,836 - Test Accurancy: 0.5678
2025-09-14 22:45:57,837 - Attack Success Rate: 0.2466
2025-09-14 22:46:07,198 - DPD clipping bound C_t: 0.2976078391075134
2025-09-14 22:46:07,204 - DPD noise norm:1.57925546169281
2025-09-14 22:46:07,220 - Round number: 67 --------------------------
2025-09-14 22:46:07,220 - Evaluate global model
2025-09-14 22:46:12,183 - Averaged Train Loss: 1.1521
2025-09-14 22:46:12,186 - Test Accurancy: 0.5684
2025-09-14 22:46:12,186 - Attack Success Rate: 0.2917
2025-09-14 22:46:21,490 - DPD clipping bound C_t: 0.29387758672237396
2025-09-14 22:46:21,496 - DPD noise norm:1.5605825185775757
2025-09-14 22:46:21,511 - Round number: 68 --------------------------
2025-09-14 22:46:21,511 - Evaluate global model
2025-09-14 22:46:27,300 - Averaged Train Loss: 1.1463
2025-09-14 22:46:27,304 - Test Accurancy: 0.5706
2025-09-14 22:46:27,304 - Attack Success Rate: 0.2602
2025-09-14 22:46:37,078 - DPD clipping bound C_t: 0.28600266575813293
2025-09-14 22:46:37,085 - DPD noise norm:1.5189622640609741
2025-09-14 22:46:37,107 - Round number: 69 --------------------------
2025-09-14 22:46:37,108 - Evaluate global model
2025-09-14 22:46:43,504 - Averaged Train Loss: 1.1421
2025-09-14 22:46:43,505 - Test Accurancy: 0.5698
2025-09-14 22:46:43,506 - Attack Success Rate: 0.2944
2025-09-14 22:46:52,613 - DPD clipping bound C_t: 0.28866176307201385
2025-09-14 22:46:52,619 - DPD noise norm:1.5334025621414185
2025-09-14 22:46:52,635 - Round number: 70 --------------------------
2025-09-14 22:46:52,636 - Evaluate global model
2025-09-14 22:46:58,947 - Averaged Train Loss: 1.1354
2025-09-14 22:46:58,948 - Test Accurancy: 0.5717
2025-09-14 22:46:58,948 - Attack Success Rate: 0.3019
2025-09-14 22:47:07,652 - DPD clipping bound C_t: 0.2865385115146637
2025-09-14 22:47:07,658 - DPD noise norm:1.5220528841018677
2025-09-14 22:47:07,678 - Round number: 71 --------------------------
2025-09-14 22:47:07,678 - Evaluate global model
2025-09-14 22:47:13,155 - Averaged Train Loss: 1.1310
2025-09-14 22:47:13,157 - Test Accurancy: 0.5736
2025-09-14 22:47:13,157 - Attack Success Rate: 0.3005
2025-09-14 22:47:22,498 - DPD clipping bound C_t: 0.28399738669395447
2025-09-14 22:47:22,506 - DPD noise norm:1.507493257522583
2025-09-14 22:47:22,523 - Round number: 72 --------------------------
2025-09-14 22:47:22,523 - Evaluate global model
2025-09-14 22:47:28,319 - Averaged Train Loss: 1.1365
2025-09-14 22:47:28,321 - Test Accurancy: 0.5724
2025-09-14 22:47:28,321 - Attack Success Rate: 0.2964
2025-09-14 22:47:37,842 - DPD clipping bound C_t: 0.28037096560001373
2025-09-14 22:47:37,849 - DPD noise norm:1.4914908409118652
2025-09-14 22:47:37,866 - Round number: 73 --------------------------
2025-09-14 22:47:37,866 - Evaluate global model
2025-09-14 22:47:44,076 - Averaged Train Loss: 1.1225
2025-09-14 22:47:44,077 - Test Accurancy: 0.5750
2025-09-14 22:47:44,077 - Attack Success Rate: 0.2848
2025-09-14 22:47:53,739 - DPD clipping bound C_t: 0.2790767401456833
2025-09-14 22:47:53,746 - DPD noise norm:1.4820502996444702
2025-09-14 22:47:53,770 - Round number: 74 --------------------------
2025-09-14 22:47:53,770 - Evaluate global model
2025-09-14 22:47:59,734 - Averaged Train Loss: 1.1190
2025-09-14 22:47:59,735 - Test Accurancy: 0.5758
2025-09-14 22:47:59,735 - Attack Success Rate: 0.3033
2025-09-14 22:48:08,953 - DPD clipping bound C_t: 0.2730841636657715
2025-09-14 22:48:08,964 - DPD noise norm:1.4517183303833008
2025-09-14 22:48:08,991 - Round number: 75 --------------------------
2025-09-14 22:48:08,991 - Evaluate global model
2025-09-14 22:48:15,702 - Averaged Train Loss: 1.1182
2025-09-14 22:48:15,703 - Test Accurancy: 0.5776
2025-09-14 22:48:15,703 - Attack Success Rate: 0.2801
2025-09-14 22:48:24,629 - DPD clipping bound C_t: 0.27065135538578033
2025-09-14 22:48:24,638 - DPD noise norm:1.4400321245193481
2025-09-14 22:48:24,662 - Round number: 76 --------------------------
2025-09-14 22:48:24,662 - Evaluate global model
2025-09-14 22:48:30,601 - Averaged Train Loss: 1.1141
2025-09-14 22:48:30,602 - Test Accurancy: 0.5778
2025-09-14 22:48:30,602 - Attack Success Rate: 0.2746
2025-09-14 22:48:39,687 - DPD clipping bound C_t: 0.264930322766304
2025-09-14 22:48:39,692 - DPD noise norm:1.4066420793533325
2025-09-14 22:48:39,709 - Round number: 77 --------------------------
2025-09-14 22:48:39,709 - Evaluate global model
2025-09-14 22:48:46,022 - Averaged Train Loss: 1.1080
2025-09-14 22:48:46,023 - Test Accurancy: 0.5791
2025-09-14 22:48:46,023 - Attack Success Rate: 0.2958
2025-09-14 22:48:54,677 - DPD clipping bound C_t: 0.2664102017879486
2025-09-14 22:48:54,684 - DPD noise norm:1.4124977588653564
2025-09-14 22:48:54,706 - Round number: 78 --------------------------
2025-09-14 22:48:54,707 - Evaluate global model
2025-09-14 22:49:01,144 - Averaged Train Loss: 1.1044
2025-09-14 22:49:01,145 - Test Accurancy: 0.5799
2025-09-14 22:49:01,145 - Attack Success Rate: 0.2739
2025-09-14 22:49:10,562 - DPD clipping bound C_t: 0.2605634778738022
2025-09-14 22:49:10,569 - DPD noise norm:1.384746789932251
2025-09-14 22:49:10,591 - Round number: 79 --------------------------
2025-09-14 22:49:10,591 - Evaluate global model
2025-09-14 22:49:17,100 - Averaged Train Loss: 1.1040
2025-09-14 22:49:17,101 - Test Accurancy: 0.5793
2025-09-14 22:49:17,101 - Attack Success Rate: 0.2930
2025-09-14 22:49:24,982 - DPD clipping bound C_t: 0.2567853480577469
2025-09-14 22:49:24,988 - DPD noise norm:1.3632525205612183
2025-09-14 22:49:25,008 - Round number: 80 --------------------------
2025-09-14 22:49:25,008 - Evaluate global model
2025-09-14 22:49:31,337 - Averaged Train Loss: 1.0998
2025-09-14 22:49:31,338 - Test Accurancy: 0.5818
2025-09-14 22:49:31,338 - Attack Success Rate: 0.2698
2025-09-14 22:49:41,025 - DPD clipping bound C_t: 0.25346022844314575
2025-09-14 22:49:41,033 - DPD noise norm:1.3460884094238281
2025-09-14 22:49:41,054 - Round number: 81 --------------------------
2025-09-14 22:49:41,054 - Evaluate global model
2025-09-14 22:49:46,599 - Averaged Train Loss: 1.0948
2025-09-14 22:49:46,600 - Test Accurancy: 0.5837
2025-09-14 22:49:46,600 - Attack Success Rate: 0.2678
2025-09-14 22:49:55,808 - DPD clipping bound C_t: 0.2525562644004822
2025-09-14 22:49:55,815 - DPD noise norm:1.3413020372390747
2025-09-14 22:49:55,836 - Round number: 82 --------------------------
2025-09-14 22:49:55,836 - Evaluate global model
2025-09-14 22:50:01,802 - Averaged Train Loss: 1.0933
2025-09-14 22:50:01,804 - Test Accurancy: 0.5826
2025-09-14 22:50:01,804 - Attack Success Rate: 0.3026
2025-09-14 22:50:10,972 - DPD clipping bound C_t: 0.2473100647330284
2025-09-14 22:50:10,979 - DPD noise norm:1.3137849569320679
2025-09-14 22:50:10,997 - Round number: 83 --------------------------
2025-09-14 22:50:10,998 - Evaluate global model
2025-09-14 22:50:17,091 - Averaged Train Loss: 1.0971
2025-09-14 22:50:17,093 - Test Accurancy: 0.5808
2025-09-14 22:50:17,093 - Attack Success Rate: 0.2705
2025-09-14 22:50:26,370 - DPD clipping bound C_t: 0.24468167126178741
2025-09-14 22:50:26,376 - DPD noise norm:1.2984135150909424
2025-09-14 22:50:26,392 - Round number: 84 --------------------------
2025-09-14 22:50:26,392 - Evaluate global model
2025-09-14 22:50:32,208 - Averaged Train Loss: 1.0884
2025-09-14 22:50:32,209 - Test Accurancy: 0.5852
2025-09-14 22:50:32,210 - Attack Success Rate: 0.2671
2025-09-14 22:50:41,594 - DPD clipping bound C_t: 0.24350985139608383
2025-09-14 22:50:41,602 - DPD noise norm:1.2929404973983765
2025-09-14 22:50:41,619 - Round number: 85 --------------------------
2025-09-14 22:50:41,620 - Evaluate global model
2025-09-14 22:50:47,841 - Averaged Train Loss: 1.0896
2025-09-14 22:50:47,842 - Test Accurancy: 0.5836
2025-09-14 22:50:47,842 - Attack Success Rate: 0.2883
2025-09-14 22:50:56,877 - DPD clipping bound C_t: 0.24342521280050278
2025-09-14 22:50:56,886 - DPD noise norm:1.2949517965316772
2025-09-14 22:50:56,904 - Round number: 86 --------------------------
2025-09-14 22:50:56,904 - Evaluate global model
2025-09-14 22:51:03,105 - Averaged Train Loss: 1.0808
2025-09-14 22:51:03,106 - Test Accurancy: 0.5843
2025-09-14 22:51:03,106 - Attack Success Rate: 0.2978
2025-09-14 22:51:12,560 - DPD clipping bound C_t: 0.23654354363679886
2025-09-14 22:51:12,568 - DPD noise norm:1.256514310836792
2025-09-14 22:51:12,593 - Round number: 87 --------------------------
2025-09-14 22:51:12,593 - Evaluate global model
2025-09-14 22:51:18,736 - Averaged Train Loss: 1.0783
2025-09-14 22:51:18,737 - Test Accurancy: 0.5878
2025-09-14 22:51:18,737 - Attack Success Rate: 0.2739
2025-09-14 22:51:28,206 - DPD clipping bound C_t: 0.23352638632059097
2025-09-14 22:51:28,214 - DPD noise norm:1.2390894889831543
2025-09-14 22:51:28,237 - Round number: 88 --------------------------
2025-09-14 22:51:28,238 - Evaluate global model
2025-09-14 22:51:34,187 - Averaged Train Loss: 1.0722
2025-09-14 22:51:34,190 - Test Accurancy: 0.5873
2025-09-14 22:51:34,190 - Attack Success Rate: 0.2643
2025-09-14 22:51:44,010 - DPD clipping bound C_t: 0.23356715589761734
2025-09-14 22:51:44,016 - DPD noise norm:1.2393505573272705
2025-09-14 22:51:44,040 - Round number: 89 --------------------------
2025-09-14 22:51:44,040 - Evaluate global model
2025-09-14 22:51:49,958 - Averaged Train Loss: 1.0789
2025-09-14 22:51:49,961 - Test Accurancy: 0.5864
2025-09-14 22:51:49,961 - Attack Success Rate: 0.2814
2025-09-14 22:52:00,051 - DPD clipping bound C_t: 0.23322079330682755
2025-09-14 22:52:00,059 - DPD noise norm:1.2385140657424927
2025-09-14 22:52:00,089 - Round number: 90 --------------------------
2025-09-14 22:52:00,090 - Evaluate global model
2025-09-14 22:52:05,093 - Averaged Train Loss: 1.0748
2025-09-14 22:52:05,097 - Test Accurancy: 0.5880
2025-09-14 22:52:05,097 - Attack Success Rate: 0.2582
2025-09-14 22:52:15,292 - DPD clipping bound C_t: 0.22952059656381607
2025-09-14 22:52:15,298 - DPD noise norm:1.2188928127288818
2025-09-14 22:52:15,317 - Round number: 91 --------------------------
2025-09-14 22:52:15,318 - Evaluate global model
2025-09-14 22:52:20,467 - Averaged Train Loss: 1.0644
2025-09-14 22:52:20,470 - Test Accurancy: 0.5908
2025-09-14 22:52:20,470 - Attack Success Rate: 0.2766
2025-09-14 22:52:30,307 - DPD clipping bound C_t: 0.22565754503011703
2025-09-14 22:52:30,313 - DPD noise norm:1.1995041370391846
2025-09-14 22:52:30,330 - Round number: 92 --------------------------
2025-09-14 22:52:30,330 - Evaluate global model
2025-09-14 22:52:35,494 - Averaged Train Loss: 1.0692
2025-09-14 22:52:35,494 - Test Accurancy: 0.5871
2025-09-14 22:52:35,495 - Attack Success Rate: 0.2985
2025-09-14 22:52:44,476 - DPD clipping bound C_t: 0.2225700318813324
2025-09-14 22:52:44,484 - DPD noise norm:1.1806864738464355
2025-09-14 22:52:44,500 - Round number: 93 --------------------------
2025-09-14 22:52:44,500 - Evaluate global model
2025-09-14 22:52:49,872 - Averaged Train Loss: 1.0607
2025-09-14 22:52:49,873 - Test Accurancy: 0.5901
2025-09-14 22:52:49,874 - Attack Success Rate: 0.2678
2025-09-14 22:52:59,301 - DPD clipping bound C_t: 0.21998372673988342
2025-09-14 22:52:59,309 - DPD noise norm:1.1685705184936523
2025-09-14 22:52:59,327 - Round number: 94 --------------------------
2025-09-14 22:52:59,327 - Evaluate global model
2025-09-14 22:53:05,576 - Averaged Train Loss: 1.0572
2025-09-14 22:53:05,576 - Test Accurancy: 0.5917
2025-09-14 22:53:05,577 - Attack Success Rate: 0.2657
2025-09-14 22:53:15,542 - DPD clipping bound C_t: 0.21777422726154327
2025-09-14 22:53:15,548 - DPD noise norm:1.1589622497558594
2025-09-14 22:53:15,566 - Round number: 95 --------------------------
2025-09-14 22:53:15,566 - Evaluate global model
2025-09-14 22:53:21,624 - Averaged Train Loss: 1.0593
2025-09-14 22:53:21,628 - Test Accurancy: 0.5899
2025-09-14 22:53:21,628 - Attack Success Rate: 0.2732
2025-09-14 22:53:31,787 - DPD clipping bound C_t: 0.21252819150686264
2025-09-14 22:53:31,792 - DPD noise norm:1.1291124820709229
2025-09-14 22:53:31,810 - Round number: 96 --------------------------
2025-09-14 22:53:31,810 - Evaluate global model
2025-09-14 22:53:37,410 - Averaged Train Loss: 1.0532
2025-09-14 22:53:37,415 - Test Accurancy: 0.5929
2025-09-14 22:53:37,415 - Attack Success Rate: 0.2801
2025-09-14 22:53:47,301 - DPD clipping bound C_t: 0.21214188635349274
2025-09-14 22:53:47,309 - DPD noise norm:1.1262105703353882
2025-09-14 22:53:47,325 - Round number: 97 --------------------------
2025-09-14 22:53:47,325 - Evaluate global model
2025-09-14 22:53:53,020 - Averaged Train Loss: 1.0486
2025-09-14 22:53:53,022 - Test Accurancy: 0.5943
2025-09-14 22:53:53,022 - Attack Success Rate: 0.2725
2025-09-14 22:54:02,513 - DPD clipping bound C_t: 0.21325834840536118
2025-09-14 22:54:02,520 - DPD noise norm:1.13344144821167
2025-09-14 22:54:02,535 - Round number: 98 --------------------------
2025-09-14 22:54:02,535 - Evaluate global model
2025-09-14 22:54:07,889 - Averaged Train Loss: 1.0509
2025-09-14 22:54:07,891 - Test Accurancy: 0.5936
2025-09-14 22:54:07,892 - Attack Success Rate: 0.2821
2025-09-14 22:54:17,772 - DPD clipping bound C_t: 0.2094419077038765
2025-09-14 22:54:17,776 - DPD noise norm:1.1125304698944092
2025-09-14 22:54:17,792 - Round number: 99 --------------------------
2025-09-14 22:54:17,792 - Evaluate global model
2025-09-14 22:54:22,240 - Averaged Train Loss: 1.0495
2025-09-14 22:54:22,242 - Test Accurancy: 0.5927
2025-09-14 22:54:22,243 - Attack Success Rate: 0.2787
2025-09-14 22:54:32,981 - DPD clipping bound C_t: 0.20565954595804214
2025-09-14 22:54:32,986 - DPD noise norm:1.0936801433563232
2025-09-14 22:54:33,005 - Round number: 100 --------------------------
2025-09-14 22:54:33,006 - Evaluate global model
2025-09-14 22:54:37,324 - Averaged Train Loss: 1.0436
2025-09-14 22:54:37,327 - Test Accurancy: 0.5942
2025-09-14 22:54:37,327 - Attack Success Rate: 0.2678
2025-09-14 22:54:46,918 - DPD clipping bound C_t: 0.20317815244197845
2025-09-14 22:54:46,923 - DPD noise norm:1.0793019533157349
2025-09-14 22:54:46,926 - Run over
2025-09-14 22:54:46,926 - Saving results to ./exp/exp2/Cifar10/0.006.h5
2025-09-14 22:54:46,946 - Best accuracy: 0.5942723942723943
2025-09-14 22:54:46,947 - Average time cost per round: 16.455963473320008
