2025-09-14 06:07:51,194 - *****************EXP-2*****************
2025-09-14 06:07:51,194 - Exp repeats: 1
2025-09-14 06:07:51,194 - Communication Rounds: 100
2025-09-14 06:07:51,194 - Clients: 40

2025-09-14 06:07:51,194 - Attack method: scale
2025-09-14 06:07:51,194 - Filtering rule: dpd
2025-09-14 06:07:51,194 - Dataset: Cifar10
2025-09-14 06:07:51,195 - Model: cnn2
2025-09-14 06:07:51,195 - Learning Rate: 0.04
2025-09-14 06:07:51,195 - Batch Size: 64
2025-09-14 06:07:51,195 - Device: cuda
2025-09-14 06:07:51,195 - Device id: 0
2025-09-14 06:07:51,195 - DPD clipping strategy: auto
2025-09-14 06:07:51,195 - DPD noise level: 0.0066
2025-09-14 06:07:51,195 - Adversaries: 8
2025-09-14 06:07:51,195 - Targeted Label Flipping: 4-->6
2025-09-14 06:07:51,195 - *****************EXP-2*****************
2025-09-14 06:07:51,620 - Running time: 0th ==========================
2025-09-14 06:07:59,721 - Round number: 0 --------------------------
2025-09-14 06:07:59,723 - Evaluate global model
2025-09-14 06:08:08,790 - Averaged Train Loss: 2.3056
2025-09-14 06:08:08,792 - Test Accurancy: 0.0977
2025-09-14 06:08:08,792 - Attack Success Rate: 0.0000
2025-09-14 06:08:17,503 - DPD clipping bound C_t: 0.6730933785438538
2025-09-14 06:08:17,539 - DPD noise norm:3.931776762008667
2025-09-14 06:08:17,566 - Round number: 1 --------------------------
2025-09-14 06:08:17,566 - Evaluate global model
2025-09-14 06:08:23,928 - Averaged Train Loss: 2.2484
2025-09-14 06:08:23,930 - Test Accurancy: 0.1681
2025-09-14 06:08:23,930 - Attack Success Rate: 0.4240
2025-09-14 06:08:32,447 - DPD clipping bound C_t: 0.6666606962680817
2025-09-14 06:08:32,454 - DPD noise norm:3.89546537399292
2025-09-14 06:08:32,478 - Round number: 2 --------------------------
2025-09-14 06:08:32,479 - Evaluate global model
2025-09-14 06:08:38,699 - Averaged Train Loss: 2.1203
2025-09-14 06:08:38,702 - Test Accurancy: 0.1973
2025-09-14 06:08:38,702 - Attack Success Rate: 0.7620
2025-09-14 06:08:46,763 - DPD clipping bound C_t: 0.5908572673797607
2025-09-14 06:08:46,768 - DPD noise norm:3.454927921295166
2025-09-14 06:08:46,787 - Round number: 3 --------------------------
2025-09-14 06:08:46,788 - Evaluate global model
2025-09-14 06:08:53,499 - Averaged Train Loss: 2.0423
2025-09-14 06:08:53,503 - Test Accurancy: 0.2248
2025-09-14 06:08:53,503 - Attack Success Rate: 0.7320
2025-09-14 06:09:02,876 - DPD clipping bound C_t: 0.5840327143669128
2025-09-14 06:09:02,883 - DPD noise norm:3.4089863300323486
2025-09-14 06:09:02,909 - Round number: 4 --------------------------
2025-09-14 06:09:02,910 - Evaluate global model
2025-09-14 06:09:09,191 - Averaged Train Loss: 1.9897
2025-09-14 06:09:09,193 - Test Accurancy: 0.2520
2025-09-14 06:09:09,193 - Attack Success Rate: 0.6853
2025-09-14 06:09:19,308 - DPD clipping bound C_t: 0.567356526851654
2025-09-14 06:09:19,315 - DPD noise norm:3.3144938945770264
2025-09-14 06:09:19,338 - Round number: 5 --------------------------
2025-09-14 06:09:19,339 - Evaluate global model
2025-09-14 06:09:24,741 - Averaged Train Loss: 1.9365
2025-09-14 06:09:24,742 - Test Accurancy: 0.2840
2025-09-14 06:09:24,742 - Attack Success Rate: 0.6940
2025-09-14 06:09:35,633 - DPD clipping bound C_t: 0.5557607710361481
2025-09-14 06:09:35,641 - DPD noise norm:3.2490222454071045
2025-09-14 06:09:35,662 - Round number: 6 --------------------------
2025-09-14 06:09:35,662 - Evaluate global model
2025-09-14 06:09:43,009 - Averaged Train Loss: 1.9011
2025-09-14 06:09:43,013 - Test Accurancy: 0.3026
2025-09-14 06:09:43,013 - Attack Success Rate: 0.6293
2025-09-14 06:09:52,329 - DPD clipping bound C_t: 0.5430174767971039
2025-09-14 06:09:52,335 - DPD noise norm:3.1787328720092773
2025-09-14 06:09:52,356 - Round number: 7 --------------------------
2025-09-14 06:09:52,357 - Evaluate global model
2025-09-14 06:09:59,258 - Averaged Train Loss: 1.8579
2025-09-14 06:09:59,260 - Test Accurancy: 0.3324
2025-09-14 06:09:59,260 - Attack Success Rate: 0.5473
2025-09-14 06:10:08,974 - DPD clipping bound C_t: 0.5477410852909088
2025-09-14 06:10:08,981 - DPD noise norm:3.202178716659546
2025-09-14 06:10:09,001 - Round number: 8 --------------------------
2025-09-14 06:10:09,002 - Evaluate global model
2025-09-14 06:10:15,019 - Averaged Train Loss: 1.8232
2025-09-14 06:10:15,020 - Test Accurancy: 0.3427
2025-09-14 06:10:15,020 - Attack Success Rate: 0.5173
2025-09-14 06:10:24,226 - DPD clipping bound C_t: 0.5292411148548126
2025-09-14 06:10:24,235 - DPD noise norm:3.0906929969787598
2025-09-14 06:10:24,257 - Round number: 9 --------------------------
2025-09-14 06:10:24,257 - Evaluate global model
2025-09-14 06:10:30,415 - Averaged Train Loss: 1.7922
2025-09-14 06:10:30,416 - Test Accurancy: 0.3512
2025-09-14 06:10:30,416 - Attack Success Rate: 0.5273
2025-09-14 06:10:41,241 - DPD clipping bound C_t: 0.5217012763023376
2025-09-14 06:10:41,247 - DPD noise norm:3.050605297088623
2025-09-14 06:10:41,266 - Round number: 10 --------------------------
2025-09-14 06:10:41,266 - Evaluate global model
2025-09-14 06:10:47,501 - Averaged Train Loss: 1.7566
2025-09-14 06:10:47,504 - Test Accurancy: 0.3687
2025-09-14 06:10:47,504 - Attack Success Rate: 0.4553
2025-09-14 06:10:57,096 - DPD clipping bound C_t: 0.5162478685379028
2025-09-14 06:10:57,102 - DPD noise norm:3.013432025909424
2025-09-14 06:10:57,127 - Round number: 11 --------------------------
2025-09-14 06:10:57,128 - Evaluate global model
2025-09-14 06:11:03,373 - Averaged Train Loss: 1.7299
2025-09-14 06:11:03,376 - Test Accurancy: 0.3776
2025-09-14 06:11:03,377 - Attack Success Rate: 0.4993
2025-09-14 06:11:11,729 - DPD clipping bound C_t: 0.5129032731056213
2025-09-14 06:11:11,734 - DPD noise norm:2.9992122650146484
2025-09-14 06:11:11,755 - Round number: 12 --------------------------
2025-09-14 06:11:11,755 - Evaluate global model
2025-09-14 06:11:16,515 - Averaged Train Loss: 1.7004
2025-09-14 06:11:16,518 - Test Accurancy: 0.3886
2025-09-14 06:11:16,518 - Attack Success Rate: 0.4093
2025-09-14 06:11:26,954 - DPD clipping bound C_t: 0.5150462090969086
2025-09-14 06:11:26,961 - DPD noise norm:3.007375478744507
2025-09-14 06:11:26,978 - Round number: 13 --------------------------
2025-09-14 06:11:26,978 - Evaluate global model
2025-09-14 06:11:33,685 - Averaged Train Loss: 1.6719
2025-09-14 06:11:33,689 - Test Accurancy: 0.3971
2025-09-14 06:11:33,689 - Attack Success Rate: 0.3980
2025-09-14 06:11:42,040 - DPD clipping bound C_t: 0.5079234838485718
2025-09-14 06:11:42,044 - DPD noise norm:2.968801975250244
2025-09-14 06:11:42,058 - Round number: 14 --------------------------
2025-09-14 06:11:42,058 - Evaluate global model
2025-09-14 06:11:47,827 - Averaged Train Loss: 1.6416
2025-09-14 06:11:47,830 - Test Accurancy: 0.4057
2025-09-14 06:11:47,830 - Attack Success Rate: 0.4367
2025-09-14 06:11:56,923 - DPD clipping bound C_t: 0.4972882866859436
2025-09-14 06:11:56,928 - DPD noise norm:2.9104251861572266
2025-09-14 06:11:56,945 - Round number: 15 --------------------------
2025-09-14 06:11:56,945 - Evaluate global model
2025-09-14 06:12:02,016 - Averaged Train Loss: 1.6235
2025-09-14 06:12:02,018 - Test Accurancy: 0.4090
2025-09-14 06:12:02,018 - Attack Success Rate: 0.4213
2025-09-14 06:12:12,228 - DPD clipping bound C_t: 0.5003214180469513
2025-09-14 06:12:12,232 - DPD noise norm:2.91851806640625
2025-09-14 06:12:12,249 - Round number: 16 --------------------------
2025-09-14 06:12:12,250 - Evaluate global model
2025-09-14 06:12:18,451 - Averaged Train Loss: 1.5886
2025-09-14 06:12:18,454 - Test Accurancy: 0.4218
2025-09-14 06:12:18,454 - Attack Success Rate: 0.4287
2025-09-14 06:12:27,330 - DPD clipping bound C_t: 0.48616163432598114
2025-09-14 06:12:27,337 - DPD noise norm:2.8395397663116455
2025-09-14 06:12:27,361 - Round number: 17 --------------------------
2025-09-14 06:12:27,361 - Evaluate global model
2025-09-14 06:12:34,124 - Averaged Train Loss: 1.5696
2025-09-14 06:12:34,126 - Test Accurancy: 0.4294
2025-09-14 06:12:34,126 - Attack Success Rate: 0.3947
2025-09-14 06:12:42,723 - DPD clipping bound C_t: 0.47463105618953705
2025-09-14 06:12:42,738 - DPD noise norm:2.7738654613494873
2025-09-14 06:12:42,775 - Round number: 18 --------------------------
2025-09-14 06:12:42,776 - Evaluate global model
2025-09-14 06:12:49,831 - Averaged Train Loss: 1.5513
2025-09-14 06:12:49,834 - Test Accurancy: 0.4358
2025-09-14 06:12:49,834 - Attack Success Rate: 0.3773
2025-09-14 06:12:59,535 - DPD clipping bound C_t: 0.469821035861969
2025-09-14 06:12:59,542 - DPD noise norm:2.746203660964966
2025-09-14 06:12:59,560 - Round number: 19 --------------------------
2025-09-14 06:12:59,561 - Evaluate global model
2025-09-14 06:13:06,066 - Averaged Train Loss: 1.5315
2025-09-14 06:13:06,068 - Test Accurancy: 0.4409
2025-09-14 06:13:06,068 - Attack Success Rate: 0.3553
2025-09-14 06:13:16,913 - DPD clipping bound C_t: 0.4645771235227585
2025-09-14 06:13:16,919 - DPD noise norm:2.715672731399536
2025-09-14 06:13:16,935 - Round number: 20 --------------------------
2025-09-14 06:13:16,935 - Evaluate global model
2025-09-14 06:13:22,599 - Averaged Train Loss: 1.5228
2025-09-14 06:13:22,602 - Test Accurancy: 0.4405
2025-09-14 06:13:22,602 - Attack Success Rate: 0.3840
2025-09-14 06:13:33,554 - DPD clipping bound C_t: 0.4642235040664673
2025-09-14 06:13:33,562 - DPD noise norm:2.7131450176239014
2025-09-14 06:13:33,594 - Round number: 21 --------------------------
2025-09-14 06:13:33,594 - Evaluate global model
2025-09-14 06:13:39,888 - Averaged Train Loss: 1.5006
2025-09-14 06:13:39,890 - Test Accurancy: 0.4505
2025-09-14 06:13:39,890 - Attack Success Rate: 0.3480
2025-09-14 06:13:50,404 - DPD clipping bound C_t: 0.4634654223918915
2025-09-14 06:13:50,410 - DPD noise norm:2.704617500305176
2025-09-14 06:13:50,426 - Round number: 22 --------------------------
2025-09-14 06:13:50,427 - Evaluate global model
2025-09-14 06:13:56,672 - Averaged Train Loss: 1.4813
2025-09-14 06:13:56,675 - Test Accurancy: 0.4549
2025-09-14 06:13:56,675 - Attack Success Rate: 0.3867
2025-09-14 06:14:06,256 - DPD clipping bound C_t: 0.45552317798137665
2025-09-14 06:14:06,262 - DPD noise norm:2.661165714263916
2025-09-14 06:14:06,283 - Round number: 23 --------------------------
2025-09-14 06:14:06,284 - Evaluate global model
2025-09-14 06:14:13,049 - Averaged Train Loss: 1.4722
2025-09-14 06:14:13,051 - Test Accurancy: 0.4577
2025-09-14 06:14:13,051 - Attack Success Rate: 0.3800
2025-09-14 06:14:22,785 - DPD clipping bound C_t: 0.4503442198038101
2025-09-14 06:14:22,792 - DPD noise norm:2.630445957183838
2025-09-14 06:14:22,811 - Round number: 24 --------------------------
2025-09-14 06:14:22,811 - Evaluate global model
2025-09-14 06:14:29,114 - Averaged Train Loss: 1.4629
2025-09-14 06:14:29,114 - Test Accurancy: 0.4599
2025-09-14 06:14:29,114 - Attack Success Rate: 0.3827
2025-09-14 06:14:37,833 - DPD clipping bound C_t: 0.44790537655353546
2025-09-14 06:14:37,839 - DPD noise norm:2.6143863201141357
2025-09-14 06:14:37,854 - Round number: 25 --------------------------
2025-09-14 06:14:37,854 - Evaluate global model
2025-09-14 06:14:44,722 - Averaged Train Loss: 1.4566
2025-09-14 06:14:44,723 - Test Accurancy: 0.4637
2025-09-14 06:14:44,723 - Attack Success Rate: 0.3487
2025-09-14 06:14:55,037 - DPD clipping bound C_t: 0.4379861652851105
2025-09-14 06:14:55,044 - DPD noise norm:2.557471752166748
2025-09-14 06:14:55,062 - Round number: 26 --------------------------
2025-09-14 06:14:55,063 - Evaluate global model
2025-09-14 06:15:01,877 - Averaged Train Loss: 1.4418
2025-09-14 06:15:01,880 - Test Accurancy: 0.4681
2025-09-14 06:15:01,880 - Attack Success Rate: 0.3500
2025-09-14 06:15:12,382 - DPD clipping bound C_t: 0.430786594748497
2025-09-14 06:15:12,387 - DPD noise norm:2.5182852745056152
2025-09-14 06:15:12,401 - Round number: 27 --------------------------
2025-09-14 06:15:12,401 - Evaluate global model
2025-09-14 06:15:18,998 - Averaged Train Loss: 1.4292
2025-09-14 06:15:19,002 - Test Accurancy: 0.4717
2025-09-14 06:15:19,003 - Attack Success Rate: 0.3473
2025-09-14 06:15:28,618 - DPD clipping bound C_t: 0.4343605488538742
2025-09-14 06:15:28,624 - DPD noise norm:2.534646511077881
2025-09-14 06:15:28,643 - Round number: 28 --------------------------
2025-09-14 06:15:28,643 - Evaluate global model
2025-09-14 06:15:35,137 - Averaged Train Loss: 1.4250
2025-09-14 06:15:35,141 - Test Accurancy: 0.4732
2025-09-14 06:15:35,142 - Attack Success Rate: 0.3460
2025-09-14 06:15:43,084 - DPD clipping bound C_t: 0.42574626207351685
2025-09-14 06:15:43,089 - DPD noise norm:2.489359140396118
2025-09-14 06:15:43,108 - Round number: 29 --------------------------
2025-09-14 06:15:43,108 - Evaluate global model
2025-09-14 06:15:49,102 - Averaged Train Loss: 1.4095
2025-09-14 06:15:49,104 - Test Accurancy: 0.4785
2025-09-14 06:15:49,104 - Attack Success Rate: 0.3513
2025-09-14 06:15:57,651 - DPD clipping bound C_t: 0.42433223128318787
2025-09-14 06:15:57,656 - DPD noise norm:2.4786224365234375
2025-09-14 06:15:57,673 - Round number: 30 --------------------------
2025-09-14 06:15:57,673 - Evaluate global model
2025-09-14 06:16:03,872 - Averaged Train Loss: 1.3978
2025-09-14 06:16:03,877 - Test Accurancy: 0.4851
2025-09-14 06:16:03,877 - Attack Success Rate: 0.3507
2025-09-14 06:16:12,890 - DPD clipping bound C_t: 0.41625115275382996
2025-09-14 06:16:12,894 - DPD noise norm:2.436655044555664
2025-09-14 06:16:12,909 - Round number: 31 --------------------------
2025-09-14 06:16:12,909 - Evaluate global model
2025-09-14 06:16:17,689 - Averaged Train Loss: 1.3958
2025-09-14 06:16:17,690 - Test Accurancy: 0.4849
2025-09-14 06:16:17,690 - Attack Success Rate: 0.3353
2025-09-14 06:16:27,096 - DPD clipping bound C_t: 0.4129123091697693
2025-09-14 06:16:27,103 - DPD noise norm:2.414430856704712
2025-09-14 06:16:27,124 - Round number: 32 --------------------------
2025-09-14 06:16:27,124 - Evaluate global model
2025-09-14 06:16:31,978 - Averaged Train Loss: 1.3825
2025-09-14 06:16:31,979 - Test Accurancy: 0.4904
2025-09-14 06:16:31,979 - Attack Success Rate: 0.3253
2025-09-14 06:16:39,500 - DPD clipping bound C_t: 0.40968118607997894
2025-09-14 06:16:39,505 - DPD noise norm:2.393134832382202
2025-09-14 06:16:39,518 - Round number: 33 --------------------------
2025-09-14 06:16:39,518 - Evaluate global model
2025-09-14 06:16:45,110 - Averaged Train Loss: 1.3760
2025-09-14 06:16:45,114 - Test Accurancy: 0.4923
2025-09-14 06:16:45,114 - Attack Success Rate: 0.3480
2025-09-14 06:16:54,364 - DPD clipping bound C_t: 0.4045143574476242
2025-09-14 06:16:54,368 - DPD noise norm:2.3650219440460205
2025-09-14 06:16:54,381 - Round number: 34 --------------------------
2025-09-14 06:16:54,382 - Evaluate global model
2025-09-14 06:16:59,949 - Averaged Train Loss: 1.3653
2025-09-14 06:16:59,951 - Test Accurancy: 0.4972
2025-09-14 06:16:59,951 - Attack Success Rate: 0.3260
2025-09-14 06:17:10,198 - DPD clipping bound C_t: 0.40758225321769714
2025-09-14 06:17:10,205 - DPD noise norm:2.381351947784424
2025-09-14 06:17:10,228 - Round number: 35 --------------------------
2025-09-14 06:17:10,228 - Evaluate global model
2025-09-14 06:17:16,192 - Averaged Train Loss: 1.3618
2025-09-14 06:17:16,194 - Test Accurancy: 0.4985
2025-09-14 06:17:16,194 - Attack Success Rate: 0.3300
2025-09-14 06:17:26,202 - DPD clipping bound C_t: 0.3972092717885971
2025-09-14 06:17:26,208 - DPD noise norm:2.3176848888397217
2025-09-14 06:17:26,237 - Round number: 36 --------------------------
2025-09-14 06:17:26,237 - Evaluate global model
2025-09-14 06:17:31,386 - Averaged Train Loss: 1.3553
2025-09-14 06:17:31,386 - Test Accurancy: 0.4993
2025-09-14 06:17:31,386 - Attack Success Rate: 0.3387
2025-09-14 06:17:41,803 - DPD clipping bound C_t: 0.39620959758758545
2025-09-14 06:17:41,810 - DPD noise norm:2.313732624053955
2025-09-14 06:17:41,826 - Round number: 37 --------------------------
2025-09-14 06:17:41,826 - Evaluate global model
2025-09-14 06:17:46,974 - Averaged Train Loss: 1.3504
2025-09-14 06:17:46,976 - Test Accurancy: 0.5048
2025-09-14 06:17:46,976 - Attack Success Rate: 0.3020
2025-09-14 06:17:57,770 - DPD clipping bound C_t: 0.39327049255371094
2025-09-14 06:17:57,776 - DPD noise norm:2.2976810932159424
2025-09-14 06:17:57,791 - Round number: 38 --------------------------
2025-09-14 06:17:57,791 - Evaluate global model
2025-09-14 06:18:02,577 - Averaged Train Loss: 1.3383
2025-09-14 06:18:02,577 - Test Accurancy: 0.5075
2025-09-14 06:18:02,578 - Attack Success Rate: 0.3187
2025-09-14 06:18:13,315 - DPD clipping bound C_t: 0.38331668078899384
2025-09-14 06:18:13,322 - DPD noise norm:2.2408440113067627
2025-09-14 06:18:13,338 - Round number: 39 --------------------------
2025-09-14 06:18:13,338 - Evaluate global model
2025-09-14 06:18:18,606 - Averaged Train Loss: 1.3353
2025-09-14 06:18:18,607 - Test Accurancy: 0.5044
2025-09-14 06:18:18,607 - Attack Success Rate: 0.3260
2025-09-14 06:18:28,751 - DPD clipping bound C_t: 0.38162848353385925
2025-09-14 06:18:28,758 - DPD noise norm:2.229430913925171
2025-09-14 06:18:28,780 - Round number: 40 --------------------------
2025-09-14 06:18:28,781 - Evaluate global model
2025-09-14 06:18:34,718 - Averaged Train Loss: 1.3269
2025-09-14 06:18:34,719 - Test Accurancy: 0.5111
2025-09-14 06:18:34,719 - Attack Success Rate: 0.3213
2025-09-14 06:18:44,470 - DPD clipping bound C_t: 0.37805043160915375
2025-09-14 06:18:44,476 - DPD noise norm:2.2054495811462402
2025-09-14 06:18:44,500 - Round number: 41 --------------------------
2025-09-14 06:18:44,500 - Evaluate global model
2025-09-14 06:18:50,680 - Averaged Train Loss: 1.3221
2025-09-14 06:18:50,683 - Test Accurancy: 0.5104
2025-09-14 06:18:50,683 - Attack Success Rate: 0.3360
2025-09-14 06:19:01,170 - DPD clipping bound C_t: 0.37865883111953735
2025-09-14 06:19:01,174 - DPD noise norm:2.2112457752227783
2025-09-14 06:19:01,187 - Round number: 42 --------------------------
2025-09-14 06:19:01,187 - Evaluate global model
2025-09-14 06:19:06,794 - Averaged Train Loss: 1.3165
2025-09-14 06:19:06,798 - Test Accurancy: 0.5117
2025-09-14 06:19:06,798 - Attack Success Rate: 0.3527
2025-09-14 06:19:16,645 - DPD clipping bound C_t: 0.3729916512966156
2025-09-14 06:19:16,653 - DPD noise norm:2.1786680221557617
2025-09-14 06:19:16,679 - Round number: 43 --------------------------
2025-09-14 06:19:16,680 - Evaluate global model
2025-09-14 06:19:23,780 - Averaged Train Loss: 1.3077
2025-09-14 06:19:23,782 - Test Accurancy: 0.5169
2025-09-14 06:19:23,782 - Attack Success Rate: 0.3233
2025-09-14 06:19:33,985 - DPD clipping bound C_t: 0.3644198924303055
2025-09-14 06:19:33,991 - DPD noise norm:2.128216505050659
2025-09-14 06:19:34,019 - Round number: 44 --------------------------
2025-09-14 06:19:34,019 - Evaluate global model
2025-09-14 06:19:39,751 - Averaged Train Loss: 1.3017
2025-09-14 06:19:39,751 - Test Accurancy: 0.5167
2025-09-14 06:19:39,752 - Attack Success Rate: 0.3253
2025-09-14 06:19:49,536 - DPD clipping bound C_t: 0.36783212423324585
2025-09-14 06:19:49,540 - DPD noise norm:2.150150775909424
2025-09-14 06:19:49,558 - Round number: 45 --------------------------
2025-09-14 06:19:49,558 - Evaluate global model
2025-09-14 06:19:55,000 - Averaged Train Loss: 1.2964
2025-09-14 06:19:55,001 - Test Accurancy: 0.5189
2025-09-14 06:19:55,001 - Attack Success Rate: 0.3200
2025-09-14 06:20:06,054 - DPD clipping bound C_t: 0.3577495664358139
2025-09-14 06:20:06,061 - DPD noise norm:2.088261365890503
2025-09-14 06:20:06,081 - Round number: 46 --------------------------
2025-09-14 06:20:06,082 - Evaluate global model
2025-09-14 06:20:13,244 - Averaged Train Loss: 1.2928
2025-09-14 06:20:13,246 - Test Accurancy: 0.5204
2025-09-14 06:20:13,246 - Attack Success Rate: 0.3133
2025-09-14 06:20:23,655 - DPD clipping bound C_t: 0.35541702806949615
2025-09-14 06:20:23,662 - DPD noise norm:2.076596260070801
2025-09-14 06:20:23,680 - Round number: 47 --------------------------
2025-09-14 06:20:23,680 - Evaluate global model
2025-09-14 06:20:30,378 - Averaged Train Loss: 1.2877
2025-09-14 06:20:30,382 - Test Accurancy: 0.5232
2025-09-14 06:20:30,382 - Attack Success Rate: 0.3000
2025-09-14 06:20:40,896 - DPD clipping bound C_t: 0.3538432717323303
2025-09-14 06:20:40,902 - DPD noise norm:2.069276809692383
2025-09-14 06:20:40,925 - Round number: 48 --------------------------
2025-09-14 06:20:40,925 - Evaluate global model
2025-09-14 06:20:47,650 - Averaged Train Loss: 1.2747
2025-09-14 06:20:47,651 - Test Accurancy: 0.5287
2025-09-14 06:20:47,651 - Attack Success Rate: 0.2960
2025-09-14 06:20:56,550 - DPD clipping bound C_t: 0.34842874109745026
2025-09-14 06:20:56,558 - DPD noise norm:2.039057493209839
2025-09-14 06:20:56,585 - Round number: 49 --------------------------
2025-09-14 06:20:56,585 - Evaluate global model
2025-09-14 06:21:03,079 - Averaged Train Loss: 1.2772
2025-09-14 06:21:03,080 - Test Accurancy: 0.5245
2025-09-14 06:21:03,080 - Attack Success Rate: 0.3280
2025-09-14 06:21:13,088 - DPD clipping bound C_t: 0.34759853780269623
2025-09-14 06:21:13,097 - DPD noise norm:2.0318214893341064
2025-09-14 06:21:13,121 - Round number: 50 --------------------------
2025-09-14 06:21:13,121 - Evaluate global model
2025-09-14 06:21:19,068 - Averaged Train Loss: 1.2642
2025-09-14 06:21:19,068 - Test Accurancy: 0.5318
2025-09-14 06:21:19,068 - Attack Success Rate: 0.3100
2025-09-14 06:21:27,386 - DPD clipping bound C_t: 0.34292738139629364
2025-09-14 06:21:27,391 - DPD noise norm:2.003936290740967
2025-09-14 06:21:27,412 - Round number: 51 --------------------------
2025-09-14 06:21:27,413 - Evaluate global model
2025-09-14 06:21:33,470 - Averaged Train Loss: 1.2648
2025-09-14 06:21:33,471 - Test Accurancy: 0.5307
2025-09-14 06:21:33,471 - Attack Success Rate: 0.3067
2025-09-14 06:21:41,854 - DPD clipping bound C_t: 0.34205007553100586
2025-09-14 06:21:41,861 - DPD noise norm:1.9992396831512451
2025-09-14 06:21:41,887 - Round number: 52 --------------------------
2025-09-14 06:21:41,887 - Evaluate global model
2025-09-14 06:21:47,930 - Averaged Train Loss: 1.2604
2025-09-14 06:21:47,933 - Test Accurancy: 0.5301
2025-09-14 06:21:47,933 - Attack Success Rate: 0.3320
2025-09-14 06:21:56,518 - DPD clipping bound C_t: 0.3430674374103546
2025-09-14 06:21:56,524 - DPD noise norm:2.0039525032043457
2025-09-14 06:21:56,543 - Round number: 53 --------------------------
2025-09-14 06:21:56,543 - Evaluate global model
2025-09-14 06:22:02,952 - Averaged Train Loss: 1.2500
2025-09-14 06:22:02,954 - Test Accurancy: 0.5349
2025-09-14 06:22:02,954 - Attack Success Rate: 0.3127
2025-09-14 06:22:11,486 - DPD clipping bound C_t: 0.33323244750499725
2025-09-14 06:22:11,493 - DPD noise norm:1.9474949836730957
2025-09-14 06:22:11,514 - Round number: 54 --------------------------
2025-09-14 06:22:11,514 - Evaluate global model
2025-09-14 06:22:17,895 - Averaged Train Loss: 1.2453
2025-09-14 06:22:17,899 - Test Accurancy: 0.5359
2025-09-14 06:22:17,899 - Attack Success Rate: 0.3107
2025-09-14 06:22:26,541 - DPD clipping bound C_t: 0.32656726241111755
2025-09-14 06:22:26,546 - DPD noise norm:1.9063454866409302
2025-09-14 06:22:26,560 - Round number: 55 --------------------------
2025-09-14 06:22:26,560 - Evaluate global model
2025-09-14 06:22:32,657 - Averaged Train Loss: 1.2430
2025-09-14 06:22:32,663 - Test Accurancy: 0.5349
2025-09-14 06:22:32,663 - Attack Success Rate: 0.3207
2025-09-14 06:22:41,370 - DPD clipping bound C_t: 0.33038030564785004
2025-09-14 06:22:41,374 - DPD noise norm:1.931844711303711
2025-09-14 06:22:41,391 - Round number: 56 --------------------------
2025-09-14 06:22:41,392 - Evaluate global model
2025-09-14 06:22:46,792 - Averaged Train Loss: 1.2436
2025-09-14 06:22:46,794 - Test Accurancy: 0.5351
2025-09-14 06:22:46,794 - Attack Success Rate: 0.3207
2025-09-14 06:22:57,464 - DPD clipping bound C_t: 0.32770684361457825
2025-09-14 06:22:57,469 - DPD noise norm:1.9162389039993286
2025-09-14 06:22:57,483 - Round number: 57 --------------------------
2025-09-14 06:22:57,484 - Evaluate global model
2025-09-14 06:23:03,450 - Averaged Train Loss: 1.2344
2025-09-14 06:23:03,452 - Test Accurancy: 0.5407
2025-09-14 06:23:03,452 - Attack Success Rate: 0.3127
2025-09-14 06:23:13,022 - DPD clipping bound C_t: 0.3251587152481079
2025-09-14 06:23:13,028 - DPD noise norm:1.898993730545044
2025-09-14 06:23:13,042 - Round number: 58 --------------------------
2025-09-14 06:23:13,043 - Evaluate global model
2025-09-14 06:23:19,911 - Averaged Train Loss: 1.2220
2025-09-14 06:23:19,914 - Test Accurancy: 0.5441
2025-09-14 06:23:19,914 - Attack Success Rate: 0.3300
2025-09-14 06:23:28,775 - DPD clipping bound C_t: 0.3244554251432419
2025-09-14 06:23:28,782 - DPD noise norm:1.897976040840149
2025-09-14 06:23:28,807 - Round number: 59 --------------------------
2025-09-14 06:23:28,808 - Evaluate global model
2025-09-14 06:23:35,169 - Averaged Train Loss: 1.2208
2025-09-14 06:23:35,171 - Test Accurancy: 0.5438
2025-09-14 06:23:35,171 - Attack Success Rate: 0.3260
2025-09-14 06:23:44,014 - DPD clipping bound C_t: 0.3213742673397064
2025-09-14 06:23:44,020 - DPD noise norm:1.8768012523651123
2025-09-14 06:23:44,042 - Round number: 60 --------------------------
2025-09-14 06:23:44,043 - Evaluate global model
2025-09-14 06:23:50,422 - Averaged Train Loss: 1.2145
2025-09-14 06:23:50,423 - Test Accurancy: 0.5483
2025-09-14 06:23:50,423 - Attack Success Rate: 0.2960
2025-09-14 06:24:00,161 - DPD clipping bound C_t: 0.311827689409256
2025-09-14 06:24:00,169 - DPD noise norm:1.8224564790725708
2025-09-14 06:24:00,200 - Round number: 61 --------------------------
2025-09-14 06:24:00,200 - Evaluate global model
2025-09-14 06:24:05,999 - Averaged Train Loss: 1.2116
2025-09-14 06:24:06,000 - Test Accurancy: 0.5489
2025-09-14 06:24:06,000 - Attack Success Rate: 0.3047
2025-09-14 06:24:16,824 - DPD clipping bound C_t: 0.3057442605495453
2025-09-14 06:24:16,832 - DPD noise norm:1.7884050607681274
2025-09-14 06:24:16,850 - Round number: 62 --------------------------
2025-09-14 06:24:16,850 - Evaluate global model
2025-09-14 06:24:23,718 - Averaged Train Loss: 1.2185
2025-09-14 06:24:23,721 - Test Accurancy: 0.5465
2025-09-14 06:24:23,721 - Attack Success Rate: 0.2920
2025-09-14 06:24:33,369 - DPD clipping bound C_t: 0.3036680966615677
2025-09-14 06:24:33,380 - DPD noise norm:1.7771774530410767
2025-09-14 06:24:33,409 - Round number: 63 --------------------------
2025-09-14 06:24:33,409 - Evaluate global model
2025-09-14 06:24:39,924 - Averaged Train Loss: 1.2025
2025-09-14 06:24:39,925 - Test Accurancy: 0.5522
2025-09-14 06:24:39,925 - Attack Success Rate: 0.2993
2025-09-14 06:24:50,317 - DPD clipping bound C_t: 0.3022134602069855
2025-09-14 06:24:50,324 - DPD noise norm:1.7662618160247803
2025-09-14 06:24:50,344 - Round number: 64 --------------------------
2025-09-14 06:24:50,344 - Evaluate global model
2025-09-14 06:24:56,486 - Averaged Train Loss: 1.2029
2025-09-14 06:24:56,489 - Test Accurancy: 0.5502
2025-09-14 06:24:56,489 - Attack Success Rate: 0.2980
2025-09-14 06:25:06,984 - DPD clipping bound C_t: 0.2994988411664963
2025-09-14 06:25:06,989 - DPD noise norm:1.7502082586288452
2025-09-14 06:25:07,013 - Round number: 65 --------------------------
2025-09-14 06:25:07,014 - Evaluate global model
2025-09-14 06:25:13,294 - Averaged Train Loss: 1.1980
2025-09-14 06:25:13,297 - Test Accurancy: 0.5556
2025-09-14 06:25:13,297 - Attack Success Rate: 0.2753
2025-09-14 06:25:22,471 - DPD clipping bound C_t: 0.2962070405483246
2025-09-14 06:25:22,481 - DPD noise norm:1.7311384677886963
2025-09-14 06:25:22,507 - Round number: 66 --------------------------
2025-09-14 06:25:22,507 - Evaluate global model
2025-09-14 06:25:28,924 - Averaged Train Loss: 1.1984
2025-09-14 06:25:28,924 - Test Accurancy: 0.5511
2025-09-14 06:25:28,924 - Attack Success Rate: 0.3227
2025-09-14 06:25:39,571 - DPD clipping bound C_t: 0.29657432436943054
2025-09-14 06:25:39,577 - DPD noise norm:1.73114812374115
2025-09-14 06:25:39,597 - Round number: 67 --------------------------
2025-09-14 06:25:39,597 - Evaluate global model
2025-09-14 06:25:45,058 - Averaged Train Loss: 1.1907
2025-09-14 06:25:45,060 - Test Accurancy: 0.5542
2025-09-14 06:25:45,061 - Attack Success Rate: 0.2940
2025-09-14 06:25:55,969 - DPD clipping bound C_t: 0.2899399846792221
2025-09-14 06:25:55,976 - DPD noise norm:1.693639874458313
2025-09-14 06:25:56,000 - Round number: 68 --------------------------
2025-09-14 06:25:56,001 - Evaluate global model
2025-09-14 06:26:02,744 - Averaged Train Loss: 1.1868
2025-09-14 06:26:02,746 - Test Accurancy: 0.5534
2025-09-14 06:26:02,746 - Attack Success Rate: 0.2987
2025-09-14 06:26:13,486 - DPD clipping bound C_t: 0.2822175770998001
2025-09-14 06:26:13,488 - DPD noise norm:1.6487454175949097
2025-09-14 06:26:13,508 - Round number: 69 --------------------------
2025-09-14 06:26:13,508 - Evaluate global model
2025-09-14 06:26:19,463 - Averaged Train Loss: 1.1832
2025-09-14 06:26:19,464 - Test Accurancy: 0.5542
2025-09-14 06:26:19,464 - Attack Success Rate: 0.3147
2025-09-14 06:26:29,710 - DPD clipping bound C_t: 0.2857735902070999
2025-09-14 06:26:29,716 - DPD noise norm:1.6698660850524902
2025-09-14 06:26:29,738 - Round number: 70 --------------------------
2025-09-14 06:26:29,738 - Evaluate global model
2025-09-14 06:26:36,425 - Averaged Train Loss: 1.1725
2025-09-14 06:26:36,427 - Test Accurancy: 0.5568
2025-09-14 06:26:36,427 - Attack Success Rate: 0.3253
2025-09-14 06:26:46,727 - DPD clipping bound C_t: 0.28406646847724915
2025-09-14 06:26:46,732 - DPD noise norm:1.6598140001296997
2025-09-14 06:26:46,764 - Round number: 71 --------------------------
2025-09-14 06:26:46,765 - Evaluate global model
2025-09-14 06:26:52,714 - Averaged Train Loss: 1.1706
2025-09-14 06:26:52,717 - Test Accurancy: 0.5584
2025-09-14 06:26:52,717 - Attack Success Rate: 0.3233
2025-09-14 06:27:03,581 - DPD clipping bound C_t: 0.28302323818206787
2025-09-14 06:27:03,590 - DPD noise norm:1.6525545120239258
2025-09-14 06:27:03,612 - Round number: 72 --------------------------
2025-09-14 06:27:03,613 - Evaluate global model
2025-09-14 06:27:10,146 - Averaged Train Loss: 1.1765
2025-09-14 06:27:10,148 - Test Accurancy: 0.5571
2025-09-14 06:27:10,148 - Attack Success Rate: 0.2993
2025-09-14 06:27:19,586 - DPD clipping bound C_t: 0.2782410979270935
2025-09-14 06:27:19,593 - DPD noise norm:1.6281766891479492
2025-09-14 06:27:19,616 - Round number: 73 --------------------------
2025-09-14 06:27:19,616 - Evaluate global model
2025-09-14 06:27:25,795 - Averaged Train Loss: 1.1616
2025-09-14 06:27:25,796 - Test Accurancy: 0.5605
2025-09-14 06:27:25,797 - Attack Success Rate: 0.3093
2025-09-14 06:27:35,511 - DPD clipping bound C_t: 0.2714846283197403
2025-09-14 06:27:35,519 - DPD noise norm:1.5859050750732422
2025-09-14 06:27:35,543 - Round number: 74 --------------------------
2025-09-14 06:27:35,544 - Evaluate global model
2025-09-14 06:27:41,177 - Averaged Train Loss: 1.1559
2025-09-14 06:27:41,178 - Test Accurancy: 0.5647
2025-09-14 06:27:41,178 - Attack Success Rate: 0.2867
2025-09-14 06:27:51,785 - DPD clipping bound C_t: 0.2699316740036011
2025-09-14 06:27:51,793 - DPD noise norm:1.5784556865692139
2025-09-14 06:27:51,812 - Round number: 75 --------------------------
2025-09-14 06:27:51,812 - Evaluate global model
2025-09-14 06:27:57,121 - Averaged Train Loss: 1.1592
2025-09-14 06:27:57,122 - Test Accurancy: 0.5628
2025-09-14 06:27:57,122 - Attack Success Rate: 0.2900
2025-09-14 06:28:07,991 - DPD clipping bound C_t: 0.2681987136602402
2025-09-14 06:28:07,998 - DPD noise norm:1.5696810483932495
2025-09-14 06:28:08,013 - Round number: 76 --------------------------
2025-09-14 06:28:08,013 - Evaluate global model
2025-09-14 06:28:14,179 - Averaged Train Loss: 1.1546
2025-09-14 06:28:14,180 - Test Accurancy: 0.5627
2025-09-14 06:28:14,180 - Attack Success Rate: 0.3000
2025-09-14 06:28:23,183 - DPD clipping bound C_t: 0.2613134831190109
2025-09-14 06:28:23,188 - DPD noise norm:1.5261825323104858
2025-09-14 06:28:23,202 - Round number: 77 --------------------------
2025-09-14 06:28:23,202 - Evaluate global model
2025-09-14 06:28:28,376 - Averaged Train Loss: 1.1488
2025-09-14 06:28:28,379 - Test Accurancy: 0.5628
2025-09-14 06:28:28,379 - Attack Success Rate: 0.3407
2025-09-14 06:28:37,314 - DPD clipping bound C_t: 0.26222021877765656
2025-09-14 06:28:37,322 - DPD noise norm:1.529310703277588
2025-09-14 06:28:37,347 - Round number: 78 --------------------------
2025-09-14 06:28:37,347 - Evaluate global model
2025-09-14 06:28:43,266 - Averaged Train Loss: 1.1473
2025-09-14 06:28:43,268 - Test Accurancy: 0.5636
2025-09-14 06:28:43,268 - Attack Success Rate: 0.3047
2025-09-14 06:28:53,530 - DPD clipping bound C_t: 0.2557230442762375
2025-09-14 06:28:53,537 - DPD noise norm:1.4949249029159546
2025-09-14 06:28:53,553 - Round number: 79 --------------------------
2025-09-14 06:28:53,554 - Evaluate global model
2025-09-14 06:28:59,334 - Averaged Train Loss: 1.1458
2025-09-14 06:28:59,338 - Test Accurancy: 0.5640
2025-09-14 06:28:59,338 - Attack Success Rate: 0.3040
2025-09-14 06:29:08,227 - DPD clipping bound C_t: 0.25626637041568756
2025-09-14 06:29:08,232 - DPD noise norm:1.496546983718872
2025-09-14 06:29:08,251 - Round number: 80 --------------------------
2025-09-14 06:29:08,252 - Evaluate global model
2025-09-14 06:29:14,890 - Averaged Train Loss: 1.1398
2025-09-14 06:29:14,894 - Test Accurancy: 0.5644
2025-09-14 06:29:14,894 - Attack Success Rate: 0.2967
2025-09-14 06:29:23,558 - DPD clipping bound C_t: 0.25296373665332794
2025-09-14 06:29:23,561 - DPD noise norm:1.4777966737747192
2025-09-14 06:29:23,573 - Round number: 81 --------------------------
2025-09-14 06:29:23,573 - Evaluate global model
2025-09-14 06:29:28,299 - Averaged Train Loss: 1.1387
2025-09-14 06:29:28,302 - Test Accurancy: 0.5680
2025-09-14 06:29:28,302 - Attack Success Rate: 0.2753
2025-09-14 06:29:38,394 - DPD clipping bound C_t: 0.248420849442482
2025-09-14 06:29:38,398 - DPD noise norm:1.4512730836868286
2025-09-14 06:29:38,413 - Round number: 82 --------------------------
2025-09-14 06:29:38,413 - Evaluate global model
2025-09-14 06:29:42,557 - Averaged Train Loss: 1.1338
2025-09-14 06:29:42,558 - Test Accurancy: 0.5680
2025-09-14 06:29:42,558 - Attack Success Rate: 0.2927
2025-09-14 06:29:53,499 - DPD clipping bound C_t: 0.24275963753461838
2025-09-14 06:29:53,506 - DPD noise norm:1.4185729026794434
2025-09-14 06:29:53,523 - Round number: 83 --------------------------
2025-09-14 06:29:53,523 - Evaluate global model
2025-09-14 06:29:59,318 - Averaged Train Loss: 1.1388
2025-09-14 06:29:59,321 - Test Accurancy: 0.5659
2025-09-14 06:29:59,321 - Attack Success Rate: 0.3067
2025-09-14 06:30:09,088 - DPD clipping bound C_t: 0.24086685478687286
2025-09-14 06:30:09,092 - DPD noise norm:1.405987024307251
2025-09-14 06:30:09,113 - Round number: 84 --------------------------
2025-09-14 06:30:09,113 - Evaluate global model
2025-09-14 06:30:14,321 - Averaged Train Loss: 1.1312
2025-09-14 06:30:14,323 - Test Accurancy: 0.5686
2025-09-14 06:30:14,323 - Attack Success Rate: 0.2927
2025-09-14 06:30:24,789 - DPD clipping bound C_t: 0.2409118041396141
2025-09-14 06:30:24,793 - DPD noise norm:1.4070605039596558
2025-09-14 06:30:24,810 - Round number: 85 --------------------------
2025-09-14 06:30:24,811 - Evaluate global model
2025-09-14 06:30:30,863 - Averaged Train Loss: 1.1300
2025-09-14 06:30:30,866 - Test Accurancy: 0.5701
2025-09-14 06:30:30,866 - Attack Success Rate: 0.3007
2025-09-14 06:30:40,609 - DPD clipping bound C_t: 0.24079731851816177
2025-09-14 06:30:40,618 - DPD noise norm:1.409069299697876
2025-09-14 06:30:40,669 - Round number: 86 --------------------------
2025-09-14 06:30:40,670 - Evaluate global model
2025-09-14 06:30:47,491 - Averaged Train Loss: 1.1253
2025-09-14 06:30:47,493 - Test Accurancy: 0.5686
2025-09-14 06:30:47,493 - Attack Success Rate: 0.3107
2025-09-14 06:30:57,963 - DPD clipping bound C_t: 0.2337476685643196
2025-09-14 06:30:57,974 - DPD noise norm:1.3658289909362793
2025-09-14 06:30:58,000 - Round number: 87 --------------------------
2025-09-14 06:30:58,001 - Evaluate global model
2025-09-14 06:31:05,388 - Averaged Train Loss: 1.1217
2025-09-14 06:31:05,390 - Test Accurancy: 0.5715
2025-09-14 06:31:05,390 - Attack Success Rate: 0.2840
2025-09-14 06:31:16,459 - DPD clipping bound C_t: 0.2304300218820572
2025-09-14 06:31:16,465 - DPD noise norm:1.3449262380599976
2025-09-14 06:31:16,487 - Round number: 88 --------------------------
2025-09-14 06:31:16,488 - Evaluate global model
2025-09-14 06:31:22,338 - Averaged Train Loss: 1.1159
2025-09-14 06:31:22,341 - Test Accurancy: 0.5735
2025-09-14 06:31:22,341 - Attack Success Rate: 0.2700
2025-09-14 06:31:32,857 - DPD clipping bound C_t: 0.2290763184428215
2025-09-14 06:31:32,867 - DPD noise norm:1.337073564529419
2025-09-14 06:31:32,901 - Round number: 89 --------------------------
2025-09-14 06:31:32,902 - Evaluate global model
2025-09-14 06:31:40,102 - Averaged Train Loss: 1.1207
2025-09-14 06:31:40,103 - Test Accurancy: 0.5725
2025-09-14 06:31:40,104 - Attack Success Rate: 0.2740
2025-09-14 06:31:50,302 - DPD clipping bound C_t: 0.22937610000371933
2025-09-14 06:31:50,311 - DPD noise norm:1.3399066925048828
2025-09-14 06:31:50,334 - Round number: 90 --------------------------
2025-09-14 06:31:50,334 - Evaluate global model
2025-09-14 06:31:55,928 - Averaged Train Loss: 1.1173
2025-09-14 06:31:55,929 - Test Accurancy: 0.5730
2025-09-14 06:31:55,929 - Attack Success Rate: 0.2673
2025-09-14 06:32:06,684 - DPD clipping bound C_t: 0.2232423648238182
2025-09-14 06:32:06,689 - DPD noise norm:1.3041067123413086
2025-09-14 06:32:06,705 - Round number: 91 --------------------------
2025-09-14 06:32:06,705 - Evaluate global model
2025-09-14 06:32:11,075 - Averaged Train Loss: 1.1084
2025-09-14 06:32:11,077 - Test Accurancy: 0.5760
2025-09-14 06:32:11,077 - Attack Success Rate: 0.2767
2025-09-14 06:32:21,880 - DPD clipping bound C_t: 0.21917180716991425
2025-09-14 06:32:21,885 - DPD noise norm:1.2815313339233398
2025-09-14 06:32:21,900 - Round number: 92 --------------------------
2025-09-14 06:32:21,900 - Evaluate global model
2025-09-14 06:32:26,452 - Averaged Train Loss: 1.1127
2025-09-14 06:32:26,453 - Test Accurancy: 0.5742
2025-09-14 06:32:26,453 - Attack Success Rate: 0.3000
2025-09-14 06:32:35,579 - DPD clipping bound C_t: 0.21969173103570938
2025-09-14 06:32:35,586 - DPD noise norm:1.2819595336914062
2025-09-14 06:32:35,605 - Round number: 93 --------------------------
2025-09-14 06:32:35,605 - Evaluate global model
2025-09-14 06:32:41,510 - Averaged Train Loss: 1.1032
2025-09-14 06:32:41,512 - Test Accurancy: 0.5775
2025-09-14 06:32:41,512 - Attack Success Rate: 0.2820
2025-09-14 06:32:51,290 - DPD clipping bound C_t: 0.21562304347753525
2025-09-14 06:32:51,295 - DPD noise norm:1.2599469423294067
2025-09-14 06:32:51,325 - Round number: 94 --------------------------
2025-09-14 06:32:51,325 - Evaluate global model
2025-09-14 06:32:57,300 - Averaged Train Loss: 1.1030
2025-09-14 06:32:57,302 - Test Accurancy: 0.5785
2025-09-14 06:32:57,302 - Attack Success Rate: 0.2793
2025-09-14 06:33:07,831 - DPD clipping bound C_t: 0.21497035771608353
2025-09-14 06:33:07,838 - DPD noise norm:1.2584445476531982
2025-09-14 06:33:07,856 - Round number: 95 --------------------------
2025-09-14 06:33:07,856 - Evaluate global model
2025-09-14 06:33:13,011 - Averaged Train Loss: 1.1023
2025-09-14 06:33:13,013 - Test Accurancy: 0.5794
2025-09-14 06:33:13,013 - Attack Success Rate: 0.2660
2025-09-14 06:33:23,585 - DPD clipping bound C_t: 0.20849964022636414
2025-09-14 06:33:23,591 - DPD noise norm:1.2184805870056152
2025-09-14 06:33:23,610 - Round number: 96 --------------------------
2025-09-14 06:33:23,611 - Evaluate global model
2025-09-14 06:33:28,314 - Averaged Train Loss: 1.0977
2025-09-14 06:33:28,317 - Test Accurancy: 0.5803
2025-09-14 06:33:28,317 - Attack Success Rate: 0.2940
2025-09-14 06:33:38,827 - DPD clipping bound C_t: 0.20999272912740707
2025-09-14 06:33:38,833 - DPD noise norm:1.2262812852859497
2025-09-14 06:33:38,855 - Round number: 97 --------------------------
2025-09-14 06:33:38,856 - Evaluate global model
2025-09-14 06:33:44,685 - Averaged Train Loss: 1.0933
2025-09-14 06:33:44,689 - Test Accurancy: 0.5814
2025-09-14 06:33:44,689 - Attack Success Rate: 0.2713
2025-09-14 06:33:53,571 - DPD clipping bound C_t: 0.20853137969970703
2025-09-14 06:33:53,576 - DPD noise norm:1.2191499471664429
2025-09-14 06:33:53,591 - Round number: 98 --------------------------
2025-09-14 06:33:53,591 - Evaluate global model
2025-09-14 06:33:59,713 - Averaged Train Loss: 1.0967
2025-09-14 06:33:59,717 - Test Accurancy: 0.5791
2025-09-14 06:33:59,717 - Attack Success Rate: 0.3020
2025-09-14 06:34:08,130 - DPD clipping bound C_t: 0.2043176367878914
2025-09-14 06:34:08,136 - DPD noise norm:1.1938420534133911
2025-09-14 06:34:08,164 - Round number: 99 --------------------------
2025-09-14 06:34:08,164 - Evaluate global model
2025-09-14 06:34:14,608 - Averaged Train Loss: 1.0951
2025-09-14 06:34:14,611 - Test Accurancy: 0.5795
2025-09-14 06:34:14,612 - Attack Success Rate: 0.2700
2025-09-14 06:34:24,891 - DPD clipping bound C_t: 0.20064727216959
2025-09-14 06:34:24,899 - DPD noise norm:1.1737278699874878
2025-09-14 06:34:24,923 - Round number: 100 --------------------------
2025-09-14 06:34:24,923 - Evaluate global model
2025-09-14 06:34:30,730 - Averaged Train Loss: 1.0909
2025-09-14 06:34:30,731 - Test Accurancy: 0.5824
2025-09-14 06:34:30,731 - Attack Success Rate: 0.2800
2025-09-14 06:34:41,072 - DPD clipping bound C_t: 0.2002314105629921
2025-09-14 06:34:41,079 - DPD noise norm:1.170013427734375
2025-09-14 06:34:41,081 - Run over
2025-09-14 06:34:41,082 - Saving results to ./exp/exp2/Cifar10/0.0066.h5
2025-09-14 06:34:41,113 - Best accuracy: 0.5824175824175825
2025-09-14 06:34:41,113 - Average time cost per round: 15.835369827747344
