2025-09-14 06:07:12,786 - *****************EXP-2*****************
2025-09-14 06:07:12,787 - Exp repeats: 1
2025-09-14 06:07:12,787 - Communication Rounds: 100
2025-09-14 06:07:12,787 - Clients: 40

2025-09-14 06:07:12,787 - Attack method: scale
2025-09-14 06:07:12,787 - Filtering rule: dpd
2025-09-14 06:07:12,787 - Dataset: Cifar10
2025-09-14 06:07:12,787 - Model: cnn2
2025-09-14 06:07:12,787 - Learning Rate: 0.04
2025-09-14 06:07:12,787 - Batch Size: 64
2025-09-14 06:07:12,787 - Device: cuda
2025-09-14 06:07:12,787 - Device id: 0
2025-09-14 06:07:12,787 - DPD clipping strategy: auto
2025-09-14 06:07:12,787 - DPD noise level: 0.0062
2025-09-14 06:07:12,787 - Adversaries: 8
2025-09-14 06:07:12,787 - Targeted Label Flipping: 4-->6
2025-09-14 06:07:12,787 - *****************EXP-2*****************
2025-09-14 06:07:13,078 - Running time: 0th ==========================
2025-09-14 06:07:26,320 - Round number: 0 --------------------------
2025-09-14 06:07:26,323 - Evaluate global model
2025-09-14 06:07:37,121 - Averaged Train Loss: 2.3056
2025-09-14 06:07:37,122 - Test Accurancy: 0.0977
2025-09-14 06:07:37,122 - Attack Success Rate: 0.0000
2025-09-14 06:07:48,471 - DPD clipping bound C_t: 0.6771751344203949
2025-09-14 06:07:48,486 - DPD noise norm:3.715885639190674
2025-09-14 06:07:48,507 - Round number: 1 --------------------------
2025-09-14 06:07:48,507 - Evaluate global model
2025-09-14 06:07:52,209 - Averaged Train Loss: 2.2481
2025-09-14 06:07:52,209 - Test Accurancy: 0.1685
2025-09-14 06:07:52,209 - Attack Success Rate: 0.4133
2025-09-14 06:07:58,737 - DPD clipping bound C_t: 0.6662726402282715
2025-09-14 06:07:58,744 - DPD noise norm:3.6572468280792236
2025-09-14 06:07:58,771 - Round number: 2 --------------------------
2025-09-14 06:07:58,772 - Evaluate global model
2025-09-14 06:08:04,484 - Averaged Train Loss: 2.1190
2025-09-14 06:08:04,486 - Test Accurancy: 0.1981
2025-09-14 06:08:04,486 - Attack Success Rate: 0.7620
2025-09-14 06:08:12,002 - DPD clipping bound C_t: 0.5914355516433716
2025-09-14 06:08:12,005 - DPD noise norm:3.2487146854400635
2025-09-14 06:08:12,025 - Round number: 3 --------------------------
2025-09-14 06:08:12,025 - Evaluate global model
2025-09-14 06:08:16,639 - Averaged Train Loss: 2.0428
2025-09-14 06:08:16,641 - Test Accurancy: 0.2237
2025-09-14 06:08:16,641 - Attack Success Rate: 0.7340
2025-09-14 06:08:27,519 - DPD clipping bound C_t: 0.5828866362571716
2025-09-14 06:08:27,524 - DPD noise norm:3.196096658706665
2025-09-14 06:08:27,541 - Round number: 4 --------------------------
2025-09-14 06:08:27,541 - Evaluate global model
2025-09-14 06:08:31,235 - Averaged Train Loss: 1.9902
2025-09-14 06:08:31,238 - Test Accurancy: 0.2516
2025-09-14 06:08:31,238 - Attack Success Rate: 0.6940
2025-09-14 06:08:42,181 - DPD clipping bound C_t: 0.5687483549118042
2025-09-14 06:08:42,187 - DPD noise norm:3.1212539672851562
2025-09-14 06:08:42,208 - Round number: 5 --------------------------
2025-09-14 06:08:42,208 - Evaluate global model
2025-09-14 06:08:46,715 - Averaged Train Loss: 1.9365
2025-09-14 06:08:46,717 - Test Accurancy: 0.2837
2025-09-14 06:08:46,717 - Attack Success Rate: 0.6940
2025-09-14 06:08:57,639 - DPD clipping bound C_t: 0.5572432279586792
2025-09-14 06:08:57,645 - DPD noise norm:3.060253381729126
2025-09-14 06:08:57,668 - Round number: 6 --------------------------
2025-09-14 06:08:57,669 - Evaluate global model
2025-09-14 06:09:02,330 - Averaged Train Loss: 1.9001
2025-09-14 06:09:02,330 - Test Accurancy: 0.3037
2025-09-14 06:09:02,331 - Attack Success Rate: 0.6307
2025-09-14 06:09:13,081 - DPD clipping bound C_t: 0.5425167381763458
2025-09-14 06:09:13,087 - DPD noise norm:2.9833288192749023
2025-09-14 06:09:13,105 - Round number: 7 --------------------------
2025-09-14 06:09:13,105 - Evaluate global model
2025-09-14 06:09:19,731 - Averaged Train Loss: 1.8575
2025-09-14 06:09:19,733 - Test Accurancy: 0.3325
2025-09-14 06:09:19,733 - Attack Success Rate: 0.5513
2025-09-14 06:09:28,803 - DPD clipping bound C_t: 0.54792121052742
2025-09-14 06:09:28,810 - DPD noise norm:3.009096384048462
2025-09-14 06:09:28,833 - Round number: 8 --------------------------
2025-09-14 06:09:28,834 - Evaluate global model
2025-09-14 06:09:35,389 - Averaged Train Loss: 1.8226
2025-09-14 06:09:35,390 - Test Accurancy: 0.3435
2025-09-14 06:09:35,390 - Attack Success Rate: 0.5233
2025-09-14 06:09:45,838 - DPD clipping bound C_t: 0.5292665362358093
2025-09-14 06:09:45,845 - DPD noise norm:2.903517961502075
2025-09-14 06:09:45,862 - Round number: 9 --------------------------
2025-09-14 06:09:45,863 - Evaluate global model
2025-09-14 06:09:51,440 - Averaged Train Loss: 1.7918
2025-09-14 06:09:51,445 - Test Accurancy: 0.3510
2025-09-14 06:09:51,445 - Attack Success Rate: 0.5327
2025-09-14 06:10:02,043 - DPD clipping bound C_t: 0.521235466003418
2025-09-14 06:10:02,048 - DPD noise norm:2.863161325454712
2025-09-14 06:10:02,065 - Round number: 10 --------------------------
2025-09-14 06:10:02,065 - Evaluate global model
2025-09-14 06:10:08,461 - Averaged Train Loss: 1.7563
2025-09-14 06:10:08,464 - Test Accurancy: 0.3680
2025-09-14 06:10:08,464 - Attack Success Rate: 0.4580
2025-09-14 06:10:16,842 - DPD clipping bound C_t: 0.5148728489875793
2025-09-14 06:10:16,845 - DPD noise norm:2.8232600688934326
2025-09-14 06:10:16,860 - Round number: 11 --------------------------
2025-09-14 06:10:16,861 - Evaluate global model
2025-09-14 06:10:22,101 - Averaged Train Loss: 1.7300
2025-09-14 06:10:22,104 - Test Accurancy: 0.3775
2025-09-14 06:10:22,104 - Attack Success Rate: 0.5020
2025-09-14 06:10:32,218 - DPD clipping bound C_t: 0.5126475691795349
2025-09-14 06:10:32,226 - DPD noise norm:2.81603741645813
2025-09-14 06:10:32,246 - Round number: 12 --------------------------
2025-09-14 06:10:32,246 - Evaluate global model
2025-09-14 06:10:39,271 - Averaged Train Loss: 1.6993
2025-09-14 06:10:39,273 - Test Accurancy: 0.3892
2025-09-14 06:10:39,273 - Attack Success Rate: 0.4140
2025-09-14 06:10:48,783 - DPD clipping bound C_t: 0.5184232294559479
2025-09-14 06:10:48,789 - DPD noise norm:2.8436334133148193
2025-09-14 06:10:48,812 - Round number: 13 --------------------------
2025-09-14 06:10:48,813 - Evaluate global model
2025-09-14 06:10:54,432 - Averaged Train Loss: 1.6708
2025-09-14 06:10:54,433 - Test Accurancy: 0.3982
2025-09-14 06:10:54,433 - Attack Success Rate: 0.4020
2025-09-14 06:11:04,358 - DPD clipping bound C_t: 0.5071977972984314
2025-09-14 06:11:04,364 - DPD noise norm:2.7848901748657227
2025-09-14 06:11:04,398 - Round number: 14 --------------------------
2025-09-14 06:11:04,398 - Evaluate global model
2025-09-14 06:11:10,261 - Averaged Train Loss: 1.6411
2025-09-14 06:11:10,262 - Test Accurancy: 0.4061
2025-09-14 06:11:10,262 - Attack Success Rate: 0.4327
2025-09-14 06:11:19,468 - DPD clipping bound C_t: 0.49744315445423126
2025-09-14 06:11:19,476 - DPD noise norm:2.7348873615264893
2025-09-14 06:11:19,498 - Round number: 15 --------------------------
2025-09-14 06:11:19,499 - Evaluate global model
2025-09-14 06:11:25,977 - Averaged Train Loss: 1.6244
2025-09-14 06:11:25,978 - Test Accurancy: 0.4079
2025-09-14 06:11:25,979 - Attack Success Rate: 0.4227
2025-09-14 06:11:36,239 - DPD clipping bound C_t: 0.5011521875858307
2025-09-14 06:11:36,245 - DPD noise norm:2.7461905479431152
2025-09-14 06:11:36,261 - Round number: 16 --------------------------
2025-09-14 06:11:36,261 - Evaluate global model
2025-09-14 06:11:41,887 - Averaged Train Loss: 1.5882
2025-09-14 06:11:41,887 - Test Accurancy: 0.4222
2025-09-14 06:11:41,887 - Attack Success Rate: 0.4267
2025-09-14 06:11:51,917 - DPD clipping bound C_t: 0.4846208542585373
2025-09-14 06:11:51,925 - DPD noise norm:2.6589927673339844
2025-09-14 06:11:51,945 - Round number: 17 --------------------------
2025-09-14 06:11:51,945 - Evaluate global model
2025-09-14 06:11:57,683 - Averaged Train Loss: 1.5694
2025-09-14 06:11:57,683 - Test Accurancy: 0.4292
2025-09-14 06:11:57,683 - Attack Success Rate: 0.3973
2025-09-14 06:12:07,648 - DPD clipping bound C_t: 0.4746277928352356
2025-09-14 06:12:07,654 - DPD noise norm:2.6057345867156982
2025-09-14 06:12:07,679 - Round number: 18 --------------------------
2025-09-14 06:12:07,679 - Evaluate global model
2025-09-14 06:12:13,370 - Averaged Train Loss: 1.5527
2025-09-14 06:12:13,373 - Test Accurancy: 0.4348
2025-09-14 06:12:13,373 - Attack Success Rate: 0.3853
2025-09-14 06:12:24,146 - DPD clipping bound C_t: 0.4707143157720566
2025-09-14 06:12:24,151 - DPD noise norm:2.584672212600708
2025-09-14 06:12:24,171 - Round number: 19 --------------------------
2025-09-14 06:12:24,171 - Evaluate global model
2025-09-14 06:12:29,187 - Averaged Train Loss: 1.5315
2025-09-14 06:12:29,190 - Test Accurancy: 0.4409
2025-09-14 06:12:29,190 - Attack Success Rate: 0.3607
2025-09-14 06:12:39,322 - DPD clipping bound C_t: 0.4644283652305603
2025-09-14 06:12:39,328 - DPD noise norm:2.550269842147827
2025-09-14 06:12:39,343 - Round number: 20 --------------------------
2025-09-14 06:12:39,343 - Evaluate global model
2025-09-14 06:12:44,258 - Averaged Train Loss: 1.5229
2025-09-14 06:12:44,261 - Test Accurancy: 0.4400
2025-09-14 06:12:44,261 - Attack Success Rate: 0.3867
2025-09-14 06:12:54,588 - DPD clipping bound C_t: 0.4632149487733841
2025-09-14 06:12:54,593 - DPD noise norm:2.5431747436523438
2025-09-14 06:12:54,608 - Round number: 21 --------------------------
2025-09-14 06:12:54,608 - Evaluate global model
2025-09-14 06:13:00,967 - Averaged Train Loss: 1.5008
2025-09-14 06:13:00,970 - Test Accurancy: 0.4512
2025-09-14 06:13:00,970 - Attack Success Rate: 0.3487
2025-09-14 06:13:10,705 - DPD clipping bound C_t: 0.46236734092235565
2025-09-14 06:13:10,714 - DPD noise norm:2.534681797027588
2025-09-14 06:13:10,741 - Round number: 22 --------------------------
2025-09-14 06:13:10,741 - Evaluate global model
2025-09-14 06:13:16,479 - Averaged Train Loss: 1.4812
2025-09-14 06:13:16,479 - Test Accurancy: 0.4546
2025-09-14 06:13:16,479 - Attack Success Rate: 0.3833
2025-09-14 06:13:27,027 - DPD clipping bound C_t: 0.4528478682041168
2025-09-14 06:13:27,035 - DPD noise norm:2.485201120376587
2025-09-14 06:13:27,056 - Round number: 23 --------------------------
2025-09-14 06:13:27,057 - Evaluate global model
2025-09-14 06:13:32,391 - Averaged Train Loss: 1.4722
2025-09-14 06:13:32,396 - Test Accurancy: 0.4575
2025-09-14 06:13:32,396 - Attack Success Rate: 0.3773
2025-09-14 06:13:43,427 - DPD clipping bound C_t: 0.45123955607414246
2025-09-14 06:13:43,435 - DPD noise norm:2.475937843322754
2025-09-14 06:13:43,468 - Round number: 24 --------------------------
2025-09-14 06:13:43,469 - Evaluate global model
2025-09-14 06:13:50,039 - Averaged Train Loss: 1.4628
2025-09-14 06:13:50,040 - Test Accurancy: 0.4594
2025-09-14 06:13:50,040 - Attack Success Rate: 0.3860
2025-09-14 06:14:00,152 - DPD clipping bound C_t: 0.44756776094436646
2025-09-14 06:14:00,159 - DPD noise norm:2.454087495803833
2025-09-14 06:14:00,185 - Round number: 25 --------------------------
2025-09-14 06:14:00,185 - Evaluate global model
2025-09-14 06:14:05,780 - Averaged Train Loss: 1.4564
2025-09-14 06:14:05,782 - Test Accurancy: 0.4635
2025-09-14 06:14:05,782 - Attack Success Rate: 0.3467
2025-09-14 06:14:16,238 - DPD clipping bound C_t: 0.4389331787824631
2025-09-14 06:14:16,243 - DPD noise norm:2.407668113708496
2025-09-14 06:14:16,261 - Round number: 26 --------------------------
2025-09-14 06:14:16,261 - Evaluate global model
2025-09-14 06:14:21,927 - Averaged Train Loss: 1.4414
2025-09-14 06:14:21,931 - Test Accurancy: 0.4683
2025-09-14 06:14:21,931 - Attack Success Rate: 0.3500
2025-09-14 06:14:31,570 - DPD clipping bound C_t: 0.4305293411016464
2025-09-14 06:14:31,574 - DPD noise norm:2.3642492294311523
2025-09-14 06:14:31,590 - Round number: 27 --------------------------
2025-09-14 06:14:31,590 - Evaluate global model
2025-09-14 06:14:36,276 - Averaged Train Loss: 1.4295
2025-09-14 06:14:36,279 - Test Accurancy: 0.4714
2025-09-14 06:14:36,279 - Attack Success Rate: 0.3493
2025-09-14 06:14:46,265 - DPD clipping bound C_t: 0.4348229616880417
2025-09-14 06:14:46,268 - DPD noise norm:2.383566379547119
2025-09-14 06:14:46,280 - Round number: 28 --------------------------
2025-09-14 06:14:46,280 - Evaluate global model
2025-09-14 06:14:52,644 - Averaged Train Loss: 1.4249
2025-09-14 06:14:52,648 - Test Accurancy: 0.4728
2025-09-14 06:14:52,649 - Attack Success Rate: 0.3460
2025-09-14 06:15:02,759 - DPD clipping bound C_t: 0.42655588686466217
2025-09-14 06:15:02,767 - DPD noise norm:2.342935800552368
2025-09-14 06:15:02,793 - Round number: 29 --------------------------
2025-09-14 06:15:02,793 - Evaluate global model
2025-09-14 06:15:09,511 - Averaged Train Loss: 1.4090
2025-09-14 06:15:09,512 - Test Accurancy: 0.4781
2025-09-14 06:15:09,512 - Attack Success Rate: 0.3493
2025-09-14 06:15:19,943 - DPD clipping bound C_t: 0.42443862557411194
2025-09-14 06:15:19,954 - DPD noise norm:2.328986644744873
2025-09-14 06:15:19,981 - Round number: 30 --------------------------
2025-09-14 06:15:19,981 - Evaluate global model
2025-09-14 06:15:26,000 - Averaged Train Loss: 1.3974
2025-09-14 06:15:26,001 - Test Accurancy: 0.4846
2025-09-14 06:15:26,001 - Attack Success Rate: 0.3487
2025-09-14 06:15:36,221 - DPD clipping bound C_t: 0.416588693857193
2025-09-14 06:15:36,228 - DPD noise norm:2.290835380554199
2025-09-14 06:15:36,248 - Round number: 31 --------------------------
2025-09-14 06:15:36,248 - Evaluate global model
2025-09-14 06:15:41,984 - Averaged Train Loss: 1.3948
2025-09-14 06:15:41,985 - Test Accurancy: 0.4838
2025-09-14 06:15:41,985 - Attack Success Rate: 0.3373
2025-09-14 06:15:51,956 - DPD clipping bound C_t: 0.4116392284631729
2025-09-14 06:15:51,963 - DPD noise norm:2.261108636856079
2025-09-14 06:15:51,985 - Round number: 32 --------------------------
2025-09-14 06:15:51,985 - Evaluate global model
2025-09-14 06:15:57,841 - Averaged Train Loss: 1.3825
2025-09-14 06:15:57,842 - Test Accurancy: 0.4888
2025-09-14 06:15:57,842 - Attack Success Rate: 0.3267
2025-09-14 06:16:07,900 - DPD clipping bound C_t: 0.41005606949329376
2025-09-14 06:16:07,907 - DPD noise norm:2.2501535415649414
2025-09-14 06:16:07,930 - Round number: 33 --------------------------
2025-09-14 06:16:07,930 - Evaluate global model
2025-09-14 06:16:13,853 - Averaged Train Loss: 1.3758
2025-09-14 06:16:13,854 - Test Accurancy: 0.4919
2025-09-14 06:16:13,854 - Attack Success Rate: 0.3507
2025-09-14 06:16:22,787 - DPD clipping bound C_t: 0.4048888385295868
2025-09-14 06:16:22,794 - DPD noise norm:2.2237439155578613
2025-09-14 06:16:22,816 - Round number: 34 --------------------------
2025-09-14 06:16:22,816 - Evaluate global model
2025-09-14 06:16:28,681 - Averaged Train Loss: 1.3645
2025-09-14 06:16:28,682 - Test Accurancy: 0.4970
2025-09-14 06:16:28,682 - Attack Success Rate: 0.3267
2025-09-14 06:16:36,045 - DPD clipping bound C_t: 0.40809233486652374
2025-09-14 06:16:36,050 - DPD noise norm:2.2398271560668945
2025-09-14 06:16:36,064 - Round number: 35 --------------------------
2025-09-14 06:16:36,064 - Evaluate global model
2025-09-14 06:16:41,115 - Averaged Train Loss: 1.3611
2025-09-14 06:16:41,117 - Test Accurancy: 0.4982
2025-09-14 06:16:41,117 - Attack Success Rate: 0.3293
2025-09-14 06:16:51,304 - DPD clipping bound C_t: 0.3991214483976364
2025-09-14 06:16:51,308 - DPD noise norm:2.1877002716064453
2025-09-14 06:16:51,325 - Round number: 36 --------------------------
2025-09-14 06:16:51,325 - Evaluate global model
2025-09-14 06:16:56,806 - Averaged Train Loss: 1.3547
2025-09-14 06:16:56,808 - Test Accurancy: 0.5004
2025-09-14 06:16:56,808 - Attack Success Rate: 0.3387
2025-09-14 06:17:07,471 - DPD clipping bound C_t: 0.39778493344783783
2025-09-14 06:17:07,477 - DPD noise norm:2.1821484565734863
2025-09-14 06:17:07,494 - Round number: 37 --------------------------
2025-09-14 06:17:07,494 - Evaluate global model
2025-09-14 06:17:14,551 - Averaged Train Loss: 1.3502
2025-09-14 06:17:14,554 - Test Accurancy: 0.5051
2025-09-14 06:17:14,554 - Attack Success Rate: 0.3007
2025-09-14 06:17:24,290 - DPD clipping bound C_t: 0.39363178610801697
2025-09-14 06:17:24,297 - DPD noise norm:2.1604106426239014
2025-09-14 06:17:24,329 - Round number: 38 --------------------------
2025-09-14 06:17:24,330 - Evaluate global model
2025-09-14 06:17:30,037 - Averaged Train Loss: 1.3379
2025-09-14 06:17:30,038 - Test Accurancy: 0.5083
2025-09-14 06:17:30,038 - Attack Success Rate: 0.3200
2025-09-14 06:17:40,429 - DPD clipping bound C_t: 0.3823665976524353
2025-09-14 06:17:40,435 - DPD noise norm:2.0998177528381348
2025-09-14 06:17:40,456 - Round number: 39 --------------------------
2025-09-14 06:17:40,456 - Evaluate global model
2025-09-14 06:17:45,384 - Averaged Train Loss: 1.3346
2025-09-14 06:17:45,384 - Test Accurancy: 0.5051
2025-09-14 06:17:45,384 - Attack Success Rate: 0.3260
2025-09-14 06:17:55,887 - DPD clipping bound C_t: 0.3828043192625046
2025-09-14 06:17:55,893 - DPD noise norm:2.100766897201538
2025-09-14 06:17:55,911 - Round number: 40 --------------------------
2025-09-14 06:17:55,911 - Evaluate global model
2025-09-14 06:18:00,957 - Averaged Train Loss: 1.3264
2025-09-14 06:18:00,958 - Test Accurancy: 0.5101
2025-09-14 06:18:00,958 - Attack Success Rate: 0.3200
2025-09-14 06:18:10,526 - DPD clipping bound C_t: 0.3776492029428482
2025-09-14 06:18:10,535 - DPD noise norm:2.069586992263794
2025-09-14 06:18:10,561 - Round number: 41 --------------------------
2025-09-14 06:18:10,561 - Evaluate global model
2025-09-14 06:18:15,863 - Averaged Train Loss: 1.3213
2025-09-14 06:18:15,863 - Test Accurancy: 0.5105
2025-09-14 06:18:15,863 - Attack Success Rate: 0.3320
2025-09-14 06:18:24,630 - DPD clipping bound C_t: 0.3782844990491867
2025-09-14 06:18:24,636 - DPD noise norm:2.0751774311065674
2025-09-14 06:18:24,658 - Round number: 42 --------------------------
2025-09-14 06:18:24,658 - Evaluate global model
2025-09-14 06:18:30,833 - Averaged Train Loss: 1.3154
2025-09-14 06:18:30,833 - Test Accurancy: 0.5116
2025-09-14 06:18:30,833 - Attack Success Rate: 0.3520
2025-09-14 06:18:38,327 - DPD clipping bound C_t: 0.37538638710975647
2025-09-14 06:18:38,332 - DPD noise norm:2.059767723083496
2025-09-14 06:18:38,348 - Round number: 43 --------------------------
2025-09-14 06:18:38,348 - Evaluate global model
2025-09-14 06:18:44,806 - Averaged Train Loss: 1.3067
2025-09-14 06:18:44,808 - Test Accurancy: 0.5164
2025-09-14 06:18:44,808 - Attack Success Rate: 0.3247
2025-09-14 06:18:54,879 - DPD clipping bound C_t: 0.3648018538951874
2025-09-14 06:18:54,887 - DPD noise norm:2.0013294219970703
2025-09-14 06:18:54,911 - Round number: 44 --------------------------
2025-09-14 06:18:54,911 - Evaluate global model
2025-09-14 06:19:00,870 - Averaged Train Loss: 1.3009
2025-09-14 06:19:00,871 - Test Accurancy: 0.5173
2025-09-14 06:19:00,871 - Attack Success Rate: 0.3240
2025-09-14 06:19:11,450 - DPD clipping bound C_t: 0.36839665472507477
2025-09-14 06:19:11,456 - DPD noise norm:2.0229384899139404
2025-09-14 06:19:11,473 - Round number: 45 --------------------------
2025-09-14 06:19:11,473 - Evaluate global model
2025-09-14 06:19:17,200 - Averaged Train Loss: 1.2952
2025-09-14 06:19:17,203 - Test Accurancy: 0.5189
2025-09-14 06:19:17,203 - Attack Success Rate: 0.3193
2025-09-14 06:19:28,127 - DPD clipping bound C_t: 0.35721680521965027
2025-09-14 06:19:28,132 - DPD noise norm:1.958778738975525
2025-09-14 06:19:28,160 - Round number: 46 --------------------------
2025-09-14 06:19:28,161 - Evaluate global model
2025-09-14 06:19:34,461 - Averaged Train Loss: 1.2916
2025-09-14 06:19:34,463 - Test Accurancy: 0.5200
2025-09-14 06:19:34,463 - Attack Success Rate: 0.3140
2025-09-14 06:19:42,806 - DPD clipping bound C_t: 0.3563618063926697
2025-09-14 06:19:42,814 - DPD noise norm:1.9559276103973389
2025-09-14 06:19:42,841 - Round number: 47 --------------------------
2025-09-14 06:19:42,841 - Evaluate global model
2025-09-14 06:19:49,687 - Averaged Train Loss: 1.2871
2025-09-14 06:19:49,688 - Test Accurancy: 0.5239
2025-09-14 06:19:49,688 - Attack Success Rate: 0.2987
2025-09-14 06:19:59,605 - DPD clipping bound C_t: 0.353893980383873
2025-09-14 06:19:59,612 - DPD noise norm:1.94414484500885
2025-09-14 06:19:59,635 - Round number: 48 --------------------------
2025-09-14 06:19:59,636 - Evaluate global model
2025-09-14 06:20:06,223 - Averaged Train Loss: 1.2741
2025-09-14 06:20:06,225 - Test Accurancy: 0.5285
2025-09-14 06:20:06,225 - Attack Success Rate: 0.2993
2025-09-14 06:20:17,434 - DPD clipping bound C_t: 0.34975680708885193
2025-09-14 06:20:17,441 - DPD noise norm:1.9227794408798218
2025-09-14 06:20:17,462 - Round number: 49 --------------------------
2025-09-14 06:20:17,462 - Evaluate global model
2025-09-14 06:20:24,584 - Averaged Train Loss: 1.2762
2025-09-14 06:20:24,585 - Test Accurancy: 0.5235
2025-09-14 06:20:24,585 - Attack Success Rate: 0.3300
2025-09-14 06:20:35,039 - DPD clipping bound C_t: 0.34634995460510254
2025-09-14 06:20:35,046 - DPD noise norm:1.901824712753296
2025-09-14 06:20:35,067 - Round number: 50 --------------------------
2025-09-14 06:20:35,068 - Evaluate global model
2025-09-14 06:20:40,714 - Averaged Train Loss: 1.2635
2025-09-14 06:20:40,717 - Test Accurancy: 0.5319
2025-09-14 06:20:40,717 - Attack Success Rate: 0.3120
2025-09-14 06:20:50,758 - DPD clipping bound C_t: 0.34306614100933075
2025-09-14 06:20:50,764 - DPD noise norm:1.8832473754882812
2025-09-14 06:20:50,781 - Round number: 51 --------------------------
2025-09-14 06:20:50,782 - Evaluate global model
2025-09-14 06:20:56,892 - Averaged Train Loss: 1.2645
2025-09-14 06:20:56,895 - Test Accurancy: 0.5301
2025-09-14 06:20:56,895 - Attack Success Rate: 0.3093
2025-09-14 06:21:05,780 - DPD clipping bound C_t: 0.3416636735200882
2025-09-14 06:21:05,785 - DPD noise norm:1.8759520053863525
2025-09-14 06:21:05,805 - Round number: 52 --------------------------
2025-09-14 06:21:05,806 - Evaluate global model
2025-09-14 06:21:12,505 - Averaged Train Loss: 1.2602
2025-09-14 06:21:12,508 - Test Accurancy: 0.5277
2025-09-14 06:21:12,508 - Attack Success Rate: 0.3360
2025-09-14 06:21:20,655 - DPD clipping bound C_t: 0.3428027182817459
2025-09-14 06:21:20,659 - DPD noise norm:1.8810482025146484
2025-09-14 06:21:20,677 - Round number: 53 --------------------------
2025-09-14 06:21:20,678 - Evaluate global model
2025-09-14 06:21:25,744 - Averaged Train Loss: 1.2489
2025-09-14 06:21:25,748 - Test Accurancy: 0.5345
2025-09-14 06:21:25,748 - Attack Success Rate: 0.3107
2025-09-14 06:21:35,804 - DPD clipping bound C_t: 0.3329387456178665
2025-09-14 06:21:35,808 - DPD noise norm:1.827852487564087
2025-09-14 06:21:35,827 - Round number: 54 --------------------------
2025-09-14 06:21:35,827 - Evaluate global model
2025-09-14 06:21:40,450 - Averaged Train Loss: 1.2446
2025-09-14 06:21:40,450 - Test Accurancy: 0.5366
2025-09-14 06:21:40,450 - Attack Success Rate: 0.3087
2025-09-14 06:21:50,756 - DPD clipping bound C_t: 0.3275476098060608
2025-09-14 06:21:50,763 - DPD noise norm:1.7961853742599487
2025-09-14 06:21:50,786 - Round number: 55 --------------------------
2025-09-14 06:21:50,787 - Evaluate global model
2025-09-14 06:21:56,813 - Averaged Train Loss: 1.2422
2025-09-14 06:21:56,815 - Test Accurancy: 0.5352
2025-09-14 06:21:56,815 - Attack Success Rate: 0.3213
2025-09-14 06:22:07,175 - DPD clipping bound C_t: 0.33048515021800995
2025-09-14 06:22:07,180 - DPD noise norm:1.815339207649231
2025-09-14 06:22:07,197 - Round number: 56 --------------------------
2025-09-14 06:22:07,197 - Evaluate global model
2025-09-14 06:22:12,151 - Averaged Train Loss: 1.2430
2025-09-14 06:22:12,152 - Test Accurancy: 0.5338
2025-09-14 06:22:12,152 - Attack Success Rate: 0.3247
2025-09-14 06:22:22,869 - DPD clipping bound C_t: 0.32797418534755707
2025-09-14 06:22:22,873 - DPD noise norm:1.8015718460083008
2025-09-14 06:22:22,887 - Round number: 57 --------------------------
2025-09-14 06:22:22,887 - Evaluate global model
2025-09-14 06:22:27,830 - Averaged Train Loss: 1.2334
2025-09-14 06:22:27,831 - Test Accurancy: 0.5401
2025-09-14 06:22:27,831 - Attack Success Rate: 0.3127
2025-09-14 06:22:38,554 - DPD clipping bound C_t: 0.3245665729045868
2025-09-14 06:22:38,559 - DPD noise norm:1.7806545495986938
2025-09-14 06:22:38,579 - Round number: 58 --------------------------
2025-09-14 06:22:38,579 - Evaluate global model
2025-09-14 06:22:43,518 - Averaged Train Loss: 1.2214
2025-09-14 06:22:43,519 - Test Accurancy: 0.5436
2025-09-14 06:22:43,519 - Attack Success Rate: 0.3307
2025-09-14 06:22:53,378 - DPD clipping bound C_t: 0.32356609404087067
2025-09-14 06:22:53,387 - DPD noise norm:1.7780600786209106
2025-09-14 06:22:53,415 - Round number: 59 --------------------------
2025-09-14 06:22:53,415 - Evaluate global model
2025-09-14 06:22:59,698 - Averaged Train Loss: 1.2196
2025-09-14 06:22:59,700 - Test Accurancy: 0.5450
2025-09-14 06:22:59,700 - Attack Success Rate: 0.3300
2025-09-14 06:23:10,148 - DPD clipping bound C_t: 0.3215118944644928
2025-09-14 06:23:10,154 - DPD noise norm:1.7638108730316162
2025-09-14 06:23:10,171 - Round number: 60 --------------------------
2025-09-14 06:23:10,171 - Evaluate global model
2025-09-14 06:23:15,661 - Averaged Train Loss: 1.2142
2025-09-14 06:23:15,665 - Test Accurancy: 0.5471
2025-09-14 06:23:15,665 - Attack Success Rate: 0.2960
2025-09-14 06:23:25,182 - DPD clipping bound C_t: 0.31314805150032043
2025-09-14 06:23:25,187 - DPD noise norm:1.719253659248352
2025-09-14 06:23:25,209 - Round number: 61 --------------------------
2025-09-14 06:23:25,209 - Evaluate global model
2025-09-14 06:23:30,821 - Averaged Train Loss: 1.2112
2025-09-14 06:23:30,824 - Test Accurancy: 0.5496
2025-09-14 06:23:30,824 - Attack Success Rate: 0.3087
2025-09-14 06:23:40,045 - DPD clipping bound C_t: 0.3065049648284912
2025-09-14 06:23:40,048 - DPD noise norm:1.684196949005127
2025-09-14 06:23:40,061 - Round number: 62 --------------------------
2025-09-14 06:23:40,061 - Evaluate global model
2025-09-14 06:23:44,951 - Averaged Train Loss: 1.2176
2025-09-14 06:23:44,954 - Test Accurancy: 0.5465
2025-09-14 06:23:44,954 - Attack Success Rate: 0.2920
2025-09-14 06:23:54,666 - DPD clipping bound C_t: 0.30486960709095
2025-09-14 06:23:54,670 - DPD noise norm:1.6760753393173218
2025-09-14 06:23:54,686 - Round number: 63 --------------------------
2025-09-14 06:23:54,686 - Evaluate global model
2025-09-14 06:24:01,835 - Averaged Train Loss: 1.2018
2025-09-14 06:24:01,839 - Test Accurancy: 0.5510
2025-09-14 06:24:01,839 - Attack Success Rate: 0.2967
2025-09-14 06:24:12,209 - DPD clipping bound C_t: 0.3019859045743942
2025-09-14 06:24:12,218 - DPD noise norm:1.6579664945602417
2025-09-14 06:24:12,235 - Round number: 64 --------------------------
2025-09-14 06:24:12,236 - Evaluate global model
2025-09-14 06:24:17,916 - Averaged Train Loss: 1.2014
2025-09-14 06:24:17,918 - Test Accurancy: 0.5514
2025-09-14 06:24:17,918 - Attack Success Rate: 0.2960
2025-09-14 06:24:28,353 - DPD clipping bound C_t: 0.29953326284885406
2025-09-14 06:24:28,358 - DPD noise norm:1.6443239450454712
2025-09-14 06:24:28,375 - Round number: 65 --------------------------
2025-09-14 06:24:28,375 - Evaluate global model
2025-09-14 06:24:34,000 - Averaged Train Loss: 1.1969
2025-09-14 06:24:34,003 - Test Accurancy: 0.5544
2025-09-14 06:24:34,003 - Attack Success Rate: 0.2760
2025-09-14 06:24:44,055 - DPD clipping bound C_t: 0.2967345863580704
2025-09-14 06:24:44,063 - DPD noise norm:1.6291172504425049
2025-09-14 06:24:44,092 - Round number: 66 --------------------------
2025-09-14 06:24:44,092 - Evaluate global model
2025-09-14 06:24:50,857 - Averaged Train Loss: 1.1972
2025-09-14 06:24:50,857 - Test Accurancy: 0.5508
2025-09-14 06:24:50,857 - Attack Success Rate: 0.3253
2025-09-14 06:25:00,908 - DPD clipping bound C_t: 0.29723863303661346
2025-09-14 06:25:00,915 - DPD noise norm:1.6298729181289673
2025-09-14 06:25:00,939 - Round number: 67 --------------------------
2025-09-14 06:25:00,940 - Evaluate global model
2025-09-14 06:25:06,653 - Averaged Train Loss: 1.1901
2025-09-14 06:25:06,654 - Test Accurancy: 0.5540
2025-09-14 06:25:06,654 - Attack Success Rate: 0.2907
2025-09-14 06:25:17,150 - DPD clipping bound C_t: 0.29134945571422577
2025-09-14 06:25:17,157 - DPD noise norm:1.5987292528152466
2025-09-14 06:25:17,174 - Round number: 68 --------------------------
2025-09-14 06:25:17,174 - Evaluate global model
2025-09-14 06:25:23,076 - Averaged Train Loss: 1.1864
2025-09-14 06:25:23,079 - Test Accurancy: 0.5517
2025-09-14 06:25:23,079 - Attack Success Rate: 0.2967
2025-09-14 06:25:33,765 - DPD clipping bound C_t: 0.2829621732234955
2025-09-14 06:25:33,774 - DPD noise norm:1.552907943725586
2025-09-14 06:25:33,809 - Round number: 69 --------------------------
2025-09-14 06:25:33,810 - Evaluate global model
2025-09-14 06:25:39,889 - Averaged Train Loss: 1.1819
2025-09-14 06:25:39,889 - Test Accurancy: 0.5548
2025-09-14 06:25:39,889 - Attack Success Rate: 0.3127
2025-09-14 06:25:49,839 - DPD clipping bound C_t: 0.2859449088573456
2025-09-14 06:25:49,846 - DPD noise norm:1.569602608680725
2025-09-14 06:25:49,866 - Round number: 70 --------------------------
2025-09-14 06:25:49,867 - Evaluate global model
2025-09-14 06:25:55,382 - Averaged Train Loss: 1.1720
2025-09-14 06:25:55,386 - Test Accurancy: 0.5568
2025-09-14 06:25:55,386 - Attack Success Rate: 0.3240
2025-09-14 06:26:06,592 - DPD clipping bound C_t: 0.28515131771564484
2025-09-14 06:26:06,599 - DPD noise norm:1.5651737451553345
2025-09-14 06:26:06,627 - Round number: 71 --------------------------
2025-09-14 06:26:06,628 - Evaluate global model
2025-09-14 06:26:12,516 - Averaged Train Loss: 1.1697
2025-09-14 06:26:12,517 - Test Accurancy: 0.5580
2025-09-14 06:26:12,517 - Attack Success Rate: 0.3253
2025-09-14 06:26:21,136 - DPD clipping bound C_t: 0.283333882689476
2025-09-14 06:26:21,141 - DPD noise norm:1.5541037321090698
2025-09-14 06:26:21,161 - Round number: 72 --------------------------
2025-09-14 06:26:21,161 - Evaluate global model
2025-09-14 06:26:26,319 - Averaged Train Loss: 1.1752
2025-09-14 06:26:26,320 - Test Accurancy: 0.5565
2025-09-14 06:26:26,320 - Attack Success Rate: 0.3007
2025-09-14 06:26:36,127 - DPD clipping bound C_t: 0.2781446576118469
2025-09-14 06:26:36,133 - DPD noise norm:1.5289692878723145
2025-09-14 06:26:36,153 - Round number: 73 --------------------------
2025-09-14 06:26:36,153 - Evaluate global model
2025-09-14 06:26:41,622 - Averaged Train Loss: 1.1605
2025-09-14 06:26:41,626 - Test Accurancy: 0.5608
2025-09-14 06:26:41,626 - Attack Success Rate: 0.3080
2025-09-14 06:26:52,454 - DPD clipping bound C_t: 0.2723143845796585
2025-09-14 06:26:52,462 - DPD noise norm:1.4943429231643677
2025-09-14 06:26:52,490 - Round number: 74 --------------------------
2025-09-14 06:26:52,490 - Evaluate global model
2025-09-14 06:26:59,413 - Averaged Train Loss: 1.1551
2025-09-14 06:26:59,415 - Test Accurancy: 0.5650
2025-09-14 06:26:59,415 - Attack Success Rate: 0.2873
2025-09-14 06:27:10,463 - DPD clipping bound C_t: 0.27063167095184326
2025-09-14 06:27:10,470 - DPD noise norm:1.486636996269226
2025-09-14 06:27:10,487 - Round number: 75 --------------------------
2025-09-14 06:27:10,487 - Evaluate global model
2025-09-14 06:27:16,425 - Averaged Train Loss: 1.1587
2025-09-14 06:27:16,428 - Test Accurancy: 0.5618
2025-09-14 06:27:16,428 - Attack Success Rate: 0.2873
2025-09-14 06:27:27,714 - DPD clipping bound C_t: 0.26807452738285065
2025-09-14 06:27:27,717 - DPD noise norm:1.4738659858703613
2025-09-14 06:27:27,735 - Round number: 76 --------------------------
2025-09-14 06:27:27,735 - Evaluate global model
2025-09-14 06:27:33,170 - Averaged Train Loss: 1.1540
2025-09-14 06:27:33,173 - Test Accurancy: 0.5620
2025-09-14 06:27:33,173 - Attack Success Rate: 0.2987
2025-09-14 06:27:43,535 - DPD clipping bound C_t: 0.26066556572914124
2025-09-14 06:27:43,540 - DPD noise norm:1.4301317930221558
2025-09-14 06:27:43,558 - Round number: 77 --------------------------
2025-09-14 06:27:43,558 - Evaluate global model
2025-09-14 06:27:50,026 - Averaged Train Loss: 1.1480
2025-09-14 06:27:50,029 - Test Accurancy: 0.5631
2025-09-14 06:27:50,029 - Attack Success Rate: 0.3380
2025-09-14 06:27:58,243 - DPD clipping bound C_t: 0.2625396400690079
2025-09-14 06:27:58,251 - DPD noise norm:1.4383753538131714
2025-09-14 06:27:58,268 - Round number: 78 --------------------------
2025-09-14 06:27:58,268 - Evaluate global model
2025-09-14 06:28:04,630 - Averaged Train Loss: 1.1463
2025-09-14 06:28:04,633 - Test Accurancy: 0.5636
2025-09-14 06:28:04,633 - Attack Success Rate: 0.3047
2025-09-14 06:28:13,275 - DPD clipping bound C_t: 0.2558604031801224
2025-09-14 06:28:13,283 - DPD noise norm:1.4050776958465576
2025-09-14 06:28:13,301 - Round number: 79 --------------------------
2025-09-14 06:28:13,301 - Evaluate global model
2025-09-14 06:28:17,899 - Averaged Train Loss: 1.1446
2025-09-14 06:28:17,901 - Test Accurancy: 0.5652
2025-09-14 06:28:17,901 - Attack Success Rate: 0.3047
2025-09-14 06:28:25,735 - DPD clipping bound C_t: 0.2557290494441986
2025-09-14 06:28:25,740 - DPD noise norm:1.4028996229171753
2025-09-14 06:28:25,759 - Round number: 80 --------------------------
2025-09-14 06:28:25,759 - Evaluate global model
2025-09-14 06:28:31,346 - Averaged Train Loss: 1.1387
2025-09-14 06:28:31,347 - Test Accurancy: 0.5662
2025-09-14 06:28:31,347 - Attack Success Rate: 0.2953
2025-09-14 06:28:41,487 - DPD clipping bound C_t: 0.2535935938358307
2025-09-14 06:28:41,493 - DPD noise norm:1.3916898965835571
2025-09-14 06:28:41,511 - Round number: 81 --------------------------
2025-09-14 06:28:41,512 - Evaluate global model
2025-09-14 06:28:48,191 - Averaged Train Loss: 1.1381
2025-09-14 06:28:48,195 - Test Accurancy: 0.5666
2025-09-14 06:28:48,195 - Attack Success Rate: 0.2773
2025-09-14 06:28:57,681 - DPD clipping bound C_t: 0.24899958074092865
2025-09-14 06:28:57,689 - DPD noise norm:1.3664932250976562
2025-09-14 06:28:57,710 - Round number: 82 --------------------------
2025-09-14 06:28:57,710 - Evaluate global model
2025-09-14 06:29:04,000 - Averaged Train Loss: 1.1326
2025-09-14 06:29:04,001 - Test Accurancy: 0.5682
2025-09-14 06:29:04,001 - Attack Success Rate: 0.2893
2025-09-14 06:29:13,682 - DPD clipping bound C_t: 0.2432309091091156
2025-09-14 06:29:13,692 - DPD noise norm:1.3351857662200928
2025-09-14 06:29:13,719 - Round number: 83 --------------------------
2025-09-14 06:29:13,720 - Evaluate global model
2025-09-14 06:29:19,857 - Averaged Train Loss: 1.1377
2025-09-14 06:29:19,858 - Test Accurancy: 0.5668
2025-09-14 06:29:19,858 - Attack Success Rate: 0.3040
2025-09-14 06:29:28,418 - DPD clipping bound C_t: 0.24201682955026627
2025-09-14 06:29:28,424 - DPD noise norm:1.327081561088562
2025-09-14 06:29:28,443 - Round number: 84 --------------------------
2025-09-14 06:29:28,444 - Evaluate global model
2025-09-14 06:29:34,735 - Averaged Train Loss: 1.1306
2025-09-14 06:29:34,736 - Test Accurancy: 0.5692
2025-09-14 06:29:34,736 - Attack Success Rate: 0.2907
2025-09-14 06:29:42,563 - DPD clipping bound C_t: 0.2418249249458313
2025-09-14 06:29:42,570 - DPD noise norm:1.3267940282821655
2025-09-14 06:29:42,593 - Round number: 85 --------------------------
2025-09-14 06:29:42,593 - Evaluate global model
2025-09-14 06:29:49,046 - Averaged Train Loss: 1.1289
2025-09-14 06:29:49,048 - Test Accurancy: 0.5709
2025-09-14 06:29:49,048 - Attack Success Rate: 0.2953
2025-09-14 06:29:58,393 - DPD clipping bound C_t: 0.24057939648628235
2025-09-14 06:29:58,400 - DPD noise norm:1.3224732875823975
2025-09-14 06:29:58,423 - Round number: 86 --------------------------
2025-09-14 06:29:58,424 - Evaluate global model
2025-09-14 06:30:04,656 - Averaged Train Loss: 1.1244
2025-09-14 06:30:04,657 - Test Accurancy: 0.5684
2025-09-14 06:30:04,657 - Attack Success Rate: 0.3120
2025-09-14 06:30:12,437 - DPD clipping bound C_t: 0.23360281437635422
2025-09-14 06:30:12,446 - DPD noise norm:1.2822564840316772
2025-09-14 06:30:12,469 - Round number: 87 --------------------------
2025-09-14 06:30:12,469 - Evaluate global model
2025-09-14 06:30:19,232 - Averaged Train Loss: 1.1211
2025-09-14 06:30:19,233 - Test Accurancy: 0.5727
2025-09-14 06:30:19,233 - Attack Success Rate: 0.2833
2025-09-14 06:30:28,813 - DPD clipping bound C_t: 0.23012667894363403
2025-09-14 06:30:28,819 - DPD noise norm:1.2617524862289429
2025-09-14 06:30:28,841 - Round number: 88 --------------------------
2025-09-14 06:30:28,842 - Evaluate global model
2025-09-14 06:30:35,348 - Averaged Train Loss: 1.1156
2025-09-14 06:30:35,349 - Test Accurancy: 0.5730
2025-09-14 06:30:35,349 - Attack Success Rate: 0.2647
2025-09-14 06:30:45,195 - DPD clipping bound C_t: 0.22927671670913696
2025-09-14 06:30:45,206 - DPD noise norm:1.257137656211853
2025-09-14 06:30:45,234 - Round number: 89 --------------------------
2025-09-14 06:30:45,235 - Evaluate global model
2025-09-14 06:30:51,637 - Averaged Train Loss: 1.1197
2025-09-14 06:30:51,638 - Test Accurancy: 0.5734
2025-09-14 06:30:51,638 - Attack Success Rate: 0.2720
2025-09-14 06:31:03,057 - DPD clipping bound C_t: 0.2292383909225464
2025-09-14 06:31:03,062 - DPD noise norm:1.2579444646835327
2025-09-14 06:31:03,089 - Round number: 90 --------------------------
2025-09-14 06:31:03,089 - Evaluate global model
2025-09-14 06:31:09,596 - Averaged Train Loss: 1.1160
2025-09-14 06:31:09,597 - Test Accurancy: 0.5734
2025-09-14 06:31:09,597 - Attack Success Rate: 0.2693
2025-09-14 06:31:19,911 - DPD clipping bound C_t: 0.22326771914958954
2025-09-14 06:31:19,915 - DPD noise norm:1.22520911693573
2025-09-14 06:31:19,938 - Round number: 91 --------------------------
2025-09-14 06:31:19,938 - Evaluate global model
2025-09-14 06:31:27,048 - Averaged Train Loss: 1.1074
2025-09-14 06:31:27,051 - Test Accurancy: 0.5772
2025-09-14 06:31:27,051 - Attack Success Rate: 0.2700
2025-09-14 06:31:37,423 - DPD clipping bound C_t: 0.22007179260253906
2025-09-14 06:31:37,429 - DPD noise norm:1.2088062763214111
2025-09-14 06:31:37,449 - Round number: 92 --------------------------
2025-09-14 06:31:37,449 - Evaluate global model
2025-09-14 06:31:43,724 - Averaged Train Loss: 1.1112
2025-09-14 06:31:43,727 - Test Accurancy: 0.5741
2025-09-14 06:31:43,727 - Attack Success Rate: 0.2973
2025-09-14 06:31:54,307 - DPD clipping bound C_t: 0.21965550631284714
2025-09-14 06:31:54,311 - DPD noise norm:1.204066514968872
2025-09-14 06:31:54,331 - Round number: 93 --------------------------
2025-09-14 06:31:54,332 - Evaluate global model
2025-09-14 06:32:00,673 - Averaged Train Loss: 1.1021
2025-09-14 06:32:00,676 - Test Accurancy: 0.5760
2025-09-14 06:32:00,676 - Attack Success Rate: 0.2800
2025-09-14 06:32:09,683 - DPD clipping bound C_t: 0.21544445306062698
2025-09-14 06:32:09,688 - DPD noise norm:1.1826061010360718
2025-09-14 06:32:09,705 - Round number: 94 --------------------------
2025-09-14 06:32:09,705 - Evaluate global model
2025-09-14 06:32:15,229 - Averaged Train Loss: 1.1018
2025-09-14 06:32:15,233 - Test Accurancy: 0.5778
2025-09-14 06:32:15,233 - Attack Success Rate: 0.2753
2025-09-14 06:32:24,261 - DPD clipping bound C_t: 0.21461401134729385
2025-09-14 06:32:24,266 - DPD noise norm:1.1802154779434204
2025-09-14 06:32:24,281 - Round number: 95 --------------------------
2025-09-14 06:32:24,281 - Evaluate global model
2025-09-14 06:32:28,475 - Averaged Train Loss: 1.1018
2025-09-14 06:32:28,475 - Test Accurancy: 0.5777
2025-09-14 06:32:28,475 - Attack Success Rate: 0.2700
2025-09-14 06:32:38,303 - DPD clipping bound C_t: 0.20929387211799622
2025-09-14 06:32:38,309 - DPD noise norm:1.1489934921264648
2025-09-14 06:32:38,333 - Round number: 96 --------------------------
2025-09-14 06:32:38,333 - Evaluate global model
2025-09-14 06:32:43,661 - Averaged Train Loss: 1.0967
2025-09-14 06:32:43,662 - Test Accurancy: 0.5794
2025-09-14 06:32:43,662 - Attack Success Rate: 0.2900
2025-09-14 06:32:53,970 - DPD clipping bound C_t: 0.21014658361673355
2025-09-14 06:32:53,979 - DPD noise norm:1.1528050899505615
2025-09-14 06:32:54,003 - Round number: 97 --------------------------
2025-09-14 06:32:54,003 - Evaluate global model
2025-09-14 06:32:59,280 - Averaged Train Loss: 1.0929
2025-09-14 06:32:59,281 - Test Accurancy: 0.5805
2025-09-14 06:32:59,281 - Attack Success Rate: 0.2673
2025-09-14 06:33:09,957 - DPD clipping bound C_t: 0.20842082798480988
2025-09-14 06:33:09,963 - DPD noise norm:1.1446549892425537
2025-09-14 06:33:09,979 - Round number: 98 --------------------------
2025-09-14 06:33:09,979 - Evaluate global model
2025-09-14 06:33:14,719 - Averaged Train Loss: 1.0957
2025-09-14 06:33:14,721 - Test Accurancy: 0.5787
2025-09-14 06:33:14,721 - Attack Success Rate: 0.2980
2025-09-14 06:33:24,593 - DPD clipping bound C_t: 0.20410969853401184
2025-09-14 06:33:24,596 - DPD noise norm:1.1203466653823853
2025-09-14 06:33:24,609 - Round number: 99 --------------------------
2025-09-14 06:33:24,609 - Evaluate global model
2025-09-14 06:33:29,476 - Averaged Train Loss: 1.0950
2025-09-14 06:33:29,478 - Test Accurancy: 0.5804
2025-09-14 06:33:29,478 - Attack Success Rate: 0.2667
2025-09-14 06:33:39,393 - DPD clipping bound C_t: 0.20063268393278122
2025-09-14 06:33:39,400 - DPD noise norm:1.1025128364562988
2025-09-14 06:33:39,426 - Round number: 100 --------------------------
2025-09-14 06:33:39,426 - Evaluate global model
2025-09-14 06:33:45,412 - Averaged Train Loss: 1.0898
2025-09-14 06:33:45,413 - Test Accurancy: 0.5808
2025-09-14 06:33:45,413 - Attack Success Rate: 0.2773
2025-09-14 06:33:54,590 - DPD clipping bound C_t: 0.20038121938705444
2025-09-14 06:33:54,598 - DPD noise norm:1.0999258756637573
2025-09-14 06:33:54,601 - Run over
2025-09-14 06:33:54,602 - Saving results to ./exp/exp2/Cifar10/0.0062.h5
2025-09-14 06:33:54,636 - Best accuracy: 0.5808191808191808
2025-09-14 06:33:54,636 - Average time cost per round: 15.66110945224762
