2025-09-14 06:07:50,997 - *****************EXP-2*****************
2025-09-14 06:07:50,998 - Exp repeats: 1
2025-09-14 06:07:50,998 - Communication Rounds: 100
2025-09-14 06:07:50,998 - Clients: 40

2025-09-14 06:07:50,998 - Attack method: scale
2025-09-14 06:07:50,998 - Filtering rule: dpd
2025-09-14 06:07:50,998 - Dataset: Cifar10
2025-09-14 06:07:50,998 - Model: cnn2
2025-09-14 06:07:50,998 - Learning Rate: 0.04
2025-09-14 06:07:50,998 - Batch Size: 64
2025-09-14 06:07:50,998 - Device: cuda
2025-09-14 06:07:50,998 - Device id: 0
2025-09-14 06:07:50,998 - DPD clipping strategy: auto
2025-09-14 06:07:50,998 - DPD noise level: 0.0064
2025-09-14 06:07:50,998 - Adversaries: 8
2025-09-14 06:07:50,998 - Targeted Label Flipping: 4-->6
2025-09-14 06:07:50,998 - *****************EXP-2*****************
2025-09-14 06:07:51,488 - Running time: 0th ==========================
2025-09-14 06:07:59,690 - Round number: 0 --------------------------
2025-09-14 06:07:59,693 - Evaluate global model
2025-09-14 06:08:08,761 - Averaged Train Loss: 2.3056
2025-09-14 06:08:08,761 - Test Accurancy: 0.0977
2025-09-14 06:08:08,761 - Attack Success Rate: 0.0000
2025-09-14 06:08:17,833 - DPD clipping bound C_t: 0.6738719940185547
2025-09-14 06:08:17,850 - DPD noise norm:3.817042112350464
2025-09-14 06:08:17,874 - Round number: 1 --------------------------
2025-09-14 06:08:17,875 - Evaluate global model
2025-09-14 06:08:23,928 - Averaged Train Loss: 2.2485
2025-09-14 06:08:23,930 - Test Accurancy: 0.1634
2025-09-14 06:08:23,930 - Attack Success Rate: 0.4040
2025-09-14 06:08:32,692 - DPD clipping bound C_t: 0.6673761010169983
2025-09-14 06:08:32,699 - DPD noise norm:3.7814748287200928
2025-09-14 06:08:32,727 - Round number: 2 --------------------------
2025-09-14 06:08:32,727 - Evaluate global model
2025-09-14 06:08:39,329 - Averaged Train Loss: 2.1201
2025-09-14 06:08:39,330 - Test Accurancy: 0.1991
2025-09-14 06:08:39,330 - Attack Success Rate: 0.7647
2025-09-14 06:08:47,814 - DPD clipping bound C_t: 0.5920781791210175
2025-09-14 06:08:47,823 - DPD noise norm:3.3571560382843018
2025-09-14 06:08:47,848 - Round number: 3 --------------------------
2025-09-14 06:08:47,849 - Evaluate global model
2025-09-14 06:08:54,652 - Averaged Train Loss: 2.0425
2025-09-14 06:08:54,653 - Test Accurancy: 0.2243
2025-09-14 06:08:54,653 - Attack Success Rate: 0.7347
2025-09-14 06:09:03,907 - DPD clipping bound C_t: 0.5845777094364166
2025-09-14 06:09:03,914 - DPD noise norm:3.3087680339813232
2025-09-14 06:09:03,937 - Round number: 4 --------------------------
2025-09-14 06:09:03,937 - Evaluate global model
2025-09-14 06:09:10,332 - Averaged Train Loss: 1.9904
2025-09-14 06:09:10,332 - Test Accurancy: 0.2519
2025-09-14 06:09:10,332 - Attack Success Rate: 0.6967
2025-09-14 06:09:21,415 - DPD clipping bound C_t: 0.5689070820808411
2025-09-14 06:09:21,431 - DPD noise norm:3.2228384017944336
2025-09-14 06:09:21,448 - Round number: 5 --------------------------
2025-09-14 06:09:21,448 - Evaluate global model
2025-09-14 06:09:26,515 - Averaged Train Loss: 1.9366
2025-09-14 06:09:26,518 - Test Accurancy: 0.2838
2025-09-14 06:09:26,518 - Attack Success Rate: 0.6927
2025-09-14 06:09:37,933 - DPD clipping bound C_t: 0.5568301975727081
2025-09-14 06:09:37,940 - DPD noise norm:3.1566295623779297
2025-09-14 06:09:37,960 - Round number: 6 --------------------------
2025-09-14 06:09:37,960 - Evaluate global model
2025-09-14 06:09:45,013 - Averaged Train Loss: 1.8999
2025-09-14 06:09:45,013 - Test Accurancy: 0.3033
2025-09-14 06:09:45,013 - Attack Success Rate: 0.6300
2025-09-14 06:09:54,322 - DPD clipping bound C_t: 0.542858362197876
2025-09-14 06:09:54,331 - DPD noise norm:3.0815043449401855
2025-09-14 06:09:54,358 - Round number: 7 --------------------------
2025-09-14 06:09:54,359 - Evaluate global model
2025-09-14 06:10:01,068 - Averaged Train Loss: 1.8577
2025-09-14 06:10:01,069 - Test Accurancy: 0.3323
2025-09-14 06:10:01,069 - Attack Success Rate: 0.5473
2025-09-14 06:10:11,226 - DPD clipping bound C_t: 0.5478790104389191
2025-09-14 06:10:11,231 - DPD noise norm:3.1059248447418213
2025-09-14 06:10:11,252 - Round number: 8 --------------------------
2025-09-14 06:10:11,252 - Evaluate global model
2025-09-14 06:10:17,330 - Averaged Train Loss: 1.8230
2025-09-14 06:10:17,330 - Test Accurancy: 0.3434
2025-09-14 06:10:17,330 - Attack Success Rate: 0.5187
2025-09-14 06:10:27,489 - DPD clipping bound C_t: 0.5298712253570557
2025-09-14 06:10:27,495 - DPD noise norm:3.000603675842285
2025-09-14 06:10:27,517 - Round number: 9 --------------------------
2025-09-14 06:10:27,517 - Evaluate global model
2025-09-14 06:10:33,855 - Averaged Train Loss: 1.7919
2025-09-14 06:10:33,859 - Test Accurancy: 0.3518
2025-09-14 06:10:33,859 - Attack Success Rate: 0.5287
2025-09-14 06:10:44,503 - DPD clipping bound C_t: 0.5222733914852142
2025-09-14 06:10:44,510 - DPD noise norm:2.961406707763672
2025-09-14 06:10:44,526 - Round number: 10 --------------------------
2025-09-14 06:10:44,526 - Evaluate global model
2025-09-14 06:10:50,741 - Averaged Train Loss: 1.7565
2025-09-14 06:10:50,743 - Test Accurancy: 0.3681
2025-09-14 06:10:50,743 - Attack Success Rate: 0.4560
2025-09-14 06:10:59,392 - DPD clipping bound C_t: 0.515159547328949
2025-09-14 06:10:59,399 - DPD noise norm:2.9159557819366455
2025-09-14 06:10:59,419 - Round number: 11 --------------------------
2025-09-14 06:10:59,419 - Evaluate global model
2025-09-14 06:11:05,024 - Averaged Train Loss: 1.7295
2025-09-14 06:11:05,025 - Test Accurancy: 0.3774
2025-09-14 06:11:05,025 - Attack Success Rate: 0.5000
2025-09-14 06:11:12,853 - DPD clipping bound C_t: 0.5126317143440247
2025-09-14 06:11:12,858 - DPD noise norm:2.906787157058716
2025-09-14 06:11:12,872 - Round number: 12 --------------------------
2025-09-14 06:11:12,872 - Evaluate global model
2025-09-14 06:11:18,128 - Averaged Train Loss: 1.7001
2025-09-14 06:11:18,131 - Test Accurancy: 0.3887
2025-09-14 06:11:18,131 - Attack Success Rate: 0.4087
2025-09-14 06:11:28,077 - DPD clipping bound C_t: 0.5166004002094269
2025-09-14 06:11:28,084 - DPD noise norm:2.9250423908233643
2025-09-14 06:11:28,103 - Round number: 13 --------------------------
2025-09-14 06:11:28,104 - Evaluate global model
2025-09-14 06:11:35,047 - Averaged Train Loss: 1.6713
2025-09-14 06:11:35,049 - Test Accurancy: 0.3980
2025-09-14 06:11:35,049 - Attack Success Rate: 0.3993
2025-09-14 06:11:42,886 - DPD clipping bound C_t: 0.5078186094760895
2025-09-14 06:11:42,891 - DPD noise norm:2.8782436847686768
2025-09-14 06:11:42,910 - Round number: 14 --------------------------
2025-09-14 06:11:42,910 - Evaluate global model
2025-09-14 06:11:49,611 - Averaged Train Loss: 1.6416
2025-09-14 06:11:49,612 - Test Accurancy: 0.4046
2025-09-14 06:11:49,612 - Attack Success Rate: 0.4353
2025-09-14 06:11:57,963 - DPD clipping bound C_t: 0.49727506935596466
2025-09-14 06:11:57,968 - DPD noise norm:2.822155475616455
2025-09-14 06:11:57,983 - Round number: 15 --------------------------
2025-09-14 06:11:57,983 - Evaluate global model
2025-09-14 06:12:03,403 - Averaged Train Loss: 1.6228
2025-09-14 06:12:03,405 - Test Accurancy: 0.4087
2025-09-14 06:12:03,405 - Attack Success Rate: 0.4220
2025-09-14 06:12:12,879 - DPD clipping bound C_t: 0.4998127222061157
2025-09-14 06:12:12,886 - DPD noise norm:2.8272006511688232
2025-09-14 06:12:12,911 - Round number: 16 --------------------------
2025-09-14 06:12:12,912 - Evaluate global model
2025-09-14 06:12:19,281 - Averaged Train Loss: 1.5886
2025-09-14 06:12:19,284 - Test Accurancy: 0.4214
2025-09-14 06:12:19,284 - Attack Success Rate: 0.4287
2025-09-14 06:12:28,035 - DPD clipping bound C_t: 0.4859817624092102
2025-09-14 06:12:28,043 - DPD noise norm:2.752474308013916
2025-09-14 06:12:28,069 - Round number: 17 --------------------------
2025-09-14 06:12:28,069 - Evaluate global model
2025-09-14 06:12:35,626 - Averaged Train Loss: 1.5701
2025-09-14 06:12:35,626 - Test Accurancy: 0.4290
2025-09-14 06:12:35,627 - Attack Success Rate: 0.3940
2025-09-14 06:12:44,773 - DPD clipping bound C_t: 0.47538742423057556
2025-09-14 06:12:44,780 - DPD noise norm:2.6940953731536865
2025-09-14 06:12:44,806 - Round number: 18 --------------------------
2025-09-14 06:12:44,806 - Evaluate global model
2025-09-14 06:12:51,410 - Averaged Train Loss: 1.5533
2025-09-14 06:12:51,411 - Test Accurancy: 0.4345
2025-09-14 06:12:51,411 - Attack Success Rate: 0.3820
2025-09-14 06:13:02,049 - DPD clipping bound C_t: 0.47097237408161163
2025-09-14 06:13:02,056 - DPD noise norm:2.669511079788208
2025-09-14 06:13:02,077 - Round number: 19 --------------------------
2025-09-14 06:13:02,078 - Evaluate global model
2025-09-14 06:13:08,435 - Averaged Train Loss: 1.5324
2025-09-14 06:13:08,438 - Test Accurancy: 0.4398
2025-09-14 06:13:08,438 - Attack Success Rate: 0.3593
2025-09-14 06:13:18,943 - DPD clipping bound C_t: 0.46391424536705017
2025-09-14 06:13:18,949 - DPD noise norm:2.629622220993042
2025-09-14 06:13:18,970 - Round number: 20 --------------------------
2025-09-14 06:13:18,970 - Evaluate global model
2025-09-14 06:13:26,016 - Averaged Train Loss: 1.5232
2025-09-14 06:13:26,019 - Test Accurancy: 0.4383
2025-09-14 06:13:26,019 - Attack Success Rate: 0.3853
2025-09-14 06:13:36,542 - DPD clipping bound C_t: 0.4685513824224472
2025-09-14 06:13:36,547 - DPD noise norm:2.655456066131592
2025-09-14 06:13:36,567 - Round number: 21 --------------------------
2025-09-14 06:13:36,567 - Evaluate global model
2025-09-14 06:13:43,935 - Averaged Train Loss: 1.5010
2025-09-14 06:13:43,936 - Test Accurancy: 0.4496
2025-09-14 06:13:43,936 - Attack Success Rate: 0.3507
2025-09-14 06:13:54,654 - DPD clipping bound C_t: 0.4645393639802933
2025-09-14 06:13:54,661 - DPD noise norm:2.6287364959716797
2025-09-14 06:13:54,681 - Round number: 22 --------------------------
2025-09-14 06:13:54,681 - Evaluate global model
2025-09-14 06:14:01,657 - Averaged Train Loss: 1.4817
2025-09-14 06:14:01,657 - Test Accurancy: 0.4541
2025-09-14 06:14:01,657 - Attack Success Rate: 0.3887
2025-09-14 06:14:11,180 - DPD clipping bound C_t: 0.45156851410865784
2025-09-14 06:14:11,196 - DPD noise norm:2.5581212043762207
2025-09-14 06:14:11,221 - Round number: 23 --------------------------
2025-09-14 06:14:11,221 - Evaluate global model
2025-09-14 06:14:17,235 - Averaged Train Loss: 1.4718
2025-09-14 06:14:17,237 - Test Accurancy: 0.4580
2025-09-14 06:14:17,237 - Attack Success Rate: 0.3767
2025-09-14 06:14:28,611 - DPD clipping bound C_t: 0.4495858699083328
2025-09-14 06:14:28,620 - DPD noise norm:2.5464401245117188
2025-09-14 06:14:28,644 - Round number: 24 --------------------------
2025-09-14 06:14:28,645 - Evaluate global model
2025-09-14 06:14:33,826 - Averaged Train Loss: 1.4629
2025-09-14 06:14:33,828 - Test Accurancy: 0.4589
2025-09-14 06:14:33,828 - Attack Success Rate: 0.3827
2025-09-14 06:14:44,529 - DPD clipping bound C_t: 0.44634445011615753
2025-09-14 06:14:44,534 - DPD noise norm:2.52632737159729
2025-09-14 06:14:44,552 - Round number: 25 --------------------------
2025-09-14 06:14:44,552 - Evaluate global model
2025-09-14 06:14:49,666 - Averaged Train Loss: 1.4567
2025-09-14 06:14:49,669 - Test Accurancy: 0.4631
2025-09-14 06:14:49,670 - Attack Success Rate: 0.3473
2025-09-14 06:15:00,193 - DPD clipping bound C_t: 0.4374390244483948
2025-09-14 06:15:00,198 - DPD noise norm:2.476874589920044
2025-09-14 06:15:00,224 - Round number: 26 --------------------------
2025-09-14 06:15:00,224 - Evaluate global model
2025-09-14 06:15:06,913 - Averaged Train Loss: 1.4406
2025-09-14 06:15:06,917 - Test Accurancy: 0.4688
2025-09-14 06:15:06,917 - Attack Success Rate: 0.3493
2025-09-14 06:15:16,711 - DPD clipping bound C_t: 0.4300405830144882
2025-09-14 06:15:16,719 - DPD noise norm:2.437744617462158
2025-09-14 06:15:16,755 - Round number: 27 --------------------------
2025-09-14 06:15:16,755 - Evaluate global model
2025-09-14 06:15:23,341 - Averaged Train Loss: 1.4294
2025-09-14 06:15:23,342 - Test Accurancy: 0.4713
2025-09-14 06:15:23,342 - Attack Success Rate: 0.3467
2025-09-14 06:15:32,849 - DPD clipping bound C_t: 0.4350736141204834
2025-09-14 06:15:32,856 - DPD noise norm:2.461873769760132
2025-09-14 06:15:32,882 - Round number: 28 --------------------------
2025-09-14 06:15:32,883 - Evaluate global model
2025-09-14 06:15:39,066 - Averaged Train Loss: 1.4247
2025-09-14 06:15:39,067 - Test Accurancy: 0.4731
2025-09-14 06:15:39,067 - Attack Success Rate: 0.3440
2025-09-14 06:15:48,206 - DPD clipping bound C_t: 0.4260096997022629
2025-09-14 06:15:48,212 - DPD noise norm:2.4154176712036133
2025-09-14 06:15:48,232 - Round number: 29 --------------------------
2025-09-14 06:15:48,232 - Evaluate global model
2025-09-14 06:15:54,348 - Averaged Train Loss: 1.4091
2025-09-14 06:15:54,349 - Test Accurancy: 0.4786
2025-09-14 06:15:54,349 - Attack Success Rate: 0.3500
2025-09-14 06:16:03,105 - DPD clipping bound C_t: 0.42457468807697296
2025-09-14 06:16:03,113 - DPD noise norm:2.404885768890381
2025-09-14 06:16:03,140 - Round number: 30 --------------------------
2025-09-14 06:16:03,140 - Evaluate global model
2025-09-14 06:16:09,251 - Averaged Train Loss: 1.3975
2025-09-14 06:16:09,252 - Test Accurancy: 0.4850
2025-09-14 06:16:09,252 - Attack Success Rate: 0.3513
2025-09-14 06:16:16,854 - DPD clipping bound C_t: 0.4171215891838074
2025-09-14 06:16:16,858 - DPD noise norm:2.367757797241211
2025-09-14 06:16:16,873 - Round number: 31 --------------------------
2025-09-14 06:16:16,874 - Evaluate global model
2025-09-14 06:16:22,809 - Averaged Train Loss: 1.3953
2025-09-14 06:16:22,812 - Test Accurancy: 0.4846
2025-09-14 06:16:22,812 - Attack Success Rate: 0.3367
2025-09-14 06:16:31,168 - DPD clipping bound C_t: 0.4121738076210022
2025-09-14 06:16:31,173 - DPD noise norm:2.337078809738159
2025-09-14 06:16:31,188 - Round number: 32 --------------------------
2025-09-14 06:16:31,188 - Evaluate global model
2025-09-14 06:16:36,169 - Averaged Train Loss: 1.3820
2025-09-14 06:16:36,170 - Test Accurancy: 0.4898
2025-09-14 06:16:36,170 - Attack Success Rate: 0.3247
2025-09-14 06:16:44,586 - DPD clipping bound C_t: 0.41036519408226013
2025-09-14 06:16:44,593 - DPD noise norm:2.3244900703430176
2025-09-14 06:16:44,623 - Round number: 33 --------------------------
2025-09-14 06:16:44,624 - Evaluate global model
2025-09-14 06:16:49,484 - Averaged Train Loss: 1.3751
2025-09-14 06:16:49,485 - Test Accurancy: 0.4920
2025-09-14 06:16:49,485 - Attack Success Rate: 0.3467
2025-09-14 06:16:58,538 - DPD clipping bound C_t: 0.4042082130908966
2025-09-14 06:16:58,543 - DPD noise norm:2.291618824005127
2025-09-14 06:16:58,559 - Round number: 34 --------------------------
2025-09-14 06:16:58,559 - Evaluate global model
2025-09-14 06:17:03,080 - Averaged Train Loss: 1.3645
2025-09-14 06:17:03,081 - Test Accurancy: 0.4966
2025-09-14 06:17:03,082 - Attack Success Rate: 0.3260
2025-09-14 06:17:13,240 - DPD clipping bound C_t: 0.4086783528327942
2025-09-14 06:17:13,248 - DPD noise norm:2.315399646759033
2025-09-14 06:17:13,272 - Round number: 35 --------------------------
2025-09-14 06:17:13,273 - Evaluate global model
2025-09-14 06:17:19,611 - Averaged Train Loss: 1.3612
2025-09-14 06:17:19,614 - Test Accurancy: 0.4982
2025-09-14 06:17:19,614 - Attack Success Rate: 0.3273
2025-09-14 06:17:29,970 - DPD clipping bound C_t: 0.39707398414611816
2025-09-14 06:17:29,976 - DPD noise norm:2.2466864585876465
2025-09-14 06:17:29,995 - Round number: 36 --------------------------
2025-09-14 06:17:29,995 - Evaluate global model
2025-09-14 06:17:35,513 - Averaged Train Loss: 1.3543
2025-09-14 06:17:35,517 - Test Accurancy: 0.4998
2025-09-14 06:17:35,517 - Attack Success Rate: 0.3427
2025-09-14 06:17:45,069 - DPD clipping bound C_t: 0.39655324816703796
2025-09-14 06:17:45,075 - DPD noise norm:2.245565176010132
2025-09-14 06:17:45,097 - Round number: 37 --------------------------
2025-09-14 06:17:45,097 - Evaluate global model
2025-09-14 06:17:50,984 - Averaged Train Loss: 1.3505
2025-09-14 06:17:50,987 - Test Accurancy: 0.5046
2025-09-14 06:17:50,987 - Attack Success Rate: 0.2993
2025-09-14 06:18:00,613 - DPD clipping bound C_t: 0.39475271105766296
2025-09-14 06:18:00,618 - DPD noise norm:2.236452102661133
2025-09-14 06:18:00,641 - Round number: 38 --------------------------
2025-09-14 06:18:00,642 - Evaluate global model
2025-09-14 06:18:05,376 - Averaged Train Loss: 1.3375
2025-09-14 06:18:05,380 - Test Accurancy: 0.5087
2025-09-14 06:18:05,380 - Attack Success Rate: 0.3193
2025-09-14 06:18:16,435 - DPD clipping bound C_t: 0.38206350803375244
2025-09-14 06:18:16,440 - DPD noise norm:2.1658356189727783
2025-09-14 06:18:16,461 - Round number: 39 --------------------------
2025-09-14 06:18:16,461 - Evaluate global model
2025-09-14 06:18:21,422 - Averaged Train Loss: 1.3339
2025-09-14 06:18:21,423 - Test Accurancy: 0.5049
2025-09-14 06:18:21,423 - Attack Success Rate: 0.3213
2025-09-14 06:18:32,863 - DPD clipping bound C_t: 0.3814423084259033
2025-09-14 06:18:32,868 - DPD noise norm:2.1608176231384277
2025-09-14 06:18:32,883 - Round number: 40 --------------------------
2025-09-14 06:18:32,884 - Evaluate global model
2025-09-14 06:18:38,036 - Averaged Train Loss: 1.3258
2025-09-14 06:18:38,037 - Test Accurancy: 0.5110
2025-09-14 06:18:38,037 - Attack Success Rate: 0.3220
2025-09-14 06:18:49,043 - DPD clipping bound C_t: 0.3771647661924362
2025-09-14 06:18:49,049 - DPD noise norm:2.1336076259613037
2025-09-14 06:18:49,070 - Round number: 41 --------------------------
2025-09-14 06:18:49,070 - Evaluate global model
2025-09-14 06:18:55,550 - Averaged Train Loss: 1.3212
2025-09-14 06:18:55,553 - Test Accurancy: 0.5099
2025-09-14 06:18:55,553 - Attack Success Rate: 0.3347
2025-09-14 06:19:05,019 - DPD clipping bound C_t: 0.3770837038755417
2025-09-14 06:19:05,026 - DPD noise norm:2.1353185176849365
2025-09-14 06:19:05,050 - Round number: 42 --------------------------
2025-09-14 06:19:05,050 - Evaluate global model
2025-09-14 06:19:11,315 - Averaged Train Loss: 1.3159
2025-09-14 06:19:11,316 - Test Accurancy: 0.5110
2025-09-14 06:19:11,316 - Attack Success Rate: 0.3507
2025-09-14 06:19:20,923 - DPD clipping bound C_t: 0.3746315985918045
2025-09-14 06:19:20,930 - DPD noise norm:2.121936321258545
2025-09-14 06:19:20,950 - Round number: 43 --------------------------
2025-09-14 06:19:20,951 - Evaluate global model
2025-09-14 06:19:27,230 - Averaged Train Loss: 1.3068
2025-09-14 06:19:27,230 - Test Accurancy: 0.5166
2025-09-14 06:19:27,230 - Attack Success Rate: 0.3247
2025-09-14 06:19:37,960 - DPD clipping bound C_t: 0.36534854769706726
2025-09-14 06:19:37,965 - DPD noise norm:2.068984270095825
2025-09-14 06:19:37,981 - Round number: 44 --------------------------
2025-09-14 06:19:37,981 - Evaluate global model
2025-09-14 06:19:43,301 - Averaged Train Loss: 1.3008
2025-09-14 06:19:43,305 - Test Accurancy: 0.5170
2025-09-14 06:19:43,305 - Attack Success Rate: 0.3247
2025-09-14 06:19:53,978 - DPD clipping bound C_t: 0.36650489270687103
2025-09-14 06:19:53,983 - DPD noise norm:2.0774714946746826
2025-09-14 06:19:53,999 - Round number: 45 --------------------------
2025-09-14 06:19:53,999 - Evaluate global model
2025-09-14 06:20:00,249 - Averaged Train Loss: 1.2951
2025-09-14 06:20:00,252 - Test Accurancy: 0.5191
2025-09-14 06:20:00,252 - Attack Success Rate: 0.3193
2025-09-14 06:20:11,191 - DPD clipping bound C_t: 0.3563903421163559
2025-09-14 06:20:11,200 - DPD noise norm:2.017287254333496
2025-09-14 06:20:11,222 - Round number: 46 --------------------------
2025-09-14 06:20:11,223 - Evaluate global model
2025-09-14 06:20:16,746 - Averaged Train Loss: 1.2912
2025-09-14 06:20:16,748 - Test Accurancy: 0.5203
2025-09-14 06:20:16,748 - Attack Success Rate: 0.3120
2025-09-14 06:20:27,892 - DPD clipping bound C_t: 0.3554650843143463
2025-09-14 06:20:27,899 - DPD noise norm:2.0139412879943848
2025-09-14 06:20:27,920 - Round number: 47 --------------------------
2025-09-14 06:20:27,920 - Evaluate global model
2025-09-14 06:20:34,589 - Averaged Train Loss: 1.2866
2025-09-14 06:20:34,590 - Test Accurancy: 0.5243
2025-09-14 06:20:34,590 - Attack Success Rate: 0.2980
2025-09-14 06:20:44,205 - DPD clipping bound C_t: 0.35306674242019653
2025-09-14 06:20:44,214 - DPD noise norm:2.0021679401397705
2025-09-14 06:20:44,235 - Round number: 48 --------------------------
2025-09-14 06:20:44,235 - Evaluate global model
2025-09-14 06:20:50,909 - Averaged Train Loss: 1.2739
2025-09-14 06:20:50,909 - Test Accurancy: 0.5274
2025-09-14 06:20:50,909 - Attack Success Rate: 0.2967
2025-09-14 06:21:01,749 - DPD clipping bound C_t: 0.34882237017154694
2025-09-14 06:21:01,756 - DPD noise norm:1.9795016050338745
2025-09-14 06:21:01,777 - Round number: 49 --------------------------
2025-09-14 06:21:01,777 - Evaluate global model
2025-09-14 06:21:06,520 - Averaged Train Loss: 1.2764
2025-09-14 06:21:06,522 - Test Accurancy: 0.5233
2025-09-14 06:21:06,522 - Attack Success Rate: 0.3260
2025-09-14 06:21:17,354 - DPD clipping bound C_t: 0.3466990292072296
2025-09-14 06:21:17,359 - DPD noise norm:1.965152382850647
2025-09-14 06:21:17,374 - Round number: 50 --------------------------
2025-09-14 06:21:17,374 - Evaluate global model
2025-09-14 06:21:21,749 - Averaged Train Loss: 1.2636
2025-09-14 06:21:21,749 - Test Accurancy: 0.5307
2025-09-14 06:21:21,750 - Attack Success Rate: 0.3107
2025-09-14 06:21:31,880 - DPD clipping bound C_t: 0.34165358543395996
2025-09-14 06:21:31,886 - DPD noise norm:1.9359928369522095
2025-09-14 06:21:31,911 - Round number: 51 --------------------------
2025-09-14 06:21:31,911 - Evaluate global model
2025-09-14 06:21:36,838 - Averaged Train Loss: 1.2637
2025-09-14 06:21:36,839 - Test Accurancy: 0.5303
2025-09-14 06:21:36,839 - Attack Success Rate: 0.3100
2025-09-14 06:21:46,609 - DPD clipping bound C_t: 0.34102725982666016
2025-09-14 06:21:46,617 - DPD noise norm:1.9328595399856567
2025-09-14 06:21:46,638 - Round number: 52 --------------------------
2025-09-14 06:21:46,639 - Evaluate global model
2025-09-14 06:21:52,732 - Averaged Train Loss: 1.2591
2025-09-14 06:21:52,733 - Test Accurancy: 0.5291
2025-09-14 06:21:52,733 - Attack Success Rate: 0.3313
2025-09-14 06:22:03,096 - DPD clipping bound C_t: 0.34160998463630676
2025-09-14 06:22:03,102 - DPD noise norm:1.9349712133407593
2025-09-14 06:22:03,124 - Round number: 53 --------------------------
2025-09-14 06:22:03,124 - Evaluate global model
2025-09-14 06:22:08,598 - Averaged Train Loss: 1.2489
2025-09-14 06:22:08,599 - Test Accurancy: 0.5347
2025-09-14 06:22:08,599 - Attack Success Rate: 0.3067
2025-09-14 06:22:19,155 - DPD clipping bound C_t: 0.332457572221756
2025-09-14 06:22:19,162 - DPD noise norm:1.8840886354446411
2025-09-14 06:22:19,182 - Round number: 54 --------------------------
2025-09-14 06:22:19,182 - Evaluate global model
2025-09-14 06:22:24,790 - Averaged Train Loss: 1.2444
2025-09-14 06:22:24,791 - Test Accurancy: 0.5357
2025-09-14 06:22:24,791 - Attack Success Rate: 0.3113
2025-09-14 06:22:35,110 - DPD clipping bound C_t: 0.3262535035610199
2025-09-14 06:22:35,119 - DPD noise norm:1.8468012809753418
2025-09-14 06:22:35,137 - Round number: 55 --------------------------
2025-09-14 06:22:35,137 - Evaluate global model
2025-09-14 06:22:40,436 - Averaged Train Loss: 1.2422
2025-09-14 06:22:40,437 - Test Accurancy: 0.5358
2025-09-14 06:22:40,437 - Attack Success Rate: 0.3180
2025-09-14 06:22:49,277 - DPD clipping bound C_t: 0.33061835169792175
2025-09-14 06:22:49,283 - DPD noise norm:1.8746535778045654
2025-09-14 06:22:49,304 - Round number: 56 --------------------------
2025-09-14 06:22:49,305 - Evaluate global model
2025-09-14 06:22:55,263 - Averaged Train Loss: 1.2429
2025-09-14 06:22:55,264 - Test Accurancy: 0.5340
2025-09-14 06:22:55,264 - Attack Success Rate: 0.3233
2025-09-14 06:23:04,589 - DPD clipping bound C_t: 0.3269914388656616
2025-09-14 06:23:04,596 - DPD noise norm:1.8541144132614136
2025-09-14 06:23:04,620 - Round number: 57 --------------------------
2025-09-14 06:23:04,620 - Evaluate global model
2025-09-14 06:23:10,622 - Averaged Train Loss: 1.2337
2025-09-14 06:23:10,623 - Test Accurancy: 0.5417
2025-09-14 06:23:10,623 - Attack Success Rate: 0.3127
2025-09-14 06:23:21,040 - DPD clipping bound C_t: 0.32375727593898773
2025-09-14 06:23:21,048 - DPD noise norm:1.8335119485855103
2025-09-14 06:23:21,069 - Round number: 58 --------------------------
2025-09-14 06:23:21,070 - Evaluate global model
2025-09-14 06:23:27,292 - Averaged Train Loss: 1.2213
2025-09-14 06:23:27,294 - Test Accurancy: 0.5432
2025-09-14 06:23:27,294 - Attack Success Rate: 0.3320
2025-09-14 06:23:38,241 - DPD clipping bound C_t: 0.3237103223800659
2025-09-14 06:23:38,246 - DPD noise norm:1.8362349271774292
2025-09-14 06:23:38,260 - Round number: 59 --------------------------
2025-09-14 06:23:38,260 - Evaluate global model
2025-09-14 06:23:43,115 - Averaged Train Loss: 1.2197
2025-09-14 06:23:43,116 - Test Accurancy: 0.5445
2025-09-14 06:23:43,117 - Attack Success Rate: 0.3240
2025-09-14 06:23:53,640 - DPD clipping bound C_t: 0.3201436251401901
2025-09-14 06:23:53,644 - DPD noise norm:1.8129595518112183
2025-09-14 06:23:53,660 - Round number: 60 --------------------------
2025-09-14 06:23:53,660 - Evaluate global model
2025-09-14 06:23:59,720 - Averaged Train Loss: 1.2136
2025-09-14 06:23:59,723 - Test Accurancy: 0.5484
2025-09-14 06:23:59,723 - Attack Success Rate: 0.2973
2025-09-14 06:24:10,441 - DPD clipping bound C_t: 0.31164465844631195
2025-09-14 06:24:10,448 - DPD noise norm:1.7661932706832886
2025-09-14 06:24:10,466 - Round number: 61 --------------------------
2025-09-14 06:24:10,466 - Evaluate global model
2025-09-14 06:24:17,021 - Averaged Train Loss: 1.2107
2025-09-14 06:24:17,023 - Test Accurancy: 0.5489
2025-09-14 06:24:17,023 - Attack Success Rate: 0.3073
2025-09-14 06:24:27,688 - DPD clipping bound C_t: 0.30511683225631714
2025-09-14 06:24:27,695 - DPD noise norm:1.730652093887329
2025-09-14 06:24:27,719 - Round number: 62 --------------------------
2025-09-14 06:24:27,719 - Evaluate global model
2025-09-14 06:24:33,109 - Averaged Train Loss: 1.2179
2025-09-14 06:24:33,111 - Test Accurancy: 0.5462
2025-09-14 06:24:33,111 - Attack Success Rate: 0.2940
2025-09-14 06:24:43,323 - DPD clipping bound C_t: 0.3032725602388382
2025-09-14 06:24:43,331 - DPD noise norm:1.721078872680664
2025-09-14 06:24:43,354 - Round number: 63 --------------------------
2025-09-14 06:24:43,354 - Evaluate global model
2025-09-14 06:24:50,734 - Averaged Train Loss: 1.2026
2025-09-14 06:24:50,735 - Test Accurancy: 0.5504
2025-09-14 06:24:50,735 - Attack Success Rate: 0.3013
2025-09-14 06:25:00,888 - DPD clipping bound C_t: 0.30192461609840393
2025-09-14 06:25:00,896 - DPD noise norm:1.711101770401001
2025-09-14 06:25:00,920 - Round number: 64 --------------------------
2025-09-14 06:25:00,920 - Evaluate global model
2025-09-14 06:25:06,825 - Averaged Train Loss: 1.2017
2025-09-14 06:25:06,827 - Test Accurancy: 0.5503
2025-09-14 06:25:06,827 - Attack Success Rate: 0.2960
2025-09-14 06:25:17,495 - DPD clipping bound C_t: 0.3001059293746948
2025-09-14 06:25:17,500 - DPD noise norm:1.7006117105484009
2025-09-14 06:25:17,517 - Round number: 65 --------------------------
2025-09-14 06:25:17,517 - Evaluate global model
2025-09-14 06:25:24,101 - Averaged Train Loss: 1.1968
2025-09-14 06:25:24,105 - Test Accurancy: 0.5544
2025-09-14 06:25:24,106 - Attack Success Rate: 0.2753
2025-09-14 06:25:35,104 - DPD clipping bound C_t: 0.2960692495107651
2025-09-14 06:25:35,110 - DPD noise norm:1.67789888381958
2025-09-14 06:25:35,132 - Round number: 66 --------------------------
2025-09-14 06:25:35,132 - Evaluate global model
2025-09-14 06:25:41,453 - Averaged Train Loss: 1.1969
2025-09-14 06:25:41,454 - Test Accurancy: 0.5497
2025-09-14 06:25:41,454 - Attack Success Rate: 0.3227
2025-09-14 06:25:52,151 - DPD clipping bound C_t: 0.2966162860393524
2025-09-14 06:25:52,157 - DPD noise norm:1.6789264678955078
2025-09-14 06:25:52,177 - Round number: 67 --------------------------
2025-09-14 06:25:52,178 - Evaluate global model
2025-09-14 06:25:58,844 - Averaged Train Loss: 1.1902
2025-09-14 06:25:58,848 - Test Accurancy: 0.5535
2025-09-14 06:25:58,849 - Attack Success Rate: 0.2933
2025-09-14 06:26:09,783 - DPD clipping bound C_t: 0.2901212275028229
2025-09-14 06:26:09,792 - DPD noise norm:1.6433439254760742
2025-09-14 06:26:09,818 - Round number: 68 --------------------------
2025-09-14 06:26:09,819 - Evaluate global model
2025-09-14 06:26:16,245 - Averaged Train Loss: 1.1860
2025-09-14 06:26:16,246 - Test Accurancy: 0.5532
2025-09-14 06:26:16,246 - Attack Success Rate: 0.2960
2025-09-14 06:26:26,914 - DPD clipping bound C_t: 0.2817515730857849
2025-09-14 06:26:26,919 - DPD noise norm:1.5961434841156006
2025-09-14 06:26:26,935 - Round number: 69 --------------------------
2025-09-14 06:26:26,935 - Evaluate global model
2025-09-14 06:26:32,965 - Averaged Train Loss: 1.1827
2025-09-14 06:26:32,971 - Test Accurancy: 0.5538
2025-09-14 06:26:32,971 - Attack Success Rate: 0.3133
2025-09-14 06:26:43,965 - DPD clipping bound C_t: 0.2856200933456421
2025-09-14 06:26:43,975 - DPD noise norm:1.618394374847412
2025-09-14 06:26:43,999 - Round number: 70 --------------------------
2025-09-14 06:26:43,999 - Evaluate global model
2025-09-14 06:26:50,624 - Averaged Train Loss: 1.1723
2025-09-14 06:26:50,626 - Test Accurancy: 0.5576
2025-09-14 06:26:50,626 - Attack Success Rate: 0.3227
2025-09-14 06:27:01,409 - DPD clipping bound C_t: 0.284466415643692
2025-09-14 06:27:01,417 - DPD noise norm:1.6117825508117676
2025-09-14 06:27:01,439 - Round number: 71 --------------------------
2025-09-14 06:27:01,439 - Evaluate global model
2025-09-14 06:27:08,006 - Averaged Train Loss: 1.1701
2025-09-14 06:27:08,007 - Test Accurancy: 0.5577
2025-09-14 06:27:08,007 - Attack Success Rate: 0.3227
2025-09-14 06:27:16,794 - DPD clipping bound C_t: 0.2829307019710541
2025-09-14 06:27:16,802 - DPD noise norm:1.601953148841858
2025-09-14 06:27:16,823 - Round number: 72 --------------------------
2025-09-14 06:27:16,823 - Evaluate global model
2025-09-14 06:27:23,369 - Averaged Train Loss: 1.1748
2025-09-14 06:27:23,370 - Test Accurancy: 0.5560
2025-09-14 06:27:23,370 - Attack Success Rate: 0.3013
2025-09-14 06:27:32,641 - DPD clipping bound C_t: 0.27836354076862335
2025-09-14 06:27:32,648 - DPD noise norm:1.5795327425003052
2025-09-14 06:27:32,672 - Round number: 73 --------------------------
2025-09-14 06:27:32,672 - Evaluate global model
2025-09-14 06:27:39,172 - Averaged Train Loss: 1.1604
2025-09-14 06:27:39,173 - Test Accurancy: 0.5613
2025-09-14 06:27:39,173 - Attack Success Rate: 0.3073
2025-09-14 06:27:49,702 - DPD clipping bound C_t: 0.2713429629802704
2025-09-14 06:27:49,711 - DPD noise norm:1.537044882774353
2025-09-14 06:27:49,733 - Round number: 74 --------------------------
2025-09-14 06:27:49,734 - Evaluate global model
2025-09-14 06:27:55,547 - Averaged Train Loss: 1.1555
2025-09-14 06:27:55,548 - Test Accurancy: 0.5654
2025-09-14 06:27:55,548 - Attack Success Rate: 0.2827
2025-09-14 06:28:06,030 - DPD clipping bound C_t: 0.27022890746593475
2025-09-14 06:28:06,036 - DPD noise norm:1.5323091745376587
2025-09-14 06:28:06,053 - Round number: 75 --------------------------
2025-09-14 06:28:06,054 - Evaluate global model
2025-09-14 06:28:11,063 - Averaged Train Loss: 1.1585
2025-09-14 06:28:11,064 - Test Accurancy: 0.5626
2025-09-14 06:28:11,064 - Attack Success Rate: 0.2927
2025-09-14 06:28:20,301 - DPD clipping bound C_t: 0.26760733127593994
2025-09-14 06:28:20,305 - DPD noise norm:1.5187585353851318
2025-09-14 06:28:20,325 - Round number: 76 --------------------------
2025-09-14 06:28:20,325 - Evaluate global model
2025-09-14 06:28:25,074 - Averaged Train Loss: 1.1537
2025-09-14 06:28:25,077 - Test Accurancy: 0.5626
2025-09-14 06:28:25,077 - Attack Success Rate: 0.2973
2025-09-14 06:28:33,058 - DPD clipping bound C_t: 0.26151981949806213
2025-09-14 06:28:33,064 - DPD noise norm:1.4811029434204102
2025-09-14 06:28:33,078 - Round number: 77 --------------------------
2025-09-14 06:28:33,078 - Evaluate global model
2025-09-14 06:28:39,758 - Averaged Train Loss: 1.1478
2025-09-14 06:28:39,761 - Test Accurancy: 0.5639
2025-09-14 06:28:39,761 - Attack Success Rate: 0.3353
2025-09-14 06:28:50,498 - DPD clipping bound C_t: 0.2622397691011429
2025-09-14 06:28:50,504 - DPD noise norm:1.4830785989761353
2025-09-14 06:28:50,524 - Round number: 78 --------------------------
2025-09-14 06:28:50,524 - Evaluate global model
2025-09-14 06:28:56,548 - Averaged Train Loss: 1.1468
2025-09-14 06:28:56,553 - Test Accurancy: 0.5640
2025-09-14 06:28:56,553 - Attack Success Rate: 0.3027
2025-09-14 06:29:07,014 - DPD clipping bound C_t: 0.2545000910758972
2025-09-14 06:29:07,018 - DPD noise norm:1.442691445350647
2025-09-14 06:29:07,040 - Round number: 79 --------------------------
2025-09-14 06:29:07,041 - Evaluate global model
2025-09-14 06:29:12,930 - Averaged Train Loss: 1.1447
2025-09-14 06:29:12,933 - Test Accurancy: 0.5625
2025-09-14 06:29:12,933 - Attack Success Rate: 0.3053
2025-09-14 06:29:22,429 - DPD clipping bound C_t: 0.2565753608942032
2025-09-14 06:29:22,433 - DPD noise norm:1.4529467821121216
2025-09-14 06:29:22,448 - Round number: 80 --------------------------
2025-09-14 06:29:22,449 - Evaluate global model
2025-09-14 06:29:26,895 - Averaged Train Loss: 1.1393
2025-09-14 06:29:26,898 - Test Accurancy: 0.5664
2025-09-14 06:29:26,898 - Attack Success Rate: 0.2933
2025-09-14 06:29:37,602 - DPD clipping bound C_t: 0.2529285103082657
2025-09-14 06:29:37,608 - DPD noise norm:1.432815432548523
2025-09-14 06:29:37,626 - Round number: 81 --------------------------
2025-09-14 06:29:37,626 - Evaluate global model
2025-09-14 06:29:42,234 - Averaged Train Loss: 1.1378
2025-09-14 06:29:42,235 - Test Accurancy: 0.5678
2025-09-14 06:29:42,235 - Attack Success Rate: 0.2767
2025-09-14 06:29:53,095 - DPD clipping bound C_t: 0.2482139766216278
2025-09-14 06:29:53,108 - DPD noise norm:1.406123161315918
2025-09-14 06:29:53,131 - Round number: 82 --------------------------
2025-09-14 06:29:53,131 - Evaluate global model
2025-09-14 06:29:59,441 - Averaged Train Loss: 1.1328
2025-09-14 06:29:59,444 - Test Accurancy: 0.5694
2025-09-14 06:29:59,444 - Attack Success Rate: 0.2887
2025-09-14 06:30:09,169 - DPD clipping bound C_t: 0.2432575225830078
2025-09-14 06:30:09,174 - DPD noise norm:1.3784070014953613
2025-09-14 06:30:09,190 - Round number: 83 --------------------------
2025-09-14 06:30:09,190 - Evaluate global model
2025-09-14 06:30:13,696 - Averaged Train Loss: 1.1380
2025-09-14 06:30:13,700 - Test Accurancy: 0.5656
2025-09-14 06:30:13,700 - Attack Success Rate: 0.3027
2025-09-14 06:30:24,394 - DPD clipping bound C_t: 0.24194467067718506
2025-09-14 06:30:24,398 - DPD noise norm:1.369482159614563
2025-09-14 06:30:24,413 - Round number: 84 --------------------------
2025-09-14 06:30:24,414 - Evaluate global model
2025-09-14 06:30:30,039 - Averaged Train Loss: 1.1305
2025-09-14 06:30:30,043 - Test Accurancy: 0.5693
2025-09-14 06:30:30,043 - Attack Success Rate: 0.2933
2025-09-14 06:30:39,937 - DPD clipping bound C_t: 0.2408403381705284
2025-09-14 06:30:39,943 - DPD noise norm:1.3640174865722656
2025-09-14 06:30:39,963 - Round number: 85 --------------------------
2025-09-14 06:30:39,963 - Evaluate global model
2025-09-14 06:30:46,227 - Averaged Train Loss: 1.1290
2025-09-14 06:30:46,230 - Test Accurancy: 0.5702
2025-09-14 06:30:46,230 - Attack Success Rate: 0.3013
2025-09-14 06:30:55,964 - DPD clipping bound C_t: 0.23975685238838196
2025-09-14 06:30:55,973 - DPD noise norm:1.3604662418365479
2025-09-14 06:30:56,008 - Round number: 86 --------------------------
2025-09-14 06:30:56,009 - Evaluate global model
2025-09-14 06:31:02,598 - Averaged Train Loss: 1.1243
2025-09-14 06:31:02,603 - Test Accurancy: 0.5680
2025-09-14 06:31:02,603 - Attack Success Rate: 0.3127
2025-09-14 06:31:13,482 - DPD clipping bound C_t: 0.23491233587265015
2025-09-14 06:31:13,489 - DPD noise norm:1.331039309501648
2025-09-14 06:31:13,511 - Round number: 87 --------------------------
2025-09-14 06:31:13,511 - Evaluate global model
2025-09-14 06:31:20,080 - Averaged Train Loss: 1.1208
2025-09-14 06:31:20,081 - Test Accurancy: 0.5717
2025-09-14 06:31:20,081 - Attack Success Rate: 0.2827
2025-09-14 06:31:31,412 - DPD clipping bound C_t: 0.22965288162231445
2025-09-14 06:31:31,420 - DPD noise norm:1.2997725009918213
2025-09-14 06:31:31,444 - Round number: 88 --------------------------
2025-09-14 06:31:31,445 - Evaluate global model
2025-09-14 06:31:38,916 - Averaged Train Loss: 1.1155
2025-09-14 06:31:38,917 - Test Accurancy: 0.5739
2025-09-14 06:31:38,918 - Attack Success Rate: 0.2660
2025-09-14 06:31:49,321 - DPD clipping bound C_t: 0.22898677736520767
2025-09-14 06:31:49,329 - DPD noise norm:1.2960493564605713
2025-09-14 06:31:49,354 - Round number: 89 --------------------------
2025-09-14 06:31:49,354 - Evaluate global model
2025-09-14 06:31:55,753 - Averaged Train Loss: 1.1198
2025-09-14 06:31:55,755 - Test Accurancy: 0.5738
2025-09-14 06:31:55,755 - Attack Success Rate: 0.2707
2025-09-14 06:32:06,574 - DPD clipping bound C_t: 0.22870446741580963
2025-09-14 06:32:06,578 - DPD noise norm:1.2954989671707153
2025-09-14 06:32:06,592 - Round number: 90 --------------------------
2025-09-14 06:32:06,593 - Evaluate global model
2025-09-14 06:32:11,301 - Averaged Train Loss: 1.1165
2025-09-14 06:32:11,303 - Test Accurancy: 0.5735
2025-09-14 06:32:11,303 - Attack Success Rate: 0.2693
2025-09-14 06:32:22,063 - DPD clipping bound C_t: 0.22325557470321655
2025-09-14 06:32:22,068 - DPD noise norm:1.2646631002426147
2025-09-14 06:32:22,083 - Round number: 91 --------------------------
2025-09-14 06:32:22,083 - Evaluate global model
2025-09-14 06:32:26,718 - Averaged Train Loss: 1.1075
2025-09-14 06:32:26,718 - Test Accurancy: 0.5756
2025-09-14 06:32:26,719 - Attack Success Rate: 0.2773
2025-09-14 06:32:35,884 - DPD clipping bound C_t: 0.21970968693494797
2025-09-14 06:32:35,890 - DPD noise norm:1.2457468509674072
2025-09-14 06:32:35,914 - Round number: 92 --------------------------
2025-09-14 06:32:35,915 - Evaluate global model
2025-09-14 06:32:41,650 - Averaged Train Loss: 1.1112
2025-09-14 06:32:41,650 - Test Accurancy: 0.5749
2025-09-14 06:32:41,650 - Attack Success Rate: 0.2967
2025-09-14 06:32:51,278 - DPD clipping bound C_t: 0.22005979716777802
2025-09-14 06:32:51,284 - DPD noise norm:1.245194911956787
2025-09-14 06:32:51,302 - Round number: 93 --------------------------
2025-09-14 06:32:51,302 - Evaluate global model
2025-09-14 06:32:57,477 - Averaged Train Loss: 1.1020
2025-09-14 06:32:57,478 - Test Accurancy: 0.5774
2025-09-14 06:32:57,478 - Attack Success Rate: 0.2820
2025-09-14 06:33:07,870 - DPD clipping bound C_t: 0.2150701880455017
2025-09-14 06:33:07,876 - DPD noise norm:1.2186341285705566
2025-09-14 06:33:07,897 - Round number: 94 --------------------------
2025-09-14 06:33:07,897 - Evaluate global model
2025-09-14 06:33:13,178 - Averaged Train Loss: 1.1021
2025-09-14 06:33:13,180 - Test Accurancy: 0.5773
2025-09-14 06:33:13,181 - Attack Success Rate: 0.2760
2025-09-14 06:33:23,828 - DPD clipping bound C_t: 0.21411917358636856
2025-09-14 06:33:23,833 - DPD noise norm:1.2154779434204102
2025-09-14 06:33:23,851 - Round number: 95 --------------------------
2025-09-14 06:33:23,852 - Evaluate global model
2025-09-14 06:33:28,524 - Averaged Train Loss: 1.1017
2025-09-14 06:33:28,527 - Test Accurancy: 0.5790
2025-09-14 06:33:28,527 - Attack Success Rate: 0.2707
2025-09-14 06:33:39,009 - DPD clipping bound C_t: 0.20786964893341064
2025-09-14 06:33:39,013 - DPD noise norm:1.177986741065979
2025-09-14 06:33:39,034 - Round number: 96 --------------------------
2025-09-14 06:33:39,034 - Evaluate global model
2025-09-14 06:33:45,066 - Averaged Train Loss: 1.0967
2025-09-14 06:33:45,069 - Test Accurancy: 0.5788
2025-09-14 06:33:45,069 - Attack Success Rate: 0.2893
2025-09-14 06:33:54,208 - DPD clipping bound C_t: 0.21004396677017212
2025-09-14 06:33:54,215 - DPD noise norm:1.1894112825393677
2025-09-14 06:33:54,235 - Round number: 97 --------------------------
2025-09-14 06:33:54,235 - Evaluate global model
2025-09-14 06:34:01,200 - Averaged Train Loss: 1.0923
2025-09-14 06:34:01,201 - Test Accurancy: 0.5804
2025-09-14 06:34:01,202 - Attack Success Rate: 0.2727
2025-09-14 06:34:09,384 - DPD clipping bound C_t: 0.20836394280195236
2025-09-14 06:34:09,396 - DPD noise norm:1.1812567710876465
2025-09-14 06:34:09,423 - Round number: 98 --------------------------
2025-09-14 06:34:09,423 - Evaluate global model
2025-09-14 06:34:16,264 - Averaged Train Loss: 1.0954
2025-09-14 06:34:16,265 - Test Accurancy: 0.5787
2025-09-14 06:34:16,265 - Attack Success Rate: 0.3000
2025-09-14 06:34:26,874 - DPD clipping bound C_t: 0.20390689373016357
2025-09-14 06:34:26,882 - DPD noise norm:1.1553376913070679
2025-09-14 06:34:26,900 - Round number: 99 --------------------------
2025-09-14 06:34:26,900 - Evaluate global model
2025-09-14 06:34:32,652 - Averaged Train Loss: 1.0946
2025-09-14 06:34:32,655 - Test Accurancy: 0.5802
2025-09-14 06:34:32,655 - Attack Success Rate: 0.2667
2025-09-14 06:34:43,321 - DPD clipping bound C_t: 0.20105252414941788
2025-09-14 06:34:43,329 - DPD noise norm:1.1404591798782349
2025-09-14 06:34:43,357 - Round number: 100 --------------------------
2025-09-14 06:34:43,358 - Evaluate global model
2025-09-14 06:34:49,674 - Averaged Train Loss: 1.0897
2025-09-14 06:34:49,675 - Test Accurancy: 0.5821
2025-09-14 06:34:49,675 - Attack Success Rate: 0.2753
2025-09-14 06:34:58,202 - DPD clipping bound C_t: 0.19984900206327438
2025-09-14 06:34:58,210 - DPD noise norm:1.1323916912078857
2025-09-14 06:34:58,213 - Run over
2025-09-14 06:34:58,214 - Saving results to ./exp/exp2/Cifar10/0.0064.h5
2025-09-14 06:34:58,246 - Best accuracy: 0.5820845820845821
2025-09-14 06:34:58,247 - Average time cost per round: 16.003578159809113
