2025-09-14 23:36:07,075 - *****************EXP-2*****************
2025-09-14 23:36:07,076 - Exp repeats: 1
2025-09-14 23:36:07,076 - Communication Rounds: 100
2025-09-14 23:36:07,076 - Clients: 40

2025-09-14 23:36:07,076 - Attack method: scale
2025-09-14 23:36:07,076 - Filtering rule: dpd
2025-09-14 23:36:07,076 - Dataset: Cifar10
2025-09-14 23:36:07,076 - Model: cnn2
2025-09-14 23:36:07,076 - Learning Rate: 0.04
2025-09-14 23:36:07,077 - Batch Size: 64
2025-09-14 23:36:07,077 - Device: cuda
2025-09-14 23:36:07,077 - Device id: 0
2025-09-14 23:36:07,077 - DPD clipping strategy: auto
2025-09-14 23:36:07,077 - DPD noise level: 0.026
2025-09-14 23:36:07,077 - Adversaries: 8
2025-09-14 23:36:07,077 - Targeted Label Flipping: 5-->3
2025-09-14 23:36:07,077 - *****************EXP-2*****************
2025-09-14 23:36:07,640 - Running time: 0th ==========================
2025-09-14 23:36:18,785 - Round number: 0 --------------------------
2025-09-14 23:36:18,786 - Evaluate global model
2025-09-14 23:36:28,592 - Averaged Train Loss: 2.3051
2025-09-14 23:36:28,596 - Test Accurancy: 0.0977
2025-09-14 23:36:28,596 - Attack Success Rate: 0.0000
2025-09-14 23:36:40,268 - DPD clipping bound C_t: 0.6831276714801788
2025-09-14 23:36:40,287 - DPD noise norm:15.719719886779785
2025-09-14 23:36:40,318 - Round number: 1 --------------------------
2025-09-14 23:36:40,318 - Evaluate global model
2025-09-14 23:36:46,254 - Averaged Train Loss: 2.2571
2025-09-14 23:36:46,255 - Test Accurancy: 0.1180
2025-09-14 23:36:46,255 - Attack Success Rate: 0.3736
2025-09-14 23:36:55,062 - DPD clipping bound C_t: 0.6661083102226257
2025-09-14 23:36:55,066 - DPD noise norm:15.33305835723877
2025-09-14 23:36:55,081 - Round number: 2 --------------------------
2025-09-14 23:36:55,081 - Evaluate global model
2025-09-14 23:36:59,784 - Averaged Train Loss: 2.1278
2025-09-14 23:36:59,787 - Test Accurancy: 0.2099
2025-09-14 23:36:59,787 - Attack Success Rate: 0.3907
2025-09-14 23:37:09,738 - DPD clipping bound C_t: 0.5936403870582581
2025-09-14 23:37:09,742 - DPD noise norm:13.674430847167969
2025-09-14 23:37:09,757 - Round number: 3 --------------------------
2025-09-14 23:37:09,758 - Evaluate global model
2025-09-14 23:37:14,953 - Averaged Train Loss: 2.0493
2025-09-14 23:37:14,959 - Test Accurancy: 0.2385
2025-09-14 23:37:14,959 - Attack Success Rate: 0.3648
2025-09-14 23:37:29,595 - DPD clipping bound C_t: 0.5816499888896942
2025-09-14 23:37:29,605 - DPD noise norm:13.374551773071289
2025-09-14 23:37:29,651 - Round number: 4 --------------------------
2025-09-14 23:37:29,652 - Evaluate global model
2025-09-14 23:37:39,311 - Averaged Train Loss: 2.0023
2025-09-14 23:37:39,313 - Test Accurancy: 0.2628
2025-09-14 23:37:39,313 - Attack Success Rate: 0.3805
2025-09-14 23:37:53,152 - DPD clipping bound C_t: 0.5699484944343567
2025-09-14 23:37:53,166 - DPD noise norm:13.116748809814453
2025-09-14 23:37:53,198 - Round number: 5 --------------------------
2025-09-14 23:37:53,198 - Evaluate global model
2025-09-14 23:38:05,981 - Averaged Train Loss: 1.9430
2025-09-14 23:38:05,990 - Test Accurancy: 0.2971
2025-09-14 23:38:05,990 - Attack Success Rate: 0.3470
2025-09-14 23:38:23,639 - DPD clipping bound C_t: 0.5493699312210083
2025-09-14 23:38:23,659 - DPD noise norm:12.651998519897461
2025-09-14 23:38:23,698 - Round number: 6 --------------------------
2025-09-14 23:38:23,699 - Evaluate global model
2025-09-14 23:38:36,027 - Averaged Train Loss: 1.9080
2025-09-14 23:38:36,029 - Test Accurancy: 0.3114
2025-09-14 23:38:36,029 - Attack Success Rate: 0.3354
2025-09-14 23:38:48,598 - DPD clipping bound C_t: 0.5455799698829651
2025-09-14 23:38:48,604 - DPD noise norm:12.581374168395996
2025-09-14 23:38:48,629 - Round number: 7 --------------------------
2025-09-14 23:38:48,629 - Evaluate global model
2025-09-14 23:38:53,444 - Averaged Train Loss: 1.8593
2025-09-14 23:38:53,445 - Test Accurancy: 0.3396
2025-09-14 23:38:53,445 - Attack Success Rate: 0.2951
2025-09-14 23:39:01,627 - DPD clipping bound C_t: 0.5411156713962555
2025-09-14 23:39:01,631 - DPD noise norm:12.462058067321777
2025-09-14 23:39:01,646 - Round number: 8 --------------------------
2025-09-14 23:39:01,646 - Evaluate global model
2025-09-14 23:39:07,488 - Averaged Train Loss: 1.8191
2025-09-14 23:39:07,488 - Test Accurancy: 0.3540
2025-09-14 23:39:07,488 - Attack Success Rate: 0.2807
2025-09-14 23:39:15,305 - DPD clipping bound C_t: 0.5306984186172485
2025-09-14 23:39:15,312 - DPD noise norm:12.208983421325684
2025-09-14 23:39:15,328 - Round number: 9 --------------------------
2025-09-14 23:39:15,328 - Evaluate global model
2025-09-14 23:39:20,010 - Averaged Train Loss: 1.7909
2025-09-14 23:39:20,011 - Test Accurancy: 0.3633
2025-09-14 23:39:20,011 - Attack Success Rate: 0.2500
2025-09-14 23:39:27,983 - DPD clipping bound C_t: 0.5185811221599579
2025-09-14 23:39:27,991 - DPD noise norm:11.945663452148438
2025-09-14 23:39:28,011 - Round number: 10 --------------------------
2025-09-14 23:39:28,011 - Evaluate global model
2025-09-14 23:39:34,436 - Averaged Train Loss: 1.7617
2025-09-14 23:39:34,438 - Test Accurancy: 0.3722
2025-09-14 23:39:34,438 - Attack Success Rate: 0.2848
2025-09-14 23:39:46,367 - DPD clipping bound C_t: 0.5163620412349701
2025-09-14 23:39:46,374 - DPD noise norm:11.873723030090332
2025-09-14 23:39:46,400 - Round number: 11 --------------------------
2025-09-14 23:39:46,401 - Evaluate global model
2025-09-14 23:39:53,229 - Averaged Train Loss: 1.7257
2025-09-14 23:39:53,233 - Test Accurancy: 0.3884
2025-09-14 23:39:53,233 - Attack Success Rate: 0.3033
2025-09-14 23:40:05,009 - DPD clipping bound C_t: 0.5106297135353088
2025-09-14 23:40:05,018 - DPD noise norm:11.762704849243164
2025-09-14 23:40:05,037 - Round number: 12 --------------------------
2025-09-14 23:40:05,037 - Evaluate global model
2025-09-14 23:40:10,612 - Averaged Train Loss: 1.6940
2025-09-14 23:40:10,614 - Test Accurancy: 0.3957
2025-09-14 23:40:10,614 - Attack Success Rate: 0.3313
2025-09-14 23:40:19,080 - DPD clipping bound C_t: 0.5055978894233704
2025-09-14 23:40:19,086 - DPD noise norm:11.629903793334961
2025-09-14 23:40:19,110 - Round number: 13 --------------------------
2025-09-14 23:40:19,110 - Evaluate global model
2025-09-14 23:40:23,762 - Averaged Train Loss: 1.6634
2025-09-14 23:40:23,767 - Test Accurancy: 0.4091
2025-09-14 23:40:23,767 - Attack Success Rate: 0.2835
2025-09-14 23:40:32,818 - DPD clipping bound C_t: 0.501504048705101
2025-09-14 23:40:32,823 - DPD noise norm:11.547470092773438
2025-09-14 23:40:32,843 - Round number: 14 --------------------------
2025-09-14 23:40:32,843 - Evaluate global model
2025-09-14 23:40:37,434 - Averaged Train Loss: 1.6327
2025-09-14 23:40:37,435 - Test Accurancy: 0.4193
2025-09-14 23:40:37,435 - Attack Success Rate: 0.3327
2025-09-14 23:40:45,763 - DPD clipping bound C_t: 0.5020013451576233
2025-09-14 23:40:45,766 - DPD noise norm:11.573974609375
2025-09-14 23:40:45,789 - Round number: 15 --------------------------
2025-09-14 23:40:45,789 - Evaluate global model
2025-09-14 23:40:49,882 - Averaged Train Loss: 1.6107
2025-09-14 23:40:49,883 - Test Accurancy: 0.4262
2025-09-14 23:40:49,883 - Attack Success Rate: 0.2896
2025-09-14 23:40:58,891 - DPD clipping bound C_t: 0.4902842193841934
2025-09-14 23:40:58,899 - DPD noise norm:11.266541481018066
2025-09-14 23:40:58,924 - Round number: 16 --------------------------
2025-09-14 23:40:58,924 - Evaluate global model
2025-09-14 23:41:04,283 - Averaged Train Loss: 1.5748
2025-09-14 23:41:04,284 - Test Accurancy: 0.4377
2025-09-14 23:41:04,285 - Attack Success Rate: 0.3149
2025-09-14 23:41:16,736 - DPD clipping bound C_t: 0.47579409182071686
2025-09-14 23:41:16,745 - DPD noise norm:10.947519302368164
2025-09-14 23:41:16,767 - Round number: 17 --------------------------
2025-09-14 23:41:16,767 - Evaluate global model
2025-09-14 23:41:26,607 - Averaged Train Loss: 1.5565
2025-09-14 23:41:26,617 - Test Accurancy: 0.4452
2025-09-14 23:41:26,617 - Attack Success Rate: 0.3456
2025-09-14 23:41:42,593 - DPD clipping bound C_t: 0.4734679013490677
2025-09-14 23:41:42,617 - DPD noise norm:10.900569915771484
2025-09-14 23:41:42,647 - Round number: 18 --------------------------
2025-09-14 23:41:42,647 - Evaluate global model
2025-09-14 23:41:51,366 - Averaged Train Loss: 1.5406
2025-09-14 23:41:51,372 - Test Accurancy: 0.4482
2025-09-14 23:41:51,372 - Attack Success Rate: 0.3367
2025-09-14 23:42:05,635 - DPD clipping bound C_t: 0.4733303189277649
2025-09-14 23:42:05,651 - DPD noise norm:10.899185180664062
2025-09-14 23:42:05,687 - Round number: 19 --------------------------
2025-09-14 23:42:05,688 - Evaluate global model
2025-09-14 23:42:17,092 - Averaged Train Loss: 1.5190
2025-09-14 23:42:17,100 - Test Accurancy: 0.4544
2025-09-14 23:42:17,100 - Attack Success Rate: 0.3361
2025-09-14 23:42:33,189 - DPD clipping bound C_t: 0.4644269645214081
2025-09-14 23:42:33,196 - DPD noise norm:10.694646835327148
2025-09-14 23:42:33,216 - Round number: 20 --------------------------
2025-09-14 23:42:33,217 - Evaluate global model
2025-09-14 23:42:43,492 - Averaged Train Loss: 1.5089
2025-09-14 23:42:43,494 - Test Accurancy: 0.4571
2025-09-14 23:42:43,496 - Attack Success Rate: 0.3053
2025-09-14 23:42:59,438 - DPD clipping bound C_t: 0.4683865010738373
2025-09-14 23:42:59,445 - DPD noise norm:10.783994674682617
2025-09-14 23:42:59,479 - Round number: 21 --------------------------
2025-09-14 23:42:59,479 - Evaluate global model
2025-09-14 23:43:10,733 - Averaged Train Loss: 1.4814
2025-09-14 23:43:10,743 - Test Accurancy: 0.4671
2025-09-14 23:43:10,743 - Attack Success Rate: 0.3292
2025-09-14 23:43:26,029 - DPD clipping bound C_t: 0.4628126621246338
2025-09-14 23:43:26,044 - DPD noise norm:10.639547348022461
2025-09-14 23:43:26,071 - Round number: 22 --------------------------
2025-09-14 23:43:26,072 - Evaluate global model
2025-09-14 23:43:33,812 - Averaged Train Loss: 1.4648
2025-09-14 23:43:33,820 - Test Accurancy: 0.4703
2025-09-14 23:43:33,820 - Attack Success Rate: 0.3374
2025-09-14 23:43:47,270 - DPD clipping bound C_t: 0.4574810713529587
2025-09-14 23:43:47,286 - DPD noise norm:10.52843952178955
2025-09-14 23:43:47,307 - Round number: 23 --------------------------
2025-09-14 23:43:47,308 - Evaluate global model
2025-09-14 23:43:53,820 - Averaged Train Loss: 1.4529
2025-09-14 23:43:53,826 - Test Accurancy: 0.4738
2025-09-14 23:43:53,827 - Attack Success Rate: 0.3306
2025-09-14 23:44:06,810 - DPD clipping bound C_t: 0.45559102296829224
2025-09-14 23:44:06,829 - DPD noise norm:10.483092308044434
2025-09-14 23:44:06,867 - Round number: 24 --------------------------
2025-09-14 23:44:06,867 - Evaluate global model
2025-09-14 23:44:21,181 - Averaged Train Loss: 1.4424
2025-09-14 23:44:21,192 - Test Accurancy: 0.4772
2025-09-14 23:44:21,192 - Attack Success Rate: 0.3156
2025-09-14 23:44:36,480 - DPD clipping bound C_t: 0.44379138946533203
2025-09-14 23:44:36,496 - DPD noise norm:10.204501152038574
2025-09-14 23:44:36,529 - Round number: 25 --------------------------
2025-09-14 23:44:36,530 - Evaluate global model
2025-09-14 23:44:49,297 - Averaged Train Loss: 1.4358
2025-09-14 23:44:49,309 - Test Accurancy: 0.4797
2025-09-14 23:44:49,309 - Attack Success Rate: 0.3306
2025-09-14 23:45:06,269 - DPD clipping bound C_t: 0.4403175264596939
2025-09-14 23:45:06,286 - DPD noise norm:10.12851619720459
2025-09-14 23:45:06,322 - Round number: 26 --------------------------
2025-09-14 23:45:06,323 - Evaluate global model
2025-09-14 23:45:14,072 - Averaged Train Loss: 1.4218
2025-09-14 23:45:14,073 - Test Accurancy: 0.4817
2025-09-14 23:45:14,074 - Attack Success Rate: 0.3388
2025-09-14 23:45:26,217 - DPD clipping bound C_t: 0.4407005310058594
2025-09-14 23:45:26,240 - DPD noise norm:10.148823738098145
2025-09-14 23:45:26,327 - Round number: 27 --------------------------
2025-09-14 23:45:26,345 - Evaluate global model
2025-09-14 23:45:32,268 - Averaged Train Loss: 1.4144
2025-09-14 23:45:32,270 - Test Accurancy: 0.4840
2025-09-14 23:45:32,270 - Attack Success Rate: 0.3675
2025-09-14 23:45:42,819 - DPD clipping bound C_t: 0.43690431118011475
2025-09-14 23:45:42,825 - DPD noise norm:10.04344654083252
2025-09-14 23:45:42,850 - Round number: 28 --------------------------
2025-09-14 23:45:42,850 - Evaluate global model
2025-09-14 23:45:49,055 - Averaged Train Loss: 1.4089
2025-09-14 23:45:49,059 - Test Accurancy: 0.4866
2025-09-14 23:45:49,060 - Attack Success Rate: 0.3736
2025-09-14 23:46:02,233 - DPD clipping bound C_t: 0.4312753230333328
2025-09-14 23:46:02,245 - DPD noise norm:9.933921813964844
2025-09-14 23:46:02,272 - Round number: 29 --------------------------
2025-09-14 23:46:02,272 - Evaluate global model
2025-09-14 23:46:11,425 - Averaged Train Loss: 1.3922
2025-09-14 23:46:11,433 - Test Accurancy: 0.4908
2025-09-14 23:46:11,433 - Attack Success Rate: 0.2951
2025-09-14 23:46:27,532 - DPD clipping bound C_t: 0.42691829800605774
2025-09-14 23:46:27,558 - DPD noise norm:9.82377815246582
2025-09-14 23:46:27,598 - Round number: 30 --------------------------
2025-09-14 23:46:27,599 - Evaluate global model
2025-09-14 23:46:39,564 - Averaged Train Loss: 1.3787
2025-09-14 23:46:39,566 - Test Accurancy: 0.4958
2025-09-14 23:46:39,566 - Attack Success Rate: 0.3354
2025-09-14 23:46:58,637 - DPD clipping bound C_t: 0.42301779985427856
2025-09-14 23:46:58,643 - DPD noise norm:9.754986763000488
2025-09-14 23:46:58,676 - Round number: 31 --------------------------
2025-09-14 23:46:58,676 - Evaluate global model
2025-09-14 23:47:10,264 - Averaged Train Loss: 1.3739
2025-09-14 23:47:10,274 - Test Accurancy: 0.4964
2025-09-14 23:47:10,274 - Attack Success Rate: 0.3306
2025-09-14 23:47:23,384 - DPD clipping bound C_t: 0.4190739244222641
2025-09-14 23:47:23,404 - DPD noise norm:9.653326988220215
2025-09-14 23:47:23,438 - Round number: 32 --------------------------
2025-09-14 23:47:23,439 - Evaluate global model
2025-09-14 23:47:33,683 - Averaged Train Loss: 1.3656
2025-09-14 23:47:33,686 - Test Accurancy: 0.4982
2025-09-14 23:47:33,686 - Attack Success Rate: 0.3784
2025-09-14 23:47:55,049 - DPD clipping bound C_t: 0.4142652302980423
2025-09-14 23:47:55,060 - DPD noise norm:9.532988548278809
2025-09-14 23:47:55,108 - Round number: 33 --------------------------
2025-09-14 23:47:55,108 - Evaluate global model
2025-09-14 23:48:05,866 - Averaged Train Loss: 1.3555
2025-09-14 23:48:05,873 - Test Accurancy: 0.5042
2025-09-14 23:48:05,874 - Attack Success Rate: 0.3484
2025-09-14 23:48:20,110 - DPD clipping bound C_t: 0.4106738865375519
2025-09-14 23:48:20,116 - DPD noise norm:9.458619117736816
2025-09-14 23:48:20,156 - Round number: 34 --------------------------
2025-09-14 23:48:20,157 - Evaluate global model
2025-09-14 23:48:30,462 - Averaged Train Loss: 1.3500
2025-09-14 23:48:30,464 - Test Accurancy: 0.5038
2025-09-14 23:48:30,464 - Attack Success Rate: 0.3449
2025-09-14 23:48:44,029 - DPD clipping bound C_t: 0.4096308946609497
2025-09-14 23:48:44,035 - DPD noise norm:9.42823600769043
2025-09-14 23:48:44,061 - Round number: 35 --------------------------
2025-09-14 23:48:44,061 - Evaluate global model
2025-09-14 23:48:54,285 - Averaged Train Loss: 1.3385
2025-09-14 23:48:54,290 - Test Accurancy: 0.5099
2025-09-14 23:48:54,290 - Attack Success Rate: 0.3204
2025-09-14 23:49:09,507 - DPD clipping bound C_t: 0.4042454808950424
2025-09-14 23:49:09,523 - DPD noise norm:9.292008399963379
2025-09-14 23:49:09,572 - Round number: 36 --------------------------
2025-09-14 23:49:09,573 - Evaluate global model
2025-09-14 23:49:18,178 - Averaged Train Loss: 1.3401
2025-09-14 23:49:18,180 - Test Accurancy: 0.5076
2025-09-14 23:49:18,180 - Attack Success Rate: 0.3408
2025-09-14 23:49:30,696 - DPD clipping bound C_t: 0.4044077396392822
2025-09-14 23:49:30,707 - DPD noise norm:9.303299903869629
2025-09-14 23:49:30,734 - Round number: 37 --------------------------
2025-09-14 23:49:30,734 - Evaluate global model
2025-09-14 23:49:36,220 - Averaged Train Loss: 1.3322
2025-09-14 23:49:36,222 - Test Accurancy: 0.5108
2025-09-14 23:49:36,223 - Attack Success Rate: 0.3204
2025-09-14 23:49:47,495 - DPD clipping bound C_t: 0.3977341949939728
2025-09-14 23:49:47,507 - DPD noise norm:9.154207229614258
2025-09-14 23:49:47,530 - Round number: 38 --------------------------
2025-09-14 23:49:47,530 - Evaluate global model
2025-09-14 23:49:58,576 - Averaged Train Loss: 1.3127
2025-09-14 23:49:58,577 - Test Accurancy: 0.5185
2025-09-14 23:49:58,577 - Attack Success Rate: 0.3074
2025-09-14 23:50:13,308 - DPD clipping bound C_t: 0.39079631865024567
2025-09-14 23:50:13,314 - DPD noise norm:8.9998197555542
2025-09-14 23:50:13,334 - Round number: 39 --------------------------
2025-09-14 23:50:13,334 - Evaluate global model
2025-09-14 23:50:20,046 - Averaged Train Loss: 1.3108
2025-09-14 23:50:20,049 - Test Accurancy: 0.5144
2025-09-14 23:50:20,049 - Attack Success Rate: 0.3361
2025-09-14 23:50:32,642 - DPD clipping bound C_t: 0.3877902328968048
2025-09-14 23:50:32,653 - DPD noise norm:8.924409866333008
2025-09-14 23:50:32,686 - Round number: 40 --------------------------
2025-09-14 23:50:32,686 - Evaluate global model
2025-09-14 23:50:44,653 - Averaged Train Loss: 1.3005
2025-09-14 23:50:44,666 - Test Accurancy: 0.5215
2025-09-14 23:50:44,666 - Attack Success Rate: 0.3026
2025-09-14 23:50:54,779 - DPD clipping bound C_t: 0.38743698596954346
2025-09-14 23:50:54,798 - DPD noise norm:8.903851509094238
2025-09-14 23:50:54,823 - Round number: 41 --------------------------
2025-09-14 23:50:54,824 - Evaluate global model
2025-09-14 23:51:00,795 - Averaged Train Loss: 1.2949
2025-09-14 23:51:00,796 - Test Accurancy: 0.5209
2025-09-14 23:51:00,796 - Attack Success Rate: 0.3374
2025-09-14 23:51:15,479 - DPD clipping bound C_t: 0.38747790455818176
2025-09-14 23:51:15,487 - DPD noise norm:8.913848876953125
2025-09-14 23:51:15,516 - Round number: 42 --------------------------
2025-09-14 23:51:15,517 - Evaluate global model
2025-09-14 23:51:30,667 - Averaged Train Loss: 1.2876
2025-09-14 23:51:30,670 - Test Accurancy: 0.5251
2025-09-14 23:51:30,670 - Attack Success Rate: 0.2985
2025-09-14 23:51:48,401 - DPD clipping bound C_t: 0.37907858192920685
2025-09-14 23:51:48,417 - DPD noise norm:8.72269344329834
2025-09-14 23:51:48,451 - Round number: 43 --------------------------
2025-09-14 23:51:48,451 - Evaluate global model
2025-09-14 23:52:00,560 - Averaged Train Loss: 1.2765
2025-09-14 23:52:00,570 - Test Accurancy: 0.5308
2025-09-14 23:52:00,570 - Attack Success Rate: 0.3224
2025-09-14 23:52:15,881 - DPD clipping bound C_t: 0.37606677412986755
2025-09-14 23:52:15,892 - DPD noise norm:8.651834487915039
2025-09-14 23:52:15,921 - Round number: 44 --------------------------
2025-09-14 23:52:15,921 - Evaluate global model
2025-09-14 23:52:23,862 - Averaged Train Loss: 1.2773
2025-09-14 23:52:23,863 - Test Accurancy: 0.5280
2025-09-14 23:52:23,863 - Attack Success Rate: 0.3634
2025-09-14 23:52:37,811 - DPD clipping bound C_t: 0.3786519765853882
2025-09-14 23:52:37,822 - DPD noise norm:8.71944522857666
2025-09-14 23:52:37,849 - Round number: 45 --------------------------
2025-09-14 23:52:37,850 - Evaluate global model
2025-09-14 23:52:45,752 - Averaged Train Loss: 1.2668
2025-09-14 23:52:45,753 - Test Accurancy: 0.5327
2025-09-14 23:52:45,753 - Attack Success Rate: 0.3272
2025-09-14 23:52:58,462 - DPD clipping bound C_t: 0.37017102539539337
2025-09-14 23:52:58,470 - DPD noise norm:8.512116432189941
2025-09-14 23:52:58,492 - Round number: 46 --------------------------
2025-09-14 23:52:58,492 - Evaluate global model
2025-09-14 23:53:08,286 - Averaged Train Loss: 1.2640
2025-09-14 23:53:08,300 - Test Accurancy: 0.5326
2025-09-14 23:53:08,301 - Attack Success Rate: 0.3128
2025-09-14 23:53:23,334 - DPD clipping bound C_t: 0.3732253462076187
2025-09-14 23:53:23,350 - DPD noise norm:8.59041976928711
2025-09-14 23:53:23,376 - Round number: 47 --------------------------
2025-09-14 23:53:23,376 - Evaluate global model
2025-09-14 23:53:31,574 - Averaged Train Loss: 1.2579
2025-09-14 23:53:31,587 - Test Accurancy: 0.5391
2025-09-14 23:53:31,588 - Attack Success Rate: 0.2910
2025-09-14 23:53:44,147 - DPD clipping bound C_t: 0.36397749185562134
2025-09-14 23:53:44,152 - DPD noise norm:8.385165214538574
2025-09-14 23:53:44,169 - Round number: 48 --------------------------
2025-09-14 23:53:44,169 - Evaluate global model
2025-09-14 23:53:49,804 - Averaged Train Loss: 1.2476
2025-09-14 23:53:49,805 - Test Accurancy: 0.5383
2025-09-14 23:53:49,805 - Attack Success Rate: 0.2971
2025-09-14 23:54:00,139 - DPD clipping bound C_t: 0.36166732013225555
2025-09-14 23:54:00,145 - DPD noise norm:8.33785343170166
2025-09-14 23:54:00,176 - Round number: 49 --------------------------
2025-09-14 23:54:00,177 - Evaluate global model
2025-09-14 23:54:05,801 - Averaged Train Loss: 1.2489
2025-09-14 23:54:05,802 - Test Accurancy: 0.5381
2025-09-14 23:54:05,802 - Attack Success Rate: 0.2978
2025-09-14 23:54:16,745 - DPD clipping bound C_t: 0.3591903746128082
2025-09-14 23:54:16,756 - DPD noise norm:8.271069526672363
2025-09-14 23:54:16,785 - Round number: 50 --------------------------
2025-09-14 23:54:16,786 - Evaluate global model
2025-09-14 23:54:27,729 - Averaged Train Loss: 1.2327
2025-09-14 23:54:27,739 - Test Accurancy: 0.5439
2025-09-14 23:54:27,740 - Attack Success Rate: 0.2944
2025-09-14 23:54:38,529 - DPD clipping bound C_t: 0.35304179787635803
2025-09-14 23:54:38,534 - DPD noise norm:8.127131462097168
2025-09-14 23:54:38,558 - Round number: 51 --------------------------
2025-09-14 23:54:38,559 - Evaluate global model
2025-09-14 23:54:43,517 - Averaged Train Loss: 1.2333
2025-09-14 23:54:43,518 - Test Accurancy: 0.5435
2025-09-14 23:54:43,518 - Attack Success Rate: 0.3149
2025-09-14 23:54:51,843 - DPD clipping bound C_t: 0.3511587977409363
2025-09-14 23:54:51,850 - DPD noise norm:8.08552360534668
2025-09-14 23:54:51,875 - Round number: 52 --------------------------
2025-09-14 23:54:51,876 - Evaluate global model
2025-09-14 23:54:56,899 - Averaged Train Loss: 1.2285
2025-09-14 23:54:56,900 - Test Accurancy: 0.5470
2025-09-14 23:54:56,901 - Attack Success Rate: 0.3149
2025-09-14 23:55:13,734 - DPD clipping bound C_t: 0.35147029161453247
2025-09-14 23:55:13,744 - DPD noise norm:8.087717056274414
2025-09-14 23:55:13,788 - Round number: 53 --------------------------
2025-09-14 23:55:13,788 - Evaluate global model
2025-09-14 23:55:25,595 - Averaged Train Loss: 1.2198
2025-09-14 23:55:25,610 - Test Accurancy: 0.5470
2025-09-14 23:55:25,610 - Attack Success Rate: 0.3620
2025-09-14 23:55:40,571 - DPD clipping bound C_t: 0.3428785800933838
2025-09-14 23:55:40,591 - DPD noise norm:7.894031047821045
2025-09-14 23:55:40,626 - Round number: 54 --------------------------
2025-09-14 23:55:40,627 - Evaluate global model
2025-09-14 23:55:52,291 - Averaged Train Loss: 1.2168
2025-09-14 23:55:52,299 - Test Accurancy: 0.5477
2025-09-14 23:55:52,300 - Attack Success Rate: 0.3204
2025-09-14 23:56:06,569 - DPD clipping bound C_t: 0.33830060064792633
2025-09-14 23:56:06,585 - DPD noise norm:7.779668807983398
2025-09-14 23:56:06,615 - Round number: 55 --------------------------
2025-09-14 23:56:06,615 - Evaluate global model
2025-09-14 23:56:14,131 - Averaged Train Loss: 1.2133
2025-09-14 23:56:14,132 - Test Accurancy: 0.5489
2025-09-14 23:56:14,132 - Attack Success Rate: 0.3094
2025-09-14 23:56:28,826 - DPD clipping bound C_t: 0.3383452147245407
2025-09-14 23:56:28,833 - DPD noise norm:7.793768882751465
2025-09-14 23:56:28,859 - Round number: 56 --------------------------
2025-09-14 23:56:28,859 - Evaluate global model
2025-09-14 23:56:40,248 - Averaged Train Loss: 1.2116
2025-09-14 23:56:40,253 - Test Accurancy: 0.5514
2025-09-14 23:56:40,254 - Attack Success Rate: 0.2985
2025-09-14 23:56:56,024 - DPD clipping bound C_t: 0.33381175994873047
2025-09-14 23:56:56,036 - DPD noise norm:7.689448356628418
2025-09-14 23:56:56,075 - Round number: 57 --------------------------
2025-09-14 23:56:56,076 - Evaluate global model
2025-09-14 23:57:03,039 - Averaged Train Loss: 1.1992
2025-09-14 23:57:03,044 - Test Accurancy: 0.5547
2025-09-14 23:57:03,044 - Attack Success Rate: 0.2801
2025-09-14 23:57:13,152 - DPD clipping bound C_t: 0.3339613080024719
2025-09-14 23:57:13,172 - DPD noise norm:7.683404445648193
2025-09-14 23:57:13,193 - Round number: 58 --------------------------
2025-09-14 23:57:13,194 - Evaluate global model
2025-09-14 23:57:21,254 - Averaged Train Loss: 1.1915
2025-09-14 23:57:21,263 - Test Accurancy: 0.5562
2025-09-14 23:57:21,263 - Attack Success Rate: 0.2951
2025-09-14 23:57:37,667 - DPD clipping bound C_t: 0.3270825296640396
2025-09-14 23:57:37,687 - DPD noise norm:7.537415027618408
2025-09-14 23:57:37,721 - Round number: 59 --------------------------
2025-09-14 23:57:37,722 - Evaluate global model
2025-09-14 23:57:52,399 - Averaged Train Loss: 1.1924
2025-09-14 23:57:52,409 - Test Accurancy: 0.5560
2025-09-14 23:57:52,409 - Attack Success Rate: 0.3586
2025-09-14 23:58:10,879 - DPD clipping bound C_t: 0.3262953609228134
2025-09-14 23:58:10,885 - DPD noise norm:7.506673336029053
2025-09-14 23:58:10,918 - Round number: 60 --------------------------
2025-09-14 23:58:10,918 - Evaluate global model
2025-09-14 23:58:20,552 - Averaged Train Loss: 1.1818
2025-09-14 23:58:20,554 - Test Accurancy: 0.5605
2025-09-14 23:58:20,554 - Attack Success Rate: 0.3046
2025-09-14 23:58:32,410 - DPD clipping bound C_t: 0.32236889004707336
2025-09-14 23:58:32,428 - DPD noise norm:7.422070026397705
2025-09-14 23:58:32,451 - Round number: 61 --------------------------
2025-09-14 23:58:32,452 - Evaluate global model
2025-09-14 23:58:36,946 - Averaged Train Loss: 1.1771
2025-09-14 23:58:36,947 - Test Accurancy: 0.5620
2025-09-14 23:58:36,947 - Attack Success Rate: 0.3026
2025-09-14 23:58:45,661 - DPD clipping bound C_t: 0.31807537376880646
2025-09-14 23:58:45,667 - DPD noise norm:7.329376220703125
2025-09-14 23:58:45,683 - Round number: 62 --------------------------
2025-09-14 23:58:45,684 - Evaluate global model
2025-09-14 23:58:49,621 - Averaged Train Loss: 1.1897
2025-09-14 23:58:49,622 - Test Accurancy: 0.5587
2025-09-14 23:58:49,622 - Attack Success Rate: 0.3135
2025-09-14 23:58:58,260 - DPD clipping bound C_t: 0.3157832622528076
2025-09-14 23:58:58,263 - DPD noise norm:7.280314922332764
2025-09-14 23:58:58,282 - Round number: 63 --------------------------
2025-09-14 23:58:58,282 - Evaluate global model
2025-09-14 23:59:02,770 - Averaged Train Loss: 1.1693
2025-09-14 23:59:02,773 - Test Accurancy: 0.5632
2025-09-14 23:59:02,773 - Attack Success Rate: 0.3081
2025-09-14 23:59:11,558 - DPD clipping bound C_t: 0.3114756792783737
2025-09-14 23:59:11,563 - DPD noise norm:7.171249866485596
2025-09-14 23:59:11,584 - Round number: 64 --------------------------
2025-09-14 23:59:11,584 - Evaluate global model
2025-09-14 23:59:17,763 - Averaged Train Loss: 1.1720
2025-09-14 23:59:17,770 - Test Accurancy: 0.5609
2025-09-14 23:59:17,770 - Attack Success Rate: 0.3204
2025-09-14 23:59:34,095 - DPD clipping bound C_t: 0.3097090423107147
2025-09-14 23:59:34,108 - DPD noise norm:7.1298089027404785
2025-09-14 23:59:34,139 - Round number: 65 --------------------------
2025-09-14 23:59:34,140 - Evaluate global model
2025-09-14 23:59:48,173 - Averaged Train Loss: 1.1656
2025-09-14 23:59:48,183 - Test Accurancy: 0.5665
2025-09-14 23:59:48,183 - Attack Success Rate: 0.3231
2025-09-15 00:00:05,157 - DPD clipping bound C_t: 0.3056167960166931
2025-09-15 00:00:05,161 - DPD noise norm:7.036279201507568
2025-09-15 00:00:05,176 - Round number: 66 --------------------------
2025-09-15 00:00:05,177 - Evaluate global model
2025-09-15 00:00:09,865 - Averaged Train Loss: 1.1584
2025-09-15 00:00:09,866 - Test Accurancy: 0.5684
2025-09-15 00:00:09,866 - Attack Success Rate: 0.2459
2025-09-15 00:00:18,197 - DPD clipping bound C_t: 0.3054564595222473
2025-09-15 00:00:18,201 - DPD noise norm:7.0239176750183105
2025-09-15 00:00:18,217 - Round number: 67 --------------------------
2025-09-15 00:00:18,217 - Evaluate global model
2025-09-15 00:00:23,500 - Averaged Train Loss: 1.1528
2025-09-15 00:00:23,503 - Test Accurancy: 0.5684
2025-09-15 00:00:23,503 - Attack Success Rate: 0.2855
2025-09-15 00:00:33,378 - DPD clipping bound C_t: 0.30011358857154846
2025-09-15 00:00:33,386 - DPD noise norm:6.906023025512695
2025-09-15 00:00:33,411 - Round number: 68 --------------------------
2025-09-15 00:00:33,411 - Evaluate global model
2025-09-15 00:00:38,268 - Averaged Train Loss: 1.1502
2025-09-15 00:00:38,269 - Test Accurancy: 0.5666
2025-09-15 00:00:38,269 - Attack Success Rate: 0.2630
2025-09-15 00:00:46,881 - DPD clipping bound C_t: 0.29370126128196716
2025-09-15 00:00:46,887 - DPD noise norm:6.759347915649414
2025-09-15 00:00:46,907 - Round number: 69 --------------------------
2025-09-15 00:00:46,907 - Evaluate global model
2025-09-15 00:00:51,633 - Averaged Train Loss: 1.1504
2025-09-15 00:00:51,634 - Test Accurancy: 0.5656
2025-09-15 00:00:51,634 - Attack Success Rate: 0.3251
2025-09-15 00:01:04,135 - DPD clipping bound C_t: 0.29444707930088043
2025-09-15 00:01:04,144 - DPD noise norm:6.77791690826416
2025-09-15 00:01:04,161 - Round number: 70 --------------------------
2025-09-15 00:01:04,161 - Evaluate global model
2025-09-15 00:01:15,003 - Averaged Train Loss: 1.1422
2025-09-15 00:01:15,005 - Test Accurancy: 0.5706
2025-09-15 00:01:15,005 - Attack Success Rate: 0.3163
2025-09-15 00:01:33,489 - DPD clipping bound C_t: 0.2910112589597702
2025-09-15 00:01:33,502 - DPD noise norm:6.698517322540283
2025-09-15 00:01:33,544 - Round number: 71 --------------------------
2025-09-15 00:01:33,545 - Evaluate global model
2025-09-15 00:01:41,005 - Averaged Train Loss: 1.1365
2025-09-15 00:01:41,006 - Test Accurancy: 0.5726
2025-09-15 00:01:41,006 - Attack Success Rate: 0.3067
2025-09-15 00:01:49,536 - DPD clipping bound C_t: 0.2875951677560806
2025-09-15 00:01:49,541 - DPD noise norm:6.615225791931152
2025-09-15 00:01:49,555 - Round number: 72 --------------------------
2025-09-15 00:01:49,555 - Evaluate global model
2025-09-15 00:01:54,158 - Averaged Train Loss: 1.1408
2025-09-15 00:01:54,158 - Test Accurancy: 0.5709
2025-09-15 00:01:54,158 - Attack Success Rate: 0.2971
2025-09-15 00:02:02,405 - DPD clipping bound C_t: 0.2866648882627487
2025-09-15 00:02:02,412 - DPD noise norm:6.608215808868408
2025-09-15 00:02:02,429 - Round number: 73 --------------------------
2025-09-15 00:02:02,429 - Evaluate global model
2025-09-15 00:02:06,993 - Averaged Train Loss: 1.1276
2025-09-15 00:02:06,993 - Test Accurancy: 0.5746
2025-09-15 00:02:06,993 - Attack Success Rate: 0.2910
2025-09-15 00:02:15,980 - DPD clipping bound C_t: 0.2831965833902359
2025-09-15 00:02:15,984 - DPD noise norm:6.517024517059326
2025-09-15 00:02:16,007 - Round number: 74 --------------------------
2025-09-15 00:02:16,008 - Evaluate global model
2025-09-15 00:02:20,850 - Averaged Train Loss: 1.1287
2025-09-15 00:02:20,851 - Test Accurancy: 0.5740
2025-09-15 00:02:20,851 - Attack Success Rate: 0.3060
2025-09-15 00:02:29,529 - DPD clipping bound C_t: 0.2767387628555298
2025-09-15 00:02:29,534 - DPD noise norm:6.374967575073242
2025-09-15 00:02:29,552 - Round number: 75 --------------------------
2025-09-15 00:02:29,553 - Evaluate global model
2025-09-15 00:02:35,114 - Averaged Train Loss: 1.1195
2025-09-15 00:02:35,122 - Test Accurancy: 0.5796
2025-09-15 00:02:35,122 - Attack Success Rate: 0.2561
2025-09-15 00:02:51,979 - DPD clipping bound C_t: 0.2758534997701645
2025-09-15 00:02:51,996 - DPD noise norm:6.360081195831299
2025-09-15 00:02:52,032 - Round number: 76 --------------------------
2025-09-15 00:02:52,033 - Evaluate global model
2025-09-15 00:03:03,498 - Averaged Train Loss: 1.1194
2025-09-15 00:03:03,501 - Test Accurancy: 0.5783
2025-09-15 00:03:03,501 - Attack Success Rate: 0.2609
2025-09-15 00:03:19,451 - DPD clipping bound C_t: 0.27013006806373596
2025-09-15 00:03:19,484 - DPD noise norm:6.215083599090576
2025-09-15 00:03:19,529 - Round number: 77 --------------------------
2025-09-15 00:03:19,529 - Evaluate global model
2025-09-15 00:03:32,123 - Averaged Train Loss: 1.1103
2025-09-15 00:03:32,125 - Test Accurancy: 0.5835
2025-09-15 00:03:32,126 - Attack Success Rate: 0.2876
2025-09-15 00:03:48,646 - DPD clipping bound C_t: 0.2700484097003937
2025-09-15 00:03:48,658 - DPD noise norm:6.20441198348999
2025-09-15 00:03:48,690 - Round number: 78 --------------------------
2025-09-15 00:03:48,690 - Evaluate global model
2025-09-15 00:03:59,848 - Averaged Train Loss: 1.1045
2025-09-15 00:03:59,858 - Test Accurancy: 0.5796
2025-09-15 00:03:59,858 - Attack Success Rate: 0.2555
2025-09-15 00:04:14,621 - DPD clipping bound C_t: 0.26400311291217804
2025-09-15 00:04:14,635 - DPD noise norm:6.0797810554504395
2025-09-15 00:04:14,660 - Round number: 79 --------------------------
2025-09-15 00:04:14,661 - Evaluate global model
2025-09-15 00:04:26,568 - Averaged Train Loss: 1.1058
2025-09-15 00:04:26,577 - Test Accurancy: 0.5830
2025-09-15 00:04:26,578 - Attack Success Rate: 0.2753
2025-09-15 00:04:43,650 - DPD clipping bound C_t: 0.26007573306560516
2025-09-15 00:04:43,656 - DPD noise norm:5.983124256134033
2025-09-15 00:04:43,676 - Round number: 80 --------------------------
2025-09-15 00:04:43,677 - Evaluate global model
2025-09-15 00:04:55,371 - Averaged Train Loss: 1.1069
2025-09-15 00:04:55,374 - Test Accurancy: 0.5806
2025-09-15 00:04:55,375 - Attack Success Rate: 0.2500
2025-09-15 00:05:04,771 - DPD clipping bound C_t: 0.25763703882694244
2025-09-15 00:05:04,777 - DPD noise norm:5.929172992706299
2025-09-15 00:05:04,792 - Round number: 81 --------------------------
2025-09-15 00:05:04,793 - Evaluate global model
2025-09-15 00:05:09,197 - Averaged Train Loss: 1.1018
2025-09-15 00:05:09,199 - Test Accurancy: 0.5847
2025-09-15 00:05:09,199 - Attack Success Rate: 0.2589
2025-09-15 00:05:18,201 - DPD clipping bound C_t: 0.25656449794769287
2025-09-15 00:05:18,205 - DPD noise norm:5.9045538902282715
2025-09-15 00:05:18,221 - Round number: 82 --------------------------
2025-09-15 00:05:18,221 - Evaluate global model
2025-09-15 00:05:21,822 - Averaged Train Loss: 1.0989
2025-09-15 00:05:21,823 - Test Accurancy: 0.5829
2025-09-15 00:05:21,823 - Attack Success Rate: 0.2766
2025-09-15 00:05:31,370 - DPD clipping bound C_t: 0.2519535422325134
2025-09-15 00:05:31,374 - DPD noise norm:5.799960613250732
2025-09-15 00:05:31,393 - Round number: 83 --------------------------
2025-09-15 00:05:31,393 - Evaluate global model
2025-09-15 00:05:36,579 - Averaged Train Loss: 1.0989
2025-09-15 00:05:36,580 - Test Accurancy: 0.5844
2025-09-15 00:05:36,580 - Attack Success Rate: 0.2637
2025-09-15 00:05:47,503 - DPD clipping bound C_t: 0.2474662885069847
2025-09-15 00:05:47,511 - DPD noise norm:5.690491199493408
2025-09-15 00:05:47,556 - Round number: 84 --------------------------
2025-09-15 00:05:47,557 - Evaluate global model
2025-09-15 00:05:58,152 - Averaged Train Loss: 1.0922
2025-09-15 00:05:58,166 - Test Accurancy: 0.5868
2025-09-15 00:05:58,166 - Attack Success Rate: 0.2486
2025-09-15 00:06:13,488 - DPD clipping bound C_t: 0.24812470376491547
2025-09-15 00:06:13,502 - DPD noise norm:5.708921909332275
2025-09-15 00:06:13,535 - Round number: 85 --------------------------
2025-09-15 00:06:13,536 - Evaluate global model
2025-09-15 00:06:18,736 - Averaged Train Loss: 1.0932
2025-09-15 00:06:18,743 - Test Accurancy: 0.5855
2025-09-15 00:06:18,743 - Attack Success Rate: 0.2910
2025-09-15 00:06:32,261 - DPD clipping bound C_t: 0.24496642500162125
2025-09-15 00:06:32,267 - DPD noise norm:5.64698600769043
2025-09-15 00:06:32,290 - Round number: 86 --------------------------
2025-09-15 00:06:32,291 - Evaluate global model
2025-09-15 00:06:35,939 - Averaged Train Loss: 1.0850
2025-09-15 00:06:35,940 - Test Accurancy: 0.5870
2025-09-15 00:06:35,940 - Attack Success Rate: 0.2828
2025-09-15 00:06:47,776 - DPD clipping bound C_t: 0.24121784418821335
2025-09-15 00:06:47,783 - DPD noise norm:5.552491664886475
2025-09-15 00:06:47,823 - Round number: 87 --------------------------
2025-09-15 00:06:47,823 - Evaluate global model
2025-09-15 00:06:56,053 - Averaged Train Loss: 1.0845
2025-09-15 00:06:56,058 - Test Accurancy: 0.5879
2025-09-15 00:06:56,058 - Attack Success Rate: 0.2739
2025-09-15 00:07:10,017 - DPD clipping bound C_t: 0.23667028546333313
2025-09-15 00:07:10,023 - DPD noise norm:5.441674709320068
2025-09-15 00:07:10,042 - Round number: 88 --------------------------
2025-09-15 00:07:10,042 - Evaluate global model
2025-09-15 00:07:15,324 - Averaged Train Loss: 1.0755
2025-09-15 00:07:15,324 - Test Accurancy: 0.5896
2025-09-15 00:07:15,324 - Attack Success Rate: 0.2602
2025-09-15 00:07:22,870 - DPD clipping bound C_t: 0.23625458776950836
2025-09-15 00:07:22,875 - DPD noise norm:5.432312965393066
2025-09-15 00:07:22,896 - Round number: 89 --------------------------
2025-09-15 00:07:22,896 - Evaluate global model
2025-09-15 00:07:27,749 - Averaged Train Loss: 1.0853
2025-09-15 00:07:27,750 - Test Accurancy: 0.5851
2025-09-15 00:07:27,750 - Attack Success Rate: 0.2637
2025-09-15 00:07:36,013 - DPD clipping bound C_t: 0.23605071753263474
2025-09-15 00:07:36,016 - DPD noise norm:5.432016849517822
2025-09-15 00:07:36,031 - Round number: 90 --------------------------
2025-09-15 00:07:36,031 - Evaluate global model
2025-09-15 00:07:40,986 - Averaged Train Loss: 1.0813
2025-09-15 00:07:40,987 - Test Accurancy: 0.5865
2025-09-15 00:07:40,987 - Attack Success Rate: 0.2548
2025-09-15 00:07:51,589 - DPD clipping bound C_t: 0.23334918916225433
2025-09-15 00:07:51,600 - DPD noise norm:5.369974613189697
2025-09-15 00:07:51,621 - Round number: 91 --------------------------
2025-09-15 00:07:51,621 - Evaluate global model
2025-09-15 00:07:58,460 - Averaged Train Loss: 1.0702
2025-09-15 00:07:58,462 - Test Accurancy: 0.5896
2025-09-15 00:07:58,462 - Attack Success Rate: 0.2753
2025-09-15 00:08:09,536 - DPD clipping bound C_t: 0.2286955788731575
2025-09-15 00:08:09,543 - DPD noise norm:5.267829895019531
2025-09-15 00:08:09,564 - Round number: 92 --------------------------
2025-09-15 00:08:09,564 - Evaluate global model
2025-09-15 00:08:15,363 - Averaged Train Loss: 1.0753
2025-09-15 00:08:15,364 - Test Accurancy: 0.5863
2025-09-15 00:08:15,364 - Attack Success Rate: 0.3087
2025-09-15 00:08:25,289 - DPD clipping bound C_t: 0.22551995515823364
2025-09-15 00:08:25,294 - DPD noise norm:5.184119701385498
2025-09-15 00:08:25,314 - Round number: 93 --------------------------
2025-09-15 00:08:25,314 - Evaluate global model
2025-09-15 00:08:30,937 - Averaged Train Loss: 1.0659
2025-09-15 00:08:30,938 - Test Accurancy: 0.5897
2025-09-15 00:08:30,938 - Attack Success Rate: 0.2691
2025-09-15 00:08:39,592 - DPD clipping bound C_t: 0.22359180450439453
2025-09-15 00:08:39,598 - DPD noise norm:5.146860122680664
2025-09-15 00:08:39,620 - Round number: 94 --------------------------
2025-09-15 00:08:39,621 - Evaluate global model
2025-09-15 00:08:46,347 - Averaged Train Loss: 1.0627
2025-09-15 00:08:46,347 - Test Accurancy: 0.5907
2025-09-15 00:08:46,348 - Attack Success Rate: 0.2753
2025-09-15 00:08:54,718 - DPD clipping bound C_t: 0.2183159738779068
2025-09-15 00:08:54,723 - DPD noise norm:5.034663200378418
2025-09-15 00:08:54,741 - Round number: 95 --------------------------
2025-09-15 00:08:54,741 - Evaluate global model
2025-09-15 00:08:59,501 - Averaged Train Loss: 1.0661
2025-09-15 00:08:59,502 - Test Accurancy: 0.5903
2025-09-15 00:08:59,502 - Attack Success Rate: 0.2794
2025-09-15 00:09:09,717 - DPD clipping bound C_t: 0.2167433649301529
2025-09-15 00:09:09,724 - DPD noise norm:4.989862442016602
2025-09-15 00:09:09,746 - Round number: 96 --------------------------
2025-09-15 00:09:09,746 - Evaluate global model
2025-09-15 00:09:14,775 - Averaged Train Loss: 1.0623
2025-09-15 00:09:14,778 - Test Accurancy: 0.5927
2025-09-15 00:09:14,778 - Attack Success Rate: 0.2978
2025-09-15 00:09:25,596 - DPD clipping bound C_t: 0.21498142182826996
2025-09-15 00:09:25,603 - DPD noise norm:4.945568084716797
2025-09-15 00:09:25,637 - Round number: 97 --------------------------
2025-09-15 00:09:25,638 - Evaluate global model
2025-09-15 00:09:32,002 - Averaged Train Loss: 1.0544
2025-09-15 00:09:32,005 - Test Accurancy: 0.5945
2025-09-15 00:09:32,005 - Attack Success Rate: 0.2780
2025-09-15 00:09:41,840 - DPD clipping bound C_t: 0.21529578417539597
2025-09-15 00:09:41,849 - DPD noise norm:4.9585041999816895
2025-09-15 00:09:41,874 - Round number: 98 --------------------------
2025-09-15 00:09:41,875 - Evaluate global model
2025-09-15 00:09:47,716 - Averaged Train Loss: 1.0552
2025-09-15 00:09:47,717 - Test Accurancy: 0.5959
2025-09-15 00:09:47,718 - Attack Success Rate: 0.2958
2025-09-15 00:09:57,876 - DPD clipping bound C_t: 0.20885996520519257
2025-09-15 00:09:57,883 - DPD noise norm:4.807570457458496
2025-09-15 00:09:57,902 - Round number: 99 --------------------------
2025-09-15 00:09:57,902 - Evaluate global model
2025-09-15 00:10:03,471 - Averaged Train Loss: 1.0571
2025-09-15 00:10:03,472 - Test Accurancy: 0.5923
2025-09-15 00:10:03,472 - Attack Success Rate: 0.2917
2025-09-15 00:10:12,939 - DPD clipping bound C_t: 0.20673569291830063
2025-09-15 00:10:12,944 - DPD noise norm:4.764080047607422
2025-09-15 00:10:12,969 - Round number: 100 --------------------------
2025-09-15 00:10:12,969 - Evaluate global model
2025-09-15 00:10:17,645 - Averaged Train Loss: 1.0551
2025-09-15 00:10:17,646 - Test Accurancy: 0.5936
2025-09-15 00:10:17,646 - Attack Success Rate: 0.2766
2025-09-15 00:10:25,744 - DPD clipping bound C_t: 0.20750484615564346
2025-09-15 00:10:25,753 - DPD noise norm:4.776571750640869
2025-09-15 00:10:25,757 - Run over
2025-09-15 00:10:25,757 - Saving results to ./exp/exp2/Cifar10/0.026.h5
2025-09-15 00:10:25,817 - Best accuracy: 0.5958707958707958
2025-09-15 00:10:25,817 - Average time cost per round: 20.254590280056
