2025-09-15 00:10:50,200 - *****************EXP-2*****************
2025-09-15 00:10:50,203 - Exp repeats: 1
2025-09-15 00:10:50,203 - Communication Rounds: 100
2025-09-15 00:10:50,203 - Clients: 40

2025-09-15 00:10:50,203 - Attack method: scale
2025-09-15 00:10:50,203 - Filtering rule: dpd
2025-09-15 00:10:50,203 - Dataset: Cifar10
2025-09-15 00:10:50,204 - Model: cnn2
2025-09-15 00:10:50,204 - Learning Rate: 0.04
2025-09-15 00:10:50,204 - Batch Size: 64
2025-09-15 00:10:50,204 - Device: cuda
2025-09-15 00:10:50,204 - Device id: 0
2025-09-15 00:10:50,204 - DPD clipping strategy: auto
2025-09-15 00:10:50,204 - DPD noise level: 0.036
2025-09-15 00:10:50,204 - Adversaries: 8
2025-09-15 00:10:50,204 - Targeted Label Flipping: 5-->3
2025-09-15 00:10:50,204 - *****************EXP-2*****************
2025-09-15 00:10:51,499 - Running time: 0th ==========================
2025-09-15 00:11:02,524 - Round number: 0 --------------------------
2025-09-15 00:11:02,530 - Evaluate global model
2025-09-15 00:11:07,531 - Averaged Train Loss: 2.3051
2025-09-15 00:11:07,533 - Test Accurancy: 0.0977
2025-09-15 00:11:07,533 - Attack Success Rate: 0.0000
2025-09-15 00:11:15,605 - DPD clipping bound C_t: 0.6735219955444336
2025-09-15 00:11:15,616 - DPD noise norm:21.4597110748291
2025-09-15 00:11:15,632 - Round number: 1 --------------------------
2025-09-15 00:11:15,633 - Evaluate global model
2025-09-15 00:11:19,669 - Averaged Train Loss: 2.2583
2025-09-15 00:11:19,670 - Test Accurancy: 0.1127
2025-09-15 00:11:19,670 - Attack Success Rate: 0.3347
2025-09-15 00:11:29,670 - DPD clipping bound C_t: 0.665225476026535
2025-09-15 00:11:29,688 - DPD noise norm:21.202251434326172
2025-09-15 00:11:29,711 - Round number: 2 --------------------------
2025-09-15 00:11:29,711 - Evaluate global model
2025-09-15 00:11:44,089 - Averaged Train Loss: 2.1297
2025-09-15 00:11:44,090 - Test Accurancy: 0.2177
2025-09-15 00:11:44,091 - Attack Success Rate: 0.4016
2025-09-15 00:12:01,656 - DPD clipping bound C_t: 0.6016483306884766
2025-09-15 00:12:01,669 - DPD noise norm:19.18923568725586
2025-09-15 00:12:01,711 - Round number: 3 --------------------------
2025-09-15 00:12:01,711 - Evaluate global model
2025-09-15 00:12:16,431 - Averaged Train Loss: 2.0511
2025-09-15 00:12:16,444 - Test Accurancy: 0.2368
2025-09-15 00:12:16,445 - Attack Success Rate: 0.3839
2025-09-15 00:12:33,825 - DPD clipping bound C_t: 0.5829992890357971
2025-09-15 00:12:33,841 - DPD noise norm:18.561567306518555
2025-09-15 00:12:33,873 - Round number: 4 --------------------------
2025-09-15 00:12:33,873 - Evaluate global model
2025-09-15 00:12:44,685 - Averaged Train Loss: 2.0061
2025-09-15 00:12:44,686 - Test Accurancy: 0.2585
2025-09-15 00:12:44,686 - Attack Success Rate: 0.4153
2025-09-15 00:13:02,112 - DPD clipping bound C_t: 0.5740279257297516
2025-09-15 00:13:02,118 - DPD noise norm:18.291641235351562
2025-09-15 00:13:02,139 - Round number: 5 --------------------------
2025-09-15 00:13:02,139 - Evaluate global model
2025-09-15 00:13:14,122 - Averaged Train Loss: 1.9448
2025-09-15 00:13:14,124 - Test Accurancy: 0.2969
2025-09-15 00:13:14,124 - Attack Success Rate: 0.3600
2025-09-15 00:13:27,352 - DPD clipping bound C_t: 0.5534502565860748
2025-09-15 00:13:27,356 - DPD noise norm:17.64826202392578
2025-09-15 00:13:27,383 - Round number: 6 --------------------------
2025-09-15 00:13:27,383 - Evaluate global model
2025-09-15 00:13:36,631 - Averaged Train Loss: 1.9115
2025-09-15 00:13:36,644 - Test Accurancy: 0.3078
2025-09-15 00:13:36,644 - Attack Success Rate: 0.3484
2025-09-15 00:13:54,193 - DPD clipping bound C_t: 0.5497722625732422
2025-09-15 00:13:54,208 - DPD noise norm:17.554222106933594
2025-09-15 00:13:54,238 - Round number: 7 --------------------------
2025-09-15 00:13:54,239 - Evaluate global model
2025-09-15 00:14:08,525 - Averaged Train Loss: 1.8616
2025-09-15 00:14:08,528 - Test Accurancy: 0.3372
2025-09-15 00:14:08,528 - Attack Success Rate: 0.2917
2025-09-15 00:14:26,415 - DPD clipping bound C_t: 0.5451514422893524
2025-09-15 00:14:26,425 - DPD noise norm:17.383852005004883
2025-09-15 00:14:26,458 - Round number: 8 --------------------------
2025-09-15 00:14:26,458 - Evaluate global model
2025-09-15 00:14:34,537 - Averaged Train Loss: 1.8197
2025-09-15 00:14:34,539 - Test Accurancy: 0.3534
2025-09-15 00:14:34,539 - Attack Success Rate: 0.2732
2025-09-15 00:14:48,918 - DPD clipping bound C_t: 0.5343029499053955
2025-09-15 00:14:48,928 - DPD noise norm:17.019563674926758
2025-09-15 00:14:48,965 - Round number: 9 --------------------------
2025-09-15 00:14:48,966 - Evaluate global model
2025-09-15 00:15:01,911 - Averaged Train Loss: 1.7891
2025-09-15 00:15:01,921 - Test Accurancy: 0.3660
2025-09-15 00:15:01,921 - Attack Success Rate: 0.2520
2025-09-15 00:15:16,855 - DPD clipping bound C_t: 0.5226268768310547
2025-09-15 00:15:16,875 - DPD noise norm:16.669185638427734
2025-09-15 00:15:16,909 - Round number: 10 --------------------------
2025-09-15 00:15:16,909 - Evaluate global model
2025-09-15 00:15:27,246 - Averaged Train Loss: 1.7613
2025-09-15 00:15:27,247 - Test Accurancy: 0.3745
2025-09-15 00:15:27,247 - Attack Success Rate: 0.2876
2025-09-15 00:15:41,976 - DPD clipping bound C_t: 0.5210616588592529
2025-09-15 00:15:41,986 - DPD noise norm:16.590167999267578
2025-09-15 00:15:42,026 - Round number: 11 --------------------------
2025-09-15 00:15:42,026 - Evaluate global model
2025-09-15 00:15:50,455 - Averaged Train Loss: 1.7252
2025-09-15 00:15:50,457 - Test Accurancy: 0.3895
2025-09-15 00:15:50,457 - Attack Success Rate: 0.2978
2025-09-15 00:16:05,287 - DPD clipping bound C_t: 0.5136810541152954
2025-09-15 00:16:05,299 - DPD noise norm:16.38414764404297
2025-09-15 00:16:05,334 - Round number: 12 --------------------------
2025-09-15 00:16:05,335 - Evaluate global model
2025-09-15 00:16:13,562 - Averaged Train Loss: 1.6952
2025-09-15 00:16:13,565 - Test Accurancy: 0.3955
2025-09-15 00:16:13,565 - Attack Success Rate: 0.3327
2025-09-15 00:16:28,022 - DPD clipping bound C_t: 0.5124019980430603
2025-09-15 00:16:28,029 - DPD noise norm:16.31964683532715
2025-09-15 00:16:28,072 - Round number: 13 --------------------------
2025-09-15 00:16:28,073 - Evaluate global model
2025-09-15 00:16:33,424 - Averaged Train Loss: 1.6609
2025-09-15 00:16:33,431 - Test Accurancy: 0.4109
2025-09-15 00:16:33,431 - Attack Success Rate: 0.2732
2025-09-15 00:16:44,085 - DPD clipping bound C_t: 0.5055164694786072
2025-09-15 00:16:44,098 - DPD noise norm:16.11672592163086
2025-09-15 00:16:44,119 - Round number: 14 --------------------------
2025-09-15 00:16:44,119 - Evaluate global model
2025-09-15 00:16:52,609 - Averaged Train Loss: 1.6301
2025-09-15 00:16:52,611 - Test Accurancy: 0.4198
2025-09-15 00:16:52,611 - Attack Success Rate: 0.3190
2025-09-15 00:17:05,778 - DPD clipping bound C_t: 0.5049630254507065
2025-09-15 00:17:05,787 - DPD noise norm:16.12005043029785
2025-09-15 00:17:05,825 - Round number: 15 --------------------------
2025-09-15 00:17:05,825 - Evaluate global model
2025-09-15 00:17:16,069 - Averaged Train Loss: 1.6072
2025-09-15 00:17:16,078 - Test Accurancy: 0.4283
2025-09-15 00:17:16,078 - Attack Success Rate: 0.2842
2025-09-15 00:17:33,640 - DPD clipping bound C_t: 0.49437354505062103
2025-09-15 00:17:33,648 - DPD noise norm:15.729941368103027
2025-09-15 00:17:33,685 - Round number: 16 --------------------------
2025-09-15 00:17:33,685 - Evaluate global model
2025-09-15 00:17:45,358 - Averaged Train Loss: 1.5719
2025-09-15 00:17:45,360 - Test Accurancy: 0.4392
2025-09-15 00:17:45,360 - Attack Success Rate: 0.3231
2025-09-15 00:17:59,920 - DPD clipping bound C_t: 0.48229841887950897
2025-09-15 00:17:59,925 - DPD noise norm:15.36532211303711
2025-09-15 00:17:59,947 - Round number: 17 --------------------------
2025-09-15 00:17:59,947 - Evaluate global model
2025-09-15 00:18:09,655 - Averaged Train Loss: 1.5535
2025-09-15 00:18:09,664 - Test Accurancy: 0.4460
2025-09-15 00:18:09,664 - Attack Success Rate: 0.3381
2025-09-15 00:18:26,142 - DPD clipping bound C_t: 0.4783911556005478
2025-09-15 00:18:26,159 - DPD noise norm:15.250039100646973
2025-09-15 00:18:26,187 - Round number: 18 --------------------------
2025-09-15 00:18:26,188 - Evaluate global model
2025-09-15 00:18:37,482 - Averaged Train Loss: 1.5394
2025-09-15 00:18:37,496 - Test Accurancy: 0.4500
2025-09-15 00:18:37,496 - Attack Success Rate: 0.3306
2025-09-15 00:18:54,165 - DPD clipping bound C_t: 0.4816121608018875
2025-09-15 00:18:54,179 - DPD noise norm:15.35522747039795
2025-09-15 00:18:54,209 - Round number: 19 --------------------------
2025-09-15 00:18:54,210 - Evaluate global model
2025-09-15 00:19:03,195 - Averaged Train Loss: 1.5185
2025-09-15 00:19:03,206 - Test Accurancy: 0.4551
2025-09-15 00:19:03,206 - Attack Success Rate: 0.3361
2025-09-15 00:19:18,412 - DPD clipping bound C_t: 0.4764700382947922
2025-09-15 00:19:18,425 - DPD noise norm:15.191959381103516
2025-09-15 00:19:18,458 - Round number: 20 --------------------------
2025-09-15 00:19:18,459 - Evaluate global model
2025-09-15 00:19:27,845 - Averaged Train Loss: 1.5096
2025-09-15 00:19:27,855 - Test Accurancy: 0.4547
2025-09-15 00:19:27,856 - Attack Success Rate: 0.3040
2025-09-15 00:19:46,686 - DPD clipping bound C_t: 0.47641412913799286
2025-09-15 00:19:46,694 - DPD noise norm:15.187597274780273
2025-09-15 00:19:46,730 - Round number: 21 --------------------------
2025-09-15 00:19:46,731 - Evaluate global model
2025-09-15 00:19:59,437 - Averaged Train Loss: 1.4785
2025-09-15 00:19:59,438 - Test Accurancy: 0.4670
2025-09-15 00:19:59,438 - Attack Success Rate: 0.3367
2025-09-15 00:20:15,705 - DPD clipping bound C_t: 0.46803194284439087
2025-09-15 00:20:15,714 - DPD noise norm:14.89781379699707
2025-09-15 00:20:15,743 - Round number: 22 --------------------------
2025-09-15 00:20:15,743 - Evaluate global model
2025-09-15 00:20:25,054 - Averaged Train Loss: 1.4617
2025-09-15 00:20:25,062 - Test Accurancy: 0.4700
2025-09-15 00:20:25,062 - Attack Success Rate: 0.3408
2025-09-15 00:20:41,464 - DPD clipping bound C_t: 0.46168310940265656
2025-09-15 00:20:41,482 - DPD noise norm:14.711737632751465
2025-09-15 00:20:41,531 - Round number: 23 --------------------------
2025-09-15 00:20:41,532 - Evaluate global model
2025-09-15 00:20:54,415 - Averaged Train Loss: 1.4511
2025-09-15 00:20:54,425 - Test Accurancy: 0.4736
2025-09-15 00:20:54,426 - Attack Success Rate: 0.3333
2025-09-15 00:21:08,926 - DPD clipping bound C_t: 0.45604880154132843
2025-09-15 00:21:08,939 - DPD noise norm:14.529633522033691
2025-09-15 00:21:08,973 - Round number: 24 --------------------------
2025-09-15 00:21:08,973 - Evaluate global model
2025-09-15 00:21:20,839 - Averaged Train Loss: 1.4396
2025-09-15 00:21:20,848 - Test Accurancy: 0.4787
2025-09-15 00:21:20,848 - Attack Success Rate: 0.3067
2025-09-15 00:21:36,479 - DPD clipping bound C_t: 0.45133697986602783
2025-09-15 00:21:36,485 - DPD noise norm:14.369543075561523
2025-09-15 00:21:36,510 - Round number: 25 --------------------------
2025-09-15 00:21:36,510 - Evaluate global model
2025-09-15 00:21:48,757 - Averaged Train Loss: 1.4348
2025-09-15 00:21:48,763 - Test Accurancy: 0.4798
2025-09-15 00:21:48,763 - Attack Success Rate: 0.3306
2025-09-15 00:22:02,857 - DPD clipping bound C_t: 0.44818665087223053
2025-09-15 00:22:02,867 - DPD noise norm:14.27472972869873
2025-09-15 00:22:02,890 - Round number: 26 --------------------------
2025-09-15 00:22:02,891 - Evaluate global model
2025-09-15 00:22:14,533 - Averaged Train Loss: 1.4191
2025-09-15 00:22:14,534 - Test Accurancy: 0.4842
2025-09-15 00:22:14,534 - Attack Success Rate: 0.3320
2025-09-15 00:22:28,604 - DPD clipping bound C_t: 0.44254791736602783
2025-09-15 00:22:28,611 - DPD noise norm:14.111123085021973
2025-09-15 00:22:28,638 - Round number: 27 --------------------------
2025-09-15 00:22:28,638 - Evaluate global model
2025-09-15 00:22:38,510 - Averaged Train Loss: 1.4147
2025-09-15 00:22:38,519 - Test Accurancy: 0.4841
2025-09-15 00:22:38,519 - Attack Success Rate: 0.3757
2025-09-15 00:22:55,966 - DPD clipping bound C_t: 0.4433180093765259
2025-09-15 00:22:55,979 - DPD noise norm:14.110451698303223
2025-09-15 00:22:56,000 - Round number: 28 --------------------------
2025-09-15 00:22:56,000 - Evaluate global model
2025-09-15 00:23:03,055 - Averaged Train Loss: 1.4074
2025-09-15 00:23:03,057 - Test Accurancy: 0.4844
2025-09-15 00:23:03,057 - Attack Success Rate: 0.3695
2025-09-15 00:23:15,448 - DPD clipping bound C_t: 0.43883782625198364
2025-09-15 00:23:15,457 - DPD noise norm:13.995851516723633
2025-09-15 00:23:15,487 - Round number: 29 --------------------------
2025-09-15 00:23:15,488 - Evaluate global model
2025-09-15 00:23:23,854 - Averaged Train Loss: 1.3929
2025-09-15 00:23:23,871 - Test Accurancy: 0.4926
2025-09-15 00:23:23,871 - Attack Success Rate: 0.2999
2025-09-15 00:23:39,019 - DPD clipping bound C_t: 0.43391239643096924
2025-09-15 00:23:39,033 - DPD noise norm:13.824994087219238
2025-09-15 00:23:39,065 - Round number: 30 --------------------------
2025-09-15 00:23:39,065 - Evaluate global model
2025-09-15 00:23:51,982 - Averaged Train Loss: 1.3799
2025-09-15 00:23:51,985 - Test Accurancy: 0.4946
2025-09-15 00:23:51,985 - Attack Success Rate: 0.3477
2025-09-15 00:24:07,458 - DPD clipping bound C_t: 0.42934709787368774
2025-09-15 00:24:07,468 - DPD noise norm:13.70899772644043
2025-09-15 00:24:07,498 - Round number: 31 --------------------------
2025-09-15 00:24:07,499 - Evaluate global model
2025-09-15 00:24:17,000 - Averaged Train Loss: 1.3728
2025-09-15 00:24:17,009 - Test Accurancy: 0.4959
2025-09-15 00:24:17,009 - Attack Success Rate: 0.3429
2025-09-15 00:24:31,397 - DPD clipping bound C_t: 0.4228365570306778
2025-09-15 00:24:31,411 - DPD noise norm:13.486150741577148
2025-09-15 00:24:31,450 - Round number: 32 --------------------------
2025-09-15 00:24:31,451 - Evaluate global model
2025-09-15 00:24:44,024 - Averaged Train Loss: 1.3654
2025-09-15 00:24:44,026 - Test Accurancy: 0.4963
2025-09-15 00:24:44,026 - Attack Success Rate: 0.3989
2025-09-15 00:24:59,427 - DPD clipping bound C_t: 0.42198900878429413
2025-09-15 00:24:59,433 - DPD noise norm:13.445621490478516
2025-09-15 00:24:59,453 - Round number: 33 --------------------------
2025-09-15 00:24:59,454 - Evaluate global model
2025-09-15 00:25:12,379 - Averaged Train Loss: 1.3564
2025-09-15 00:25:12,382 - Test Accurancy: 0.5012
2025-09-15 00:25:12,382 - Attack Success Rate: 0.3415
2025-09-15 00:25:29,140 - DPD clipping bound C_t: 0.41652363538742065
2025-09-15 00:25:29,164 - DPD noise norm:13.283098220825195
2025-09-15 00:25:29,191 - Round number: 34 --------------------------
2025-09-15 00:25:29,191 - Evaluate global model
2025-09-15 00:25:43,606 - Averaged Train Loss: 1.3520
2025-09-15 00:25:43,608 - Test Accurancy: 0.5021
2025-09-15 00:25:43,608 - Attack Success Rate: 0.3497
2025-09-15 00:25:58,878 - DPD clipping bound C_t: 0.4160304367542267
2025-09-15 00:25:58,884 - DPD noise norm:13.25842571258545
2025-09-15 00:25:58,904 - Round number: 35 --------------------------
2025-09-15 00:25:58,904 - Evaluate global model
2025-09-15 00:26:10,106 - Averaged Train Loss: 1.3389
2025-09-15 00:26:10,129 - Test Accurancy: 0.5092
2025-09-15 00:26:10,129 - Attack Success Rate: 0.3169
2025-09-15 00:26:25,830 - DPD clipping bound C_t: 0.4104261249303818
2025-09-15 00:26:25,843 - DPD noise norm:13.062567710876465
2025-09-15 00:26:25,873 - Round number: 36 --------------------------
2025-09-15 00:26:25,873 - Evaluate global model
2025-09-15 00:26:37,400 - Averaged Train Loss: 1.3426
2025-09-15 00:26:37,412 - Test Accurancy: 0.5099
2025-09-15 00:26:37,412 - Attack Success Rate: 0.3456
2025-09-15 00:26:50,516 - DPD clipping bound C_t: 0.4134291857481003
2025-09-15 00:26:50,531 - DPD noise norm:13.16884994506836
2025-09-15 00:26:50,572 - Round number: 37 --------------------------
2025-09-15 00:26:50,573 - Evaluate global model
2025-09-15 00:27:03,006 - Averaged Train Loss: 1.3344
2025-09-15 00:27:03,015 - Test Accurancy: 0.5095
2025-09-15 00:27:03,016 - Attack Success Rate: 0.3251
2025-09-15 00:27:20,129 - DPD clipping bound C_t: 0.4028432369232178
2025-09-15 00:27:20,143 - DPD noise norm:12.837871551513672
2025-09-15 00:27:20,176 - Round number: 38 --------------------------
2025-09-15 00:27:20,176 - Evaluate global model
2025-09-15 00:27:34,561 - Averaged Train Loss: 1.3112
2025-09-15 00:27:34,573 - Test Accurancy: 0.5177
2025-09-15 00:27:34,573 - Attack Success Rate: 0.3135
2025-09-15 00:27:52,470 - DPD clipping bound C_t: 0.39841997623443604
2025-09-15 00:27:52,487 - DPD noise norm:12.70438289642334
2025-09-15 00:27:52,538 - Round number: 39 --------------------------
2025-09-15 00:27:52,539 - Evaluate global model
2025-09-15 00:28:06,531 - Averaged Train Loss: 1.3120
2025-09-15 00:28:06,538 - Test Accurancy: 0.5167
2025-09-15 00:28:06,538 - Attack Success Rate: 0.3395
2025-09-15 00:28:23,736 - DPD clipping bound C_t: 0.39493370056152344
2025-09-15 00:28:23,745 - DPD noise norm:12.584500312805176
2025-09-15 00:28:23,782 - Round number: 40 --------------------------
2025-09-15 00:28:23,782 - Evaluate global model
2025-09-15 00:28:30,907 - Averaged Train Loss: 1.2982
2025-09-15 00:28:30,910 - Test Accurancy: 0.5249
2025-09-15 00:28:30,910 - Attack Success Rate: 0.3081
2025-09-15 00:28:43,551 - DPD clipping bound C_t: 0.39526234567165375
2025-09-15 00:28:43,560 - DPD noise norm:12.577415466308594
2025-09-15 00:28:43,583 - Round number: 41 --------------------------
2025-09-15 00:28:43,583 - Evaluate global model
2025-09-15 00:28:55,303 - Averaged Train Loss: 1.2954
2025-09-15 00:28:55,311 - Test Accurancy: 0.5245
2025-09-15 00:28:55,311 - Attack Success Rate: 0.3566
2025-09-15 00:29:12,560 - DPD clipping bound C_t: 0.39650915563106537
2025-09-15 00:29:12,575 - DPD noise norm:12.629921913146973
2025-09-15 00:29:12,609 - Round number: 42 --------------------------
2025-09-15 00:29:12,609 - Evaluate global model
2025-09-15 00:29:21,448 - Averaged Train Loss: 1.2864
2025-09-15 00:29:21,461 - Test Accurancy: 0.5279
2025-09-15 00:29:21,461 - Attack Success Rate: 0.2951
2025-09-15 00:29:35,064 - DPD clipping bound C_t: 0.3879058510065079
2025-09-15 00:29:35,078 - DPD noise norm:12.35881519317627
2025-09-15 00:29:35,111 - Round number: 43 --------------------------
2025-09-15 00:29:35,111 - Evaluate global model
2025-09-15 00:29:47,203 - Averaged Train Loss: 1.2755
2025-09-15 00:29:47,205 - Test Accurancy: 0.5330
2025-09-15 00:29:47,205 - Attack Success Rate: 0.3258
2025-09-15 00:30:02,781 - DPD clipping bound C_t: 0.3846205621957779
2025-09-15 00:30:02,791 - DPD noise norm:12.251938819885254
2025-09-15 00:30:02,818 - Round number: 44 --------------------------
2025-09-15 00:30:02,819 - Evaluate global model
2025-09-15 00:30:15,261 - Averaged Train Loss: 1.2745
2025-09-15 00:30:15,266 - Test Accurancy: 0.5289
2025-09-15 00:30:15,266 - Attack Success Rate: 0.3586
2025-09-15 00:30:33,641 - DPD clipping bound C_t: 0.38598039746284485
2025-09-15 00:30:33,659 - DPD noise norm:12.306739807128906
2025-09-15 00:30:33,686 - Round number: 45 --------------------------
2025-09-15 00:30:33,686 - Evaluate global model
2025-09-15 00:30:45,285 - Averaged Train Loss: 1.2666
2025-09-15 00:30:45,287 - Test Accurancy: 0.5325
2025-09-15 00:30:45,287 - Attack Success Rate: 0.3258
2025-09-15 00:31:00,152 - DPD clipping bound C_t: 0.3793383091688156
2025-09-15 00:31:00,157 - DPD noise norm:12.077887535095215
2025-09-15 00:31:00,171 - Round number: 46 --------------------------
2025-09-15 00:31:00,172 - Evaluate global model
2025-09-15 00:31:06,396 - Averaged Train Loss: 1.2642
2025-09-15 00:31:06,398 - Test Accurancy: 0.5367
2025-09-15 00:31:06,398 - Attack Success Rate: 0.3149
2025-09-15 00:31:18,437 - DPD clipping bound C_t: 0.37755686044692993
2025-09-15 00:31:18,453 - DPD noise norm:12.032469749450684
2025-09-15 00:31:18,483 - Round number: 47 --------------------------
2025-09-15 00:31:18,484 - Evaluate global model
2025-09-15 00:31:26,428 - Averaged Train Loss: 1.2578
2025-09-15 00:31:26,431 - Test Accurancy: 0.5386
2025-09-15 00:31:26,431 - Attack Success Rate: 0.2801
2025-09-15 00:31:39,842 - DPD clipping bound C_t: 0.3717578947544098
2025-09-15 00:31:39,848 - DPD noise norm:11.85840892791748
2025-09-15 00:31:39,875 - Round number: 48 --------------------------
2025-09-15 00:31:39,875 - Evaluate global model
2025-09-15 00:31:48,295 - Averaged Train Loss: 1.2501
2025-09-15 00:31:48,305 - Test Accurancy: 0.5401
2025-09-15 00:31:48,305 - Attack Success Rate: 0.2992
2025-09-15 00:31:59,231 - DPD clipping bound C_t: 0.367798313498497
2025-09-15 00:31:59,234 - DPD noise norm:11.740425109863281
2025-09-15 00:31:59,248 - Round number: 49 --------------------------
2025-09-15 00:31:59,248 - Evaluate global model
2025-09-15 00:32:03,092 - Averaged Train Loss: 1.2499
2025-09-15 00:32:03,094 - Test Accurancy: 0.5393
2025-09-15 00:32:03,094 - Attack Success Rate: 0.3067
2025-09-15 00:32:12,592 - DPD clipping bound C_t: 0.36489373445510864
2025-09-15 00:32:12,597 - DPD noise norm:11.634092330932617
2025-09-15 00:32:12,616 - Round number: 50 --------------------------
2025-09-15 00:32:12,616 - Evaluate global model
2025-09-15 00:32:16,659 - Averaged Train Loss: 1.2328
2025-09-15 00:32:16,659 - Test Accurancy: 0.5451
2025-09-15 00:32:16,659 - Attack Success Rate: 0.2883
2025-09-15 00:32:27,451 - DPD clipping bound C_t: 0.3619053214788437
2025-09-15 00:32:27,457 - DPD noise norm:11.535469055175781
2025-09-15 00:32:27,481 - Round number: 51 --------------------------
2025-09-15 00:32:27,481 - Evaluate global model
2025-09-15 00:32:32,997 - Averaged Train Loss: 1.2316
2025-09-15 00:32:33,001 - Test Accurancy: 0.5456
2025-09-15 00:32:33,001 - Attack Success Rate: 0.3142
2025-09-15 00:32:44,350 - DPD clipping bound C_t: 0.35840316116809845
2025-09-15 00:32:44,359 - DPD noise norm:11.426297187805176
2025-09-15 00:32:44,394 - Round number: 52 --------------------------
2025-09-15 00:32:44,395 - Evaluate global model
2025-09-15 00:32:51,208 - Averaged Train Loss: 1.2267
2025-09-15 00:32:51,209 - Test Accurancy: 0.5454
2025-09-15 00:32:51,209 - Attack Success Rate: 0.3163
2025-09-15 00:33:02,229 - DPD clipping bound C_t: 0.35851162672042847
2025-09-15 00:33:02,234 - DPD noise norm:11.422725677490234
2025-09-15 00:33:02,254 - Round number: 53 --------------------------
2025-09-15 00:33:02,254 - Evaluate global model
2025-09-15 00:33:07,875 - Averaged Train Loss: 1.2192
2025-09-15 00:33:07,877 - Test Accurancy: 0.5457
2025-09-15 00:33:07,877 - Attack Success Rate: 0.3648
2025-09-15 00:33:18,456 - DPD clipping bound C_t: 0.35289692878723145
2025-09-15 00:33:18,462 - DPD noise norm:11.249558448791504
2025-09-15 00:33:18,482 - Round number: 54 --------------------------
2025-09-15 00:33:18,483 - Evaluate global model
2025-09-15 00:33:24,495 - Averaged Train Loss: 1.2173
2025-09-15 00:33:24,498 - Test Accurancy: 0.5460
2025-09-15 00:33:24,498 - Attack Success Rate: 0.3279
2025-09-15 00:33:34,453 - DPD clipping bound C_t: 0.346671998500824
2025-09-15 00:33:34,459 - DPD noise norm:11.038403511047363
2025-09-15 00:33:34,480 - Round number: 55 --------------------------
2025-09-15 00:33:34,480 - Evaluate global model
2025-09-15 00:33:41,413 - Averaged Train Loss: 1.2135
2025-09-15 00:33:41,415 - Test Accurancy: 0.5470
2025-09-15 00:33:41,416 - Attack Success Rate: 0.3265
2025-09-15 00:33:49,756 - DPD clipping bound C_t: 0.34427133202552795
2025-09-15 00:33:49,760 - DPD noise norm:10.980381965637207
2025-09-15 00:33:49,780 - Round number: 56 --------------------------
2025-09-15 00:33:49,780 - Evaluate global model
2025-09-15 00:33:55,254 - Averaged Train Loss: 1.2087
2025-09-15 00:33:55,256 - Test Accurancy: 0.5497
2025-09-15 00:33:55,256 - Attack Success Rate: 0.2951
2025-09-15 00:34:05,694 - DPD clipping bound C_t: 0.3410182595252991
2025-09-15 00:34:05,699 - DPD noise norm:10.876778602600098
2025-09-15 00:34:05,722 - Round number: 57 --------------------------
2025-09-15 00:34:05,723 - Evaluate global model
2025-09-15 00:34:09,665 - Averaged Train Loss: 1.1972
2025-09-15 00:34:09,666 - Test Accurancy: 0.5542
2025-09-15 00:34:09,666 - Attack Success Rate: 0.2889
2025-09-15 00:34:20,154 - DPD clipping bound C_t: 0.34081901609897614
2025-09-15 00:34:20,159 - DPD noise norm:10.857015609741211
2025-09-15 00:34:20,181 - Round number: 58 --------------------------
2025-09-15 00:34:20,182 - Evaluate global model
2025-09-15 00:34:24,399 - Averaged Train Loss: 1.1889
2025-09-15 00:34:24,400 - Test Accurancy: 0.5575
2025-09-15 00:34:24,400 - Attack Success Rate: 0.3135
2025-09-15 00:34:33,481 - DPD clipping bound C_t: 0.33492156863212585
2025-09-15 00:34:33,485 - DPD noise norm:10.686545372009277
2025-09-15 00:34:33,506 - Round number: 59 --------------------------
2025-09-15 00:34:33,507 - Evaluate global model
2025-09-15 00:34:37,737 - Averaged Train Loss: 1.1914
2025-09-15 00:34:37,742 - Test Accurancy: 0.5557
2025-09-15 00:34:37,742 - Attack Success Rate: 0.3702
2025-09-15 00:34:47,080 - DPD clipping bound C_t: 0.3314675837755203
2025-09-15 00:34:47,085 - DPD noise norm:10.558610916137695
2025-09-15 00:34:47,104 - Round number: 60 --------------------------
2025-09-15 00:34:47,105 - Evaluate global model
2025-09-15 00:34:54,306 - Averaged Train Loss: 1.1809
2025-09-15 00:34:54,308 - Test Accurancy: 0.5583
2025-09-15 00:34:54,308 - Attack Success Rate: 0.3135
2025-09-15 00:35:11,403 - DPD clipping bound C_t: 0.32813888788223267
2025-09-15 00:35:11,417 - DPD noise norm:10.460651397705078
2025-09-15 00:35:11,455 - Round number: 61 --------------------------
2025-09-15 00:35:11,456 - Evaluate global model
2025-09-15 00:35:24,711 - Averaged Train Loss: 1.1762
2025-09-15 00:35:24,713 - Test Accurancy: 0.5620
2025-09-15 00:35:24,713 - Attack Success Rate: 0.3081
2025-09-15 00:35:40,016 - DPD clipping bound C_t: 0.32490766048431396
2025-09-15 00:35:40,022 - DPD noise norm:10.366354942321777
2025-09-15 00:35:40,073 - Round number: 62 --------------------------
2025-09-15 00:35:40,073 - Evaluate global model
2025-09-15 00:35:48,934 - Averaged Train Loss: 1.1909
2025-09-15 00:35:48,937 - Test Accurancy: 0.5567
2025-09-15 00:35:48,937 - Attack Success Rate: 0.3374
2025-09-15 00:36:03,441 - DPD clipping bound C_t: 0.32296445965766907
2025-09-15 00:36:03,451 - DPD noise norm:10.309674263000488
2025-09-15 00:36:03,493 - Round number: 63 --------------------------
2025-09-15 00:36:03,494 - Evaluate global model
2025-09-15 00:36:14,698 - Averaged Train Loss: 1.1685
2025-09-15 00:36:14,699 - Test Accurancy: 0.5623
2025-09-15 00:36:14,699 - Attack Success Rate: 0.3040
2025-09-15 00:36:30,137 - DPD clipping bound C_t: 0.3168158233165741
2025-09-15 00:36:30,147 - DPD noise norm:10.099658012390137
2025-09-15 00:36:30,175 - Round number: 64 --------------------------
2025-09-15 00:36:30,175 - Evaluate global model
2025-09-15 00:36:42,290 - Averaged Train Loss: 1.1720
2025-09-15 00:36:42,302 - Test Accurancy: 0.5587
2025-09-15 00:36:42,302 - Attack Success Rate: 0.3395
2025-09-15 00:36:59,076 - DPD clipping bound C_t: 0.3150565177202225
2025-09-15 00:36:59,092 - DPD noise norm:10.04249382019043
2025-09-15 00:36:59,123 - Round number: 65 --------------------------
2025-09-15 00:36:59,124 - Evaluate global model
2025-09-15 00:37:10,566 - Averaged Train Loss: 1.1680
2025-09-15 00:37:10,574 - Test Accurancy: 0.5622
2025-09-15 00:37:10,574 - Attack Success Rate: 0.3286
2025-09-15 00:37:27,367 - DPD clipping bound C_t: 0.3137834966182709
2025-09-15 00:37:27,389 - DPD noise norm:10.002880096435547
2025-09-15 00:37:27,430 - Round number: 66 --------------------------
2025-09-15 00:37:27,431 - Evaluate global model
2025-09-15 00:37:41,455 - Averaged Train Loss: 1.1576
2025-09-15 00:37:41,472 - Test Accurancy: 0.5654
2025-09-15 00:37:41,473 - Attack Success Rate: 0.2520
2025-09-15 00:37:59,365 - DPD clipping bound C_t: 0.3119823634624481
2025-09-15 00:37:59,380 - DPD noise norm:9.933201789855957
2025-09-15 00:37:59,414 - Round number: 67 --------------------------
2025-09-15 00:37:59,415 - Evaluate global model
2025-09-15 00:38:05,974 - Averaged Train Loss: 1.1524
2025-09-15 00:38:05,985 - Test Accurancy: 0.5662
2025-09-15 00:38:05,986 - Attack Success Rate: 0.2917
2025-09-15 00:38:17,914 - DPD clipping bound C_t: 0.3044241666793823
2025-09-15 00:38:17,926 - DPD noise norm:9.699527740478516
2025-09-15 00:38:17,955 - Round number: 68 --------------------------
2025-09-15 00:38:17,956 - Evaluate global model
2025-09-15 00:38:30,366 - Averaged Train Loss: 1.1503
2025-09-15 00:38:30,385 - Test Accurancy: 0.5660
2025-09-15 00:38:30,386 - Attack Success Rate: 0.2671
2025-09-15 00:38:47,252 - DPD clipping bound C_t: 0.2958870977163315
2025-09-15 00:38:47,258 - DPD noise norm:9.428750991821289
2025-09-15 00:38:47,286 - Round number: 69 --------------------------
2025-09-15 00:38:47,286 - Evaluate global model
2025-09-15 00:39:00,662 - Averaged Train Loss: 1.1521
2025-09-15 00:39:00,664 - Test Accurancy: 0.5644
2025-09-15 00:39:00,665 - Attack Success Rate: 0.3402
2025-09-15 00:39:16,250 - DPD clipping bound C_t: 0.3013203591108322
2025-09-15 00:39:16,263 - DPD noise norm:9.603878021240234
2025-09-15 00:39:16,291 - Round number: 70 --------------------------
2025-09-15 00:39:16,292 - Evaluate global model
2025-09-15 00:39:27,566 - Averaged Train Loss: 1.1443
2025-09-15 00:39:27,567 - Test Accurancy: 0.5688
2025-09-15 00:39:27,567 - Attack Success Rate: 0.3265
2025-09-15 00:39:45,136 - DPD clipping bound C_t: 0.29828089475631714
2025-09-15 00:39:45,144 - DPD noise norm:9.506561279296875
2025-09-15 00:39:45,172 - Round number: 71 --------------------------
2025-09-15 00:39:45,173 - Evaluate global model
2025-09-15 00:39:56,743 - Averaged Train Loss: 1.1391
2025-09-15 00:39:56,748 - Test Accurancy: 0.5682
2025-09-15 00:39:56,748 - Attack Success Rate: 0.3217
2025-09-15 00:40:10,373 - DPD clipping bound C_t: 0.29132838547229767
2025-09-15 00:40:10,377 - DPD noise norm:9.278441429138184
2025-09-15 00:40:10,391 - Round number: 72 --------------------------
2025-09-15 00:40:10,391 - Evaluate global model
2025-09-15 00:40:15,986 - Averaged Train Loss: 1.1417
2025-09-15 00:40:15,987 - Test Accurancy: 0.5702
2025-09-15 00:40:15,987 - Attack Success Rate: 0.2930
2025-09-15 00:40:26,737 - DPD clipping bound C_t: 0.2913714647293091
2025-09-15 00:40:26,744 - DPD noise norm:9.30006217956543
2025-09-15 00:40:26,768 - Round number: 73 --------------------------
2025-09-15 00:40:26,768 - Evaluate global model
2025-09-15 00:40:36,853 - Averaged Train Loss: 1.1268
2025-09-15 00:40:36,865 - Test Accurancy: 0.5732
2025-09-15 00:40:36,865 - Attack Success Rate: 0.2883
2025-09-15 00:40:54,659 - DPD clipping bound C_t: 0.2877720147371292
2025-09-15 00:40:54,687 - DPD noise norm:9.169360160827637
2025-09-15 00:40:54,721 - Round number: 74 --------------------------
2025-09-15 00:40:54,722 - Evaluate global model
2025-09-15 00:41:06,337 - Averaged Train Loss: 1.1306
2025-09-15 00:41:06,346 - Test Accurancy: 0.5738
2025-09-15 00:41:06,346 - Attack Success Rate: 0.3142
2025-09-15 00:41:21,410 - DPD clipping bound C_t: 0.2831100672483444
2025-09-15 00:41:21,424 - DPD noise norm:9.030097961425781
2025-09-15 00:41:21,452 - Round number: 75 --------------------------
2025-09-15 00:41:21,452 - Evaluate global model
2025-09-15 00:41:32,438 - Averaged Train Loss: 1.1189
2025-09-15 00:41:32,448 - Test Accurancy: 0.5773
2025-09-15 00:41:32,448 - Attack Success Rate: 0.2705
2025-09-15 00:41:51,254 - DPD clipping bound C_t: 0.2816195785999298
2025-09-15 00:41:51,275 - DPD noise norm:8.990339279174805
2025-09-15 00:41:51,314 - Round number: 76 --------------------------
2025-09-15 00:41:51,314 - Evaluate global model
2025-09-15 00:42:05,857 - Averaged Train Loss: 1.1185
2025-09-15 00:42:05,869 - Test Accurancy: 0.5767
2025-09-15 00:42:05,869 - Attack Success Rate: 0.2678
2025-09-15 00:42:19,419 - DPD clipping bound C_t: 0.2770216166973114
2025-09-15 00:42:19,434 - DPD noise norm:8.825042724609375
2025-09-15 00:42:19,464 - Round number: 77 --------------------------
2025-09-15 00:42:19,464 - Evaluate global model
2025-09-15 00:42:25,921 - Averaged Train Loss: 1.1104
2025-09-15 00:42:25,923 - Test Accurancy: 0.5794
2025-09-15 00:42:25,923 - Attack Success Rate: 0.3005
2025-09-15 00:42:38,704 - DPD clipping bound C_t: 0.27486567199230194
2025-09-15 00:42:38,710 - DPD noise norm:8.743969917297363
2025-09-15 00:42:38,731 - Round number: 78 --------------------------
2025-09-15 00:42:38,731 - Evaluate global model
2025-09-15 00:42:44,870 - Averaged Train Loss: 1.1048
2025-09-15 00:42:44,873 - Test Accurancy: 0.5802
2025-09-15 00:42:44,873 - Attack Success Rate: 0.2705
2025-09-15 00:42:56,059 - DPD clipping bound C_t: 0.26883547008037567
2025-09-15 00:42:56,064 - DPD noise norm:8.572245597839355
2025-09-15 00:42:56,081 - Round number: 79 --------------------------
2025-09-15 00:42:56,081 - Evaluate global model
2025-09-15 00:43:06,256 - Averaged Train Loss: 1.1074
2025-09-15 00:43:06,269 - Test Accurancy: 0.5802
2025-09-15 00:43:06,270 - Attack Success Rate: 0.2896
2025-09-15 00:43:21,136 - DPD clipping bound C_t: 0.2654959708452225
2025-09-15 00:43:21,149 - DPD noise norm:8.456978797912598
2025-09-15 00:43:21,177 - Round number: 80 --------------------------
2025-09-15 00:43:21,181 - Evaluate global model
2025-09-15 00:43:29,139 - Averaged Train Loss: 1.1081
2025-09-15 00:43:29,140 - Test Accurancy: 0.5802
2025-09-15 00:43:29,140 - Attack Success Rate: 0.2657
2025-09-15 00:43:39,403 - DPD clipping bound C_t: 0.2644224315881729
2025-09-15 00:43:39,412 - DPD noise norm:8.425841331481934
2025-09-15 00:43:39,438 - Round number: 81 --------------------------
2025-09-15 00:43:39,439 - Evaluate global model
2025-09-15 00:43:45,614 - Averaged Train Loss: 1.1047
2025-09-15 00:43:45,620 - Test Accurancy: 0.5822
2025-09-15 00:43:45,620 - Attack Success Rate: 0.2807
2025-09-15 00:44:01,023 - DPD clipping bound C_t: 0.25986915826797485
2025-09-15 00:44:01,037 - DPD noise norm:8.280839920043945
2025-09-15 00:44:01,071 - Round number: 82 --------------------------
2025-09-15 00:44:01,071 - Evaluate global model
2025-09-15 00:44:11,978 - Averaged Train Loss: 1.0994
2025-09-15 00:44:11,985 - Test Accurancy: 0.5832
2025-09-15 00:44:11,985 - Attack Success Rate: 0.2923
2025-09-15 00:44:27,023 - DPD clipping bound C_t: 0.2570551484823227
2025-09-15 00:44:27,028 - DPD noise norm:8.19332218170166
2025-09-15 00:44:27,051 - Round number: 83 --------------------------
2025-09-15 00:44:27,051 - Evaluate global model
2025-09-15 00:44:37,831 - Averaged Train Loss: 1.0982
2025-09-15 00:44:37,833 - Test Accurancy: 0.5820
2025-09-15 00:44:37,833 - Attack Success Rate: 0.2923
2025-09-15 00:44:56,762 - DPD clipping bound C_t: 0.2528791278600693
2025-09-15 00:44:56,772 - DPD noise norm:8.051482200622559
2025-09-15 00:44:56,796 - Round number: 84 --------------------------
2025-09-15 00:44:56,797 - Evaluate global model
2025-09-15 00:45:07,845 - Averaged Train Loss: 1.0932
2025-09-15 00:45:07,859 - Test Accurancy: 0.5850
2025-09-15 00:45:07,859 - Attack Success Rate: 0.2589
2025-09-15 00:45:23,871 - DPD clipping bound C_t: 0.25443606078624725
2025-09-15 00:45:23,884 - DPD noise norm:8.105725288391113
2025-09-15 00:45:23,908 - Round number: 85 --------------------------
2025-09-15 00:45:23,908 - Evaluate global model
2025-09-15 00:45:29,473 - Averaged Train Loss: 1.0930
2025-09-15 00:45:29,473 - Test Accurancy: 0.5832
2025-09-15 00:45:29,473 - Attack Success Rate: 0.3115
2025-09-15 00:45:42,484 - DPD clipping bound C_t: 0.25013522058725357
2025-09-15 00:45:42,489 - DPD noise norm:7.983881950378418
2025-09-15 00:45:42,516 - Round number: 86 --------------------------
2025-09-15 00:45:42,516 - Evaluate global model
2025-09-15 00:45:48,266 - Averaged Train Loss: 1.0867
2025-09-15 00:45:48,267 - Test Accurancy: 0.5832
2025-09-15 00:45:48,267 - Attack Success Rate: 0.3012
2025-09-15 00:46:02,348 - DPD clipping bound C_t: 0.24399112164974213
2025-09-15 00:46:02,358 - DPD noise norm:7.776453971862793
2025-09-15 00:46:02,388 - Round number: 87 --------------------------
2025-09-15 00:46:02,388 - Evaluate global model
2025-09-15 00:46:13,582 - Averaged Train Loss: 1.0858
2025-09-15 00:46:13,585 - Test Accurancy: 0.5854
2025-09-15 00:46:13,586 - Attack Success Rate: 0.3019
2025-09-15 00:46:30,282 - DPD clipping bound C_t: 0.24014005810022354
2025-09-15 00:46:30,292 - DPD noise norm:7.645089149475098
2025-09-15 00:46:30,330 - Round number: 88 --------------------------
2025-09-15 00:46:30,330 - Evaluate global model
2025-09-15 00:46:44,279 - Averaged Train Loss: 1.0751
2025-09-15 00:46:44,280 - Test Accurancy: 0.5877
2025-09-15 00:46:44,281 - Attack Success Rate: 0.2807
2025-09-15 00:47:00,924 - DPD clipping bound C_t: 0.23993604630231857
2025-09-15 00:47:00,931 - DPD noise norm:7.638870716094971
2025-09-15 00:47:00,968 - Round number: 89 --------------------------
2025-09-15 00:47:00,969 - Evaluate global model
2025-09-15 00:47:09,776 - Averaged Train Loss: 1.0846
2025-09-15 00:47:09,786 - Test Accurancy: 0.5853
2025-09-15 00:47:09,786 - Attack Success Rate: 0.2862
2025-09-15 00:47:24,091 - DPD clipping bound C_t: 0.2401329129934311
2025-09-15 00:47:24,107 - DPD noise norm:7.651324272155762
2025-09-15 00:47:24,145 - Round number: 90 --------------------------
2025-09-15 00:47:24,146 - Evaluate global model
2025-09-15 00:47:31,479 - Averaged Train Loss: 1.0831
2025-09-15 00:47:31,485 - Test Accurancy: 0.5848
2025-09-15 00:47:31,485 - Attack Success Rate: 0.2719
2025-09-15 00:47:42,811 - DPD clipping bound C_t: 0.23572149127721786
2025-09-15 00:47:42,822 - DPD noise norm:7.510939598083496
2025-09-15 00:47:42,852 - Round number: 91 --------------------------
2025-09-15 00:47:42,852 - Evaluate global model
2025-09-15 00:47:55,967 - Averaged Train Loss: 1.0735
2025-09-15 00:47:55,978 - Test Accurancy: 0.5870
2025-09-15 00:47:55,979 - Attack Success Rate: 0.2883
2025-09-15 00:48:11,628 - DPD clipping bound C_t: 0.23304932564496994
2025-09-15 00:48:11,634 - DPD noise norm:7.432774543762207
2025-09-15 00:48:11,661 - Round number: 92 --------------------------
2025-09-15 00:48:11,661 - Evaluate global model
2025-09-15 00:48:18,375 - Averaged Train Loss: 1.0784
2025-09-15 00:48:18,378 - Test Accurancy: 0.5833
2025-09-15 00:48:18,378 - Attack Success Rate: 0.3251
2025-09-15 00:48:29,667 - DPD clipping bound C_t: 0.22874709218740463
2025-09-15 00:48:29,671 - DPD noise norm:7.280726909637451
2025-09-15 00:48:29,686 - Round number: 93 --------------------------
2025-09-15 00:48:29,686 - Evaluate global model
2025-09-15 00:48:35,719 - Averaged Train Loss: 1.0672
2025-09-15 00:48:35,721 - Test Accurancy: 0.5868
2025-09-15 00:48:35,721 - Attack Success Rate: 0.2910
2025-09-15 00:48:51,627 - DPD clipping bound C_t: 0.2286083996295929
2025-09-15 00:48:51,635 - DPD noise norm:7.286312580108643
2025-09-15 00:48:51,670 - Round number: 94 --------------------------
2025-09-15 00:48:51,670 - Evaluate global model
2025-09-15 00:49:00,506 - Averaged Train Loss: 1.0667
2025-09-15 00:49:00,518 - Test Accurancy: 0.5862
2025-09-15 00:49:00,518 - Attack Success Rate: 0.2971
2025-09-15 00:49:14,525 - DPD clipping bound C_t: 0.22296569496393204
2025-09-15 00:49:14,540 - DPD noise norm:7.119542598724365
2025-09-15 00:49:14,559 - Round number: 95 --------------------------
2025-09-15 00:49:14,559 - Evaluate global model
2025-09-15 00:49:25,457 - Averaged Train Loss: 1.0701
2025-09-15 00:49:25,459 - Test Accurancy: 0.5862
2025-09-15 00:49:25,459 - Attack Success Rate: 0.3005
2025-09-15 00:49:43,416 - DPD clipping bound C_t: 0.22169895470142365
2025-09-15 00:49:43,425 - DPD noise norm:7.067006587982178
2025-09-15 00:49:43,457 - Round number: 96 --------------------------
2025-09-15 00:49:43,458 - Evaluate global model
2025-09-15 00:49:54,793 - Averaged Train Loss: 1.0675
2025-09-15 00:49:54,795 - Test Accurancy: 0.5875
2025-09-15 00:49:54,795 - Attack Success Rate: 0.3176
2025-09-15 00:50:12,017 - DPD clipping bound C_t: 0.21976222097873688
2025-09-15 00:50:12,025 - DPD noise norm:6.999989986419678
2025-09-15 00:50:12,052 - Round number: 97 --------------------------
2025-09-15 00:50:12,052 - Evaluate global model
2025-09-15 00:50:24,975 - Averaged Train Loss: 1.0570
2025-09-15 00:50:24,985 - Test Accurancy: 0.5901
2025-09-15 00:50:24,985 - Attack Success Rate: 0.2951
2025-09-15 00:50:43,795 - DPD clipping bound C_t: 0.21819589287042618
2025-09-15 00:50:43,812 - DPD noise norm:6.958102703094482
2025-09-15 00:50:43,851 - Round number: 98 --------------------------
2025-09-15 00:50:43,852 - Evaluate global model
2025-09-15 00:50:54,251 - Averaged Train Loss: 1.0568
2025-09-15 00:50:54,253 - Test Accurancy: 0.5895
2025-09-15 00:50:54,253 - Attack Success Rate: 0.3122
2025-09-15 00:51:11,056 - DPD clipping bound C_t: 0.21190530806779861
2025-09-15 00:51:11,070 - DPD noise norm:6.753694534301758
2025-09-15 00:51:11,096 - Round number: 99 --------------------------
2025-09-15 00:51:11,097 - Evaluate global model
2025-09-15 00:51:23,957 - Averaged Train Loss: 1.0614
2025-09-15 00:51:23,971 - Test Accurancy: 0.5879
2025-09-15 00:51:23,971 - Attack Success Rate: 0.3053
2025-09-15 00:51:41,189 - DPD clipping bound C_t: 0.21168165653944016
2025-09-15 00:51:41,206 - DPD noise norm:6.7542314529418945
2025-09-15 00:51:41,241 - Round number: 100 --------------------------
2025-09-15 00:51:41,241 - Evaluate global model
2025-09-15 00:51:55,074 - Averaged Train Loss: 1.0596
2025-09-15 00:51:55,075 - Test Accurancy: 0.5879
2025-09-15 00:51:55,076 - Attack Success Rate: 0.2951
2025-09-15 00:52:11,131 - DPD clipping bound C_t: 0.2129608765244484
2025-09-15 00:52:11,139 - DPD noise norm:6.787611961364746
2025-09-15 00:52:11,145 - Run over
2025-09-15 00:52:11,145 - Saving results to ./exp/exp2/Cifar10/0.036.h5
2025-09-15 00:52:11,217 - Best accuracy: 0.5901431901431902
2025-09-15 00:52:11,218 - Average time cost per round: 24.555196821689606
