2025-09-15 00:06:20,434 - *****************EXP-2*****************
2025-09-15 00:06:20,436 - Exp repeats: 1
2025-09-15 00:06:20,436 - Communication Rounds: 100
2025-09-15 00:06:20,436 - Clients: 40

2025-09-15 00:06:20,436 - Attack method: scale
2025-09-15 00:06:20,436 - Filtering rule: dpd
2025-09-15 00:06:20,437 - Dataset: Cifar10
2025-09-15 00:06:20,437 - Model: cnn2
2025-09-15 00:06:20,437 - Learning Rate: 0.04
2025-09-15 00:06:20,437 - Batch Size: 64
2025-09-15 00:06:20,437 - Device: cuda
2025-09-15 00:06:20,437 - Device id: 0
2025-09-15 00:06:20,437 - DPD clipping strategy: auto
2025-09-15 00:06:20,437 - DPD noise level: 0.032
2025-09-15 00:06:20,437 - Adversaries: 8
2025-09-15 00:06:20,437 - Targeted Label Flipping: 5-->3
2025-09-15 00:06:20,438 - *****************EXP-2*****************
2025-09-15 00:06:21,472 - Running time: 0th ==========================
2025-09-15 00:06:35,305 - Round number: 0 --------------------------
2025-09-15 00:06:35,305 - Evaluate global model
2025-09-15 00:06:44,635 - Averaged Train Loss: 2.3051
2025-09-15 00:06:44,641 - Test Accurancy: 0.0977
2025-09-15 00:06:44,641 - Attack Success Rate: 0.0000
2025-09-15 00:06:57,409 - DPD clipping bound C_t: 0.6738180220127106
2025-09-15 00:06:57,429 - DPD noise norm:19.083683013916016
2025-09-15 00:06:57,455 - Round number: 1 --------------------------
2025-09-15 00:06:57,456 - Evaluate global model
2025-09-15 00:07:08,666 - Averaged Train Loss: 2.2582
2025-09-15 00:07:08,667 - Test Accurancy: 0.1130
2025-09-15 00:07:08,667 - Attack Success Rate: 0.3388
2025-09-15 00:07:16,844 - DPD clipping bound C_t: 0.6655076146125793
2025-09-15 00:07:16,849 - DPD noise norm:18.85443878173828
2025-09-15 00:07:16,862 - Round number: 2 --------------------------
2025-09-15 00:07:16,862 - Evaluate global model
2025-09-15 00:07:21,053 - Averaged Train Loss: 2.1299
2025-09-15 00:07:21,056 - Test Accurancy: 0.2137
2025-09-15 00:07:21,056 - Attack Success Rate: 0.4030
2025-09-15 00:07:29,731 - DPD clipping bound C_t: 0.5957878530025482
2025-09-15 00:07:29,736 - DPD noise norm:16.89095115661621
2025-09-15 00:07:29,751 - Round number: 3 --------------------------
2025-09-15 00:07:29,751 - Evaluate global model
2025-09-15 00:07:33,564 - Averaged Train Loss: 2.0506
2025-09-15 00:07:33,565 - Test Accurancy: 0.2374
2025-09-15 00:07:33,565 - Attack Success Rate: 0.3661
2025-09-15 00:07:42,021 - DPD clipping bound C_t: 0.5836945474147797
2025-09-15 00:07:42,026 - DPD noise norm:16.518848419189453
2025-09-15 00:07:42,047 - Round number: 4 --------------------------
2025-09-15 00:07:42,048 - Evaluate global model
2025-09-15 00:07:46,934 - Averaged Train Loss: 2.0067
2025-09-15 00:07:46,935 - Test Accurancy: 0.2612
2025-09-15 00:07:46,936 - Attack Success Rate: 0.3900
2025-09-15 00:07:58,478 - DPD clipping bound C_t: 0.5717906653881073
2025-09-15 00:07:58,486 - DPD noise norm:16.195871353149414
2025-09-15 00:07:58,516 - Round number: 5 --------------------------
2025-09-15 00:07:58,516 - Evaluate global model
2025-09-15 00:08:06,050 - Averaged Train Loss: 1.9445
2025-09-15 00:08:06,054 - Test Accurancy: 0.2966
2025-09-15 00:08:06,054 - Attack Success Rate: 0.3552
2025-09-15 00:08:17,136 - DPD clipping bound C_t: 0.5530971586704254
2025-09-15 00:08:17,141 - DPD noise norm:15.677336692810059
2025-09-15 00:08:17,159 - Round number: 6 --------------------------
2025-09-15 00:08:17,159 - Evaluate global model
2025-09-15 00:08:22,239 - Averaged Train Loss: 1.9102
2025-09-15 00:08:22,243 - Test Accurancy: 0.3082
2025-09-15 00:08:22,243 - Attack Success Rate: 0.3443
2025-09-15 00:08:32,736 - DPD clipping bound C_t: 0.5471364557743073
2025-09-15 00:08:32,741 - DPD noise norm:15.52894401550293
2025-09-15 00:08:32,756 - Round number: 7 --------------------------
2025-09-15 00:08:32,757 - Evaluate global model
2025-09-15 00:08:38,450 - Averaged Train Loss: 1.8613
2025-09-15 00:08:38,453 - Test Accurancy: 0.3389
2025-09-15 00:08:38,453 - Attack Success Rate: 0.2869
2025-09-15 00:08:48,829 - DPD clipping bound C_t: 0.5450748205184937
2025-09-15 00:08:48,834 - DPD noise norm:15.450140953063965
2025-09-15 00:08:48,858 - Round number: 8 --------------------------
2025-09-15 00:08:48,858 - Evaluate global model
2025-09-15 00:08:55,112 - Averaged Train Loss: 1.8188
2025-09-15 00:08:55,113 - Test Accurancy: 0.3544
2025-09-15 00:08:55,113 - Attack Success Rate: 0.2766
2025-09-15 00:09:03,614 - DPD clipping bound C_t: 0.5333526134490967
2025-09-15 00:09:03,622 - DPD noise norm:15.101593971252441
2025-09-15 00:09:03,652 - Round number: 9 --------------------------
2025-09-15 00:09:03,652 - Evaluate global model
2025-09-15 00:09:11,147 - Averaged Train Loss: 1.7899
2025-09-15 00:09:11,148 - Test Accurancy: 0.3637
2025-09-15 00:09:11,148 - Attack Success Rate: 0.2466
2025-09-15 00:09:20,887 - DPD clipping bound C_t: 0.522141695022583
2025-09-15 00:09:20,894 - DPD noise norm:14.803299903869629
2025-09-15 00:09:20,917 - Round number: 10 --------------------------
2025-09-15 00:09:20,917 - Evaluate global model
2025-09-15 00:09:27,406 - Averaged Train Loss: 1.7624
2025-09-15 00:09:27,410 - Test Accurancy: 0.3723
2025-09-15 00:09:27,410 - Attack Success Rate: 0.2862
2025-09-15 00:09:39,068 - DPD clipping bound C_t: 0.520495742559433
2025-09-15 00:09:39,073 - DPD noise norm:14.730802536010742
2025-09-15 00:09:39,088 - Round number: 11 --------------------------
2025-09-15 00:09:39,088 - Evaluate global model
2025-09-15 00:09:44,337 - Averaged Train Loss: 1.7255
2025-09-15 00:09:44,341 - Test Accurancy: 0.3883
2025-09-15 00:09:44,341 - Attack Success Rate: 0.3012
2025-09-15 00:09:56,075 - DPD clipping bound C_t: 0.5150614976882935
2025-09-15 00:09:56,082 - DPD noise norm:14.602825164794922
2025-09-15 00:09:56,098 - Round number: 12 --------------------------
2025-09-15 00:09:56,099 - Evaluate global model
2025-09-15 00:10:01,060 - Averaged Train Loss: 1.6937
2025-09-15 00:10:01,061 - Test Accurancy: 0.3957
2025-09-15 00:10:01,061 - Attack Success Rate: 0.3286
2025-09-15 00:10:11,813 - DPD clipping bound C_t: 0.507800430059433
2025-09-15 00:10:11,822 - DPD noise norm:14.376083374023438
2025-09-15 00:10:11,852 - Round number: 13 --------------------------
2025-09-15 00:10:11,852 - Evaluate global model
2025-09-15 00:10:16,271 - Averaged Train Loss: 1.6616
2025-09-15 00:10:16,272 - Test Accurancy: 0.4095
2025-09-15 00:10:16,272 - Attack Success Rate: 0.2794
2025-09-15 00:10:24,209 - DPD clipping bound C_t: 0.5026210248470306
2025-09-15 00:10:24,213 - DPD noise norm:14.243926048278809
2025-09-15 00:10:24,229 - Round number: 14 --------------------------
2025-09-15 00:10:24,229 - Evaluate global model
2025-09-15 00:10:33,575 - Averaged Train Loss: 1.6323
2025-09-15 00:10:33,595 - Test Accurancy: 0.4188
2025-09-15 00:10:33,596 - Attack Success Rate: 0.3251
2025-09-15 00:10:57,374 - DPD clipping bound C_t: 0.5025529563426971
2025-09-15 00:10:57,388 - DPD noise norm:14.26054573059082
2025-09-15 00:10:57,426 - Round number: 15 --------------------------
2025-09-15 00:10:57,427 - Evaluate global model
2025-09-15 00:11:02,489 - Averaged Train Loss: 1.6067
2025-09-15 00:11:02,490 - Test Accurancy: 0.4284
2025-09-15 00:11:02,490 - Attack Success Rate: 0.2910
2025-09-15 00:11:09,030 - DPD clipping bound C_t: 0.4941388964653015
2025-09-15 00:11:09,033 - DPD noise norm:13.975534439086914
2025-09-15 00:11:09,049 - Round number: 16 --------------------------
2025-09-15 00:11:09,049 - Evaluate global model
2025-09-15 00:11:13,045 - Averaged Train Loss: 1.5728
2025-09-15 00:11:13,046 - Test Accurancy: 0.4386
2025-09-15 00:11:13,046 - Attack Success Rate: 0.3272
2025-09-15 00:11:19,740 - DPD clipping bound C_t: 0.47882193326950073
2025-09-15 00:11:19,744 - DPD noise norm:13.559615135192871
2025-09-15 00:11:19,761 - Round number: 17 --------------------------
2025-09-15 00:11:19,761 - Evaluate global model
2025-09-15 00:11:25,614 - Averaged Train Loss: 1.5544
2025-09-15 00:11:25,617 - Test Accurancy: 0.4452
2025-09-15 00:11:25,617 - Attack Success Rate: 0.3449
2025-09-15 00:11:39,720 - DPD clipping bound C_t: 0.47531870007514954
2025-09-15 00:11:39,735 - DPD noise norm:13.468530654907227
2025-09-15 00:11:39,763 - Round number: 18 --------------------------
2025-09-15 00:11:39,764 - Evaluate global model
2025-09-15 00:11:53,569 - Averaged Train Loss: 1.5401
2025-09-15 00:11:53,571 - Test Accurancy: 0.4482
2025-09-15 00:11:53,571 - Attack Success Rate: 0.3313
2025-09-15 00:12:12,902 - DPD clipping bound C_t: 0.47764597833156586
2025-09-15 00:12:12,909 - DPD noise norm:13.536689758300781
2025-09-15 00:12:12,939 - Round number: 19 --------------------------
2025-09-15 00:12:12,939 - Evaluate global model
2025-09-15 00:12:26,289 - Averaged Train Loss: 1.5183
2025-09-15 00:12:26,290 - Test Accurancy: 0.4547
2025-09-15 00:12:26,290 - Attack Success Rate: 0.3381
2025-09-15 00:12:43,442 - DPD clipping bound C_t: 0.47055600583553314
2025-09-15 00:12:43,450 - DPD noise norm:13.33635139465332
2025-09-15 00:12:43,490 - Round number: 20 --------------------------
2025-09-15 00:12:43,491 - Evaluate global model
2025-09-15 00:12:52,760 - Averaged Train Loss: 1.5095
2025-09-15 00:12:52,768 - Test Accurancy: 0.4548
2025-09-15 00:12:52,768 - Attack Success Rate: 0.3142
2025-09-15 00:13:10,980 - DPD clipping bound C_t: 0.47354811429977417
2025-09-15 00:13:10,998 - DPD noise norm:13.41887378692627
2025-09-15 00:13:11,049 - Round number: 21 --------------------------
2025-09-15 00:13:11,050 - Evaluate global model
2025-09-15 00:13:17,859 - Averaged Train Loss: 1.4796
2025-09-15 00:13:17,860 - Test Accurancy: 0.4677
2025-09-15 00:13:17,860 - Attack Success Rate: 0.3306
2025-09-15 00:13:30,107 - DPD clipping bound C_t: 0.46599774062633514
2025-09-15 00:13:30,123 - DPD noise norm:13.18494701385498
2025-09-15 00:13:30,170 - Round number: 22 --------------------------
2025-09-15 00:13:30,170 - Evaluate global model
2025-09-15 00:13:43,357 - Averaged Train Loss: 1.4627
2025-09-15 00:13:43,370 - Test Accurancy: 0.4709
2025-09-15 00:13:43,370 - Attack Success Rate: 0.3361
2025-09-15 00:14:01,273 - DPD clipping bound C_t: 0.4590425491333008
2025-09-15 00:14:01,281 - DPD noise norm:13.002306938171387
2025-09-15 00:14:01,323 - Round number: 23 --------------------------
2025-09-15 00:14:01,323 - Evaluate global model
2025-09-15 00:14:11,714 - Averaged Train Loss: 1.4517
2025-09-15 00:14:11,720 - Test Accurancy: 0.4737
2025-09-15 00:14:11,721 - Attack Success Rate: 0.3279
2025-09-15 00:14:28,879 - DPD clipping bound C_t: 0.45611222088336945
2025-09-15 00:14:28,886 - DPD noise norm:12.917027473449707
2025-09-15 00:14:28,911 - Round number: 24 --------------------------
2025-09-15 00:14:28,912 - Evaluate global model
2025-09-15 00:14:37,530 - Averaged Train Loss: 1.4409
2025-09-15 00:14:37,533 - Test Accurancy: 0.4771
2025-09-15 00:14:37,533 - Attack Success Rate: 0.3163
2025-09-15 00:14:51,402 - DPD clipping bound C_t: 0.44687919318675995
2025-09-15 00:14:51,417 - DPD noise norm:12.646772384643555
2025-09-15 00:14:51,470 - Round number: 25 --------------------------
2025-09-15 00:14:51,472 - Evaluate global model
2025-09-15 00:14:58,994 - Averaged Train Loss: 1.4347
2025-09-15 00:14:58,997 - Test Accurancy: 0.4794
2025-09-15 00:14:58,998 - Attack Success Rate: 0.3333
2025-09-15 00:15:11,376 - DPD clipping bound C_t: 0.4436787813901901
2025-09-15 00:15:11,393 - DPD noise norm:12.561027526855469
2025-09-15 00:15:11,418 - Round number: 26 --------------------------
2025-09-15 00:15:11,419 - Evaluate global model
2025-09-15 00:15:18,843 - Averaged Train Loss: 1.4201
2025-09-15 00:15:18,854 - Test Accurancy: 0.4840
2025-09-15 00:15:18,854 - Attack Success Rate: 0.3415
2025-09-15 00:15:30,963 - DPD clipping bound C_t: 0.44247062504291534
2025-09-15 00:15:30,970 - DPD noise norm:12.541030883789062
2025-09-15 00:15:30,998 - Round number: 27 --------------------------
2025-09-15 00:15:30,998 - Evaluate global model
2025-09-15 00:15:43,405 - Averaged Train Loss: 1.4146
2025-09-15 00:15:43,407 - Test Accurancy: 0.4841
2025-09-15 00:15:43,407 - Attack Success Rate: 0.3689
2025-09-15 00:15:59,159 - DPD clipping bound C_t: 0.44031430780887604
2025-09-15 00:15:59,166 - DPD noise norm:12.4576416015625
2025-09-15 00:15:59,187 - Round number: 28 --------------------------
2025-09-15 00:15:59,187 - Evaluate global model
2025-09-15 00:16:08,783 - Averaged Train Loss: 1.4076
2025-09-15 00:16:08,793 - Test Accurancy: 0.4858
2025-09-15 00:16:08,793 - Attack Success Rate: 0.3668
2025-09-15 00:16:22,960 - DPD clipping bound C_t: 0.4355716407299042
2025-09-15 00:16:22,972 - DPD noise norm:12.348163604736328
2025-09-15 00:16:22,995 - Round number: 29 --------------------------
2025-09-15 00:16:22,995 - Evaluate global model
2025-09-15 00:16:30,782 - Averaged Train Loss: 1.3921
2025-09-15 00:16:30,783 - Test Accurancy: 0.4916
2025-09-15 00:16:30,783 - Attack Success Rate: 0.3005
2025-09-15 00:16:44,050 - DPD clipping bound C_t: 0.4301072359085083
2025-09-15 00:16:44,055 - DPD noise norm:12.181118965148926
2025-09-15 00:16:44,075 - Round number: 30 --------------------------
2025-09-15 00:16:44,075 - Evaluate global model
2025-09-15 00:16:53,380 - Averaged Train Loss: 1.3792
2025-09-15 00:16:53,384 - Test Accurancy: 0.4957
2025-09-15 00:16:53,384 - Attack Success Rate: 0.3361
2025-09-15 00:17:06,962 - DPD clipping bound C_t: 0.42638474702835083
2025-09-15 00:17:06,972 - DPD noise norm:12.101698875427246
2025-09-15 00:17:07,002 - Round number: 31 --------------------------
2025-09-15 00:17:07,002 - Evaluate global model
2025-09-15 00:17:14,921 - Averaged Train Loss: 1.3727
2025-09-15 00:17:14,923 - Test Accurancy: 0.4974
2025-09-15 00:17:14,923 - Attack Success Rate: 0.3361
2025-09-15 00:17:32,367 - DPD clipping bound C_t: 0.4202837496995926
2025-09-15 00:17:32,382 - DPD noise norm:11.915316581726074
2025-09-15 00:17:32,412 - Round number: 32 --------------------------
2025-09-15 00:17:32,412 - Evaluate global model
2025-09-15 00:17:42,647 - Averaged Train Loss: 1.3652
2025-09-15 00:17:42,657 - Test Accurancy: 0.4975
2025-09-15 00:17:42,657 - Attack Success Rate: 0.3928
2025-09-15 00:17:56,413 - DPD clipping bound C_t: 0.4187029153108597
2025-09-15 00:17:56,422 - DPD noise norm:11.858593940734863
2025-09-15 00:17:56,437 - Round number: 33 --------------------------
2025-09-15 00:17:56,437 - Evaluate global model
2025-09-15 00:18:08,335 - Averaged Train Loss: 1.3561
2025-09-15 00:18:08,342 - Test Accurancy: 0.5042
2025-09-15 00:18:08,342 - Attack Success Rate: 0.3449
2025-09-15 00:18:27,194 - DPD clipping bound C_t: 0.41258446872234344
2025-09-15 00:18:27,207 - DPD noise norm:11.695536613464355
2025-09-15 00:18:27,239 - Round number: 34 --------------------------
2025-09-15 00:18:27,239 - Evaluate global model
2025-09-15 00:18:43,622 - Averaged Train Loss: 1.3504
2025-09-15 00:18:43,632 - Test Accurancy: 0.5034
2025-09-15 00:18:43,632 - Attack Success Rate: 0.3525
2025-09-15 00:19:02,413 - DPD clipping bound C_t: 0.41328735649585724
2025-09-15 00:19:02,425 - DPD noise norm:11.707562446594238
2025-09-15 00:19:02,453 - Round number: 35 --------------------------
2025-09-15 00:19:02,454 - Evaluate global model
2025-09-15 00:19:17,375 - Averaged Train Loss: 1.3382
2025-09-15 00:19:17,386 - Test Accurancy: 0.5092
2025-09-15 00:19:17,386 - Attack Success Rate: 0.3176
2025-09-15 00:19:34,694 - DPD clipping bound C_t: 0.40670640766620636
2025-09-15 00:19:34,707 - DPD noise norm:11.505938529968262
2025-09-15 00:19:34,738 - Round number: 36 --------------------------
2025-09-15 00:19:34,738 - Evaluate global model
2025-09-15 00:19:45,070 - Averaged Train Loss: 1.3415
2025-09-15 00:19:45,072 - Test Accurancy: 0.5084
2025-09-15 00:19:45,073 - Attack Success Rate: 0.3415
2025-09-15 00:20:01,598 - DPD clipping bound C_t: 0.4092487245798111
2025-09-15 00:20:01,610 - DPD noise norm:11.587281227111816
2025-09-15 00:20:01,637 - Round number: 37 --------------------------
2025-09-15 00:20:01,637 - Evaluate global model
2025-09-15 00:20:11,932 - Averaged Train Loss: 1.3331
2025-09-15 00:20:11,943 - Test Accurancy: 0.5093
2025-09-15 00:20:11,943 - Attack Success Rate: 0.3231
2025-09-15 00:20:27,869 - DPD clipping bound C_t: 0.39998772740364075
2025-09-15 00:20:27,883 - DPD noise norm:11.330554008483887
2025-09-15 00:20:27,917 - Round number: 38 --------------------------
2025-09-15 00:20:27,917 - Evaluate global model
2025-09-15 00:20:39,831 - Averaged Train Loss: 1.3118
2025-09-15 00:20:39,833 - Test Accurancy: 0.5185
2025-09-15 00:20:39,833 - Attack Success Rate: 0.3115
2025-09-15 00:20:56,430 - DPD clipping bound C_t: 0.39362673461437225
2025-09-15 00:20:56,438 - DPD noise norm:11.156927108764648
2025-09-15 00:20:56,458 - Round number: 39 --------------------------
2025-09-15 00:20:56,458 - Evaluate global model
2025-09-15 00:21:05,273 - Averaged Train Loss: 1.3112
2025-09-15 00:21:05,279 - Test Accurancy: 0.5156
2025-09-15 00:21:05,279 - Attack Success Rate: 0.3361
2025-09-15 00:21:21,071 - DPD clipping bound C_t: 0.39117060601711273
2025-09-15 00:21:21,081 - DPD noise norm:11.079636573791504
2025-09-15 00:21:21,116 - Round number: 40 --------------------------
2025-09-15 00:21:21,117 - Evaluate global model
2025-09-15 00:21:30,492 - Averaged Train Loss: 1.2988
2025-09-15 00:21:30,502 - Test Accurancy: 0.5223
2025-09-15 00:21:30,502 - Attack Success Rate: 0.3040
2025-09-15 00:21:46,159 - DPD clipping bound C_t: 0.39126215875148773
2025-09-15 00:21:46,179 - DPD noise norm:11.066781044006348
2025-09-15 00:21:46,215 - Round number: 41 --------------------------
2025-09-15 00:21:46,216 - Evaluate global model
2025-09-15 00:21:57,982 - Averaged Train Loss: 1.2951
2025-09-15 00:21:57,990 - Test Accurancy: 0.5231
2025-09-15 00:21:57,990 - Attack Success Rate: 0.3504
2025-09-15 00:22:14,881 - DPD clipping bound C_t: 0.3937482088804245
2025-09-15 00:22:14,885 - DPD noise norm:11.148426055908203
2025-09-15 00:22:14,903 - Round number: 42 --------------------------
2025-09-15 00:22:14,903 - Evaluate global model
2025-09-15 00:22:19,789 - Averaged Train Loss: 1.2870
2025-09-15 00:22:19,790 - Test Accurancy: 0.5243
2025-09-15 00:22:19,791 - Attack Success Rate: 0.2992
2025-09-15 00:22:30,288 - DPD clipping bound C_t: 0.38405148684978485
2025-09-15 00:22:30,294 - DPD noise norm:10.876458168029785
2025-09-15 00:22:30,320 - Round number: 43 --------------------------
2025-09-15 00:22:30,321 - Evaluate global model
2025-09-15 00:22:39,498 - Averaged Train Loss: 1.2758
2025-09-15 00:22:39,507 - Test Accurancy: 0.5309
2025-09-15 00:22:39,508 - Attack Success Rate: 0.3210
2025-09-15 00:22:58,577 - DPD clipping bound C_t: 0.3824452906847
2025-09-15 00:22:58,587 - DPD noise norm:10.829019546508789
2025-09-15 00:22:58,608 - Round number: 44 --------------------------
2025-09-15 00:22:58,609 - Evaluate global model
2025-09-15 00:23:09,586 - Averaged Train Loss: 1.2751
2025-09-15 00:23:09,596 - Test Accurancy: 0.5283
2025-09-15 00:23:09,596 - Attack Success Rate: 0.3572
2025-09-15 00:23:23,269 - DPD clipping bound C_t: 0.38130778074264526
2025-09-15 00:23:23,283 - DPD noise norm:10.806896209716797
2025-09-15 00:23:23,310 - Round number: 45 --------------------------
2025-09-15 00:23:23,310 - Evaluate global model
2025-09-15 00:23:35,239 - Averaged Train Loss: 1.2663
2025-09-15 00:23:35,241 - Test Accurancy: 0.5322
2025-09-15 00:23:35,242 - Attack Success Rate: 0.3286
2025-09-15 00:23:51,363 - DPD clipping bound C_t: 0.37500712275505066
2025-09-15 00:23:51,371 - DPD noise norm:10.613321304321289
2025-09-15 00:23:51,404 - Round number: 46 --------------------------
2025-09-15 00:23:51,405 - Evaluate global model
2025-09-15 00:24:01,161 - Averaged Train Loss: 1.2632
2025-09-15 00:24:01,171 - Test Accurancy: 0.5339
2025-09-15 00:24:01,171 - Attack Success Rate: 0.3190
2025-09-15 00:24:13,969 - DPD clipping bound C_t: 0.3757574260234833
2025-09-15 00:24:13,981 - DPD noise norm:10.644554138183594
2025-09-15 00:24:14,014 - Round number: 47 --------------------------
2025-09-15 00:24:14,015 - Evaluate global model
2025-09-15 00:24:25,535 - Averaged Train Loss: 1.2583
2025-09-15 00:24:25,545 - Test Accurancy: 0.5393
2025-09-15 00:24:25,545 - Attack Success Rate: 0.2801
2025-09-15 00:24:44,739 - DPD clipping bound C_t: 0.3675876706838608
2025-09-15 00:24:44,745 - DPD noise norm:10.422566413879395
2025-09-15 00:24:44,760 - Round number: 48 --------------------------
2025-09-15 00:24:44,760 - Evaluate global model
2025-09-15 00:24:49,423 - Averaged Train Loss: 1.2489
2025-09-15 00:24:49,425 - Test Accurancy: 0.5397
2025-09-15 00:24:49,425 - Attack Success Rate: 0.2964
2025-09-15 00:25:00,587 - DPD clipping bound C_t: 0.36406533420085907
2025-09-15 00:25:00,600 - DPD noise norm:10.3300142288208
2025-09-15 00:25:00,624 - Round number: 49 --------------------------
2025-09-15 00:25:00,624 - Evaluate global model
2025-09-15 00:25:14,884 - Averaged Train Loss: 1.2498
2025-09-15 00:25:14,891 - Test Accurancy: 0.5382
2025-09-15 00:25:14,891 - Attack Success Rate: 0.3081
2025-09-15 00:25:34,304 - DPD clipping bound C_t: 0.3615346997976303
2025-09-15 00:25:34,321 - DPD noise norm:10.246219635009766
2025-09-15 00:25:34,355 - Round number: 50 --------------------------
2025-09-15 00:25:34,356 - Evaluate global model
2025-09-15 00:25:48,746 - Averaged Train Loss: 1.2329
2025-09-15 00:25:48,757 - Test Accurancy: 0.5433
2025-09-15 00:25:48,757 - Attack Success Rate: 0.2917
2025-09-15 00:26:05,897 - DPD clipping bound C_t: 0.3557354658842087
2025-09-15 00:26:05,911 - DPD noise norm:10.078943252563477
2025-09-15 00:26:05,933 - Round number: 51 --------------------------
2025-09-15 00:26:05,933 - Evaluate global model
2025-09-15 00:26:18,191 - Averaged Train Loss: 1.2314
2025-09-15 00:26:18,200 - Test Accurancy: 0.5464
2025-09-15 00:26:18,201 - Attack Success Rate: 0.3183
2025-09-15 00:26:33,065 - DPD clipping bound C_t: 0.3553715795278549
2025-09-15 00:26:33,080 - DPD noise norm:10.070799827575684
2025-09-15 00:26:33,115 - Round number: 52 --------------------------
2025-09-15 00:26:33,116 - Evaluate global model
2025-09-15 00:26:45,698 - Averaged Train Loss: 1.2271
2025-09-15 00:26:45,706 - Test Accurancy: 0.5465
2025-09-15 00:26:45,706 - Attack Success Rate: 0.3204
2025-09-15 00:27:03,051 - DPD clipping bound C_t: 0.3562662601470947
2025-09-15 00:27:03,057 - DPD noise norm:10.08994197845459
2025-09-15 00:27:03,083 - Round number: 53 --------------------------
2025-09-15 00:27:03,083 - Evaluate global model
2025-09-15 00:27:13,284 - Averaged Train Loss: 1.2199
2025-09-15 00:27:13,285 - Test Accurancy: 0.5463
2025-09-15 00:27:13,285 - Attack Success Rate: 0.3654
2025-09-15 00:27:30,597 - DPD clipping bound C_t: 0.34833599627017975
2025-09-15 00:27:30,603 - DPD noise norm:9.870369911193848
2025-09-15 00:27:30,634 - Round number: 54 --------------------------
2025-09-15 00:27:30,635 - Evaluate global model
2025-09-15 00:27:38,912 - Averaged Train Loss: 1.2180
2025-09-15 00:27:38,914 - Test Accurancy: 0.5485
2025-09-15 00:27:38,914 - Attack Success Rate: 0.3224
2025-09-15 00:27:52,190 - DPD clipping bound C_t: 0.342593178153038
2025-09-15 00:27:52,200 - DPD noise norm:9.696471214294434
2025-09-15 00:27:52,249 - Round number: 55 --------------------------
2025-09-15 00:27:52,250 - Evaluate global model
2025-09-15 00:28:04,539 - Averaged Train Loss: 1.2135
2025-09-15 00:28:04,558 - Test Accurancy: 0.5492
2025-09-15 00:28:04,558 - Attack Success Rate: 0.3210
2025-09-15 00:28:22,710 - DPD clipping bound C_t: 0.3413783460855484
2025-09-15 00:28:22,722 - DPD noise norm:9.678321838378906
2025-09-15 00:28:22,750 - Round number: 56 --------------------------
2025-09-15 00:28:22,750 - Evaluate global model
2025-09-15 00:28:32,222 - Averaged Train Loss: 1.2103
2025-09-15 00:28:32,232 - Test Accurancy: 0.5489
2025-09-15 00:28:32,232 - Attack Success Rate: 0.2971
2025-09-15 00:28:45,383 - DPD clipping bound C_t: 0.33676984906196594
2025-09-15 00:28:45,391 - DPD noise norm:9.547801971435547
2025-09-15 00:28:45,425 - Round number: 57 --------------------------
2025-09-15 00:28:45,426 - Evaluate global model
2025-09-15 00:28:58,636 - Averaged Train Loss: 1.1983
2025-09-15 00:28:58,639 - Test Accurancy: 0.5523
2025-09-15 00:28:58,639 - Attack Success Rate: 0.2876
2025-09-15 00:29:14,875 - DPD clipping bound C_t: 0.3374089002609253
2025-09-15 00:29:14,888 - DPD noise norm:9.554121017456055
2025-09-15 00:29:14,925 - Round number: 58 --------------------------
2025-09-15 00:29:14,934 - Evaluate global model
2025-09-15 00:29:28,711 - Averaged Train Loss: 1.1895
2025-09-15 00:29:28,719 - Test Accurancy: 0.5560
2025-09-15 00:29:28,719 - Attack Success Rate: 0.3108
2025-09-15 00:29:44,750 - DPD clipping bound C_t: 0.33081746101379395
2025-09-15 00:29:44,757 - DPD noise norm:9.382750511169434
2025-09-15 00:29:44,783 - Round number: 59 --------------------------
2025-09-15 00:29:44,783 - Evaluate global model
2025-09-15 00:29:52,045 - Averaged Train Loss: 1.1920
2025-09-15 00:29:52,050 - Test Accurancy: 0.5544
2025-09-15 00:29:52,050 - Attack Success Rate: 0.3634
2025-09-15 00:30:04,350 - DPD clipping bound C_t: 0.3288523852825165
2025-09-15 00:30:04,361 - DPD noise norm:9.311384201049805
2025-09-15 00:30:04,396 - Round number: 60 --------------------------
2025-09-15 00:30:04,397 - Evaluate global model
2025-09-15 00:30:19,371 - Averaged Train Loss: 1.1812
2025-09-15 00:30:19,380 - Test Accurancy: 0.5589
2025-09-15 00:30:19,380 - Attack Success Rate: 0.3108
2025-09-15 00:30:38,144 - DPD clipping bound C_t: 0.3244255483150482
2025-09-15 00:30:38,159 - DPD noise norm:9.193134307861328
2025-09-15 00:30:38,186 - Round number: 61 --------------------------
2025-09-15 00:30:38,187 - Evaluate global model
2025-09-15 00:30:48,477 - Averaged Train Loss: 1.1767
2025-09-15 00:30:48,485 - Test Accurancy: 0.5618
2025-09-15 00:30:48,485 - Attack Success Rate: 0.3067
2025-09-15 00:31:01,819 - DPD clipping bound C_t: 0.32118409872055054
2025-09-15 00:31:01,830 - DPD noise norm:9.108936309814453
2025-09-15 00:31:01,858 - Round number: 62 --------------------------
2025-09-15 00:31:01,859 - Evaluate global model
2025-09-15 00:31:12,818 - Averaged Train Loss: 1.1898
2025-09-15 00:31:12,827 - Test Accurancy: 0.5571
2025-09-15 00:31:12,827 - Attack Success Rate: 0.3258
2025-09-15 00:31:30,461 - DPD clipping bound C_t: 0.317660927772522
2025-09-15 00:31:30,479 - DPD noise norm:9.013666152954102
2025-09-15 00:31:30,507 - Round number: 63 --------------------------
2025-09-15 00:31:30,507 - Evaluate global model
2025-09-15 00:31:42,498 - Averaged Train Loss: 1.1687
2025-09-15 00:31:42,500 - Test Accurancy: 0.5613
2025-09-15 00:31:42,501 - Attack Success Rate: 0.3108
2025-09-15 00:31:55,691 - DPD clipping bound C_t: 0.3134646862745285
2025-09-15 00:31:55,695 - DPD noise norm:8.882514953613281
2025-09-15 00:31:55,708 - Round number: 64 --------------------------
2025-09-15 00:31:55,708 - Evaluate global model
2025-09-15 00:32:00,883 - Averaged Train Loss: 1.1718
2025-09-15 00:32:00,884 - Test Accurancy: 0.5591
2025-09-15 00:32:00,884 - Attack Success Rate: 0.3347
2025-09-15 00:32:10,512 - DPD clipping bound C_t: 0.31242072582244873
2025-09-15 00:32:10,516 - DPD noise norm:8.851981163024902
2025-09-15 00:32:10,529 - Round number: 65 --------------------------
2025-09-15 00:32:10,530 - Evaluate global model
2025-09-15 00:32:14,150 - Averaged Train Loss: 1.1661
2025-09-15 00:32:14,151 - Test Accurancy: 0.5634
2025-09-15 00:32:14,151 - Attack Success Rate: 0.3313
2025-09-15 00:32:23,222 - DPD clipping bound C_t: 0.30866120755672455
2025-09-15 00:32:23,230 - DPD noise norm:8.74630355834961
2025-09-15 00:32:23,250 - Round number: 66 --------------------------
2025-09-15 00:32:23,250 - Evaluate global model
2025-09-15 00:32:28,511 - Averaged Train Loss: 1.1574
2025-09-15 00:32:28,513 - Test Accurancy: 0.5662
2025-09-15 00:32:28,513 - Attack Success Rate: 0.2507
2025-09-15 00:32:38,288 - DPD clipping bound C_t: 0.30736200511455536
2025-09-15 00:32:38,302 - DPD noise norm:8.698752403259277
2025-09-15 00:32:38,326 - Round number: 67 --------------------------
2025-09-15 00:32:38,326 - Evaluate global model
2025-09-15 00:32:43,474 - Averaged Train Loss: 1.1520
2025-09-15 00:32:43,478 - Test Accurancy: 0.5670
2025-09-15 00:32:43,478 - Attack Success Rate: 0.2814
2025-09-15 00:32:53,898 - DPD clipping bound C_t: 0.302092507481575
2025-09-15 00:32:53,909 - DPD noise norm:8.555766105651855
2025-09-15 00:32:53,953 - Round number: 68 --------------------------
2025-09-15 00:32:53,954 - Evaluate global model
2025-09-15 00:32:59,561 - Averaged Train Loss: 1.1502
2025-09-15 00:32:59,562 - Test Accurancy: 0.5666
2025-09-15 00:32:59,562 - Attack Success Rate: 0.2609
2025-09-15 00:33:09,332 - DPD clipping bound C_t: 0.29387570917606354
2025-09-15 00:33:09,340 - DPD noise norm:8.324137687683105
2025-09-15 00:33:09,361 - Round number: 69 --------------------------
2025-09-15 00:33:09,361 - Evaluate global model
2025-09-15 00:33:14,605 - Averaged Train Loss: 1.1511
2025-09-15 00:33:14,605 - Test Accurancy: 0.5666
2025-09-15 00:33:14,605 - Attack Success Rate: 0.3299
2025-09-15 00:33:23,915 - DPD clipping bound C_t: 0.29851725697517395
2025-09-15 00:33:23,925 - DPD noise norm:8.457365036010742
2025-09-15 00:33:23,951 - Round number: 70 --------------------------
2025-09-15 00:33:23,951 - Evaluate global model
2025-09-15 00:33:28,732 - Averaged Train Loss: 1.1444
2025-09-15 00:33:28,732 - Test Accurancy: 0.5672
2025-09-15 00:33:28,732 - Attack Success Rate: 0.3231
2025-09-15 00:33:38,523 - DPD clipping bound C_t: 0.29429228603839874
2025-09-15 00:33:38,533 - DPD noise norm:8.3372802734375
2025-09-15 00:33:38,557 - Round number: 71 --------------------------
2025-09-15 00:33:38,558 - Evaluate global model
2025-09-15 00:33:43,271 - Averaged Train Loss: 1.1375
2025-09-15 00:33:43,271 - Test Accurancy: 0.5694
2025-09-15 00:33:43,271 - Attack Success Rate: 0.3163
2025-09-15 00:33:51,167 - DPD clipping bound C_t: 0.28879567980766296
2025-09-15 00:33:51,171 - DPD noise norm:8.175803184509277
2025-09-15 00:33:51,187 - Round number: 72 --------------------------
2025-09-15 00:33:51,187 - Evaluate global model
2025-09-15 00:33:56,143 - Averaged Train Loss: 1.1405
2025-09-15 00:33:56,145 - Test Accurancy: 0.5704
2025-09-15 00:33:56,145 - Attack Success Rate: 0.2951
2025-09-15 00:34:05,587 - DPD clipping bound C_t: 0.28944697976112366
2025-09-15 00:34:05,591 - DPD noise norm:8.21212100982666
2025-09-15 00:34:05,615 - Round number: 73 --------------------------
2025-09-15 00:34:05,616 - Evaluate global model
2025-09-15 00:34:09,133 - Averaged Train Loss: 1.1270
2025-09-15 00:34:09,135 - Test Accurancy: 0.5732
2025-09-15 00:34:09,135 - Attack Success Rate: 0.2869
2025-09-15 00:34:18,823 - DPD clipping bound C_t: 0.2861079275608063
2025-09-15 00:34:18,829 - DPD noise norm:8.103411674499512
2025-09-15 00:34:18,858 - Round number: 74 --------------------------
2025-09-15 00:34:18,858 - Evaluate global model
2025-09-15 00:34:22,686 - Averaged Train Loss: 1.1292
2025-09-15 00:34:22,686 - Test Accurancy: 0.5720
2025-09-15 00:34:22,686 - Attack Success Rate: 0.3176
2025-09-15 00:34:31,385 - DPD clipping bound C_t: 0.2809285372495651
2025-09-15 00:34:31,394 - DPD noise norm:7.964903354644775
2025-09-15 00:34:31,418 - Round number: 75 --------------------------
2025-09-15 00:34:31,418 - Evaluate global model
2025-09-15 00:34:36,827 - Averaged Train Loss: 1.1184
2025-09-15 00:34:36,828 - Test Accurancy: 0.5779
2025-09-15 00:34:36,829 - Attack Success Rate: 0.2691
2025-09-15 00:34:46,188 - DPD clipping bound C_t: 0.2792161703109741
2025-09-15 00:34:46,194 - DPD noise norm:7.92321252822876
2025-09-15 00:34:46,217 - Round number: 76 --------------------------
2025-09-15 00:34:46,218 - Evaluate global model
2025-09-15 00:34:51,210 - Averaged Train Loss: 1.1177
2025-09-15 00:34:51,213 - Test Accurancy: 0.5756
2025-09-15 00:34:51,213 - Attack Success Rate: 0.2623
2025-09-15 00:35:07,952 - DPD clipping bound C_t: 0.27296745777130127
2025-09-15 00:35:07,969 - DPD noise norm:7.729681015014648
2025-09-15 00:35:08,001 - Round number: 77 --------------------------
2025-09-15 00:35:08,001 - Evaluate global model
2025-09-15 00:35:22,689 - Averaged Train Loss: 1.1097
2025-09-15 00:35:22,702 - Test Accurancy: 0.5794
2025-09-15 00:35:22,702 - Attack Success Rate: 0.3019
2025-09-15 00:35:39,218 - DPD clipping bound C_t: 0.27259840071201324
2025-09-15 00:35:39,229 - DPD noise norm:7.708305835723877
2025-09-15 00:35:39,249 - Round number: 78 --------------------------
2025-09-15 00:35:39,249 - Evaluate global model
2025-09-15 00:35:48,052 - Averaged Train Loss: 1.1040
2025-09-15 00:35:48,060 - Test Accurancy: 0.5803
2025-09-15 00:35:48,061 - Attack Success Rate: 0.2698
2025-09-15 00:36:02,480 - DPD clipping bound C_t: 0.26474013924598694
2025-09-15 00:36:02,495 - DPD noise norm:7.503697872161865
2025-09-15 00:36:02,535 - Round number: 79 --------------------------
2025-09-15 00:36:02,536 - Evaluate global model
2025-09-15 00:36:15,263 - Averaged Train Loss: 1.1064
2025-09-15 00:36:15,265 - Test Accurancy: 0.5816
2025-09-15 00:36:15,265 - Attack Success Rate: 0.2889
2025-09-15 00:36:31,303 - DPD clipping bound C_t: 0.26309384405612946
2025-09-15 00:36:31,308 - DPD noise norm:7.449300289154053
2025-09-15 00:36:31,336 - Round number: 80 --------------------------
2025-09-15 00:36:31,337 - Evaluate global model
2025-09-15 00:36:37,098 - Averaged Train Loss: 1.1068
2025-09-15 00:36:37,100 - Test Accurancy: 0.5807
2025-09-15 00:36:37,100 - Attack Success Rate: 0.2582
2025-09-15 00:36:50,419 - DPD clipping bound C_t: 0.26149022579193115
2025-09-15 00:36:50,428 - DPD noise norm:7.4065842628479
2025-09-15 00:36:50,453 - Round number: 81 --------------------------
2025-09-15 00:36:50,453 - Evaluate global model
2025-09-15 00:37:01,873 - Averaged Train Loss: 1.1028
2025-09-15 00:37:01,875 - Test Accurancy: 0.5824
2025-09-15 00:37:01,875 - Attack Success Rate: 0.2725
2025-09-15 00:37:20,261 - DPD clipping bound C_t: 0.2582758516073227
2025-09-15 00:37:20,267 - DPD noise norm:7.315617561340332
2025-09-15 00:37:20,299 - Round number: 82 --------------------------
2025-09-15 00:37:20,299 - Evaluate global model
2025-09-15 00:37:34,315 - Averaged Train Loss: 1.0989
2025-09-15 00:37:34,318 - Test Accurancy: 0.5824
2025-09-15 00:37:34,318 - Attack Success Rate: 0.2910
2025-09-15 00:37:51,635 - DPD clipping bound C_t: 0.25331340730190277
2025-09-15 00:37:51,644 - DPD noise norm:7.176941871643066
2025-09-15 00:37:51,666 - Round number: 83 --------------------------
2025-09-15 00:37:51,666 - Evaluate global model
2025-09-15 00:38:01,041 - Averaged Train Loss: 1.0976
2025-09-15 00:38:01,043 - Test Accurancy: 0.5835
2025-09-15 00:38:01,043 - Attack Success Rate: 0.2807
2025-09-15 00:38:16,972 - DPD clipping bound C_t: 0.24938492476940155
2025-09-15 00:38:16,978 - DPD noise norm:7.057981967926025
2025-09-15 00:38:17,001 - Round number: 84 --------------------------
2025-09-15 00:38:17,001 - Evaluate global model
2025-09-15 00:38:28,352 - Averaged Train Loss: 1.0920
2025-09-15 00:38:28,362 - Test Accurancy: 0.5864
2025-09-15 00:38:28,362 - Attack Success Rate: 0.2507
2025-09-15 00:38:46,273 - DPD clipping bound C_t: 0.24940446019172668
2025-09-15 00:38:46,289 - DPD noise norm:7.062605381011963
2025-09-15 00:38:46,329 - Round number: 85 --------------------------
2025-09-15 00:38:46,333 - Evaluate global model
2025-09-15 00:38:57,551 - Averaged Train Loss: 1.0930
2025-09-15 00:38:57,553 - Test Accurancy: 0.5849
2025-09-15 00:38:57,553 - Attack Success Rate: 0.3060
2025-09-15 00:39:12,569 - DPD clipping bound C_t: 0.24780205637216568
2025-09-15 00:39:12,576 - DPD noise norm:7.030588626861572
2025-09-15 00:39:12,597 - Round number: 86 --------------------------
2025-09-15 00:39:12,597 - Evaluate global model
2025-09-15 00:39:19,685 - Averaged Train Loss: 1.0858
2025-09-15 00:39:19,694 - Test Accurancy: 0.5858
2025-09-15 00:39:19,694 - Attack Success Rate: 0.2917
2025-09-15 00:39:34,171 - DPD clipping bound C_t: 0.24205242842435837
2025-09-15 00:39:34,184 - DPD noise norm:6.857480049133301
2025-09-15 00:39:34,211 - Round number: 87 --------------------------
2025-09-15 00:39:34,211 - Evaluate global model
2025-09-15 00:39:47,816 - Averaged Train Loss: 1.0851
2025-09-15 00:39:47,826 - Test Accurancy: 0.5861
2025-09-15 00:39:47,826 - Attack Success Rate: 0.2944
2025-09-15 00:40:06,829 - DPD clipping bound C_t: 0.23867559432983398
2025-09-15 00:40:06,834 - DPD noise norm:6.754193305969238
2025-09-15 00:40:06,853 - Round number: 88 --------------------------
2025-09-15 00:40:06,853 - Evaluate global model
2025-09-15 00:40:11,460 - Averaged Train Loss: 1.0748
2025-09-15 00:40:11,461 - Test Accurancy: 0.5885
2025-09-15 00:40:11,461 - Attack Success Rate: 0.2705
2025-09-15 00:40:20,924 - DPD clipping bound C_t: 0.23698308318853378
2025-09-15 00:40:20,929 - DPD noise norm:6.706540584564209
2025-09-15 00:40:20,946 - Round number: 89 --------------------------
2025-09-15 00:40:20,946 - Evaluate global model
2025-09-15 00:40:25,109 - Averaged Train Loss: 1.0842
2025-09-15 00:40:25,110 - Test Accurancy: 0.5860
2025-09-15 00:40:25,110 - Attack Success Rate: 0.2753
2025-09-15 00:40:40,467 - DPD clipping bound C_t: 0.23792127519845963
2025-09-15 00:40:40,479 - DPD noise norm:6.7385382652282715
2025-09-15 00:40:40,518 - Round number: 90 --------------------------
2025-09-15 00:40:40,518 - Evaluate global model
2025-09-15 00:40:55,275 - Averaged Train Loss: 1.0815
2025-09-15 00:40:55,295 - Test Accurancy: 0.5866
2025-09-15 00:40:55,295 - Attack Success Rate: 0.2630
2025-09-15 00:41:13,677 - DPD clipping bound C_t: 0.23397335410118103
2025-09-15 00:41:13,683 - DPD noise norm:6.626878261566162
2025-09-15 00:41:13,697 - Round number: 91 --------------------------
2025-09-15 00:41:13,698 - Evaluate global model
2025-09-15 00:41:23,085 - Averaged Train Loss: 1.0707
2025-09-15 00:41:23,086 - Test Accurancy: 0.5882
2025-09-15 00:41:23,086 - Attack Success Rate: 0.2821
2025-09-15 00:41:37,350 - DPD clipping bound C_t: 0.23164507001638412
2025-09-15 00:41:37,363 - DPD noise norm:6.567101001739502
2025-09-15 00:41:37,389 - Round number: 92 --------------------------
2025-09-15 00:41:37,389 - Evaluate global model
2025-09-15 00:41:51,497 - Averaged Train Loss: 1.0761
2025-09-15 00:41:51,508 - Test Accurancy: 0.5863
2025-09-15 00:41:51,508 - Attack Success Rate: 0.3265
2025-09-15 00:42:09,141 - DPD clipping bound C_t: 0.22723575681447983
2025-09-15 00:42:09,159 - DPD noise norm:6.4289984703063965
2025-09-15 00:42:09,189 - Round number: 93 --------------------------
2025-09-15 00:42:09,189 - Evaluate global model
2025-09-15 00:42:17,148 - Averaged Train Loss: 1.0660
2025-09-15 00:42:17,148 - Test Accurancy: 0.5873
2025-09-15 00:42:17,149 - Attack Success Rate: 0.2787
2025-09-15 00:42:29,424 - DPD clipping bound C_t: 0.22753527760505676
2025-09-15 00:42:29,431 - DPD noise norm:6.446320056915283
2025-09-15 00:42:29,457 - Round number: 94 --------------------------
2025-09-15 00:42:29,457 - Evaluate global model
2025-09-15 00:42:39,738 - Averaged Train Loss: 1.0645
2025-09-15 00:42:39,747 - Test Accurancy: 0.5900
2025-09-15 00:42:39,747 - Attack Success Rate: 0.2807
2025-09-15 00:42:54,013 - DPD clipping bound C_t: 0.22197355329990387
2025-09-15 00:42:54,025 - DPD noise norm:6.300323009490967
2025-09-15 00:42:54,061 - Round number: 95 --------------------------
2025-09-15 00:42:54,061 - Evaluate global model
2025-09-15 00:43:02,625 - Averaged Train Loss: 1.0672
2025-09-15 00:43:02,627 - Test Accurancy: 0.5867
2025-09-15 00:43:02,627 - Attack Success Rate: 0.2917
2025-09-15 00:43:16,638 - DPD clipping bound C_t: 0.21871180087327957
2025-09-15 00:43:16,644 - DPD noise norm:6.197144031524658
2025-09-15 00:43:16,660 - Round number: 96 --------------------------
2025-09-15 00:43:16,660 - Evaluate global model
2025-09-15 00:43:24,121 - Averaged Train Loss: 1.0654
2025-09-15 00:43:24,126 - Test Accurancy: 0.5889
2025-09-15 00:43:24,126 - Attack Success Rate: 0.3101
2025-09-15 00:43:33,625 - DPD clipping bound C_t: 0.21785835921764374
2025-09-15 00:43:33,631 - DPD noise norm:6.168308734893799
2025-09-15 00:43:33,647 - Round number: 97 --------------------------
2025-09-15 00:43:33,647 - Evaluate global model
2025-09-15 00:43:40,233 - Averaged Train Loss: 1.0556
2025-09-15 00:43:40,234 - Test Accurancy: 0.5916
2025-09-15 00:43:40,235 - Attack Success Rate: 0.2937
2025-09-15 00:43:52,714 - DPD clipping bound C_t: 0.21717782318592072
2025-09-15 00:43:52,725 - DPD noise norm:6.15612268447876
2025-09-15 00:43:52,751 - Round number: 98 --------------------------
2025-09-15 00:43:52,752 - Evaluate global model
2025-09-15 00:44:02,868 - Averaged Train Loss: 1.0555
2025-09-15 00:44:02,869 - Test Accurancy: 0.5919
2025-09-15 00:44:02,869 - Attack Success Rate: 0.3087
2025-09-15 00:44:20,745 - DPD clipping bound C_t: 0.21013562381267548
2025-09-15 00:44:20,753 - DPD noise norm:5.953149318695068
2025-09-15 00:44:20,783 - Round number: 99 --------------------------
2025-09-15 00:44:20,784 - Evaluate global model
2025-09-15 00:44:26,897 - Averaged Train Loss: 1.0591
2025-09-15 00:44:26,899 - Test Accurancy: 0.5893
2025-09-15 00:44:26,899 - Attack Success Rate: 0.3046
2025-09-15 00:44:38,343 - DPD clipping bound C_t: 0.21000880002975464
2025-09-15 00:44:38,349 - DPD noise norm:5.956315994262695
2025-09-15 00:44:38,377 - Round number: 100 --------------------------
2025-09-15 00:44:38,378 - Evaluate global model
2025-09-15 00:44:50,961 - Averaged Train Loss: 1.0570
2025-09-15 00:44:50,965 - Test Accurancy: 0.5908
2025-09-15 00:44:50,965 - Attack Success Rate: 0.2835
2025-09-15 00:45:10,955 - DPD clipping bound C_t: 0.20875205099582672
2025-09-15 00:45:10,963 - DPD noise norm:5.9141926765441895
2025-09-15 00:45:10,967 - Run over
2025-09-15 00:45:10,967 - Saving results to ./exp/exp2/Cifar10/0.032.h5
2025-09-15 00:45:11,052 - Best accuracy: 0.591941391941392
2025-09-15 00:45:11,052 - Average time cost per round: 22.935329604148865
