2025-09-14 22:25:48,098 - *****************EXP-2*****************
2025-09-14 22:25:48,098 - Exp repeats: 1
2025-09-14 22:25:48,099 - Communication Rounds: 100
2025-09-14 22:25:48,099 - Clients: 40

2025-09-14 22:25:48,099 - Attack method: scale
2025-09-14 22:25:48,099 - Filtering rule: dpd
2025-09-14 22:25:48,099 - Dataset: Cifar10
2025-09-14 22:25:48,099 - Model: cnn2
2025-09-14 22:25:48,099 - Learning Rate: 0.04
2025-09-14 22:25:48,099 - Batch Size: 64
2025-09-14 22:25:48,099 - Device: cuda
2025-09-14 22:25:48,099 - Device id: 0
2025-09-14 22:25:48,099 - DPD clipping strategy: auto
2025-09-14 22:25:48,099 - DPD noise level: 0.06
2025-09-14 22:25:48,099 - Adversaries: 8
2025-09-14 22:25:48,099 - Targeted Label Flipping: 5-->3
2025-09-14 22:25:48,099 - *****************EXP-2*****************
2025-09-14 22:25:48,307 - Running time: 0th ==========================
2025-09-14 22:25:51,874 - Round number: 0 --------------------------
2025-09-14 22:25:51,875 - Evaluate global model
2025-09-14 22:25:54,715 - Averaged Train Loss: 2.3051
2025-09-14 22:25:54,715 - Test Accurancy: 0.0977
2025-09-14 22:25:54,715 - Attack Success Rate: 0.0000
2025-09-14 22:26:04,156 - DPD clipping bound C_t: 0.6778744459152222
2025-09-14 22:26:04,161 - DPD noise norm:35.997314453125
2025-09-14 22:26:04,179 - Round number: 1 --------------------------
2025-09-14 22:26:04,179 - Evaluate global model
2025-09-14 22:26:06,638 - Averaged Train Loss: 2.2610
2025-09-14 22:26:06,638 - Test Accurancy: 0.1056
2025-09-14 22:26:06,638 - Attack Success Rate: 0.2322
2025-09-14 22:26:15,659 - DPD clipping bound C_t: 0.6670305132865906
2025-09-14 22:26:15,661 - DPD noise norm:35.43296813964844
2025-09-14 22:26:15,668 - Round number: 2 --------------------------
2025-09-14 22:26:15,669 - Evaluate global model
2025-09-14 22:26:18,067 - Averaged Train Loss: 2.1323
2025-09-14 22:26:18,067 - Test Accurancy: 0.2253
2025-09-14 22:26:18,068 - Attack Success Rate: 0.3825
2025-09-14 22:26:27,180 - DPD clipping bound C_t: 0.6006706655025482
2025-09-14 22:26:27,182 - DPD noise norm:31.930089950561523
2025-09-14 22:26:27,190 - Round number: 3 --------------------------
2025-09-14 22:26:27,190 - Evaluate global model
2025-09-14 22:26:29,691 - Averaged Train Loss: 2.0567
2025-09-14 22:26:29,691 - Test Accurancy: 0.2317
2025-09-14 22:26:29,691 - Attack Success Rate: 0.3880
2025-09-14 22:26:38,673 - DPD clipping bound C_t: 0.5912782251834869
2025-09-14 22:26:38,675 - DPD noise norm:31.375253677368164
2025-09-14 22:26:38,683 - Round number: 4 --------------------------
2025-09-14 22:26:38,683 - Evaluate global model
2025-09-14 22:26:41,135 - Averaged Train Loss: 2.0172
2025-09-14 22:26:41,135 - Test Accurancy: 0.2482
2025-09-14 22:26:41,135 - Attack Success Rate: 0.4310
2025-09-14 22:26:50,383 - DPD clipping bound C_t: 0.5891974866390228
2025-09-14 22:26:50,385 - DPD noise norm:31.291715621948242
2025-09-14 22:26:50,393 - Round number: 5 --------------------------
2025-09-14 22:26:50,393 - Evaluate global model
2025-09-14 22:26:52,837 - Averaged Train Loss: 1.9465
2025-09-14 22:26:52,837 - Test Accurancy: 0.2944
2025-09-14 22:26:52,837 - Attack Success Rate: 0.3566
2025-09-14 22:27:01,950 - DPD clipping bound C_t: 0.5653343498706818
2025-09-14 22:27:01,952 - DPD noise norm:30.045364379882812
2025-09-14 22:27:01,960 - Round number: 6 --------------------------
2025-09-14 22:27:01,960 - Evaluate global model
2025-09-14 22:27:04,384 - Averaged Train Loss: 1.9143
2025-09-14 22:27:04,384 - Test Accurancy: 0.3028
2025-09-14 22:27:04,384 - Attack Success Rate: 0.3306
2025-09-14 22:27:13,514 - DPD clipping bound C_t: 0.5631751120090485
2025-09-14 22:27:13,516 - DPD noise norm:29.970291137695312
2025-09-14 22:27:13,524 - Round number: 7 --------------------------
2025-09-14 22:27:13,524 - Evaluate global model
2025-09-14 22:27:15,984 - Averaged Train Loss: 1.8587
2025-09-14 22:27:15,984 - Test Accurancy: 0.3435
2025-09-14 22:27:15,984 - Attack Success Rate: 0.2602
2025-09-14 22:27:25,035 - DPD clipping bound C_t: 0.5630920827388763
2025-09-14 22:27:25,037 - DPD noise norm:29.92657470703125
2025-09-14 22:27:25,045 - Round number: 8 --------------------------
2025-09-14 22:27:25,045 - Evaluate global model
2025-09-14 22:27:27,468 - Averaged Train Loss: 1.8180
2025-09-14 22:27:27,468 - Test Accurancy: 0.3571
2025-09-14 22:27:27,468 - Attack Success Rate: 0.2937
2025-09-14 22:27:36,636 - DPD clipping bound C_t: 0.550805926322937
2025-09-14 22:27:36,638 - DPD noise norm:29.242074966430664
2025-09-14 22:27:36,646 - Round number: 9 --------------------------
2025-09-14 22:27:36,646 - Evaluate global model
2025-09-14 22:27:39,133 - Averaged Train Loss: 1.7830
2025-09-14 22:27:39,133 - Test Accurancy: 0.3712
2025-09-14 22:27:39,133 - Attack Success Rate: 0.2240
2025-09-14 22:27:48,377 - DPD clipping bound C_t: 0.5363271832466125
2025-09-14 22:27:48,380 - DPD noise norm:28.510263442993164
2025-09-14 22:27:48,388 - Round number: 10 --------------------------
2025-09-14 22:27:48,388 - Evaluate global model
2025-09-14 22:27:50,822 - Averaged Train Loss: 1.7572
2025-09-14 22:27:50,822 - Test Accurancy: 0.3761
2025-09-14 22:27:50,822 - Attack Success Rate: 0.2500
2025-09-14 22:27:59,952 - DPD clipping bound C_t: 0.5358273684978485
2025-09-14 22:27:59,954 - DPD noise norm:28.43383026123047
2025-09-14 22:27:59,962 - Round number: 11 --------------------------
2025-09-14 22:27:59,962 - Evaluate global model
2025-09-14 22:28:02,412 - Averaged Train Loss: 1.7217
2025-09-14 22:28:02,412 - Test Accurancy: 0.3874
2025-09-14 22:28:02,412 - Attack Success Rate: 0.2630
2025-09-14 22:28:11,663 - DPD clipping bound C_t: 0.5355201363563538
2025-09-14 22:28:11,664 - DPD noise norm:28.46786117553711
2025-09-14 22:28:11,672 - Round number: 12 --------------------------
2025-09-14 22:28:11,672 - Evaluate global model
2025-09-14 22:28:14,089 - Averaged Train Loss: 1.6840
2025-09-14 22:28:14,089 - Test Accurancy: 0.3975
2025-09-14 22:28:14,089 - Attack Success Rate: 0.3108
2025-09-14 22:28:23,208 - DPD clipping bound C_t: 0.5375193655490875
2025-09-14 22:28:23,210 - DPD noise norm:28.532697677612305
2025-09-14 22:28:23,225 - Round number: 13 --------------------------
2025-09-14 22:28:23,225 - Evaluate global model
2025-09-14 22:28:25,700 - Averaged Train Loss: 1.6491
2025-09-14 22:28:25,700 - Test Accurancy: 0.4130
2025-09-14 22:28:25,700 - Attack Success Rate: 0.2534
2025-09-14 22:28:34,757 - DPD clipping bound C_t: 0.5258075296878815
2025-09-14 22:28:34,758 - DPD noise norm:27.93939781188965
2025-09-14 22:28:34,766 - Round number: 14 --------------------------
2025-09-14 22:28:34,766 - Evaluate global model
2025-09-14 22:28:37,184 - Averaged Train Loss: 1.6254
2025-09-14 22:28:37,184 - Test Accurancy: 0.4245
2025-09-14 22:28:37,184 - Attack Success Rate: 0.2985
2025-09-14 22:28:46,448 - DPD clipping bound C_t: 0.5226715803146362
2025-09-14 22:28:46,450 - DPD noise norm:27.808940887451172
2025-09-14 22:28:46,458 - Round number: 15 --------------------------
2025-09-14 22:28:46,458 - Evaluate global model
2025-09-14 22:28:48,930 - Averaged Train Loss: 1.6043
2025-09-14 22:28:48,930 - Test Accurancy: 0.4283
2025-09-14 22:28:48,930 - Attack Success Rate: 0.2186
2025-09-14 22:28:58,188 - DPD clipping bound C_t: 0.5159724652767181
2025-09-14 22:28:58,190 - DPD noise norm:27.361957550048828
2025-09-14 22:28:58,198 - Round number: 16 --------------------------
2025-09-14 22:28:58,198 - Evaluate global model
2025-09-14 22:29:00,632 - Averaged Train Loss: 1.5725
2025-09-14 22:29:00,632 - Test Accurancy: 0.4401
2025-09-14 22:29:00,632 - Attack Success Rate: 0.3675
2025-09-14 22:29:09,721 - DPD clipping bound C_t: 0.5028582811355591
2025-09-14 22:29:09,723 - DPD noise norm:26.700546264648438
2025-09-14 22:29:09,737 - Round number: 17 --------------------------
2025-09-14 22:29:09,737 - Evaluate global model
2025-09-14 22:29:12,229 - Averaged Train Loss: 1.5455
2025-09-14 22:29:12,229 - Test Accurancy: 0.4488
2025-09-14 22:29:12,229 - Attack Success Rate: 0.3169
2025-09-14 22:29:21,396 - DPD clipping bound C_t: 0.500677764415741
2025-09-14 22:29:21,398 - DPD noise norm:26.600811004638672
2025-09-14 22:29:21,406 - Round number: 18 --------------------------
2025-09-14 22:29:21,406 - Evaluate global model
2025-09-14 22:29:23,798 - Averaged Train Loss: 1.5381
2025-09-14 22:29:23,798 - Test Accurancy: 0.4472
2025-09-14 22:29:23,798 - Attack Success Rate: 0.3286
2025-09-14 22:29:32,871 - DPD clipping bound C_t: 0.5023362934589386
2025-09-14 22:29:32,872 - DPD noise norm:26.69329071044922
2025-09-14 22:29:32,880 - Round number: 19 --------------------------
2025-09-14 22:29:32,880 - Evaluate global model
2025-09-14 22:29:35,285 - Averaged Train Loss: 1.5165
2025-09-14 22:29:35,285 - Test Accurancy: 0.4547
2025-09-14 22:29:35,285 - Attack Success Rate: 0.3094
2025-09-14 22:29:44,581 - DPD clipping bound C_t: 0.49861767888069153
2025-09-14 22:29:44,583 - DPD noise norm:26.496870040893555
2025-09-14 22:29:44,591 - Round number: 20 --------------------------
2025-09-14 22:29:44,591 - Evaluate global model
2025-09-14 22:29:46,983 - Averaged Train Loss: 1.5151
2025-09-14 22:29:46,983 - Test Accurancy: 0.4511
2025-09-14 22:29:46,983 - Attack Success Rate: 0.2766
2025-09-14 22:29:56,049 - DPD clipping bound C_t: 0.4992668777704239
2025-09-14 22:29:56,051 - DPD noise norm:26.526865005493164
2025-09-14 22:29:56,059 - Round number: 21 --------------------------
2025-09-14 22:29:56,059 - Evaluate global model
2025-09-14 22:29:58,454 - Averaged Train Loss: 1.4758
2025-09-14 22:29:58,454 - Test Accurancy: 0.4691
2025-09-14 22:29:58,454 - Attack Success Rate: 0.3094
2025-09-14 22:30:07,807 - DPD clipping bound C_t: 0.49472591280937195
2025-09-14 22:30:07,808 - DPD noise norm:26.245840072631836
2025-09-14 22:30:07,816 - Round number: 22 --------------------------
2025-09-14 22:30:07,816 - Evaluate global model
2025-09-14 22:30:10,233 - Averaged Train Loss: 1.4596
2025-09-14 22:30:10,233 - Test Accurancy: 0.4720
2025-09-14 22:30:10,233 - Attack Success Rate: 0.3436
2025-09-14 22:30:19,313 - DPD clipping bound C_t: 0.487536683678627
2025-09-14 22:30:19,315 - DPD noise norm:25.892621994018555
2025-09-14 22:30:19,323 - Round number: 23 --------------------------
2025-09-14 22:30:19,323 - Evaluate global model
2025-09-14 22:30:21,750 - Averaged Train Loss: 1.4529
2025-09-14 22:30:21,750 - Test Accurancy: 0.4748
2025-09-14 22:30:21,750 - Attack Success Rate: 0.3449
2025-09-14 22:30:31,065 - DPD clipping bound C_t: 0.4848507046699524
2025-09-14 22:30:31,067 - DPD noise norm:25.74542999267578
2025-09-14 22:30:31,075 - Round number: 24 --------------------------
2025-09-14 22:30:31,075 - Evaluate global model
2025-09-14 22:30:33,463 - Averaged Train Loss: 1.4373
2025-09-14 22:30:33,463 - Test Accurancy: 0.4793
2025-09-14 22:30:33,463 - Attack Success Rate: 0.2883
2025-09-14 22:30:42,787 - DPD clipping bound C_t: 0.4831749498844147
2025-09-14 22:30:42,789 - DPD noise norm:25.638652801513672
2025-09-14 22:30:42,797 - Round number: 25 --------------------------
2025-09-14 22:30:42,797 - Evaluate global model
2025-09-14 22:30:45,204 - Averaged Train Loss: 1.4370
2025-09-14 22:30:45,204 - Test Accurancy: 0.4759
2025-09-14 22:30:45,204 - Attack Success Rate: 0.2930
2025-09-14 22:30:54,518 - DPD clipping bound C_t: 0.4771680235862732
2025-09-14 22:30:54,519 - DPD noise norm:25.32964324951172
2025-09-14 22:30:54,527 - Round number: 26 --------------------------
2025-09-14 22:30:54,527 - Evaluate global model
2025-09-14 22:30:56,907 - Averaged Train Loss: 1.4204
2025-09-14 22:30:56,907 - Test Accurancy: 0.4831
2025-09-14 22:30:56,907 - Attack Success Rate: 0.3292
2025-09-14 22:31:06,065 - DPD clipping bound C_t: 0.4675082415342331
2025-09-14 22:31:06,067 - DPD noise norm:24.84501838684082
2025-09-14 22:31:06,075 - Round number: 27 --------------------------
2025-09-14 22:31:06,075 - Evaluate global model
2025-09-14 22:31:08,489 - Averaged Train Loss: 1.4243
2025-09-14 22:31:08,489 - Test Accurancy: 0.4783
2025-09-14 22:31:08,489 - Attack Success Rate: 0.4173
2025-09-14 22:31:17,763 - DPD clipping bound C_t: 0.4745844304561615
2025-09-14 22:31:17,765 - DPD noise norm:25.176061630249023
2025-09-14 22:31:17,773 - Round number: 28 --------------------------
2025-09-14 22:31:17,773 - Evaluate global model
2025-09-14 22:31:20,153 - Averaged Train Loss: 1.4142
2025-09-14 22:31:20,153 - Test Accurancy: 0.4809
2025-09-14 22:31:20,153 - Attack Success Rate: 0.3395
2025-09-14 22:31:29,285 - DPD clipping bound C_t: 0.4723767638206482
2025-09-14 22:31:29,288 - DPD noise norm:25.109182357788086
2025-09-14 22:31:29,296 - Round number: 29 --------------------------
2025-09-14 22:31:29,296 - Evaluate global model
2025-09-14 22:31:31,663 - Averaged Train Loss: 1.4074
2025-09-14 22:31:31,663 - Test Accurancy: 0.4839
2025-09-14 22:31:31,663 - Attack Success Rate: 0.2848
2025-09-14 22:31:40,977 - DPD clipping bound C_t: 0.4606257826089859
2025-09-14 22:31:40,980 - DPD noise norm:24.46019172668457
2025-09-14 22:31:40,988 - Round number: 30 --------------------------
2025-09-14 22:31:40,988 - Evaluate global model
2025-09-14 22:31:43,392 - Averaged Train Loss: 1.3910
2025-09-14 22:31:43,392 - Test Accurancy: 0.4875
2025-09-14 22:31:43,392 - Attack Success Rate: 0.3675
2025-09-14 22:31:52,698 - DPD clipping bound C_t: 0.4559868425130844
2025-09-14 22:31:52,700 - DPD noise norm:24.266002655029297
2025-09-14 22:31:52,708 - Round number: 31 --------------------------
2025-09-14 22:31:52,708 - Evaluate global model
2025-09-14 22:31:55,074 - Averaged Train Loss: 1.3826
2025-09-14 22:31:55,074 - Test Accurancy: 0.4898
2025-09-14 22:31:55,074 - Attack Success Rate: 0.3682
2025-09-14 22:32:04,363 - DPD clipping bound C_t: 0.4570676237344742
2025-09-14 22:32:04,365 - DPD noise norm:24.296554565429688
2025-09-14 22:32:04,373 - Round number: 32 --------------------------
2025-09-14 22:32:04,373 - Evaluate global model
2025-09-14 22:32:06,747 - Averaged Train Loss: 1.3751
2025-09-14 22:32:06,747 - Test Accurancy: 0.4900
2025-09-14 22:32:06,747 - Attack Success Rate: 0.4419
2025-09-14 22:32:15,897 - DPD clipping bound C_t: 0.45670729875564575
2025-09-14 22:32:15,899 - DPD noise norm:24.253053665161133
2025-09-14 22:32:15,907 - Round number: 33 --------------------------
2025-09-14 22:32:15,907 - Evaluate global model
2025-09-14 22:32:18,289 - Averaged Train Loss: 1.3653
2025-09-14 22:32:18,289 - Test Accurancy: 0.4943
2025-09-14 22:32:18,290 - Attack Success Rate: 0.3620
2025-09-14 22:32:27,544 - DPD clipping bound C_t: 0.45046545565128326
2025-09-14 22:32:27,546 - DPD noise norm:23.94252586364746
2025-09-14 22:32:27,554 - Round number: 34 --------------------------
2025-09-14 22:32:27,555 - Evaluate global model
2025-09-14 22:32:29,996 - Averaged Train Loss: 1.3646
2025-09-14 22:32:29,996 - Test Accurancy: 0.4934
2025-09-14 22:32:29,996 - Attack Success Rate: 0.3941
2025-09-14 22:32:39,240 - DPD clipping bound C_t: 0.45003440976142883
2025-09-14 22:32:39,243 - DPD noise norm:23.903491973876953
2025-09-14 22:32:39,251 - Round number: 35 --------------------------
2025-09-14 22:32:39,251 - Evaluate global model
2025-09-14 22:32:41,643 - Averaged Train Loss: 1.3473
2025-09-14 22:32:41,643 - Test Accurancy: 0.5030
2025-09-14 22:32:41,643 - Attack Success Rate: 0.3217
2025-09-14 22:32:50,859 - DPD clipping bound C_t: 0.4463484138250351
2025-09-14 22:32:50,863 - DPD noise norm:23.676433563232422
2025-09-14 22:32:50,871 - Round number: 36 --------------------------
2025-09-14 22:32:50,871 - Evaluate global model
2025-09-14 22:32:53,304 - Averaged Train Loss: 1.3492
2025-09-14 22:32:53,304 - Test Accurancy: 0.5019
2025-09-14 22:32:53,304 - Attack Success Rate: 0.3736
2025-09-14 22:33:02,302 - DPD clipping bound C_t: 0.44458892941474915
2025-09-14 22:33:02,305 - DPD noise norm:23.60228729248047
2025-09-14 22:33:02,312 - Round number: 37 --------------------------
2025-09-14 22:33:02,313 - Evaluate global model
2025-09-14 22:33:04,730 - Averaged Train Loss: 1.3474
2025-09-14 22:33:04,730 - Test Accurancy: 0.5056
2025-09-14 22:33:04,730 - Attack Success Rate: 0.3060
2025-09-14 22:33:13,870 - DPD clipping bound C_t: 0.4373791366815567
2025-09-14 22:33:13,873 - DPD noise norm:23.230777740478516
2025-09-14 22:33:13,881 - Round number: 38 --------------------------
2025-09-14 22:33:13,881 - Evaluate global model
2025-09-14 22:33:16,389 - Averaged Train Loss: 1.3135
2025-09-14 22:33:16,389 - Test Accurancy: 0.5169
2025-09-14 22:33:16,389 - Attack Success Rate: 0.2896
2025-09-14 22:33:25,375 - DPD clipping bound C_t: 0.4313540458679199
2025-09-14 22:33:25,377 - DPD noise norm:22.92424774169922
2025-09-14 22:33:25,385 - Round number: 39 --------------------------
2025-09-14 22:33:25,385 - Evaluate global model
2025-09-14 22:33:27,844 - Averaged Train Loss: 1.3246
2025-09-14 22:33:27,844 - Test Accurancy: 0.5119
2025-09-14 22:33:27,844 - Attack Success Rate: 0.3607
2025-09-14 22:33:37,074 - DPD clipping bound C_t: 0.4262968748807907
2025-09-14 22:33:37,076 - DPD noise norm:22.63980484008789
2025-09-14 22:33:37,084 - Round number: 40 --------------------------
2025-09-14 22:33:37,084 - Evaluate global model
2025-09-14 22:33:39,611 - Averaged Train Loss: 1.3018
2025-09-14 22:33:39,611 - Test Accurancy: 0.5226
2025-09-14 22:33:39,611 - Attack Success Rate: 0.2876
2025-09-14 22:33:48,852 - DPD clipping bound C_t: 0.4273739755153656
2025-09-14 22:33:48,855 - DPD noise norm:22.665369033813477
2025-09-14 22:33:48,864 - Round number: 41 --------------------------
2025-09-14 22:33:48,864 - Evaluate global model
2025-09-14 22:33:51,330 - Averaged Train Loss: 1.3038
2025-09-14 22:33:51,330 - Test Accurancy: 0.5168
2025-09-14 22:33:51,330 - Attack Success Rate: 0.3811
2025-09-14 22:34:00,449 - DPD clipping bound C_t: 0.4246494323015213
2025-09-14 22:34:00,452 - DPD noise norm:22.543779373168945
2025-09-14 22:34:00,466 - Round number: 42 --------------------------
2025-09-14 22:34:00,466 - Evaluate global model
2025-09-14 22:34:02,948 - Averaged Train Loss: 1.2943
2025-09-14 22:34:02,949 - Test Accurancy: 0.5218
2025-09-14 22:34:02,949 - Attack Success Rate: 0.2930
2025-09-14 22:34:11,956 - DPD clipping bound C_t: 0.4209161400794983
2025-09-14 22:34:11,960 - DPD noise norm:22.35089111328125
2025-09-14 22:34:11,968 - Round number: 43 --------------------------
2025-09-14 22:34:11,968 - Evaluate global model
2025-09-14 22:34:14,408 - Averaged Train Loss: 1.2842
2025-09-14 22:34:14,408 - Test Accurancy: 0.5266
2025-09-14 22:34:14,408 - Attack Success Rate: 0.3367
2025-09-14 22:34:23,578 - DPD clipping bound C_t: 0.4186614900827408
2025-09-14 22:34:23,581 - DPD noise norm:22.22716522216797
2025-09-14 22:34:23,590 - Round number: 44 --------------------------
2025-09-14 22:34:23,590 - Evaluate global model
2025-09-14 22:34:26,115 - Averaged Train Loss: 1.2827
2025-09-14 22:34:26,115 - Test Accurancy: 0.5239
2025-09-14 22:34:26,115 - Attack Success Rate: 0.3675
2025-09-14 22:34:35,073 - DPD clipping bound C_t: 0.41903743147850037
2025-09-14 22:34:35,074 - DPD noise norm:22.267906188964844
2025-09-14 22:34:35,082 - Round number: 45 --------------------------
2025-09-14 22:34:35,082 - Evaluate global model
2025-09-14 22:34:37,551 - Averaged Train Loss: 1.2691
2025-09-14 22:34:37,552 - Test Accurancy: 0.5308
2025-09-14 22:34:37,552 - Attack Success Rate: 0.3081
2025-09-14 22:34:46,789 - DPD clipping bound C_t: 0.41327308118343353
2025-09-14 22:34:46,792 - DPD noise norm:21.93058204650879
2025-09-14 22:34:46,800 - Round number: 46 --------------------------
2025-09-14 22:34:46,800 - Evaluate global model
2025-09-14 22:34:49,312 - Averaged Train Loss: 1.2769
2025-09-14 22:34:49,312 - Test Accurancy: 0.5300
2025-09-14 22:34:49,312 - Attack Success Rate: 0.3292
2025-09-14 22:34:58,496 - DPD clipping bound C_t: 0.41155654191970825
2025-09-14 22:34:58,498 - DPD noise norm:21.86002540588379
2025-09-14 22:34:58,506 - Round number: 47 --------------------------
2025-09-14 22:34:58,506 - Evaluate global model
2025-09-14 22:35:01,021 - Averaged Train Loss: 1.2676
2025-09-14 22:35:01,021 - Test Accurancy: 0.5351
2025-09-14 22:35:01,021 - Attack Success Rate: 0.2712
2025-09-14 22:35:10,141 - DPD clipping bound C_t: 0.409713476896286
2025-09-14 22:35:10,144 - DPD noise norm:21.78187370300293
2025-09-14 22:35:10,152 - Round number: 48 --------------------------
2025-09-14 22:35:10,152 - Evaluate global model
2025-09-14 22:35:12,693 - Averaged Train Loss: 1.2619
2025-09-14 22:35:12,693 - Test Accurancy: 0.5350
2025-09-14 22:35:12,693 - Attack Success Rate: 0.3190
2025-09-14 22:35:21,621 - DPD clipping bound C_t: 0.40594200789928436
2025-09-14 22:35:21,623 - DPD noise norm:21.59667205810547
2025-09-14 22:35:21,631 - Round number: 49 --------------------------
2025-09-14 22:35:21,631 - Evaluate global model
2025-09-14 22:35:24,174 - Averaged Train Loss: 1.2582
2025-09-14 22:35:24,174 - Test Accurancy: 0.5334
2025-09-14 22:35:24,174 - Attack Success Rate: 0.2814
2025-09-14 22:35:33,303 - DPD clipping bound C_t: 0.39767833054065704
2025-09-14 22:35:33,305 - DPD noise norm:21.132301330566406
2025-09-14 22:35:33,313 - Round number: 50 --------------------------
2025-09-14 22:35:33,313 - Evaluate global model
2025-09-14 22:35:35,919 - Averaged Train Loss: 1.2397
2025-09-14 22:35:35,919 - Test Accurancy: 0.5421
2025-09-14 22:35:35,919 - Attack Success Rate: 0.2657
2025-09-14 22:35:44,780 - DPD clipping bound C_t: 0.3920438885688782
2025-09-14 22:35:44,782 - DPD noise norm:20.82685661315918
2025-09-14 22:35:44,790 - Round number: 51 --------------------------
2025-09-14 22:35:44,790 - Evaluate global model
2025-09-14 22:35:47,372 - Averaged Train Loss: 1.2402
2025-09-14 22:35:47,372 - Test Accurancy: 0.5421
2025-09-14 22:35:47,372 - Attack Success Rate: 0.2930
2025-09-14 22:35:56,383 - DPD clipping bound C_t: 0.38937053084373474
2025-09-14 22:35:56,388 - DPD noise norm:20.689289093017578
2025-09-14 22:35:56,397 - Round number: 52 --------------------------
2025-09-14 22:35:56,397 - Evaluate global model
2025-09-14 22:35:59,044 - Averaged Train Loss: 1.2355
2025-09-14 22:35:59,045 - Test Accurancy: 0.5402
2025-09-14 22:35:59,045 - Attack Success Rate: 0.3081
2025-09-14 22:36:07,887 - DPD clipping bound C_t: 0.3884270191192627
2025-09-14 22:36:07,889 - DPD noise norm:20.62645721435547
2025-09-14 22:36:07,897 - Round number: 53 --------------------------
2025-09-14 22:36:07,897 - Evaluate global model
2025-09-14 22:36:10,511 - Averaged Train Loss: 1.2277
2025-09-14 22:36:10,511 - Test Accurancy: 0.5437
2025-09-14 22:36:10,511 - Attack Success Rate: 0.3449
2025-09-14 22:36:19,335 - DPD clipping bound C_t: 0.3828701674938202
2025-09-14 22:36:19,337 - DPD noise norm:20.34173011779785
2025-09-14 22:36:19,345 - Round number: 54 --------------------------
2025-09-14 22:36:19,345 - Evaluate global model
2025-09-14 22:36:21,963 - Averaged Train Loss: 1.2213
2025-09-14 22:36:21,963 - Test Accurancy: 0.5424
2025-09-14 22:36:21,963 - Attack Success Rate: 0.3279
2025-09-14 22:36:30,987 - DPD clipping bound C_t: 0.377029687166214
2025-09-14 22:36:30,989 - DPD noise norm:20.008373260498047
2025-09-14 22:36:30,997 - Round number: 55 --------------------------
2025-09-14 22:36:30,997 - Evaluate global model
2025-09-14 22:36:33,683 - Averaged Train Loss: 1.2219
2025-09-14 22:36:33,683 - Test Accurancy: 0.5451
2025-09-14 22:36:33,683 - Attack Success Rate: 0.2971
2025-09-14 22:36:42,444 - DPD clipping bound C_t: 0.37403175234794617
2025-09-14 22:36:42,447 - DPD noise norm:19.88262939453125
2025-09-14 22:36:42,455 - Round number: 56 --------------------------
2025-09-14 22:36:42,455 - Evaluate global model
2025-09-14 22:36:45,139 - Averaged Train Loss: 1.2103
2025-09-14 22:36:45,139 - Test Accurancy: 0.5473
2025-09-14 22:36:45,139 - Attack Success Rate: 0.2862
2025-09-14 22:36:54,112 - DPD clipping bound C_t: 0.37415711581707
2025-09-14 22:36:54,115 - DPD noise norm:19.889572143554688
2025-09-14 22:36:54,123 - Round number: 57 --------------------------
2025-09-14 22:36:54,123 - Evaluate global model
2025-09-14 22:36:56,885 - Averaged Train Loss: 1.2032
2025-09-14 22:36:56,885 - Test Accurancy: 0.5487
2025-09-14 22:36:56,885 - Attack Success Rate: 0.2999
2025-09-14 22:37:05,766 - DPD clipping bound C_t: 0.3705037087202072
2025-09-14 22:37:05,769 - DPD noise norm:19.671072006225586
2025-09-14 22:37:05,777 - Round number: 58 --------------------------
2025-09-14 22:37:05,777 - Evaluate global model
2025-09-14 22:37:08,506 - Averaged Train Loss: 1.1991
2025-09-14 22:37:08,506 - Test Accurancy: 0.5522
2025-09-14 22:37:08,506 - Attack Success Rate: 0.3163
2025-09-14 22:37:17,425 - DPD clipping bound C_t: 0.3704141229391098
2025-09-14 22:37:17,428 - DPD noise norm:19.698381423950195
2025-09-14 22:37:17,436 - Round number: 59 --------------------------
2025-09-14 22:37:17,436 - Evaluate global model
2025-09-14 22:37:20,246 - Averaged Train Loss: 1.2020
2025-09-14 22:37:20,246 - Test Accurancy: 0.5480
2025-09-14 22:37:20,246 - Attack Success Rate: 0.3723
2025-09-14 22:37:28,913 - DPD clipping bound C_t: 0.3593636751174927
2025-09-14 22:37:28,915 - DPD noise norm:19.07869529724121
2025-09-14 22:37:28,923 - Round number: 60 --------------------------
2025-09-14 22:37:28,923 - Evaluate global model
2025-09-14 22:37:31,729 - Averaged Train Loss: 1.1898
2025-09-14 22:37:31,729 - Test Accurancy: 0.5550
2025-09-14 22:37:31,729 - Attack Success Rate: 0.3210
2025-09-14 22:37:40,559 - DPD clipping bound C_t: 0.35313665866851807
2025-09-14 22:37:40,561 - DPD noise norm:18.76258087158203
2025-09-14 22:37:40,569 - Round number: 61 --------------------------
2025-09-14 22:37:40,569 - Evaluate global model
2025-09-14 22:37:43,417 - Averaged Train Loss: 1.1866
2025-09-14 22:37:43,417 - Test Accurancy: 0.5538
2025-09-14 22:37:43,417 - Attack Success Rate: 0.3074
2025-09-14 22:37:51,914 - DPD clipping bound C_t: 0.3487796485424042
2025-09-14 22:37:51,918 - DPD noise norm:18.546672821044922
2025-09-14 22:37:51,926 - Round number: 62 --------------------------
2025-09-14 22:37:51,926 - Evaluate global model
2025-09-14 22:37:54,809 - Averaged Train Loss: 1.2124
2025-09-14 22:37:54,809 - Test Accurancy: 0.5461
2025-09-14 22:37:54,809 - Attack Success Rate: 0.3374
2025-09-14 22:38:03,497 - DPD clipping bound C_t: 0.3494477868080139
2025-09-14 22:38:03,500 - DPD noise norm:18.5917911529541
2025-09-14 22:38:03,508 - Round number: 63 --------------------------
2025-09-14 22:38:03,508 - Evaluate global model
2025-09-14 22:38:06,513 - Averaged Train Loss: 1.1820
2025-09-14 22:38:06,513 - Test Accurancy: 0.5522
2025-09-14 22:38:06,513 - Attack Success Rate: 0.3258
2025-09-14 22:38:15,114 - DPD clipping bound C_t: 0.3436344116926193
2025-09-14 22:38:15,116 - DPD noise norm:18.257665634155273
2025-09-14 22:38:15,124 - Round number: 64 --------------------------
2025-09-14 22:38:15,124 - Evaluate global model
2025-09-14 22:38:18,152 - Averaged Train Loss: 1.1811
2025-09-14 22:38:18,152 - Test Accurancy: 0.5562
2025-09-14 22:38:18,152 - Attack Success Rate: 0.3770
2025-09-14 22:38:26,729 - DPD clipping bound C_t: 0.34556813538074493
2025-09-14 22:38:26,733 - DPD noise norm:18.358430862426758
2025-09-14 22:38:26,741 - Round number: 65 --------------------------
2025-09-14 22:38:26,741 - Evaluate global model
2025-09-14 22:38:29,861 - Averaged Train Loss: 1.1899
2025-09-14 22:38:29,861 - Test Accurancy: 0.5561
2025-09-14 22:38:29,861 - Attack Success Rate: 0.3327
2025-09-14 22:38:38,185 - DPD clipping bound C_t: 0.3391968309879303
2025-09-14 22:38:38,188 - DPD noise norm:18.021690368652344
2025-09-14 22:38:38,196 - Round number: 66 --------------------------
2025-09-14 22:38:38,196 - Evaluate global model
2025-09-14 22:38:41,343 - Averaged Train Loss: 1.1718
2025-09-14 22:38:41,344 - Test Accurancy: 0.5571
2025-09-14 22:38:41,344 - Attack Success Rate: 0.2848
2025-09-14 22:38:49,759 - DPD clipping bound C_t: 0.3360237032175064
2025-09-14 22:38:49,761 - DPD noise norm:17.83108901977539
2025-09-14 22:38:49,769 - Round number: 67 --------------------------
2025-09-14 22:38:49,769 - Evaluate global model
2025-09-14 22:38:53,028 - Averaged Train Loss: 1.1634
2025-09-14 22:38:53,028 - Test Accurancy: 0.5595
2025-09-14 22:38:53,028 - Attack Success Rate: 0.3081
2025-09-14 22:39:01,409 - DPD clipping bound C_t: 0.33151060342788696
2025-09-14 22:39:01,411 - DPD noise norm:17.60425567626953
2025-09-14 22:39:01,419 - Round number: 68 --------------------------
2025-09-14 22:39:01,420 - Evaluate global model
2025-09-14 22:39:04,643 - Averaged Train Loss: 1.1595
2025-09-14 22:39:04,643 - Test Accurancy: 0.5620
2025-09-14 22:39:04,643 - Attack Success Rate: 0.2691
2025-09-14 22:39:12,908 - DPD clipping bound C_t: 0.324920117855072
2025-09-14 22:39:12,910 - DPD noise norm:17.256528854370117
2025-09-14 22:39:12,918 - Round number: 69 --------------------------
2025-09-14 22:39:12,918 - Evaluate global model
2025-09-14 22:39:16,279 - Averaged Train Loss: 1.1708
2025-09-14 22:39:16,279 - Test Accurancy: 0.5538
2025-09-14 22:39:16,279 - Attack Success Rate: 0.3689
2025-09-14 22:39:24,533 - DPD clipping bound C_t: 0.32435356080532074
2025-09-14 22:39:24,537 - DPD noise norm:17.230012893676758
2025-09-14 22:39:24,545 - Round number: 70 --------------------------
2025-09-14 22:39:24,545 - Evaluate global model
2025-09-14 22:39:27,980 - Averaged Train Loss: 1.1577
2025-09-14 22:39:27,980 - Test Accurancy: 0.5573
2025-09-14 22:39:27,980 - Attack Success Rate: 0.3572
2025-09-14 22:39:35,998 - DPD clipping bound C_t: 0.32351045310497284
2025-09-14 22:39:35,999 - DPD noise norm:17.18442726135254
2025-09-14 22:39:36,007 - Round number: 71 --------------------------
2025-09-14 22:39:36,007 - Evaluate global model
2025-09-14 22:39:39,504 - Averaged Train Loss: 1.1585
2025-09-14 22:39:39,504 - Test Accurancy: 0.5585
2025-09-14 22:39:39,504 - Attack Success Rate: 0.3415
2025-09-14 22:39:47,620 - DPD clipping bound C_t: 0.3178149610757828
2025-09-14 22:39:47,624 - DPD noise norm:16.87000846862793
2025-09-14 22:39:47,633 - Round number: 72 --------------------------
2025-09-14 22:39:47,633 - Evaluate global model
2025-09-14 22:39:51,191 - Averaged Train Loss: 1.1521
2025-09-14 22:39:51,191 - Test Accurancy: 0.5615
2025-09-14 22:39:51,192 - Attack Success Rate: 0.2555
2025-09-14 22:39:59,302 - DPD clipping bound C_t: 0.31631767749786377
2025-09-14 22:39:59,306 - DPD noise norm:16.827167510986328
2025-09-14 22:39:59,314 - Round number: 73 --------------------------
2025-09-14 22:39:59,314 - Evaluate global model
2025-09-14 22:40:02,905 - Averaged Train Loss: 1.1405
2025-09-14 22:40:02,906 - Test Accurancy: 0.5622
2025-09-14 22:40:02,906 - Attack Success Rate: 0.2862
2025-09-14 22:40:11,003 - DPD clipping bound C_t: 0.31266146898269653
2025-09-14 22:40:11,006 - DPD noise norm:16.604034423828125
2025-09-14 22:40:11,014 - Round number: 74 --------------------------
2025-09-14 22:40:11,014 - Evaluate global model
2025-09-14 22:40:14,640 - Averaged Train Loss: 1.1561
2025-09-14 22:40:14,640 - Test Accurancy: 0.5596
2025-09-14 22:40:14,640 - Attack Success Rate: 0.3101
2025-09-14 22:40:22,755 - DPD clipping bound C_t: 0.3062039464712143
2025-09-14 22:40:22,759 - DPD noise norm:16.277835845947266
2025-09-14 22:40:22,767 - Round number: 75 --------------------------
2025-09-14 22:40:22,767 - Evaluate global model
2025-09-14 22:40:26,366 - Averaged Train Loss: 1.1315
2025-09-14 22:40:26,366 - Test Accurancy: 0.5664
2025-09-14 22:40:26,366 - Attack Success Rate: 0.2363
2025-09-14 22:40:34,466 - DPD clipping bound C_t: 0.30634376406669617
2025-09-14 22:40:34,470 - DPD noise norm:16.299379348754883
2025-09-14 22:40:34,478 - Round number: 76 --------------------------
2025-09-14 22:40:34,478 - Evaluate global model
2025-09-14 22:40:38,074 - Averaged Train Loss: 1.1287
2025-09-14 22:40:38,075 - Test Accurancy: 0.5711
2025-09-14 22:40:38,075 - Attack Success Rate: 0.2548
2025-09-14 22:40:46,134 - DPD clipping bound C_t: 0.2961385101079941
2025-09-14 22:40:46,136 - DPD noise norm:15.723414421081543
2025-09-14 22:40:46,144 - Round number: 77 --------------------------
2025-09-14 22:40:46,144 - Evaluate global model
2025-09-14 22:40:49,795 - Averaged Train Loss: 1.1250
2025-09-14 22:40:49,795 - Test Accurancy: 0.5713
2025-09-14 22:40:49,796 - Attack Success Rate: 0.2801
2025-09-14 22:40:57,668 - DPD clipping bound C_t: 0.2959245890378952
2025-09-14 22:40:57,672 - DPD noise norm:15.689820289611816
2025-09-14 22:40:57,680 - Round number: 78 --------------------------
2025-09-14 22:40:57,680 - Evaluate global model
2025-09-14 22:41:01,487 - Averaged Train Loss: 1.1134
2025-09-14 22:41:01,487 - Test Accurancy: 0.5740
2025-09-14 22:41:01,487 - Attack Success Rate: 0.2391
2025-09-14 22:41:09,281 - DPD clipping bound C_t: 0.2909151166677475
2025-09-14 22:41:09,283 - DPD noise norm:15.460485458374023
2025-09-14 22:41:09,291 - Round number: 79 --------------------------
2025-09-14 22:41:09,291 - Evaluate global model
2025-09-14 22:41:13,063 - Averaged Train Loss: 1.1222
2025-09-14 22:41:13,063 - Test Accurancy: 0.5740
2025-09-14 22:41:13,063 - Attack Success Rate: 0.2623
2025-09-14 22:41:20,886 - DPD clipping bound C_t: 0.2881750613451004
2025-09-14 22:41:20,888 - DPD noise norm:15.298978805541992
2025-09-14 22:41:20,896 - Round number: 80 --------------------------
2025-09-14 22:41:20,896 - Evaluate global model
2025-09-14 22:41:24,768 - Averaged Train Loss: 1.1260
2025-09-14 22:41:24,769 - Test Accurancy: 0.5706
2025-09-14 22:41:24,769 - Attack Success Rate: 0.2719
2025-09-14 22:41:32,473 - DPD clipping bound C_t: 0.2850203663110733
2025-09-14 22:41:32,475 - DPD noise norm:15.136993408203125
2025-09-14 22:41:32,483 - Round number: 81 --------------------------
2025-09-14 22:41:32,483 - Evaluate global model
2025-09-14 22:41:36,341 - Averaged Train Loss: 1.1265
2025-09-14 22:41:36,341 - Test Accurancy: 0.5690
2025-09-14 22:41:36,341 - Attack Success Rate: 0.2964
2025-09-14 22:41:44,148 - DPD clipping bound C_t: 0.2782577574253082
2025-09-14 22:41:44,150 - DPD noise norm:14.778000831604004
2025-09-14 22:41:44,158 - Round number: 82 --------------------------
2025-09-14 22:41:44,158 - Evaluate global model
2025-09-14 22:41:48,162 - Averaged Train Loss: 1.1203
2025-09-14 22:41:48,162 - Test Accurancy: 0.5688
2025-09-14 22:41:48,162 - Attack Success Rate: 0.2958
2025-09-14 22:41:56,029 - DPD clipping bound C_t: 0.2772759050130844
2025-09-14 22:41:56,032 - DPD noise norm:14.729723930358887
2025-09-14 22:41:56,039 - Round number: 83 --------------------------
2025-09-14 22:41:56,040 - Evaluate global model
2025-09-14 22:41:59,850 - Averaged Train Loss: 1.1071
2025-09-14 22:41:59,850 - Test Accurancy: 0.5746
2025-09-14 22:41:59,850 - Attack Success Rate: 0.3040
2025-09-14 22:42:07,722 - DPD clipping bound C_t: 0.2735206335783005
2025-09-14 22:42:07,725 - DPD noise norm:14.514487266540527
2025-09-14 22:42:07,733 - Round number: 84 --------------------------
2025-09-14 22:42:07,733 - Evaluate global model
2025-09-14 22:42:11,696 - Averaged Train Loss: 1.1068
2025-09-14 22:42:11,697 - Test Accurancy: 0.5765
2025-09-14 22:42:11,697 - Attack Success Rate: 0.2596
2025-09-14 22:42:19,440 - DPD clipping bound C_t: 0.2726341784000397
2025-09-14 22:42:19,442 - DPD noise norm:14.475790023803711
2025-09-14 22:42:19,450 - Round number: 85 --------------------------
2025-09-14 22:42:19,450 - Evaluate global model
2025-09-14 22:42:23,214 - Averaged Train Loss: 1.1045
2025-09-14 22:42:23,214 - Test Accurancy: 0.5758
2025-09-14 22:42:23,214 - Attack Success Rate: 0.3197
2025-09-14 22:42:31,030 - DPD clipping bound C_t: 0.26992641389369965
2025-09-14 22:42:31,033 - DPD noise norm:14.359305381774902
2025-09-14 22:42:31,041 - Round number: 86 --------------------------
2025-09-14 22:42:31,042 - Evaluate global model
2025-09-14 22:42:34,898 - Averaged Train Loss: 1.0997
2025-09-14 22:42:34,898 - Test Accurancy: 0.5756
2025-09-14 22:42:34,898 - Attack Success Rate: 0.3204
2025-09-14 22:42:42,586 - DPD clipping bound C_t: 0.2648323029279709
2025-09-14 22:42:42,590 - DPD noise norm:14.06783676147461
2025-09-14 22:42:42,598 - Round number: 87 --------------------------
2025-09-14 22:42:42,598 - Evaluate global model
2025-09-14 22:42:46,495 - Averaged Train Loss: 1.0977
2025-09-14 22:42:46,495 - Test Accurancy: 0.5782
2025-09-14 22:42:46,495 - Attack Success Rate: 0.3142
2025-09-14 22:42:54,199 - DPD clipping bound C_t: 0.26325470209121704
2025-09-14 22:42:54,202 - DPD noise norm:13.968277931213379
2025-09-14 22:42:54,210 - Round number: 88 --------------------------
2025-09-14 22:42:54,210 - Evaluate global model
2025-09-14 22:42:58,110 - Averaged Train Loss: 1.0937
2025-09-14 22:42:58,110 - Test Accurancy: 0.5780
2025-09-14 22:42:58,110 - Attack Success Rate: 0.2698
2025-09-14 22:43:05,709 - DPD clipping bound C_t: 0.2559781074523926
2025-09-14 22:43:05,713 - DPD noise norm:13.582673072814941
2025-09-14 22:43:05,721 - Round number: 89 --------------------------
2025-09-14 22:43:05,721 - Evaluate global model
2025-09-14 22:43:09,519 - Averaged Train Loss: 1.1007
2025-09-14 22:43:09,519 - Test Accurancy: 0.5769
2025-09-14 22:43:09,519 - Attack Success Rate: 0.2616
2025-09-14 22:43:17,333 - DPD clipping bound C_t: 0.2561432868242264
2025-09-14 22:43:17,335 - DPD noise norm:13.602434158325195
2025-09-14 22:43:17,343 - Round number: 90 --------------------------
2025-09-14 22:43:17,343 - Evaluate global model
2025-09-14 22:43:21,175 - Averaged Train Loss: 1.0955
2025-09-14 22:43:21,176 - Test Accurancy: 0.5771
2025-09-14 22:43:21,176 - Attack Success Rate: 0.2753
2025-09-14 22:43:28,940 - DPD clipping bound C_t: 0.25415167212486267
2025-09-14 22:43:28,943 - DPD noise norm:13.496986389160156
2025-09-14 22:43:28,951 - Round number: 91 --------------------------
2025-09-14 22:43:28,951 - Evaluate global model
2025-09-14 22:43:32,721 - Averaged Train Loss: 1.0911
2025-09-14 22:43:32,721 - Test Accurancy: 0.5773
2025-09-14 22:43:32,721 - Attack Success Rate: 0.2794
2025-09-14 22:43:40,515 - DPD clipping bound C_t: 0.2524879276752472
2025-09-14 22:43:40,517 - DPD noise norm:13.421235084533691
2025-09-14 22:43:40,525 - Round number: 92 --------------------------
2025-09-14 22:43:40,525 - Evaluate global model
2025-09-14 22:43:44,387 - Averaged Train Loss: 1.0907
2025-09-14 22:43:44,387 - Test Accurancy: 0.5778
2025-09-14 22:43:44,387 - Attack Success Rate: 0.3511
2025-09-14 22:43:52,152 - DPD clipping bound C_t: 0.24733050167560577
2025-09-14 22:43:52,154 - DPD noise norm:13.120355606079102
2025-09-14 22:43:52,162 - Round number: 93 --------------------------
2025-09-14 22:43:52,162 - Evaluate global model
2025-09-14 22:43:55,936 - Averaged Train Loss: 1.0806
2025-09-14 22:43:55,936 - Test Accurancy: 0.5810
2025-09-14 22:43:55,936 - Attack Success Rate: 0.2917
2025-09-14 22:44:03,623 - DPD clipping bound C_t: 0.24130960553884506
2025-09-14 22:44:03,624 - DPD noise norm:12.81855297088623
2025-09-14 22:44:03,632 - Round number: 94 --------------------------
2025-09-14 22:44:03,632 - Evaluate global model
2025-09-14 22:44:07,397 - Averaged Train Loss: 1.0861
2025-09-14 22:44:07,397 - Test Accurancy: 0.5786
2025-09-14 22:44:07,397 - Attack Success Rate: 0.3299
2025-09-14 22:44:15,209 - DPD clipping bound C_t: 0.24146972596645355
2025-09-14 22:44:15,211 - DPD noise norm:12.850662231445312
2025-09-14 22:44:15,219 - Round number: 95 --------------------------
2025-09-14 22:44:15,219 - Evaluate global model
2025-09-14 22:44:18,961 - Averaged Train Loss: 1.0928
2025-09-14 22:44:18,961 - Test Accurancy: 0.5817
2025-09-14 22:44:18,961 - Attack Success Rate: 0.2951
2025-09-14 22:44:26,713 - DPD clipping bound C_t: 0.2377636805176735
2025-09-14 22:44:26,716 - DPD noise norm:12.63182544708252
2025-09-14 22:44:26,726 - Round number: 96 --------------------------
2025-09-14 22:44:26,726 - Evaluate global model
2025-09-14 22:44:30,462 - Averaged Train Loss: 1.0886
2025-09-14 22:44:30,462 - Test Accurancy: 0.5816
2025-09-14 22:44:30,462 - Attack Success Rate: 0.3340
2025-09-14 22:44:38,415 - DPD clipping bound C_t: 0.23655617237091064
2025-09-14 22:44:38,417 - DPD noise norm:12.55820083618164
2025-09-14 22:44:38,425 - Round number: 97 --------------------------
2025-09-14 22:44:38,425 - Evaluate global model
2025-09-14 22:44:42,140 - Averaged Train Loss: 1.0717
2025-09-14 22:44:42,140 - Test Accurancy: 0.5876
2025-09-14 22:44:42,140 - Attack Success Rate: 0.2999
2025-09-14 22:44:49,887 - DPD clipping bound C_t: 0.2331204041838646
2025-09-14 22:44:49,890 - DPD noise norm:12.390057563781738
2025-09-14 22:44:49,898 - Round number: 98 --------------------------
2025-09-14 22:44:49,898 - Evaluate global model
2025-09-14 22:44:53,665 - Averaged Train Loss: 1.0761
2025-09-14 22:44:53,665 - Test Accurancy: 0.5855
2025-09-14 22:44:53,665 - Attack Success Rate: 0.3320
2025-09-14 22:45:01,528 - DPD clipping bound C_t: 0.2295147404074669
2025-09-14 22:45:01,530 - DPD noise norm:12.191550254821777
2025-09-14 22:45:01,538 - Round number: 99 --------------------------
2025-09-14 22:45:01,538 - Evaluate global model
2025-09-14 22:45:05,294 - Averaged Train Loss: 1.0781
2025-09-14 22:45:05,294 - Test Accurancy: 0.5834
2025-09-14 22:45:05,294 - Attack Success Rate: 0.3183
2025-09-14 22:45:12,997 - DPD clipping bound C_t: 0.22711721807718277
2025-09-14 22:45:12,999 - DPD noise norm:12.077902793884277
2025-09-14 22:45:13,006 - Round number: 100 --------------------------
2025-09-14 22:45:13,006 - Evaluate global model
2025-09-14 22:45:16,792 - Averaged Train Loss: 1.0755
2025-09-14 22:45:16,793 - Test Accurancy: 0.5845
2025-09-14 22:45:16,793 - Attack Success Rate: 0.3265
2025-09-14 22:45:24,120 - DPD clipping bound C_t: 0.22798355668783188
2025-09-14 22:45:24,123 - DPD noise norm:12.11070728302002
2025-09-14 22:45:24,123 - Run over
2025-09-14 22:45:24,124 - Saving results to ./exp/exp2/Cifar10/0.06.h5
2025-09-14 22:45:24,127 - Best accuracy: 0.5876123876123877
2025-09-14 22:45:24,127 - Average time cost per round: 11.599610052108766
