2025-09-14 23:44:05,361 - *****************EXP-2*****************
2025-09-14 23:44:05,361 - Exp repeats: 1
2025-09-14 23:44:05,361 - Communication Rounds: 100
2025-09-14 23:44:05,361 - Clients: 40

2025-09-14 23:44:05,361 - Attack method: scale
2025-09-14 23:44:05,361 - Filtering rule: dpd
2025-09-14 23:44:05,361 - Dataset: Cifar10
2025-09-14 23:44:05,361 - Model: cnn2
2025-09-14 23:44:05,361 - Learning Rate: 0.04
2025-09-14 23:44:05,361 - Batch Size: 64
2025-09-14 23:44:05,361 - Device: cuda
2025-09-14 23:44:05,361 - Device id: 0
2025-09-14 23:44:05,361 - DPD clipping strategy: auto
2025-09-14 23:44:05,362 - DPD noise level: 0.098
2025-09-14 23:44:05,362 - Adversaries: 8
2025-09-14 23:44:05,362 - Targeted Label Flipping: 5-->3
2025-09-14 23:44:05,362 - *****************EXP-2*****************
2025-09-14 23:44:05,462 - Running time: 0th ==========================
2025-09-14 23:44:08,633 - Round number: 0 --------------------------
2025-09-14 23:44:08,633 - Evaluate global model
2025-09-14 23:44:12,947 - Averaged Train Loss: 2.3051
2025-09-14 23:44:12,947 - Test Accurancy: 0.0977
2025-09-14 23:44:12,947 - Attack Success Rate: 0.0000
2025-09-14 23:44:20,556 - DPD clipping bound C_t: 0.6803859174251556
2025-09-14 23:44:20,562 - DPD noise norm:59.013450622558594
2025-09-14 23:44:20,570 - Round number: 1 --------------------------
2025-09-14 23:44:20,570 - Evaluate global model
2025-09-14 23:44:24,880 - Averaged Train Loss: 2.2662
2025-09-14 23:44:24,880 - Test Accurancy: 0.1034
2025-09-14 23:44:24,880 - Attack Success Rate: 0.1236
2025-09-14 23:44:32,100 - DPD clipping bound C_t: 0.6737492084503174
2025-09-14 23:44:32,103 - DPD noise norm:58.456783294677734
2025-09-14 23:44:32,111 - Round number: 2 --------------------------
2025-09-14 23:44:32,111 - Evaluate global model
2025-09-14 23:44:36,489 - Averaged Train Loss: 2.1409
2025-09-14 23:44:36,489 - Test Accurancy: 0.2252
2025-09-14 23:44:36,489 - Attack Success Rate: 0.3497
2025-09-14 23:44:43,592 - DPD clipping bound C_t: 0.621768981218338
2025-09-14 23:44:43,594 - DPD noise norm:53.984310150146484
2025-09-14 23:44:43,602 - Round number: 3 --------------------------
2025-09-14 23:44:43,602 - Evaluate global model
2025-09-14 23:44:48,062 - Averaged Train Loss: 2.0718
2025-09-14 23:44:48,062 - Test Accurancy: 0.2269
2025-09-14 23:44:48,062 - Attack Success Rate: 0.3934
2025-09-14 23:44:55,286 - DPD clipping bound C_t: 0.6166744232177734
2025-09-14 23:44:55,288 - DPD noise norm:53.44734573364258
2025-09-14 23:44:55,296 - Round number: 4 --------------------------
2025-09-14 23:44:55,296 - Evaluate global model
2025-09-14 23:44:59,621 - Averaged Train Loss: 2.0427
2025-09-14 23:44:59,622 - Test Accurancy: 0.2312
2025-09-14 23:44:59,622 - Attack Success Rate: 0.5266
2025-09-14 23:45:06,898 - DPD clipping bound C_t: 0.6247366368770599
2025-09-14 23:45:06,900 - DPD noise norm:54.19263458251953
2025-09-14 23:45:06,908 - Round number: 5 --------------------------
2025-09-14 23:45:06,908 - Evaluate global model
2025-09-14 23:45:11,478 - Averaged Train Loss: 1.9526
2025-09-14 23:45:11,478 - Test Accurancy: 0.2976
2025-09-14 23:45:11,478 - Attack Success Rate: 0.3907
2025-09-14 23:45:18,473 - DPD clipping bound C_t: 0.616303950548172
2025-09-14 23:45:18,475 - DPD noise norm:53.49853515625
2025-09-14 23:45:18,483 - Round number: 6 --------------------------
2025-09-14 23:45:18,483 - Evaluate global model
2025-09-14 23:45:23,082 - Averaged Train Loss: 1.9271
2025-09-14 23:45:23,082 - Test Accurancy: 0.2962
2025-09-14 23:45:23,082 - Attack Success Rate: 0.3176
2025-09-14 23:45:30,107 - DPD clipping bound C_t: 0.6040210723876953
2025-09-14 23:45:30,110 - DPD noise norm:52.5018310546875
2025-09-14 23:45:30,118 - Round number: 7 --------------------------
2025-09-14 23:45:30,118 - Evaluate global model
2025-09-14 23:45:34,570 - Averaged Train Loss: 1.8612
2025-09-14 23:45:34,570 - Test Accurancy: 0.3430
2025-09-14 23:45:34,570 - Attack Success Rate: 0.2418
2025-09-14 23:45:41,717 - DPD clipping bound C_t: 0.6119250655174255
2025-09-14 23:45:41,719 - DPD noise norm:53.11909103393555
2025-09-14 23:45:41,728 - Round number: 8 --------------------------
2025-09-14 23:45:41,728 - Evaluate global model
2025-09-14 23:45:46,163 - Averaged Train Loss: 1.8207
2025-09-14 23:45:46,163 - Test Accurancy: 0.3592
2025-09-14 23:45:46,163 - Attack Success Rate: 0.4392
2025-09-14 23:45:53,345 - DPD clipping bound C_t: 0.603223443031311
2025-09-14 23:45:53,348 - DPD noise norm:52.30733871459961
2025-09-14 23:45:53,356 - Round number: 9 --------------------------
2025-09-14 23:45:53,356 - Evaluate global model
2025-09-14 23:45:57,687 - Averaged Train Loss: 1.7719
2025-09-14 23:45:57,688 - Test Accurancy: 0.3869
2025-09-14 23:45:57,688 - Attack Success Rate: 0.2111
2025-09-14 23:46:04,962 - DPD clipping bound C_t: 0.5980685949325562
2025-09-14 23:46:04,965 - DPD noise norm:51.9274787902832
2025-09-14 23:46:04,973 - Round number: 10 --------------------------
2025-09-14 23:46:04,973 - Evaluate global model
2025-09-14 23:46:09,282 - Averaged Train Loss: 1.7520
2025-09-14 23:46:09,283 - Test Accurancy: 0.3716
2025-09-14 23:46:09,283 - Attack Success Rate: 0.2835
2025-09-14 23:46:16,450 - DPD clipping bound C_t: 0.5928000807762146
2025-09-14 23:46:16,452 - DPD noise norm:51.37993240356445
2025-09-14 23:46:16,462 - Round number: 11 --------------------------
2025-09-14 23:46:16,462 - Evaluate global model
2025-09-14 23:46:20,675 - Averaged Train Loss: 1.7238
2025-09-14 23:46:20,675 - Test Accurancy: 0.3853
2025-09-14 23:46:20,675 - Attack Success Rate: 0.2254
2025-09-14 23:46:28,097 - DPD clipping bound C_t: 0.6069972515106201
2025-09-14 23:46:28,099 - DPD noise norm:52.703636169433594
2025-09-14 23:46:28,107 - Round number: 12 --------------------------
2025-09-14 23:46:28,107 - Evaluate global model
2025-09-14 23:46:32,090 - Averaged Train Loss: 1.6852
2025-09-14 23:46:32,090 - Test Accurancy: 0.3838
2025-09-14 23:46:32,090 - Attack Success Rate: 0.3566
2025-09-14 23:46:39,601 - DPD clipping bound C_t: 0.5903421640396118
2025-09-14 23:46:39,603 - DPD noise norm:51.183189392089844
2025-09-14 23:46:39,611 - Round number: 13 --------------------------
2025-09-14 23:46:39,611 - Evaluate global model
2025-09-14 23:46:43,571 - Averaged Train Loss: 1.6510
2025-09-14 23:46:43,571 - Test Accurancy: 0.4123
2025-09-14 23:46:43,571 - Attack Success Rate: 0.2883
2025-09-14 23:46:51,238 - DPD clipping bound C_t: 0.5852081179618835
2025-09-14 23:46:51,240 - DPD noise norm:50.7896728515625
2025-09-14 23:46:51,248 - Round number: 14 --------------------------
2025-09-14 23:46:51,248 - Evaluate global model
2025-09-14 23:46:55,060 - Averaged Train Loss: 1.6393
2025-09-14 23:46:55,060 - Test Accurancy: 0.4103
2025-09-14 23:46:55,060 - Attack Success Rate: 0.3231
2025-09-14 23:47:02,752 - DPD clipping bound C_t: 0.5854754149913788
2025-09-14 23:47:02,755 - DPD noise norm:50.879058837890625
2025-09-14 23:47:02,763 - Round number: 15 --------------------------
2025-09-14 23:47:02,763 - Evaluate global model
2025-09-14 23:47:06,500 - Averaged Train Loss: 1.6321
2025-09-14 23:47:06,501 - Test Accurancy: 0.4099
2025-09-14 23:47:06,501 - Attack Success Rate: 0.1892
2025-09-14 23:47:14,404 - DPD clipping bound C_t: 0.5967358350753784
2025-09-14 23:47:14,406 - DPD noise norm:51.686553955078125
2025-09-14 23:47:14,414 - Round number: 16 --------------------------
2025-09-14 23:47:14,414 - Evaluate global model
2025-09-14 23:47:18,058 - Averaged Train Loss: 1.5994
2025-09-14 23:47:18,058 - Test Accurancy: 0.4207
2025-09-14 23:47:18,058 - Attack Success Rate: 0.4051
2025-09-14 23:47:26,014 - DPD clipping bound C_t: 0.5874212980270386
2025-09-14 23:47:26,015 - DPD noise norm:50.94470977783203
2025-09-14 23:47:26,023 - Round number: 17 --------------------------
2025-09-14 23:47:26,023 - Evaluate global model
2025-09-14 23:47:29,696 - Averaged Train Loss: 1.5645
2025-09-14 23:47:29,696 - Test Accurancy: 0.4330
2025-09-14 23:47:29,696 - Attack Success Rate: 0.3156
2025-09-14 23:47:37,681 - DPD clipping bound C_t: 0.5895221531391144
2025-09-14 23:47:37,683 - DPD noise norm:51.15775680541992
2025-09-14 23:47:37,691 - Round number: 18 --------------------------
2025-09-14 23:47:37,691 - Evaluate global model
2025-09-14 23:47:41,232 - Averaged Train Loss: 1.5494
2025-09-14 23:47:41,232 - Test Accurancy: 0.4366
2025-09-14 23:47:41,232 - Attack Success Rate: 0.3163
2025-09-14 23:47:49,202 - DPD clipping bound C_t: 0.5930151343345642
2025-09-14 23:47:49,204 - DPD noise norm:51.46929168701172
2025-09-14 23:47:49,212 - Round number: 19 --------------------------
2025-09-14 23:47:49,212 - Evaluate global model
2025-09-14 23:47:52,676 - Averaged Train Loss: 1.5361
2025-09-14 23:47:52,676 - Test Accurancy: 0.4450
2025-09-14 23:47:52,676 - Attack Success Rate: 0.2439
2025-09-14 23:48:00,679 - DPD clipping bound C_t: 0.5876509845256805
2025-09-14 23:48:00,681 - DPD noise norm:51.00599670410156
2025-09-14 23:48:00,689 - Round number: 20 --------------------------
2025-09-14 23:48:00,689 - Evaluate global model
2025-09-14 23:48:04,007 - Averaged Train Loss: 1.5524
2025-09-14 23:48:04,007 - Test Accurancy: 0.4292
2025-09-14 23:48:04,007 - Attack Success Rate: 0.2398
2025-09-14 23:48:12,311 - DPD clipping bound C_t: 0.5943990647792816
2025-09-14 23:48:12,312 - DPD noise norm:51.582942962646484
2025-09-14 23:48:12,320 - Round number: 21 --------------------------
2025-09-14 23:48:12,320 - Evaluate global model
2025-09-14 23:48:15,615 - Averaged Train Loss: 1.5100
2025-09-14 23:48:15,615 - Test Accurancy: 0.4494
2025-09-14 23:48:15,615 - Attack Success Rate: 0.3094
2025-09-14 23:48:23,961 - DPD clipping bound C_t: 0.5911248922348022
2025-09-14 23:48:23,963 - DPD noise norm:51.22121810913086
2025-09-14 23:48:23,971 - Round number: 22 --------------------------
2025-09-14 23:48:23,971 - Evaluate global model
2025-09-14 23:48:27,132 - Averaged Train Loss: 1.4881
2025-09-14 23:48:27,132 - Test Accurancy: 0.4547
2025-09-14 23:48:27,132 - Attack Success Rate: 0.3169
2025-09-14 23:48:35,586 - DPD clipping bound C_t: 0.5970498621463776
2025-09-14 23:48:35,588 - DPD noise norm:51.79098129272461
2025-09-14 23:48:35,595 - Round number: 23 --------------------------
2025-09-14 23:48:35,595 - Evaluate global model
2025-09-14 23:48:38,718 - Averaged Train Loss: 1.4746
2025-09-14 23:48:38,718 - Test Accurancy: 0.4655
2025-09-14 23:48:38,718 - Attack Success Rate: 0.3163
2025-09-14 23:48:47,053 - DPD clipping bound C_t: 0.5869317352771759
2025-09-14 23:48:47,055 - DPD noise norm:50.9043083190918
2025-09-14 23:48:47,063 - Round number: 24 --------------------------
2025-09-14 23:48:47,063 - Evaluate global model
2025-09-14 23:48:50,140 - Averaged Train Loss: 1.4792
2025-09-14 23:48:50,140 - Test Accurancy: 0.4638
2025-09-14 23:48:50,140 - Attack Success Rate: 0.2001
2025-09-14 23:48:58,736 - DPD clipping bound C_t: 0.5978945791721344
2025-09-14 23:48:58,738 - DPD noise norm:51.81914138793945
2025-09-14 23:48:58,746 - Round number: 25 --------------------------
2025-09-14 23:48:58,746 - Evaluate global model
2025-09-14 23:49:01,732 - Averaged Train Loss: 1.4833
2025-09-14 23:49:01,732 - Test Accurancy: 0.4557
2025-09-14 23:49:01,732 - Attack Success Rate: 0.2930
2025-09-14 23:49:10,335 - DPD clipping bound C_t: 0.5936227142810822
2025-09-14 23:49:10,336 - DPD noise norm:51.468685150146484
2025-09-14 23:49:10,344 - Round number: 26 --------------------------
2025-09-14 23:49:10,344 - Evaluate global model
2025-09-14 23:49:13,323 - Averaged Train Loss: 1.4560
2025-09-14 23:49:13,323 - Test Accurancy: 0.4693
2025-09-14 23:49:13,323 - Attack Success Rate: 0.3449
2025-09-14 23:49:21,811 - DPD clipping bound C_t: 0.5819392502307892
2025-09-14 23:49:21,812 - DPD noise norm:50.51292037963867
2025-09-14 23:49:21,820 - Round number: 27 --------------------------
2025-09-14 23:49:21,820 - Evaluate global model
2025-09-14 23:49:24,836 - Averaged Train Loss: 1.4744
2025-09-14 23:49:24,837 - Test Accurancy: 0.4569
2025-09-14 23:49:24,837 - Attack Success Rate: 0.4460
2025-09-14 23:49:33,414 - DPD clipping bound C_t: 0.596723347902298
2025-09-14 23:49:33,417 - DPD noise norm:51.70376205444336
2025-09-14 23:49:33,425 - Round number: 28 --------------------------
2025-09-14 23:49:33,425 - Evaluate global model
2025-09-14 23:49:36,324 - Averaged Train Loss: 1.4504
2025-09-14 23:49:36,324 - Test Accurancy: 0.4680
2025-09-14 23:49:36,324 - Attack Success Rate: 0.3388
2025-09-14 23:49:44,863 - DPD clipping bound C_t: 0.5799890160560608
2025-09-14 23:49:44,864 - DPD noise norm:50.35453796386719
2025-09-14 23:49:44,872 - Round number: 29 --------------------------
2025-09-14 23:49:44,873 - Evaluate global model
2025-09-14 23:49:47,770 - Averaged Train Loss: 1.4832
2025-09-14 23:49:47,770 - Test Accurancy: 0.4508
2025-09-14 23:49:47,770 - Attack Success Rate: 0.2261
2025-09-14 23:49:56,503 - DPD clipping bound C_t: 0.5876226723194122
2025-09-14 23:49:56,504 - DPD noise norm:50.966522216796875
2025-09-14 23:49:56,512 - Round number: 30 --------------------------
2025-09-14 23:49:56,512 - Evaluate global model
2025-09-14 23:49:59,402 - Averaged Train Loss: 1.4622
2025-09-14 23:49:59,402 - Test Accurancy: 0.4591
2025-09-14 23:49:59,402 - Attack Success Rate: 0.4160
2025-09-14 23:50:08,167 - DPD clipping bound C_t: 0.5867304801940918
2025-09-14 23:50:08,169 - DPD noise norm:50.99873352050781
2025-09-14 23:50:08,177 - Round number: 31 --------------------------
2025-09-14 23:50:08,177 - Evaluate global model
2025-09-14 23:50:11,075 - Averaged Train Loss: 1.4557
2025-09-14 23:50:11,076 - Test Accurancy: 0.4658
2025-09-14 23:50:11,076 - Attack Success Rate: 0.3477
2025-09-14 23:50:19,766 - DPD clipping bound C_t: 0.5800725817680359
2025-09-14 23:50:19,767 - DPD noise norm:50.364139556884766
2025-09-14 23:50:19,775 - Round number: 32 --------------------------
2025-09-14 23:50:19,775 - Evaluate global model
2025-09-14 23:50:22,701 - Averaged Train Loss: 1.4510
2025-09-14 23:50:22,702 - Test Accurancy: 0.4643
2025-09-14 23:50:22,702 - Attack Success Rate: 0.4515
2025-09-14 23:50:31,478 - DPD clipping bound C_t: 0.5945304930210114
2025-09-14 23:50:31,479 - DPD noise norm:51.567657470703125
2025-09-14 23:50:31,488 - Round number: 33 --------------------------
2025-09-14 23:50:31,488 - Evaluate global model
2025-09-14 23:50:34,328 - Averaged Train Loss: 1.4486
2025-09-14 23:50:34,328 - Test Accurancy: 0.4657
2025-09-14 23:50:34,328 - Attack Success Rate: 0.2999
2025-09-14 23:50:42,881 - DPD clipping bound C_t: 0.5673699080944061
2025-09-14 23:50:42,883 - DPD noise norm:49.254920959472656
2025-09-14 23:50:42,891 - Round number: 34 --------------------------
2025-09-14 23:50:42,891 - Evaluate global model
2025-09-14 23:50:45,721 - Averaged Train Loss: 1.4424
2025-09-14 23:50:45,722 - Test Accurancy: 0.4657
2025-09-14 23:50:45,722 - Attack Success Rate: 0.3347
2025-09-14 23:50:54,498 - DPD clipping bound C_t: 0.5785171985626221
2025-09-14 23:50:54,500 - DPD noise norm:50.18878936767578
2025-09-14 23:50:54,508 - Round number: 35 --------------------------
2025-09-14 23:50:54,508 - Evaluate global model
2025-09-14 23:50:57,402 - Averaged Train Loss: 1.4061
2025-09-14 23:50:57,402 - Test Accurancy: 0.4859
2025-09-14 23:50:57,402 - Attack Success Rate: 0.3340
2025-09-14 23:51:06,219 - DPD clipping bound C_t: 0.5853655338287354
2025-09-14 23:51:06,221 - DPD noise norm:50.71591567993164
2025-09-14 23:51:06,229 - Round number: 36 --------------------------
2025-09-14 23:51:06,229 - Evaluate global model
2025-09-14 23:51:09,007 - Averaged Train Loss: 1.4155
2025-09-14 23:51:09,007 - Test Accurancy: 0.4804
2025-09-14 23:51:09,007 - Attack Success Rate: 0.2869
2025-09-14 23:51:17,857 - DPD clipping bound C_t: 0.5698536038398743
2025-09-14 23:51:17,859 - DPD noise norm:49.412132263183594
2025-09-14 23:51:17,867 - Round number: 37 --------------------------
2025-09-14 23:51:17,867 - Evaluate global model
2025-09-14 23:51:20,650 - Averaged Train Loss: 1.4445
2025-09-14 23:51:20,650 - Test Accurancy: 0.4702
2025-09-14 23:51:20,650 - Attack Success Rate: 0.2725
2025-09-14 23:51:29,477 - DPD clipping bound C_t: 0.5671162307262421
2025-09-14 23:51:29,479 - DPD noise norm:49.198585510253906
2025-09-14 23:51:29,487 - Round number: 38 --------------------------
2025-09-14 23:51:29,487 - Evaluate global model
2025-09-14 23:51:32,249 - Averaged Train Loss: 1.4101
2025-09-14 23:51:32,249 - Test Accurancy: 0.4809
2025-09-14 23:51:32,249 - Attack Success Rate: 0.2971
2025-09-14 23:51:40,924 - DPD clipping bound C_t: 0.5621859431266785
2025-09-14 23:51:40,926 - DPD noise norm:48.79957580566406
2025-09-14 23:51:40,934 - Round number: 39 --------------------------
2025-09-14 23:51:40,934 - Evaluate global model
2025-09-14 23:51:43,694 - Averaged Train Loss: 1.4152
2025-09-14 23:51:43,695 - Test Accurancy: 0.4793
2025-09-14 23:51:43,695 - Attack Success Rate: 0.3764
2025-09-14 23:51:52,589 - DPD clipping bound C_t: 0.5677390098571777
2025-09-14 23:51:52,593 - DPD noise norm:49.24748992919922
2025-09-14 23:51:52,601 - Round number: 40 --------------------------
2025-09-14 23:51:52,601 - Evaluate global model
2025-09-14 23:51:55,352 - Averaged Train Loss: 1.3986
2025-09-14 23:51:55,352 - Test Accurancy: 0.4842
2025-09-14 23:51:55,352 - Attack Success Rate: 0.2077
2025-09-14 23:52:04,032 - DPD clipping bound C_t: 0.5628575682640076
2025-09-14 23:52:04,035 - DPD noise norm:48.75599670410156
2025-09-14 23:52:04,043 - Round number: 41 --------------------------
2025-09-14 23:52:04,043 - Evaluate global model
2025-09-14 23:52:06,860 - Averaged Train Loss: 1.4129
2025-09-14 23:52:06,860 - Test Accurancy: 0.4789
2025-09-14 23:52:06,860 - Attack Success Rate: 0.3975
2025-09-14 23:52:15,708 - DPD clipping bound C_t: 0.5612922608852386
2025-09-14 23:52:15,712 - DPD noise norm:48.66986083984375
2025-09-14 23:52:15,720 - Round number: 42 --------------------------
2025-09-14 23:52:15,720 - Evaluate global model
2025-09-14 23:52:18,579 - Averaged Train Loss: 1.3896
2025-09-14 23:52:18,579 - Test Accurancy: 0.4862
2025-09-14 23:52:18,579 - Attack Success Rate: 0.2780
2025-09-14 23:52:27,339 - DPD clipping bound C_t: 0.5489472150802612
2025-09-14 23:52:27,341 - DPD noise norm:47.610713958740234
2025-09-14 23:52:27,349 - Round number: 43 --------------------------
2025-09-14 23:52:27,349 - Evaluate global model
2025-09-14 23:52:30,246 - Averaged Train Loss: 1.3930
2025-09-14 23:52:30,246 - Test Accurancy: 0.4852
2025-09-14 23:52:30,246 - Attack Success Rate: 0.3620
2025-09-14 23:52:38,821 - DPD clipping bound C_t: 0.5522317588329315
2025-09-14 23:52:38,824 - DPD noise norm:47.886962890625
2025-09-14 23:52:38,832 - Round number: 44 --------------------------
2025-09-14 23:52:38,832 - Evaluate global model
2025-09-14 23:52:41,736 - Averaged Train Loss: 1.3920
2025-09-14 23:52:41,736 - Test Accurancy: 0.4816
2025-09-14 23:52:41,736 - Attack Success Rate: 0.3463
2025-09-14 23:52:50,485 - DPD clipping bound C_t: 0.5485343337059021
2025-09-14 23:52:50,488 - DPD noise norm:47.61076736450195
2025-09-14 23:52:50,497 - Round number: 45 --------------------------
2025-09-14 23:52:50,497 - Evaluate global model
2025-09-14 23:52:53,376 - Averaged Train Loss: 1.3787
2025-09-14 23:52:53,376 - Test Accurancy: 0.4866
2025-09-14 23:52:53,376 - Attack Success Rate: 0.3333
2025-09-14 23:53:02,068 - DPD clipping bound C_t: 0.5433089137077332
2025-09-14 23:53:02,071 - DPD noise norm:47.09064865112305
2025-09-14 23:53:02,079 - Round number: 46 --------------------------
2025-09-14 23:53:02,079 - Evaluate global model
2025-09-14 23:53:05,003 - Averaged Train Loss: 1.4111
2025-09-14 23:53:05,004 - Test Accurancy: 0.4809
2025-09-14 23:53:05,004 - Attack Success Rate: 0.2992
2025-09-14 23:53:13,590 - DPD clipping bound C_t: 0.5410940945148468
2025-09-14 23:53:13,593 - DPD noise norm:46.94277572631836
2025-09-14 23:53:13,601 - Round number: 47 --------------------------
2025-09-14 23:53:13,601 - Evaluate global model
2025-09-14 23:53:16,581 - Averaged Train Loss: 1.3946
2025-09-14 23:53:16,581 - Test Accurancy: 0.4888
2025-09-14 23:53:16,581 - Attack Success Rate: 0.2930
2025-09-14 23:53:25,251 - DPD clipping bound C_t: 0.5454216003417969
2025-09-14 23:53:25,254 - DPD noise norm:47.36113739013672
2025-09-14 23:53:25,262 - Round number: 48 --------------------------
2025-09-14 23:53:25,262 - Evaluate global model
2025-09-14 23:53:28,283 - Averaged Train Loss: 1.3992
2025-09-14 23:53:28,283 - Test Accurancy: 0.4804
2025-09-14 23:53:28,283 - Attack Success Rate: 0.2937
2025-09-14 23:53:36,890 - DPD clipping bound C_t: 0.5255778431892395
2025-09-14 23:53:36,894 - DPD noise norm:45.670387268066406
2025-09-14 23:53:36,902 - Round number: 49 --------------------------
2025-09-14 23:53:36,902 - Evaluate global model
2025-09-14 23:53:39,949 - Averaged Train Loss: 1.4002
2025-09-14 23:53:39,950 - Test Accurancy: 0.4880
2025-09-14 23:53:39,950 - Attack Success Rate: 0.2801
2025-09-14 23:53:48,461 - DPD clipping bound C_t: 0.5326841771602631
2025-09-14 23:53:48,464 - DPD noise norm:46.233795166015625
2025-09-14 23:53:48,472 - Round number: 50 --------------------------
2025-09-14 23:53:48,472 - Evaluate global model
2025-09-14 23:53:51,528 - Averaged Train Loss: 1.3861
2025-09-14 23:53:51,528 - Test Accurancy: 0.4865
2025-09-14 23:53:51,528 - Attack Success Rate: 0.3579
2025-09-14 23:53:59,880 - DPD clipping bound C_t: 0.5250333845615387
2025-09-14 23:53:59,883 - DPD noise norm:45.55654525756836
2025-09-14 23:53:59,891 - Round number: 51 --------------------------
2025-09-14 23:53:59,891 - Evaluate global model
2025-09-14 23:54:03,124 - Averaged Train Loss: 1.3938
2025-09-14 23:54:03,124 - Test Accurancy: 0.4874
2025-09-14 23:54:03,124 - Attack Success Rate: 0.3074
2025-09-14 23:54:11,568 - DPD clipping bound C_t: 0.5233205556869507
2025-09-14 23:54:11,571 - DPD noise norm:45.417694091796875
2025-09-14 23:54:11,579 - Round number: 52 --------------------------
2025-09-14 23:54:11,579 - Evaluate global model
2025-09-14 23:54:14,803 - Averaged Train Loss: 1.3787
2025-09-14 23:54:14,803 - Test Accurancy: 0.4868
2025-09-14 23:54:14,803 - Attack Success Rate: 0.2630
2025-09-14 23:54:22,992 - DPD clipping bound C_t: 0.5148244500160217
2025-09-14 23:54:22,995 - DPD noise norm:44.652854919433594
2025-09-14 23:54:23,003 - Round number: 53 --------------------------
2025-09-14 23:54:23,003 - Evaluate global model
2025-09-14 23:54:26,352 - Averaged Train Loss: 1.3615
2025-09-14 23:54:26,352 - Test Accurancy: 0.4930
2025-09-14 23:54:26,352 - Attack Success Rate: 0.2917
2025-09-14 23:54:34,679 - DPD clipping bound C_t: 0.5142647922039032
2025-09-14 23:54:34,681 - DPD noise norm:44.62702941894531
2025-09-14 23:54:34,689 - Round number: 54 --------------------------
2025-09-14 23:54:34,690 - Evaluate global model
2025-09-14 23:54:38,034 - Averaged Train Loss: 1.3662
2025-09-14 23:54:38,035 - Test Accurancy: 0.4932
2025-09-14 23:54:38,035 - Attack Success Rate: 0.2650
2025-09-14 23:54:46,220 - DPD clipping bound C_t: 0.5113599598407745
2025-09-14 23:54:46,223 - DPD noise norm:44.32387924194336
2025-09-14 23:54:46,231 - Round number: 55 --------------------------
2025-09-14 23:54:46,231 - Evaluate global model
2025-09-14 23:54:49,680 - Averaged Train Loss: 1.3720
2025-09-14 23:54:49,680 - Test Accurancy: 0.4960
2025-09-14 23:54:49,680 - Attack Success Rate: 0.2343
2025-09-14 23:54:57,713 - DPD clipping bound C_t: 0.5025603473186493
2025-09-14 23:54:57,716 - DPD noise norm:43.634342193603516
2025-09-14 23:54:57,724 - Round number: 56 --------------------------
2025-09-14 23:54:57,724 - Evaluate global model
2025-09-14 23:55:01,302 - Averaged Train Loss: 1.3707
2025-09-14 23:55:01,303 - Test Accurancy: 0.4832
2025-09-14 23:55:01,303 - Attack Success Rate: 0.3518
2025-09-14 23:55:09,406 - DPD clipping bound C_t: 0.495826855301857
2025-09-14 23:55:09,409 - DPD noise norm:43.05031204223633
2025-09-14 23:55:09,417 - Round number: 57 --------------------------
2025-09-14 23:55:09,417 - Evaluate global model
2025-09-14 23:55:13,094 - Averaged Train Loss: 1.3511
2025-09-14 23:55:13,095 - Test Accurancy: 0.4988
2025-09-14 23:55:13,095 - Attack Success Rate: 0.3128
2025-09-14 23:55:21,128 - DPD clipping bound C_t: 0.48351873457431793
2025-09-14 23:55:21,131 - DPD noise norm:41.929874420166016
2025-09-14 23:55:21,139 - Round number: 58 --------------------------
2025-09-14 23:55:21,139 - Evaluate global model
2025-09-14 23:55:24,899 - Averaged Train Loss: 1.3604
2025-09-14 23:55:24,899 - Test Accurancy: 0.4971
2025-09-14 23:55:24,899 - Attack Success Rate: 0.2766
2025-09-14 23:55:32,833 - DPD clipping bound C_t: 0.48762743175029755
2025-09-14 23:55:32,837 - DPD noise norm:42.35512161254883
2025-09-14 23:55:32,845 - Round number: 59 --------------------------
2025-09-14 23:55:32,845 - Evaluate global model
2025-09-14 23:55:36,548 - Averaged Train Loss: 1.3578
2025-09-14 23:55:36,548 - Test Accurancy: 0.4994
2025-09-14 23:55:36,548 - Attack Success Rate: 0.3668
2025-09-14 23:55:44,377 - DPD clipping bound C_t: 0.48321834206581116
2025-09-14 23:55:44,380 - DPD noise norm:41.90180587768555
2025-09-14 23:55:44,388 - Round number: 60 --------------------------
2025-09-14 23:55:44,388 - Evaluate global model
2025-09-14 23:55:48,154 - Averaged Train Loss: 1.3926
2025-09-14 23:55:48,154 - Test Accurancy: 0.4892
2025-09-14 23:55:48,154 - Attack Success Rate: 0.3046
2025-09-14 23:55:56,055 - DPD clipping bound C_t: 0.47760625183582306
2025-09-14 23:55:56,059 - DPD noise norm:41.4471435546875
2025-09-14 23:55:56,067 - Round number: 61 --------------------------
2025-09-14 23:55:56,067 - Evaluate global model
2025-09-14 23:55:59,797 - Averaged Train Loss: 1.3745
2025-09-14 23:55:59,797 - Test Accurancy: 0.4970
2025-09-14 23:55:59,797 - Attack Success Rate: 0.3436
2025-09-14 23:56:07,516 - DPD clipping bound C_t: 0.46852871775627136
2025-09-14 23:56:07,519 - DPD noise norm:40.693580627441406
2025-09-14 23:56:07,527 - Round number: 62 --------------------------
2025-09-14 23:56:07,527 - Evaluate global model
2025-09-14 23:56:11,278 - Averaged Train Loss: 1.3953
2025-09-14 23:56:11,278 - Test Accurancy: 0.4894
2025-09-14 23:56:11,278 - Attack Success Rate: 0.3190
2025-09-14 23:56:19,154 - DPD clipping bound C_t: 0.4649982452392578
2025-09-14 23:56:19,156 - DPD noise norm:40.40778732299805
2025-09-14 23:56:19,164 - Round number: 63 --------------------------
2025-09-14 23:56:19,165 - Evaluate global model
2025-09-14 23:56:22,993 - Averaged Train Loss: 1.3667
2025-09-14 23:56:22,994 - Test Accurancy: 0.4926
2025-09-14 23:56:22,994 - Attack Success Rate: 0.2835
2025-09-14 23:56:30,791 - DPD clipping bound C_t: 0.457288458943367
2025-09-14 23:56:30,794 - DPD noise norm:39.683834075927734
2025-09-14 23:56:30,802 - Round number: 64 --------------------------
2025-09-14 23:56:30,802 - Evaluate global model
2025-09-14 23:56:34,638 - Averaged Train Loss: 1.3791
2025-09-14 23:56:34,638 - Test Accurancy: 0.4891
2025-09-14 23:56:34,638 - Attack Success Rate: 0.3415
2025-09-14 23:56:42,263 - DPD clipping bound C_t: 0.4503067433834076
2025-09-14 23:56:42,265 - DPD noise norm:39.073753356933594
2025-09-14 23:56:42,273 - Round number: 65 --------------------------
2025-09-14 23:56:42,273 - Evaluate global model
2025-09-14 23:56:46,127 - Averaged Train Loss: 1.3863
2025-09-14 23:56:46,127 - Test Accurancy: 0.4932
2025-09-14 23:56:46,127 - Attack Success Rate: 0.2760
2025-09-14 23:56:53,717 - DPD clipping bound C_t: 0.445974662899971
2025-09-14 23:56:53,720 - DPD noise norm:38.70158386230469
2025-09-14 23:56:53,728 - Round number: 66 --------------------------
2025-09-14 23:56:53,728 - Evaluate global model
2025-09-14 23:56:57,626 - Averaged Train Loss: 1.3882
2025-09-14 23:56:57,626 - Test Accurancy: 0.4955
2025-09-14 23:56:57,626 - Attack Success Rate: 0.2439
2025-09-14 23:57:05,348 - DPD clipping bound C_t: 0.4420010894536972
2025-09-14 23:57:05,351 - DPD noise norm:38.309471130371094
2025-09-14 23:57:05,359 - Round number: 67 --------------------------
2025-09-14 23:57:05,359 - Evaluate global model
2025-09-14 23:57:09,174 - Averaged Train Loss: 1.3636
2025-09-14 23:57:09,174 - Test Accurancy: 0.4937
2025-09-14 23:57:09,174 - Attack Success Rate: 0.3101
2025-09-14 23:57:16,828 - DPD clipping bound C_t: 0.4407885670661926
2025-09-14 23:57:16,831 - DPD noise norm:38.23185729980469
2025-09-14 23:57:16,839 - Round number: 68 --------------------------
2025-09-14 23:57:16,839 - Evaluate global model
2025-09-14 23:57:20,624 - Averaged Train Loss: 1.3653
2025-09-14 23:57:20,624 - Test Accurancy: 0.5011
2025-09-14 23:57:20,624 - Attack Success Rate: 0.2425
2025-09-14 23:57:28,351 - DPD clipping bound C_t: 0.43621207773685455
2025-09-14 23:57:28,353 - DPD noise norm:37.83984375
2025-09-14 23:57:28,361 - Round number: 69 --------------------------
2025-09-14 23:57:28,361 - Evaluate global model
2025-09-14 23:57:32,224 - Averaged Train Loss: 1.3659
2025-09-14 23:57:32,225 - Test Accurancy: 0.4922
2025-09-14 23:57:32,225 - Attack Success Rate: 0.3456
2025-09-14 23:57:39,817 - DPD clipping bound C_t: 0.42646895349025726
2025-09-14 23:57:39,819 - DPD noise norm:37.00233840942383
2025-09-14 23:57:39,827 - Round number: 70 --------------------------
2025-09-14 23:57:39,827 - Evaluate global model
2025-09-14 23:57:43,687 - Averaged Train Loss: 1.3765
2025-09-14 23:57:43,687 - Test Accurancy: 0.4918
2025-09-14 23:57:43,687 - Attack Success Rate: 0.2855
2025-09-14 23:57:51,397 - DPD clipping bound C_t: 0.4300565868616104
2025-09-14 23:57:51,400 - DPD noise norm:37.31188201904297
2025-09-14 23:57:51,408 - Round number: 71 --------------------------
2025-09-14 23:57:51,408 - Evaluate global model
2025-09-14 23:57:55,265 - Averaged Train Loss: 1.3802
2025-09-14 23:57:55,265 - Test Accurancy: 0.4868
2025-09-14 23:57:55,265 - Attack Success Rate: 0.3340
2025-09-14 23:58:03,025 - DPD clipping bound C_t: 0.42102327942848206
2025-09-14 23:58:03,028 - DPD noise norm:36.50244140625
2025-09-14 23:58:03,036 - Round number: 72 --------------------------
2025-09-14 23:58:03,036 - Evaluate global model
2025-09-14 23:58:06,766 - Averaged Train Loss: 1.3530
2025-09-14 23:58:06,766 - Test Accurancy: 0.4990
2025-09-14 23:58:06,766 - Attack Success Rate: 0.3347
2025-09-14 23:58:14,564 - DPD clipping bound C_t: 0.4154878556728363
2025-09-14 23:58:14,567 - DPD noise norm:36.10112380981445
2025-09-14 23:58:14,575 - Round number: 73 --------------------------
2025-09-14 23:58:14,575 - Evaluate global model
2025-09-14 23:58:18,366 - Averaged Train Loss: 1.3700
2025-09-14 23:58:18,366 - Test Accurancy: 0.4923
2025-09-14 23:58:18,366 - Attack Success Rate: 0.3149
2025-09-14 23:58:26,213 - DPD clipping bound C_t: 0.41064220666885376
2025-09-14 23:58:26,215 - DPD noise norm:35.61866760253906
2025-09-14 23:58:26,223 - Round number: 74 --------------------------
2025-09-14 23:58:26,223 - Evaluate global model
2025-09-14 23:58:29,979 - Averaged Train Loss: 1.3954
2025-09-14 23:58:29,979 - Test Accurancy: 0.4957
2025-09-14 23:58:29,979 - Attack Success Rate: 0.2295
2025-09-14 23:58:37,722 - DPD clipping bound C_t: 0.40190792083740234
2025-09-14 23:58:37,726 - DPD noise norm:34.89693069458008
2025-09-14 23:58:37,734 - Round number: 75 --------------------------
2025-09-14 23:58:37,734 - Evaluate global model
2025-09-14 23:58:41,485 - Averaged Train Loss: 1.3664
2025-09-14 23:58:41,485 - Test Accurancy: 0.4958
2025-09-14 23:58:41,485 - Attack Success Rate: 0.2179
2025-09-14 23:58:49,196 - DPD clipping bound C_t: 0.4002108573913574
2025-09-14 23:58:49,199 - DPD noise norm:34.77968978881836
2025-09-14 23:58:49,207 - Round number: 76 --------------------------
2025-09-14 23:58:49,207 - Evaluate global model
2025-09-14 23:58:53,000 - Averaged Train Loss: 1.3607
2025-09-14 23:58:53,000 - Test Accurancy: 0.5005
2025-09-14 23:58:53,000 - Attack Success Rate: 0.2090
2025-09-14 23:59:00,795 - DPD clipping bound C_t: 0.3913121819496155
2025-09-14 23:59:00,798 - DPD noise norm:33.935176849365234
2025-09-14 23:59:00,806 - Round number: 77 --------------------------
2025-09-14 23:59:00,806 - Evaluate global model
2025-09-14 23:59:04,599 - Averaged Train Loss: 1.3489
2025-09-14 23:59:04,600 - Test Accurancy: 0.5068
2025-09-14 23:59:04,600 - Attack Success Rate: 0.3149
2025-09-14 23:59:12,391 - DPD clipping bound C_t: 0.3880927562713623
2025-09-14 23:59:12,394 - DPD noise norm:33.60835266113281
2025-09-14 23:59:12,402 - Round number: 78 --------------------------
2025-09-14 23:59:12,402 - Evaluate global model
2025-09-14 23:59:16,232 - Averaged Train Loss: 1.3255
2025-09-14 23:59:16,232 - Test Accurancy: 0.5122
2025-09-14 23:59:16,232 - Attack Success Rate: 0.2042
2025-09-14 23:59:23,992 - DPD clipping bound C_t: 0.38019701838493347
2025-09-14 23:59:23,995 - DPD noise norm:33.00200653076172
2025-09-14 23:59:24,003 - Round number: 79 --------------------------
2025-09-14 23:59:24,003 - Evaluate global model
2025-09-14 23:59:27,791 - Averaged Train Loss: 1.3298
2025-09-14 23:59:27,791 - Test Accurancy: 0.5125
2025-09-14 23:59:27,792 - Attack Success Rate: 0.2609
2025-09-14 23:59:35,578 - DPD clipping bound C_t: 0.3781243711709976
2025-09-14 23:59:35,581 - DPD noise norm:32.78804397583008
2025-09-14 23:59:35,589 - Round number: 80 --------------------------
2025-09-14 23:59:35,589 - Evaluate global model
2025-09-14 23:59:39,353 - Averaged Train Loss: 1.3554
2025-09-14 23:59:39,353 - Test Accurancy: 0.5057
2025-09-14 23:59:39,353 - Attack Success Rate: 0.3422
2025-09-14 23:59:47,190 - DPD clipping bound C_t: 0.37159283459186554
2025-09-14 23:59:47,193 - DPD noise norm:32.23338317871094
2025-09-14 23:59:47,201 - Round number: 81 --------------------------
2025-09-14 23:59:47,201 - Evaluate global model
2025-09-14 23:59:50,940 - Averaged Train Loss: 1.3334
2025-09-14 23:59:50,940 - Test Accurancy: 0.5091
2025-09-14 23:59:50,940 - Attack Success Rate: 0.3265
2025-09-14 23:59:58,684 - DPD clipping bound C_t: 0.36682890355587006
2025-09-14 23:59:58,687 - DPD noise norm:31.820486068725586
2025-09-14 23:59:58,695 - Round number: 82 --------------------------
2025-09-14 23:59:58,695 - Evaluate global model
2025-09-15 00:00:02,506 - Averaged Train Loss: 1.3530
2025-09-15 00:00:02,506 - Test Accurancy: 0.5067
2025-09-15 00:00:02,506 - Attack Success Rate: 0.2664
2025-09-15 00:00:10,324 - DPD clipping bound C_t: 0.3610062599182129
2025-09-15 00:00:10,327 - DPD noise norm:31.323625564575195
2025-09-15 00:00:10,335 - Round number: 83 --------------------------
2025-09-15 00:00:10,335 - Evaluate global model
2025-09-15 00:00:14,121 - Averaged Train Loss: 1.3131
2025-09-15 00:00:14,121 - Test Accurancy: 0.5100
2025-09-15 00:00:14,121 - Attack Success Rate: 0.3805
2025-09-15 00:00:21,857 - DPD clipping bound C_t: 0.3557390719652176
2025-09-15 00:00:21,860 - DPD noise norm:30.833154678344727
2025-09-15 00:00:21,869 - Round number: 84 --------------------------
2025-09-15 00:00:21,869 - Evaluate global model
2025-09-15 00:00:25,623 - Averaged Train Loss: 1.3237
2025-09-15 00:00:25,623 - Test Accurancy: 0.5112
2025-09-15 00:00:25,623 - Attack Success Rate: 0.3122
2025-09-15 00:00:33,492 - DPD clipping bound C_t: 0.3520148694515228
2025-09-15 00:00:33,495 - DPD noise norm:30.52796173095703
2025-09-15 00:00:33,503 - Round number: 85 --------------------------
2025-09-15 00:00:33,503 - Evaluate global model
2025-09-15 00:00:37,128 - Averaged Train Loss: 1.3420
2025-09-15 00:00:37,128 - Test Accurancy: 0.5052
2025-09-15 00:00:37,128 - Attack Success Rate: 0.2350
2025-09-15 00:00:45,086 - DPD clipping bound C_t: 0.3454010933637619
2025-09-15 00:00:45,090 - DPD noise norm:30.011423110961914
2025-09-15 00:00:45,098 - Round number: 86 --------------------------
2025-09-15 00:00:45,098 - Evaluate global model
2025-09-15 00:00:48,680 - Averaged Train Loss: 1.3159
2025-09-15 00:00:48,680 - Test Accurancy: 0.5114
2025-09-15 00:00:48,680 - Attack Success Rate: 0.3429
2025-09-15 00:00:56,722 - DPD clipping bound C_t: 0.3401910811662674
2025-09-15 00:00:56,725 - DPD noise norm:29.51576805114746
2025-09-15 00:00:56,734 - Round number: 87 --------------------------
2025-09-15 00:00:56,734 - Evaluate global model
2025-09-15 00:01:00,236 - Averaged Train Loss: 1.3302
2025-09-15 00:01:00,236 - Test Accurancy: 0.5102
2025-09-15 00:01:00,236 - Attack Success Rate: 0.2732
2025-09-15 00:01:08,366 - DPD clipping bound C_t: 0.3393904119729996
2025-09-15 00:01:08,369 - DPD noise norm:29.41312026977539
2025-09-15 00:01:08,378 - Round number: 88 --------------------------
2025-09-15 00:01:08,378 - Evaluate global model
2025-09-15 00:01:11,915 - Averaged Train Loss: 1.3095
2025-09-15 00:01:11,916 - Test Accurancy: 0.5180
2025-09-15 00:01:11,916 - Attack Success Rate: 0.2609
2025-09-15 00:01:20,065 - DPD clipping bound C_t: 0.3320007920265198
2025-09-15 00:01:20,068 - DPD noise norm:28.77374267578125
2025-09-15 00:01:20,076 - Round number: 89 --------------------------
2025-09-15 00:01:20,077 - Evaluate global model
2025-09-15 00:01:23,515 - Averaged Train Loss: 1.3246
2025-09-15 00:01:23,515 - Test Accurancy: 0.5095
2025-09-15 00:01:23,515 - Attack Success Rate: 0.2145
2025-09-15 00:01:31,654 - DPD clipping bound C_t: 0.3290035277605057
2025-09-15 00:01:31,657 - DPD noise norm:28.53704833984375
2025-09-15 00:01:31,665 - Round number: 90 --------------------------
2025-09-15 00:01:31,666 - Evaluate global model
2025-09-15 00:01:35,096 - Averaged Train Loss: 1.3108
2025-09-15 00:01:35,096 - Test Accurancy: 0.5123
2025-09-15 00:01:35,096 - Attack Success Rate: 0.2787
2025-09-15 00:01:43,302 - DPD clipping bound C_t: 0.32658910751342773
2025-09-15 00:01:43,305 - DPD noise norm:28.328289031982422
2025-09-15 00:01:43,314 - Round number: 91 --------------------------
2025-09-15 00:01:43,314 - Evaluate global model
2025-09-15 00:01:46,713 - Averaged Train Loss: 1.3107
2025-09-15 00:01:46,713 - Test Accurancy: 0.5131
2025-09-15 00:01:46,713 - Attack Success Rate: 0.2883
2025-09-15 00:01:54,997 - DPD clipping bound C_t: 0.325735941529274
2025-09-15 00:01:55,001 - DPD noise norm:28.28084373474121
2025-09-15 00:01:55,010 - Round number: 92 --------------------------
2025-09-15 00:01:55,010 - Evaluate global model
2025-09-15 00:01:58,394 - Averaged Train Loss: 1.3115
2025-09-15 00:01:58,394 - Test Accurancy: 0.5130
2025-09-15 00:01:58,394 - Attack Success Rate: 0.3518
2025-09-15 00:02:06,542 - DPD clipping bound C_t: 0.3178909569978714
2025-09-15 00:02:06,545 - DPD noise norm:27.543611526489258
2025-09-15 00:02:06,554 - Round number: 93 --------------------------
2025-09-15 00:02:06,554 - Evaluate global model
2025-09-15 00:02:09,836 - Averaged Train Loss: 1.2886
2025-09-15 00:02:09,836 - Test Accurancy: 0.5205
2025-09-15 00:02:09,836 - Attack Success Rate: 0.2507
2025-09-15 00:02:18,153 - DPD clipping bound C_t: 0.31414978206157684
2025-09-15 00:02:18,156 - DPD noise norm:27.25687026977539
2025-09-15 00:02:18,165 - Round number: 94 --------------------------
2025-09-15 00:02:18,165 - Evaluate global model
2025-09-15 00:02:21,475 - Averaged Train Loss: 1.3042
2025-09-15 00:02:21,475 - Test Accurancy: 0.5191
2025-09-15 00:02:21,475 - Attack Success Rate: 0.3074
2025-09-15 00:02:29,725 - DPD clipping bound C_t: 0.3052326887845993
2025-09-15 00:02:29,727 - DPD noise norm:26.53192138671875
2025-09-15 00:02:29,735 - Round number: 95 --------------------------
2025-09-15 00:02:29,735 - Evaluate global model
2025-09-15 00:02:32,993 - Averaged Train Loss: 1.2919
2025-09-15 00:02:32,993 - Test Accurancy: 0.5178
2025-09-15 00:02:32,993 - Attack Success Rate: 0.2814
2025-09-15 00:02:41,286 - DPD clipping bound C_t: 0.3058019280433655
2025-09-15 00:02:41,289 - DPD noise norm:26.536012649536133
2025-09-15 00:02:41,298 - Round number: 96 --------------------------
2025-09-15 00:02:41,298 - Evaluate global model
2025-09-15 00:02:44,502 - Averaged Train Loss: 1.3078
2025-09-15 00:02:44,502 - Test Accurancy: 0.5142
2025-09-15 00:02:44,502 - Attack Success Rate: 0.3545
2025-09-15 00:02:52,776 - DPD clipping bound C_t: 0.30113866925239563
2025-09-15 00:02:52,779 - DPD noise norm:26.11166000366211
2025-09-15 00:02:52,787 - Round number: 97 --------------------------
2025-09-15 00:02:52,787 - Evaluate global model
2025-09-15 00:02:55,851 - Averaged Train Loss: 1.3071
2025-09-15 00:02:55,851 - Test Accurancy: 0.5172
2025-09-15 00:02:55,851 - Attack Success Rate: 0.2561
2025-09-15 00:03:04,475 - DPD clipping bound C_t: 0.298659548163414
2025-09-15 00:03:04,478 - DPD noise norm:25.926523208618164
2025-09-15 00:03:04,487 - Round number: 98 --------------------------
2025-09-15 00:03:04,487 - Evaluate global model
2025-09-15 00:03:07,537 - Averaged Train Loss: 1.2883
2025-09-15 00:03:07,537 - Test Accurancy: 0.5250
2025-09-15 00:03:07,537 - Attack Success Rate: 0.2780
2025-09-15 00:03:15,937 - DPD clipping bound C_t: 0.29179994761943817
2025-09-15 00:03:15,940 - DPD noise norm:25.316776275634766
2025-09-15 00:03:15,949 - Round number: 99 --------------------------
2025-09-15 00:03:15,949 - Evaluate global model
2025-09-15 00:03:18,964 - Averaged Train Loss: 1.3033
2025-09-15 00:03:18,965 - Test Accurancy: 0.5227
2025-09-15 00:03:18,965 - Attack Success Rate: 0.2821
2025-09-15 00:03:27,546 - DPD clipping bound C_t: 0.28839048743247986
2025-09-15 00:03:27,549 - DPD noise norm:25.049394607543945
2025-09-15 00:03:27,557 - Round number: 100 --------------------------
2025-09-15 00:03:27,557 - Evaluate global model
2025-09-15 00:03:29,477 - Averaged Train Loss: 1.3095
2025-09-15 00:03:29,477 - Test Accurancy: 0.5146
2025-09-15 00:03:29,477 - Attack Success Rate: 0.2623
2025-09-15 00:03:34,622 - DPD clipping bound C_t: 0.2898651957511902
2025-09-15 00:03:34,624 - DPD noise norm:25.149932861328125
2025-09-15 00:03:34,625 - Run over
2025-09-15 00:03:34,625 - Saving results to ./exp/exp2/Cifar10/0.098.h5
2025-09-15 00:03:34,628 - Best accuracy: 0.5250083250083251
2025-09-15 00:03:34,628 - Average time cost per round: 11.540619757175445
