2025-09-14 23:24:34,522 - *****************EXP-2*****************
2025-09-14 23:24:34,522 - Exp repeats: 1
2025-09-14 23:24:34,522 - Communication Rounds: 100
2025-09-14 23:24:34,522 - Clients: 40

2025-09-14 23:24:34,522 - Attack method: scale
2025-09-14 23:24:34,522 - Filtering rule: dpd
2025-09-14 23:24:34,522 - Dataset: Cifar10
2025-09-14 23:24:34,522 - Model: cnn2
2025-09-14 23:24:34,522 - Learning Rate: 0.04
2025-09-14 23:24:34,522 - Batch Size: 64
2025-09-14 23:24:34,522 - Device: cuda
2025-09-14 23:24:34,522 - Device id: 0
2025-09-14 23:24:34,522 - DPD clipping strategy: auto
2025-09-14 23:24:34,523 - DPD noise level: 0.09
2025-09-14 23:24:34,523 - Adversaries: 8
2025-09-14 23:24:34,523 - Targeted Label Flipping: 5-->3
2025-09-14 23:24:34,523 - *****************EXP-2*****************
2025-09-14 23:24:34,627 - Running time: 0th ==========================
2025-09-14 23:24:37,774 - Round number: 0 --------------------------
2025-09-14 23:24:37,775 - Evaluate global model
2025-09-14 23:24:42,126 - Averaged Train Loss: 2.3051
2025-09-14 23:24:42,126 - Test Accurancy: 0.0977
2025-09-14 23:24:42,126 - Attack Success Rate: 0.0000
2025-09-14 23:24:49,932 - DPD clipping bound C_t: 0.6822828054428101
2025-09-14 23:24:49,936 - DPD noise norm:54.34712219238281
2025-09-14 23:24:49,944 - Round number: 1 --------------------------
2025-09-14 23:24:49,944 - Evaluate global model
2025-09-14 23:24:54,076 - Averaged Train Loss: 2.2648
2025-09-14 23:24:54,076 - Test Accurancy: 0.1043
2025-09-14 23:24:54,076 - Attack Success Rate: 0.1359
2025-09-14 23:25:01,485 - DPD clipping bound C_t: 0.6706643402576447
2025-09-14 23:25:01,488 - DPD noise norm:53.43899917602539
2025-09-14 23:25:01,495 - Round number: 2 --------------------------
2025-09-14 23:25:01,495 - Evaluate global model
2025-09-14 23:25:05,719 - Averaged Train Loss: 2.1375
2025-09-14 23:25:05,719 - Test Accurancy: 0.2246
2025-09-14 23:25:05,720 - Attack Success Rate: 0.3525
2025-09-14 23:25:13,172 - DPD clipping bound C_t: 0.6153027713298798
2025-09-14 23:25:13,174 - DPD noise norm:49.06184387207031
2025-09-14 23:25:13,186 - Round number: 3 --------------------------
2025-09-14 23:25:13,186 - Evaluate global model
2025-09-14 23:25:17,226 - Averaged Train Loss: 2.0683
2025-09-14 23:25:17,226 - Test Accurancy: 0.2276
2025-09-14 23:25:17,226 - Attack Success Rate: 0.3941
2025-09-14 23:25:24,791 - DPD clipping bound C_t: 0.6106072962284088
2025-09-14 23:25:24,793 - DPD noise norm:48.60137939453125
2025-09-14 23:25:24,801 - Round number: 4 --------------------------
2025-09-14 23:25:24,801 - Evaluate global model
2025-09-14 23:25:28,965 - Averaged Train Loss: 2.0371
2025-09-14 23:25:28,965 - Test Accurancy: 0.2325
2025-09-14 23:25:28,965 - Attack Success Rate: 0.5191
2025-09-14 23:25:36,525 - DPD clipping bound C_t: 0.6170592904090881
2025-09-14 23:25:36,526 - DPD noise norm:49.157142639160156
2025-09-14 23:25:36,534 - Round number: 5 --------------------------
2025-09-14 23:25:36,534 - Evaluate global model
2025-09-14 23:25:40,602 - Averaged Train Loss: 1.9499
2025-09-14 23:25:40,602 - Test Accurancy: 0.2968
2025-09-14 23:25:40,602 - Attack Success Rate: 0.3641
2025-09-14 23:25:48,121 - DPD clipping bound C_t: 0.5974375903606415
2025-09-14 23:25:48,123 - DPD noise norm:47.62730026245117
2025-09-14 23:25:48,131 - Round number: 6 --------------------------
2025-09-14 23:25:48,131 - Evaluate global model
2025-09-14 23:25:52,413 - Averaged Train Loss: 1.9226
2025-09-14 23:25:52,413 - Test Accurancy: 0.2984
2025-09-14 23:25:52,413 - Attack Success Rate: 0.3060
2025-09-14 23:25:59,807 - DPD clipping bound C_t: 0.5935062170028687
2025-09-14 23:25:59,809 - DPD noise norm:47.376625061035156
2025-09-14 23:25:59,817 - Round number: 7 --------------------------
2025-09-14 23:25:59,817 - Evaluate global model
2025-09-14 23:26:04,045 - Averaged Train Loss: 1.8597
2025-09-14 23:26:04,046 - Test Accurancy: 0.3447
2025-09-14 23:26:04,046 - Attack Success Rate: 0.2527
2025-09-14 23:26:11,444 - DPD clipping bound C_t: 0.6009994745254517
2025-09-14 23:26:11,446 - DPD noise norm:47.91184997558594
2025-09-14 23:26:11,454 - Round number: 8 --------------------------
2025-09-14 23:26:11,454 - Evaluate global model
2025-09-14 23:26:15,783 - Averaged Train Loss: 1.8178
2025-09-14 23:26:15,783 - Test Accurancy: 0.3617
2025-09-14 23:26:15,783 - Attack Success Rate: 0.4003
2025-09-14 23:26:23,079 - DPD clipping bound C_t: 0.594133734703064
2025-09-14 23:26:23,081 - DPD noise norm:47.313499450683594
2025-09-14 23:26:23,089 - Round number: 9 --------------------------
2025-09-14 23:26:23,089 - Evaluate global model
2025-09-14 23:26:27,441 - Averaged Train Loss: 1.7720
2025-09-14 23:26:27,441 - Test Accurancy: 0.3865
2025-09-14 23:26:27,441 - Attack Success Rate: 0.2083
2025-09-14 23:26:34,739 - DPD clipping bound C_t: 0.5796995460987091
2025-09-14 23:26:34,741 - DPD noise norm:46.22380065917969
2025-09-14 23:26:34,749 - Round number: 10 --------------------------
2025-09-14 23:26:34,749 - Evaluate global model
2025-09-14 23:26:39,081 - Averaged Train Loss: 1.7537
2025-09-14 23:26:39,081 - Test Accurancy: 0.3732
2025-09-14 23:26:39,081 - Attack Success Rate: 0.2821
2025-09-14 23:26:46,392 - DPD clipping bound C_t: 0.5760775208473206
2025-09-14 23:26:46,394 - DPD noise norm:45.85457229614258
2025-09-14 23:26:46,402 - Round number: 11 --------------------------
2025-09-14 23:26:46,402 - Evaluate global model
2025-09-14 23:26:50,578 - Averaged Train Loss: 1.7215
2025-09-14 23:26:50,578 - Test Accurancy: 0.3864
2025-09-14 23:26:50,578 - Attack Success Rate: 0.2268
2025-09-14 23:26:58,003 - DPD clipping bound C_t: 0.5818754434585571
2025-09-14 23:26:58,005 - DPD noise norm:46.39811706542969
2025-09-14 23:26:58,013 - Round number: 12 --------------------------
2025-09-14 23:26:58,013 - Evaluate global model
2025-09-14 23:27:02,496 - Averaged Train Loss: 1.6796
2025-09-14 23:27:02,496 - Test Accurancy: 0.3931
2025-09-14 23:27:02,497 - Attack Success Rate: 0.3361
2025-09-14 23:27:09,566 - DPD clipping bound C_t: 0.5759968459606171
2025-09-14 23:27:09,568 - DPD noise norm:45.86275863647461
2025-09-14 23:27:09,576 - Round number: 13 --------------------------
2025-09-14 23:27:09,576 - Evaluate global model
2025-09-14 23:27:14,028 - Averaged Train Loss: 1.6470
2025-09-14 23:27:14,029 - Test Accurancy: 0.4119
2025-09-14 23:27:14,029 - Attack Success Rate: 0.2732
2025-09-14 23:27:21,197 - DPD clipping bound C_t: 0.5673093199729919
2025-09-14 23:27:21,199 - DPD noise norm:45.21697235107422
2025-09-14 23:27:21,207 - Round number: 14 --------------------------
2025-09-14 23:27:21,207 - Evaluate global model
2025-09-14 23:27:25,467 - Averaged Train Loss: 1.6320
2025-09-14 23:27:25,467 - Test Accurancy: 0.4121
2025-09-14 23:27:25,467 - Attack Success Rate: 0.3272
2025-09-14 23:27:32,780 - DPD clipping bound C_t: 0.564038097858429
2025-09-14 23:27:32,782 - DPD noise norm:45.014793395996094
2025-09-14 23:27:32,790 - Round number: 15 --------------------------
2025-09-14 23:27:32,790 - Evaluate global model
2025-09-14 23:27:37,229 - Averaged Train Loss: 1.6184
2025-09-14 23:27:37,229 - Test Accurancy: 0.4159
2025-09-14 23:27:37,229 - Attack Success Rate: 0.1974
2025-09-14 23:27:44,313 - DPD clipping bound C_t: 0.5688826739788055
2025-09-14 23:27:44,315 - DPD noise norm:45.251670837402344
2025-09-14 23:27:44,323 - Round number: 16 --------------------------
2025-09-14 23:27:44,323 - Evaluate global model
2025-09-14 23:27:48,868 - Averaged Train Loss: 1.5921
2025-09-14 23:27:48,868 - Test Accurancy: 0.4253
2025-09-14 23:27:48,868 - Attack Success Rate: 0.3955
2025-09-14 23:27:55,960 - DPD clipping bound C_t: 0.5610355138778687
2025-09-14 23:27:55,962 - DPD noise norm:44.684425354003906
2025-09-14 23:27:55,970 - Round number: 17 --------------------------
2025-09-14 23:27:55,970 - Evaluate global model
2025-09-14 23:28:00,374 - Averaged Train Loss: 1.5574
2025-09-14 23:28:00,374 - Test Accurancy: 0.4369
2025-09-14 23:28:00,374 - Attack Success Rate: 0.3101
2025-09-14 23:28:07,479 - DPD clipping bound C_t: 0.5632091462612152
2025-09-14 23:28:07,481 - DPD noise norm:44.884620666503906
2025-09-14 23:28:07,489 - Round number: 18 --------------------------
2025-09-14 23:28:07,489 - Evaluate global model
2025-09-14 23:28:11,837 - Averaged Train Loss: 1.5419
2025-09-14 23:28:11,837 - Test Accurancy: 0.4395
2025-09-14 23:28:11,837 - Attack Success Rate: 0.3224
2025-09-14 23:28:19,087 - DPD clipping bound C_t: 0.5671736001968384
2025-09-14 23:28:19,088 - DPD noise norm:45.20795440673828
2025-09-14 23:28:19,096 - Round number: 19 --------------------------
2025-09-14 23:28:19,096 - Evaluate global model
2025-09-14 23:28:23,613 - Averaged Train Loss: 1.5275
2025-09-14 23:28:23,613 - Test Accurancy: 0.4497
2025-09-14 23:28:23,613 - Attack Success Rate: 0.2630
2025-09-14 23:28:30,676 - DPD clipping bound C_t: 0.5639558434486389
2025-09-14 23:28:30,678 - DPD noise norm:44.9534797668457
2025-09-14 23:28:30,686 - Round number: 20 --------------------------
2025-09-14 23:28:30,686 - Evaluate global model
2025-09-14 23:28:35,129 - Averaged Train Loss: 1.5336
2025-09-14 23:28:35,129 - Test Accurancy: 0.4363
2025-09-14 23:28:35,129 - Attack Success Rate: 0.2493
2025-09-14 23:28:42,294 - DPD clipping bound C_t: 0.5615507960319519
2025-09-14 23:28:42,296 - DPD noise norm:44.75416946411133
2025-09-14 23:28:42,304 - Round number: 21 --------------------------
2025-09-14 23:28:42,304 - Evaluate global model
2025-09-14 23:28:46,646 - Averaged Train Loss: 1.4994
2025-09-14 23:28:46,646 - Test Accurancy: 0.4551
2025-09-14 23:28:46,646 - Attack Success Rate: 0.2883
2025-09-14 23:28:53,846 - DPD clipping bound C_t: 0.5668787360191345
2025-09-14 23:28:53,848 - DPD noise norm:45.1104621887207
2025-09-14 23:28:53,856 - Round number: 22 --------------------------
2025-09-14 23:28:53,856 - Evaluate global model
2025-09-14 23:28:58,114 - Averaged Train Loss: 1.4767
2025-09-14 23:28:58,114 - Test Accurancy: 0.4572
2025-09-14 23:28:58,114 - Attack Success Rate: 0.3361
2025-09-14 23:29:05,414 - DPD clipping bound C_t: 0.5652247071266174
2025-09-14 23:29:05,416 - DPD noise norm:45.0278434753418
2025-09-14 23:29:05,424 - Round number: 23 --------------------------
2025-09-14 23:29:05,424 - Evaluate global model
2025-09-14 23:29:09,603 - Averaged Train Loss: 1.4650
2025-09-14 23:29:09,603 - Test Accurancy: 0.4678
2025-09-14 23:29:09,603 - Attack Success Rate: 0.3224
2025-09-14 23:29:16,982 - DPD clipping bound C_t: 0.556195080280304
2025-09-14 23:29:16,984 - DPD noise norm:44.300697326660156
2025-09-14 23:29:16,992 - Round number: 24 --------------------------
2025-09-14 23:29:16,992 - Evaluate global model
2025-09-14 23:29:21,200 - Averaged Train Loss: 1.4625
2025-09-14 23:29:21,200 - Test Accurancy: 0.4677
2025-09-14 23:29:21,200 - Attack Success Rate: 0.2384
2025-09-14 23:29:28,475 - DPD clipping bound C_t: 0.5647903978824615
2025-09-14 23:29:28,477 - DPD noise norm:44.954105377197266
2025-09-14 23:29:28,485 - Round number: 25 --------------------------
2025-09-14 23:29:28,485 - Evaluate global model
2025-09-14 23:29:32,602 - Averaged Train Loss: 1.4705
2025-09-14 23:29:32,603 - Test Accurancy: 0.4595
2025-09-14 23:29:32,603 - Attack Success Rate: 0.2999
2025-09-14 23:29:40,042 - DPD clipping bound C_t: 0.5569139420986176
2025-09-14 23:29:40,043 - DPD noise norm:44.34423065185547
2025-09-14 23:29:40,051 - Round number: 26 --------------------------
2025-09-14 23:29:40,051 - Evaluate global model
2025-09-14 23:29:44,026 - Averaged Train Loss: 1.4408
2025-09-14 23:29:44,026 - Test Accurancy: 0.4751
2025-09-14 23:29:44,026 - Attack Success Rate: 0.3415
2025-09-14 23:29:51,535 - DPD clipping bound C_t: 0.5510914027690887
2025-09-14 23:29:51,537 - DPD noise norm:43.930381774902344
2025-09-14 23:29:51,545 - Round number: 27 --------------------------
2025-09-14 23:29:51,545 - Evaluate global model
2025-09-14 23:29:55,532 - Averaged Train Loss: 1.4543
2025-09-14 23:29:55,532 - Test Accurancy: 0.4647
2025-09-14 23:29:55,532 - Attack Success Rate: 0.4331
2025-09-14 23:30:03,019 - DPD clipping bound C_t: 0.5581506788730621
2025-09-14 23:30:03,021 - DPD noise norm:44.4137077331543
2025-09-14 23:30:03,029 - Round number: 28 --------------------------
2025-09-14 23:30:03,029 - Evaluate global model
2025-09-14 23:30:06,963 - Averaged Train Loss: 1.4338
2025-09-14 23:30:06,963 - Test Accurancy: 0.4723
2025-09-14 23:30:06,963 - Attack Success Rate: 0.3258
2025-09-14 23:30:14,588 - DPD clipping bound C_t: 0.5521363019943237
2025-09-14 23:30:14,590 - DPD noise norm:44.02320098876953
2025-09-14 23:30:14,598 - Round number: 29 --------------------------
2025-09-14 23:30:14,598 - Evaluate global model
2025-09-14 23:30:18,328 - Averaged Train Loss: 1.4541
2025-09-14 23:30:18,328 - Test Accurancy: 0.4649
2025-09-14 23:30:18,328 - Attack Success Rate: 0.2295
2025-09-14 23:30:26,014 - DPD clipping bound C_t: 0.5534791648387909
2025-09-14 23:30:26,017 - DPD noise norm:44.086360931396484
2025-09-14 23:30:26,025 - Round number: 30 --------------------------
2025-09-14 23:30:26,025 - Evaluate global model
2025-09-14 23:30:29,707 - Averaged Train Loss: 1.4417
2025-09-14 23:30:29,707 - Test Accurancy: 0.4652
2025-09-14 23:30:29,707 - Attack Success Rate: 0.4474
2025-09-14 23:30:37,512 - DPD clipping bound C_t: 0.5489163994789124
2025-09-14 23:30:37,514 - DPD noise norm:43.81707763671875
2025-09-14 23:30:37,521 - Round number: 31 --------------------------
2025-09-14 23:30:37,522 - Evaluate global model
2025-09-14 23:30:41,203 - Averaged Train Loss: 1.4298
2025-09-14 23:30:41,203 - Test Accurancy: 0.4727
2025-09-14 23:30:41,203 - Attack Success Rate: 0.3620
2025-09-14 23:30:49,128 - DPD clipping bound C_t: 0.54261514544487
2025-09-14 23:30:49,130 - DPD noise norm:43.26607131958008
2025-09-14 23:30:49,138 - Round number: 32 --------------------------
2025-09-14 23:30:49,138 - Evaluate global model
2025-09-14 23:30:52,673 - Averaged Train Loss: 1.4215
2025-09-14 23:30:52,674 - Test Accurancy: 0.4737
2025-09-14 23:30:52,674 - Attack Success Rate: 0.4638
2025-09-14 23:31:00,681 - DPD clipping bound C_t: 0.5513052344322205
2025-09-14 23:31:00,683 - DPD noise norm:43.914894104003906
2025-09-14 23:31:00,691 - Round number: 33 --------------------------
2025-09-14 23:31:00,691 - Evaluate global model
2025-09-14 23:31:04,265 - Averaged Train Loss: 1.4162
2025-09-14 23:31:04,265 - Test Accurancy: 0.4745
2025-09-14 23:31:04,265 - Attack Success Rate: 0.3251
2025-09-14 23:31:12,271 - DPD clipping bound C_t: 0.5331026315689087
2025-09-14 23:31:12,273 - DPD noise norm:42.50212097167969
2025-09-14 23:31:12,280 - Round number: 34 --------------------------
2025-09-14 23:31:12,280 - Evaluate global model
2025-09-14 23:31:15,703 - Averaged Train Loss: 1.4118
2025-09-14 23:31:15,703 - Test Accurancy: 0.4779
2025-09-14 23:31:15,703 - Attack Success Rate: 0.3572
2025-09-14 23:31:23,755 - DPD clipping bound C_t: 0.5326950550079346
2025-09-14 23:31:23,757 - DPD noise norm:42.44099807739258
2025-09-14 23:31:23,765 - Round number: 35 --------------------------
2025-09-14 23:31:23,765 - Evaluate global model
2025-09-14 23:31:27,212 - Averaged Train Loss: 1.3767
2025-09-14 23:31:27,212 - Test Accurancy: 0.4919
2025-09-14 23:31:27,212 - Attack Success Rate: 0.3374
2025-09-14 23:31:35,217 - DPD clipping bound C_t: 0.5386867225170135
2025-09-14 23:31:35,219 - DPD noise norm:42.86174774169922
2025-09-14 23:31:35,231 - Round number: 36 --------------------------
2025-09-14 23:31:35,231 - Evaluate global model
2025-09-14 23:31:38,674 - Averaged Train Loss: 1.3818
2025-09-14 23:31:38,675 - Test Accurancy: 0.4916
2025-09-14 23:31:38,675 - Attack Success Rate: 0.3019
2025-09-14 23:31:46,874 - DPD clipping bound C_t: 0.5274818241596222
2025-09-14 23:31:46,876 - DPD noise norm:42.00434494018555
2025-09-14 23:31:46,884 - Round number: 37 --------------------------
2025-09-14 23:31:46,884 - Evaluate global model
2025-09-14 23:31:50,161 - Averaged Train Loss: 1.4047
2025-09-14 23:31:50,161 - Test Accurancy: 0.4838
2025-09-14 23:31:50,161 - Attack Success Rate: 0.2712
2025-09-14 23:31:58,304 - DPD clipping bound C_t: 0.5270938873291016
2025-09-14 23:31:58,306 - DPD noise norm:41.99378204345703
2025-09-14 23:31:58,313 - Round number: 38 --------------------------
2025-09-14 23:31:58,314 - Evaluate global model
2025-09-14 23:32:01,569 - Averaged Train Loss: 1.3690
2025-09-14 23:32:01,569 - Test Accurancy: 0.4967
2025-09-14 23:32:01,569 - Attack Success Rate: 0.3074
2025-09-14 23:32:09,787 - DPD clipping bound C_t: 0.5237917602062225
2025-09-14 23:32:09,789 - DPD noise norm:41.75525665283203
2025-09-14 23:32:09,797 - Round number: 39 --------------------------
2025-09-14 23:32:09,797 - Evaluate global model
2025-09-14 23:32:13,008 - Averaged Train Loss: 1.3798
2025-09-14 23:32:13,008 - Test Accurancy: 0.4893
2025-09-14 23:32:13,008 - Attack Success Rate: 0.3716
2025-09-14 23:32:21,406 - DPD clipping bound C_t: 0.5214056074619293
2025-09-14 23:32:21,408 - DPD noise norm:41.53627014160156
2025-09-14 23:32:21,416 - Round number: 40 --------------------------
2025-09-14 23:32:21,416 - Evaluate global model
2025-09-14 23:32:24,614 - Averaged Train Loss: 1.3517
2025-09-14 23:32:24,614 - Test Accurancy: 0.4993
2025-09-14 23:32:24,614 - Attack Success Rate: 0.2254
2025-09-14 23:32:32,861 - DPD clipping bound C_t: 0.5206722021102905
2025-09-14 23:32:32,862 - DPD noise norm:41.42002868652344
2025-09-14 23:32:32,870 - Round number: 41 --------------------------
2025-09-14 23:32:32,870 - Evaluate global model
2025-09-14 23:32:36,053 - Averaged Train Loss: 1.3662
2025-09-14 23:32:36,053 - Test Accurancy: 0.4928
2025-09-14 23:32:36,053 - Attack Success Rate: 0.4139
2025-09-14 23:32:44,448 - DPD clipping bound C_t: 0.5197055637836456
2025-09-14 23:32:44,450 - DPD noise norm:41.38517761230469
2025-09-14 23:32:44,458 - Round number: 42 --------------------------
2025-09-14 23:32:44,458 - Evaluate global model
2025-09-14 23:32:47,656 - Averaged Train Loss: 1.3499
2025-09-14 23:32:47,656 - Test Accurancy: 0.4988
2025-09-14 23:32:47,656 - Attack Success Rate: 0.2821
2025-09-14 23:32:56,086 - DPD clipping bound C_t: 0.5103050172328949
2025-09-14 23:32:56,089 - DPD noise norm:40.646244049072266
2025-09-14 23:32:56,097 - Round number: 43 --------------------------
2025-09-14 23:32:56,097 - Evaluate global model
2025-09-14 23:32:59,281 - Averaged Train Loss: 1.3453
2025-09-14 23:32:59,281 - Test Accurancy: 0.5014
2025-09-14 23:32:59,281 - Attack Success Rate: 0.3531
2025-09-14 23:33:07,546 - DPD clipping bound C_t: 0.510430097579956
2025-09-14 23:33:07,549 - DPD noise norm:40.64888381958008
2025-09-14 23:33:07,557 - Round number: 44 --------------------------
2025-09-14 23:33:07,557 - Evaluate global model
2025-09-14 23:33:10,711 - Averaged Train Loss: 1.3480
2025-09-14 23:33:10,711 - Test Accurancy: 0.4950
2025-09-14 23:33:10,711 - Attack Success Rate: 0.3928
2025-09-14 23:33:19,236 - DPD clipping bound C_t: 0.5046294927597046
2025-09-14 23:33:19,239 - DPD noise norm:40.224483489990234
2025-09-14 23:33:19,247 - Round number: 45 --------------------------
2025-09-14 23:33:19,247 - Evaluate global model
2025-09-14 23:33:22,371 - Averaged Train Loss: 1.3268
2025-09-14 23:33:22,371 - Test Accurancy: 0.5058
2025-09-14 23:33:22,371 - Attack Success Rate: 0.3169
2025-09-14 23:33:30,681 - DPD clipping bound C_t: 0.5005920231342316
2025-09-14 23:33:30,684 - DPD noise norm:39.846317291259766
2025-09-14 23:33:30,692 - Round number: 46 --------------------------
2025-09-14 23:33:30,692 - Evaluate global model
2025-09-14 23:33:33,839 - Averaged Train Loss: 1.3569
2025-09-14 23:33:33,839 - Test Accurancy: 0.5003
2025-09-14 23:33:33,839 - Attack Success Rate: 0.3210
2025-09-14 23:33:42,198 - DPD clipping bound C_t: 0.5033491849899292
2025-09-14 23:33:42,201 - DPD noise norm:40.103458404541016
2025-09-14 23:33:42,209 - Round number: 47 --------------------------
2025-09-14 23:33:42,209 - Evaluate global model
2025-09-14 23:33:45,364 - Averaged Train Loss: 1.3388
2025-09-14 23:33:45,364 - Test Accurancy: 0.5011
2025-09-14 23:33:45,364 - Attack Success Rate: 0.3081
2025-09-14 23:33:53,730 - DPD clipping bound C_t: 0.5030997395515442
2025-09-14 23:33:53,731 - DPD noise norm:40.11994552612305
2025-09-14 23:33:53,739 - Round number: 48 --------------------------
2025-09-14 23:33:53,739 - Evaluate global model
2025-09-14 23:33:56,899 - Averaged Train Loss: 1.3489
2025-09-14 23:33:56,899 - Test Accurancy: 0.4939
2025-09-14 23:33:56,899 - Attack Success Rate: 0.2999
2025-09-14 23:34:05,382 - DPD clipping bound C_t: 0.492521271109581
2025-09-14 23:34:05,384 - DPD noise norm:39.30421447753906
2025-09-14 23:34:05,392 - Round number: 49 --------------------------
2025-09-14 23:34:05,392 - Evaluate global model
2025-09-14 23:34:08,580 - Averaged Train Loss: 1.3348
2025-09-14 23:34:08,580 - Test Accurancy: 0.5080
2025-09-14 23:34:08,580 - Attack Success Rate: 0.2869
2025-09-14 23:34:17,016 - DPD clipping bound C_t: 0.49108344316482544
2025-09-14 23:34:17,020 - DPD noise norm:39.14366149902344
2025-09-14 23:34:17,027 - Round number: 50 --------------------------
2025-09-14 23:34:17,027 - Evaluate global model
2025-09-14 23:34:20,215 - Averaged Train Loss: 1.3292
2025-09-14 23:34:20,215 - Test Accurancy: 0.5066
2025-09-14 23:34:20,215 - Attack Success Rate: 0.3402
2025-09-14 23:34:28,589 - DPD clipping bound C_t: 0.48921895027160645
2025-09-14 23:34:28,593 - DPD noise norm:38.98374938964844
2025-09-14 23:34:28,601 - Round number: 51 --------------------------
2025-09-14 23:34:28,601 - Evaluate global model
2025-09-14 23:34:31,802 - Averaged Train Loss: 1.3287
2025-09-14 23:34:31,802 - Test Accurancy: 0.5072
2025-09-14 23:34:31,802 - Attack Success Rate: 0.3074
2025-09-14 23:34:40,215 - DPD clipping bound C_t: 0.48616737127304077
2025-09-14 23:34:40,218 - DPD noise norm:38.74891662597656
2025-09-14 23:34:40,230 - Round number: 52 --------------------------
2025-09-14 23:34:40,230 - Evaluate global model
2025-09-14 23:34:43,312 - Averaged Train Loss: 1.3154
2025-09-14 23:34:43,312 - Test Accurancy: 0.5066
2025-09-14 23:34:43,312 - Attack Success Rate: 0.3081
2025-09-14 23:34:51,656 - DPD clipping bound C_t: 0.47764258086681366
2025-09-14 23:34:51,660 - DPD noise norm:38.046051025390625
2025-09-14 23:34:51,668 - Round number: 53 --------------------------
2025-09-14 23:34:51,668 - Evaluate global model
2025-09-14 23:34:54,741 - Averaged Train Loss: 1.3020
2025-09-14 23:34:54,741 - Test Accurancy: 0.5135
2025-09-14 23:34:54,741 - Attack Success Rate: 0.3135
2025-09-14 23:35:03,110 - DPD clipping bound C_t: 0.4766457974910736
2025-09-14 23:35:03,112 - DPD noise norm:37.985984802246094
2025-09-14 23:35:03,120 - Round number: 54 --------------------------
2025-09-14 23:35:03,120 - Evaluate global model
2025-09-14 23:35:06,194 - Averaged Train Loss: 1.3027
2025-09-14 23:35:06,194 - Test Accurancy: 0.5108
2025-09-14 23:35:06,194 - Attack Success Rate: 0.2855
2025-09-14 23:35:14,782 - DPD clipping bound C_t: 0.4719250798225403
2025-09-14 23:35:14,785 - DPD noise norm:37.56648635864258
2025-09-14 23:35:14,793 - Round number: 55 --------------------------
2025-09-14 23:35:14,793 - Evaluate global model
2025-09-14 23:35:17,886 - Averaged Train Loss: 1.3124
2025-09-14 23:35:17,886 - Test Accurancy: 0.5117
2025-09-14 23:35:17,886 - Attack Success Rate: 0.2275
2025-09-14 23:35:26,464 - DPD clipping bound C_t: 0.46787601709365845
2025-09-14 23:35:26,468 - DPD noise norm:37.3067512512207
2025-09-14 23:35:26,476 - Round number: 56 --------------------------
2025-09-14 23:35:26,476 - Evaluate global model
2025-09-14 23:35:29,550 - Averaged Train Loss: 1.2997
2025-09-14 23:35:29,550 - Test Accurancy: 0.5073
2025-09-14 23:35:29,551 - Attack Success Rate: 0.3566
2025-09-14 23:35:38,097 - DPD clipping bound C_t: 0.45927488803863525
2025-09-14 23:35:38,099 - DPD noise norm:36.62144088745117
2025-09-14 23:35:38,107 - Round number: 57 --------------------------
2025-09-14 23:35:38,107 - Evaluate global model
2025-09-14 23:35:41,170 - Averaged Train Loss: 1.2887
2025-09-14 23:35:41,171 - Test Accurancy: 0.5189
2025-09-14 23:35:41,171 - Attack Success Rate: 0.2876
2025-09-14 23:35:49,727 - DPD clipping bound C_t: 0.4507552236318588
2025-09-14 23:35:49,732 - DPD noise norm:35.89777374267578
2025-09-14 23:35:49,740 - Round number: 58 --------------------------
2025-09-14 23:35:49,740 - Evaluate global model
2025-09-14 23:35:52,833 - Averaged Train Loss: 1.3107
2025-09-14 23:35:52,833 - Test Accurancy: 0.5058
2025-09-14 23:35:52,833 - Attack Success Rate: 0.3333
2025-09-14 23:36:01,442 - DPD clipping bound C_t: 0.4487537294626236
2025-09-14 23:36:01,444 - DPD noise norm:35.79664611816406
2025-09-14 23:36:01,452 - Round number: 59 --------------------------
2025-09-14 23:36:01,452 - Evaluate global model
2025-09-14 23:36:04,455 - Averaged Train Loss: 1.3022
2025-09-14 23:36:04,455 - Test Accurancy: 0.5173
2025-09-14 23:36:04,455 - Attack Success Rate: 0.3600
2025-09-14 23:36:12,870 - DPD clipping bound C_t: 0.44722311198711395
2025-09-14 23:36:12,872 - DPD noise norm:35.61476135253906
2025-09-14 23:36:12,880 - Round number: 60 --------------------------
2025-09-14 23:36:12,880 - Evaluate global model
2025-09-14 23:36:15,861 - Averaged Train Loss: 1.3133
2025-09-14 23:36:15,862 - Test Accurancy: 0.5114
2025-09-14 23:36:15,862 - Attack Success Rate: 0.3074
2025-09-14 23:36:24,445 - DPD clipping bound C_t: 0.43914441764354706
2025-09-14 23:36:24,450 - DPD noise norm:34.99842071533203
2025-09-14 23:36:24,457 - Round number: 61 --------------------------
2025-09-14 23:36:24,457 - Evaluate global model
2025-09-14 23:36:27,448 - Averaged Train Loss: 1.3068
2025-09-14 23:36:27,448 - Test Accurancy: 0.5144
2025-09-14 23:36:27,448 - Attack Success Rate: 0.3422
2025-09-14 23:36:36,077 - DPD clipping bound C_t: 0.43624599277973175
2025-09-14 23:36:36,081 - DPD noise norm:34.796661376953125
2025-09-14 23:36:36,088 - Round number: 62 --------------------------
2025-09-14 23:36:36,089 - Evaluate global model
2025-09-14 23:36:39,084 - Averaged Train Loss: 1.3260
2025-09-14 23:36:39,085 - Test Accurancy: 0.5107
2025-09-14 23:36:39,085 - Attack Success Rate: 0.3306
2025-09-14 23:36:47,496 - DPD clipping bound C_t: 0.4302096664905548
2025-09-14 23:36:47,498 - DPD noise norm:34.33289337158203
2025-09-14 23:36:47,506 - Round number: 63 --------------------------
2025-09-14 23:36:47,506 - Evaluate global model
2025-09-14 23:36:50,563 - Averaged Train Loss: 1.2973
2025-09-14 23:36:50,563 - Test Accurancy: 0.5134
2025-09-14 23:36:50,563 - Attack Success Rate: 0.3135
2025-09-14 23:36:59,065 - DPD clipping bound C_t: 0.42373450100421906
2025-09-14 23:36:59,068 - DPD noise norm:33.77020263671875
2025-09-14 23:36:59,076 - Round number: 64 --------------------------
2025-09-14 23:36:59,076 - Evaluate global model
2025-09-14 23:37:02,128 - Averaged Train Loss: 1.3084
2025-09-14 23:37:02,128 - Test Accurancy: 0.5116
2025-09-14 23:37:02,128 - Attack Success Rate: 0.3743
2025-09-14 23:37:10,641 - DPD clipping bound C_t: 0.4217197746038437
2025-09-14 23:37:10,643 - DPD noise norm:33.60602569580078
2025-09-14 23:37:10,651 - Round number: 65 --------------------------
2025-09-14 23:37:10,651 - Evaluate global model
2025-09-14 23:37:13,735 - Averaged Train Loss: 1.3174
2025-09-14 23:37:13,736 - Test Accurancy: 0.5162
2025-09-14 23:37:13,736 - Attack Success Rate: 0.2951
2025-09-14 23:37:22,241 - DPD clipping bound C_t: 0.4140406548976898
2025-09-14 23:37:22,245 - DPD noise norm:32.99726867675781
2025-09-14 23:37:22,253 - Round number: 66 --------------------------
2025-09-14 23:37:22,253 - Evaluate global model
2025-09-14 23:37:25,372 - Averaged Train Loss: 1.3052
2025-09-14 23:37:25,372 - Test Accurancy: 0.5157
2025-09-14 23:37:25,373 - Attack Success Rate: 0.2609
2025-09-14 23:37:33,811 - DPD clipping bound C_t: 0.41394735872745514
2025-09-14 23:37:33,815 - DPD noise norm:32.949161529541016
2025-09-14 23:37:33,823 - Round number: 67 --------------------------
2025-09-14 23:37:33,823 - Evaluate global model
2025-09-14 23:37:36,916 - Averaged Train Loss: 1.2948
2025-09-14 23:37:36,916 - Test Accurancy: 0.5140
2025-09-14 23:37:36,916 - Attack Success Rate: 0.3490
2025-09-14 23:37:45,448 - DPD clipping bound C_t: 0.4099729061126709
2025-09-14 23:37:45,453 - DPD noise norm:32.65627670288086
2025-09-14 23:37:45,460 - Round number: 68 --------------------------
2025-09-14 23:37:45,460 - Evaluate global model
2025-09-14 23:37:48,549 - Averaged Train Loss: 1.2915
2025-09-14 23:37:48,549 - Test Accurancy: 0.5223
2025-09-14 23:37:48,549 - Attack Success Rate: 0.2664
2025-09-14 23:37:57,080 - DPD clipping bound C_t: 0.4082740992307663
2025-09-14 23:37:57,084 - DPD noise norm:32.52519989013672
2025-09-14 23:37:57,092 - Round number: 69 --------------------------
2025-09-14 23:37:57,092 - Evaluate global model
2025-09-14 23:38:00,275 - Averaged Train Loss: 1.2967
2025-09-14 23:38:00,275 - Test Accurancy: 0.5104
2025-09-14 23:38:00,275 - Attack Success Rate: 0.3682
2025-09-14 23:38:08,768 - DPD clipping bound C_t: 0.3963222950696945
2025-09-14 23:38:08,771 - DPD noise norm:31.579605102539062
2025-09-14 23:38:08,779 - Round number: 70 --------------------------
2025-09-14 23:38:08,779 - Evaluate global model
2025-09-14 23:38:11,894 - Averaged Train Loss: 1.2927
2025-09-14 23:38:11,894 - Test Accurancy: 0.5140
2025-09-14 23:38:11,894 - Attack Success Rate: 0.3197
2025-09-14 23:38:20,316 - DPD clipping bound C_t: 0.3930690288543701
2025-09-14 23:38:20,319 - DPD noise norm:31.318925857543945
2025-09-14 23:38:20,327 - Round number: 71 --------------------------
2025-09-14 23:38:20,327 - Evaluate global model
2025-09-14 23:38:23,553 - Averaged Train Loss: 1.2960
2025-09-14 23:38:23,554 - Test Accurancy: 0.5112
2025-09-14 23:38:23,554 - Attack Success Rate: 0.3504
2025-09-14 23:38:31,748 - DPD clipping bound C_t: 0.3910726308822632
2025-09-14 23:38:31,752 - DPD noise norm:31.137928009033203
2025-09-14 23:38:31,760 - Round number: 72 --------------------------
2025-09-14 23:38:31,760 - Evaluate global model
2025-09-14 23:38:35,102 - Averaged Train Loss: 1.2790
2025-09-14 23:38:35,102 - Test Accurancy: 0.5193
2025-09-14 23:38:35,102 - Attack Success Rate: 0.3108
2025-09-14 23:38:43,340 - DPD clipping bound C_t: 0.3848839998245239
2025-09-14 23:38:43,343 - DPD noise norm:30.71204376220703
2025-09-14 23:38:43,351 - Round number: 73 --------------------------
2025-09-14 23:38:43,351 - Evaluate global model
2025-09-14 23:38:46,719 - Averaged Train Loss: 1.2868
2025-09-14 23:38:46,719 - Test Accurancy: 0.5169
2025-09-14 23:38:46,719 - Attack Success Rate: 0.2971
2025-09-14 23:38:54,705 - DPD clipping bound C_t: 0.3800130784511566
2025-09-14 23:38:54,709 - DPD noise norm:30.271162033081055
2025-09-14 23:38:54,717 - Round number: 74 --------------------------
2025-09-14 23:38:54,717 - Evaluate global model
2025-09-14 23:38:58,228 - Averaged Train Loss: 1.3080
2025-09-14 23:38:58,229 - Test Accurancy: 0.5142
2025-09-14 23:38:58,229 - Attack Success Rate: 0.2548
2025-09-14 23:39:06,359 - DPD clipping bound C_t: 0.3766857385635376
2025-09-14 23:39:06,364 - DPD noise norm:30.036983489990234
2025-09-14 23:39:06,372 - Round number: 75 --------------------------
2025-09-14 23:39:06,372 - Evaluate global model
2025-09-14 23:39:09,912 - Averaged Train Loss: 1.2769
2025-09-14 23:39:09,912 - Test Accurancy: 0.5255
2025-09-14 23:39:09,912 - Attack Success Rate: 0.2411
2025-09-14 23:39:17,893 - DPD clipping bound C_t: 0.3744124472141266
2025-09-14 23:39:17,897 - DPD noise norm:29.881580352783203
2025-09-14 23:39:17,905 - Round number: 76 --------------------------
2025-09-14 23:39:17,905 - Evaluate global model
2025-09-14 23:39:21,509 - Averaged Train Loss: 1.2659
2025-09-14 23:39:21,509 - Test Accurancy: 0.5256
2025-09-14 23:39:21,509 - Attack Success Rate: 0.2404
2025-09-14 23:39:29,370 - DPD clipping bound C_t: 0.3673209100961685
2025-09-14 23:39:29,373 - DPD noise norm:29.254241943359375
2025-09-14 23:39:29,381 - Round number: 77 --------------------------
2025-09-14 23:39:29,381 - Evaluate global model
2025-09-14 23:39:33,085 - Averaged Train Loss: 1.2712
2025-09-14 23:39:33,085 - Test Accurancy: 0.5260
2025-09-14 23:39:33,085 - Attack Success Rate: 0.3279
2025-09-14 23:39:41,109 - DPD clipping bound C_t: 0.36645105481147766
2025-09-14 23:39:41,112 - DPD noise norm:29.143665313720703
2025-09-14 23:39:41,120 - Round number: 78 --------------------------
2025-09-14 23:39:41,120 - Evaluate global model
2025-09-14 23:39:44,811 - Averaged Train Loss: 1.2438
2025-09-14 23:39:44,811 - Test Accurancy: 0.5337
2025-09-14 23:39:44,811 - Attack Success Rate: 0.2097
2025-09-14 23:39:52,753 - DPD clipping bound C_t: 0.36036403477191925
2025-09-14 23:39:52,755 - DPD noise norm:28.72694969177246
2025-09-14 23:39:52,763 - Round number: 79 --------------------------
2025-09-14 23:39:52,763 - Evaluate global model
2025-09-14 23:39:56,468 - Averaged Train Loss: 1.2560
2025-09-14 23:39:56,468 - Test Accurancy: 0.5334
2025-09-14 23:39:56,468 - Attack Success Rate: 0.2684
2025-09-14 23:40:04,228 - DPD clipping bound C_t: 0.35424990952014923
2025-09-14 23:40:04,231 - DPD noise norm:28.21025848388672
2025-09-14 23:40:04,239 - Round number: 80 --------------------------
2025-09-14 23:40:04,239 - Evaluate global model
2025-09-14 23:40:07,991 - Averaged Train Loss: 1.2716
2025-09-14 23:40:07,991 - Test Accurancy: 0.5269
2025-09-14 23:40:07,991 - Attack Success Rate: 0.3046
2025-09-14 23:40:15,840 - DPD clipping bound C_t: 0.3524715304374695
2025-09-14 23:40:15,844 - DPD noise norm:28.078834533691406
2025-09-14 23:40:15,852 - Round number: 81 --------------------------
2025-09-14 23:40:15,852 - Evaluate global model
2025-09-14 23:40:19,614 - Averaged Train Loss: 1.2584
2025-09-14 23:40:19,615 - Test Accurancy: 0.5306
2025-09-14 23:40:19,615 - Attack Success Rate: 0.3101
2025-09-14 23:40:27,445 - DPD clipping bound C_t: 0.34654800593852997
2025-09-14 23:40:27,447 - DPD noise norm:27.607248306274414
2025-09-14 23:40:27,455 - Round number: 82 --------------------------
2025-09-14 23:40:27,455 - Evaluate global model
2025-09-14 23:40:31,234 - Averaged Train Loss: 1.2735
2025-09-14 23:40:31,234 - Test Accurancy: 0.5283
2025-09-14 23:40:31,234 - Attack Success Rate: 0.2787
2025-09-14 23:40:38,997 - DPD clipping bound C_t: 0.34069550037384033
2025-09-14 23:40:39,000 - DPD noise norm:27.148143768310547
2025-09-14 23:40:39,008 - Round number: 83 --------------------------
2025-09-14 23:40:39,008 - Evaluate global model
2025-09-14 23:40:42,808 - Averaged Train Loss: 1.2367
2025-09-14 23:40:42,808 - Test Accurancy: 0.5364
2025-09-14 23:40:42,808 - Attack Success Rate: 0.3354
2025-09-14 23:40:50,664 - DPD clipping bound C_t: 0.3376701772212982
2025-09-14 23:40:50,667 - DPD noise norm:26.877914428710938
2025-09-14 23:40:50,678 - Round number: 84 --------------------------
2025-09-14 23:40:50,678 - Evaluate global model
2025-09-14 23:40:54,374 - Averaged Train Loss: 1.2472
2025-09-14 23:40:54,374 - Test Accurancy: 0.5341
2025-09-14 23:40:54,374 - Attack Success Rate: 0.3094
2025-09-14 23:41:02,146 - DPD clipping bound C_t: 0.33468858897686005
2025-09-14 23:41:02,149 - DPD noise norm:26.65595245361328
2025-09-14 23:41:02,158 - Round number: 85 --------------------------
2025-09-14 23:41:02,158 - Evaluate global model
2025-09-14 23:41:05,826 - Averaged Train Loss: 1.2597
2025-09-14 23:41:05,826 - Test Accurancy: 0.5285
2025-09-14 23:41:05,826 - Attack Success Rate: 0.2493
2025-09-14 23:41:13,797 - DPD clipping bound C_t: 0.32862845063209534
2025-09-14 23:41:13,799 - DPD noise norm:26.223127365112305
2025-09-14 23:41:13,807 - Round number: 86 --------------------------
2025-09-14 23:41:13,807 - Evaluate global model
2025-09-14 23:41:17,467 - Averaged Train Loss: 1.2452
2025-09-14 23:41:17,468 - Test Accurancy: 0.5313
2025-09-14 23:41:17,468 - Attack Success Rate: 0.3327
2025-09-14 23:41:25,458 - DPD clipping bound C_t: 0.3246199041604996
2025-09-14 23:41:25,460 - DPD noise norm:25.865612030029297
2025-09-14 23:41:25,468 - Round number: 87 --------------------------
2025-09-14 23:41:25,468 - Evaluate global model
2025-09-14 23:41:29,092 - Averaged Train Loss: 1.2505
2025-09-14 23:41:29,093 - Test Accurancy: 0.5289
2025-09-14 23:41:29,093 - Attack Success Rate: 0.2835
2025-09-14 23:41:36,970 - DPD clipping bound C_t: 0.32547062635421753
2025-09-14 23:41:36,974 - DPD noise norm:25.904176712036133
2025-09-14 23:41:36,982 - Round number: 88 --------------------------
2025-09-14 23:41:36,982 - Evaluate global model
2025-09-14 23:41:40,568 - Averaged Train Loss: 1.2325
2025-09-14 23:41:40,568 - Test Accurancy: 0.5373
2025-09-14 23:41:40,568 - Attack Success Rate: 0.2541
2025-09-14 23:41:48,433 - DPD clipping bound C_t: 0.31834957003593445
2025-09-14 23:41:48,435 - DPD noise norm:25.338327407836914
2025-09-14 23:41:48,444 - Round number: 89 --------------------------
2025-09-14 23:41:48,444 - Evaluate global model
2025-09-14 23:41:52,002 - Averaged Train Loss: 1.2490
2025-09-14 23:41:52,002 - Test Accurancy: 0.5306
2025-09-14 23:41:52,002 - Attack Success Rate: 0.2240
2025-09-14 23:42:00,110 - DPD clipping bound C_t: 0.3144407421350479
2025-09-14 23:42:00,113 - DPD noise norm:25.04746437072754
2025-09-14 23:42:00,121 - Round number: 90 --------------------------
2025-09-14 23:42:00,121 - Evaluate global model
2025-09-14 23:42:03,581 - Averaged Train Loss: 1.2358
2025-09-14 23:42:03,581 - Test Accurancy: 0.5321
2025-09-14 23:42:03,581 - Attack Success Rate: 0.2753
2025-09-14 23:42:11,578 - DPD clipping bound C_t: 0.30952784419059753
2025-09-14 23:42:11,582 - DPD noise norm:24.656692504882812
2025-09-14 23:42:11,589 - Round number: 91 --------------------------
2025-09-14 23:42:11,590 - Evaluate global model
2025-09-14 23:42:14,928 - Averaged Train Loss: 1.2381
2025-09-14 23:42:14,928 - Test Accurancy: 0.5358
2025-09-14 23:42:14,928 - Attack Success Rate: 0.2637
2025-09-14 23:42:23,271 - DPD clipping bound C_t: 0.3074202239513397
2025-09-14 23:42:23,274 - DPD noise norm:24.511821746826172
2025-09-14 23:42:23,282 - Round number: 92 --------------------------
2025-09-14 23:42:23,282 - Evaluate global model
2025-09-14 23:42:26,582 - Averaged Train Loss: 1.2296
2025-09-14 23:42:26,582 - Test Accurancy: 0.5333
2025-09-14 23:42:26,583 - Attack Success Rate: 0.3395
2025-09-14 23:42:34,754 - DPD clipping bound C_t: 0.3031769096851349
2025-09-14 23:42:34,756 - DPD noise norm:24.124332427978516
2025-09-14 23:42:34,764 - Round number: 93 --------------------------
2025-09-14 23:42:34,764 - Evaluate global model
2025-09-14 23:42:38,086 - Averaged Train Loss: 1.2152
2025-09-14 23:42:38,086 - Test Accurancy: 0.5403
2025-09-14 23:42:38,086 - Attack Success Rate: 0.2445
2025-09-14 23:42:46,429 - DPD clipping bound C_t: 0.29896746575832367
2025-09-14 23:42:46,432 - DPD noise norm:23.82207679748535
2025-09-14 23:42:46,440 - Round number: 94 --------------------------
2025-09-14 23:42:46,440 - Evaluate global model
2025-09-14 23:42:49,695 - Averaged Train Loss: 1.2254
2025-09-14 23:42:49,695 - Test Accurancy: 0.5396
2025-09-14 23:42:49,695 - Attack Success Rate: 0.3074
2025-09-14 23:42:57,881 - DPD clipping bound C_t: 0.2963413596153259
2025-09-14 23:42:57,884 - DPD noise norm:23.65627670288086
2025-09-14 23:42:57,892 - Round number: 95 --------------------------
2025-09-14 23:42:57,892 - Evaluate global model
2025-09-14 23:43:01,094 - Averaged Train Loss: 1.2218
2025-09-14 23:43:01,094 - Test Accurancy: 0.5369
2025-09-14 23:43:01,094 - Attack Success Rate: 0.3108
2025-09-14 23:43:09,560 - DPD clipping bound C_t: 0.291602298617363
2025-09-14 23:43:09,564 - DPD noise norm:23.23822021484375
2025-09-14 23:43:09,572 - Round number: 96 --------------------------
2025-09-14 23:43:09,572 - Evaluate global model
2025-09-14 23:43:12,774 - Averaged Train Loss: 1.2363
2025-09-14 23:43:12,774 - Test Accurancy: 0.5339
2025-09-14 23:43:12,774 - Attack Success Rate: 0.3579
2025-09-14 23:43:21,088 - DPD clipping bound C_t: 0.2889567017555237
2025-09-14 23:43:21,091 - DPD noise norm:23.01003074645996
2025-09-14 23:43:21,099 - Round number: 97 --------------------------
2025-09-14 23:43:21,099 - Evaluate global model
2025-09-14 23:43:24,235 - Averaged Train Loss: 1.2306
2025-09-14 23:43:24,235 - Test Accurancy: 0.5359
2025-09-14 23:43:24,236 - Attack Success Rate: 0.2766
2025-09-14 23:43:32,614 - DPD clipping bound C_t: 0.2894878685474396
2025-09-14 23:43:32,617 - DPD noise norm:23.078876495361328
2025-09-14 23:43:32,625 - Round number: 98 --------------------------
2025-09-14 23:43:32,625 - Evaluate global model
2025-09-14 23:43:35,726 - Averaged Train Loss: 1.2175
2025-09-14 23:43:35,726 - Test Accurancy: 0.5457
2025-09-14 23:43:35,726 - Attack Success Rate: 0.3053
2025-09-14 23:43:44,215 - DPD clipping bound C_t: 0.2802419662475586
2025-09-14 23:43:44,218 - DPD noise norm:22.329181671142578
2025-09-14 23:43:44,226 - Round number: 99 --------------------------
2025-09-14 23:43:44,226 - Evaluate global model
2025-09-14 23:43:47,366 - Averaged Train Loss: 1.2316
2025-09-14 23:43:47,366 - Test Accurancy: 0.5403
2025-09-14 23:43:47,366 - Attack Success Rate: 0.3033
2025-09-14 23:43:55,604 - DPD clipping bound C_t: 0.2786678969860077
2025-09-14 23:43:55,608 - DPD noise norm:22.228988647460938
2025-09-14 23:43:55,616 - Round number: 100 --------------------------
2025-09-14 23:43:55,616 - Evaluate global model
2025-09-14 23:43:57,728 - Averaged Train Loss: 1.2340
2025-09-14 23:43:57,729 - Test Accurancy: 0.5393
2025-09-14 23:43:57,729 - Attack Success Rate: 0.2910
2025-09-14 23:44:03,096 - DPD clipping bound C_t: 0.2793873995542526
2025-09-14 23:44:03,099 - DPD noise norm:22.261995315551758
2025-09-14 23:44:03,100 - Run over
2025-09-14 23:44:03,100 - Saving results to ./exp/exp2/Cifar10/0.09.h5
2025-09-14 23:44:03,103 - Best accuracy: 0.5456543456543457
2025-09-14 23:44:03,103 - Average time cost per round: 11.53162850856781
