2025-09-14 01:15:32,726 - *****************EXP-1*****************
2025-09-14 01:15:32,726 - Exp repeats: 1
2025-09-14 01:15:32,727 - Communication Rounds: 100
2025-09-14 01:15:32,727 - Clients: 40

2025-09-14 01:15:32,727 - Attack method: scale
2025-09-14 01:15:32,727 - Filtering rule: dpd
2025-09-14 01:15:32,727 - Dataset: Cifar10
2025-09-14 01:15:32,727 - Model: cnn2
2025-09-14 01:15:32,727 - Learning Rate: 0.04
2025-09-14 01:15:32,727 - Batch Size: 64
2025-09-14 01:15:32,727 - Device: cuda
2025-09-14 01:15:32,727 - Device id: 0
2025-09-14 01:15:32,728 - DPD clipping strategy: high
2025-09-14 01:15:32,728 - DPD noise level: 0.0
2025-09-14 01:15:32,728 - Adversaries: 8
2025-09-14 01:15:32,728 - Targeted Label Flipping: 4-->6
2025-09-14 01:15:32,728 - *****************EXP-1*****************
2025-09-14 01:15:33,541 - Running time: 0th ==========================
2025-09-14 01:15:44,407 - Round number: 0 --------------------------
2025-09-14 01:15:44,408 - Evaluate global model
2025-09-14 01:15:53,052 - Averaged Train Loss: 2.3056
2025-09-14 01:15:53,056 - Test Accurancy: 0.0977
2025-09-14 01:15:53,056 - Attack Success Rate: 0.0000
2025-09-14 01:16:04,465 - DPD clipping bound C_t: 4
2025-09-14 01:16:04,496 - DPD noise norm:0.0
2025-09-14 01:16:04,520 - Round number: 1 --------------------------
2025-09-14 01:16:04,520 - Evaluate global model
2025-09-14 01:16:09,464 - Averaged Train Loss: 2.2442
2025-09-14 01:16:09,464 - Test Accurancy: 0.1723
2025-09-14 01:16:09,465 - Attack Success Rate: 0.2360
2025-09-14 01:16:19,773 - DPD clipping bound C_t: 4
2025-09-14 01:16:19,779 - DPD noise norm:0.0
2025-09-14 01:16:19,804 - Round number: 2 --------------------------
2025-09-14 01:16:19,804 - Evaluate global model
2025-09-14 01:16:24,402 - Averaged Train Loss: 2.1113
2025-09-14 01:16:24,405 - Test Accurancy: 0.2000
2025-09-14 01:16:24,405 - Attack Success Rate: 0.7407
2025-09-14 01:16:34,585 - DPD clipping bound C_t: 4
2025-09-14 01:16:34,590 - DPD noise norm:0.0
2025-09-14 01:16:34,610 - Round number: 3 --------------------------
2025-09-14 01:16:34,610 - Evaluate global model
2025-09-14 01:16:39,801 - Averaged Train Loss: 2.0370
2025-09-14 01:16:39,805 - Test Accurancy: 0.2287
2025-09-14 01:16:39,805 - Attack Success Rate: 0.7127
2025-09-14 01:16:49,917 - DPD clipping bound C_t: 4
2025-09-14 01:16:49,923 - DPD noise norm:0.0
2025-09-14 01:16:49,939 - Round number: 4 --------------------------
2025-09-14 01:16:49,940 - Evaluate global model
2025-09-14 01:16:55,313 - Averaged Train Loss: 1.9817
2025-09-14 01:16:55,314 - Test Accurancy: 0.2603
2025-09-14 01:16:55,314 - Attack Success Rate: 0.6500
2025-09-14 01:17:04,703 - DPD clipping bound C_t: 4
2025-09-14 01:17:04,710 - DPD noise norm:0.0
2025-09-14 01:17:04,729 - Round number: 5 --------------------------
2025-09-14 01:17:04,730 - Evaluate global model
2025-09-14 01:17:10,035 - Averaged Train Loss: 1.9253
2025-09-14 01:17:10,037 - Test Accurancy: 0.2947
2025-09-14 01:17:10,037 - Attack Success Rate: 0.6707
2025-09-14 01:17:19,619 - DPD clipping bound C_t: 4
2025-09-14 01:17:19,628 - DPD noise norm:0.0
2025-09-14 01:17:19,653 - Round number: 6 --------------------------
2025-09-14 01:17:19,653 - Evaluate global model
2025-09-14 01:17:24,997 - Averaged Train Loss: 1.8913
2025-09-14 01:17:25,000 - Test Accurancy: 0.3111
2025-09-14 01:17:25,001 - Attack Success Rate: 0.5773
2025-09-14 01:17:34,979 - DPD clipping bound C_t: 4
2025-09-14 01:17:34,986 - DPD noise norm:0.0
2025-09-14 01:17:35,009 - Round number: 7 --------------------------
2025-09-14 01:17:35,010 - Evaluate global model
2025-09-14 01:17:40,709 - Averaged Train Loss: 1.8503
2025-09-14 01:17:40,711 - Test Accurancy: 0.3343
2025-09-14 01:17:40,711 - Attack Success Rate: 0.5027
2025-09-14 01:17:50,588 - DPD clipping bound C_t: 4
2025-09-14 01:17:50,603 - DPD noise norm:0.0
2025-09-14 01:17:50,625 - Round number: 8 --------------------------
2025-09-14 01:17:50,625 - Evaluate global model
2025-09-14 01:17:56,045 - Averaged Train Loss: 1.8163
2025-09-14 01:17:56,046 - Test Accurancy: 0.3485
2025-09-14 01:17:56,046 - Attack Success Rate: 0.4380
2025-09-14 01:18:06,514 - DPD clipping bound C_t: 4
2025-09-14 01:18:06,521 - DPD noise norm:0.0
2025-09-14 01:18:06,538 - Round number: 9 --------------------------
2025-09-14 01:18:06,538 - Evaluate global model
2025-09-14 01:18:11,869 - Averaged Train Loss: 1.7828
2025-09-14 01:18:11,870 - Test Accurancy: 0.3584
2025-09-14 01:18:11,870 - Attack Success Rate: 0.4693
2025-09-14 01:18:21,469 - DPD clipping bound C_t: 4
2025-09-14 01:18:21,475 - DPD noise norm:0.0
2025-09-14 01:18:21,497 - Round number: 10 --------------------------
2025-09-14 01:18:21,497 - Evaluate global model
2025-09-14 01:18:26,567 - Averaged Train Loss: 1.7445
2025-09-14 01:18:26,570 - Test Accurancy: 0.3761
2025-09-14 01:18:26,570 - Attack Success Rate: 0.4020
2025-09-14 01:18:35,994 - DPD clipping bound C_t: 4
2025-09-14 01:18:35,998 - DPD noise norm:0.0
2025-09-14 01:18:36,016 - Round number: 11 --------------------------
2025-09-14 01:18:36,016 - Evaluate global model
2025-09-14 01:18:40,747 - Averaged Train Loss: 1.7182
2025-09-14 01:18:40,748 - Test Accurancy: 0.3837
2025-09-14 01:18:40,749 - Attack Success Rate: 0.4407
2025-09-14 01:18:50,418 - DPD clipping bound C_t: 4
2025-09-14 01:18:50,423 - DPD noise norm:0.0
2025-09-14 01:18:50,439 - Round number: 12 --------------------------
2025-09-14 01:18:50,439 - Evaluate global model
2025-09-14 01:18:55,781 - Averaged Train Loss: 1.6876
2025-09-14 01:18:55,783 - Test Accurancy: 0.3957
2025-09-14 01:18:55,783 - Attack Success Rate: 0.3653
2025-09-14 01:19:04,769 - DPD clipping bound C_t: 4
2025-09-14 01:19:04,773 - DPD noise norm:0.0
2025-09-14 01:19:04,794 - Round number: 13 --------------------------
2025-09-14 01:19:04,795 - Evaluate global model
2025-09-14 01:19:09,392 - Averaged Train Loss: 1.6610
2025-09-14 01:19:09,392 - Test Accurancy: 0.4029
2025-09-14 01:19:09,393 - Attack Success Rate: 0.3500
2025-09-14 01:19:19,157 - DPD clipping bound C_t: 4
2025-09-14 01:19:19,162 - DPD noise norm:0.0
2025-09-14 01:19:19,180 - Round number: 14 --------------------------
2025-09-14 01:19:19,180 - Evaluate global model
2025-09-14 01:19:24,721 - Averaged Train Loss: 1.6302
2025-09-14 01:19:24,723 - Test Accurancy: 0.4111
2025-09-14 01:19:24,723 - Attack Success Rate: 0.3767
2025-09-14 01:19:34,427 - DPD clipping bound C_t: 4
2025-09-14 01:19:34,432 - DPD noise norm:0.0
2025-09-14 01:19:34,455 - Round number: 15 --------------------------
2025-09-14 01:19:34,456 - Evaluate global model
2025-09-14 01:19:40,065 - Averaged Train Loss: 1.6116
2025-09-14 01:19:40,067 - Test Accurancy: 0.4163
2025-09-14 01:19:40,067 - Attack Success Rate: 0.3813
2025-09-14 01:19:50,337 - DPD clipping bound C_t: 4
2025-09-14 01:19:50,344 - DPD noise norm:0.0
2025-09-14 01:19:50,363 - Round number: 16 --------------------------
2025-09-14 01:19:50,363 - Evaluate global model
2025-09-14 01:19:55,395 - Averaged Train Loss: 1.5798
2025-09-14 01:19:55,397 - Test Accurancy: 0.4272
2025-09-14 01:19:55,397 - Attack Success Rate: 0.3780
2025-09-14 01:20:05,558 - DPD clipping bound C_t: 4
2025-09-14 01:20:05,563 - DPD noise norm:0.0
2025-09-14 01:20:05,578 - Round number: 17 --------------------------
2025-09-14 01:20:05,578 - Evaluate global model
2025-09-14 01:20:10,201 - Averaged Train Loss: 1.5592
2025-09-14 01:20:10,202 - Test Accurancy: 0.4339
2025-09-14 01:20:10,202 - Attack Success Rate: 0.3660
2025-09-14 01:20:19,178 - DPD clipping bound C_t: 4
2025-09-14 01:20:19,184 - DPD noise norm:0.0
2025-09-14 01:20:19,205 - Round number: 18 --------------------------
2025-09-14 01:20:19,206 - Evaluate global model
2025-09-14 01:20:24,606 - Averaged Train Loss: 1.5423
2025-09-14 01:20:24,607 - Test Accurancy: 0.4383
2025-09-14 01:20:24,607 - Attack Success Rate: 0.3487
2025-09-14 01:20:34,188 - DPD clipping bound C_t: 4
2025-09-14 01:20:34,202 - DPD noise norm:0.0
2025-09-14 01:20:34,221 - Round number: 19 --------------------------
2025-09-14 01:20:34,221 - Evaluate global model
2025-09-14 01:20:39,896 - Averaged Train Loss: 1.5222
2025-09-14 01:20:39,897 - Test Accurancy: 0.4448
2025-09-14 01:20:39,897 - Attack Success Rate: 0.3293
2025-09-14 01:20:49,883 - DPD clipping bound C_t: 4
2025-09-14 01:20:49,888 - DPD noise norm:0.0
2025-09-14 01:20:49,908 - Round number: 20 --------------------------
2025-09-14 01:20:49,908 - Evaluate global model
2025-09-14 01:20:55,360 - Averaged Train Loss: 1.5122
2025-09-14 01:20:55,363 - Test Accurancy: 0.4450
2025-09-14 01:20:55,363 - Attack Success Rate: 0.3567
2025-09-14 01:21:05,378 - DPD clipping bound C_t: 4
2025-09-14 01:21:05,384 - DPD noise norm:0.0
2025-09-14 01:21:05,405 - Round number: 21 --------------------------
2025-09-14 01:21:05,405 - Evaluate global model
2025-09-14 01:21:11,160 - Averaged Train Loss: 1.4939
2025-09-14 01:21:11,162 - Test Accurancy: 0.4551
2025-09-14 01:21:11,162 - Attack Success Rate: 0.3120
2025-09-14 01:21:21,160 - DPD clipping bound C_t: 4
2025-09-14 01:21:21,174 - DPD noise norm:0.0
2025-09-14 01:21:21,199 - Round number: 22 --------------------------
2025-09-14 01:21:21,199 - Evaluate global model
2025-09-14 01:21:26,934 - Averaged Train Loss: 1.4735
2025-09-14 01:21:26,937 - Test Accurancy: 0.4601
2025-09-14 01:21:26,937 - Attack Success Rate: 0.3507
2025-09-14 01:21:36,532 - DPD clipping bound C_t: 4
2025-09-14 01:21:36,537 - DPD noise norm:0.0
2025-09-14 01:21:36,556 - Round number: 23 --------------------------
2025-09-14 01:21:36,556 - Evaluate global model
2025-09-14 01:21:42,486 - Averaged Train Loss: 1.4657
2025-09-14 01:21:42,488 - Test Accurancy: 0.4632
2025-09-14 01:21:42,488 - Attack Success Rate: 0.3360
2025-09-14 01:21:52,162 - DPD clipping bound C_t: 4
2025-09-14 01:21:52,169 - DPD noise norm:0.0
2025-09-14 01:21:52,189 - Round number: 24 --------------------------
2025-09-14 01:21:52,190 - Evaluate global model
2025-09-14 01:21:58,203 - Averaged Train Loss: 1.4536
2025-09-14 01:21:58,204 - Test Accurancy: 0.4637
2025-09-14 01:21:58,204 - Attack Success Rate: 0.3540
2025-09-14 01:22:08,462 - DPD clipping bound C_t: 4
2025-09-14 01:22:08,469 - DPD noise norm:0.0
2025-09-14 01:22:08,483 - Round number: 25 --------------------------
2025-09-14 01:22:08,484 - Evaluate global model
2025-09-14 01:22:13,861 - Averaged Train Loss: 1.4491
2025-09-14 01:22:13,861 - Test Accurancy: 0.4666
2025-09-14 01:22:13,861 - Attack Success Rate: 0.3227
2025-09-14 01:22:21,580 - DPD clipping bound C_t: 4
2025-09-14 01:22:21,586 - DPD noise norm:0.0
2025-09-14 01:22:21,605 - Round number: 26 --------------------------
2025-09-14 01:22:21,606 - Evaluate global model
2025-09-14 01:22:27,250 - Averaged Train Loss: 1.4330
2025-09-14 01:22:27,251 - Test Accurancy: 0.4715
2025-09-14 01:22:27,251 - Attack Success Rate: 0.3307
2025-09-14 01:22:35,140 - DPD clipping bound C_t: 4
2025-09-14 01:22:35,145 - DPD noise norm:0.0
2025-09-14 01:22:35,158 - Round number: 27 --------------------------
2025-09-14 01:22:35,158 - Evaluate global model
2025-09-14 01:22:40,082 - Averaged Train Loss: 1.4206
2025-09-14 01:22:40,084 - Test Accurancy: 0.4764
2025-09-14 01:22:40,084 - Attack Success Rate: 0.3287
2025-09-14 01:22:49,983 - DPD clipping bound C_t: 4
2025-09-14 01:22:49,987 - DPD noise norm:0.0
2025-09-14 01:22:50,000 - Round number: 28 --------------------------
2025-09-14 01:22:50,000 - Evaluate global model
2025-09-14 01:22:55,836 - Averaged Train Loss: 1.4162
2025-09-14 01:22:55,839 - Test Accurancy: 0.4775
2025-09-14 01:22:55,839 - Attack Success Rate: 0.3213
2025-09-14 01:23:06,260 - DPD clipping bound C_t: 4
2025-09-14 01:23:06,273 - DPD noise norm:0.0
2025-09-14 01:23:06,293 - Round number: 29 --------------------------
2025-09-14 01:23:06,293 - Evaluate global model
2025-09-14 01:23:12,530 - Averaged Train Loss: 1.3998
2025-09-14 01:23:12,531 - Test Accurancy: 0.4852
2025-09-14 01:23:12,531 - Attack Success Rate: 0.3320
2025-09-14 01:23:21,929 - DPD clipping bound C_t: 4
2025-09-14 01:23:21,935 - DPD noise norm:0.0
2025-09-14 01:23:21,954 - Round number: 30 --------------------------
2025-09-14 01:23:21,954 - Evaluate global model
2025-09-14 01:23:27,393 - Averaged Train Loss: 1.3893
2025-09-14 01:23:27,393 - Test Accurancy: 0.4888
2025-09-14 01:23:27,393 - Attack Success Rate: 0.3220
2025-09-14 01:23:37,447 - DPD clipping bound C_t: 4
2025-09-14 01:23:37,452 - DPD noise norm:0.0
2025-09-14 01:23:37,470 - Round number: 31 --------------------------
2025-09-14 01:23:37,470 - Evaluate global model
2025-09-14 01:23:42,799 - Averaged Train Loss: 1.3854
2025-09-14 01:23:42,801 - Test Accurancy: 0.4916
2025-09-14 01:23:42,801 - Attack Success Rate: 0.3053
2025-09-14 01:23:52,845 - DPD clipping bound C_t: 4
2025-09-14 01:23:52,849 - DPD noise norm:0.0
2025-09-14 01:23:52,863 - Round number: 32 --------------------------
2025-09-14 01:23:52,863 - Evaluate global model
2025-09-14 01:23:57,926 - Averaged Train Loss: 1.3719
2025-09-14 01:23:57,928 - Test Accurancy: 0.4977
2025-09-14 01:23:57,928 - Attack Success Rate: 0.3053
2025-09-14 01:24:08,276 - DPD clipping bound C_t: 4
2025-09-14 01:24:08,282 - DPD noise norm:0.0
2025-09-14 01:24:08,301 - Round number: 33 --------------------------
2025-09-14 01:24:08,301 - Evaluate global model
2025-09-14 01:24:13,471 - Averaged Train Loss: 1.3649
2025-09-14 01:24:13,473 - Test Accurancy: 0.4984
2025-09-14 01:24:13,473 - Attack Success Rate: 0.3193
2025-09-14 01:24:23,202 - DPD clipping bound C_t: 4
2025-09-14 01:24:23,206 - DPD noise norm:0.0
2025-09-14 01:24:23,220 - Round number: 34 --------------------------
2025-09-14 01:24:23,221 - Evaluate global model
2025-09-14 01:24:28,340 - Averaged Train Loss: 1.3552
2025-09-14 01:24:28,342 - Test Accurancy: 0.5023
2025-09-14 01:24:28,342 - Attack Success Rate: 0.3047
2025-09-14 01:24:38,193 - DPD clipping bound C_t: 4
2025-09-14 01:24:38,199 - DPD noise norm:0.0
2025-09-14 01:24:38,223 - Round number: 35 --------------------------
2025-09-14 01:24:38,223 - Evaluate global model
2025-09-14 01:24:44,095 - Averaged Train Loss: 1.3512
2025-09-14 01:24:44,096 - Test Accurancy: 0.5023
2025-09-14 01:24:44,096 - Attack Success Rate: 0.3060
2025-09-14 01:24:53,907 - DPD clipping bound C_t: 4
2025-09-14 01:24:53,914 - DPD noise norm:0.0
2025-09-14 01:24:53,932 - Round number: 36 --------------------------
2025-09-14 01:24:53,932 - Evaluate global model
2025-09-14 01:24:59,175 - Averaged Train Loss: 1.3438
2025-09-14 01:24:59,176 - Test Accurancy: 0.5052
2025-09-14 01:24:59,176 - Attack Success Rate: 0.3147
2025-09-14 01:25:08,974 - DPD clipping bound C_t: 4
2025-09-14 01:25:08,982 - DPD noise norm:0.0
2025-09-14 01:25:09,003 - Round number: 37 --------------------------
2025-09-14 01:25:09,004 - Evaluate global model
2025-09-14 01:25:14,239 - Averaged Train Loss: 1.3398
2025-09-14 01:25:14,239 - Test Accurancy: 0.5094
2025-09-14 01:25:14,239 - Attack Success Rate: 0.2740
2025-09-14 01:25:23,432 - DPD clipping bound C_t: 4
2025-09-14 01:25:23,438 - DPD noise norm:0.0
2025-09-14 01:25:23,469 - Round number: 38 --------------------------
2025-09-14 01:25:23,469 - Evaluate global model
2025-09-14 01:25:28,715 - Averaged Train Loss: 1.3293
2025-09-14 01:25:28,716 - Test Accurancy: 0.5106
2025-09-14 01:25:28,716 - Attack Success Rate: 0.2933
2025-09-14 01:25:37,662 - DPD clipping bound C_t: 4
2025-09-14 01:25:37,669 - DPD noise norm:0.0
2025-09-14 01:25:37,691 - Round number: 39 --------------------------
2025-09-14 01:25:37,691 - Evaluate global model
2025-09-14 01:25:42,969 - Averaged Train Loss: 1.3249
2025-09-14 01:25:42,971 - Test Accurancy: 0.5098
2025-09-14 01:25:42,971 - Attack Success Rate: 0.3060
2025-09-14 01:25:52,462 - DPD clipping bound C_t: 4
2025-09-14 01:25:52,469 - DPD noise norm:0.0
2025-09-14 01:25:52,486 - Round number: 40 --------------------------
2025-09-14 01:25:52,486 - Evaluate global model
2025-09-14 01:25:57,580 - Averaged Train Loss: 1.3162
2025-09-14 01:25:57,581 - Test Accurancy: 0.5154
2025-09-14 01:25:57,581 - Attack Success Rate: 0.2847
2025-09-14 01:26:06,776 - DPD clipping bound C_t: 4
2025-09-14 01:26:06,780 - DPD noise norm:0.0
2025-09-14 01:26:06,799 - Round number: 41 --------------------------
2025-09-14 01:26:06,800 - Evaluate global model
2025-09-14 01:26:11,990 - Averaged Train Loss: 1.3115
2025-09-14 01:26:11,991 - Test Accurancy: 0.5152
2025-09-14 01:26:11,991 - Attack Success Rate: 0.3060
2025-09-14 01:26:21,662 - DPD clipping bound C_t: 4
2025-09-14 01:26:21,667 - DPD noise norm:0.0
2025-09-14 01:26:21,684 - Round number: 42 --------------------------
2025-09-14 01:26:21,684 - Evaluate global model
2025-09-14 01:26:26,956 - Averaged Train Loss: 1.3050
2025-09-14 01:26:26,958 - Test Accurancy: 0.5166
2025-09-14 01:26:26,958 - Attack Success Rate: 0.3320
2025-09-14 01:26:37,259 - DPD clipping bound C_t: 4
2025-09-14 01:26:37,265 - DPD noise norm:0.0
2025-09-14 01:26:37,285 - Round number: 43 --------------------------
2025-09-14 01:26:37,285 - Evaluate global model
2025-09-14 01:26:43,405 - Averaged Train Loss: 1.2972
2025-09-14 01:26:43,407 - Test Accurancy: 0.5212
2025-09-14 01:26:43,407 - Attack Success Rate: 0.2873
2025-09-14 01:26:52,475 - DPD clipping bound C_t: 4
2025-09-14 01:26:52,480 - DPD noise norm:0.0
2025-09-14 01:26:52,500 - Round number: 44 --------------------------
2025-09-14 01:26:52,500 - Evaluate global model
2025-09-14 01:26:58,331 - Averaged Train Loss: 1.2913
2025-09-14 01:26:58,333 - Test Accurancy: 0.5230
2025-09-14 01:26:58,333 - Attack Success Rate: 0.2953
2025-09-14 01:27:06,504 - DPD clipping bound C_t: 4
2025-09-14 01:27:06,509 - DPD noise norm:0.0
2025-09-14 01:27:06,523 - Round number: 45 --------------------------
2025-09-14 01:27:06,523 - Evaluate global model
2025-09-14 01:27:11,466 - Averaged Train Loss: 1.2839
2025-09-14 01:27:11,468 - Test Accurancy: 0.5245
2025-09-14 01:27:11,469 - Attack Success Rate: 0.2907
2025-09-14 01:27:21,324 - DPD clipping bound C_t: 4
2025-09-14 01:27:21,328 - DPD noise norm:0.0
2025-09-14 01:27:21,342 - Round number: 46 --------------------------
2025-09-14 01:27:21,342 - Evaluate global model
2025-09-14 01:27:25,788 - Averaged Train Loss: 1.2809
2025-09-14 01:27:25,788 - Test Accurancy: 0.5273
2025-09-14 01:27:25,789 - Attack Success Rate: 0.2827
2025-09-14 01:27:35,601 - DPD clipping bound C_t: 4
2025-09-14 01:27:35,607 - DPD noise norm:0.0
2025-09-14 01:27:35,626 - Round number: 47 --------------------------
2025-09-14 01:27:35,626 - Evaluate global model
2025-09-14 01:27:40,503 - Averaged Train Loss: 1.2751
2025-09-14 01:27:40,503 - Test Accurancy: 0.5305
2025-09-14 01:27:40,503 - Attack Success Rate: 0.2687
2025-09-14 01:27:49,257 - DPD clipping bound C_t: 4
2025-09-14 01:27:49,262 - DPD noise norm:0.0
2025-09-14 01:27:49,283 - Round number: 48 --------------------------
2025-09-14 01:27:49,284 - Evaluate global model
2025-09-14 01:27:54,718 - Averaged Train Loss: 1.2627
2025-09-14 01:27:54,719 - Test Accurancy: 0.5345
2025-09-14 01:27:54,719 - Attack Success Rate: 0.2693
2025-09-14 01:28:04,141 - DPD clipping bound C_t: 4
2025-09-14 01:28:04,149 - DPD noise norm:0.0
2025-09-14 01:28:04,173 - Round number: 49 --------------------------
2025-09-14 01:28:04,173 - Evaluate global model
2025-09-14 01:28:09,382 - Averaged Train Loss: 1.2653
2025-09-14 01:28:09,383 - Test Accurancy: 0.5278
2025-09-14 01:28:09,383 - Attack Success Rate: 0.2947
2025-09-14 01:28:19,022 - DPD clipping bound C_t: 4
2025-09-14 01:28:19,030 - DPD noise norm:0.0
2025-09-14 01:28:19,053 - Round number: 50 --------------------------
2025-09-14 01:28:19,053 - Evaluate global model
2025-09-14 01:28:24,431 - Averaged Train Loss: 1.2522
2025-09-14 01:28:24,432 - Test Accurancy: 0.5375
2025-09-14 01:28:24,432 - Attack Success Rate: 0.2880
2025-09-14 01:28:35,741 - DPD clipping bound C_t: 4
2025-09-14 01:28:35,747 - DPD noise norm:0.0
2025-09-14 01:28:35,770 - Round number: 51 --------------------------
2025-09-14 01:28:35,770 - Evaluate global model
2025-09-14 01:28:41,960 - Averaged Train Loss: 1.2531
2025-09-14 01:28:41,962 - Test Accurancy: 0.5350
2025-09-14 01:28:41,962 - Attack Success Rate: 0.2800
2025-09-14 01:28:52,436 - DPD clipping bound C_t: 4
2025-09-14 01:28:52,443 - DPD noise norm:0.0
2025-09-14 01:28:52,463 - Round number: 52 --------------------------
2025-09-14 01:28:52,463 - Evaluate global model
2025-09-14 01:28:57,816 - Averaged Train Loss: 1.2472
2025-09-14 01:28:57,818 - Test Accurancy: 0.5349
2025-09-14 01:28:57,818 - Attack Success Rate: 0.3047
2025-09-14 01:29:08,353 - DPD clipping bound C_t: 4
2025-09-14 01:29:08,364 - DPD noise norm:0.0
2025-09-14 01:29:08,396 - Round number: 53 --------------------------
2025-09-14 01:29:08,396 - Evaluate global model
2025-09-14 01:29:14,631 - Averaged Train Loss: 1.2371
2025-09-14 01:29:14,632 - Test Accurancy: 0.5415
2025-09-14 01:29:14,632 - Attack Success Rate: 0.2847
2025-09-14 01:29:24,142 - DPD clipping bound C_t: 4
2025-09-14 01:29:24,148 - DPD noise norm:0.0
2025-09-14 01:29:24,177 - Round number: 54 --------------------------
2025-09-14 01:29:24,177 - Evaluate global model
2025-09-14 01:29:30,178 - Averaged Train Loss: 1.2334
2025-09-14 01:29:30,180 - Test Accurancy: 0.5423
2025-09-14 01:29:30,180 - Attack Success Rate: 0.2773
2025-09-14 01:29:40,070 - DPD clipping bound C_t: 4
2025-09-14 01:29:40,077 - DPD noise norm:0.0
2025-09-14 01:29:40,098 - Round number: 55 --------------------------
2025-09-14 01:29:40,098 - Evaluate global model
2025-09-14 01:29:45,930 - Averaged Train Loss: 1.2298
2025-09-14 01:29:45,930 - Test Accurancy: 0.5418
2025-09-14 01:29:45,930 - Attack Success Rate: 0.2953
2025-09-14 01:29:54,319 - DPD clipping bound C_t: 4
2025-09-14 01:29:54,325 - DPD noise norm:0.0
2025-09-14 01:29:54,347 - Round number: 56 --------------------------
2025-09-14 01:29:54,348 - Evaluate global model
2025-09-14 01:30:00,467 - Averaged Train Loss: 1.2316
2025-09-14 01:30:00,468 - Test Accurancy: 0.5399
2025-09-14 01:30:00,469 - Attack Success Rate: 0.2940
2025-09-14 01:30:09,342 - DPD clipping bound C_t: 4
2025-09-14 01:30:09,347 - DPD noise norm:0.0
2025-09-14 01:30:09,370 - Round number: 57 --------------------------
2025-09-14 01:30:09,370 - Evaluate global model
2025-09-14 01:30:15,545 - Averaged Train Loss: 1.2213
2025-09-14 01:30:15,547 - Test Accurancy: 0.5469
2025-09-14 01:30:15,547 - Attack Success Rate: 0.2833
2025-09-14 01:30:25,641 - DPD clipping bound C_t: 4
2025-09-14 01:30:25,648 - DPD noise norm:0.0
2025-09-14 01:30:25,662 - Round number: 58 --------------------------
2025-09-14 01:30:25,662 - Evaluate global model
2025-09-14 01:30:31,672 - Averaged Train Loss: 1.2086
2025-09-14 01:30:31,673 - Test Accurancy: 0.5497
2025-09-14 01:30:31,673 - Attack Success Rate: 0.3047
2025-09-14 01:30:41,837 - DPD clipping bound C_t: 4
2025-09-14 01:30:41,843 - DPD noise norm:0.0
2025-09-14 01:30:41,861 - Round number: 59 --------------------------
2025-09-14 01:30:41,861 - Evaluate global model
2025-09-14 01:30:47,306 - Averaged Train Loss: 1.2071
2025-09-14 01:30:47,308 - Test Accurancy: 0.5487
2025-09-14 01:30:47,308 - Attack Success Rate: 0.3007
2025-09-14 01:30:57,807 - DPD clipping bound C_t: 4
2025-09-14 01:30:57,811 - DPD noise norm:0.0
2025-09-14 01:30:57,825 - Round number: 60 --------------------------
2025-09-14 01:30:57,825 - Evaluate global model
2025-09-14 01:31:03,010 - Averaged Train Loss: 1.2019
2025-09-14 01:31:03,012 - Test Accurancy: 0.5534
2025-09-14 01:31:03,012 - Attack Success Rate: 0.2660
2025-09-14 01:31:13,300 - DPD clipping bound C_t: 4
2025-09-14 01:31:13,306 - DPD noise norm:0.0
2025-09-14 01:31:13,328 - Round number: 61 --------------------------
2025-09-14 01:31:13,328 - Evaluate global model
2025-09-14 01:31:19,160 - Averaged Train Loss: 1.1987
2025-09-14 01:31:19,161 - Test Accurancy: 0.5536
2025-09-14 01:31:19,161 - Attack Success Rate: 0.2853
2025-09-14 01:31:28,608 - DPD clipping bound C_t: 4
2025-09-14 01:31:28,616 - DPD noise norm:0.0
2025-09-14 01:31:28,644 - Round number: 62 --------------------------
2025-09-14 01:31:28,644 - Evaluate global model
2025-09-14 01:31:34,087 - Averaged Train Loss: 1.2050
2025-09-14 01:31:34,088 - Test Accurancy: 0.5520
2025-09-14 01:31:34,088 - Attack Success Rate: 0.2700
2025-09-14 01:31:44,316 - DPD clipping bound C_t: 4
2025-09-14 01:31:44,324 - DPD noise norm:0.0
2025-09-14 01:31:44,345 - Round number: 63 --------------------------
2025-09-14 01:31:44,345 - Evaluate global model
2025-09-14 01:31:49,684 - Averaged Train Loss: 1.1893
2025-09-14 01:31:49,686 - Test Accurancy: 0.5574
2025-09-14 01:31:49,686 - Attack Success Rate: 0.2707
2025-09-14 01:31:59,702 - DPD clipping bound C_t: 4
2025-09-14 01:31:59,707 - DPD noise norm:0.0
2025-09-14 01:31:59,720 - Round number: 64 --------------------------
2025-09-14 01:31:59,720 - Evaluate global model
2025-09-14 01:32:04,313 - Averaged Train Loss: 1.1894
2025-09-14 01:32:04,314 - Test Accurancy: 0.5556
2025-09-14 01:32:04,314 - Attack Success Rate: 0.2693
2025-09-14 01:32:14,678 - DPD clipping bound C_t: 4
2025-09-14 01:32:14,687 - DPD noise norm:0.0
2025-09-14 01:32:14,709 - Round number: 65 --------------------------
2025-09-14 01:32:14,709 - Evaluate global model
2025-09-14 01:32:20,565 - Averaged Train Loss: 1.1845
2025-09-14 01:32:20,566 - Test Accurancy: 0.5587
2025-09-14 01:32:20,566 - Attack Success Rate: 0.2507
2025-09-14 01:32:29,683 - DPD clipping bound C_t: 4
2025-09-14 01:32:29,695 - DPD noise norm:0.0
2025-09-14 01:32:29,720 - Round number: 66 --------------------------
2025-09-14 01:32:29,720 - Evaluate global model
2025-09-14 01:32:35,232 - Averaged Train Loss: 1.1850
2025-09-14 01:32:35,233 - Test Accurancy: 0.5534
2025-09-14 01:32:35,233 - Attack Success Rate: 0.3100
2025-09-14 01:32:45,921 - DPD clipping bound C_t: 4
2025-09-14 01:32:45,926 - DPD noise norm:0.0
2025-09-14 01:32:45,942 - Round number: 67 --------------------------
2025-09-14 01:32:45,942 - Evaluate global model
2025-09-14 01:32:52,227 - Averaged Train Loss: 1.1787
2025-09-14 01:32:52,229 - Test Accurancy: 0.5590
2025-09-14 01:32:52,229 - Attack Success Rate: 0.2667
2025-09-14 01:33:02,031 - DPD clipping bound C_t: 4
2025-09-14 01:33:02,037 - DPD noise norm:0.0
2025-09-14 01:33:02,057 - Round number: 68 --------------------------
2025-09-14 01:33:02,057 - Evaluate global model
2025-09-14 01:33:07,599 - Averaged Train Loss: 1.1733
2025-09-14 01:33:07,601 - Test Accurancy: 0.5583
2025-09-14 01:33:07,601 - Attack Success Rate: 0.2680
2025-09-14 01:33:17,904 - DPD clipping bound C_t: 4
2025-09-14 01:33:17,910 - DPD noise norm:0.0
2025-09-14 01:33:17,927 - Round number: 69 --------------------------
2025-09-14 01:33:17,927 - Evaluate global model
2025-09-14 01:33:23,061 - Averaged Train Loss: 1.1689
2025-09-14 01:33:23,064 - Test Accurancy: 0.5598
2025-09-14 01:33:23,064 - Attack Success Rate: 0.2900
2025-09-14 01:33:32,441 - DPD clipping bound C_t: 4
2025-09-14 01:33:32,445 - DPD noise norm:0.0
2025-09-14 01:33:32,463 - Round number: 70 --------------------------
2025-09-14 01:33:32,463 - Evaluate global model
2025-09-14 01:33:38,076 - Averaged Train Loss: 1.1583
2025-09-14 01:33:38,080 - Test Accurancy: 0.5624
2025-09-14 01:33:38,080 - Attack Success Rate: 0.2953
2025-09-14 01:33:46,960 - DPD clipping bound C_t: 4
2025-09-14 01:33:46,966 - DPD noise norm:0.0
2025-09-14 01:33:46,983 - Round number: 71 --------------------------
2025-09-14 01:33:46,983 - Evaluate global model
2025-09-14 01:33:52,704 - Averaged Train Loss: 1.1564
2025-09-14 01:33:52,706 - Test Accurancy: 0.5636
2025-09-14 01:33:52,707 - Attack Success Rate: 0.2960
2025-09-14 01:34:01,662 - DPD clipping bound C_t: 4
2025-09-14 01:34:01,667 - DPD noise norm:0.0
2025-09-14 01:34:01,684 - Round number: 72 --------------------------
2025-09-14 01:34:01,685 - Evaluate global model
2025-09-14 01:34:07,691 - Averaged Train Loss: 1.1639
2025-09-14 01:34:07,693 - Test Accurancy: 0.5623
2025-09-14 01:34:07,693 - Attack Success Rate: 0.2680
2025-09-14 01:34:17,567 - DPD clipping bound C_t: 4
2025-09-14 01:34:17,574 - DPD noise norm:0.0
2025-09-14 01:34:17,603 - Round number: 73 --------------------------
2025-09-14 01:34:17,603 - Evaluate global model
2025-09-14 01:34:23,280 - Averaged Train Loss: 1.1483
2025-09-14 01:34:23,281 - Test Accurancy: 0.5669
2025-09-14 01:34:23,282 - Attack Success Rate: 0.2827
2025-09-14 01:34:32,803 - DPD clipping bound C_t: 4
2025-09-14 01:34:32,811 - DPD noise norm:0.0
2025-09-14 01:34:32,833 - Round number: 74 --------------------------
2025-09-14 01:34:32,833 - Evaluate global model
2025-09-14 01:34:38,093 - Averaged Train Loss: 1.1431
2025-09-14 01:34:38,095 - Test Accurancy: 0.5707
2025-09-14 01:34:38,095 - Attack Success Rate: 0.2700
2025-09-14 01:34:46,801 - DPD clipping bound C_t: 4
2025-09-14 01:34:46,804 - DPD noise norm:0.0
2025-09-14 01:34:46,819 - Round number: 75 --------------------------
2025-09-14 01:34:46,820 - Evaluate global model
2025-09-14 01:34:52,744 - Averaged Train Loss: 1.1474
2025-09-14 01:34:52,747 - Test Accurancy: 0.5672
2025-09-14 01:34:52,747 - Attack Success Rate: 0.2680
2025-09-14 01:35:02,259 - DPD clipping bound C_t: 4
2025-09-14 01:35:02,265 - DPD noise norm:0.0
2025-09-14 01:35:02,286 - Round number: 76 --------------------------
2025-09-14 01:35:02,286 - Evaluate global model
2025-09-14 01:35:07,982 - Averaged Train Loss: 1.1416
2025-09-14 01:35:07,984 - Test Accurancy: 0.5684
2025-09-14 01:35:07,984 - Attack Success Rate: 0.2833
2025-09-14 01:35:16,498 - DPD clipping bound C_t: 4
2025-09-14 01:35:16,501 - DPD noise norm:0.0
2025-09-14 01:35:16,518 - Round number: 77 --------------------------
2025-09-14 01:35:16,519 - Evaluate global model
2025-09-14 01:35:22,093 - Averaged Train Loss: 1.1360
2025-09-14 01:35:22,095 - Test Accurancy: 0.5665
2025-09-14 01:35:22,095 - Attack Success Rate: 0.3120
2025-09-14 01:35:30,933 - DPD clipping bound C_t: 4
2025-09-14 01:35:30,937 - DPD noise norm:0.0
2025-09-14 01:35:30,952 - Round number: 78 --------------------------
2025-09-14 01:35:30,952 - Evaluate global model
2025-09-14 01:35:35,457 - Averaged Train Loss: 1.1366
2025-09-14 01:35:35,457 - Test Accurancy: 0.5692
2025-09-14 01:35:35,457 - Attack Success Rate: 0.2787
2025-09-14 01:35:45,826 - DPD clipping bound C_t: 4
2025-09-14 01:35:45,831 - DPD noise norm:0.0
2025-09-14 01:35:45,849 - Round number: 79 --------------------------
2025-09-14 01:35:45,849 - Evaluate global model
2025-09-14 01:35:50,918 - Averaged Train Loss: 1.1332
2025-09-14 01:35:50,918 - Test Accurancy: 0.5704
2025-09-14 01:35:50,918 - Attack Success Rate: 0.2760
2025-09-14 01:36:01,300 - DPD clipping bound C_t: 4
2025-09-14 01:36:01,304 - DPD noise norm:0.0
2025-09-14 01:36:01,319 - Round number: 80 --------------------------
2025-09-14 01:36:01,319 - Evaluate global model
2025-09-14 01:36:06,695 - Averaged Train Loss: 1.1260
2025-09-14 01:36:06,696 - Test Accurancy: 0.5720
2025-09-14 01:36:06,696 - Attack Success Rate: 0.2773
2025-09-14 01:36:16,283 - DPD clipping bound C_t: 4
2025-09-14 01:36:16,287 - DPD noise norm:0.0
2025-09-14 01:36:16,309 - Round number: 81 --------------------------
2025-09-14 01:36:16,309 - Evaluate global model
2025-09-14 01:36:20,992 - Averaged Train Loss: 1.1263
2025-09-14 01:36:20,993 - Test Accurancy: 0.5742
2025-09-14 01:36:20,993 - Attack Success Rate: 0.2493
2025-09-14 01:36:29,682 - DPD clipping bound C_t: 4
2025-09-14 01:36:29,685 - DPD noise norm:0.0
2025-09-14 01:36:29,702 - Round number: 82 --------------------------
2025-09-14 01:36:29,702 - Evaluate global model
2025-09-14 01:36:34,936 - Averaged Train Loss: 1.1195
2025-09-14 01:36:34,938 - Test Accurancy: 0.5750
2025-09-14 01:36:34,938 - Attack Success Rate: 0.2713
2025-09-14 01:36:43,030 - DPD clipping bound C_t: 4
2025-09-14 01:36:43,035 - DPD noise norm:0.0
2025-09-14 01:36:43,049 - Round number: 83 --------------------------
2025-09-14 01:36:43,049 - Evaluate global model
2025-09-14 01:36:47,722 - Averaged Train Loss: 1.1278
2025-09-14 01:36:47,722 - Test Accurancy: 0.5701
2025-09-14 01:36:47,723 - Attack Success Rate: 0.2807
2025-09-14 01:36:57,869 - DPD clipping bound C_t: 4
2025-09-14 01:36:57,872 - DPD noise norm:0.0
2025-09-14 01:36:57,890 - Round number: 84 --------------------------
2025-09-14 01:36:57,891 - Evaluate global model
2025-09-14 01:37:02,439 - Averaged Train Loss: 1.1185
2025-09-14 01:37:02,439 - Test Accurancy: 0.5754
2025-09-14 01:37:02,439 - Attack Success Rate: 0.2667
2025-09-14 01:37:12,416 - DPD clipping bound C_t: 4
2025-09-14 01:37:12,422 - DPD noise norm:0.0
2025-09-14 01:37:12,441 - Round number: 85 --------------------------
2025-09-14 01:37:12,441 - Evaluate global model
2025-09-14 01:37:17,555 - Averaged Train Loss: 1.1169
2025-09-14 01:37:17,557 - Test Accurancy: 0.5748
2025-09-14 01:37:17,557 - Attack Success Rate: 0.2727
2025-09-14 01:37:26,515 - DPD clipping bound C_t: 4
2025-09-14 01:37:26,521 - DPD noise norm:0.0
2025-09-14 01:37:26,542 - Round number: 86 --------------------------
2025-09-14 01:37:26,542 - Evaluate global model
2025-09-14 01:37:32,376 - Averaged Train Loss: 1.1108
2025-09-14 01:37:32,377 - Test Accurancy: 0.5762
2025-09-14 01:37:32,377 - Attack Success Rate: 0.2880
2025-09-14 01:37:41,866 - DPD clipping bound C_t: 4
2025-09-14 01:37:41,874 - DPD noise norm:0.0
2025-09-14 01:37:41,893 - Round number: 87 --------------------------
2025-09-14 01:37:41,893 - Evaluate global model
2025-09-14 01:37:47,380 - Averaged Train Loss: 1.1089
2025-09-14 01:37:47,381 - Test Accurancy: 0.5787
2025-09-14 01:37:47,381 - Attack Success Rate: 0.2613
2025-09-14 01:37:56,897 - DPD clipping bound C_t: 4
2025-09-14 01:37:56,904 - DPD noise norm:0.0
2025-09-14 01:37:56,922 - Round number: 88 --------------------------
2025-09-14 01:37:56,922 - Evaluate global model
2025-09-14 01:38:02,697 - Averaged Train Loss: 1.1050
2025-09-14 01:38:02,698 - Test Accurancy: 0.5792
2025-09-14 01:38:02,698 - Attack Success Rate: 0.2500
2025-09-14 01:38:13,125 - DPD clipping bound C_t: 4
2025-09-14 01:38:13,133 - DPD noise norm:0.0
2025-09-14 01:38:13,157 - Round number: 89 --------------------------
2025-09-14 01:38:13,157 - Evaluate global model
2025-09-14 01:38:19,001 - Averaged Train Loss: 1.1072
2025-09-14 01:38:19,002 - Test Accurancy: 0.5796
2025-09-14 01:38:19,002 - Attack Success Rate: 0.2507
2025-09-14 01:38:28,180 - DPD clipping bound C_t: 4
2025-09-14 01:38:28,184 - DPD noise norm:0.0
2025-09-14 01:38:28,201 - Round number: 90 --------------------------
2025-09-14 01:38:28,201 - Evaluate global model
2025-09-14 01:38:34,349 - Averaged Train Loss: 1.1041
2025-09-14 01:38:34,351 - Test Accurancy: 0.5805
2025-09-14 01:38:34,351 - Attack Success Rate: 0.2500
2025-09-14 01:38:42,171 - DPD clipping bound C_t: 4
2025-09-14 01:38:42,176 - DPD noise norm:0.0
2025-09-14 01:38:42,193 - Round number: 91 --------------------------
2025-09-14 01:38:42,194 - Evaluate global model
2025-09-14 01:38:48,384 - Averaged Train Loss: 1.0954
2025-09-14 01:38:48,385 - Test Accurancy: 0.5824
2025-09-14 01:38:48,385 - Attack Success Rate: 0.2527
2025-09-14 01:38:56,348 - DPD clipping bound C_t: 4
2025-09-14 01:38:56,359 - DPD noise norm:0.0
2025-09-14 01:38:56,379 - Round number: 92 --------------------------
2025-09-14 01:38:56,379 - Evaluate global model
2025-09-14 01:39:02,773 - Averaged Train Loss: 1.0985
2025-09-14 01:39:02,775 - Test Accurancy: 0.5794
2025-09-14 01:39:02,775 - Attack Success Rate: 0.2787
2025-09-14 01:39:11,648 - DPD clipping bound C_t: 4
2025-09-14 01:39:11,654 - DPD noise norm:0.0
2025-09-14 01:39:11,678 - Round number: 93 --------------------------
2025-09-14 01:39:11,678 - Evaluate global model
2025-09-14 01:39:17,428 - Averaged Train Loss: 1.0907
2025-09-14 01:39:17,429 - Test Accurancy: 0.5837
2025-09-14 01:39:17,429 - Attack Success Rate: 0.2580
2025-09-14 01:39:25,039 - DPD clipping bound C_t: 4
2025-09-14 01:39:25,041 - DPD noise norm:0.0
2025-09-14 01:39:25,054 - Round number: 94 --------------------------
2025-09-14 01:39:25,054 - Evaluate global model
2025-09-14 01:39:30,759 - Averaged Train Loss: 1.0892
2025-09-14 01:39:30,761 - Test Accurancy: 0.5851
2025-09-14 01:39:30,761 - Attack Success Rate: 0.2520
2025-09-14 01:39:39,741 - DPD clipping bound C_t: 4
2025-09-14 01:39:39,747 - DPD noise norm:0.0
2025-09-14 01:39:39,768 - Round number: 95 --------------------------
2025-09-14 01:39:39,768 - Evaluate global model
2025-09-14 01:39:45,564 - Averaged Train Loss: 1.0889
2025-09-14 01:39:45,566 - Test Accurancy: 0.5841
2025-09-14 01:39:45,566 - Attack Success Rate: 0.2473
2025-09-14 01:39:54,268 - DPD clipping bound C_t: 4
2025-09-14 01:39:54,272 - DPD noise norm:0.0
2025-09-14 01:39:54,285 - Round number: 96 --------------------------
2025-09-14 01:39:54,285 - Evaluate global model
2025-09-14 01:39:59,400 - Averaged Train Loss: 1.0838
2025-09-14 01:39:59,401 - Test Accurancy: 0.5847
2025-09-14 01:39:59,401 - Attack Success Rate: 0.2720
2025-09-14 01:40:09,420 - DPD clipping bound C_t: 4
2025-09-14 01:40:09,428 - DPD noise norm:0.0
2025-09-14 01:40:09,444 - Round number: 97 --------------------------
2025-09-14 01:40:09,445 - Evaluate global model
2025-09-14 01:40:14,673 - Averaged Train Loss: 1.0803
2025-09-14 01:40:14,673 - Test Accurancy: 0.5863
2025-09-14 01:40:14,673 - Attack Success Rate: 0.2493
2025-09-14 01:40:22,285 - DPD clipping bound C_t: 4
2025-09-14 01:40:22,289 - DPD noise norm:0.0
2025-09-14 01:40:22,309 - Round number: 98 --------------------------
2025-09-14 01:40:22,309 - Evaluate global model
2025-09-14 01:40:27,916 - Averaged Train Loss: 1.0837
2025-09-14 01:40:27,918 - Test Accurancy: 0.5843
2025-09-14 01:40:27,918 - Attack Success Rate: 0.2813
2025-09-14 01:40:36,278 - DPD clipping bound C_t: 4
2025-09-14 01:40:36,282 - DPD noise norm:0.0
2025-09-14 01:40:36,295 - Round number: 99 --------------------------
2025-09-14 01:40:36,295 - Evaluate global model
2025-09-14 01:40:40,655 - Averaged Train Loss: 1.0821
2025-09-14 01:40:40,655 - Test Accurancy: 0.5868
2025-09-14 01:40:40,655 - Attack Success Rate: 0.2453
2025-09-14 01:40:49,889 - DPD clipping bound C_t: 4
2025-09-14 01:40:49,894 - DPD noise norm:0.0
2025-09-14 01:40:49,913 - Round number: 100 --------------------------
2025-09-14 01:40:49,913 - Evaluate global model
2025-09-14 01:40:53,138 - Averaged Train Loss: 1.0762
2025-09-14 01:40:53,138 - Test Accurancy: 0.5877
2025-09-14 01:40:53,138 - Attack Success Rate: 0.2593
2025-09-14 01:40:58,345 - DPD clipping bound C_t: 4
2025-09-14 01:40:58,347 - DPD noise norm:0.0
2025-09-14 01:40:58,349 - Run over
2025-09-14 01:40:58,349 - Saving results to ./exp/exp1/Cifar10/high_1.0.h5
2025-09-14 01:40:58,358 - Best accuracy: 0.5876789876789876
2025-09-14 01:40:58,358 - Average time cost per round: 14.938486549854279
