2025-09-14 01:15:32,728 - *****************EXP-1*****************
2025-09-14 01:15:32,729 - Exp repeats: 1
2025-09-14 01:15:32,729 - Communication Rounds: 100
2025-09-14 01:15:32,729 - Clients: 40

2025-09-14 01:15:32,729 - Attack method: scale
2025-09-14 01:15:32,729 - Filtering rule: dpd
2025-09-14 01:15:32,729 - Dataset: Cifar10
2025-09-14 01:15:32,729 - Model: cnn2
2025-09-14 01:15:32,729 - Learning Rate: 0.04
2025-09-14 01:15:32,729 - Batch Size: 64
2025-09-14 01:15:32,729 - Device: cuda
2025-09-14 01:15:32,729 - Device id: 0
2025-09-14 01:15:32,729 - DPD clipping strategy: high
2025-09-14 01:15:32,729 - DPD noise level: 0.0
2025-09-14 01:15:32,729 - Adversaries: 8
2025-09-14 01:15:32,729 - Targeted Label Flipping: 4-->6
2025-09-14 01:15:32,729 - *****************EXP-1*****************
2025-09-14 01:15:33,542 - Running time: 0th ==========================
2025-09-14 01:15:44,443 - Round number: 0 --------------------------
2025-09-14 01:15:44,445 - Evaluate global model
2025-09-14 01:15:54,908 - Averaged Train Loss: 2.3056
2025-09-14 01:15:54,910 - Test Accurancy: 0.0977
2025-09-14 01:15:54,910 - Attack Success Rate: 0.0000
2025-09-14 01:16:06,469 - DPD clipping bound C_t: 4
2025-09-14 01:16:06,483 - DPD noise norm:0.0
2025-09-14 01:16:06,503 - Round number: 1 --------------------------
2025-09-14 01:16:06,503 - Evaluate global model
2025-09-14 01:16:11,410 - Averaged Train Loss: 2.7182
2025-09-14 01:16:11,412 - Test Accurancy: 0.1171
2025-09-14 01:16:11,412 - Attack Success Rate: 0.9920
2025-09-14 01:16:21,555 - DPD clipping bound C_t: 4
2025-09-14 01:16:21,561 - DPD noise norm:0.0
2025-09-14 01:16:21,590 - Round number: 2 --------------------------
2025-09-14 01:16:21,590 - Evaluate global model
2025-09-14 01:16:27,501 - Averaged Train Loss: 2.1046
2025-09-14 01:16:27,503 - Test Accurancy: 0.1910
2025-09-14 01:16:27,504 - Attack Success Rate: 0.0027
2025-09-14 01:16:36,747 - DPD clipping bound C_t: 4
2025-09-14 01:16:36,754 - DPD noise norm:0.0
2025-09-14 01:16:36,784 - Round number: 3 --------------------------
2025-09-14 01:16:36,784 - Evaluate global model
2025-09-14 01:16:43,071 - Averaged Train Loss: 2.2857
2025-09-14 01:16:43,073 - Test Accurancy: 0.1895
2025-09-14 01:16:43,073 - Attack Success Rate: 0.9027
2025-09-14 01:16:52,975 - DPD clipping bound C_t: 4
2025-09-14 01:16:52,982 - DPD noise norm:0.0
2025-09-14 01:16:53,002 - Round number: 4 --------------------------
2025-09-14 01:16:53,002 - Evaluate global model
2025-09-14 01:16:59,526 - Averaged Train Loss: 1.9432
2025-09-14 01:16:59,526 - Test Accurancy: 0.2977
2025-09-14 01:16:59,526 - Attack Success Rate: 0.6080
2025-09-14 01:17:09,384 - DPD clipping bound C_t: 4
2025-09-14 01:17:09,391 - DPD noise norm:0.0
2025-09-14 01:17:09,409 - Round number: 5 --------------------------
2025-09-14 01:17:09,409 - Evaluate global model
2025-09-14 01:17:15,463 - Averaged Train Loss: 2.1021
2025-09-14 01:17:15,465 - Test Accurancy: 0.2421
2025-09-14 01:17:15,465 - Attack Success Rate: 0.9020
2025-09-14 01:17:24,593 - DPD clipping bound C_t: 4
2025-09-14 01:17:24,600 - DPD noise norm:0.0
2025-09-14 01:17:24,622 - Round number: 6 --------------------------
2025-09-14 01:17:24,622 - Evaluate global model
2025-09-14 01:17:32,273 - Averaged Train Loss: 1.8658
2025-09-14 01:17:32,275 - Test Accurancy: 0.3235
2025-09-14 01:17:32,275 - Attack Success Rate: 0.5767
2025-09-14 01:17:42,194 - DPD clipping bound C_t: 4
2025-09-14 01:17:42,200 - DPD noise norm:0.0
2025-09-14 01:17:42,219 - Round number: 7 --------------------------
2025-09-14 01:17:42,220 - Evaluate global model
2025-09-14 01:17:48,352 - Averaged Train Loss: 1.8927
2025-09-14 01:17:48,355 - Test Accurancy: 0.3106
2025-09-14 01:17:48,355 - Attack Success Rate: 0.8340
2025-09-14 01:17:57,243 - DPD clipping bound C_t: 4
2025-09-14 01:17:57,248 - DPD noise norm:0.0
2025-09-14 01:17:57,262 - Round number: 8 --------------------------
2025-09-14 01:17:57,262 - Evaluate global model
2025-09-14 01:18:03,423 - Averaged Train Loss: 1.7469
2025-09-14 01:18:03,425 - Test Accurancy: 0.3640
2025-09-14 01:18:03,425 - Attack Success Rate: 0.5867
2025-09-14 01:18:11,824 - DPD clipping bound C_t: 4
2025-09-14 01:18:11,832 - DPD noise norm:0.0
2025-09-14 01:18:11,857 - Round number: 9 --------------------------
2025-09-14 01:18:11,858 - Evaluate global model
2025-09-14 01:18:18,599 - Averaged Train Loss: 1.7971
2025-09-14 01:18:18,601 - Test Accurancy: 0.3371
2025-09-14 01:18:18,601 - Attack Success Rate: 0.8160
2025-09-14 01:18:27,221 - DPD clipping bound C_t: 4
2025-09-14 01:18:27,227 - DPD noise norm:0.0
2025-09-14 01:18:27,246 - Round number: 10 --------------------------
2025-09-14 01:18:27,246 - Evaluate global model
2025-09-14 01:18:33,383 - Averaged Train Loss: 1.6676
2025-09-14 01:18:33,385 - Test Accurancy: 0.3921
2025-09-14 01:18:33,385 - Attack Success Rate: 0.6567
2025-09-14 01:18:41,258 - DPD clipping bound C_t: 4
2025-09-14 01:18:41,265 - DPD noise norm:0.0
2025-09-14 01:18:41,291 - Round number: 11 --------------------------
2025-09-14 01:18:41,291 - Evaluate global model
2025-09-14 01:18:47,571 - Averaged Train Loss: 1.7254
2025-09-14 01:18:47,573 - Test Accurancy: 0.3668
2025-09-14 01:18:47,573 - Attack Success Rate: 0.7953
2025-09-14 01:18:56,844 - DPD clipping bound C_t: 4
2025-09-14 01:18:56,849 - DPD noise norm:0.0
2025-09-14 01:18:56,867 - Round number: 12 --------------------------
2025-09-14 01:18:56,867 - Evaluate global model
2025-09-14 01:19:02,575 - Averaged Train Loss: 1.5881
2025-09-14 01:19:02,577 - Test Accurancy: 0.4198
2025-09-14 01:19:02,577 - Attack Success Rate: 0.5487
2025-09-14 01:19:11,504 - DPD clipping bound C_t: 4
2025-09-14 01:19:11,510 - DPD noise norm:0.0
2025-09-14 01:19:11,532 - Round number: 13 --------------------------
2025-09-14 01:19:11,533 - Evaluate global model
2025-09-14 01:19:17,538 - Averaged Train Loss: 1.6327
2025-09-14 01:19:17,539 - Test Accurancy: 0.3953
2025-09-14 01:19:17,539 - Attack Success Rate: 0.7487
2025-09-14 01:19:27,115 - DPD clipping bound C_t: 4
2025-09-14 01:19:27,122 - DPD noise norm:0.0
2025-09-14 01:19:27,144 - Round number: 14 --------------------------
2025-09-14 01:19:27,145 - Evaluate global model
2025-09-14 01:19:32,876 - Averaged Train Loss: 1.5491
2025-09-14 01:19:32,878 - Test Accurancy: 0.4265
2025-09-14 01:19:32,878 - Attack Success Rate: 0.6373
2025-09-14 01:19:42,203 - DPD clipping bound C_t: 4
2025-09-14 01:19:42,210 - DPD noise norm:0.0
2025-09-14 01:19:42,233 - Round number: 15 --------------------------
2025-09-14 01:19:42,233 - Evaluate global model
2025-09-14 01:19:48,704 - Averaged Train Loss: 1.6085
2025-09-14 01:19:48,707 - Test Accurancy: 0.4023
2025-09-14 01:19:48,707 - Attack Success Rate: 0.7567
2025-09-14 01:19:56,702 - DPD clipping bound C_t: 4
2025-09-14 01:19:56,708 - DPD noise norm:0.0
2025-09-14 01:19:56,731 - Round number: 16 --------------------------
2025-09-14 01:19:56,731 - Evaluate global model
2025-09-14 01:20:02,889 - Averaged Train Loss: 1.5197
2025-09-14 01:20:02,891 - Test Accurancy: 0.4336
2025-09-14 01:20:02,891 - Attack Success Rate: 0.6467
2025-09-14 01:20:10,576 - DPD clipping bound C_t: 4
2025-09-14 01:20:10,580 - DPD noise norm:0.0
2025-09-14 01:20:10,593 - Round number: 17 --------------------------
2025-09-14 01:20:10,593 - Evaluate global model
2025-09-14 01:20:16,332 - Averaged Train Loss: 1.5412
2025-09-14 01:20:16,333 - Test Accurancy: 0.4291
2025-09-14 01:20:16,333 - Attack Success Rate: 0.7033
2025-09-14 01:20:25,578 - DPD clipping bound C_t: 4
2025-09-14 01:20:25,583 - DPD noise norm:0.0
2025-09-14 01:20:25,598 - Round number: 18 --------------------------
2025-09-14 01:20:25,598 - Evaluate global model
2025-09-14 01:20:31,321 - Averaged Train Loss: 1.4899
2025-09-14 01:20:31,323 - Test Accurancy: 0.4446
2025-09-14 01:20:31,323 - Attack Success Rate: 0.6407
2025-09-14 01:20:41,237 - DPD clipping bound C_t: 4
2025-09-14 01:20:41,242 - DPD noise norm:0.0
2025-09-14 01:20:41,256 - Round number: 19 --------------------------
2025-09-14 01:20:41,256 - Evaluate global model
2025-09-14 01:20:47,412 - Averaged Train Loss: 1.4739
2025-09-14 01:20:47,413 - Test Accurancy: 0.4500
2025-09-14 01:20:47,413 - Attack Success Rate: 0.6700
2025-09-14 01:20:57,082 - DPD clipping bound C_t: 4
2025-09-14 01:20:57,088 - DPD noise norm:0.0
2025-09-14 01:20:57,107 - Round number: 20 --------------------------
2025-09-14 01:20:57,107 - Evaluate global model
2025-09-14 01:21:02,781 - Averaged Train Loss: 1.4739
2025-09-14 01:21:02,781 - Test Accurancy: 0.4484
2025-09-14 01:21:02,781 - Attack Success Rate: 0.6660
2025-09-14 01:21:12,779 - DPD clipping bound C_t: 4
2025-09-14 01:21:12,786 - DPD noise norm:0.0
2025-09-14 01:21:12,809 - Round number: 21 --------------------------
2025-09-14 01:21:12,810 - Evaluate global model
2025-09-14 01:21:19,628 - Averaged Train Loss: 1.4174
2025-09-14 01:21:19,630 - Test Accurancy: 0.4735
2025-09-14 01:21:19,630 - Attack Success Rate: 0.5813
2025-09-14 01:21:28,610 - DPD clipping bound C_t: 4
2025-09-14 01:21:28,618 - DPD noise norm:0.0
2025-09-14 01:21:28,635 - Round number: 22 --------------------------
2025-09-14 01:21:28,635 - Evaluate global model
2025-09-14 01:21:34,295 - Averaged Train Loss: 1.5053
2025-09-14 01:21:34,296 - Test Accurancy: 0.4382
2025-09-14 01:21:34,296 - Attack Success Rate: 0.7507
2025-09-14 01:21:44,444 - DPD clipping bound C_t: 4
2025-09-14 01:21:44,450 - DPD noise norm:0.0
2025-09-14 01:21:44,469 - Round number: 23 --------------------------
2025-09-14 01:21:44,469 - Evaluate global model
2025-09-14 01:21:50,333 - Averaged Train Loss: 1.4024
2025-09-14 01:21:50,337 - Test Accurancy: 0.4754
2025-09-14 01:21:50,337 - Attack Success Rate: 0.6093
2025-09-14 01:21:58,574 - DPD clipping bound C_t: 4
2025-09-14 01:21:58,579 - DPD noise norm:0.0
2025-09-14 01:21:58,600 - Round number: 24 --------------------------
2025-09-14 01:21:58,601 - Evaluate global model
2025-09-14 01:22:04,570 - Averaged Train Loss: 1.4508
2025-09-14 01:22:04,571 - Test Accurancy: 0.4596
2025-09-14 01:22:04,571 - Attack Success Rate: 0.6920
2025-09-14 01:22:12,978 - DPD clipping bound C_t: 4
2025-09-14 01:22:12,984 - DPD noise norm:0.0
2025-09-14 01:22:13,005 - Round number: 25 --------------------------
2025-09-14 01:22:13,005 - Evaluate global model
2025-09-14 01:22:17,752 - Averaged Train Loss: 1.3865
2025-09-14 01:22:17,753 - Test Accurancy: 0.4810
2025-09-14 01:22:17,753 - Attack Success Rate: 0.6247
2025-09-14 01:22:26,783 - DPD clipping bound C_t: 4
2025-09-14 01:22:26,791 - DPD noise norm:0.0
2025-09-14 01:22:26,821 - Round number: 26 --------------------------
2025-09-14 01:22:26,822 - Evaluate global model
2025-09-14 01:22:32,212 - Averaged Train Loss: 1.3941
2025-09-14 01:22:32,212 - Test Accurancy: 0.4783
2025-09-14 01:22:32,212 - Attack Success Rate: 0.6800
2025-09-14 01:22:40,894 - DPD clipping bound C_t: 4
2025-09-14 01:22:40,901 - DPD noise norm:0.0
2025-09-14 01:22:40,922 - Round number: 27 --------------------------
2025-09-14 01:22:40,922 - Evaluate global model
2025-09-14 01:22:46,661 - Averaged Train Loss: 1.3678
2025-09-14 01:22:46,663 - Test Accurancy: 0.4857
2025-09-14 01:22:46,663 - Attack Success Rate: 0.6073
2025-09-14 01:22:55,877 - DPD clipping bound C_t: 4
2025-09-14 01:22:55,884 - DPD noise norm:0.0
2025-09-14 01:22:55,914 - Round number: 28 --------------------------
2025-09-14 01:22:55,914 - Evaluate global model
2025-09-14 01:23:01,619 - Averaged Train Loss: 1.3879
2025-09-14 01:23:01,621 - Test Accurancy: 0.4799
2025-09-14 01:23:01,621 - Attack Success Rate: 0.6853
2025-09-14 01:23:11,557 - DPD clipping bound C_t: 4
2025-09-14 01:23:11,563 - DPD noise norm:0.0
2025-09-14 01:23:11,580 - Round number: 29 --------------------------
2025-09-14 01:23:11,580 - Evaluate global model
2025-09-14 01:23:16,445 - Averaged Train Loss: 1.3362
2025-09-14 01:23:16,447 - Test Accurancy: 0.4975
2025-09-14 01:23:16,447 - Attack Success Rate: 0.5960
2025-09-14 01:23:26,512 - DPD clipping bound C_t: 4
2025-09-14 01:23:26,519 - DPD noise norm:0.0
2025-09-14 01:23:26,542 - Round number: 30 --------------------------
2025-09-14 01:23:26,542 - Evaluate global model
2025-09-14 01:23:31,669 - Averaged Train Loss: 1.3823
2025-09-14 01:23:31,671 - Test Accurancy: 0.4803
2025-09-14 01:23:31,671 - Attack Success Rate: 0.7227
2025-09-14 01:23:41,121 - DPD clipping bound C_t: 4
2025-09-14 01:23:41,125 - DPD noise norm:0.0
2025-09-14 01:23:41,146 - Round number: 31 --------------------------
2025-09-14 01:23:41,146 - Evaluate global model
2025-09-14 01:23:46,863 - Averaged Train Loss: 1.3090
2025-09-14 01:23:46,864 - Test Accurancy: 0.5074
2025-09-14 01:23:46,864 - Attack Success Rate: 0.5340
2025-09-14 01:23:55,531 - DPD clipping bound C_t: 4
2025-09-14 01:23:55,536 - DPD noise norm:0.0
2025-09-14 01:23:55,552 - Round number: 32 --------------------------
2025-09-14 01:23:55,553 - Evaluate global model
2025-09-14 01:24:00,946 - Averaged Train Loss: 1.3621
2025-09-14 01:24:00,948 - Test Accurancy: 0.4896
2025-09-14 01:24:00,948 - Attack Success Rate: 0.7093
2025-09-14 01:24:10,161 - DPD clipping bound C_t: 4
2025-09-14 01:24:10,171 - DPD noise norm:0.0
2025-09-14 01:24:10,191 - Round number: 33 --------------------------
2025-09-14 01:24:10,191 - Evaluate global model
2025-09-14 01:24:16,179 - Averaged Train Loss: 1.2927
2025-09-14 01:24:16,182 - Test Accurancy: 0.5118
2025-09-14 01:24:16,182 - Attack Success Rate: 0.5960
2025-09-14 01:24:25,471 - DPD clipping bound C_t: 4
2025-09-14 01:24:25,477 - DPD noise norm:0.0
2025-09-14 01:24:25,495 - Round number: 34 --------------------------
2025-09-14 01:24:25,495 - Evaluate global model
2025-09-14 01:24:31,726 - Averaged Train Loss: 1.3576
2025-09-14 01:24:31,727 - Test Accurancy: 0.4870
2025-09-14 01:24:31,728 - Attack Success Rate: 0.7067
2025-09-14 01:24:41,762 - DPD clipping bound C_t: 4
2025-09-14 01:24:41,770 - DPD noise norm:0.0
2025-09-14 01:24:41,788 - Round number: 35 --------------------------
2025-09-14 01:24:41,788 - Evaluate global model
2025-09-14 01:24:46,700 - Averaged Train Loss: 1.2731
2025-09-14 01:24:46,701 - Test Accurancy: 0.5211
2025-09-14 01:24:46,701 - Attack Success Rate: 0.5967
2025-09-14 01:24:56,697 - DPD clipping bound C_t: 4
2025-09-14 01:24:56,703 - DPD noise norm:0.0
2025-09-14 01:24:56,725 - Round number: 36 --------------------------
2025-09-14 01:24:56,725 - Evaluate global model
2025-09-14 01:25:01,654 - Averaged Train Loss: 1.3242
2025-09-14 01:25:01,655 - Test Accurancy: 0.4979
2025-09-14 01:25:01,655 - Attack Success Rate: 0.6873
2025-09-14 01:25:11,358 - DPD clipping bound C_t: 4
2025-09-14 01:25:11,363 - DPD noise norm:0.0
2025-09-14 01:25:11,379 - Round number: 37 --------------------------
2025-09-14 01:25:11,379 - Evaluate global model
2025-09-14 01:25:15,854 - Averaged Train Loss: 1.2524
2025-09-14 01:25:15,855 - Test Accurancy: 0.5248
2025-09-14 01:25:15,855 - Attack Success Rate: 0.5433
2025-09-14 01:25:25,352 - DPD clipping bound C_t: 4
2025-09-14 01:25:25,360 - DPD noise norm:0.0
2025-09-14 01:25:25,379 - Round number: 38 --------------------------
2025-09-14 01:25:25,379 - Evaluate global model
2025-09-14 01:25:30,259 - Averaged Train Loss: 1.2991
2025-09-14 01:25:30,260 - Test Accurancy: 0.5036
2025-09-14 01:25:30,260 - Attack Success Rate: 0.6887
2025-09-14 01:25:39,681 - DPD clipping bound C_t: 4
2025-09-14 01:25:39,689 - DPD noise norm:0.0
2025-09-14 01:25:39,711 - Round number: 39 --------------------------
2025-09-14 01:25:39,711 - Evaluate global model
2025-09-14 01:25:44,868 - Averaged Train Loss: 1.2551
2025-09-14 01:25:44,869 - Test Accurancy: 0.5228
2025-09-14 01:25:44,869 - Attack Success Rate: 0.5833
2025-09-14 01:25:54,579 - DPD clipping bound C_t: 4
2025-09-14 01:25:54,586 - DPD noise norm:0.0
2025-09-14 01:25:54,599 - Round number: 40 --------------------------
2025-09-14 01:25:54,599 - Evaluate global model
2025-09-14 01:25:59,308 - Averaged Train Loss: 1.2710
2025-09-14 01:25:59,308 - Test Accurancy: 0.5152
2025-09-14 01:25:59,309 - Attack Success Rate: 0.6660
2025-09-14 01:26:08,807 - DPD clipping bound C_t: 4
2025-09-14 01:26:08,817 - DPD noise norm:0.0
2025-09-14 01:26:08,839 - Round number: 41 --------------------------
2025-09-14 01:26:08,839 - Evaluate global model
2025-09-14 01:26:14,073 - Averaged Train Loss: 1.2565
2025-09-14 01:26:14,074 - Test Accurancy: 0.5207
2025-09-14 01:26:14,075 - Attack Success Rate: 0.6047
2025-09-14 01:26:24,146 - DPD clipping bound C_t: 4
2025-09-14 01:26:24,152 - DPD noise norm:0.0
2025-09-14 01:26:24,169 - Round number: 42 --------------------------
2025-09-14 01:26:24,169 - Evaluate global model
2025-09-14 01:26:30,282 - Averaged Train Loss: 1.2850
2025-09-14 01:26:30,285 - Test Accurancy: 0.5116
2025-09-14 01:26:30,285 - Attack Success Rate: 0.7027
2025-09-14 01:26:39,983 - DPD clipping bound C_t: 4
2025-09-14 01:26:39,989 - DPD noise norm:0.0
2025-09-14 01:26:40,017 - Round number: 43 --------------------------
2025-09-14 01:26:40,018 - Evaluate global model
2025-09-14 01:26:45,364 - Averaged Train Loss: 1.2192
2025-09-14 01:26:45,365 - Test Accurancy: 0.5289
2025-09-14 01:26:45,365 - Attack Success Rate: 0.5893
2025-09-14 01:26:54,855 - DPD clipping bound C_t: 4
2025-09-14 01:26:54,861 - DPD noise norm:0.0
2025-09-14 01:26:54,882 - Round number: 44 --------------------------
2025-09-14 01:26:54,882 - Evaluate global model
2025-09-14 01:27:00,536 - Averaged Train Loss: 1.2647
2025-09-14 01:27:00,537 - Test Accurancy: 0.5180
2025-09-14 01:27:00,537 - Attack Success Rate: 0.6573
2025-09-14 01:27:08,556 - DPD clipping bound C_t: 4
2025-09-14 01:27:08,559 - DPD noise norm:0.0
2025-09-14 01:27:08,572 - Round number: 45 --------------------------
2025-09-14 01:27:08,572 - Evaluate global model
2025-09-14 01:27:13,960 - Averaged Train Loss: 1.2072
2025-09-14 01:27:13,962 - Test Accurancy: 0.5377
2025-09-14 01:27:13,962 - Attack Success Rate: 0.5853
2025-09-14 01:27:22,920 - DPD clipping bound C_t: 4
2025-09-14 01:27:22,924 - DPD noise norm:0.0
2025-09-14 01:27:22,941 - Round number: 46 --------------------------
2025-09-14 01:27:22,941 - Evaluate global model
2025-09-14 01:27:27,419 - Averaged Train Loss: 1.2549
2025-09-14 01:27:27,420 - Test Accurancy: 0.5201
2025-09-14 01:27:27,420 - Attack Success Rate: 0.6713
2025-09-14 01:27:37,189 - DPD clipping bound C_t: 4
2025-09-14 01:27:37,194 - DPD noise norm:0.0
2025-09-14 01:27:37,209 - Round number: 47 --------------------------
2025-09-14 01:27:37,209 - Evaluate global model
2025-09-14 01:27:41,533 - Averaged Train Loss: 1.1797
2025-09-14 01:27:41,534 - Test Accurancy: 0.5440
2025-09-14 01:27:41,534 - Attack Success Rate: 0.5393
2025-09-14 01:27:50,309 - DPD clipping bound C_t: 4
2025-09-14 01:27:50,313 - DPD noise norm:0.0
2025-09-14 01:27:50,332 - Round number: 48 --------------------------
2025-09-14 01:27:50,332 - Evaluate global model
2025-09-14 01:27:55,065 - Averaged Train Loss: 1.2389
2025-09-14 01:27:55,066 - Test Accurancy: 0.5273
2025-09-14 01:27:55,066 - Attack Success Rate: 0.6420
2025-09-14 01:28:04,440 - DPD clipping bound C_t: 4
2025-09-14 01:28:04,445 - DPD noise norm:0.0
2025-09-14 01:28:04,466 - Round number: 49 --------------------------
2025-09-14 01:28:04,466 - Evaluate global model
2025-09-14 01:28:09,250 - Averaged Train Loss: 1.2093
2025-09-14 01:28:09,251 - Test Accurancy: 0.5304
2025-09-14 01:28:09,252 - Attack Success Rate: 0.6527
2025-09-14 01:28:18,623 - DPD clipping bound C_t: 4
2025-09-14 01:28:18,630 - DPD noise norm:0.0
2025-09-14 01:28:18,649 - Round number: 50 --------------------------
2025-09-14 01:28:18,649 - Evaluate global model
2025-09-14 01:28:23,747 - Averaged Train Loss: 1.1837
2025-09-14 01:28:23,748 - Test Accurancy: 0.5475
2025-09-14 01:28:23,748 - Attack Success Rate: 0.5527
2025-09-14 01:28:34,216 - DPD clipping bound C_t: 4
2025-09-14 01:28:34,223 - DPD noise norm:0.0
2025-09-14 01:28:34,250 - Round number: 51 --------------------------
2025-09-14 01:28:34,251 - Evaluate global model
2025-09-14 01:28:40,340 - Averaged Train Loss: 1.1824
2025-09-14 01:28:40,343 - Test Accurancy: 0.5405
2025-09-14 01:28:40,343 - Attack Success Rate: 0.5940
2025-09-14 01:28:50,467 - DPD clipping bound C_t: 4
2025-09-14 01:28:50,473 - DPD noise norm:0.0
2025-09-14 01:28:50,489 - Round number: 52 --------------------------
2025-09-14 01:28:50,490 - Evaluate global model
2025-09-14 01:28:56,052 - Averaged Train Loss: 1.2199
2025-09-14 01:28:56,054 - Test Accurancy: 0.5342
2025-09-14 01:28:56,054 - Attack Success Rate: 0.6547
2025-09-14 01:29:06,148 - DPD clipping bound C_t: 4
2025-09-14 01:29:06,153 - DPD noise norm:0.0
2025-09-14 01:29:06,169 - Round number: 53 --------------------------
2025-09-14 01:29:06,169 - Evaluate global model
2025-09-14 01:29:12,006 - Averaged Train Loss: 1.1516
2025-09-14 01:29:12,008 - Test Accurancy: 0.5516
2025-09-14 01:29:12,008 - Attack Success Rate: 0.5680
2025-09-14 01:29:20,592 - DPD clipping bound C_t: 4
2025-09-14 01:29:20,598 - DPD noise norm:0.0
2025-09-14 01:29:20,617 - Round number: 54 --------------------------
2025-09-14 01:29:20,617 - Evaluate global model
2025-09-14 01:29:26,465 - Averaged Train Loss: 1.1685
2025-09-14 01:29:26,467 - Test Accurancy: 0.5477
2025-09-14 01:29:26,467 - Attack Success Rate: 0.5793
2025-09-14 01:29:35,482 - DPD clipping bound C_t: 4
2025-09-14 01:29:35,489 - DPD noise norm:0.0
2025-09-14 01:29:35,511 - Round number: 55 --------------------------
2025-09-14 01:29:35,512 - Evaluate global model
2025-09-14 01:29:41,564 - Averaged Train Loss: 1.2081
2025-09-14 01:29:41,566 - Test Accurancy: 0.5365
2025-09-14 01:29:41,566 - Attack Success Rate: 0.6707
2025-09-14 01:29:49,462 - DPD clipping bound C_t: 4
2025-09-14 01:29:49,465 - DPD noise norm:0.0
2025-09-14 01:29:49,481 - Round number: 56 --------------------------
2025-09-14 01:29:49,482 - Evaluate global model
2025-09-14 01:29:55,431 - Averaged Train Loss: 1.1784
2025-09-14 01:29:55,435 - Test Accurancy: 0.5449
2025-09-14 01:29:55,435 - Attack Success Rate: 0.5953
2025-09-14 01:30:03,542 - DPD clipping bound C_t: 4
2025-09-14 01:30:03,546 - DPD noise norm:0.0
2025-09-14 01:30:03,564 - Round number: 57 --------------------------
2025-09-14 01:30:03,564 - Evaluate global model
2025-09-14 01:30:10,056 - Averaged Train Loss: 1.1632
2025-09-14 01:30:10,058 - Test Accurancy: 0.5511
2025-09-14 01:30:10,058 - Attack Success Rate: 0.6000
2025-09-14 01:30:19,403 - DPD clipping bound C_t: 4
2025-09-14 01:30:19,410 - DPD noise norm:0.0
2025-09-14 01:30:19,429 - Round number: 58 --------------------------
2025-09-14 01:30:19,430 - Evaluate global model
2025-09-14 01:30:25,075 - Averaged Train Loss: 1.1826
2025-09-14 01:30:25,076 - Test Accurancy: 0.5420
2025-09-14 01:30:25,076 - Attack Success Rate: 0.6387
2025-09-14 01:30:34,123 - DPD clipping bound C_t: 4
2025-09-14 01:30:34,129 - DPD noise norm:0.0
2025-09-14 01:30:34,150 - Round number: 59 --------------------------
2025-09-14 01:30:34,150 - Evaluate global model
2025-09-14 01:30:39,681 - Averaged Train Loss: 1.1472
2025-09-14 01:30:39,682 - Test Accurancy: 0.5539
2025-09-14 01:30:39,682 - Attack Success Rate: 0.6187
2025-09-14 01:30:48,859 - DPD clipping bound C_t: 4
2025-09-14 01:30:48,865 - DPD noise norm:0.0
2025-09-14 01:30:48,886 - Round number: 60 --------------------------
2025-09-14 01:30:48,886 - Evaluate global model
2025-09-14 01:30:55,128 - Averaged Train Loss: 1.1413
2025-09-14 01:30:55,130 - Test Accurancy: 0.5544
2025-09-14 01:30:55,130 - Attack Success Rate: 0.5860
2025-09-14 01:31:04,652 - DPD clipping bound C_t: 4
2025-09-14 01:31:04,663 - DPD noise norm:0.0
2025-09-14 01:31:04,681 - Round number: 61 --------------------------
2025-09-14 01:31:04,681 - Evaluate global model
2025-09-14 01:31:10,315 - Averaged Train Loss: 1.1314
2025-09-14 01:31:10,316 - Test Accurancy: 0.5556
2025-09-14 01:31:10,316 - Attack Success Rate: 0.5960
2025-09-14 01:31:20,340 - DPD clipping bound C_t: 4
2025-09-14 01:31:20,344 - DPD noise norm:0.0
2025-09-14 01:31:20,356 - Round number: 62 --------------------------
2025-09-14 01:31:20,356 - Evaluate global model
2025-09-14 01:31:25,681 - Averaged Train Loss: 1.1802
2025-09-14 01:31:25,682 - Test Accurancy: 0.5412
2025-09-14 01:31:25,682 - Attack Success Rate: 0.6620
2025-09-14 01:31:34,514 - DPD clipping bound C_t: 4
2025-09-14 01:31:34,517 - DPD noise norm:0.0
2025-09-14 01:31:34,534 - Round number: 63 --------------------------
2025-09-14 01:31:34,534 - Evaluate global model
2025-09-14 01:31:40,350 - Averaged Train Loss: 1.1188
2025-09-14 01:31:40,352 - Test Accurancy: 0.5601
2025-09-14 01:31:40,352 - Attack Success Rate: 0.5553
2025-09-14 01:31:50,009 - DPD clipping bound C_t: 4
2025-09-14 01:31:50,016 - DPD noise norm:0.0
2025-09-14 01:31:50,037 - Round number: 64 --------------------------
2025-09-14 01:31:50,038 - Evaluate global model
2025-09-14 01:31:56,035 - Averaged Train Loss: 1.1518
2025-09-14 01:31:56,037 - Test Accurancy: 0.5544
2025-09-14 01:31:56,037 - Attack Success Rate: 0.5927
2025-09-14 01:32:04,809 - DPD clipping bound C_t: 4
2025-09-14 01:32:04,814 - DPD noise norm:0.0
2025-09-14 01:32:04,837 - Round number: 65 --------------------------
2025-09-14 01:32:04,837 - Evaluate global model
2025-09-14 01:32:10,920 - Averaged Train Loss: 1.1216
2025-09-14 01:32:10,921 - Test Accurancy: 0.5620
2025-09-14 01:32:10,922 - Attack Success Rate: 0.5547
2025-09-14 01:32:20,718 - DPD clipping bound C_t: 4
2025-09-14 01:32:20,725 - DPD noise norm:0.0
2025-09-14 01:32:20,745 - Round number: 66 --------------------------
2025-09-14 01:32:20,745 - Evaluate global model
2025-09-14 01:32:27,121 - Averaged Train Loss: 1.1535
2025-09-14 01:32:27,123 - Test Accurancy: 0.5497
2025-09-14 01:32:27,123 - Attack Success Rate: 0.6413
2025-09-14 01:32:37,342 - DPD clipping bound C_t: 4
2025-09-14 01:32:37,347 - DPD noise norm:0.0
2025-09-14 01:32:37,363 - Round number: 67 --------------------------
2025-09-14 01:32:37,364 - Evaluate global model
2025-09-14 01:32:43,787 - Averaged Train Loss: 1.1162
2025-09-14 01:32:43,789 - Test Accurancy: 0.5622
2025-09-14 01:32:43,789 - Attack Success Rate: 0.5487
2025-09-14 01:32:53,967 - DPD clipping bound C_t: 4
2025-09-14 01:32:53,976 - DPD noise norm:0.0
2025-09-14 01:32:54,002 - Round number: 68 --------------------------
2025-09-14 01:32:54,002 - Evaluate global model
2025-09-14 01:32:59,957 - Averaged Train Loss: 1.1273
2025-09-14 01:32:59,959 - Test Accurancy: 0.5578
2025-09-14 01:32:59,959 - Attack Success Rate: 0.6073
2025-09-14 01:33:10,659 - DPD clipping bound C_t: 4
2025-09-14 01:33:10,672 - DPD noise norm:0.0
2025-09-14 01:33:10,692 - Round number: 69 --------------------------
2025-09-14 01:33:10,692 - Evaluate global model
2025-09-14 01:33:17,060 - Averaged Train Loss: 1.1167
2025-09-14 01:33:17,061 - Test Accurancy: 0.5621
2025-09-14 01:33:17,061 - Attack Success Rate: 0.5447
2025-09-14 01:33:26,864 - DPD clipping bound C_t: 4
2025-09-14 01:33:26,870 - DPD noise norm:0.0
2025-09-14 01:33:26,891 - Round number: 70 --------------------------
2025-09-14 01:33:26,891 - Evaluate global model
2025-09-14 01:33:32,727 - Averaged Train Loss: 1.1375
2025-09-14 01:33:32,727 - Test Accurancy: 0.5542
2025-09-14 01:33:32,727 - Attack Success Rate: 0.6433
2025-09-14 01:33:43,039 - DPD clipping bound C_t: 4
2025-09-14 01:33:43,045 - DPD noise norm:0.0
2025-09-14 01:33:43,059 - Round number: 71 --------------------------
2025-09-14 01:33:43,059 - Evaluate global model
2025-09-14 01:33:48,138 - Averaged Train Loss: 1.1016
2025-09-14 01:33:48,140 - Test Accurancy: 0.5638
2025-09-14 01:33:48,140 - Attack Success Rate: 0.5533
2025-09-14 01:33:57,858 - DPD clipping bound C_t: 4
2025-09-14 01:33:57,863 - DPD noise norm:0.0
2025-09-14 01:33:57,876 - Round number: 72 --------------------------
2025-09-14 01:33:57,876 - Evaluate global model
2025-09-14 01:34:02,778 - Averaged Train Loss: 1.1310
2025-09-14 01:34:02,780 - Test Accurancy: 0.5571
2025-09-14 01:34:02,780 - Attack Success Rate: 0.5947
2025-09-14 01:34:13,150 - DPD clipping bound C_t: 4
2025-09-14 01:34:13,155 - DPD noise norm:0.0
2025-09-14 01:34:13,172 - Round number: 73 --------------------------
2025-09-14 01:34:13,172 - Evaluate global model
2025-09-14 01:34:18,755 - Averaged Train Loss: 1.1061
2025-09-14 01:34:18,758 - Test Accurancy: 0.5615
2025-09-14 01:34:18,758 - Attack Success Rate: 0.6073
2025-09-14 01:34:27,051 - DPD clipping bound C_t: 4
2025-09-14 01:34:27,055 - DPD noise norm:0.0
2025-09-14 01:34:27,068 - Round number: 74 --------------------------
2025-09-14 01:34:27,068 - Evaluate global model
2025-09-14 01:34:32,324 - Averaged Train Loss: 1.0881
2025-09-14 01:34:32,327 - Test Accurancy: 0.5666
2025-09-14 01:34:32,327 - Attack Success Rate: 0.5547
2025-09-14 01:34:42,376 - DPD clipping bound C_t: 4
2025-09-14 01:34:42,382 - DPD noise norm:0.0
2025-09-14 01:34:42,395 - Round number: 75 --------------------------
2025-09-14 01:34:42,395 - Evaluate global model
2025-09-14 01:34:46,793 - Averaged Train Loss: 1.0976
2025-09-14 01:34:46,794 - Test Accurancy: 0.5662
2025-09-14 01:34:46,794 - Attack Success Rate: 0.5667
2025-09-14 01:34:57,076 - DPD clipping bound C_t: 4
2025-09-14 01:34:57,084 - DPD noise norm:0.0
2025-09-14 01:34:57,100 - Round number: 76 --------------------------
2025-09-14 01:34:57,100 - Evaluate global model
2025-09-14 01:35:02,289 - Averaged Train Loss: 1.0938
2025-09-14 01:35:02,291 - Test Accurancy: 0.5635
2025-09-14 01:35:02,291 - Attack Success Rate: 0.5813
2025-09-14 01:35:12,230 - DPD clipping bound C_t: 4
2025-09-14 01:35:12,236 - DPD noise norm:0.0
2025-09-14 01:35:12,250 - Round number: 77 --------------------------
2025-09-14 01:35:12,250 - Evaluate global model
2025-09-14 01:35:16,796 - Averaged Train Loss: 1.1193
2025-09-14 01:35:16,797 - Test Accurancy: 0.5597
2025-09-14 01:35:16,797 - Attack Success Rate: 0.6247
2025-09-14 01:35:26,510 - DPD clipping bound C_t: 4
2025-09-14 01:35:26,516 - DPD noise norm:0.0
2025-09-14 01:35:26,531 - Round number: 78 --------------------------
2025-09-14 01:35:26,531 - Evaluate global model
2025-09-14 01:35:31,132 - Averaged Train Loss: 1.0852
2025-09-14 01:35:31,133 - Test Accurancy: 0.5663
2025-09-14 01:35:31,133 - Attack Success Rate: 0.5540
2025-09-14 01:35:39,921 - DPD clipping bound C_t: 4
2025-09-14 01:35:39,928 - DPD noise norm:0.0
2025-09-14 01:35:39,948 - Round number: 79 --------------------------
2025-09-14 01:35:39,948 - Evaluate global model
2025-09-14 01:35:45,313 - Averaged Train Loss: 1.0888
2025-09-14 01:35:45,314 - Test Accurancy: 0.5661
2025-09-14 01:35:45,314 - Attack Success Rate: 0.5527
2025-09-14 01:35:53,818 - DPD clipping bound C_t: 4
2025-09-14 01:35:53,824 - DPD noise norm:0.0
2025-09-14 01:35:53,849 - Round number: 80 --------------------------
2025-09-14 01:35:53,850 - Evaluate global model
2025-09-14 01:35:59,965 - Averaged Train Loss: 1.0925
2025-09-14 01:35:59,967 - Test Accurancy: 0.5616
2025-09-14 01:35:59,967 - Attack Success Rate: 0.5907
2025-09-14 01:36:08,179 - DPD clipping bound C_t: 4
2025-09-14 01:36:08,184 - DPD noise norm:0.0
2025-09-14 01:36:08,201 - Round number: 81 --------------------------
2025-09-14 01:36:08,201 - Evaluate global model
2025-09-14 01:36:13,804 - Averaged Train Loss: 1.0618
2025-09-14 01:36:13,806 - Test Accurancy: 0.5737
2025-09-14 01:36:13,806 - Attack Success Rate: 0.5160
2025-09-14 01:36:22,363 - DPD clipping bound C_t: 4
2025-09-14 01:36:22,368 - DPD noise norm:0.0
2025-09-14 01:36:22,391 - Round number: 82 --------------------------
2025-09-14 01:36:22,391 - Evaluate global model
2025-09-14 01:36:27,217 - Averaged Train Loss: 1.0910
2025-09-14 01:36:27,219 - Test Accurancy: 0.5638
2025-09-14 01:36:27,219 - Attack Success Rate: 0.5880
2025-09-14 01:36:37,422 - DPD clipping bound C_t: 4
2025-09-14 01:36:37,429 - DPD noise norm:0.0
2025-09-14 01:36:37,453 - Round number: 83 --------------------------
2025-09-14 01:36:37,453 - Evaluate global model
2025-09-14 01:36:42,428 - Averaged Train Loss: 1.0734
2025-09-14 01:36:42,428 - Test Accurancy: 0.5690
2025-09-14 01:36:42,428 - Attack Success Rate: 0.5393
2025-09-14 01:36:51,746 - DPD clipping bound C_t: 4
2025-09-14 01:36:51,753 - DPD noise norm:0.0
2025-09-14 01:36:51,776 - Round number: 84 --------------------------
2025-09-14 01:36:51,776 - Evaluate global model
2025-09-14 01:36:56,545 - Averaged Train Loss: 1.0762
2025-09-14 01:36:56,546 - Test Accurancy: 0.5672
2025-09-14 01:36:56,546 - Attack Success Rate: 0.5567
2025-09-14 01:37:04,737 - DPD clipping bound C_t: 4
2025-09-14 01:37:04,741 - DPD noise norm:0.0
2025-09-14 01:37:04,753 - Round number: 85 --------------------------
2025-09-14 01:37:04,754 - Evaluate global model
2025-09-14 01:37:10,516 - Averaged Train Loss: 1.0835
2025-09-14 01:37:10,519 - Test Accurancy: 0.5622
2025-09-14 01:37:10,519 - Attack Success Rate: 0.6033
2025-09-14 01:37:19,583 - DPD clipping bound C_t: 4
2025-09-14 01:37:19,589 - DPD noise norm:0.0
2025-09-14 01:37:19,602 - Round number: 86 --------------------------
2025-09-14 01:37:19,602 - Evaluate global model
2025-09-14 01:37:24,494 - Averaged Train Loss: 1.0744
2025-09-14 01:37:24,496 - Test Accurancy: 0.5682
2025-09-14 01:37:24,496 - Attack Success Rate: 0.5640
2025-09-14 01:37:34,337 - DPD clipping bound C_t: 4
2025-09-14 01:37:34,341 - DPD noise norm:0.0
2025-09-14 01:37:34,355 - Round number: 87 --------------------------
2025-09-14 01:37:34,355 - Evaluate global model
2025-09-14 01:37:39,996 - Averaged Train Loss: 1.0627
2025-09-14 01:37:39,998 - Test Accurancy: 0.5697
2025-09-14 01:37:39,998 - Attack Success Rate: 0.5500
2025-09-14 01:37:49,403 - DPD clipping bound C_t: 4
2025-09-14 01:37:49,407 - DPD noise norm:0.0
2025-09-14 01:37:49,421 - Round number: 88 --------------------------
2025-09-14 01:37:49,421 - Evaluate global model
2025-09-14 01:37:55,600 - Averaged Train Loss: 1.0613
2025-09-14 01:37:55,603 - Test Accurancy: 0.5702
2025-09-14 01:37:55,603 - Attack Success Rate: 0.5380
2025-09-14 01:38:04,699 - DPD clipping bound C_t: 4
2025-09-14 01:38:04,706 - DPD noise norm:0.0
2025-09-14 01:38:04,728 - Round number: 89 --------------------------
2025-09-14 01:38:04,728 - Evaluate global model
2025-09-14 01:38:11,298 - Averaged Train Loss: 1.0762
2025-09-14 01:38:11,300 - Test Accurancy: 0.5654
2025-09-14 01:38:11,301 - Attack Success Rate: 0.5713
2025-09-14 01:38:19,900 - DPD clipping bound C_t: 4
2025-09-14 01:38:19,904 - DPD noise norm:0.0
2025-09-14 01:38:19,921 - Round number: 90 --------------------------
2025-09-14 01:38:19,921 - Evaluate global model
2025-09-14 01:38:24,586 - Averaged Train Loss: 1.0588
2025-09-14 01:38:24,588 - Test Accurancy: 0.5683
2025-09-14 01:38:24,588 - Attack Success Rate: 0.5660
2025-09-14 01:38:33,920 - DPD clipping bound C_t: 4
2025-09-14 01:38:33,924 - DPD noise norm:0.0
2025-09-14 01:38:33,938 - Round number: 91 --------------------------
2025-09-14 01:38:33,939 - Evaluate global model
2025-09-14 01:38:38,533 - Averaged Train Loss: 1.0532
2025-09-14 01:38:38,534 - Test Accurancy: 0.5721
2025-09-14 01:38:38,534 - Attack Success Rate: 0.5273
2025-09-14 01:38:48,430 - DPD clipping bound C_t: 4
2025-09-14 01:38:48,436 - DPD noise norm:0.0
2025-09-14 01:38:48,450 - Round number: 92 --------------------------
2025-09-14 01:38:48,450 - Evaluate global model
2025-09-14 01:38:53,261 - Averaged Train Loss: 1.0768
2025-09-14 01:38:53,262 - Test Accurancy: 0.5649
2025-09-14 01:38:53,262 - Attack Success Rate: 0.5900
2025-09-14 01:39:03,057 - DPD clipping bound C_t: 4
2025-09-14 01:39:03,064 - DPD noise norm:0.0
2025-09-14 01:39:03,078 - Round number: 93 --------------------------
2025-09-14 01:39:03,078 - Evaluate global model
2025-09-14 01:39:07,908 - Averaged Train Loss: 1.0381
2025-09-14 01:39:07,910 - Test Accurancy: 0.5736
2025-09-14 01:39:07,910 - Attack Success Rate: 0.5247
2025-09-14 01:39:17,672 - DPD clipping bound C_t: 4
2025-09-14 01:39:17,677 - DPD noise norm:0.0
2025-09-14 01:39:17,691 - Round number: 94 --------------------------
2025-09-14 01:39:17,691 - Evaluate global model
2025-09-14 01:39:21,777 - Averaged Train Loss: 1.0660
2025-09-14 01:39:21,777 - Test Accurancy: 0.5668
2025-09-14 01:39:21,777 - Attack Success Rate: 0.5667
2025-09-14 01:39:31,018 - DPD clipping bound C_t: 4
2025-09-14 01:39:31,025 - DPD noise norm:0.0
2025-09-14 01:39:31,042 - Round number: 95 --------------------------
2025-09-14 01:39:31,042 - Evaluate global model
2025-09-14 01:39:36,549 - Averaged Train Loss: 1.0366
2025-09-14 01:39:36,551 - Test Accurancy: 0.5740
2025-09-14 01:39:36,551 - Attack Success Rate: 0.5207
2025-09-14 01:39:45,727 - DPD clipping bound C_t: 4
2025-09-14 01:39:45,733 - DPD noise norm:0.0
2025-09-14 01:39:45,754 - Round number: 96 --------------------------
2025-09-14 01:39:45,754 - Evaluate global model
2025-09-14 01:39:50,955 - Averaged Train Loss: 1.0707
2025-09-14 01:39:50,957 - Test Accurancy: 0.5650
2025-09-14 01:39:50,957 - Attack Success Rate: 0.5953
2025-09-14 01:39:59,048 - DPD clipping bound C_t: 4
2025-09-14 01:39:59,053 - DPD noise norm:0.0
2025-09-14 01:39:59,070 - Round number: 97 --------------------------
2025-09-14 01:39:59,070 - Evaluate global model
2025-09-14 01:40:04,503 - Averaged Train Loss: 1.0322
2025-09-14 01:40:04,505 - Test Accurancy: 0.5740
2025-09-14 01:40:04,505 - Attack Success Rate: 0.5267
2025-09-14 01:40:13,275 - DPD clipping bound C_t: 4
2025-09-14 01:40:13,280 - DPD noise norm:0.0
2025-09-14 01:40:13,304 - Round number: 98 --------------------------
2025-09-14 01:40:13,304 - Evaluate global model
2025-09-14 01:40:17,823 - Averaged Train Loss: 1.0700
2025-09-14 01:40:17,823 - Test Accurancy: 0.5649
2025-09-14 01:40:17,823 - Attack Success Rate: 0.5740
2025-09-14 01:40:26,365 - DPD clipping bound C_t: 4
2025-09-14 01:40:26,369 - DPD noise norm:0.0
2025-09-14 01:40:26,391 - Round number: 99 --------------------------
2025-09-14 01:40:26,391 - Evaluate global model
2025-09-14 01:40:31,927 - Averaged Train Loss: 1.0274
2025-09-14 01:40:31,928 - Test Accurancy: 0.5750
2025-09-14 01:40:31,928 - Attack Success Rate: 0.5113
2025-09-14 01:40:39,643 - DPD clipping bound C_t: 4
2025-09-14 01:40:39,648 - DPD noise norm:0.0
2025-09-14 01:40:39,667 - Round number: 100 --------------------------
2025-09-14 01:40:39,667 - Evaluate global model
2025-09-14 01:40:44,476 - Averaged Train Loss: 1.0555
2025-09-14 01:40:44,477 - Test Accurancy: 0.5665
2025-09-14 01:40:44,477 - Attack Success Rate: 0.5740
2025-09-14 01:40:52,234 - DPD clipping bound C_t: 4
2025-09-14 01:40:52,239 - DPD noise norm:0.0
2025-09-14 01:40:52,241 - Run over
2025-09-14 01:40:52,241 - Saving results to ./exp/exp1/Cifar10/high_4.0.h5
2025-09-14 01:40:52,261 - Best accuracy: 0.5750249750249751
2025-09-14 01:40:52,261 - Average time cost per round: 14.857539672851562
