2026-04-11 16:01:03,143 - *****************EXP-3*****************
2026-04-11 16:01:03,143 - Exp repeats: 1
2026-04-11 16:01:03,143 - Communication Rounds: 100
2026-04-11 16:01:03,143 - Clients: 40

2026-04-11 16:01:03,143 - Attack method: sign_flip
2026-04-11 16:01:03,143 - Filtering rule: trmean
2026-04-11 16:01:03,143 - Dataset: UCIHAR
2026-04-11 16:01:03,143 - Model: cnn2
2026-04-11 16:01:03,143 - Learning Rate: 0.2
2026-04-11 16:01:03,143 - Batch Size: 64
2026-04-11 16:01:03,143 - Device: cuda
2026-04-11 16:01:03,143 - Device id: 0
2026-04-11 16:01:03,143 - Adversaries: 16
2026-04-11 16:01:03,143 - Model Poisoning: Sign Flip attack
2026-04-11 16:01:03,143 - *****************EXP-3*****************
2026-04-11 16:01:03,358 - Running time: 0th ==========================
2026-04-11 16:01:03,667 - Round number: 0 --------------------------
2026-04-11 16:01:03,667 - Evaluate global model
2026-04-11 16:01:04,152 - Averaged Train Loss: 1.8122
2026-04-11 16:01:04,152 - Test Accurancy: 0.1850
2026-04-11 16:01:04,818 - Round number: 1 --------------------------
2026-04-11 16:01:04,818 - Evaluate global model
2026-04-11 16:01:04,989 - Averaged Train Loss: 1.7789
2026-04-11 16:01:04,989 - Test Accurancy: 0.2553
2026-04-11 16:01:05,468 - Round number: 2 --------------------------
2026-04-11 16:01:05,469 - Evaluate global model
2026-04-11 16:01:05,697 - Averaged Train Loss: 1.7710
2026-04-11 16:01:05,697 - Test Accurancy: 0.2816
2026-04-11 16:01:06,182 - Round number: 3 --------------------------
2026-04-11 16:01:06,183 - Evaluate global model
2026-04-11 16:01:06,381 - Averaged Train Loss: 1.7630
2026-04-11 16:01:06,381 - Test Accurancy: 0.3075
2026-04-11 16:01:06,869 - Round number: 4 --------------------------
2026-04-11 16:01:06,869 - Evaluate global model
2026-04-11 16:01:07,100 - Averaged Train Loss: 1.7612
2026-04-11 16:01:07,100 - Test Accurancy: 0.2885
2026-04-11 16:01:07,568 - Round number: 5 --------------------------
2026-04-11 16:01:07,568 - Evaluate global model
2026-04-11 16:01:07,767 - Averaged Train Loss: 1.7644
2026-04-11 16:01:07,767 - Test Accurancy: 0.4426
2026-04-11 16:01:08,297 - Round number: 6 --------------------------
2026-04-11 16:01:08,297 - Evaluate global model
2026-04-11 16:01:08,495 - Averaged Train Loss: 1.7602
2026-04-11 16:01:08,495 - Test Accurancy: 0.4689
2026-04-11 16:01:08,980 - Round number: 7 --------------------------
2026-04-11 16:01:08,981 - Evaluate global model
2026-04-11 16:01:09,182 - Averaged Train Loss: 1.7566
2026-04-11 16:01:09,182 - Test Accurancy: 0.5048
2026-04-11 16:01:09,715 - Round number: 8 --------------------------
2026-04-11 16:01:09,715 - Evaluate global model
2026-04-11 16:01:09,901 - Averaged Train Loss: 1.7476
2026-04-11 16:01:09,901 - Test Accurancy: 0.4199
2026-04-11 16:01:10,407 - Round number: 9 --------------------------
2026-04-11 16:01:10,407 - Evaluate global model
2026-04-11 16:01:10,625 - Averaged Train Loss: 1.7375
2026-04-11 16:01:10,625 - Test Accurancy: 0.3862
2026-04-11 16:01:11,131 - Round number: 10 --------------------------
2026-04-11 16:01:11,131 - Evaluate global model
2026-04-11 16:01:11,332 - Averaged Train Loss: 1.7326
2026-04-11 16:01:11,332 - Test Accurancy: 0.4909
2026-04-11 16:01:11,833 - Round number: 11 --------------------------
2026-04-11 16:01:11,833 - Evaluate global model
2026-04-11 16:01:12,053 - Averaged Train Loss: 1.7369
2026-04-11 16:01:12,053 - Test Accurancy: 0.4708
2026-04-11 16:01:12,544 - Round number: 12 --------------------------
2026-04-11 16:01:12,544 - Evaluate global model
2026-04-11 16:01:12,766 - Averaged Train Loss: 1.7345
2026-04-11 16:01:12,767 - Test Accurancy: 0.4902
2026-04-11 16:01:13,269 - Round number: 13 --------------------------
2026-04-11 16:01:13,269 - Evaluate global model
2026-04-11 16:01:13,475 - Averaged Train Loss: 1.7309
2026-04-11 16:01:13,475 - Test Accurancy: 0.4685
2026-04-11 16:01:13,950 - Round number: 14 --------------------------
2026-04-11 16:01:13,950 - Evaluate global model
2026-04-11 16:01:14,177 - Averaged Train Loss: 1.7439
2026-04-11 16:01:14,177 - Test Accurancy: 0.3488
2026-04-11 16:01:14,672 - Round number: 15 --------------------------
2026-04-11 16:01:14,672 - Evaluate global model
2026-04-11 16:01:14,871 - Averaged Train Loss: 1.8015
2026-04-11 16:01:14,871 - Test Accurancy: 0.3797
2026-04-11 16:01:15,385 - Round number: 16 --------------------------
2026-04-11 16:01:15,386 - Evaluate global model
2026-04-11 16:01:15,593 - Averaged Train Loss: 1.8954
2026-04-11 16:01:15,593 - Test Accurancy: 0.3391
2026-04-11 16:01:16,059 - Round number: 17 --------------------------
2026-04-11 16:01:16,059 - Evaluate global model
2026-04-11 16:01:16,257 - Averaged Train Loss: 2.0853
2026-04-11 16:01:16,257 - Test Accurancy: 0.3387
2026-04-11 16:01:16,775 - Round number: 18 --------------------------
2026-04-11 16:01:16,775 - Evaluate global model
2026-04-11 16:01:16,987 - Averaged Train Loss: 2.0471
2026-04-11 16:01:16,987 - Test Accurancy: 0.3391
2026-04-11 16:01:17,446 - Round number: 19 --------------------------
2026-04-11 16:01:17,446 - Evaluate global model
2026-04-11 16:01:17,691 - Averaged Train Loss: 2.1379
2026-04-11 16:01:17,691 - Test Accurancy: 0.3391
2026-04-11 16:01:18,166 - Round number: 20 --------------------------
2026-04-11 16:01:18,167 - Evaluate global model
2026-04-11 16:01:18,377 - Averaged Train Loss: 2.1296
2026-04-11 16:01:18,377 - Test Accurancy: 0.3391
2026-04-11 16:01:18,858 - Round number: 21 --------------------------
2026-04-11 16:01:18,858 - Evaluate global model
2026-04-11 16:01:19,091 - Averaged Train Loss: 2.1938
2026-04-11 16:01:19,091 - Test Accurancy: 0.3391
2026-04-11 16:01:19,598 - Round number: 22 --------------------------
2026-04-11 16:01:19,598 - Evaluate global model
2026-04-11 16:01:19,805 - Averaged Train Loss: 2.2926
2026-04-11 16:01:19,806 - Test Accurancy: 0.3387
2026-04-11 16:01:20,333 - Round number: 23 --------------------------
2026-04-11 16:01:20,333 - Evaluate global model
2026-04-11 16:01:20,533 - Averaged Train Loss: 2.2408
2026-04-11 16:01:20,533 - Test Accurancy: 0.3391
2026-04-11 16:01:21,022 - Round number: 24 --------------------------
2026-04-11 16:01:21,022 - Evaluate global model
2026-04-11 16:01:21,252 - Averaged Train Loss: 2.3656
2026-04-11 16:01:21,252 - Test Accurancy: 0.3391
2026-04-11 16:01:21,755 - Round number: 25 --------------------------
2026-04-11 16:01:21,755 - Evaluate global model
2026-04-11 16:01:21,958 - Averaged Train Loss: 2.3883
2026-04-11 16:01:21,958 - Test Accurancy: 0.3387
2026-04-11 16:01:22,429 - Round number: 26 --------------------------
2026-04-11 16:01:22,429 - Evaluate global model
2026-04-11 16:01:22,679 - Averaged Train Loss: 2.3952
2026-04-11 16:01:22,679 - Test Accurancy: 0.3445
2026-04-11 16:01:23,142 - Round number: 27 --------------------------
2026-04-11 16:01:23,142 - Evaluate global model
2026-04-11 16:01:23,359 - Averaged Train Loss: 2.4432
2026-04-11 16:01:23,360 - Test Accurancy: 0.3407
2026-04-11 16:01:23,844 - Round number: 28 --------------------------
2026-04-11 16:01:23,844 - Evaluate global model
2026-04-11 16:01:24,080 - Averaged Train Loss: 2.4719
2026-04-11 16:01:24,081 - Test Accurancy: 0.3461
2026-04-11 16:01:24,549 - Round number: 29 --------------------------
2026-04-11 16:01:24,550 - Evaluate global model
2026-04-11 16:01:24,767 - Averaged Train Loss: 2.5031
2026-04-11 16:01:24,767 - Test Accurancy: 0.3430
2026-04-11 16:01:25,288 - Round number: 30 --------------------------
2026-04-11 16:01:25,288 - Evaluate global model
2026-04-11 16:01:25,485 - Averaged Train Loss: 2.4509
2026-04-11 16:01:25,485 - Test Accurancy: 0.3917
2026-04-11 16:01:25,988 - Round number: 31 --------------------------
2026-04-11 16:01:25,988 - Evaluate global model
2026-04-11 16:01:26,204 - Averaged Train Loss: 2.5343
2026-04-11 16:01:26,204 - Test Accurancy: 0.3716
2026-04-11 16:01:26,714 - Round number: 32 --------------------------
2026-04-11 16:01:26,714 - Evaluate global model
2026-04-11 16:01:26,911 - Averaged Train Loss: 2.5470
2026-04-11 16:01:26,911 - Test Accurancy: 0.4484
2026-04-11 16:01:27,414 - Round number: 33 --------------------------
2026-04-11 16:01:27,414 - Evaluate global model
2026-04-11 16:01:27,648 - Averaged Train Loss: 2.5281
2026-04-11 16:01:27,648 - Test Accurancy: 0.4457
2026-04-11 16:01:28,125 - Round number: 34 --------------------------
2026-04-11 16:01:28,125 - Evaluate global model
2026-04-11 16:01:28,341 - Averaged Train Loss: 2.5580
2026-04-11 16:01:28,342 - Test Accurancy: 0.4330
2026-04-11 16:01:28,851 - Round number: 35 --------------------------
2026-04-11 16:01:28,851 - Evaluate global model
2026-04-11 16:01:29,057 - Averaged Train Loss: 2.5233
2026-04-11 16:01:29,058 - Test Accurancy: 0.4894
2026-04-11 16:01:29,525 - Round number: 36 --------------------------
2026-04-11 16:01:29,525 - Evaluate global model
2026-04-11 16:01:29,754 - Averaged Train Loss: 2.5009
2026-04-11 16:01:29,754 - Test Accurancy: 0.5014
2026-04-11 16:01:30,258 - Round number: 37 --------------------------
2026-04-11 16:01:30,258 - Evaluate global model
2026-04-11 16:01:30,458 - Averaged Train Loss: 2.4703
2026-04-11 16:01:30,458 - Test Accurancy: 0.5033
2026-04-11 16:01:30,958 - Round number: 38 --------------------------
2026-04-11 16:01:30,958 - Evaluate global model
2026-04-11 16:01:31,174 - Averaged Train Loss: 2.5603
2026-04-11 16:01:31,174 - Test Accurancy: 0.4701
2026-04-11 16:01:31,673 - Round number: 39 --------------------------
2026-04-11 16:01:31,673 - Evaluate global model
2026-04-11 16:01:31,861 - Averaged Train Loss: 2.5655
2026-04-11 16:01:31,861 - Test Accurancy: 0.4871
2026-04-11 16:01:32,389 - Round number: 40 --------------------------
2026-04-11 16:01:32,390 - Evaluate global model
2026-04-11 16:01:32,595 - Averaged Train Loss: 2.5637
2026-04-11 16:01:32,595 - Test Accurancy: 0.4685
2026-04-11 16:01:33,067 - Round number: 41 --------------------------
2026-04-11 16:01:33,067 - Evaluate global model
2026-04-11 16:01:33,285 - Averaged Train Loss: 2.5619
2026-04-11 16:01:33,285 - Test Accurancy: 0.4932
2026-04-11 16:01:33,785 - Round number: 42 --------------------------
2026-04-11 16:01:33,785 - Evaluate global model
2026-04-11 16:01:33,987 - Averaged Train Loss: 2.6559
2026-04-11 16:01:33,987 - Test Accurancy: 0.4963
2026-04-11 16:01:34,436 - Round number: 43 --------------------------
2026-04-11 16:01:34,436 - Evaluate global model
2026-04-11 16:01:34,677 - Averaged Train Loss: 2.6472
2026-04-11 16:01:34,677 - Test Accurancy: 0.4902
2026-04-11 16:01:35,162 - Round number: 44 --------------------------
2026-04-11 16:01:35,162 - Evaluate global model
2026-04-11 16:01:35,360 - Averaged Train Loss: 2.7346
2026-04-11 16:01:35,360 - Test Accurancy: 0.4936
2026-04-11 16:01:35,846 - Round number: 45 --------------------------
2026-04-11 16:01:35,846 - Evaluate global model
2026-04-11 16:01:36,079 - Averaged Train Loss: 2.7431
2026-04-11 16:01:36,080 - Test Accurancy: 0.5071
2026-04-11 16:01:36,554 - Round number: 46 --------------------------
2026-04-11 16:01:36,554 - Evaluate global model
2026-04-11 16:01:36,747 - Averaged Train Loss: 2.7600
2026-04-11 16:01:36,747 - Test Accurancy: 0.5079
2026-04-11 16:01:37,267 - Round number: 47 --------------------------
2026-04-11 16:01:37,267 - Evaluate global model
2026-04-11 16:01:37,465 - Averaged Train Loss: 2.7115
2026-04-11 16:01:37,466 - Test Accurancy: 0.5137
2026-04-11 16:01:37,930 - Round number: 48 --------------------------
2026-04-11 16:01:37,930 - Evaluate global model
2026-04-11 16:01:38,149 - Averaged Train Loss: 2.8064
2026-04-11 16:01:38,150 - Test Accurancy: 0.5149
2026-04-11 16:01:38,636 - Round number: 49 --------------------------
2026-04-11 16:01:38,637 - Evaluate global model
2026-04-11 16:01:38,850 - Averaged Train Loss: 2.7963
2026-04-11 16:01:38,850 - Test Accurancy: 0.5234
2026-04-11 16:01:39,303 - Round number: 50 --------------------------
2026-04-11 16:01:39,303 - Evaluate global model
2026-04-11 16:01:39,558 - Averaged Train Loss: 2.8436
2026-04-11 16:01:39,559 - Test Accurancy: 0.5222
2026-04-11 16:01:40,026 - Round number: 51 --------------------------
2026-04-11 16:01:40,026 - Evaluate global model
2026-04-11 16:01:40,244 - Averaged Train Loss: 2.9189
2026-04-11 16:01:40,244 - Test Accurancy: 0.5249
2026-04-11 16:01:40,733 - Round number: 52 --------------------------
2026-04-11 16:01:40,733 - Evaluate global model
2026-04-11 16:01:40,968 - Averaged Train Loss: 2.9677
2026-04-11 16:01:40,968 - Test Accurancy: 0.5222
2026-04-11 16:01:41,447 - Round number: 53 --------------------------
2026-04-11 16:01:41,447 - Evaluate global model
2026-04-11 16:01:41,650 - Averaged Train Loss: 2.9146
2026-04-11 16:01:41,650 - Test Accurancy: 0.5276
2026-04-11 16:01:42,171 - Round number: 54 --------------------------
2026-04-11 16:01:42,171 - Evaluate global model
2026-04-11 16:01:42,368 - Averaged Train Loss: 2.9943
2026-04-11 16:01:42,368 - Test Accurancy: 0.5268
2026-04-11 16:01:42,843 - Round number: 55 --------------------------
2026-04-11 16:01:42,843 - Evaluate global model
2026-04-11 16:01:43,077 - Averaged Train Loss: 2.9723
2026-04-11 16:01:43,077 - Test Accurancy: 0.5435
2026-04-11 16:01:43,552 - Round number: 56 --------------------------
2026-04-11 16:01:43,552 - Evaluate global model
2026-04-11 16:01:43,769 - Averaged Train Loss: 3.0194
2026-04-11 16:01:43,769 - Test Accurancy: 0.5554
2026-04-11 16:01:44,232 - Round number: 57 --------------------------
2026-04-11 16:01:44,232 - Evaluate global model
2026-04-11 16:01:44,495 - Averaged Train Loss: 2.9963
2026-04-11 16:01:44,495 - Test Accurancy: 0.5589
2026-04-11 16:01:44,940 - Round number: 58 --------------------------
2026-04-11 16:01:44,940 - Evaluate global model
2026-04-11 16:01:45,166 - Averaged Train Loss: 3.1600
2026-04-11 16:01:45,166 - Test Accurancy: 0.5562
2026-04-11 16:01:45,649 - Round number: 59 --------------------------
2026-04-11 16:01:45,649 - Evaluate global model
2026-04-11 16:01:45,880 - Averaged Train Loss: 3.1032
2026-04-11 16:01:45,880 - Test Accurancy: 0.5632
2026-04-11 16:01:46,330 - Round number: 60 --------------------------
2026-04-11 16:01:46,330 - Evaluate global model
2026-04-11 16:01:46,563 - Averaged Train Loss: 3.1778
2026-04-11 16:01:46,564 - Test Accurancy: 0.5620
2026-04-11 16:01:47,069 - Round number: 61 --------------------------
2026-04-11 16:01:47,069 - Evaluate global model
2026-04-11 16:01:47,274 - Averaged Train Loss: 3.1973
2026-04-11 16:01:47,274 - Test Accurancy: 0.5639
2026-04-11 16:01:47,744 - Round number: 62 --------------------------
2026-04-11 16:01:47,744 - Evaluate global model
2026-04-11 16:01:47,978 - Averaged Train Loss: 3.2501
2026-04-11 16:01:47,979 - Test Accurancy: 0.5635
2026-04-11 16:01:48,448 - Round number: 63 --------------------------
2026-04-11 16:01:48,448 - Evaluate global model
2026-04-11 16:01:48,657 - Averaged Train Loss: 3.3742
2026-04-11 16:01:48,657 - Test Accurancy: 0.5639
2026-04-11 16:01:49,142 - Round number: 64 --------------------------
2026-04-11 16:01:49,142 - Evaluate global model
2026-04-11 16:01:49,393 - Averaged Train Loss: 3.3927
2026-04-11 16:01:49,393 - Test Accurancy: 0.5620
2026-04-11 16:01:49,845 - Round number: 65 --------------------------
2026-04-11 16:01:49,845 - Evaluate global model
2026-04-11 16:01:50,075 - Averaged Train Loss: 3.4366
2026-04-11 16:01:50,075 - Test Accurancy: 0.5585
2026-04-11 16:01:50,555 - Round number: 66 --------------------------
2026-04-11 16:01:50,555 - Evaluate global model
2026-04-11 16:01:50,785 - Averaged Train Loss: 3.4832
2026-04-11 16:01:50,785 - Test Accurancy: 0.5639
2026-04-11 16:01:51,238 - Round number: 67 --------------------------
2026-04-11 16:01:51,238 - Evaluate global model
2026-04-11 16:01:51,489 - Averaged Train Loss: 3.5243
2026-04-11 16:01:51,490 - Test Accurancy: 0.5686
2026-04-11 16:01:51,985 - Round number: 68 --------------------------
2026-04-11 16:01:51,985 - Evaluate global model
2026-04-11 16:01:52,193 - Averaged Train Loss: 3.5921
2026-04-11 16:01:52,193 - Test Accurancy: 0.5666
2026-04-11 16:01:52,669 - Round number: 69 --------------------------
2026-04-11 16:01:52,669 - Evaluate global model
2026-04-11 16:01:52,908 - Averaged Train Loss: 3.7155
2026-04-11 16:01:52,908 - Test Accurancy: 0.5666
2026-04-11 16:01:53,381 - Round number: 70 --------------------------
2026-04-11 16:01:53,381 - Evaluate global model
2026-04-11 16:01:53,581 - Averaged Train Loss: 3.7600
2026-04-11 16:01:53,581 - Test Accurancy: 0.5686
2026-04-11 16:01:54,088 - Round number: 71 --------------------------
2026-04-11 16:01:54,088 - Evaluate global model
2026-04-11 16:01:54,303 - Averaged Train Loss: 3.8427
2026-04-11 16:01:54,303 - Test Accurancy: 0.5670
2026-04-11 16:01:54,758 - Round number: 72 --------------------------
2026-04-11 16:01:54,758 - Evaluate global model
2026-04-11 16:01:54,999 - Averaged Train Loss: 3.9149
2026-04-11 16:01:54,999 - Test Accurancy: 0.5736
2026-04-11 16:01:55,472 - Round number: 73 --------------------------
2026-04-11 16:01:55,472 - Evaluate global model
2026-04-11 16:01:55,693 - Averaged Train Loss: 3.8208
2026-04-11 16:01:55,693 - Test Accurancy: 0.5759
2026-04-11 16:01:56,169 - Round number: 74 --------------------------
2026-04-11 16:01:56,169 - Evaluate global model
2026-04-11 16:01:56,441 - Averaged Train Loss: 3.9443
2026-04-11 16:01:56,441 - Test Accurancy: 0.5798
2026-04-11 16:01:56,902 - Round number: 75 --------------------------
2026-04-11 16:01:56,902 - Evaluate global model
2026-04-11 16:01:57,137 - Averaged Train Loss: 4.0077
2026-04-11 16:01:57,137 - Test Accurancy: 0.5809
2026-04-11 16:01:57,622 - Round number: 76 --------------------------
2026-04-11 16:01:57,622 - Evaluate global model
2026-04-11 16:01:57,847 - Averaged Train Loss: 4.0817
2026-04-11 16:01:57,847 - Test Accurancy: 0.5867
2026-04-11 16:01:58,310 - Round number: 77 --------------------------
2026-04-11 16:01:58,310 - Evaluate global model
2026-04-11 16:01:58,533 - Averaged Train Loss: 4.1272
2026-04-11 16:01:58,533 - Test Accurancy: 0.5902
2026-04-11 16:01:59,041 - Round number: 78 --------------------------
2026-04-11 16:01:59,042 - Evaluate global model
2026-04-11 16:01:59,239 - Averaged Train Loss: 4.1525
2026-04-11 16:01:59,239 - Test Accurancy: 0.6018
2026-04-11 16:01:59,712 - Round number: 79 --------------------------
2026-04-11 16:01:59,712 - Evaluate global model
2026-04-11 16:01:59,944 - Averaged Train Loss: 4.2689
2026-04-11 16:01:59,944 - Test Accurancy: 0.6141
2026-04-11 16:02:00,426 - Round number: 80 --------------------------
2026-04-11 16:02:00,426 - Evaluate global model
2026-04-11 16:02:00,639 - Averaged Train Loss: 4.3545
2026-04-11 16:02:00,639 - Test Accurancy: 0.6184
2026-04-11 16:02:01,123 - Round number: 81 --------------------------
2026-04-11 16:02:01,123 - Evaluate global model
2026-04-11 16:02:01,367 - Averaged Train Loss: 4.3534
2026-04-11 16:02:01,367 - Test Accurancy: 0.6172
2026-04-11 16:02:01,822 - Round number: 82 --------------------------
2026-04-11 16:02:01,823 - Evaluate global model
2026-04-11 16:02:02,048 - Averaged Train Loss: 4.4451
2026-04-11 16:02:02,049 - Test Accurancy: 0.6157
2026-04-11 16:02:02,552 - Round number: 83 --------------------------
2026-04-11 16:02:02,552 - Evaluate global model
2026-04-11 16:02:02,767 - Averaged Train Loss: 4.5306
2026-04-11 16:02:02,767 - Test Accurancy: 0.6180
2026-04-11 16:02:03,238 - Round number: 84 --------------------------
2026-04-11 16:02:03,238 - Evaluate global model
2026-04-11 16:02:03,472 - Averaged Train Loss: 4.6222
2026-04-11 16:02:03,472 - Test Accurancy: 0.6238
2026-04-11 16:02:03,972 - Round number: 85 --------------------------
2026-04-11 16:02:03,972 - Evaluate global model
2026-04-11 16:02:04,168 - Averaged Train Loss: 4.6111
2026-04-11 16:02:04,168 - Test Accurancy: 0.6246
2026-04-11 16:02:04,675 - Round number: 86 --------------------------
2026-04-11 16:02:04,675 - Evaluate global model
2026-04-11 16:02:04,900 - Averaged Train Loss: 4.6652
2026-04-11 16:02:04,900 - Test Accurancy: 0.6304
2026-04-11 16:02:05,372 - Round number: 87 --------------------------
2026-04-11 16:02:05,372 - Evaluate global model
2026-04-11 16:02:05,584 - Averaged Train Loss: 4.7793
2026-04-11 16:02:05,584 - Test Accurancy: 0.6377
2026-04-11 16:02:06,095 - Round number: 88 --------------------------
2026-04-11 16:02:06,095 - Evaluate global model
2026-04-11 16:02:06,315 - Averaged Train Loss: 4.6771
2026-04-11 16:02:06,315 - Test Accurancy: 0.6485
2026-04-11 16:02:06,780 - Round number: 89 --------------------------
2026-04-11 16:02:06,780 - Evaluate global model
2026-04-11 16:02:07,019 - Averaged Train Loss: 4.8202
2026-04-11 16:02:07,020 - Test Accurancy: 0.6497
2026-04-11 16:02:07,508 - Round number: 90 --------------------------
2026-04-11 16:02:07,508 - Evaluate global model
2026-04-11 16:02:07,725 - Averaged Train Loss: 5.0149
2026-04-11 16:02:07,725 - Test Accurancy: 0.6462
2026-04-11 16:02:08,194 - Round number: 91 --------------------------
2026-04-11 16:02:08,195 - Evaluate global model
2026-04-11 16:02:08,435 - Averaged Train Loss: 5.0551
2026-04-11 16:02:08,435 - Test Accurancy: 0.6516
2026-04-11 16:02:08,914 - Round number: 92 --------------------------
2026-04-11 16:02:08,914 - Evaluate global model
2026-04-11 16:02:09,118 - Averaged Train Loss: 5.0823
2026-04-11 16:02:09,118 - Test Accurancy: 0.6524
2026-04-11 16:02:09,614 - Round number: 93 --------------------------
2026-04-11 16:02:09,615 - Evaluate global model
2026-04-11 16:02:09,829 - Averaged Train Loss: 5.3118
2026-04-11 16:02:09,829 - Test Accurancy: 0.6489
2026-04-11 16:02:10,307 - Round number: 94 --------------------------
2026-04-11 16:02:10,308 - Evaluate global model
2026-04-11 16:02:10,507 - Averaged Train Loss: 5.3973
2026-04-11 16:02:10,507 - Test Accurancy: 0.6535
2026-04-11 16:02:11,032 - Round number: 95 --------------------------
2026-04-11 16:02:11,032 - Evaluate global model
2026-04-11 16:02:11,241 - Averaged Train Loss: 5.5142
2026-04-11 16:02:11,241 - Test Accurancy: 0.6535
2026-04-11 16:02:11,705 - Round number: 96 --------------------------
2026-04-11 16:02:11,705 - Evaluate global model
2026-04-11 16:02:11,954 - Averaged Train Loss: 5.6702
2026-04-11 16:02:11,954 - Test Accurancy: 0.6524
2026-04-11 16:02:12,431 - Round number: 97 --------------------------
2026-04-11 16:02:12,431 - Evaluate global model
2026-04-11 16:02:12,654 - Averaged Train Loss: 5.9683
2026-04-11 16:02:12,654 - Test Accurancy: 0.6539
2026-04-11 16:02:13,130 - Round number: 98 --------------------------
2026-04-11 16:02:13,130 - Evaluate global model
2026-04-11 16:02:13,379 - Averaged Train Loss: 6.0794
2026-04-11 16:02:13,379 - Test Accurancy: 0.6551
2026-04-11 16:02:13,836 - Round number: 99 --------------------------
2026-04-11 16:02:13,836 - Evaluate global model
2026-04-11 16:02:14,053 - Averaged Train Loss: 6.2554
2026-04-11 16:02:14,054 - Test Accurancy: 0.6586
2026-04-11 16:02:14,564 - Round number: 100 --------------------------
2026-04-11 16:02:14,564 - Evaluate global model
2026-04-11 16:02:14,776 - Averaged Train Loss: 6.4538
2026-04-11 16:02:14,776 - Test Accurancy: 0.6555
2026-04-11 16:02:15,259 - Run over
2026-04-11 16:02:15,260 - Saving results to ./exp/exp3/UCIHAR/trmean_sign_flip.h5
2026-04-11 16:02:15,262 - Best accuracy: 0.6585554268057165
2026-04-11 16:02:15,262 - Average time cost per round: 0.7044601058959961
