2025-09-15 10:12:00,243 - *****************EXP-3*****************
2025-09-15 10:12:00,244 - Exp repeats: 1
2025-09-15 10:12:00,244 - Communication Rounds: 100
2025-09-15 10:12:00,244 - Clients: 40

2025-09-15 10:12:00,244 - Attack method: none
2025-09-15 10:12:00,244 - Filtering rule: flame
2025-09-15 10:12:00,244 - Dataset: FashionMNIST
2025-09-15 10:12:00,244 - Model: cnn
2025-09-15 10:12:00,245 - Learning Rate: 0.2
2025-09-15 10:12:00,245 - Batch Size: 64
2025-09-15 10:12:00,245 - Device: cuda
2025-09-15 10:12:00,245 - Device id: 0
2025-09-15 10:12:00,245 - Adversaries: 0
2025-09-15 10:12:00,245 - Targeted Label Flipping: 4-->6
2025-09-15 10:12:00,245 - *****************EXP-3*****************
2025-09-15 10:12:00,819 - Running time: 0th ==========================
2025-09-15 10:12:03,173 - Round number: 0 --------------------------
2025-09-15 10:12:03,173 - Evaluate global model
2025-09-15 10:12:06,601 - Averaged Train Loss: 2.3031
2025-09-15 10:12:06,604 - Test Accurancy: 0.1321
2025-09-15 10:12:06,604 - Attack Success Rate: 0.0006
2025-09-15 10:12:12,312 - Flame select clients: [0, 1, 3, 7, 10, 11, 13, 14, 15, 19, 20, 24, 26, 27, 29, 30, 32, 33, 34, 35, 38]
2025-09-15 10:12:12,330 - Round number: 1 --------------------------
2025-09-15 10:12:12,330 - Evaluate global model
2025-09-15 10:12:14,178 - Averaged Train Loss: 1.9599
2025-09-15 10:12:14,179 - Test Accurancy: 0.4636
2025-09-15 10:12:14,179 - Attack Success Rate: 0.9133
2025-09-15 10:12:18,792 - Flame select clients: [0, 3, 7, 8, 10, 11, 12, 13, 14, 19, 20, 21, 24, 26, 29, 33, 34, 35, 36, 38, 39]
2025-09-15 10:12:18,809 - Round number: 2 --------------------------
2025-09-15 10:12:18,809 - Evaluate global model
2025-09-15 10:12:21,338 - Averaged Train Loss: 0.9122
2025-09-15 10:12:21,338 - Test Accurancy: 0.7002
2025-09-15 10:12:21,338 - Attack Success Rate: 0.0379
2025-09-15 10:12:25,774 - Flame select clients: [0, 1, 3, 7, 8, 12, 15, 16, 19, 20, 24, 29, 30, 32, 33, 34, 35, 36, 37, 38, 39]
2025-09-15 10:12:25,797 - Round number: 3 --------------------------
2025-09-15 10:12:25,797 - Evaluate global model
2025-09-15 10:12:27,454 - Averaged Train Loss: 0.6534
2025-09-15 10:12:27,455 - Test Accurancy: 0.7602
2025-09-15 10:12:27,455 - Attack Success Rate: 0.0873
2025-09-15 10:12:32,520 - Flame select clients: [0, 1, 6, 7, 8, 10, 11, 12, 13, 15, 20, 21, 24, 29, 30, 33, 34, 35, 36, 37, 39]
2025-09-15 10:12:32,535 - Round number: 4 --------------------------
2025-09-15 10:12:32,535 - Evaluate global model
2025-09-15 10:12:34,469 - Averaged Train Loss: 0.6108
2025-09-15 10:12:34,469 - Test Accurancy: 0.7645
2025-09-15 10:12:34,469 - Attack Success Rate: 0.0086
2025-09-15 10:12:39,081 - Flame select clients: [0, 1, 3, 4, 6, 7, 8, 11, 13, 15, 20, 24, 25, 29, 30, 33, 34, 35, 36, 37, 38, 39]
2025-09-15 10:12:39,112 - Round number: 5 --------------------------
2025-09-15 10:12:39,113 - Evaluate global model
2025-09-15 10:12:41,755 - Averaged Train Loss: 0.5603
2025-09-15 10:12:41,756 - Test Accurancy: 0.7825
2025-09-15 10:12:41,756 - Attack Success Rate: 0.0086
2025-09-15 10:12:46,126 - Flame select clients: [0, 4, 6, 7, 8, 11, 13, 14, 15, 20, 24, 25, 28, 29, 30, 33, 34, 35, 36, 37, 39]
2025-09-15 10:12:46,145 - Round number: 6 --------------------------
2025-09-15 10:12:46,145 - Evaluate global model
2025-09-15 10:12:48,319 - Averaged Train Loss: 0.5484
2025-09-15 10:12:48,321 - Test Accurancy: 0.7874
2025-09-15 10:12:48,321 - Attack Success Rate: 0.0029
2025-09-15 10:12:54,060 - Flame select clients: [0, 1, 7, 8, 10, 11, 15, 16, 19, 20, 21, 24, 29, 30, 32, 33, 34, 35, 36, 37, 39]
2025-09-15 10:12:54,109 - Round number: 7 --------------------------
2025-09-15 10:12:54,109 - Evaluate global model
2025-09-15 10:12:55,773 - Averaged Train Loss: 0.4920
2025-09-15 10:12:55,773 - Test Accurancy: 0.8120
2025-09-15 10:12:55,774 - Attack Success Rate: 0.0321
2025-09-15 10:13:00,902 - Flame select clients: [0, 1, 4, 6, 7, 8, 11, 13, 15, 16, 19, 20, 24, 29, 30, 33, 34, 35, 36, 37, 39]
2025-09-15 10:13:00,918 - Round number: 8 --------------------------
2025-09-15 10:13:00,919 - Evaluate global model
2025-09-15 10:13:02,494 - Averaged Train Loss: 0.4910
2025-09-15 10:13:02,495 - Test Accurancy: 0.8068
2025-09-15 10:13:02,495 - Attack Success Rate: 0.0080
2025-09-15 10:13:06,611 - Flame select clients: [0, 1, 4, 6, 7, 8, 10, 11, 13, 15, 18, 20, 24, 25, 29, 30, 32, 33, 34, 36, 37, 39]
2025-09-15 10:13:06,634 - Round number: 9 --------------------------
2025-09-15 10:13:06,634 - Evaluate global model
2025-09-15 10:13:08,311 - Averaged Train Loss: 0.4948
2025-09-15 10:13:08,311 - Test Accurancy: 0.8086
2025-09-15 10:13:08,311 - Attack Success Rate: 0.0029
2025-09-15 10:13:12,801 - Flame select clients: [0, 1, 4, 6, 8, 10, 11, 13, 15, 18, 20, 24, 25, 29, 30, 32, 33, 34, 36, 37, 39]
2025-09-15 10:13:12,826 - Round number: 10 --------------------------
2025-09-15 10:13:12,826 - Evaluate global model
2025-09-15 10:13:14,250 - Averaged Train Loss: 0.5184
2025-09-15 10:13:14,250 - Test Accurancy: 0.8070
2025-09-15 10:13:14,250 - Attack Success Rate: 0.0029
2025-09-15 10:13:18,402 - Flame select clients: [0, 1, 6, 7, 8, 10, 11, 13, 14, 15, 20, 21, 24, 29, 30, 32, 33, 34, 35, 36, 37, 39]
2025-09-15 10:13:18,426 - Round number: 11 --------------------------
2025-09-15 10:13:18,426 - Evaluate global model
2025-09-15 10:13:20,401 - Averaged Train Loss: 0.4431
2025-09-15 10:13:20,402 - Test Accurancy: 0.8296
2025-09-15 10:13:20,402 - Attack Success Rate: 0.0138
2025-09-15 10:13:24,795 - Flame select clients: [0, 1, 4, 6, 8, 10, 11, 13, 14, 15, 20, 24, 25, 29, 30, 32, 33, 34, 36, 37, 39]
2025-09-15 10:13:24,812 - Round number: 12 --------------------------
2025-09-15 10:13:24,812 - Evaluate global model
2025-09-15 10:13:26,332 - Averaged Train Loss: 0.4615
2025-09-15 10:13:26,333 - Test Accurancy: 0.8229
2025-09-15 10:13:26,333 - Attack Success Rate: 0.0052
2025-09-15 10:13:31,028 - Flame select clients: [0, 4, 6, 8, 10, 11, 13, 14, 15, 18, 20, 21, 24, 25, 29, 30, 32, 33, 34, 36, 37, 39]
2025-09-15 10:13:31,046 - Round number: 13 --------------------------
2025-09-15 10:13:31,046 - Evaluate global model
2025-09-15 10:13:32,556 - Averaged Train Loss: 0.4836
2025-09-15 10:13:32,557 - Test Accurancy: 0.8192
2025-09-15 10:13:32,557 - Attack Success Rate: 0.0040
2025-09-15 10:13:36,585 - Flame select clients: [0, 1, 4, 6, 8, 10, 11, 13, 14, 15, 18, 20, 21, 23, 24, 25, 29, 30, 32, 33, 34, 36, 37, 39]
2025-09-15 10:13:36,602 - Round number: 14 --------------------------
2025-09-15 10:13:36,602 - Evaluate global model
2025-09-15 10:13:38,373 - Averaged Train Loss: 0.4877
2025-09-15 10:13:38,374 - Test Accurancy: 0.8198
2025-09-15 10:13:38,374 - Attack Success Rate: 0.0023
2025-09-15 10:13:42,721 - Flame select clients: [0, 1, 4, 8, 10, 11, 14, 15, 18, 19, 20, 24, 25, 29, 30, 32, 33, 34, 36, 37, 39]
2025-09-15 10:13:42,742 - Round number: 15 --------------------------
2025-09-15 10:13:42,742 - Evaluate global model
2025-09-15 10:13:44,190 - Averaged Train Loss: 0.4568
2025-09-15 10:13:44,190 - Test Accurancy: 0.8266
2025-09-15 10:13:44,191 - Attack Success Rate: 0.0046
2025-09-15 10:13:48,472 - Flame select clients: [0, 1, 4, 6, 8, 10, 11, 14, 15, 18, 20, 21, 24, 25, 29, 30, 32, 33, 34, 37, 39]
2025-09-15 10:13:48,523 - Round number: 16 --------------------------
2025-09-15 10:13:48,524 - Evaluate global model
2025-09-15 10:13:50,502 - Averaged Train Loss: 0.4415
2025-09-15 10:13:50,502 - Test Accurancy: 0.8314
2025-09-15 10:13:50,502 - Attack Success Rate: 0.0063
2025-09-15 10:13:54,675 - Flame select clients: [0, 4, 6, 8, 10, 11, 13, 14, 15, 18, 20, 21, 24, 25, 29, 30, 32, 33, 34, 36, 37, 39]
2025-09-15 10:13:54,701 - Round number: 17 --------------------------
2025-09-15 10:13:54,702 - Evaluate global model
2025-09-15 10:13:56,264 - Averaged Train Loss: 0.4573
2025-09-15 10:13:56,265 - Test Accurancy: 0.8283
2025-09-15 10:13:56,265 - Attack Success Rate: 0.0040
2025-09-15 10:14:01,051 - Flame select clients: [0, 1, 4, 8, 10, 11, 14, 15, 18, 20, 21, 23, 24, 25, 29, 30, 32, 33, 34, 37, 39]
2025-09-15 10:14:01,106 - Round number: 18 --------------------------
2025-09-15 10:14:01,106 - Evaluate global model
2025-09-15 10:14:03,407 - Averaged Train Loss: 0.4376
2025-09-15 10:14:03,408 - Test Accurancy: 0.8349
2025-09-15 10:14:03,408 - Attack Success Rate: 0.0052
2025-09-15 10:14:08,314 - Flame select clients: [0, 4, 8, 10, 11, 14, 15, 18, 19, 20, 21, 24, 25, 29, 30, 32, 33, 34, 36, 37, 39]
2025-09-15 10:14:08,332 - Round number: 19 --------------------------
2025-09-15 10:14:08,332 - Evaluate global model
2025-09-15 10:14:11,029 - Averaged Train Loss: 0.4322
2025-09-15 10:14:11,030 - Test Accurancy: 0.8349
2025-09-15 10:14:11,030 - Attack Success Rate: 0.0057
2025-09-15 10:14:15,169 - Flame select clients: [0, 4, 8, 10, 11, 14, 15, 18, 19, 20, 21, 24, 25, 29, 30, 32, 33, 34, 36, 37, 39]
2025-09-15 10:14:15,185 - Round number: 20 --------------------------
2025-09-15 10:14:15,185 - Evaluate global model
2025-09-15 10:14:16,557 - Averaged Train Loss: 0.4307
2025-09-15 10:14:16,558 - Test Accurancy: 0.8366
2025-09-15 10:14:16,558 - Attack Success Rate: 0.0040
2025-09-15 10:14:21,228 - Flame select clients: [0, 4, 8, 10, 11, 14, 15, 18, 20, 21, 23, 24, 25, 29, 30, 32, 33, 34, 36, 37, 39]
2025-09-15 10:14:21,254 - Round number: 21 --------------------------
2025-09-15 10:14:21,254 - Evaluate global model
2025-09-15 10:14:22,776 - Averaged Train Loss: 0.4262
2025-09-15 10:14:22,777 - Test Accurancy: 0.8418
2025-09-15 10:14:22,777 - Attack Success Rate: 0.0034
2025-09-15 10:14:27,007 - Flame select clients: [0, 4, 8, 10, 11, 14, 15, 16, 18, 20, 21, 24, 25, 29, 30, 32, 33, 34, 36, 37, 39]
2025-09-15 10:14:27,053 - Round number: 22 --------------------------
2025-09-15 10:14:27,054 - Evaluate global model
2025-09-15 10:14:28,752 - Averaged Train Loss: 0.4293
2025-09-15 10:14:28,755 - Test Accurancy: 0.8382
2025-09-15 10:14:28,755 - Attack Success Rate: 0.0034
2025-09-15 10:14:33,136 - Flame select clients: [0, 4, 6, 8, 10, 11, 13, 15, 18, 20, 21, 24, 25, 29, 30, 32, 33, 34, 36, 37, 39]
2025-09-15 10:14:33,163 - Round number: 23 --------------------------
2025-09-15 10:14:33,164 - Evaluate global model
2025-09-15 10:14:34,896 - Averaged Train Loss: 0.4457
2025-09-15 10:14:34,897 - Test Accurancy: 0.8341
2025-09-15 10:14:34,897 - Attack Success Rate: 0.0011
2025-09-15 10:14:40,621 - Flame select clients: [0, 4, 6, 8, 10, 11, 13, 14, 15, 18, 20, 21, 24, 25, 29, 30, 32, 33, 34, 36, 37, 39]
2025-09-15 10:14:40,667 - Round number: 24 --------------------------
2025-09-15 10:14:40,667 - Evaluate global model
2025-09-15 10:14:42,713 - Averaged Train Loss: 0.4266
2025-09-15 10:14:42,714 - Test Accurancy: 0.8423
2025-09-15 10:14:42,714 - Attack Success Rate: 0.0023
2025-09-15 10:14:47,753 - Flame select clients: [0, 4, 8, 10, 11, 14, 15, 18, 20, 21, 23, 24, 25, 29, 30, 32, 33, 34, 36, 37, 39]
2025-09-15 10:14:47,827 - Round number: 25 --------------------------
2025-09-15 10:14:47,827 - Evaluate global model
2025-09-15 10:14:49,490 - Averaged Train Loss: 0.4148
2025-09-15 10:14:49,490 - Test Accurancy: 0.8465
2025-09-15 10:14:49,490 - Attack Success Rate: 0.0029
2025-09-15 10:14:53,497 - Flame select clients: [0, 4, 8, 10, 11, 14, 15, 18, 19, 20, 21, 24, 25, 29, 30, 32, 33, 34, 36, 37, 39]
2025-09-15 10:14:53,516 - Round number: 26 --------------------------
2025-09-15 10:14:53,517 - Evaluate global model
2025-09-15 10:14:54,885 - Averaged Train Loss: 0.4055
2025-09-15 10:14:54,886 - Test Accurancy: 0.8495
2025-09-15 10:14:54,886 - Attack Success Rate: 0.0040
2025-09-15 10:14:59,380 - Flame select clients: [0, 4, 6, 8, 10, 11, 14, 15, 18, 20, 21, 24, 25, 29, 30, 32, 33, 34, 36, 37, 39]
2025-09-15 10:14:59,396 - Round number: 27 --------------------------
2025-09-15 10:14:59,396 - Evaluate global model
2025-09-15 10:15:00,741 - Averaged Train Loss: 0.4158
2025-09-15 10:15:00,741 - Test Accurancy: 0.8470
2025-09-15 10:15:00,741 - Attack Success Rate: 0.0029
2025-09-15 10:15:04,700 - Flame select clients: [0, 4, 8, 10, 11, 14, 15, 16, 18, 20, 21, 24, 25, 29, 30, 32, 33, 34, 36, 37, 39]
2025-09-15 10:15:04,715 - Round number: 28 --------------------------
2025-09-15 10:15:04,715 - Evaluate global model
2025-09-15 10:15:06,117 - Averaged Train Loss: 0.4258
2025-09-15 10:15:06,117 - Test Accurancy: 0.8422
2025-09-15 10:15:06,117 - Attack Success Rate: 0.0023
2025-09-15 10:15:10,275 - Flame select clients: [0, 4, 8, 10, 11, 14, 15, 16, 18, 20, 21, 24, 25, 29, 30, 32, 33, 34, 36, 37, 39]
2025-09-15 10:15:10,303 - Round number: 29 --------------------------
2025-09-15 10:15:10,304 - Evaluate global model
2025-09-15 10:15:11,644 - Averaged Train Loss: 0.4120
2025-09-15 10:15:11,645 - Test Accurancy: 0.8478
2025-09-15 10:15:11,645 - Attack Success Rate: 0.0029
2025-09-15 10:15:15,691 - Flame select clients: [0, 4, 8, 10, 11, 14, 15, 16, 19, 20, 21, 24, 25, 29, 30, 32, 33, 34, 36, 37, 39]
2025-09-15 10:15:15,705 - Round number: 30 --------------------------
2025-09-15 10:15:15,705 - Evaluate global model
2025-09-15 10:15:17,230 - Averaged Train Loss: 0.3937
2025-09-15 10:15:17,231 - Test Accurancy: 0.8527
2025-09-15 10:15:17,231 - Attack Success Rate: 0.0040
2025-09-15 10:15:21,776 - Flame select clients: [0, 4, 8, 10, 11, 14, 15, 16, 18, 19, 20, 24, 25, 29, 30, 32, 33, 34, 36, 37, 39]
2025-09-15 10:15:21,810 - Round number: 31 --------------------------
2025-09-15 10:15:21,810 - Evaluate global model
2025-09-15 10:15:23,555 - Averaged Train Loss: 0.4018
2025-09-15 10:15:23,556 - Test Accurancy: 0.8514
2025-09-15 10:15:23,556 - Attack Success Rate: 0.0029
2025-09-15 10:15:27,335 - Flame select clients: [0, 4, 8, 10, 11, 14, 15, 16, 18, 21, 23, 24, 25, 29, 30, 32, 33, 34, 36, 37, 39]
2025-09-15 10:15:27,349 - Round number: 32 --------------------------
2025-09-15 10:15:27,349 - Evaluate global model
2025-09-15 10:15:29,270 - Averaged Train Loss: 0.4256
2025-09-15 10:15:29,271 - Test Accurancy: 0.8451
2025-09-15 10:15:29,271 - Attack Success Rate: 0.0011
2025-09-15 10:15:33,213 - Flame select clients: [0, 4, 8, 10, 11, 14, 15, 16, 18, 21, 23, 24, 25, 29, 30, 32, 33, 34, 36, 37, 39]
2025-09-15 10:15:33,227 - Round number: 33 --------------------------
2025-09-15 10:15:33,227 - Evaluate global model
2025-09-15 10:15:34,622 - Averaged Train Loss: 0.4239
2025-09-15 10:15:34,623 - Test Accurancy: 0.8489
2025-09-15 10:15:34,623 - Attack Success Rate: 0.0011
2025-09-15 10:15:38,657 - Flame select clients: [0, 4, 8, 10, 11, 14, 15, 16, 18, 20, 21, 24, 25, 29, 30, 32, 33, 34, 36, 37, 39]
2025-09-15 10:15:38,674 - Round number: 34 --------------------------
2025-09-15 10:15:38,674 - Evaluate global model
2025-09-15 10:15:40,138 - Averaged Train Loss: 0.4116
2025-09-15 10:15:40,138 - Test Accurancy: 0.8495
2025-09-15 10:15:40,138 - Attack Success Rate: 0.0017
2025-09-15 10:15:43,977 - Flame select clients: [0, 4, 8, 10, 11, 14, 15, 16, 18, 21, 23, 24, 25, 29, 30, 32, 33, 34, 36, 37, 39]
2025-09-15 10:15:44,014 - Round number: 35 --------------------------
2025-09-15 10:15:44,014 - Evaluate global model
2025-09-15 10:15:45,399 - Averaged Train Loss: 0.4134
2025-09-15 10:15:45,399 - Test Accurancy: 0.8529
2025-09-15 10:15:45,399 - Attack Success Rate: 0.0011
2025-09-15 10:15:49,692 - Flame select clients: [0, 4, 8, 10, 11, 14, 15, 16, 18, 21, 24, 25, 26, 29, 30, 32, 33, 34, 36, 37, 39]
2025-09-15 10:15:49,717 - Round number: 36 --------------------------
2025-09-15 10:15:49,718 - Evaluate global model
2025-09-15 10:15:51,181 - Averaged Train Loss: 0.4074
2025-09-15 10:15:51,181 - Test Accurancy: 0.8493
2025-09-15 10:15:51,181 - Attack Success Rate: 0.0023
2025-09-15 10:15:55,122 - Flame select clients: [0, 2, 4, 8, 10, 11, 14, 15, 16, 18, 21, 24, 25, 26, 29, 30, 32, 33, 34, 36, 37, 39]
2025-09-15 10:15:55,136 - Round number: 37 --------------------------
2025-09-15 10:15:55,136 - Evaluate global model
2025-09-15 10:15:56,550 - Averaged Train Loss: 0.4056
2025-09-15 10:15:56,551 - Test Accurancy: 0.8526
2025-09-15 10:15:56,551 - Attack Success Rate: 0.0023
2025-09-15 10:16:00,601 - Flame select clients: [0, 4, 8, 10, 11, 14, 15, 16, 18, 20, 21, 24, 25, 29, 30, 32, 33, 34, 36, 37, 39]
2025-09-15 10:16:00,618 - Round number: 38 --------------------------
2025-09-15 10:16:00,618 - Evaluate global model
2025-09-15 10:16:02,635 - Averaged Train Loss: 0.3914
2025-09-15 10:16:02,636 - Test Accurancy: 0.8565
2025-09-15 10:16:02,636 - Attack Success Rate: 0.0034
2025-09-15 10:16:06,643 - Flame select clients: [0, 4, 8, 10, 11, 14, 15, 16, 18, 21, 22, 24, 25, 29, 30, 32, 33, 34, 36, 37, 39]
2025-09-15 10:16:06,656 - Round number: 39 --------------------------
2025-09-15 10:16:06,656 - Evaluate global model
2025-09-15 10:16:08,038 - Averaged Train Loss: 0.4082
2025-09-15 10:16:08,039 - Test Accurancy: 0.8518
2025-09-15 10:16:08,039 - Attack Success Rate: 0.0011
2025-09-15 10:16:12,185 - Flame select clients: [0, 2, 4, 8, 10, 11, 14, 15, 16, 18, 19, 20, 21, 24, 25, 29, 30, 32, 33, 34, 36, 37, 39]
2025-09-15 10:16:12,210 - Round number: 40 --------------------------
2025-09-15 10:16:12,211 - Evaluate global model
2025-09-15 10:16:14,208 - Averaged Train Loss: 0.3758
2025-09-15 10:16:14,209 - Test Accurancy: 0.8607
2025-09-15 10:16:14,209 - Attack Success Rate: 0.0057
2025-09-15 10:16:18,231 - Flame select clients: [0, 4, 8, 10, 11, 14, 15, 16, 18, 20, 21, 24, 25, 29, 30, 32, 33, 34, 36, 37, 39]
2025-09-15 10:16:18,245 - Round number: 41 --------------------------
2025-09-15 10:16:18,246 - Evaluate global model
2025-09-15 10:16:19,977 - Averaged Train Loss: 0.3896
2025-09-15 10:16:19,978 - Test Accurancy: 0.8593
2025-09-15 10:16:19,978 - Attack Success Rate: 0.0040
2025-09-15 10:16:24,085 - Flame select clients: [0, 4, 8, 10, 11, 14, 15, 16, 18, 21, 24, 25, 26, 29, 30, 32, 33, 34, 36, 37, 39]
2025-09-15 10:16:24,101 - Round number: 42 --------------------------
2025-09-15 10:16:24,101 - Evaluate global model
2025-09-15 10:16:25,485 - Averaged Train Loss: 0.3882
2025-09-15 10:16:25,486 - Test Accurancy: 0.8586
2025-09-15 10:16:25,486 - Attack Success Rate: 0.0029
2025-09-15 10:16:29,434 - Flame select clients: [0, 4, 8, 10, 11, 14, 15, 16, 18, 20, 21, 24, 25, 29, 30, 32, 33, 34, 36, 37, 39]
2025-09-15 10:16:29,458 - Round number: 43 --------------------------
2025-09-15 10:16:29,459 - Evaluate global model
2025-09-15 10:16:31,383 - Averaged Train Loss: 0.3913
2025-09-15 10:16:31,384 - Test Accurancy: 0.8590
2025-09-15 10:16:31,384 - Attack Success Rate: 0.0029
2025-09-15 10:16:35,607 - Flame select clients: [0, 4, 8, 10, 11, 14, 15, 16, 18, 21, 24, 25, 26, 29, 30, 32, 33, 34, 36, 37, 39]
2025-09-15 10:16:35,627 - Round number: 44 --------------------------
2025-09-15 10:16:35,627 - Evaluate global model
2025-09-15 10:16:37,207 - Averaged Train Loss: 0.3995
2025-09-15 10:16:37,208 - Test Accurancy: 0.8568
2025-09-15 10:16:37,208 - Attack Success Rate: 0.0017
2025-09-15 10:16:42,562 - Flame select clients: [0, 4, 8, 10, 11, 14, 15, 16, 18, 21, 22, 24, 25, 29, 30, 32, 33, 34, 36, 37, 39]
2025-09-15 10:16:42,616 - Round number: 45 --------------------------
2025-09-15 10:16:42,616 - Evaluate global model
2025-09-15 10:16:44,217 - Averaged Train Loss: 0.4041
2025-09-15 10:16:44,218 - Test Accurancy: 0.8547
2025-09-15 10:16:44,218 - Attack Success Rate: 0.0017
2025-09-15 10:16:48,467 - Flame select clients: [0, 4, 8, 10, 11, 14, 15, 16, 18, 19, 21, 24, 25, 29, 30, 32, 33, 34, 36, 37, 39]
2025-09-15 10:16:48,486 - Round number: 46 --------------------------
2025-09-15 10:16:48,487 - Evaluate global model
2025-09-15 10:16:50,074 - Averaged Train Loss: 0.3992
2025-09-15 10:16:50,075 - Test Accurancy: 0.8537
2025-09-15 10:16:50,075 - Attack Success Rate: 0.0017
2025-09-15 10:16:54,442 - Flame select clients: [0, 4, 8, 10, 11, 14, 15, 16, 18, 21, 24, 25, 26, 29, 30, 32, 33, 34, 36, 37, 39]
2025-09-15 10:16:54,457 - Round number: 47 --------------------------
2025-09-15 10:16:54,457 - Evaluate global model
2025-09-15 10:16:56,189 - Averaged Train Loss: 0.3961
2025-09-15 10:16:56,190 - Test Accurancy: 0.8581
2025-09-15 10:16:56,190 - Attack Success Rate: 0.0017
2025-09-15 10:17:00,589 - Flame select clients: [0, 4, 8, 10, 11, 14, 15, 16, 18, 21, 22, 24, 25, 26, 29, 30, 32, 33, 34, 36, 37, 39]
2025-09-15 10:17:00,611 - Round number: 48 --------------------------
2025-09-15 10:17:00,611 - Evaluate global model
2025-09-15 10:17:02,289 - Averaged Train Loss: 0.3977
2025-09-15 10:17:02,292 - Test Accurancy: 0.8584
2025-09-15 10:17:02,292 - Attack Success Rate: 0.0017
2025-09-15 10:17:06,763 - Flame select clients: [0, 4, 8, 10, 11, 14, 15, 16, 18, 21, 22, 24, 25, 29, 30, 32, 33, 34, 36, 37, 39]
2025-09-15 10:17:06,779 - Round number: 49 --------------------------
2025-09-15 10:17:06,779 - Evaluate global model
2025-09-15 10:17:08,324 - Averaged Train Loss: 0.4028
2025-09-15 10:17:08,324 - Test Accurancy: 0.8551
2025-09-15 10:17:08,324 - Attack Success Rate: 0.0017
2025-09-15 10:17:12,282 - Flame select clients: [0, 4, 8, 10, 11, 14, 15, 16, 18, 21, 24, 25, 26, 29, 30, 32, 33, 34, 36, 37, 39]
2025-09-15 10:17:12,300 - Round number: 50 --------------------------
2025-09-15 10:17:12,301 - Evaluate global model
2025-09-15 10:17:13,720 - Averaged Train Loss: 0.4088
2025-09-15 10:17:13,720 - Test Accurancy: 0.8562
2025-09-15 10:17:13,720 - Attack Success Rate: 0.0011
2025-09-15 10:17:17,626 - Flame select clients: [0, 4, 8, 10, 11, 14, 15, 16, 18, 21, 24, 25, 26, 29, 30, 32, 33, 34, 36, 37, 39]
2025-09-15 10:17:17,647 - Round number: 51 --------------------------
2025-09-15 10:17:17,648 - Evaluate global model
2025-09-15 10:17:19,800 - Averaged Train Loss: 0.3950
2025-09-15 10:17:19,803 - Test Accurancy: 0.8585
2025-09-15 10:17:19,803 - Attack Success Rate: 0.0017
2025-09-15 10:17:24,987 - Flame select clients: [0, 4, 8, 10, 11, 14, 15, 16, 18, 21, 24, 25, 26, 29, 30, 32, 33, 34, 36, 37, 39]
2025-09-15 10:17:25,003 - Round number: 52 --------------------------
2025-09-15 10:17:25,003 - Evaluate global model
2025-09-15 10:17:26,370 - Averaged Train Loss: 0.3948
2025-09-15 10:17:26,371 - Test Accurancy: 0.8599
2025-09-15 10:17:26,371 - Attack Success Rate: 0.0023
2025-09-15 10:17:30,364 - Flame select clients: [0, 2, 4, 8, 10, 11, 14, 15, 16, 18, 21, 24, 25, 29, 30, 32, 33, 34, 36, 37, 39]
2025-09-15 10:17:30,379 - Round number: 53 --------------------------
2025-09-15 10:17:30,379 - Evaluate global model
2025-09-15 10:17:32,019 - Averaged Train Loss: 0.3887
2025-09-15 10:17:32,020 - Test Accurancy: 0.8603
2025-09-15 10:17:32,020 - Attack Success Rate: 0.0029
2025-09-15 10:17:35,767 - Flame select clients: [0, 4, 8, 10, 11, 14, 15, 16, 18, 21, 24, 25, 26, 29, 30, 32, 33, 34, 36, 37, 39]
2025-09-15 10:17:35,781 - Round number: 54 --------------------------
2025-09-15 10:17:35,781 - Evaluate global model
2025-09-15 10:17:37,111 - Averaged Train Loss: 0.3993
2025-09-15 10:17:37,111 - Test Accurancy: 0.8584
2025-09-15 10:17:37,111 - Attack Success Rate: 0.0017
2025-09-15 10:17:41,006 - Flame select clients: [0, 4, 8, 10, 11, 14, 15, 16, 18, 21, 24, 25, 26, 29, 30, 32, 33, 34, 36, 37, 39]
2025-09-15 10:17:41,022 - Round number: 55 --------------------------
2025-09-15 10:17:41,022 - Evaluate global model
2025-09-15 10:17:42,626 - Averaged Train Loss: 0.4045
2025-09-15 10:17:42,627 - Test Accurancy: 0.8561
2025-09-15 10:17:42,627 - Attack Success Rate: 0.0011
2025-09-15 10:17:46,671 - Flame select clients: [0, 4, 8, 10, 11, 14, 15, 16, 18, 21, 22, 24, 25, 29, 30, 32, 33, 34, 36, 37, 39]
2025-09-15 10:17:46,690 - Round number: 56 --------------------------
2025-09-15 10:17:46,690 - Evaluate global model
2025-09-15 10:17:48,385 - Averaged Train Loss: 0.4089
2025-09-15 10:17:48,386 - Test Accurancy: 0.8575
2025-09-15 10:17:48,386 - Attack Success Rate: 0.0011
2025-09-15 10:17:53,052 - Flame select clients: [0, 4, 8, 10, 11, 14, 15, 16, 18, 21, 24, 25, 26, 29, 30, 32, 33, 34, 36, 37, 39]
2025-09-15 10:17:53,088 - Round number: 57 --------------------------
2025-09-15 10:17:53,088 - Evaluate global model
2025-09-15 10:17:54,940 - Averaged Train Loss: 0.3920
2025-09-15 10:17:54,940 - Test Accurancy: 0.8606
2025-09-15 10:17:54,940 - Attack Success Rate: 0.0023
2025-09-15 10:17:58,895 - Flame select clients: [0, 4, 8, 10, 11, 14, 15, 16, 18, 21, 24, 25, 26, 29, 30, 32, 33, 34, 36, 37, 39]
2025-09-15 10:17:58,910 - Round number: 58 --------------------------
2025-09-15 10:17:58,911 - Evaluate global model
2025-09-15 10:18:01,180 - Averaged Train Loss: 0.3905
2025-09-15 10:18:01,181 - Test Accurancy: 0.8618
2025-09-15 10:18:01,181 - Attack Success Rate: 0.0023
2025-09-15 10:18:05,097 - Flame select clients: [0, 2, 4, 8, 10, 11, 14, 15, 16, 18, 21, 24, 25, 29, 30, 32, 33, 34, 36, 37, 39]
2025-09-15 10:18:05,110 - Round number: 59 --------------------------
2025-09-15 10:18:05,110 - Evaluate global model
2025-09-15 10:18:06,538 - Averaged Train Loss: 0.3886
2025-09-15 10:18:06,538 - Test Accurancy: 0.8629
2025-09-15 10:18:06,538 - Attack Success Rate: 0.0029
2025-09-15 10:18:11,417 - Flame select clients: [0, 4, 8, 10, 11, 14, 15, 16, 18, 21, 24, 25, 26, 29, 30, 32, 33, 34, 36, 37, 39]
2025-09-15 10:18:11,433 - Round number: 60 --------------------------
2025-09-15 10:18:11,433 - Evaluate global model
2025-09-15 10:18:13,118 - Averaged Train Loss: 0.3979
2025-09-15 10:18:13,118 - Test Accurancy: 0.8607
2025-09-15 10:18:13,118 - Attack Success Rate: 0.0011
2025-09-15 10:18:16,971 - Flame select clients: [0, 4, 8, 10, 11, 14, 15, 16, 18, 21, 24, 25, 26, 29, 30, 32, 33, 34, 36, 37, 39]
2025-09-15 10:18:16,985 - Round number: 61 --------------------------
2025-09-15 10:18:16,986 - Evaluate global model
2025-09-15 10:18:18,580 - Averaged Train Loss: 0.3870
2025-09-15 10:18:18,581 - Test Accurancy: 0.8626
2025-09-15 10:18:18,581 - Attack Success Rate: 0.0023
2025-09-15 10:18:24,359 - Flame select clients: [0, 4, 8, 10, 11, 14, 15, 16, 18, 21, 24, 25, 26, 29, 30, 32, 33, 34, 36, 37, 39]
2025-09-15 10:18:24,375 - Round number: 62 --------------------------
2025-09-15 10:18:24,376 - Evaluate global model
2025-09-15 10:18:26,013 - Averaged Train Loss: 0.3902
2025-09-15 10:18:26,014 - Test Accurancy: 0.8614
2025-09-15 10:18:26,014 - Attack Success Rate: 0.0017
2025-09-15 10:18:30,491 - Flame select clients: [0, 4, 8, 10, 11, 14, 15, 16, 18, 21, 24, 25, 26, 29, 30, 32, 33, 34, 36, 37, 39]
2025-09-15 10:18:30,520 - Round number: 63 --------------------------
2025-09-15 10:18:30,521 - Evaluate global model
2025-09-15 10:18:32,904 - Averaged Train Loss: 0.3981
2025-09-15 10:18:32,904 - Test Accurancy: 0.8609
2025-09-15 10:18:32,904 - Attack Success Rate: 0.0017
2025-09-15 10:18:37,238 - Flame select clients: [0, 4, 8, 10, 11, 14, 15, 16, 18, 21, 24, 25, 26, 29, 30, 32, 33, 34, 36, 37, 39]
2025-09-15 10:18:37,252 - Round number: 64 --------------------------
2025-09-15 10:18:37,257 - Evaluate global model
2025-09-15 10:18:38,656 - Averaged Train Loss: 0.3967
2025-09-15 10:18:38,657 - Test Accurancy: 0.8607
2025-09-15 10:18:38,657 - Attack Success Rate: 0.0023
2025-09-15 10:18:42,964 - Flame select clients: [0, 4, 8, 10, 11, 14, 15, 16, 18, 21, 24, 25, 26, 29, 30, 32, 33, 34, 36, 37, 39]
2025-09-15 10:18:42,982 - Round number: 65 --------------------------
2025-09-15 10:18:42,982 - Evaluate global model
2025-09-15 10:18:44,649 - Averaged Train Loss: 0.4017
2025-09-15 10:18:44,650 - Test Accurancy: 0.8600
2025-09-15 10:18:44,650 - Attack Success Rate: 0.0017
2025-09-15 10:18:48,756 - Flame select clients: [0, 4, 8, 10, 11, 14, 15, 16, 18, 21, 24, 25, 26, 29, 30, 32, 33, 34, 36, 37, 39]
2025-09-15 10:18:48,783 - Round number: 66 --------------------------
2025-09-15 10:18:48,783 - Evaluate global model
2025-09-15 10:18:50,412 - Averaged Train Loss: 0.4002
2025-09-15 10:18:50,413 - Test Accurancy: 0.8589
2025-09-15 10:18:50,413 - Attack Success Rate: 0.0017
2025-09-15 10:18:54,520 - Flame select clients: [0, 4, 8, 10, 11, 14, 15, 16, 18, 21, 24, 25, 26, 29, 30, 32, 33, 34, 36, 37, 39]
2025-09-15 10:18:54,536 - Round number: 67 --------------------------
2025-09-15 10:18:54,536 - Evaluate global model
2025-09-15 10:18:56,284 - Averaged Train Loss: 0.3927
2025-09-15 10:18:56,284 - Test Accurancy: 0.8618
2025-09-15 10:18:56,284 - Attack Success Rate: 0.0017
2025-09-15 10:19:00,944 - Flame select clients: [0, 4, 8, 10, 11, 14, 15, 16, 18, 21, 24, 25, 26, 29, 30, 32, 33, 34, 36, 37, 39]
2025-09-15 10:19:00,976 - Round number: 68 --------------------------
2025-09-15 10:19:00,976 - Evaluate global model
2025-09-15 10:19:03,078 - Averaged Train Loss: 0.3952
2025-09-15 10:19:03,080 - Test Accurancy: 0.8623
2025-09-15 10:19:03,080 - Attack Success Rate: 0.0029
2025-09-15 10:19:07,212 - Flame select clients: [0, 4, 8, 10, 11, 14, 15, 16, 18, 21, 24, 25, 26, 29, 30, 32, 33, 34, 36, 37, 39]
2025-09-15 10:19:07,226 - Round number: 69 --------------------------
2025-09-15 10:19:07,226 - Evaluate global model
2025-09-15 10:19:08,556 - Averaged Train Loss: 0.3914
2025-09-15 10:19:08,556 - Test Accurancy: 0.8631
2025-09-15 10:19:08,556 - Attack Success Rate: 0.0046
2025-09-15 10:19:12,870 - Flame select clients: [0, 4, 8, 10, 11, 14, 15, 16, 18, 21, 24, 25, 26, 29, 30, 32, 33, 34, 36, 37, 39]
2025-09-15 10:19:12,891 - Round number: 70 --------------------------
2025-09-15 10:19:12,891 - Evaluate global model
2025-09-15 10:19:14,349 - Averaged Train Loss: 0.3916
2025-09-15 10:19:14,349 - Test Accurancy: 0.8630
2025-09-15 10:19:14,349 - Attack Success Rate: 0.0046
2025-09-15 10:19:18,626 - Flame select clients: [0, 4, 8, 10, 11, 14, 15, 16, 18, 21, 24, 25, 26, 29, 30, 32, 33, 34, 36, 37, 39]
2025-09-15 10:19:18,663 - Round number: 71 --------------------------
2025-09-15 10:19:18,663 - Evaluate global model
2025-09-15 10:19:20,430 - Averaged Train Loss: 0.3874
2025-09-15 10:19:20,431 - Test Accurancy: 0.8627
2025-09-15 10:19:20,431 - Attack Success Rate: 0.0040
2025-09-15 10:19:25,066 - Flame select clients: [0, 4, 8, 10, 11, 14, 15, 16, 18, 21, 24, 25, 26, 29, 30, 32, 33, 34, 36, 37, 39]
2025-09-15 10:19:25,095 - Round number: 72 --------------------------
2025-09-15 10:19:25,095 - Evaluate global model
2025-09-15 10:19:26,563 - Averaged Train Loss: 0.3913
2025-09-15 10:19:26,564 - Test Accurancy: 0.8635
2025-09-15 10:19:26,564 - Attack Success Rate: 0.0046
2025-09-15 10:19:31,085 - Flame select clients: [0, 4, 8, 10, 11, 14, 15, 16, 18, 21, 24, 25, 26, 29, 30, 32, 33, 34, 36, 37, 39]
2025-09-15 10:19:31,104 - Round number: 73 --------------------------
2025-09-15 10:19:31,105 - Evaluate global model
2025-09-15 10:19:32,973 - Averaged Train Loss: 0.3897
2025-09-15 10:19:32,974 - Test Accurancy: 0.8645
2025-09-15 10:19:32,974 - Attack Success Rate: 0.0063
2025-09-15 10:19:37,344 - Flame select clients: [0, 4, 8, 10, 11, 14, 15, 16, 18, 21, 24, 25, 26, 29, 30, 32, 33, 34, 36, 37, 39]
2025-09-15 10:19:37,366 - Round number: 74 --------------------------
2025-09-15 10:19:37,366 - Evaluate global model
2025-09-15 10:19:39,135 - Averaged Train Loss: 0.3974
2025-09-15 10:19:39,136 - Test Accurancy: 0.8635
2025-09-15 10:19:39,136 - Attack Success Rate: 0.0029
2025-09-15 10:19:43,878 - Flame select clients: [0, 4, 8, 10, 11, 14, 15, 16, 18, 21, 24, 25, 26, 29, 30, 32, 33, 34, 36, 37, 39]
2025-09-15 10:19:43,894 - Round number: 75 --------------------------
2025-09-15 10:19:43,894 - Evaluate global model
2025-09-15 10:19:45,520 - Averaged Train Loss: 0.3984
2025-09-15 10:19:45,521 - Test Accurancy: 0.8627
2025-09-15 10:19:45,521 - Attack Success Rate: 0.0029
2025-09-15 10:19:50,066 - Flame select clients: [0, 4, 8, 10, 11, 14, 15, 16, 18, 21, 24, 25, 26, 29, 30, 32, 33, 34, 36, 37, 39]
2025-09-15 10:19:50,094 - Round number: 76 --------------------------
2025-09-15 10:19:50,094 - Evaluate global model
2025-09-15 10:19:53,229 - Averaged Train Loss: 0.3926
2025-09-15 10:19:53,230 - Test Accurancy: 0.8640
2025-09-15 10:19:53,230 - Attack Success Rate: 0.0034
2025-09-15 10:19:57,553 - Flame select clients: [0, 4, 8, 10, 11, 14, 15, 16, 18, 21, 24, 25, 26, 29, 30, 32, 33, 34, 36, 37, 39]
2025-09-15 10:19:57,589 - Round number: 77 --------------------------
2025-09-15 10:19:57,589 - Evaluate global model
2025-09-15 10:19:59,438 - Averaged Train Loss: 0.3977
2025-09-15 10:19:59,444 - Test Accurancy: 0.8635
2025-09-15 10:19:59,444 - Attack Success Rate: 0.0029
2025-09-15 10:20:03,688 - Flame select clients: [0, 4, 8, 10, 11, 14, 15, 16, 18, 21, 24, 25, 26, 29, 30, 32, 33, 34, 36, 37, 39]
2025-09-15 10:20:03,704 - Round number: 78 --------------------------
2025-09-15 10:20:03,704 - Evaluate global model
2025-09-15 10:20:05,168 - Averaged Train Loss: 0.3947
2025-09-15 10:20:05,168 - Test Accurancy: 0.8633
2025-09-15 10:20:05,168 - Attack Success Rate: 0.0029
2025-09-15 10:20:09,285 - Flame select clients: [0, 4, 8, 10, 11, 14, 15, 16, 18, 21, 24, 25, 26, 29, 30, 32, 33, 34, 36, 37, 39]
2025-09-15 10:20:09,304 - Round number: 79 --------------------------
2025-09-15 10:20:09,304 - Evaluate global model
2025-09-15 10:20:10,739 - Averaged Train Loss: 0.3940
2025-09-15 10:20:10,740 - Test Accurancy: 0.8639
2025-09-15 10:20:10,740 - Attack Success Rate: 0.0057
2025-09-15 10:20:14,758 - Flame select clients: [0, 4, 8, 10, 11, 14, 15, 16, 18, 21, 24, 25, 26, 29, 30, 32, 33, 34, 36, 37, 39]
2025-09-15 10:20:14,773 - Round number: 80 --------------------------
2025-09-15 10:20:14,773 - Evaluate global model
2025-09-15 10:20:16,088 - Averaged Train Loss: 0.3873
2025-09-15 10:20:16,089 - Test Accurancy: 0.8649
2025-09-15 10:20:16,089 - Attack Success Rate: 0.0069
2025-09-15 10:20:20,012 - Flame select clients: [0, 4, 8, 10, 11, 14, 15, 16, 18, 21, 24, 25, 26, 29, 30, 32, 33, 34, 36, 37, 39]
2025-09-15 10:20:20,027 - Round number: 81 --------------------------
2025-09-15 10:20:20,027 - Evaluate global model
2025-09-15 10:20:21,410 - Averaged Train Loss: 0.3889
2025-09-15 10:20:21,410 - Test Accurancy: 0.8644
2025-09-15 10:20:21,411 - Attack Success Rate: 0.0063
2025-09-15 10:20:25,687 - Flame select clients: [0, 4, 8, 10, 11, 14, 15, 16, 18, 21, 24, 25, 26, 29, 30, 32, 33, 34, 36, 37, 39]
2025-09-15 10:20:25,717 - Round number: 82 --------------------------
2025-09-15 10:20:25,717 - Evaluate global model
2025-09-15 10:20:27,128 - Averaged Train Loss: 0.3905
2025-09-15 10:20:27,128 - Test Accurancy: 0.8650
2025-09-15 10:20:27,128 - Attack Success Rate: 0.0069
2025-09-15 10:20:31,485 - Flame select clients: [0, 4, 8, 10, 11, 14, 15, 16, 18, 21, 24, 25, 26, 29, 30, 32, 33, 34, 36, 37, 39]
2025-09-15 10:20:31,500 - Round number: 83 --------------------------
2025-09-15 10:20:31,500 - Evaluate global model
2025-09-15 10:20:33,000 - Averaged Train Loss: 0.3853
2025-09-15 10:20:33,001 - Test Accurancy: 0.8664
2025-09-15 10:20:33,001 - Attack Success Rate: 0.0080
2025-09-15 10:20:36,964 - Flame select clients: [0, 4, 8, 10, 11, 14, 15, 16, 18, 21, 24, 25, 26, 29, 30, 32, 33, 34, 36, 37, 39]
2025-09-15 10:20:36,983 - Round number: 84 --------------------------
2025-09-15 10:20:36,983 - Evaluate global model
2025-09-15 10:20:38,270 - Averaged Train Loss: 0.3886
2025-09-15 10:20:38,270 - Test Accurancy: 0.8661
2025-09-15 10:20:38,270 - Attack Success Rate: 0.0069
2025-09-15 10:20:42,467 - Flame select clients: [0, 4, 8, 10, 11, 14, 15, 16, 18, 21, 24, 25, 26, 29, 30, 32, 33, 34, 36, 37, 39]
2025-09-15 10:20:42,488 - Round number: 85 --------------------------
2025-09-15 10:20:42,488 - Evaluate global model
2025-09-15 10:20:44,245 - Averaged Train Loss: 0.3934
2025-09-15 10:20:44,246 - Test Accurancy: 0.8643
2025-09-15 10:20:44,246 - Attack Success Rate: 0.0057
2025-09-15 10:20:48,223 - Flame select clients: [0, 4, 8, 10, 11, 14, 15, 16, 18, 21, 24, 25, 26, 29, 30, 32, 33, 34, 36, 37, 39]
2025-09-15 10:20:48,236 - Round number: 86 --------------------------
2025-09-15 10:20:48,236 - Evaluate global model
2025-09-15 10:20:49,549 - Averaged Train Loss: 0.3847
2025-09-15 10:20:49,550 - Test Accurancy: 0.8660
2025-09-15 10:20:49,550 - Attack Success Rate: 0.0075
2025-09-15 10:20:54,370 - Flame select clients: [0, 4, 8, 10, 11, 14, 15, 16, 18, 21, 24, 25, 26, 29, 30, 32, 33, 34, 36, 37, 39]
2025-09-15 10:20:54,386 - Round number: 87 --------------------------
2025-09-15 10:20:54,386 - Evaluate global model
2025-09-15 10:20:55,831 - Averaged Train Loss: 0.3907
2025-09-15 10:20:55,831 - Test Accurancy: 0.8648
2025-09-15 10:20:55,831 - Attack Success Rate: 0.0069
2025-09-15 10:20:59,988 - Flame select clients: [0, 4, 8, 10, 11, 14, 15, 16, 18, 21, 24, 25, 26, 29, 30, 32, 33, 34, 36, 37, 39]
2025-09-15 10:21:00,017 - Round number: 88 --------------------------
2025-09-15 10:21:00,017 - Evaluate global model
2025-09-15 10:21:01,484 - Averaged Train Loss: 0.3945
2025-09-15 10:21:01,484 - Test Accurancy: 0.8637
2025-09-15 10:21:01,485 - Attack Success Rate: 0.0063
2025-09-15 10:21:05,486 - Flame select clients: [0, 4, 8, 10, 11, 14, 15, 16, 18, 21, 24, 25, 26, 29, 30, 32, 33, 34, 36, 37, 39]
2025-09-15 10:21:05,503 - Round number: 89 --------------------------
2025-09-15 10:21:05,504 - Evaluate global model
2025-09-15 10:21:07,050 - Averaged Train Loss: 0.3931
2025-09-15 10:21:07,050 - Test Accurancy: 0.8647
2025-09-15 10:21:07,050 - Attack Success Rate: 0.0069
2025-09-15 10:21:11,967 - Flame select clients: [0, 4, 8, 10, 11, 14, 15, 16, 18, 21, 24, 25, 26, 29, 30, 32, 33, 34, 36, 37, 39]
2025-09-15 10:21:12,012 - Round number: 90 --------------------------
2025-09-15 10:21:12,012 - Evaluate global model
2025-09-15 10:21:14,013 - Averaged Train Loss: 0.3867
2025-09-15 10:21:14,013 - Test Accurancy: 0.8658
2025-09-15 10:21:14,013 - Attack Success Rate: 0.0069
2025-09-15 10:21:18,125 - Flame select clients: [0, 4, 8, 10, 11, 14, 15, 16, 18, 21, 24, 25, 26, 29, 30, 32, 33, 34, 36, 37, 39]
2025-09-15 10:21:18,173 - Round number: 91 --------------------------
2025-09-15 10:21:18,173 - Evaluate global model
2025-09-15 10:21:20,707 - Averaged Train Loss: 0.3891
2025-09-15 10:21:20,711 - Test Accurancy: 0.8656
2025-09-15 10:21:20,711 - Attack Success Rate: 0.0069
2025-09-15 10:21:25,180 - Flame select clients: [0, 4, 8, 10, 11, 14, 15, 16, 18, 21, 24, 25, 26, 29, 30, 32, 33, 34, 36, 37, 39]
2025-09-15 10:21:25,195 - Round number: 92 --------------------------
2025-09-15 10:21:25,195 - Evaluate global model
2025-09-15 10:21:26,605 - Averaged Train Loss: 0.3874
2025-09-15 10:21:26,605 - Test Accurancy: 0.8654
2025-09-15 10:21:26,605 - Attack Success Rate: 0.0069
2025-09-15 10:21:31,734 - Flame select clients: [0, 4, 8, 10, 11, 14, 15, 16, 18, 21, 24, 25, 26, 29, 30, 32, 33, 34, 36, 37, 39]
2025-09-15 10:21:31,807 - Round number: 93 --------------------------
2025-09-15 10:21:31,807 - Evaluate global model
2025-09-15 10:21:34,204 - Averaged Train Loss: 0.3934
2025-09-15 10:21:34,205 - Test Accurancy: 0.8654
2025-09-15 10:21:34,205 - Attack Success Rate: 0.0069
2025-09-15 10:21:38,409 - Flame select clients: [0, 4, 8, 10, 11, 14, 15, 16, 18, 21, 24, 25, 26, 29, 30, 32, 33, 34, 36, 37, 39]
2025-09-15 10:21:38,425 - Round number: 94 --------------------------
2025-09-15 10:21:38,425 - Evaluate global model
2025-09-15 10:21:39,832 - Averaged Train Loss: 0.3873
2025-09-15 10:21:39,833 - Test Accurancy: 0.8662
2025-09-15 10:21:39,833 - Attack Success Rate: 0.0075
2025-09-15 10:21:43,921 - Flame select clients: [0, 4, 8, 10, 11, 14, 15, 16, 18, 21, 24, 25, 26, 29, 30, 32, 33, 34, 36, 37, 39]
2025-09-15 10:21:43,940 - Round number: 95 --------------------------
2025-09-15 10:21:43,941 - Evaluate global model
2025-09-15 10:21:45,333 - Averaged Train Loss: 0.3834
2025-09-15 10:21:45,334 - Test Accurancy: 0.8663
2025-09-15 10:21:45,334 - Attack Success Rate: 0.0075
2025-09-15 10:21:50,696 - Flame select clients: [0, 4, 8, 10, 11, 14, 15, 16, 18, 21, 24, 25, 26, 29, 30, 32, 33, 34, 36, 37, 39]
2025-09-15 10:21:50,754 - Round number: 96 --------------------------
2025-09-15 10:21:50,755 - Evaluate global model
2025-09-15 10:21:53,526 - Averaged Train Loss: 0.3890
2025-09-15 10:21:53,527 - Test Accurancy: 0.8658
2025-09-15 10:21:53,527 - Attack Success Rate: 0.0069
2025-09-15 10:21:58,308 - Flame select clients: [0, 4, 8, 10, 11, 14, 15, 16, 18, 21, 24, 25, 26, 29, 30, 32, 33, 34, 36, 37, 39]
2025-09-15 10:21:58,325 - Round number: 97 --------------------------
2025-09-15 10:21:58,325 - Evaluate global model
2025-09-15 10:21:59,831 - Averaged Train Loss: 0.3961
2025-09-15 10:21:59,832 - Test Accurancy: 0.8650
2025-09-15 10:21:59,832 - Attack Success Rate: 0.0063
2025-09-15 10:22:03,560 - Flame select clients: [0, 2, 4, 8, 10, 11, 14, 15, 16, 18, 19, 20, 21, 24, 25, 29, 30, 32, 33, 34, 36, 37, 39]
2025-09-15 10:22:03,574 - Round number: 98 --------------------------
2025-09-15 10:22:03,574 - Evaluate global model
2025-09-15 10:22:04,815 - Averaged Train Loss: 0.3652
2025-09-15 10:22:04,816 - Test Accurancy: 0.8706
2025-09-15 10:22:04,816 - Attack Success Rate: 0.0126
2025-09-15 10:22:08,935 - Flame select clients: [0, 4, 8, 10, 11, 14, 15, 16, 18, 21, 24, 25, 26, 29, 30, 32, 33, 34, 36, 37, 39]
2025-09-15 10:22:08,993 - Round number: 99 --------------------------
2025-09-15 10:22:08,994 - Evaluate global model
2025-09-15 10:22:11,025 - Averaged Train Loss: 0.3799
2025-09-15 10:22:11,025 - Test Accurancy: 0.8673
2025-09-15 10:22:11,025 - Attack Success Rate: 0.0086
2025-09-15 10:22:14,542 - Flame select clients: [0, 4, 8, 10, 11, 14, 15, 16, 18, 21, 24, 25, 26, 29, 30, 32, 33, 34, 36, 37, 39]
2025-09-15 10:22:14,556 - Round number: 100 --------------------------
2025-09-15 10:22:14,557 - Evaluate global model
2025-09-15 10:22:15,911 - Averaged Train Loss: 0.3899
2025-09-15 10:22:15,911 - Test Accurancy: 0.8655
2025-09-15 10:22:15,911 - Attack Success Rate: 0.0069
2025-09-15 10:22:19,429 - Flame select clients: [0, 4, 8, 10, 11, 14, 15, 16, 18, 21, 24, 25, 26, 29, 30, 32, 33, 34, 36, 37, 39]
2025-09-15 10:22:19,442 - Run over
2025-09-15 10:22:19,448 - Saving results to ./exp/exp3/FashionMNIST/flame_none.h5
2025-09-15 10:22:19,459 - Best accuracy: 0.8705606943017015
2025-09-15 10:22:19,459 - Average time cost per round: 6.071189386844635
