2025-09-14 05:14:14,186 - *****************EXP-2*****************
2025-09-14 05:14:14,186 - Exp repeats: 1
2025-09-14 05:14:14,186 - Communication Rounds: 100
2025-09-14 05:14:14,186 - Clients: 40

2025-09-14 05:14:14,186 - Attack method: scale
2025-09-14 05:14:14,186 - Filtering rule: dpd
2025-09-14 05:14:14,186 - Dataset: Cifar10
2025-09-14 05:14:14,186 - Model: cnn2
2025-09-14 05:14:14,187 - Learning Rate: 0.04
2025-09-14 05:14:14,187 - Batch Size: 64
2025-09-14 05:14:14,187 - Device: cuda
2025-09-14 05:14:14,187 - Device id: 0
2025-09-14 05:14:14,187 - DPD clipping strategy: auto
2025-09-14 05:14:14,187 - DPD noise level: 0.0042
2025-09-14 05:14:14,187 - Adversaries: 8
2025-09-14 05:14:14,187 - Targeted Label Flipping: 4-->6
2025-09-14 05:14:14,187 - *****************EXP-2*****************
2025-09-14 05:14:14,499 - Running time: 0th ==========================
2025-09-14 05:14:21,274 - Round number: 0 --------------------------
2025-09-14 05:14:21,275 - Evaluate global model
2025-09-14 05:14:27,554 - Averaged Train Loss: 2.3056
2025-09-14 05:14:27,555 - Test Accurancy: 0.0977
2025-09-14 05:14:27,555 - Attack Success Rate: 0.0000
2025-09-14 05:14:43,348 - DPD clipping bound C_t: 0.6818874776363373
2025-09-14 05:14:43,359 - DPD noise norm:2.534729242324829
2025-09-14 05:14:43,385 - Round number: 1 --------------------------
2025-09-14 05:14:43,385 - Evaluate global model
2025-09-14 05:14:52,508 - Averaged Train Loss: 2.2475
2025-09-14 05:14:52,516 - Test Accurancy: 0.1717
2025-09-14 05:14:52,516 - Attack Success Rate: 0.4200
2025-09-14 05:15:07,836 - DPD clipping bound C_t: 0.667215496301651
2025-09-14 05:15:07,845 - DPD noise norm:2.4809954166412354
2025-09-14 05:15:07,884 - Round number: 2 --------------------------
2025-09-14 05:15:07,884 - Evaluate global model
2025-09-14 05:15:14,603 - Averaged Train Loss: 2.1190
2025-09-14 05:15:14,606 - Test Accurancy: 0.1962
2025-09-14 05:15:14,607 - Attack Success Rate: 0.7640
2025-09-14 05:15:27,010 - DPD clipping bound C_t: 0.5926491022109985
2025-09-14 05:15:27,018 - DPD noise norm:2.2052578926086426
2025-09-14 05:15:27,046 - Round number: 3 --------------------------
2025-09-14 05:15:27,046 - Evaluate global model
2025-09-14 05:15:32,672 - Averaged Train Loss: 2.0422
2025-09-14 05:15:32,676 - Test Accurancy: 0.2234
2025-09-14 05:15:32,676 - Attack Success Rate: 0.7340
2025-09-14 05:15:40,785 - DPD clipping bound C_t: 0.582729160785675
2025-09-14 05:15:40,788 - DPD noise norm:2.164512872695923
2025-09-14 05:15:40,808 - Round number: 4 --------------------------
2025-09-14 05:15:40,808 - Evaluate global model
2025-09-14 05:15:44,780 - Averaged Train Loss: 1.9889
2025-09-14 05:15:44,781 - Test Accurancy: 0.2521
2025-09-14 05:15:44,781 - Attack Success Rate: 0.6947
2025-09-14 05:15:51,996 - DPD clipping bound C_t: 0.5765140056610107
2025-09-14 05:15:52,000 - DPD noise norm:2.1432673931121826
2025-09-14 05:15:52,017 - Round number: 5 --------------------------
2025-09-14 05:15:52,018 - Evaluate global model
2025-09-14 05:15:56,157 - Averaged Train Loss: 1.9354
2025-09-14 05:15:56,157 - Test Accurancy: 0.2840
2025-09-14 05:15:56,157 - Attack Success Rate: 0.6933
2025-09-14 05:16:03,749 - DPD clipping bound C_t: 0.558418333530426
2025-09-14 05:16:03,752 - DPD noise norm:2.077446460723877
2025-09-14 05:16:03,765 - Round number: 6 --------------------------
2025-09-14 05:16:03,765 - Evaluate global model
2025-09-14 05:16:08,813 - Averaged Train Loss: 1.8989
2025-09-14 05:16:08,817 - Test Accurancy: 0.3029
2025-09-14 05:16:08,817 - Attack Success Rate: 0.6340
2025-09-14 05:16:21,365 - DPD clipping bound C_t: 0.5428073406219482
2025-09-14 05:16:21,385 - DPD noise norm:2.0220470428466797
2025-09-14 05:16:21,426 - Round number: 7 --------------------------
2025-09-14 05:16:21,426 - Evaluate global model
2025-09-14 05:16:28,239 - Averaged Train Loss: 1.8575
2025-09-14 05:16:28,240 - Test Accurancy: 0.3318
2025-09-14 05:16:28,240 - Attack Success Rate: 0.5587
2025-09-14 05:16:36,860 - DPD clipping bound C_t: 0.5478342771530151
2025-09-14 05:16:36,863 - DPD noise norm:2.0380966663360596
2025-09-14 05:16:36,876 - Round number: 8 --------------------------
2025-09-14 05:16:36,876 - Evaluate global model
2025-09-14 05:16:41,046 - Averaged Train Loss: 1.8227
2025-09-14 05:16:41,047 - Test Accurancy: 0.3441
2025-09-14 05:16:41,047 - Attack Success Rate: 0.5247
2025-09-14 05:16:49,648 - DPD clipping bound C_t: 0.530866414308548
2025-09-14 05:16:49,652 - DPD noise norm:1.9728446006774902
2025-09-14 05:16:49,665 - Round number: 9 --------------------------
2025-09-14 05:16:49,665 - Evaluate global model
2025-09-14 05:16:54,019 - Averaged Train Loss: 1.7918
2025-09-14 05:16:54,022 - Test Accurancy: 0.3512
2025-09-14 05:16:54,022 - Attack Success Rate: 0.5320
2025-09-14 05:17:02,718 - DPD clipping bound C_t: 0.5209833681583405
2025-09-14 05:17:02,721 - DPD noise norm:1.9386227130889893
2025-09-14 05:17:02,737 - Round number: 10 --------------------------
2025-09-14 05:17:02,737 - Evaluate global model
2025-09-14 05:17:07,652 - Averaged Train Loss: 1.7555
2025-09-14 05:17:07,659 - Test Accurancy: 0.3688
2025-09-14 05:17:07,660 - Attack Success Rate: 0.4607
2025-09-14 05:17:18,607 - DPD clipping bound C_t: 0.5153592228889465
2025-09-14 05:17:18,615 - DPD noise norm:1.9143376350402832
2025-09-14 05:17:18,633 - Round number: 11 --------------------------
2025-09-14 05:17:18,633 - Evaluate global model
2025-09-14 05:17:23,712 - Averaged Train Loss: 1.7291
2025-09-14 05:17:23,713 - Test Accurancy: 0.3776
2025-09-14 05:17:23,713 - Attack Success Rate: 0.5080
2025-09-14 05:17:33,875 - DPD clipping bound C_t: 0.5132645070552826
2025-09-14 05:17:33,883 - DPD noise norm:1.9099338054656982
2025-09-14 05:17:33,912 - Round number: 12 --------------------------
2025-09-14 05:17:33,913 - Evaluate global model
2025-09-14 05:17:44,748 - Averaged Train Loss: 1.6988
2025-09-14 05:17:44,750 - Test Accurancy: 0.3893
2025-09-14 05:17:44,750 - Attack Success Rate: 0.4147
2025-09-14 05:17:59,701 - DPD clipping bound C_t: 0.5166797637939453
2025-09-14 05:17:59,709 - DPD noise norm:1.9198541641235352
2025-09-14 05:17:59,735 - Round number: 13 --------------------------
2025-09-14 05:17:59,735 - Evaluate global model
2025-09-14 05:18:06,847 - Averaged Train Loss: 1.6706
2025-09-14 05:18:06,849 - Test Accurancy: 0.3973
2025-09-14 05:18:06,849 - Attack Success Rate: 0.4007
2025-09-14 05:18:19,418 - DPD clipping bound C_t: 0.5075711011886597
2025-09-14 05:18:19,433 - DPD noise norm:1.8879269361495972
2025-09-14 05:18:19,463 - Round number: 14 --------------------------
2025-09-14 05:18:19,463 - Evaluate global model
2025-09-14 05:18:30,388 - Averaged Train Loss: 1.6409
2025-09-14 05:18:30,396 - Test Accurancy: 0.4059
2025-09-14 05:18:30,396 - Attack Success Rate: 0.4353
2025-09-14 05:18:41,818 - DPD clipping bound C_t: 0.4979790598154068
2025-09-14 05:18:41,821 - DPD noise norm:1.854661464691162
2025-09-14 05:18:41,840 - Round number: 15 --------------------------
2025-09-14 05:18:41,840 - Evaluate global model
2025-09-14 05:18:46,973 - Averaged Train Loss: 1.6230
2025-09-14 05:18:46,973 - Test Accurancy: 0.4090
2025-09-14 05:18:46,973 - Attack Success Rate: 0.4220
2025-09-14 05:18:55,072 - DPD clipping bound C_t: 0.4992307275533676
2025-09-14 05:18:55,076 - DPD noise norm:1.8531900644302368
2025-09-14 05:18:55,092 - Round number: 16 --------------------------
2025-09-14 05:18:55,092 - Evaluate global model
2025-09-14 05:18:59,920 - Averaged Train Loss: 1.5879
2025-09-14 05:18:59,921 - Test Accurancy: 0.4224
2025-09-14 05:18:59,921 - Attack Success Rate: 0.4293
2025-09-14 05:19:09,399 - DPD clipping bound C_t: 0.48723235726356506
2025-09-14 05:19:09,407 - DPD noise norm:1.8109593391418457
2025-09-14 05:19:09,432 - Round number: 17 --------------------------
2025-09-14 05:19:09,432 - Evaluate global model
2025-09-14 05:19:15,554 - Averaged Train Loss: 1.5691
2025-09-14 05:19:15,554 - Test Accurancy: 0.4295
2025-09-14 05:19:15,555 - Attack Success Rate: 0.4047
2025-09-14 05:19:24,411 - DPD clipping bound C_t: 0.475251704454422
2025-09-14 05:19:24,418 - DPD noise norm:1.7674953937530518
2025-09-14 05:19:24,441 - Round number: 18 --------------------------
2025-09-14 05:19:24,441 - Evaluate global model
2025-09-14 05:19:29,889 - Averaged Train Loss: 1.5517
2025-09-14 05:19:29,890 - Test Accurancy: 0.4348
2025-09-14 05:19:29,890 - Attack Success Rate: 0.3853
2025-09-14 05:19:42,676 - DPD clipping bound C_t: 0.4718394875526428
2025-09-14 05:19:42,682 - DPD noise norm:1.7550920248031616
2025-09-14 05:19:42,711 - Round number: 19 --------------------------
2025-09-14 05:19:42,712 - Evaluate global model
2025-09-14 05:19:49,725 - Averaged Train Loss: 1.5308
2025-09-14 05:19:49,726 - Test Accurancy: 0.4408
2025-09-14 05:19:49,726 - Attack Success Rate: 0.3580
2025-09-14 05:19:58,233 - DPD clipping bound C_t: 0.4642705172300339
2025-09-14 05:19:58,238 - DPD noise norm:1.7270148992538452
2025-09-14 05:19:58,253 - Round number: 20 --------------------------
2025-09-14 05:19:58,253 - Evaluate global model
2025-09-14 05:20:03,783 - Averaged Train Loss: 1.5218
2025-09-14 05:20:03,784 - Test Accurancy: 0.4405
2025-09-14 05:20:03,784 - Attack Success Rate: 0.3827
2025-09-14 05:20:13,366 - DPD clipping bound C_t: 0.4677874743938446
2025-09-14 05:20:13,374 - DPD noise norm:1.7398018836975098
2025-09-14 05:20:13,400 - Round number: 21 --------------------------
2025-09-14 05:20:13,400 - Evaluate global model
2025-09-14 05:20:19,638 - Averaged Train Loss: 1.5007
2025-09-14 05:20:19,640 - Test Accurancy: 0.4500
2025-09-14 05:20:19,640 - Attack Success Rate: 0.3493
2025-09-14 05:20:29,502 - DPD clipping bound C_t: 0.4639614522457123
2025-09-14 05:20:29,506 - DPD noise norm:1.7229622602462769
2025-09-14 05:20:29,522 - Round number: 22 --------------------------
2025-09-14 05:20:29,522 - Evaluate global model
2025-09-14 05:20:34,162 - Averaged Train Loss: 1.4812
2025-09-14 05:20:34,163 - Test Accurancy: 0.4549
2025-09-14 05:20:34,163 - Attack Success Rate: 0.3807
2025-09-14 05:20:42,935 - DPD clipping bound C_t: 0.45451468229293823
2025-09-14 05:20:42,938 - DPD noise norm:1.689719796180725
2025-09-14 05:20:42,952 - Round number: 23 --------------------------
2025-09-14 05:20:42,952 - Evaluate global model
2025-09-14 05:20:48,210 - Averaged Train Loss: 1.4720
2025-09-14 05:20:48,213 - Test Accurancy: 0.4575
2025-09-14 05:20:48,213 - Attack Success Rate: 0.3767
2025-09-14 05:20:55,864 - DPD clipping bound C_t: 0.45031653344631195
2025-09-14 05:20:55,868 - DPD noise norm:1.6738173961639404
2025-09-14 05:20:55,882 - Round number: 24 --------------------------
2025-09-14 05:20:55,882 - Evaluate global model
2025-09-14 05:21:02,654 - Averaged Train Loss: 1.4623
2025-09-14 05:21:02,656 - Test Accurancy: 0.4599
2025-09-14 05:21:02,656 - Attack Success Rate: 0.3853
2025-09-14 05:21:12,094 - DPD clipping bound C_t: 0.4468806982040405
2025-09-14 05:21:12,106 - DPD noise norm:1.6598942279815674
2025-09-14 05:21:12,128 - Round number: 25 --------------------------
2025-09-14 05:21:12,129 - Evaluate global model
2025-09-14 05:21:18,363 - Averaged Train Loss: 1.4557
2025-09-14 05:21:18,365 - Test Accurancy: 0.4641
2025-09-14 05:21:18,365 - Attack Success Rate: 0.3460
2025-09-14 05:21:26,779 - DPD clipping bound C_t: 0.4381004720926285
2025-09-14 05:21:26,785 - DPD noise norm:1.6279066801071167
2025-09-14 05:21:26,803 - Round number: 26 --------------------------
2025-09-14 05:21:26,803 - Evaluate global model
2025-09-14 05:21:31,776 - Averaged Train Loss: 1.4408
2025-09-14 05:21:31,780 - Test Accurancy: 0.4680
2025-09-14 05:21:31,780 - Attack Success Rate: 0.3520
2025-09-14 05:21:40,190 - DPD clipping bound C_t: 0.42922839522361755
2025-09-14 05:21:40,196 - DPD noise norm:1.5967484712600708
2025-09-14 05:21:40,213 - Round number: 27 --------------------------
2025-09-14 05:21:40,213 - Evaluate global model
2025-09-14 05:21:47,413 - Averaged Train Loss: 1.4288
2025-09-14 05:21:47,414 - Test Accurancy: 0.4709
2025-09-14 05:21:47,414 - Attack Success Rate: 0.3487
2025-09-14 05:21:59,720 - DPD clipping bound C_t: 0.43157127499580383
2025-09-14 05:21:59,725 - DPD noise norm:1.602599024772644
2025-09-14 05:21:59,739 - Round number: 28 --------------------------
2025-09-14 05:21:59,739 - Evaluate global model
2025-09-14 05:22:04,913 - Averaged Train Loss: 1.4242
2025-09-14 05:22:04,914 - Test Accurancy: 0.4729
2025-09-14 05:22:04,914 - Attack Success Rate: 0.3473
2025-09-14 05:22:12,842 - DPD clipping bound C_t: 0.4263467788696289
2025-09-14 05:22:12,847 - DPD noise norm:1.5863720178604126
2025-09-14 05:22:12,861 - Round number: 29 --------------------------
2025-09-14 05:22:12,861 - Evaluate global model
2025-09-14 05:22:18,162 - Averaged Train Loss: 1.4087
2025-09-14 05:22:18,165 - Test Accurancy: 0.4777
2025-09-14 05:22:18,166 - Attack Success Rate: 0.3553
2025-09-14 05:22:25,771 - DPD clipping bound C_t: 0.4243432283401489
2025-09-14 05:22:25,778 - DPD noise norm:1.5773459672927856
2025-09-14 05:22:25,793 - Round number: 30 --------------------------
2025-09-14 05:22:25,793 - Evaluate global model
2025-09-14 05:22:32,165 - Averaged Train Loss: 1.3969
2025-09-14 05:22:32,166 - Test Accurancy: 0.4854
2025-09-14 05:22:32,166 - Attack Success Rate: 0.3513
2025-09-14 05:22:41,865 - DPD clipping bound C_t: 0.4155689477920532
2025-09-14 05:22:41,873 - DPD noise norm:1.5480573177337646
2025-09-14 05:22:41,891 - Round number: 31 --------------------------
2025-09-14 05:22:41,891 - Evaluate global model
2025-09-14 05:22:47,441 - Averaged Train Loss: 1.3936
2025-09-14 05:22:47,442 - Test Accurancy: 0.4853
2025-09-14 05:22:47,442 - Attack Success Rate: 0.3347
2025-09-14 05:22:55,006 - DPD clipping bound C_t: 0.4107685685157776
2025-09-14 05:22:55,013 - DPD noise norm:1.528478980064392
2025-09-14 05:22:55,027 - Round number: 32 --------------------------
2025-09-14 05:22:55,027 - Evaluate global model
2025-09-14 05:23:00,953 - Averaged Train Loss: 1.3815
2025-09-14 05:23:00,955 - Test Accurancy: 0.4926
2025-09-14 05:23:00,956 - Attack Success Rate: 0.3253
2025-09-14 05:23:12,060 - DPD clipping bound C_t: 0.4091056138277054
2025-09-14 05:23:12,070 - DPD noise norm:1.5207643508911133
2025-09-14 05:23:12,093 - Round number: 33 --------------------------
2025-09-14 05:23:12,093 - Evaluate global model
2025-09-14 05:23:18,795 - Averaged Train Loss: 1.3742
2025-09-14 05:23:18,796 - Test Accurancy: 0.4911
2025-09-14 05:23:18,797 - Attack Success Rate: 0.3500
2025-09-14 05:23:27,825 - DPD clipping bound C_t: 0.40426306426525116
2025-09-14 05:23:27,832 - DPD noise norm:1.5040788650512695
2025-09-14 05:23:27,852 - Round number: 34 --------------------------
2025-09-14 05:23:27,852 - Evaluate global model
2025-09-14 05:23:34,147 - Averaged Train Loss: 1.3643
2025-09-14 05:23:34,148 - Test Accurancy: 0.4970
2025-09-14 05:23:34,148 - Attack Success Rate: 0.3247
2025-09-14 05:23:43,485 - DPD clipping bound C_t: 0.4061296284198761
2025-09-14 05:23:43,491 - DPD noise norm:1.5100048780441284
2025-09-14 05:23:43,507 - Round number: 35 --------------------------
2025-09-14 05:23:43,507 - Evaluate global model
2025-09-14 05:23:49,687 - Averaged Train Loss: 1.3598
2025-09-14 05:23:49,688 - Test Accurancy: 0.4982
2025-09-14 05:23:49,688 - Attack Success Rate: 0.3267
2025-09-14 05:23:59,034 - DPD clipping bound C_t: 0.3965126574039459
2025-09-14 05:23:59,044 - DPD noise norm:1.4723036289215088
2025-09-14 05:23:59,064 - Round number: 36 --------------------------
2025-09-14 05:23:59,064 - Evaluate global model
2025-09-14 05:24:05,500 - Averaged Train Loss: 1.3536
2025-09-14 05:24:05,501 - Test Accurancy: 0.4992
2025-09-14 05:24:05,501 - Attack Success Rate: 0.3393
2025-09-14 05:24:16,041 - DPD clipping bound C_t: 0.39701536297798157
2025-09-14 05:24:16,047 - DPD noise norm:1.4753695726394653
2025-09-14 05:24:16,065 - Round number: 37 --------------------------
2025-09-14 05:24:16,065 - Evaluate global model
2025-09-14 05:24:22,042 - Averaged Train Loss: 1.3501
2025-09-14 05:24:22,046 - Test Accurancy: 0.5055
2025-09-14 05:24:22,046 - Attack Success Rate: 0.3007
2025-09-14 05:24:32,286 - DPD clipping bound C_t: 0.39333437383174896
2025-09-14 05:24:32,291 - DPD noise norm:1.4623982906341553
2025-09-14 05:24:32,306 - Round number: 38 --------------------------
2025-09-14 05:24:32,306 - Evaluate global model
2025-09-14 05:24:38,173 - Averaged Train Loss: 1.3375
2025-09-14 05:24:38,179 - Test Accurancy: 0.5083
2025-09-14 05:24:38,179 - Attack Success Rate: 0.3167
2025-09-14 05:24:47,005 - DPD clipping bound C_t: 0.3819287121295929
2025-09-14 05:24:47,010 - DPD noise norm:1.420828104019165
2025-09-14 05:24:47,025 - Round number: 39 --------------------------
2025-09-14 05:24:47,025 - Evaluate global model
2025-09-14 05:24:51,552 - Averaged Train Loss: 1.3340
2025-09-14 05:24:51,554 - Test Accurancy: 0.5044
2025-09-14 05:24:51,554 - Attack Success Rate: 0.3267
2025-09-14 05:25:01,493 - DPD clipping bound C_t: 0.3819226622581482
2025-09-14 05:25:01,498 - DPD noise norm:1.419822335243225
2025-09-14 05:25:01,512 - Round number: 40 --------------------------
2025-09-14 05:25:01,512 - Evaluate global model
2025-09-14 05:25:06,190 - Averaged Train Loss: 1.3256
2025-09-14 05:25:06,190 - Test Accurancy: 0.5096
2025-09-14 05:25:06,190 - Attack Success Rate: 0.3200
2025-09-14 05:25:15,033 - DPD clipping bound C_t: 0.37698037922382355
2025-09-14 05:25:15,038 - DPD noise norm:1.3994953632354736
2025-09-14 05:25:15,060 - Round number: 41 --------------------------
2025-09-14 05:25:15,061 - Evaluate global model
2025-09-14 05:25:20,695 - Averaged Train Loss: 1.3207
2025-09-14 05:25:20,696 - Test Accurancy: 0.5112
2025-09-14 05:25:20,696 - Attack Success Rate: 0.3287
2025-09-14 05:25:29,590 - DPD clipping bound C_t: 0.3764832764863968
2025-09-14 05:25:29,596 - DPD noise norm:1.399071455001831
2025-09-14 05:25:29,626 - Round number: 42 --------------------------
2025-09-14 05:25:29,628 - Evaluate global model
2025-09-14 05:25:35,355 - Averaged Train Loss: 1.3150
2025-09-14 05:25:35,355 - Test Accurancy: 0.5114
2025-09-14 05:25:35,355 - Attack Success Rate: 0.3553
2025-09-14 05:25:43,424 - DPD clipping bound C_t: 0.3736322671175003
2025-09-14 05:25:43,432 - DPD noise norm:1.3888062238693237
2025-09-14 05:25:43,456 - Round number: 43 --------------------------
2025-09-14 05:25:43,457 - Evaluate global model
2025-09-14 05:25:49,849 - Averaged Train Loss: 1.3065
2025-09-14 05:25:49,850 - Test Accurancy: 0.5159
2025-09-14 05:25:49,850 - Attack Success Rate: 0.3273
2025-09-14 05:25:57,894 - DPD clipping bound C_t: 0.3640258461236954
2025-09-14 05:25:57,898 - DPD noise norm:1.3528552055358887
2025-09-14 05:25:57,918 - Round number: 44 --------------------------
2025-09-14 05:25:57,918 - Evaluate global model
2025-09-14 05:26:03,981 - Averaged Train Loss: 1.3007
2025-09-14 05:26:03,984 - Test Accurancy: 0.5164
2025-09-14 05:26:03,984 - Attack Success Rate: 0.3273
2025-09-14 05:26:13,447 - DPD clipping bound C_t: 0.3679898679256439
2025-09-14 05:26:13,453 - DPD noise norm:1.3688644170761108
2025-09-14 05:26:13,473 - Round number: 45 --------------------------
2025-09-14 05:26:13,474 - Evaluate global model
2025-09-14 05:26:20,097 - Averaged Train Loss: 1.2948
2025-09-14 05:26:20,101 - Test Accurancy: 0.5197
2025-09-14 05:26:20,101 - Attack Success Rate: 0.3200
2025-09-14 05:26:29,124 - DPD clipping bound C_t: 0.357276126742363
2025-09-14 05:26:29,131 - DPD noise norm:1.3271349668502808
2025-09-14 05:26:29,153 - Round number: 46 --------------------------
2025-09-14 05:26:29,153 - Evaluate global model
2025-09-14 05:26:35,479 - Averaged Train Loss: 1.2907
2025-09-14 05:26:35,482 - Test Accurancy: 0.5205
2025-09-14 05:26:35,482 - Attack Success Rate: 0.3127
2025-09-14 05:26:46,431 - DPD clipping bound C_t: 0.356353297829628
2025-09-14 05:26:46,440 - DPD noise norm:1.324951410293579
2025-09-14 05:26:46,466 - Round number: 47 --------------------------
2025-09-14 05:26:46,466 - Evaluate global model
2025-09-14 05:26:53,326 - Averaged Train Loss: 1.2854
2025-09-14 05:26:53,329 - Test Accurancy: 0.5237
2025-09-14 05:26:53,329 - Attack Success Rate: 0.2960
2025-09-14 05:27:02,990 - DPD clipping bound C_t: 0.35370492935180664
2025-09-14 05:27:02,996 - DPD noise norm:1.3162976503372192
2025-09-14 05:27:03,019 - Round number: 48 --------------------------
2025-09-14 05:27:03,019 - Evaluate global model
2025-09-14 05:27:10,020 - Averaged Train Loss: 1.2733
2025-09-14 05:27:10,021 - Test Accurancy: 0.5287
2025-09-14 05:27:10,022 - Attack Success Rate: 0.2960
2025-09-14 05:27:20,529 - DPD clipping bound C_t: 0.3479626625776291
2025-09-14 05:27:20,537 - DPD noise norm:1.2958464622497559
2025-09-14 05:27:20,557 - Round number: 49 --------------------------
2025-09-14 05:27:20,557 - Evaluate global model
2025-09-14 05:27:26,617 - Averaged Train Loss: 1.2757
2025-09-14 05:27:26,621 - Test Accurancy: 0.5225
2025-09-14 05:27:26,621 - Attack Success Rate: 0.3273
2025-09-14 05:27:37,245 - DPD clipping bound C_t: 0.34489671885967255
2025-09-14 05:27:37,254 - DPD noise norm:1.28292715549469
2025-09-14 05:27:37,279 - Round number: 50 --------------------------
2025-09-14 05:27:37,279 - Evaluate global model
2025-09-14 05:27:43,629 - Averaged Train Loss: 1.2629
2025-09-14 05:27:43,630 - Test Accurancy: 0.5316
2025-09-14 05:27:43,630 - Attack Success Rate: 0.3100
2025-09-14 05:27:54,028 - DPD clipping bound C_t: 0.34256863594055176
2025-09-14 05:27:54,034 - DPD noise norm:1.2738981246948242
2025-09-14 05:27:54,051 - Round number: 51 --------------------------
2025-09-14 05:27:54,051 - Evaluate global model
2025-09-14 05:27:59,567 - Averaged Train Loss: 1.2636
2025-09-14 05:27:59,567 - Test Accurancy: 0.5301
2025-09-14 05:27:59,568 - Attack Success Rate: 0.3060
2025-09-14 05:28:09,661 - DPD clipping bound C_t: 0.34228795766830444
2025-09-14 05:28:09,666 - DPD noise norm:1.2731281518936157
2025-09-14 05:28:09,680 - Round number: 52 --------------------------
2025-09-14 05:28:09,680 - Evaluate global model
2025-09-14 05:28:14,325 - Averaged Train Loss: 1.2589
2025-09-14 05:28:14,325 - Test Accurancy: 0.5288
2025-09-14 05:28:14,325 - Attack Success Rate: 0.3353
2025-09-14 05:28:24,378 - DPD clipping bound C_t: 0.3413901925086975
2025-09-14 05:28:24,383 - DPD noise norm:1.2690078020095825
2025-09-14 05:28:24,401 - Round number: 53 --------------------------
2025-09-14 05:28:24,408 - Evaluate global model
2025-09-14 05:28:29,485 - Averaged Train Loss: 1.2476
2025-09-14 05:28:29,486 - Test Accurancy: 0.5351
2025-09-14 05:28:29,486 - Attack Success Rate: 0.3060
2025-09-14 05:28:38,200 - DPD clipping bound C_t: 0.3320707827806473
2025-09-14 05:28:38,210 - DPD noise norm:1.2349945306777954
2025-09-14 05:28:38,233 - Round number: 54 --------------------------
2025-09-14 05:28:38,233 - Evaluate global model
2025-09-14 05:28:44,414 - Averaged Train Loss: 1.2439
2025-09-14 05:28:44,415 - Test Accurancy: 0.5357
2025-09-14 05:28:44,415 - Attack Success Rate: 0.3033
2025-09-14 05:28:52,217 - DPD clipping bound C_t: 0.3257163465023041
2025-09-14 05:28:52,220 - DPD noise norm:1.209967851638794
2025-09-14 05:28:52,232 - Round number: 55 --------------------------
2025-09-14 05:28:52,232 - Evaluate global model
2025-09-14 05:28:57,455 - Averaged Train Loss: 1.2407
2025-09-14 05:28:57,459 - Test Accurancy: 0.5352
2025-09-14 05:28:57,459 - Attack Success Rate: 0.3220
2025-09-14 05:29:07,614 - DPD clipping bound C_t: 0.32978974282741547
2025-09-14 05:29:07,621 - DPD noise norm:1.2271581888198853
2025-09-14 05:29:07,653 - Round number: 56 --------------------------
2025-09-14 05:29:07,653 - Evaluate global model
2025-09-14 05:29:14,552 - Averaged Train Loss: 1.2420
2025-09-14 05:29:14,553 - Test Accurancy: 0.5349
2025-09-14 05:29:14,554 - Attack Success Rate: 0.3187
2025-09-14 05:29:25,167 - DPD clipping bound C_t: 0.3277714401483536
2025-09-14 05:29:25,175 - DPD noise norm:1.2196649312973022
2025-09-14 05:29:25,199 - Round number: 57 --------------------------
2025-09-14 05:29:25,200 - Evaluate global model
2025-09-14 05:29:31,447 - Averaged Train Loss: 1.2330
2025-09-14 05:29:31,449 - Test Accurancy: 0.5407
2025-09-14 05:29:31,449 - Attack Success Rate: 0.3140
2025-09-14 05:29:42,461 - DPD clipping bound C_t: 0.3237883150577545
2025-09-14 05:29:42,467 - DPD noise norm:1.2033573389053345
2025-09-14 05:29:42,484 - Round number: 58 --------------------------
2025-09-14 05:29:42,485 - Evaluate global model
2025-09-14 05:29:48,928 - Averaged Train Loss: 1.2206
2025-09-14 05:29:48,931 - Test Accurancy: 0.5450
2025-09-14 05:29:48,931 - Attack Success Rate: 0.3280
2025-09-14 05:29:59,539 - DPD clipping bound C_t: 0.32381610572338104
2025-09-14 05:29:59,546 - DPD noise norm:1.2054229974746704
2025-09-14 05:29:59,569 - Round number: 59 --------------------------
2025-09-14 05:29:59,570 - Evaluate global model
2025-09-14 05:30:05,886 - Averaged Train Loss: 1.2191
2025-09-14 05:30:05,888 - Test Accurancy: 0.5429
2025-09-14 05:30:05,888 - Attack Success Rate: 0.3273
2025-09-14 05:30:16,352 - DPD clipping bound C_t: 0.32082298398017883
2025-09-14 05:30:16,359 - DPD noise norm:1.19227933883667
2025-09-14 05:30:16,374 - Round number: 60 --------------------------
2025-09-14 05:30:16,374 - Evaluate global model
2025-09-14 05:30:21,334 - Averaged Train Loss: 1.2129
2025-09-14 05:30:21,335 - Test Accurancy: 0.5477
2025-09-14 05:30:21,335 - Attack Success Rate: 0.2973
2025-09-14 05:30:32,080 - DPD clipping bound C_t: 0.3118917942047119
2025-09-14 05:30:32,085 - DPD noise norm:1.1599833965301514
2025-09-14 05:30:32,100 - Round number: 61 --------------------------
2025-09-14 05:30:32,100 - Evaluate global model
2025-09-14 05:30:39,423 - Averaged Train Loss: 1.2101
2025-09-14 05:30:39,425 - Test Accurancy: 0.5486
2025-09-14 05:30:39,425 - Attack Success Rate: 0.3053
2025-09-14 05:30:51,780 - DPD clipping bound C_t: 0.30455663800239563
2025-09-14 05:30:51,785 - DPD noise norm:1.1336551904678345
2025-09-14 05:30:51,805 - Round number: 62 --------------------------
2025-09-14 05:30:51,806 - Evaluate global model
2025-09-14 05:30:56,469 - Averaged Train Loss: 1.2163
2025-09-14 05:30:56,470 - Test Accurancy: 0.5468
2025-09-14 05:30:56,470 - Attack Success Rate: 0.2900
2025-09-14 05:31:04,878 - DPD clipping bound C_t: 0.30467337369918823
2025-09-14 05:31:04,883 - DPD noise norm:1.1346749067306519
2025-09-14 05:31:04,897 - Round number: 63 --------------------------
2025-09-14 05:31:04,897 - Evaluate global model
2025-09-14 05:31:09,435 - Averaged Train Loss: 1.2010
2025-09-14 05:31:09,436 - Test Accurancy: 0.5526
2025-09-14 05:31:09,436 - Attack Success Rate: 0.2927
2025-09-14 05:31:16,930 - DPD clipping bound C_t: 0.30166205763816833
2025-09-14 05:31:16,934 - DPD noise norm:1.1219340562820435
2025-09-14 05:31:16,949 - Round number: 64 --------------------------
2025-09-14 05:31:16,950 - Evaluate global model
2025-09-14 05:31:22,811 - Averaged Train Loss: 1.2006
2025-09-14 05:31:22,814 - Test Accurancy: 0.5509
2025-09-14 05:31:22,814 - Attack Success Rate: 0.2920
2025-09-14 05:31:31,010 - DPD clipping bound C_t: 0.2997354120016098
2025-09-14 05:31:31,015 - DPD noise norm:1.114648699760437
2025-09-14 05:31:31,037 - Round number: 65 --------------------------
2025-09-14 05:31:31,037 - Evaluate global model
2025-09-14 05:31:36,178 - Averaged Train Loss: 1.1963
2025-09-14 05:31:36,181 - Test Accurancy: 0.5534
2025-09-14 05:31:36,181 - Attack Success Rate: 0.2760
2025-09-14 05:31:45,935 - DPD clipping bound C_t: 0.2970284968614578
2025-09-14 05:31:45,941 - DPD noise norm:1.1046886444091797
2025-09-14 05:31:45,960 - Round number: 66 --------------------------
2025-09-14 05:31:45,960 - Evaluate global model
2025-09-14 05:31:52,816 - Averaged Train Loss: 1.1961
2025-09-14 05:31:52,825 - Test Accurancy: 0.5513
2025-09-14 05:31:52,825 - Attack Success Rate: 0.3233
2025-09-14 05:32:02,715 - DPD clipping bound C_t: 0.2962826043367386
2025-09-14 05:32:02,723 - DPD noise norm:1.1005560159683228
2025-09-14 05:32:02,749 - Round number: 67 --------------------------
2025-09-14 05:32:02,749 - Evaluate global model
2025-09-14 05:32:07,686 - Averaged Train Loss: 1.1894
2025-09-14 05:32:07,686 - Test Accurancy: 0.5537
2025-09-14 05:32:07,686 - Attack Success Rate: 0.2840
2025-09-14 05:32:16,548 - DPD clipping bound C_t: 0.29008324444293976
2025-09-14 05:32:16,554 - DPD noise norm:1.0783032178878784
2025-09-14 05:32:16,573 - Round number: 68 --------------------------
2025-09-14 05:32:16,573 - Evaluate global model
2025-09-14 05:32:21,290 - Averaged Train Loss: 1.1854
2025-09-14 05:32:21,291 - Test Accurancy: 0.5524
2025-09-14 05:32:21,291 - Attack Success Rate: 0.2940
2025-09-14 05:32:30,626 - DPD clipping bound C_t: 0.28178900480270386
2025-09-14 05:32:30,631 - DPD noise norm:1.0476082563400269
2025-09-14 05:32:30,644 - Round number: 69 --------------------------
2025-09-14 05:32:30,644 - Evaluate global model
2025-09-14 05:32:35,291 - Averaged Train Loss: 1.1812
2025-09-14 05:32:35,291 - Test Accurancy: 0.5550
2025-09-14 05:32:35,291 - Attack Success Rate: 0.3120
2025-09-14 05:32:43,364 - DPD clipping bound C_t: 0.2851906567811966
2025-09-14 05:32:43,367 - DPD noise norm:1.0604743957519531
2025-09-14 05:32:43,385 - Round number: 70 --------------------------
2025-09-14 05:32:43,385 - Evaluate global model
2025-09-14 05:32:47,984 - Averaged Train Loss: 1.1709
2025-09-14 05:32:47,985 - Test Accurancy: 0.5567
2025-09-14 05:32:47,985 - Attack Success Rate: 0.3247
2025-09-14 05:32:58,288 - DPD clipping bound C_t: 0.28348730504512787
2025-09-14 05:32:58,296 - DPD noise norm:1.0540918111801147
2025-09-14 05:32:58,314 - Round number: 71 --------------------------
2025-09-14 05:32:58,314 - Evaluate global model
2025-09-14 05:33:04,532 - Averaged Train Loss: 1.1686
2025-09-14 05:33:04,535 - Test Accurancy: 0.5587
2025-09-14 05:33:04,535 - Attack Success Rate: 0.3233
2025-09-14 05:33:14,410 - DPD clipping bound C_t: 0.28293250501155853
2025-09-14 05:33:14,419 - DPD noise norm:1.0512884855270386
2025-09-14 05:33:14,439 - Round number: 72 --------------------------
2025-09-14 05:33:14,439 - Evaluate global model
2025-09-14 05:33:20,388 - Averaged Train Loss: 1.1741
2025-09-14 05:33:20,389 - Test Accurancy: 0.5572
2025-09-14 05:33:20,390 - Attack Success Rate: 0.3000
2025-09-14 05:33:29,966 - DPD clipping bound C_t: 0.2782595008611679
2025-09-14 05:33:29,975 - DPD noise norm:1.0361809730529785
2025-09-14 05:33:29,999 - Round number: 73 --------------------------
2025-09-14 05:33:29,999 - Evaluate global model
2025-09-14 05:33:35,736 - Averaged Train Loss: 1.1591
2025-09-14 05:33:35,739 - Test Accurancy: 0.5618
2025-09-14 05:33:35,739 - Attack Success Rate: 0.3053
2025-09-14 05:33:43,354 - DPD clipping bound C_t: 0.2719201147556305
2025-09-14 05:33:43,359 - DPD noise norm:1.0108311176300049
2025-09-14 05:33:43,372 - Round number: 74 --------------------------
2025-09-14 05:33:43,372 - Evaluate global model
2025-09-14 05:33:48,665 - Averaged Train Loss: 1.1543
2025-09-14 05:33:48,666 - Test Accurancy: 0.5659
2025-09-14 05:33:48,666 - Attack Success Rate: 0.2820
2025-09-14 05:33:57,310 - DPD clipping bound C_t: 0.2693466246128082
2025-09-14 05:33:57,318 - DPD noise norm:1.002294659614563
2025-09-14 05:33:57,340 - Round number: 75 --------------------------
2025-09-14 05:33:57,340 - Evaluate global model
2025-09-14 05:34:03,954 - Averaged Train Loss: 1.1570
2025-09-14 05:34:03,958 - Test Accurancy: 0.5626
2025-09-14 05:34:03,958 - Attack Success Rate: 0.2880
2025-09-14 05:34:14,540 - DPD clipping bound C_t: 0.26815105974674225
2025-09-14 05:34:14,552 - DPD noise norm:0.9987102746963501
2025-09-14 05:34:14,575 - Round number: 76 --------------------------
2025-09-14 05:34:14,575 - Evaluate global model
2025-09-14 05:34:21,095 - Averaged Train Loss: 1.1528
2025-09-14 05:34:21,098 - Test Accurancy: 0.5626
2025-09-14 05:34:21,098 - Attack Success Rate: 0.2973
2025-09-14 05:34:30,339 - DPD clipping bound C_t: 0.2613288462162018
2025-09-14 05:34:30,349 - DPD noise norm:0.9712640643119812
2025-09-14 05:34:30,373 - Round number: 77 --------------------------
2025-09-14 05:34:30,373 - Evaluate global model
2025-09-14 05:34:37,098 - Averaged Train Loss: 1.1474
2025-09-14 05:34:37,099 - Test Accurancy: 0.5627
2025-09-14 05:34:37,099 - Attack Success Rate: 0.3367
2025-09-14 05:34:46,529 - DPD clipping bound C_t: 0.26182791590690613
2025-09-14 05:34:46,536 - DPD noise norm:0.971741795539856
2025-09-14 05:34:46,555 - Round number: 78 --------------------------
2025-09-14 05:34:46,556 - Evaluate global model
2025-09-14 05:34:52,660 - Averaged Train Loss: 1.1462
2025-09-14 05:34:52,662 - Test Accurancy: 0.5644
2025-09-14 05:34:52,663 - Attack Success Rate: 0.3033
2025-09-14 05:35:02,289 - DPD clipping bound C_t: 0.2554260641336441
2025-09-14 05:35:02,295 - DPD noise norm:0.9502109289169312
2025-09-14 05:35:02,312 - Round number: 79 --------------------------
2025-09-14 05:35:02,312 - Evaluate global model
2025-09-14 05:35:08,030 - Averaged Train Loss: 1.1440
2025-09-14 05:35:08,032 - Test Accurancy: 0.5652
2025-09-14 05:35:08,032 - Attack Success Rate: 0.3013
2025-09-14 05:35:16,458 - DPD clipping bound C_t: 0.25559623539447784
2025-09-14 05:35:16,462 - DPD noise norm:0.9498576521873474
2025-09-14 05:35:16,485 - Round number: 80 --------------------------
2025-09-14 05:35:16,485 - Evaluate global model
2025-09-14 05:35:21,671 - Averaged Train Loss: 1.1381
2025-09-14 05:35:21,674 - Test Accurancy: 0.5676
2025-09-14 05:35:21,674 - Attack Success Rate: 0.2933
2025-09-14 05:35:29,660 - DPD clipping bound C_t: 0.25250279903411865
2025-09-14 05:35:29,667 - DPD noise norm:0.9387025237083435
2025-09-14 05:35:29,692 - Round number: 81 --------------------------
2025-09-14 05:35:29,692 - Evaluate global model
2025-09-14 05:35:36,403 - Averaged Train Loss: 1.1369
2025-09-14 05:35:36,404 - Test Accurancy: 0.5687
2025-09-14 05:35:36,404 - Attack Success Rate: 0.2720
2025-09-14 05:35:45,099 - DPD clipping bound C_t: 0.248845674097538
2025-09-14 05:35:45,104 - DPD noise norm:0.9251167178153992
2025-09-14 05:35:45,129 - Round number: 82 --------------------------
2025-09-14 05:35:45,129 - Evaluate global model
2025-09-14 05:35:51,461 - Averaged Train Loss: 1.1316
2025-09-14 05:35:51,463 - Test Accurancy: 0.5690
2025-09-14 05:35:51,463 - Attack Success Rate: 0.2847
2025-09-14 05:36:00,667 - DPD clipping bound C_t: 0.24314046651124954
2025-09-14 05:36:00,672 - DPD noise norm:0.904144287109375
2025-09-14 05:36:00,690 - Round number: 83 --------------------------
2025-09-14 05:36:00,691 - Evaluate global model
2025-09-14 05:36:06,075 - Averaged Train Loss: 1.1373
2025-09-14 05:36:06,078 - Test Accurancy: 0.5666
2025-09-14 05:36:06,078 - Attack Success Rate: 0.3027
2025-09-14 05:36:15,132 - DPD clipping bound C_t: 0.24235423654317856
2025-09-14 05:36:15,137 - DPD noise norm:0.9002439975738525
2025-09-14 05:36:15,151 - Round number: 84 --------------------------
2025-09-14 05:36:15,151 - Evaluate global model
2025-09-14 05:36:21,806 - Averaged Train Loss: 1.1299
2025-09-14 05:36:21,810 - Test Accurancy: 0.5688
2025-09-14 05:36:21,810 - Attack Success Rate: 0.2900
2025-09-14 05:36:32,539 - DPD clipping bound C_t: 0.24130329489707947
2025-09-14 05:36:32,548 - DPD noise norm:0.8968571424484253
2025-09-14 05:36:32,576 - Round number: 85 --------------------------
2025-09-14 05:36:32,576 - Evaluate global model
2025-09-14 05:36:39,101 - Averaged Train Loss: 1.1279
2025-09-14 05:36:39,107 - Test Accurancy: 0.5702
2025-09-14 05:36:39,107 - Attack Success Rate: 0.2927
2025-09-14 05:36:49,940 - DPD clipping bound C_t: 0.24009766429662704
2025-09-14 05:36:49,948 - DPD noise norm:0.8940750956535339
2025-09-14 05:36:49,967 - Round number: 86 --------------------------
2025-09-14 05:36:49,967 - Evaluate global model
2025-09-14 05:36:55,646 - Averaged Train Loss: 1.1231
2025-09-14 05:36:55,648 - Test Accurancy: 0.5686
2025-09-14 05:36:55,648 - Attack Success Rate: 0.3100
2025-09-14 05:37:05,014 - DPD clipping bound C_t: 0.23245981335639954
2025-09-14 05:37:05,024 - DPD noise norm:0.864375114440918
2025-09-14 05:37:05,045 - Round number: 87 --------------------------
2025-09-14 05:37:05,045 - Evaluate global model
2025-09-14 05:37:10,334 - Averaged Train Loss: 1.1200
2025-09-14 05:37:10,335 - Test Accurancy: 0.5739
2025-09-14 05:37:10,335 - Attack Success Rate: 0.2793
2025-09-14 05:37:19,305 - DPD clipping bound C_t: 0.22986672818660736
2025-09-14 05:37:19,313 - DPD noise norm:0.8537699580192566
2025-09-14 05:37:19,339 - Round number: 88 --------------------------
2025-09-14 05:37:19,340 - Evaluate global model
2025-09-14 05:37:26,145 - Averaged Train Loss: 1.1149
2025-09-14 05:37:26,146 - Test Accurancy: 0.5758
2025-09-14 05:37:26,146 - Attack Success Rate: 0.2640
2025-09-14 05:37:35,397 - DPD clipping bound C_t: 0.22859658300876617
2025-09-14 05:37:35,403 - DPD noise norm:0.8490830659866333
2025-09-14 05:37:35,424 - Round number: 89 --------------------------
2025-09-14 05:37:35,424 - Evaluate global model
2025-09-14 05:37:40,380 - Averaged Train Loss: 1.1192
2025-09-14 05:37:40,382 - Test Accurancy: 0.5732
2025-09-14 05:37:40,382 - Attack Success Rate: 0.2727
2025-09-14 05:37:48,319 - DPD clipping bound C_t: 0.22857064753770828
2025-09-14 05:37:48,324 - DPD noise norm:0.8496736288070679
2025-09-14 05:37:48,339 - Round number: 90 --------------------------
2025-09-14 05:37:48,339 - Evaluate global model
2025-09-14 05:37:53,036 - Averaged Train Loss: 1.1154
2025-09-14 05:37:53,037 - Test Accurancy: 0.5754
2025-09-14 05:37:53,037 - Attack Success Rate: 0.2700
2025-09-14 05:38:03,143 - DPD clipping bound C_t: 0.22403378784656525
2025-09-14 05:38:03,151 - DPD noise norm:0.8328281044960022
2025-09-14 05:38:03,174 - Round number: 91 --------------------------
2025-09-14 05:38:03,174 - Evaluate global model
2025-09-14 05:38:08,530 - Averaged Train Loss: 1.1063
2025-09-14 05:38:08,533 - Test Accurancy: 0.5780
2025-09-14 05:38:08,533 - Attack Success Rate: 0.2733
2025-09-14 05:38:19,437 - DPD clipping bound C_t: 0.21937183290719986
2025-09-14 05:38:19,442 - DPD noise norm:0.8162641525268555
2025-09-14 05:38:19,465 - Round number: 92 --------------------------
2025-09-14 05:38:19,465 - Evaluate global model
2025-09-14 05:38:26,035 - Averaged Train Loss: 1.1094
2025-09-14 05:38:26,040 - Test Accurancy: 0.5748
2025-09-14 05:38:26,040 - Attack Success Rate: 0.2907
2025-09-14 05:38:36,715 - DPD clipping bound C_t: 0.21923495829105377
2025-09-14 05:38:36,726 - DPD noise norm:0.8140962719917297
2025-09-14 05:38:36,755 - Round number: 93 --------------------------
2025-09-14 05:38:36,755 - Evaluate global model
2025-09-14 05:38:43,141 - Averaged Train Loss: 1.1015
2025-09-14 05:38:43,146 - Test Accurancy: 0.5768
2025-09-14 05:38:43,146 - Attack Success Rate: 0.2773
2025-09-14 05:38:53,868 - DPD clipping bound C_t: 0.2154606133699417
2025-09-14 05:38:53,872 - DPD noise norm:0.801180362701416
2025-09-14 05:38:53,889 - Round number: 94 --------------------------
2025-09-14 05:38:53,889 - Evaluate global model
2025-09-14 05:39:00,399 - Averaged Train Loss: 1.1003
2025-09-14 05:39:00,404 - Test Accurancy: 0.5788
2025-09-14 05:39:00,405 - Attack Success Rate: 0.2747
2025-09-14 05:39:09,293 - DPD clipping bound C_t: 0.2141440287232399
2025-09-14 05:39:09,298 - DPD noise norm:0.797749936580658
2025-09-14 05:39:09,327 - Round number: 95 --------------------------
2025-09-14 05:39:09,328 - Evaluate global model
2025-09-14 05:39:15,674 - Averaged Train Loss: 1.1002
2025-09-14 05:39:15,675 - Test Accurancy: 0.5790
2025-09-14 05:39:15,675 - Attack Success Rate: 0.2680
2025-09-14 05:39:23,992 - DPD clipping bound C_t: 0.20915333926677704
2025-09-14 05:39:23,997 - DPD noise norm:0.777827799320221
2025-09-14 05:39:24,023 - Round number: 96 --------------------------
2025-09-14 05:39:24,024 - Evaluate global model
2025-09-14 05:39:30,826 - Averaged Train Loss: 1.0951
2025-09-14 05:39:30,827 - Test Accurancy: 0.5790
2025-09-14 05:39:30,827 - Attack Success Rate: 0.2853
2025-09-14 05:39:40,097 - DPD clipping bound C_t: 0.21079830825328827
2025-09-14 05:39:40,104 - DPD noise norm:0.7833544015884399
2025-09-14 05:39:40,127 - Round number: 97 --------------------------
2025-09-14 05:39:40,127 - Evaluate global model
2025-09-14 05:39:47,206 - Averaged Train Loss: 1.0913
2025-09-14 05:39:47,207 - Test Accurancy: 0.5806
2025-09-14 05:39:47,208 - Attack Success Rate: 0.2693
2025-09-14 05:39:56,256 - DPD clipping bound C_t: 0.20837783068418503
2025-09-14 05:39:56,262 - DPD noise norm:0.7752514481544495
2025-09-14 05:39:56,280 - Round number: 98 --------------------------
2025-09-14 05:39:56,281 - Evaluate global model
2025-09-14 05:40:01,376 - Averaged Train Loss: 1.0947
2025-09-14 05:40:01,378 - Test Accurancy: 0.5780
2025-09-14 05:40:01,378 - Attack Success Rate: 0.2960
2025-09-14 05:40:09,543 - DPD clipping bound C_t: 0.20423436164855957
2025-09-14 05:40:09,551 - DPD noise norm:0.7594080567359924
2025-09-14 05:40:09,567 - Round number: 99 --------------------------
2025-09-14 05:40:09,567 - Evaluate global model
2025-09-14 05:40:15,062 - Averaged Train Loss: 1.0936
2025-09-14 05:40:15,063 - Test Accurancy: 0.5806
2025-09-14 05:40:15,063 - Attack Success Rate: 0.2640
2025-09-14 05:40:25,622 - DPD clipping bound C_t: 0.20130222290754318
2025-09-14 05:40:25,628 - DPD noise norm:0.7493558526039124
2025-09-14 05:40:25,644 - Round number: 100 --------------------------
2025-09-14 05:40:25,645 - Evaluate global model
2025-09-14 05:40:31,507 - Averaged Train Loss: 1.0882
2025-09-14 05:40:31,511 - Test Accurancy: 0.5814
2025-09-14 05:40:31,511 - Attack Success Rate: 0.2720
2025-09-14 05:40:42,100 - DPD clipping bound C_t: 0.20037349313497543
2025-09-14 05:40:42,109 - DPD noise norm:0.7450823783874512
2025-09-14 05:40:42,113 - Run over
2025-09-14 05:40:42,113 - Saving results to ./exp/exp2/Cifar10/0.0042.h5
2025-09-14 05:40:42,133 - Best accuracy: 0.5814185814185814
2025-09-14 05:40:42,133 - Average time cost per round: 15.587484323978424
