2025-09-14 05:42:10,142 - *****************EXP-2*****************
2025-09-14 05:42:10,143 - Exp repeats: 1
2025-09-14 05:42:10,143 - Communication Rounds: 100
2025-09-14 05:42:10,143 - Clients: 40

2025-09-14 05:42:10,143 - Attack method: scale
2025-09-14 05:42:10,143 - Filtering rule: dpd
2025-09-14 05:42:10,143 - Dataset: Cifar10
2025-09-14 05:42:10,143 - Model: cnn2
2025-09-14 05:42:10,143 - Learning Rate: 0.04
2025-09-14 05:42:10,143 - Batch Size: 64
2025-09-14 05:42:10,143 - Device: cuda
2025-09-14 05:42:10,143 - Device id: 0
2025-09-14 05:42:10,143 - DPD clipping strategy: auto
2025-09-14 05:42:10,143 - DPD noise level: 0.006
2025-09-14 05:42:10,143 - Adversaries: 8
2025-09-14 05:42:10,143 - Targeted Label Flipping: 4-->6
2025-09-14 05:42:10,143 - *****************EXP-2*****************
2025-09-14 05:42:10,599 - Running time: 0th ==========================
2025-09-14 05:42:20,773 - Round number: 0 --------------------------
2025-09-14 05:42:20,775 - Evaluate global model
2025-09-14 05:42:29,549 - Averaged Train Loss: 2.3056
2025-09-14 05:42:29,550 - Test Accurancy: 0.0977
2025-09-14 05:42:29,550 - Attack Success Rate: 0.0000
2025-09-14 05:42:39,746 - DPD clipping bound C_t: 0.6738884150981903
2025-09-14 05:42:39,757 - DPD noise norm:3.5785646438598633
2025-09-14 05:42:39,781 - Round number: 1 --------------------------
2025-09-14 05:42:39,781 - Evaluate global model
2025-09-14 05:42:46,302 - Averaged Train Loss: 2.2484
2025-09-14 05:42:46,302 - Test Accurancy: 0.1660
2025-09-14 05:42:46,303 - Attack Success Rate: 0.4200
2025-09-14 05:42:56,239 - DPD clipping bound C_t: 0.6657528281211853
2025-09-14 05:42:56,255 - DPD noise norm:3.5365097522735596
2025-09-14 05:42:56,281 - Round number: 2 --------------------------
2025-09-14 05:42:56,281 - Evaluate global model
2025-09-14 05:43:02,770 - Averaged Train Loss: 2.1198
2025-09-14 05:43:02,772 - Test Accurancy: 0.2001
2025-09-14 05:43:02,772 - Attack Success Rate: 0.7627
2025-09-14 05:43:13,561 - DPD clipping bound C_t: 0.591361790895462
2025-09-14 05:43:13,569 - DPD noise norm:3.1435253620147705
2025-09-14 05:43:13,587 - Round number: 3 --------------------------
2025-09-14 05:43:13,587 - Evaluate global model
2025-09-14 05:43:20,702 - Averaged Train Loss: 2.0424
2025-09-14 05:43:20,705 - Test Accurancy: 0.2242
2025-09-14 05:43:20,705 - Attack Success Rate: 0.7340
2025-09-14 05:43:29,750 - DPD clipping bound C_t: 0.5831205546855927
2025-09-14 05:43:29,757 - DPD noise norm:3.09423828125
2025-09-14 05:43:29,777 - Round number: 4 --------------------------
2025-09-14 05:43:29,777 - Evaluate global model
2025-09-14 05:43:35,555 - Averaged Train Loss: 1.9896
2025-09-14 05:43:35,555 - Test Accurancy: 0.2518
2025-09-14 05:43:35,555 - Attack Success Rate: 0.6953
2025-09-14 05:43:45,704 - DPD clipping bound C_t: 0.5701194405555725
2025-09-14 05:43:45,709 - DPD noise norm:3.0278499126434326
2025-09-14 05:43:45,729 - Round number: 5 --------------------------
2025-09-14 05:43:45,729 - Evaluate global model
2025-09-14 05:43:51,204 - Averaged Train Loss: 1.9362
2025-09-14 05:43:51,207 - Test Accurancy: 0.2835
2025-09-14 05:43:51,207 - Attack Success Rate: 0.6947
2025-09-14 05:44:01,833 - DPD clipping bound C_t: 0.5579470992088318
2025-09-14 05:44:01,839 - DPD noise norm:2.9652762413024902
2025-09-14 05:44:01,857 - Round number: 6 --------------------------
2025-09-14 05:44:01,857 - Evaluate global model
2025-09-14 05:44:06,407 - Averaged Train Loss: 1.8997
2025-09-14 05:44:06,407 - Test Accurancy: 0.3044
2025-09-14 05:44:06,407 - Attack Success Rate: 0.6313
2025-09-14 05:44:16,443 - DPD clipping bound C_t: 0.5422757565975189
2025-09-14 05:44:16,452 - DPD noise norm:2.885810136795044
2025-09-14 05:44:16,470 - Round number: 7 --------------------------
2025-09-14 05:44:16,470 - Evaluate global model
2025-09-14 05:44:22,100 - Averaged Train Loss: 1.8578
2025-09-14 05:44:22,101 - Test Accurancy: 0.3317
2025-09-14 05:44:22,101 - Attack Success Rate: 0.5533
2025-09-14 05:44:30,811 - DPD clipping bound C_t: 0.5458841025829315
2025-09-14 05:44:30,818 - DPD noise norm:2.90120267868042
2025-09-14 05:44:30,840 - Round number: 8 --------------------------
2025-09-14 05:44:30,841 - Evaluate global model
2025-09-14 05:44:36,496 - Averaged Train Loss: 1.8231
2025-09-14 05:44:36,496 - Test Accurancy: 0.3446
2025-09-14 05:44:36,497 - Attack Success Rate: 0.5213
2025-09-14 05:44:45,511 - DPD clipping bound C_t: 0.5297001302242279
2025-09-14 05:44:45,517 - DPD noise norm:2.8121581077575684
2025-09-14 05:44:45,534 - Round number: 9 --------------------------
2025-09-14 05:44:45,534 - Evaluate global model
2025-09-14 05:44:51,321 - Averaged Train Loss: 1.7927
2025-09-14 05:44:51,322 - Test Accurancy: 0.3512
2025-09-14 05:44:51,322 - Attack Success Rate: 0.5267
2025-09-14 05:45:01,756 - DPD clipping bound C_t: 0.5210613906383514
2025-09-14 05:45:01,763 - DPD noise norm:2.769876003265381
2025-09-14 05:45:01,780 - Round number: 10 --------------------------
2025-09-14 05:45:01,780 - Evaluate global model
2025-09-14 05:45:07,482 - Averaged Train Loss: 1.7566
2025-09-14 05:45:07,485 - Test Accurancy: 0.3681
2025-09-14 05:45:07,485 - Attack Success Rate: 0.4613
2025-09-14 05:45:17,858 - DPD clipping bound C_t: 0.5161872208118439
2025-09-14 05:45:17,862 - DPD noise norm:2.739161729812622
2025-09-14 05:45:17,877 - Round number: 11 --------------------------
2025-09-14 05:45:17,878 - Evaluate global model
2025-09-14 05:45:23,146 - Averaged Train Loss: 1.7302
2025-09-14 05:45:23,150 - Test Accurancy: 0.3782
2025-09-14 05:45:23,150 - Attack Success Rate: 0.5047
2025-09-14 05:45:33,615 - DPD clipping bound C_t: 0.5125115811824799
2025-09-14 05:45:33,618 - DPD noise norm:2.7244746685028076
2025-09-14 05:45:33,632 - Round number: 12 --------------------------
2025-09-14 05:45:33,632 - Evaluate global model
2025-09-14 05:45:38,598 - Averaged Train Loss: 1.6997
2025-09-14 05:45:38,601 - Test Accurancy: 0.3896
2025-09-14 05:45:38,601 - Attack Success Rate: 0.4120
2025-09-14 05:45:48,971 - DPD clipping bound C_t: 0.5172121524810791
2025-09-14 05:45:48,975 - DPD noise norm:2.7454748153686523
2025-09-14 05:45:48,990 - Round number: 13 --------------------------
2025-09-14 05:45:48,991 - Evaluate global model
2025-09-14 05:45:54,072 - Averaged Train Loss: 1.6715
2025-09-14 05:45:54,076 - Test Accurancy: 0.3981
2025-09-14 05:45:54,076 - Attack Success Rate: 0.4000
2025-09-14 05:46:04,227 - DPD clipping bound C_t: 0.506348192691803
2025-09-14 05:46:04,230 - DPD noise norm:2.6905405521392822
2025-09-14 05:46:04,244 - Round number: 14 --------------------------
2025-09-14 05:46:04,244 - Evaluate global model
2025-09-14 05:46:08,644 - Averaged Train Loss: 1.6419
2025-09-14 05:46:08,644 - Test Accurancy: 0.4049
2025-09-14 05:46:08,644 - Attack Success Rate: 0.4393
2025-09-14 05:46:18,981 - DPD clipping bound C_t: 0.49614807963371277
2025-09-14 05:46:18,988 - DPD noise norm:2.639774799346924
2025-09-14 05:46:19,008 - Round number: 15 --------------------------
2025-09-14 05:46:19,008 - Evaluate global model
2025-09-14 05:46:24,279 - Averaged Train Loss: 1.6243
2025-09-14 05:46:24,281 - Test Accurancy: 0.4082
2025-09-14 05:46:24,281 - Attack Success Rate: 0.4200
2025-09-14 05:46:35,023 - DPD clipping bound C_t: 0.4995015859603882
2025-09-14 05:46:35,028 - DPD noise norm:2.648850917816162
2025-09-14 05:46:35,042 - Round number: 16 --------------------------
2025-09-14 05:46:35,042 - Evaluate global model
2025-09-14 05:46:39,991 - Averaged Train Loss: 1.5887
2025-09-14 05:46:39,992 - Test Accurancy: 0.4217
2025-09-14 05:46:39,993 - Attack Success Rate: 0.4287
2025-09-14 05:46:50,920 - DPD clipping bound C_t: 0.4831084907054901
2025-09-14 05:46:50,926 - DPD noise norm:2.56518816947937
2025-09-14 05:46:50,951 - Round number: 17 --------------------------
2025-09-14 05:46:50,951 - Evaluate global model
2025-09-14 05:46:55,751 - Averaged Train Loss: 1.5701
2025-09-14 05:46:55,755 - Test Accurancy: 0.4302
2025-09-14 05:46:55,755 - Attack Success Rate: 0.3980
2025-09-14 05:47:06,491 - DPD clipping bound C_t: 0.4753982126712799
2025-09-14 05:47:06,495 - DPD noise norm:2.5257718563079834
2025-09-14 05:47:06,511 - Round number: 18 --------------------------
2025-09-14 05:47:06,511 - Evaluate global model
2025-09-14 05:47:10,792 - Averaged Train Loss: 1.5530
2025-09-14 05:47:10,792 - Test Accurancy: 0.4351
2025-09-14 05:47:10,792 - Attack Success Rate: 0.3800
2025-09-14 05:47:20,732 - DPD clipping bound C_t: 0.4703664034605026
2025-09-14 05:47:20,740 - DPD noise norm:2.4994468688964844
2025-09-14 05:47:20,766 - Round number: 19 --------------------------
2025-09-14 05:47:20,766 - Evaluate global model
2025-09-14 05:47:25,565 - Averaged Train Loss: 1.5321
2025-09-14 05:47:25,566 - Test Accurancy: 0.4406
2025-09-14 05:47:25,566 - Attack Success Rate: 0.3607
2025-09-14 05:47:34,535 - DPD clipping bound C_t: 0.4622839689254761
2025-09-14 05:47:34,542 - DPD noise norm:2.4566075801849365
2025-09-14 05:47:34,563 - Round number: 20 --------------------------
2025-09-14 05:47:34,564 - Evaluate global model
2025-09-14 05:47:40,065 - Averaged Train Loss: 1.5228
2025-09-14 05:47:40,066 - Test Accurancy: 0.4392
2025-09-14 05:47:40,066 - Attack Success Rate: 0.3853
2025-09-14 05:47:48,565 - DPD clipping bound C_t: 0.4644230008125305
2025-09-14 05:47:48,572 - DPD noise norm:2.467555522918701
2025-09-14 05:47:48,593 - Round number: 21 --------------------------
2025-09-14 05:47:48,593 - Evaluate global model
2025-09-14 05:47:55,115 - Averaged Train Loss: 1.5011
2025-09-14 05:47:55,117 - Test Accurancy: 0.4499
2025-09-14 05:47:55,117 - Attack Success Rate: 0.3493
2025-09-14 05:48:03,353 - DPD clipping bound C_t: 0.4646867662668228
2025-09-14 05:48:03,359 - DPD noise norm:2.4652225971221924
2025-09-14 05:48:03,377 - Round number: 22 --------------------------
2025-09-14 05:48:03,377 - Evaluate global model
2025-09-14 05:48:08,238 - Averaged Train Loss: 1.4819
2025-09-14 05:48:08,241 - Test Accurancy: 0.4551
2025-09-14 05:48:08,241 - Attack Success Rate: 0.3840
2025-09-14 05:48:19,366 - DPD clipping bound C_t: 0.4535179138183594
2025-09-14 05:48:19,371 - DPD noise norm:2.4085917472839355
2025-09-14 05:48:19,388 - Round number: 23 --------------------------
2025-09-14 05:48:19,388 - Evaluate global model
2025-09-14 05:48:26,006 - Averaged Train Loss: 1.4725
2025-09-14 05:48:26,008 - Test Accurancy: 0.4576
2025-09-14 05:48:26,008 - Attack Success Rate: 0.3793
2025-09-14 05:48:35,218 - DPD clipping bound C_t: 0.44950561225414276
2025-09-14 05:48:35,225 - DPD noise norm:2.386861801147461
2025-09-14 05:48:35,245 - Round number: 24 --------------------------
2025-09-14 05:48:35,246 - Evaluate global model
2025-09-14 05:48:41,560 - Averaged Train Loss: 1.4626
2025-09-14 05:48:41,561 - Test Accurancy: 0.4601
2025-09-14 05:48:41,561 - Attack Success Rate: 0.3853
2025-09-14 05:48:52,263 - DPD clipping bound C_t: 0.4456464648246765
2025-09-14 05:48:52,269 - DPD noise norm:2.3647284507751465
2025-09-14 05:48:52,290 - Round number: 25 --------------------------
2025-09-14 05:48:52,290 - Evaluate global model
2025-09-14 05:48:57,884 - Averaged Train Loss: 1.4567
2025-09-14 05:48:57,884 - Test Accurancy: 0.4635
2025-09-14 05:48:57,884 - Attack Success Rate: 0.3507
2025-09-14 05:49:08,502 - DPD clipping bound C_t: 0.4383326470851898
2025-09-14 05:49:08,509 - DPD noise norm:2.3268134593963623
2025-09-14 05:49:08,524 - Round number: 26 --------------------------
2025-09-14 05:49:08,525 - Evaluate global model
2025-09-14 05:49:13,477 - Averaged Train Loss: 1.4414
2025-09-14 05:49:13,480 - Test Accurancy: 0.4687
2025-09-14 05:49:13,480 - Attack Success Rate: 0.3500
2025-09-14 05:49:24,397 - DPD clipping bound C_t: 0.4304395467042923
2025-09-14 05:49:24,401 - DPD noise norm:2.287505865097046
2025-09-14 05:49:24,422 - Round number: 27 --------------------------
2025-09-14 05:49:24,422 - Evaluate global model
2025-09-14 05:49:29,093 - Averaged Train Loss: 1.4301
2025-09-14 05:49:29,097 - Test Accurancy: 0.4718
2025-09-14 05:49:29,097 - Attack Success Rate: 0.3520
2025-09-14 05:49:39,840 - DPD clipping bound C_t: 0.43364904820919037
2025-09-14 05:49:39,845 - DPD noise norm:2.300449848175049
2025-09-14 05:49:39,860 - Round number: 28 --------------------------
2025-09-14 05:49:39,861 - Evaluate global model
2025-09-14 05:49:46,338 - Averaged Train Loss: 1.4248
2025-09-14 05:49:46,346 - Test Accurancy: 0.4739
2025-09-14 05:49:46,346 - Attack Success Rate: 0.3447
2025-09-14 05:49:55,129 - DPD clipping bound C_t: 0.4255131036043167
2025-09-14 05:49:55,137 - DPD noise norm:2.2618143558502197
2025-09-14 05:49:55,160 - Round number: 29 --------------------------
2025-09-14 05:49:55,160 - Evaluate global model
2025-09-14 05:50:02,053 - Averaged Train Loss: 1.4097
2025-09-14 05:50:02,055 - Test Accurancy: 0.4778
2025-09-14 05:50:02,055 - Attack Success Rate: 0.3513
2025-09-14 05:50:11,909 - DPD clipping bound C_t: 0.42590630054473877
2025-09-14 05:50:11,919 - DPD noise norm:2.2616517543792725
2025-09-14 05:50:11,947 - Round number: 30 --------------------------
2025-09-14 05:50:11,947 - Evaluate global model
2025-09-14 05:50:17,938 - Averaged Train Loss: 1.3978
2025-09-14 05:50:17,938 - Test Accurancy: 0.4854
2025-09-14 05:50:17,938 - Attack Success Rate: 0.3507
2025-09-14 05:50:26,775 - DPD clipping bound C_t: 0.417043536901474
2025-09-14 05:50:26,782 - DPD noise norm:2.21935772895813
2025-09-14 05:50:26,804 - Round number: 31 --------------------------
2025-09-14 05:50:26,804 - Evaluate global model
2025-09-14 05:50:32,492 - Averaged Train Loss: 1.3951
2025-09-14 05:50:32,493 - Test Accurancy: 0.4842
2025-09-14 05:50:32,493 - Attack Success Rate: 0.3373
2025-09-14 05:50:41,596 - DPD clipping bound C_t: 0.41259852051734924
2025-09-14 05:50:41,605 - DPD noise norm:2.1932692527770996
2025-09-14 05:50:41,637 - Round number: 32 --------------------------
2025-09-14 05:50:41,637 - Evaluate global model
2025-09-14 05:50:47,246 - Averaged Train Loss: 1.3824
2025-09-14 05:50:47,246 - Test Accurancy: 0.4903
2025-09-14 05:50:47,246 - Attack Success Rate: 0.3260
2025-09-14 05:50:55,735 - DPD clipping bound C_t: 0.4081784188747406
2025-09-14 05:50:55,743 - DPD noise norm:2.1675968170166016
2025-09-14 05:50:55,768 - Round number: 33 --------------------------
2025-09-14 05:50:55,768 - Evaluate global model
2025-09-14 05:51:02,520 - Averaged Train Loss: 1.3752
2025-09-14 05:51:02,521 - Test Accurancy: 0.4920
2025-09-14 05:51:02,521 - Attack Success Rate: 0.3453
2025-09-14 05:51:12,143 - DPD clipping bound C_t: 0.4047005623579025
2025-09-14 05:51:12,150 - DPD noise norm:2.1510095596313477
2025-09-14 05:51:12,175 - Round number: 34 --------------------------
2025-09-14 05:51:12,175 - Evaluate global model
2025-09-14 05:51:18,979 - Averaged Train Loss: 1.3644
2025-09-14 05:51:18,980 - Test Accurancy: 0.4972
2025-09-14 05:51:18,980 - Attack Success Rate: 0.3300
2025-09-14 05:51:29,482 - DPD clipping bound C_t: 0.40733082592487335
2025-09-14 05:51:29,489 - DPD noise norm:2.163529872894287
2025-09-14 05:51:29,517 - Round number: 35 --------------------------
2025-09-14 05:51:29,517 - Evaluate global model
2025-09-14 05:51:35,370 - Averaged Train Loss: 1.3609
2025-09-14 05:51:35,371 - Test Accurancy: 0.4988
2025-09-14 05:51:35,371 - Attack Success Rate: 0.3273
2025-09-14 05:51:45,710 - DPD clipping bound C_t: 0.3968527019023895
2025-09-14 05:51:45,716 - DPD noise norm:2.1050949096679688
2025-09-14 05:51:45,739 - Round number: 36 --------------------------
2025-09-14 05:51:45,739 - Evaluate global model
2025-09-14 05:51:51,593 - Averaged Train Loss: 1.3545
2025-09-14 05:51:51,593 - Test Accurancy: 0.4993
2025-09-14 05:51:51,593 - Attack Success Rate: 0.3427
2025-09-14 05:51:59,537 - DPD clipping bound C_t: 0.3970458060503006
2025-09-14 05:51:59,546 - DPD noise norm:2.107832431793213
2025-09-14 05:51:59,565 - Round number: 37 --------------------------
2025-09-14 05:51:59,565 - Evaluate global model
2025-09-14 05:52:05,290 - Averaged Train Loss: 1.3507
2025-09-14 05:52:05,291 - Test Accurancy: 0.5034
2025-09-14 05:52:05,291 - Attack Success Rate: 0.2987
2025-09-14 05:52:13,088 - DPD clipping bound C_t: 0.393664225935936
2025-09-14 05:52:13,092 - DPD noise norm:2.0908925533294678
2025-09-14 05:52:13,106 - Round number: 38 --------------------------
2025-09-14 05:52:13,107 - Evaluate global model
2025-09-14 05:52:18,181 - Averaged Train Loss: 1.3378
2025-09-14 05:52:18,184 - Test Accurancy: 0.5077
2025-09-14 05:52:18,184 - Attack Success Rate: 0.3180
2025-09-14 05:52:28,068 - DPD clipping bound C_t: 0.38143208622932434
2025-09-14 05:52:28,073 - DPD noise norm:2.0271153450012207
2025-09-14 05:52:28,091 - Round number: 39 --------------------------
2025-09-14 05:52:28,091 - Evaluate global model
2025-09-14 05:52:33,109 - Averaged Train Loss: 1.3347
2025-09-14 05:52:33,111 - Test Accurancy: 0.5058
2025-09-14 05:52:33,111 - Attack Success Rate: 0.3213
2025-09-14 05:52:43,864 - DPD clipping bound C_t: 0.38132989406585693
2025-09-14 05:52:43,869 - DPD noise norm:2.025169610977173
2025-09-14 05:52:43,887 - Round number: 40 --------------------------
2025-09-14 05:52:43,887 - Evaluate global model
2025-09-14 05:52:50,462 - Averaged Train Loss: 1.3263
2025-09-14 05:52:50,466 - Test Accurancy: 0.5111
2025-09-14 05:52:50,466 - Attack Success Rate: 0.3207
2025-09-14 05:52:59,515 - DPD clipping bound C_t: 0.37728938460350037
2025-09-14 05:52:59,522 - DPD noise norm:2.00091814994812
2025-09-14 05:52:59,543 - Round number: 41 --------------------------
2025-09-14 05:52:59,543 - Evaluate global model
2025-09-14 05:53:06,296 - Averaged Train Loss: 1.3216
2025-09-14 05:53:06,297 - Test Accurancy: 0.5107
2025-09-14 05:53:06,297 - Attack Success Rate: 0.3347
2025-09-14 05:53:14,434 - DPD clipping bound C_t: 0.3765244036912918
2025-09-14 05:53:14,442 - DPD noise norm:1.9988919496536255
2025-09-14 05:53:14,465 - Round number: 42 --------------------------
2025-09-14 05:53:14,465 - Evaluate global model
2025-09-14 05:53:21,011 - Averaged Train Loss: 1.3161
2025-09-14 05:53:21,012 - Test Accurancy: 0.5107
2025-09-14 05:53:21,012 - Attack Success Rate: 0.3547
2025-09-14 05:53:29,031 - DPD clipping bound C_t: 0.3747652620077133
2025-09-14 05:53:29,036 - DPD noise norm:1.9900254011154175
2025-09-14 05:53:29,057 - Round number: 43 --------------------------
2025-09-14 05:53:29,057 - Evaluate global model
2025-09-14 05:53:35,777 - Averaged Train Loss: 1.3072
2025-09-14 05:53:35,779 - Test Accurancy: 0.5164
2025-09-14 05:53:35,779 - Attack Success Rate: 0.3240
2025-09-14 05:53:43,761 - DPD clipping bound C_t: 0.3630395978689194
2025-09-14 05:53:43,764 - DPD noise norm:1.9274144172668457
2025-09-14 05:53:43,781 - Round number: 44 --------------------------
2025-09-14 05:53:43,782 - Evaluate global model
2025-09-14 05:53:48,804 - Averaged Train Loss: 1.3008
2025-09-14 05:53:48,806 - Test Accurancy: 0.5171
2025-09-14 05:53:48,806 - Attack Success Rate: 0.3267
2025-09-14 05:53:58,333 - DPD clipping bound C_t: 0.36653731763362885
2025-09-14 05:53:58,336 - DPD noise norm:1.9478018283843994
2025-09-14 05:53:58,354 - Round number: 45 --------------------------
2025-09-14 05:53:58,354 - Evaluate global model
2025-09-14 05:54:02,881 - Averaged Train Loss: 1.2951
2025-09-14 05:54:02,881 - Test Accurancy: 0.5198
2025-09-14 05:54:02,881 - Attack Success Rate: 0.3180
2025-09-14 05:54:12,735 - DPD clipping bound C_t: 0.35697293281555176
2025-09-14 05:54:12,742 - DPD noise norm:1.8942980766296387
2025-09-14 05:54:12,765 - Round number: 46 --------------------------
2025-09-14 05:54:12,765 - Evaluate global model
2025-09-14 05:54:18,840 - Averaged Train Loss: 1.2911
2025-09-14 05:54:18,840 - Test Accurancy: 0.5209
2025-09-14 05:54:18,840 - Attack Success Rate: 0.3127
2025-09-14 05:54:28,227 - DPD clipping bound C_t: 0.355475515127182
2025-09-14 05:54:28,235 - DPD noise norm:1.8881255388259888
2025-09-14 05:54:28,257 - Round number: 47 --------------------------
2025-09-14 05:54:28,257 - Evaluate global model
2025-09-14 05:54:34,621 - Averaged Train Loss: 1.2869
2025-09-14 05:54:34,622 - Test Accurancy: 0.5236
2025-09-14 05:54:34,622 - Attack Success Rate: 0.2967
2025-09-14 05:54:44,161 - DPD clipping bound C_t: 0.3552358150482178
2025-09-14 05:54:44,168 - DPD noise norm:1.888564109802246
2025-09-14 05:54:44,186 - Round number: 48 --------------------------
2025-09-14 05:54:44,186 - Evaluate global model
2025-09-14 05:54:50,292 - Averaged Train Loss: 1.2742
2025-09-14 05:54:50,293 - Test Accurancy: 0.5283
2025-09-14 05:54:50,293 - Attack Success Rate: 0.2953
2025-09-14 05:55:01,113 - DPD clipping bound C_t: 0.34777452051639557
2025-09-14 05:55:01,119 - DPD noise norm:1.850208044052124
2025-09-14 05:55:01,135 - Round number: 49 --------------------------
2025-09-14 05:55:01,135 - Evaluate global model
2025-09-14 05:55:06,799 - Averaged Train Loss: 1.2766
2025-09-14 05:55:06,799 - Test Accurancy: 0.5227
2025-09-14 05:55:06,799 - Attack Success Rate: 0.3280
2025-09-14 05:55:17,585 - DPD clipping bound C_t: 0.34566524624824524
2025-09-14 05:55:17,591 - DPD noise norm:1.8368369340896606
2025-09-14 05:55:17,609 - Round number: 50 --------------------------
2025-09-14 05:55:17,609 - Evaluate global model
2025-09-14 05:55:22,916 - Averaged Train Loss: 1.2638
2025-09-14 05:55:22,917 - Test Accurancy: 0.5313
2025-09-14 05:55:22,917 - Attack Success Rate: 0.3113
2025-09-14 05:55:31,985 - DPD clipping bound C_t: 0.34286434948444366
2025-09-14 05:55:31,992 - DPD noise norm:1.8214253187179565
2025-09-14 05:55:32,014 - Round number: 51 --------------------------
2025-09-14 05:55:32,014 - Evaluate global model
2025-09-14 05:55:37,441 - Averaged Train Loss: 1.2641
2025-09-14 05:55:37,442 - Test Accurancy: 0.5304
2025-09-14 05:55:37,442 - Attack Success Rate: 0.3047
2025-09-14 05:55:45,502 - DPD clipping bound C_t: 0.34073488414287567
2025-09-14 05:55:45,509 - DPD noise norm:1.810502529144287
2025-09-14 05:55:45,531 - Round number: 52 --------------------------
2025-09-14 05:55:45,531 - Evaluate global model
2025-09-14 05:55:52,014 - Averaged Train Loss: 1.2597
2025-09-14 05:55:52,015 - Test Accurancy: 0.5283
2025-09-14 05:55:52,015 - Attack Success Rate: 0.3327
2025-09-14 05:56:01,764 - DPD clipping bound C_t: 0.3404006212949753
2025-09-14 05:56:01,768 - DPD noise norm:1.8076136112213135
2025-09-14 05:56:01,784 - Round number: 53 --------------------------
2025-09-14 05:56:01,785 - Evaluate global model
2025-09-14 05:56:07,325 - Averaged Train Loss: 1.2487
2025-09-14 05:56:07,328 - Test Accurancy: 0.5355
2025-09-14 05:56:07,328 - Attack Success Rate: 0.3080
2025-09-14 05:56:17,000 - DPD clipping bound C_t: 0.33239075541496277
2025-09-14 05:56:17,007 - DPD noise norm:1.7659780979156494
2025-09-14 05:56:17,022 - Round number: 54 --------------------------
2025-09-14 05:56:17,022 - Evaluate global model
2025-09-14 05:56:22,976 - Averaged Train Loss: 1.2448
2025-09-14 05:56:22,979 - Test Accurancy: 0.5353
2025-09-14 05:56:22,979 - Attack Success Rate: 0.3093
2025-09-14 05:56:33,673 - DPD clipping bound C_t: 0.32659684121608734
2025-09-14 05:56:33,678 - DPD noise norm:1.7331982851028442
2025-09-14 05:56:33,696 - Round number: 55 --------------------------
2025-09-14 05:56:33,696 - Evaluate global model
2025-09-14 05:56:39,808 - Averaged Train Loss: 1.2421
2025-09-14 05:56:39,811 - Test Accurancy: 0.5362
2025-09-14 05:56:39,811 - Attack Success Rate: 0.3213
2025-09-14 05:56:48,829 - DPD clipping bound C_t: 0.329815074801445
2025-09-14 05:56:48,834 - DPD noise norm:1.7532178163528442
2025-09-14 05:56:48,850 - Round number: 56 --------------------------
2025-09-14 05:56:48,850 - Evaluate global model
2025-09-14 05:56:54,644 - Averaged Train Loss: 1.2424
2025-09-14 05:56:54,649 - Test Accurancy: 0.5355
2025-09-14 05:56:54,649 - Attack Success Rate: 0.3187
2025-09-14 05:57:04,263 - DPD clipping bound C_t: 0.32634468376636505
2025-09-14 05:57:04,273 - DPD noise norm:1.73479425907135
2025-09-14 05:57:04,299 - Round number: 57 --------------------------
2025-09-14 05:57:04,299 - Evaluate global model
2025-09-14 05:57:10,906 - Averaged Train Loss: 1.2337
2025-09-14 05:57:10,908 - Test Accurancy: 0.5421
2025-09-14 05:57:10,908 - Attack Success Rate: 0.3073
2025-09-14 05:57:21,123 - DPD clipping bound C_t: 0.3233213424682617
2025-09-14 05:57:21,129 - DPD noise norm:1.7166028022766113
2025-09-14 05:57:21,147 - Round number: 58 --------------------------
2025-09-14 05:57:21,147 - Evaluate global model
2025-09-14 05:57:27,123 - Averaged Train Loss: 1.2215
2025-09-14 05:57:27,124 - Test Accurancy: 0.5443
2025-09-14 05:57:27,124 - Attack Success Rate: 0.3327
2025-09-14 05:57:37,237 - DPD clipping bound C_t: 0.32332442700862885
2025-09-14 05:57:37,243 - DPD noise norm:1.7194181680679321
2025-09-14 05:57:37,262 - Round number: 59 --------------------------
2025-09-14 05:57:37,262 - Evaluate global model
2025-09-14 05:57:42,787 - Averaged Train Loss: 1.2198
2025-09-14 05:57:42,790 - Test Accurancy: 0.5433
2025-09-14 05:57:42,790 - Attack Success Rate: 0.3260
2025-09-14 05:57:52,999 - DPD clipping bound C_t: 0.32089877128601074
2025-09-14 05:57:53,006 - DPD noise norm:1.7036585807800293
2025-09-14 05:57:53,032 - Round number: 60 --------------------------
2025-09-14 05:57:53,032 - Evaluate global model
2025-09-14 05:57:58,329 - Averaged Train Loss: 1.2134
2025-09-14 05:57:58,333 - Test Accurancy: 0.5482
2025-09-14 05:57:58,333 - Attack Success Rate: 0.2953
2025-09-14 05:58:08,657 - DPD clipping bound C_t: 0.31185492873191833
2025-09-14 05:58:08,663 - DPD noise norm:1.6569232940673828
2025-09-14 05:58:08,682 - Round number: 61 --------------------------
2025-09-14 05:58:08,683 - Evaluate global model
2025-09-14 05:58:14,745 - Averaged Train Loss: 1.2109
2025-09-14 05:58:14,747 - Test Accurancy: 0.5492
2025-09-14 05:58:14,747 - Attack Success Rate: 0.3047
2025-09-14 05:58:24,171 - DPD clipping bound C_t: 0.30476927757263184
2025-09-14 05:58:24,177 - DPD noise norm:1.6206382513046265
2025-09-14 05:58:24,193 - Round number: 62 --------------------------
2025-09-14 05:58:24,193 - Evaluate global model
2025-09-14 05:58:28,627 - Averaged Train Loss: 1.2179
2025-09-14 05:58:28,628 - Test Accurancy: 0.5479
2025-09-14 05:58:28,628 - Attack Success Rate: 0.2873
2025-09-14 05:58:37,554 - DPD clipping bound C_t: 0.3041415214538574
2025-09-14 05:58:37,558 - DPD noise norm:1.6181347370147705
2025-09-14 05:58:37,571 - Round number: 63 --------------------------
2025-09-14 05:58:37,571 - Evaluate global model
2025-09-14 05:58:42,020 - Averaged Train Loss: 1.2020
2025-09-14 05:58:42,020 - Test Accurancy: 0.5516
2025-09-14 05:58:42,020 - Attack Success Rate: 0.2960
2025-09-14 05:58:50,177 - DPD clipping bound C_t: 0.3019411414861679
2025-09-14 05:58:50,181 - DPD noise norm:1.6042457818984985
2025-09-14 05:58:50,194 - Round number: 64 --------------------------
2025-09-14 05:58:50,194 - Evaluate global model
2025-09-14 05:58:54,157 - Averaged Train Loss: 1.2015
2025-09-14 05:58:54,157 - Test Accurancy: 0.5510
2025-09-14 05:58:54,157 - Attack Success Rate: 0.2940
2025-09-14 05:59:03,954 - DPD clipping bound C_t: 0.29955483973026276
2025-09-14 05:59:03,962 - DPD noise norm:1.5913958549499512
2025-09-14 05:59:03,977 - Round number: 65 --------------------------
2025-09-14 05:59:03,977 - Evaluate global model
2025-09-14 05:59:09,427 - Averaged Train Loss: 1.1966
2025-09-14 05:59:09,431 - Test Accurancy: 0.5538
2025-09-14 05:59:09,431 - Attack Success Rate: 0.2767
2025-09-14 05:59:19,837 - DPD clipping bound C_t: 0.2964446693658829
2025-09-14 05:59:19,841 - DPD noise norm:1.5750247240066528
2025-09-14 05:59:19,857 - Round number: 66 --------------------------
2025-09-14 05:59:19,858 - Evaluate global model
2025-09-14 05:59:24,845 - Averaged Train Loss: 1.1973
2025-09-14 05:59:24,848 - Test Accurancy: 0.5510
2025-09-14 05:59:24,848 - Attack Success Rate: 0.3220
2025-09-14 05:59:35,227 - DPD clipping bound C_t: 0.2966405898332596
2025-09-14 05:59:35,232 - DPD noise norm:1.5741225481033325
2025-09-14 05:59:35,250 - Round number: 67 --------------------------
2025-09-14 05:59:35,250 - Evaluate global model
2025-09-14 05:59:41,774 - Averaged Train Loss: 1.1902
2025-09-14 05:59:41,777 - Test Accurancy: 0.5542
2025-09-14 05:59:41,777 - Attack Success Rate: 0.2933
2025-09-14 05:59:50,943 - DPD clipping bound C_t: 0.29087577760219574
2025-09-14 05:59:50,951 - DPD noise norm:1.5446418523788452
2025-09-14 05:59:50,973 - Round number: 68 --------------------------
2025-09-14 05:59:50,973 - Evaluate global model
2025-09-14 05:59:57,933 - Averaged Train Loss: 1.1861
2025-09-14 05:59:57,935 - Test Accurancy: 0.5532
2025-09-14 05:59:57,935 - Attack Success Rate: 0.2960
2025-09-14 06:00:08,591 - DPD clipping bound C_t: 0.2821636199951172
2025-09-14 06:00:08,598 - DPD noise norm:1.4985729455947876
2025-09-14 06:00:08,619 - Round number: 69 --------------------------
2025-09-14 06:00:08,620 - Evaluate global model
2025-09-14 06:00:13,888 - Averaged Train Loss: 1.1825
2025-09-14 06:00:13,890 - Test Accurancy: 0.5537
2025-09-14 06:00:13,890 - Attack Success Rate: 0.3160
2025-09-14 06:00:24,697 - DPD clipping bound C_t: 0.28663022816181183
2025-09-14 06:00:24,706 - DPD noise norm:1.5226106643676758
2025-09-14 06:00:24,738 - Round number: 70 --------------------------
2025-09-14 06:00:24,739 - Evaluate global model
2025-09-14 06:00:30,897 - Averaged Train Loss: 1.1718
2025-09-14 06:00:30,898 - Test Accurancy: 0.5578
2025-09-14 06:00:30,898 - Attack Success Rate: 0.3240
2025-09-14 06:00:40,854 - DPD clipping bound C_t: 0.28475940227508545
2025-09-14 06:00:40,859 - DPD noise norm:1.5126025676727295
2025-09-14 06:00:40,879 - Round number: 71 --------------------------
2025-09-14 06:00:40,880 - Evaluate global model
2025-09-14 06:00:46,005 - Averaged Train Loss: 1.1697
2025-09-14 06:00:46,006 - Test Accurancy: 0.5574
2025-09-14 06:00:46,006 - Attack Success Rate: 0.3247
2025-09-14 06:00:56,624 - DPD clipping bound C_t: 0.28242258727550507
2025-09-14 06:00:56,631 - DPD noise norm:1.4991340637207031
2025-09-14 06:00:56,650 - Round number: 72 --------------------------
2025-09-14 06:00:56,650 - Evaluate global model
2025-09-14 06:01:01,863 - Averaged Train Loss: 1.1750
2025-09-14 06:01:01,864 - Test Accurancy: 0.5566
2025-09-14 06:01:01,864 - Attack Success Rate: 0.3000
2025-09-14 06:01:12,698 - DPD clipping bound C_t: 0.27756674587726593
2025-09-14 06:01:12,704 - DPD noise norm:1.4765732288360596
2025-09-14 06:01:12,718 - Round number: 73 --------------------------
2025-09-14 06:01:12,719 - Evaluate global model
2025-09-14 06:01:17,566 - Averaged Train Loss: 1.1604
2025-09-14 06:01:17,569 - Test Accurancy: 0.5602
2025-09-14 06:01:17,569 - Attack Success Rate: 0.3120
2025-09-14 06:01:28,467 - DPD clipping bound C_t: 0.2719503194093704
2025-09-14 06:01:28,471 - DPD noise norm:1.4442049264907837
2025-09-14 06:01:28,486 - Round number: 74 --------------------------
2025-09-14 06:01:28,486 - Evaluate global model
2025-09-14 06:01:34,350 - Averaged Train Loss: 1.1553
2025-09-14 06:01:34,353 - Test Accurancy: 0.5646
2025-09-14 06:01:34,353 - Attack Success Rate: 0.2860
2025-09-14 06:01:43,555 - DPD clipping bound C_t: 0.2701758146286011
2025-09-14 06:01:43,559 - DPD noise norm:1.4362576007843018
2025-09-14 06:01:43,572 - Round number: 75 --------------------------
2025-09-14 06:01:43,572 - Evaluate global model
2025-09-14 06:01:47,956 - Averaged Train Loss: 1.1584
2025-09-14 06:01:47,960 - Test Accurancy: 0.5623
2025-09-14 06:01:47,960 - Attack Success Rate: 0.2900
2025-09-14 06:01:58,752 - DPD clipping bound C_t: 0.26826637983322144
2025-09-14 06:01:58,756 - DPD noise norm:1.4273426532745361
2025-09-14 06:01:58,774 - Round number: 76 --------------------------
2025-09-14 06:01:58,774 - Evaluate global model
2025-09-14 06:02:04,899 - Averaged Train Loss: 1.1535
2025-09-14 06:02:04,902 - Test Accurancy: 0.5629
2025-09-14 06:02:04,902 - Attack Success Rate: 0.2973
2025-09-14 06:02:14,495 - DPD clipping bound C_t: 0.2617966830730438
2025-09-14 06:02:14,499 - DPD noise norm:1.3900041580200195
2025-09-14 06:02:14,514 - Round number: 77 --------------------------
2025-09-14 06:02:14,514 - Evaluate global model
2025-09-14 06:02:18,504 - Averaged Train Loss: 1.1476
2025-09-14 06:02:18,506 - Test Accurancy: 0.5624
2025-09-14 06:02:18,506 - Attack Success Rate: 0.3380
2025-09-14 06:02:28,851 - DPD clipping bound C_t: 0.2616673856973648
2025-09-14 06:02:28,855 - DPD noise norm:1.387351393699646
2025-09-14 06:02:28,872 - Round number: 78 --------------------------
2025-09-14 06:02:28,873 - Evaluate global model
2025-09-14 06:02:33,435 - Averaged Train Loss: 1.1466
2025-09-14 06:02:33,436 - Test Accurancy: 0.5640
2025-09-14 06:02:33,436 - Attack Success Rate: 0.3060
2025-09-14 06:02:42,828 - DPD clipping bound C_t: 0.2551012188196182
2025-09-14 06:02:42,835 - DPD noise norm:1.3557178974151611
2025-09-14 06:02:42,857 - Round number: 79 --------------------------
2025-09-14 06:02:42,857 - Evaluate global model
2025-09-14 06:02:48,335 - Averaged Train Loss: 1.1447
2025-09-14 06:02:48,336 - Test Accurancy: 0.5643
2025-09-14 06:02:48,336 - Attack Success Rate: 0.3073
2025-09-14 06:02:58,171 - DPD clipping bound C_t: 0.25569355487823486
2025-09-14 06:02:58,178 - DPD noise norm:1.3574563264846802
2025-09-14 06:02:58,201 - Round number: 80 --------------------------
2025-09-14 06:02:58,201 - Evaluate global model
2025-09-14 06:03:03,813 - Averaged Train Loss: 1.1389
2025-09-14 06:03:03,815 - Test Accurancy: 0.5656
2025-09-14 06:03:03,815 - Attack Success Rate: 0.2967
2025-09-14 06:03:15,288 - DPD clipping bound C_t: 0.2535420358181
2025-09-14 06:03:15,294 - DPD noise norm:1.3465228080749512
2025-09-14 06:03:15,316 - Round number: 81 --------------------------
2025-09-14 06:03:15,316 - Evaluate global model
2025-09-14 06:03:21,921 - Averaged Train Loss: 1.1379
2025-09-14 06:03:21,923 - Test Accurancy: 0.5664
2025-09-14 06:03:21,923 - Attack Success Rate: 0.2753
2025-09-14 06:03:32,155 - DPD clipping bound C_t: 0.24819514900445938
2025-09-14 06:03:32,162 - DPD noise norm:1.3181403875350952
2025-09-14 06:03:32,183 - Round number: 82 --------------------------
2025-09-14 06:03:32,183 - Evaluate global model
2025-09-14 06:03:37,447 - Averaged Train Loss: 1.1330
2025-09-14 06:03:37,448 - Test Accurancy: 0.5693
2025-09-14 06:03:37,448 - Attack Success Rate: 0.2860
2025-09-14 06:03:47,146 - DPD clipping bound C_t: 0.2428174614906311
2025-09-14 06:03:47,153 - DPD noise norm:1.2899187803268433
2025-09-14 06:03:47,180 - Round number: 83 --------------------------
2025-09-14 06:03:47,181 - Evaluate global model
2025-09-14 06:03:52,696 - Averaged Train Loss: 1.1383
2025-09-14 06:03:52,696 - Test Accurancy: 0.5660
2025-09-14 06:03:52,696 - Attack Success Rate: 0.3047
2025-09-14 06:04:02,757 - DPD clipping bound C_t: 0.24157999455928802
2025-09-14 06:04:02,764 - DPD noise norm:1.2819544076919556
2025-09-14 06:04:02,791 - Round number: 84 --------------------------
2025-09-14 06:04:02,792 - Evaluate global model
2025-09-14 06:04:08,741 - Averaged Train Loss: 1.1307
2025-09-14 06:04:08,742 - Test Accurancy: 0.5679
2025-09-14 06:04:08,742 - Attack Success Rate: 0.2900
2025-09-14 06:04:17,733 - DPD clipping bound C_t: 0.24117620289325714
2025-09-14 06:04:17,740 - DPD noise norm:1.2805496454238892
2025-09-14 06:04:17,761 - Round number: 85 --------------------------
2025-09-14 06:04:17,762 - Evaluate global model
2025-09-14 06:04:23,918 - Averaged Train Loss: 1.1289
2025-09-14 06:04:23,919 - Test Accurancy: 0.5700
2025-09-14 06:04:23,919 - Attack Success Rate: 0.2993
2025-09-14 06:04:34,792 - DPD clipping bound C_t: 0.2396116554737091
2025-09-14 06:04:34,800 - DPD noise norm:1.2746647596359253
2025-09-14 06:04:34,823 - Round number: 86 --------------------------
2025-09-14 06:04:34,823 - Evaluate global model
2025-09-14 06:04:40,682 - Averaged Train Loss: 1.1242
2025-09-14 06:04:40,685 - Test Accurancy: 0.5682
2025-09-14 06:04:40,685 - Attack Success Rate: 0.3127
2025-09-14 06:04:51,212 - DPD clipping bound C_t: 0.23286496847867966
2025-09-14 06:04:51,222 - DPD noise norm:1.2369738817214966
2025-09-14 06:04:51,236 - Round number: 87 --------------------------
2025-09-14 06:04:51,236 - Evaluate global model
2025-09-14 06:04:56,173 - Averaged Train Loss: 1.1209
2025-09-14 06:04:56,177 - Test Accurancy: 0.5722
2025-09-14 06:04:56,177 - Attack Success Rate: 0.2807
2025-09-14 06:05:06,655 - DPD clipping bound C_t: 0.23022209107875824
2025-09-14 06:05:06,660 - DPD noise norm:1.2215570211410522
2025-09-14 06:05:06,679 - Round number: 88 --------------------------
2025-09-14 06:05:06,680 - Evaluate global model
2025-09-14 06:05:13,549 - Averaged Train Loss: 1.1157
2025-09-14 06:05:13,551 - Test Accurancy: 0.5730
2025-09-14 06:05:13,552 - Attack Success Rate: 0.2627
2025-09-14 06:05:22,617 - DPD clipping bound C_t: 0.22868212312459946
2025-09-14 06:05:22,625 - DPD noise norm:1.2134298086166382
2025-09-14 06:05:22,647 - Round number: 89 --------------------------
2025-09-14 06:05:22,648 - Evaluate global model
2025-09-14 06:05:29,649 - Averaged Train Loss: 1.1197
2025-09-14 06:05:29,650 - Test Accurancy: 0.5721
2025-09-14 06:05:29,650 - Attack Success Rate: 0.2733
2025-09-14 06:05:39,952 - DPD clipping bound C_t: 0.22915945202112198
2025-09-14 06:05:39,960 - DPD noise norm:1.2169463634490967
2025-09-14 06:05:39,979 - Round number: 90 --------------------------
2025-09-14 06:05:39,979 - Evaluate global model
2025-09-14 06:05:45,619 - Averaged Train Loss: 1.1163
2025-09-14 06:05:45,620 - Test Accurancy: 0.5751
2025-09-14 06:05:45,620 - Attack Success Rate: 0.2673
2025-09-14 06:05:55,380 - DPD clipping bound C_t: 0.22372548282146454
2025-09-14 06:05:55,389 - DPD noise norm:1.188117265701294
2025-09-14 06:05:55,416 - Round number: 91 --------------------------
2025-09-14 06:05:55,416 - Evaluate global model
2025-09-14 06:06:01,430 - Averaged Train Loss: 1.1070
2025-09-14 06:06:01,430 - Test Accurancy: 0.5772
2025-09-14 06:06:01,430 - Attack Success Rate: 0.2720
2025-09-14 06:06:12,364 - DPD clipping bound C_t: 0.21974599361419678
2025-09-14 06:06:12,372 - DPD noise norm:1.1680806875228882
2025-09-14 06:06:12,398 - Round number: 92 --------------------------
2025-09-14 06:06:12,398 - Evaluate global model
2025-09-14 06:06:18,580 - Averaged Train Loss: 1.1112
2025-09-14 06:06:18,582 - Test Accurancy: 0.5740
2025-09-14 06:06:18,582 - Attack Success Rate: 0.2953
2025-09-14 06:06:26,900 - DPD clipping bound C_t: 0.21975192427635193
2025-09-14 06:06:26,904 - DPD noise norm:1.1657371520996094
2025-09-14 06:06:26,919 - Round number: 93 --------------------------
2025-09-14 06:06:26,920 - Evaluate global model
2025-09-14 06:06:31,358 - Averaged Train Loss: 1.1020
2025-09-14 06:06:31,360 - Test Accurancy: 0.5775
2025-09-14 06:06:31,360 - Attack Success Rate: 0.2793
2025-09-14 06:06:41,726 - DPD clipping bound C_t: 0.21546421945095062
2025-09-14 06:06:41,730 - DPD noise norm:1.1445626020431519
2025-09-14 06:06:41,743 - Round number: 94 --------------------------
2025-09-14 06:06:41,743 - Evaluate global model
2025-09-14 06:06:46,340 - Averaged Train Loss: 1.1017
2025-09-14 06:06:46,343 - Test Accurancy: 0.5790
2025-09-14 06:06:46,343 - Attack Success Rate: 0.2760
2025-09-14 06:06:57,326 - DPD clipping bound C_t: 0.21327171474695206
2025-09-14 06:06:57,331 - DPD noise norm:1.1350005865097046
2025-09-14 06:06:57,345 - Round number: 95 --------------------------
2025-09-14 06:06:57,345 - Evaluate global model
2025-09-14 06:07:02,103 - Averaged Train Loss: 1.1014
2025-09-14 06:07:02,104 - Test Accurancy: 0.5786
2025-09-14 06:07:02,104 - Attack Success Rate: 0.2680
2025-09-14 06:07:12,162 - DPD clipping bound C_t: 0.20968323200941086
2025-09-14 06:07:12,173 - DPD noise norm:1.1139978170394897
2025-09-14 06:07:12,190 - Round number: 96 --------------------------
2025-09-14 06:07:12,190 - Evaluate global model
2025-09-14 06:07:16,957 - Averaged Train Loss: 1.0965
2025-09-14 06:07:16,960 - Test Accurancy: 0.5792
2025-09-14 06:07:16,960 - Attack Success Rate: 0.2887
2025-09-14 06:07:28,004 - DPD clipping bound C_t: 0.21019341796636581
2025-09-14 06:07:28,011 - DPD noise norm:1.1158666610717773
2025-09-14 06:07:28,034 - Round number: 97 --------------------------
2025-09-14 06:07:28,034 - Evaluate global model
2025-09-14 06:07:34,177 - Averaged Train Loss: 1.0924
2025-09-14 06:07:34,178 - Test Accurancy: 0.5816
2025-09-14 06:07:34,178 - Attack Success Rate: 0.2707
2025-09-14 06:07:43,330 - DPD clipping bound C_t: 0.20839863270521164
2025-09-14 06:07:43,338 - DPD noise norm:1.1076126098632812
2025-09-14 06:07:43,366 - Round number: 98 --------------------------
2025-09-14 06:07:43,366 - Evaluate global model
2025-09-14 06:07:48,609 - Averaged Train Loss: 1.0955
2025-09-14 06:07:48,609 - Test Accurancy: 0.5794
2025-09-14 06:07:48,609 - Attack Success Rate: 0.3007
2025-09-14 06:07:54,950 - DPD clipping bound C_t: 0.2034502923488617
2025-09-14 06:07:54,954 - DPD noise norm:1.0807037353515625
2025-09-14 06:07:54,969 - Round number: 99 --------------------------
2025-09-14 06:07:54,969 - Evaluate global model
2025-09-14 06:07:57,579 - Averaged Train Loss: 1.0944
2025-09-14 06:07:57,581 - Test Accurancy: 0.5814
2025-09-14 06:07:57,581 - Attack Success Rate: 0.2660
2025-09-14 06:08:07,827 - DPD clipping bound C_t: 0.20031804591417313
2025-09-14 06:08:07,833 - DPD noise norm:1.0652745962142944
2025-09-14 06:08:07,849 - Round number: 100 --------------------------
2025-09-14 06:08:07,849 - Evaluate global model
2025-09-14 06:08:12,271 - Averaged Train Loss: 1.0895
2025-09-14 06:08:12,272 - Test Accurancy: 0.5818
2025-09-14 06:08:12,272 - Attack Success Rate: 0.2773
2025-09-14 06:08:21,492 - DPD clipping bound C_t: 0.19979573041200638
2025-09-14 06:08:21,499 - DPD noise norm:1.061334252357483
2025-09-14 06:08:21,501 - Run over
2025-09-14 06:08:21,501 - Saving results to ./exp/exp2/Cifar10/0.006.h5
2025-09-14 06:08:21,534 - Best accuracy: 0.5817515817515817
2025-09-14 06:08:21,534 - Average time cost per round: 15.417389671802521
