2025-09-14 04:05:15,557 - *****************EXP-2*****************
2025-09-14 04:05:15,562 - Exp repeats: 1
2025-09-14 04:05:15,563 - Communication Rounds: 100
2025-09-14 04:05:15,563 - Clients: 40

2025-09-14 04:05:15,563 - Attack method: scale
2025-09-14 04:05:15,563 - Filtering rule: dpd
2025-09-14 04:05:15,563 - Dataset: Cifar10
2025-09-14 04:05:15,563 - Model: cnn2
2025-09-14 04:05:15,563 - Learning Rate: 0.04
2025-09-14 04:05:15,563 - Batch Size: 64
2025-09-14 04:05:15,563 - Device: cuda
2025-09-14 04:05:15,564 - Device id: 0
2025-09-14 04:05:15,564 - DPD clipping strategy: auto
2025-09-14 04:05:15,564 - DPD noise level: 0.003
2025-09-14 04:05:15,564 - Adversaries: 8
2025-09-14 04:05:15,564 - Targeted Label Flipping: 4-->6
2025-09-14 04:05:15,564 - *****************EXP-2*****************
2025-09-14 04:05:16,605 - Running time: 0th ==========================
2025-09-14 04:05:40,087 - Round number: 0 --------------------------
2025-09-14 04:05:40,094 - Evaluate global model
2025-09-14 04:06:01,540 - Averaged Train Loss: 2.3056
2025-09-14 04:06:01,542 - Test Accurancy: 0.0977
2025-09-14 04:06:01,542 - Attack Success Rate: 0.0000
2025-09-14 04:06:21,028 - DPD clipping bound C_t: 0.6787377297878265
2025-09-14 04:06:21,074 - DPD noise norm:1.802157998085022
2025-09-14 04:06:21,108 - Round number: 1 --------------------------
2025-09-14 04:06:21,108 - Evaluate global model
2025-09-14 04:06:32,252 - Averaged Train Loss: 2.2481
2025-09-14 04:06:32,265 - Test Accurancy: 0.1696
2025-09-14 04:06:32,266 - Attack Success Rate: 0.4173
2025-09-14 04:06:47,975 - DPD clipping bound C_t: 0.6672210395336151
2025-09-14 04:06:47,988 - DPD noise norm:1.7721545696258545
2025-09-14 04:06:48,025 - Round number: 2 --------------------------
2025-09-14 04:06:48,026 - Evaluate global model
2025-09-14 04:07:01,461 - Averaged Train Loss: 2.1197
2025-09-14 04:07:01,463 - Test Accurancy: 0.1973
2025-09-14 04:07:01,463 - Attack Success Rate: 0.7607
2025-09-14 04:07:17,484 - DPD clipping bound C_t: 0.5904833674430847
2025-09-14 04:07:17,492 - DPD noise norm:1.5694279670715332
2025-09-14 04:07:17,521 - Round number: 3 --------------------------
2025-09-14 04:07:17,522 - Evaluate global model
2025-09-14 04:07:29,628 - Averaged Train Loss: 2.0422
2025-09-14 04:07:29,637 - Test Accurancy: 0.2244
2025-09-14 04:07:29,637 - Attack Success Rate: 0.7340
2025-09-14 04:07:47,084 - DPD clipping bound C_t: 0.5823560655117035
2025-09-14 04:07:47,103 - DPD noise norm:1.5450907945632935
2025-09-14 04:07:47,151 - Round number: 4 --------------------------
2025-09-14 04:07:47,151 - Evaluate global model
2025-09-14 04:07:59,285 - Averaged Train Loss: 1.9883
2025-09-14 04:07:59,287 - Test Accurancy: 0.2537
2025-09-14 04:07:59,287 - Attack Success Rate: 0.6933
2025-09-14 04:08:16,446 - DPD clipping bound C_t: 0.570659875869751
2025-09-14 04:08:16,453 - DPD noise norm:1.5153601169586182
2025-09-14 04:08:16,482 - Round number: 5 --------------------------
2025-09-14 04:08:16,482 - Evaluate global model
2025-09-14 04:08:29,207 - Averaged Train Loss: 1.9344
2025-09-14 04:08:29,211 - Test Accurancy: 0.2864
2025-09-14 04:08:29,211 - Attack Success Rate: 0.6920
2025-09-14 04:08:44,577 - DPD clipping bound C_t: 0.5560051798820496
2025-09-14 04:08:44,588 - DPD noise norm:1.4774779081344604
2025-09-14 04:08:44,608 - Round number: 6 --------------------------
2025-09-14 04:08:44,608 - Evaluate global model
2025-09-14 04:08:51,931 - Averaged Train Loss: 1.8988
2025-09-14 04:08:51,934 - Test Accurancy: 0.3038
2025-09-14 04:08:51,934 - Attack Success Rate: 0.6300
2025-09-14 04:09:02,857 - DPD clipping bound C_t: 0.5435462296009064
2025-09-14 04:09:02,866 - DPD noise norm:1.4462854862213135
2025-09-14 04:09:02,902 - Round number: 7 --------------------------
2025-09-14 04:09:02,903 - Evaluate global model
2025-09-14 04:09:17,387 - Averaged Train Loss: 1.8579
2025-09-14 04:09:17,397 - Test Accurancy: 0.3309
2025-09-14 04:09:17,397 - Attack Success Rate: 0.5580
2025-09-14 04:09:35,396 - DPD clipping bound C_t: 0.5468990504741669
2025-09-14 04:09:35,413 - DPD noise norm:1.4532983303070068
2025-09-14 04:09:35,469 - Round number: 8 --------------------------
2025-09-14 04:09:35,469 - Evaluate global model
2025-09-14 04:09:48,812 - Averaged Train Loss: 1.8236
2025-09-14 04:09:48,822 - Test Accurancy: 0.3437
2025-09-14 04:09:48,823 - Attack Success Rate: 0.5207
2025-09-14 04:10:04,775 - DPD clipping bound C_t: 0.5294725596904755
2025-09-14 04:10:04,790 - DPD noise norm:1.4054749011993408
2025-09-14 04:10:04,819 - Round number: 9 --------------------------
2025-09-14 04:10:04,820 - Evaluate global model
2025-09-14 04:10:15,263 - Averaged Train Loss: 1.7914
2025-09-14 04:10:15,274 - Test Accurancy: 0.3518
2025-09-14 04:10:15,274 - Attack Success Rate: 0.5347
2025-09-14 04:10:32,216 - DPD clipping bound C_t: 0.5213481485843658
2025-09-14 04:10:32,235 - DPD noise norm:1.385699987411499
2025-09-14 04:10:32,267 - Round number: 10 --------------------------
2025-09-14 04:10:32,268 - Evaluate global model
2025-09-14 04:10:46,198 - Averaged Train Loss: 1.7547
2025-09-14 04:10:46,204 - Test Accurancy: 0.3696
2025-09-14 04:10:46,205 - Attack Success Rate: 0.4633
2025-09-14 04:11:03,546 - DPD clipping bound C_t: 0.5159037411212921
2025-09-14 04:11:03,557 - DPD noise norm:1.3688286542892456
2025-09-14 04:11:03,593 - Round number: 11 --------------------------
2025-09-14 04:11:03,594 - Evaluate global model
2025-09-14 04:11:16,087 - Averaged Train Loss: 1.7295
2025-09-14 04:11:16,095 - Test Accurancy: 0.3776
2025-09-14 04:11:16,095 - Attack Success Rate: 0.5020
2025-09-14 04:11:31,720 - DPD clipping bound C_t: 0.5139999389648438
2025-09-14 04:11:31,725 - DPD noise norm:1.366193175315857
2025-09-14 04:11:31,742 - Round number: 12 --------------------------
2025-09-14 04:11:31,743 - Evaluate global model
2025-09-14 04:11:43,028 - Averaged Train Loss: 1.6985
2025-09-14 04:11:43,029 - Test Accurancy: 0.3909
2025-09-14 04:11:43,029 - Attack Success Rate: 0.4127
2025-09-14 04:11:55,884 - DPD clipping bound C_t: 0.5144830048084259
2025-09-14 04:11:55,890 - DPD noise norm:1.365493893623352
2025-09-14 04:11:55,904 - Round number: 13 --------------------------
2025-09-14 04:11:55,904 - Evaluate global model
2025-09-14 04:12:01,675 - Averaged Train Loss: 1.6708
2025-09-14 04:12:01,676 - Test Accurancy: 0.3975
2025-09-14 04:12:01,676 - Attack Success Rate: 0.4027
2025-09-14 04:12:08,812 - DPD clipping bound C_t: 0.5079803168773651
2025-09-14 04:12:08,816 - DPD noise norm:1.3496066331863403
2025-09-14 04:12:08,830 - Round number: 14 --------------------------
2025-09-14 04:12:08,830 - Evaluate global model
2025-09-14 04:12:15,109 - Averaged Train Loss: 1.6404
2025-09-14 04:12:15,109 - Test Accurancy: 0.4066
2025-09-14 04:12:15,109 - Attack Success Rate: 0.4347
2025-09-14 04:12:23,710 - DPD clipping bound C_t: 0.49762557446956635
2025-09-14 04:12:23,714 - DPD noise norm:1.3238179683685303
2025-09-14 04:12:23,727 - Round number: 15 --------------------------
2025-09-14 04:12:23,727 - Evaluate global model
2025-09-14 04:12:29,505 - Averaged Train Loss: 1.6233
2025-09-14 04:12:29,506 - Test Accurancy: 0.4080
2025-09-14 04:12:29,506 - Attack Success Rate: 0.4273
2025-09-14 04:12:39,115 - DPD clipping bound C_t: 0.49886614084243774
2025-09-14 04:12:39,119 - DPD noise norm:1.3227405548095703
2025-09-14 04:12:39,135 - Round number: 16 --------------------------
2025-09-14 04:12:39,136 - Evaluate global model
2025-09-14 04:12:45,484 - Averaged Train Loss: 1.5889
2025-09-14 04:12:45,488 - Test Accurancy: 0.4223
2025-09-14 04:12:45,488 - Attack Success Rate: 0.4300
2025-09-14 04:12:55,994 - DPD clipping bound C_t: 0.4850282073020935
2025-09-14 04:12:56,001 - DPD noise norm:1.2876906394958496
2025-09-14 04:12:56,020 - Round number: 17 --------------------------
2025-09-14 04:12:56,020 - Evaluate global model
2025-09-14 04:13:02,040 - Averaged Train Loss: 1.5695
2025-09-14 04:13:02,044 - Test Accurancy: 0.4290
2025-09-14 04:13:02,044 - Attack Success Rate: 0.4080
2025-09-14 04:13:11,520 - DPD clipping bound C_t: 0.4751861244440079
2025-09-14 04:13:11,531 - DPD noise norm:1.2623224258422852
2025-09-14 04:13:11,553 - Round number: 18 --------------------------
2025-09-14 04:13:11,554 - Evaluate global model
2025-09-14 04:13:18,075 - Averaged Train Loss: 1.5514
2025-09-14 04:13:18,078 - Test Accurancy: 0.4346
2025-09-14 04:13:18,078 - Attack Success Rate: 0.3860
2025-09-14 04:13:26,639 - DPD clipping bound C_t: 0.47160379588603973
2025-09-14 04:13:26,644 - DPD noise norm:1.2530111074447632
2025-09-14 04:13:26,661 - Round number: 19 --------------------------
2025-09-14 04:13:26,661 - Evaluate global model
2025-09-14 04:13:32,883 - Averaged Train Loss: 1.5310
2025-09-14 04:13:32,885 - Test Accurancy: 0.4408
2025-09-14 04:13:32,885 - Attack Success Rate: 0.3633
2025-09-14 04:13:41,558 - DPD clipping bound C_t: 0.46409420669078827
2025-09-14 04:13:41,562 - DPD noise norm:1.2331136465072632
2025-09-14 04:13:41,579 - Round number: 20 --------------------------
2025-09-14 04:13:41,579 - Evaluate global model
2025-09-14 04:13:45,909 - Averaged Train Loss: 1.5221
2025-09-14 04:13:45,910 - Test Accurancy: 0.4414
2025-09-14 04:13:45,910 - Attack Success Rate: 0.3880
2025-09-14 04:13:56,195 - DPD clipping bound C_t: 0.46927614510059357
2025-09-14 04:13:56,201 - DPD noise norm:1.2466704845428467
2025-09-14 04:13:56,221 - Round number: 21 --------------------------
2025-09-14 04:13:56,221 - Evaluate global model
2025-09-14 04:14:01,115 - Averaged Train Loss: 1.5013
2025-09-14 04:14:01,116 - Test Accurancy: 0.4510
2025-09-14 04:14:01,117 - Attack Success Rate: 0.3433
2025-09-14 04:14:11,513 - DPD clipping bound C_t: 0.4650168716907501
2025-09-14 04:14:11,518 - DPD noise norm:1.2334870100021362
2025-09-14 04:14:11,544 - Round number: 22 --------------------------
2025-09-14 04:14:11,544 - Evaluate global model
2025-09-14 04:14:16,305 - Averaged Train Loss: 1.4818
2025-09-14 04:14:16,306 - Test Accurancy: 0.4541
2025-09-14 04:14:16,307 - Attack Success Rate: 0.3780
2025-09-14 04:14:26,984 - DPD clipping bound C_t: 0.45429374277591705
2025-09-14 04:14:26,990 - DPD noise norm:1.2063560485839844
2025-09-14 04:14:27,009 - Round number: 23 --------------------------
2025-09-14 04:14:27,009 - Evaluate global model
2025-09-14 04:14:31,945 - Averaged Train Loss: 1.4731
2025-09-14 04:14:31,947 - Test Accurancy: 0.4576
2025-09-14 04:14:31,947 - Attack Success Rate: 0.3733
2025-09-14 04:14:42,409 - DPD clipping bound C_t: 0.44791196286678314
2025-09-14 04:14:42,416 - DPD noise norm:1.1891998052597046
2025-09-14 04:14:42,436 - Round number: 24 --------------------------
2025-09-14 04:14:42,436 - Evaluate global model
2025-09-14 04:14:48,801 - Averaged Train Loss: 1.4629
2025-09-14 04:14:48,806 - Test Accurancy: 0.4600
2025-09-14 04:14:48,806 - Attack Success Rate: 0.3787
2025-09-14 04:14:57,909 - DPD clipping bound C_t: 0.444770872592926
2025-09-14 04:14:57,914 - DPD noise norm:1.1800410747528076
2025-09-14 04:14:57,942 - Round number: 25 --------------------------
2025-09-14 04:14:57,943 - Evaluate global model
2025-09-14 04:15:05,231 - Averaged Train Loss: 1.4565
2025-09-14 04:15:05,233 - Test Accurancy: 0.4635
2025-09-14 04:15:05,233 - Attack Success Rate: 0.3467
2025-09-14 04:15:14,829 - DPD clipping bound C_t: 0.4368794858455658
2025-09-14 04:15:14,836 - DPD noise norm:1.1595498323440552
2025-09-14 04:15:14,854 - Round number: 26 --------------------------
2025-09-14 04:15:14,854 - Evaluate global model
2025-09-14 04:15:21,405 - Averaged Train Loss: 1.4418
2025-09-14 04:15:21,406 - Test Accurancy: 0.4669
2025-09-14 04:15:21,406 - Attack Success Rate: 0.3540
2025-09-14 04:15:31,141 - DPD clipping bound C_t: 0.4284300059080124
2025-09-14 04:15:31,150 - DPD noise norm:1.1384133100509644
2025-09-14 04:15:31,172 - Round number: 27 --------------------------
2025-09-14 04:15:31,172 - Evaluate global model
2025-09-14 04:15:36,905 - Averaged Train Loss: 1.4292
2025-09-14 04:15:36,907 - Test Accurancy: 0.4713
2025-09-14 04:15:36,908 - Attack Success Rate: 0.3520
2025-09-14 04:15:47,588 - DPD clipping bound C_t: 0.430717796087265
2025-09-14 04:15:47,597 - DPD noise norm:1.1424498558044434
2025-09-14 04:15:47,616 - Round number: 28 --------------------------
2025-09-14 04:15:47,616 - Evaluate global model
2025-09-14 04:15:54,137 - Averaged Train Loss: 1.4241
2025-09-14 04:15:54,138 - Test Accurancy: 0.4733
2025-09-14 04:15:54,138 - Attack Success Rate: 0.3513
2025-09-14 04:16:02,342 - DPD clipping bound C_t: 0.42473021149635315
2025-09-14 04:16:02,348 - DPD noise norm:1.1288264989852905
2025-09-14 04:16:02,363 - Round number: 29 --------------------------
2025-09-14 04:16:02,363 - Evaluate global model
2025-09-14 04:16:08,059 - Averaged Train Loss: 1.4094
2025-09-14 04:16:08,066 - Test Accurancy: 0.4777
2025-09-14 04:16:08,066 - Attack Success Rate: 0.3533
2025-09-14 04:16:19,750 - DPD clipping bound C_t: 0.42420509457588196
2025-09-14 04:16:19,766 - DPD noise norm:1.1263090372085571
2025-09-14 04:16:19,799 - Round number: 30 --------------------------
2025-09-14 04:16:19,799 - Evaluate global model
2025-09-14 04:16:29,471 - Averaged Train Loss: 1.3971
2025-09-14 04:16:29,485 - Test Accurancy: 0.4858
2025-09-14 04:16:29,485 - Attack Success Rate: 0.3507
2025-09-14 04:16:45,981 - DPD clipping bound C_t: 0.415595680475235
2025-09-14 04:16:45,994 - DPD noise norm:1.1058263778686523
2025-09-14 04:16:46,027 - Round number: 31 --------------------------
2025-09-14 04:16:46,028 - Evaluate global model
2025-09-14 04:16:52,131 - Averaged Train Loss: 1.3942
2025-09-14 04:16:52,131 - Test Accurancy: 0.4846
2025-09-14 04:16:52,131 - Attack Success Rate: 0.3373
2025-09-14 04:17:00,515 - DPD clipping bound C_t: 0.40938857197761536
2025-09-14 04:17:00,520 - DPD noise norm:1.08810293674469
2025-09-14 04:17:00,543 - Round number: 32 --------------------------
2025-09-14 04:17:00,543 - Evaluate global model
2025-09-14 04:17:05,746 - Averaged Train Loss: 1.3823
2025-09-14 04:17:05,748 - Test Accurancy: 0.4916
2025-09-14 04:17:05,748 - Attack Success Rate: 0.3260
2025-09-14 04:17:14,024 - DPD clipping bound C_t: 0.4097377508878708
2025-09-14 04:17:14,030 - DPD noise norm:1.0879387855529785
2025-09-14 04:17:14,057 - Round number: 33 --------------------------
2025-09-14 04:17:14,058 - Evaluate global model
2025-09-14 04:17:19,462 - Averaged Train Loss: 1.3745
2025-09-14 04:17:19,463 - Test Accurancy: 0.4918
2025-09-14 04:17:19,463 - Attack Success Rate: 0.3480
2025-09-14 04:17:30,069 - DPD clipping bound C_t: 0.403810054063797
2025-09-14 04:17:30,082 - DPD noise norm:1.0731382369995117
2025-09-14 04:17:30,113 - Round number: 34 --------------------------
2025-09-14 04:17:30,114 - Evaluate global model
2025-09-14 04:17:43,602 - Averaged Train Loss: 1.3647
2025-09-14 04:17:43,604 - Test Accurancy: 0.4977
2025-09-14 04:17:43,604 - Attack Success Rate: 0.3253
2025-09-14 04:18:01,060 - DPD clipping bound C_t: 0.4058784693479538
2025-09-14 04:18:01,063 - DPD noise norm:1.077907919883728
2025-09-14 04:18:01,084 - Round number: 35 --------------------------
2025-09-14 04:18:01,084 - Evaluate global model
2025-09-14 04:18:07,698 - Averaged Train Loss: 1.3605
2025-09-14 04:18:07,700 - Test Accurancy: 0.4974
2025-09-14 04:18:07,700 - Attack Success Rate: 0.3280
2025-09-14 04:18:16,279 - DPD clipping bound C_t: 0.39616701006889343
2025-09-14 04:18:16,291 - DPD noise norm:1.050728678703308
2025-09-14 04:18:16,307 - Round number: 36 --------------------------
2025-09-14 04:18:16,307 - Evaluate global model
2025-09-14 04:18:21,228 - Averaged Train Loss: 1.3544
2025-09-14 04:18:21,228 - Test Accurancy: 0.4994
2025-09-14 04:18:21,228 - Attack Success Rate: 0.3407
2025-09-14 04:18:29,999 - DPD clipping bound C_t: 0.397102490067482
2025-09-14 04:18:30,004 - DPD noise norm:1.0540666580200195
2025-09-14 04:18:30,033 - Round number: 37 --------------------------
2025-09-14 04:18:30,033 - Evaluate global model
2025-09-14 04:18:35,330 - Averaged Train Loss: 1.3502
2025-09-14 04:18:35,331 - Test Accurancy: 0.5042
2025-09-14 04:18:35,331 - Attack Success Rate: 0.2993
2025-09-14 04:18:45,249 - DPD clipping bound C_t: 0.3921244442462921
2025-09-14 04:18:45,262 - DPD noise norm:1.0413570404052734
2025-09-14 04:18:45,311 - Round number: 38 --------------------------
2025-09-14 04:18:45,311 - Evaluate global model
2025-09-14 04:18:50,980 - Averaged Train Loss: 1.3381
2025-09-14 04:18:50,985 - Test Accurancy: 0.5076
2025-09-14 04:18:50,985 - Attack Success Rate: 0.3160
2025-09-14 04:19:08,565 - DPD clipping bound C_t: 0.3809969276189804
2025-09-14 04:19:08,581 - DPD noise norm:1.0124013423919678
2025-09-14 04:19:08,617 - Round number: 39 --------------------------
2025-09-14 04:19:08,617 - Evaluate global model
2025-09-14 04:19:22,062 - Averaged Train Loss: 1.3353
2025-09-14 04:19:22,073 - Test Accurancy: 0.5049
2025-09-14 04:19:22,074 - Attack Success Rate: 0.3247
2025-09-14 04:19:39,486 - DPD clipping bound C_t: 0.38055941462516785
2025-09-14 04:19:39,505 - DPD noise norm:1.0105388164520264
2025-09-14 04:19:39,546 - Round number: 40 --------------------------
2025-09-14 04:19:39,546 - Evaluate global model
2025-09-14 04:19:50,522 - Averaged Train Loss: 1.3268
2025-09-14 04:19:50,530 - Test Accurancy: 0.5106
2025-09-14 04:19:50,530 - Attack Success Rate: 0.3187
2025-09-14 04:20:05,121 - DPD clipping bound C_t: 0.37803615629673004
2025-09-14 04:20:05,135 - DPD noise norm:1.002439260482788
2025-09-14 04:20:05,167 - Round number: 41 --------------------------
2025-09-14 04:20:05,167 - Evaluate global model
2025-09-14 04:20:13,269 - Averaged Train Loss: 1.3212
2025-09-14 04:20:13,272 - Test Accurancy: 0.5109
2025-09-14 04:20:13,272 - Attack Success Rate: 0.3327
2025-09-14 04:20:26,140 - DPD clipping bound C_t: 0.37726545333862305
2025-09-14 04:20:26,151 - DPD noise norm:1.001413106918335
2025-09-14 04:20:26,182 - Round number: 42 --------------------------
2025-09-14 04:20:26,183 - Evaluate global model
2025-09-14 04:20:37,658 - Averaged Train Loss: 1.3158
2025-09-14 04:20:37,668 - Test Accurancy: 0.5113
2025-09-14 04:20:37,668 - Attack Success Rate: 0.3533
2025-09-14 04:20:53,768 - DPD clipping bound C_t: 0.37185052037239075
2025-09-14 04:20:53,778 - DPD noise norm:0.9872739315032959
2025-09-14 04:20:53,817 - Round number: 43 --------------------------
2025-09-14 04:20:53,817 - Evaluate global model
2025-09-14 04:21:04,512 - Averaged Train Loss: 1.3074
2025-09-14 04:21:04,515 - Test Accurancy: 0.5156
2025-09-14 04:21:04,515 - Attack Success Rate: 0.3280
2025-09-14 04:21:19,976 - DPD clipping bound C_t: 0.3647876977920532
2025-09-14 04:21:19,983 - DPD noise norm:0.9683476090431213
2025-09-14 04:21:20,020 - Round number: 44 --------------------------
2025-09-14 04:21:20,021 - Evaluate global model
2025-09-14 04:21:30,806 - Averaged Train Loss: 1.3019
2025-09-14 04:21:30,817 - Test Accurancy: 0.5157
2025-09-14 04:21:30,817 - Attack Success Rate: 0.3300
2025-09-14 04:21:46,016 - DPD clipping bound C_t: 0.36577700078487396
2025-09-14 04:21:46,030 - DPD noise norm:0.9718807339668274
2025-09-14 04:21:46,066 - Round number: 45 --------------------------
2025-09-14 04:21:46,066 - Evaluate global model
2025-09-14 04:21:57,954 - Averaged Train Loss: 1.2955
2025-09-14 04:21:57,967 - Test Accurancy: 0.5196
2025-09-14 04:21:57,967 - Attack Success Rate: 0.3187
2025-09-14 04:22:14,740 - DPD clipping bound C_t: 0.35665614902973175
2025-09-14 04:22:14,752 - DPD noise norm:0.9463085532188416
2025-09-14 04:22:14,779 - Round number: 46 --------------------------
2025-09-14 04:22:14,780 - Evaluate global model
2025-09-14 04:22:28,196 - Averaged Train Loss: 1.2909
2025-09-14 04:22:28,203 - Test Accurancy: 0.5221
2025-09-14 04:22:28,203 - Attack Success Rate: 0.3140
2025-09-14 04:22:46,275 - DPD clipping bound C_t: 0.35581719875335693
2025-09-14 04:22:46,288 - DPD noise norm:0.9449701905250549
2025-09-14 04:22:46,337 - Round number: 47 --------------------------
2025-09-14 04:22:46,339 - Evaluate global model
2025-09-14 04:23:02,032 - Averaged Train Loss: 1.2862
2025-09-14 04:23:02,051 - Test Accurancy: 0.5239
2025-09-14 04:23:02,051 - Attack Success Rate: 0.2960
2025-09-14 04:23:16,126 - DPD clipping bound C_t: 0.3540610373020172
2025-09-14 04:23:16,144 - DPD noise norm:0.9411592483520508
2025-09-14 04:23:16,171 - Round number: 48 --------------------------
2025-09-14 04:23:16,171 - Evaluate global model
2025-09-14 04:23:23,890 - Averaged Train Loss: 1.2739
2025-09-14 04:23:23,897 - Test Accurancy: 0.5279
2025-09-14 04:23:23,897 - Attack Success Rate: 0.2960
2025-09-14 04:23:36,884 - DPD clipping bound C_t: 0.34805895388126373
2025-09-14 04:23:36,898 - DPD noise norm:0.9258607029914856
2025-09-14 04:23:36,927 - Round number: 49 --------------------------
2025-09-14 04:23:36,928 - Evaluate global model
2025-09-14 04:23:51,982 - Averaged Train Loss: 1.2762
2025-09-14 04:23:52,002 - Test Accurancy: 0.5237
2025-09-14 04:23:52,004 - Attack Success Rate: 0.3367
2025-09-14 04:24:10,750 - DPD clipping bound C_t: 0.3459205776453018
2025-09-14 04:24:10,762 - DPD noise norm:0.9190968871116638
2025-09-14 04:24:10,794 - Round number: 50 --------------------------
2025-09-14 04:24:10,795 - Evaluate global model
2025-09-14 04:24:22,440 - Averaged Train Loss: 1.2636
2025-09-14 04:24:22,441 - Test Accurancy: 0.5308
2025-09-14 04:24:22,441 - Attack Success Rate: 0.3140
2025-09-14 04:24:35,130 - DPD clipping bound C_t: 0.3422691524028778
2025-09-14 04:24:35,138 - DPD noise norm:0.9091317653656006
2025-09-14 04:24:35,178 - Round number: 51 --------------------------
2025-09-14 04:24:35,179 - Evaluate global model
2025-09-14 04:24:43,881 - Averaged Train Loss: 1.2646
2025-09-14 04:24:43,890 - Test Accurancy: 0.5303
2025-09-14 04:24:43,890 - Attack Success Rate: 0.3067
2025-09-14 04:24:59,836 - DPD clipping bound C_t: 0.34114497900009155
2025-09-14 04:24:59,851 - DPD noise norm:0.9063407182693481
2025-09-14 04:24:59,874 - Round number: 52 --------------------------
2025-09-14 04:24:59,874 - Evaluate global model
2025-09-14 04:25:10,202 - Averaged Train Loss: 1.2601
2025-09-14 04:25:10,215 - Test Accurancy: 0.5289
2025-09-14 04:25:10,216 - Attack Success Rate: 0.3340
2025-09-14 04:25:24,067 - DPD clipping bound C_t: 0.34202782809734344
2025-09-14 04:25:24,080 - DPD noise norm:0.9081272482872009
2025-09-14 04:25:24,106 - Round number: 53 --------------------------
2025-09-14 04:25:24,106 - Evaluate global model
2025-09-14 04:25:31,156 - Averaged Train Loss: 1.2487
2025-09-14 04:25:31,158 - Test Accurancy: 0.5354
2025-09-14 04:25:31,158 - Attack Success Rate: 0.3093
2025-09-14 04:25:43,528 - DPD clipping bound C_t: 0.33305971324443817
2025-09-14 04:25:43,535 - DPD noise norm:0.884766161441803
2025-09-14 04:25:43,559 - Round number: 54 --------------------------
2025-09-14 04:25:43,559 - Evaluate global model
2025-09-14 04:25:48,573 - Averaged Train Loss: 1.2441
2025-09-14 04:25:48,574 - Test Accurancy: 0.5354
2025-09-14 04:25:48,574 - Attack Success Rate: 0.3093
2025-09-14 04:26:00,757 - DPD clipping bound C_t: 0.3263975977897644
2025-09-14 04:26:00,765 - DPD noise norm:0.8660704493522644
2025-09-14 04:26:00,789 - Round number: 55 --------------------------
2025-09-14 04:26:00,789 - Evaluate global model
2025-09-14 04:26:12,005 - Averaged Train Loss: 1.2415
2025-09-14 04:26:12,014 - Test Accurancy: 0.5351
2025-09-14 04:26:12,014 - Attack Success Rate: 0.3207
2025-09-14 04:26:30,634 - DPD clipping bound C_t: 0.329523965716362
2025-09-14 04:26:30,653 - DPD noise norm:0.8758352398872375
2025-09-14 04:26:30,690 - Round number: 56 --------------------------
2025-09-14 04:26:30,690 - Evaluate global model
2025-09-14 04:26:44,168 - Averaged Train Loss: 1.2436
2025-09-14 04:26:44,170 - Test Accurancy: 0.5335
2025-09-14 04:26:44,170 - Attack Success Rate: 0.3187
2025-09-14 04:26:59,480 - DPD clipping bound C_t: 0.3272240459918976
2025-09-14 04:26:59,490 - DPD noise norm:0.8697344064712524
2025-09-14 04:26:59,532 - Round number: 57 --------------------------
2025-09-14 04:26:59,533 - Evaluate global model
2025-09-14 04:27:07,727 - Averaged Train Loss: 1.2335
2025-09-14 04:27:07,730 - Test Accurancy: 0.5402
2025-09-14 04:27:07,730 - Attack Success Rate: 0.3087
2025-09-14 04:27:19,588 - DPD clipping bound C_t: 0.324337363243103
2025-09-14 04:27:19,592 - DPD noise norm:0.8609985709190369
2025-09-14 04:27:19,608 - Round number: 58 --------------------------
2025-09-14 04:27:19,608 - Evaluate global model
2025-09-14 04:27:26,839 - Averaged Train Loss: 1.2216
2025-09-14 04:27:26,844 - Test Accurancy: 0.5434
2025-09-14 04:27:26,845 - Attack Success Rate: 0.3280
2025-09-14 04:27:39,802 - DPD clipping bound C_t: 0.32355065643787384
2025-09-14 04:27:39,810 - DPD noise norm:0.8603105545043945
2025-09-14 04:27:39,843 - Round number: 59 --------------------------
2025-09-14 04:27:39,843 - Evaluate global model
2025-09-14 04:27:50,878 - Averaged Train Loss: 1.2198
2025-09-14 04:27:50,881 - Test Accurancy: 0.5439
2025-09-14 04:27:50,881 - Attack Success Rate: 0.3293
2025-09-14 04:28:03,434 - DPD clipping bound C_t: 0.32188765704631805
2025-09-14 04:28:03,440 - DPD noise norm:0.8544543385505676
2025-09-14 04:28:03,456 - Round number: 60 --------------------------
2025-09-14 04:28:03,456 - Evaluate global model
2025-09-14 04:28:08,833 - Averaged Train Loss: 1.2127
2025-09-14 04:28:08,836 - Test Accurancy: 0.5481
2025-09-14 04:28:08,836 - Attack Success Rate: 0.2933
2025-09-14 04:28:19,229 - DPD clipping bound C_t: 0.31260426342487335
2025-09-14 04:28:19,236 - DPD noise norm:0.8304522633552551
2025-09-14 04:28:19,258 - Round number: 61 --------------------------
2025-09-14 04:28:19,258 - Evaluate global model
2025-09-14 04:28:26,790 - Averaged Train Loss: 1.2102
2025-09-14 04:28:26,810 - Test Accurancy: 0.5487
2025-09-14 04:28:26,810 - Attack Success Rate: 0.3093
2025-09-14 04:28:43,930 - DPD clipping bound C_t: 0.3056071400642395
2025-09-14 04:28:43,951 - DPD noise norm:0.8125468492507935
2025-09-14 04:28:43,988 - Round number: 62 --------------------------
2025-09-14 04:28:43,989 - Evaluate global model
2025-09-14 04:28:50,255 - Averaged Train Loss: 1.2167
2025-09-14 04:28:50,264 - Test Accurancy: 0.5467
2025-09-14 04:28:50,264 - Attack Success Rate: 0.2920
2025-09-14 04:29:01,488 - DPD clipping bound C_t: 0.3043445199728012
2025-09-14 04:29:01,494 - DPD noise norm:0.8096074461936951
2025-09-14 04:29:01,512 - Round number: 63 --------------------------
2025-09-14 04:29:01,513 - Evaluate global model
2025-09-14 04:29:08,249 - Averaged Train Loss: 1.2016
2025-09-14 04:29:08,251 - Test Accurancy: 0.5508
2025-09-14 04:29:08,252 - Attack Success Rate: 0.2953
2025-09-14 04:29:20,361 - DPD clipping bound C_t: 0.3016263097524643
2025-09-14 04:29:20,369 - DPD noise norm:0.801286518573761
2025-09-14 04:29:20,403 - Round number: 64 --------------------------
2025-09-14 04:29:20,404 - Evaluate global model
2025-09-14 04:29:32,530 - Averaged Train Loss: 1.2007
2025-09-14 04:29:32,541 - Test Accurancy: 0.5502
2025-09-14 04:29:32,541 - Attack Success Rate: 0.2927
2025-09-14 04:29:48,469 - DPD clipping bound C_t: 0.3006044328212738
2025-09-14 04:29:48,479 - DPD noise norm:0.7984859347343445
2025-09-14 04:29:48,503 - Round number: 65 --------------------------
2025-09-14 04:29:48,504 - Evaluate global model
2025-09-14 04:29:52,935 - Averaged Train Loss: 1.1959
2025-09-14 04:29:52,938 - Test Accurancy: 0.5534
2025-09-14 04:29:52,938 - Attack Success Rate: 0.2740
2025-09-14 04:30:02,845 - DPD clipping bound C_t: 0.29727400839328766
2025-09-14 04:30:02,851 - DPD noise norm:0.789715588092804
2025-09-14 04:30:02,883 - Round number: 66 --------------------------
2025-09-14 04:30:02,884 - Evaluate global model
2025-09-14 04:30:10,314 - Averaged Train Loss: 1.1964
2025-09-14 04:30:10,317 - Test Accurancy: 0.5512
2025-09-14 04:30:10,317 - Attack Success Rate: 0.3233
2025-09-14 04:30:24,429 - DPD clipping bound C_t: 0.29666776955127716
2025-09-14 04:30:24,440 - DPD noise norm:0.7871333956718445
2025-09-14 04:30:24,458 - Round number: 67 --------------------------
2025-09-14 04:30:24,458 - Evaluate global model
2025-09-14 04:30:29,971 - Averaged Train Loss: 1.1897
2025-09-14 04:30:29,972 - Test Accurancy: 0.5541
2025-09-14 04:30:29,972 - Attack Success Rate: 0.2840
2025-09-14 04:30:41,507 - DPD clipping bound C_t: 0.2901912331581116
2025-09-14 04:30:41,516 - DPD noise norm:0.7705033421516418
2025-09-14 04:30:41,556 - Round number: 68 --------------------------
2025-09-14 04:30:41,557 - Evaluate global model
2025-09-14 04:30:51,298 - Averaged Train Loss: 1.1851
2025-09-14 04:30:51,308 - Test Accurancy: 0.5543
2025-09-14 04:30:51,308 - Attack Success Rate: 0.2940
2025-09-14 04:31:05,484 - DPD clipping bound C_t: 0.2823595106601715
2025-09-14 04:31:05,488 - DPD noise norm:0.7498067021369934
2025-09-14 04:31:05,508 - Round number: 69 --------------------------
2025-09-14 04:31:05,508 - Evaluate global model
2025-09-14 04:31:14,970 - Averaged Train Loss: 1.1816
2025-09-14 04:31:14,972 - Test Accurancy: 0.5548
2025-09-14 04:31:14,972 - Attack Success Rate: 0.3127
2025-09-14 04:31:28,885 - DPD clipping bound C_t: 0.2856547683477402
2025-09-14 04:31:28,892 - DPD noise norm:0.7587145566940308
2025-09-14 04:31:28,915 - Round number: 70 --------------------------
2025-09-14 04:31:28,915 - Evaluate global model
2025-09-14 04:31:35,271 - Averaged Train Loss: 1.1715
2025-09-14 04:31:35,273 - Test Accurancy: 0.5566
2025-09-14 04:31:35,273 - Attack Success Rate: 0.3240
2025-09-14 04:31:51,764 - DPD clipping bound C_t: 0.283705934882164
2025-09-14 04:31:51,776 - DPD noise norm:0.7535033822059631
2025-09-14 04:31:51,804 - Round number: 71 --------------------------
2025-09-14 04:31:51,804 - Evaluate global model
2025-09-14 04:32:03,784 - Averaged Train Loss: 1.1689
2025-09-14 04:32:03,793 - Test Accurancy: 0.5579
2025-09-14 04:32:03,793 - Attack Success Rate: 0.3267
2025-09-14 04:32:21,402 - DPD clipping bound C_t: 0.284000039100647
2025-09-14 04:32:21,420 - DPD noise norm:0.753753662109375
2025-09-14 04:32:21,447 - Round number: 72 --------------------------
2025-09-14 04:32:21,447 - Evaluate global model
2025-09-14 04:32:28,318 - Averaged Train Loss: 1.1750
2025-09-14 04:32:28,325 - Test Accurancy: 0.5568
2025-09-14 04:32:28,325 - Attack Success Rate: 0.2987
2025-09-14 04:32:40,606 - DPD clipping bound C_t: 0.2780511677265167
2025-09-14 04:32:40,623 - DPD noise norm:0.7395751476287842
2025-09-14 04:32:40,661 - Round number: 73 --------------------------
2025-09-14 04:32:40,661 - Evaluate global model
2025-09-14 04:32:49,727 - Averaged Train Loss: 1.1598
2025-09-14 04:32:49,734 - Test Accurancy: 0.5616
2025-09-14 04:32:49,734 - Attack Success Rate: 0.3093
2025-09-14 04:33:04,774 - DPD clipping bound C_t: 0.271960124373436
2025-09-14 04:33:04,786 - DPD noise norm:0.7221285700798035
2025-09-14 04:33:04,825 - Round number: 74 --------------------------
2025-09-14 04:33:04,826 - Evaluate global model
2025-09-14 04:33:09,004 - Averaged Train Loss: 1.1547
2025-09-14 04:33:09,006 - Test Accurancy: 0.5642
2025-09-14 04:33:09,007 - Attack Success Rate: 0.2860
2025-09-14 04:33:19,884 - DPD clipping bound C_t: 0.2697424441576004
2025-09-14 04:33:19,904 - DPD noise norm:0.7169768810272217
2025-09-14 04:33:19,942 - Round number: 75 --------------------------
2025-09-14 04:33:19,943 - Evaluate global model
2025-09-14 04:33:30,127 - Averaged Train Loss: 1.1578
2025-09-14 04:33:30,137 - Test Accurancy: 0.5632
2025-09-14 04:33:30,137 - Attack Success Rate: 0.2927
2025-09-14 04:33:46,278 - DPD clipping bound C_t: 0.26775144040584564
2025-09-14 04:33:46,285 - DPD noise norm:0.71230149269104
2025-09-14 04:33:46,314 - Round number: 76 --------------------------
2025-09-14 04:33:46,315 - Evaluate global model
2025-09-14 04:33:58,862 - Averaged Train Loss: 1.1529
2025-09-14 04:33:58,865 - Test Accurancy: 0.5638
2025-09-14 04:33:58,865 - Attack Success Rate: 0.3007
2025-09-14 04:34:15,285 - DPD clipping bound C_t: 0.26212334632873535
2025-09-14 04:34:15,300 - DPD noise norm:0.6958692669868469
2025-09-14 04:34:15,337 - Round number: 77 --------------------------
2025-09-14 04:34:15,337 - Evaluate global model
2025-09-14 04:34:28,120 - Averaged Train Loss: 1.1481
2025-09-14 04:34:28,135 - Test Accurancy: 0.5634
2025-09-14 04:34:28,137 - Attack Success Rate: 0.3393
2025-09-14 04:34:45,137 - DPD clipping bound C_t: 0.26265521347522736
2025-09-14 04:34:45,151 - DPD noise norm:0.6962944269180298
2025-09-14 04:34:45,185 - Round number: 78 --------------------------
2025-09-14 04:34:45,186 - Evaluate global model
2025-09-14 04:34:56,964 - Averaged Train Loss: 1.1466
2025-09-14 04:34:56,972 - Test Accurancy: 0.5645
2025-09-14 04:34:56,972 - Attack Success Rate: 0.3073
2025-09-14 04:35:11,803 - DPD clipping bound C_t: 0.2557564228773117
2025-09-14 04:35:11,818 - DPD noise norm:0.6796000599861145
2025-09-14 04:35:11,844 - Round number: 79 --------------------------
2025-09-14 04:35:11,844 - Evaluate global model
2025-09-14 04:35:18,849 - Averaged Train Loss: 1.1442
2025-09-14 04:35:18,866 - Test Accurancy: 0.5643
2025-09-14 04:35:18,866 - Attack Success Rate: 0.3007
2025-09-14 04:35:31,141 - DPD clipping bound C_t: 0.25547781586647034
2025-09-14 04:35:31,160 - DPD noise norm:0.6781554818153381
2025-09-14 04:35:31,184 - Round number: 80 --------------------------
2025-09-14 04:35:31,184 - Evaluate global model
2025-09-14 04:35:42,583 - Averaged Train Loss: 1.1381
2025-09-14 04:35:42,591 - Test Accurancy: 0.5682
2025-09-14 04:35:42,591 - Attack Success Rate: 0.2927
2025-09-14 04:36:01,613 - DPD clipping bound C_t: 0.2529710829257965
2025-09-14 04:36:01,627 - DPD noise norm:0.6717453002929688
2025-09-14 04:36:01,656 - Round number: 81 --------------------------
2025-09-14 04:36:01,657 - Evaluate global model
2025-09-14 04:36:16,586 - Averaged Train Loss: 1.1370
2025-09-14 04:36:16,600 - Test Accurancy: 0.5687
2025-09-14 04:36:16,601 - Attack Success Rate: 0.2760
2025-09-14 04:36:33,741 - DPD clipping bound C_t: 0.24885714054107666
2025-09-14 04:36:33,749 - DPD noise norm:0.660828173160553
2025-09-14 04:36:33,776 - Round number: 82 --------------------------
2025-09-14 04:36:33,776 - Evaluate global model
2025-09-14 04:36:41,339 - Averaged Train Loss: 1.1316
2025-09-14 04:36:41,342 - Test Accurancy: 0.5699
2025-09-14 04:36:41,342 - Attack Success Rate: 0.2907
2025-09-14 04:36:52,236 - DPD clipping bound C_t: 0.24292244762182236
2025-09-14 04:36:52,242 - DPD noise norm:0.6452383399009705
2025-09-14 04:36:52,258 - Round number: 83 --------------------------
2025-09-14 04:36:52,258 - Evaluate global model
2025-09-14 04:36:57,395 - Averaged Train Loss: 1.1367
2025-09-14 04:36:57,397 - Test Accurancy: 0.5674
2025-09-14 04:36:57,397 - Attack Success Rate: 0.3047
2025-09-14 04:37:04,846 - DPD clipping bound C_t: 0.24186454713344574
2025-09-14 04:37:04,852 - DPD noise norm:0.6417322158813477
2025-09-14 04:37:04,869 - Round number: 84 --------------------------
2025-09-14 04:37:04,870 - Evaluate global model
2025-09-14 04:37:09,817 - Averaged Train Loss: 1.1299
2025-09-14 04:37:09,817 - Test Accurancy: 0.5696
2025-09-14 04:37:09,818 - Attack Success Rate: 0.2907
2025-09-14 04:37:17,302 - DPD clipping bound C_t: 0.2402944564819336
2025-09-14 04:37:17,307 - DPD noise norm:0.6379339694976807
2025-09-14 04:37:17,321 - Round number: 85 --------------------------
2025-09-14 04:37:17,321 - Evaluate global model
2025-09-14 04:37:23,411 - Averaged Train Loss: 1.1284
2025-09-14 04:37:23,414 - Test Accurancy: 0.5697
2025-09-14 04:37:23,414 - Attack Success Rate: 0.2960
2025-09-14 04:37:32,794 - DPD clipping bound C_t: 0.23999957740306854
2025-09-14 04:37:32,802 - DPD noise norm:0.6383641958236694
2025-09-14 04:37:32,827 - Round number: 86 --------------------------
2025-09-14 04:37:32,828 - Evaluate global model
2025-09-14 04:37:38,738 - Averaged Train Loss: 1.1232
2025-09-14 04:37:38,743 - Test Accurancy: 0.5690
2025-09-14 04:37:38,743 - Attack Success Rate: 0.3080
2025-09-14 04:37:49,030 - DPD clipping bound C_t: 0.233142651617527
2025-09-14 04:37:49,039 - DPD noise norm:0.6192244291305542
2025-09-14 04:37:49,061 - Round number: 87 --------------------------
2025-09-14 04:37:49,061 - Evaluate global model
2025-09-14 04:37:54,307 - Averaged Train Loss: 1.1198
2025-09-14 04:37:54,308 - Test Accurancy: 0.5734
2025-09-14 04:37:54,308 - Attack Success Rate: 0.2840
2025-09-14 04:38:04,523 - DPD clipping bound C_t: 0.23008255660533905
2025-09-14 04:38:04,532 - DPD noise norm:0.6104083061218262
2025-09-14 04:38:04,550 - Round number: 88 --------------------------
2025-09-14 04:38:04,550 - Evaluate global model
2025-09-14 04:38:10,074 - Averaged Train Loss: 1.1153
2025-09-14 04:38:10,078 - Test Accurancy: 0.5745
2025-09-14 04:38:10,078 - Attack Success Rate: 0.2680
2025-09-14 04:38:19,984 - DPD clipping bound C_t: 0.22852326184511185
2025-09-14 04:38:19,990 - DPD noise norm:0.6062933802604675
2025-09-14 04:38:20,017 - Round number: 89 --------------------------
2025-09-14 04:38:20,017 - Evaluate global model
2025-09-14 04:38:25,518 - Averaged Train Loss: 1.1192
2025-09-14 04:38:25,521 - Test Accurancy: 0.5740
2025-09-14 04:38:25,521 - Attack Success Rate: 0.2733
2025-09-14 04:38:35,195 - DPD clipping bound C_t: 0.22878771275281906
2025-09-14 04:38:35,199 - DPD noise norm:0.6074861884117126
2025-09-14 04:38:35,213 - Round number: 90 --------------------------
2025-09-14 04:38:35,213 - Evaluate global model
2025-09-14 04:38:39,397 - Averaged Train Loss: 1.1152
2025-09-14 04:38:39,399 - Test Accurancy: 0.5760
2025-09-14 04:38:39,399 - Attack Success Rate: 0.2700
2025-09-14 04:38:49,489 - DPD clipping bound C_t: 0.2239474654197693
2025-09-14 04:38:49,493 - DPD noise norm:0.5946480631828308
2025-09-14 04:38:49,506 - Round number: 91 --------------------------
2025-09-14 04:38:49,506 - Evaluate global model
2025-09-14 04:38:53,296 - Averaged Train Loss: 1.1067
2025-09-14 04:38:53,297 - Test Accurancy: 0.5772
2025-09-14 04:38:53,297 - Attack Success Rate: 0.2720
2025-09-14 04:39:02,261 - DPD clipping bound C_t: 0.21958807855844498
2025-09-14 04:39:02,270 - DPD noise norm:0.5836206078529358
2025-09-14 04:39:02,300 - Round number: 92 --------------------------
2025-09-14 04:39:02,301 - Evaluate global model
2025-09-14 04:39:07,826 - Averaged Train Loss: 1.1098
2025-09-14 04:39:07,827 - Test Accurancy: 0.5743
2025-09-14 04:39:07,827 - Attack Success Rate: 0.2953
2025-09-14 04:39:16,407 - DPD clipping bound C_t: 0.21908046305179596
2025-09-14 04:39:16,413 - DPD noise norm:0.581087589263916
2025-09-14 04:39:16,435 - Round number: 93 --------------------------
2025-09-14 04:39:16,435 - Evaluate global model
2025-09-14 04:39:23,009 - Averaged Train Loss: 1.1019
2025-09-14 04:39:23,012 - Test Accurancy: 0.5774
2025-09-14 04:39:23,012 - Attack Success Rate: 0.2793
2025-09-14 04:39:33,920 - DPD clipping bound C_t: 0.21519143134355545
2025-09-14 04:39:33,928 - DPD noise norm:0.5715567469596863
2025-09-14 04:39:33,951 - Round number: 94 --------------------------
2025-09-14 04:39:33,951 - Evaluate global model
2025-09-14 04:39:40,455 - Averaged Train Loss: 1.1006
2025-09-14 04:39:40,458 - Test Accurancy: 0.5768
2025-09-14 04:39:40,459 - Attack Success Rate: 0.2700
2025-09-14 04:39:49,952 - DPD clipping bound C_t: 0.2146063968539238
2025-09-14 04:39:49,959 - DPD noise norm:0.5710517764091492
2025-09-14 04:39:49,980 - Round number: 95 --------------------------
2025-09-14 04:39:49,980 - Evaluate global model
2025-09-14 04:39:56,966 - Averaged Train Loss: 1.0995
2025-09-14 04:39:56,968 - Test Accurancy: 0.5781
2025-09-14 04:39:56,968 - Attack Success Rate: 0.2680
2025-09-14 04:40:06,880 - DPD clipping bound C_t: 0.20956667512655258
2025-09-14 04:40:06,888 - DPD noise norm:0.5566893219947815
2025-09-14 04:40:06,910 - Round number: 96 --------------------------
2025-09-14 04:40:06,910 - Evaluate global model
2025-09-14 04:40:11,939 - Averaged Train Loss: 1.0952
2025-09-14 04:40:11,942 - Test Accurancy: 0.5780
2025-09-14 04:40:11,942 - Attack Success Rate: 0.2867
2025-09-14 04:40:22,823 - DPD clipping bound C_t: 0.20998085290193558
2025-09-14 04:40:22,835 - DPD noise norm:0.5573690533638
2025-09-14 04:40:22,866 - Round number: 97 --------------------------
2025-09-14 04:40:22,866 - Evaluate global model
2025-09-14 04:40:29,441 - Averaged Train Loss: 1.0916
2025-09-14 04:40:29,442 - Test Accurancy: 0.5805
2025-09-14 04:40:29,442 - Attack Success Rate: 0.2700
2025-09-14 04:40:38,884 - DPD clipping bound C_t: 0.20859814435243607
2025-09-14 04:40:38,891 - DPD noise norm:0.5543364882469177
2025-09-14 04:40:38,910 - Round number: 98 --------------------------
2025-09-14 04:40:38,910 - Evaluate global model
2025-09-14 04:40:44,742 - Averaged Train Loss: 1.0948
2025-09-14 04:40:44,742 - Test Accurancy: 0.5772
2025-09-14 04:40:44,742 - Attack Success Rate: 0.2953
2025-09-14 04:40:54,351 - DPD clipping bound C_t: 0.20383863151073456
2025-09-14 04:40:54,356 - DPD noise norm:0.5413833260536194
2025-09-14 04:40:54,371 - Round number: 99 --------------------------
2025-09-14 04:40:54,371 - Evaluate global model
2025-09-14 04:40:59,493 - Averaged Train Loss: 1.0937
2025-09-14 04:40:59,497 - Test Accurancy: 0.5802
2025-09-14 04:40:59,497 - Attack Success Rate: 0.2667
2025-09-14 04:41:08,177 - DPD clipping bound C_t: 0.2012701779603958
2025-09-14 04:41:08,193 - DPD noise norm:0.5351689457893372
2025-09-14 04:41:08,227 - Round number: 100 --------------------------
2025-09-14 04:41:08,228 - Evaluate global model
2025-09-14 04:41:17,326 - Averaged Train Loss: 1.0879
2025-09-14 04:41:17,337 - Test Accurancy: 0.5804
2025-09-14 04:41:17,337 - Attack Success Rate: 0.2747
2025-09-14 04:41:35,016 - DPD clipping bound C_t: 0.19981832802295685
2025-09-14 04:41:35,029 - DPD noise norm:0.5307271480560303
2025-09-14 04:41:35,037 - Run over
2025-09-14 04:41:35,039 - Saving results to ./exp/exp2/Cifar10/0.003.h5
2025-09-14 04:41:35,142 - Best accuracy: 0.5804861804861805
2025-09-14 04:41:35,143 - Average time cost per round: 21.139554467201233
