2025-09-14 02:59:47,246 - *****************EXP-2*****************
2025-09-14 02:59:47,247 - Exp repeats: 1
2025-09-14 02:59:47,247 - Communication Rounds: 100
2025-09-14 02:59:47,247 - Clients: 40

2025-09-14 02:59:47,247 - Attack method: scale
2025-09-14 02:59:47,247 - Filtering rule: dpd
2025-09-14 02:59:47,247 - Dataset: Cifar10
2025-09-14 02:59:47,247 - Model: cnn2
2025-09-14 02:59:47,247 - Learning Rate: 0.04
2025-09-14 02:59:47,247 - Batch Size: 64
2025-09-14 02:59:47,248 - Device: cuda
2025-09-14 02:59:47,248 - Device id: 0
2025-09-14 02:59:47,248 - DPD clipping strategy: auto
2025-09-14 02:59:47,248 - DPD noise level: 0.0002
2025-09-14 02:59:47,248 - Adversaries: 8
2025-09-14 02:59:47,248 - Targeted Label Flipping: 4-->6
2025-09-14 02:59:47,248 - *****************EXP-2*****************
2025-09-14 02:59:48,075 - Running time: 0th ==========================
2025-09-14 02:59:59,631 - Round number: 0 --------------------------
2025-09-14 02:59:59,633 - Evaluate global model
2025-09-14 03:00:09,024 - Averaged Train Loss: 2.3056
2025-09-14 03:00:09,027 - Test Accurancy: 0.0977
2025-09-14 03:00:09,027 - Attack Success Rate: 0.0000
2025-09-14 03:00:21,656 - DPD clipping bound C_t: 0.6760563254356384
2025-09-14 03:00:21,669 - DPD noise norm:0.11966922134160995
2025-09-14 03:00:21,690 - Round number: 1 --------------------------
2025-09-14 03:00:21,690 - Evaluate global model
2025-09-14 03:00:27,718 - Averaged Train Loss: 2.2485
2025-09-14 03:00:27,721 - Test Accurancy: 0.1706
2025-09-14 03:00:27,721 - Attack Success Rate: 0.3893
2025-09-14 03:00:38,037 - DPD clipping bound C_t: 0.664587676525116
2025-09-14 03:00:38,046 - DPD noise norm:0.11767734587192535
2025-09-14 03:00:38,071 - Round number: 2 --------------------------
2025-09-14 03:00:38,072 - Evaluate global model
2025-09-14 03:00:43,653 - Averaged Train Loss: 2.1200
2025-09-14 03:00:43,653 - Test Accurancy: 0.1971
2025-09-14 03:00:43,653 - Attack Success Rate: 0.7633
2025-09-14 03:00:54,436 - DPD clipping bound C_t: 0.591725766658783
2025-09-14 03:00:54,443 - DPD noise norm:0.10484867542982101
2025-09-14 03:00:54,457 - Round number: 3 --------------------------
2025-09-14 03:00:54,457 - Evaluate global model
2025-09-14 03:00:58,477 - Averaged Train Loss: 2.0435
2025-09-14 03:00:58,478 - Test Accurancy: 0.2238
2025-09-14 03:00:58,478 - Attack Success Rate: 0.7347
2025-09-14 03:01:08,870 - DPD clipping bound C_t: 0.5840959548950195
2025-09-14 03:01:08,878 - DPD noise norm:0.10331379622220993
2025-09-14 03:01:08,902 - Round number: 4 --------------------------
2025-09-14 03:01:08,902 - Evaluate global model
2025-09-14 03:01:13,699 - Averaged Train Loss: 1.9876
2025-09-14 03:01:13,700 - Test Accurancy: 0.2533
2025-09-14 03:01:13,700 - Attack Success Rate: 0.6947
2025-09-14 03:01:24,155 - DPD clipping bound C_t: 0.5710752308368683
2025-09-14 03:01:24,161 - DPD noise norm:0.10109752416610718
2025-09-14 03:01:24,181 - Round number: 5 --------------------------
2025-09-14 03:01:24,182 - Evaluate global model
2025-09-14 03:01:28,276 - Averaged Train Loss: 1.9343
2025-09-14 03:01:28,277 - Test Accurancy: 0.2864
2025-09-14 03:01:28,277 - Attack Success Rate: 0.6940
2025-09-14 03:01:38,525 - DPD clipping bound C_t: 0.5571692585945129
2025-09-14 03:01:38,533 - DPD noise norm:0.0987047404050827
2025-09-14 03:01:38,561 - Round number: 6 --------------------------
2025-09-14 03:01:38,561 - Evaluate global model
2025-09-14 03:01:43,650 - Averaged Train Loss: 1.8977
2025-09-14 03:01:43,651 - Test Accurancy: 0.3045
2025-09-14 03:01:43,651 - Attack Success Rate: 0.6327
2025-09-14 03:01:53,944 - DPD clipping bound C_t: 0.5429064333438873
2025-09-14 03:01:53,950 - DPD noise norm:0.09630553424358368
2025-09-14 03:01:53,973 - Round number: 7 --------------------------
2025-09-14 03:01:53,974 - Evaluate global model
2025-09-14 03:01:58,525 - Averaged Train Loss: 1.8574
2025-09-14 03:01:58,526 - Test Accurancy: 0.3305
2025-09-14 03:01:58,526 - Attack Success Rate: 0.5540
2025-09-14 03:02:08,402 - DPD clipping bound C_t: 0.5478143692016602
2025-09-14 03:02:08,408 - DPD noise norm:0.09704869985580444
2025-09-14 03:02:08,434 - Round number: 8 --------------------------
2025-09-14 03:02:08,434 - Evaluate global model
2025-09-14 03:02:13,116 - Averaged Train Loss: 1.8240
2025-09-14 03:02:13,119 - Test Accurancy: 0.3427
2025-09-14 03:02:13,119 - Attack Success Rate: 0.5220
2025-09-14 03:02:23,360 - DPD clipping bound C_t: 0.533414751291275
2025-09-14 03:02:23,364 - DPD noise norm:0.0943959429860115
2025-09-14 03:02:23,380 - Round number: 9 --------------------------
2025-09-14 03:02:23,381 - Evaluate global model
2025-09-14 03:02:27,321 - Averaged Train Loss: 1.7913
2025-09-14 03:02:27,322 - Test Accurancy: 0.3524
2025-09-14 03:02:27,323 - Attack Success Rate: 0.5287
2025-09-14 03:02:38,016 - DPD clipping bound C_t: 0.521139919757843
2025-09-14 03:02:38,023 - DPD noise norm:0.09234310686588287
2025-09-14 03:02:38,042 - Round number: 10 --------------------------
2025-09-14 03:02:38,042 - Evaluate global model
2025-09-14 03:02:42,033 - Averaged Train Loss: 1.7542
2025-09-14 03:02:42,035 - Test Accurancy: 0.3708
2025-09-14 03:02:42,035 - Attack Success Rate: 0.4673
2025-09-14 03:02:53,020 - DPD clipping bound C_t: 0.5145463943481445
2025-09-14 03:02:53,026 - DPD noise norm:0.09101516008377075
2025-09-14 03:02:53,042 - Round number: 11 --------------------------
2025-09-14 03:02:53,042 - Evaluate global model
2025-09-14 03:02:59,077 - Averaged Train Loss: 1.7291
2025-09-14 03:02:59,078 - Test Accurancy: 0.3772
2025-09-14 03:02:59,078 - Attack Success Rate: 0.4993
2025-09-14 03:03:09,172 - DPD clipping bound C_t: 0.5130777359008789
2025-09-14 03:03:09,177 - DPD noise norm:0.09091613441705704
2025-09-14 03:03:09,204 - Round number: 12 --------------------------
2025-09-14 03:03:09,204 - Evaluate global model
2025-09-14 03:03:15,091 - Averaged Train Loss: 1.6975
2025-09-14 03:03:15,092 - Test Accurancy: 0.3904
2025-09-14 03:03:15,092 - Attack Success Rate: 0.4147
2025-09-14 03:03:24,812 - DPD clipping bound C_t: 0.5151490569114685
2025-09-14 03:03:24,819 - DPD noise norm:0.09115078300237656
2025-09-14 03:03:24,841 - Round number: 13 --------------------------
2025-09-14 03:03:24,841 - Evaluate global model
2025-09-14 03:03:30,341 - Averaged Train Loss: 1.6703
2025-09-14 03:03:30,343 - Test Accurancy: 0.3984
2025-09-14 03:03:30,343 - Attack Success Rate: 0.4013
2025-09-14 03:03:40,255 - DPD clipping bound C_t: 0.5063014924526215
2025-09-14 03:03:40,262 - DPD noise norm:0.08967641741037369
2025-09-14 03:03:40,288 - Round number: 14 --------------------------
2025-09-14 03:03:40,288 - Evaluate global model
2025-09-14 03:03:45,789 - Averaged Train Loss: 1.6393
2025-09-14 03:03:45,790 - Test Accurancy: 0.4071
2025-09-14 03:03:45,790 - Attack Success Rate: 0.4300
2025-09-14 03:03:55,473 - DPD clipping bound C_t: 0.4974241405725479
2025-09-14 03:03:55,480 - DPD noise norm:0.0882187932729721
2025-09-14 03:03:55,499 - Round number: 15 --------------------------
2025-09-14 03:03:55,500 - Evaluate global model
2025-09-14 03:04:01,109 - Averaged Train Loss: 1.6221
2025-09-14 03:04:01,110 - Test Accurancy: 0.4089
2025-09-14 03:04:01,110 - Attack Success Rate: 0.4233
2025-09-14 03:04:11,381 - DPD clipping bound C_t: 0.500153049826622
2025-09-14 03:04:11,387 - DPD noise norm:0.08841019123792648
2025-09-14 03:04:11,403 - Round number: 16 --------------------------
2025-09-14 03:04:11,403 - Evaluate global model
2025-09-14 03:04:16,255 - Averaged Train Loss: 1.5877
2025-09-14 03:04:16,257 - Test Accurancy: 0.4229
2025-09-14 03:04:16,257 - Attack Success Rate: 0.4293
2025-09-14 03:04:26,171 - DPD clipping bound C_t: 0.48533889651298523
2025-09-14 03:04:26,177 - DPD noise norm:0.08590103685855865
2025-09-14 03:04:26,193 - Round number: 17 --------------------------
2025-09-14 03:04:26,193 - Evaluate global model
2025-09-14 03:04:30,959 - Averaged Train Loss: 1.5690
2025-09-14 03:04:30,961 - Test Accurancy: 0.4293
2025-09-14 03:04:30,961 - Attack Success Rate: 0.4107
2025-09-14 03:04:41,220 - DPD clipping bound C_t: 0.47454221546649933
2025-09-14 03:04:41,227 - DPD noise norm:0.0840407982468605
2025-09-14 03:04:41,248 - Round number: 18 --------------------------
2025-09-14 03:04:41,249 - Evaluate global model
2025-09-14 03:04:46,459 - Averaged Train Loss: 1.5507
2025-09-14 03:04:46,462 - Test Accurancy: 0.4350
2025-09-14 03:04:46,462 - Attack Success Rate: 0.3887
2025-09-14 03:04:55,647 - DPD clipping bound C_t: 0.4722774922847748
2025-09-14 03:04:55,655 - DPD noise norm:0.08365339785814285
2025-09-14 03:04:55,678 - Round number: 19 --------------------------
2025-09-14 03:04:55,679 - Evaluate global model
2025-09-14 03:05:00,830 - Averaged Train Loss: 1.5296
2025-09-14 03:05:00,830 - Test Accurancy: 0.4410
2025-09-14 03:05:00,830 - Attack Success Rate: 0.3627
2025-09-14 03:05:11,109 - DPD clipping bound C_t: 0.4637156277894974
2025-09-14 03:05:11,116 - DPD noise norm:0.08214051276445389
2025-09-14 03:05:11,135 - Round number: 20 --------------------------
2025-09-14 03:05:11,135 - Evaluate global model
2025-09-14 03:05:16,320 - Averaged Train Loss: 1.5204
2025-09-14 03:05:16,321 - Test Accurancy: 0.4413
2025-09-14 03:05:16,321 - Attack Success Rate: 0.3900
2025-09-14 03:05:26,953 - DPD clipping bound C_t: 0.4652213901281357
2025-09-14 03:05:26,960 - DPD noise norm:0.08239324390888214
2025-09-14 03:05:26,981 - Round number: 21 --------------------------
2025-09-14 03:05:26,981 - Evaluate global model
2025-09-14 03:05:31,701 - Averaged Train Loss: 1.5002
2025-09-14 03:05:31,702 - Test Accurancy: 0.4525
2025-09-14 03:05:31,702 - Attack Success Rate: 0.3453
2025-09-14 03:05:41,552 - DPD clipping bound C_t: 0.4637707769870758
2025-09-14 03:05:41,560 - DPD noise norm:0.0820121020078659
2025-09-14 03:05:41,579 - Round number: 22 --------------------------
2025-09-14 03:05:41,579 - Evaluate global model
2025-09-14 03:05:46,673 - Averaged Train Loss: 1.4814
2025-09-14 03:05:46,674 - Test Accurancy: 0.4549
2025-09-14 03:05:46,674 - Attack Success Rate: 0.3747
2025-09-14 03:05:56,251 - DPD clipping bound C_t: 0.45127925276756287
2025-09-14 03:05:56,260 - DPD noise norm:0.07989007979631424
2025-09-14 03:05:56,278 - Round number: 23 --------------------------
2025-09-14 03:05:56,278 - Evaluate global model
2025-09-14 03:06:01,316 - Averaged Train Loss: 1.4732
2025-09-14 03:06:01,317 - Test Accurancy: 0.4575
2025-09-14 03:06:01,317 - Attack Success Rate: 0.3667
2025-09-14 03:06:10,367 - DPD clipping bound C_t: 0.44664664566516876
2025-09-14 03:06:10,373 - DPD noise norm:0.079056017100811
2025-09-14 03:06:10,393 - Round number: 24 --------------------------
2025-09-14 03:06:10,394 - Evaluate global model
2025-09-14 03:06:15,944 - Averaged Train Loss: 1.4627
2025-09-14 03:06:15,946 - Test Accurancy: 0.4597
2025-09-14 03:06:15,947 - Attack Success Rate: 0.3767
2025-09-14 03:06:24,630 - DPD clipping bound C_t: 0.44536058604717255
2025-09-14 03:06:24,637 - DPD noise norm:0.07877371460199356
2025-09-14 03:06:24,660 - Round number: 25 --------------------------
2025-09-14 03:06:24,660 - Evaluate global model
2025-09-14 03:06:30,345 - Averaged Train Loss: 1.4560
2025-09-14 03:06:30,346 - Test Accurancy: 0.4635
2025-09-14 03:06:30,347 - Attack Success Rate: 0.3520
2025-09-14 03:06:39,514 - DPD clipping bound C_t: 0.4368741512298584
2025-09-14 03:06:39,521 - DPD noise norm:0.07730237394571304
2025-09-14 03:06:39,539 - Round number: 26 --------------------------
2025-09-14 03:06:39,539 - Evaluate global model
2025-09-14 03:06:45,098 - Averaged Train Loss: 1.4404
2025-09-14 03:06:45,100 - Test Accurancy: 0.4667
2025-09-14 03:06:45,100 - Attack Success Rate: 0.3560
2025-09-14 03:06:54,967 - DPD clipping bound C_t: 0.4272315800189972
2025-09-14 03:06:54,975 - DPD noise norm:0.07568191736936569
2025-09-14 03:06:55,011 - Round number: 27 --------------------------
2025-09-14 03:06:55,011 - Evaluate global model
2025-09-14 03:07:00,540 - Averaged Train Loss: 1.4298
2025-09-14 03:07:00,542 - Test Accurancy: 0.4689
2025-09-14 03:07:00,542 - Attack Success Rate: 0.3527
2025-09-14 03:07:10,129 - DPD clipping bound C_t: 0.43069566786289215
2025-09-14 03:07:10,137 - DPD noise norm:0.07615940272808075
2025-09-14 03:07:10,162 - Round number: 28 --------------------------
2025-09-14 03:07:10,162 - Evaluate global model
2025-09-14 03:07:15,639 - Averaged Train Loss: 1.4238
2025-09-14 03:07:15,640 - Test Accurancy: 0.4726
2025-09-14 03:07:15,640 - Attack Success Rate: 0.3493
2025-09-14 03:07:25,337 - DPD clipping bound C_t: 0.42413073778152466
2025-09-14 03:07:25,345 - DPD noise norm:0.07514888048171997
2025-09-14 03:07:25,361 - Round number: 29 --------------------------
2025-09-14 03:07:25,361 - Evaluate global model
2025-09-14 03:07:30,769 - Averaged Train Loss: 1.4093
2025-09-14 03:07:30,769 - Test Accurancy: 0.4781
2025-09-14 03:07:30,769 - Attack Success Rate: 0.3567
2025-09-14 03:07:39,521 - DPD clipping bound C_t: 0.42516839504241943
2025-09-14 03:07:39,527 - DPD noise norm:0.07525777816772461
2025-09-14 03:07:39,547 - Round number: 30 --------------------------
2025-09-14 03:07:39,547 - Evaluate global model
2025-09-14 03:07:45,081 - Averaged Train Loss: 1.3969
2025-09-14 03:07:45,083 - Test Accurancy: 0.4849
2025-09-14 03:07:45,083 - Attack Success Rate: 0.3513
2025-09-14 03:07:54,219 - DPD clipping bound C_t: 0.41556747257709503
2025-09-14 03:07:54,228 - DPD noise norm:0.07371675223112106
2025-09-14 03:07:54,249 - Round number: 31 --------------------------
2025-09-14 03:07:54,249 - Evaluate global model
2025-09-14 03:07:59,651 - Averaged Train Loss: 1.3935
2025-09-14 03:07:59,652 - Test Accurancy: 0.4866
2025-09-14 03:07:59,652 - Attack Success Rate: 0.3387
2025-09-14 03:08:07,776 - DPD clipping bound C_t: 0.4105333536863327
2025-09-14 03:08:07,783 - DPD noise norm:0.07274304330348969
2025-09-14 03:08:07,813 - Round number: 32 --------------------------
2025-09-14 03:08:07,813 - Evaluate global model
2025-09-14 03:08:13,738 - Averaged Train Loss: 1.3810
2025-09-14 03:08:13,739 - Test Accurancy: 0.4926
2025-09-14 03:08:13,739 - Attack Success Rate: 0.3253
2025-09-14 03:08:21,686 - DPD clipping bound C_t: 0.41004805266857147
2025-09-14 03:08:21,692 - DPD noise norm:0.07258418202400208
2025-09-14 03:08:21,705 - Round number: 33 --------------------------
2025-09-14 03:08:21,705 - Evaluate global model
2025-09-14 03:08:26,964 - Averaged Train Loss: 1.3739
2025-09-14 03:08:26,966 - Test Accurancy: 0.4936
2025-09-14 03:08:26,966 - Attack Success Rate: 0.3507
2025-09-14 03:08:36,889 - DPD clipping bound C_t: 0.4047272652387619
2025-09-14 03:08:36,895 - DPD noise norm:0.07170505076646805
2025-09-14 03:08:36,909 - Round number: 34 --------------------------
2025-09-14 03:08:36,909 - Evaluate global model
2025-09-14 03:08:42,124 - Averaged Train Loss: 1.3639
2025-09-14 03:08:42,126 - Test Accurancy: 0.4982
2025-09-14 03:08:42,126 - Attack Success Rate: 0.3260
2025-09-14 03:08:51,879 - DPD clipping bound C_t: 0.4042716920375824
2025-09-14 03:08:51,884 - DPD noise norm:0.07157604396343231
2025-09-14 03:08:51,899 - Round number: 35 --------------------------
2025-09-14 03:08:51,899 - Evaluate global model
2025-09-14 03:08:57,632 - Averaged Train Loss: 1.3596
2025-09-14 03:08:57,635 - Test Accurancy: 0.4995
2025-09-14 03:08:57,635 - Attack Success Rate: 0.3320
2025-09-14 03:09:07,173 - DPD clipping bound C_t: 0.3953355848789215
2025-09-14 03:09:07,181 - DPD noise norm:0.06990157067775726
2025-09-14 03:09:07,199 - Round number: 36 --------------------------
2025-09-14 03:09:07,199 - Evaluate global model
2025-09-14 03:09:13,598 - Averaged Train Loss: 1.3529
2025-09-14 03:09:13,603 - Test Accurancy: 0.4998
2025-09-14 03:09:13,603 - Attack Success Rate: 0.3413
2025-09-14 03:09:23,562 - DPD clipping bound C_t: 0.3975546807050705
2025-09-14 03:09:23,571 - DPD noise norm:0.07035113126039505
2025-09-14 03:09:23,587 - Round number: 37 --------------------------
2025-09-14 03:09:23,588 - Evaluate global model
2025-09-14 03:09:29,157 - Averaged Train Loss: 1.3493
2025-09-14 03:09:29,160 - Test Accurancy: 0.5047
2025-09-14 03:09:29,160 - Attack Success Rate: 0.3067
2025-09-14 03:09:39,753 - DPD clipping bound C_t: 0.3929620534181595
2025-09-14 03:09:39,760 - DPD noise norm:0.0695720911026001
2025-09-14 03:09:39,781 - Round number: 38 --------------------------
2025-09-14 03:09:39,781 - Evaluate global model
2025-09-14 03:09:46,027 - Averaged Train Loss: 1.3379
2025-09-14 03:09:46,030 - Test Accurancy: 0.5073
2025-09-14 03:09:46,030 - Attack Success Rate: 0.3193
2025-09-14 03:09:55,451 - DPD clipping bound C_t: 0.38185255229473114
2025-09-14 03:09:55,459 - DPD noise norm:0.06764499843120575
2025-09-14 03:09:55,482 - Round number: 39 --------------------------
2025-09-14 03:09:55,482 - Evaluate global model
2025-09-14 03:10:01,159 - Averaged Train Loss: 1.3341
2025-09-14 03:10:01,159 - Test Accurancy: 0.5064
2025-09-14 03:10:01,159 - Attack Success Rate: 0.3247
2025-09-14 03:10:10,985 - DPD clipping bound C_t: 0.380829781293869
2025-09-14 03:10:10,995 - DPD noise norm:0.06741711497306824
2025-09-14 03:10:11,016 - Round number: 40 --------------------------
2025-09-14 03:10:11,017 - Evaluate global model
2025-09-14 03:10:16,217 - Averaged Train Loss: 1.3266
2025-09-14 03:10:16,218 - Test Accurancy: 0.5102
2025-09-14 03:10:16,218 - Attack Success Rate: 0.3167
2025-09-14 03:10:26,243 - DPD clipping bound C_t: 0.3778594881296158
2025-09-14 03:10:26,249 - DPD noise norm:0.06679804623126984
2025-09-14 03:10:26,267 - Round number: 41 --------------------------
2025-09-14 03:10:26,267 - Evaluate global model
2025-09-14 03:10:31,731 - Averaged Train Loss: 1.3206
2025-09-14 03:10:31,734 - Test Accurancy: 0.5112
2025-09-14 03:10:31,734 - Attack Success Rate: 0.3313
2025-09-14 03:10:42,251 - DPD clipping bound C_t: 0.3779367059469223
2025-09-14 03:10:42,260 - DPD noise norm:0.06687965244054794
2025-09-14 03:10:42,284 - Round number: 42 --------------------------
2025-09-14 03:10:42,284 - Evaluate global model
2025-09-14 03:10:47,843 - Averaged Train Loss: 1.3155
2025-09-14 03:10:47,845 - Test Accurancy: 0.5101
2025-09-14 03:10:47,845 - Attack Success Rate: 0.3540
2025-09-14 03:10:56,072 - DPD clipping bound C_t: 0.37239061295986176
2025-09-14 03:10:56,083 - DPD noise norm:0.0659138634800911
2025-09-14 03:10:56,099 - Round number: 43 --------------------------
2025-09-14 03:10:56,099 - Evaluate global model
2025-09-14 03:11:00,653 - Averaged Train Loss: 1.3072
2025-09-14 03:11:00,655 - Test Accurancy: 0.5152
2025-09-14 03:11:00,655 - Attack Success Rate: 0.3240
2025-09-14 03:11:08,174 - DPD clipping bound C_t: 0.36536553502082825
2025-09-14 03:11:08,180 - DPD noise norm:0.0646587610244751
2025-09-14 03:11:08,196 - Round number: 44 --------------------------
2025-09-14 03:11:08,196 - Evaluate global model
2025-09-14 03:11:13,058 - Averaged Train Loss: 1.3017
2025-09-14 03:11:13,060 - Test Accurancy: 0.5157
2025-09-14 03:11:13,061 - Attack Success Rate: 0.3253
2025-09-14 03:11:23,780 - DPD clipping bound C_t: 0.36771444976329803
2025-09-14 03:11:23,785 - DPD noise norm:0.06513524055480957
2025-09-14 03:11:23,800 - Round number: 45 --------------------------
2025-09-14 03:11:23,800 - Evaluate global model
2025-09-14 03:11:28,592 - Averaged Train Loss: 1.2953
2025-09-14 03:11:28,599 - Test Accurancy: 0.5192
2025-09-14 03:11:28,600 - Attack Success Rate: 0.3213
2025-09-14 03:11:37,611 - DPD clipping bound C_t: 0.3577902913093567
2025-09-14 03:11:37,617 - DPD noise norm:0.06328785419464111
2025-09-14 03:11:37,632 - Round number: 46 --------------------------
2025-09-14 03:11:37,632 - Evaluate global model
2025-09-14 03:11:42,623 - Averaged Train Loss: 1.2900
2025-09-14 03:11:42,625 - Test Accurancy: 0.5217
2025-09-14 03:11:42,625 - Attack Success Rate: 0.3107
2025-09-14 03:11:51,091 - DPD clipping bound C_t: 0.3550494909286499
2025-09-14 03:11:51,098 - DPD noise norm:0.0628620833158493
2025-09-14 03:11:51,127 - Round number: 47 --------------------------
2025-09-14 03:11:51,127 - Evaluate global model
2025-09-14 03:11:57,247 - Averaged Train Loss: 1.2855
2025-09-14 03:11:57,249 - Test Accurancy: 0.5230
2025-09-14 03:11:57,249 - Attack Success Rate: 0.2973
2025-09-14 03:12:07,004 - DPD clipping bound C_t: 0.35385341942310333
2025-09-14 03:12:07,011 - DPD noise norm:0.06270715594291687
2025-09-14 03:12:07,027 - Round number: 48 --------------------------
2025-09-14 03:12:07,027 - Evaluate global model
2025-09-14 03:12:12,313 - Averaged Train Loss: 1.2731
2025-09-14 03:12:12,314 - Test Accurancy: 0.5292
2025-09-14 03:12:12,314 - Attack Success Rate: 0.2960
2025-09-14 03:12:21,852 - DPD clipping bound C_t: 0.34761929512023926
2025-09-14 03:12:21,858 - DPD noise norm:0.061646077781915665
2025-09-14 03:12:21,882 - Round number: 49 --------------------------
2025-09-14 03:12:21,883 - Evaluate global model
2025-09-14 03:12:27,105 - Averaged Train Loss: 1.2758
2025-09-14 03:12:27,105 - Test Accurancy: 0.5233
2025-09-14 03:12:27,106 - Attack Success Rate: 0.3300
2025-09-14 03:12:37,406 - DPD clipping bound C_t: 0.3452755808830261
2025-09-14 03:12:37,412 - DPD noise norm:0.06115887686610222
2025-09-14 03:12:37,430 - Round number: 50 --------------------------
2025-09-14 03:12:37,430 - Evaluate global model
2025-09-14 03:12:42,311 - Averaged Train Loss: 1.2634
2025-09-14 03:12:42,311 - Test Accurancy: 0.5301
2025-09-14 03:12:42,311 - Attack Success Rate: 0.3113
2025-09-14 03:12:52,344 - DPD clipping bound C_t: 0.3425462394952774
2025-09-14 03:12:52,349 - DPD noise norm:0.060657843947410583
2025-09-14 03:12:52,364 - Round number: 51 --------------------------
2025-09-14 03:12:52,364 - Evaluate global model
2025-09-14 03:12:56,752 - Averaged Train Loss: 1.2636
2025-09-14 03:12:56,753 - Test Accurancy: 0.5305
2025-09-14 03:12:56,753 - Attack Success Rate: 0.3073
2025-09-14 03:13:06,624 - DPD clipping bound C_t: 0.34177079796791077
2025-09-14 03:13:06,630 - DPD noise norm:0.060533557087183
2025-09-14 03:13:06,644 - Round number: 52 --------------------------
2025-09-14 03:13:06,644 - Evaluate global model
2025-09-14 03:13:11,254 - Averaged Train Loss: 1.2596
2025-09-14 03:13:11,255 - Test Accurancy: 0.5290
2025-09-14 03:13:11,255 - Attack Success Rate: 0.3333
2025-09-14 03:13:21,190 - DPD clipping bound C_t: 0.34097497165203094
2025-09-14 03:13:21,197 - DPD noise norm:0.060355450958013535
2025-09-14 03:13:21,219 - Round number: 53 --------------------------
2025-09-14 03:13:21,220 - Evaluate global model
2025-09-14 03:13:26,291 - Averaged Train Loss: 1.2473
2025-09-14 03:13:26,293 - Test Accurancy: 0.5363
2025-09-14 03:13:26,293 - Attack Success Rate: 0.3067
2025-09-14 03:13:36,016 - DPD clipping bound C_t: 0.3322072774171829
2025-09-14 03:13:36,022 - DPD noise norm:0.05883343890309334
2025-09-14 03:13:36,038 - Round number: 54 --------------------------
2025-09-14 03:13:36,038 - Evaluate global model
2025-09-14 03:13:40,576 - Averaged Train Loss: 1.2439
2025-09-14 03:13:40,577 - Test Accurancy: 0.5365
2025-09-14 03:13:40,577 - Attack Success Rate: 0.3013
2025-09-14 03:13:53,434 - DPD clipping bound C_t: 0.3265161067247391
2025-09-14 03:13:53,447 - DPD noise norm:0.05775899067521095
2025-09-14 03:13:53,481 - Round number: 55 --------------------------
2025-09-14 03:13:53,481 - Evaluate global model
2025-09-14 03:14:04,511 - Averaged Train Loss: 1.2416
2025-09-14 03:14:04,513 - Test Accurancy: 0.5358
2025-09-14 03:14:04,513 - Attack Success Rate: 0.3153
2025-09-14 03:14:12,895 - DPD clipping bound C_t: 0.32962581515312195
2025-09-14 03:14:12,899 - DPD noise norm:0.05840705707669258
2025-09-14 03:14:12,913 - Round number: 56 --------------------------
2025-09-14 03:14:12,913 - Evaluate global model
2025-09-14 03:14:17,363 - Averaged Train Loss: 1.2425
2025-09-14 03:14:17,364 - Test Accurancy: 0.5337
2025-09-14 03:14:17,364 - Attack Success Rate: 0.3147
2025-09-14 03:14:25,250 - DPD clipping bound C_t: 0.325184166431427
2025-09-14 03:14:25,254 - DPD noise norm:0.057620834559202194
2025-09-14 03:14:25,276 - Round number: 57 --------------------------
2025-09-14 03:14:25,276 - Evaluate global model
2025-09-14 03:14:29,655 - Averaged Train Loss: 1.2333
2025-09-14 03:14:29,656 - Test Accurancy: 0.5394
2025-09-14 03:14:29,656 - Attack Success Rate: 0.3080
2025-09-14 03:14:38,023 - DPD clipping bound C_t: 0.32526831328868866
2025-09-14 03:14:38,028 - DPD noise norm:0.057564664632081985
2025-09-14 03:14:38,043 - Round number: 58 --------------------------
2025-09-14 03:14:38,043 - Evaluate global model
2025-09-14 03:14:42,473 - Averaged Train Loss: 1.2208
2025-09-14 03:14:42,476 - Test Accurancy: 0.5453
2025-09-14 03:14:42,476 - Attack Success Rate: 0.3260
2025-09-14 03:14:52,529 - DPD clipping bound C_t: 0.32208940386772156
2025-09-14 03:14:52,534 - DPD noise norm:0.057095009833574295
2025-09-14 03:14:52,552 - Round number: 59 --------------------------
2025-09-14 03:14:52,552 - Evaluate global model
2025-09-14 03:14:58,777 - Averaged Train Loss: 1.2199
2025-09-14 03:14:58,785 - Test Accurancy: 0.5435
2025-09-14 03:14:58,785 - Attack Success Rate: 0.3253
2025-09-14 03:15:08,389 - DPD clipping bound C_t: 0.3213876634836197
2025-09-14 03:15:08,394 - DPD noise norm:0.056875135749578476
2025-09-14 03:15:08,414 - Round number: 60 --------------------------
2025-09-14 03:15:08,414 - Evaluate global model
2025-09-14 03:15:14,248 - Averaged Train Loss: 1.2121
2025-09-14 03:15:14,250 - Test Accurancy: 0.5496
2025-09-14 03:15:14,250 - Attack Success Rate: 0.2973
2025-09-14 03:15:23,914 - DPD clipping bound C_t: 0.3127118945121765
2025-09-14 03:15:23,920 - DPD noise norm:0.05538254976272583
2025-09-14 03:15:23,941 - Round number: 61 --------------------------
2025-09-14 03:15:23,942 - Evaluate global model
2025-09-14 03:15:29,300 - Averaged Train Loss: 1.2098
2025-09-14 03:15:29,301 - Test Accurancy: 0.5491
2025-09-14 03:15:29,301 - Attack Success Rate: 0.3047
2025-09-14 03:15:37,786 - DPD clipping bound C_t: 0.3054703623056412
2025-09-14 03:15:37,792 - DPD noise norm:0.05414554104208946
2025-09-14 03:15:37,810 - Round number: 62 --------------------------
2025-09-14 03:15:37,810 - Evaluate global model
2025-09-14 03:15:42,445 - Averaged Train Loss: 1.2157
2025-09-14 03:15:42,448 - Test Accurancy: 0.5459
2025-09-14 03:15:42,449 - Attack Success Rate: 0.2933
2025-09-14 03:16:00,151 - DPD clipping bound C_t: 0.30438433587551117
2025-09-14 03:16:00,155 - DPD noise norm:0.053980886936187744
2025-09-14 03:16:00,177 - Round number: 63 --------------------------
2025-09-14 03:16:00,178 - Evaluate global model
2025-09-14 03:16:13,638 - Averaged Train Loss: 1.2011
2025-09-14 03:16:13,640 - Test Accurancy: 0.5522
2025-09-14 03:16:13,641 - Attack Success Rate: 0.2940
2025-09-14 03:16:31,225 - DPD clipping bound C_t: 0.3019696921110153
2025-09-14 03:16:31,232 - DPD noise norm:0.053479909896850586
2025-09-14 03:16:31,262 - Round number: 64 --------------------------
2025-09-14 03:16:31,262 - Evaluate global model
2025-09-14 03:16:43,106 - Averaged Train Loss: 1.2009
2025-09-14 03:16:43,109 - Test Accurancy: 0.5506
2025-09-14 03:16:43,109 - Attack Success Rate: 0.2913
2025-09-14 03:16:59,609 - DPD clipping bound C_t: 0.3007294684648514
2025-09-14 03:16:59,618 - DPD noise norm:0.05325453355908394
2025-09-14 03:16:59,660 - Round number: 65 --------------------------
2025-09-14 03:16:59,661 - Evaluate global model
2025-09-14 03:17:12,650 - Averaged Train Loss: 1.1958
2025-09-14 03:17:12,673 - Test Accurancy: 0.5537
2025-09-14 03:17:12,674 - Attack Success Rate: 0.2753
2025-09-14 03:17:29,069 - DPD clipping bound C_t: 0.2962583899497986
2025-09-14 03:17:29,075 - DPD noise norm:0.05246783420443535
2025-09-14 03:17:29,105 - Round number: 66 --------------------------
2025-09-14 03:17:29,106 - Evaluate global model
2025-09-14 03:17:40,437 - Averaged Train Loss: 1.1963
2025-09-14 03:17:40,439 - Test Accurancy: 0.5514
2025-09-14 03:17:40,439 - Attack Success Rate: 0.3260
2025-09-14 03:17:55,879 - DPD clipping bound C_t: 0.29702670872211456
2025-09-14 03:17:55,903 - DPD noise norm:0.052539050579071045
2025-09-14 03:17:55,931 - Round number: 67 --------------------------
2025-09-14 03:17:55,932 - Evaluate global model
2025-09-14 03:18:06,111 - Averaged Train Loss: 1.1894
2025-09-14 03:18:06,112 - Test Accurancy: 0.5552
2025-09-14 03:18:06,112 - Attack Success Rate: 0.2887
2025-09-14 03:18:23,134 - DPD clipping bound C_t: 0.29156120121479034
2025-09-14 03:18:23,145 - DPD noise norm:0.05160938575863838
2025-09-14 03:18:23,175 - Round number: 68 --------------------------
2025-09-14 03:18:23,175 - Evaluate global model
2025-09-14 03:18:33,688 - Averaged Train Loss: 1.1848
2025-09-14 03:18:33,701 - Test Accurancy: 0.5542
2025-09-14 03:18:33,701 - Attack Success Rate: 0.2913
2025-09-14 03:18:49,048 - DPD clipping bound C_t: 0.2806961089372635
2025-09-14 03:18:49,069 - DPD noise norm:0.04969262704253197
2025-09-14 03:18:49,116 - Round number: 69 --------------------------
2025-09-14 03:18:49,117 - Evaluate global model
2025-09-14 03:18:55,301 - Averaged Train Loss: 1.1806
2025-09-14 03:18:55,302 - Test Accurancy: 0.5549
2025-09-14 03:18:55,302 - Attack Success Rate: 0.3080
2025-09-14 03:19:03,619 - DPD clipping bound C_t: 0.28478309512138367
2025-09-14 03:19:03,622 - DPD noise norm:0.05042662099003792
2025-09-14 03:19:03,642 - Round number: 70 --------------------------
2025-09-14 03:19:03,642 - Evaluate global model
2025-09-14 03:19:08,836 - Averaged Train Loss: 1.1712
2025-09-14 03:19:08,836 - Test Accurancy: 0.5573
2025-09-14 03:19:08,836 - Attack Success Rate: 0.3167
2025-09-14 03:19:18,157 - DPD clipping bound C_t: 0.2825140804052353
2025-09-14 03:19:18,161 - DPD noise norm:0.05002252757549286
2025-09-14 03:19:18,179 - Round number: 71 --------------------------
2025-09-14 03:19:18,179 - Evaluate global model
2025-09-14 03:19:24,153 - Averaged Train Loss: 1.1687
2025-09-14 03:19:24,157 - Test Accurancy: 0.5583
2025-09-14 03:19:24,157 - Attack Success Rate: 0.3207
2025-09-14 03:19:35,165 - DPD clipping bound C_t: 0.2846009135246277
2025-09-14 03:19:35,179 - DPD noise norm:0.050356555730104446
2025-09-14 03:19:35,211 - Round number: 72 --------------------------
2025-09-14 03:19:35,211 - Evaluate global model
2025-09-14 03:19:49,300 - Averaged Train Loss: 1.1745
2025-09-14 03:19:49,312 - Test Accurancy: 0.5584
2025-09-14 03:19:49,313 - Attack Success Rate: 0.2980
2025-09-14 03:20:03,741 - DPD clipping bound C_t: 0.278456375002861
2025-09-14 03:20:03,751 - DPD noise norm:0.04937686398625374
2025-09-14 03:20:03,777 - Round number: 73 --------------------------
2025-09-14 03:20:03,778 - Evaluate global model
2025-09-14 03:20:09,217 - Averaged Train Loss: 1.1603
2025-09-14 03:20:09,219 - Test Accurancy: 0.5614
2025-09-14 03:20:09,219 - Attack Success Rate: 0.3027
2025-09-14 03:20:19,326 - DPD clipping bound C_t: 0.2713661193847656
2025-09-14 03:20:19,336 - DPD noise norm:0.04803675040602684
2025-09-14 03:20:19,357 - Round number: 74 --------------------------
2025-09-14 03:20:19,358 - Evaluate global model
2025-09-14 03:20:29,098 - Averaged Train Loss: 1.1542
2025-09-14 03:20:29,107 - Test Accurancy: 0.5661
2025-09-14 03:20:29,107 - Attack Success Rate: 0.2873
2025-09-14 03:20:42,474 - DPD clipping bound C_t: 0.27036094665527344
2025-09-14 03:20:42,486 - DPD noise norm:0.04790806025266647
2025-09-14 03:20:42,515 - Round number: 75 --------------------------
2025-09-14 03:20:42,515 - Evaluate global model
2025-09-14 03:20:51,312 - Averaged Train Loss: 1.1582
2025-09-14 03:20:51,313 - Test Accurancy: 0.5640
2025-09-14 03:20:51,313 - Attack Success Rate: 0.2900
2025-09-14 03:21:00,662 - DPD clipping bound C_t: 0.2684476971626282
2025-09-14 03:21:00,666 - DPD noise norm:0.047610241919755936
2025-09-14 03:21:00,680 - Round number: 76 --------------------------
2025-09-14 03:21:00,680 - Evaluate global model
2025-09-14 03:21:05,519 - Averaged Train Loss: 1.1525
2025-09-14 03:21:05,520 - Test Accurancy: 0.5642
2025-09-14 03:21:05,520 - Attack Success Rate: 0.3027
2025-09-14 03:21:13,618 - DPD clipping bound C_t: 0.26249416172504425
2025-09-14 03:21:13,622 - DPD noise norm:0.04645690694451332
2025-09-14 03:21:13,642 - Round number: 77 --------------------------
2025-09-14 03:21:13,642 - Evaluate global model
2025-09-14 03:21:18,520 - Averaged Train Loss: 1.1480
2025-09-14 03:21:18,522 - Test Accurancy: 0.5632
2025-09-14 03:21:18,522 - Attack Success Rate: 0.3367
2025-09-14 03:21:28,285 - DPD clipping bound C_t: 0.26178769767284393
2025-09-14 03:21:28,291 - DPD noise norm:0.04626631364226341
2025-09-14 03:21:28,311 - Round number: 78 --------------------------
2025-09-14 03:21:28,311 - Evaluate global model
2025-09-14 03:21:34,252 - Averaged Train Loss: 1.1471
2025-09-14 03:21:34,253 - Test Accurancy: 0.5638
2025-09-14 03:21:34,253 - Attack Success Rate: 0.3027
2025-09-14 03:21:42,512 - DPD clipping bound C_t: 0.25624747574329376
2025-09-14 03:21:42,516 - DPD noise norm:0.045393649488687515
2025-09-14 03:21:42,530 - Round number: 79 --------------------------
2025-09-14 03:21:42,530 - Evaluate global model
2025-09-14 03:21:46,540 - Averaged Train Loss: 1.1446
2025-09-14 03:21:46,541 - Test Accurancy: 0.5660
2025-09-14 03:21:46,541 - Attack Success Rate: 0.2953
2025-09-14 03:21:57,877 - DPD clipping bound C_t: 0.2558981627225876
2025-09-14 03:21:57,882 - DPD noise norm:0.04528475180268288
2025-09-14 03:21:57,907 - Round number: 80 --------------------------
2025-09-14 03:21:57,907 - Evaluate global model
2025-09-14 03:22:04,169 - Averaged Train Loss: 1.1379
2025-09-14 03:22:04,170 - Test Accurancy: 0.5682
2025-09-14 03:22:04,170 - Attack Success Rate: 0.2953
2025-09-14 03:22:12,179 - DPD clipping bound C_t: 0.25276389718055725
2025-09-14 03:22:12,183 - DPD noise norm:0.044746339321136475
2025-09-14 03:22:12,197 - Round number: 81 --------------------------
2025-09-14 03:22:12,197 - Evaluate global model
2025-09-14 03:22:17,003 - Averaged Train Loss: 1.1370
2025-09-14 03:22:17,005 - Test Accurancy: 0.5684
2025-09-14 03:22:17,005 - Attack Success Rate: 0.2753
2025-09-14 03:22:25,051 - DPD clipping bound C_t: 0.24967437982559204
2025-09-14 03:22:25,055 - DPD noise norm:0.04419988393783569
2025-09-14 03:22:25,069 - Round number: 82 --------------------------
2025-09-14 03:22:25,069 - Evaluate global model
2025-09-14 03:22:29,866 - Averaged Train Loss: 1.1315
2025-09-14 03:22:29,868 - Test Accurancy: 0.5700
2025-09-14 03:22:29,868 - Attack Success Rate: 0.2880
2025-09-14 03:22:39,275 - DPD clipping bound C_t: 0.24418258666992188
2025-09-14 03:22:39,280 - DPD noise norm:0.04323902353644371
2025-09-14 03:22:39,295 - Round number: 83 --------------------------
2025-09-14 03:22:39,295 - Evaluate global model
2025-09-14 03:22:43,658 - Averaged Train Loss: 1.1375
2025-09-14 03:22:43,659 - Test Accurancy: 0.5668
2025-09-14 03:22:43,660 - Attack Success Rate: 0.3020
2025-09-14 03:22:54,239 - DPD clipping bound C_t: 0.24285951256752014
2025-09-14 03:22:54,242 - DPD noise norm:0.04295813664793968
2025-09-14 03:22:54,257 - Round number: 84 --------------------------
2025-09-14 03:22:54,257 - Evaluate global model
2025-09-14 03:22:58,683 - Averaged Train Loss: 1.1301
2025-09-14 03:22:58,684 - Test Accurancy: 0.5698
2025-09-14 03:22:58,684 - Attack Success Rate: 0.2907
2025-09-14 03:23:09,178 - DPD clipping bound C_t: 0.2418704256415367
2025-09-14 03:23:09,184 - DPD noise norm:0.04280785843729973
2025-09-14 03:23:09,197 - Round number: 85 --------------------------
2025-09-14 03:23:09,197 - Evaluate global model
2025-09-14 03:23:13,906 - Averaged Train Loss: 1.1287
2025-09-14 03:23:13,907 - Test Accurancy: 0.5698
2025-09-14 03:23:13,907 - Attack Success Rate: 0.2960
2025-09-14 03:23:24,030 - DPD clipping bound C_t: 0.2403881624341011
2025-09-14 03:23:24,036 - DPD noise norm:0.0426265150308609
2025-09-14 03:23:24,059 - Round number: 86 --------------------------
2025-09-14 03:23:24,059 - Evaluate global model
2025-09-14 03:23:29,536 - Averaged Train Loss: 1.1234
2025-09-14 03:23:29,537 - Test Accurancy: 0.5704
2025-09-14 03:23:29,537 - Attack Success Rate: 0.3067
2025-09-14 03:23:37,660 - DPD clipping bound C_t: 0.23233361542224884
2025-09-14 03:23:37,665 - DPD noise norm:0.04113837704062462
2025-09-14 03:23:37,690 - Round number: 87 --------------------------
2025-09-14 03:23:37,690 - Evaluate global model
2025-09-14 03:23:43,589 - Averaged Train Loss: 1.1200
2025-09-14 03:23:43,591 - Test Accurancy: 0.5729
2025-09-14 03:23:43,591 - Attack Success Rate: 0.2813
2025-09-14 03:23:51,620 - DPD clipping bound C_t: 0.2298809215426445
2025-09-14 03:23:51,624 - DPD noise norm:0.04065822437405586
2025-09-14 03:23:51,642 - Round number: 88 --------------------------
2025-09-14 03:23:51,643 - Evaluate global model
2025-09-14 03:23:56,275 - Averaged Train Loss: 1.1165
2025-09-14 03:23:56,277 - Test Accurancy: 0.5743
2025-09-14 03:23:56,277 - Attack Success Rate: 0.2693
2025-09-14 03:24:06,436 - DPD clipping bound C_t: 0.22868750989437103
2025-09-14 03:24:06,442 - DPD noise norm:0.04044860973954201
2025-09-14 03:24:06,461 - Round number: 89 --------------------------
2025-09-14 03:24:06,461 - Evaluate global model
2025-09-14 03:24:13,019 - Averaged Train Loss: 1.1186
2025-09-14 03:24:13,023 - Test Accurancy: 0.5752
2025-09-14 03:24:13,023 - Attack Success Rate: 0.2707
2025-09-14 03:24:23,826 - DPD clipping bound C_t: 0.22809527069330215
2025-09-14 03:24:23,833 - DPD noise norm:0.04037650302052498
2025-09-14 03:24:23,851 - Round number: 90 --------------------------
2025-09-14 03:24:23,851 - Evaluate global model
2025-09-14 03:24:30,780 - Averaged Train Loss: 1.1152
2025-09-14 03:24:30,783 - Test Accurancy: 0.5759
2025-09-14 03:24:30,783 - Attack Success Rate: 0.2727
2025-09-14 03:24:40,007 - DPD clipping bound C_t: 0.22424209862947464
2025-09-14 03:24:40,014 - DPD noise norm:0.03969535604119301
2025-09-14 03:24:40,037 - Round number: 91 --------------------------
2025-09-14 03:24:40,038 - Evaluate global model
2025-09-14 03:24:46,303 - Averaged Train Loss: 1.1072
2025-09-14 03:24:46,306 - Test Accurancy: 0.5762
2025-09-14 03:24:46,306 - Attack Success Rate: 0.2753
2025-09-14 03:24:55,878 - DPD clipping bound C_t: 0.22003546357154846
2025-09-14 03:24:55,888 - DPD noise norm:0.03898731246590614
2025-09-14 03:24:55,914 - Round number: 92 --------------------------
2025-09-14 03:24:55,914 - Evaluate global model
2025-09-14 03:25:01,614 - Averaged Train Loss: 1.1097
2025-09-14 03:25:01,616 - Test Accurancy: 0.5750
2025-09-14 03:25:01,616 - Attack Success Rate: 0.2973
2025-09-14 03:25:10,230 - DPD clipping bound C_t: 0.21858810633420944
2025-09-14 03:25:10,237 - DPD noise norm:0.03865211084485054
2025-09-14 03:25:10,260 - Round number: 93 --------------------------
2025-09-14 03:25:10,260 - Evaluate global model
2025-09-14 03:25:16,503 - Averaged Train Loss: 1.1026
2025-09-14 03:25:16,506 - Test Accurancy: 0.5771
2025-09-14 03:25:16,506 - Attack Success Rate: 0.2807
2025-09-14 03:25:24,057 - DPD clipping bound C_t: 0.21517357230186462
2025-09-14 03:25:24,061 - DPD noise norm:0.03810062259435654
2025-09-14 03:25:24,076 - Round number: 94 --------------------------
2025-09-14 03:25:24,076 - Evaluate global model
2025-09-14 03:25:29,607 - Averaged Train Loss: 1.1001
2025-09-14 03:25:29,609 - Test Accurancy: 0.5787
2025-09-14 03:25:29,609 - Attack Success Rate: 0.2760
2025-09-14 03:25:39,532 - DPD clipping bound C_t: 0.21389997750520706
2025-09-14 03:25:39,538 - DPD noise norm:0.03794480115175247
2025-09-14 03:25:39,553 - Round number: 95 --------------------------
2025-09-14 03:25:39,553 - Evaluate global model
2025-09-14 03:25:44,909 - Averaged Train Loss: 1.1000
2025-09-14 03:25:44,912 - Test Accurancy: 0.5784
2025-09-14 03:25:44,912 - Attack Success Rate: 0.2720
2025-09-14 03:25:55,265 - DPD clipping bound C_t: 0.20923177897930145
2025-09-14 03:25:55,272 - DPD noise norm:0.03705330938100815
2025-09-14 03:25:55,288 - Round number: 96 --------------------------
2025-09-14 03:25:55,288 - Evaluate global model
2025-09-14 03:26:01,036 - Averaged Train Loss: 1.0959
2025-09-14 03:26:01,038 - Test Accurancy: 0.5796
2025-09-14 03:26:01,038 - Attack Success Rate: 0.2893
2025-09-14 03:26:11,399 - DPD clipping bound C_t: 0.2106301560997963
2025-09-14 03:26:11,405 - DPD noise norm:0.03727283328771591
2025-09-14 03:26:11,428 - Round number: 97 --------------------------
2025-09-14 03:26:11,428 - Evaluate global model
2025-09-14 03:26:17,143 - Averaged Train Loss: 1.0920
2025-09-14 03:26:17,146 - Test Accurancy: 0.5829
2025-09-14 03:26:17,146 - Attack Success Rate: 0.2687
2025-09-14 03:26:26,895 - DPD clipping bound C_t: 0.20815970748662949
2025-09-14 03:26:26,903 - DPD noise norm:0.03687809407711029
2025-09-14 03:26:26,921 - Round number: 98 --------------------------
2025-09-14 03:26:26,921 - Evaluate global model
2025-09-14 03:26:31,792 - Averaged Train Loss: 1.0957
2025-09-14 03:26:31,795 - Test Accurancy: 0.5804
2025-09-14 03:26:31,795 - Attack Success Rate: 0.2960
2025-09-14 03:26:41,885 - DPD clipping bound C_t: 0.2029462605714798
2025-09-14 03:26:41,892 - DPD noise norm:0.0359342135488987
2025-09-14 03:26:41,910 - Round number: 99 --------------------------
2025-09-14 03:26:41,910 - Evaluate global model
2025-09-14 03:26:48,598 - Averaged Train Loss: 1.0938
2025-09-14 03:26:48,601 - Test Accurancy: 0.5831
2025-09-14 03:26:48,601 - Attack Success Rate: 0.2660
2025-09-14 03:26:57,389 - DPD clipping bound C_t: 0.2012411132454872
2025-09-14 03:26:57,396 - DPD noise norm:0.03567277640104294
2025-09-14 03:26:57,417 - Round number: 100 --------------------------
2025-09-14 03:26:57,418 - Evaluate global model
2025-09-14 03:27:03,368 - Averaged Train Loss: 1.0883
2025-09-14 03:27:03,369 - Test Accurancy: 0.5830
2025-09-14 03:27:03,369 - Attack Success Rate: 0.2740
2025-09-14 03:27:10,614 - DPD clipping bound C_t: 0.2000007927417755
2025-09-14 03:27:10,618 - DPD noise norm:0.035414114594459534
2025-09-14 03:27:10,620 - Run over
2025-09-14 03:27:10,620 - Saving results to ./exp/exp2/Cifar10/0.0002.h5
2025-09-14 03:27:10,642 - Best accuracy: 0.5830835830835831
2025-09-14 03:27:10,643 - Average time cost per round: 16.089470360279083
