2026-04-14 20:29:37,686 - *****************EXP-41*****************
2026-04-14 20:29:37,687 - Exp repeats: 1
2026-04-14 20:29:37,687 - Communication Rounds: 100
2026-04-14 20:29:37,687 - Clients: 40

2026-04-14 20:29:37,687 - Attack method: CAMP
2026-04-14 20:29:37,687 - Filtering rule: multi-krum
2026-04-14 20:29:37,687 - Dataset: Cifar10
2026-04-14 20:29:37,687 - Model: cnn2
2026-04-14 20:29:37,687 - Learning Rate: 0.04
2026-04-14 20:29:37,687 - Batch Size: 64
2026-04-14 20:29:37,687 - Device: cuda
2026-04-14 20:29:37,687 - Device id: 0
2026-04-14 20:29:37,687 - Adversaries: 8
2026-04-14 20:29:37,687 - Model Poisoning: CAMP attack, mode perturbation_v5
2026-04-14 20:29:37,687 - *****************EXP-41*****************
2026-04-14 20:29:38,056 - Running time: 0th ==========================
2026-04-14 20:29:42,448 - Round number: 0 --------------------------
2026-04-14 20:29:42,448 - Evaluate global model
2026-04-14 20:29:45,255 - Averaged Train Loss: 2.3021
2026-04-14 20:29:45,256 - Test Accurancy: 0.1016
2026-04-14 20:29:55,222 - min_max_attack try_count: 19
2026-04-14 20:29:55,222 - min_max_attack lamda: 0.8044338226318359, max_d: 1.2363189458847046
2026-04-14 20:29:55,642 - Multi-krum select clients: [1, 2, 3, 4, 5, 6, 7, 0, 8, 26, 28, 24, 29, 22, 38, 33, 34, 14, 11, 31, 23, 12, 21, 36, 9, 13, 35, 10, 20, 39, 37]
2026-04-14 20:29:55,654 - Round number: 1 --------------------------
2026-04-14 20:29:55,654 - Evaluate global model
2026-04-14 20:29:58,504 - Averaged Train Loss: 2.3012
2026-04-14 20:29:58,505 - Test Accurancy: 0.1024
2026-04-14 20:30:07,579 - min_max_attack try_count: 19
2026-04-14 20:30:07,579 - min_max_attack lamda: 0.7638072967529297, max_d: 1.1303579807281494
2026-04-14 20:30:08,461 - Multi-krum select clients: [1, 2, 3, 4, 5, 6, 7, 0, 8, 24, 26, 28, 14, 33, 11, 12, 34, 22, 21, 29, 38, 31, 23, 35, 9, 36, 13, 20, 17, 27, 10]
2026-04-14 20:30:08,474 - Round number: 2 --------------------------
2026-04-14 20:30:08,474 - Evaluate global model
2026-04-14 20:30:12,586 - Averaged Train Loss: 2.3137
2026-04-14 20:30:12,586 - Test Accurancy: 0.1008
2026-04-14 20:30:20,252 - min_max_attack try_count: 19
2026-04-14 20:30:20,252 - min_max_attack lamda: 0.7556819915771484, max_d: 1.1744972467422485
2026-04-14 20:30:21,883 - Multi-krum select clients: [1, 2, 3, 4, 5, 6, 7, 0, 26, 14, 24, 28, 33, 12, 8, 11, 21, 34, 29, 38, 22, 35, 31, 9, 20, 36, 13, 23, 17, 27, 39]
2026-04-14 20:30:21,895 - Round number: 3 --------------------------
2026-04-14 20:30:21,896 - Evaluate global model
2026-04-14 20:30:26,793 - Averaged Train Loss: 2.3417
2026-04-14 20:30:26,793 - Test Accurancy: 0.1080
2026-04-14 20:30:34,302 - min_max_attack try_count: 19
2026-04-14 20:30:34,302 - min_max_attack lamda: 0.7369327545166016, max_d: 1.1785938739776611
2026-04-14 20:30:35,846 - Multi-krum select clients: [1, 2, 3, 4, 5, 6, 7, 0, 28, 8, 26, 33, 24, 12, 14, 11, 29, 34, 38, 35, 21, 23, 22, 36, 20, 31, 9, 13, 17, 27, 15]
2026-04-14 20:30:35,859 - Round number: 4 --------------------------
2026-04-14 20:30:35,859 - Evaluate global model
2026-04-14 20:30:39,659 - Averaged Train Loss: 2.3764
2026-04-14 20:30:39,659 - Test Accurancy: 0.1258
2026-04-14 20:30:48,055 - min_max_attack try_count: 19
2026-04-14 20:30:48,055 - min_max_attack lamda: 0.7154941558837891, max_d: 1.144608497619629
2026-04-14 20:30:49,158 - Multi-krum select clients: [1, 2, 3, 4, 5, 6, 7, 0, 28, 26, 33, 12, 11, 8, 24, 14, 35, 34, 21, 38, 9, 29, 23, 36, 31, 22, 13, 20, 27, 17, 15]
2026-04-14 20:30:49,171 - Round number: 5 --------------------------
2026-04-14 20:30:49,171 - Evaluate global model
2026-04-14 20:30:52,250 - Averaged Train Loss: 2.3748
2026-04-14 20:30:52,250 - Test Accurancy: 0.1416
2026-04-14 20:31:01,149 - min_max_attack try_count: 19
2026-04-14 20:31:01,149 - min_max_attack lamda: 0.7453823089599609, max_d: 1.1537400484085083
2026-04-14 20:31:01,763 - Multi-krum select clients: [1, 2, 3, 4, 5, 6, 7, 0, 28, 26, 33, 12, 8, 14, 11, 24, 35, 34, 38, 31, 21, 36, 29, 9, 22, 13, 20, 23, 17, 27, 37]
2026-04-14 20:31:01,775 - Round number: 6 --------------------------
2026-04-14 20:31:01,775 - Evaluate global model
2026-04-14 20:31:05,786 - Averaged Train Loss: 2.3801
2026-04-14 20:31:05,787 - Test Accurancy: 0.1605
2026-04-14 20:31:13,985 - min_max_attack try_count: 19
2026-04-14 20:31:13,986 - min_max_attack lamda: 0.7443904876708984, max_d: 1.0458259582519531
2026-04-14 20:31:15,195 - Multi-krum select clients: [1, 2, 3, 4, 5, 6, 7, 0, 28, 26, 12, 11, 8, 33, 14, 35, 34, 21, 24, 36, 31, 38, 9, 13, 29, 22, 23, 27, 17, 20, 30]
2026-04-14 20:31:15,208 - Round number: 7 --------------------------
2026-04-14 20:31:15,208 - Evaluate global model
2026-04-14 20:31:19,470 - Averaged Train Loss: 2.3290
2026-04-14 20:31:19,470 - Test Accurancy: 0.2203
2026-04-14 20:31:27,471 - min_max_attack try_count: 19
2026-04-14 20:31:27,471 - min_max_attack lamda: 0.7520961761474609, max_d: 1.0078448057174683
2026-04-14 20:31:28,958 - Multi-krum select clients: [1, 2, 3, 4, 5, 6, 7, 0, 28, 24, 33, 26, 12, 11, 8, 38, 36, 21, 34, 14, 9, 31, 35, 22, 29, 23, 13, 17, 20, 30, 32]
2026-04-14 20:31:28,971 - Round number: 8 --------------------------
2026-04-14 20:31:28,971 - Evaluate global model
2026-04-14 20:31:32,739 - Averaged Train Loss: 2.3094
2026-04-14 20:31:32,739 - Test Accurancy: 0.2380
2026-04-14 20:31:40,930 - min_max_attack try_count: 19
2026-04-14 20:31:40,930 - min_max_attack lamda: 0.7508182525634766, max_d: 0.9913521409034729
2026-04-14 20:31:42,538 - Multi-krum select clients: [1, 2, 3, 4, 5, 6, 7, 0, 12, 26, 33, 36, 24, 38, 11, 28, 14, 8, 31, 35, 9, 21, 34, 13, 22, 29, 23, 17, 30, 20, 32]
2026-04-14 20:31:42,550 - Round number: 9 --------------------------
2026-04-14 20:31:42,550 - Evaluate global model
2026-04-14 20:31:45,489 - Averaged Train Loss: 2.2740
2026-04-14 20:31:45,490 - Test Accurancy: 0.2621
2026-04-14 20:31:54,349 - min_max_attack try_count: 19
2026-04-14 20:31:54,349 - min_max_attack lamda: 0.7450199127197266, max_d: 1.0127429962158203
2026-04-14 20:31:55,376 - Multi-krum select clients: [1, 2, 3, 4, 5, 6, 7, 0, 28, 26, 12, 11, 33, 24, 36, 8, 14, 21, 38, 35, 31, 34, 29, 22, 13, 9, 30, 23, 32, 17, 20]
2026-04-14 20:31:55,396 - Round number: 10 --------------------------
2026-04-14 20:31:55,396 - Evaluate global model
2026-04-14 20:31:59,011 - Averaged Train Loss: 2.2597
2026-04-14 20:31:59,011 - Test Accurancy: 0.2723
2026-04-14 20:32:06,963 - min_max_attack try_count: 19
2026-04-14 20:32:06,963 - min_max_attack lamda: 0.7301998138427734, max_d: 0.9645133018493652
2026-04-14 20:32:07,631 - Multi-krum select clients: [1, 2, 3, 4, 5, 6, 7, 0, 28, 12, 24, 26, 33, 11, 36, 21, 9, 35, 31, 14, 38, 34, 13, 8, 30, 32, 22, 23, 17, 29, 20]
2026-04-14 20:32:07,643 - Round number: 11 --------------------------
2026-04-14 20:32:07,643 - Evaluate global model
2026-04-14 20:32:12,776 - Averaged Train Loss: 2.2366
2026-04-14 20:32:12,777 - Test Accurancy: 0.2748
2026-04-14 20:32:20,639 - min_max_attack try_count: 19
2026-04-14 20:32:20,640 - min_max_attack lamda: 0.7252216339111328, max_d: 0.9005894660949707
2026-04-14 20:32:21,967 - Multi-krum select clients: [1, 2, 3, 4, 5, 6, 7, 0, 28, 12, 33, 11, 26, 24, 31, 36, 35, 21, 14, 38, 9, 8, 34, 13, 32, 30, 22, 29, 23, 17, 20]
2026-04-14 20:32:21,983 - Round number: 12 --------------------------
2026-04-14 20:32:21,983 - Evaluate global model
2026-04-14 20:32:26,588 - Averaged Train Loss: 2.2442
2026-04-14 20:32:26,588 - Test Accurancy: 0.2771
2026-04-14 20:32:34,081 - min_max_attack try_count: 19
2026-04-14 20:32:34,081 - min_max_attack lamda: 0.7042407989501953, max_d: 0.9341761469841003
2026-04-14 20:32:35,339 - Multi-krum select clients: [1, 2, 3, 4, 5, 6, 7, 0, 28, 12, 26, 33, 11, 24, 36, 14, 9, 31, 21, 38, 35, 8, 34, 32, 30, 22, 13, 29, 23, 17, 20]
2026-04-14 20:32:35,351 - Round number: 13 --------------------------
2026-04-14 20:32:35,351 - Evaluate global model
2026-04-14 20:32:38,583 - Averaged Train Loss: 2.2343
2026-04-14 20:32:38,583 - Test Accurancy: 0.2868
2026-04-14 20:32:48,230 - min_max_attack try_count: 19
2026-04-14 20:32:48,231 - min_max_attack lamda: 0.7310962677001953, max_d: 0.9294025301933289
2026-04-14 20:32:49,297 - Multi-krum select clients: [1, 2, 3, 4, 5, 6, 7, 0, 33, 28, 26, 12, 36, 24, 9, 11, 35, 21, 31, 8, 38, 32, 34, 14, 22, 30, 23, 13, 17, 29, 20]
2026-04-14 20:32:49,309 - Round number: 14 --------------------------
2026-04-14 20:32:49,309 - Evaluate global model
2026-04-14 20:32:51,387 - Averaged Train Loss: 2.2481
2026-04-14 20:32:51,387 - Test Accurancy: 0.2872
2026-04-14 20:33:00,870 - min_max_attack try_count: 19
2026-04-14 20:33:00,870 - min_max_attack lamda: 0.7261371612548828, max_d: 0.9231817722320557
2026-04-14 20:33:01,838 - Multi-krum select clients: [1, 2, 3, 4, 5, 6, 7, 0, 33, 12, 24, 11, 28, 31, 26, 14, 21, 36, 9, 35, 38, 34, 8, 32, 30, 22, 13, 17, 23, 29, 19]
2026-04-14 20:33:01,850 - Round number: 15 --------------------------
2026-04-14 20:33:01,850 - Evaluate global model
2026-04-14 20:33:05,518 - Averaged Train Loss: 2.2627
2026-04-14 20:33:05,519 - Test Accurancy: 0.2936
2026-04-14 20:33:13,156 - min_max_attack try_count: 19
2026-04-14 20:33:13,157 - min_max_attack lamda: 0.7416820526123047, max_d: 0.9421299695968628
2026-04-14 20:33:14,591 - Multi-krum select clients: [1, 2, 3, 4, 5, 6, 7, 0, 28, 33, 12, 24, 11, 26, 36, 31, 35, 9, 21, 8, 38, 14, 34, 32, 30, 22, 13, 23, 17, 19, 29]
2026-04-14 20:33:14,603 - Round number: 16 --------------------------
2026-04-14 20:33:14,603 - Evaluate global model
2026-04-14 20:33:19,634 - Averaged Train Loss: 2.2850
2026-04-14 20:33:19,634 - Test Accurancy: 0.2920
2026-04-14 20:33:26,771 - min_max_attack try_count: 19
2026-04-14 20:33:26,771 - min_max_attack lamda: 0.7047748565673828, max_d: 0.8922174572944641
2026-04-14 20:33:28,193 - Multi-krum select clients: [1, 0, 7, 6, 5, 4, 3, 2, 28, 33, 12, 26, 36, 24, 21, 11, 31, 35, 9, 14, 30, 38, 34, 8, 22, 13, 32, 23, 29, 17, 19]
2026-04-14 20:33:28,214 - Round number: 17 --------------------------
2026-04-14 20:33:28,214 - Evaluate global model
2026-04-14 20:33:32,729 - Averaged Train Loss: 2.2767
2026-04-14 20:33:32,730 - Test Accurancy: 0.2935
2026-04-14 20:33:40,621 - min_max_attack try_count: 19
2026-04-14 20:33:40,622 - min_max_attack lamda: 0.6891536712646484, max_d: 0.882802426815033
2026-04-14 20:33:42,100 - Multi-krum select clients: [1, 2, 3, 4, 5, 6, 7, 0, 28, 33, 12, 11, 36, 26, 21, 9, 24, 35, 8, 30, 14, 31, 32, 22, 34, 38, 13, 23, 17, 37, 19]
2026-04-14 20:33:42,113 - Round number: 18 --------------------------
2026-04-14 20:33:42,113 - Evaluate global model
2026-04-14 20:33:44,844 - Averaged Train Loss: 2.2454
2026-04-14 20:33:44,844 - Test Accurancy: 0.2966
2026-04-14 20:33:54,357 - min_max_attack try_count: 19
2026-04-14 20:33:54,357 - min_max_attack lamda: 0.6977558135986328, max_d: 0.9111056923866272
2026-04-14 20:33:54,967 - Multi-krum select clients: [1, 2, 3, 4, 5, 6, 7, 0, 28, 33, 12, 11, 24, 26, 31, 36, 9, 35, 21, 30, 14, 38, 34, 8, 32, 22, 23, 17, 13, 19, 29]
2026-04-14 20:33:54,979 - Round number: 19 --------------------------
2026-04-14 20:33:54,979 - Evaluate global model
2026-04-14 20:33:57,908 - Averaged Train Loss: 2.2371
2026-04-14 20:33:57,908 - Test Accurancy: 0.2996
2026-04-14 20:34:07,155 - min_max_attack try_count: 19
2026-04-14 20:34:07,155 - min_max_attack lamda: 0.7286739349365234, max_d: 0.8939169645309448
2026-04-14 20:34:07,736 - Multi-krum select clients: [1, 2, 3, 4, 5, 6, 7, 0, 33, 28, 12, 11, 26, 35, 31, 36, 21, 24, 9, 14, 38, 30, 34, 32, 22, 8, 13, 23, 17, 19, 29]
2026-04-14 20:34:07,747 - Round number: 20 --------------------------
2026-04-14 20:34:07,747 - Evaluate global model
2026-04-14 20:34:11,699 - Averaged Train Loss: 2.2514
2026-04-14 20:34:11,699 - Test Accurancy: 0.3063
2026-04-14 20:34:20,024 - min_max_attack try_count: 19
2026-04-14 20:34:20,025 - min_max_attack lamda: 0.6748867034912109, max_d: 0.8569524884223938
2026-04-14 20:34:21,614 - Multi-krum select clients: [1, 2, 3, 4, 5, 6, 7, 0, 28, 33, 12, 26, 11, 24, 36, 35, 21, 31, 9, 30, 32, 38, 8, 14, 34, 22, 17, 23, 13, 19, 29]
2026-04-14 20:34:21,627 - Round number: 21 --------------------------
2026-04-14 20:34:21,627 - Evaluate global model
2026-04-14 20:34:25,970 - Averaged Train Loss: 2.2298
2026-04-14 20:34:25,970 - Test Accurancy: 0.3118
2026-04-14 20:34:33,515 - min_max_attack try_count: 19
2026-04-14 20:34:33,515 - min_max_attack lamda: 0.6347942352294922, max_d: 0.8113572001457214
2026-04-14 20:34:35,089 - Multi-krum select clients: [1, 2, 3, 4, 5, 6, 7, 0, 28, 33, 12, 24, 11, 35, 36, 31, 26, 21, 38, 14, 30, 9, 34, 32, 22, 8, 13, 19, 23, 17, 29]
2026-04-14 20:34:35,102 - Round number: 22 --------------------------
2026-04-14 20:34:35,102 - Evaluate global model
2026-04-14 20:34:38,885 - Averaged Train Loss: 2.1675
2026-04-14 20:34:38,885 - Test Accurancy: 0.3160
2026-04-14 20:34:47,264 - min_max_attack try_count: 19
2026-04-14 20:34:47,264 - min_max_attack lamda: 0.6267642974853516, max_d: 0.7634533643722534
2026-04-14 20:34:48,655 - Multi-krum select clients: [1, 2, 3, 4, 5, 6, 7, 0, 28, 33, 24, 12, 26, 35, 31, 11, 9, 21, 36, 30, 14, 38, 32, 34, 8, 13, 17, 19, 22, 23, 29]
2026-04-14 20:34:48,667 - Round number: 23 --------------------------
2026-04-14 20:34:48,667 - Evaluate global model
2026-04-14 20:34:51,935 - Averaged Train Loss: 2.1477
2026-04-14 20:34:51,935 - Test Accurancy: 0.3175
2026-04-14 20:35:00,347 - min_max_attack try_count: 19
2026-04-14 20:35:00,347 - min_max_attack lamda: 0.6361865997314453, max_d: 0.8223349452018738
2026-04-14 20:35:01,002 - Multi-krum select clients: [1, 2, 3, 4, 5, 6, 7, 0, 28, 33, 12, 11, 24, 36, 26, 31, 21, 35, 30, 9, 14, 8, 34, 32, 38, 22, 13, 17, 19, 23, 37]
2026-04-14 20:35:01,015 - Round number: 24 --------------------------
2026-04-14 20:35:01,015 - Evaluate global model
2026-04-14 20:35:05,488 - Averaged Train Loss: 2.1664
2026-04-14 20:35:05,488 - Test Accurancy: 0.3198
2026-04-14 20:35:13,179 - min_max_attack try_count: 19
2026-04-14 20:35:13,179 - min_max_attack lamda: 0.6194019317626953, max_d: 0.7773517370223999
2026-04-14 20:35:14,367 - Multi-krum select clients: [1, 2, 3, 4, 5, 6, 7, 0, 28, 33, 11, 12, 36, 26, 24, 30, 35, 21, 14, 34, 31, 32, 9, 8, 38, 17, 22, 13, 19, 23, 29]
2026-04-14 20:35:14,380 - Round number: 25 --------------------------
2026-04-14 20:35:14,380 - Evaluate global model
2026-04-14 20:35:19,110 - Averaged Train Loss: 2.1362
2026-04-14 20:35:19,111 - Test Accurancy: 0.3253
2026-04-14 20:35:27,157 - min_max_attack try_count: 19
2026-04-14 20:35:27,157 - min_max_attack lamda: 0.6235408782958984, max_d: 0.780194878578186
2026-04-14 20:35:28,438 - Multi-krum select clients: [1, 2, 3, 4, 5, 6, 7, 0, 28, 33, 12, 11, 35, 24, 21, 31, 36, 26, 30, 38, 9, 32, 14, 8, 34, 17, 19, 13, 22, 23, 29]
2026-04-14 20:35:28,452 - Round number: 26 --------------------------
2026-04-14 20:35:28,452 - Evaluate global model
2026-04-14 20:35:32,129 - Averaged Train Loss: 2.1136
2026-04-14 20:35:32,129 - Test Accurancy: 0.3280
2026-04-14 20:35:41,296 - min_max_attack try_count: 19
2026-04-14 20:35:41,296 - min_max_attack lamda: 0.5888462066650391, max_d: 0.7608262300491333
2026-04-14 20:35:42,597 - Multi-krum select clients: [1, 2, 3, 4, 5, 6, 7, 0, 28, 33, 12, 26, 11, 24, 35, 36, 30, 31, 21, 9, 22, 34, 32, 38, 14, 17, 13, 19, 8, 23, 29]
2026-04-14 20:35:42,609 - Round number: 27 --------------------------
2026-04-14 20:35:42,610 - Evaluate global model
2026-04-14 20:35:44,831 - Averaged Train Loss: 2.1098
2026-04-14 20:35:44,831 - Test Accurancy: 0.3311
2026-04-14 20:35:54,253 - min_max_attack try_count: 19
2026-04-14 20:35:54,254 - min_max_attack lamda: 0.6061840057373047, max_d: 0.7669614553451538
2026-04-14 20:35:55,175 - Multi-krum select clients: [1, 2, 3, 4, 5, 6, 7, 0, 28, 24, 11, 33, 12, 35, 26, 31, 36, 30, 21, 9, 8, 32, 38, 22, 14, 13, 17, 34, 19, 23, 29]
2026-04-14 20:35:55,187 - Round number: 28 --------------------------
2026-04-14 20:35:55,187 - Evaluate global model
2026-04-14 20:35:58,551 - Averaged Train Loss: 2.0986
2026-04-14 20:35:58,552 - Test Accurancy: 0.3329
2026-04-14 20:36:06,537 - min_max_attack try_count: 19
2026-04-14 20:36:06,537 - min_max_attack lamda: 0.5900669097900391, max_d: 0.746616780757904
2026-04-14 20:36:07,652 - Multi-krum select clients: [1, 2, 3, 4, 5, 6, 7, 0, 28, 33, 12, 24, 11, 36, 35, 26, 31, 21, 38, 32, 34, 30, 14, 9, 17, 8, 13, 19, 22, 23, 29]
2026-04-14 20:36:07,665 - Round number: 29 --------------------------
2026-04-14 20:36:07,665 - Evaluate global model
2026-04-14 20:36:12,562 - Averaged Train Loss: 2.0838
2026-04-14 20:36:12,562 - Test Accurancy: 0.3373
2026-04-14 20:36:19,650 - min_max_attack try_count: 19
2026-04-14 20:36:19,650 - min_max_attack lamda: 0.5914783477783203, max_d: 0.710518479347229
2026-04-14 20:36:21,064 - Multi-krum select clients: [1, 2, 3, 4, 5, 6, 7, 0, 28, 33, 12, 24, 11, 26, 21, 36, 35, 31, 30, 32, 9, 8, 17, 34, 14, 38, 22, 13, 19, 23, 29]
2026-04-14 20:36:21,076 - Round number: 30 --------------------------
2026-04-14 20:36:21,077 - Evaluate global model
2026-04-14 20:36:26,127 - Averaged Train Loss: 2.0577
2026-04-14 20:36:26,128 - Test Accurancy: 0.3431
2026-04-14 20:36:33,671 - min_max_attack try_count: 19
2026-04-14 20:36:33,672 - min_max_attack lamda: 0.5890178680419922, max_d: 0.7257704138755798
2026-04-14 20:36:35,022 - Multi-krum select clients: [1, 2, 3, 4, 5, 6, 7, 0, 28, 33, 24, 12, 11, 26, 31, 36, 35, 21, 9, 30, 38, 14, 32, 8, 34, 19, 22, 17, 23, 13, 29]
2026-04-14 20:36:35,034 - Round number: 31 --------------------------
2026-04-14 20:36:35,035 - Evaluate global model
2026-04-14 20:36:38,483 - Averaged Train Loss: 2.0597
2026-04-14 20:36:38,484 - Test Accurancy: 0.3445
2026-04-14 20:36:47,660 - min_max_attack try_count: 19
2026-04-14 20:36:47,660 - min_max_attack lamda: 0.5975246429443359, max_d: 0.706939697265625
2026-04-14 20:36:48,596 - Multi-krum select clients: [1, 2, 3, 4, 5, 6, 7, 0, 28, 33, 24, 12, 11, 36, 35, 26, 21, 31, 32, 30, 9, 8, 38, 14, 13, 19, 34, 22, 17, 23, 29]
2026-04-14 20:36:48,608 - Round number: 32 --------------------------
2026-04-14 20:36:48,609 - Evaluate global model
2026-04-14 20:36:51,034 - Averaged Train Loss: 2.0572
2026-04-14 20:36:51,034 - Test Accurancy: 0.3417
2026-04-14 20:37:00,625 - min_max_attack try_count: 19
2026-04-14 20:37:00,625 - min_max_attack lamda: 0.5678653717041016, max_d: 0.7228389382362366
2026-04-14 20:37:01,150 - Multi-krum select clients: [1, 2, 3, 4, 5, 6, 7, 0, 28, 33, 12, 26, 35, 11, 21, 24, 36, 31, 9, 32, 30, 38, 19, 34, 17, 14, 8, 13, 22, 23, 29]
2026-04-14 20:37:01,162 - Round number: 33 --------------------------
2026-04-14 20:37:01,162 - Evaluate global model
2026-04-14 20:37:04,492 - Averaged Train Loss: 2.0386
2026-04-14 20:37:04,492 - Test Accurancy: 0.3474
2026-04-14 20:37:12,877 - min_max_attack try_count: 19
2026-04-14 20:37:12,878 - min_max_attack lamda: 0.5890369415283203, max_d: 0.6936765909194946
2026-04-14 20:37:14,127 - Multi-krum select clients: [1, 2, 3, 4, 5, 6, 7, 0, 28, 33, 12, 24, 11, 35, 26, 36, 31, 21, 9, 38, 14, 32, 17, 30, 34, 19, 13, 8, 22, 23, 20]
2026-04-14 20:37:14,139 - Round number: 34 --------------------------
2026-04-14 20:37:14,139 - Evaluate global model
2026-04-14 20:37:18,491 - Averaged Train Loss: 2.0342
2026-04-14 20:37:18,491 - Test Accurancy: 0.3574
2026-04-14 20:37:25,652 - min_max_attack try_count: 19
2026-04-14 20:37:25,653 - min_max_attack lamda: 0.5624294281005859, max_d: 0.6499468684196472
2026-04-14 20:37:27,253 - Multi-krum select clients: [1, 2, 3, 4, 5, 6, 7, 0, 28, 12, 33, 24, 11, 26, 35, 21, 36, 30, 9, 31, 14, 38, 32, 22, 34, 17, 19, 13, 8, 23, 29]
2026-04-14 20:37:27,266 - Round number: 35 --------------------------
2026-04-14 20:37:27,267 - Evaluate global model
2026-04-14 20:37:31,924 - Averaged Train Loss: 2.0436
2026-04-14 20:37:31,924 - Test Accurancy: 0.3539
2026-04-14 20:37:39,192 - min_max_attack try_count: 19
2026-04-14 20:37:39,192 - min_max_attack lamda: 0.5746555328369141, max_d: 0.6947022080421448
2026-04-14 20:37:40,643 - Multi-krum select clients: [1, 2, 3, 4, 5, 6, 7, 0, 28, 33, 11, 24, 12, 35, 30, 21, 36, 26, 32, 31, 9, 38, 19, 17, 14, 13, 34, 22, 8, 29, 23]
2026-04-14 20:37:40,656 - Round number: 36 --------------------------
2026-04-14 20:37:40,656 - Evaluate global model
2026-04-14 20:37:44,235 - Averaged Train Loss: 2.0540
2026-04-14 20:37:44,235 - Test Accurancy: 0.3532
2026-04-14 20:37:52,827 - min_max_attack try_count: 19
2026-04-14 20:37:52,827 - min_max_attack lamda: 0.5760288238525391, max_d: 0.7166022658348083
2026-04-14 20:37:53,831 - Multi-krum select clients: [1, 2, 3, 4, 5, 6, 7, 0, 28, 33, 24, 11, 12, 30, 36, 35, 26, 21, 31, 9, 32, 38, 17, 19, 13, 14, 22, 8, 34, 23, 29]
2026-04-14 20:37:53,844 - Round number: 37 --------------------------
2026-04-14 20:37:53,844 - Evaluate global model
2026-04-14 20:37:56,621 - Averaged Train Loss: 2.0620
2026-04-14 20:37:56,621 - Test Accurancy: 0.3566
2026-04-14 20:38:05,865 - min_max_attack try_count: 19
2026-04-14 20:38:05,866 - min_max_attack lamda: 0.5523967742919922, max_d: 0.696453869342804
2026-04-14 20:38:06,389 - Multi-krum select clients: [1, 2, 3, 4, 5, 6, 7, 0, 28, 33, 24, 12, 11, 26, 30, 35, 9, 36, 32, 31, 21, 17, 14, 22, 34, 38, 19, 8, 13, 23, 29]
2026-04-14 20:38:06,402 - Round number: 38 --------------------------
2026-04-14 20:38:06,402 - Evaluate global model
2026-04-14 20:38:09,810 - Averaged Train Loss: 2.0417
2026-04-14 20:38:09,810 - Test Accurancy: 0.3570
2026-04-14 20:38:18,463 - min_max_attack try_count: 19
2026-04-14 20:38:18,463 - min_max_attack lamda: 0.5443096160888672, max_d: 0.6202461123466492
2026-04-14 20:38:19,347 - Multi-krum select clients: [1, 2, 3, 4, 5, 6, 7, 0, 28, 11, 12, 33, 24, 26, 35, 21, 32, 31, 30, 14, 36, 9, 34, 38, 8, 13, 22, 19, 17, 23, 29]
2026-04-14 20:38:19,359 - Round number: 39 --------------------------
2026-04-14 20:38:19,359 - Evaluate global model
2026-04-14 20:38:23,714 - Averaged Train Loss: 2.0133
2026-04-14 20:38:23,714 - Test Accurancy: 0.3592
2026-04-14 20:38:31,587 - min_max_attack try_count: 19
2026-04-14 20:38:31,588 - min_max_attack lamda: 0.5478000640869141, max_d: 0.6511045694351196
2026-04-14 20:38:33,208 - Multi-krum select clients: [1, 2, 3, 4, 5, 6, 7, 0, 28, 33, 12, 30, 11, 35, 21, 26, 36, 24, 31, 32, 9, 8, 38, 34, 19, 22, 13, 17, 14, 23, 29]
2026-04-14 20:38:33,220 - Round number: 40 --------------------------
2026-04-14 20:38:33,221 - Evaluate global model
2026-04-14 20:38:37,187 - Averaged Train Loss: 2.0212
2026-04-14 20:38:37,187 - Test Accurancy: 0.3594
2026-04-14 20:38:45,120 - min_max_attack try_count: 19
2026-04-14 20:38:45,120 - min_max_attack lamda: 0.5245304107666016, max_d: 0.6288154125213623
2026-04-14 20:38:46,776 - Multi-krum select clients: [1, 2, 3, 4, 5, 6, 7, 0, 28, 24, 12, 33, 30, 11, 26, 35, 21, 32, 31, 36, 9, 38, 14, 34, 13, 8, 17, 19, 22, 23, 37]
2026-04-14 20:38:46,788 - Round number: 41 --------------------------
2026-04-14 20:38:46,788 - Evaluate global model
2026-04-14 20:38:50,072 - Averaged Train Loss: 2.0181
2026-04-14 20:38:50,072 - Test Accurancy: 0.3606
2026-04-14 20:38:58,506 - min_max_attack try_count: 19
2026-04-14 20:38:58,506 - min_max_attack lamda: 0.5159282684326172, max_d: 0.5861091613769531
2026-04-14 20:38:59,681 - Multi-krum select clients: [1, 2, 3, 4, 5, 6, 7, 0, 28, 24, 12, 33, 26, 11, 30, 31, 35, 21, 36, 9, 14, 34, 32, 38, 17, 19, 13, 8, 22, 23, 29]
2026-04-14 20:38:59,693 - Round number: 42 --------------------------
2026-04-14 20:38:59,694 - Evaluate global model
2026-04-14 20:39:02,851 - Averaged Train Loss: 2.0038
2026-04-14 20:39:02,852 - Test Accurancy: 0.3671
2026-04-14 20:39:11,421 - min_max_attack try_count: 19
2026-04-14 20:39:11,422 - min_max_attack lamda: 0.5114841461181641, max_d: 0.603523850440979
2026-04-14 20:39:12,158 - Multi-krum select clients: [1, 2, 3, 4, 5, 6, 7, 0, 28, 24, 33, 11, 26, 35, 12, 30, 32, 21, 31, 36, 38, 9, 34, 19, 14, 17, 13, 8, 22, 23, 29]
2026-04-14 20:39:12,170 - Round number: 43 --------------------------
2026-04-14 20:39:12,170 - Evaluate global model
2026-04-14 20:39:16,545 - Averaged Train Loss: 1.9741
2026-04-14 20:39:16,545 - Test Accurancy: 0.3738
2026-04-14 20:39:24,397 - min_max_attack try_count: 19
2026-04-14 20:39:24,397 - min_max_attack lamda: 0.5089855194091797, max_d: 0.5868590474128723
2026-04-14 20:39:25,597 - Multi-krum select clients: [1, 2, 3, 4, 5, 6, 7, 0, 28, 33, 11, 12, 24, 30, 35, 26, 36, 21, 32, 31, 38, 9, 34, 8, 19, 22, 13, 17, 14, 23, 29]
2026-04-14 20:39:25,609 - Round number: 44 --------------------------
2026-04-14 20:39:25,610 - Evaluate global model
2026-04-14 20:39:30,023 - Averaged Train Loss: 1.9625
2026-04-14 20:39:30,023 - Test Accurancy: 0.3762
2026-04-14 20:39:38,104 - min_max_attack try_count: 19
2026-04-14 20:39:38,104 - min_max_attack lamda: 0.48224449157714844, max_d: 0.5993116497993469
2026-04-14 20:39:39,362 - Multi-krum select clients: [1, 2, 3, 4, 5, 6, 7, 0, 28, 24, 33, 11, 12, 35, 30, 26, 21, 31, 36, 32, 17, 38, 34, 14, 13, 9, 19, 8, 22, 23, 29]
2026-04-14 20:39:39,374 - Round number: 45 --------------------------
2026-04-14 20:39:39,374 - Evaluate global model
2026-04-14 20:39:43,022 - Averaged Train Loss: 1.9361
2026-04-14 20:39:43,022 - Test Accurancy: 0.3806
2026-04-14 20:39:51,422 - min_max_attack try_count: 19
2026-04-14 20:39:51,423 - min_max_attack lamda: 0.4818439483642578, max_d: 0.5539453029632568
2026-04-14 20:39:53,045 - Multi-krum select clients: [1, 2, 3, 4, 5, 6, 7, 0, 28, 24, 11, 12, 33, 30, 21, 35, 26, 32, 31, 9, 38, 36, 19, 22, 8, 14, 17, 34, 13, 23, 29]
2026-04-14 20:39:53,057 - Round number: 46 --------------------------
2026-04-14 20:39:53,057 - Evaluate global model
2026-04-14 20:39:55,486 - Averaged Train Loss: 1.9355
2026-04-14 20:39:55,486 - Test Accurancy: 0.3838
2026-04-14 20:40:04,599 - min_max_attack try_count: 19
2026-04-14 20:40:04,599 - min_max_attack lamda: 0.4824352264404297, max_d: 0.5897372364997864
2026-04-14 20:40:05,675 - Multi-krum select clients: [1, 2, 3, 4, 5, 6, 7, 0, 28, 24, 11, 33, 12, 30, 26, 21, 35, 32, 31, 36, 9, 17, 14, 38, 19, 34, 13, 8, 22, 23, 29]
2026-04-14 20:40:05,687 - Round number: 47 --------------------------
2026-04-14 20:40:05,688 - Evaluate global model
2026-04-14 20:40:08,865 - Averaged Train Loss: 1.9350
2026-04-14 20:40:08,865 - Test Accurancy: 0.3821
2026-04-14 20:40:17,097 - min_max_attack try_count: 19
2026-04-14 20:40:17,098 - min_max_attack lamda: 0.49439430236816406, max_d: 0.5601392984390259
2026-04-14 20:40:18,098 - Multi-krum select clients: [1, 2, 3, 4, 5, 6, 7, 0, 28, 33, 24, 11, 30, 12, 35, 21, 26, 36, 32, 31, 34, 9, 14, 38, 19, 17, 13, 8, 22, 23, 20]
2026-04-14 20:40:18,110 - Round number: 48 --------------------------
2026-04-14 20:40:18,110 - Evaluate global model
2026-04-14 20:40:22,841 - Averaged Train Loss: 1.9395
2026-04-14 20:40:22,841 - Test Accurancy: 0.3856
2026-04-14 20:40:30,458 - min_max_attack try_count: 19
2026-04-14 20:40:30,458 - min_max_attack lamda: 0.4968547821044922, max_d: 0.5953839421272278
2026-04-14 20:40:31,752 - Multi-krum select clients: [1, 2, 3, 4, 5, 6, 7, 0, 28, 33, 12, 11, 24, 26, 30, 35, 36, 21, 32, 9, 17, 31, 19, 34, 38, 8, 14, 13, 22, 23, 37]
2026-04-14 20:40:31,764 - Round number: 49 --------------------------
2026-04-14 20:40:31,765 - Evaluate global model
2026-04-14 20:40:36,324 - Averaged Train Loss: 1.9875
2026-04-14 20:40:36,324 - Test Accurancy: 0.3813
2026-04-14 20:40:43,964 - min_max_attack try_count: 19
2026-04-14 20:40:43,965 - min_max_attack lamda: 0.48653602600097656, max_d: 0.5532761216163635
2026-04-14 20:40:45,270 - Multi-krum select clients: [1, 2, 3, 4, 5, 6, 7, 0, 28, 11, 33, 12, 24, 30, 21, 26, 35, 36, 32, 9, 34, 14, 19, 17, 31, 22, 13, 38, 8, 23, 37]
2026-04-14 20:40:45,282 - Round number: 50 --------------------------
2026-04-14 20:40:45,282 - Evaluate global model
2026-04-14 20:40:48,828 - Averaged Train Loss: 1.9709
2026-04-14 20:40:48,829 - Test Accurancy: 0.3775
2026-04-14 20:40:57,890 - min_max_attack try_count: 19
2026-04-14 20:40:57,891 - min_max_attack lamda: 0.4884815216064453, max_d: 0.5283494591712952
2026-04-14 20:40:59,072 - Multi-krum select clients: [1, 2, 3, 4, 5, 6, 7, 0, 28, 24, 11, 33, 12, 35, 26, 21, 30, 36, 32, 31, 9, 38, 17, 34, 22, 8, 13, 14, 19, 23, 37]
2026-04-14 20:40:59,084 - Round number: 51 --------------------------
2026-04-14 20:40:59,085 - Evaluate global model
2026-04-14 20:41:01,324 - Averaged Train Loss: 1.9850
2026-04-14 20:41:01,324 - Test Accurancy: 0.3788
2026-04-14 20:41:10,824 - min_max_attack try_count: 19
2026-04-14 20:41:10,824 - min_max_attack lamda: 0.4475116729736328, max_d: 0.49432316422462463
2026-04-14 20:41:11,824 - Multi-krum select clients: [1, 2, 3, 4, 5, 6, 7, 0, 28, 24, 33, 11, 12, 26, 30, 35, 21, 36, 31, 32, 14, 9, 17, 19, 34, 38, 13, 23, 8, 22, 37]
2026-04-14 20:41:11,837 - Round number: 52 --------------------------
2026-04-14 20:41:11,837 - Evaluate global model
2026-04-14 20:41:14,901 - Averaged Train Loss: 1.9596
2026-04-14 20:41:14,901 - Test Accurancy: 0.3846
2026-04-14 20:41:23,138 - min_max_attack try_count: 19
2026-04-14 20:41:23,138 - min_max_attack lamda: 0.4815959930419922, max_d: 0.5253499746322632
2026-04-14 20:41:24,233 - Multi-krum select clients: [1, 2, 3, 4, 5, 6, 7, 0, 28, 33, 24, 11, 12, 26, 30, 35, 21, 36, 32, 31, 38, 19, 9, 17, 14, 13, 8, 22, 34, 23, 37]
2026-04-14 20:41:24,245 - Round number: 53 --------------------------
2026-04-14 20:41:24,246 - Evaluate global model
2026-04-14 20:41:28,768 - Averaged Train Loss: 1.9913
2026-04-14 20:41:28,768 - Test Accurancy: 0.3808
2026-04-14 20:41:35,887 - min_max_attack try_count: 19
2026-04-14 20:41:35,887 - min_max_attack lamda: 0.4772663116455078, max_d: 0.5511494278907776
2026-04-14 20:41:37,489 - Multi-krum select clients: [1, 2, 3, 4, 5, 6, 7, 0, 28, 24, 33, 11, 12, 26, 35, 30, 32, 31, 36, 21, 9, 17, 38, 14, 34, 19, 13, 8, 23, 22, 37]
2026-04-14 20:41:37,501 - Round number: 54 --------------------------
2026-04-14 20:41:37,501 - Evaluate global model
2026-04-14 20:41:42,404 - Averaged Train Loss: 2.0007
2026-04-14 20:41:42,405 - Test Accurancy: 0.3825
2026-04-14 20:41:49,538 - min_max_attack try_count: 19
2026-04-14 20:41:49,538 - min_max_attack lamda: 0.4609394073486328, max_d: 0.49282053112983704
2026-04-14 20:41:50,853 - Multi-krum select clients: [1, 2, 3, 4, 5, 6, 7, 0, 28, 24, 33, 11, 12, 30, 35, 36, 21, 31, 26, 32, 9, 17, 14, 38, 34, 19, 8, 13, 23, 22, 37]
2026-04-14 20:41:50,865 - Round number: 55 --------------------------
2026-04-14 20:41:50,865 - Evaluate global model
2026-04-14 20:41:54,661 - Averaged Train Loss: 1.9850
2026-04-14 20:41:54,662 - Test Accurancy: 0.3845
2026-04-14 20:42:03,379 - min_max_attack try_count: 19
2026-04-14 20:42:03,380 - min_max_attack lamda: 0.47141075134277344, max_d: 0.5092923641204834
2026-04-14 20:42:04,497 - Multi-krum select clients: [1, 0, 7, 6, 5, 4, 3, 2, 28, 24, 33, 11, 30, 12, 35, 31, 21, 32, 17, 26, 19, 36, 9, 14, 38, 22, 13, 34, 8, 23, 37]
2026-04-14 20:42:04,509 - Round number: 56 --------------------------
2026-04-14 20:42:04,509 - Evaluate global model
2026-04-14 20:42:07,033 - Averaged Train Loss: 1.9834
2026-04-14 20:42:07,033 - Test Accurancy: 0.3816
2026-04-14 20:42:16,836 - min_max_attack try_count: 19
2026-04-14 20:42:16,836 - min_max_attack lamda: 0.45477867126464844, max_d: 0.5099424123764038
2026-04-14 20:42:17,426 - Multi-krum select clients: [1, 2, 3, 4, 5, 6, 7, 0, 28, 24, 11, 12, 33, 30, 21, 35, 31, 26, 36, 32, 19, 9, 17, 34, 22, 13, 14, 38, 8, 23, 37]
2026-04-14 20:42:17,438 - Round number: 57 --------------------------
2026-04-14 20:42:17,438 - Evaluate global model
2026-04-14 20:42:20,399 - Averaged Train Loss: 1.9810
2026-04-14 20:42:20,399 - Test Accurancy: 0.3859
2026-04-14 20:42:29,190 - min_max_attack try_count: 19
2026-04-14 20:42:29,190 - min_max_attack lamda: 0.44808387756347656, max_d: 0.4915948510169983
2026-04-14 20:42:30,373 - Multi-krum select clients: [1, 2, 3, 4, 5, 6, 7, 0, 28, 24, 11, 33, 12, 30, 35, 36, 32, 21, 31, 17, 9, 26, 19, 34, 38, 14, 22, 8, 13, 23, 37]
2026-04-14 20:42:30,385 - Round number: 58 --------------------------
2026-04-14 20:42:30,385 - Evaluate global model
2026-04-14 20:42:34,323 - Averaged Train Loss: 1.9788
2026-04-14 20:42:34,323 - Test Accurancy: 0.3909
2026-04-14 20:42:42,027 - min_max_attack try_count: 19
2026-04-14 20:42:42,028 - min_max_attack lamda: 0.48094749450683594, max_d: 0.4930340349674225
2026-04-14 20:42:43,615 - Multi-krum select clients: [1, 2, 3, 4, 5, 6, 7, 0, 28, 24, 33, 11, 30, 12, 35, 32, 36, 26, 21, 31, 17, 19, 34, 9, 38, 14, 22, 13, 37, 8, 23]
2026-04-14 20:42:43,628 - Round number: 59 --------------------------
2026-04-14 20:42:43,628 - Evaluate global model
2026-04-14 20:42:48,287 - Averaged Train Loss: 2.0180
2026-04-14 20:42:48,287 - Test Accurancy: 0.3868
2026-04-14 20:42:55,669 - min_max_attack try_count: 19
2026-04-14 20:42:55,670 - min_max_attack lamda: 0.4571819305419922, max_d: 0.4793108403682709
2026-04-14 20:42:57,278 - Multi-krum select clients: [1, 0, 7, 6, 5, 4, 3, 2, 28, 24, 33, 11, 30, 12, 26, 32, 35, 21, 36, 31, 17, 9, 19, 14, 38, 34, 13, 22, 8, 23, 37]
2026-04-14 20:42:57,290 - Round number: 60 --------------------------
2026-04-14 20:42:57,290 - Evaluate global model
2026-04-14 20:43:01,113 - Averaged Train Loss: 2.0094
2026-04-14 20:43:01,113 - Test Accurancy: 0.3882
2026-04-14 20:43:09,300 - min_max_attack try_count: 19
2026-04-14 20:43:09,301 - min_max_attack lamda: 0.44554710388183594, max_d: 0.48065367341041565
2026-04-14 20:43:10,307 - Multi-krum select clients: [1, 2, 3, 4, 5, 6, 7, 0, 28, 33, 24, 11, 35, 30, 12, 21, 31, 26, 36, 32, 17, 9, 19, 34, 38, 13, 14, 22, 37, 23, 8]
2026-04-14 20:43:10,319 - Round number: 61 --------------------------
2026-04-14 20:43:10,320 - Evaluate global model
2026-04-14 20:43:13,404 - Averaged Train Loss: 1.9772
2026-04-14 20:43:13,405 - Test Accurancy: 0.3921
2026-04-14 20:43:22,460 - min_max_attack try_count: 19
2026-04-14 20:43:22,461 - min_max_attack lamda: 0.4269695281982422, max_d: 0.4470316469669342
2026-04-14 20:43:23,153 - Multi-krum select clients: [1, 0, 7, 6, 5, 4, 3, 2, 28, 24, 11, 33, 12, 30, 26, 31, 32, 35, 21, 17, 36, 9, 19, 14, 34, 22, 38, 23, 13, 8, 37]
2026-04-14 20:43:23,165 - Round number: 62 --------------------------
2026-04-14 20:43:23,165 - Evaluate global model
2026-04-14 20:43:26,271 - Averaged Train Loss: 1.9512
2026-04-14 20:43:26,271 - Test Accurancy: 0.3954
2026-04-14 20:43:35,181 - min_max_attack try_count: 19
2026-04-14 20:43:35,181 - min_max_attack lamda: 0.45563697814941406, max_d: 0.46324384212493896
2026-04-14 20:43:35,987 - Multi-krum select clients: [1, 0, 7, 6, 5, 4, 3, 2, 28, 33, 11, 24, 12, 21, 30, 32, 35, 31, 36, 17, 9, 19, 26, 14, 13, 8, 38, 22, 34, 23, 37]
2026-04-14 20:43:35,999 - Round number: 63 --------------------------
2026-04-14 20:43:35,999 - Evaluate global model
2026-04-14 20:43:39,813 - Averaged Train Loss: 1.9887
2026-04-14 20:43:39,813 - Test Accurancy: 0.3951
2026-04-14 20:43:48,085 - min_max_attack try_count: 19
2026-04-14 20:43:48,086 - min_max_attack lamda: 0.43929100036621094, max_d: 0.43302667140960693
2026-04-14 20:43:49,325 - Multi-krum select clients: [1, 0, 7, 6, 5, 4, 3, 2, 28, 24, 33, 30, 11, 12, 21, 35, 26, 31, 36, 32, 17, 9, 19, 38, 14, 34, 22, 13, 23, 37, 8]
2026-04-14 20:43:49,338 - Round number: 64 --------------------------
2026-04-14 20:43:49,338 - Evaluate global model
2026-04-14 20:43:53,322 - Averaged Train Loss: 1.9857
2026-04-14 20:43:53,323 - Test Accurancy: 0.3948
2026-04-14 20:44:01,147 - min_max_attack try_count: 19
2026-04-14 20:44:01,147 - min_max_attack lamda: 0.47133445739746094, max_d: 0.47993209958076477
2026-04-14 20:44:02,780 - Multi-krum select clients: [1, 0, 7, 6, 5, 4, 3, 2, 28, 24, 33, 11, 30, 21, 12, 31, 35, 26, 32, 36, 9, 14, 19, 38, 34, 17, 22, 13, 23, 8, 37]
2026-04-14 20:44:02,792 - Round number: 65 --------------------------
2026-04-14 20:44:02,792 - Evaluate global model
2026-04-14 20:44:06,526 - Averaged Train Loss: 2.0105
2026-04-14 20:44:06,526 - Test Accurancy: 0.3949
2026-04-14 20:44:14,787 - min_max_attack try_count: 19
2026-04-14 20:44:14,787 - min_max_attack lamda: 0.45874595642089844, max_d: 0.46908220648765564
2026-04-14 20:44:16,234 - Multi-krum select clients: [1, 2, 3, 4, 5, 6, 7, 0, 28, 24, 33, 11, 12, 30, 35, 32, 31, 21, 17, 26, 36, 19, 34, 9, 14, 38, 22, 8, 13, 37, 23]
2026-04-14 20:44:16,247 - Round number: 66 --------------------------
2026-04-14 20:44:16,247 - Evaluate global model
2026-04-14 20:44:19,581 - Averaged Train Loss: 2.0330
2026-04-14 20:44:19,581 - Test Accurancy: 0.3953
2026-04-14 20:44:27,990 - min_max_attack try_count: 19
2026-04-14 20:44:27,990 - min_max_attack lamda: 0.44463157653808594, max_d: 0.43956172466278076
2026-04-14 20:44:28,890 - Multi-krum select clients: [1, 2, 3, 4, 5, 6, 7, 0, 28, 24, 33, 11, 30, 12, 35, 21, 32, 31, 36, 26, 17, 9, 19, 14, 34, 38, 22, 37, 8, 13, 23]
2026-04-14 20:44:28,903 - Round number: 67 --------------------------
2026-04-14 20:44:28,903 - Evaluate global model
2026-04-14 20:44:32,618 - Averaged Train Loss: 2.0245
2026-04-14 20:44:32,618 - Test Accurancy: 0.3952
2026-04-14 20:44:40,868 - min_max_attack try_count: 19
2026-04-14 20:44:40,868 - min_max_attack lamda: 0.4313182830810547, max_d: 0.4260796308517456
2026-04-14 20:44:41,838 - Multi-krum select clients: [1, 0, 7, 6, 5, 4, 3, 2, 28, 33, 24, 11, 12, 30, 35, 26, 32, 31, 36, 17, 21, 19, 14, 9, 34, 38, 22, 13, 8, 37, 23]
2026-04-14 20:44:41,851 - Round number: 68 --------------------------
2026-04-14 20:44:41,851 - Evaluate global model
2026-04-14 20:44:45,992 - Averaged Train Loss: 2.0107
2026-04-14 20:44:45,993 - Test Accurancy: 0.3983
2026-04-14 20:44:54,268 - min_max_attack try_count: 19
2026-04-14 20:44:54,269 - min_max_attack lamda: 0.44623374938964844, max_d: 0.43804624676704407
2026-04-14 20:44:55,286 - Multi-krum select clients: [1, 2, 3, 4, 5, 6, 7, 0, 24, 28, 33, 11, 12, 35, 30, 21, 31, 26, 19, 17, 32, 14, 9, 36, 34, 37, 38, 13, 22, 8, 23]
2026-04-14 20:44:55,298 - Round number: 69 --------------------------
2026-04-14 20:44:55,298 - Evaluate global model
2026-04-14 20:44:59,554 - Averaged Train Loss: 2.0200
2026-04-14 20:44:59,554 - Test Accurancy: 0.4007
2026-04-14 20:45:07,991 - min_max_attack try_count: 19
2026-04-14 20:45:07,992 - min_max_attack lamda: 0.4277324676513672, max_d: 0.444116473197937
2026-04-14 20:45:09,267 - Multi-krum select clients: [1, 2, 3, 4, 5, 6, 7, 0, 28, 33, 24, 11, 30, 12, 35, 32, 21, 36, 31, 17, 19, 26, 9, 34, 38, 14, 22, 13, 8, 37, 23]
2026-04-14 20:45:09,279 - Round number: 70 --------------------------
2026-04-14 20:45:09,280 - Evaluate global model
2026-04-14 20:45:12,412 - Averaged Train Loss: 2.0054
2026-04-14 20:45:12,413 - Test Accurancy: 0.4028
2026-04-14 20:45:21,182 - min_max_attack try_count: 19
2026-04-14 20:45:21,182 - min_max_attack lamda: 0.4415416717529297, max_d: 0.4288909137248993
2026-04-14 20:45:22,538 - Multi-krum select clients: [1, 0, 7, 6, 5, 4, 3, 2, 28, 33, 11, 24, 12, 32, 30, 26, 21, 31, 36, 35, 17, 19, 9, 14, 34, 38, 13, 22, 8, 23, 37]
2026-04-14 20:45:22,550 - Round number: 71 --------------------------
2026-04-14 20:45:22,550 - Evaluate global model
2026-04-14 20:45:25,336 - Averaged Train Loss: 2.0075
2026-04-14 20:45:25,337 - Test Accurancy: 0.4027
2026-04-14 20:45:33,870 - min_max_attack try_count: 19
2026-04-14 20:45:33,870 - min_max_attack lamda: 0.4368877410888672, max_d: 0.4435275197029114
2026-04-14 20:45:35,031 - Multi-krum select clients: [1, 0, 7, 6, 5, 4, 3, 2, 28, 24, 33, 11, 30, 12, 21, 32, 31, 36, 35, 19, 14, 26, 9, 17, 13, 38, 34, 8, 22, 23, 37]
2026-04-14 20:45:35,043 - Round number: 72 --------------------------
2026-04-14 20:45:35,043 - Evaluate global model
2026-04-14 20:45:38,669 - Averaged Train Loss: 2.0085
2026-04-14 20:45:38,669 - Test Accurancy: 0.4045
2026-04-14 20:45:46,505 - min_max_attack try_count: 19
2026-04-14 20:45:46,506 - min_max_attack lamda: 0.4479503631591797, max_d: 0.48182621598243713
2026-04-14 20:45:47,636 - Multi-krum select clients: [1, 2, 3, 4, 5, 6, 7, 0, 28, 24, 33, 11, 30, 12, 35, 36, 32, 31, 21, 26, 19, 17, 9, 34, 14, 38, 13, 37, 22, 23, 8]
2026-04-14 20:45:47,648 - Round number: 73 --------------------------
2026-04-14 20:45:47,649 - Evaluate global model
2026-04-14 20:45:52,124 - Averaged Train Loss: 2.0332
2026-04-14 20:45:52,124 - Test Accurancy: 0.4033
2026-04-14 20:45:59,928 - min_max_attack try_count: 19
2026-04-14 20:45:59,928 - min_max_attack lamda: 0.4536151885986328, max_d: 0.4773682951927185
2026-04-14 20:46:01,139 - Multi-krum select clients: [1, 0, 7, 6, 5, 4, 3, 2, 28, 33, 24, 11, 30, 35, 12, 31, 19, 21, 32, 36, 17, 26, 9, 34, 14, 38, 22, 8, 37, 13, 23]
2026-04-14 20:46:01,153 - Round number: 74 --------------------------
2026-04-14 20:46:01,153 - Evaluate global model
2026-04-14 20:46:05,533 - Averaged Train Loss: 2.0749
2026-04-14 20:46:05,533 - Test Accurancy: 0.3992
2026-04-14 20:46:13,430 - min_max_attack try_count: 19
2026-04-14 20:46:13,431 - min_max_attack lamda: 0.43318748474121094, max_d: 0.42676278948783875
2026-04-14 20:46:14,657 - Multi-krum select clients: [1, 2, 3, 4, 5, 6, 7, 0, 28, 33, 11, 24, 30, 12, 21, 32, 31, 36, 35, 19, 14, 17, 34, 38, 26, 9, 8, 37, 22, 23, 13]
2026-04-14 20:46:14,670 - Round number: 75 --------------------------
2026-04-14 20:46:14,670 - Evaluate global model
2026-04-14 20:46:18,066 - Averaged Train Loss: 2.0321
2026-04-14 20:46:18,067 - Test Accurancy: 0.4072
2026-04-14 20:46:27,418 - min_max_attack try_count: 19
2026-04-14 20:46:27,418 - min_max_attack lamda: 0.4131031036376953, max_d: 0.3954147398471832
2026-04-14 20:46:28,452 - Multi-krum select clients: [1, 0, 7, 6, 5, 4, 3, 2, 28, 24, 11, 33, 30, 12, 32, 21, 36, 31, 35, 9, 17, 26, 19, 34, 14, 38, 22, 8, 23, 37, 13]
2026-04-14 20:46:28,465 - Round number: 76 --------------------------
2026-04-14 20:46:28,466 - Evaluate global model
2026-04-14 20:46:30,763 - Averaged Train Loss: 2.0182
2026-04-14 20:46:30,763 - Test Accurancy: 0.4105
2026-04-14 20:46:39,807 - min_max_attack try_count: 19
2026-04-14 20:46:39,808 - min_max_attack lamda: 0.43511390686035156, max_d: 0.425083726644516
2026-04-14 20:46:40,948 - Multi-krum select clients: [1, 0, 7, 6, 5, 4, 3, 2, 28, 24, 33, 11, 30, 12, 21, 32, 31, 36, 17, 35, 19, 9, 26, 14, 38, 34, 22, 13, 37, 8, 23]
2026-04-14 20:46:40,961 - Round number: 77 --------------------------
2026-04-14 20:46:40,961 - Evaluate global model
2026-04-14 20:46:44,152 - Averaged Train Loss: 2.0415
2026-04-14 20:46:44,153 - Test Accurancy: 0.4104
2026-04-14 20:46:52,259 - min_max_attack try_count: 19
2026-04-14 20:46:52,260 - min_max_attack lamda: 0.42435646057128906, max_d: 0.420053631067276
2026-04-14 20:46:53,368 - Multi-krum select clients: [1, 2, 3, 4, 5, 6, 7, 0, 28, 33, 11, 24, 30, 12, 36, 31, 21, 32, 26, 35, 9, 19, 17, 14, 38, 34, 22, 13, 37, 23, 8]
2026-04-14 20:46:53,381 - Round number: 78 --------------------------
2026-04-14 20:46:53,381 - Evaluate global model
2026-04-14 20:46:57,752 - Averaged Train Loss: 2.0519
2026-04-14 20:46:57,752 - Test Accurancy: 0.4075
2026-04-14 20:47:05,322 - min_max_attack try_count: 19
2026-04-14 20:47:05,322 - min_max_attack lamda: 0.41144371032714844, max_d: 0.3893145024776459
2026-04-14 20:47:06,632 - Multi-krum select clients: [1, 2, 3, 4, 5, 6, 7, 0, 28, 24, 33, 11, 12, 30, 35, 32, 21, 36, 31, 17, 19, 9, 26, 38, 34, 14, 13, 37, 22, 8, 23]
2026-04-14 20:47:06,648 - Round number: 79 --------------------------
2026-04-14 20:47:06,648 - Evaluate global model
2026-04-14 20:47:11,416 - Averaged Train Loss: 2.0119
2026-04-14 20:47:11,416 - Test Accurancy: 0.4103
2026-04-14 20:47:18,982 - min_max_attack try_count: 19
2026-04-14 20:47:18,982 - min_max_attack lamda: 0.41838645935058594, max_d: 0.37546306848526
2026-04-14 20:47:20,348 - Multi-krum select clients: [1, 2, 3, 4, 5, 6, 7, 0, 28, 24, 33, 12, 11, 30, 32, 36, 31, 21, 35, 17, 26, 19, 9, 14, 38, 34, 22, 13, 37, 8, 23]
2026-04-14 20:47:20,361 - Round number: 80 --------------------------
2026-04-14 20:47:20,361 - Evaluate global model
2026-04-14 20:47:24,036 - Averaged Train Loss: 2.0374
2026-04-14 20:47:24,036 - Test Accurancy: 0.4110
2026-04-14 20:47:32,826 - min_max_attack try_count: 19
2026-04-14 20:47:32,826 - min_max_attack lamda: 0.4269123077392578, max_d: 0.3973880708217621
2026-04-14 20:47:33,753 - Multi-krum select clients: [1, 2, 3, 4, 5, 6, 7, 0, 28, 33, 24, 30, 11, 32, 31, 12, 21, 19, 17, 36, 35, 26, 9, 34, 14, 38, 13, 22, 23, 37, 8]
2026-04-14 20:47:33,765 - Round number: 81 --------------------------
2026-04-14 20:47:33,765 - Evaluate global model
2026-04-14 20:47:36,520 - Averaged Train Loss: 2.0485
2026-04-14 20:47:36,520 - Test Accurancy: 0.4116
2026-04-14 20:47:46,077 - min_max_attack try_count: 19
2026-04-14 20:47:46,077 - min_max_attack lamda: 0.3970050811767578, max_d: 0.3883865475654602
2026-04-14 20:47:46,713 - Multi-krum select clients: [1, 0, 7, 6, 5, 4, 3, 2, 28, 24, 33, 30, 11, 12, 32, 21, 35, 31, 26, 17, 36, 19, 9, 34, 14, 38, 22, 37, 8, 13, 23]
2026-04-14 20:47:46,725 - Round number: 82 --------------------------
2026-04-14 20:47:46,725 - Evaluate global model
2026-04-14 20:47:49,846 - Averaged Train Loss: 2.0065
2026-04-14 20:47:49,846 - Test Accurancy: 0.4159
2026-04-14 20:47:58,710 - min_max_attack try_count: 19
2026-04-14 20:47:58,710 - min_max_attack lamda: 0.3985118865966797, max_d: 0.36040592193603516
2026-04-14 20:47:59,913 - Multi-krum select clients: [1, 2, 3, 4, 5, 6, 7, 0, 28, 24, 33, 11, 12, 30, 32, 35, 31, 21, 36, 17, 9, 14, 19, 34, 26, 38, 37, 22, 13, 23, 8]
2026-04-14 20:47:59,926 - Round number: 83 --------------------------
2026-04-14 20:47:59,926 - Evaluate global model
2026-04-14 20:48:03,211 - Averaged Train Loss: 2.0003
2026-04-14 20:48:03,211 - Test Accurancy: 0.4184
2026-04-14 20:48:09,711 - min_max_attack try_count: 19
2026-04-14 20:48:09,711 - min_max_attack lamda: 0.4140949249267578, max_d: 0.40650472044944763
2026-04-14 20:48:09,839 - Multi-krum select clients: [1, 2, 3, 4, 5, 6, 7, 0, 28, 33, 11, 30, 12, 36, 31, 32, 35, 21, 24, 19, 26, 17, 14, 9, 34, 38, 37, 13, 22, 8, 23]
2026-04-14 20:48:09,857 - Round number: 84 --------------------------
2026-04-14 20:48:09,857 - Evaluate global model
2026-04-14 20:48:11,605 - Averaged Train Loss: 2.0243
2026-04-14 20:48:11,605 - Test Accurancy: 0.4178
2026-04-14 20:48:16,036 - min_max_attack try_count: 19
2026-04-14 20:48:16,037 - min_max_attack lamda: 0.3870105743408203, max_d: 0.3579197824001312
2026-04-14 20:48:16,188 - Multi-krum select clients: [1, 0, 7, 6, 5, 4, 3, 2, 28, 24, 33, 11, 12, 30, 32, 31, 35, 21, 9, 17, 36, 19, 34, 14, 38, 26, 37, 22, 13, 8, 23]
2026-04-14 20:48:16,203 - Round number: 85 --------------------------
2026-04-14 20:48:16,203 - Evaluate global model
2026-04-14 20:48:17,912 - Averaged Train Loss: 2.0200
2026-04-14 20:48:17,912 - Test Accurancy: 0.4168
2026-04-14 20:48:22,161 - min_max_attack try_count: 19
2026-04-14 20:48:22,161 - min_max_attack lamda: 0.4046916961669922, max_d: 0.35733699798583984
2026-04-14 20:48:22,325 - Multi-krum select clients: [1, 2, 3, 4, 5, 6, 7, 0, 28, 24, 33, 11, 30, 32, 12, 36, 31, 35, 21, 17, 9, 19, 14, 38, 26, 34, 37, 22, 8, 13, 23]
2026-04-14 20:48:22,337 - Round number: 86 --------------------------
2026-04-14 20:48:22,337 - Evaluate global model
2026-04-14 20:48:24,026 - Averaged Train Loss: 2.0400
2026-04-14 20:48:24,027 - Test Accurancy: 0.4172
2026-04-14 20:48:28,389 - min_max_attack try_count: 19
2026-04-14 20:48:28,389 - min_max_attack lamda: 0.3729534149169922, max_d: 0.3473445773124695
2026-04-14 20:48:28,481 - Multi-krum select clients: [1, 0, 7, 6, 5, 4, 3, 2, 28, 24, 33, 12, 30, 11, 31, 32, 26, 21, 35, 14, 36, 9, 17, 19, 34, 38, 37, 13, 22, 8, 23]
2026-04-14 20:48:28,493 - Round number: 87 --------------------------
2026-04-14 20:48:28,493 - Evaluate global model
2026-04-14 20:48:30,058 - Averaged Train Loss: 2.0053
2026-04-14 20:48:30,058 - Test Accurancy: 0.4205
2026-04-14 20:48:34,482 - min_max_attack try_count: 19
2026-04-14 20:48:34,483 - min_max_attack lamda: 0.3815746307373047, max_d: 0.3329780101776123
2026-04-14 20:48:34,576 - Multi-krum select clients: [1, 2, 3, 4, 5, 6, 7, 0, 28, 33, 24, 11, 12, 30, 31, 35, 21, 36, 32, 17, 19, 14, 9, 26, 38, 34, 22, 37, 13, 8, 23]
2026-04-14 20:48:34,588 - Round number: 88 --------------------------
2026-04-14 20:48:34,588 - Evaluate global model
2026-04-14 20:48:35,999 - Averaged Train Loss: 2.0144
2026-04-14 20:48:35,999 - Test Accurancy: 0.4208
2026-04-14 20:48:40,701 - min_max_attack try_count: 19
2026-04-14 20:48:40,702 - min_max_attack lamda: 0.3850078582763672, max_d: 0.36432233452796936
2026-04-14 20:48:40,827 - Multi-krum select clients: [1, 0, 7, 6, 5, 4, 3, 2, 28, 33, 24, 11, 12, 30, 32, 21, 31, 35, 36, 17, 19, 9, 26, 14, 38, 34, 37, 22, 8, 13, 23]
2026-04-14 20:48:40,839 - Round number: 89 --------------------------
2026-04-14 20:48:40,839 - Evaluate global model
2026-04-14 20:48:42,160 - Averaged Train Loss: 2.0108
2026-04-14 20:48:42,160 - Test Accurancy: 0.4238
2026-04-14 20:48:46,866 - min_max_attack try_count: 19
2026-04-14 20:48:46,867 - min_max_attack lamda: 0.3912067413330078, max_d: 0.3611197769641876
2026-04-14 20:48:46,989 - Multi-krum select clients: [1, 2, 3, 4, 5, 6, 7, 0, 28, 24, 11, 33, 12, 30, 21, 36, 32, 31, 35, 9, 19, 17, 26, 38, 14, 34, 22, 37, 13, 8, 23]
2026-04-14 20:48:47,004 - Round number: 90 --------------------------
2026-04-14 20:48:47,004 - Evaluate global model
2026-04-14 20:48:48,363 - Averaged Train Loss: 2.0299
2026-04-14 20:48:48,363 - Test Accurancy: 0.4238
2026-04-14 20:48:53,094 - min_max_attack try_count: 19
2026-04-14 20:48:53,094 - min_max_attack lamda: 0.3833293914794922, max_d: 0.34413936734199524
2026-04-14 20:48:53,243 - Multi-krum select clients: [1, 2, 3, 4, 5, 6, 7, 0, 28, 24, 33, 11, 30, 12, 21, 32, 36, 31, 35, 17, 9, 19, 26, 14, 34, 38, 37, 13, 23, 22, 8]
2026-04-14 20:48:53,256 - Round number: 91 --------------------------
2026-04-14 20:48:53,256 - Evaluate global model
2026-04-14 20:48:54,691 - Averaged Train Loss: 2.0336
2026-04-14 20:48:54,692 - Test Accurancy: 0.4224
2026-04-14 20:48:59,281 - min_max_attack try_count: 19
2026-04-14 20:48:59,281 - min_max_attack lamda: 0.3879261016845703, max_d: 0.3713237941265106
2026-04-14 20:48:59,431 - Multi-krum select clients: [1, 0, 7, 6, 5, 4, 3, 2, 28, 24, 33, 11, 30, 12, 32, 31, 36, 21, 35, 17, 19, 34, 14, 26, 9, 38, 22, 37, 13, 8, 23]
2026-04-14 20:48:59,444 - Round number: 92 --------------------------
2026-04-14 20:48:59,444 - Evaluate global model
2026-04-14 20:49:00,875 - Averaged Train Loss: 2.0379
2026-04-14 20:49:00,875 - Test Accurancy: 0.4233
2026-04-14 20:49:05,307 - min_max_attack try_count: 19
2026-04-14 20:49:05,308 - min_max_attack lamda: 0.3808879852294922, max_d: 0.34117943048477173
2026-04-14 20:49:05,466 - Multi-krum select clients: [1, 2, 3, 4, 5, 6, 7, 0, 28, 33, 30, 12, 11, 24, 32, 21, 31, 36, 9, 35, 26, 17, 19, 14, 38, 34, 22, 13, 8, 23, 37]
2026-04-14 20:49:05,478 - Round number: 93 --------------------------
2026-04-14 20:49:05,478 - Evaluate global model
2026-04-14 20:49:07,037 - Averaged Train Loss: 2.0344
2026-04-14 20:49:07,037 - Test Accurancy: 0.4283
2026-04-14 20:49:11,503 - min_max_attack try_count: 19
2026-04-14 20:49:11,504 - min_max_attack lamda: 0.3909778594970703, max_d: 0.3320462107658386
2026-04-14 20:49:11,648 - Multi-krum select clients: [1, 0, 7, 6, 5, 4, 3, 2, 28, 33, 24, 12, 11, 30, 32, 36, 21, 31, 9, 19, 17, 35, 14, 26, 38, 34, 37, 13, 22, 23, 8]
2026-04-14 20:49:11,660 - Round number: 94 --------------------------
2026-04-14 20:49:11,660 - Evaluate global model
2026-04-14 20:49:13,280 - Averaged Train Loss: 2.0702
2026-04-14 20:49:13,280 - Test Accurancy: 0.4247
2026-04-14 20:49:17,597 - min_max_attack try_count: 19
2026-04-14 20:49:17,597 - min_max_attack lamda: 0.37194252014160156, max_d: 0.32693415880203247
2026-04-14 20:49:17,754 - Multi-krum select clients: [1, 2, 3, 4, 5, 6, 7, 0, 28, 33, 11, 24, 12, 30, 31, 32, 21, 35, 14, 36, 19, 17, 26, 9, 34, 38, 22, 13, 37, 8, 23]
2026-04-14 20:49:17,766 - Round number: 95 --------------------------
2026-04-14 20:49:17,766 - Evaluate global model
2026-04-14 20:49:19,440 - Averaged Train Loss: 2.0433
2026-04-14 20:49:19,441 - Test Accurancy: 0.4272
2026-04-14 20:49:23,710 - min_max_attack try_count: 19
2026-04-14 20:49:23,710 - min_max_attack lamda: 0.39374351501464844, max_d: 0.3373676836490631
2026-04-14 20:49:23,860 - Multi-krum select clients: [1, 0, 7, 6, 5, 4, 3, 2, 28, 24, 33, 11, 30, 12, 32, 31, 26, 36, 35, 21, 9, 19, 17, 14, 38, 34, 37, 13, 22, 8, 23]
2026-04-14 20:49:23,872 - Round number: 96 --------------------------
2026-04-14 20:49:23,872 - Evaluate global model
2026-04-14 20:49:25,502 - Averaged Train Loss: 2.0685
2026-04-14 20:49:25,502 - Test Accurancy: 0.4242
2026-04-14 20:49:29,815 - min_max_attack try_count: 19
2026-04-14 20:49:29,815 - min_max_attack lamda: 0.35010337829589844, max_d: 0.3068150579929352
2026-04-14 20:49:29,957 - Multi-krum select clients: [1, 0, 7, 6, 5, 4, 3, 2, 28, 24, 33, 11, 30, 12, 32, 31, 21, 35, 36, 19, 17, 9, 14, 26, 34, 38, 22, 37, 13, 8, 23]
2026-04-14 20:49:29,970 - Round number: 97 --------------------------
2026-04-14 20:49:29,970 - Evaluate global model
2026-04-14 20:49:31,637 - Averaged Train Loss: 2.0147
2026-04-14 20:49:31,637 - Test Accurancy: 0.4305
2026-04-14 20:49:36,029 - min_max_attack try_count: 19
2026-04-14 20:49:36,030 - min_max_attack lamda: 0.37741661071777344, max_d: 0.3152337372303009
2026-04-14 20:49:36,124 - Multi-krum select clients: [1, 0, 7, 6, 5, 4, 3, 2, 28, 24, 33, 30, 11, 21, 12, 31, 32, 35, 9, 36, 17, 19, 14, 26, 34, 22, 37, 38, 13, 23, 8]
2026-04-14 20:49:36,137 - Round number: 98 --------------------------
2026-04-14 20:49:36,137 - Evaluate global model
2026-04-14 20:49:37,888 - Averaged Train Loss: 2.0468
2026-04-14 20:49:37,888 - Test Accurancy: 0.4280
2026-04-14 20:49:42,352 - min_max_attack try_count: 19
2026-04-14 20:49:42,352 - min_max_attack lamda: 0.35851478576660156, max_d: 0.3050448000431061
2026-04-14 20:49:42,445 - Multi-krum select clients: [1, 0, 7, 6, 5, 4, 3, 2, 28, 24, 33, 11, 30, 12, 31, 21, 36, 32, 19, 17, 35, 26, 9, 14, 34, 37, 22, 38, 13, 23, 25]
2026-04-14 20:49:42,457 - Round number: 99 --------------------------
2026-04-14 20:49:42,457 - Evaluate global model
2026-04-14 20:49:44,037 - Averaged Train Loss: 2.0588
2026-04-14 20:49:44,037 - Test Accurancy: 0.4252
2026-04-14 20:49:48,431 - min_max_attack try_count: 19
2026-04-14 20:49:48,431 - min_max_attack lamda: 0.3678417205810547, max_d: 0.30727851390838623
2026-04-14 20:49:48,521 - Multi-krum select clients: [1, 2, 3, 4, 5, 6, 7, 0, 28, 24, 33, 11, 12, 30, 32, 31, 36, 35, 19, 9, 21, 17, 34, 14, 26, 38, 22, 37, 13, 23, 8]
2026-04-14 20:49:48,534 - Round number: 100 --------------------------
2026-04-14 20:49:48,534 - Evaluate global model
2026-04-14 20:49:49,948 - Averaged Train Loss: 2.0624
2026-04-14 20:49:49,948 - Test Accurancy: 0.4261
2026-04-14 20:49:54,445 - min_max_attack try_count: 19
2026-04-14 20:49:54,446 - min_max_attack lamda: 0.34707069396972656, max_d: 0.2841832935810089
2026-04-14 20:49:54,567 - Multi-krum select clients: [1, 2, 3, 4, 5, 6, 7, 0, 28, 24, 33, 30, 11, 12, 31, 36, 32, 17, 9, 19, 35, 21, 14, 26, 38, 34, 22, 37, 13, 23, 8]
2026-04-14 20:49:54,568 - Run over
2026-04-14 20:49:54,568 - Saving results to ./exp/exp41/Cifar10/CAMP_multi-krum_8.h5
2026-04-14 20:49:54,575 - Best accuracy: 0.4305028305028305
2026-04-14 20:49:54,575 - Average time cost per round: 11.989247543811798
