2025-12-18 05:08:15,579 - *****************EXP-4*****************
2025-12-18 05:08:15,579 - Exp repeats: 1
2025-12-18 05:08:15,579 - Communication Rounds: 100
2025-12-18 05:08:15,579 - Clients: 40

2025-12-18 05:08:15,579 - Attack method: min-max
2025-12-18 05:08:15,579 - Filtering rule: avg
2025-12-18 05:08:15,579 - Dataset: Cifar10
2025-12-18 05:08:15,579 - Model: cnn2
2025-12-18 05:08:15,580 - Learning Rate: 0.04
2025-12-18 05:08:15,580 - Batch Size: 64
2025-12-18 05:08:15,580 - Device: cuda
2025-12-18 05:08:15,580 - Device id: 0
2025-12-18 05:08:15,580 - Adversaries: 8
2025-12-18 05:08:15,580 - Model Poisoning: Min-max attack
2025-12-18 05:08:15,580 - *****************EXP-4*****************
2025-12-18 05:08:15,762 - Running time: 0th ==========================
2025-12-18 05:08:19,165 - Round number: 0 --------------------------
2025-12-18 05:08:19,165 - Evaluate global model
2025-12-18 05:08:21,613 - Averaged Train Loss: 2.3046
2025-12-18 05:08:21,614 - Test Accurancy: 0.0977
2025-12-18 05:08:30,811 - min_max_attack try_count: 19
2025-12-18 05:08:30,811 - min_max_attack lamda: 0.7220745086669922, max_d: 1.3172338008880615
2025-12-18 05:08:30,820 - Round number: 1 --------------------------
2025-12-18 05:08:30,820 - Evaluate global model
2025-12-18 05:08:32,687 - Averaged Train Loss: 2.2873
2025-12-18 05:08:32,687 - Test Accurancy: 0.0994
2025-12-18 05:08:40,934 - min_max_attack try_count: 19
2025-12-18 05:08:40,934 - min_max_attack lamda: 0.7816600799560547, max_d: 1.2714383602142334
2025-12-18 05:08:40,942 - Round number: 2 --------------------------
2025-12-18 05:08:40,942 - Evaluate global model
2025-12-18 05:08:43,803 - Averaged Train Loss: 2.2412
2025-12-18 05:08:43,803 - Test Accurancy: 0.1714
2025-12-18 05:08:51,167 - min_max_attack try_count: 19
2025-12-18 05:08:51,167 - min_max_attack lamda: 0.7698726654052734, max_d: 1.1768954992294312
2025-12-18 05:08:51,176 - Round number: 3 --------------------------
2025-12-18 05:08:51,176 - Evaluate global model
2025-12-18 05:08:54,707 - Averaged Train Loss: 2.1854
2025-12-18 05:08:54,707 - Test Accurancy: 0.1910
2025-12-18 05:09:01,798 - min_max_attack try_count: 19
2025-12-18 05:09:01,798 - min_max_attack lamda: 0.7732677459716797, max_d: 1.1445144414901733
2025-12-18 05:09:01,806 - Round number: 4 --------------------------
2025-12-18 05:09:01,806 - Evaluate global model
2025-12-18 05:09:04,934 - Averaged Train Loss: 2.1466
2025-12-18 05:09:04,934 - Test Accurancy: 0.1961
2025-12-18 05:09:12,818 - min_max_attack try_count: 19
2025-12-18 05:09:12,818 - min_max_attack lamda: 0.7013225555419922, max_d: 1.0168118476867676
2025-12-18 05:09:12,826 - Round number: 5 --------------------------
2025-12-18 05:09:12,826 - Evaluate global model
2025-12-18 05:09:15,675 - Averaged Train Loss: 2.1159
2025-12-18 05:09:15,675 - Test Accurancy: 0.2043
2025-12-18 05:09:23,327 - min_max_attack try_count: 19
2025-12-18 05:09:23,327 - min_max_attack lamda: 0.7345294952392578, max_d: 1.0369138717651367
2025-12-18 05:09:23,335 - Round number: 6 --------------------------
2025-12-18 05:09:23,335 - Evaluate global model
2025-12-18 05:09:26,417 - Averaged Train Loss: 2.1007
2025-12-18 05:09:26,417 - Test Accurancy: 0.2118
2025-12-18 05:09:33,921 - min_max_attack try_count: 19
2025-12-18 05:09:33,921 - min_max_attack lamda: 0.7230854034423828, max_d: 1.0184078216552734
2025-12-18 05:09:33,929 - Round number: 7 --------------------------
2025-12-18 05:09:33,930 - Evaluate global model
2025-12-18 05:09:37,128 - Averaged Train Loss: 2.0895
2025-12-18 05:09:37,128 - Test Accurancy: 0.2182
2025-12-18 05:09:44,824 - min_max_attack try_count: 19
2025-12-18 05:09:44,824 - min_max_attack lamda: 0.7004833221435547, max_d: 0.9745808243751526
2025-12-18 05:09:44,832 - Round number: 8 --------------------------
2025-12-18 05:09:44,833 - Evaluate global model
2025-12-18 05:09:47,202 - Averaged Train Loss: 2.0773
2025-12-18 05:09:47,202 - Test Accurancy: 0.2218
2025-12-18 05:09:55,918 - min_max_attack try_count: 19
2025-12-18 05:09:55,918 - min_max_attack lamda: 0.6865787506103516, max_d: 0.9577353596687317
2025-12-18 05:09:55,927 - Round number: 9 --------------------------
2025-12-18 05:09:55,927 - Evaluate global model
2025-12-18 05:09:57,978 - Averaged Train Loss: 2.0589
2025-12-18 05:09:57,979 - Test Accurancy: 0.2306
2025-12-18 05:10:06,323 - min_max_attack try_count: 19
2025-12-18 05:10:06,323 - min_max_attack lamda: 0.6620311737060547, max_d: 0.9116606116294861
2025-12-18 05:10:06,331 - Round number: 10 --------------------------
2025-12-18 05:10:06,332 - Evaluate global model
2025-12-18 05:10:09,036 - Averaged Train Loss: 2.0382
2025-12-18 05:10:09,036 - Test Accurancy: 0.2373
2025-12-18 05:10:16,595 - min_max_attack try_count: 19
2025-12-18 05:10:16,595 - min_max_attack lamda: 0.6889438629150391, max_d: 0.9505970478057861
2025-12-18 05:10:16,604 - Round number: 11 --------------------------
2025-12-18 05:10:16,604 - Evaluate global model
2025-12-18 05:10:20,142 - Averaged Train Loss: 2.0368
2025-12-18 05:10:20,143 - Test Accurancy: 0.2375
2025-12-18 05:10:26,992 - min_max_attack try_count: 19
2025-12-18 05:10:26,992 - min_max_attack lamda: 0.6506252288818359, max_d: 0.8454793691635132
2025-12-18 05:10:27,001 - Round number: 12 --------------------------
2025-12-18 05:10:27,001 - Evaluate global model
2025-12-18 05:10:30,375 - Averaged Train Loss: 2.0287
2025-12-18 05:10:30,375 - Test Accurancy: 0.2437
2025-12-18 05:10:37,850 - min_max_attack try_count: 19
2025-12-18 05:10:37,850 - min_max_attack lamda: 0.6282711029052734, max_d: 0.8263172507286072
2025-12-18 05:10:37,859 - Round number: 13 --------------------------
2025-12-18 05:10:37,859 - Evaluate global model
2025-12-18 05:10:40,760 - Averaged Train Loss: 2.0167
2025-12-18 05:10:40,760 - Test Accurancy: 0.2507
2025-12-18 05:10:48,846 - min_max_attack try_count: 19
2025-12-18 05:10:48,847 - min_max_attack lamda: 0.6189250946044922, max_d: 0.8175230026245117
2025-12-18 05:10:48,855 - Round number: 14 --------------------------
2025-12-18 05:10:48,855 - Evaluate global model
2025-12-18 05:10:51,775 - Averaged Train Loss: 1.9956
2025-12-18 05:10:51,776 - Test Accurancy: 0.2580
2025-12-18 05:10:59,159 - min_max_attack try_count: 19
2025-12-18 05:10:59,159 - min_max_attack lamda: 0.6045246124267578, max_d: 0.764643132686615
2025-12-18 05:10:59,167 - Round number: 15 --------------------------
2025-12-18 05:10:59,167 - Evaluate global model
2025-12-18 05:11:02,478 - Averaged Train Loss: 1.9891
2025-12-18 05:11:02,478 - Test Accurancy: 0.2616
2025-12-18 05:11:09,963 - min_max_attack try_count: 19
2025-12-18 05:11:09,963 - min_max_attack lamda: 0.6190586090087891, max_d: 0.8007646799087524
2025-12-18 05:11:09,972 - Round number: 16 --------------------------
2025-12-18 05:11:09,972 - Evaluate global model
2025-12-18 05:11:12,518 - Averaged Train Loss: 1.9736
2025-12-18 05:11:12,518 - Test Accurancy: 0.2679
2025-12-18 05:11:21,335 - min_max_attack try_count: 19
2025-12-18 05:11:21,335 - min_max_attack lamda: 0.5995273590087891, max_d: 0.7625068426132202
2025-12-18 05:11:21,344 - Round number: 17 --------------------------
2025-12-18 05:11:21,344 - Evaluate global model
2025-12-18 05:11:23,416 - Averaged Train Loss: 1.9606
2025-12-18 05:11:23,416 - Test Accurancy: 0.2716
2025-12-18 05:11:31,906 - min_max_attack try_count: 19
2025-12-18 05:11:31,906 - min_max_attack lamda: 0.5761623382568359, max_d: 0.7219495177268982
2025-12-18 05:11:31,914 - Round number: 18 --------------------------
2025-12-18 05:11:31,914 - Evaluate global model
2025-12-18 05:11:34,446 - Averaged Train Loss: 1.9513
2025-12-18 05:11:34,446 - Test Accurancy: 0.2743
2025-12-18 05:11:42,073 - min_max_attack try_count: 19
2025-12-18 05:11:42,073 - min_max_attack lamda: 0.5614948272705078, max_d: 0.72514408826828
2025-12-18 05:11:42,082 - Round number: 19 --------------------------
2025-12-18 05:11:42,082 - Evaluate global model
2025-12-18 05:11:45,575 - Averaged Train Loss: 1.9443
2025-12-18 05:11:45,575 - Test Accurancy: 0.2809
2025-12-18 05:11:52,487 - min_max_attack try_count: 19
2025-12-18 05:11:52,487 - min_max_attack lamda: 0.5729770660400391, max_d: 0.6990849375724792
2025-12-18 05:11:52,495 - Round number: 20 --------------------------
2025-12-18 05:11:52,495 - Evaluate global model
2025-12-18 05:11:56,082 - Averaged Train Loss: 1.9369
2025-12-18 05:11:56,082 - Test Accurancy: 0.2831
2025-12-18 05:12:03,315 - min_max_attack try_count: 19
2025-12-18 05:12:03,315 - min_max_attack lamda: 0.5757808685302734, max_d: 0.7037067413330078
2025-12-18 05:12:03,323 - Round number: 21 --------------------------
2025-12-18 05:12:03,323 - Evaluate global model
2025-12-18 05:12:06,314 - Averaged Train Loss: 1.9380
2025-12-18 05:12:06,314 - Test Accurancy: 0.2838
2025-12-18 05:12:14,285 - min_max_attack try_count: 19
2025-12-18 05:12:14,285 - min_max_attack lamda: 0.5603694915771484, max_d: 0.6882464289665222
2025-12-18 05:12:14,295 - Round number: 22 --------------------------
2025-12-18 05:12:14,295 - Evaluate global model
2025-12-18 05:12:16,964 - Averaged Train Loss: 1.9196
2025-12-18 05:12:16,964 - Test Accurancy: 0.2894
2025-12-18 05:12:24,918 - min_max_attack try_count: 19
2025-12-18 05:12:24,919 - min_max_attack lamda: 0.5427455902099609, max_d: 0.6751646995544434
2025-12-18 05:12:24,929 - Round number: 23 --------------------------
2025-12-18 05:12:24,929 - Evaluate global model
2025-12-18 05:12:28,091 - Averaged Train Loss: 1.9149
2025-12-18 05:12:28,091 - Test Accurancy: 0.2959
2025-12-18 05:12:35,482 - min_max_attack try_count: 19
2025-12-18 05:12:35,483 - min_max_attack lamda: 0.5388927459716797, max_d: 0.6431512236595154
2025-12-18 05:12:35,491 - Round number: 24 --------------------------
2025-12-18 05:12:35,491 - Evaluate global model
2025-12-18 05:12:38,430 - Averaged Train Loss: 1.8951
2025-12-18 05:12:38,430 - Test Accurancy: 0.3038
2025-12-18 05:12:46,767 - min_max_attack try_count: 19
2025-12-18 05:12:46,768 - min_max_attack lamda: 0.5268573760986328, max_d: 0.6312153935432434
2025-12-18 05:12:46,776 - Round number: 25 --------------------------
2025-12-18 05:12:46,776 - Evaluate global model
2025-12-18 05:12:49,064 - Averaged Train Loss: 1.8906
2025-12-18 05:12:49,064 - Test Accurancy: 0.3072
2025-12-18 05:12:57,740 - min_max_attack try_count: 19
2025-12-18 05:12:57,740 - min_max_attack lamda: 0.5497646331787109, max_d: 0.6428360342979431
2025-12-18 05:12:57,749 - Round number: 26 --------------------------
2025-12-18 05:12:57,749 - Evaluate global model
2025-12-18 05:13:00,055 - Averaged Train Loss: 1.8908
2025-12-18 05:13:00,055 - Test Accurancy: 0.3058
2025-12-18 05:13:08,100 - min_max_attack try_count: 19
2025-12-18 05:13:08,100 - min_max_attack lamda: 0.5073833465576172, max_d: 0.6084095239639282
2025-12-18 05:13:08,109 - Round number: 27 --------------------------
2025-12-18 05:13:08,109 - Evaluate global model
2025-12-18 05:13:11,189 - Averaged Train Loss: 1.8688
2025-12-18 05:13:11,189 - Test Accurancy: 0.3144
2025-12-18 05:13:18,274 - min_max_attack try_count: 19
2025-12-18 05:13:18,274 - min_max_attack lamda: 0.5107021331787109, max_d: 0.5951850414276123
2025-12-18 05:13:18,283 - Round number: 28 --------------------------
2025-12-18 05:13:18,283 - Evaluate global model
2025-12-18 05:13:22,160 - Averaged Train Loss: 1.8566
2025-12-18 05:13:22,161 - Test Accurancy: 0.3194
2025-12-18 05:13:28,972 - min_max_attack try_count: 19
2025-12-18 05:13:28,972 - min_max_attack lamda: 0.5106639862060547, max_d: 0.5835743546485901
2025-12-18 05:13:28,981 - Round number: 29 --------------------------
2025-12-18 05:13:28,981 - Evaluate global model
2025-12-18 05:13:32,331 - Averaged Train Loss: 1.8433
2025-12-18 05:13:32,332 - Test Accurancy: 0.3248
2025-12-18 05:13:39,919 - min_max_attack try_count: 19
2025-12-18 05:13:39,919 - min_max_attack lamda: 0.4986286163330078, max_d: 0.595143735408783
2025-12-18 05:13:39,928 - Round number: 30 --------------------------
2025-12-18 05:13:39,928 - Evaluate global model
2025-12-18 05:13:42,654 - Averaged Train Loss: 1.8393
2025-12-18 05:13:42,655 - Test Accurancy: 0.3275
2025-12-18 05:13:50,827 - min_max_attack try_count: 19
2025-12-18 05:13:50,827 - min_max_attack lamda: 0.5025005340576172, max_d: 0.5676004886627197
2025-12-18 05:13:50,836 - Round number: 31 --------------------------
2025-12-18 05:13:50,836 - Evaluate global model
2025-12-18 05:13:53,585 - Averaged Train Loss: 1.8397
2025-12-18 05:13:53,586 - Test Accurancy: 0.3279
2025-12-18 05:14:01,168 - min_max_attack try_count: 19
2025-12-18 05:14:01,168 - min_max_attack lamda: 0.5145931243896484, max_d: 0.5700250864028931
2025-12-18 05:14:01,177 - Round number: 32 --------------------------
2025-12-18 05:14:01,177 - Evaluate global model
2025-12-18 05:14:04,260 - Averaged Train Loss: 1.8348
2025-12-18 05:14:04,260 - Test Accurancy: 0.3311
2025-12-18 05:14:12,017 - min_max_attack try_count: 19
2025-12-18 05:14:12,017 - min_max_attack lamda: 0.4857349395751953, max_d: 0.5499927401542664
2025-12-18 05:14:12,026 - Round number: 33 --------------------------
2025-12-18 05:14:12,026 - Evaluate global model
2025-12-18 05:14:14,544 - Averaged Train Loss: 1.8238
2025-12-18 05:14:14,544 - Test Accurancy: 0.3361
2025-12-18 05:14:22,816 - min_max_attack try_count: 19
2025-12-18 05:14:22,816 - min_max_attack lamda: 0.4976177215576172, max_d: 0.5484928488731384
2025-12-18 05:14:22,825 - Round number: 34 --------------------------
2025-12-18 05:14:22,825 - Evaluate global model
2025-12-18 05:14:25,132 - Averaged Train Loss: 1.8113
2025-12-18 05:14:25,132 - Test Accurancy: 0.3439
2025-12-18 05:14:33,352 - min_max_attack try_count: 19
2025-12-18 05:14:33,352 - min_max_attack lamda: 0.47041893005371094, max_d: 0.5085651278495789
2025-12-18 05:14:33,362 - Round number: 35 --------------------------
2025-12-18 05:14:33,362 - Evaluate global model
2025-12-18 05:14:36,198 - Averaged Train Loss: 1.8064
2025-12-18 05:14:36,198 - Test Accurancy: 0.3448
2025-12-18 05:14:43,412 - min_max_attack try_count: 19
2025-12-18 05:14:43,412 - min_max_attack lamda: 0.48338890075683594, max_d: 0.5258201360702515
2025-12-18 05:14:43,421 - Round number: 36 --------------------------
2025-12-18 05:14:43,421 - Evaluate global model
2025-12-18 05:14:47,266 - Averaged Train Loss: 1.7954
2025-12-18 05:14:47,266 - Test Accurancy: 0.3514
2025-12-18 05:14:54,045 - min_max_attack try_count: 19
2025-12-18 05:14:54,045 - min_max_attack lamda: 0.4608631134033203, max_d: 0.49823641777038574
2025-12-18 05:14:54,054 - Round number: 37 --------------------------
2025-12-18 05:14:54,054 - Evaluate global model
2025-12-18 05:14:57,604 - Averaged Train Loss: 1.7909
2025-12-18 05:14:57,604 - Test Accurancy: 0.3518
2025-12-18 05:15:04,945 - min_max_attack try_count: 19
2025-12-18 05:15:04,945 - min_max_attack lamda: 0.45866966247558594, max_d: 0.48764529824256897
2025-12-18 05:15:04,954 - Round number: 38 --------------------------
2025-12-18 05:15:04,954 - Evaluate global model
2025-12-18 05:15:07,852 - Averaged Train Loss: 1.7891
2025-12-18 05:15:07,853 - Test Accurancy: 0.3526
2025-12-18 05:15:15,996 - min_max_attack try_count: 19
2025-12-18 05:15:15,996 - min_max_attack lamda: 0.48590660095214844, max_d: 0.5043533444404602
2025-12-18 05:15:16,005 - Round number: 39 --------------------------
2025-12-18 05:15:16,005 - Evaluate global model
2025-12-18 05:15:18,720 - Averaged Train Loss: 1.7936
2025-12-18 05:15:18,720 - Test Accurancy: 0.3495
2025-12-18 05:15:26,243 - min_max_attack try_count: 19
2025-12-18 05:15:26,244 - min_max_attack lamda: 0.4637432098388672, max_d: 0.5047153830528259
2025-12-18 05:15:26,252 - Round number: 40 --------------------------
2025-12-18 05:15:26,252 - Evaluate global model
2025-12-18 05:15:29,418 - Averaged Train Loss: 1.7959
2025-12-18 05:15:29,418 - Test Accurancy: 0.3495
2025-12-18 05:15:37,161 - min_max_attack try_count: 19
2025-12-18 05:15:37,162 - min_max_attack lamda: 0.4469585418701172, max_d: 0.4624519646167755
2025-12-18 05:15:37,170 - Round number: 41 --------------------------
2025-12-18 05:15:37,170 - Evaluate global model
2025-12-18 05:15:40,029 - Averaged Train Loss: 1.7831
2025-12-18 05:15:40,029 - Test Accurancy: 0.3536
2025-12-18 05:15:47,967 - min_max_attack try_count: 19
2025-12-18 05:15:47,967 - min_max_attack lamda: 0.43488502502441406, max_d: 0.43699029088020325
2025-12-18 05:15:47,976 - Round number: 42 --------------------------
2025-12-18 05:15:47,976 - Evaluate global model
2025-12-18 05:15:50,321 - Averaged Train Loss: 1.7697
2025-12-18 05:15:50,322 - Test Accurancy: 0.3602
2025-12-18 05:15:58,942 - min_max_attack try_count: 19
2025-12-18 05:15:58,942 - min_max_attack lamda: 0.4414653778076172, max_d: 0.4654257297515869
2025-12-18 05:15:58,951 - Round number: 43 --------------------------
2025-12-18 05:15:58,952 - Evaluate global model
2025-12-18 05:16:01,424 - Averaged Train Loss: 1.7758
2025-12-18 05:16:01,425 - Test Accurancy: 0.3575
2025-12-18 05:16:09,030 - min_max_attack try_count: 19
2025-12-18 05:16:09,030 - min_max_attack lamda: 0.44152259826660156, max_d: 0.46114569902420044
2025-12-18 05:16:09,039 - Round number: 44 --------------------------
2025-12-18 05:16:09,039 - Evaluate global model
2025-12-18 05:16:12,595 - Averaged Train Loss: 1.7631
2025-12-18 05:16:12,595 - Test Accurancy: 0.3612
2025-12-18 05:16:19,359 - min_max_attack try_count: 19
2025-12-18 05:16:19,360 - min_max_attack lamda: 0.42344093322753906, max_d: 0.4228820502758026
2025-12-18 05:16:19,368 - Round number: 45 --------------------------
2025-12-18 05:16:19,368 - Evaluate global model
2025-12-18 05:16:23,216 - Averaged Train Loss: 1.7580
2025-12-18 05:16:23,216 - Test Accurancy: 0.3652
2025-12-18 05:16:30,184 - min_max_attack try_count: 19
2025-12-18 05:16:30,185 - min_max_attack lamda: 0.42738914489746094, max_d: 0.44031792879104614
2025-12-18 05:16:30,193 - Round number: 46 --------------------------
2025-12-18 05:16:30,193 - Evaluate global model
2025-12-18 05:16:33,366 - Averaged Train Loss: 1.7591
2025-12-18 05:16:33,366 - Test Accurancy: 0.3678
2025-12-18 05:16:41,477 - min_max_attack try_count: 19
2025-12-18 05:16:41,477 - min_max_attack lamda: 0.4246997833251953, max_d: 0.4288168251514435
2025-12-18 05:16:41,485 - Round number: 47 --------------------------
2025-12-18 05:16:41,485 - Evaluate global model
2025-12-18 05:16:44,272 - Averaged Train Loss: 1.7558
2025-12-18 05:16:44,272 - Test Accurancy: 0.3682
2025-12-18 05:16:51,859 - min_max_attack try_count: 19
2025-12-18 05:16:51,859 - min_max_attack lamda: 0.4267597198486328, max_d: 0.4216078817844391
2025-12-18 05:16:51,869 - Round number: 48 --------------------------
2025-12-18 05:16:51,869 - Evaluate global model
2025-12-18 05:16:54,977 - Averaged Train Loss: 1.7565
2025-12-18 05:16:54,977 - Test Accurancy: 0.3682
2025-12-18 05:17:02,286 - min_max_attack try_count: 19
2025-12-18 05:17:02,286 - min_max_attack lamda: 0.41296958923339844, max_d: 0.41988539695739746
2025-12-18 05:17:02,296 - Round number: 49 --------------------------
2025-12-18 05:17:02,296 - Evaluate global model
2025-12-18 05:17:05,386 - Averaged Train Loss: 1.7422
2025-12-18 05:17:05,386 - Test Accurancy: 0.3722
2025-12-18 05:17:13,333 - min_max_attack try_count: 19
2025-12-18 05:17:13,333 - min_max_attack lamda: 0.4031848907470703, max_d: 0.4059036672115326
2025-12-18 05:17:13,342 - Round number: 50 --------------------------
2025-12-18 05:17:13,342 - Evaluate global model
2025-12-18 05:17:15,633 - Averaged Train Loss: 1.7356
2025-12-18 05:17:15,633 - Test Accurancy: 0.3747
2025-12-18 05:17:24,162 - min_max_attack try_count: 19
2025-12-18 05:17:24,162 - min_max_attack lamda: 0.40953636169433594, max_d: 0.40593421459198
2025-12-18 05:17:24,171 - Round number: 51 --------------------------
2025-12-18 05:17:24,171 - Evaluate global model
2025-12-18 05:17:26,540 - Averaged Train Loss: 1.7421
2025-12-18 05:17:26,541 - Test Accurancy: 0.3742
2025-12-18 05:17:34,384 - min_max_attack try_count: 19
2025-12-18 05:17:34,384 - min_max_attack lamda: 0.39740562438964844, max_d: 0.3953056037425995
2025-12-18 05:17:34,393 - Round number: 52 --------------------------
2025-12-18 05:17:34,393 - Evaluate global model
2025-12-18 05:17:37,645 - Averaged Train Loss: 1.7296
2025-12-18 05:17:37,645 - Test Accurancy: 0.3780
2025-12-18 05:17:44,558 - min_max_attack try_count: 19
2025-12-18 05:17:44,558 - min_max_attack lamda: 0.3943920135498047, max_d: 0.38904958963394165
2025-12-18 05:17:44,566 - Round number: 53 --------------------------
2025-12-18 05:17:44,566 - Evaluate global model
2025-12-18 05:17:48,540 - Averaged Train Loss: 1.7306
2025-12-18 05:17:48,540 - Test Accurancy: 0.3774
2025-12-18 05:17:55,214 - min_max_attack try_count: 19
2025-12-18 05:17:55,214 - min_max_attack lamda: 0.3802204132080078, max_d: 0.37672561407089233
2025-12-18 05:17:55,222 - Round number: 54 --------------------------
2025-12-18 05:17:55,222 - Evaluate global model
2025-12-18 05:17:58,579 - Averaged Train Loss: 1.7213
2025-12-18 05:17:58,579 - Test Accurancy: 0.3832
2025-12-18 05:18:06,258 - min_max_attack try_count: 19
2025-12-18 05:18:06,259 - min_max_attack lamda: 0.3797435760498047, max_d: 0.38026243448257446
2025-12-18 05:18:06,268 - Round number: 55 --------------------------
2025-12-18 05:18:06,268 - Evaluate global model
2025-12-18 05:18:09,079 - Averaged Train Loss: 1.7159
2025-12-18 05:18:09,079 - Test Accurancy: 0.3845
2025-12-18 05:18:16,997 - min_max_attack try_count: 19
2025-12-18 05:18:16,998 - min_max_attack lamda: 0.3786945343017578, max_d: 0.38152647018432617
2025-12-18 05:18:17,006 - Round number: 56 --------------------------
2025-12-18 05:18:17,006 - Evaluate global model
2025-12-18 05:18:19,795 - Averaged Train Loss: 1.7154
2025-12-18 05:18:19,795 - Test Accurancy: 0.3855
2025-12-18 05:18:27,282 - min_max_attack try_count: 19
2025-12-18 05:18:27,282 - min_max_attack lamda: 0.3754138946533203, max_d: 0.3463306725025177
2025-12-18 05:18:27,292 - Round number: 57 --------------------------
2025-12-18 05:18:27,292 - Evaluate global model
2025-12-18 05:18:30,370 - Averaged Train Loss: 1.7162
2025-12-18 05:18:30,370 - Test Accurancy: 0.3863
2025-12-18 05:18:38,056 - min_max_attack try_count: 19
2025-12-18 05:18:38,056 - min_max_attack lamda: 0.3704547882080078, max_d: 0.35485491156578064
2025-12-18 05:18:38,064 - Round number: 58 --------------------------
2025-12-18 05:18:38,064 - Evaluate global model
2025-12-18 05:18:40,613 - Averaged Train Loss: 1.7101
2025-12-18 05:18:40,613 - Test Accurancy: 0.3883
2025-12-18 05:18:48,883 - min_max_attack try_count: 19
2025-12-18 05:18:48,883 - min_max_attack lamda: 0.36978721618652344, max_d: 0.3395411968231201
2025-12-18 05:18:48,892 - Round number: 59 --------------------------
2025-12-18 05:18:48,893 - Evaluate global model
2025-12-18 05:18:51,333 - Averaged Train Loss: 1.7036
2025-12-18 05:18:51,333 - Test Accurancy: 0.3901
2025-12-18 05:18:59,213 - min_max_attack try_count: 19
2025-12-18 05:18:59,213 - min_max_attack lamda: 0.3516101837158203, max_d: 0.3444848358631134
2025-12-18 05:18:59,222 - Round number: 60 --------------------------
2025-12-18 05:18:59,222 - Evaluate global model
2025-12-18 05:19:02,379 - Averaged Train Loss: 1.7131
2025-12-18 05:19:02,379 - Test Accurancy: 0.3877
2025-12-18 05:19:09,402 - min_max_attack try_count: 19
2025-12-18 05:19:09,402 - min_max_attack lamda: 0.35393714904785156, max_d: 0.32993844151496887
2025-12-18 05:19:09,410 - Round number: 61 --------------------------
2025-12-18 05:19:09,411 - Evaluate global model
2025-12-18 05:19:13,287 - Averaged Train Loss: 1.7045
2025-12-18 05:19:13,287 - Test Accurancy: 0.3911
2025-12-18 05:19:19,824 - min_max_attack try_count: 19
2025-12-18 05:19:19,824 - min_max_attack lamda: 0.3509998321533203, max_d: 0.31493744254112244
2025-12-18 05:19:19,832 - Round number: 62 --------------------------
2025-12-18 05:19:19,833 - Evaluate global model
2025-12-18 05:19:23,165 - Averaged Train Loss: 1.7029
2025-12-18 05:19:23,165 - Test Accurancy: 0.3918
2025-12-18 05:19:30,979 - min_max_attack try_count: 19
2025-12-18 05:19:30,980 - min_max_attack lamda: 0.3461742401123047, max_d: 0.3154084384441376
2025-12-18 05:19:30,989 - Round number: 63 --------------------------
2025-12-18 05:19:30,989 - Evaluate global model
2025-12-18 05:19:33,688 - Averaged Train Loss: 1.6964
2025-12-18 05:19:33,688 - Test Accurancy: 0.3935
2025-12-18 05:19:41,778 - min_max_attack try_count: 19
2025-12-18 05:19:41,778 - min_max_attack lamda: 0.3403949737548828, max_d: 0.3126775026321411
2025-12-18 05:19:41,788 - Round number: 64 --------------------------
2025-12-18 05:19:41,788 - Evaluate global model
2025-12-18 05:19:44,398 - Averaged Train Loss: 1.6910
2025-12-18 05:19:44,398 - Test Accurancy: 0.3963
2025-12-18 05:19:52,212 - min_max_attack try_count: 19
2025-12-18 05:19:52,212 - min_max_attack lamda: 0.3445911407470703, max_d: 0.3106701076030731
2025-12-18 05:19:52,221 - Round number: 65 --------------------------
2025-12-18 05:19:52,221 - Evaluate global model
2025-12-18 05:19:55,277 - Averaged Train Loss: 1.7041
2025-12-18 05:19:55,277 - Test Accurancy: 0.3937
2025-12-18 05:20:02,963 - min_max_attack try_count: 19
2025-12-18 05:20:02,963 - min_max_attack lamda: 0.3340435028076172, max_d: 0.3052109479904175
2025-12-18 05:20:02,972 - Round number: 66 --------------------------
2025-12-18 05:20:02,972 - Evaluate global model
2025-12-18 05:20:05,750 - Averaged Train Loss: 1.7017
2025-12-18 05:20:05,750 - Test Accurancy: 0.3942
2025-12-18 05:20:13,650 - min_max_attack try_count: 19
2025-12-18 05:20:13,650 - min_max_attack lamda: 0.35185813903808594, max_d: 0.3006212115287781
2025-12-18 05:20:13,658 - Round number: 67 --------------------------
2025-12-18 05:20:13,658 - Evaluate global model
2025-12-18 05:20:16,234 - Averaged Train Loss: 1.7145
2025-12-18 05:20:16,234 - Test Accurancy: 0.3908
2025-12-18 05:20:24,289 - min_max_attack try_count: 19
2025-12-18 05:20:24,289 - min_max_attack lamda: 0.3322315216064453, max_d: 0.29843834042549133
2025-12-18 05:20:24,298 - Round number: 68 --------------------------
2025-12-18 05:20:24,298 - Evaluate global model
2025-12-18 05:20:27,321 - Averaged Train Loss: 1.7086
2025-12-18 05:20:27,321 - Test Accurancy: 0.3931
2025-12-18 05:20:34,347 - min_max_attack try_count: 19
2025-12-18 05:20:34,347 - min_max_attack lamda: 0.3194904327392578, max_d: 0.27563247084617615
2025-12-18 05:20:34,356 - Round number: 69 --------------------------
2025-12-18 05:20:34,356 - Evaluate global model
2025-12-18 05:20:38,290 - Averaged Train Loss: 1.6915
2025-12-18 05:20:38,290 - Test Accurancy: 0.3987
2025-12-18 05:20:44,934 - min_max_attack try_count: 19
2025-12-18 05:20:44,935 - min_max_attack lamda: 0.3387928009033203, max_d: 0.2899813652038574
2025-12-18 05:20:44,943 - Round number: 70 --------------------------
2025-12-18 05:20:44,943 - Evaluate global model
2025-12-18 05:20:48,540 - Averaged Train Loss: 1.6971
2025-12-18 05:20:48,540 - Test Accurancy: 0.3969
2025-12-18 05:20:56,069 - min_max_attack try_count: 19
2025-12-18 05:20:56,069 - min_max_attack lamda: 0.3201770782470703, max_d: 0.26043984293937683
2025-12-18 05:20:56,079 - Round number: 71 --------------------------
2025-12-18 05:20:56,079 - Evaluate global model
2025-12-18 05:20:58,915 - Averaged Train Loss: 1.6806
2025-12-18 05:20:58,915 - Test Accurancy: 0.4021
2025-12-18 05:21:07,087 - min_max_attack try_count: 19
2025-12-18 05:21:07,087 - min_max_attack lamda: 0.31754493713378906, max_d: 0.2808607220649719
2025-12-18 05:21:07,097 - Round number: 72 --------------------------
2025-12-18 05:21:07,097 - Evaluate global model
2025-12-18 05:21:09,542 - Averaged Train Loss: 1.6904
2025-12-18 05:21:09,542 - Test Accurancy: 0.4007
2025-12-18 05:21:17,467 - min_max_attack try_count: 19
2025-12-18 05:21:17,467 - min_max_attack lamda: 0.3070545196533203, max_d: 0.27080070972442627
2025-12-18 05:21:17,476 - Round number: 73 --------------------------
2025-12-18 05:21:17,476 - Evaluate global model
2025-12-18 05:21:20,433 - Averaged Train Loss: 1.6772
2025-12-18 05:21:20,433 - Test Accurancy: 0.4035
2025-12-18 05:21:28,023 - min_max_attack try_count: 19
2025-12-18 05:21:28,023 - min_max_attack lamda: 0.30585289001464844, max_d: 0.2587611973285675
2025-12-18 05:21:28,031 - Round number: 74 --------------------------
2025-12-18 05:21:28,031 - Evaluate global model
2025-12-18 05:21:31,057 - Averaged Train Loss: 1.6743
2025-12-18 05:21:31,057 - Test Accurancy: 0.4049
2025-12-18 05:21:38,951 - min_max_attack try_count: 19
2025-12-18 05:21:38,952 - min_max_attack lamda: 0.30570030212402344, max_d: 0.2627871334552765
2025-12-18 05:21:38,960 - Round number: 75 --------------------------
2025-12-18 05:21:38,960 - Evaluate global model
2025-12-18 05:21:41,726 - Averaged Train Loss: 1.6711
2025-12-18 05:21:41,726 - Test Accurancy: 0.4062
2025-12-18 05:21:50,085 - min_max_attack try_count: 19
2025-12-18 05:21:50,085 - min_max_attack lamda: 0.30137062072753906, max_d: 0.25558698177337646
2025-12-18 05:21:50,094 - Round number: 76 --------------------------
2025-12-18 05:21:50,094 - Evaluate global model
2025-12-18 05:21:52,767 - Averaged Train Loss: 1.6646
2025-12-18 05:21:52,767 - Test Accurancy: 0.4088
2025-12-18 05:22:00,394 - min_max_attack try_count: 19
2025-12-18 05:22:00,395 - min_max_attack lamda: 0.3023052215576172, max_d: 0.2513343095779419
2025-12-18 05:22:00,404 - Round number: 77 --------------------------
2025-12-18 05:22:00,404 - Evaluate global model
2025-12-18 05:22:04,003 - Averaged Train Loss: 1.6547
2025-12-18 05:22:04,004 - Test Accurancy: 0.4128
2025-12-18 05:22:10,561 - min_max_attack try_count: 19
2025-12-18 05:22:10,561 - min_max_attack lamda: 0.29725074768066406, max_d: 0.2385387122631073
2025-12-18 05:22:10,569 - Round number: 78 --------------------------
2025-12-18 05:22:10,569 - Evaluate global model
2025-12-18 05:22:14,547 - Averaged Train Loss: 1.6678
2025-12-18 05:22:14,547 - Test Accurancy: 0.4089
2025-12-18 05:22:21,542 - min_max_attack try_count: 19
2025-12-18 05:22:21,542 - min_max_attack lamda: 0.2931690216064453, max_d: 0.24640555679798126
2025-12-18 05:22:21,551 - Round number: 79 --------------------------
2025-12-18 05:22:21,551 - Evaluate global model
2025-12-18 05:22:24,810 - Averaged Train Loss: 1.6661
2025-12-18 05:22:24,810 - Test Accurancy: 0.4089
2025-12-18 05:22:32,735 - min_max_attack try_count: 19
2025-12-18 05:22:32,735 - min_max_attack lamda: 0.2836322784423828, max_d: 0.23117007315158844
2025-12-18 05:22:32,743 - Round number: 80 --------------------------
2025-12-18 05:22:32,744 - Evaluate global model
2025-12-18 05:22:35,387 - Averaged Train Loss: 1.6597
2025-12-18 05:22:35,388 - Test Accurancy: 0.4121
2025-12-18 05:22:43,735 - min_max_attack try_count: 19
2025-12-18 05:22:43,736 - min_max_attack lamda: 0.2824878692626953, max_d: 0.2352132797241211
2025-12-18 05:22:43,745 - Round number: 81 --------------------------
2025-12-18 05:22:43,745 - Evaluate global model
2025-12-18 05:22:46,371 - Averaged Train Loss: 1.6617
2025-12-18 05:22:46,371 - Test Accurancy: 0.4113
2025-12-18 05:22:54,279 - min_max_attack try_count: 19
2025-12-18 05:22:54,279 - min_max_attack lamda: 0.28122901916503906, max_d: 0.22590461373329163
2025-12-18 05:22:54,287 - Round number: 82 --------------------------
2025-12-18 05:22:54,287 - Evaluate global model
2025-12-18 05:22:57,367 - Averaged Train Loss: 1.6546
2025-12-18 05:22:57,367 - Test Accurancy: 0.4148
2025-12-18 05:23:04,724 - min_max_attack try_count: 19
2025-12-18 05:23:04,724 - min_max_attack lamda: 0.2814769744873047, max_d: 0.21895746886730194
2025-12-18 05:23:04,733 - Round number: 83 --------------------------
2025-12-18 05:23:04,733 - Evaluate global model
2025-12-18 05:23:07,585 - Averaged Train Loss: 1.6504
2025-12-18 05:23:07,585 - Test Accurancy: 0.4150
2025-12-18 05:23:15,489 - min_max_attack try_count: 19
2025-12-18 05:23:15,489 - min_max_attack lamda: 0.27771949768066406, max_d: 0.21509616076946259
2025-12-18 05:23:15,499 - Round number: 84 --------------------------
2025-12-18 05:23:15,499 - Evaluate global model
2025-12-18 05:23:18,222 - Averaged Train Loss: 1.6596
2025-12-18 05:23:18,222 - Test Accurancy: 0.4136
2025-12-18 05:23:26,024 - min_max_attack try_count: 19
2025-12-18 05:23:26,024 - min_max_attack lamda: 0.2712726593017578, max_d: 0.21019470691680908
2025-12-18 05:23:26,033 - Round number: 85 --------------------------
2025-12-18 05:23:26,033 - Evaluate global model
2025-12-18 05:23:29,258 - Averaged Train Loss: 1.6510
2025-12-18 05:23:29,258 - Test Accurancy: 0.4166
2025-12-18 05:23:35,884 - min_max_attack try_count: 19
2025-12-18 05:23:35,884 - min_max_attack lamda: 0.26864051818847656, max_d: 0.2019093632698059
2025-12-18 05:23:35,893 - Round number: 86 --------------------------
2025-12-18 05:23:35,893 - Evaluate global model
2025-12-18 05:23:39,852 - Averaged Train Loss: 1.6547
2025-12-18 05:23:39,852 - Test Accurancy: 0.4160
2025-12-18 05:23:46,639 - min_max_attack try_count: 19
2025-12-18 05:23:46,640 - min_max_attack lamda: 0.2585887908935547, max_d: 0.2071537971496582
2025-12-18 05:23:46,648 - Round number: 87 --------------------------
2025-12-18 05:23:46,648 - Evaluate global model
2025-12-18 05:23:50,023 - Averaged Train Loss: 1.6417
2025-12-18 05:23:50,023 - Test Accurancy: 0.4186
2025-12-18 05:23:57,714 - min_max_attack try_count: 19
2025-12-18 05:23:57,714 - min_max_attack lamda: 0.2675914764404297, max_d: 0.20655457675457
2025-12-18 05:23:57,723 - Round number: 88 --------------------------
2025-12-18 05:23:57,724 - Evaluate global model
2025-12-18 05:24:00,304 - Averaged Train Loss: 1.6470
2025-12-18 05:24:00,305 - Test Accurancy: 0.4174
2025-12-18 05:24:08,667 - min_max_attack try_count: 19
2025-12-18 05:24:08,667 - min_max_attack lamda: 0.2621746063232422, max_d: 0.19383466243743896
2025-12-18 05:24:08,676 - Round number: 89 --------------------------
2025-12-18 05:24:08,676 - Evaluate global model
2025-12-18 05:24:11,022 - Averaged Train Loss: 1.6490
2025-12-18 05:24:11,022 - Test Accurancy: 0.4178
2025-12-18 05:24:19,084 - min_max_attack try_count: 19
2025-12-18 05:24:19,084 - min_max_attack lamda: 0.2582836151123047, max_d: 0.2049800008535385
2025-12-18 05:24:19,093 - Round number: 90 --------------------------
2025-12-18 05:24:19,093 - Evaluate global model
2025-12-18 05:24:22,160 - Averaged Train Loss: 1.6577
2025-12-18 05:24:22,160 - Test Accurancy: 0.4161
2025-12-18 05:24:29,432 - min_max_attack try_count: 19
2025-12-18 05:24:29,433 - min_max_attack lamda: 0.2598094940185547, max_d: 0.20056547224521637
2025-12-18 05:24:29,442 - Round number: 91 --------------------------
2025-12-18 05:24:29,442 - Evaluate global model
2025-12-18 05:24:32,675 - Averaged Train Loss: 1.6474
2025-12-18 05:24:32,676 - Test Accurancy: 0.4182
2025-12-18 05:24:40,048 - min_max_attack try_count: 19
2025-12-18 05:24:40,049 - min_max_attack lamda: 0.2611064910888672, max_d: 0.1900598406791687
2025-12-18 05:24:40,057 - Round number: 92 --------------------------
2025-12-18 05:24:40,057 - Evaluate global model
2025-12-18 05:24:43,064 - Averaged Train Loss: 1.6497
2025-12-18 05:24:43,065 - Test Accurancy: 0.4171
2025-12-18 05:24:51,190 - min_max_attack try_count: 19
2025-12-18 05:24:51,191 - min_max_attack lamda: 0.2498149871826172, max_d: 0.1923084855079651
2025-12-18 05:24:51,200 - Round number: 93 --------------------------
2025-12-18 05:24:51,200 - Evaluate global model
2025-12-18 05:24:54,275 - Averaged Train Loss: 1.6296
2025-12-18 05:24:54,276 - Test Accurancy: 0.4225
2025-12-18 05:25:01,246 - min_max_attack try_count: 19
2025-12-18 05:25:01,247 - min_max_attack lamda: 0.2435588836669922, max_d: 0.18114230036735535
2025-12-18 05:25:01,256 - Round number: 94 --------------------------
2025-12-18 05:25:01,256 - Evaluate global model
2025-12-18 05:25:05,216 - Averaged Train Loss: 1.6337
2025-12-18 05:25:05,216 - Test Accurancy: 0.4210
2025-12-18 05:25:11,902 - min_max_attack try_count: 19
2025-12-18 05:25:11,902 - min_max_attack lamda: 0.24537086486816406, max_d: 0.18793842196464539
2025-12-18 05:25:11,911 - Round number: 95 --------------------------
2025-12-18 05:25:11,911 - Evaluate global model
2025-12-18 05:25:15,634 - Averaged Train Loss: 1.6399
2025-12-18 05:25:15,635 - Test Accurancy: 0.4195
2025-12-18 05:25:23,033 - min_max_attack try_count: 19
2025-12-18 05:25:23,033 - min_max_attack lamda: 0.2429676055908203, max_d: 0.17302784323692322
2025-12-18 05:25:23,043 - Round number: 96 --------------------------
2025-12-18 05:25:23,043 - Evaluate global model
2025-12-18 05:25:25,824 - Averaged Train Loss: 1.6346
2025-12-18 05:25:25,824 - Test Accurancy: 0.4218
2025-12-18 05:25:34,215 - min_max_attack try_count: 19
2025-12-18 05:25:34,215 - min_max_attack lamda: 0.2480792999267578, max_d: 0.17365305125713348
2025-12-18 05:25:34,224 - Round number: 97 --------------------------
2025-12-18 05:25:34,224 - Evaluate global model
2025-12-18 05:25:36,527 - Averaged Train Loss: 1.6438
2025-12-18 05:25:36,528 - Test Accurancy: 0.4187
2025-12-18 05:25:45,049 - min_max_attack try_count: 19
2025-12-18 05:25:45,050 - min_max_attack lamda: 0.23941993713378906, max_d: 0.17265699803829193
2025-12-18 05:25:45,058 - Round number: 98 --------------------------
2025-12-18 05:25:45,058 - Evaluate global model
2025-12-18 05:25:47,759 - Averaged Train Loss: 1.6352
2025-12-18 05:25:47,759 - Test Accurancy: 0.4207
2025-12-18 05:25:55,024 - min_max_attack try_count: 19
2025-12-18 05:25:55,024 - min_max_attack lamda: 0.24132728576660156, max_d: 0.1654849350452423
2025-12-18 05:25:55,032 - Round number: 99 --------------------------
2025-12-18 05:25:55,033 - Evaluate global model
2025-12-18 05:25:58,481 - Averaged Train Loss: 1.6392
2025-12-18 05:25:58,482 - Test Accurancy: 0.4200
2025-12-18 05:26:05,630 - min_max_attack try_count: 19
2025-12-18 05:26:05,631 - min_max_attack lamda: 0.2325153350830078, max_d: 0.17208808660507202
2025-12-18 05:26:05,640 - Round number: 100 --------------------------
2025-12-18 05:26:05,640 - Evaluate global model
2025-12-18 05:26:08,847 - Averaged Train Loss: 1.6296
2025-12-18 05:26:08,847 - Test Accurancy: 0.4222
2025-12-18 05:26:16,300 - min_max_attack try_count: 19
2025-12-18 05:26:16,300 - min_max_attack lamda: 0.22879600524902344, max_d: 0.16368770599365234
2025-12-18 05:26:16,301 - Run over
2025-12-18 05:26:16,301 - Saving results to ./exp/exp4/Cifar10/avg_min-max.h5
2025-12-18 05:26:16,303 - Best accuracy: 0.4225108225108225
2025-12-18 05:26:16,303 - Average time cost per round: 10.654886445999146
