2026-04-12 01:43:57,512 - *****************EXP-4*****************
2026-04-12 01:43:57,513 - Exp repeats: 1
2026-04-12 01:43:57,513 - Communication Rounds: 100
2026-04-12 01:43:57,513 - Clients: 40

2026-04-12 01:43:57,513 - Attack method: CAMP
2026-04-12 01:43:57,513 - Filtering rule: avg
2026-04-12 01:43:57,513 - Dataset: Cifar10
2026-04-12 01:43:57,513 - Model: cnn2
2026-04-12 01:43:57,513 - Learning Rate: 0.04
2026-04-12 01:43:57,513 - Batch Size: 64
2026-04-12 01:43:57,513 - Device: cuda
2026-04-12 01:43:57,513 - Device id: 0
2026-04-12 01:43:57,513 - Adversaries: 8
2026-04-12 01:43:57,513 - Model Poisoning: CAMP attack, mode clipping_v4
2026-04-12 01:43:57,513 - *****************EXP-4*****************
2026-04-12 01:43:57,948 - Running time: 0th ==========================
2026-04-12 01:44:03,315 - Round number: 0 --------------------------
2026-04-12 01:44:03,315 - Evaluate global model
2026-04-12 01:44:06,437 - Averaged Train Loss: 2.3046
2026-04-12 01:44:06,438 - Test Accurancy: 0.0977
2026-04-12 01:44:17,949 - Round number: 1 --------------------------
2026-04-12 01:44:17,949 - Evaluate global model
2026-04-12 01:44:20,238 - Averaged Train Loss: 2.2938
2026-04-12 01:44:20,238 - Test Accurancy: 0.0980
2026-04-12 01:44:30,307 - Round number: 2 --------------------------
2026-04-12 01:44:30,307 - Evaluate global model
2026-04-12 01:44:33,864 - Averaged Train Loss: 2.2665
2026-04-12 01:44:33,864 - Test Accurancy: 0.1270
2026-04-12 01:44:42,339 - Round number: 3 --------------------------
2026-04-12 01:44:42,340 - Evaluate global model
2026-04-12 01:44:45,838 - Averaged Train Loss: 2.2177
2026-04-12 01:44:45,838 - Test Accurancy: 0.1822
2026-04-12 01:44:55,597 - Round number: 4 --------------------------
2026-04-12 01:44:55,597 - Evaluate global model
2026-04-12 01:44:58,876 - Averaged Train Loss: 2.1660
2026-04-12 01:44:58,877 - Test Accurancy: 0.1994
2026-04-12 01:45:07,420 - Round number: 5 --------------------------
2026-04-12 01:45:07,420 - Evaluate global model
2026-04-12 01:45:10,917 - Averaged Train Loss: 2.1209
2026-04-12 01:45:10,917 - Test Accurancy: 0.2093
2026-04-12 01:45:21,096 - Round number: 6 --------------------------
2026-04-12 01:45:21,096 - Evaluate global model
2026-04-12 01:45:23,619 - Averaged Train Loss: 2.0852
2026-04-12 01:45:23,619 - Test Accurancy: 0.2194
2026-04-12 01:45:32,990 - Round number: 7 --------------------------
2026-04-12 01:45:32,990 - Evaluate global model
2026-04-12 01:45:37,200 - Averaged Train Loss: 2.0531
2026-04-12 01:45:37,200 - Test Accurancy: 0.2302
2026-04-12 01:45:45,330 - Round number: 8 --------------------------
2026-04-12 01:45:45,330 - Evaluate global model
2026-04-12 01:45:49,311 - Averaged Train Loss: 2.0280
2026-04-12 01:45:49,311 - Test Accurancy: 0.2421
2026-04-12 01:45:58,455 - Round number: 9 --------------------------
2026-04-12 01:45:58,455 - Evaluate global model
2026-04-12 01:46:01,766 - Averaged Train Loss: 2.0008
2026-04-12 01:46:01,766 - Test Accurancy: 0.2605
2026-04-12 01:46:10,302 - Round number: 10 --------------------------
2026-04-12 01:46:10,302 - Evaluate global model
2026-04-12 01:46:14,449 - Averaged Train Loss: 1.9716
2026-04-12 01:46:14,449 - Test Accurancy: 0.2799
2026-04-12 01:46:23,449 - Round number: 11 --------------------------
2026-04-12 01:46:23,450 - Evaluate global model
2026-04-12 01:46:26,811 - Averaged Train Loss: 1.9501
2026-04-12 01:46:26,811 - Test Accurancy: 0.2888
2026-04-12 01:46:36,179 - Round number: 12 --------------------------
2026-04-12 01:46:36,179 - Evaluate global model
2026-04-12 01:46:40,389 - Averaged Train Loss: 1.9326
2026-04-12 01:46:40,390 - Test Accurancy: 0.2952
2026-04-12 01:46:47,998 - Round number: 13 --------------------------
2026-04-12 01:46:47,998 - Evaluate global model
2026-04-12 01:46:52,822 - Averaged Train Loss: 1.9105
2026-04-12 01:46:52,822 - Test Accurancy: 0.3084
2026-04-12 01:47:01,057 - Round number: 14 --------------------------
2026-04-12 01:47:01,057 - Evaluate global model
2026-04-12 01:47:04,470 - Averaged Train Loss: 1.8880
2026-04-12 01:47:04,470 - Test Accurancy: 0.3212
2026-04-12 01:47:13,303 - Round number: 15 --------------------------
2026-04-12 01:47:13,303 - Evaluate global model
2026-04-12 01:47:16,622 - Averaged Train Loss: 1.8735
2026-04-12 01:47:16,623 - Test Accurancy: 0.3263
2026-04-12 01:47:25,823 - Round number: 16 --------------------------
2026-04-12 01:47:25,823 - Evaluate global model
2026-04-12 01:47:28,270 - Averaged Train Loss: 1.8459
2026-04-12 01:47:28,270 - Test Accurancy: 0.3425
2026-04-12 01:47:36,901 - Round number: 17 --------------------------
2026-04-12 01:47:36,902 - Evaluate global model
2026-04-12 01:47:40,937 - Averaged Train Loss: 1.8253
2026-04-12 01:47:40,937 - Test Accurancy: 0.3522
2026-04-12 01:47:48,383 - Round number: 18 --------------------------
2026-04-12 01:47:48,383 - Evaluate global model
2026-04-12 01:47:52,402 - Averaged Train Loss: 1.8095
2026-04-12 01:47:52,403 - Test Accurancy: 0.3541
2026-04-12 01:48:01,638 - Round number: 19 --------------------------
2026-04-12 01:48:01,638 - Evaluate global model
2026-04-12 01:48:04,001 - Averaged Train Loss: 1.7985
2026-04-12 01:48:04,001 - Test Accurancy: 0.3596
2026-04-12 01:48:13,540 - Round number: 20 --------------------------
2026-04-12 01:48:13,540 - Evaluate global model
2026-04-12 01:48:16,717 - Averaged Train Loss: 1.7794
2026-04-12 01:48:16,718 - Test Accurancy: 0.3650
2026-04-12 01:48:25,323 - Round number: 21 --------------------------
2026-04-12 01:48:25,324 - Evaluate global model
2026-04-12 01:48:29,211 - Averaged Train Loss: 1.7647
2026-04-12 01:48:29,211 - Test Accurancy: 0.3718
2026-04-12 01:48:38,274 - Round number: 22 --------------------------
2026-04-12 01:48:38,274 - Evaluate global model
2026-04-12 01:48:40,923 - Averaged Train Loss: 1.7385
2026-04-12 01:48:40,923 - Test Accurancy: 0.3828
2026-04-12 01:48:50,213 - Round number: 23 --------------------------
2026-04-12 01:48:50,214 - Evaluate global model
2026-04-12 01:48:53,662 - Averaged Train Loss: 1.7267
2026-04-12 01:48:53,663 - Test Accurancy: 0.3855
2026-04-12 01:49:02,278 - Round number: 24 --------------------------
2026-04-12 01:49:02,278 - Evaluate global model
2026-04-12 01:49:06,320 - Averaged Train Loss: 1.7066
2026-04-12 01:49:06,320 - Test Accurancy: 0.3946
2026-04-12 01:49:15,370 - Round number: 25 --------------------------
2026-04-12 01:49:15,370 - Evaluate global model
2026-04-12 01:49:18,200 - Averaged Train Loss: 1.7010
2026-04-12 01:49:18,200 - Test Accurancy: 0.3963
2026-04-12 01:49:27,647 - Round number: 26 --------------------------
2026-04-12 01:49:27,647 - Evaluate global model
2026-04-12 01:49:31,623 - Averaged Train Loss: 1.6885
2026-04-12 01:49:31,624 - Test Accurancy: 0.3993
2026-04-12 01:49:39,447 - Round number: 27 --------------------------
2026-04-12 01:49:39,447 - Evaluate global model
2026-04-12 01:49:42,587 - Averaged Train Loss: 1.6648
2026-04-12 01:49:42,588 - Test Accurancy: 0.4092
2026-04-12 01:49:51,543 - Round number: 28 --------------------------
2026-04-12 01:49:51,543 - Evaluate global model
2026-04-12 01:49:54,933 - Averaged Train Loss: 1.6570
2026-04-12 01:49:54,933 - Test Accurancy: 0.4137
2026-04-12 01:50:03,531 - Round number: 29 --------------------------
2026-04-12 01:50:03,531 - Evaluate global model
2026-04-12 01:50:07,632 - Averaged Train Loss: 1.6358
2026-04-12 01:50:07,633 - Test Accurancy: 0.4204
2026-04-12 01:50:15,670 - Round number: 30 --------------------------
2026-04-12 01:50:15,670 - Evaluate global model
2026-04-12 01:50:18,796 - Averaged Train Loss: 1.6303
2026-04-12 01:50:18,796 - Test Accurancy: 0.4214
2026-04-12 01:50:27,820 - Round number: 31 --------------------------
2026-04-12 01:50:27,820 - Evaluate global model
2026-04-12 01:50:31,721 - Averaged Train Loss: 1.6212
2026-04-12 01:50:31,721 - Test Accurancy: 0.4224
2026-04-12 01:50:39,264 - Round number: 32 --------------------------
2026-04-12 01:50:39,264 - Evaluate global model
2026-04-12 01:50:43,778 - Averaged Train Loss: 1.6038
2026-04-12 01:50:43,778 - Test Accurancy: 0.4314
2026-04-12 01:50:52,720 - Round number: 33 --------------------------
2026-04-12 01:50:52,721 - Evaluate global model
2026-04-12 01:50:55,691 - Averaged Train Loss: 1.5946
2026-04-12 01:50:55,692 - Test Accurancy: 0.4326
2026-04-12 01:51:05,230 - Round number: 34 --------------------------
2026-04-12 01:51:05,230 - Evaluate global model
2026-04-12 01:51:08,630 - Averaged Train Loss: 1.5788
2026-04-12 01:51:08,630 - Test Accurancy: 0.4426
2026-04-12 01:51:16,079 - Round number: 35 --------------------------
2026-04-12 01:51:16,080 - Evaluate global model
2026-04-12 01:51:19,860 - Averaged Train Loss: 1.5769
2026-04-12 01:51:19,860 - Test Accurancy: 0.4388
2026-04-12 01:51:28,521 - Round number: 36 --------------------------
2026-04-12 01:51:28,521 - Evaluate global model
2026-04-12 01:51:32,146 - Averaged Train Loss: 1.5624
2026-04-12 01:51:32,146 - Test Accurancy: 0.4464
2026-04-12 01:51:40,488 - Round number: 37 --------------------------
2026-04-12 01:51:40,488 - Evaluate global model
2026-04-12 01:51:44,715 - Averaged Train Loss: 1.5615
2026-04-12 01:51:44,716 - Test Accurancy: 0.4457
2026-04-12 01:51:53,267 - Round number: 38 --------------------------
2026-04-12 01:51:53,267 - Evaluate global model
2026-04-12 01:51:56,774 - Averaged Train Loss: 1.5569
2026-04-12 01:51:56,774 - Test Accurancy: 0.4478
2026-04-12 01:52:06,234 - Round number: 39 --------------------------
2026-04-12 01:52:06,234 - Evaluate global model
2026-04-12 01:52:09,889 - Averaged Train Loss: 1.5475
2026-04-12 01:52:09,889 - Test Accurancy: 0.4475
2026-04-12 01:52:17,655 - Round number: 40 --------------------------
2026-04-12 01:52:17,655 - Evaluate global model
2026-04-12 01:52:21,836 - Averaged Train Loss: 1.5412
2026-04-12 01:52:21,837 - Test Accurancy: 0.4496
2026-04-12 01:52:29,872 - Round number: 41 --------------------------
2026-04-12 01:52:29,872 - Evaluate global model
2026-04-12 01:52:33,520 - Averaged Train Loss: 1.5309
2026-04-12 01:52:33,520 - Test Accurancy: 0.4527
2026-04-12 01:52:42,258 - Round number: 42 --------------------------
2026-04-12 01:52:42,258 - Evaluate global model
2026-04-12 01:52:46,445 - Averaged Train Loss: 1.5212
2026-04-12 01:52:46,445 - Test Accurancy: 0.4565
2026-04-12 01:52:54,289 - Round number: 43 --------------------------
2026-04-12 01:52:54,290 - Evaluate global model
2026-04-12 01:52:58,617 - Averaged Train Loss: 1.5256
2026-04-12 01:52:58,617 - Test Accurancy: 0.4538
2026-04-12 01:53:07,253 - Round number: 44 --------------------------
2026-04-12 01:53:07,254 - Evaluate global model
2026-04-12 01:53:10,353 - Averaged Train Loss: 1.5113
2026-04-12 01:53:10,353 - Test Accurancy: 0.4605
2026-04-12 01:53:18,220 - Round number: 45 --------------------------
2026-04-12 01:53:18,220 - Evaluate global model
2026-04-12 01:53:22,713 - Averaged Train Loss: 1.5083
2026-04-12 01:53:22,713 - Test Accurancy: 0.4620
2026-04-12 01:53:30,721 - Round number: 46 --------------------------
2026-04-12 01:53:30,721 - Evaluate global model
2026-04-12 01:53:34,133 - Averaged Train Loss: 1.5063
2026-04-12 01:53:34,134 - Test Accurancy: 0.4623
2026-04-12 01:53:43,552 - Round number: 47 --------------------------
2026-04-12 01:53:43,552 - Evaluate global model
2026-04-12 01:53:46,440 - Averaged Train Loss: 1.4997
2026-04-12 01:53:46,441 - Test Accurancy: 0.4632
2026-04-12 01:53:54,197 - Round number: 48 --------------------------
2026-04-12 01:53:54,197 - Evaluate global model
2026-04-12 01:53:58,987 - Averaged Train Loss: 1.4940
2026-04-12 01:53:58,987 - Test Accurancy: 0.4664
2026-04-12 01:54:06,157 - Round number: 49 --------------------------
2026-04-12 01:54:06,158 - Evaluate global model
2026-04-12 01:54:09,730 - Averaged Train Loss: 1.4884
2026-04-12 01:54:09,730 - Test Accurancy: 0.4695
2026-04-12 01:54:19,776 - Round number: 50 --------------------------
2026-04-12 01:54:19,776 - Evaluate global model
2026-04-12 01:54:22,883 - Averaged Train Loss: 1.4835
2026-04-12 01:54:22,883 - Test Accurancy: 0.4687
2026-04-12 01:54:31,840 - Round number: 51 --------------------------
2026-04-12 01:54:31,840 - Evaluate global model
2026-04-12 01:54:36,296 - Averaged Train Loss: 1.4836
2026-04-12 01:54:36,296 - Test Accurancy: 0.4686
2026-04-12 01:54:44,162 - Round number: 52 --------------------------
2026-04-12 01:54:44,162 - Evaluate global model
2026-04-12 01:54:47,891 - Averaged Train Loss: 1.4720
2026-04-12 01:54:47,892 - Test Accurancy: 0.4747
2026-04-12 01:54:55,345 - Round number: 53 --------------------------
2026-04-12 01:54:55,345 - Evaluate global model
2026-04-12 01:55:00,165 - Averaged Train Loss: 1.4717
2026-04-12 01:55:00,165 - Test Accurancy: 0.4731
2026-04-12 01:55:07,656 - Round number: 54 --------------------------
2026-04-12 01:55:07,656 - Evaluate global model
2026-04-12 01:55:11,180 - Averaged Train Loss: 1.4643
2026-04-12 01:55:11,181 - Test Accurancy: 0.4761
2026-04-12 01:55:20,493 - Round number: 55 --------------------------
2026-04-12 01:55:20,493 - Evaluate global model
2026-04-12 01:55:23,397 - Averaged Train Loss: 1.4579
2026-04-12 01:55:23,398 - Test Accurancy: 0.4787
2026-04-12 01:55:30,847 - Round number: 56 --------------------------
2026-04-12 01:55:30,847 - Evaluate global model
