2026-04-11 21:48:49,545 - *****************EXP-4*****************
2026-04-11 21:48:49,545 - Exp repeats: 1
2026-04-11 21:48:49,545 - Communication Rounds: 100
2026-04-11 21:48:49,545 - Clients: 40

2026-04-11 21:48:49,545 - Attack method: LIE
2026-04-11 21:48:49,545 - Filtering rule: flame
2026-04-11 21:48:49,545 - Dataset: Cifar10
2026-04-11 21:48:49,545 - Model: cnn2
2026-04-11 21:48:49,545 - Learning Rate: 0.04
2026-04-11 21:48:49,545 - Batch Size: 64
2026-04-11 21:48:49,545 - Device: cuda
2026-04-11 21:48:49,545 - Device id: 0
2026-04-11 21:48:49,545 - Adversaries: 8
2026-04-11 21:48:49,545 - Model Poisoning: A Little Is Enough attack
2026-04-11 21:48:49,546 - *****************EXP-4*****************
2026-04-11 21:48:49,946 - Running time: 0th ==========================
2026-04-11 21:48:54,502 - Round number: 0 --------------------------
2026-04-11 21:48:54,502 - Evaluate global model
2026-04-11 21:48:57,581 - Averaged Train Loss: 2.3046
2026-04-11 21:48:57,581 - Test Accurancy: 0.0977
2026-04-11 21:49:10,465 - Flame select clients: [0, 6, 7, 8, 9, 10, 11, 12, 13, 14, 20, 21, 22, 24, 26, 28, 29, 31, 33, 34, 35, 36, 38]
2026-04-11 21:49:10,492 - Round number: 1 --------------------------
2026-04-11 21:49:10,492 - Evaluate global model
2026-04-11 21:49:15,474 - Averaged Train Loss: 2.2931
2026-04-11 21:49:15,474 - Test Accurancy: 0.1187
2026-04-11 21:49:27,292 - Flame select clients: [0, 5, 6, 7, 8, 9, 11, 12, 13, 14, 20, 21, 22, 24, 26, 28, 29, 31, 33, 34, 35, 36, 38, 39]
2026-04-11 21:49:27,335 - Round number: 2 --------------------------
2026-04-11 21:49:27,336 - Evaluate global model
2026-04-11 21:49:33,201 - Averaged Train Loss: 2.1892
2026-04-11 21:49:33,201 - Test Accurancy: 0.2069
2026-04-11 21:49:44,690 - Flame select clients: [0, 5, 6, 7, 9, 11, 12, 13, 14, 20, 21, 22, 26, 28, 29, 31, 33, 34, 36, 38, 39]
2026-04-11 21:49:44,741 - Round number: 3 --------------------------
2026-04-11 21:49:44,741 - Evaluate global model
2026-04-11 21:49:49,709 - Averaged Train Loss: 2.1005
2026-04-11 21:49:49,709 - Test Accurancy: 0.2415
2026-04-11 21:50:02,361 - Flame select clients: [0, 5, 6, 7, 8, 9, 11, 12, 13, 14, 20, 21, 22, 26, 28, 29, 31, 33, 34, 36, 38, 39]
2026-04-11 21:50:02,393 - Round number: 4 --------------------------
2026-04-11 21:50:02,393 - Evaluate global model
2026-04-11 21:50:06,377 - Averaged Train Loss: 2.0332
2026-04-11 21:50:06,377 - Test Accurancy: 0.2634
2026-04-11 21:50:18,636 - Flame select clients: [0, 5, 6, 7, 8, 9, 11, 12, 13, 14, 20, 21, 22, 24, 26, 28, 29, 31, 33, 34, 36, 38, 39]
2026-04-11 21:50:18,688 - Round number: 5 --------------------------
2026-04-11 21:50:18,689 - Evaluate global model
2026-04-11 21:50:24,432 - Averaged Train Loss: 1.9687
2026-04-11 21:50:24,432 - Test Accurancy: 0.2863
2026-04-11 21:50:36,422 - Flame select clients: [0, 4, 5, 6, 7, 8, 9, 11, 12, 13, 14, 20, 21, 22, 24, 26, 28, 29, 31, 33, 34, 36, 38, 39]
2026-04-11 21:50:36,471 - Round number: 6 --------------------------
2026-04-11 21:50:36,471 - Evaluate global model
2026-04-11 21:50:41,280 - Averaged Train Loss: 1.9427
2026-04-11 21:50:41,281 - Test Accurancy: 0.2936
2026-04-11 21:50:54,070 - Flame select clients: [0, 5, 6, 7, 8, 9, 11, 12, 13, 14, 20, 21, 22, 24, 26, 29, 31, 33, 34, 36, 38, 39]
2026-04-11 21:50:54,102 - Round number: 7 --------------------------
2026-04-11 21:50:54,102 - Evaluate global model
2026-04-11 21:50:57,009 - Averaged Train Loss: 1.8997
2026-04-11 21:50:57,009 - Test Accurancy: 0.3163
2026-04-11 21:51:09,863 - Flame select clients: [0, 6, 7, 8, 9, 10, 11, 12, 13, 14, 20, 21, 22, 24, 26, 28, 29, 31, 33, 34, 36, 38]
2026-04-11 21:51:09,886 - Round number: 8 --------------------------
2026-04-11 21:51:09,887 - Evaluate global model
2026-04-11 21:51:15,039 - Averaged Train Loss: 1.8726
2026-04-11 21:51:15,039 - Test Accurancy: 0.3333
2026-04-11 21:51:26,648 - Flame select clients: [0, 4, 6, 7, 8, 9, 10, 11, 12, 13, 14, 21, 22, 24, 26, 28, 29, 31, 33, 34, 36, 38]
2026-04-11 21:51:26,688 - Round number: 9 --------------------------
2026-04-11 21:51:26,688 - Evaluate global model
2026-04-11 21:51:32,393 - Averaged Train Loss: 1.8356
2026-04-11 21:51:32,394 - Test Accurancy: 0.3394
2026-04-11 21:51:44,277 - Flame select clients: [0, 6, 7, 8, 9, 11, 12, 13, 14, 21, 22, 23, 24, 26, 28, 29, 31, 33, 34, 36, 38]
2026-04-11 21:51:44,325 - Round number: 10 --------------------------
2026-04-11 21:51:44,325 - Evaluate global model
2026-04-11 21:51:48,822 - Averaged Train Loss: 1.8095
2026-04-11 21:51:48,822 - Test Accurancy: 0.3556
2026-04-11 21:52:00,561 - Flame select clients: [0, 6, 7, 8, 9, 11, 12, 13, 14, 21, 22, 23, 24, 26, 28, 29, 31, 33, 34, 36, 38]
2026-04-11 21:52:00,600 - Round number: 11 --------------------------
2026-04-11 21:52:00,600 - Evaluate global model
2026-04-11 21:52:05,937 - Averaged Train Loss: 1.7876
2026-04-11 21:52:05,937 - Test Accurancy: 0.3584
2026-04-11 21:52:17,847 - Flame select clients: [0, 4, 6, 7, 8, 9, 11, 12, 13, 14, 21, 22, 24, 26, 28, 29, 31, 33, 34, 36, 38]
2026-04-11 21:52:17,888 - Round number: 12 --------------------------
2026-04-11 21:52:17,889 - Evaluate global model
2026-04-11 21:52:23,144 - Averaged Train Loss: 1.7605
2026-04-11 21:52:23,144 - Test Accurancy: 0.3736
2026-04-11 21:52:34,900 - Flame select clients: [0, 6, 7, 8, 11, 12, 13, 14, 20, 21, 22, 23, 24, 26, 28, 29, 31, 33, 34, 36, 38]
2026-04-11 21:52:34,943 - Round number: 13 --------------------------
2026-04-11 21:52:34,943 - Evaluate global model
2026-04-11 21:52:38,648 - Averaged Train Loss: 1.7199
2026-04-11 21:52:38,648 - Test Accurancy: 0.3935
2026-04-11 21:52:50,279 - Flame select clients: [0, 6, 7, 8, 9, 11, 12, 13, 14, 21, 22, 23, 24, 26, 28, 29, 31, 33, 34, 36, 38]
2026-04-11 21:52:50,309 - Round number: 14 --------------------------
2026-04-11 21:52:50,309 - Evaluate global model
2026-04-11 21:52:55,788 - Averaged Train Loss: 1.7117
2026-04-11 21:52:55,789 - Test Accurancy: 0.3893
2026-04-11 21:53:08,439 - Flame select clients: [0, 4, 6, 7, 8, 11, 12, 13, 14, 21, 22, 23, 24, 26, 28, 29, 31, 33, 34, 36, 38]
2026-04-11 21:53:08,483 - Round number: 15 --------------------------
2026-04-11 21:53:08,483 - Evaluate global model
2026-04-11 21:53:13,942 - Averaged Train Loss: 1.6567
2026-04-11 21:53:13,943 - Test Accurancy: 0.4111
2026-04-11 21:53:25,697 - Flame select clients: [0, 6, 7, 8, 9, 11, 12, 13, 14, 20, 21, 22, 24, 26, 28, 29, 31, 33, 34, 36, 38]
2026-04-11 21:53:25,731 - Round number: 16 --------------------------
2026-04-11 21:53:25,731 - Evaluate global model
2026-04-11 21:53:29,904 - Averaged Train Loss: 1.6600
2026-04-11 21:53:29,904 - Test Accurancy: 0.4113
2026-04-11 21:53:41,851 - Flame select clients: [0, 4, 6, 7, 8, 9, 11, 12, 13, 14, 21, 22, 24, 26, 28, 29, 31, 33, 34, 36, 38]
2026-04-11 21:53:41,888 - Round number: 17 --------------------------
2026-04-11 21:53:41,888 - Evaluate global model
2026-04-11 21:53:47,422 - Averaged Train Loss: 1.6358
2026-04-11 21:53:47,422 - Test Accurancy: 0.4147
2026-04-11 21:53:58,365 - Flame select clients: [0, 4, 6, 7, 8, 9, 11, 12, 13, 14, 20, 21, 22, 24, 26, 28, 29, 31, 33, 34, 35, 36, 38]
2026-04-11 21:53:58,402 - Round number: 18 --------------------------
2026-04-11 21:53:58,402 - Evaluate global model
2026-04-11 21:54:03,565 - Averaged Train Loss: 1.6184
2026-04-11 21:54:03,565 - Test Accurancy: 0.4207
2026-04-11 21:54:15,208 - Flame select clients: [0, 4, 6, 7, 8, 11, 12, 13, 14, 21, 22, 24, 26, 28, 29, 30, 31, 32, 33, 34, 36, 38]
2026-04-11 21:54:15,253 - Round number: 19 --------------------------
2026-04-11 21:54:15,253 - Evaluate global model
2026-04-11 21:54:18,639 - Averaged Train Loss: 1.5957
2026-04-11 21:54:18,639 - Test Accurancy: 0.4280
2026-04-11 21:54:30,396 - Flame select clients: [0, 4, 6, 7, 8, 9, 11, 12, 13, 14, 20, 21, 22, 23, 24, 26, 28, 29, 31, 33, 35, 36, 38]
2026-04-11 21:54:30,420 - Round number: 20 --------------------------
2026-04-11 21:54:30,420 - Evaluate global model
2026-04-11 21:54:34,805 - Averaged Train Loss: 1.5838
2026-04-11 21:54:34,805 - Test Accurancy: 0.4344
2026-04-11 21:54:46,266 - Flame select clients: [0, 4, 6, 7, 8, 9, 11, 12, 13, 14, 21, 22, 23, 24, 26, 28, 29, 31, 33, 34, 36, 38]
2026-04-11 21:54:46,307 - Round number: 21 --------------------------
2026-04-11 21:54:46,308 - Evaluate global model
2026-04-11 21:54:51,379 - Averaged Train Loss: 1.5428
2026-04-11 21:54:51,380 - Test Accurancy: 0.4473
2026-04-11 21:55:02,747 - Flame select clients: [0, 6, 7, 8, 9, 11, 12, 13, 14, 21, 22, 23, 24, 26, 28, 29, 31, 33, 34, 35, 36]
2026-04-11 21:55:02,798 - Round number: 22 --------------------------
2026-04-11 21:55:02,799 - Evaluate global model
2026-04-11 21:55:07,080 - Averaged Train Loss: 1.5463
2026-04-11 21:55:07,080 - Test Accurancy: 0.4481
2026-04-11 21:55:18,623 - Flame select clients: [0, 6, 7, 8, 9, 11, 12, 13, 14, 21, 22, 23, 24, 26, 28, 29, 31, 33, 34, 36, 38]
2026-04-11 21:55:18,672 - Round number: 23 --------------------------
2026-04-11 21:55:18,673 - Evaluate global model
2026-04-11 21:55:22,463 - Averaged Train Loss: 1.5302
2026-04-11 21:55:22,463 - Test Accurancy: 0.4513
2026-04-11 21:55:34,429 - Flame select clients: [0, 4, 6, 7, 8, 9, 11, 12, 13, 14, 21, 22, 24, 26, 28, 29, 31, 33, 34, 36, 38]
2026-04-11 21:55:34,467 - Round number: 24 --------------------------
2026-04-11 21:55:34,468 - Evaluate global model
2026-04-11 21:55:39,269 - Averaged Train Loss: 1.5213
2026-04-11 21:55:39,270 - Test Accurancy: 0.4533
2026-04-11 21:55:50,766 - Flame select clients: [0, 4, 6, 7, 8, 9, 11, 12, 13, 14, 20, 21, 22, 24, 26, 28, 29, 31, 33, 34, 36, 38]
2026-04-11 21:55:50,808 - Round number: 25 --------------------------
2026-04-11 21:55:50,808 - Evaluate global model
2026-04-11 21:55:56,011 - Averaged Train Loss: 1.5130
2026-04-11 21:55:56,011 - Test Accurancy: 0.4535
2026-04-11 21:56:07,786 - Flame select clients: [0, 4, 6, 7, 8, 9, 12, 13, 14, 20, 21, 22, 24, 26, 28, 29, 30, 31, 32, 33, 36, 38]
2026-04-11 21:56:07,834 - Round number: 26 --------------------------
2026-04-11 21:56:07,834 - Evaluate global model
2026-04-11 21:56:12,185 - Averaged Train Loss: 1.5304
2026-04-11 21:56:12,186 - Test Accurancy: 0.4540
2026-04-11 21:56:23,910 - Flame select clients: [0, 4, 6, 7, 8, 9, 11, 12, 13, 14, 21, 22, 24, 26, 28, 29, 31, 33, 34, 36, 38]
2026-04-11 21:56:23,944 - Round number: 27 --------------------------
2026-04-11 21:56:23,945 - Evaluate global model
2026-04-11 21:56:29,413 - Averaged Train Loss: 1.4816
2026-04-11 21:56:29,413 - Test Accurancy: 0.4645
2026-04-11 21:56:40,427 - Flame select clients: [0, 1, 4, 6, 7, 8, 9, 11, 12, 13, 14, 21, 22, 24, 26, 28, 29, 31, 33, 34, 36, 38]
2026-04-11 21:56:40,472 - Round number: 28 --------------------------
2026-04-11 21:56:40,473 - Evaluate global model
2026-04-11 21:56:46,280 - Averaged Train Loss: 1.4730
2026-04-11 21:56:46,280 - Test Accurancy: 0.4708
2026-04-11 21:56:57,331 - Flame select clients: [0, 4, 6, 7, 8, 9, 11, 12, 13, 14, 20, 21, 22, 24, 26, 28, 29, 30, 31, 32, 33, 34, 36, 38]
2026-04-11 21:56:57,378 - Round number: 29 --------------------------
2026-04-11 21:56:57,378 - Evaluate global model
2026-04-11 21:57:01,622 - Averaged Train Loss: 1.4843
2026-04-11 21:57:01,622 - Test Accurancy: 0.4679
2026-04-11 21:57:13,236 - Flame select clients: [0, 4, 6, 7, 8, 11, 12, 13, 14, 21, 22, 24, 26, 28, 29, 30, 31, 32, 33, 34, 36, 38]
2026-04-11 21:57:13,261 - Round number: 30 --------------------------
2026-04-11 21:57:13,262 - Evaluate global model
2026-04-11 21:57:16,449 - Averaged Train Loss: 1.4678
2026-04-11 21:57:16,449 - Test Accurancy: 0.4732
2026-04-11 21:57:29,217 - Flame select clients: [0, 1, 2, 4, 6, 7, 8, 9, 12, 13, 14, 20, 21, 22, 26, 29, 31, 32, 33, 36, 38]
2026-04-11 21:57:29,243 - Round number: 31 --------------------------
2026-04-11 21:57:29,244 - Evaluate global model
2026-04-11 21:57:33,365 - Averaged Train Loss: 1.4538
2026-04-11 21:57:33,365 - Test Accurancy: 0.4775
2026-04-11 21:57:45,394 - Flame select clients: [0, 4, 6, 7, 8, 11, 12, 13, 14, 21, 22, 24, 26, 28, 29, 30, 31, 32, 33, 34, 36, 38]
2026-04-11 21:57:45,439 - Round number: 32 --------------------------
2026-04-11 21:57:45,439 - Evaluate global model
2026-04-11 21:57:49,692 - Averaged Train Loss: 1.4540
2026-04-11 21:57:49,692 - Test Accurancy: 0.4788
2026-04-11 21:58:01,655 - Flame select clients: [0, 1, 4, 6, 7, 8, 12, 13, 14, 20, 21, 22, 24, 26, 28, 29, 30, 31, 32, 33, 36]
2026-04-11 21:58:01,707 - Round number: 33 --------------------------
2026-04-11 21:58:01,708 - Evaluate global model
2026-04-11 21:58:05,186 - Averaged Train Loss: 1.4437
2026-04-11 21:58:05,186 - Test Accurancy: 0.4822
2026-04-11 21:58:16,412 - Flame select clients: [0, 4, 6, 7, 8, 9, 11, 12, 13, 14, 21, 22, 24, 26, 28, 29, 30, 31, 32, 33, 34, 36]
2026-04-11 21:58:16,445 - Round number: 34 --------------------------
2026-04-11 21:58:16,445 - Evaluate global model
2026-04-11 21:58:21,803 - Averaged Train Loss: 1.4447
2026-04-11 21:58:21,803 - Test Accurancy: 0.4808
2026-04-11 21:58:33,232 - Flame select clients: [0, 4, 6, 7, 8, 11, 12, 13, 14, 21, 22, 24, 26, 28, 29, 30, 31, 32, 33, 34, 36]
2026-04-11 21:58:33,277 - Round number: 35 --------------------------
2026-04-11 21:58:33,277 - Evaluate global model
2026-04-11 21:58:39,376 - Averaged Train Loss: 1.4406
2026-04-11 21:58:39,376 - Test Accurancy: 0.4813
2026-04-11 21:58:50,815 - Flame select clients: [0, 1, 4, 6, 7, 8, 11, 12, 13, 14, 21, 22, 24, 26, 28, 29, 30, 31, 32, 33, 34, 36]
2026-04-11 21:58:50,862 - Round number: 36 --------------------------
2026-04-11 21:58:50,862 - Evaluate global model
2026-04-11 21:58:55,105 - Averaged Train Loss: 1.4136
2026-04-11 21:58:55,105 - Test Accurancy: 0.4940
2026-04-11 21:59:07,374 - Flame select clients: [0, 4, 6, 7, 8, 9, 11, 12, 13, 14, 21, 22, 24, 26, 28, 29, 30, 31, 32, 33, 34, 36]
2026-04-11 21:59:07,404 - Round number: 37 --------------------------
2026-04-11 21:59:07,405 - Evaluate global model
2026-04-11 21:59:12,076 - Averaged Train Loss: 1.4253
2026-04-11 21:59:12,076 - Test Accurancy: 0.4888
2026-04-11 21:59:23,400 - Flame select clients: [0, 1, 4, 6, 7, 8, 9, 11, 12, 13, 14, 21, 22, 24, 26, 28, 29, 30, 31, 32, 33, 34, 36, 38]
2026-04-11 21:59:23,444 - Round number: 38 --------------------------
2026-04-11 21:59:23,444 - Evaluate global model
2026-04-11 21:59:29,127 - Averaged Train Loss: 1.4042
2026-04-11 21:59:29,128 - Test Accurancy: 0.4962
2026-04-11 21:59:40,580 - Flame select clients: [0, 1, 4, 6, 7, 8, 9, 11, 12, 13, 14, 21, 22, 24, 26, 28, 29, 30, 31, 32, 33, 34, 36]
2026-04-11 21:59:40,626 - Round number: 39 --------------------------
2026-04-11 21:59:40,626 - Evaluate global model
2026-04-11 21:59:44,869 - Averaged Train Loss: 1.4108
2026-04-11 21:59:44,869 - Test Accurancy: 0.4926
2026-04-11 21:59:56,629 - Flame select clients: [0, 1, 4, 6, 7, 8, 11, 12, 13, 14, 21, 22, 24, 26, 28, 29, 30, 31, 32, 33, 34, 36]
2026-04-11 21:59:56,659 - Round number: 40 --------------------------
2026-04-11 21:59:56,659 - Evaluate global model
2026-04-11 22:00:02,229 - Averaged Train Loss: 1.3950
2026-04-11 22:00:02,229 - Test Accurancy: 0.4986
2026-04-11 22:00:13,836 - Flame select clients: [0, 4, 6, 7, 8, 11, 12, 13, 14, 21, 22, 24, 26, 28, 29, 30, 31, 32, 33, 34, 36]
2026-04-11 22:00:13,883 - Round number: 41 --------------------------
2026-04-11 22:00:13,883 - Evaluate global model
2026-04-11 22:00:19,825 - Averaged Train Loss: 1.3823
2026-04-11 22:00:19,825 - Test Accurancy: 0.5014
2026-04-11 22:00:30,822 - Flame select clients: [0, 4, 6, 7, 8, 11, 12, 13, 14, 21, 22, 24, 26, 28, 29, 30, 31, 32, 33, 34, 36]
2026-04-11 22:00:30,873 - Round number: 42 --------------------------
2026-04-11 22:00:30,874 - Evaluate global model
2026-04-11 22:00:34,591 - Averaged Train Loss: 1.3795
2026-04-11 22:00:34,591 - Test Accurancy: 0.5026
2026-04-11 22:00:46,720 - Flame select clients: [0, 4, 6, 7, 8, 9, 11, 12, 13, 14, 21, 22, 24, 26, 28, 29, 30, 31, 32, 33, 34, 36, 38]
2026-04-11 22:00:46,755 - Round number: 43 --------------------------
2026-04-11 22:00:46,755 - Evaluate global model
2026-04-11 22:00:50,448 - Averaged Train Loss: 1.3782
2026-04-11 22:00:50,448 - Test Accurancy: 0.5047
2026-04-11 22:01:02,419 - Flame select clients: [0, 4, 6, 7, 8, 9, 11, 12, 13, 14, 21, 22, 24, 26, 28, 29, 30, 32, 33, 34, 36]
2026-04-11 22:01:02,453 - Round number: 44 --------------------------
2026-04-11 22:01:02,453 - Evaluate global model
2026-04-11 22:01:07,223 - Averaged Train Loss: 1.3625
2026-04-11 22:01:07,223 - Test Accurancy: 0.5061
2026-04-11 22:01:18,832 - Flame select clients: [0, 2, 3, 4, 6, 7, 8, 11, 12, 13, 14, 21, 22, 24, 26, 28, 29, 30, 31, 32, 33, 34, 36]
2026-04-11 22:01:18,871 - Round number: 45 --------------------------
2026-04-11 22:01:18,871 - Evaluate global model
2026-04-11 22:01:22,931 - Averaged Train Loss: 1.3514
2026-04-11 22:01:22,931 - Test Accurancy: 0.5121
2026-04-11 22:01:35,227 - Flame select clients: [0, 4, 6, 7, 8, 11, 12, 13, 14, 21, 22, 24, 26, 28, 29, 30, 31, 32, 33, 34, 36]
2026-04-11 22:01:35,260 - Round number: 46 --------------------------
2026-04-11 22:01:35,261 - Evaluate global model
2026-04-11 22:01:38,196 - Averaged Train Loss: 1.3560
2026-04-11 22:01:38,197 - Test Accurancy: 0.5110
2026-04-11 22:01:50,120 - Flame select clients: [0, 4, 6, 7, 8, 9, 11, 12, 13, 21, 22, 24, 26, 28, 29, 30, 31, 32, 33, 34, 36]
2026-04-11 22:01:50,159 - Round number: 47 --------------------------
2026-04-11 22:01:50,160 - Evaluate global model
2026-04-11 22:01:55,133 - Averaged Train Loss: 1.3550
2026-04-11 22:01:55,133 - Test Accurancy: 0.5118
2026-04-11 22:02:06,551 - Flame select clients: [0, 1, 4, 6, 7, 8, 11, 12, 13, 14, 21, 22, 23, 24, 26, 28, 29, 30, 31, 32, 33, 34, 36]
2026-04-11 22:02:06,603 - Round number: 48 --------------------------
2026-04-11 22:02:06,603 - Evaluate global model
2026-04-11 22:02:12,138 - Averaged Train Loss: 1.3427
2026-04-11 22:02:12,143 - Test Accurancy: 0.5159
2026-04-11 22:02:23,700 - Flame select clients: [0, 4, 6, 7, 8, 11, 12, 13, 14, 21, 22, 24, 26, 28, 29, 30, 31, 32, 33, 34, 36]
2026-04-11 22:02:23,753 - Round number: 49 --------------------------
2026-04-11 22:02:23,753 - Evaluate global model
2026-04-11 22:02:28,134 - Averaged Train Loss: 1.3363
2026-04-11 22:02:28,134 - Test Accurancy: 0.5159
2026-04-11 22:02:40,454 - Flame select clients: [0, 4, 6, 7, 8, 9, 11, 12, 13, 14, 20, 21, 22, 24, 26, 28, 29, 30, 31, 32, 33, 34, 36]
2026-04-11 22:02:40,485 - Round number: 50 --------------------------
2026-04-11 22:02:40,485 - Evaluate global model
2026-04-11 22:02:45,202 - Averaged Train Loss: 1.3372
2026-04-11 22:02:45,203 - Test Accurancy: 0.5177
2026-04-11 22:02:56,454 - Flame select clients: [0, 1, 4, 6, 7, 8, 11, 12, 13, 14, 21, 22, 24, 26, 28, 29, 30, 32, 33, 34, 36]
2026-04-11 22:02:56,506 - Round number: 51 --------------------------
2026-04-11 22:02:56,506 - Evaluate global model
2026-04-11 22:03:01,986 - Averaged Train Loss: 1.3134
2026-04-11 22:03:01,987 - Test Accurancy: 0.5236
2026-04-11 22:03:14,453 - Flame select clients: [0, 4, 6, 7, 8, 11, 12, 13, 21, 22, 24, 26, 28, 29, 30, 31, 32, 33, 34, 36, 38]
2026-04-11 22:03:14,492 - Round number: 52 --------------------------
2026-04-11 22:03:14,492 - Evaluate global model
2026-04-11 22:03:18,902 - Averaged Train Loss: 1.3163
2026-04-11 22:03:18,902 - Test Accurancy: 0.5208
2026-04-11 22:03:29,967 - Flame select clients: [0, 4, 6, 7, 8, 11, 12, 13, 14, 21, 22, 24, 26, 28, 29, 30, 31, 32, 33, 34, 36]
2026-04-11 22:03:30,009 - Round number: 53 --------------------------
2026-04-11 22:03:30,009 - Evaluate global model
2026-04-11 22:03:35,896 - Averaged Train Loss: 1.3103
2026-04-11 22:03:35,896 - Test Accurancy: 0.5258
2026-04-11 22:03:46,621 - Flame select clients: [0, 2, 4, 6, 8, 11, 12, 13, 14, 21, 22, 23, 24, 26, 28, 29, 30, 32, 33, 34, 38]
2026-04-11 22:03:46,671 - Round number: 54 --------------------------
2026-04-11 22:03:46,671 - Evaluate global model
2026-04-11 22:03:52,439 - Averaged Train Loss: 1.2956
2026-04-11 22:03:52,440 - Test Accurancy: 0.5280
2026-04-11 22:04:04,160 - Flame select clients: [0, 1, 4, 6, 7, 8, 11, 12, 13, 14, 21, 22, 24, 26, 28, 29, 30, 31, 32, 33, 34, 36]
2026-04-11 22:04:04,198 - Round number: 55 --------------------------
2026-04-11 22:04:04,198 - Evaluate global model
2026-04-11 22:04:07,555 - Averaged Train Loss: 1.2969
2026-04-11 22:04:07,555 - Test Accurancy: 0.5292
2026-04-11 22:04:19,628 - Flame select clients: [0, 1, 4, 6, 7, 8, 11, 12, 13, 14, 21, 22, 24, 26, 28, 29, 30, 31, 32, 33, 34, 36]
2026-04-11 22:04:19,653 - Round number: 56 --------------------------
2026-04-11 22:04:19,653 - Evaluate global model
2026-04-11 22:04:24,407 - Averaged Train Loss: 1.2913
2026-04-11 22:04:24,407 - Test Accurancy: 0.5307
2026-04-11 22:04:36,581 - Flame select clients: [0, 4, 6, 7, 8, 11, 12, 13, 14, 21, 22, 23, 24, 26, 28, 29, 30, 31, 32, 33, 34, 36]
2026-04-11 22:04:36,631 - Round number: 57 --------------------------
2026-04-11 22:04:36,631 - Evaluate global model
2026-04-11 22:04:41,847 - Averaged Train Loss: 1.2862
2026-04-11 22:04:41,848 - Test Accurancy: 0.5311
2026-04-11 22:04:53,460 - Flame select clients: [0, 4, 6, 7, 8, 11, 12, 13, 21, 22, 23, 24, 26, 28, 29, 30, 31, 32, 33, 34, 36]
2026-04-11 22:04:53,494 - Round number: 58 --------------------------
2026-04-11 22:04:53,494 - Evaluate global model
2026-04-11 22:04:57,112 - Averaged Train Loss: 1.2931
2026-04-11 22:04:57,112 - Test Accurancy: 0.5303
2026-04-11 22:05:08,787 - Flame select clients: [0, 1, 4, 6, 7, 8, 11, 12, 13, 14, 21, 22, 24, 26, 28, 29, 30, 31, 32, 33, 34, 36]
2026-04-11 22:05:08,815 - Round number: 59 --------------------------
2026-04-11 22:05:08,815 - Evaluate global model
2026-04-11 22:05:13,440 - Averaged Train Loss: 1.2831
2026-04-11 22:05:13,440 - Test Accurancy: 0.5335
2026-04-11 22:05:24,903 - Flame select clients: [0, 1, 4, 6, 7, 8, 11, 12, 13, 14, 21, 22, 23, 24, 26, 28, 29, 30, 31, 32, 33, 34, 36]
2026-04-11 22:05:24,943 - Round number: 60 --------------------------
2026-04-11 22:05:24,944 - Evaluate global model
2026-04-11 22:05:30,014 - Averaged Train Loss: 1.2837
2026-04-11 22:05:30,014 - Test Accurancy: 0.5345
2026-04-11 22:05:41,370 - Flame select clients: [0, 1, 4, 6, 8, 11, 12, 13, 14, 21, 22, 23, 24, 26, 28, 29, 30, 32, 33, 34, 38]
2026-04-11 22:05:41,404 - Round number: 61 --------------------------
2026-04-11 22:05:41,405 - Evaluate global model
2026-04-11 22:05:45,488 - Averaged Train Loss: 1.2612
2026-04-11 22:05:45,488 - Test Accurancy: 0.5387
2026-04-11 22:05:57,485 - Flame select clients: [0, 1, 4, 6, 7, 8, 11, 12, 13, 14, 21, 22, 24, 26, 28, 29, 30, 31, 32, 33, 34, 36]
2026-04-11 22:05:57,508 - Round number: 62 --------------------------
2026-04-11 22:05:57,508 - Evaluate global model
2026-04-11 22:06:00,753 - Averaged Train Loss: 1.2686
2026-04-11 22:06:00,753 - Test Accurancy: 0.5389
2026-04-11 22:06:13,082 - Flame select clients: [0, 1, 4, 6, 7, 8, 11, 12, 13, 14, 21, 22, 24, 26, 28, 29, 30, 31, 32, 33, 34, 36]
2026-04-11 22:06:13,117 - Round number: 63 --------------------------
2026-04-11 22:06:13,117 - Evaluate global model
2026-04-11 22:06:17,546 - Averaged Train Loss: 1.2626
2026-04-11 22:06:17,546 - Test Accurancy: 0.5401
2026-04-11 22:06:29,296 - Flame select clients: [0, 1, 4, 6, 7, 8, 11, 12, 13, 14, 21, 22, 24, 26, 28, 29, 30, 31, 32, 33, 34, 36]
2026-04-11 22:06:29,336 - Round number: 64 --------------------------
2026-04-11 22:06:29,336 - Evaluate global model
2026-04-11 22:06:33,684 - Averaged Train Loss: 1.2669
2026-04-11 22:06:33,685 - Test Accurancy: 0.5387
2026-04-11 22:06:45,660 - Flame select clients: [0, 4, 6, 8, 9, 11, 12, 13, 14, 21, 22, 24, 26, 28, 29, 30, 31, 32, 33, 34, 36]
2026-04-11 22:06:45,701 - Round number: 65 --------------------------
2026-04-11 22:06:45,701 - Evaluate global model
2026-04-11 22:06:48,663 - Averaged Train Loss: 1.2853
2026-04-11 22:06:48,663 - Test Accurancy: 0.5352
2026-04-11 22:07:01,176 - Flame select clients: [0, 4, 6, 7, 8, 9, 11, 12, 13, 14, 21, 22, 24, 26, 28, 29, 30, 32, 33, 34, 36]
2026-04-11 22:07:01,209 - Round number: 66 --------------------------
2026-04-11 22:07:01,210 - Evaluate global model
2026-04-11 22:07:04,673 - Averaged Train Loss: 1.2739
2026-04-11 22:07:04,673 - Test Accurancy: 0.5368
2026-04-11 22:07:16,215 - Flame select clients: [0, 1, 4, 6, 8, 9, 11, 12, 13, 14, 21, 22, 24, 26, 28, 29, 30, 32, 33, 34, 36]
2026-04-11 22:07:16,256 - Round number: 67 --------------------------
2026-04-11 22:07:16,256 - Evaluate global model
2026-04-11 22:07:21,713 - Averaged Train Loss: 1.2711
2026-04-11 22:07:21,713 - Test Accurancy: 0.5363
2026-04-11 22:07:32,926 - Flame select clients: [0, 1, 4, 6, 8, 9, 11, 12, 13, 14, 21, 22, 23, 24, 26, 28, 29, 30, 32, 33, 34]
2026-04-11 22:07:32,972 - Round number: 68 --------------------------
2026-04-11 22:07:32,972 - Evaluate global model
2026-04-11 22:07:38,388 - Averaged Train Loss: 1.2543
2026-04-11 22:07:38,388 - Test Accurancy: 0.5389
2026-04-11 22:07:50,440 - Flame select clients: [0, 4, 6, 7, 8, 11, 12, 13, 21, 22, 23, 24, 26, 28, 29, 30, 31, 32, 33, 34, 36]
2026-04-11 22:07:50,477 - Round number: 69 --------------------------
2026-04-11 22:07:50,477 - Evaluate global model
2026-04-11 22:07:54,796 - Averaged Train Loss: 1.2559
2026-04-11 22:07:54,796 - Test Accurancy: 0.5439
2026-04-11 22:08:06,479 - Flame select clients: [0, 1, 4, 6, 7, 8, 11, 12, 13, 14, 21, 22, 23, 24, 26, 28, 29, 30, 31, 32, 33, 34, 36]
2026-04-11 22:08:06,523 - Round number: 70 --------------------------
2026-04-11 22:08:06,523 - Evaluate global model
2026-04-11 22:08:11,886 - Averaged Train Loss: 1.2348
2026-04-11 22:08:11,887 - Test Accurancy: 0.5469
2026-04-11 22:08:23,391 - Flame select clients: [0, 1, 4, 6, 7, 8, 11, 12, 13, 14, 21, 22, 24, 26, 28, 29, 30, 32, 33, 34, 36]
2026-04-11 22:08:23,443 - Round number: 71 --------------------------
2026-04-11 22:08:23,443 - Evaluate global model
2026-04-11 22:08:28,457 - Averaged Train Loss: 1.2362
2026-04-11 22:08:28,458 - Test Accurancy: 0.5463
2026-04-11 22:08:40,709 - Flame select clients: [0, 1, 4, 6, 8, 9, 11, 12, 13, 14, 21, 22, 24, 26, 28, 29, 30, 31, 32, 33, 34]
2026-04-11 22:08:40,750 - Round number: 72 --------------------------
2026-04-11 22:08:40,750 - Evaluate global model
2026-04-11 22:08:44,503 - Averaged Train Loss: 1.2619
2026-04-11 22:08:44,504 - Test Accurancy: 0.5406
2026-04-11 22:08:55,990 - Flame select clients: [0, 1, 4, 6, 8, 11, 12, 13, 14, 21, 22, 24, 26, 28, 29, 30, 31, 32, 33, 34, 36]
2026-04-11 22:08:56,022 - Round number: 73 --------------------------
2026-04-11 22:08:56,022 - Evaluate global model
2026-04-11 22:09:02,071 - Averaged Train Loss: 1.2546
2026-04-11 22:09:02,071 - Test Accurancy: 0.5449
2026-04-11 22:09:13,456 - Flame select clients: [0, 1, 4, 6, 8, 11, 12, 13, 14, 21, 22, 23, 24, 26, 28, 29, 30, 31, 32, 33, 34, 36]
2026-04-11 22:09:13,514 - Round number: 74 --------------------------
2026-04-11 22:09:13,514 - Evaluate global model
2026-04-11 22:09:19,065 - Averaged Train Loss: 1.2274
2026-04-11 22:09:19,065 - Test Accurancy: 0.5504
2026-04-11 22:09:30,666 - Flame select clients: [0, 4, 6, 8, 11, 12, 13, 14, 21, 22, 23, 24, 26, 28, 29, 30, 31, 32, 33, 34, 36]
2026-04-11 22:09:30,705 - Round number: 75 --------------------------
2026-04-11 22:09:30,705 - Evaluate global model
2026-04-11 22:09:35,123 - Averaged Train Loss: 1.2336
2026-04-11 22:09:35,123 - Test Accurancy: 0.5490
2026-04-11 22:09:46,267 - Flame select clients: [0, 1, 4, 6, 8, 9, 11, 12, 13, 14, 21, 22, 24, 26, 28, 29, 30, 32, 33, 34, 36]
2026-04-11 22:09:46,305 - Round number: 76 --------------------------
2026-04-11 22:09:46,305 - Evaluate global model
2026-04-11 22:09:51,749 - Averaged Train Loss: 1.2317
2026-04-11 22:09:51,749 - Test Accurancy: 0.5475
2026-04-11 22:10:03,525 - Flame select clients: [0, 1, 4, 6, 7, 8, 11, 12, 13, 14, 21, 22, 24, 26, 28, 29, 30, 32, 33, 34, 36]
2026-04-11 22:10:03,561 - Round number: 77 --------------------------
2026-04-11 22:10:03,561 - Evaluate global model
2026-04-11 22:10:07,415 - Averaged Train Loss: 1.2137
2026-04-11 22:10:07,415 - Test Accurancy: 0.5547
2026-04-11 22:10:13,524 - Flame select clients: [0, 1, 4, 6, 8, 11, 12, 13, 14, 21, 22, 23, 24, 26, 28, 29, 30, 32, 33, 34, 36]
2026-04-11 22:10:13,541 - Round number: 78 --------------------------
2026-04-11 22:10:13,541 - Evaluate global model
2026-04-11 22:10:14,874 - Averaged Train Loss: 1.2016
2026-04-11 22:10:14,874 - Test Accurancy: 0.5560
2026-04-11 22:10:20,976 - Flame select clients: [0, 1, 4, 6, 8, 9, 11, 12, 13, 14, 21, 22, 23, 24, 26, 28, 29, 30, 32, 33, 34]
2026-04-11 22:10:20,997 - Round number: 79 --------------------------
2026-04-11 22:10:20,997 - Evaluate global model
2026-04-11 22:10:22,672 - Averaged Train Loss: 1.2249
2026-04-11 22:10:22,672 - Test Accurancy: 0.5500
2026-04-11 22:10:28,217 - Flame select clients: [0, 1, 4, 6, 7, 8, 11, 12, 13, 14, 21, 22, 23, 24, 26, 28, 29, 30, 31, 32, 33, 34, 36]
2026-04-11 22:10:28,238 - Round number: 80 --------------------------
2026-04-11 22:10:28,238 - Evaluate global model
2026-04-11 22:10:30,556 - Averaged Train Loss: 1.2101
2026-04-11 22:10:30,556 - Test Accurancy: 0.5557
2026-04-11 22:10:35,739 - Flame select clients: [0, 1, 4, 6, 8, 11, 12, 13, 14, 21, 22, 23, 24, 26, 28, 29, 30, 31, 32, 33, 34, 36]
2026-04-11 22:10:35,758 - Round number: 81 --------------------------
2026-04-11 22:10:35,759 - Evaluate global model
2026-04-11 22:10:38,020 - Averaged Train Loss: 1.2098
2026-04-11 22:10:38,020 - Test Accurancy: 0.5562
2026-04-11 22:10:43,237 - Flame select clients: [4, 6, 8, 9, 11, 12, 13, 14, 21, 22, 23, 24, 26, 28, 29, 30, 31, 32, 33, 34, 36]
2026-04-11 22:10:43,258 - Round number: 82 --------------------------
2026-04-11 22:10:43,258 - Evaluate global model
2026-04-11 22:10:46,145 - Averaged Train Loss: 1.2445
2026-04-11 22:10:46,145 - Test Accurancy: 0.5481
2026-04-11 22:10:51,487 - Flame select clients: [0, 1, 4, 6, 8, 11, 12, 13, 14, 21, 22, 24, 26, 28, 29, 30, 31, 32, 33, 34, 36]
2026-04-11 22:10:51,507 - Round number: 83 --------------------------
2026-04-11 22:10:51,508 - Evaluate global model
2026-04-11 22:10:54,503 - Averaged Train Loss: 1.2287
2026-04-11 22:10:54,503 - Test Accurancy: 0.5524
2026-04-11 22:10:59,776 - Flame select clients: [0, 1, 4, 6, 8, 9, 11, 12, 13, 14, 21, 22, 24, 26, 28, 29, 30, 32, 33, 34, 36]
2026-04-11 22:10:59,797 - Round number: 84 --------------------------
2026-04-11 22:10:59,797 - Evaluate global model
2026-04-11 22:11:02,364 - Averaged Train Loss: 1.2107
2026-04-11 22:11:02,365 - Test Accurancy: 0.5561
2026-04-11 22:11:07,701 - Flame select clients: [0, 1, 4, 6, 8, 11, 12, 13, 14, 21, 22, 24, 26, 28, 29, 30, 31, 32, 33, 34, 36]
2026-04-11 22:11:07,720 - Round number: 85 --------------------------
2026-04-11 22:11:07,720 - Evaluate global model
2026-04-11 22:11:09,935 - Averaged Train Loss: 1.2303
2026-04-11 22:11:09,935 - Test Accurancy: 0.5520
2026-04-11 22:11:15,299 - Flame select clients: [0, 1, 4, 6, 8, 11, 12, 13, 14, 21, 22, 24, 26, 28, 29, 30, 31, 32, 33, 34, 36]
2026-04-11 22:11:15,319 - Round number: 86 --------------------------
2026-04-11 22:11:15,319 - Evaluate global model
2026-04-11 22:11:17,217 - Averaged Train Loss: 1.2174
2026-04-11 22:11:17,217 - Test Accurancy: 0.5544
2026-04-11 22:11:22,940 - Flame select clients: [0, 1, 4, 6, 8, 11, 12, 13, 14, 21, 22, 24, 26, 28, 29, 30, 31, 32, 33, 34, 36]
2026-04-11 22:11:22,960 - Round number: 87 --------------------------
2026-04-11 22:11:22,960 - Evaluate global model
2026-04-11 22:11:24,700 - Averaged Train Loss: 1.2114
2026-04-11 22:11:24,700 - Test Accurancy: 0.5554
2026-04-11 22:11:30,674 - Flame select clients: [1, 4, 6, 8, 11, 12, 13, 14, 21, 22, 23, 24, 26, 28, 29, 30, 31, 32, 33, 34, 36]
2026-04-11 22:11:30,697 - Round number: 88 --------------------------
2026-04-11 22:11:30,697 - Evaluate global model
2026-04-11 22:11:32,583 - Averaged Train Loss: 1.2038
2026-04-11 22:11:32,583 - Test Accurancy: 0.5587
2026-04-11 22:11:36,983 - Flame select clients: [0, 4, 6, 8, 11, 12, 13, 14, 21, 22, 23, 24, 26, 28, 29, 30, 31, 32, 33, 34, 36]
2026-04-11 22:11:37,003 - Round number: 89 --------------------------
2026-04-11 22:11:37,003 - Evaluate global model
2026-04-11 22:11:38,637 - Averaged Train Loss: 1.2108
2026-04-11 22:11:38,637 - Test Accurancy: 0.5557
2026-04-11 22:11:42,576 - Flame select clients: [0, 1, 4, 6, 8, 11, 12, 13, 14, 21, 22, 24, 26, 28, 29, 30, 31, 32, 33, 34, 36]
2026-04-11 22:11:42,595 - Round number: 90 --------------------------
2026-04-11 22:11:42,595 - Evaluate global model
2026-04-11 22:11:44,216 - Averaged Train Loss: 1.2024
2026-04-11 22:11:44,216 - Test Accurancy: 0.5600
2026-04-11 22:11:48,332 - Flame select clients: [0, 1, 4, 6, 8, 11, 12, 13, 14, 21, 22, 24, 26, 28, 29, 30, 31, 32, 33, 34, 36]
2026-04-11 22:11:48,350 - Round number: 91 --------------------------
2026-04-11 22:11:48,350 - Evaluate global model
2026-04-11 22:11:49,881 - Averaged Train Loss: 1.2055
2026-04-11 22:11:49,881 - Test Accurancy: 0.5596
2026-04-11 22:11:54,228 - Flame select clients: [0, 4, 6, 8, 11, 12, 13, 14, 21, 22, 23, 24, 26, 28, 29, 30, 31, 32, 33, 34, 36]
2026-04-11 22:11:54,246 - Round number: 92 --------------------------
2026-04-11 22:11:54,246 - Evaluate global model
2026-04-11 22:11:55,484 - Averaged Train Loss: 1.2004
2026-04-11 22:11:55,485 - Test Accurancy: 0.5615
2026-04-11 22:12:00,290 - Flame select clients: [0, 4, 6, 8, 11, 12, 13, 14, 21, 22, 23, 24, 26, 28, 29, 30, 31, 32, 33, 34, 36]
2026-04-11 22:12:00,309 - Round number: 93 --------------------------
2026-04-11 22:12:00,309 - Evaluate global model
2026-04-11 22:12:01,379 - Averaged Train Loss: 1.2018
2026-04-11 22:12:01,379 - Test Accurancy: 0.5600
2026-04-11 22:12:05,678 - Flame select clients: [0, 4, 6, 8, 11, 12, 13, 14, 21, 22, 23, 24, 26, 28, 29, 30, 31, 32, 33, 34, 36]
2026-04-11 22:12:05,697 - Round number: 94 --------------------------
2026-04-11 22:12:05,697 - Evaluate global model
2026-04-11 22:12:07,333 - Averaged Train Loss: 1.1955
2026-04-11 22:12:07,333 - Test Accurancy: 0.5606
2026-04-11 22:12:11,284 - Flame select clients: [0, 4, 6, 8, 11, 12, 13, 14, 21, 22, 23, 24, 26, 28, 29, 30, 31, 32, 33, 34, 36]
2026-04-11 22:12:11,305 - Round number: 95 --------------------------
2026-04-11 22:12:11,305 - Evaluate global model
2026-04-11 22:12:12,930 - Averaged Train Loss: 1.1829
2026-04-11 22:12:12,930 - Test Accurancy: 0.5657
2026-04-11 22:12:16,987 - Flame select clients: [0, 4, 6, 8, 9, 11, 12, 13, 14, 21, 22, 24, 26, 28, 29, 30, 31, 32, 33, 34, 36]
2026-04-11 22:12:17,005 - Round number: 96 --------------------------
2026-04-11 22:12:17,005 - Evaluate global model
2026-04-11 22:12:18,502 - Averaged Train Loss: 1.2154
2026-04-11 22:12:18,502 - Test Accurancy: 0.5587
2026-04-11 22:12:22,808 - Flame select clients: [0, 1, 4, 6, 8, 11, 12, 13, 14, 21, 22, 24, 26, 28, 29, 30, 31, 32, 33, 34, 36]
2026-04-11 22:12:22,825 - Round number: 97 --------------------------
2026-04-11 22:12:22,825 - Evaluate global model
2026-04-11 22:12:23,997 - Averaged Train Loss: 1.1958
2026-04-11 22:12:23,997 - Test Accurancy: 0.5623
2026-04-11 22:12:28,763 - Flame select clients: [0, 4, 6, 8, 9, 11, 12, 13, 14, 21, 22, 23, 24, 26, 28, 29, 30, 31, 32, 33, 34, 36]
2026-04-11 22:12:28,781 - Round number: 98 --------------------------
2026-04-11 22:12:28,781 - Evaluate global model
2026-04-11 22:12:29,918 - Averaged Train Loss: 1.2026
2026-04-11 22:12:29,918 - Test Accurancy: 0.5597
2026-04-11 22:12:34,265 - Flame select clients: [0, 4, 6, 8, 11, 12, 13, 14, 21, 22, 23, 24, 26, 28, 29, 30, 31, 32, 33, 34, 36]
2026-04-11 22:12:34,285 - Round number: 99 --------------------------
2026-04-11 22:12:34,285 - Evaluate global model
2026-04-11 22:12:36,050 - Averaged Train Loss: 1.2044
2026-04-11 22:12:36,050 - Test Accurancy: 0.5597
2026-04-11 22:12:40,100 - Flame select clients: [0, 4, 6, 8, 11, 12, 13, 14, 21, 22, 23, 24, 26, 28, 29, 30, 31, 32, 33, 34, 36]
2026-04-11 22:12:40,120 - Round number: 100 --------------------------
2026-04-11 22:12:40,121 - Evaluate global model
2026-04-11 22:12:41,805 - Averaged Train Loss: 1.1974
2026-04-11 22:12:41,805 - Test Accurancy: 0.5610
2026-04-11 22:12:45,913 - Flame select clients: [0, 1, 4, 8, 11, 12, 13, 14, 21, 22, 23, 24, 26, 28, 29, 30, 31, 32, 33, 34, 36]
2026-04-11 22:12:45,922 - Run over
2026-04-11 22:12:45,922 - Saving results to ./exp/exp4/Cifar10/flame_LIE.h5
2026-04-11 22:12:45,926 - Best accuracy: 0.5657009657009657
2026-04-11 22:12:45,926 - Average time cost per round: 14.154394900798797
