2026-04-11 23:58:10,831 - *****************EXP-4*****************
2026-04-11 23:58:10,831 - Exp repeats: 1
2026-04-11 23:58:10,831 - Communication Rounds: 100
2026-04-11 23:58:10,831 - Clients: 40

2026-04-11 23:58:10,831 - Attack method: CAMP
2026-04-11 23:58:10,832 - Filtering rule: flame
2026-04-11 23:58:10,832 - Dataset: Cifar10
2026-04-11 23:58:10,832 - Model: cnn2
2026-04-11 23:58:10,832 - Learning Rate: 0.04
2026-04-11 23:58:10,832 - Batch Size: 64
2026-04-11 23:58:10,832 - Device: cuda
2026-04-11 23:58:10,832 - Device id: 0
2026-04-11 23:58:10,832 - Adversaries: 8
2026-04-11 23:58:10,832 - Model Poisoning: CAMP attack, mode clipping_v2
2026-04-11 23:58:10,832 - *****************EXP-4*****************
2026-04-11 23:58:11,047 - Running time: 0th ==========================
2026-04-11 23:58:15,509 - Round number: 0 --------------------------
2026-04-11 23:58:15,509 - Evaluate global model
2026-04-11 23:58:18,257 - Averaged Train Loss: 2.3046
2026-04-11 23:58:18,258 - Test Accurancy: 0.0977
2026-04-11 23:58:31,001 - Flame select clients: [0, 6, 7, 8, 9, 10, 11, 12, 13, 14, 20, 21, 22, 24, 26, 28, 29, 31, 33, 34, 35, 36, 38]
2026-04-11 23:58:31,036 - Round number: 1 --------------------------
2026-04-11 23:58:31,036 - Evaluate global model
2026-04-11 23:58:36,390 - Averaged Train Loss: 2.2934
2026-04-11 23:58:36,390 - Test Accurancy: 0.1146
2026-04-11 23:58:49,163 - Flame select clients: [0, 6, 7, 8, 9, 11, 12, 13, 14, 20, 21, 22, 24, 26, 28, 29, 31, 33, 34, 36, 38]
2026-04-11 23:58:49,195 - Round number: 2 --------------------------
2026-04-11 23:58:49,195 - Evaluate global model
2026-04-11 23:58:52,267 - Averaged Train Loss: 2.2430
2026-04-11 23:58:52,267 - Test Accurancy: 0.1471
2026-04-11 23:59:05,480 - Flame select clients: [0, 4, 5, 6, 7, 9, 10, 11, 12, 13, 14, 20, 21, 22, 26, 29, 31, 33, 34, 36, 38, 39]
2026-04-11 23:59:05,514 - Round number: 3 --------------------------
2026-04-11 23:59:05,514 - Evaluate global model
2026-04-11 23:59:09,534 - Averaged Train Loss: 2.1414
2026-04-11 23:59:09,534 - Test Accurancy: 0.2046
2026-04-11 23:59:21,562 - Flame select clients: [0, 5, 6, 7, 8, 9, 11, 12, 13, 14, 20, 21, 22, 26, 28, 29, 31, 34, 36, 38, 39]
2026-04-11 23:59:21,586 - Round number: 4 --------------------------
2026-04-11 23:59:21,586 - Evaluate global model
2026-04-11 23:59:24,742 - Averaged Train Loss: 2.0775
2026-04-11 23:59:24,742 - Test Accurancy: 0.2416
2026-04-11 23:59:37,832 - Flame select clients: [0, 4, 5, 6, 7, 8, 9, 11, 12, 13, 14, 20, 21, 22, 24, 26, 29, 31, 33, 34, 36, 38, 39]
2026-04-11 23:59:37,867 - Round number: 5 --------------------------
2026-04-11 23:59:37,867 - Evaluate global model
2026-04-11 23:59:42,436 - Averaged Train Loss: 2.0275
2026-04-11 23:59:42,436 - Test Accurancy: 0.2611
2026-04-11 23:59:54,341 - Flame select clients: [0, 5, 6, 7, 8, 9, 11, 12, 13, 14, 20, 21, 22, 24, 26, 28, 29, 31, 33, 34, 36, 38, 39]
2026-04-11 23:59:54,370 - Round number: 6 --------------------------
2026-04-11 23:59:54,370 - Evaluate global model
2026-04-11 23:59:58,783 - Averaged Train Loss: 2.0031
2026-04-11 23:59:58,783 - Test Accurancy: 0.2712
2026-04-12 00:00:11,730 - Flame select clients: [0, 5, 6, 7, 8, 9, 11, 12, 13, 14, 20, 21, 22, 24, 26, 29, 31, 33, 34, 36, 38, 39]
2026-04-12 00:00:11,770 - Round number: 7 --------------------------
2026-04-12 00:00:11,770 - Evaluate global model
2026-04-12 00:00:14,934 - Averaged Train Loss: 1.9631
2026-04-12 00:00:14,934 - Test Accurancy: 0.2922
2026-04-12 00:00:27,024 - Flame select clients: [0, 6, 7, 8, 9, 11, 12, 13, 14, 20, 21, 22, 24, 26, 28, 29, 31, 33, 34, 36, 38]
2026-04-12 00:00:27,055 - Round number: 8 --------------------------
2026-04-12 00:00:27,055 - Evaluate global model
2026-04-12 00:00:31,382 - Averaged Train Loss: 1.9471
2026-04-12 00:00:31,382 - Test Accurancy: 0.3186
2026-04-12 00:00:44,259 - Flame select clients: [0, 4, 6, 7, 8, 9, 11, 12, 13, 14, 21, 22, 24, 26, 28, 29, 31, 33, 34, 36, 38]
2026-04-12 00:00:44,294 - Round number: 9 --------------------------
2026-04-12 00:00:44,294 - Evaluate global model
2026-04-12 00:00:47,596 - Averaged Train Loss: 1.9197
2026-04-12 00:00:47,596 - Test Accurancy: 0.3235
2026-04-12 00:01:00,061 - Flame select clients: [0, 6, 7, 8, 9, 11, 12, 13, 14, 21, 22, 24, 26, 28, 29, 30, 31, 32, 33, 34, 36, 38]
2026-04-12 00:01:00,102 - Round number: 10 --------------------------
2026-04-12 00:01:00,102 - Evaluate global model
2026-04-12 00:01:05,534 - Averaged Train Loss: 1.9120
2026-04-12 00:01:05,535 - Test Accurancy: 0.3341
2026-04-12 00:01:18,273 - Flame select clients: [0, 6, 7, 9, 11, 12, 13, 14, 20, 21, 22, 23, 24, 26, 28, 29, 31, 33, 34, 36, 38]
2026-04-12 00:01:18,311 - Round number: 11 --------------------------
2026-04-12 00:01:18,311 - Evaluate global model
2026-04-12 00:01:20,741 - Averaged Train Loss: 1.8895
2026-04-12 00:01:20,741 - Test Accurancy: 0.3421
2026-04-12 00:01:34,326 - Flame select clients: [0, 4, 6, 7, 8, 9, 11, 12, 13, 14, 21, 22, 24, 26, 28, 29, 31, 33, 34, 36, 38]
2026-04-12 00:01:34,365 - Round number: 12 --------------------------
2026-04-12 00:01:34,365 - Evaluate global model
2026-04-12 00:01:38,691 - Averaged Train Loss: 1.8534
2026-04-12 00:01:38,691 - Test Accurancy: 0.3511
2026-04-12 00:01:50,686 - Flame select clients: [0, 6, 7, 8, 9, 11, 12, 13, 14, 21, 22, 23, 24, 26, 28, 29, 31, 33, 34, 36, 38]
2026-04-12 00:01:50,710 - Round number: 13 --------------------------
2026-04-12 00:01:50,710 - Evaluate global model
2026-04-12 00:01:54,534 - Averaged Train Loss: 1.8044
2026-04-12 00:01:54,534 - Test Accurancy: 0.3646
2026-04-12 00:02:08,583 - Flame select clients: [0, 6, 7, 8, 9, 11, 12, 13, 14, 21, 22, 23, 24, 26, 28, 29, 31, 33, 34, 36, 38]
2026-04-12 00:02:08,632 - Round number: 14 --------------------------
2026-04-12 00:02:08,632 - Evaluate global model
2026-04-12 00:02:12,308 - Averaged Train Loss: 1.7930
2026-04-12 00:02:12,308 - Test Accurancy: 0.3668
2026-04-12 00:02:24,989 - Flame select clients: [0, 4, 6, 7, 8, 11, 12, 13, 14, 20, 21, 22, 24, 26, 28, 29, 31, 33, 34, 36, 38]
2026-04-12 00:02:25,024 - Round number: 15 --------------------------
2026-04-12 00:02:25,024 - Evaluate global model
2026-04-12 00:02:29,536 - Averaged Train Loss: 1.7610
2026-04-12 00:02:29,537 - Test Accurancy: 0.3832
2026-04-12 00:02:42,454 - Flame select clients: [0, 6, 7, 8, 9, 11, 12, 13, 14, 20, 21, 22, 24, 26, 28, 29, 31, 33, 34, 36, 38]
2026-04-12 00:02:42,490 - Round number: 16 --------------------------
2026-04-12 00:02:42,490 - Evaluate global model
2026-04-12 00:02:45,060 - Averaged Train Loss: 1.7485
2026-04-12 00:02:45,060 - Test Accurancy: 0.3863
2026-04-12 00:02:58,222 - Flame select clients: [0, 4, 6, 7, 8, 9, 11, 12, 13, 14, 21, 22, 24, 26, 28, 29, 31, 33, 34, 36, 38]
2026-04-12 00:02:58,273 - Round number: 17 --------------------------
2026-04-12 00:02:58,274 - Evaluate global model
2026-04-12 00:03:03,716 - Averaged Train Loss: 1.7338
2026-04-12 00:03:03,716 - Test Accurancy: 0.3873
2026-04-12 00:03:15,987 - Flame select clients: [0, 6, 7, 8, 9, 11, 12, 13, 14, 20, 21, 22, 24, 26, 28, 29, 31, 33, 34, 36, 38]
2026-04-12 00:03:16,022 - Round number: 18 --------------------------
2026-04-12 00:03:16,022 - Evaluate global model
2026-04-12 00:03:19,230 - Averaged Train Loss: 1.7131
2026-04-12 00:03:19,230 - Test Accurancy: 0.3924
2026-04-12 00:03:32,664 - Flame select clients: [0, 6, 7, 8, 9, 11, 12, 13, 14, 21, 22, 24, 26, 28, 29, 30, 31, 32, 33, 34, 36, 38]
2026-04-12 00:03:32,698 - Round number: 19 --------------------------
2026-04-12 00:03:32,699 - Evaluate global model
2026-04-12 00:03:36,403 - Averaged Train Loss: 1.6909
2026-04-12 00:03:36,404 - Test Accurancy: 0.4055
2026-04-12 00:03:48,219 - Flame select clients: [0, 4, 6, 7, 8, 9, 11, 12, 13, 14, 21, 22, 23, 24, 26, 28, 29, 31, 33, 34, 36, 38]
2026-04-12 00:03:48,245 - Round number: 20 --------------------------
2026-04-12 00:03:48,245 - Evaluate global model
2026-04-12 00:03:51,958 - Averaged Train Loss: 1.6624
2026-04-12 00:03:51,958 - Test Accurancy: 0.4070
2026-04-12 00:04:04,746 - Flame select clients: [0, 4, 6, 7, 8, 9, 11, 12, 13, 14, 20, 21, 22, 23, 24, 26, 28, 29, 31, 33, 34, 36, 38]
2026-04-12 00:04:04,794 - Round number: 21 --------------------------
2026-04-12 00:04:04,794 - Evaluate global model
2026-04-12 00:04:09,142 - Averaged Train Loss: 1.6345
2026-04-12 00:04:09,143 - Test Accurancy: 0.4190
2026-04-12 00:04:21,259 - Flame select clients: [0, 6, 7, 8, 9, 11, 12, 13, 14, 21, 22, 23, 24, 26, 28, 29, 31, 33, 34, 36, 38]
2026-04-12 00:04:21,289 - Round number: 22 --------------------------
2026-04-12 00:04:21,289 - Evaluate global model
2026-04-12 00:04:25,836 - Averaged Train Loss: 1.6247
2026-04-12 00:04:25,836 - Test Accurancy: 0.4239
2026-04-12 00:04:38,971 - Flame select clients: [0, 6, 7, 8, 9, 11, 12, 13, 14, 20, 21, 22, 24, 26, 28, 29, 31, 33, 34, 36, 38]
2026-04-12 00:04:39,004 - Round number: 23 --------------------------
2026-04-12 00:04:39,004 - Evaluate global model
2026-04-12 00:04:41,528 - Averaged Train Loss: 1.6187
2026-04-12 00:04:41,529 - Test Accurancy: 0.4260
2026-04-12 00:04:53,463 - Flame select clients: [0, 6, 7, 8, 9, 11, 12, 13, 14, 21, 22, 23, 24, 26, 28, 29, 31, 33, 34, 36, 38]
2026-04-12 00:04:53,491 - Round number: 24 --------------------------
2026-04-12 00:04:53,491 - Evaluate global model
2026-04-12 00:04:58,007 - Averaged Train Loss: 1.5938
2026-04-12 00:04:58,007 - Test Accurancy: 0.4305
2026-04-12 00:05:10,964 - Flame select clients: [0, 4, 6, 7, 8, 9, 11, 12, 13, 14, 20, 21, 22, 24, 26, 28, 29, 31, 33, 34, 36, 38]
2026-04-12 00:05:11,003 - Round number: 25 --------------------------
2026-04-12 00:05:11,003 - Evaluate global model
2026-04-12 00:05:14,177 - Averaged Train Loss: 1.5938
2026-04-12 00:05:14,177 - Test Accurancy: 0.4319
2026-04-12 00:05:26,954 - Flame select clients: [0, 4, 6, 7, 8, 9, 11, 12, 13, 14, 20, 21, 22, 24, 26, 28, 29, 31, 33, 34, 35, 36, 38]
2026-04-12 00:05:27,002 - Round number: 26 --------------------------
2026-04-12 00:05:27,003 - Evaluate global model
2026-04-12 00:05:32,136 - Averaged Train Loss: 1.5773
2026-04-12 00:05:32,136 - Test Accurancy: 0.4408
2026-04-12 00:05:44,808 - Flame select clients: [0, 4, 6, 7, 8, 9, 11, 12, 13, 14, 21, 22, 24, 26, 28, 29, 31, 33, 34, 36, 38]
2026-04-12 00:05:44,833 - Round number: 27 --------------------------
2026-04-12 00:05:44,833 - Evaluate global model
2026-04-12 00:05:47,149 - Averaged Train Loss: 1.5546
2026-04-12 00:05:47,149 - Test Accurancy: 0.4464
2026-04-12 00:06:00,292 - Flame select clients: [0, 1, 4, 6, 7, 8, 9, 11, 12, 13, 14, 21, 22, 24, 26, 28, 29, 31, 33, 34, 36, 38]
2026-04-12 00:06:00,327 - Round number: 28 --------------------------
2026-04-12 00:06:00,328 - Evaluate global model
2026-04-12 00:06:04,542 - Averaged Train Loss: 1.5523
2026-04-12 00:06:04,542 - Test Accurancy: 0.4460
2026-04-12 00:06:16,766 - Flame select clients: [0, 4, 6, 7, 8, 9, 11, 12, 13, 14, 21, 22, 24, 26, 28, 29, 30, 31, 32, 33, 34, 36, 38]
2026-04-12 00:06:16,791 - Round number: 29 --------------------------
2026-04-12 00:06:16,791 - Evaluate global model
2026-04-12 00:06:20,427 - Averaged Train Loss: 1.5735
2026-04-12 00:06:20,427 - Test Accurancy: 0.4428
2026-04-12 00:06:33,635 - Flame select clients: [0, 4, 6, 7, 8, 9, 11, 12, 13, 14, 21, 24, 26, 28, 29, 30, 31, 32, 33, 34, 36, 38]
2026-04-12 00:06:33,674 - Round number: 30 --------------------------
2026-04-12 00:06:33,674 - Evaluate global model
2026-04-12 00:06:38,234 - Averaged Train Loss: 1.5641
2026-04-12 00:06:38,234 - Test Accurancy: 0.4461
2026-04-12 00:06:50,439 - Flame select clients: [0, 2, 4, 6, 7, 8, 9, 12, 13, 14, 20, 21, 22, 26, 29, 30, 31, 32, 33, 36, 38]
2026-04-12 00:06:50,466 - Round number: 31 --------------------------
2026-04-12 00:06:50,466 - Evaluate global model
2026-04-12 00:06:54,513 - Averaged Train Loss: 1.5769
2026-04-12 00:06:54,513 - Test Accurancy: 0.4470
2026-04-12 00:07:07,582 - Flame select clients: [0, 6, 7, 9, 11, 12, 13, 14, 21, 22, 24, 26, 28, 29, 30, 31, 32, 33, 34, 36, 38]
2026-04-12 00:07:07,615 - Round number: 32 --------------------------
2026-04-12 00:07:07,615 - Evaluate global model
2026-04-12 00:07:10,409 - Averaged Train Loss: 1.5722
2026-04-12 00:07:10,409 - Test Accurancy: 0.4485
2026-04-12 00:07:22,482 - Flame select clients: [0, 1, 4, 6, 7, 8, 11, 12, 13, 14, 21, 22, 24, 26, 28, 29, 30, 31, 32, 33, 34, 36]
2026-04-12 00:07:22,514 - Round number: 33 --------------------------
2026-04-12 00:07:22,514 - Evaluate global model
2026-04-12 00:07:27,336 - Averaged Train Loss: 1.5511
2026-04-12 00:07:27,336 - Test Accurancy: 0.4523
2026-04-12 00:07:40,465 - Flame select clients: [0, 4, 6, 7, 8, 9, 11, 12, 13, 14, 21, 22, 24, 26, 28, 29, 30, 31, 32, 33, 34, 36]
2026-04-12 00:07:40,498 - Round number: 34 --------------------------
2026-04-12 00:07:40,498 - Evaluate global model
2026-04-12 00:07:44,088 - Averaged Train Loss: 1.5459
2026-04-12 00:07:44,088 - Test Accurancy: 0.4552
2026-04-12 00:07:56,445 - Flame select clients: [0, 6, 7, 8, 9, 11, 12, 13, 14, 21, 22, 24, 26, 28, 29, 30, 31, 32, 33, 34, 36]
2026-04-12 00:07:56,482 - Round number: 35 --------------------------
2026-04-12 00:07:56,482 - Evaluate global model
2026-04-12 00:08:01,027 - Averaged Train Loss: 1.5500
2026-04-12 00:08:01,027 - Test Accurancy: 0.4532
2026-04-12 00:08:13,374 - Flame select clients: [0, 4, 6, 7, 8, 9, 11, 12, 13, 14, 21, 22, 24, 26, 28, 29, 31, 33, 34, 36, 38]
2026-04-12 00:08:13,402 - Round number: 36 --------------------------
2026-04-12 00:08:13,402 - Evaluate global model
2026-04-12 00:08:16,268 - Averaged Train Loss: 1.4844
2026-04-12 00:08:16,268 - Test Accurancy: 0.4711
2026-04-12 00:08:29,427 - Flame select clients: [4, 6, 7, 8, 9, 11, 12, 13, 14, 21, 22, 24, 26, 28, 29, 30, 31, 32, 33, 34, 35, 36]
2026-04-12 00:08:29,469 - Round number: 37 --------------------------
2026-04-12 00:08:29,469 - Evaluate global model
2026-04-12 00:08:34,016 - Averaged Train Loss: 1.5028
2026-04-12 00:08:34,016 - Test Accurancy: 0.4701
2026-04-12 00:08:46,366 - Flame select clients: [0, 4, 6, 7, 8, 9, 11, 12, 13, 14, 21, 22, 24, 26, 28, 29, 30, 31, 32, 33, 34, 36, 38]
2026-04-12 00:08:46,396 - Round number: 38 --------------------------
2026-04-12 00:08:46,396 - Evaluate global model
2026-04-12 00:08:50,451 - Averaged Train Loss: 1.5013
2026-04-12 00:08:50,452 - Test Accurancy: 0.4703
2026-04-12 00:09:03,404 - Flame select clients: [0, 4, 6, 7, 8, 9, 11, 12, 13, 14, 20, 21, 22, 24, 26, 28, 29, 30, 31, 32, 33, 34, 36, 38]
2026-04-12 00:09:03,445 - Round number: 39 --------------------------
2026-04-12 00:09:03,445 - Evaluate global model
2026-04-12 00:09:06,882 - Averaged Train Loss: 1.5084
2026-04-12 00:09:06,882 - Test Accurancy: 0.4691
2026-04-12 00:09:19,169 - Flame select clients: [0, 2, 4, 6, 7, 8, 9, 11, 12, 13, 14, 21, 22, 24, 26, 28, 29, 30, 31, 32, 33, 34, 36, 38]
2026-04-12 00:09:19,197 - Round number: 40 --------------------------
2026-04-12 00:09:19,197 - Evaluate global model
2026-04-12 00:09:23,119 - Averaged Train Loss: 1.4966
2026-04-12 00:09:23,119 - Test Accurancy: 0.4729
2026-04-12 00:09:36,078 - Flame select clients: [0, 4, 6, 7, 8, 9, 11, 12, 13, 14, 21, 22, 24, 26, 28, 29, 30, 31, 32, 33, 34, 36, 38]
2026-04-12 00:09:36,113 - Round number: 41 --------------------------
2026-04-12 00:09:36,113 - Evaluate global model
2026-04-12 00:09:39,468 - Averaged Train Loss: 1.4928
2026-04-12 00:09:39,468 - Test Accurancy: 0.4717
2026-04-12 00:09:52,457 - Flame select clients: [0, 4, 6, 7, 8, 9, 11, 12, 13, 14, 21, 22, 24, 26, 28, 29, 30, 31, 32, 33, 34, 36]
2026-04-12 00:09:52,493 - Round number: 42 --------------------------
2026-04-12 00:09:52,493 - Evaluate global model
2026-04-12 00:09:57,670 - Averaged Train Loss: 1.4913
2026-04-12 00:09:57,670 - Test Accurancy: 0.4757
2026-04-12 00:10:10,300 - Flame select clients: [0, 4, 6, 7, 8, 9, 11, 12, 13, 14, 21, 22, 24, 26, 28, 29, 30, 31, 32, 33, 34, 36, 38]
2026-04-12 00:10:10,333 - Round number: 43 --------------------------
2026-04-12 00:10:10,334 - Evaluate global model
2026-04-12 00:10:13,065 - Averaged Train Loss: 1.4796
2026-04-12 00:10:13,066 - Test Accurancy: 0.4781
2026-04-12 00:10:26,416 - Flame select clients: [0, 4, 6, 7, 8, 9, 11, 12, 13, 14, 21, 22, 24, 26, 28, 29, 30, 31, 32, 33, 34, 36]
2026-04-12 00:10:26,453 - Round number: 44 --------------------------
2026-04-12 00:10:26,453 - Evaluate global model
2026-04-12 00:10:30,488 - Averaged Train Loss: 1.4736
2026-04-12 00:10:30,488 - Test Accurancy: 0.4792
2026-04-12 00:10:42,723 - Flame select clients: [0, 4, 6, 7, 8, 9, 11, 12, 13, 14, 21, 22, 24, 26, 28, 29, 30, 31, 32, 33, 34, 36]
2026-04-12 00:10:42,747 - Round number: 45 --------------------------
2026-04-12 00:10:42,747 - Evaluate global model
2026-04-12 00:10:47,118 - Averaged Train Loss: 1.4751
2026-04-12 00:10:47,119 - Test Accurancy: 0.4810
2026-04-12 00:10:59,973 - Flame select clients: [0, 4, 6, 7, 8, 11, 12, 13, 14, 21, 22, 24, 26, 28, 29, 30, 31, 32, 33, 34, 36]
2026-04-12 00:11:00,013 - Round number: 46 --------------------------
2026-04-12 00:11:00,013 - Evaluate global model
2026-04-12 00:11:03,917 - Averaged Train Loss: 1.4653
2026-04-12 00:11:03,917 - Test Accurancy: 0.4839
2026-04-12 00:11:16,221 - Flame select clients: [0, 1, 4, 6, 7, 8, 9, 11, 12, 13, 14, 21, 22, 24, 26, 28, 29, 30, 31, 32, 33, 34, 36]
2026-04-12 00:11:16,254 - Round number: 47 --------------------------
2026-04-12 00:11:16,254 - Evaluate global model
2026-04-12 00:11:20,267 - Averaged Train Loss: 1.4599
2026-04-12 00:11:20,268 - Test Accurancy: 0.4844
2026-04-12 00:11:33,136 - Flame select clients: [0, 1, 4, 6, 7, 8, 11, 12, 13, 14, 21, 22, 23, 24, 26, 28, 29, 30, 31, 32, 33, 34, 36]
2026-04-12 00:11:33,170 - Round number: 48 --------------------------
2026-04-12 00:11:33,170 - Evaluate global model
2026-04-12 00:11:35,961 - Averaged Train Loss: 1.4513
2026-04-12 00:11:35,961 - Test Accurancy: 0.4860
2026-04-12 00:11:48,447 - Flame select clients: [0, 4, 6, 7, 8, 9, 11, 12, 13, 14, 21, 22, 24, 26, 28, 29, 30, 31, 32, 33, 34, 36]
2026-04-12 00:11:48,477 - Round number: 49 --------------------------
2026-04-12 00:11:48,477 - Evaluate global model
2026-04-12 00:11:53,516 - Averaged Train Loss: 1.4546
2026-04-12 00:11:53,516 - Test Accurancy: 0.4840
2026-04-12 00:12:06,104 - Flame select clients: [0, 4, 6, 8, 9, 11, 12, 13, 14, 21, 22, 23, 24, 26, 28, 29, 30, 32, 33, 34, 38]
2026-04-12 00:12:06,141 - Round number: 50 --------------------------
2026-04-12 00:12:06,141 - Evaluate global model
2026-04-12 00:12:09,445 - Averaged Train Loss: 1.4407
2026-04-12 00:12:09,445 - Test Accurancy: 0.4836
2026-04-12 00:12:22,270 - Flame select clients: [0, 4, 6, 7, 8, 11, 12, 13, 14, 21, 22, 24, 26, 28, 29, 30, 31, 32, 33, 34, 36]
2026-04-12 00:12:22,310 - Round number: 51 --------------------------
2026-04-12 00:12:22,310 - Evaluate global model
2026-04-12 00:12:26,825 - Averaged Train Loss: 1.4302
2026-04-12 00:12:26,825 - Test Accurancy: 0.4920
2026-04-12 00:12:39,260 - Flame select clients: [0, 4, 6, 7, 8, 11, 12, 13, 21, 22, 24, 26, 28, 29, 30, 31, 32, 33, 34, 36, 38]
2026-04-12 00:12:39,286 - Round number: 52 --------------------------
2026-04-12 00:12:39,287 - Evaluate global model
2026-04-12 00:12:41,936 - Averaged Train Loss: 1.4284
2026-04-12 00:12:41,936 - Test Accurancy: 0.4920
2026-04-12 00:12:54,777 - Flame select clients: [0, 4, 6, 7, 8, 11, 12, 13, 14, 21, 22, 24, 26, 28, 29, 30, 31, 32, 33, 34, 36]
2026-04-12 00:12:54,811 - Round number: 53 --------------------------
2026-04-12 00:12:54,812 - Evaluate global model
2026-04-12 00:12:59,431 - Averaged Train Loss: 1.4191
2026-04-12 00:12:59,432 - Test Accurancy: 0.4944
2026-04-12 00:13:11,482 - Flame select clients: [0, 4, 6, 7, 8, 11, 12, 13, 14, 21, 22, 24, 26, 28, 29, 30, 31, 32, 33, 34, 36]
2026-04-12 00:13:11,510 - Round number: 54 --------------------------
2026-04-12 00:13:11,510 - Evaluate global model
2026-04-12 00:13:15,421 - Averaged Train Loss: 1.4193
2026-04-12 00:13:15,421 - Test Accurancy: 0.4956
2026-04-12 00:13:28,757 - Flame select clients: [0, 4, 6, 7, 8, 11, 12, 13, 14, 21, 22, 24, 26, 28, 29, 30, 31, 32, 33, 34, 36]
2026-04-12 00:13:28,807 - Round number: 55 --------------------------
2026-04-12 00:13:28,807 - Evaluate global model
2026-04-12 00:13:32,470 - Averaged Train Loss: 1.4171
2026-04-12 00:13:32,470 - Test Accurancy: 0.4981
2026-04-12 00:13:44,713 - Flame select clients: [0, 1, 4, 6, 7, 8, 11, 12, 13, 14, 21, 22, 24, 26, 28, 29, 30, 31, 32, 33, 34, 36]
2026-04-12 00:13:44,741 - Round number: 56 --------------------------
2026-04-12 00:13:44,741 - Evaluate global model
2026-04-12 00:13:48,552 - Averaged Train Loss: 1.4159
2026-04-12 00:13:48,553 - Test Accurancy: 0.4946
2026-04-12 00:14:01,447 - Flame select clients: [0, 4, 6, 7, 8, 11, 12, 13, 14, 21, 22, 24, 26, 28, 29, 30, 31, 32, 33, 34, 36]
2026-04-12 00:14:01,481 - Round number: 57 --------------------------
2026-04-12 00:14:01,481 - Evaluate global model
2026-04-12 00:14:04,549 - Averaged Train Loss: 1.4130
2026-04-12 00:14:04,549 - Test Accurancy: 0.4982
2026-04-12 00:14:16,948 - Flame select clients: [0, 4, 6, 7, 8, 11, 12, 13, 14, 21, 22, 24, 26, 28, 29, 30, 31, 32, 33, 34, 36]
2026-04-12 00:14:16,986 - Round number: 58 --------------------------
2026-04-12 00:14:16,986 - Evaluate global model
2026-04-12 00:14:22,108 - Averaged Train Loss: 1.4196
2026-04-12 00:14:22,108 - Test Accurancy: 0.4974
2026-04-12 00:14:34,945 - Flame select clients: [0, 4, 6, 7, 8, 11, 12, 13, 14, 21, 22, 24, 26, 28, 29, 30, 31, 32, 33, 34, 36]
2026-04-12 00:14:34,984 - Round number: 59 --------------------------
2026-04-12 00:14:34,984 - Evaluate global model
2026-04-12 00:14:38,151 - Averaged Train Loss: 1.4133
2026-04-12 00:14:38,151 - Test Accurancy: 0.4978
2026-04-12 00:14:51,393 - Flame select clients: [4, 6, 7, 8, 11, 12, 13, 14, 21, 22, 23, 24, 26, 28, 29, 30, 31, 32, 33, 34, 36]
2026-04-12 00:14:51,427 - Round number: 60 --------------------------
2026-04-12 00:14:51,428 - Evaluate global model
2026-04-12 00:14:55,510 - Averaged Train Loss: 1.4127
2026-04-12 00:14:55,510 - Test Accurancy: 0.4970
2026-04-12 00:15:07,968 - Flame select clients: [0, 4, 6, 7, 8, 9, 11, 12, 13, 14, 21, 22, 24, 26, 28, 29, 30, 31, 32, 33, 34, 36]
2026-04-12 00:15:07,994 - Round number: 61 --------------------------
2026-04-12 00:15:07,994 - Evaluate global model
2026-04-12 00:15:11,309 - Averaged Train Loss: 1.3992
2026-04-12 00:15:11,309 - Test Accurancy: 0.5058
2026-04-12 00:15:24,207 - Flame select clients: [0, 4, 6, 7, 8, 9, 11, 12, 13, 14, 21, 22, 24, 26, 28, 29, 30, 31, 32, 33, 34, 36]
2026-04-12 00:15:24,248 - Round number: 62 --------------------------
2026-04-12 00:15:24,249 - Evaluate global model
2026-04-12 00:15:28,703 - Averaged Train Loss: 1.4016
2026-04-12 00:15:28,703 - Test Accurancy: 0.5054
2026-04-12 00:15:40,771 - Flame select clients: [0, 1, 4, 6, 8, 9, 11, 12, 13, 14, 21, 22, 24, 26, 28, 29, 30, 31, 32, 33, 34, 36]
2026-04-12 00:15:40,808 - Round number: 63 --------------------------
2026-04-12 00:15:40,808 - Evaluate global model
2026-04-12 00:15:44,928 - Averaged Train Loss: 1.3948
2026-04-12 00:15:44,928 - Test Accurancy: 0.5082
2026-04-12 00:15:58,090 - Flame select clients: [0, 4, 6, 7, 8, 11, 12, 13, 14, 21, 22, 24, 26, 28, 29, 30, 31, 32, 33, 34, 36]
2026-04-12 00:15:58,125 - Round number: 64 --------------------------
2026-04-12 00:15:58,125 - Evaluate global model
2026-04-12 00:16:01,226 - Averaged Train Loss: 1.3986
2026-04-12 00:16:01,226 - Test Accurancy: 0.5061
2026-04-12 00:16:12,211 - Flame select clients: [0, 4, 6, 8, 9, 11, 12, 13, 14, 21, 22, 24, 26, 28, 29, 30, 31, 32, 33, 34, 36]
2026-04-12 00:16:12,229 - Round number: 65 --------------------------
2026-04-12 00:16:12,229 - Evaluate global model
2026-04-12 00:16:13,525 - Averaged Train Loss: 1.4036
2026-04-12 00:16:13,525 - Test Accurancy: 0.5057
2026-04-12 00:16:18,445 - Flame select clients: [0, 4, 6, 7, 8, 9, 11, 12, 13, 14, 21, 22, 24, 26, 28, 29, 30, 31, 32, 33, 34, 36]
2026-04-12 00:16:18,463 - Round number: 66 --------------------------
2026-04-12 00:16:18,463 - Evaluate global model
2026-04-12 00:16:19,842 - Averaged Train Loss: 1.4064
2026-04-12 00:16:19,842 - Test Accurancy: 0.5058
2026-04-12 00:16:24,868 - Flame select clients: [0, 4, 6, 8, 9, 11, 12, 13, 14, 21, 22, 24, 26, 28, 29, 30, 31, 32, 33, 34, 36]
2026-04-12 00:16:24,887 - Round number: 67 --------------------------
2026-04-12 00:16:24,887 - Evaluate global model
2026-04-12 00:16:26,475 - Averaged Train Loss: 1.3975
2026-04-12 00:16:26,475 - Test Accurancy: 0.5101
2026-04-12 00:16:31,293 - Flame select clients: [0, 4, 6, 7, 8, 9, 11, 12, 13, 14, 21, 22, 24, 26, 28, 29, 30, 31, 32, 33, 34, 36]
2026-04-12 00:16:31,311 - Round number: 68 --------------------------
2026-04-12 00:16:31,311 - Evaluate global model
2026-04-12 00:16:33,115 - Averaged Train Loss: 1.3946
2026-04-12 00:16:33,115 - Test Accurancy: 0.5060
2026-04-12 00:16:37,845 - Flame select clients: [0, 4, 6, 7, 8, 9, 11, 12, 13, 14, 21, 22, 24, 26, 28, 29, 30, 31, 32, 33, 34, 36]
2026-04-12 00:16:37,865 - Round number: 69 --------------------------
2026-04-12 00:16:37,865 - Evaluate global model
2026-04-12 00:16:39,558 - Averaged Train Loss: 1.3982
2026-04-12 00:16:39,558 - Test Accurancy: 0.5076
2026-04-12 00:16:44,516 - Flame select clients: [0, 1, 4, 6, 8, 9, 11, 12, 13, 14, 21, 22, 24, 26, 28, 29, 30, 31, 32, 33, 34]
2026-04-12 00:16:44,536 - Round number: 70 --------------------------
2026-04-12 00:16:44,536 - Evaluate global model
2026-04-12 00:16:46,271 - Averaged Train Loss: 1.3790
2026-04-12 00:16:46,271 - Test Accurancy: 0.5118
2026-04-12 00:16:51,252 - Flame select clients: [0, 1, 6, 7, 9, 11, 12, 13, 14, 21, 22, 24, 26, 28, 29, 30, 31, 32, 33, 34, 36]
2026-04-12 00:16:51,268 - Round number: 71 --------------------------
2026-04-12 00:16:51,268 - Evaluate global model
2026-04-12 00:16:52,704 - Averaged Train Loss: 1.4044
2026-04-12 00:16:52,704 - Test Accurancy: 0.5079
2026-04-12 00:16:57,792 - Flame select clients: [0, 4, 6, 7, 8, 9, 11, 12, 13, 14, 21, 22, 24, 26, 28, 29, 30, 31, 32, 33, 34, 36]
2026-04-12 00:16:57,809 - Round number: 72 --------------------------
2026-04-12 00:16:57,809 - Evaluate global model
2026-04-12 00:16:59,010 - Averaged Train Loss: 1.3987
2026-04-12 00:16:59,010 - Test Accurancy: 0.5077
2026-04-12 00:17:03,931 - Flame select clients: [0, 4, 6, 7, 8, 9, 11, 12, 13, 14, 21, 22, 24, 26, 28, 29, 30, 31, 32, 33, 34, 36]
2026-04-12 00:17:03,948 - Round number: 73 --------------------------
2026-04-12 00:17:03,948 - Evaluate global model
2026-04-12 00:17:05,315 - Averaged Train Loss: 1.3993
2026-04-12 00:17:05,315 - Test Accurancy: 0.5084
2026-04-12 00:17:10,143 - Flame select clients: [0, 4, 6, 7, 8, 11, 12, 13, 14, 21, 22, 24, 26, 28, 29, 30, 31, 32, 33, 34, 36]
2026-04-12 00:17:10,160 - Round number: 74 --------------------------
2026-04-12 00:17:10,160 - Evaluate global model
2026-04-12 00:17:11,710 - Averaged Train Loss: 1.3742
2026-04-12 00:17:11,710 - Test Accurancy: 0.5136
2026-04-12 00:17:16,446 - Flame select clients: [0, 4, 6, 8, 9, 11, 12, 13, 14, 21, 22, 24, 26, 28, 29, 30, 31, 32, 33, 34, 36]
2026-04-12 00:17:16,463 - Round number: 75 --------------------------
2026-04-12 00:17:16,463 - Evaluate global model
2026-04-12 00:17:18,174 - Averaged Train Loss: 1.3715
2026-04-12 00:17:18,174 - Test Accurancy: 0.5156
2026-04-12 00:17:22,941 - Flame select clients: [0, 4, 6, 8, 9, 11, 12, 13, 14, 21, 22, 24, 26, 28, 29, 30, 31, 32, 33, 34, 36]
2026-04-12 00:17:22,960 - Round number: 76 --------------------------
2026-04-12 00:17:22,960 - Evaluate global model
2026-04-12 00:17:24,716 - Averaged Train Loss: 1.3713
2026-04-12 00:17:24,716 - Test Accurancy: 0.5167
2026-04-12 00:17:29,617 - Flame select clients: [0, 4, 6, 7, 8, 11, 12, 13, 14, 21, 22, 24, 26, 28, 29, 30, 31, 32, 33, 34, 36]
2026-04-12 00:17:29,637 - Round number: 77 --------------------------
2026-04-12 00:17:29,637 - Evaluate global model
2026-04-12 00:17:31,389 - Averaged Train Loss: 1.3638
2026-04-12 00:17:31,389 - Test Accurancy: 0.5173
2026-04-12 00:17:36,207 - Flame select clients: [0, 1, 4, 6, 8, 11, 12, 13, 14, 21, 22, 24, 26, 28, 29, 30, 31, 32, 33, 34, 36]
2026-04-12 00:17:36,227 - Round number: 78 --------------------------
2026-04-12 00:17:36,227 - Evaluate global model
2026-04-12 00:17:37,899 - Averaged Train Loss: 1.3561
2026-04-12 00:17:37,899 - Test Accurancy: 0.5178
2026-04-12 00:17:42,834 - Flame select clients: [0, 4, 6, 7, 8, 9, 11, 12, 13, 14, 21, 22, 24, 26, 28, 29, 30, 31, 32, 33, 34, 36]
2026-04-12 00:17:42,853 - Round number: 79 --------------------------
2026-04-12 00:17:42,853 - Evaluate global model
2026-04-12 00:17:44,321 - Averaged Train Loss: 1.3593
2026-04-12 00:17:44,321 - Test Accurancy: 0.5185
2026-04-12 00:17:49,452 - Flame select clients: [0, 6, 7, 8, 9, 11, 12, 13, 14, 21, 22, 24, 26, 28, 29, 30, 31, 32, 33, 34, 36]
2026-04-12 00:17:49,469 - Round number: 80 --------------------------
2026-04-12 00:17:49,469 - Evaluate global model
2026-04-12 00:17:50,735 - Averaged Train Loss: 1.3727
2026-04-12 00:17:50,735 - Test Accurancy: 0.5177
2026-04-12 00:17:55,591 - Flame select clients: [0, 4, 6, 8, 9, 11, 12, 13, 14, 21, 22, 24, 26, 28, 29, 30, 31, 32, 33, 34, 36]
2026-04-12 00:17:55,608 - Round number: 81 --------------------------
2026-04-12 00:17:55,608 - Evaluate global model
2026-04-12 00:17:56,926 - Averaged Train Loss: 1.3602
2026-04-12 00:17:56,926 - Test Accurancy: 0.5199
2026-04-12 00:18:01,707 - Flame select clients: [1, 4, 6, 8, 9, 11, 12, 13, 14, 21, 22, 24, 26, 28, 29, 30, 31, 32, 33, 34, 36]
2026-04-12 00:18:01,723 - Round number: 82 --------------------------
2026-04-12 00:18:01,723 - Evaluate global model
2026-04-12 00:18:03,272 - Averaged Train Loss: 1.3737
2026-04-12 00:18:03,272 - Test Accurancy: 0.5185
2026-04-12 00:18:07,629 - Flame select clients: [0, 4, 6, 8, 9, 11, 12, 13, 14, 21, 22, 24, 26, 28, 29, 30, 31, 32, 33, 34, 36]
2026-04-12 00:18:07,647 - Round number: 83 --------------------------
2026-04-12 00:18:07,647 - Evaluate global model
2026-04-12 00:18:08,661 - Averaged Train Loss: 1.3728
2026-04-12 00:18:08,661 - Test Accurancy: 0.5176
2026-04-12 00:18:12,287 - Flame select clients: [0, 4, 6, 8, 9, 11, 12, 13, 14, 21, 22, 24, 26, 28, 29, 30, 31, 32, 33, 34, 36]
2026-04-12 00:18:12,303 - Round number: 84 --------------------------
2026-04-12 00:18:12,303 - Evaluate global model
2026-04-12 00:18:13,323 - Averaged Train Loss: 1.3533
2026-04-12 00:18:13,323 - Test Accurancy: 0.5229
2026-04-12 00:18:16,814 - Flame select clients: [0, 4, 6, 8, 9, 11, 12, 13, 14, 21, 22, 24, 26, 28, 29, 30, 31, 32, 33, 34, 36]
2026-04-12 00:18:16,829 - Round number: 85 --------------------------
2026-04-12 00:18:16,829 - Evaluate global model
2026-04-12 00:18:17,781 - Averaged Train Loss: 1.3822
2026-04-12 00:18:17,781 - Test Accurancy: 0.5160
2026-04-12 00:18:21,378 - Flame select clients: [0, 4, 6, 8, 9, 11, 12, 13, 14, 21, 22, 24, 26, 28, 29, 30, 31, 32, 33, 34, 36]
2026-04-12 00:18:21,395 - Round number: 86 --------------------------
2026-04-12 00:18:21,395 - Evaluate global model
2026-04-12 00:18:22,434 - Averaged Train Loss: 1.3675
2026-04-12 00:18:22,434 - Test Accurancy: 0.5209
2026-04-12 00:18:26,084 - Flame select clients: [0, 4, 6, 8, 9, 11, 12, 13, 14, 21, 22, 24, 26, 28, 29, 30, 31, 32, 33, 34, 36]
2026-04-12 00:18:26,103 - Round number: 87 --------------------------
2026-04-12 00:18:26,103 - Evaluate global model
2026-04-12 00:18:27,132 - Averaged Train Loss: 1.3549
2026-04-12 00:18:27,133 - Test Accurancy: 0.5221
2026-04-12 00:18:30,843 - Flame select clients: [0, 1, 4, 6, 8, 9, 11, 12, 13, 14, 21, 22, 24, 26, 28, 29, 30, 31, 32, 33, 34, 36]
2026-04-12 00:18:30,859 - Round number: 88 --------------------------
2026-04-12 00:18:30,859 - Evaluate global model
2026-04-12 00:18:31,913 - Averaged Train Loss: 1.3562
2026-04-12 00:18:31,913 - Test Accurancy: 0.5229
2026-04-12 00:18:35,513 - Flame select clients: [0, 4, 6, 8, 9, 11, 12, 13, 14, 21, 22, 24, 26, 28, 29, 30, 31, 32, 33, 34, 36]
2026-04-12 00:18:35,528 - Round number: 89 --------------------------
2026-04-12 00:18:35,529 - Evaluate global model
2026-04-12 00:18:36,492 - Averaged Train Loss: 1.3615
2026-04-12 00:18:36,492 - Test Accurancy: 0.5214
2026-04-12 00:18:40,053 - Flame select clients: [0, 1, 6, 8, 9, 11, 12, 13, 14, 21, 22, 24, 26, 28, 29, 30, 31, 32, 33, 34, 36]
2026-04-12 00:18:40,070 - Round number: 90 --------------------------
2026-04-12 00:18:40,070 - Evaluate global model
2026-04-12 00:18:41,116 - Averaged Train Loss: 1.3513
2026-04-12 00:18:41,117 - Test Accurancy: 0.5236
2026-04-12 00:18:44,630 - Flame select clients: [0, 1, 6, 8, 9, 11, 12, 13, 14, 21, 22, 24, 26, 28, 29, 30, 31, 32, 33, 34, 36]
2026-04-12 00:18:44,647 - Round number: 91 --------------------------
2026-04-12 00:18:44,647 - Evaluate global model
2026-04-12 00:18:45,638 - Averaged Train Loss: 1.3530
2026-04-12 00:18:45,638 - Test Accurancy: 0.5229
2026-04-12 00:18:49,237 - Flame select clients: [0, 4, 6, 8, 9, 11, 12, 13, 14, 21, 22, 24, 26, 28, 29, 30, 31, 32, 33, 34, 36]
2026-04-12 00:18:49,254 - Round number: 92 --------------------------
2026-04-12 00:18:49,254 - Evaluate global model
2026-04-12 00:18:50,326 - Averaged Train Loss: 1.3518
2026-04-12 00:18:50,326 - Test Accurancy: 0.5247
2026-04-12 00:18:53,972 - Flame select clients: [0, 4, 6, 8, 9, 11, 12, 13, 14, 21, 22, 24, 26, 28, 29, 30, 31, 32, 33, 34, 36]
2026-04-12 00:18:53,988 - Round number: 93 --------------------------
2026-04-12 00:18:53,988 - Evaluate global model
2026-04-12 00:18:55,021 - Averaged Train Loss: 1.3543
2026-04-12 00:18:55,021 - Test Accurancy: 0.5250
2026-04-12 00:18:58,672 - Flame select clients: [0, 4, 6, 8, 9, 11, 12, 13, 14, 21, 22, 24, 26, 28, 29, 30, 31, 32, 33, 34, 36]
2026-04-12 00:18:58,687 - Round number: 94 --------------------------
2026-04-12 00:18:58,687 - Evaluate global model
2026-04-12 00:18:59,727 - Averaged Train Loss: 1.3534
2026-04-12 00:18:59,728 - Test Accurancy: 0.5253
2026-04-12 00:19:03,425 - Flame select clients: [0, 4, 6, 8, 9, 11, 12, 13, 14, 21, 22, 24, 26, 28, 29, 30, 31, 32, 33, 34, 36]
2026-04-12 00:19:03,442 - Round number: 95 --------------------------
2026-04-12 00:19:03,442 - Evaluate global model
2026-04-12 00:19:04,527 - Averaged Train Loss: 1.3414
2026-04-12 00:19:04,528 - Test Accurancy: 0.5277
2026-04-12 00:19:08,185 - Flame select clients: [0, 4, 6, 8, 9, 11, 12, 13, 14, 21, 22, 24, 26, 28, 29, 30, 31, 32, 33, 34, 36]
2026-04-12 00:19:08,202 - Round number: 96 --------------------------
2026-04-12 00:19:08,202 - Evaluate global model
2026-04-12 00:19:09,236 - Averaged Train Loss: 1.3556
2026-04-12 00:19:09,237 - Test Accurancy: 0.5277
2026-04-12 00:19:12,930 - Flame select clients: [1, 4, 6, 8, 9, 11, 12, 13, 14, 21, 22, 24, 26, 28, 29, 30, 31, 32, 33, 34, 36]
2026-04-12 00:19:12,947 - Round number: 97 --------------------------
2026-04-12 00:19:12,947 - Evaluate global model
2026-04-12 00:19:14,016 - Averaged Train Loss: 1.3521
2026-04-12 00:19:14,016 - Test Accurancy: 0.5267
2026-04-12 00:19:17,766 - Flame select clients: [0, 4, 6, 8, 9, 11, 12, 13, 14, 21, 22, 24, 26, 28, 29, 30, 31, 32, 33, 34, 36]
2026-04-12 00:19:17,783 - Round number: 98 --------------------------
2026-04-12 00:19:17,783 - Evaluate global model
2026-04-12 00:19:18,851 - Averaged Train Loss: 1.3580
2026-04-12 00:19:18,852 - Test Accurancy: 0.5249
2026-04-12 00:19:22,443 - Flame select clients: [0, 6, 8, 9, 11, 12, 13, 14, 21, 22, 23, 24, 26, 28, 29, 30, 31, 32, 33, 34, 36]
2026-04-12 00:19:22,459 - Round number: 99 --------------------------
2026-04-12 00:19:22,459 - Evaluate global model
2026-04-12 00:19:23,495 - Averaged Train Loss: 1.3481
2026-04-12 00:19:23,496 - Test Accurancy: 0.5268
2026-04-12 00:19:27,040 - Flame select clients: [0, 1, 6, 8, 9, 11, 12, 13, 14, 21, 22, 24, 26, 28, 29, 30, 31, 32, 33, 34, 36]
2026-04-12 00:19:27,058 - Round number: 100 --------------------------
2026-04-12 00:19:27,058 - Evaluate global model
2026-04-12 00:19:28,079 - Averaged Train Loss: 1.3448
2026-04-12 00:19:28,079 - Test Accurancy: 0.5278
2026-04-12 00:19:31,670 - Flame select clients: [0, 4, 6, 8, 9, 11, 12, 13, 14, 21, 22, 24, 26, 28, 29, 30, 31, 32, 33, 34, 36]
2026-04-12 00:19:31,676 - Run over
2026-04-12 00:19:31,676 - Saving results to ./exp/exp4/Cifar10/flame_CAMP_clipping_v2.h5
2026-04-12 00:19:31,681 - Best accuracy: 0.5278055278055278
2026-04-12 00:19:31,681 - Average time cost per round: 12.606503753662109
