2026-04-15 13:17:21,673 - *****************EXP-4*****************
2026-04-15 13:17:21,673 - Exp repeats: 1
2026-04-15 13:17:21,673 - Communication Rounds: 100
2026-04-15 13:17:21,673 - Clients: 40

2026-04-15 13:17:21,673 - Attack method: sign_flip
2026-04-15 13:17:21,673 - Filtering rule: maud-cosine
2026-04-15 13:17:21,673 - Dataset: Cifar10
2026-04-15 13:17:21,673 - Model: cnn2
2026-04-15 13:17:21,673 - Learning Rate: 0.04
2026-04-15 13:17:21,673 - Batch Size: 64
2026-04-15 13:17:21,673 - Device: cuda
2026-04-15 13:17:21,673 - Device id: 0
2026-04-15 13:17:21,674 - Adversaries: 8
2026-04-15 13:17:21,674 - Model Poisoning: Sign Flip attack
2026-04-15 13:17:21,674 - *****************EXP-4*****************
2026-04-15 13:17:22,022 - Running time: 0th ==========================
2026-04-15 13:17:27,944 - Round number: 0 --------------------------
2026-04-15 13:17:27,945 - Evaluate global model
2026-04-15 13:17:31,707 - Averaged Train Loss: 2.3021
2026-04-15 13:17:31,708 - Test Accurancy: 0.1016
2026-04-15 13:17:41,619 - [MAUD-Cosine] HDBSCAN labels: [-1, -1, -1, -1, -1, -1, -1, -1, 0, -1, 0, 0, -1, 0, -1, 0, -1, 0, -1, 0, -1, -1, -1, 0, -1, -1, 0, 0, 0, 0, 0, 0, 0, -1, 0, 0, 0, 0, 0, 0]
2026-04-15 13:17:41,619 - [MAUD-Cosine] selected 21/40 clients: [8, 10, 11, 13, 15, 17, 19, 23, 26, 27, 28, 29, 30, 31, 32, 34, 35, 36, 37, 38, 39]
2026-04-15 13:17:41,630 - Round number: 1 --------------------------
2026-04-15 13:17:41,630 - Evaluate global model
2026-04-15 13:17:45,842 - Averaged Train Loss: 2.3022
2026-04-15 13:17:45,843 - Test Accurancy: 0.1033
2026-04-15 13:17:55,328 - [MAUD-Cosine] HDBSCAN labels: [-1, -1, -1, -1, -1, -1, -1, -1, 0, 0, 0, 0, 0, 0, 0, 0, -1, 0, -1, 0, 0, 0, 0, -1, -1, -1, 0, 0, 0, 0, 0, 0, 0, 0, 0, 0, 0, 0, 0, 0]
2026-04-15 13:17:55,328 - [MAUD-Cosine] selected 27/40 clients: [8, 9, 10, 11, 12, 13, 14, 15, 17, 19, 20, 21, 22, 26, 27, 28, 29, 30, 31, 32, 33, 34, 35, 36, 37, 38, 39]
2026-04-15 13:17:55,339 - Round number: 2 --------------------------
2026-04-15 13:17:55,339 - Evaluate global model
2026-04-15 13:17:59,392 - Averaged Train Loss: 2.2428
2026-04-15 13:17:59,392 - Test Accurancy: 0.1725
2026-04-15 13:18:09,156 - [MAUD-Cosine] HDBSCAN labels: [-1, -1, -1, -1, -1, -1, -1, -1, 0, 0, 0, 0, 0, 0, 0, 0, 0, 0, 0, 0, 0, 0, 0, -1, -1, -1, 0, 0, 0, 0, 0, 0, 0, 0, 0, 0, 0, 0, 0, 0]
2026-04-15 13:18:09,157 - [MAUD-Cosine] selected 29/40 clients: [8, 9, 10, 11, 12, 13, 14, 15, 16, 17, 18, 19, 20, 21, 22, 26, 27, 28, 29, 30, 31, 32, 33, 34, 35, 36, 37, 38, 39]
2026-04-15 13:18:09,166 - Round number: 3 --------------------------
2026-04-15 13:18:09,166 - Evaluate global model
2026-04-15 13:18:13,062 - Averaged Train Loss: 2.0945
2026-04-15 13:18:13,062 - Test Accurancy: 0.2125
2026-04-15 13:18:22,737 - [MAUD-Cosine] HDBSCAN labels: [-1, -1, -1, -1, -1, -1, -1, -1, 0, 0, 0, 0, 0, 0, 0, 0, 0, -1, 0, -1, 0, 0, 0, 0, -1, -1, 0, 0, -1, 0, 0, 0, 0, 0, 0, -1, 0, -1, 0, 0]
2026-04-15 13:18:22,737 - [MAUD-Cosine] selected 25/40 clients: [8, 9, 10, 11, 12, 13, 14, 15, 16, 18, 20, 21, 22, 23, 26, 27, 29, 30, 31, 32, 33, 34, 36, 38, 39]
2026-04-15 13:18:22,746 - Round number: 4 --------------------------
2026-04-15 13:18:22,746 - Evaluate global model
2026-04-15 13:18:26,671 - Averaged Train Loss: 1.9850
2026-04-15 13:18:26,671 - Test Accurancy: 0.2745
2026-04-15 13:18:36,582 - [MAUD-Cosine] HDBSCAN labels: [-1, -1, -1, -1, -1, -1, -1, -1, 0, 0, 0, 0, 0, 0, 0, 0, 0, 0, 0, 0, 0, 0, 0, 0, -1, -1, 0, 0, 0, 0, 0, 0, 0, 0, 0, 0, 0, 0, 0, 0]
2026-04-15 13:18:36,583 - [MAUD-Cosine] selected 30/40 clients: [8, 9, 10, 11, 12, 13, 14, 15, 16, 17, 18, 19, 20, 21, 22, 23, 26, 27, 28, 29, 30, 31, 32, 33, 34, 35, 36, 37, 38, 39]
2026-04-15 13:18:36,597 - Round number: 5 --------------------------
2026-04-15 13:18:36,597 - Evaluate global model
2026-04-15 13:18:40,465 - Averaged Train Loss: 1.9423
2026-04-15 13:18:40,465 - Test Accurancy: 0.2799
2026-04-15 13:18:50,310 - [MAUD-Cosine] HDBSCAN labels: [-1, -1, -1, -1, -1, -1, -1, -1, 0, 0, 0, -1, 0, 0, 0, -1, 0, -1, 0, -1, 0, 0, 0, 0, -1, -1, 0, 0, -1, 0, 0, 0, 0, 0, -1, -1, 0, -1, 0, 0]
2026-04-15 13:18:50,310 - [MAUD-Cosine] selected 22/40 clients: [8, 9, 10, 12, 13, 14, 16, 18, 20, 21, 22, 23, 26, 27, 29, 30, 31, 32, 33, 36, 38, 39]
2026-04-15 13:18:50,320 - Round number: 6 --------------------------
2026-04-15 13:18:50,320 - Evaluate global model
2026-04-15 13:18:54,041 - Averaged Train Loss: 1.8910
2026-04-15 13:18:54,041 - Test Accurancy: 0.3023
2026-04-15 13:19:04,123 - [MAUD-Cosine] HDBSCAN labels: [-1, -1, -1, -1, -1, -1, -1, -1, 0, 0, 0, 0, 0, 0, 0, 0, 0, 0, 0, 0, 0, 0, -1, 0, -1, 0, -1, 0, 0, 0, 0, 0, 0, 0, 0, 0, 0, 0, -1, 0]
2026-04-15 13:19:04,124 - [MAUD-Cosine] selected 28/40 clients: [8, 9, 10, 11, 12, 13, 14, 15, 16, 17, 18, 19, 20, 21, 23, 25, 27, 28, 29, 30, 31, 32, 33, 34, 35, 36, 37, 39]
2026-04-15 13:19:04,132 - Round number: 7 --------------------------
2026-04-15 13:19:04,132 - Evaluate global model
2026-04-15 13:19:07,844 - Averaged Train Loss: 1.8614
2026-04-15 13:19:07,844 - Test Accurancy: 0.3173
2026-04-15 13:19:17,862 - [MAUD-Cosine] HDBSCAN labels: [-1, -1, -1, -1, -1, -1, -1, -1, 0, 0, 0, 0, 0, 0, 0, 0, 0, 0, 0, 0, 0, 0, 0, 0, -1, 0, -1, 0, 0, 0, 0, 0, 0, 0, 0, 0, 0, 0, -1, 0]
2026-04-15 13:19:17,862 - [MAUD-Cosine] selected 29/40 clients: [8, 9, 10, 11, 12, 13, 14, 15, 16, 17, 18, 19, 20, 21, 22, 23, 25, 27, 28, 29, 30, 31, 32, 33, 34, 35, 36, 37, 39]
2026-04-15 13:19:17,871 - Round number: 8 --------------------------
2026-04-15 13:19:17,872 - Evaluate global model
2026-04-15 13:19:21,500 - Averaged Train Loss: 1.8164
2026-04-15 13:19:21,501 - Test Accurancy: 0.3409
2026-04-15 13:19:31,735 - [MAUD-Cosine] HDBSCAN labels: [-1, -1, -1, -1, -1, -1, -1, -1, 0, 0, 0, 0, 0, 0, 0, 0, 0, 0, 0, 0, 0, 0, -1, 0, -1, -1, -1, 0, 0, 0, -1, -1, -1, 0, 0, 0, -1, 0, -1, 0]
2026-04-15 13:19:31,736 - [MAUD-Cosine] selected 23/40 clients: [8, 9, 10, 11, 12, 13, 14, 15, 16, 17, 18, 19, 20, 21, 23, 27, 28, 29, 33, 34, 35, 37, 39]
2026-04-15 13:19:31,745 - Round number: 9 --------------------------
2026-04-15 13:19:31,745 - Evaluate global model
2026-04-15 13:19:35,405 - Averaged Train Loss: 1.7876
2026-04-15 13:19:35,405 - Test Accurancy: 0.3379
2026-04-15 13:19:45,555 - [MAUD-Cosine] HDBSCAN labels: [-1, 0, -1, -1, -1, -1, -1, -1, 0, 0, 0, -1, 0, 0, 0, -1, 0, -1, 0, -1, 0, 0, 0, 0, -1, 0, 0, 0, -1, 0, 0, 0, 0, 0, -1, -1, 0, -1, 0, 0]
2026-04-15 13:19:45,555 - [MAUD-Cosine] selected 24/40 clients: [1, 8, 9, 10, 12, 13, 14, 16, 18, 20, 21, 22, 23, 25, 26, 27, 29, 30, 31, 32, 33, 36, 38, 39]
2026-04-15 13:19:45,565 - Round number: 10 --------------------------
2026-04-15 13:19:45,565 - Evaluate global model
2026-04-15 13:19:49,167 - Averaged Train Loss: 1.7434
2026-04-15 13:19:49,167 - Test Accurancy: 0.3627
2026-04-15 13:19:59,394 - [MAUD-Cosine] HDBSCAN labels: [-1, 0, -1, -1, -1, -1, -1, -1, 0, 0, 0, 0, 0, 0, 0, 0, 0, 0, 0, 0, 0, 0, 0, -1, 0, 0, -1, 0, 0, 0, -1, -1, -1, 0, 0, 0, -1, 0, -1, 0]
2026-04-15 13:19:59,394 - [MAUD-Cosine] selected 26/40 clients: [1, 8, 9, 10, 11, 12, 13, 14, 15, 16, 17, 18, 19, 20, 21, 22, 24, 25, 27, 28, 29, 33, 34, 35, 37, 39]
2026-04-15 13:19:59,404 - Round number: 11 --------------------------
2026-04-15 13:19:59,404 - Evaluate global model
2026-04-15 13:20:02,991 - Averaged Train Loss: 1.7548
2026-04-15 13:20:02,991 - Test Accurancy: 0.3628
2026-04-15 13:20:13,221 - [MAUD-Cosine] HDBSCAN labels: [-1, -1, -1, -1, -1, -1, -1, -1, 0, 0, 0, 0, 0, 0, 0, 0, 0, 0, 0, 0, 0, 0, 0, -1, 0, 0, -1, 0, 0, 0, -1, -1, -1, 0, 0, 0, -1, 0, -1, 0]
2026-04-15 13:20:13,221 - [MAUD-Cosine] selected 25/40 clients: [8, 9, 10, 11, 12, 13, 14, 15, 16, 17, 18, 19, 20, 21, 22, 24, 25, 27, 28, 29, 33, 34, 35, 37, 39]
2026-04-15 13:20:13,231 - Round number: 12 --------------------------
2026-04-15 13:20:13,232 - Evaluate global model
2026-04-15 13:20:16,776 - Averaged Train Loss: 1.7373
2026-04-15 13:20:16,776 - Test Accurancy: 0.3647
2026-04-15 13:20:26,928 - [MAUD-Cosine] HDBSCAN labels: [-1, -1, -1, -1, -1, -1, -1, -1, 0, -1, 0, 0, -1, 0, -1, 0, 0, 0, 0, 0, -1, -1, 0, -1, 0, -1, -1, 0, 0, 0, 0, 0, 0, -1, 0, 0, 0, 0, -1, 0]
2026-04-15 13:20:26,928 - [MAUD-Cosine] selected 22/40 clients: [8, 10, 11, 13, 15, 16, 17, 18, 19, 22, 24, 27, 28, 29, 30, 31, 32, 34, 35, 36, 37, 39]
2026-04-15 13:20:26,938 - Round number: 13 --------------------------
2026-04-15 13:20:26,938 - Evaluate global model
2026-04-15 13:20:30,466 - Averaged Train Loss: 1.7216
2026-04-15 13:20:30,467 - Test Accurancy: 0.3491
2026-04-15 13:20:40,757 - [MAUD-Cosine] HDBSCAN labels: [-1, 0, -1, -1, -1, -1, -1, -1, 0, 0, 0, 0, 0, 0, 0, 0, 0, 0, 0, 0, 0, 0, 0, 0, -1, 0, 0, 0, 0, 0, -1, -1, -1, 0, 0, -1, -1, 0, 0, 0]
2026-04-15 13:20:40,758 - [MAUD-Cosine] selected 27/40 clients: [1, 8, 9, 10, 11, 12, 13, 14, 15, 16, 17, 18, 19, 20, 21, 22, 23, 25, 26, 27, 28, 29, 33, 34, 37, 38, 39]
2026-04-15 13:20:40,768 - Round number: 14 --------------------------
2026-04-15 13:20:40,768 - Evaluate global model
2026-04-15 13:20:44,234 - Averaged Train Loss: 1.6461
2026-04-15 13:20:44,234 - Test Accurancy: 0.4001
2026-04-15 13:20:54,385 - [MAUD-Cosine] HDBSCAN labels: [-1, -1, -1, -1, -1, -1, -1, -1, -1, 0, -1, 0, 0, -1, 0, 0, 0, 0, 0, 0, 0, 0, 0, 0, -1, 0, 0, -1, 0, -1, -1, -1, -1, 0, 0, 0, -1, 0, 0, -1]
2026-04-15 13:20:54,386 - [MAUD-Cosine] selected 21/40 clients: [9, 11, 12, 14, 15, 16, 17, 18, 19, 20, 21, 22, 23, 25, 26, 28, 33, 34, 35, 37, 38]
2026-04-15 13:20:54,395 - Round number: 15 --------------------------
2026-04-15 13:20:54,395 - Evaluate global model
2026-04-15 13:20:57,843 - Averaged Train Loss: 1.7002
2026-04-15 13:20:57,843 - Test Accurancy: 0.3828
2026-04-15 13:21:08,282 - [MAUD-Cosine] HDBSCAN labels: [-1, -1, -1, -1, -1, -1, -1, -1, -1, 0, -1, 0, 0, -1, 0, 0, 0, 0, 0, 0, 0, 0, 0, 0, -1, 0, 0, -1, 0, -1, 0, 0, 0, 0, 0, 0, 0, 0, 0, -1]
2026-04-15 13:21:08,283 - [MAUD-Cosine] selected 25/40 clients: [9, 11, 12, 14, 15, 16, 17, 18, 19, 20, 21, 22, 23, 25, 26, 28, 30, 31, 32, 33, 34, 35, 36, 37, 38]
2026-04-15 13:21:08,292 - Round number: 16 --------------------------
2026-04-15 13:21:08,292 - Evaluate global model
2026-04-15 13:21:11,669 - Averaged Train Loss: 1.6841
2026-04-15 13:21:11,669 - Test Accurancy: 0.3929
2026-04-15 13:21:22,153 - [MAUD-Cosine] HDBSCAN labels: [-1, 0, 0, 0, -1, -1, -1, -1, 0, -1, 0, 0, -1, 0, -1, 0, 0, 0, 0, 0, 0, -1, 0, -1, -1, 0, -1, 0, 0, 0, -1, -1, -1, -1, 0, 0, -1, 0, -1, 0]
2026-04-15 13:21:22,154 - [MAUD-Cosine] selected 22/40 clients: [1, 2, 3, 8, 10, 11, 13, 15, 16, 17, 18, 19, 20, 22, 25, 27, 28, 29, 34, 35, 37, 39]
2026-04-15 13:21:22,165 - Round number: 17 --------------------------
2026-04-15 13:21:22,165 - Evaluate global model
2026-04-15 13:21:25,549 - Averaged Train Loss: 1.6821
2026-04-15 13:21:25,550 - Test Accurancy: 0.3686
2026-04-15 13:21:35,897 - [MAUD-Cosine] HDBSCAN labels: [-1, 0, -1, -1, -1, -1, -1, -1, 0, 0, 0, 0, 0, 0, 0, 0, 0, 0, 0, 0, 0, 0, 0, -1, -1, 0, -1, 0, 0, 0, 0, 0, 0, 0, 0, 0, 0, 0, -1, 0]
2026-04-15 13:21:35,898 - [MAUD-Cosine] selected 29/40 clients: [1, 8, 9, 10, 11, 12, 13, 14, 15, 16, 17, 18, 19, 20, 21, 22, 25, 27, 28, 29, 30, 31, 32, 33, 34, 35, 36, 37, 39]
2026-04-15 13:21:35,907 - Round number: 18 --------------------------
2026-04-15 13:21:35,907 - Evaluate global model
2026-04-15 13:21:39,279 - Averaged Train Loss: 1.6080
2026-04-15 13:21:39,279 - Test Accurancy: 0.3974
2026-04-15 13:21:49,657 - [MAUD-Cosine] HDBSCAN labels: [-1, 0, -1, -1, -1, -1, -1, -1, 0, 0, 0, 0, 0, 0, 0, 0, 0, 0, 0, 0, 0, 0, 0, -1, -1, 0, -1, 0, 0, 0, -1, -1, -1, 0, 0, 0, -1, 0, -1, 0]
2026-04-15 13:21:49,657 - [MAUD-Cosine] selected 25/40 clients: [1, 8, 9, 10, 11, 12, 13, 14, 15, 16, 17, 18, 19, 20, 21, 22, 25, 27, 28, 29, 33, 34, 35, 37, 39]
2026-04-15 13:21:49,667 - Round number: 19 --------------------------
2026-04-15 13:21:49,667 - Evaluate global model
2026-04-15 13:21:53,074 - Averaged Train Loss: 1.6083
2026-04-15 13:21:53,074 - Test Accurancy: 0.4095
2026-04-15 13:22:03,482 - [MAUD-Cosine] HDBSCAN labels: [-1, 0, 0, 0, 0, 0, -1, -1, 0, 0, 0, 0, 0, 0, 0, 0, 0, 0, 0, 0, 0, 0, 0, 0, 0, 0, 0, 0, 0, 0, 0, 0, 0, 0, 0, 0, 0, 0, 0, 0]
2026-04-15 13:22:03,482 - [MAUD-Cosine] selected 37/40 clients: [1, 2, 3, 4, 5, 8, 9, 10, 11, 12, 13, 14, 15, 16, 17, 18, 19, 20, 21, 22, 23, 24, 25, 26, 27, 28, 29, 30, 31, 32, 33, 34, 35, 36, 37, 38, 39]
2026-04-15 13:22:03,491 - Round number: 20 --------------------------
2026-04-15 13:22:03,491 - Evaluate global model
2026-04-15 13:22:06,889 - Averaged Train Loss: 1.6188
2026-04-15 13:22:06,889 - Test Accurancy: 0.3951
2026-04-15 13:22:17,129 - [MAUD-Cosine] HDBSCAN labels: [-1, 0, 0, 0, 0, 0, -1, -1, 0, 0, 0, 0, 0, 0, 0, 0, 0, 0, 0, 0, 0, 0, 0, 0, -1, 0, -1, 0, 0, 0, 0, 0, 0, 0, 0, 0, 0, 0, -1, 0]
2026-04-15 13:22:17,129 - [MAUD-Cosine] selected 34/40 clients: [1, 2, 3, 4, 5, 8, 9, 10, 11, 12, 13, 14, 15, 16, 17, 18, 19, 20, 21, 22, 23, 25, 27, 28, 29, 30, 31, 32, 33, 34, 35, 36, 37, 39]
2026-04-15 13:22:17,139 - Round number: 21 --------------------------
2026-04-15 13:22:17,139 - Evaluate global model
2026-04-15 13:22:20,568 - Averaged Train Loss: 1.6924
2026-04-15 13:22:20,568 - Test Accurancy: 0.3729
2026-04-15 13:22:30,741 - [MAUD-Cosine] HDBSCAN labels: [-1, 0, -1, -1, -1, -1, -1, -1, 0, -1, 0, 0, -1, 0, 0, 0, 0, 0, 0, 0, 0, -1, 0, 0, 0, 0, -1, 0, 0, 0, -1, -1, -1, -1, 0, -1, -1, 0, -1, 0]
2026-04-15 13:22:30,741 - [MAUD-Cosine] selected 22/40 clients: [1, 8, 10, 11, 13, 14, 15, 16, 17, 18, 19, 20, 22, 23, 24, 25, 27, 28, 29, 34, 37, 39]
2026-04-15 13:22:30,750 - Round number: 22 --------------------------
2026-04-15 13:22:30,750 - Evaluate global model
2026-04-15 13:22:34,071 - Averaged Train Loss: 1.5578
2026-04-15 13:22:34,071 - Test Accurancy: 0.4301
2026-04-15 13:22:44,528 - [MAUD-Cosine] HDBSCAN labels: [-1, 0, -1, -1, -1, -1, -1, -1, 0, -1, 0, 0, -1, 0, 0, 0, 0, 0, 0, 0, 0, -1, 0, 0, 0, 0, -1, -1, 0, 0, -1, -1, -1, -1, 0, -1, -1, 0, -1, 0]
2026-04-15 13:22:44,528 - [MAUD-Cosine] selected 21/40 clients: [1, 8, 10, 11, 13, 14, 15, 16, 17, 18, 19, 20, 22, 23, 24, 25, 28, 29, 34, 37, 39]
2026-04-15 13:22:44,538 - Round number: 23 --------------------------
2026-04-15 13:22:44,538 - Evaluate global model
2026-04-15 13:22:47,920 - Averaged Train Loss: 1.5484
2026-04-15 13:22:47,920 - Test Accurancy: 0.4336
2026-04-15 13:22:58,447 - [MAUD-Cosine] HDBSCAN labels: [-1, 0, -1, -1, -1, -1, -1, -1, 0, 0, 0, 0, 0, 0, 0, 0, -1, 0, -1, 0, 0, 0, -1, -1, 0, 0, -1, -1, 0, 0, 0, 0, 0, 0, 0, -1, 0, 0, -1, 0]
2026-04-15 13:22:58,448 - [MAUD-Cosine] selected 25/40 clients: [1, 8, 9, 10, 11, 12, 13, 14, 15, 17, 19, 20, 21, 24, 25, 28, 29, 30, 31, 32, 33, 34, 36, 37, 39]
2026-04-15 13:22:58,457 - Round number: 24 --------------------------
2026-04-15 13:22:58,457 - Evaluate global model
2026-04-15 13:23:01,767 - Averaged Train Loss: 1.5631
2026-04-15 13:23:01,767 - Test Accurancy: 0.4186
2026-04-15 13:23:12,302 - [MAUD-Cosine] HDBSCAN labels: [-1, 0, 0, 0, 0, 0, -1, -1, 0, 0, 0, 0, 0, 0, 0, 0, -1, 0, -1, 0, 0, 0, -1, -1, 0, 0, -1, 0, 0, 0, 0, 0, 0, 0, 0, -1, 0, 0, -1, 0]
2026-04-15 13:23:12,302 - [MAUD-Cosine] selected 30/40 clients: [1, 2, 3, 4, 5, 8, 9, 10, 11, 12, 13, 14, 15, 17, 19, 20, 21, 24, 25, 27, 28, 29, 30, 31, 32, 33, 34, 36, 37, 39]
2026-04-15 13:23:12,312 - Round number: 25 --------------------------
2026-04-15 13:23:12,312 - Evaluate global model
2026-04-15 13:23:15,630 - Averaged Train Loss: 1.7158
2026-04-15 13:23:15,630 - Test Accurancy: 0.3691
2026-04-15 13:23:26,110 - [MAUD-Cosine] HDBSCAN labels: [-1, 0, 0, 0, 0, 0, -1, -1, 0, -1, 0, 0, -1, 0, 0, 0, -1, 0, -1, 0, 0, -1, -1, -1, -1, 0, -1, 0, 0, 0, -1, -1, -1, -1, 0, -1, -1, 0, -1, 0]
2026-04-15 13:23:26,110 - [MAUD-Cosine] selected 21/40 clients: [1, 2, 3, 4, 5, 8, 10, 11, 13, 14, 15, 17, 19, 20, 25, 27, 28, 29, 34, 37, 39]
2026-04-15 13:23:26,120 - Round number: 26 --------------------------
2026-04-15 13:23:26,120 - Evaluate global model
2026-04-15 13:23:29,462 - Averaged Train Loss: 2.0646
2026-04-15 13:23:29,462 - Test Accurancy: 0.3263
2026-04-15 13:23:39,805 - [MAUD-Cosine] HDBSCAN labels: [-1, -1, -1, -1, -1, -1, -1, -1, 0, 0, 0, -1, 0, 0, 0, -1, 0, 0, 0, 0, 0, 0, 0, 0, -1, 0, 0, 0, 0, 0, -1, -1, -1, -1, -1, -1, -1, 0, 0, 0]
2026-04-15 13:23:39,805 - [MAUD-Cosine] selected 22/40 clients: [8, 9, 10, 12, 13, 14, 16, 17, 18, 19, 20, 21, 22, 23, 25, 26, 27, 28, 29, 37, 38, 39]
2026-04-15 13:23:39,816 - Round number: 27 --------------------------
2026-04-15 13:23:39,816 - Evaluate global model
2026-04-15 13:23:43,197 - Averaged Train Loss: 1.5263
2026-04-15 13:23:43,197 - Test Accurancy: 0.4328
2026-04-15 13:23:53,426 - [MAUD-Cosine] HDBSCAN labels: [-1, 0, -1, -1, -1, -1, -1, -1, 0, 0, 0, -1, 0, 0, 0, -1, 0, 0, 0, 0, 0, 0, 0, 0, -1, 0, 0, -1, 0, 0, -1, -1, -1, -1, -1, -1, -1, 0, 0, 0]
2026-04-15 13:23:53,427 - [MAUD-Cosine] selected 22/40 clients: [1, 8, 9, 10, 12, 13, 14, 16, 17, 18, 19, 20, 21, 22, 23, 25, 26, 28, 29, 37, 38, 39]
2026-04-15 13:23:53,437 - Round number: 28 --------------------------
2026-04-15 13:23:53,437 - Evaluate global model
2026-04-15 13:23:56,816 - Averaged Train Loss: 1.5303
2026-04-15 13:23:56,816 - Test Accurancy: 0.4282
2026-04-15 13:24:07,236 - [MAUD-Cosine] HDBSCAN labels: [0, 0, 0, 0, 0, 0, -1, -1, 0, 0, 0, 0, 0, 0, 0, 0, 0, 0, 0, 0, 0, 0, 0, 0, 0, -1, 0, 0, 0, 0, 0, 0, 0, 0, 0, 0, 0, 0, 0, 0]
2026-04-15 13:24:07,237 - [MAUD-Cosine] selected 37/40 clients: [0, 1, 2, 3, 4, 5, 8, 9, 10, 11, 12, 13, 14, 15, 16, 17, 18, 19, 20, 21, 22, 23, 24, 26, 27, 28, 29, 30, 31, 32, 33, 34, 35, 36, 37, 38, 39]
2026-04-15 13:24:07,249 - Round number: 29 --------------------------
2026-04-15 13:24:07,249 - Evaluate global model
2026-04-15 13:24:10,642 - Averaged Train Loss: 1.5323
2026-04-15 13:24:10,643 - Test Accurancy: 0.4359
2026-04-15 13:24:21,088 - [MAUD-Cosine] HDBSCAN labels: [-1, 0, 0, 0, 0, 0, 0, -1, 0, -1, 0, 0, -1, 0, -1, 0, -1, 0, -1, 0, -1, -1, -1, -1, 0, -1, -1, 0, 0, 0, -1, -1, -1, -1, 0, 0, -1, 0, -1, 0]
2026-04-15 13:24:21,088 - [MAUD-Cosine] selected 21/40 clients: [1, 2, 3, 4, 5, 6, 8, 10, 11, 13, 15, 17, 19, 24, 27, 28, 29, 34, 35, 37, 39]
2026-04-15 13:24:21,105 - Round number: 30 --------------------------
2026-04-15 13:24:21,105 - Evaluate global model
2026-04-15 13:24:24,506 - Averaged Train Loss: 1.8853
2026-04-15 13:24:24,506 - Test Accurancy: 0.3587
2026-04-15 13:24:34,944 - [MAUD-Cosine] HDBSCAN labels: [-1, 0, -1, -1, -1, -1, 0, -1, 0, -1, 0, 0, -1, 0, 0, 0, 0, 0, 0, 0, 0, -1, 0, 0, 0, 0, -1, -1, 0, 0, -1, -1, -1, -1, 0, 0, -1, 0, -1, 0]
2026-04-15 13:24:34,944 - [MAUD-Cosine] selected 23/40 clients: [1, 6, 8, 10, 11, 13, 14, 15, 16, 17, 18, 19, 20, 22, 23, 24, 25, 28, 29, 34, 35, 37, 39]
2026-04-15 13:24:34,953 - Round number: 31 --------------------------
2026-04-15 13:24:34,953 - Evaluate global model
2026-04-15 13:24:38,358 - Averaged Train Loss: 1.5911
2026-04-15 13:24:38,358 - Test Accurancy: 0.4196
2026-04-15 13:24:48,543 - [MAUD-Cosine] HDBSCAN labels: [-1, 0, -1, -1, -1, -1, 0, -1, 0, 0, 0, 0, 0, 0, 0, 0, 0, 0, 0, 0, 0, 0, 0, 0, 0, 0, -1, -1, 0, 0, 0, 0, 0, 0, 0, 0, 0, 0, -1, 0]
2026-04-15 13:24:48,544 - [MAUD-Cosine] selected 31/40 clients: [1, 6, 8, 9, 10, 11, 12, 13, 14, 15, 16, 17, 18, 19, 20, 21, 22, 23, 24, 25, 28, 29, 30, 31, 32, 33, 34, 35, 36, 37, 39]
2026-04-15 13:24:48,553 - Round number: 32 --------------------------
2026-04-15 13:24:48,553 - Evaluate global model
2026-04-15 13:24:51,964 - Averaged Train Loss: 1.4968
2026-04-15 13:24:51,964 - Test Accurancy: 0.4469
2026-04-15 13:25:02,159 - [MAUD-Cosine] HDBSCAN labels: [-1, 0, -1, -1, -1, -1, 0, -1, 0, 0, 0, 0, 0, 0, 0, 0, 0, 0, 0, 0, 0, 0, 0, 0, 0, 0, -1, -1, 0, 0, 0, 0, 0, 0, 0, -1, 0, 0, -1, 0]
2026-04-15 13:25:02,159 - [MAUD-Cosine] selected 30/40 clients: [1, 6, 8, 9, 10, 11, 12, 13, 14, 15, 16, 17, 18, 19, 20, 21, 22, 23, 24, 25, 28, 29, 30, 31, 32, 33, 34, 36, 37, 39]
2026-04-15 13:25:02,169 - Round number: 33 --------------------------
2026-04-15 13:25:02,169 - Evaluate global model
2026-04-15 13:25:05,523 - Averaged Train Loss: 1.4823
2026-04-15 13:25:05,523 - Test Accurancy: 0.4553
2026-04-15 13:25:15,711 - [MAUD-Cosine] HDBSCAN labels: [-1, 0, 0, 0, 0, 0, 0, -1, 0, -1, 0, 0, -1, 0, 0, 0, -1, 0, -1, 0, 0, -1, -1, -1, 0, 0, -1, 0, 0, 0, -1, -1, -1, -1, 0, -1, -1, 0, -1, 0]
2026-04-15 13:25:15,711 - [MAUD-Cosine] selected 23/40 clients: [1, 2, 3, 4, 5, 6, 8, 10, 11, 13, 14, 15, 17, 19, 20, 24, 25, 27, 28, 29, 34, 37, 39]
2026-04-15 13:25:15,720 - Round number: 34 --------------------------
2026-04-15 13:25:15,720 - Evaluate global model
2026-04-15 13:25:19,072 - Averaged Train Loss: 1.7152
2026-04-15 13:25:19,073 - Test Accurancy: 0.3798
2026-04-15 13:25:29,527 - [MAUD-Cosine] HDBSCAN labels: [-1, 0, 0, 0, 0, 0, -1, -1, 0, -1, 0, -1, -1, 0, -1, -1, 0, 0, 0, 0, 0, -1, 0, 0, -1, 0, -1, 0, 0, 0, -1, -1, -1, -1, -1, -1, -1, 0, -1, 0]
2026-04-15 13:25:29,527 - [MAUD-Cosine] selected 21/40 clients: [1, 2, 3, 4, 5, 8, 10, 13, 16, 17, 18, 19, 20, 22, 23, 25, 27, 28, 29, 37, 39]
2026-04-15 13:25:29,537 - Round number: 35 --------------------------
2026-04-15 13:25:29,537 - Evaluate global model
2026-04-15 13:25:32,900 - Averaged Train Loss: 1.8442
2026-04-15 13:25:32,900 - Test Accurancy: 0.3885
2026-04-15 13:25:43,422 - [MAUD-Cosine] HDBSCAN labels: [-1, -1, -1, -1, -1, -1, -1, -1, 0, 0, 0, -1, 0, 0, 0, -1, 0, 0, 0, 0, 0, 0, 0, 0, -1, 0, -1, 0, 0, 0, -1, -1, -1, 0, -1, -1, -1, 0, -1, 0]
2026-04-15 13:25:43,423 - [MAUD-Cosine] selected 21/40 clients: [8, 9, 10, 12, 13, 14, 16, 17, 18, 19, 20, 21, 22, 23, 25, 27, 28, 29, 33, 37, 39]
2026-04-15 13:25:43,432 - Round number: 36 --------------------------
2026-04-15 13:25:43,432 - Evaluate global model
2026-04-15 13:25:46,810 - Averaged Train Loss: 1.5125
2026-04-15 13:25:46,810 - Test Accurancy: 0.4449
2026-04-15 13:25:57,277 - [MAUD-Cosine] HDBSCAN labels: [-1, 0, -1, -1, -1, -1, -1, -1, 0, 0, 0, 0, 0, 0, -1, 0, 0, 0, 0, 0, 0, 0, 0, 0, 0, 0, 0, 0, 0, 0, 0, 0, 0, 0, 0, 0, 0, 0, 0, 0]
2026-04-15 13:25:57,277 - [MAUD-Cosine] selected 32/40 clients: [1, 8, 9, 10, 11, 12, 13, 15, 16, 17, 18, 19, 20, 21, 22, 23, 24, 25, 26, 27, 28, 29, 30, 31, 32, 33, 34, 35, 36, 37, 38, 39]
2026-04-15 13:25:57,286 - Round number: 37 --------------------------
2026-04-15 13:25:57,286 - Evaluate global model
2026-04-15 13:26:00,632 - Averaged Train Loss: 1.4378
2026-04-15 13:26:00,633 - Test Accurancy: 0.4699
2026-04-15 13:26:10,907 - [MAUD-Cosine] HDBSCAN labels: [0, 0, 0, 0, 0, 0, 0, -1, 0, -1, 0, 0, -1, 0, -1, 0, -1, 0, -1, 0, -1, -1, -1, -1, 0, -1, -1, 0, 0, 0, -1, -1, -1, -1, 0, 0, -1, 0, -1, 0]
2026-04-15 13:26:10,907 - [MAUD-Cosine] selected 22/40 clients: [0, 1, 2, 3, 4, 5, 6, 8, 10, 11, 13, 15, 17, 19, 24, 27, 28, 29, 34, 35, 37, 39]
2026-04-15 13:26:10,917 - Round number: 38 --------------------------
2026-04-15 13:26:10,917 - Evaluate global model
2026-04-15 13:26:14,302 - Averaged Train Loss: 1.8298
2026-04-15 13:26:14,302 - Test Accurancy: 0.3634
2026-04-15 13:26:24,524 - [MAUD-Cosine] HDBSCAN labels: [-1, 0, -1, -1, -1, -1, 0, -1, 0, -1, 0, 0, -1, 0, 0, 0, 0, 0, 0, 0, 0, -1, 0, 0, 0, 0, 0, -1, 0, 0, -1, -1, -1, -1, 0, -1, -1, 0, 0, 0]
2026-04-15 13:26:24,524 - [MAUD-Cosine] selected 24/40 clients: [1, 6, 8, 10, 11, 13, 14, 15, 16, 17, 18, 19, 20, 22, 23, 24, 25, 26, 28, 29, 34, 37, 38, 39]
2026-04-15 13:26:24,533 - Round number: 39 --------------------------
2026-04-15 13:26:24,533 - Evaluate global model
2026-04-15 13:26:27,942 - Averaged Train Loss: 1.4987
2026-04-15 13:26:27,942 - Test Accurancy: 0.4484
2026-04-15 13:26:38,311 - [MAUD-Cosine] HDBSCAN labels: [-1, 0, -1, -1, -1, -1, 0, -1, 0, 0, 0, -1, 0, 0, 0, -1, 0, 0, 0, 0, 0, 0, 0, 0, -1, 0, -1, -1, 0, 0, -1, -1, -1, 0, -1, -1, -1, 0, -1, 0]
2026-04-15 13:26:38,312 - [MAUD-Cosine] selected 22/40 clients: [1, 6, 8, 9, 10, 12, 13, 14, 16, 17, 18, 19, 20, 21, 22, 23, 25, 28, 29, 33, 37, 39]
2026-04-15 13:26:38,322 - Round number: 40 --------------------------
2026-04-15 13:26:38,322 - Evaluate global model
2026-04-15 13:26:41,735 - Averaged Train Loss: 1.4901
2026-04-15 13:26:41,736 - Test Accurancy: 0.4573
2026-04-15 13:26:52,177 - [MAUD-Cosine] HDBSCAN labels: [-1, 0, -1, -1, -1, -1, 0, -1, 0, 0, 0, -1, 0, 0, 0, -1, 0, 0, 0, 0, 0, 0, 0, 0, -1, 0, -1, -1, 0, 0, -1, -1, -1, 0, -1, -1, -1, 0, -1, 0]
2026-04-15 13:26:52,177 - [MAUD-Cosine] selected 22/40 clients: [1, 6, 8, 9, 10, 12, 13, 14, 16, 17, 18, 19, 20, 21, 22, 23, 25, 28, 29, 33, 37, 39]
2026-04-15 13:26:52,187 - Round number: 41 --------------------------
2026-04-15 13:26:52,187 - Evaluate global model
2026-04-15 13:26:55,643 - Averaged Train Loss: 1.5218
2026-04-15 13:26:55,643 - Test Accurancy: 0.4440
2026-04-15 13:27:05,814 - [MAUD-Cosine] HDBSCAN labels: [-1, 0, 0, 0, 0, 0, 0, -1, 0, -1, 0, 0, -1, 0, -1, 0, -1, 0, -1, 0, -1, -1, -1, -1, 0, -1, -1, 0, 0, 0, -1, -1, -1, -1, 0, 0, -1, 0, -1, 0]
2026-04-15 13:27:05,814 - [MAUD-Cosine] selected 21/40 clients: [1, 2, 3, 4, 5, 6, 8, 10, 11, 13, 15, 17, 19, 24, 27, 28, 29, 34, 35, 37, 39]
2026-04-15 13:27:05,824 - Round number: 42 --------------------------
2026-04-15 13:27:05,824 - Evaluate global model
2026-04-15 13:27:09,254 - Averaged Train Loss: 1.8194
2026-04-15 13:27:09,254 - Test Accurancy: 0.3806
2026-04-15 13:27:19,413 - [MAUD-Cosine] HDBSCAN labels: [-1, 0, -1, -1, -1, -1, 0, -1, 0, 0, 0, 0, 0, 0, -1, 0, -1, 0, -1, 0, -1, 0, -1, -1, 0, -1, -1, 0, 0, 0, 0, 0, 0, 0, 0, 0, 0, 0, -1, 0]
2026-04-15 13:27:19,413 - [MAUD-Cosine] selected 25/40 clients: [1, 6, 8, 9, 10, 11, 12, 13, 15, 17, 19, 21, 24, 27, 28, 29, 30, 31, 32, 33, 34, 35, 36, 37, 39]
2026-04-15 13:27:19,423 - Round number: 43 --------------------------
2026-04-15 13:27:19,423 - Evaluate global model
2026-04-15 13:27:22,837 - Averaged Train Loss: 1.6124
2026-04-15 13:27:22,838 - Test Accurancy: 0.4128
2026-04-15 13:27:33,285 - [MAUD-Cosine] HDBSCAN labels: [0, 0, 0, 0, 0, 0, 0, -1, 0, 0, 0, 0, 0, 0, 0, 0, 0, 0, 0, 0, 0, 0, 0, 0, 0, 0, -1, -1, 0, 0, -1, -1, -1, -1, 0, -1, -1, 0, -1, 0]
2026-04-15 13:27:33,285 - [MAUD-Cosine] selected 30/40 clients: [0, 1, 2, 3, 4, 5, 6, 8, 9, 10, 11, 12, 13, 14, 15, 16, 17, 18, 19, 20, 21, 22, 23, 24, 25, 28, 29, 34, 37, 39]
2026-04-15 13:27:33,295 - Round number: 44 --------------------------
2026-04-15 13:27:33,295 - Evaluate global model
2026-04-15 13:27:36,690 - Averaged Train Loss: 1.7158
2026-04-15 13:27:36,691 - Test Accurancy: 0.3940
2026-04-15 13:27:47,065 - [MAUD-Cosine] HDBSCAN labels: [-1, -1, -1, -1, -1, -1, -1, -1, 0, 0, 0, -1, 0, 0, 0, -1, 0, 0, 0, 0, 0, 0, 0, 0, -1, 0, 0, -1, 0, 0, -1, -1, -1, -1, -1, -1, -1, 0, 0, 0]
2026-04-15 13:27:47,065 - [MAUD-Cosine] selected 21/40 clients: [8, 9, 10, 12, 13, 14, 16, 17, 18, 19, 20, 21, 22, 23, 25, 26, 28, 29, 37, 38, 39]
2026-04-15 13:27:47,075 - Round number: 45 --------------------------
2026-04-15 13:27:47,075 - Evaluate global model
2026-04-15 13:27:50,499 - Averaged Train Loss: 1.4678
2026-04-15 13:27:50,499 - Test Accurancy: 0.4559
2026-04-15 13:28:00,777 - [MAUD-Cosine] HDBSCAN labels: [0, 0, 0, 0, 0, 0, 0, -1, 0, -1, 0, -1, -1, 0, 0, -1, 0, 0, 0, 0, 0, -1, 0, 0, -1, 0, -1, -1, 0, 0, -1, -1, -1, -1, -1, -1, -1, 0, -1, 0]
2026-04-15 13:28:00,777 - [MAUD-Cosine] selected 23/40 clients: [0, 1, 2, 3, 4, 5, 6, 8, 10, 13, 14, 16, 17, 18, 19, 20, 22, 23, 25, 28, 29, 37, 39]
2026-04-15 13:28:00,786 - Round number: 46 --------------------------
2026-04-15 13:28:00,786 - Evaluate global model
2026-04-15 13:28:04,229 - Averaged Train Loss: 1.6394
2026-04-15 13:28:04,230 - Test Accurancy: 0.4357
2026-04-15 13:28:14,960 - [MAUD-Cosine] HDBSCAN labels: [-1, 0, -1, -1, -1, -1, 0, -1, 0, -1, 0, 0, -1, 0, -1, 0, 0, 0, 0, 0, -1, -1, 0, 0, 0, -1, -1, 0, 0, 0, -1, -1, -1, -1, 0, 0, -1, 0, -1, 0]
2026-04-15 13:28:14,960 - [MAUD-Cosine] selected 21/40 clients: [1, 6, 8, 10, 11, 13, 15, 16, 17, 18, 19, 22, 23, 24, 27, 28, 29, 34, 35, 37, 39]
2026-04-15 13:28:14,971 - Round number: 47 --------------------------
2026-04-15 13:28:14,971 - Evaluate global model
2026-04-15 13:28:19,557 - Averaged Train Loss: 1.4974
2026-04-15 13:28:19,557 - Test Accurancy: 0.4501
2026-04-15 13:28:29,727 - [MAUD-Cosine] HDBSCAN labels: [-1, 0, -1, -1, -1, -1, -1, -1, 0, 0, 0, 0, 0, 0, -1, 0, -1, 0, -1, 0, -1, 0, -1, -1, 0, -1, -1, -1, 0, 0, 0, 0, 0, 0, 0, 0, 0, 0, -1, 0]
2026-04-15 13:28:29,727 - [MAUD-Cosine] selected 23/40 clients: [1, 8, 9, 10, 11, 12, 13, 15, 17, 19, 21, 24, 28, 29, 30, 31, 32, 33, 34, 35, 36, 37, 39]
2026-04-15 13:28:29,736 - Round number: 48 --------------------------
2026-04-15 13:28:29,736 - Evaluate global model
2026-04-15 13:28:33,613 - Averaged Train Loss: 1.5368
2026-04-15 13:28:33,614 - Test Accurancy: 0.4343
2026-04-15 13:28:43,595 - [MAUD-Cosine] HDBSCAN labels: [0, 0, 0, 0, 0, 0, 0, -1, 0, -1, 0, 0, -1, 0, -1, 0, -1, 0, -1, 0, -1, -1, -1, -1, 0, -1, -1, 0, 0, 0, -1, -1, -1, -1, 0, -1, -1, 0, -1, 0]
2026-04-15 13:28:43,595 - [MAUD-Cosine] selected 21/40 clients: [0, 1, 2, 3, 4, 5, 6, 8, 10, 11, 13, 15, 17, 19, 24, 27, 28, 29, 34, 37, 39]
2026-04-15 13:28:43,615 - Round number: 49 --------------------------
2026-04-15 13:28:43,616 - Evaluate global model
2026-04-15 13:28:47,827 - Averaged Train Loss: 2.2089
2026-04-15 13:28:47,827 - Test Accurancy: 0.3255
2026-04-15 13:28:58,613 - [MAUD-Cosine] HDBSCAN labels: [-1, -1, -1, -1, -1, -1, -1, -1, 0, 0, 0, -1, 0, 0, 0, -1, 0, 0, 0, 0, 0, 0, 0, 0, -1, 0, 0, -1, 0, 0, -1, -1, -1, -1, -1, -1, -1, 0, 0, 0]
2026-04-15 13:28:58,614 - [MAUD-Cosine] selected 21/40 clients: [8, 9, 10, 12, 13, 14, 16, 17, 18, 19, 20, 21, 22, 23, 25, 26, 28, 29, 37, 38, 39]
2026-04-15 13:28:58,625 - Round number: 50 --------------------------
2026-04-15 13:28:58,625 - Evaluate global model
2026-04-15 13:29:02,262 - Averaged Train Loss: 1.4563
2026-04-15 13:29:02,262 - Test Accurancy: 0.4627
2026-04-15 13:29:12,465 - [MAUD-Cosine] HDBSCAN labels: [-1, 0, -1, -1, -1, -1, 0, -1, 0, 0, 0, -1, 0, 0, 0, -1, 0, 0, 0, 0, 0, 0, 0, 0, -1, 0, 0, -1, 0, 0, -1, -1, -1, -1, -1, -1, -1, 0, 0, 0]
2026-04-15 13:29:12,466 - [MAUD-Cosine] selected 23/40 clients: [1, 6, 8, 9, 10, 12, 13, 14, 16, 17, 18, 19, 20, 21, 22, 23, 25, 26, 28, 29, 37, 38, 39]
2026-04-15 13:29:12,477 - Round number: 51 --------------------------
2026-04-15 13:29:12,477 - Evaluate global model
2026-04-15 13:29:16,211 - Averaged Train Loss: 1.4603
2026-04-15 13:29:16,211 - Test Accurancy: 0.4619
2026-04-15 13:29:26,234 - [MAUD-Cosine] HDBSCAN labels: [0, -1, 0, 0, 0, 0, -1, -1, -1, 0, -1, -1, 0, -1, 0, -1, 0, -1, 0, -1, 0, 0, 0, 0, -1, 0, -1, 0, -1, -1, 0, 0, 0, 0, -1, -1, 0, -1, -1, -1]
2026-04-15 13:29:26,235 - [MAUD-Cosine] selected 21/40 clients: [0, 2, 3, 4, 5, 9, 12, 14, 16, 18, 20, 21, 22, 23, 25, 27, 30, 31, 32, 33, 36]
2026-04-15 13:29:26,244 - Round number: 52 --------------------------
2026-04-15 13:29:26,244 - Evaluate global model
2026-04-15 13:29:29,997 - Averaged Train Loss: 1.6445
2026-04-15 13:29:29,997 - Test Accurancy: 0.4246
2026-04-15 13:29:39,973 - [MAUD-Cosine] HDBSCAN labels: [0, 0, -1, -1, -1, -1, -1, -1, 0, 0, 0, 0, 0, 0, -1, 0, -1, 0, -1, 0, -1, 0, -1, -1, 0, -1, -1, 0, 0, 0, 0, 0, 0, 0, 0, 0, -1, 0, -1, 0]
2026-04-15 13:29:39,973 - [MAUD-Cosine] selected 24/40 clients: [0, 1, 8, 9, 10, 11, 12, 13, 15, 17, 19, 21, 24, 27, 28, 29, 30, 31, 32, 33, 34, 35, 37, 39]
2026-04-15 13:29:39,983 - Round number: 53 --------------------------
2026-04-15 13:29:39,983 - Evaluate global model
2026-04-15 13:29:43,864 - Averaged Train Loss: 1.5592
2026-04-15 13:29:43,864 - Test Accurancy: 0.4359
2026-04-15 13:29:53,723 - [MAUD-Cosine] HDBSCAN labels: [0, 0, 0, 0, 0, 0, 0, -1, 0, -1, 0, 0, -1, 0, -1, 0, -1, 0, -1, 0, -1, -1, -1, -1, 0, -1, -1, 0, 0, 0, -1, -1, -1, -1, 0, 0, -1, 0, -1, 0]
2026-04-15 13:29:53,723 - [MAUD-Cosine] selected 22/40 clients: [0, 1, 2, 3, 4, 5, 6, 8, 10, 11, 13, 15, 17, 19, 24, 27, 28, 29, 34, 35, 37, 39]
2026-04-15 13:29:53,733 - Round number: 54 --------------------------
2026-04-15 13:29:53,733 - Evaluate global model
2026-04-15 13:29:57,591 - Averaged Train Loss: 2.3399
2026-04-15 13:29:57,591 - Test Accurancy: 0.3317
2026-04-15 13:30:07,547 - [MAUD-Cosine] HDBSCAN labels: [-1, -1, -1, -1, -1, -1, -1, -1, 0, 0, 0, -1, 0, 0, 0, -1, 0, 0, 0, 0, 0, 0, 0, 0, -1, 0, 0, -1, 0, 0, -1, -1, -1, -1, -1, -1, -1, 0, 0, 0]
2026-04-15 13:30:07,547 - [MAUD-Cosine] selected 21/40 clients: [8, 9, 10, 12, 13, 14, 16, 17, 18, 19, 20, 21, 22, 23, 25, 26, 28, 29, 37, 38, 39]
2026-04-15 13:30:07,557 - Round number: 55 --------------------------
2026-04-15 13:30:07,557 - Evaluate global model
2026-04-15 13:30:11,561 - Averaged Train Loss: 1.4453
2026-04-15 13:30:11,562 - Test Accurancy: 0.4691
2026-04-15 13:30:21,354 - [MAUD-Cosine] HDBSCAN labels: [-1, -1, -1, -1, -1, -1, -1, -1, 0, 0, 0, -1, 0, 0, 0, -1, 0, 0, 0, 0, 0, 0, 0, 0, -1, 0, 0, -1, 0, 0, -1, -1, -1, -1, -1, -1, -1, 0, 0, 0]
2026-04-15 13:30:21,355 - [MAUD-Cosine] selected 21/40 clients: [8, 9, 10, 12, 13, 14, 16, 17, 18, 19, 20, 21, 22, 23, 25, 26, 28, 29, 37, 38, 39]
2026-04-15 13:30:21,364 - Round number: 56 --------------------------
2026-04-15 13:30:21,364 - Evaluate global model
2026-04-15 13:30:25,332 - Averaged Train Loss: 1.4404
2026-04-15 13:30:25,332 - Test Accurancy: 0.4686
2026-04-15 13:30:35,048 - [MAUD-Cosine] HDBSCAN labels: [-1, 0, -1, -1, -1, -1, 0, -1, 0, 0, 0, -1, 0, 0, 0, -1, 0, -1, 0, -1, 0, 0, 0, 0, -1, 0, -1, 0, -1, 0, 0, 0, 0, 0, -1, -1, 0, -1, -1, 0]
2026-04-15 13:30:35,048 - [MAUD-Cosine] selected 23/40 clients: [1, 6, 8, 9, 10, 12, 13, 14, 16, 18, 20, 21, 22, 23, 25, 27, 29, 30, 31, 32, 33, 36, 39]
2026-04-15 13:30:35,058 - Round number: 57 --------------------------
2026-04-15 13:30:35,058 - Evaluate global model
2026-04-15 13:30:39,115 - Averaged Train Loss: 1.3852
2026-04-15 13:30:39,115 - Test Accurancy: 0.4934
2026-04-15 13:30:48,962 - [MAUD-Cosine] HDBSCAN labels: [0, 0, 0, 0, 0, 0, -1, -1, 0, 0, 0, 0, 0, 0, -1, 0, -1, 0, -1, 0, -1, 0, -1, -1, 0, -1, -1, 0, 0, 0, 0, 0, 0, 0, 0, 0, 0, 0, -1, 0]
2026-04-15 13:30:48,962 - [MAUD-Cosine] selected 29/40 clients: [0, 1, 2, 3, 4, 5, 8, 9, 10, 11, 12, 13, 15, 17, 19, 21, 24, 27, 28, 29, 30, 31, 32, 33, 34, 35, 36, 37, 39]
2026-04-15 13:30:48,974 - Round number: 58 --------------------------
2026-04-15 13:30:48,974 - Evaluate global model
2026-04-15 13:30:53,004 - Averaged Train Loss: 1.5653
2026-04-15 13:30:53,004 - Test Accurancy: 0.4454
2026-04-15 13:31:02,723 - [MAUD-Cosine] HDBSCAN labels: [0, 0, 0, 0, 0, 0, 0, 0, 0, -1, 0, 0, -1, 0, -1, 0, -1, 0, -1, 0, 0, -1, -1, -1, 0, 0, -1, 0, 0, 0, 0, -1, 0, 0, 0, 0, -1, 0, -1, 0]
2026-04-15 13:31:02,723 - [MAUD-Cosine] selected 28/40 clients: [0, 1, 2, 3, 4, 5, 6, 7, 8, 10, 11, 13, 15, 17, 19, 20, 24, 25, 27, 28, 29, 30, 32, 33, 34, 35, 37, 39]
2026-04-15 13:31:02,733 - Round number: 59 --------------------------
2026-04-15 13:31:02,733 - Evaluate global model
2026-04-15 13:31:06,789 - Averaged Train Loss: 2.0277
2026-04-15 13:31:06,789 - Test Accurancy: 0.3819
2026-04-15 13:31:16,811 - [MAUD-Cosine] HDBSCAN labels: [-1, -1, -1, -1, -1, -1, -1, -1, 0, 0, 0, -1, 0, 0, 0, -1, 0, 0, 0, 0, 0, 0, 0, 0, -1, 0, 0, -1, 0, 0, -1, -1, -1, -1, -1, -1, -1, 0, 0, 0]
2026-04-15 13:31:16,812 - [MAUD-Cosine] selected 21/40 clients: [8, 9, 10, 12, 13, 14, 16, 17, 18, 19, 20, 21, 22, 23, 25, 26, 28, 29, 37, 38, 39]
2026-04-15 13:31:16,820 - Round number: 60 --------------------------
2026-04-15 13:31:16,820 - Evaluate global model
2026-04-15 13:31:20,956 - Averaged Train Loss: 1.4302
2026-04-15 13:31:20,956 - Test Accurancy: 0.4742
2026-04-15 13:31:30,216 - [MAUD-Cosine] HDBSCAN labels: [-1, -1, -1, -1, -1, -1, -1, -1, 0, 0, 0, -1, 0, 0, 0, -1, 0, 0, 0, 0, 0, 0, 0, 0, -1, 0, 0, -1, 0, 0, -1, -1, -1, -1, -1, -1, -1, 0, 0, 0]
2026-04-15 13:31:30,216 - [MAUD-Cosine] selected 21/40 clients: [8, 9, 10, 12, 13, 14, 16, 17, 18, 19, 20, 21, 22, 23, 25, 26, 28, 29, 37, 38, 39]
2026-04-15 13:31:30,245 - Round number: 61 --------------------------
2026-04-15 13:31:30,261 - Evaluate global model
2026-04-15 13:31:34,223 - Averaged Train Loss: 1.4129
2026-04-15 13:31:34,224 - Test Accurancy: 0.4786
2026-04-15 13:31:44,928 - [MAUD-Cosine] HDBSCAN labels: [-1, 0, -1, -1, -1, -1, -1, -1, 0, 0, 0, 0, 0, 0, 0, 0, 0, 0, 0, 0, 0, 0, 0, 0, 0, 0, -1, 0, 0, 0, -1, -1, -1, -1, 0, 0, -1, 0, -1, 0]
2026-04-15 13:31:44,929 - [MAUD-Cosine] selected 26/40 clients: [1, 8, 9, 10, 11, 12, 13, 14, 15, 16, 17, 18, 19, 20, 21, 22, 23, 24, 25, 27, 28, 29, 34, 35, 37, 39]
2026-04-15 13:31:44,940 - Round number: 62 --------------------------
2026-04-15 13:31:44,940 - Evaluate global model
2026-04-15 13:31:48,830 - Averaged Train Loss: 1.3511
2026-04-15 13:31:48,830 - Test Accurancy: 0.5055
2026-04-15 13:31:58,584 - [MAUD-Cosine] HDBSCAN labels: [-1, 0, 0, 0, 0, 0, -1, -1, 0, -1, -1, 0, -1, 0, -1, 0, -1, 0, -1, 0, -1, -1, -1, -1, 0, -1, -1, 0, 0, 0, 0, 0, 0, 0, 0, 0, -1, 0, -1, 0]
2026-04-15 13:31:58,584 - [MAUD-Cosine] selected 23/40 clients: [1, 2, 3, 4, 5, 8, 11, 13, 15, 17, 19, 24, 27, 28, 29, 30, 31, 32, 33, 34, 35, 37, 39]
2026-04-15 13:31:58,593 - Round number: 63 --------------------------
2026-04-15 13:31:58,593 - Evaluate global model
2026-04-15 13:32:02,520 - Averaged Train Loss: 1.5893
2026-04-15 13:32:02,520 - Test Accurancy: 0.4350
2026-04-15 13:32:12,417 - [MAUD-Cosine] HDBSCAN labels: [0, 0, 0, 0, 0, 0, -1, -1, 0, -1, 0, 0, -1, 0, -1, 0, -1, 0, -1, 0, -1, -1, -1, -1, 0, -1, -1, 0, 0, 0, 0, -1, 0, 0, 0, 0, -1, 0, -1, 0]
2026-04-15 13:32:12,417 - [MAUD-Cosine] selected 24/40 clients: [0, 1, 2, 3, 4, 5, 8, 10, 11, 13, 15, 17, 19, 24, 27, 28, 29, 30, 32, 33, 34, 35, 37, 39]
2026-04-15 13:32:12,429 - Round number: 64 --------------------------
2026-04-15 13:32:12,429 - Evaluate global model
2026-04-15 13:32:16,460 - Averaged Train Loss: 2.1754
2026-04-15 13:32:16,460 - Test Accurancy: 0.3704
2026-04-15 13:32:26,430 - [MAUD-Cosine] HDBSCAN labels: [-1, -1, -1, -1, -1, -1, -1, -1, 0, 0, 0, -1, 0, 0, 0, -1, 0, 0, 0, 0, 0, 0, 0, 0, -1, 0, 0, -1, 0, 0, -1, -1, -1, -1, -1, -1, -1, 0, 0, 0]
2026-04-15 13:32:26,431 - [MAUD-Cosine] selected 21/40 clients: [8, 9, 10, 12, 13, 14, 16, 17, 18, 19, 20, 21, 22, 23, 25, 26, 28, 29, 37, 38, 39]
2026-04-15 13:32:26,442 - Round number: 65 --------------------------
2026-04-15 13:32:26,442 - Evaluate global model
2026-04-15 13:32:30,487 - Averaged Train Loss: 1.4073
2026-04-15 13:32:30,487 - Test Accurancy: 0.4856
2026-04-15 13:32:40,120 - [MAUD-Cosine] HDBSCAN labels: [-1, -1, -1, -1, -1, -1, -1, -1, 0, 0, 0, 0, 0, 0, 0, 0, 0, -1, 0, -1, 0, 0, 0, 0, 0, 0, 0, -1, -1, 0, -1, -1, -1, -1, -1, -1, -1, 0, 0, 0]
2026-04-15 13:32:40,120 - [MAUD-Cosine] selected 21/40 clients: [8, 9, 10, 11, 12, 13, 14, 15, 16, 18, 20, 21, 22, 23, 24, 25, 26, 29, 37, 38, 39]
2026-04-15 13:32:40,131 - Round number: 66 --------------------------
2026-04-15 13:32:40,132 - Evaluate global model
2026-04-15 13:32:44,215 - Averaged Train Loss: 1.3428
2026-04-15 13:32:44,216 - Test Accurancy: 0.5040
2026-04-15 13:32:53,909 - [MAUD-Cosine] HDBSCAN labels: [0, -1, 0, 0, 0, 0, -1, -1, -1, 0, -1, 0, 0, -1, 0, 0, 0, -1, 0, -1, 0, 0, 0, 0, 0, 0, 0, 0, -1, -1, 0, -1, 0, 0, 0, 0, -1, -1, 0, -1]
2026-04-15 13:32:53,910 - [MAUD-Cosine] selected 26/40 clients: [0, 2, 3, 4, 5, 9, 11, 12, 14, 15, 16, 18, 20, 21, 22, 23, 24, 25, 26, 27, 30, 32, 33, 34, 35, 38]
2026-04-15 13:32:53,919 - Round number: 67 --------------------------
2026-04-15 13:32:53,920 - Evaluate global model
2026-04-15 13:32:58,027 - Averaged Train Loss: 1.4588
2026-04-15 13:32:58,027 - Test Accurancy: 0.4782
2026-04-15 13:33:07,549 - [MAUD-Cosine] HDBSCAN labels: [0, 0, 0, 0, 0, 0, -1, -1, 0, 0, 0, 0, 0, 0, -1, 0, -1, 0, -1, 0, -1, 0, -1, -1, 0, -1, -1, 0, 0, 0, 0, -1, 0, 0, 0, 0, -1, 0, -1, 0]
2026-04-15 13:33:07,549 - [MAUD-Cosine] selected 27/40 clients: [0, 1, 2, 3, 4, 5, 8, 9, 10, 11, 12, 13, 15, 17, 19, 21, 24, 27, 28, 29, 30, 32, 33, 34, 35, 37, 39]
2026-04-15 13:33:07,558 - Round number: 68 --------------------------
2026-04-15 13:33:07,558 - Evaluate global model
2026-04-15 13:33:11,711 - Averaged Train Loss: 1.7698
2026-04-15 13:33:11,712 - Test Accurancy: 0.4198
2026-04-15 13:33:21,519 - [MAUD-Cosine] HDBSCAN labels: [-1, 0, -1, -1, -1, -1, -1, -1, 0, 0, 0, 0, 0, 0, -1, 0, 0, 0, 0, 0, 0, 0, 0, 0, 0, 0, -1, 0, 0, 0, -1, -1, -1, -1, 0, 0, -1, 0, -1, 0]
2026-04-15 13:33:21,519 - [MAUD-Cosine] selected 25/40 clients: [1, 8, 9, 10, 11, 12, 13, 15, 16, 17, 18, 19, 20, 21, 22, 23, 24, 25, 27, 28, 29, 34, 35, 37, 39]
2026-04-15 13:33:21,529 - Round number: 69 --------------------------
2026-04-15 13:33:21,529 - Evaluate global model
2026-04-15 13:33:25,712 - Averaged Train Loss: 1.3826
2026-04-15 13:33:25,712 - Test Accurancy: 0.4969
2026-04-15 13:33:35,220 - [MAUD-Cosine] HDBSCAN labels: [-1, 0, -1, -1, -1, -1, -1, -1, 0, 0, 0, 0, 0, 0, -1, 0, 0, 0, 0, 0, 0, 0, 0, 0, 0, 0, 0, -1, -1, 0, -1, -1, -1, -1, 0, 0, -1, 0, 0, 0]
2026-04-15 13:33:35,221 - [MAUD-Cosine] selected 25/40 clients: [1, 8, 9, 10, 11, 12, 13, 15, 16, 17, 18, 19, 20, 21, 22, 23, 24, 25, 26, 29, 34, 35, 37, 38, 39]
2026-04-15 13:33:35,232 - Round number: 70 --------------------------
2026-04-15 13:33:35,232 - Evaluate global model
2026-04-15 13:33:39,519 - Averaged Train Loss: 1.3494
2026-04-15 13:33:39,519 - Test Accurancy: 0.5074
2026-04-15 13:33:48,878 - [MAUD-Cosine] HDBSCAN labels: [-1, 0, -1, -1, -1, -1, 0, -1, 0, 0, 0, 0, 0, 0, -1, 0, 0, 0, 0, 0, 0, 0, 0, 0, 0, 0, 0, -1, -1, 0, -1, -1, -1, -1, 0, -1, -1, 0, 0, 0]
2026-04-15 13:33:48,878 - [MAUD-Cosine] selected 25/40 clients: [1, 6, 8, 9, 10, 11, 12, 13, 15, 16, 17, 18, 19, 20, 21, 22, 23, 24, 25, 26, 29, 34, 37, 38, 39]
2026-04-15 13:33:48,888 - Round number: 71 --------------------------
2026-04-15 13:33:48,888 - Evaluate global model
2026-04-15 13:33:53,189 - Averaged Train Loss: 1.3414
2026-04-15 13:33:53,190 - Test Accurancy: 0.5100
2026-04-15 13:34:02,790 - [MAUD-Cosine] HDBSCAN labels: [0, 0, 0, 0, 0, 0, 0, -1, 0, -1, 0, 0, -1, 0, -1, 0, -1, 0, -1, 0, -1, -1, -1, -1, 0, -1, -1, 0, 0, 0, -1, -1, -1, -1, 0, -1, -1, 0, -1, 0]
2026-04-15 13:34:02,790 - [MAUD-Cosine] selected 21/40 clients: [0, 1, 2, 3, 4, 5, 6, 8, 10, 11, 13, 15, 17, 19, 24, 27, 28, 29, 34, 37, 39]
2026-04-15 13:34:02,799 - Round number: 72 --------------------------
2026-04-15 13:34:02,799 - Evaluate global model
2026-04-15 13:34:07,108 - Averaged Train Loss: 1.7667
2026-04-15 13:34:07,108 - Test Accurancy: 0.4130
2026-04-15 13:34:16,706 - [MAUD-Cosine] HDBSCAN labels: [-1, 0, -1, -1, -1, -1, 0, -1, 0, 0, 0, 0, 0, 0, -1, 0, -1, 0, -1, 0, -1, 0, -1, -1, 0, -1, -1, -1, 0, 0, 0, 0, 0, 0, -1, -1, 0, 0, -1, 0]
2026-04-15 13:34:16,706 - [MAUD-Cosine] selected 22/40 clients: [1, 6, 8, 9, 10, 11, 12, 13, 15, 17, 19, 21, 24, 28, 29, 30, 31, 32, 33, 36, 37, 39]
2026-04-15 13:34:16,716 - Round number: 73 --------------------------
2026-04-15 13:34:16,716 - Evaluate global model
2026-04-15 13:34:21,154 - Averaged Train Loss: 1.5744
2026-04-15 13:34:21,155 - Test Accurancy: 0.4428
2026-04-15 13:34:30,439 - [MAUD-Cosine] HDBSCAN labels: [-1, -1, -1, -1, -1, -1, -1, -1, 0, 0, 0, -1, 0, 0, 0, -1, 0, 0, 0, 0, 0, 0, 0, 0, -1, 0, 0, -1, 0, 0, -1, -1, -1, -1, -1, -1, -1, 0, 0, 0]
2026-04-15 13:34:30,439 - [MAUD-Cosine] selected 21/40 clients: [8, 9, 10, 12, 13, 14, 16, 17, 18, 19, 20, 21, 22, 23, 25, 26, 28, 29, 37, 38, 39]
2026-04-15 13:34:30,448 - Round number: 74 --------------------------
2026-04-15 13:34:30,449 - Evaluate global model
2026-04-15 13:34:34,836 - Averaged Train Loss: 1.3799
2026-04-15 13:34:34,837 - Test Accurancy: 0.4937
2026-04-15 13:34:44,301 - [MAUD-Cosine] HDBSCAN labels: [-1, -1, -1, -1, -1, -1, -1, -1, 0, 0, 0, -1, 0, 0, 0, -1, 0, 0, 0, 0, 0, 0, 0, 0, -1, 0, 0, -1, 0, 0, -1, -1, -1, -1, -1, -1, -1, 0, 0, 0]
2026-04-15 13:34:44,302 - [MAUD-Cosine] selected 21/40 clients: [8, 9, 10, 12, 13, 14, 16, 17, 18, 19, 20, 21, 22, 23, 25, 26, 28, 29, 37, 38, 39]
2026-04-15 13:34:44,312 - Round number: 75 --------------------------
2026-04-15 13:34:44,312 - Evaluate global model
2026-04-15 13:34:48,740 - Averaged Train Loss: 1.3644
2026-04-15 13:34:48,740 - Test Accurancy: 0.4974
2026-04-15 13:34:58,218 - [MAUD-Cosine] HDBSCAN labels: [0, 0, 0, 0, 0, 0, -1, 0, 0, -1, 0, 0, -1, 0, -1, 0, -1, 0, -1, 0, -1, -1, -1, -1, 0, -1, -1, 0, 0, 0, -1, -1, -1, -1, 0, -1, -1, 0, -1, 0]
2026-04-15 13:34:58,219 - [MAUD-Cosine] selected 21/40 clients: [0, 1, 2, 3, 4, 5, 7, 8, 10, 11, 13, 15, 17, 19, 24, 27, 28, 29, 34, 37, 39]
2026-04-15 13:34:58,228 - Round number: 76 --------------------------
2026-04-15 13:34:58,228 - Evaluate global model
2026-04-15 13:35:02,655 - Averaged Train Loss: 1.6811
2026-04-15 13:35:02,655 - Test Accurancy: 0.4404
2026-04-15 13:35:12,031 - [MAUD-Cosine] HDBSCAN labels: [0, 0, 0, 0, 0, 0, -1, -1, 0, 0, 0, 0, 0, 0, -1, 0, -1, 0, -1, 0, -1, 0, -1, -1, 0, -1, -1, 0, 0, 0, 0, 0, 0, 0, 0, 0, 0, 0, -1, 0]
2026-04-15 13:35:12,032 - [MAUD-Cosine] selected 29/40 clients: [0, 1, 2, 3, 4, 5, 8, 9, 10, 11, 12, 13, 15, 17, 19, 21, 24, 27, 28, 29, 30, 31, 32, 33, 34, 35, 36, 37, 39]
2026-04-15 13:35:12,042 - Round number: 77 --------------------------
2026-04-15 13:35:12,042 - Evaluate global model
2026-04-15 13:35:16,564 - Averaged Train Loss: 1.9590
2026-04-15 13:35:16,564 - Test Accurancy: 0.3983
2026-04-15 13:35:25,790 - [MAUD-Cosine] HDBSCAN labels: [-1, -1, -1, -1, -1, -1, -1, -1, 0, 0, -1, 0, 0, 0, 0, 0, 0, -1, 0, -1, 0, 0, 0, 0, 0, 0, 0, 0, -1, 0, -1, -1, -1, -1, -1, 0, -1, -1, 0, 0]
2026-04-15 13:35:25,790 - [MAUD-Cosine] selected 21/40 clients: [8, 9, 11, 12, 13, 14, 15, 16, 18, 20, 21, 22, 23, 24, 25, 26, 27, 29, 35, 38, 39]
2026-04-15 13:35:25,800 - Round number: 78 --------------------------
2026-04-15 13:35:25,800 - Evaluate global model
2026-04-15 13:35:30,299 - Averaged Train Loss: 1.3284
2026-04-15 13:35:30,299 - Test Accurancy: 0.5136
2026-04-15 13:35:39,397 - [MAUD-Cosine] HDBSCAN labels: [-1, -1, -1, -1, -1, -1, -1, -1, 0, 0, 0, 0, 0, 0, 0, 0, 0, -1, 0, -1, 0, 0, 0, 0, 0, 0, 0, -1, -1, 0, -1, -1, -1, -1, -1, 0, -1, -1, 0, 0]
2026-04-15 13:35:39,397 - [MAUD-Cosine] selected 21/40 clients: [8, 9, 10, 11, 12, 13, 14, 15, 16, 18, 20, 21, 22, 23, 24, 25, 26, 29, 35, 38, 39]
2026-04-15 13:35:39,406 - Round number: 79 --------------------------
2026-04-15 13:35:39,406 - Evaluate global model
2026-04-15 13:35:43,940 - Averaged Train Loss: 1.3308
2026-04-15 13:35:43,940 - Test Accurancy: 0.5104
2026-04-15 13:35:53,157 - [MAUD-Cosine] HDBSCAN labels: [0, 0, 0, 0, 0, 0, 0, -1, 0, -1, 0, 0, -1, 0, -1, 0, -1, 0, -1, 0, -1, -1, -1, -1, 0, -1, -1, 0, 0, 0, -1, -1, -1, -1, 0, 0, -1, 0, -1, 0]
2026-04-15 13:35:53,158 - [MAUD-Cosine] selected 22/40 clients: [0, 1, 2, 3, 4, 5, 6, 8, 10, 11, 13, 15, 17, 19, 24, 27, 28, 29, 34, 35, 37, 39]
2026-04-15 13:35:53,166 - Round number: 80 --------------------------
2026-04-15 13:35:53,166 - Evaluate global model
2026-04-15 13:35:57,767 - Averaged Train Loss: 1.4866
2026-04-15 13:35:57,767 - Test Accurancy: 0.4751
2026-04-15 13:36:06,950 - [MAUD-Cosine] HDBSCAN labels: [0, 0, 0, 0, 0, 0, 0, -1, 0, -1, 0, 0, -1, 0, -1, 0, -1, 0, -1, 0, -1, -1, -1, -1, 0, -1, -1, 0, 0, 0, -1, -1, -1, -1, 0, 0, -1, 0, -1, 0]
2026-04-15 13:36:06,950 - [MAUD-Cosine] selected 22/40 clients: [0, 1, 2, 3, 4, 5, 6, 8, 10, 11, 13, 15, 17, 19, 24, 27, 28, 29, 34, 35, 37, 39]
2026-04-15 13:36:06,961 - Round number: 81 --------------------------
2026-04-15 13:36:06,961 - Evaluate global model
2026-04-15 13:36:11,527 - Averaged Train Loss: 2.3435
2026-04-15 13:36:11,527 - Test Accurancy: 0.3702
2026-04-15 13:36:20,821 - [MAUD-Cosine] HDBSCAN labels: [-1, -1, -1, -1, -1, -1, -1, -1, 0, 0, 0, 0, 0, 0, 0, 0, 0, 0, 0, 0, 0, 0, 0, 0, 0, 0, 0, -1, 0, 0, -1, -1, -1, -1, -1, -1, -1, 0, 0, 0]
2026-04-15 13:36:20,822 - [MAUD-Cosine] selected 24/40 clients: [8, 9, 10, 11, 12, 13, 14, 15, 16, 17, 18, 19, 20, 21, 22, 23, 24, 25, 26, 28, 29, 37, 38, 39]
2026-04-15 13:36:20,833 - Round number: 82 --------------------------
2026-04-15 13:36:20,833 - Evaluate global model
2026-04-15 13:36:25,489 - Averaged Train Loss: 1.3896
2026-04-15 13:36:25,489 - Test Accurancy: 0.4970
2026-04-15 13:36:34,452 - [MAUD-Cosine] HDBSCAN labels: [-1, -1, -1, -1, -1, -1, -1, -1, 0, 0, 0, -1, 0, 0, 0, 0, 0, -1, 0, -1, 0, 0, 0, 0, 0, 0, 0, -1, -1, 0, 0, 0, 0, 0, -1, -1, 0, -1, 0, 0]
2026-04-15 13:36:34,452 - [MAUD-Cosine] selected 24/40 clients: [8, 9, 10, 12, 13, 14, 15, 16, 18, 20, 21, 22, 23, 24, 25, 26, 29, 30, 31, 32, 33, 36, 38, 39]
2026-04-15 13:36:34,462 - Round number: 83 --------------------------
2026-04-15 13:36:34,462 - Evaluate global model
2026-04-15 13:36:39,188 - Averaged Train Loss: 1.3119
2026-04-15 13:36:39,188 - Test Accurancy: 0.5187
2026-04-15 13:36:48,147 - [MAUD-Cosine] HDBSCAN labels: [0, 0, 0, 0, 0, 0, 0, -1, 0, 0, 0, -1, 0, 0, 0, -1, 0, 0, 0, 0, 0, 0, 0, 0, -1, 0, -1, 0, 0, 0, -1, -1, -1, -1, -1, -1, -1, 0, -1, 0]
2026-04-15 13:36:48,148 - [MAUD-Cosine] selected 27/40 clients: [0, 1, 2, 3, 4, 5, 6, 8, 9, 10, 12, 13, 14, 16, 17, 18, 19, 20, 21, 22, 23, 25, 27, 28, 29, 37, 39]
2026-04-15 13:36:48,157 - Round number: 84 --------------------------
2026-04-15 13:36:48,157 - Evaluate global model
2026-04-15 13:36:52,921 - Averaged Train Loss: 1.4481
2026-04-15 13:36:52,921 - Test Accurancy: 0.4879
2026-04-15 13:37:01,920 - [MAUD-Cosine] HDBSCAN labels: [0, 0, 0, 0, 0, 0, -1, 0, 0, -1, 0, 0, -1, 0, -1, 0, -1, 0, -1, 0, -1, -1, -1, -1, 0, -1, -1, 0, 0, 0, 0, -1, 0, 0, 0, 0, -1, 0, -1, 0]
2026-04-15 13:37:01,920 - [MAUD-Cosine] selected 25/40 clients: [0, 1, 2, 3, 4, 5, 7, 8, 10, 11, 13, 15, 17, 19, 24, 27, 28, 29, 30, 32, 33, 34, 35, 37, 39]
2026-04-15 13:37:01,929 - Round number: 85 --------------------------
2026-04-15 13:37:01,929 - Evaluate global model
2026-04-15 13:37:06,727 - Averaged Train Loss: 1.8895
2026-04-15 13:37:06,728 - Test Accurancy: 0.4246
2026-04-15 13:37:15,748 - [MAUD-Cosine] HDBSCAN labels: [-1, -1, -1, -1, -1, -1, -1, -1, 0, 0, 0, 0, 0, 0, -1, 0, 0, 0, 0, 0, 0, 0, 0, 0, 0, 0, 0, -1, 0, 0, -1, -1, -1, -1, 0, 0, -1, 0, 0, 0]
2026-04-15 13:37:15,748 - [MAUD-Cosine] selected 25/40 clients: [8, 9, 10, 11, 12, 13, 15, 16, 17, 18, 19, 20, 21, 22, 23, 24, 25, 26, 28, 29, 34, 35, 37, 38, 39]
2026-04-15 13:37:15,757 - Round number: 86 --------------------------
2026-04-15 13:37:15,757 - Evaluate global model
2026-04-15 13:37:20,525 - Averaged Train Loss: 1.3817
2026-04-15 13:37:20,525 - Test Accurancy: 0.5023
2026-04-15 13:37:29,684 - [MAUD-Cosine] HDBSCAN labels: [-1, -1, -1, -1, -1, -1, -1, -1, 0, 0, 0, 0, 0, 0, -1, 0, 0, 0, 0, 0, 0, 0, 0, 0, 0, 0, 0, -1, 0, 0, -1, -1, -1, -1, -1, 0, -1, 0, 0, 0]
2026-04-15 13:37:29,684 - [MAUD-Cosine] selected 24/40 clients: [8, 9, 10, 11, 12, 13, 15, 16, 17, 18, 19, 20, 21, 22, 23, 24, 25, 26, 28, 29, 35, 37, 38, 39]
2026-04-15 13:37:29,695 - Round number: 87 --------------------------
2026-04-15 13:37:29,696 - Evaluate global model
2026-04-15 13:37:34,512 - Averaged Train Loss: 1.3649
2026-04-15 13:37:34,513 - Test Accurancy: 0.5021
2026-04-15 13:37:43,424 - [MAUD-Cosine] HDBSCAN labels: [-1, 0, -1, -1, -1, -1, -1, -1, 0, 0, 0, 0, 0, 0, 0, 0, 0, -1, 0, -1, 0, 0, 0, 0, 0, 0, 0, 0, -1, 0, 0, 0, 0, 0, -1, -1, 0, -1, 0, 0]
2026-04-15 13:37:43,425 - [MAUD-Cosine] selected 27/40 clients: [1, 8, 9, 10, 11, 12, 13, 14, 15, 16, 18, 20, 21, 22, 23, 24, 25, 26, 27, 29, 30, 31, 32, 33, 36, 38, 39]
2026-04-15 13:37:43,435 - Round number: 88 --------------------------
2026-04-15 13:37:43,435 - Evaluate global model
2026-04-15 13:37:48,322 - Averaged Train Loss: 1.2965
2026-04-15 13:37:48,322 - Test Accurancy: 0.5251
2026-04-15 13:37:57,008 - [MAUD-Cosine] HDBSCAN labels: [0, 0, 0, 0, 0, 0, 0, 0, 0, -1, 0, 0, -1, 0, -1, 0, -1, 0, -1, 0, -1, -1, -1, -1, -1, -1, -1, 0, 0, 0, -1, -1, -1, -1, 0, -1, -1, 0, -1, 0]
2026-04-15 13:37:57,008 - [MAUD-Cosine] selected 21/40 clients: [0, 1, 2, 3, 4, 5, 6, 7, 8, 10, 11, 13, 15, 17, 19, 27, 28, 29, 34, 37, 39]
2026-04-15 13:37:57,019 - Round number: 89 --------------------------
2026-04-15 13:37:57,019 - Evaluate global model
2026-04-15 13:38:02,033 - Averaged Train Loss: 1.6186
2026-04-15 13:38:02,033 - Test Accurancy: 0.4525
2026-04-15 13:38:10,674 - [MAUD-Cosine] HDBSCAN labels: [0, 0, 0, 0, 0, 0, 0, -1, 0, -1, 0, 0, -1, 0, -1, 0, -1, 0, -1, 0, -1, -1, -1, -1, 0, -1, -1, 0, 0, 0, -1, -1, -1, -1, -1, 0, -1, 0, -1, 0]
2026-04-15 13:38:10,674 - [MAUD-Cosine] selected 21/40 clients: [0, 1, 2, 3, 4, 5, 6, 8, 10, 11, 13, 15, 17, 19, 24, 27, 28, 29, 35, 37, 39]
2026-04-15 13:38:10,686 - Round number: 90 --------------------------
2026-04-15 13:38:10,686 - Evaluate global model
2026-04-15 13:38:15,809 - Averaged Train Loss: 2.8686
2026-04-15 13:38:15,809 - Test Accurancy: 0.3540
2026-04-15 13:38:24,594 - [MAUD-Cosine] HDBSCAN labels: [-1, -1, -1, -1, -1, -1, -1, -1, 0, 0, 0, -1, 0, 0, 0, 0, 0, 0, 0, 0, 0, 0, 0, 0, 0, 0, 0, -1, 0, 0, -1, -1, -1, -1, -1, -1, -1, 0, 0, 0]
2026-04-15 13:38:24,594 - [MAUD-Cosine] selected 23/40 clients: [8, 9, 10, 12, 13, 14, 15, 16, 17, 18, 19, 20, 21, 22, 23, 24, 25, 26, 28, 29, 37, 38, 39]
2026-04-15 13:38:24,604 - Round number: 91 --------------------------
2026-04-15 13:38:24,604 - Evaluate global model
2026-04-15 13:38:29,672 - Averaged Train Loss: 1.4044
2026-04-15 13:38:29,673 - Test Accurancy: 0.4972
2026-04-15 13:38:38,230 - [MAUD-Cosine] HDBSCAN labels: [-1, -1, -1, -1, -1, -1, -1, -1, 0, 0, 0, -1, 0, 0, 0, 0, 0, 0, 0, 0, 0, 0, 0, 0, 0, 0, 0, -1, 0, 0, -1, -1, -1, -1, -1, -1, -1, 0, 0, 0]
2026-04-15 13:38:38,231 - [MAUD-Cosine] selected 23/40 clients: [8, 9, 10, 12, 13, 14, 15, 16, 17, 18, 19, 20, 21, 22, 23, 24, 25, 26, 28, 29, 37, 38, 39]
2026-04-15 13:38:38,242 - Round number: 92 --------------------------
2026-04-15 13:38:38,242 - Evaluate global model
2026-04-15 13:38:43,421 - Averaged Train Loss: 1.3689
2026-04-15 13:38:43,421 - Test Accurancy: 0.5031
2026-04-15 13:38:51,728 - [MAUD-Cosine] HDBSCAN labels: [-1, -1, -1, -1, -1, -1, -1, -1, 0, 0, 0, 0, 0, 0, 0, 0, 0, -1, 0, -1, 0, 0, 0, 0, 0, 0, 0, -1, -1, 0, 0, 0, 0, 0, -1, -1, 0, -1, 0, 0]
2026-04-15 13:38:51,728 - [MAUD-Cosine] selected 25/40 clients: [8, 9, 10, 11, 12, 13, 14, 15, 16, 18, 20, 21, 22, 23, 24, 25, 26, 29, 30, 31, 32, 33, 36, 38, 39]
2026-04-15 13:38:51,738 - Round number: 93 --------------------------
2026-04-15 13:38:51,738 - Evaluate global model
2026-04-15 13:38:57,006 - Averaged Train Loss: 1.2997
2026-04-15 13:38:57,006 - Test Accurancy: 0.5239
2026-04-15 13:39:05,134 - [MAUD-Cosine] HDBSCAN labels: [0, 0, 0, 0, 0, 0, -1, 0, 0, 0, 0, 0, 0, 0, -1, 0, -1, 0, -1, 0, -1, 0, -1, -1, 0, -1, -1, 0, 0, 0, 0, 0, 0, 0, 0, -1, 0, 0, -1, 0]
2026-04-15 13:39:05,135 - [MAUD-Cosine] selected 29/40 clients: [0, 1, 2, 3, 4, 5, 7, 8, 9, 10, 11, 12, 13, 15, 17, 19, 21, 24, 27, 28, 29, 30, 31, 32, 33, 34, 36, 37, 39]
2026-04-15 13:39:05,144 - Round number: 94 --------------------------
2026-04-15 13:39:05,144 - Evaluate global model
2026-04-15 13:39:10,602 - Averaged Train Loss: 1.5068
2026-04-15 13:39:10,602 - Test Accurancy: 0.4796
2026-04-15 13:39:18,700 - [MAUD-Cosine] HDBSCAN labels: [0, 0, 0, 0, 0, 0, -1, 0, 0, -1, 0, 0, -1, 0, -1, 0, 0, 0, 0, 0, -1, -1, -1, -1, 0, -1, -1, 0, 0, 0, -1, -1, -1, 0, 0, -1, -1, 0, -1, 0]
2026-04-15 13:39:18,700 - [MAUD-Cosine] selected 24/40 clients: [0, 1, 2, 3, 4, 5, 7, 8, 10, 11, 13, 15, 16, 17, 18, 19, 24, 27, 28, 29, 33, 34, 37, 39]
2026-04-15 13:39:18,709 - Round number: 95 --------------------------
2026-04-15 13:39:18,709 - Evaluate global model
2026-04-15 13:39:24,213 - Averaged Train Loss: 2.0090
2026-04-15 13:39:24,213 - Test Accurancy: 0.4103
2026-04-15 13:39:32,124 - [MAUD-Cosine] HDBSCAN labels: [-1, -1, -1, -1, -1, -1, -1, -1, 0, 0, 0, -1, 0, 0, 0, -1, 0, 0, 0, 0, 0, 0, 0, 0, -1, 0, 0, -1, 0, 0, -1, -1, -1, -1, -1, -1, -1, 0, 0, 0]
2026-04-15 13:39:32,125 - [MAUD-Cosine] selected 21/40 clients: [8, 9, 10, 12, 13, 14, 16, 17, 18, 19, 20, 21, 22, 23, 25, 26, 28, 29, 37, 38, 39]
2026-04-15 13:39:32,134 - Round number: 96 --------------------------
2026-04-15 13:39:32,134 - Evaluate global model
2026-04-15 13:39:37,775 - Averaged Train Loss: 1.3976
2026-04-15 13:39:37,775 - Test Accurancy: 0.5017
2026-04-15 13:39:45,506 - [MAUD-Cosine] HDBSCAN labels: [-1, -1, -1, -1, -1, -1, -1, -1, 0, 0, 0, 0, 0, 0, 0, 0, 0, 0, 0, 0, 0, 0, 0, 0, 0, 0, 0, -1, 0, 0, -1, -1, -1, -1, -1, -1, -1, 0, 0, 0]
2026-04-15 13:39:45,506 - [MAUD-Cosine] selected 24/40 clients: [8, 9, 10, 11, 12, 13, 14, 15, 16, 17, 18, 19, 20, 21, 22, 23, 24, 25, 26, 28, 29, 37, 38, 39]
2026-04-15 13:39:45,517 - Round number: 97 --------------------------
2026-04-15 13:39:45,517 - Evaluate global model
2026-04-15 13:39:51,363 - Averaged Train Loss: 1.3663
2026-04-15 13:39:51,363 - Test Accurancy: 0.5043
2026-04-15 13:39:59,176 - [MAUD-Cosine] HDBSCAN labels: [-1, 0, -1, -1, -1, -1, 0, -1, 0, 0, 0, 0, 0, 0, -1, 0, 0, -1, 0, -1, 0, 0, 0, 0, 0, 0, 0, 0, -1, 0, -1, -1, -1, -1, -1, 0, -1, -1, 0, 0]
2026-04-15 13:39:59,176 - [MAUD-Cosine] selected 23/40 clients: [1, 6, 8, 9, 10, 11, 12, 13, 15, 16, 18, 20, 21, 22, 23, 24, 25, 26, 27, 29, 35, 38, 39]
2026-04-15 13:39:59,185 - Round number: 98 --------------------------
2026-04-15 13:39:59,185 - Evaluate global model
2026-04-15 13:40:04,858 - Averaged Train Loss: 1.3188
2026-04-15 13:40:04,859 - Test Accurancy: 0.5191
2026-04-15 13:40:12,528 - [MAUD-Cosine] HDBSCAN labels: [-1, 0, 0, 0, 0, 0, -1, -1, 0, -1, 0, 0, -1, 0, -1, 0, -1, 0, -1, 0, -1, 0, -1, -1, 0, -1, -1, 0, 0, 0, 0, 0, 0, 0, 0, 0, 0, 0, -1, 0]
2026-04-15 13:40:12,528 - [MAUD-Cosine] selected 26/40 clients: [1, 2, 3, 4, 5, 8, 10, 11, 13, 15, 17, 19, 21, 24, 27, 28, 29, 30, 31, 32, 33, 34, 35, 36, 37, 39]
2026-04-15 13:40:12,539 - Round number: 99 --------------------------
2026-04-15 13:40:12,539 - Evaluate global model
2026-04-15 13:40:18,337 - Averaged Train Loss: 1.4647
2026-04-15 13:40:18,338 - Test Accurancy: 0.4867
2026-04-15 13:40:25,854 - [MAUD-Cosine] HDBSCAN labels: [0, 0, 0, 0, 0, 0, 0, 0, 0, -1, 0, 0, -1, 0, -1, 0, -1, 0, -1, 0, -1, -1, -1, -1, 0, -1, -1, 0, 0, 0, -1, 0, -1, -1, -1, -1, -1, 0, -1, 0]
2026-04-15 13:40:25,855 - [MAUD-Cosine] selected 22/40 clients: [0, 1, 2, 3, 4, 5, 6, 7, 8, 10, 11, 13, 15, 17, 19, 24, 27, 28, 29, 31, 37, 39]
2026-04-15 13:40:25,865 - Round number: 100 --------------------------
2026-04-15 13:40:25,866 - Evaluate global model
2026-04-15 13:40:31,937 - Averaged Train Loss: 2.4333
2026-04-15 13:40:31,937 - Test Accurancy: 0.3859
2026-04-15 13:40:38,506 - [MAUD-Cosine] HDBSCAN labels: [-1, -1, -1, -1, -1, -1, -1, -1, -1, 0, 0, -1, 0, 0, 0, 0, 0, 0, 0, 0, 0, 0, 0, 0, 0, 0, 0, -1, 0, 0, -1, -1, -1, -1, -1, -1, -1, 0, 0, 0]
2026-04-15 13:40:38,506 - [MAUD-Cosine] selected 22/40 clients: [9, 10, 12, 13, 14, 15, 16, 17, 18, 19, 20, 21, 22, 23, 24, 25, 26, 28, 29, 37, 38, 39]
2026-04-15 13:40:38,507 - Run over
2026-04-15 13:40:38,507 - Saving results to ./exp/exp4/Cifar10/maud-cosine_sign_flip.h5
2026-04-15 13:40:38,511 - Best accuracy: 0.525074925074925
2026-04-15 13:40:38,511 - Average time cost per round: 13.768864822387695
