2026-04-15 21:28:34,000 - *****************EXP-4*****************
2026-04-15 21:28:34,001 - Exp repeats: 1
2026-04-15 21:28:34,001 - Communication Rounds: 100
2026-04-15 21:28:34,001 - Clients: 40

2026-04-15 21:28:34,001 - Attack method: sign_flip
2026-04-15 21:28:34,002 - Filtering rule: maud-norm
2026-04-15 21:28:34,002 - Dataset: Cifar10
2026-04-15 21:28:34,002 - Model: cnn2
2026-04-15 21:28:34,002 - Learning Rate: 0.04
2026-04-15 21:28:34,002 - Batch Size: 64
2026-04-15 21:28:34,002 - Device: cuda
2026-04-15 21:28:34,002 - Device id: 0
2026-04-15 21:28:34,002 - Adversaries: 8
2026-04-15 21:28:34,002 - *****************EXP-4*****************
2026-04-15 21:28:34,709 - Running time: 0th ==========================
2026-04-15 21:28:40,686 - Round number: 0 --------------------------
2026-04-15 21:28:40,686 - Evaluate global model
2026-04-15 21:28:44,576 - Averaged Train Loss: 2.3021
2026-04-15 21:28:44,576 - Test Accurancy: 0.1016
2026-04-15 21:28:52,639 - [MAUD-Norm] client_ids: [0, 1, 2, 3, 4, 5, 6, 7, 8, 9, 10, 11, 12, 13, 14, 15, 16, 17, 18, 19, 20, 21, 22, 23, 24, 25, 26, 27, 28, 29, 30, 31, 32, 33, 34, 35, 36, 37, 38, 39]
2026-04-15 21:28:52,641 - [MAUD-Norm] acc_norms: [352.5260, 355.7994, 329.5114, 331.5609, 340.3687, 391.5452, 360.1542, 388.4789, 364.9045, 368.0017, 364.4923, 343.8193, 361.4159, 367.0390, 354.8921, 326.5610, 383.6656, 362.6331, 380.3098, 377.0239, 353.4838, 364.7909, 374.0222, 384.6882, 341.9485, 367.5627, 352.1880, 359.2386, 337.4689, 367.0140, 368.7703, 375.4146, 361.3048, 350.7379, 362.4220, 337.2366, 383.5833, 345.7707, 382.0872, 381.5324]
2026-04-15 21:28:52,700 - [MAUD-Norm] cluster centers: [343.59154256 372.08381226], benign_cluster: 0
2026-04-15 21:28:52,700 - [MAUD-Norm] selected 15/40 clients: [0, 1, 2, 3, 4, 11, 14, 15, 20, 24, 26, 28, 33, 35, 37]
2026-04-15 21:28:52,711 - Round number: 1 --------------------------
2026-04-15 21:28:52,711 - Evaluate global model
2026-04-15 21:28:54,769 - Averaged Train Loss: 2.3090
2026-04-15 21:28:54,769 - Test Accurancy: 0.0975
2026-04-15 21:29:02,462 - [MAUD-Norm] client_ids: [0, 1, 2, 3, 4, 5, 6, 7, 8, 9, 10, 11, 12, 13, 14, 15, 16, 17, 18, 19, 20, 21, 22, 23, 24, 25, 26, 27, 28, 29, 30, 31, 32, 33, 34, 35, 36, 37, 38, 39]
2026-04-15 21:29:02,462 - [MAUD-Norm] acc_norms: [567.3436, 571.3983, 492.7050, 502.4183, 501.7857, 643.5715, 573.7785, 633.0790, 559.4863, 618.6973, 597.5765, 572.1219, 592.2759, 605.0615, 581.9976, 531.6472, 625.4652, 579.9084, 583.8280, 635.1865, 580.4653, 601.8617, 591.3997, 612.2443, 505.8690, 601.3805, 571.2485, 600.1426, 544.2894, 604.1932, 607.5116, 599.1038, 612.4767, 578.2360, 577.0674, 569.3718, 630.7083, 581.7899, 602.5538, 627.0129]
2026-04-15 21:29:02,485 - [MAUD-Norm] cluster centers: [596.7512943  513.11909993], benign_cluster: 1
2026-04-15 21:29:02,485 - [MAUD-Norm] selected 6/40 clients: [2, 3, 4, 15, 24, 28]
2026-04-15 21:29:02,516 - Round number: 2 --------------------------
2026-04-15 21:29:02,516 - Evaluate global model
2026-04-15 21:29:04,747 - Averaged Train Loss: 2.4082
2026-04-15 21:29:04,748 - Test Accurancy: 0.0929
2026-04-15 21:29:12,550 - [MAUD-Norm] client_ids: [0, 1, 2, 3, 4, 5, 6, 7, 8, 9, 10, 11, 12, 13, 14, 15, 16, 17, 18, 19, 20, 21, 22, 23, 24, 25, 26, 27, 28, 29, 30, 31, 32, 33, 34, 35, 36, 37, 38, 39]
2026-04-15 21:29:12,553 - [MAUD-Norm] acc_norms: [718.1696, 747.9586, 618.6450, 620.7728, 618.7794, 815.0853, 728.3699, 803.3203, 671.4531, 801.8436, 765.8418, 745.9766, 765.3104, 784.4822, 754.0503, 676.0167, 795.3743, 743.9377, 704.4291, 823.3930, 745.2714, 769.7720, 743.1891, 782.3788, 622.4544, 774.8311, 728.5708, 773.0057, 696.3302, 781.8646, 790.1900, 748.1473, 806.2001, 747.6422, 734.8231, 734.0125, 785.0509, 753.6052, 761.6736, 799.7128]
2026-04-15 21:29:12,652 - [MAUD-Norm] cluster centers: [653.61006927 767.28295326], benign_cluster: 0
2026-04-15 21:29:12,653 - [MAUD-Norm] selected 8/40 clients: [2, 3, 4, 8, 15, 18, 24, 28]
2026-04-15 21:29:12,668 - Round number: 3 --------------------------
2026-04-15 21:29:12,668 - Evaluate global model
2026-04-15 21:29:15,817 - Averaged Train Loss: 2.6329
2026-04-15 21:29:15,817 - Test Accurancy: 0.0975
2026-04-15 21:29:23,253 - [MAUD-Norm] client_ids: [0, 1, 2, 3, 4, 5, 6, 7, 8, 9, 10, 11, 12, 13, 14, 15, 16, 17, 18, 19, 20, 21, 22, 23, 24, 25, 26, 27, 28, 29, 30, 31, 32, 33, 34, 35, 36, 37, 38, 39]
2026-04-15 21:29:23,254 - [MAUD-Norm] acc_norms: [828.6299, 885.0757, 696.3591, 694.6199, 683.7690, 951.2860, 843.1011, 946.8663, 754.4280, 947.9399, 895.9454, 875.5166, 900.7244, 925.9299, 886.6890, 772.6111, 926.3146, 866.8621, 799.2236, 969.8534, 861.7741, 895.7783, 853.6252, 914.4510, 715.5164, 897.3287, 837.7918, 917.5786, 814.3033, 914.1104, 935.3228, 861.4041, 969.6804, 858.9288, 840.5908, 854.1807, 917.4009, 879.3491, 869.1143, 931.1613]
2026-04-15 21:29:23,275 - [MAUD-Norm] cluster centers: [741.35381317 895.63455772], benign_cluster: 0
2026-04-15 21:29:23,276 - [MAUD-Norm] selected 8/40 clients: [2, 3, 4, 8, 15, 18, 24, 28]
2026-04-15 21:29:23,286 - Round number: 4 --------------------------
2026-04-15 21:29:23,287 - Evaluate global model
2026-04-15 21:29:25,604 - Averaged Train Loss: 3.9432
2026-04-15 21:29:25,604 - Test Accurancy: 0.0975
2026-04-15 21:29:32,994 - [MAUD-Norm] client_ids: [0, 1, 2, 3, 4, 5, 6, 7, 8, 9, 10, 11, 12, 13, 14, 15, 16, 17, 18, 19, 20, 21, 22, 23, 24, 25, 26, 27, 28, 29, 30, 31, 32, 33, 34, 35, 36, 37, 38, 39]
2026-04-15 21:29:32,994 - [MAUD-Norm] acc_norms: [929.2935, 990.2817, 791.2769, 788.5304, 775.0474, 1064.7136, 935.8149, 1062.9548, 839.5111, 1057.0234, 1000.5370, 961.3439, 996.4885, 1043.6896, 989.0840, 861.8384, 1045.7179, 964.8106, 895.6337, 1110.0900, 960.7598, 991.9286, 954.9730, 1011.5283, 820.1042, 1010.4452, 926.5490, 1030.5366, 917.7929, 1016.7508, 1047.4089, 952.5627, 1101.1992, 932.6766, 912.5051, 945.6008, 1017.8210, 982.7372, 961.6471, 1045.2981]
2026-04-15 21:29:33,016 - [MAUD-Norm] cluster centers: [ 871.27492582 1011.77527986], benign_cluster: 0
2026-04-15 21:29:33,016 - [MAUD-Norm] selected 13/40 clients: [0, 2, 3, 4, 6, 8, 15, 18, 24, 26, 28, 33, 34]
2026-04-15 21:29:33,025 - Round number: 5 --------------------------
2026-04-15 21:29:33,026 - Evaluate global model
2026-04-15 21:29:35,524 - Averaged Train Loss: 10.5080
2026-04-15 21:29:35,525 - Test Accurancy: 0.0975
2026-04-15 21:29:43,032 - [MAUD-Norm] client_ids: [0, 1, 2, 3, 4, 5, 6, 7, 8, 9, 10, 11, 12, 13, 14, 15, 16, 17, 18, 19, 20, 21, 22, 23, 24, 25, 26, 27, 28, 29, 30, 31, 32, 33, 34, 35, 36, 37, 38, 39]
2026-04-15 21:29:43,033 - [MAUD-Norm] acc_norms: [695.4644, 746.4335, 636.1006, 632.8985, 616.2462, 854.7025, 702.9753, 827.6095, 640.8705, 801.2781, 749.0031, 712.7867, 749.7469, 797.9669, 753.3280, 638.2614, 816.5378, 722.4037, 689.9598, 846.0668, 722.5544, 743.6625, 710.9202, 767.0699, 667.6301, 768.9062, 703.6802, 794.8156, 703.9008, 747.7988, 813.5178, 728.6119, 863.5839, 708.8857, 674.1977, 702.7415, 783.7592, 742.5369, 724.5187, 832.6548]
2026-04-15 21:29:43,089 - [MAUD-Norm] cluster centers: [812.9591534  702.52288818], benign_cluster: 1
2026-04-15 21:29:43,090 - [MAUD-Norm] selected 27/40 clients: [0, 1, 2, 3, 4, 6, 8, 10, 11, 12, 14, 15, 17, 18, 20, 21, 22, 24, 26, 28, 29, 31, 33, 34, 35, 37, 38]
2026-04-15 21:29:43,102 - Round number: 6 --------------------------
2026-04-15 21:29:43,102 - Evaluate global model
2026-04-15 21:29:45,625 - Averaged Train Loss: 62.4994
2026-04-15 21:29:45,625 - Test Accurancy: 0.0975
2026-04-15 21:29:52,917 - [MAUD-Norm] client_ids: [0, 1, 2, 3, 4, 5, 6, 7, 8, 9, 10, 11, 12, 13, 14, 15, 16, 17, 18, 19, 20, 21, 22, 23, 24, 25, 26, 27, 28, 29, 30, 31, 32, 33, 34, 35, 36, 37, 38, 39]
2026-04-15 21:29:52,918 - [MAUD-Norm] acc_norms: [622.5282, 622.0405, 610.4942, 608.5734, 598.0429, 698.0730, 624.4169, 682.2123, 618.4285, 670.9423, 633.5569, 613.2521, 657.5723, 668.2981, 648.7672, 548.7271, 661.6851, 639.6060, 617.2562, 658.4583, 631.3817, 658.8967, 628.4109, 670.4326, 663.6389, 657.1321, 629.9761, 652.0547, 642.0823, 629.8534, 669.2045, 644.1096, 698.4929, 647.7476, 594.7940, 589.2341, 648.8409, 626.4728, 636.7747, 678.9751]
2026-04-15 21:29:52,938 - [MAUD-Norm] cluster centers: [662.72487677 614.95866635], benign_cluster: 1
2026-04-15 21:29:52,938 - [MAUD-Norm] selected 19/40 clients: [0, 1, 2, 3, 4, 6, 8, 10, 11, 15, 18, 20, 22, 26, 29, 34, 35, 37, 38]
2026-04-15 21:29:52,948 - Round number: 7 --------------------------
2026-04-15 21:29:52,948 - Evaluate global model
2026-04-15 21:29:55,243 - Averaged Train Loss: 4632381.1031
2026-04-15 21:29:55,244 - Test Accurancy: 0.0975
2026-04-15 21:30:02,717 - [MAUD-Norm] client_ids: [0, 1, 2, 3, 4, 5, 6, 7, 8, 9, 10, 11, 12, 13, 14, 15, 16, 17, 18, 19, 20, 21, 22, 23, 24, 25, 26, 27, 28, 29, 30, 31, 32, 33, 34, 35, 36, 37, 38, 39]
2026-04-15 21:30:02,718 - [MAUD-Norm] acc_norms: [nan, nan, nan, nan, nan, nan, nan, nan, nan, nan, nan, nan, nan, nan, nan, nan, nan, nan, nan, nan, nan, nan, nan, nan, nan, nan, nan, nan, nan, nan, nan, nan, nan, nan, nan, nan, nan, nan, nan, nan]
nan, nan, nan, nan]
Traceback (most recent call last):
  File "/root/FLDefender/main.py", line 114, in <module>
    server.train()
  File "/root/FLDefender/src/roles.py", line 453, in train
    self.filter_update(epoch=i)
  File "/root/FLDefender/src/roles.py", line 309, in filter_update
    selected_indices, self.maud_accumulated = maud_norm_filter(
                                              ^^^^^^^^^^^^^^^^^
  File "/root/FLDefender/src/defend_methods.py", line 421, in maud_norm_filter
    kmeans = KMeans(n_clusters=2, random_state=0, n_init=10).fit(norms)
             ^^^^^^^^^^^^^^^^^^^^^^^^^^^^^^^^^^^^^^^^^^^^^^^^^^^^^^^^^^
  File "/root/anaconda3/lib/python3.11/site-packages/sklearn/cluster/_kmeans.py", line 1417, in fit
    X = self._validate_data(
        ^^^^^^^^^^^^^^^^^^^^
  File "/root/anaconda3/lib/python3.11/site-packages/sklearn/base.py", line 565, in _validate_data
    X = check_array(X, input_name="X", **check_params)
        ^^^^^^^^^^^^^^^^^^^^^^^^^^^^^^^^^^^^^^^^^^^^^^
  File "/root/anaconda3/lib/python3.11/site-packages/sklearn/utils/validation.py", line 921, in check_array
    _assert_all_finite(
  File "/root/anaconda3/lib/python3.11/site-packages/sklearn/utils/validation.py", line 161, in _assert_all_finite
    raise ValueError(msg_err)
ValueError: Input X contains NaN.
KMeans does not accept missing values encoded as NaN natively. For supervised learning, you might want to consider sklearn.ensemble.HistGradientBoostingClassifier and Regressor which accept missing values encoded as NaNs natively. Alternatively, it is possible to preprocess the data, for instance by using an imputer transformer in a pipeline or drop samples with missing values. See https://scikit-learn.org/stable/modules/impute.html You can find a list of all estimators that handle NaN values at the following page: https://scikit-learn.org/stable/modules/impute.html#estimators-that-handle-nan-values
