2026-04-16 00:39:19,704 - *****************EXP-4*****************
2026-04-16 00:39:19,705 - Exp repeats: 1
2026-04-16 00:39:19,705 - Communication Rounds: 100
2026-04-16 00:39:19,705 - Clients: 40

2026-04-16 00:39:19,705 - Attack method: CAMP
2026-04-16 00:39:19,705 - Filtering rule: maud-cosine
2026-04-16 00:39:19,705 - Dataset: Cifar10
2026-04-16 00:39:19,705 - Model: cnn2
2026-04-16 00:39:19,705 - Learning Rate: 0.04
2026-04-16 00:39:19,705 - Batch Size: 64
2026-04-16 00:39:19,705 - Device: cuda
2026-04-16 00:39:19,705 - Device id: 0
2026-04-16 00:39:19,705 - Adversaries: 8
2026-04-16 00:39:19,706 - Model Poisoning: CAMP attack, mode clipping_v8
2026-04-16 00:39:19,706 - *****************EXP-4*****************
2026-04-16 00:39:22,060 - Running time: 0th ==========================
2026-04-16 00:39:36,848 - Round number: 0 --------------------------
2026-04-16 00:39:36,849 - Evaluate global model
2026-04-16 00:39:47,507 - Averaged Train Loss: 2.3021
2026-04-16 00:39:47,509 - Test Accurancy: 0.1016
2026-04-16 00:40:03,434 - [MAUD-Cosine] HDBSCAN labels: [-1, -1, -1, -1, -1, -1, -1, -1, 0, -1, 0, 0, -1, 0, -1, 0, -1, 0, -1, 0, -1, -1, -1, 0, -1, -1, 0, 0, 0, 0, 0, 0, 0, -1, 0, 0, 0, 0, 0, 0]
2026-04-16 00:40:03,437 - [MAUD-Cosine] selected 21/40 clients: [8, 10, 11, 13, 15, 17, 19, 23, 26, 27, 28, 29, 30, 31, 32, 34, 35, 36, 37, 38, 39]
2026-04-16 00:40:03,726 - Round number: 1 --------------------------
2026-04-16 00:40:03,727 - Evaluate global model
2026-04-16 00:40:11,951 - Averaged Train Loss: 2.2917
2026-04-16 00:40:11,956 - Test Accurancy: 0.1248
2026-04-16 00:40:28,602 - [MAUD-Cosine] HDBSCAN labels: [-1, -1, -1, -1, -1, -1, -1, -1, -1, 0, -1, 0, 0, -1, 0, 0, -1, 0, -1, 0, 0, 0, 0, -1, -1, -1, 0, -1, 0, -1, 0, 0, 0, 0, 0, 0, 0, 0, 0, -1]
2026-04-16 00:40:28,607 - [MAUD-Cosine] selected 21/40 clients: [9, 11, 12, 14, 15, 17, 19, 20, 21, 22, 26, 28, 30, 31, 32, 33, 34, 35, 36, 37, 38]
2026-04-16 00:40:28,646 - Round number: 2 --------------------------
2026-04-16 00:40:28,647 - Evaluate global model
2026-04-16 00:40:38,270 - Averaged Train Loss: 2.3064
2026-04-16 00:40:38,271 - Test Accurancy: 0.1915
2026-04-16 00:40:52,567 - [MAUD-Cosine] HDBSCAN labels: [-1, -1, -1, -1, -1, -1, -1, -1, 0, 0, 0, 0, 0, 0, 0, 0, 0, 0, 0, 0, 0, 0, 0, -1, -1, -1, 0, 0, 0, 0, 0, 0, 0, 0, 0, 0, 0, 0, 0, 0]
2026-04-16 00:40:52,570 - [MAUD-Cosine] selected 29/40 clients: [8, 9, 10, 11, 12, 13, 14, 15, 16, 17, 18, 19, 20, 21, 22, 26, 27, 28, 29, 30, 31, 32, 33, 34, 35, 36, 37, 38, 39]
2026-04-16 00:40:52,605 - Round number: 3 --------------------------
2026-04-16 00:40:52,605 - Evaluate global model
2026-04-16 00:40:58,105 - Averaged Train Loss: 2.1367
2026-04-16 00:40:58,105 - Test Accurancy: 0.2145
2026-04-16 00:41:08,860 - [MAUD-Cosine] HDBSCAN labels: [-1, -1, -1, -1, -1, -1, -1, -1, -1, 0, -1, 0, 0, -1, 0, 0, -1, 0, -1, 0, 0, 0, 0, -1, -1, -1, 0, -1, 0, -1, 0, 0, 0, 0, 0, 0, 0, 0, 0, -1]
2026-04-16 00:41:08,860 - [MAUD-Cosine] selected 21/40 clients: [9, 11, 12, 14, 15, 17, 19, 20, 21, 22, 26, 28, 30, 31, 32, 33, 34, 35, 36, 37, 38]
2026-04-16 00:41:08,891 - Round number: 4 --------------------------
2026-04-16 00:41:08,891 - Evaluate global model
2026-04-16 00:41:13,674 - Averaged Train Loss: 2.1307
2026-04-16 00:41:13,674 - Test Accurancy: 0.2412
2026-04-16 00:41:24,523 - [MAUD-Cosine] HDBSCAN labels: [-1, -1, -1, -1, -1, -1, -1, -1, 0, 0, 0, 0, 0, 0, 0, 0, 0, 0, 0, 0, 0, 0, 0, 0, -1, -1, 0, 0, 0, 0, 0, 0, 0, 0, 0, 0, 0, 0, 0, 0]
2026-04-16 00:41:24,526 - [MAUD-Cosine] selected 30/40 clients: [8, 9, 10, 11, 12, 13, 14, 15, 16, 17, 18, 19, 20, 21, 22, 23, 26, 27, 28, 29, 30, 31, 32, 33, 34, 35, 36, 37, 38, 39]
2026-04-16 00:41:24,585 - Round number: 5 --------------------------
2026-04-16 00:41:24,586 - Evaluate global model
2026-04-16 00:41:30,231 - Averaged Train Loss: 1.9985
2026-04-16 00:41:30,231 - Test Accurancy: 0.2675
2026-04-16 00:41:40,065 - [MAUD-Cosine] HDBSCAN labels: [-1, -1, -1, -1, -1, -1, -1, -1, 0, 0, 0, 0, 0, 0, 0, 0, 0, 0, 0, 0, 0, 0, 0, 0, -1, -1, 0, 0, 0, 0, 0, 0, 0, 0, 0, 0, 0, 0, 0, 0]
2026-04-16 00:41:40,066 - [MAUD-Cosine] selected 30/40 clients: [8, 9, 10, 11, 12, 13, 14, 15, 16, 17, 18, 19, 20, 21, 22, 23, 26, 27, 28, 29, 30, 31, 32, 33, 34, 35, 36, 37, 38, 39]
2026-04-16 00:41:40,103 - Round number: 6 --------------------------
2026-04-16 00:41:40,103 - Evaluate global model
2026-04-16 00:41:44,992 - Averaged Train Loss: 1.9321
2026-04-16 00:41:44,993 - Test Accurancy: 0.2928
2026-04-16 00:41:54,768 - [MAUD-Cosine] HDBSCAN labels: [-1, -1, -1, -1, -1, -1, -1, -1, 0, 0, 0, -1, 0, 0, 0, -1, 0, -1, 0, -1, 0, 0, 0, 0, -1, -1, 0, 0, -1, 0, 0, 0, 0, 0, -1, -1, 0, -1, 0, 0]
2026-04-16 00:41:54,768 - [MAUD-Cosine] selected 22/40 clients: [8, 9, 10, 12, 13, 14, 16, 18, 20, 21, 22, 23, 26, 27, 29, 30, 31, 32, 33, 36, 38, 39]
2026-04-16 00:41:54,802 - Round number: 7 --------------------------
2026-04-16 00:41:54,802 - Evaluate global model
2026-04-16 00:41:59,938 - Averaged Train Loss: 1.8764
2026-04-16 00:41:59,938 - Test Accurancy: 0.3179
2026-04-16 00:42:11,646 - [MAUD-Cosine] HDBSCAN labels: [-1, -1, -1, -1, -1, -1, -1, -1, 0, 0, 0, 0, 0, 0, 0, 0, 0, 0, 0, 0, 0, 0, 0, 0, -1, -1, -1, 0, 0, 0, 0, 0, 0, 0, 0, 0, 0, 0, -1, 0]
2026-04-16 00:42:11,649 - [MAUD-Cosine] selected 28/40 clients: [8, 9, 10, 11, 12, 13, 14, 15, 16, 17, 18, 19, 20, 21, 22, 23, 27, 28, 29, 30, 31, 32, 33, 34, 35, 36, 37, 39]
2026-04-16 00:42:11,706 - Round number: 8 --------------------------
2026-04-16 00:42:11,706 - Evaluate global model
2026-04-16 00:42:18,821 - Averaged Train Loss: 1.8356
2026-04-16 00:42:18,823 - Test Accurancy: 0.3361
2026-04-16 00:42:32,286 - [MAUD-Cosine] HDBSCAN labels: [-1, -1, -1, -1, -1, -1, -1, -1, 0, 0, 0, -1, 0, 0, 0, -1, 0, -1, 0, -1, 0, 0, 0, 0, -1, -1, 0, 0, -1, 0, 0, 0, 0, 0, -1, -1, 0, -1, 0, 0]
2026-04-16 00:42:32,289 - [MAUD-Cosine] selected 22/40 clients: [8, 9, 10, 12, 13, 14, 16, 18, 20, 21, 22, 23, 26, 27, 29, 30, 31, 32, 33, 36, 38, 39]
2026-04-16 00:42:32,351 - Round number: 9 --------------------------
2026-04-16 00:42:32,352 - Evaluate global model
2026-04-16 00:42:39,523 - Averaged Train Loss: 1.8014
2026-04-16 00:42:39,524 - Test Accurancy: 0.3386
2026-04-16 00:42:52,761 - [MAUD-Cosine] HDBSCAN labels: [-1, -1, -1, -1, -1, -1, -1, -1, 0, 0, 0, 0, 0, 0, 0, 0, 0, 0, 0, 0, 0, 0, 0, 0, -1, -1, -1, 0, 0, 0, 0, 0, 0, 0, 0, 0, 0, 0, -1, 0]
2026-04-16 00:42:52,762 - [MAUD-Cosine] selected 28/40 clients: [8, 9, 10, 11, 12, 13, 14, 15, 16, 17, 18, 19, 20, 21, 22, 23, 27, 28, 29, 30, 31, 32, 33, 34, 35, 36, 37, 39]
2026-04-16 00:42:52,815 - Round number: 10 --------------------------
2026-04-16 00:42:52,815 - Evaluate global model
2026-04-16 00:42:59,989 - Averaged Train Loss: 1.7631
2026-04-16 00:42:59,991 - Test Accurancy: 0.3583
2026-04-16 00:43:13,517 - [MAUD-Cosine] HDBSCAN labels: [-1, -1, -1, -1, -1, -1, -1, -1, 0, 0, 0, -1, 0, 0, 0, -1, 0, -1, 0, -1, 0, 0, 0, 0, -1, 0, -1, 0, -1, 0, 0, 0, 0, 0, -1, -1, 0, -1, -1, 0]
2026-04-16 00:43:13,519 - [MAUD-Cosine] selected 21/40 clients: [8, 9, 10, 12, 13, 14, 16, 18, 20, 21, 22, 23, 25, 27, 29, 30, 31, 32, 33, 36, 39]
2026-04-16 00:43:13,581 - Round number: 11 --------------------------
2026-04-16 00:43:13,581 - Evaluate global model
2026-04-16 00:43:21,418 - Averaged Train Loss: 1.7328
2026-04-16 00:43:21,422 - Test Accurancy: 0.3672
2026-04-16 00:43:36,491 - [MAUD-Cosine] HDBSCAN labels: [-1, -1, -1, -1, -1, -1, -1, -1, 0, 0, 0, 0, 0, 0, 0, 0, 0, 0, 0, 0, 0, 0, 0, 0, -1, 0, 0, 0, 0, 0, 0, 0, 0, 0, 0, 0, 0, 0, 0, 0]
2026-04-16 00:43:36,495 - [MAUD-Cosine] selected 31/40 clients: [8, 9, 10, 11, 12, 13, 14, 15, 16, 17, 18, 19, 20, 21, 22, 23, 25, 26, 27, 28, 29, 30, 31, 32, 33, 34, 35, 36, 37, 38, 39]
2026-04-16 00:43:36,562 - Round number: 12 --------------------------
2026-04-16 00:43:36,564 - Evaluate global model
2026-04-16 00:43:44,625 - Averaged Train Loss: 1.7089
2026-04-16 00:43:44,626 - Test Accurancy: 0.3793
2026-04-16 00:43:57,064 - [MAUD-Cosine] HDBSCAN labels: [-1, -1, -1, -1, -1, -1, -1, -1, 0, 0, 0, 0, 0, 0, 0, 0, 0, 0, 0, 0, 0, 0, 0, 0, -1, 0, -1, 0, 0, 0, -1, -1, -1, 0, 0, 0, -1, 0, -1, 0]
2026-04-16 00:43:57,065 - [MAUD-Cosine] selected 25/40 clients: [8, 9, 10, 11, 12, 13, 14, 15, 16, 17, 18, 19, 20, 21, 22, 23, 25, 27, 28, 29, 33, 34, 35, 37, 39]
2026-04-16 00:43:57,095 - Round number: 13 --------------------------
2026-04-16 00:43:57,095 - Evaluate global model
2026-04-16 00:44:04,204 - Averaged Train Loss: 1.6954
2026-04-16 00:44:04,206 - Test Accurancy: 0.3811
2026-04-16 00:44:16,792 - [MAUD-Cosine] HDBSCAN labels: [-1, -1, -1, -1, -1, -1, -1, -1, 0, 0, 0, 0, 0, 0, 0, 0, 0, 0, 0, 0, 0, 0, 0, -1, -1, 0, -1, 0, 0, 0, -1, -1, -1, 0, 0, 0, -1, 0, -1, 0]
2026-04-16 00:44:16,793 - [MAUD-Cosine] selected 24/40 clients: [8, 9, 10, 11, 12, 13, 14, 15, 16, 17, 18, 19, 20, 21, 22, 25, 27, 28, 29, 33, 34, 35, 37, 39]
2026-04-16 00:44:16,847 - Round number: 14 --------------------------
2026-04-16 00:44:16,848 - Evaluate global model
2026-04-16 00:44:24,706 - Averaged Train Loss: 1.7018
2026-04-16 00:44:24,708 - Test Accurancy: 0.3763
2026-04-16 00:44:39,343 - [MAUD-Cosine] HDBSCAN labels: [-1, -1, -1, -1, -1, -1, -1, -1, 0, 0, 0, 0, 0, 0, 0, 0, 0, 0, 0, 0, 0, 0, 0, -1, -1, 0, -1, 0, 0, 0, -1, -1, -1, 0, 0, 0, -1, 0, -1, 0]
2026-04-16 00:44:39,347 - [MAUD-Cosine] selected 24/40 clients: [8, 9, 10, 11, 12, 13, 14, 15, 16, 17, 18, 19, 20, 21, 22, 25, 27, 28, 29, 33, 34, 35, 37, 39]
2026-04-16 00:44:39,398 - Round number: 15 --------------------------
2026-04-16 00:44:39,399 - Evaluate global model
2026-04-16 00:44:47,255 - Averaged Train Loss: 1.6887
2026-04-16 00:44:47,256 - Test Accurancy: 0.3800
2026-04-16 00:45:02,404 - [MAUD-Cosine] HDBSCAN labels: [-1, -1, -1, -1, -1, -1, -1, -1, 0, 0, 0, 0, 0, 0, 0, 0, 0, 0, 0, 0, 0, 0, 0, -1, -1, 0, -1, 0, 0, 0, -1, -1, -1, 0, 0, 0, -1, 0, -1, 0]
2026-04-16 00:45:02,408 - [MAUD-Cosine] selected 24/40 clients: [8, 9, 10, 11, 12, 13, 14, 15, 16, 17, 18, 19, 20, 21, 22, 25, 27, 28, 29, 33, 34, 35, 37, 39]
2026-04-16 00:45:02,461 - Round number: 16 --------------------------
2026-04-16 00:45:02,461 - Evaluate global model
2026-04-16 00:45:10,040 - Averaged Train Loss: 1.6459
2026-04-16 00:45:10,040 - Test Accurancy: 0.3979
2026-04-16 00:45:26,365 - [MAUD-Cosine] HDBSCAN labels: [-1, -1, -1, -1, -1, -1, -1, -1, 0, 0, 0, 0, 0, 0, 0, 0, 0, 0, 0, 0, 0, 0, 0, -1, -1, 0, -1, 0, 0, 0, -1, -1, -1, 0, 0, 0, -1, 0, -1, 0]
2026-04-16 00:45:26,367 - [MAUD-Cosine] selected 24/40 clients: [8, 9, 10, 11, 12, 13, 14, 15, 16, 17, 18, 19, 20, 21, 22, 25, 27, 28, 29, 33, 34, 35, 37, 39]
2026-04-16 00:45:26,426 - Round number: 17 --------------------------
2026-04-16 00:45:26,427 - Evaluate global model
2026-04-16 00:45:34,010 - Averaged Train Loss: 1.6518
2026-04-16 00:45:34,013 - Test Accurancy: 0.3909
2026-04-16 00:45:46,852 - [MAUD-Cosine] HDBSCAN labels: [-1, -1, -1, -1, -1, -1, -1, -1, 0, 0, 0, 0, 0, 0, 0, 0, 0, 0, 0, 0, 0, 0, 0, -1, -1, 0, -1, 0, 0, 0, -1, -1, -1, 0, 0, 0, -1, 0, -1, 0]
2026-04-16 00:45:46,855 - [MAUD-Cosine] selected 24/40 clients: [8, 9, 10, 11, 12, 13, 14, 15, 16, 17, 18, 19, 20, 21, 22, 25, 27, 28, 29, 33, 34, 35, 37, 39]
2026-04-16 00:45:46,905 - Round number: 18 --------------------------
2026-04-16 00:45:46,905 - Evaluate global model
2026-04-16 00:45:53,385 - Averaged Train Loss: 1.6236
2026-04-16 00:45:53,387 - Test Accurancy: 0.4015
2026-04-16 00:46:04,974 - [MAUD-Cosine] HDBSCAN labels: [-1, -1, -1, -1, -1, -1, -1, -1, 0, 0, 0, 0, 0, 0, 0, 0, 0, 0, 0, 0, 0, 0, 0, -1, -1, 0, -1, 0, 0, 0, 0, 0, 0, 0, 0, 0, 0, 0, -1, 0]
2026-04-16 00:46:04,977 - [MAUD-Cosine] selected 28/40 clients: [8, 9, 10, 11, 12, 13, 14, 15, 16, 17, 18, 19, 20, 21, 22, 25, 27, 28, 29, 30, 31, 32, 33, 34, 35, 36, 37, 39]
2026-04-16 00:46:05,030 - Round number: 19 --------------------------
2026-04-16 00:46:05,030 - Evaluate global model
2026-04-16 00:46:11,852 - Averaged Train Loss: 1.5837
2026-04-16 00:46:11,856 - Test Accurancy: 0.4115
2026-04-16 00:46:24,250 - [MAUD-Cosine] HDBSCAN labels: [-1, -1, -1, -1, -1, -1, -1, -1, 0, 0, 0, -1, 0, 0, 0, -1, 0, -1, 0, -1, 0, 0, 0, 0, -1, 0, 0, 0, -1, 0, 0, 0, 0, 0, -1, -1, 0, -1, 0, 0]
2026-04-16 00:46:24,251 - [MAUD-Cosine] selected 23/40 clients: [8, 9, 10, 12, 13, 14, 16, 18, 20, 21, 22, 23, 25, 26, 27, 29, 30, 31, 32, 33, 36, 38, 39]
2026-04-16 00:46:24,317 - Round number: 20 --------------------------
2026-04-16 00:46:24,318 - Evaluate global model
2026-04-16 00:46:30,517 - Averaged Train Loss: 1.5307
2026-04-16 00:46:30,521 - Test Accurancy: 0.4368
2026-04-16 00:46:42,668 - [MAUD-Cosine] HDBSCAN labels: [-1, -1, -1, -1, -1, -1, -1, -1, 0, -1, 0, 0, -1, 0, 0, 0, 0, 0, 0, 0, 0, -1, 0, 0, -1, 0, 0, 0, 0, 0, -1, -1, -1, -1, 0, 0, -1, 0, 0, 0]
2026-04-16 00:46:42,670 - [MAUD-Cosine] selected 23/40 clients: [8, 10, 11, 13, 14, 15, 16, 17, 18, 19, 20, 22, 23, 25, 26, 27, 28, 29, 34, 35, 37, 38, 39]
2026-04-16 00:46:42,728 - Round number: 21 --------------------------
2026-04-16 00:46:42,729 - Evaluate global model
2026-04-16 00:46:48,957 - Averaged Train Loss: 1.5283
2026-04-16 00:46:48,959 - Test Accurancy: 0.4393
2026-04-16 00:47:00,529 - [MAUD-Cosine] HDBSCAN labels: [-1, -1, -1, -1, -1, -1, -1, -1, 0, 0, 0, 0, 0, 0, 0, 0, 0, 0, 0, 0, 0, 0, 0, -1, 0, 0, 0, 0, 0, 0, 0, 0, 0, 0, 0, 0, 0, 0, 0, 0]
2026-04-16 00:47:00,531 - [MAUD-Cosine] selected 31/40 clients: [8, 9, 10, 11, 12, 13, 14, 15, 16, 17, 18, 19, 20, 21, 22, 24, 25, 26, 27, 28, 29, 30, 31, 32, 33, 34, 35, 36, 37, 38, 39]
2026-04-16 00:47:00,627 - Round number: 22 --------------------------
2026-04-16 00:47:00,627 - Evaluate global model
2026-04-16 00:47:06,309 - Averaged Train Loss: 1.5172
2026-04-16 00:47:06,309 - Test Accurancy: 0.4382
2026-04-16 00:47:17,241 - [MAUD-Cosine] HDBSCAN labels: [-1, -1, -1, -1, -1, -1, -1, -1, 0, 0, 0, 0, 0, 0, 0, 0, 0, 0, 0, 0, 0, 0, 0, -1, 0, 0, 0, 0, 0, 0, 0, 0, 0, 0, 0, 0, 0, 0, 0, 0]
2026-04-16 00:47:17,241 - [MAUD-Cosine] selected 31/40 clients: [8, 9, 10, 11, 12, 13, 14, 15, 16, 17, 18, 19, 20, 21, 22, 24, 25, 26, 27, 28, 29, 30, 31, 32, 33, 34, 35, 36, 37, 38, 39]
2026-04-16 00:47:17,312 - Round number: 23 --------------------------
2026-04-16 00:47:17,312 - Evaluate global model
2026-04-16 00:47:22,535 - Averaged Train Loss: 1.5094
2026-04-16 00:47:22,535 - Test Accurancy: 0.4402
2026-04-16 00:47:33,685 - [MAUD-Cosine] HDBSCAN labels: [-1, -1, -1, -1, -1, -1, -1, -1, 0, 0, 0, 0, 0, 0, 0, 0, 0, 0, 0, 0, 0, 0, 0, 0, 0, 0, 0, 0, 0, 0, 0, 0, 0, 0, 0, 0, 0, 0, 0, 0]
2026-04-16 00:47:33,685 - [MAUD-Cosine] selected 32/40 clients: [8, 9, 10, 11, 12, 13, 14, 15, 16, 17, 18, 19, 20, 21, 22, 23, 24, 25, 26, 27, 28, 29, 30, 31, 32, 33, 34, 35, 36, 37, 38, 39]
2026-04-16 00:47:33,770 - Round number: 24 --------------------------
2026-04-16 00:47:33,770 - Evaluate global model
2026-04-16 00:47:39,807 - Averaged Train Loss: 1.4789
2026-04-16 00:47:39,807 - Test Accurancy: 0.4557
2026-04-16 00:47:50,741 - [MAUD-Cosine] HDBSCAN labels: [-1, -1, -1, -1, -1, -1, -1, -1, 0, 0, 0, 0, 0, 0, 0, 0, -1, 0, -1, 0, 0, 0, -1, -1, 0, 0, -1, 0, 0, 0, 0, 0, 0, 0, 0, 0, 0, 0, -1, 0]
2026-04-16 00:47:50,741 - [MAUD-Cosine] selected 26/40 clients: [8, 9, 10, 11, 12, 13, 14, 15, 17, 19, 20, 21, 24, 25, 27, 28, 29, 30, 31, 32, 33, 34, 35, 36, 37, 39]
2026-04-16 00:47:50,807 - Round number: 25 --------------------------
2026-04-16 00:47:50,807 - Evaluate global model
2026-04-16 00:47:57,220 - Averaged Train Loss: 1.5442
2026-04-16 00:47:57,221 - Test Accurancy: 0.4217
2026-04-16 00:48:10,104 - [MAUD-Cosine] HDBSCAN labels: [-1, -1, -1, -1, -1, -1, -1, -1, 0, -1, 0, 0, -1, 0, 0, 0, 0, 0, 0, 0, 0, -1, 0, 0, 0, 0, -1, 0, 0, 0, -1, -1, -1, -1, 0, 0, -1, 0, -1, 0]
2026-04-16 00:48:10,105 - [MAUD-Cosine] selected 22/40 clients: [8, 10, 11, 13, 14, 15, 16, 17, 18, 19, 20, 22, 23, 24, 25, 27, 28, 29, 34, 35, 37, 39]
2026-04-16 00:48:10,163 - Round number: 26 --------------------------
2026-04-16 00:48:10,163 - Evaluate global model
2026-04-16 00:48:15,797 - Averaged Train Loss: 1.4889
2026-04-16 00:48:15,799 - Test Accurancy: 0.4501
2026-04-16 00:48:27,591 - [MAUD-Cosine] HDBSCAN labels: [-1, -1, -1, -1, -1, -1, -1, -1, 0, 0, 0, 0, 0, 0, 0, 0, -1, 0, -1, 0, 0, 0, -1, -1, 0, 0, -1, 0, 0, 0, 0, 0, 0, 0, 0, 0, 0, 0, -1, 0]
2026-04-16 00:48:27,593 - [MAUD-Cosine] selected 26/40 clients: [8, 9, 10, 11, 12, 13, 14, 15, 17, 19, 20, 21, 24, 25, 27, 28, 29, 30, 31, 32, 33, 34, 35, 36, 37, 39]
2026-04-16 00:48:27,651 - Round number: 27 --------------------------
2026-04-16 00:48:27,651 - Evaluate global model
2026-04-16 00:48:33,714 - Averaged Train Loss: 1.5060
2026-04-16 00:48:33,715 - Test Accurancy: 0.4354
2026-04-16 00:48:45,850 - [MAUD-Cosine] HDBSCAN labels: [-1, -1, -1, -1, -1, -1, -1, -1, 0, -1, 0, 0, -1, 0, 0, 0, 0, 0, 0, 0, 0, -1, 0, 0, 0, 0, -1, 0, 0, 0, -1, -1, -1, -1, 0, 0, -1, 0, -1, 0]
2026-04-16 00:48:45,853 - [MAUD-Cosine] selected 22/40 clients: [8, 10, 11, 13, 14, 15, 16, 17, 18, 19, 20, 22, 23, 24, 25, 27, 28, 29, 34, 35, 37, 39]
2026-04-16 00:48:45,912 - Round number: 28 --------------------------
2026-04-16 00:48:45,912 - Evaluate global model
2026-04-16 00:48:51,704 - Averaged Train Loss: 1.4513
2026-04-16 00:48:51,704 - Test Accurancy: 0.4683
2026-04-16 00:49:02,196 - [MAUD-Cosine] HDBSCAN labels: [-1, -1, -1, -1, -1, -1, -1, -1, 0, 0, 0, 0, 0, 0, 0, 0, -1, 0, -1, 0, 0, 0, -1, -1, 0, 0, -1, 0, 0, 0, 0, 0, 0, 0, 0, 0, 0, 0, -1, 0]
2026-04-16 00:49:02,198 - [MAUD-Cosine] selected 26/40 clients: [8, 9, 10, 11, 12, 13, 14, 15, 17, 19, 20, 21, 24, 25, 27, 28, 29, 30, 31, 32, 33, 34, 35, 36, 37, 39]
2026-04-16 00:49:02,242 - Round number: 29 --------------------------
2026-04-16 00:49:02,242 - Evaluate global model
2026-04-16 00:49:07,989 - Averaged Train Loss: 1.4787
2026-04-16 00:49:07,993 - Test Accurancy: 0.4455
2026-04-16 00:49:19,122 - [MAUD-Cosine] HDBSCAN labels: [-1, -1, -1, -1, -1, -1, -1, -1, 0, 0, 0, 0, 0, 0, 0, 0, -1, 0, -1, 0, 0, 0, -1, -1, 0, 0, -1, 0, 0, 0, 0, 0, 0, 0, 0, 0, 0, 0, -1, 0]
2026-04-16 00:49:19,123 - [MAUD-Cosine] selected 26/40 clients: [8, 9, 10, 11, 12, 13, 14, 15, 17, 19, 20, 21, 24, 25, 27, 28, 29, 30, 31, 32, 33, 34, 35, 36, 37, 39]
2026-04-16 00:49:19,187 - Round number: 30 --------------------------
2026-04-16 00:49:19,187 - Evaluate global model
2026-04-16 00:49:24,899 - Averaged Train Loss: 1.4628
2026-04-16 00:49:24,901 - Test Accurancy: 0.4538
2026-04-16 00:49:39,907 - [MAUD-Cosine] HDBSCAN labels: [-1, -1, -1, -1, -1, -1, -1, -1, 0, 0, 0, 0, 0, 0, 0, 0, 0, 0, 0, 0, 0, 0, 0, 0, 0, 0, -1, 0, 0, 0, 0, 0, 0, 0, 0, 0, 0, 0, -1, 0]
2026-04-16 00:49:39,910 - [MAUD-Cosine] selected 30/40 clients: [8, 9, 10, 11, 12, 13, 14, 15, 16, 17, 18, 19, 20, 21, 22, 23, 24, 25, 27, 28, 29, 30, 31, 32, 33, 34, 35, 36, 37, 39]
2026-04-16 00:49:39,987 - Round number: 31 --------------------------
2026-04-16 00:49:39,988 - Evaluate global model
2026-04-16 00:49:47,479 - Averaged Train Loss: 1.3950
2026-04-16 00:49:47,481 - Test Accurancy: 0.4883
2026-04-16 00:49:58,693 - [MAUD-Cosine] HDBSCAN labels: [-1, -1, -1, -1, -1, -1, -1, -1, 0, 0, 0, 0, 0, 0, 0, 0, 0, 0, 0, 0, 0, 0, 0, 0, 0, 0, -1, 0, 0, 0, 0, 0, 0, 0, 0, 0, 0, 0, -1, 0]
2026-04-16 00:49:58,697 - [MAUD-Cosine] selected 30/40 clients: [8, 9, 10, 11, 12, 13, 14, 15, 16, 17, 18, 19, 20, 21, 22, 23, 24, 25, 27, 28, 29, 30, 31, 32, 33, 34, 35, 36, 37, 39]
2026-04-16 00:49:58,738 - Round number: 32 --------------------------
2026-04-16 00:49:58,738 - Evaluate global model
2026-04-16 00:50:04,943 - Averaged Train Loss: 1.3833
2026-04-16 00:50:04,944 - Test Accurancy: 0.4912
2026-04-16 00:50:16,346 - [MAUD-Cosine] HDBSCAN labels: [-1, -1, -1, -1, -1, -1, -1, -1, 0, 0, 0, 0, 0, 0, 0, 0, 0, 0, 0, 0, 0, 0, 0, 0, 0, 0, -1, 0, 0, 0, 0, 0, 0, 0, 0, 0, 0, 0, -1, 0]
2026-04-16 00:50:16,349 - [MAUD-Cosine] selected 30/40 clients: [8, 9, 10, 11, 12, 13, 14, 15, 16, 17, 18, 19, 20, 21, 22, 23, 24, 25, 27, 28, 29, 30, 31, 32, 33, 34, 35, 36, 37, 39]
2026-04-16 00:50:16,452 - Round number: 33 --------------------------
2026-04-16 00:50:16,453 - Evaluate global model
2026-04-16 00:50:22,478 - Averaged Train Loss: 1.3718
2026-04-16 00:50:22,479 - Test Accurancy: 0.4964
2026-04-16 00:50:34,506 - [MAUD-Cosine] HDBSCAN labels: [-1, -1, -1, -1, -1, -1, -1, -1, 0, 0, 0, 0, 0, 0, 0, 0, 0, 0, 0, 0, 0, 0, 0, 0, 0, 0, -1, 0, 0, 0, 0, 0, 0, 0, 0, 0, 0, 0, -1, 0]
2026-04-16 00:50:34,510 - [MAUD-Cosine] selected 30/40 clients: [8, 9, 10, 11, 12, 13, 14, 15, 16, 17, 18, 19, 20, 21, 22, 23, 24, 25, 27, 28, 29, 30, 31, 32, 33, 34, 35, 36, 37, 39]
2026-04-16 00:50:34,578 - Round number: 34 --------------------------
2026-04-16 00:50:34,579 - Evaluate global model
2026-04-16 00:50:40,053 - Averaged Train Loss: 1.3656
2026-04-16 00:50:40,054 - Test Accurancy: 0.5018
2026-04-16 00:50:51,437 - [MAUD-Cosine] HDBSCAN labels: [-1, -1, -1, -1, -1, -1, -1, -1, 0, 0, 0, 0, 0, 0, 0, 0, 0, 0, 0, 0, 0, 0, 0, 0, 0, 0, -1, 0, 0, 0, 0, 0, 0, 0, 0, 0, 0, 0, -1, 0]
2026-04-16 00:50:51,438 - [MAUD-Cosine] selected 30/40 clients: [8, 9, 10, 11, 12, 13, 14, 15, 16, 17, 18, 19, 20, 21, 22, 23, 24, 25, 27, 28, 29, 30, 31, 32, 33, 34, 35, 36, 37, 39]
2026-04-16 00:50:51,498 - Round number: 35 --------------------------
2026-04-16 00:50:51,499 - Evaluate global model
2026-04-16 00:50:57,916 - Averaged Train Loss: 1.3464
2026-04-16 00:50:57,920 - Test Accurancy: 0.5062
2026-04-16 00:51:09,049 - [MAUD-Cosine] HDBSCAN labels: [-1, -1, -1, -1, -1, -1, -1, -1, 0, 0, 0, 0, 0, 0, 0, 0, 0, 0, 0, 0, 0, 0, 0, 0, 0, 0, -1, 0, 0, 0, 0, 0, 0, 0, 0, 0, -1, 0, -1, 0]
2026-04-16 00:51:09,049 - [MAUD-Cosine] selected 29/40 clients: [8, 9, 10, 11, 12, 13, 14, 15, 16, 17, 18, 19, 20, 21, 22, 23, 24, 25, 27, 28, 29, 30, 31, 32, 33, 34, 35, 37, 39]
2026-04-16 00:51:09,123 - Round number: 36 --------------------------
2026-04-16 00:51:09,124 - Evaluate global model
2026-04-16 00:51:14,580 - Averaged Train Loss: 1.3396
2026-04-16 00:51:14,581 - Test Accurancy: 0.5083
2026-04-16 00:51:25,136 - [MAUD-Cosine] HDBSCAN labels: [-1, -1, -1, -1, -1, -1, -1, -1, 0, 0, 0, 0, 0, 0, 0, 0, 0, 0, 0, 0, 0, 0, 0, 0, 0, 0, -1, 0, 0, 0, 0, -1, 0, 0, 0, 0, -1, 0, -1, 0]
2026-04-16 00:51:25,137 - [MAUD-Cosine] selected 28/40 clients: [8, 9, 10, 11, 12, 13, 14, 15, 16, 17, 18, 19, 20, 21, 22, 23, 24, 25, 27, 28, 29, 30, 32, 33, 34, 35, 37, 39]
2026-04-16 00:51:25,224 - Round number: 37 --------------------------
2026-04-16 00:51:25,225 - Evaluate global model
2026-04-16 00:51:31,485 - Averaged Train Loss: 1.3206
2026-04-16 00:51:31,486 - Test Accurancy: 0.5146
2026-04-16 00:51:42,819 - [MAUD-Cosine] HDBSCAN labels: [-1, -1, -1, -1, -1, -1, -1, -1, 0, -1, 0, 0, -1, 0, 0, 0, 0, 0, 0, 0, 0, -1, 0, 0, 0, 0, -1, 0, 0, 0, -1, -1, -1, -1, 0, 0, -1, 0, -1, 0]
2026-04-16 00:51:42,819 - [MAUD-Cosine] selected 22/40 clients: [8, 10, 11, 13, 14, 15, 16, 17, 18, 19, 20, 22, 23, 24, 25, 27, 28, 29, 34, 35, 37, 39]
2026-04-16 00:51:42,884 - Round number: 38 --------------------------
2026-04-16 00:51:42,884 - Evaluate global model
2026-04-16 00:51:49,125 - Averaged Train Loss: 1.3244
2026-04-16 00:51:49,125 - Test Accurancy: 0.5138
2026-04-16 00:52:00,231 - [MAUD-Cosine] HDBSCAN labels: [-1, -1, -1, -1, -1, -1, -1, -1, 0, -1, 0, 0, -1, 0, 0, 0, 0, 0, 0, 0, 0, -1, 0, -1, 0, 0, -1, 0, 0, 0, -1, -1, -1, -1, 0, 0, -1, 0, -1, 0]
2026-04-16 00:52:00,232 - [MAUD-Cosine] selected 21/40 clients: [8, 10, 11, 13, 14, 15, 16, 17, 18, 19, 20, 22, 24, 25, 27, 28, 29, 34, 35, 37, 39]
2026-04-16 00:52:00,275 - Round number: 39 --------------------------
2026-04-16 00:52:00,275 - Evaluate global model
2026-04-16 00:52:05,793 - Averaged Train Loss: 1.3485
2026-04-16 00:52:05,794 - Test Accurancy: 0.5055
2026-04-16 00:52:15,153 - [MAUD-Cosine] HDBSCAN labels: [-1, -1, -1, -1, -1, -1, -1, -1, 0, -1, 0, 0, -1, 0, 0, 0, 0, 0, 0, 0, 0, -1, 0, -1, 0, 0, -1, 0, 0, 0, -1, -1, -1, -1, 0, 0, -1, 0, -1, 0]
2026-04-16 00:52:15,153 - [MAUD-Cosine] selected 21/40 clients: [8, 10, 11, 13, 14, 15, 16, 17, 18, 19, 20, 22, 24, 25, 27, 28, 29, 34, 35, 37, 39]
2026-04-16 00:52:15,205 - Round number: 40 --------------------------
2026-04-16 00:52:15,205 - Evaluate global model
2026-04-16 00:52:20,476 - Averaged Train Loss: 1.3432
2026-04-16 00:52:20,479 - Test Accurancy: 0.5074
2026-04-16 00:52:29,749 - [MAUD-Cosine] HDBSCAN labels: [-1, -1, -1, -1, -1, -1, -1, -1, 0, -1, 0, 0, -1, 0, 0, 0, 0, 0, 0, 0, 0, -1, 0, -1, 0, 0, -1, 0, 0, 0, -1, -1, -1, -1, 0, 0, -1, 0, -1, 0]
2026-04-16 00:52:29,749 - [MAUD-Cosine] selected 21/40 clients: [8, 10, 11, 13, 14, 15, 16, 17, 18, 19, 20, 22, 24, 25, 27, 28, 29, 34, 35, 37, 39]
2026-04-16 00:52:29,812 - Round number: 41 --------------------------
2026-04-16 00:52:29,812 - Evaluate global model
2026-04-16 00:52:35,211 - Averaged Train Loss: 1.3428
2026-04-16 00:52:35,213 - Test Accurancy: 0.5075
2026-04-16 00:52:44,257 - [MAUD-Cosine] HDBSCAN labels: [-1, -1, -1, -1, -1, -1, -1, -1, 0, 0, 0, 0, 0, 0, -1, 0, -1, 0, -1, 0, -1, 0, -1, -1, 0, -1, -1, 0, 0, 0, 0, 0, 0, 0, 0, 0, -1, 0, -1, 0]
2026-04-16 00:52:44,257 - [MAUD-Cosine] selected 22/40 clients: [8, 9, 10, 11, 12, 13, 15, 17, 19, 21, 24, 27, 28, 29, 30, 31, 32, 33, 34, 35, 37, 39]
2026-04-16 00:52:44,315 - Round number: 42 --------------------------
2026-04-16 00:52:44,315 - Evaluate global model
2026-04-16 00:52:49,579 - Averaged Train Loss: 1.3696
2026-04-16 00:52:49,580 - Test Accurancy: 0.4851
2026-04-16 00:52:59,305 - [MAUD-Cosine] HDBSCAN labels: [-1, -1, -1, -1, -1, -1, -1, -1, 0, 0, 0, 0, 0, 0, 0, 0, 0, 0, 0, 0, 0, 0, 0, -1, 0, 0, -1, 0, 0, 0, 0, 0, 0, 0, 0, 0, -1, 0, -1, 0]
2026-04-16 00:52:59,307 - [MAUD-Cosine] selected 28/40 clients: [8, 9, 10, 11, 12, 13, 14, 15, 16, 17, 18, 19, 20, 21, 22, 24, 25, 27, 28, 29, 30, 31, 32, 33, 34, 35, 37, 39]
2026-04-16 00:52:59,380 - Round number: 43 --------------------------
2026-04-16 00:52:59,381 - Evaluate global model
2026-04-16 00:53:04,610 - Averaged Train Loss: 1.2684
2026-04-16 00:53:04,611 - Test Accurancy: 0.5331
2026-04-16 00:53:16,663 - [MAUD-Cosine] HDBSCAN labels: [-1, -1, -1, -1, -1, -1, -1, -1, 0, 0, 0, 0, 0, 0, 0, 0, -1, 0, -1, 0, 0, 0, 0, -1, 0, 0, -1, 0, 0, 0, 0, 0, 0, 0, 0, 0, 0, 0, -1, 0]
2026-04-16 00:53:16,666 - [MAUD-Cosine] selected 27/40 clients: [8, 9, 10, 11, 12, 13, 14, 15, 17, 19, 20, 21, 22, 24, 25, 27, 28, 29, 30, 31, 32, 33, 34, 35, 36, 37, 39]
2026-04-16 00:53:16,730 - Round number: 44 --------------------------
2026-04-16 00:53:16,731 - Evaluate global model
2026-04-16 00:53:22,804 - Averaged Train Loss: 1.2970
2026-04-16 00:53:22,805 - Test Accurancy: 0.5169
2026-04-16 00:53:36,785 - [MAUD-Cosine] HDBSCAN labels: [-1, -1, -1, -1, -1, -1, -1, -1, 0, 0, 0, 0, 0, 0, 0, 0, 0, 0, 0, 0, 0, 0, 0, -1, 0, 0, -1, 0, 0, 0, 0, 0, 0, 0, 0, 0, -1, 0, -1, 0]
2026-04-16 00:53:36,786 - [MAUD-Cosine] selected 28/40 clients: [8, 9, 10, 11, 12, 13, 14, 15, 16, 17, 18, 19, 20, 21, 22, 24, 25, 27, 28, 29, 30, 31, 32, 33, 34, 35, 37, 39]
2026-04-16 00:53:36,828 - Round number: 45 --------------------------
2026-04-16 00:53:36,829 - Evaluate global model
2026-04-16 00:53:43,027 - Averaged Train Loss: 1.2478
2026-04-16 00:53:43,027 - Test Accurancy: 0.5393
2026-04-16 00:53:57,151 - [MAUD-Cosine] HDBSCAN labels: [-1, -1, -1, -1, -1, -1, -1, -1, 0, 0, 0, 0, 0, 0, 0, 0, 0, 0, 0, 0, 0, 0, 0, -1, 0, 0, -1, 0, 0, 0, 0, 0, 0, 0, 0, -1, -1, 0, -1, 0]
2026-04-16 00:53:57,152 - [MAUD-Cosine] selected 27/40 clients: [8, 9, 10, 11, 12, 13, 14, 15, 16, 17, 18, 19, 20, 21, 22, 24, 25, 27, 28, 29, 30, 31, 32, 33, 34, 37, 39]
2026-04-16 00:53:57,228 - Round number: 46 --------------------------
2026-04-16 00:53:57,228 - Evaluate global model
2026-04-16 00:54:04,760 - Averaged Train Loss: 1.2394
2026-04-16 00:54:04,764 - Test Accurancy: 0.5421
2026-04-16 00:54:17,574 - [MAUD-Cosine] HDBSCAN labels: [-1, -1, -1, -1, -1, -1, -1, -1, 0, 0, 0, 0, 0, 0, 0, 0, 0, 0, 0, 0, 0, 0, 0, -1, 0, 0, -1, 0, 0, 0, 0, 0, 0, 0, -1, -1, -1, 0, -1, 0]
2026-04-16 00:54:17,576 - [MAUD-Cosine] selected 26/40 clients: [8, 9, 10, 11, 12, 13, 14, 15, 16, 17, 18, 19, 20, 21, 22, 24, 25, 27, 28, 29, 30, 31, 32, 33, 37, 39]
2026-04-16 00:54:17,634 - Round number: 47 --------------------------
2026-04-16 00:54:17,634 - Evaluate global model
2026-04-16 00:54:25,505 - Averaged Train Loss: 1.2248
2026-04-16 00:54:25,510 - Test Accurancy: 0.5449
2026-04-16 00:54:38,908 - [MAUD-Cosine] HDBSCAN labels: [-1, -1, -1, -1, -1, -1, -1, -1, 0, 0, 0, 0, 0, 0, 0, 0, 0, 0, 0, 0, 0, 0, 0, -1, 0, 0, -1, 0, 0, 0, 0, 0, 0, 0, -1, -1, -1, 0, -1, 0]
2026-04-16 00:54:38,910 - [MAUD-Cosine] selected 26/40 clients: [8, 9, 10, 11, 12, 13, 14, 15, 16, 17, 18, 19, 20, 21, 22, 24, 25, 27, 28, 29, 30, 31, 32, 33, 37, 39]
2026-04-16 00:54:38,953 - Round number: 48 --------------------------
2026-04-16 00:54:38,954 - Evaluate global model
2026-04-16 00:54:47,632 - Averaged Train Loss: 1.2132
2026-04-16 00:54:47,635 - Test Accurancy: 0.5491
2026-04-16 00:55:03,792 - [MAUD-Cosine] HDBSCAN labels: [-1, -1, -1, -1, -1, -1, -1, -1, 0, 0, 0, -1, 0, 0, 0, -1, 0, 0, 0, 0, 0, 0, 0, -1, -1, 0, -1, 0, 0, 0, 0, 0, 0, 0, -1, 0, -1, 0, -1, 0]
2026-04-16 00:55:03,799 - [MAUD-Cosine] selected 24/40 clients: [8, 9, 10, 12, 13, 14, 16, 17, 18, 19, 20, 21, 22, 25, 27, 28, 29, 30, 31, 32, 33, 35, 37, 39]
2026-04-16 00:55:03,847 - Round number: 49 --------------------------
2026-04-16 00:55:03,848 - Evaluate global model
2026-04-16 00:55:10,728 - Averaged Train Loss: 1.2060
2026-04-16 00:55:10,729 - Test Accurancy: 0.5547
2026-04-16 00:55:25,380 - [MAUD-Cosine] HDBSCAN labels: [-1, -1, -1, -1, -1, -1, -1, -1, 0, 0, 0, -1, 0, 0, 0, -1, 0, 0, 0, 0, 0, 0, 0, -1, -1, 0, -1, 0, 0, 0, 0, 0, 0, 0, -1, 0, -1, 0, -1, 0]
2026-04-16 00:55:25,384 - [MAUD-Cosine] selected 24/40 clients: [8, 9, 10, 12, 13, 14, 16, 17, 18, 19, 20, 21, 22, 25, 27, 28, 29, 30, 31, 32, 33, 35, 37, 39]
2026-04-16 00:55:25,433 - Round number: 50 --------------------------
2026-04-16 00:55:25,433 - Evaluate global model
2026-04-16 00:55:32,156 - Averaged Train Loss: 1.1976
2026-04-16 00:55:32,156 - Test Accurancy: 0.5566
2026-04-16 00:55:46,577 - [MAUD-Cosine] HDBSCAN labels: [-1, -1, -1, -1, -1, -1, -1, -1, 0, -1, 0, 0, -1, 0, 0, 0, 0, 0, 0, 0, 0, -1, 0, -1, 0, 0, -1, 0, 0, 0, -1, -1, -1, -1, 0, 0, -1, 0, -1, 0]
2026-04-16 00:55:46,581 - [MAUD-Cosine] selected 21/40 clients: [8, 10, 11, 13, 14, 15, 16, 17, 18, 19, 20, 22, 24, 25, 27, 28, 29, 34, 35, 37, 39]
2026-04-16 00:55:46,638 - Round number: 51 --------------------------
2026-04-16 00:55:46,638 - Evaluate global model
2026-04-16 00:55:53,837 - Averaged Train Loss: 1.2255
2026-04-16 00:55:53,839 - Test Accurancy: 0.5500
2026-04-16 00:56:09,125 - [MAUD-Cosine] HDBSCAN labels: [-1, -1, -1, -1, -1, -1, -1, -1, 0, 0, 0, -1, 0, 0, 0, -1, 0, 0, 0, 0, 0, 0, 0, -1, -1, 0, -1, 0, 0, 0, 0, -1, 0, 0, -1, 0, -1, 0, -1, 0]
2026-04-16 00:56:09,128 - [MAUD-Cosine] selected 23/40 clients: [8, 9, 10, 12, 13, 14, 16, 17, 18, 19, 20, 21, 22, 25, 27, 28, 29, 30, 32, 33, 35, 37, 39]
2026-04-16 00:56:09,172 - Round number: 52 --------------------------
2026-04-16 00:56:09,172 - Evaluate global model
2026-04-16 00:56:16,307 - Averaged Train Loss: 1.1776
2026-04-16 00:56:16,309 - Test Accurancy: 0.5636
2026-04-16 00:56:29,886 - [MAUD-Cosine] HDBSCAN labels: [-1, -1, -1, -1, -1, -1, -1, -1, 0, -1, 0, 0, -1, 0, 0, 0, 0, 0, 0, 0, 0, -1, 0, -1, 0, 0, -1, 0, 0, 0, -1, -1, -1, -1, 0, 0, -1, 0, -1, 0]
2026-04-16 00:56:29,887 - [MAUD-Cosine] selected 21/40 clients: [8, 10, 11, 13, 14, 15, 16, 17, 18, 19, 20, 22, 24, 25, 27, 28, 29, 34, 35, 37, 39]
2026-04-16 00:56:29,944 - Round number: 53 --------------------------
2026-04-16 00:56:29,945 - Evaluate global model
2026-04-16 00:56:35,148 - Averaged Train Loss: 1.2020
2026-04-16 00:56:35,150 - Test Accurancy: 0.5570
2026-04-16 00:56:48,160 - [MAUD-Cosine] HDBSCAN labels: [-1, -1, -1, -1, -1, -1, -1, -1, 0, -1, 0, 0, -1, 0, 0, 0, 0, 0, 0, 0, 0, -1, 0, -1, 0, 0, -1, 0, 0, 0, -1, -1, -1, -1, 0, 0, -1, 0, -1, 0]
2026-04-16 00:56:48,164 - [MAUD-Cosine] selected 21/40 clients: [8, 10, 11, 13, 14, 15, 16, 17, 18, 19, 20, 22, 24, 25, 27, 28, 29, 34, 35, 37, 39]
2026-04-16 00:56:48,206 - Round number: 54 --------------------------
2026-04-16 00:56:48,207 - Evaluate global model
2026-04-16 00:56:54,355 - Averaged Train Loss: 1.1937
2026-04-16 00:56:54,359 - Test Accurancy: 0.5592
2026-04-16 00:57:10,115 - [MAUD-Cosine] HDBSCAN labels: [-1, -1, -1, -1, -1, -1, -1, -1, 0, 0, 0, 0, 0, 0, -1, 0, -1, 0, -1, 0, -1, 0, -1, 0, 0, -1, 0, 0, 0, 0, 0, 0, 0, 0, 0, 0, 0, 0, 0, 0]
2026-04-16 00:57:10,116 - [MAUD-Cosine] selected 26/40 clients: [8, 9, 10, 11, 12, 13, 15, 17, 19, 21, 23, 24, 26, 27, 28, 29, 30, 31, 32, 33, 34, 35, 36, 37, 38, 39]
2026-04-16 00:57:10,155 - Round number: 55 --------------------------
2026-04-16 00:57:10,156 - Evaluate global model
2026-04-16 00:57:18,596 - Averaged Train Loss: 1.1935
2026-04-16 00:57:18,596 - Test Accurancy: 0.5496
2026-04-16 00:57:33,536 - [MAUD-Cosine] HDBSCAN labels: [-1, -1, -1, -1, -1, -1, -1, -1, 0, 0, 0, 0, 0, 0, 0, 0, 0, 0, 0, 0, 0, 0, 0, 0, 0, 0, 0, 0, 0, 0, 0, 0, 0, 0, 0, 0, 0, 0, 0, 0]
2026-04-16 00:57:33,537 - [MAUD-Cosine] selected 32/40 clients: [8, 9, 10, 11, 12, 13, 14, 15, 16, 17, 18, 19, 20, 21, 22, 23, 24, 25, 26, 27, 28, 29, 30, 31, 32, 33, 34, 35, 36, 37, 38, 39]
2026-04-16 00:57:33,591 - Round number: 56 --------------------------
2026-04-16 00:57:33,593 - Evaluate global model
2026-04-16 00:57:40,131 - Averaged Train Loss: 1.1339
2026-04-16 00:57:40,131 - Test Accurancy: 0.5730
2026-04-16 00:57:53,851 - [MAUD-Cosine] HDBSCAN labels: [-1, -1, -1, -1, -1, -1, -1, -1, 0, 0, 0, 0, 0, 0, 0, 0, 0, 0, 0, 0, 0, 0, 0, -1, 0, 0, -1, 0, 0, 0, 0, 0, 0, 0, 0, 0, 0, 0, -1, 0]
2026-04-16 00:57:53,854 - [MAUD-Cosine] selected 29/40 clients: [8, 9, 10, 11, 12, 13, 14, 15, 16, 17, 18, 19, 20, 21, 22, 24, 25, 27, 28, 29, 30, 31, 32, 33, 34, 35, 36, 37, 39]
2026-04-16 00:57:53,932 - Round number: 57 --------------------------
2026-04-16 00:57:53,933 - Evaluate global model
2026-04-16 00:58:00,819 - Averaged Train Loss: 1.1350
2026-04-16 00:58:00,821 - Test Accurancy: 0.5730
2026-04-16 00:58:15,101 - [MAUD-Cosine] HDBSCAN labels: [-1, -1, -1, -1, -1, -1, -1, -1, 0, 0, 0, 0, 0, 0, 0, 0, 0, 0, 0, 0, 0, 0, 0, 0, 0, 0, 0, 0, 0, 0, 0, 0, 0, 0, 0, 0, 0, 0, 0, 0]
2026-04-16 00:58:15,103 - [MAUD-Cosine] selected 32/40 clients: [8, 9, 10, 11, 12, 13, 14, 15, 16, 17, 18, 19, 20, 21, 22, 23, 24, 25, 26, 27, 28, 29, 30, 31, 32, 33, 34, 35, 36, 37, 38, 39]
2026-04-16 00:58:15,161 - Round number: 58 --------------------------
2026-04-16 00:58:15,162 - Evaluate global model
2026-04-16 00:58:23,239 - Averaged Train Loss: 1.1171
2026-04-16 00:58:23,244 - Test Accurancy: 0.5776
2026-04-16 00:58:37,508 - [MAUD-Cosine] HDBSCAN labels: [-1, -1, -1, -1, -1, -1, -1, -1, 0, 0, 0, 0, 0, 0, 0, 0, -1, 0, -1, 0, 0, 0, 0, -1, 0, 0, -1, 0, 0, 0, 0, 0, 0, 0, 0, 0, 0, 0, -1, 0]
2026-04-16 00:58:37,510 - [MAUD-Cosine] selected 27/40 clients: [8, 9, 10, 11, 12, 13, 14, 15, 17, 19, 20, 21, 22, 24, 25, 27, 28, 29, 30, 31, 32, 33, 34, 35, 36, 37, 39]
2026-04-16 00:58:37,554 - Round number: 59 --------------------------
2026-04-16 00:58:37,554 - Evaluate global model
2026-04-16 00:58:45,442 - Averaged Train Loss: 1.1570
2026-04-16 00:58:45,446 - Test Accurancy: 0.5600
2026-04-16 00:58:59,674 - [MAUD-Cosine] HDBSCAN labels: [-1, -1, -1, -1, -1, -1, -1, -1, 0, 0, 0, 0, 0, 0, 0, 0, 0, 0, 0, 0, 0, 0, 0, 0, 0, 0, 0, 0, 0, 0, 0, 0, 0, 0, 0, 0, 0, 0, 0, 0]
2026-04-16 00:58:59,677 - [MAUD-Cosine] selected 32/40 clients: [8, 9, 10, 11, 12, 13, 14, 15, 16, 17, 18, 19, 20, 21, 22, 23, 24, 25, 26, 27, 28, 29, 30, 31, 32, 33, 34, 35, 36, 37, 38, 39]
2026-04-16 00:58:59,727 - Round number: 60 --------------------------
2026-04-16 00:58:59,727 - Evaluate global model
2026-04-16 00:59:05,187 - Averaged Train Loss: 1.1072
2026-04-16 00:59:05,191 - Test Accurancy: 0.5778
2026-04-16 00:59:17,753 - [MAUD-Cosine] HDBSCAN labels: [-1, -1, -1, -1, -1, -1, -1, -1, 0, 0, 0, -1, 0, 0, 0, -1, 0, 0, 0, 0, 0, 0, 0, 0, -1, 0, 0, 0, 0, 0, 0, 0, 0, 0, -1, 0, 0, 0, 0, 0]
2026-04-16 00:59:17,755 - [MAUD-Cosine] selected 28/40 clients: [8, 9, 10, 12, 13, 14, 16, 17, 18, 19, 20, 21, 22, 23, 25, 26, 27, 28, 29, 30, 31, 32, 33, 35, 36, 37, 38, 39]
2026-04-16 00:59:17,800 - Round number: 61 --------------------------
2026-04-16 00:59:17,800 - Evaluate global model
2026-04-16 00:59:23,204 - Averaged Train Loss: 1.0797
2026-04-16 00:59:23,208 - Test Accurancy: 0.5882
2026-04-16 00:59:35,019 - [MAUD-Cosine] HDBSCAN labels: [-1, -1, -1, -1, -1, -1, -1, -1, 0, 0, 0, 0, 0, 0, 0, 0, 0, 0, 0, 0, 0, 0, 0, 0, 0, 0, -1, 0, 0, 0, 0, 0, 0, 0, 0, 0, -1, 0, -1, 0]
2026-04-16 00:59:35,020 - [MAUD-Cosine] selected 29/40 clients: [8, 9, 10, 11, 12, 13, 14, 15, 16, 17, 18, 19, 20, 21, 22, 23, 24, 25, 27, 28, 29, 30, 31, 32, 33, 34, 35, 37, 39]
2026-04-16 00:59:35,082 - Round number: 62 --------------------------
2026-04-16 00:59:35,082 - Evaluate global model
2026-04-16 00:59:42,429 - Averaged Train Loss: 1.0774
2026-04-16 00:59:42,432 - Test Accurancy: 0.5895
2026-04-16 00:59:56,739 - [MAUD-Cosine] HDBSCAN labels: [-1, -1, -1, -1, -1, -1, -1, -1, 0, 0, 0, 0, 0, 0, 0, 0, 0, 0, 0, 0, 0, 0, 0, -1, 0, 0, -1, 0, 0, 0, 0, 0, 0, 0, 0, 0, -1, 0, -1, 0]
2026-04-16 00:59:56,744 - [MAUD-Cosine] selected 28/40 clients: [8, 9, 10, 11, 12, 13, 14, 15, 16, 17, 18, 19, 20, 21, 22, 24, 25, 27, 28, 29, 30, 31, 32, 33, 34, 35, 37, 39]
2026-04-16 00:59:56,796 - Round number: 63 --------------------------
2026-04-16 00:59:56,796 - Evaluate global model
2026-04-16 01:00:04,774 - Averaged Train Loss: 1.0806
2026-04-16 01:00:04,774 - Test Accurancy: 0.5863
2026-04-16 01:00:16,939 - [MAUD-Cosine] HDBSCAN labels: [-1, -1, -1, -1, -1, -1, -1, -1, 0, -1, 0, 0, -1, 0, 0, 0, 0, 0, 0, 0, 0, -1, 0, -1, 0, 0, -1, 0, 0, 0, -1, -1, -1, -1, 0, 0, -1, 0, -1, 0]
2026-04-16 01:00:16,940 - [MAUD-Cosine] selected 21/40 clients: [8, 10, 11, 13, 14, 15, 16, 17, 18, 19, 20, 22, 24, 25, 27, 28, 29, 34, 35, 37, 39]
2026-04-16 01:00:16,976 - Round number: 64 --------------------------
2026-04-16 01:00:16,976 - Evaluate global model
2026-04-16 01:00:20,945 - Averaged Train Loss: 1.0887
2026-04-16 01:00:20,946 - Test Accurancy: 0.5828
2026-04-16 01:00:32,000 - [MAUD-Cosine] HDBSCAN labels: [-1, -1, -1, -1, -1, -1, -1, -1, 0, 0, 0, 0, 0, 0, 0, 0, 0, 0, 0, 0, 0, 0, 0, -1, 0, 0, -1, 0, 0, 0, 0, 0, 0, 0, 0, 0, -1, 0, -1, 0]
2026-04-16 01:00:32,003 - [MAUD-Cosine] selected 28/40 clients: [8, 9, 10, 11, 12, 13, 14, 15, 16, 17, 18, 19, 20, 21, 22, 24, 25, 27, 28, 29, 30, 31, 32, 33, 34, 35, 37, 39]
2026-04-16 01:00:32,075 - Round number: 65 --------------------------
2026-04-16 01:00:32,076 - Evaluate global model
2026-04-16 01:00:37,119 - Averaged Train Loss: 1.0589
2026-04-16 01:00:37,119 - Test Accurancy: 0.5911
2026-04-16 01:00:47,872 - [MAUD-Cosine] HDBSCAN labels: [-1, -1, -1, -1, -1, -1, -1, -1, 0, 0, 0, 0, 0, 0, 0, 0, 0, 0, 0, 0, 0, 0, 0, -1, 0, 0, -1, 0, 0, 0, 0, 0, 0, 0, 0, 0, -1, 0, -1, 0]
2026-04-16 01:00:47,873 - [MAUD-Cosine] selected 28/40 clients: [8, 9, 10, 11, 12, 13, 14, 15, 16, 17, 18, 19, 20, 21, 22, 24, 25, 27, 28, 29, 30, 31, 32, 33, 34, 35, 37, 39]
2026-04-16 01:00:47,941 - Round number: 66 --------------------------
2026-04-16 01:00:47,942 - Evaluate global model
2026-04-16 01:00:52,165 - Averaged Train Loss: 1.0625
2026-04-16 01:00:52,165 - Test Accurancy: 0.5899
2026-04-16 01:01:02,712 - [MAUD-Cosine] HDBSCAN labels: [-1, -1, -1, -1, -1, -1, -1, -1, 0, -1, 0, 0, -1, 0, 0, 0, 0, 0, 0, 0, 0, -1, 0, -1, 0, 0, -1, 0, 0, 0, -1, -1, -1, -1, 0, 0, -1, 0, -1, 0]
2026-04-16 01:01:02,712 - [MAUD-Cosine] selected 21/40 clients: [8, 10, 11, 13, 14, 15, 16, 17, 18, 19, 20, 22, 24, 25, 27, 28, 29, 34, 35, 37, 39]
2026-04-16 01:01:02,760 - Round number: 67 --------------------------
2026-04-16 01:01:02,760 - Evaluate global model
2026-04-16 01:01:07,408 - Averaged Train Loss: 1.0904
2026-04-16 01:01:07,410 - Test Accurancy: 0.5833
2026-04-16 01:01:17,913 - [MAUD-Cosine] HDBSCAN labels: [-1, -1, -1, -1, -1, -1, -1, -1, 0, 0, 0, 0, 0, 0, -1, 0, 0, 0, 0, 0, -1, 0, -1, -1, 0, -1, -1, 0, 0, 0, 0, 0, 0, 0, 0, 0, -1, 0, -1, 0]
2026-04-16 01:01:17,914 - [MAUD-Cosine] selected 24/40 clients: [8, 9, 10, 11, 12, 13, 15, 16, 17, 18, 19, 21, 24, 27, 28, 29, 30, 31, 32, 33, 34, 35, 37, 39]
2026-04-16 01:01:17,951 - Round number: 68 --------------------------
2026-04-16 01:01:17,951 - Evaluate global model
2026-04-16 01:01:22,048 - Averaged Train Loss: 1.0751
2026-04-16 01:01:22,049 - Test Accurancy: 0.5871
2026-04-16 01:01:34,156 - [MAUD-Cosine] HDBSCAN labels: [-1, -1, -1, -1, -1, -1, -1, -1, 0, 0, 0, 0, 0, 0, -1, 0, 0, 0, 0, 0, -1, 0, -1, -1, 0, -1, -1, 0, 0, 0, 0, 0, 0, 0, 0, 0, -1, 0, -1, 0]
2026-04-16 01:01:34,157 - [MAUD-Cosine] selected 24/40 clients: [8, 9, 10, 11, 12, 13, 15, 16, 17, 18, 19, 21, 24, 27, 28, 29, 30, 31, 32, 33, 34, 35, 37, 39]
2026-04-16 01:01:34,206 - Round number: 69 --------------------------
2026-04-16 01:01:34,207 - Evaluate global model
2026-04-16 01:01:40,310 - Averaged Train Loss: 1.0731
2026-04-16 01:01:40,312 - Test Accurancy: 0.5869
2026-04-16 01:01:56,502 - [MAUD-Cosine] HDBSCAN labels: [-1, -1, -1, -1, -1, -1, -1, -1, 0, 0, 0, 0, 0, 0, -1, 0, 0, 0, 0, 0, -1, 0, -1, -1, 0, -1, -1, 0, -1, 0, 0, 0, 0, 0, -1, -1, -1, 0, -1, 0]
2026-04-16 01:01:56,506 - [MAUD-Cosine] selected 21/40 clients: [8, 9, 10, 11, 12, 13, 15, 16, 17, 18, 19, 21, 24, 27, 29, 30, 31, 32, 33, 37, 39]
2026-04-16 01:01:56,559 - Round number: 70 --------------------------
2026-04-16 01:01:56,560 - Evaluate global model
2026-04-16 01:02:05,439 - Averaged Train Loss: 1.0526
2026-04-16 01:02:05,443 - Test Accurancy: 0.5898
2026-04-16 01:02:19,941 - [MAUD-Cosine] HDBSCAN labels: [-1, -1, -1, -1, -1, -1, -1, -1, 0, 0, 0, 0, 0, 0, 0, 0, 0, 0, 0, 0, 0, 0, 0, -1, 0, 0, -1, 0, 0, 0, 0, 0, 0, 0, -1, 0, -1, 0, -1, 0]
2026-04-16 01:02:19,947 - [MAUD-Cosine] selected 27/40 clients: [8, 9, 10, 11, 12, 13, 14, 15, 16, 17, 18, 19, 20, 21, 22, 24, 25, 27, 28, 29, 30, 31, 32, 33, 35, 37, 39]
2026-04-16 01:02:20,009 - Round number: 71 --------------------------
2026-04-16 01:02:20,009 - Evaluate global model
2026-04-16 01:02:28,897 - Averaged Train Loss: 1.0310
2026-04-16 01:02:28,898 - Test Accurancy: 0.5945
2026-04-16 01:02:43,122 - [MAUD-Cosine] HDBSCAN labels: [-1, -1, -1, -1, -1, -1, -1, -1, 0, 0, 0, 0, 0, 0, 0, 0, 0, 0, 0, 0, 0, 0, 0, 0, 0, 0, 0, 0, 0, 0, 0, 0, 0, 0, -1, 0, 0, 0, 0, 0]
2026-04-16 01:02:43,127 - [MAUD-Cosine] selected 31/40 clients: [8, 9, 10, 11, 12, 13, 14, 15, 16, 17, 18, 19, 20, 21, 22, 23, 24, 25, 26, 27, 28, 29, 30, 31, 32, 33, 35, 36, 37, 38, 39]
2026-04-16 01:02:43,180 - Round number: 72 --------------------------
2026-04-16 01:02:43,181 - Evaluate global model
2026-04-16 01:02:50,042 - Averaged Train Loss: 1.0073
2026-04-16 01:02:50,043 - Test Accurancy: 0.6011
2026-04-16 01:03:05,014 - [MAUD-Cosine] HDBSCAN labels: [-1, -1, -1, -1, -1, -1, -1, -1, 0, 0, 0, 0, 0, 0, 0, 0, 0, 0, 0, 0, 0, 0, 0, 0, 0, 0, 0, 0, 0, 0, 0, 0, 0, 0, -1, 0, 0, 0, 0, 0]
2026-04-16 01:03:05,018 - [MAUD-Cosine] selected 31/40 clients: [8, 9, 10, 11, 12, 13, 14, 15, 16, 17, 18, 19, 20, 21, 22, 23, 24, 25, 26, 27, 28, 29, 30, 31, 32, 33, 35, 36, 37, 38, 39]
2026-04-16 01:03:05,069 - Round number: 73 --------------------------
2026-04-16 01:03:05,070 - Evaluate global model
2026-04-16 01:03:12,335 - Averaged Train Loss: 0.9976
2026-04-16 01:03:12,335 - Test Accurancy: 0.6063
2026-04-16 01:03:26,661 - [MAUD-Cosine] HDBSCAN labels: [-1, -1, -1, -1, -1, -1, -1, -1, 0, 0, 0, 0, 0, 0, 0, 0, 0, 0, 0, 0, 0, 0, 0, 0, 0, 0, 0, 0, 0, 0, 0, 0, 0, 0, 0, 0, 0, 0, 0, 0]
2026-04-16 01:03:26,666 - [MAUD-Cosine] selected 32/40 clients: [8, 9, 10, 11, 12, 13, 14, 15, 16, 17, 18, 19, 20, 21, 22, 23, 24, 25, 26, 27, 28, 29, 30, 31, 32, 33, 34, 35, 36, 37, 38, 39]
2026-04-16 01:03:26,745 - Round number: 74 --------------------------
2026-04-16 01:03:26,746 - Evaluate global model
2026-04-16 01:03:33,710 - Averaged Train Loss: 0.9932
2026-04-16 01:03:33,711 - Test Accurancy: 0.6057
2026-04-16 01:03:47,560 - [MAUD-Cosine] HDBSCAN labels: [-1, -1, -1, -1, -1, -1, -1, -1, 0, 0, 0, -1, 0, 0, 0, -1, 0, 0, 0, 0, 0, 0, 0, -1, -1, 0, 0, 0, 0, 0, 0, 0, 0, 0, -1, 0, -1, 0, 0, 0]
2026-04-16 01:03:47,563 - [MAUD-Cosine] selected 26/40 clients: [8, 9, 10, 12, 13, 14, 16, 17, 18, 19, 20, 21, 22, 25, 26, 27, 28, 29, 30, 31, 32, 33, 35, 37, 38, 39]
2026-04-16 01:03:47,614 - Round number: 75 --------------------------
2026-04-16 01:03:47,615 - Evaluate global model
2026-04-16 01:03:54,033 - Averaged Train Loss: 0.9805
2026-04-16 01:03:54,036 - Test Accurancy: 0.6088
2026-04-16 01:04:10,100 - [MAUD-Cosine] HDBSCAN labels: [-1, -1, -1, -1, -1, -1, -1, -1, 0, 0, 0, -1, 0, 0, 0, -1, 0, 0, 0, 0, 0, 0, 0, 0, -1, 0, 0, 0, 0, 0, 0, 0, 0, 0, -1, 0, -1, 0, 0, 0]
2026-04-16 01:04:10,102 - [MAUD-Cosine] selected 27/40 clients: [8, 9, 10, 12, 13, 14, 16, 17, 18, 19, 20, 21, 22, 23, 25, 26, 27, 28, 29, 30, 31, 32, 33, 35, 37, 38, 39]
2026-04-16 01:04:10,145 - Round number: 76 --------------------------
2026-04-16 01:04:10,145 - Evaluate global model
2026-04-16 01:04:15,540 - Averaged Train Loss: 0.9767
2026-04-16 01:04:15,540 - Test Accurancy: 0.6125
2026-04-16 01:04:30,527 - [MAUD-Cosine] HDBSCAN labels: [-1, -1, -1, -1, -1, -1, -1, -1, 0, -1, 0, 0, -1, 0, -1, 0, 0, 0, 0, 0, -1, -1, -1, 0, 0, -1, 0, 0, 0, 0, 0, 0, 0, 0, 0, 0, -1, 0, 0, 0]
2026-04-16 01:04:30,529 - [MAUD-Cosine] selected 24/40 clients: [8, 10, 11, 13, 15, 16, 17, 18, 19, 23, 24, 26, 27, 28, 29, 30, 31, 32, 33, 34, 35, 37, 38, 39]
2026-04-16 01:04:30,570 - Round number: 77 --------------------------
2026-04-16 01:04:30,570 - Evaluate global model
2026-04-16 01:04:36,220 - Averaged Train Loss: 0.9969
2026-04-16 01:04:36,222 - Test Accurancy: 0.6030
2026-04-16 01:04:49,392 - [MAUD-Cosine] HDBSCAN labels: [-1, -1, -1, -1, -1, -1, -1, -1, 0, 0, 0, -1, 0, 0, 0, -1, 0, 0, 0, 0, 0, 0, 0, -1, -1, 0, 0, 0, 0, 0, -1, -1, -1, -1, -1, 0, -1, 0, 0, 0]
2026-04-16 01:04:49,393 - [MAUD-Cosine] selected 22/40 clients: [8, 9, 10, 12, 13, 14, 16, 17, 18, 19, 20, 21, 22, 25, 26, 27, 28, 29, 35, 37, 38, 39]
2026-04-16 01:04:49,451 - Round number: 78 --------------------------
2026-04-16 01:04:49,451 - Evaluate global model
2026-04-16 01:04:56,682 - Averaged Train Loss: 0.9851
2026-04-16 01:04:56,688 - Test Accurancy: 0.6006
2026-04-16 01:05:09,034 - [MAUD-Cosine] HDBSCAN labels: [-1, -1, -1, -1, -1, -1, -1, -1, 0, -1, 0, 0, -1, 0, 0, 0, 0, 0, 0, 0, 0, -1, 0, -1, 0, 0, -1, 0, 0, 0, -1, -1, -1, -1, 0, 0, -1, 0, -1, 0]
2026-04-16 01:05:09,036 - [MAUD-Cosine] selected 21/40 clients: [8, 10, 11, 13, 14, 15, 16, 17, 18, 19, 20, 22, 24, 25, 27, 28, 29, 34, 35, 37, 39]
2026-04-16 01:05:09,092 - Round number: 79 --------------------------
2026-04-16 01:05:09,093 - Evaluate global model
2026-04-16 01:05:16,847 - Averaged Train Loss: 0.9994
2026-04-16 01:05:16,851 - Test Accurancy: 0.6021
2026-04-16 01:05:29,698 - [MAUD-Cosine] HDBSCAN labels: [-1, -1, -1, -1, -1, -1, -1, -1, 0, 0, 0, 0, 0, 0, 0, 0, -1, 0, -1, 0, 0, -1, 0, -1, 0, 0, -1, 0, 0, 0, -1, -1, -1, -1, 0, 0, -1, 0, -1, 0]
2026-04-16 01:05:29,701 - [MAUD-Cosine] selected 21/40 clients: [8, 9, 10, 11, 12, 13, 14, 15, 17, 19, 20, 22, 24, 25, 27, 28, 29, 34, 35, 37, 39]
2026-04-16 01:05:29,765 - Round number: 80 --------------------------
2026-04-16 01:05:29,765 - Evaluate global model
2026-04-16 01:05:38,420 - Averaged Train Loss: 1.0373
2026-04-16 01:05:38,422 - Test Accurancy: 0.5851
2026-04-16 01:05:53,760 - [MAUD-Cosine] HDBSCAN labels: [-1, -1, -1, -1, -1, -1, -1, -1, 0, -1, 0, 0, -1, 0, -1, 0, -1, 0, -1, 0, -1, 0, -1, -1, 0, -1, 0, 0, 0, 0, 0, 0, 0, 0, 0, 0, -1, 0, 0, 0]
2026-04-16 01:05:53,763 - [MAUD-Cosine] selected 22/40 clients: [8, 10, 11, 13, 15, 17, 19, 21, 24, 26, 27, 28, 29, 30, 31, 32, 33, 34, 35, 37, 38, 39]
2026-04-16 01:05:53,839 - Round number: 81 --------------------------
2026-04-16 01:05:53,839 - Evaluate global model
2026-04-16 01:06:01,229 - Averaged Train Loss: 1.0328
2026-04-16 01:06:01,230 - Test Accurancy: 0.5894
2026-04-16 01:06:17,192 - [MAUD-Cosine] HDBSCAN labels: [-1, -1, -1, -1, -1, -1, -1, -1, 0, 0, 0, 0, 0, 0, -1, 0, -1, 0, -1, 0, -1, 0, -1, -1, 0, -1, -1, 0, 0, 0, 0, 0, 0, 0, 0, 0, -1, 0, -1, 0]
2026-04-16 01:06:17,197 - [MAUD-Cosine] selected 22/40 clients: [8, 9, 10, 11, 12, 13, 15, 17, 19, 21, 24, 27, 28, 29, 30, 31, 32, 33, 34, 35, 37, 39]
2026-04-16 01:06:17,242 - Round number: 82 --------------------------
2026-04-16 01:06:17,243 - Evaluate global model
2026-04-16 01:06:23,925 - Averaged Train Loss: 1.0599
2026-04-16 01:06:23,928 - Test Accurancy: 0.5814
2026-04-16 01:06:39,917 - [MAUD-Cosine] HDBSCAN labels: [-1, -1, -1, -1, -1, -1, -1, -1, 0, 0, 0, 0, 0, 0, -1, 0, 0, 0, 0, 0, -1, 0, -1, -1, 0, -1, -1, 0, 0, 0, 0, 0, 0, 0, -1, 0, -1, 0, -1, 0]
2026-04-16 01:06:39,921 - [MAUD-Cosine] selected 23/40 clients: [8, 9, 10, 11, 12, 13, 15, 16, 17, 18, 19, 21, 24, 27, 28, 29, 30, 31, 32, 33, 35, 37, 39]
2026-04-16 01:06:40,008 - Round number: 83 --------------------------
2026-04-16 01:06:40,008 - Evaluate global model
2026-04-16 01:06:47,618 - Averaged Train Loss: 0.9866
2026-04-16 01:06:47,625 - Test Accurancy: 0.6012
2026-04-16 01:06:59,638 - [MAUD-Cosine] HDBSCAN labels: [-1, -1, -1, -1, -1, -1, -1, -1, 0, 0, 0, 0, 0, 0, 0, 0, 0, 0, 0, 0, 0, 0, 0, -1, 0, 0, -1, 0, 0, 0, 0, 0, 0, 0, -1, 0, -1, 0, -1, 0]
2026-04-16 01:06:59,639 - [MAUD-Cosine] selected 27/40 clients: [8, 9, 10, 11, 12, 13, 14, 15, 16, 17, 18, 19, 20, 21, 22, 24, 25, 27, 28, 29, 30, 31, 32, 33, 35, 37, 39]
2026-04-16 01:06:59,696 - Round number: 84 --------------------------
2026-04-16 01:06:59,697 - Evaluate global model
2026-04-16 01:07:07,465 - Averaged Train Loss: 0.9384
2026-04-16 01:07:07,467 - Test Accurancy: 0.6143
2026-04-16 01:07:19,853 - [MAUD-Cosine] HDBSCAN labels: [-1, -1, -1, -1, -1, -1, -1, -1, 0, 0, 0, 0, 0, 0, 0, 0, 0, 0, 0, 0, 0, 0, 0, -1, 0, 0, -1, 0, 0, 0, 0, 0, 0, 0, -1, 0, -1, 0, -1, 0]
2026-04-16 01:07:19,854 - [MAUD-Cosine] selected 27/40 clients: [8, 9, 10, 11, 12, 13, 14, 15, 16, 17, 18, 19, 20, 21, 22, 24, 25, 27, 28, 29, 30, 31, 32, 33, 35, 37, 39]
2026-04-16 01:07:19,904 - Round number: 85 --------------------------
2026-04-16 01:07:19,904 - Evaluate global model
2026-04-16 01:07:27,554 - Averaged Train Loss: 0.9449
2026-04-16 01:07:27,556 - Test Accurancy: 0.6111
2026-04-16 01:07:40,225 - [MAUD-Cosine] HDBSCAN labels: [-1, -1, -1, -1, -1, -1, -1, -1, 0, 0, 0, 0, 0, 0, -1, 0, 0, 0, 0, 0, -1, 0, -1, -1, 0, -1, -1, 0, 0, 0, 0, 0, 0, 0, -1, -1, -1, 0, -1, 0]
2026-04-16 01:07:40,226 - [MAUD-Cosine] selected 22/40 clients: [8, 9, 10, 11, 12, 13, 15, 16, 17, 18, 19, 21, 24, 27, 28, 29, 30, 31, 32, 33, 37, 39]
2026-04-16 01:07:40,283 - Round number: 86 --------------------------
2026-04-16 01:07:40,284 - Evaluate global model
2026-04-16 01:07:46,978 - Averaged Train Loss: 0.9787
2026-04-16 01:07:46,979 - Test Accurancy: 0.6029
2026-04-16 01:08:03,396 - [MAUD-Cosine] HDBSCAN labels: [-1, -1, -1, -1, -1, -1, -1, -1, 0, 0, 0, 0, 0, 0, 0, 0, 0, 0, 0, 0, 0, 0, 0, -1, 0, 0, -1, 0, 0, 0, 0, 0, 0, 0, -1, -1, -1, 0, -1, 0]
2026-04-16 01:08:03,398 - [MAUD-Cosine] selected 26/40 clients: [8, 9, 10, 11, 12, 13, 14, 15, 16, 17, 18, 19, 20, 21, 22, 24, 25, 27, 28, 29, 30, 31, 32, 33, 37, 39]
2026-04-16 01:08:03,458 - Round number: 87 --------------------------
2026-04-16 01:08:03,458 - Evaluate global model
2026-04-16 01:08:09,667 - Averaged Train Loss: 0.9393
2026-04-16 01:08:09,667 - Test Accurancy: 0.6114
2026-04-16 01:08:21,275 - [MAUD-Cosine] HDBSCAN labels: [-1, -1, -1, -1, -1, -1, -1, -1, 0, 0, 0, 0, 0, 0, 0, 0, 0, 0, 0, 0, 0, 0, 0, 0, 0, 0, 0, 0, 0, 0, 0, 0, 0, 0, -1, 0, 0, 0, 0, 0]
2026-04-16 01:08:21,276 - [MAUD-Cosine] selected 31/40 clients: [8, 9, 10, 11, 12, 13, 14, 15, 16, 17, 18, 19, 20, 21, 22, 23, 24, 25, 26, 27, 28, 29, 30, 31, 32, 33, 35, 36, 37, 38, 39]
2026-04-16 01:08:21,348 - Round number: 88 --------------------------
2026-04-16 01:08:21,348 - Evaluate global model
2026-04-16 01:08:26,874 - Averaged Train Loss: 0.9245
2026-04-16 01:08:26,875 - Test Accurancy: 0.6141
2026-04-16 01:08:38,531 - [MAUD-Cosine] HDBSCAN labels: [-1, -1, -1, -1, -1, -1, -1, -1, 0, 0, 0, -1, 0, 0, 0, -1, 0, -1, 0, -1, 0, 0, 0, 0, -1, 0, 0, 0, -1, 0, 0, 0, 0, 0, -1, 0, -1, 0, 0, 0]
2026-04-16 01:08:38,532 - [MAUD-Cosine] selected 24/40 clients: [8, 9, 10, 12, 13, 14, 16, 18, 20, 21, 22, 23, 25, 26, 27, 29, 30, 31, 32, 33, 35, 37, 38, 39]
2026-04-16 01:08:38,585 - Round number: 89 --------------------------
2026-04-16 01:08:38,585 - Evaluate global model
2026-04-16 01:08:44,585 - Averaged Train Loss: 0.8917
2026-04-16 01:08:44,586 - Test Accurancy: 0.6198
2026-04-16 01:08:59,463 - [MAUD-Cosine] HDBSCAN labels: [-1, -1, -1, -1, -1, -1, -1, -1, 0, -1, 0, 0, -1, 0, 0, 0, 0, 0, 0, 0, 0, -1, 0, 0, 0, 0, 0, 0, 0, 0, -1, -1, -1, -1, -1, 0, -1, 0, 0, 0]
2026-04-16 01:08:59,466 - [MAUD-Cosine] selected 23/40 clients: [8, 10, 11, 13, 14, 15, 16, 17, 18, 19, 20, 22, 23, 24, 25, 26, 27, 28, 29, 35, 37, 38, 39]
2026-04-16 01:08:59,519 - Round number: 90 --------------------------
2026-04-16 01:08:59,519 - Evaluate global model
2026-04-16 01:09:06,737 - Averaged Train Loss: 0.9140
2026-04-16 01:09:06,739 - Test Accurancy: 0.6141
2026-04-16 01:09:19,551 - [MAUD-Cosine] HDBSCAN labels: [-1, -1, -1, -1, -1, -1, -1, -1, 0, -1, 0, 0, -1, 0, 0, 0, 0, 0, 0, 0, 0, -1, 0, 0, 0, 0, 0, 0, 0, 0, -1, -1, -1, -1, -1, 0, -1, 0, 0, 0]
2026-04-16 01:09:19,552 - [MAUD-Cosine] selected 23/40 clients: [8, 10, 11, 13, 14, 15, 16, 17, 18, 19, 20, 22, 23, 24, 25, 26, 27, 28, 29, 35, 37, 38, 39]
2026-04-16 01:09:19,593 - Round number: 91 --------------------------
2026-04-16 01:09:19,594 - Evaluate global model
2026-04-16 01:09:24,163 - Averaged Train Loss: 0.9250
2026-04-16 01:09:24,164 - Test Accurancy: 0.6101
2026-04-16 01:09:34,886 - [MAUD-Cosine] HDBSCAN labels: [-1, -1, -1, -1, -1, -1, -1, -1, 0, -1, 0, 0, -1, 0, 0, 0, 0, 0, 0, 0, 0, -1, 0, -1, 0, 0, -1, 0, 0, 0, -1, -1, -1, -1, 0, 0, -1, 0, -1, 0]
2026-04-16 01:09:34,887 - [MAUD-Cosine] selected 21/40 clients: [8, 10, 11, 13, 14, 15, 16, 17, 18, 19, 20, 22, 24, 25, 27, 28, 29, 34, 35, 37, 39]
2026-04-16 01:09:34,947 - Round number: 92 --------------------------
2026-04-16 01:09:34,947 - Evaluate global model
2026-04-16 01:09:39,604 - Averaged Train Loss: 0.9471
2026-04-16 01:09:39,605 - Test Accurancy: 0.6079
2026-04-16 01:09:49,359 - [MAUD-Cosine] HDBSCAN labels: [-1, -1, -1, -1, -1, -1, -1, -1, 0, -1, 0, 0, -1, 0, 0, 0, 0, 0, 0, 0, 0, 0, 0, 0, 0, 0, 0, 0, 0, 0, 0, 0, 0, 0, 0, 0, -1, 0, 0, 0]
2026-04-16 01:09:49,359 - [MAUD-Cosine] selected 29/40 clients: [8, 10, 11, 13, 14, 15, 16, 17, 18, 19, 20, 21, 22, 23, 24, 25, 26, 27, 28, 29, 30, 31, 32, 33, 34, 35, 37, 38, 39]
2026-04-16 01:09:49,424 - Round number: 93 --------------------------
2026-04-16 01:09:49,424 - Evaluate global model
2026-04-16 01:09:53,972 - Averaged Train Loss: 0.8846
2026-04-16 01:09:53,972 - Test Accurancy: 0.6194
2026-04-16 01:10:04,018 - [MAUD-Cosine] HDBSCAN labels: [-1, -1, -1, -1, -1, -1, -1, -1, 0, -1, 0, 0, -1, 0, 0, 0, 0, 0, 0, 0, 0, 0, 0, 0, 0, 0, 0, 0, 0, 0, 0, 0, 0, 0, 0, 0, -1, 0, 0, 0]
2026-04-16 01:10:04,018 - [MAUD-Cosine] selected 29/40 clients: [8, 10, 11, 13, 14, 15, 16, 17, 18, 19, 20, 21, 22, 23, 24, 25, 26, 27, 28, 29, 30, 31, 32, 33, 34, 35, 37, 38, 39]
2026-04-16 01:10:04,086 - Round number: 94 --------------------------
2026-04-16 01:10:04,086 - Evaluate global model
2026-04-16 01:10:10,702 - Averaged Train Loss: 0.8867
2026-04-16 01:10:10,703 - Test Accurancy: 0.6198
2026-04-16 01:10:25,146 - [MAUD-Cosine] HDBSCAN labels: [-1, -1, -1, -1, -1, -1, -1, -1, -1, 0, -1, 0, 0, -1, 0, 0, -1, 0, -1, 0, 0, 0, 0, 0, 0, 0, 0, -1, 0, -1, 0, 0, 0, 0, 0, -1, -1, -1, 0, -1]
2026-04-16 01:10:25,148 - [MAUD-Cosine] selected 21/40 clients: [9, 11, 12, 14, 15, 17, 19, 20, 21, 22, 23, 24, 25, 26, 28, 30, 31, 32, 33, 34, 38]
2026-04-16 01:10:25,194 - Round number: 95 --------------------------
2026-04-16 01:10:25,194 - Evaluate global model
2026-04-16 01:10:31,518 - Averaged Train Loss: 1.0004
2026-04-16 01:10:31,519 - Test Accurancy: 0.5951
2026-04-16 01:10:44,264 - [MAUD-Cosine] HDBSCAN labels: [-1, -1, -1, -1, -1, -1, -1, -1, 0, -1, 0, 0, -1, 0, -1, 0, 0, 0, 0, 0, -1, 0, -1, 0, 0, -1, 0, 0, 0, 0, 0, 0, 0, 0, 0, 0, -1, 0, 0, 0]
2026-04-16 01:10:44,268 - [MAUD-Cosine] selected 25/40 clients: [8, 10, 11, 13, 15, 16, 17, 18, 19, 21, 23, 24, 26, 27, 28, 29, 30, 31, 32, 33, 34, 35, 37, 38, 39]
2026-04-16 01:10:44,308 - Round number: 96 --------------------------
2026-04-16 01:10:44,308 - Evaluate global model
2026-04-16 01:10:49,489 - Averaged Train Loss: 0.9091
2026-04-16 01:10:49,489 - Test Accurancy: 0.6177
2026-04-16 01:11:00,968 - [MAUD-Cosine] HDBSCAN labels: [-1, -1, -1, -1, -1, -1, -1, -1, 0, -1, 0, 0, -1, 0, -1, 0, 0, 0, 0, 0, -1, 0, -1, -1, 0, -1, -1, 0, 0, 0, 0, 0, 0, 0, 0, 0, -1, 0, -1, 0]
2026-04-16 01:11:00,969 - [MAUD-Cosine] selected 22/40 clients: [8, 10, 11, 13, 15, 16, 17, 18, 19, 21, 24, 27, 28, 29, 30, 31, 32, 33, 34, 35, 37, 39]
2026-04-16 01:11:01,025 - Round number: 97 --------------------------
2026-04-16 01:11:01,025 - Evaluate global model
2026-04-16 01:11:06,372 - Averaged Train Loss: 0.9305
2026-04-16 01:11:06,373 - Test Accurancy: 0.6127
2026-04-16 01:11:16,173 - [MAUD-Cosine] HDBSCAN labels: [-1, -1, -1, -1, -1, -1, -1, -1, 0, 0, 0, 0, 0, 0, 0, 0, 0, 0, 0, 0, 0, 0, 0, -1, 0, 0, -1, 0, 0, 0, 0, 0, 0, 0, 0, 0, -1, 0, -1, 0]
2026-04-16 01:11:16,173 - [MAUD-Cosine] selected 28/40 clients: [8, 9, 10, 11, 12, 13, 14, 15, 16, 17, 18, 19, 20, 21, 22, 24, 25, 27, 28, 29, 30, 31, 32, 33, 34, 35, 37, 39]
2026-04-16 01:11:16,232 - Round number: 98 --------------------------
2026-04-16 01:11:16,233 - Evaluate global model
2026-04-16 01:11:21,438 - Averaged Train Loss: 0.8933
2026-04-16 01:11:21,438 - Test Accurancy: 0.6143
2026-04-16 01:11:29,861 - [MAUD-Cosine] HDBSCAN labels: [-1, -1, -1, -1, -1, -1, -1, -1, 0, 0, 0, 0, 0, 0, 0, 0, 0, 0, 0, 0, 0, 0, 0, -1, 0, 0, -1, 0, 0, 0, 0, 0, 0, 0, 0, 0, -1, 0, -1, 0]
2026-04-16 01:11:29,861 - [MAUD-Cosine] selected 28/40 clients: [8, 9, 10, 11, 12, 13, 14, 15, 16, 17, 18, 19, 20, 21, 22, 24, 25, 27, 28, 29, 30, 31, 32, 33, 34, 35, 37, 39]
2026-04-16 01:11:29,938 - Round number: 99 --------------------------
2026-04-16 01:11:29,938 - Evaluate global model
2026-04-16 01:11:33,744 - Averaged Train Loss: 0.8847
2026-04-16 01:11:33,744 - Test Accurancy: 0.6186
2026-04-16 01:11:40,698 - [MAUD-Cosine] HDBSCAN labels: [-1, -1, -1, -1, -1, -1, -1, -1, 0, 0, 0, 0, 0, 0, 0, 0, 0, 0, 0, 0, 0, 0, 0, -1, 0, 0, -1, 0, 0, 0, 0, 0, 0, 0, -1, -1, -1, 0, -1, 0]
2026-04-16 01:11:40,698 - [MAUD-Cosine] selected 26/40 clients: [8, 9, 10, 11, 12, 13, 14, 15, 16, 17, 18, 19, 20, 21, 22, 24, 25, 27, 28, 29, 30, 31, 32, 33, 37, 39]
2026-04-16 01:11:40,749 - Round number: 100 --------------------------
2026-04-16 01:11:40,749 - Evaluate global model
2026-04-16 01:11:43,772 - Averaged Train Loss: 0.8811
2026-04-16 01:11:43,773 - Test Accurancy: 0.6214
2026-04-16 01:11:49,876 - [MAUD-Cosine] HDBSCAN labels: [-1, -1, -1, -1, -1, -1, -1, -1, 0, 0, 0, 0, 0, 0, 0, 0, 0, 0, 0, 0, 0, 0, 0, -1, 0, 0, -1, 0, 0, 0, -1, -1, -1, 0, -1, -1, -1, 0, -1, 0]
2026-04-16 01:11:49,877 - [MAUD-Cosine] selected 23/40 clients: [8, 9, 10, 11, 12, 13, 14, 15, 16, 17, 18, 19, 20, 21, 22, 24, 25, 27, 28, 29, 33, 37, 39]
2026-04-16 01:11:49,882 - Run over
2026-04-16 01:11:49,882 - Saving results to ./exp/exp4/Cifar10/maud-cosine_CAMP_clipping_v8_w10.h5
2026-04-16 01:11:49,888 - Best accuracy: 0.6214452214452214
2026-04-16 01:11:49,888 - Average time cost per round: 19.06216079711914
: 19.06216079711914
cuda:0
