2026-04-16 00:39:19,708 - *****************EXP-4*****************
2026-04-16 00:39:19,709 - Exp repeats: 1
2026-04-16 00:39:19,709 - Communication Rounds: 100
2026-04-16 00:39:19,710 - Clients: 40

2026-04-16 00:39:19,710 - Attack method: MPAF
2026-04-16 00:39:19,710 - Filtering rule: maud-cosine
2026-04-16 00:39:19,710 - Dataset: Cifar10
2026-04-16 00:39:19,710 - Model: cnn2
2026-04-16 00:39:19,710 - Learning Rate: 0.04
2026-04-16 00:39:19,710 - Batch Size: 64
2026-04-16 00:39:19,710 - Device: cuda
2026-04-16 00:39:19,710 - Device id: 0
2026-04-16 00:39:19,710 - Adversaries: 8
2026-04-16 00:39:19,710 - *****************EXP-4*****************
2026-04-16 00:39:22,092 - Running time: 0th ==========================
2026-04-16 00:39:22,113 - Initialized MPAF model
2026-04-16 00:39:36,853 - Round number: 0 --------------------------
2026-04-16 00:39:36,854 - Evaluate global model
2026-04-16 00:39:47,996 - Averaged Train Loss: 2.3021
2026-04-16 00:39:47,997 - Test Accurancy: 0.1016
2026-04-16 00:40:02,958 - [MAUD-Cosine] HDBSCAN labels: [-1, -1, -1, -1, -1, -1, -1, -1, 0, -1, 0, 0, -1, 0, -1, 0, -1, 0, -1, 0, -1, -1, -1, 0, -1, -1, 0, 0, 0, 0, 0, 0, 0, -1, 0, 0, 0, 0, 0, 0]
2026-04-16 00:40:02,960 - [MAUD-Cosine] selected 21/40 clients: [8, 10, 11, 13, 15, 17, 19, 23, 26, 27, 28, 29, 30, 31, 32, 34, 35, 36, 37, 38, 39]
2026-04-16 00:40:03,138 - Round number: 1 --------------------------
2026-04-16 00:40:03,138 - Evaluate global model
2026-04-16 00:40:10,759 - Averaged Train Loss: 2.2915
2026-04-16 00:40:10,760 - Test Accurancy: 0.1240
2026-04-16 00:40:25,646 - [MAUD-Cosine] HDBSCAN labels: [-1, -1, -1, -1, -1, -1, -1, -1, 0, 0, 0, 0, 0, 0, 0, 0, -1, 0, -1, 0, 0, 0, 0, -1, -1, -1, 0, 0, 0, 0, 0, 0, 0, 0, 0, 0, 0, 0, 0, 0]
2026-04-16 00:40:25,649 - [MAUD-Cosine] selected 27/40 clients: [8, 9, 10, 11, 12, 13, 14, 15, 17, 19, 20, 21, 22, 26, 27, 28, 29, 30, 31, 32, 33, 34, 35, 36, 37, 38, 39]
2026-04-16 00:40:25,735 - Round number: 2 --------------------------
2026-04-16 00:40:25,738 - Evaluate global model
2026-04-16 00:40:35,621 - Averaged Train Loss: 2.2451
2026-04-16 00:40:35,623 - Test Accurancy: 0.1704
2026-04-16 00:40:50,186 - [MAUD-Cosine] HDBSCAN labels: [-1, -1, -1, -1, -1, -1, -1, -1, -1, 0, -1, 0, 0, -1, 0, 0, -1, 0, -1, 0, 0, 0, 0, -1, -1, -1, 0, -1, 0, -1, 0, 0, 0, 0, 0, 0, 0, 0, 0, -1]
2026-04-16 00:40:50,189 - [MAUD-Cosine] selected 21/40 clients: [9, 11, 12, 14, 15, 17, 19, 20, 21, 22, 26, 28, 30, 31, 32, 33, 34, 35, 36, 37, 38]
2026-04-16 00:40:50,243 - Round number: 3 --------------------------
2026-04-16 00:40:50,244 - Evaluate global model
2026-04-16 00:40:55,483 - Averaged Train Loss: 2.2349
2026-04-16 00:40:55,484 - Test Accurancy: 0.2099
2026-04-16 00:41:06,636 - [MAUD-Cosine] HDBSCAN labels: [-1, -1, -1, -1, -1, -1, -1, -1, -1, 0, -1, 0, 0, -1, 0, 0, -1, 0, -1, 0, 0, 0, 0, -1, -1, -1, 0, -1, 0, -1, 0, 0, 0, 0, 0, 0, 0, 0, 0, -1]
2026-04-16 00:41:06,637 - [MAUD-Cosine] selected 21/40 clients: [9, 11, 12, 14, 15, 17, 19, 20, 21, 22, 26, 28, 30, 31, 32, 33, 34, 35, 36, 37, 38]
2026-04-16 00:41:06,671 - Round number: 4 --------------------------
2026-04-16 00:41:06,671 - Evaluate global model
2026-04-16 00:41:10,149 - Averaged Train Loss: 2.1655
2026-04-16 00:41:10,150 - Test Accurancy: 0.2386
2026-04-16 00:41:21,897 - [MAUD-Cosine] HDBSCAN labels: [-1, -1, -1, -1, -1, -1, -1, -1, 0, 0, 0, 0, 0, 0, 0, 0, 0, 0, 0, 0, 0, 0, 0, 0, -1, -1, 0, 0, 0, 0, 0, 0, 0, 0, 0, 0, 0, 0, 0, 0]
2026-04-16 00:41:21,898 - [MAUD-Cosine] selected 30/40 clients: [8, 9, 10, 11, 12, 13, 14, 15, 16, 17, 18, 19, 20, 21, 22, 23, 26, 27, 28, 29, 30, 31, 32, 33, 34, 35, 36, 37, 38, 39]
2026-04-16 00:41:21,955 - Round number: 5 --------------------------
2026-04-16 00:41:21,955 - Evaluate global model
2026-04-16 00:41:26,105 - Averaged Train Loss: 2.0115
2026-04-16 00:41:26,106 - Test Accurancy: 0.2670
2026-04-16 00:41:36,931 - [MAUD-Cosine] HDBSCAN labels: [-1, -1, -1, -1, -1, -1, -1, -1, 0, 0, 0, 0, 0, 0, 0, 0, 0, 0, 0, 0, 0, 0, 0, 0, -1, -1, 0, 0, 0, 0, 0, 0, 0, 0, 0, 0, 0, 0, 0, 0]
2026-04-16 00:41:36,931 - [MAUD-Cosine] selected 30/40 clients: [8, 9, 10, 11, 12, 13, 14, 15, 16, 17, 18, 19, 20, 21, 22, 23, 26, 27, 28, 29, 30, 31, 32, 33, 34, 35, 36, 37, 38, 39]
2026-04-16 00:41:37,017 - Round number: 6 --------------------------
2026-04-16 00:41:37,018 - Evaluate global model
2026-04-16 00:41:40,848 - Averaged Train Loss: 1.9390
2026-04-16 00:41:40,848 - Test Accurancy: 0.2911
2026-04-16 00:41:51,459 - [MAUD-Cosine] HDBSCAN labels: [-1, -1, -1, -1, -1, -1, -1, -1, 0, 0, 0, -1, 0, 0, 0, -1, 0, -1, 0, -1, 0, 0, 0, 0, -1, -1, 0, 0, -1, 0, 0, 0, 0, 0, -1, -1, 0, -1, 0, 0]
2026-04-16 00:41:51,460 - [MAUD-Cosine] selected 22/40 clients: [8, 9, 10, 12, 13, 14, 16, 18, 20, 21, 22, 23, 26, 27, 29, 30, 31, 32, 33, 36, 38, 39]
2026-04-16 00:41:51,520 - Round number: 7 --------------------------
2026-04-16 00:41:51,521 - Evaluate global model
2026-04-16 00:41:55,416 - Averaged Train Loss: 1.8781
2026-04-16 00:41:55,417 - Test Accurancy: 0.3171
2026-04-16 00:42:06,507 - [MAUD-Cosine] HDBSCAN labels: [-1, -1, -1, -1, -1, -1, -1, -1, 0, 0, 0, -1, 0, 0, 0, -1, 0, -1, 0, -1, 0, 0, 0, 0, -1, -1, 0, 0, -1, 0, 0, 0, 0, 0, -1, -1, 0, -1, 0, 0]
2026-04-16 00:42:06,509 - [MAUD-Cosine] selected 22/40 clients: [8, 9, 10, 12, 13, 14, 16, 18, 20, 21, 22, 23, 26, 27, 29, 30, 31, 32, 33, 36, 38, 39]
2026-04-16 00:42:06,587 - Round number: 8 --------------------------
2026-04-16 00:42:06,588 - Evaluate global model
2026-04-16 00:42:11,818 - Averaged Train Loss: 1.8385
2026-04-16 00:42:11,818 - Test Accurancy: 0.3236
2026-04-16 00:42:25,485 - [MAUD-Cosine] HDBSCAN labels: [-1, -1, -1, -1, -1, -1, -1, -1, 0, 0, 0, -1, 0, 0, 0, -1, 0, -1, 0, -1, 0, 0, 0, 0, -1, -1, 0, 0, -1, 0, 0, 0, 0, 0, -1, -1, 0, -1, 0, 0]
2026-04-16 00:42:25,487 - [MAUD-Cosine] selected 22/40 clients: [8, 9, 10, 12, 13, 14, 16, 18, 20, 21, 22, 23, 26, 27, 29, 30, 31, 32, 33, 36, 38, 39]
2026-04-16 00:42:25,537 - Round number: 9 --------------------------
2026-04-16 00:42:25,537 - Evaluate global model
2026-04-16 00:42:31,373 - Averaged Train Loss: 1.8096
2026-04-16 00:42:31,375 - Test Accurancy: 0.3338
2026-04-16 00:42:45,746 - [MAUD-Cosine] HDBSCAN labels: [-1, -1, -1, -1, -1, -1, -1, -1, 0, 0, 0, 0, 0, 0, 0, 0, 0, 0, 0, 0, 0, 0, 0, 0, -1, -1, -1, 0, 0, 0, 0, 0, 0, 0, 0, 0, 0, 0, -1, 0]
2026-04-16 00:42:45,749 - [MAUD-Cosine] selected 28/40 clients: [8, 9, 10, 11, 12, 13, 14, 15, 16, 17, 18, 19, 20, 21, 22, 23, 27, 28, 29, 30, 31, 32, 33, 34, 35, 36, 37, 39]
2026-04-16 00:42:45,805 - Round number: 10 --------------------------
2026-04-16 00:42:45,806 - Evaluate global model
2026-04-16 00:42:51,815 - Averaged Train Loss: 1.7658
2026-04-16 00:42:51,817 - Test Accurancy: 0.3574
2026-04-16 00:43:05,541 - [MAUD-Cosine] HDBSCAN labels: [-1, -1, -1, -1, -1, -1, -1, -1, 0, 0, 0, 0, 0, 0, 0, 0, 0, 0, 0, 0, 0, 0, 0, 0, -1, -1, -1, 0, 0, 0, 0, 0, 0, 0, 0, 0, 0, 0, -1, 0]
2026-04-16 00:43:05,543 - [MAUD-Cosine] selected 28/40 clients: [8, 9, 10, 11, 12, 13, 14, 15, 16, 17, 18, 19, 20, 21, 22, 23, 27, 28, 29, 30, 31, 32, 33, 34, 35, 36, 37, 39]
2026-04-16 00:43:05,620 - Round number: 11 --------------------------
2026-04-16 00:43:05,620 - Evaluate global model
2026-04-16 00:43:11,776 - Averaged Train Loss: 1.7447
2026-04-16 00:43:11,776 - Test Accurancy: 0.3589
2026-04-16 00:43:25,443 - [MAUD-Cosine] HDBSCAN labels: [-1, -1, -1, -1, -1, -1, -1, -1, 0, 0, 0, 0, 0, 0, 0, 0, 0, 0, 0, 0, 0, 0, 0, 0, -1, 0, 0, 0, 0, 0, -1, -1, -1, 0, 0, 0, -1, 0, 0, 0]
2026-04-16 00:43:25,445 - [MAUD-Cosine] selected 27/40 clients: [8, 9, 10, 11, 12, 13, 14, 15, 16, 17, 18, 19, 20, 21, 22, 23, 25, 26, 27, 28, 29, 33, 34, 35, 37, 38, 39]
2026-04-16 00:43:25,499 - Round number: 12 --------------------------
2026-04-16 00:43:25,499 - Evaluate global model
2026-04-16 00:43:32,140 - Averaged Train Loss: 1.7180
2026-04-16 00:43:32,141 - Test Accurancy: 0.3728
2026-04-16 00:43:46,693 - [MAUD-Cosine] HDBSCAN labels: [-1, -1, -1, -1, -1, -1, -1, -1, 0, 0, 0, 0, 0, 0, 0, 0, 0, 0, 0, 0, 0, 0, 0, 0, -1, 0, -1, 0, 0, 0, -1, -1, -1, 0, 0, 0, -1, 0, -1, 0]
2026-04-16 00:43:46,693 - [MAUD-Cosine] selected 25/40 clients: [8, 9, 10, 11, 12, 13, 14, 15, 16, 17, 18, 19, 20, 21, 22, 23, 25, 27, 28, 29, 33, 34, 35, 37, 39]
2026-04-16 00:43:46,746 - Round number: 13 --------------------------
2026-04-16 00:43:46,746 - Evaluate global model
2026-04-16 00:43:51,807 - Averaged Train Loss: 1.6992
2026-04-16 00:43:51,808 - Test Accurancy: 0.3775
2026-04-16 00:44:06,222 - [MAUD-Cosine] HDBSCAN labels: [-1, -1, -1, -1, -1, -1, -1, -1, 0, 0, 0, 0, 0, 0, 0, 0, 0, 0, 0, 0, 0, 0, 0, 0, -1, 0, -1, 0, 0, 0, -1, -1, -1, 0, 0, 0, -1, 0, -1, 0]
2026-04-16 00:44:06,224 - [MAUD-Cosine] selected 25/40 clients: [8, 9, 10, 11, 12, 13, 14, 15, 16, 17, 18, 19, 20, 21, 22, 23, 25, 27, 28, 29, 33, 34, 35, 37, 39]
2026-04-16 00:44:06,263 - Round number: 14 --------------------------
2026-04-16 00:44:06,264 - Evaluate global model
2026-04-16 00:44:11,606 - Averaged Train Loss: 1.6824
2026-04-16 00:44:11,607 - Test Accurancy: 0.3838
2026-04-16 00:44:26,798 - [MAUD-Cosine] HDBSCAN labels: [-1, -1, -1, -1, -1, -1, -1, -1, 0, 0, 0, 0, 0, 0, 0, 0, 0, 0, 0, 0, 0, 0, 0, -1, -1, 0, -1, 0, 0, 0, -1, -1, -1, 0, 0, 0, -1, 0, -1, 0]
2026-04-16 00:44:26,800 - [MAUD-Cosine] selected 24/40 clients: [8, 9, 10, 11, 12, 13, 14, 15, 16, 17, 18, 19, 20, 21, 22, 25, 27, 28, 29, 33, 34, 35, 37, 39]
2026-04-16 00:44:26,849 - Round number: 15 --------------------------
2026-04-16 00:44:26,849 - Evaluate global model
2026-04-16 00:44:33,617 - Averaged Train Loss: 1.6849
2026-04-16 00:44:33,619 - Test Accurancy: 0.3819
2026-04-16 00:44:48,189 - [MAUD-Cosine] HDBSCAN labels: [-1, -1, -1, -1, -1, -1, -1, -1, 0, 0, 0, 0, 0, 0, 0, 0, 0, 0, 0, 0, 0, 0, 0, -1, -1, 0, -1, 0, 0, 0, -1, -1, -1, 0, 0, 0, -1, 0, -1, 0]
2026-04-16 00:44:48,191 - [MAUD-Cosine] selected 24/40 clients: [8, 9, 10, 11, 12, 13, 14, 15, 16, 17, 18, 19, 20, 21, 22, 25, 27, 28, 29, 33, 34, 35, 37, 39]
2026-04-16 00:44:48,240 - Round number: 16 --------------------------
2026-04-16 00:44:48,241 - Evaluate global model
2026-04-16 00:44:55,160 - Averaged Train Loss: 1.6463
2026-04-16 00:44:55,162 - Test Accurancy: 0.3973
2026-04-16 00:45:09,333 - [MAUD-Cosine] HDBSCAN labels: [-1, -1, -1, -1, -1, -1, -1, -1, 0, 0, 0, 0, 0, 0, 0, 0, 0, 0, 0, 0, 0, 0, 0, -1, -1, 0, -1, 0, 0, 0, -1, -1, -1, 0, 0, 0, -1, 0, -1, 0]
2026-04-16 00:45:09,337 - [MAUD-Cosine] selected 24/40 clients: [8, 9, 10, 11, 12, 13, 14, 15, 16, 17, 18, 19, 20, 21, 22, 25, 27, 28, 29, 33, 34, 35, 37, 39]
2026-04-16 00:45:09,402 - Round number: 17 --------------------------
2026-04-16 00:45:09,402 - Evaluate global model
2026-04-16 00:45:17,247 - Averaged Train Loss: 1.6493
2026-04-16 00:45:17,251 - Test Accurancy: 0.3937
2026-04-16 00:45:31,672 - [MAUD-Cosine] HDBSCAN labels: [-1, -1, -1, -1, -1, -1, -1, -1, 0, 0, 0, 0, 0, 0, 0, 0, 0, 0, 0, 0, 0, 0, 0, -1, -1, 0, -1, 0, 0, 0, -1, -1, -1, 0, 0, 0, -1, 0, -1, 0]
2026-04-16 00:45:31,675 - [MAUD-Cosine] selected 24/40 clients: [8, 9, 10, 11, 12, 13, 14, 15, 16, 17, 18, 19, 20, 21, 22, 25, 27, 28, 29, 33, 34, 35, 37, 39]
2026-04-16 00:45:31,736 - Round number: 18 --------------------------
2026-04-16 00:45:31,737 - Evaluate global model
2026-04-16 00:45:37,417 - Averaged Train Loss: 1.6232
2026-04-16 00:45:37,417 - Test Accurancy: 0.4021
2026-04-16 00:45:50,650 - [MAUD-Cosine] HDBSCAN labels: [-1, -1, -1, -1, -1, -1, -1, -1, 0, 0, 0, 0, 0, 0, 0, 0, 0, 0, 0, 0, 0, 0, 0, -1, -1, 0, 0, 0, 0, 0, 0, 0, 0, 0, 0, 0, 0, 0, 0, 0]
2026-04-16 00:45:50,652 - [MAUD-Cosine] selected 30/40 clients: [8, 9, 10, 11, 12, 13, 14, 15, 16, 17, 18, 19, 20, 21, 22, 25, 26, 27, 28, 29, 30, 31, 32, 33, 34, 35, 36, 37, 38, 39]
2026-04-16 00:45:50,703 - Round number: 19 --------------------------
2026-04-16 00:45:50,704 - Evaluate global model
2026-04-16 00:45:55,885 - Averaged Train Loss: 1.5732
2026-04-16 00:45:55,886 - Test Accurancy: 0.4176
2026-04-16 00:46:08,986 - [MAUD-Cosine] HDBSCAN labels: [-1, -1, -1, -1, -1, -1, -1, -1, 0, 0, 0, -1, 0, 0, 0, -1, 0, -1, 0, -1, 0, 0, 0, 0, -1, 0, 0, 0, -1, 0, 0, 0, 0, 0, -1, -1, 0, -1, 0, 0]
2026-04-16 00:46:08,989 - [MAUD-Cosine] selected 23/40 clients: [8, 9, 10, 12, 13, 14, 16, 18, 20, 21, 22, 23, 25, 26, 27, 29, 30, 31, 32, 33, 36, 38, 39]
2026-04-16 00:46:09,045 - Round number: 20 --------------------------
2026-04-16 00:46:09,045 - Evaluate global model
2026-04-16 00:46:15,651 - Averaged Train Loss: 1.5289
2026-04-16 00:46:15,651 - Test Accurancy: 0.4368
2026-04-16 00:46:27,712 - [MAUD-Cosine] HDBSCAN labels: [-1, -1, -1, -1, -1, -1, -1, -1, 0, -1, 0, 0, -1, 0, 0, 0, 0, 0, 0, 0, 0, -1, 0, -1, -1, 0, 0, 0, 0, 0, -1, -1, -1, -1, 0, 0, -1, 0, 0, 0]
2026-04-16 00:46:27,714 - [MAUD-Cosine] selected 22/40 clients: [8, 10, 11, 13, 14, 15, 16, 17, 18, 19, 20, 22, 25, 26, 27, 28, 29, 34, 35, 37, 38, 39]
2026-04-16 00:46:27,779 - Round number: 21 --------------------------
2026-04-16 00:46:27,780 - Evaluate global model
2026-04-16 00:46:34,302 - Averaged Train Loss: 1.5421
2026-04-16 00:46:34,305 - Test Accurancy: 0.4329
2026-04-16 00:46:45,925 - [MAUD-Cosine] HDBSCAN labels: [-1, -1, -1, -1, -1, -1, -1, -1, 0, 0, 0, 0, 0, 0, 0, 0, 0, 0, 0, 0, 0, 0, 0, -1, 0, 0, 0, 0, 0, 0, 0, 0, 0, 0, 0, 0, 0, 0, 0, 0]
2026-04-16 00:46:45,926 - [MAUD-Cosine] selected 31/40 clients: [8, 9, 10, 11, 12, 13, 14, 15, 16, 17, 18, 19, 20, 21, 22, 24, 25, 26, 27, 28, 29, 30, 31, 32, 33, 34, 35, 36, 37, 38, 39]
2026-04-16 00:46:45,974 - Round number: 22 --------------------------
2026-04-16 00:46:45,974 - Evaluate global model
2026-04-16 00:46:52,301 - Averaged Train Loss: 1.5167
2026-04-16 00:46:52,302 - Test Accurancy: 0.4401
2026-04-16 00:47:03,838 - [MAUD-Cosine] HDBSCAN labels: [-1, -1, -1, -1, -1, -1, -1, -1, 0, 0, 0, 0, 0, 0, 0, 0, 0, 0, 0, 0, 0, 0, 0, -1, 0, 0, 0, 0, 0, 0, 0, 0, 0, 0, 0, 0, 0, 0, 0, 0]
2026-04-16 00:47:03,839 - [MAUD-Cosine] selected 31/40 clients: [8, 9, 10, 11, 12, 13, 14, 15, 16, 17, 18, 19, 20, 21, 22, 24, 25, 26, 27, 28, 29, 30, 31, 32, 33, 34, 35, 36, 37, 38, 39]
2026-04-16 00:47:03,914 - Round number: 23 --------------------------
2026-04-16 00:47:03,914 - Evaluate global model
2026-04-16 00:47:09,492 - Averaged Train Loss: 1.5089
2026-04-16 00:47:09,493 - Test Accurancy: 0.4400
2026-04-16 00:47:20,097 - [MAUD-Cosine] HDBSCAN labels: [-1, -1, -1, -1, -1, -1, -1, -1, 0, 0, 0, 0, 0, 0, 0, 0, 0, 0, 0, 0, 0, 0, 0, 0, 0, 0, 0, 0, 0, 0, 0, 0, 0, 0, 0, 0, 0, 0, 0, 0]
2026-04-16 00:47:20,098 - [MAUD-Cosine] selected 32/40 clients: [8, 9, 10, 11, 12, 13, 14, 15, 16, 17, 18, 19, 20, 21, 22, 23, 24, 25, 26, 27, 28, 29, 30, 31, 32, 33, 34, 35, 36, 37, 38, 39]
2026-04-16 00:47:20,169 - Round number: 24 --------------------------
2026-04-16 00:47:20,169 - Evaluate global model
2026-04-16 00:47:26,066 - Averaged Train Loss: 1.4777
2026-04-16 00:47:26,066 - Test Accurancy: 0.4568
2026-04-16 00:47:37,242 - [MAUD-Cosine] HDBSCAN labels: [-1, -1, -1, -1, -1, -1, -1, -1, 0, 0, 0, 0, 0, 0, 0, 0, -1, 0, -1, 0, 0, 0, -1, -1, 0, 0, -1, 0, 0, 0, 0, 0, 0, 0, 0, 0, 0, 0, -1, 0]
2026-04-16 00:47:37,245 - [MAUD-Cosine] selected 26/40 clients: [8, 9, 10, 11, 12, 13, 14, 15, 17, 19, 20, 21, 24, 25, 27, 28, 29, 30, 31, 32, 33, 34, 35, 36, 37, 39]
2026-04-16 00:47:37,306 - Round number: 25 --------------------------
2026-04-16 00:47:37,307 - Evaluate global model
2026-04-16 00:47:43,661 - Averaged Train Loss: 1.5434
2026-04-16 00:47:43,662 - Test Accurancy: 0.4226
2026-04-16 00:47:54,588 - [MAUD-Cosine] HDBSCAN labels: [-1, -1, -1, -1, -1, -1, -1, -1, 0, -1, 0, 0, -1, 0, 0, 0, 0, 0, 0, 0, 0, -1, 0, 0, 0, 0, -1, 0, 0, 0, -1, -1, -1, -1, 0, 0, -1, 0, -1, 0]
2026-04-16 00:47:54,589 - [MAUD-Cosine] selected 22/40 clients: [8, 10, 11, 13, 14, 15, 16, 17, 18, 19, 20, 22, 23, 24, 25, 27, 28, 29, 34, 35, 37, 39]
2026-04-16 00:47:54,636 - Round number: 26 --------------------------
2026-04-16 00:47:54,636 - Evaluate global model
2026-04-16 00:48:01,441 - Averaged Train Loss: 1.4873
2026-04-16 00:48:01,444 - Test Accurancy: 0.4496
2026-04-16 00:48:13,256 - [MAUD-Cosine] HDBSCAN labels: [-1, -1, -1, -1, -1, -1, -1, -1, 0, -1, 0, 0, -1, 0, 0, 0, 0, 0, 0, 0, 0, -1, 0, 0, 0, 0, -1, 0, 0, 0, -1, -1, -1, -1, 0, 0, -1, 0, -1, 0]
2026-04-16 00:48:13,256 - [MAUD-Cosine] selected 22/40 clients: [8, 10, 11, 13, 14, 15, 16, 17, 18, 19, 20, 22, 23, 24, 25, 27, 28, 29, 34, 35, 37, 39]
2026-04-16 00:48:13,311 - Round number: 27 --------------------------
2026-04-16 00:48:13,312 - Evaluate global model
2026-04-16 00:48:20,497 - Averaged Train Loss: 1.4612
2026-04-16 00:48:20,500 - Test Accurancy: 0.4598
2026-04-16 00:48:30,945 - [MAUD-Cosine] HDBSCAN labels: [-1, -1, -1, -1, -1, -1, -1, -1, 0, 0, 0, 0, 0, 0, 0, 0, -1, 0, -1, 0, 0, 0, -1, -1, 0, 0, -1, 0, 0, 0, 0, 0, 0, 0, 0, 0, 0, 0, -1, 0]
2026-04-16 00:48:30,946 - [MAUD-Cosine] selected 26/40 clients: [8, 9, 10, 11, 12, 13, 14, 15, 17, 19, 20, 21, 24, 25, 27, 28, 29, 30, 31, 32, 33, 34, 35, 36, 37, 39]
2026-04-16 00:48:30,997 - Round number: 28 --------------------------
2026-04-16 00:48:30,997 - Evaluate global model
2026-04-16 00:48:36,135 - Averaged Train Loss: 1.4756
2026-04-16 00:48:36,136 - Test Accurancy: 0.4478
2026-04-16 00:48:48,519 - [MAUD-Cosine] HDBSCAN labels: [-1, -1, -1, -1, -1, -1, -1, -1, 0, 0, 0, 0, 0, 0, 0, 0, -1, 0, -1, 0, 0, 0, -1, -1, 0, 0, -1, 0, 0, 0, 0, 0, 0, 0, 0, 0, 0, 0, -1, 0]
2026-04-16 00:48:48,520 - [MAUD-Cosine] selected 26/40 clients: [8, 9, 10, 11, 12, 13, 14, 15, 17, 19, 20, 21, 24, 25, 27, 28, 29, 30, 31, 32, 33, 34, 35, 36, 37, 39]
2026-04-16 00:48:48,582 - Round number: 29 --------------------------
2026-04-16 00:48:48,582 - Evaluate global model
2026-04-16 00:48:53,898 - Averaged Train Loss: 1.4871
2026-04-16 00:48:53,898 - Test Accurancy: 0.4427
2026-04-16 00:49:05,003 - [MAUD-Cosine] HDBSCAN labels: [-1, -1, -1, -1, -1, -1, -1, -1, 0, 0, 0, 0, 0, 0, 0, 0, -1, 0, -1, 0, 0, 0, -1, -1, 0, 0, -1, 0, 0, 0, 0, 0, 0, 0, 0, 0, 0, 0, -1, 0]
2026-04-16 00:49:05,003 - [MAUD-Cosine] selected 26/40 clients: [8, 9, 10, 11, 12, 13, 14, 15, 17, 19, 20, 21, 24, 25, 27, 28, 29, 30, 31, 32, 33, 34, 35, 36, 37, 39]
2026-04-16 00:49:05,055 - Round number: 30 --------------------------
2026-04-16 00:49:05,055 - Evaluate global model
2026-04-16 00:49:10,995 - Averaged Train Loss: 1.4639
2026-04-16 00:49:10,996 - Test Accurancy: 0.4535
2026-04-16 00:49:21,562 - [MAUD-Cosine] HDBSCAN labels: [-1, -1, -1, -1, -1, -1, -1, -1, 0, 0, 0, 0, 0, 0, 0, 0, 0, 0, 0, 0, 0, 0, 0, 0, 0, 0, -1, 0, 0, 0, 0, 0, 0, 0, 0, 0, 0, 0, -1, 0]
2026-04-16 00:49:21,563 - [MAUD-Cosine] selected 30/40 clients: [8, 9, 10, 11, 12, 13, 14, 15, 16, 17, 18, 19, 20, 21, 22, 23, 24, 25, 27, 28, 29, 30, 31, 32, 33, 34, 35, 36, 37, 39]
2026-04-16 00:49:21,628 - Round number: 31 --------------------------
2026-04-16 00:49:21,629 - Evaluate global model
2026-04-16 00:49:27,941 - Averaged Train Loss: 1.3956
2026-04-16 00:49:27,945 - Test Accurancy: 0.4897
2026-04-16 00:49:42,474 - [MAUD-Cosine] HDBSCAN labels: [-1, -1, -1, -1, -1, -1, -1, -1, 0, 0, 0, 0, 0, 0, 0, 0, 0, 0, 0, 0, 0, 0, 0, 0, 0, 0, -1, 0, 0, 0, 0, 0, 0, 0, 0, 0, 0, 0, -1, 0]
2026-04-16 00:49:42,477 - [MAUD-Cosine] selected 30/40 clients: [8, 9, 10, 11, 12, 13, 14, 15, 16, 17, 18, 19, 20, 21, 22, 23, 24, 25, 27, 28, 29, 30, 31, 32, 33, 34, 35, 36, 37, 39]
2026-04-16 00:49:42,528 - Round number: 32 --------------------------
2026-04-16 00:49:42,529 - Evaluate global model
2026-04-16 00:49:49,658 - Averaged Train Loss: 1.3832
2026-04-16 00:49:49,659 - Test Accurancy: 0.4918
2026-04-16 00:50:00,685 - [MAUD-Cosine] HDBSCAN labels: [-1, -1, -1, -1, -1, -1, -1, -1, 0, 0, 0, 0, 0, 0, 0, 0, 0, 0, 0, 0, 0, 0, 0, 0, 0, 0, -1, 0, 0, 0, 0, 0, 0, 0, 0, 0, 0, 0, -1, 0]
2026-04-16 00:50:00,687 - [MAUD-Cosine] selected 30/40 clients: [8, 9, 10, 11, 12, 13, 14, 15, 16, 17, 18, 19, 20, 21, 22, 23, 24, 25, 27, 28, 29, 30, 31, 32, 33, 34, 35, 36, 37, 39]
2026-04-16 00:50:00,737 - Round number: 33 --------------------------
2026-04-16 00:50:00,737 - Evaluate global model
2026-04-16 00:50:07,001 - Averaged Train Loss: 1.3705
2026-04-16 00:50:07,002 - Test Accurancy: 0.4969
2026-04-16 00:50:18,800 - [MAUD-Cosine] HDBSCAN labels: [-1, -1, -1, -1, -1, -1, -1, -1, 0, 0, 0, 0, 0, 0, 0, 0, 0, 0, 0, 0, 0, 0, 0, 0, 0, 0, -1, 0, 0, 0, 0, 0, 0, 0, 0, 0, 0, 0, -1, 0]
2026-04-16 00:50:18,801 - [MAUD-Cosine] selected 30/40 clients: [8, 9, 10, 11, 12, 13, 14, 15, 16, 17, 18, 19, 20, 21, 22, 23, 24, 25, 27, 28, 29, 30, 31, 32, 33, 34, 35, 36, 37, 39]
2026-04-16 00:50:18,858 - Round number: 34 --------------------------
2026-04-16 00:50:18,859 - Evaluate global model
2026-04-16 00:50:24,894 - Averaged Train Loss: 1.3641
2026-04-16 00:50:24,894 - Test Accurancy: 0.5030
2026-04-16 00:50:36,475 - [MAUD-Cosine] HDBSCAN labels: [-1, -1, -1, -1, -1, -1, -1, -1, 0, 0, 0, 0, 0, 0, 0, 0, 0, 0, 0, 0, 0, 0, 0, 0, 0, 0, -1, 0, 0, 0, 0, 0, 0, 0, 0, 0, 0, 0, -1, 0]
2026-04-16 00:50:36,478 - [MAUD-Cosine] selected 30/40 clients: [8, 9, 10, 11, 12, 13, 14, 15, 16, 17, 18, 19, 20, 21, 22, 23, 24, 25, 27, 28, 29, 30, 31, 32, 33, 34, 35, 36, 37, 39]
2026-04-16 00:50:36,540 - Round number: 35 --------------------------
2026-04-16 00:50:36,541 - Evaluate global model
2026-04-16 00:50:43,187 - Averaged Train Loss: 1.3451
2026-04-16 00:50:43,188 - Test Accurancy: 0.5060
2026-04-16 00:50:53,840 - [MAUD-Cosine] HDBSCAN labels: [-1, -1, -1, -1, -1, -1, -1, -1, 0, 0, 0, 0, 0, 0, 0, 0, 0, 0, 0, 0, 0, 0, 0, 0, 0, 0, -1, 0, 0, 0, 0, 0, 0, 0, 0, 0, -1, 0, -1, 0]
2026-04-16 00:50:53,842 - [MAUD-Cosine] selected 29/40 clients: [8, 9, 10, 11, 12, 13, 14, 15, 16, 17, 18, 19, 20, 21, 22, 23, 24, 25, 27, 28, 29, 30, 31, 32, 33, 34, 35, 37, 39]
2026-04-16 00:50:53,898 - Round number: 36 --------------------------
2026-04-16 00:50:53,899 - Evaluate global model
2026-04-16 00:51:00,098 - Averaged Train Loss: 1.3384
2026-04-16 00:51:00,100 - Test Accurancy: 0.5081
2026-04-16 00:51:11,219 - [MAUD-Cosine] HDBSCAN labels: [-1, -1, -1, -1, -1, -1, -1, -1, 0, 0, 0, 0, 0, 0, 0, 0, 0, 0, 0, 0, 0, 0, 0, 0, 0, 0, -1, 0, 0, 0, 0, -1, 0, 0, 0, 0, -1, 0, -1, 0]
2026-04-16 00:51:11,219 - [MAUD-Cosine] selected 28/40 clients: [8, 9, 10, 11, 12, 13, 14, 15, 16, 17, 18, 19, 20, 21, 22, 23, 24, 25, 27, 28, 29, 30, 32, 33, 34, 35, 37, 39]
2026-04-16 00:51:11,275 - Round number: 37 --------------------------
2026-04-16 00:51:11,275 - Evaluate global model
2026-04-16 00:51:17,345 - Averaged Train Loss: 1.3180
2026-04-16 00:51:17,345 - Test Accurancy: 0.5147
2026-04-16 00:51:28,171 - [MAUD-Cosine] HDBSCAN labels: [-1, -1, -1, -1, -1, -1, -1, -1, 0, -1, 0, 0, -1, 0, 0, 0, 0, 0, 0, 0, 0, -1, 0, 0, 0, 0, -1, 0, 0, 0, -1, -1, -1, -1, 0, 0, -1, 0, -1, 0]
2026-04-16 00:51:28,176 - [MAUD-Cosine] selected 22/40 clients: [8, 10, 11, 13, 14, 15, 16, 17, 18, 19, 20, 22, 23, 24, 25, 27, 28, 29, 34, 35, 37, 39]
2026-04-16 00:51:28,244 - Round number: 38 --------------------------
2026-04-16 00:51:28,245 - Evaluate global model
2026-04-16 00:51:34,895 - Averaged Train Loss: 1.3218
2026-04-16 00:51:34,896 - Test Accurancy: 0.5152
2026-04-16 00:51:46,492 - [MAUD-Cosine] HDBSCAN labels: [-1, -1, -1, -1, -1, -1, -1, -1, 0, -1, 0, 0, -1, 0, 0, 0, 0, 0, 0, 0, 0, -1, 0, -1, 0, 0, -1, 0, 0, 0, -1, -1, -1, -1, 0, 0, -1, 0, -1, 0]
2026-04-16 00:51:46,495 - [MAUD-Cosine] selected 21/40 clients: [8, 10, 11, 13, 14, 15, 16, 17, 18, 19, 20, 22, 24, 25, 27, 28, 29, 34, 35, 37, 39]
2026-04-16 00:51:46,556 - Round number: 39 --------------------------
2026-04-16 00:51:46,556 - Evaluate global model
2026-04-16 00:51:52,282 - Averaged Train Loss: 1.3486
2026-04-16 00:51:52,283 - Test Accurancy: 0.5059
2026-04-16 00:52:03,008 - [MAUD-Cosine] HDBSCAN labels: [-1, -1, -1, -1, -1, -1, -1, -1, 0, -1, 0, 0, -1, 0, 0, 0, 0, 0, 0, 0, 0, -1, 0, -1, 0, 0, -1, 0, 0, 0, -1, -1, -1, -1, 0, 0, -1, 0, -1, 0]
2026-04-16 00:52:03,009 - [MAUD-Cosine] selected 21/40 clients: [8, 10, 11, 13, 14, 15, 16, 17, 18, 19, 20, 22, 24, 25, 27, 28, 29, 34, 35, 37, 39]
2026-04-16 00:52:03,059 - Round number: 40 --------------------------
2026-04-16 00:52:03,060 - Evaluate global model
2026-04-16 00:52:08,534 - Averaged Train Loss: 1.3428
2026-04-16 00:52:08,534 - Test Accurancy: 0.5084
2026-04-16 00:52:17,731 - [MAUD-Cosine] HDBSCAN labels: [-1, -1, -1, -1, -1, -1, -1, -1, 0, 0, 0, 0, 0, 0, 0, 0, 0, 0, 0, 0, 0, 0, -1, -1, 0, 0, -1, 0, 0, 0, 0, -1, 0, 0, 0, 0, -1, 0, -1, 0]
2026-04-16 00:52:17,733 - [MAUD-Cosine] selected 26/40 clients: [8, 9, 10, 11, 12, 13, 14, 15, 16, 17, 18, 19, 20, 21, 24, 25, 27, 28, 29, 30, 32, 33, 34, 35, 37, 39]
2026-04-16 00:52:17,800 - Round number: 41 --------------------------
2026-04-16 00:52:17,801 - Evaluate global model
2026-04-16 00:52:23,159 - Averaged Train Loss: 1.3072
2026-04-16 00:52:23,160 - Test Accurancy: 0.5172
2026-04-16 00:52:32,515 - [MAUD-Cosine] HDBSCAN labels: [-1, -1, -1, -1, -1, -1, -1, -1, 0, 0, 0, 0, 0, 0, 0, 0, 0, 0, 0, 0, 0, 0, -1, -1, 0, 0, -1, 0, 0, 0, 0, 0, 0, 0, 0, 0, -1, 0, -1, 0]
2026-04-16 00:52:32,516 - [MAUD-Cosine] selected 27/40 clients: [8, 9, 10, 11, 12, 13, 14, 15, 16, 17, 18, 19, 20, 21, 24, 25, 27, 28, 29, 30, 31, 32, 33, 34, 35, 37, 39]
2026-04-16 00:52:32,553 - Round number: 42 --------------------------
2026-04-16 00:52:32,553 - Evaluate global model
2026-04-16 00:52:37,650 - Averaged Train Loss: 1.2839
2026-04-16 00:52:37,651 - Test Accurancy: 0.5270
2026-04-16 00:52:46,966 - [MAUD-Cosine] HDBSCAN labels: [-1, -1, -1, -1, -1, -1, -1, -1, 0, 0, 0, 0, 0, 0, 0, 0, -1, 0, -1, 0, 0, 0, 0, -1, 0, 0, -1, 0, 0, 0, 0, 0, 0, 0, 0, 0, -1, 0, -1, 0]
2026-04-16 00:52:46,967 - [MAUD-Cosine] selected 26/40 clients: [8, 9, 10, 11, 12, 13, 14, 15, 17, 19, 20, 21, 22, 24, 25, 27, 28, 29, 30, 31, 32, 33, 34, 35, 37, 39]
2026-04-16 00:52:47,004 - Round number: 43 --------------------------
2026-04-16 00:52:47,005 - Evaluate global model
2026-04-16 00:52:52,676 - Averaged Train Loss: 1.3056
2026-04-16 00:52:52,678 - Test Accurancy: 0.5155
2026-04-16 00:53:02,249 - [MAUD-Cosine] HDBSCAN labels: [-1, -1, -1, -1, -1, -1, -1, -1, 0, 0, 0, 0, 0, 0, 0, 0, 0, 0, 0, 0, 0, 0, 0, -1, 0, 0, -1, 0, 0, 0, 0, 0, 0, 0, 0, 0, -1, 0, -1, 0]
2026-04-16 00:53:02,250 - [MAUD-Cosine] selected 28/40 clients: [8, 9, 10, 11, 12, 13, 14, 15, 16, 17, 18, 19, 20, 21, 22, 24, 25, 27, 28, 29, 30, 31, 32, 33, 34, 35, 37, 39]
2026-04-16 00:53:02,292 - Round number: 44 --------------------------
2026-04-16 00:53:02,293 - Evaluate global model
2026-04-16 00:53:07,447 - Averaged Train Loss: 1.2562
2026-04-16 00:53:07,447 - Test Accurancy: 0.5369
2026-04-16 00:53:19,662 - [MAUD-Cosine] HDBSCAN labels: [-1, -1, -1, -1, -1, -1, -1, -1, 0, 0, 0, 0, 0, 0, 0, 0, 0, 0, 0, 0, 0, 0, 0, -1, 0, 0, -1, 0, 0, 0, 0, 0, 0, 0, 0, 0, -1, 0, -1, 0]
2026-04-16 00:53:19,664 - [MAUD-Cosine] selected 28/40 clients: [8, 9, 10, 11, 12, 13, 14, 15, 16, 17, 18, 19, 20, 21, 22, 24, 25, 27, 28, 29, 30, 31, 32, 33, 34, 35, 37, 39]
2026-04-16 00:53:19,735 - Round number: 45 --------------------------
2026-04-16 00:53:19,735 - Evaluate global model
2026-04-16 00:53:25,955 - Averaged Train Loss: 1.2425
2026-04-16 00:53:25,956 - Test Accurancy: 0.5427
2026-04-16 00:53:39,343 - [MAUD-Cosine] HDBSCAN labels: [-1, -1, -1, -1, -1, -1, -1, -1, 0, 0, 0, 0, 0, 0, 0, 0, 0, 0, 0, 0, 0, 0, 0, -1, 0, 0, 0, 0, 0, 0, 0, 0, 0, 0, 0, 0, -1, 0, 0, 0]
2026-04-16 00:53:39,345 - [MAUD-Cosine] selected 30/40 clients: [8, 9, 10, 11, 12, 13, 14, 15, 16, 17, 18, 19, 20, 21, 22, 24, 25, 26, 27, 28, 29, 30, 31, 32, 33, 34, 35, 37, 38, 39]
2026-04-16 00:53:39,397 - Round number: 46 --------------------------
2026-04-16 00:53:39,397 - Evaluate global model
2026-04-16 00:53:46,127 - Averaged Train Loss: 1.2363
2026-04-16 00:53:46,129 - Test Accurancy: 0.5433
2026-04-16 00:54:00,108 - [MAUD-Cosine] HDBSCAN labels: [-1, -1, -1, -1, -1, -1, -1, -1, 0, -1, 0, 0, -1, 0, 0, 0, 0, 0, 0, 0, 0, -1, 0, -1, 0, 0, -1, 0, 0, 0, -1, -1, -1, -1, 0, 0, -1, 0, -1, 0]
2026-04-16 00:54:00,110 - [MAUD-Cosine] selected 21/40 clients: [8, 10, 11, 13, 14, 15, 16, 17, 18, 19, 20, 22, 24, 25, 27, 28, 29, 34, 35, 37, 39]
2026-04-16 00:54:00,157 - Round number: 47 --------------------------
2026-04-16 00:54:00,158 - Evaluate global model
2026-04-16 00:54:07,956 - Averaged Train Loss: 1.2558
2026-04-16 00:54:07,959 - Test Accurancy: 0.5383
2026-04-16 00:54:20,299 - [MAUD-Cosine] HDBSCAN labels: [-1, -1, -1, -1, -1, -1, -1, -1, 0, 0, 0, 0, 0, 0, 0, 0, 0, 0, 0, 0, 0, 0, 0, -1, 0, 0, -1, 0, 0, 0, 0, 0, 0, 0, 0, 0, -1, 0, -1, 0]
2026-04-16 00:54:20,301 - [MAUD-Cosine] selected 28/40 clients: [8, 9, 10, 11, 12, 13, 14, 15, 16, 17, 18, 19, 20, 21, 22, 24, 25, 27, 28, 29, 30, 31, 32, 33, 34, 35, 37, 39]
2026-04-16 00:54:20,353 - Round number: 48 --------------------------
2026-04-16 00:54:20,354 - Evaluate global model
2026-04-16 00:54:28,112 - Averaged Train Loss: 1.2199
2026-04-16 00:54:28,114 - Test Accurancy: 0.5463
2026-04-16 00:54:42,103 - [MAUD-Cosine] HDBSCAN labels: [-1, -1, -1, -1, -1, -1, -1, -1, 0, 0, 0, 0, 0, 0, 0, 0, 0, 0, 0, 0, 0, 0, 0, -1, 0, 0, -1, 0, 0, 0, 0, 0, 0, 0, 0, 0, -1, 0, -1, 0]
2026-04-16 00:54:42,106 - [MAUD-Cosine] selected 28/40 clients: [8, 9, 10, 11, 12, 13, 14, 15, 16, 17, 18, 19, 20, 21, 22, 24, 25, 27, 28, 29, 30, 31, 32, 33, 34, 35, 37, 39]
2026-04-16 00:54:42,169 - Round number: 49 --------------------------
2026-04-16 00:54:42,169 - Evaluate global model
2026-04-16 00:54:48,754 - Averaged Train Loss: 1.2137
2026-04-16 00:54:48,755 - Test Accurancy: 0.5485
2026-04-16 00:55:04,455 - [MAUD-Cosine] HDBSCAN labels: [-1, -1, -1, -1, -1, -1, -1, -1, 0, 0, 0, -1, 0, 0, 0, -1, 0, 0, 0, 0, 0, 0, 0, -1, -1, 0, -1, 0, 0, 0, 0, 0, 0, 0, -1, 0, -1, 0, -1, 0]
2026-04-16 00:55:04,458 - [MAUD-Cosine] selected 24/40 clients: [8, 9, 10, 12, 13, 14, 16, 17, 18, 19, 20, 21, 22, 25, 27, 28, 29, 30, 31, 32, 33, 35, 37, 39]
2026-04-16 00:55:04,500 - Round number: 50 --------------------------
2026-04-16 00:55:04,500 - Evaluate global model
2026-04-16 00:55:10,650 - Averaged Train Loss: 1.1932
2026-04-16 00:55:10,651 - Test Accurancy: 0.5582
2026-04-16 00:55:25,063 - [MAUD-Cosine] HDBSCAN labels: [-1, -1, -1, -1, -1, -1, -1, -1, 0, -1, 0, 0, -1, 0, 0, 0, 0, 0, 0, 0, 0, -1, 0, -1, 0, 0, -1, 0, 0, 0, -1, -1, -1, -1, 0, 0, -1, 0, -1, 0]
2026-04-16 00:55:25,065 - [MAUD-Cosine] selected 21/40 clients: [8, 10, 11, 13, 14, 15, 16, 17, 18, 19, 20, 22, 24, 25, 27, 28, 29, 34, 35, 37, 39]
2026-04-16 00:55:25,131 - Round number: 51 --------------------------
2026-04-16 00:55:25,132 - Evaluate global model
2026-04-16 00:55:31,734 - Averaged Train Loss: 1.2260
2026-04-16 00:55:31,735 - Test Accurancy: 0.5497
2026-04-16 00:55:46,163 - [MAUD-Cosine] HDBSCAN labels: [-1, -1, -1, -1, -1, -1, -1, -1, 0, 0, 0, -1, 0, 0, 0, -1, 0, 0, 0, 0, 0, 0, 0, -1, -1, 0, -1, 0, 0, 0, 0, 0, 0, 0, -1, 0, -1, 0, -1, 0]
2026-04-16 00:55:46,164 - [MAUD-Cosine] selected 24/40 clients: [8, 9, 10, 12, 13, 14, 16, 17, 18, 19, 20, 21, 22, 25, 27, 28, 29, 30, 31, 32, 33, 35, 37, 39]
2026-04-16 00:55:46,222 - Round number: 52 --------------------------
2026-04-16 00:55:46,223 - Evaluate global model
2026-04-16 00:55:53,175 - Averaged Train Loss: 1.1743
2026-04-16 00:55:53,176 - Test Accurancy: 0.5644
2026-04-16 00:56:08,449 - [MAUD-Cosine] HDBSCAN labels: [-1, -1, -1, -1, -1, -1, -1, -1, 0, 0, 0, 0, 0, 0, 0, 0, 0, 0, 0, 0, 0, 0, 0, -1, 0, 0, 0, 0, 0, 0, 0, 0, 0, 0, 0, 0, -1, 0, 0, 0]
2026-04-16 00:56:08,449 - [MAUD-Cosine] selected 30/40 clients: [8, 9, 10, 11, 12, 13, 14, 15, 16, 17, 18, 19, 20, 21, 22, 24, 25, 26, 27, 28, 29, 30, 31, 32, 33, 34, 35, 37, 38, 39]
2026-04-16 00:56:08,533 - Round number: 53 --------------------------
2026-04-16 00:56:08,534 - Evaluate global model
2026-04-16 00:56:15,851 - Averaged Train Loss: 1.1738
2026-04-16 00:56:15,853 - Test Accurancy: 0.5618
2026-04-16 00:56:29,469 - [MAUD-Cosine] HDBSCAN labels: [-1, -1, -1, -1, -1, -1, -1, -1, 0, 0, 0, 0, 0, 0, 0, 0, 0, 0, 0, 0, 0, 0, 0, -1, 0, 0, 0, 0, 0, 0, 0, 0, 0, 0, 0, 0, 0, 0, 0, 0]
2026-04-16 00:56:29,471 - [MAUD-Cosine] selected 31/40 clients: [8, 9, 10, 11, 12, 13, 14, 15, 16, 17, 18, 19, 20, 21, 22, 24, 25, 26, 27, 28, 29, 30, 31, 32, 33, 34, 35, 36, 37, 38, 39]
2026-04-16 00:56:29,570 - Round number: 54 --------------------------
2026-04-16 00:56:29,570 - Evaluate global model
2026-04-16 00:56:36,850 - Averaged Train Loss: 1.1492
2026-04-16 00:56:36,854 - Test Accurancy: 0.5672
2026-04-16 00:56:49,710 - [MAUD-Cosine] HDBSCAN labels: [-1, -1, -1, -1, -1, -1, -1, -1, 0, -1, 0, 0, -1, 0, 0, 0, 0, 0, 0, 0, 0, -1, 0, -1, 0, 0, -1, 0, 0, 0, -1, -1, -1, -1, 0, 0, -1, 0, -1, 0]
2026-04-16 00:56:49,712 - [MAUD-Cosine] selected 21/40 clients: [8, 10, 11, 13, 14, 15, 16, 17, 18, 19, 20, 22, 24, 25, 27, 28, 29, 34, 35, 37, 39]
2026-04-16 00:56:49,752 - Round number: 55 --------------------------
2026-04-16 00:56:49,752 - Evaluate global model
2026-04-16 00:56:57,586 - Averaged Train Loss: 1.1843
2026-04-16 00:56:57,591 - Test Accurancy: 0.5613
2026-04-16 00:57:13,858 - [MAUD-Cosine] HDBSCAN labels: [-1, -1, -1, -1, -1, -1, -1, -1, 0, 0, 0, 0, 0, 0, -1, 0, -1, 0, -1, 0, -1, 0, -1, 0, 0, -1, 0, 0, 0, 0, 0, 0, 0, 0, 0, 0, 0, 0, 0, 0]
2026-04-16 00:57:13,860 - [MAUD-Cosine] selected 26/40 clients: [8, 9, 10, 11, 12, 13, 15, 17, 19, 21, 23, 24, 26, 27, 28, 29, 30, 31, 32, 33, 34, 35, 36, 37, 38, 39]
2026-04-16 00:57:13,908 - Round number: 56 --------------------------
2026-04-16 00:57:13,908 - Evaluate global model
2026-04-16 00:57:20,335 - Averaged Train Loss: 1.1753
2026-04-16 00:57:20,337 - Test Accurancy: 0.5540
2026-04-16 00:57:34,942 - [MAUD-Cosine] HDBSCAN labels: [-1, -1, -1, -1, -1, -1, -1, -1, 0, 0, 0, 0, 0, 0, 0, 0, 0, 0, 0, 0, 0, 0, 0, -1, 0, 0, -1, 0, 0, 0, 0, 0, 0, 0, 0, 0, 0, 0, -1, 0]
2026-04-16 00:57:34,943 - [MAUD-Cosine] selected 29/40 clients: [8, 9, 10, 11, 12, 13, 14, 15, 16, 17, 18, 19, 20, 21, 22, 24, 25, 27, 28, 29, 30, 31, 32, 33, 34, 35, 36, 37, 39]
2026-04-16 00:57:34,983 - Round number: 57 --------------------------
2026-04-16 00:57:34,983 - Evaluate global model
2026-04-16 00:57:41,082 - Averaged Train Loss: 1.1389
2026-04-16 00:57:41,082 - Test Accurancy: 0.5714
2026-04-16 00:57:54,862 - [MAUD-Cosine] HDBSCAN labels: [-1, -1, -1, -1, -1, -1, -1, -1, 0, 0, 0, -1, 0, 0, 0, -1, 0, 0, 0, 0, 0, 0, 0, -1, -1, 0, -1, 0, 0, 0, 0, 0, 0, 0, -1, 0, 0, 0, -1, 0]
2026-04-16 00:57:54,863 - [MAUD-Cosine] selected 25/40 clients: [8, 9, 10, 12, 13, 14, 16, 17, 18, 19, 20, 21, 22, 25, 27, 28, 29, 30, 31, 32, 33, 35, 36, 37, 39]
2026-04-16 00:57:54,912 - Round number: 58 --------------------------
2026-04-16 00:57:54,912 - Evaluate global model
2026-04-16 00:58:02,076 - Averaged Train Loss: 1.1261
2026-04-16 00:58:02,078 - Test Accurancy: 0.5733
2026-04-16 00:58:16,443 - [MAUD-Cosine] HDBSCAN labels: [-1, -1, -1, -1, -1, -1, -1, -1, 0, 0, 0, 0, 0, 0, 0, 0, 0, 0, 0, 0, 0, 0, 0, -1, 0, 0, -1, 0, 0, 0, 0, 0, 0, 0, 0, 0, 0, 0, -1, 0]
2026-04-16 00:58:16,446 - [MAUD-Cosine] selected 29/40 clients: [8, 9, 10, 11, 12, 13, 14, 15, 16, 17, 18, 19, 20, 21, 22, 24, 25, 27, 28, 29, 30, 31, 32, 33, 34, 35, 36, 37, 39]
2026-04-16 00:58:16,505 - Round number: 59 --------------------------
2026-04-16 00:58:16,506 - Evaluate global model
2026-04-16 00:58:24,868 - Averaged Train Loss: 1.1171
2026-04-16 00:58:24,871 - Test Accurancy: 0.5741
2026-04-16 00:58:39,382 - [MAUD-Cosine] HDBSCAN labels: [-1, -1, -1, -1, -1, -1, -1, -1, 0, 0, 0, 0, 0, 0, 0, 0, 0, 0, 0, 0, 0, 0, 0, -1, 0, 0, -1, 0, 0, 0, 0, 0, 0, 0, 0, 0, 0, 0, -1, 0]
2026-04-16 00:58:39,385 - [MAUD-Cosine] selected 29/40 clients: [8, 9, 10, 11, 12, 13, 14, 15, 16, 17, 18, 19, 20, 21, 22, 24, 25, 27, 28, 29, 30, 31, 32, 33, 34, 35, 36, 37, 39]
2026-04-16 00:58:39,441 - Round number: 60 --------------------------
2026-04-16 00:58:39,442 - Evaluate global model
2026-04-16 00:58:46,803 - Averaged Train Loss: 1.1118
2026-04-16 00:58:46,806 - Test Accurancy: 0.5776
2026-04-16 00:59:01,054 - [MAUD-Cosine] HDBSCAN labels: [-1, -1, -1, -1, -1, -1, -1, -1, 0, 0, 0, 0, 0, 0, 0, 0, 0, 0, 0, 0, 0, 0, 0, 0, 0, 0, 0, 0, 0, 0, 0, 0, 0, 0, 0, 0, 0, 0, 0, 0]
2026-04-16 00:59:01,055 - [MAUD-Cosine] selected 32/40 clients: [8, 9, 10, 11, 12, 13, 14, 15, 16, 17, 18, 19, 20, 21, 22, 23, 24, 25, 26, 27, 28, 29, 30, 31, 32, 33, 34, 35, 36, 37, 38, 39]
2026-04-16 00:59:01,102 - Round number: 61 --------------------------
2026-04-16 00:59:01,102 - Evaluate global model
2026-04-16 00:59:06,821 - Averaged Train Loss: 1.0868
2026-04-16 00:59:06,822 - Test Accurancy: 0.5861
2026-04-16 00:59:19,662 - [MAUD-Cosine] HDBSCAN labels: [-1, -1, -1, -1, -1, -1, -1, -1, 0, 0, 0, 0, 0, 0, 0, 0, 0, 0, 0, 0, 0, 0, 0, 0, 0, 0, -1, 0, 0, 0, 0, 0, 0, 0, 0, 0, -1, 0, -1, 0]
2026-04-16 00:59:19,664 - [MAUD-Cosine] selected 29/40 clients: [8, 9, 10, 11, 12, 13, 14, 15, 16, 17, 18, 19, 20, 21, 22, 23, 24, 25, 27, 28, 29, 30, 31, 32, 33, 34, 35, 37, 39]
2026-04-16 00:59:19,710 - Round number: 62 --------------------------
2026-04-16 00:59:19,711 - Evaluate global model
2026-04-16 00:59:25,668 - Averaged Train Loss: 1.0778
2026-04-16 00:59:25,669 - Test Accurancy: 0.5875
2026-04-16 00:59:36,918 - [MAUD-Cosine] HDBSCAN labels: [-1, -1, -1, -1, -1, -1, -1, -1, 0, 0, 0, 0, 0, 0, 0, 0, 0, 0, 0, 0, 0, 0, 0, -1, 0, 0, -1, 0, 0, 0, 0, 0, 0, 0, 0, 0, -1, 0, -1, 0]
2026-04-16 00:59:36,920 - [MAUD-Cosine] selected 28/40 clients: [8, 9, 10, 11, 12, 13, 14, 15, 16, 17, 18, 19, 20, 21, 22, 24, 25, 27, 28, 29, 30, 31, 32, 33, 34, 35, 37, 39]
2026-04-16 00:59:36,971 - Round number: 63 --------------------------
2026-04-16 00:59:36,971 - Evaluate global model
2026-04-16 00:59:42,755 - Averaged Train Loss: 1.0794
2026-04-16 00:59:42,756 - Test Accurancy: 0.5863
2026-04-16 00:59:56,734 - [MAUD-Cosine] HDBSCAN labels: [-1, -1, -1, -1, -1, -1, -1, -1, 0, 0, 0, 0, 0, 0, 0, 0, 0, 0, 0, 0, 0, 0, 0, -1, 0, 0, -1, 0, 0, 0, 0, 0, 0, 0, 0, 0, -1, 0, -1, 0]
2026-04-16 00:59:56,736 - [MAUD-Cosine] selected 28/40 clients: [8, 9, 10, 11, 12, 13, 14, 15, 16, 17, 18, 19, 20, 21, 22, 24, 25, 27, 28, 29, 30, 31, 32, 33, 34, 35, 37, 39]
2026-04-16 00:59:56,779 - Round number: 64 --------------------------
2026-04-16 00:59:56,779 - Evaluate global model
2026-04-16 01:00:03,938 - Averaged Train Loss: 1.0716
2026-04-16 01:00:03,939 - Test Accurancy: 0.5865
2026-04-16 01:00:16,304 - [MAUD-Cosine] HDBSCAN labels: [-1, -1, -1, -1, -1, -1, -1, -1, 0, 0, 0, 0, 0, 0, 0, 0, 0, 0, 0, 0, 0, 0, 0, -1, 0, 0, -1, 0, 0, 0, 0, 0, 0, 0, 0, 0, -1, 0, -1, 0]
2026-04-16 01:00:16,308 - [MAUD-Cosine] selected 28/40 clients: [8, 9, 10, 11, 12, 13, 14, 15, 16, 17, 18, 19, 20, 21, 22, 24, 25, 27, 28, 29, 30, 31, 32, 33, 34, 35, 37, 39]
2026-04-16 01:00:16,366 - Round number: 65 --------------------------
2026-04-16 01:00:16,366 - Evaluate global model
2026-04-16 01:00:21,628 - Averaged Train Loss: 1.0580
2026-04-16 01:00:21,629 - Test Accurancy: 0.5932
2026-04-16 01:00:32,812 - [MAUD-Cosine] HDBSCAN labels: [-1, -1, -1, -1, -1, -1, -1, -1, 0, -1, 0, 0, -1, 0, 0, 0, 0, 0, 0, 0, 0, -1, 0, -1, 0, 0, -1, 0, 0, 0, -1, -1, -1, -1, 0, 0, -1, 0, -1, 0]
2026-04-16 01:00:32,813 - [MAUD-Cosine] selected 21/40 clients: [8, 10, 11, 13, 14, 15, 16, 17, 18, 19, 20, 22, 24, 25, 27, 28, 29, 34, 35, 37, 39]
2026-04-16 01:00:32,864 - Round number: 66 --------------------------
2026-04-16 01:00:32,865 - Evaluate global model
2026-04-16 01:00:37,510 - Averaged Train Loss: 1.0835
2026-04-16 01:00:37,510 - Test Accurancy: 0.5854
2026-04-16 01:00:48,044 - [MAUD-Cosine] HDBSCAN labels: [-1, -1, -1, -1, -1, -1, -1, -1, 0, -1, 0, 0, -1, 0, 0, 0, 0, 0, 0, 0, 0, -1, 0, -1, 0, 0, -1, 0, 0, 0, -1, -1, -1, -1, 0, 0, -1, 0, -1, 0]
2026-04-16 01:00:48,045 - [MAUD-Cosine] selected 21/40 clients: [8, 10, 11, 13, 14, 15, 16, 17, 18, 19, 20, 22, 24, 25, 27, 28, 29, 34, 35, 37, 39]
2026-04-16 01:00:48,090 - Round number: 67 --------------------------
2026-04-16 01:00:48,090 - Evaluate global model
2026-04-16 01:00:52,289 - Averaged Train Loss: 1.0922
2026-04-16 01:00:52,290 - Test Accurancy: 0.5816
2026-04-16 01:01:02,781 - [MAUD-Cosine] HDBSCAN labels: [-1, -1, -1, -1, -1, -1, -1, -1, 0, 0, 0, 0, 0, 0, 0, 0, 0, 0, 0, 0, 0, 0, 0, -1, 0, 0, -1, 0, 0, 0, 0, 0, 0, 0, 0, 0, -1, 0, -1, 0]
2026-04-16 01:01:02,782 - [MAUD-Cosine] selected 28/40 clients: [8, 9, 10, 11, 12, 13, 14, 15, 16, 17, 18, 19, 20, 21, 22, 24, 25, 27, 28, 29, 30, 31, 32, 33, 34, 35, 37, 39]
2026-04-16 01:01:02,835 - Round number: 68 --------------------------
2026-04-16 01:01:02,836 - Evaluate global model
2026-04-16 01:01:07,134 - Averaged Train Loss: 1.0430
2026-04-16 01:01:07,134 - Test Accurancy: 0.5961
2026-04-16 01:01:17,655 - [MAUD-Cosine] HDBSCAN labels: [-1, -1, -1, -1, -1, -1, -1, -1, 0, 0, 0, 0, 0, 0, -1, 0, 0, 0, 0, 0, -1, 0, -1, -1, 0, -1, -1, 0, 0, 0, 0, 0, 0, 0, 0, 0, -1, 0, -1, 0]
2026-04-16 01:01:17,655 - [MAUD-Cosine] selected 24/40 clients: [8, 9, 10, 11, 12, 13, 15, 16, 17, 18, 19, 21, 24, 27, 28, 29, 30, 31, 32, 33, 34, 35, 37, 39]
2026-04-16 01:01:17,713 - Round number: 69 --------------------------
2026-04-16 01:01:17,713 - Evaluate global model
2026-04-16 01:01:21,810 - Averaged Train Loss: 1.0742
2026-04-16 01:01:21,811 - Test Accurancy: 0.5865
2026-04-16 01:01:33,645 - [MAUD-Cosine] HDBSCAN labels: [-1, -1, -1, -1, -1, -1, -1, -1, 0, 0, 0, 0, 0, 0, -1, 0, 0, 0, 0, 0, -1, 0, -1, -1, 0, -1, -1, 0, -1, 0, 0, 0, 0, 0, -1, -1, -1, 0, -1, 0]
2026-04-16 01:01:33,647 - [MAUD-Cosine] selected 21/40 clients: [8, 9, 10, 11, 12, 13, 15, 16, 17, 18, 19, 21, 24, 27, 29, 30, 31, 32, 33, 37, 39]
2026-04-16 01:01:33,681 - Round number: 70 --------------------------
2026-04-16 01:01:33,681 - Evaluate global model
2026-04-16 01:01:39,502 - Averaged Train Loss: 1.0514
2026-04-16 01:01:39,504 - Test Accurancy: 0.5888
2026-04-16 01:01:55,842 - [MAUD-Cosine] HDBSCAN labels: [-1, -1, -1, -1, -1, -1, -1, -1, 0, 0, 0, 0, 0, 0, -1, 0, 0, 0, 0, 0, -1, 0, -1, -1, 0, -1, -1, 0, 0, 0, 0, 0, 0, 0, -1, 0, 0, 0, -1, 0]
2026-04-16 01:01:55,845 - [MAUD-Cosine] selected 24/40 clients: [8, 9, 10, 11, 12, 13, 15, 16, 17, 18, 19, 21, 24, 27, 28, 29, 30, 31, 32, 33, 35, 36, 37, 39]
2026-04-16 01:01:55,891 - Round number: 71 --------------------------
2026-04-16 01:01:55,891 - Evaluate global model
2026-04-16 01:02:04,590 - Averaged Train Loss: 1.0445
2026-04-16 01:02:04,593 - Test Accurancy: 0.5921
2026-04-16 01:02:18,870 - [MAUD-Cosine] HDBSCAN labels: [-1, -1, -1, -1, -1, -1, -1, -1, 0, 0, 0, 0, 0, 0, -1, 0, 0, 0, 0, 0, -1, 0, -1, 0, 0, -1, 0, 0, 0, 0, 0, 0, 0, 0, -1, 0, 0, 0, 0, 0]
2026-04-16 01:02:18,873 - [MAUD-Cosine] selected 27/40 clients: [8, 9, 10, 11, 12, 13, 15, 16, 17, 18, 19, 21, 23, 24, 26, 27, 28, 29, 30, 31, 32, 33, 35, 36, 37, 38, 39]
2026-04-16 01:02:18,947 - Round number: 72 --------------------------
2026-04-16 01:02:18,948 - Evaluate global model
2026-04-16 01:02:27,652 - Averaged Train Loss: 1.0205
2026-04-16 01:02:27,653 - Test Accurancy: 0.5975
2026-04-16 01:02:40,750 - [MAUD-Cosine] HDBSCAN labels: [-1, -1, -1, -1, -1, -1, -1, -1, 0, 0, 0, -1, 0, 0, 0, -1, 0, 0, 0, 0, 0, 0, 0, 0, -1, 0, 0, 0, 0, 0, 0, 0, 0, 0, -1, 0, 0, 0, 0, 0]
2026-04-16 01:02:40,753 - [MAUD-Cosine] selected 28/40 clients: [8, 9, 10, 12, 13, 14, 16, 17, 18, 19, 20, 21, 22, 23, 25, 26, 27, 28, 29, 30, 31, 32, 33, 35, 36, 37, 38, 39]
2026-04-16 01:02:40,806 - Round number: 73 --------------------------
2026-04-16 01:02:40,806 - Evaluate global model
2026-04-16 01:02:48,149 - Averaged Train Loss: 0.9855
2026-04-16 01:02:48,150 - Test Accurancy: 0.6091
2026-04-16 01:03:01,940 - [MAUD-Cosine] HDBSCAN labels: [-1, -1, -1, -1, -1, -1, -1, -1, 0, 0, 0, 0, 0, 0, 0, 0, 0, 0, 0, 0, 0, 0, 0, 0, 0, 0, 0, 0, 0, 0, 0, 0, 0, 0, -1, 0, 0, 0, 0, 0]
2026-04-16 01:03:01,943 - [MAUD-Cosine] selected 31/40 clients: [8, 9, 10, 11, 12, 13, 14, 15, 16, 17, 18, 19, 20, 21, 22, 23, 24, 25, 26, 27, 28, 29, 30, 31, 32, 33, 35, 36, 37, 38, 39]
2026-04-16 01:03:02,009 - Round number: 74 --------------------------
2026-04-16 01:03:02,009 - Evaluate global model
2026-04-16 01:03:09,507 - Averaged Train Loss: 0.9896
2026-04-16 01:03:09,507 - Test Accurancy: 0.6053
2026-04-16 01:03:23,301 - [MAUD-Cosine] HDBSCAN labels: [-1, -1, -1, -1, -1, -1, -1, -1, 0, 0, 0, 0, 0, 0, 0, 0, 0, 0, 0, 0, 0, 0, 0, 0, 0, 0, 0, -1, 0, 0, 0, 0, 0, 0, -1, 0, 0, 0, 0, 0]
2026-04-16 01:03:23,303 - [MAUD-Cosine] selected 30/40 clients: [8, 9, 10, 11, 12, 13, 14, 15, 16, 17, 18, 19, 20, 21, 22, 23, 24, 25, 26, 28, 29, 30, 31, 32, 33, 35, 36, 37, 38, 39]
2026-04-16 01:03:23,366 - Round number: 75 --------------------------
2026-04-16 01:03:23,367 - Evaluate global model
2026-04-16 01:03:30,286 - Averaged Train Loss: 0.9858
2026-04-16 01:03:30,287 - Test Accurancy: 0.6062
2026-04-16 01:03:43,826 - [MAUD-Cosine] HDBSCAN labels: [-1, -1, -1, -1, -1, -1, -1, -1, 0, 0, 0, 0, 0, 0, 0, 0, 0, 0, 0, 0, 0, 0, 0, 0, 0, 0, 0, -1, 0, 0, 0, 0, 0, 0, -1, 0, -1, 0, 0, 0]
2026-04-16 01:03:43,830 - [MAUD-Cosine] selected 29/40 clients: [8, 9, 10, 11, 12, 13, 14, 15, 16, 17, 18, 19, 20, 21, 22, 23, 24, 25, 26, 28, 29, 30, 31, 32, 33, 35, 37, 38, 39]
2026-04-16 01:03:43,872 - Round number: 76 --------------------------
2026-04-16 01:03:43,872 - Evaluate global model
2026-04-16 01:03:50,225 - Averaged Train Loss: 0.9920
2026-04-16 01:03:50,225 - Test Accurancy: 0.6015
2026-04-16 01:04:04,721 - [MAUD-Cosine] HDBSCAN labels: [-1, -1, -1, -1, -1, -1, -1, -1, 0, 0, 0, 0, 0, 0, 0, 0, 0, 0, 0, 0, 0, 0, 0, -1, 0, 0, -1, 0, 0, 0, -1, -1, -1, -1, -1, 0, -1, 0, -1, 0]
2026-04-16 01:04:04,726 - [MAUD-Cosine] selected 23/40 clients: [8, 9, 10, 11, 12, 13, 14, 15, 16, 17, 18, 19, 20, 21, 22, 24, 25, 27, 28, 29, 35, 37, 39]
2026-04-16 01:04:04,776 - Round number: 77 --------------------------
2026-04-16 01:04:04,777 - Evaluate global model
2026-04-16 01:04:11,784 - Averaged Train Loss: 1.0037
2026-04-16 01:04:11,784 - Test Accurancy: 0.5972
2026-04-16 01:04:25,254 - [MAUD-Cosine] HDBSCAN labels: [-1, -1, -1, -1, -1, -1, -1, -1, 0, 0, 0, 0, 0, 0, 0, 0, 0, 0, 0, 0, 0, -1, 0, -1, 0, 0, -1, 0, 0, 0, -1, -1, -1, -1, 0, 0, -1, 0, -1, 0]
2026-04-16 01:04:25,257 - [MAUD-Cosine] selected 23/40 clients: [8, 9, 10, 11, 12, 13, 14, 15, 16, 17, 18, 19, 20, 22, 24, 25, 27, 28, 29, 34, 35, 37, 39]
2026-04-16 01:04:25,306 - Round number: 78 --------------------------
2026-04-16 01:04:25,307 - Evaluate global model
2026-04-16 01:04:32,165 - Averaged Train Loss: 0.9895
2026-04-16 01:04:32,166 - Test Accurancy: 0.5993
2026-04-16 01:04:45,222 - [MAUD-Cosine] HDBSCAN labels: [-1, -1, -1, -1, -1, -1, -1, -1, 0, -1, 0, 0, -1, 0, 0, 0, 0, 0, 0, 0, 0, -1, 0, -1, 0, 0, -1, 0, 0, 0, -1, -1, -1, -1, 0, 0, -1, 0, -1, 0]
2026-04-16 01:04:45,223 - [MAUD-Cosine] selected 21/40 clients: [8, 10, 11, 13, 14, 15, 16, 17, 18, 19, 20, 22, 24, 25, 27, 28, 29, 34, 35, 37, 39]
2026-04-16 01:04:45,260 - Round number: 79 --------------------------
2026-04-16 01:04:45,261 - Evaluate global model
2026-04-16 01:04:50,064 - Averaged Train Loss: 1.0103
2026-04-16 01:04:50,064 - Test Accurancy: 0.5961
2026-04-16 01:05:03,696 - [MAUD-Cosine] HDBSCAN labels: [-1, -1, -1, -1, -1, -1, -1, -1, 0, -1, 0, 0, -1, 0, 0, 0, 0, 0, 0, 0, 0, -1, 0, -1, 0, 0, -1, 0, 0, 0, -1, -1, -1, -1, 0, 0, -1, 0, -1, 0]
2026-04-16 01:05:03,698 - [MAUD-Cosine] selected 21/40 clients: [8, 10, 11, 13, 14, 15, 16, 17, 18, 19, 20, 22, 24, 25, 27, 28, 29, 34, 35, 37, 39]
2026-04-16 01:05:03,739 - Round number: 80 --------------------------
2026-04-16 01:05:03,739 - Evaluate global model
2026-04-16 01:05:09,164 - Averaged Train Loss: 1.0074
2026-04-16 01:05:09,166 - Test Accurancy: 0.5941
2026-04-16 01:05:22,674 - [MAUD-Cosine] HDBSCAN labels: [-1, -1, -1, -1, -1, -1, -1, -1, 0, -1, 0, 0, -1, 0, -1, 0, -1, 0, -1, 0, -1, -1, -1, -1, 0, -1, 0, 0, 0, 0, 0, 0, 0, 0, 0, 0, -1, 0, 0, 0]
2026-04-16 01:05:22,676 - [MAUD-Cosine] selected 21/40 clients: [8, 10, 11, 13, 15, 17, 19, 24, 26, 27, 28, 29, 30, 31, 32, 33, 34, 35, 37, 38, 39]
2026-04-16 01:05:22,724 - Round number: 81 --------------------------
2026-04-16 01:05:22,724 - Evaluate global model
2026-04-16 01:05:28,885 - Averaged Train Loss: 1.0444
2026-04-16 01:05:28,887 - Test Accurancy: 0.5851
2026-04-16 01:05:43,593 - [MAUD-Cosine] HDBSCAN labels: [-1, -1, -1, -1, -1, -1, -1, -1, 0, 0, 0, 0, 0, 0, -1, 0, -1, 0, -1, 0, -1, 0, -1, -1, 0, -1, -1, 0, 0, 0, 0, 0, 0, 0, 0, 0, -1, 0, -1, 0]
2026-04-16 01:05:43,595 - [MAUD-Cosine] selected 22/40 clients: [8, 9, 10, 11, 12, 13, 15, 17, 19, 21, 24, 27, 28, 29, 30, 31, 32, 33, 34, 35, 37, 39]
2026-04-16 01:05:43,645 - Round number: 82 --------------------------
2026-04-16 01:05:43,645 - Evaluate global model
2026-04-16 01:05:51,408 - Averaged Train Loss: 1.0504
2026-04-16 01:05:51,411 - Test Accurancy: 0.5844
2026-04-16 01:06:04,373 - [MAUD-Cosine] HDBSCAN labels: [-1, -1, -1, -1, -1, -1, -1, -1, 0, 0, 0, 0, 0, 0, -1, 0, -1, 0, -1, 0, -1, 0, -1, -1, 0, -1, -1, 0, 0, 0, 0, 0, 0, 0, -1, 0, -1, 0, -1, 0]
2026-04-16 01:06:04,375 - [MAUD-Cosine] selected 21/40 clients: [8, 9, 10, 11, 12, 13, 15, 17, 19, 21, 24, 27, 28, 29, 30, 31, 32, 33, 35, 37, 39]
2026-04-16 01:06:04,439 - Round number: 83 --------------------------
2026-04-16 01:06:04,440 - Evaluate global model
2026-04-16 01:06:11,989 - Averaged Train Loss: 1.0550
2026-04-16 01:06:11,991 - Test Accurancy: 0.5799
2026-04-16 01:06:25,409 - [MAUD-Cosine] HDBSCAN labels: [-1, -1, -1, -1, -1, -1, -1, -1, 0, 0, 0, 0, 0, 0, -1, 0, 0, 0, 0, 0, -1, 0, -1, 0, 0, -1, 0, 0, 0, 0, 0, 0, 0, 0, -1, -1, -1, 0, 0, 0]
2026-04-16 01:06:25,411 - [MAUD-Cosine] selected 25/40 clients: [8, 9, 10, 11, 12, 13, 15, 16, 17, 18, 19, 21, 23, 24, 26, 27, 28, 29, 30, 31, 32, 33, 37, 38, 39]
2026-04-16 01:06:25,458 - Round number: 84 --------------------------
2026-04-16 01:06:25,459 - Evaluate global model
2026-04-16 01:06:33,479 - Averaged Train Loss: 0.9448
2026-04-16 01:06:33,480 - Test Accurancy: 0.6106
2026-04-16 01:06:47,728 - [MAUD-Cosine] HDBSCAN labels: [-1, -1, -1, -1, -1, -1, -1, -1, 0, -1, 0, 0, -1, 0, -1, 0, 0, 0, 0, 0, -1, -1, -1, 0, 0, -1, 0, 0, 0, 0, 0, 0, 0, 0, -1, -1, -1, 0, 0, 0]
2026-04-16 01:06:47,731 - [MAUD-Cosine] selected 22/40 clients: [8, 10, 11, 13, 15, 16, 17, 18, 19, 23, 24, 26, 27, 28, 29, 30, 31, 32, 33, 37, 38, 39]
2026-04-16 01:06:47,798 - Round number: 85 --------------------------
2026-04-16 01:06:47,799 - Evaluate global model
2026-04-16 01:06:54,072 - Averaged Train Loss: 0.9399
2026-04-16 01:06:54,072 - Test Accurancy: 0.6141
2026-04-16 01:07:07,808 - [MAUD-Cosine] HDBSCAN labels: [-1, -1, -1, -1, -1, -1, -1, -1, 0, 0, -1, 0, 0, -1, 0, 0, -1, 0, -1, 0, 0, 0, 0, 0, 0, 0, 0, 0, 0, -1, 0, 0, 0, 0, -1, -1, -1, -1, 0, -1]
2026-04-16 01:07:07,809 - [MAUD-Cosine] selected 22/40 clients: [8, 9, 11, 12, 14, 15, 17, 19, 20, 21, 22, 23, 24, 25, 26, 27, 28, 30, 31, 32, 33, 38]
2026-04-16 01:07:07,868 - Round number: 86 --------------------------
2026-04-16 01:07:07,869 - Evaluate global model
2026-04-16 01:07:13,943 - Averaged Train Loss: 1.0192
2026-04-16 01:07:13,943 - Test Accurancy: 0.5908
2026-04-16 01:07:28,102 - [MAUD-Cosine] HDBSCAN labels: [-1, -1, -1, -1, -1, -1, -1, -1, 0, 0, 0, -1, 0, 0, 0, -1, 0, -1, 0, -1, 0, 0, 0, 0, -1, 0, 0, 0, -1, 0, 0, 0, 0, 0, -1, 0, -1, 0, 0, 0]
2026-04-16 01:07:28,103 - [MAUD-Cosine] selected 24/40 clients: [8, 9, 10, 12, 13, 14, 16, 18, 20, 21, 22, 23, 25, 26, 27, 29, 30, 31, 32, 33, 35, 37, 38, 39]
2026-04-16 01:07:28,150 - Round number: 87 --------------------------
2026-04-16 01:07:28,150 - Evaluate global model
2026-04-16 01:07:34,014 - Averaged Train Loss: 0.9083
2026-04-16 01:07:34,015 - Test Accurancy: 0.6181
2026-04-16 01:07:48,541 - [MAUD-Cosine] HDBSCAN labels: [-1, -1, -1, -1, -1, -1, -1, -1, 0, -1, 0, 0, -1, 0, 0, 0, 0, 0, 0, 0, 0, -1, 0, -1, 0, 0, -1, 0, 0, 0, 0, 0, 0, 0, -1, 0, -1, 0, -1, 0]
2026-04-16 01:07:48,545 - [MAUD-Cosine] selected 24/40 clients: [8, 10, 11, 13, 14, 15, 16, 17, 18, 19, 20, 22, 24, 25, 27, 28, 29, 30, 31, 32, 33, 35, 37, 39]
2026-04-16 01:07:48,591 - Round number: 88 --------------------------
2026-04-16 01:07:48,591 - Evaluate global model
2026-04-16 01:07:55,714 - Averaged Train Loss: 0.9300
2026-04-16 01:07:55,715 - Test Accurancy: 0.6135
2026-04-16 01:08:09,390 - [MAUD-Cosine] HDBSCAN labels: [-1, -1, -1, -1, -1, -1, -1, -1, 0, 0, 0, -1, 0, 0, 0, -1, 0, 0, 0, 0, 0, 0, 0, 0, -1, 0, 0, 0, 0, 0, -1, -1, -1, -1, -1, 0, -1, 0, 0, 0]
2026-04-16 01:08:09,394 - [MAUD-Cosine] selected 23/40 clients: [8, 9, 10, 12, 13, 14, 16, 17, 18, 19, 20, 21, 22, 23, 25, 26, 27, 28, 29, 35, 37, 38, 39]
2026-04-16 01:08:09,443 - Round number: 89 --------------------------
2026-04-16 01:08:09,444 - Evaluate global model
2026-04-16 01:08:14,550 - Averaged Train Loss: 0.9146
2026-04-16 01:08:14,551 - Test Accurancy: 0.6135
2026-04-16 01:08:25,194 - [MAUD-Cosine] HDBSCAN labels: [-1, -1, -1, -1, -1, -1, -1, -1, 0, 0, 0, -1, 0, 0, 0, -1, 0, 0, 0, 0, 0, 0, 0, -1, -1, 0, -1, 0, 0, 0, -1, -1, -1, -1, -1, 0, 0, 0, -1, 0]
2026-04-16 01:08:25,195 - [MAUD-Cosine] selected 21/40 clients: [8, 9, 10, 12, 13, 14, 16, 17, 18, 19, 20, 21, 22, 25, 27, 28, 29, 35, 36, 37, 39]
2026-04-16 01:08:25,239 - Round number: 90 --------------------------
2026-04-16 01:08:25,239 - Evaluate global model
2026-04-16 01:08:30,243 - Averaged Train Loss: 0.9459
2026-04-16 01:08:30,243 - Test Accurancy: 0.6047
2026-04-16 01:08:42,223 - [MAUD-Cosine] HDBSCAN labels: [-1, -1, -1, -1, -1, -1, -1, -1, 0, -1, 0, 0, -1, 0, 0, 0, 0, 0, 0, 0, 0, -1, 0, -1, 0, 0, -1, 0, 0, 0, -1, -1, -1, -1, -1, 0, 0, 0, -1, 0]
2026-04-16 01:08:42,225 - [MAUD-Cosine] selected 21/40 clients: [8, 10, 11, 13, 14, 15, 16, 17, 18, 19, 20, 22, 24, 25, 27, 28, 29, 35, 36, 37, 39]
2026-04-16 01:08:42,273 - Round number: 91 --------------------------
2026-04-16 01:08:42,273 - Evaluate global model
2026-04-16 01:08:49,176 - Averaged Train Loss: 0.9497
2026-04-16 01:08:49,179 - Test Accurancy: 0.6035
2026-04-16 01:09:03,767 - [MAUD-Cosine] HDBSCAN labels: [-1, -1, -1, -1, -1, -1, -1, -1, 0, -1, 0, 0, -1, 0, 0, 0, 0, 0, 0, 0, 0, -1, 0, 0, 0, 0, 0, -1, 0, 0, 0, 0, 0, 0, 0, 0, -1, 0, 0, 0]
2026-04-16 01:09:03,770 - [MAUD-Cosine] selected 27/40 clients: [8, 10, 11, 13, 14, 15, 16, 17, 18, 19, 20, 22, 23, 24, 25, 26, 28, 29, 30, 31, 32, 33, 34, 35, 37, 38, 39]
2026-04-16 01:09:03,835 - Round number: 92 --------------------------
2026-04-16 01:09:03,835 - Evaluate global model
2026-04-16 01:09:11,160 - Averaged Train Loss: 0.9017
2026-04-16 01:09:11,161 - Test Accurancy: 0.6157
2026-04-16 01:09:21,585 - [MAUD-Cosine] HDBSCAN labels: [-1, -1, -1, -1, -1, -1, -1, -1, 0, -1, 0, 0, -1, 0, 0, 0, 0, 0, 0, 0, 0, -1, 0, -1, 0, 0, -1, -1, 0, 0, 0, 0, 0, 0, 0, 0, -1, 0, -1, 0]
2026-04-16 01:09:21,585 - [MAUD-Cosine] selected 24/40 clients: [8, 10, 11, 13, 14, 15, 16, 17, 18, 19, 20, 22, 24, 25, 28, 29, 30, 31, 32, 33, 34, 35, 37, 39]
2026-04-16 01:09:21,646 - Round number: 93 --------------------------
2026-04-16 01:09:21,647 - Evaluate global model
2026-04-16 01:09:27,653 - Averaged Train Loss: 0.9059
2026-04-16 01:09:27,656 - Test Accurancy: 0.6147
2026-04-16 01:09:37,300 - [MAUD-Cosine] HDBSCAN labels: [-1, -1, -1, -1, -1, -1, -1, -1, 0, -1, 0, 0, -1, 0, -1, 0, 0, 0, 0, 0, -1, 0, -1, -1, 0, -1, 0, -1, 0, 0, 0, 0, 0, 0, 0, 0, -1, 0, 0, 0]
2026-04-16 01:09:37,301 - [MAUD-Cosine] selected 23/40 clients: [8, 10, 11, 13, 15, 16, 17, 18, 19, 21, 24, 26, 28, 29, 30, 31, 32, 33, 34, 35, 37, 38, 39]
2026-04-16 01:09:37,362 - Round number: 94 --------------------------
2026-04-16 01:09:37,362 - Evaluate global model
2026-04-16 01:09:42,357 - Averaged Train Loss: 0.9308
2026-04-16 01:09:42,358 - Test Accurancy: 0.6104
2026-04-16 01:09:51,967 - [MAUD-Cosine] HDBSCAN labels: [-1, -1, -1, -1, -1, -1, -1, -1, -1, 0, -1, 0, 0, -1, 0, 0, -1, 0, -1, 0, 0, 0, 0, 0, 0, 0, 0, -1, 0, -1, 0, 0, 0, 0, 0, -1, -1, -1, 0, -1]
2026-04-16 01:09:51,967 - [MAUD-Cosine] selected 21/40 clients: [9, 11, 12, 14, 15, 17, 19, 20, 21, 22, 23, 24, 25, 26, 28, 30, 31, 32, 33, 34, 38]
2026-04-16 01:09:52,021 - Round number: 95 --------------------------
2026-04-16 01:09:52,021 - Evaluate global model
2026-04-16 01:09:57,232 - Averaged Train Loss: 1.0004
2026-04-16 01:09:57,233 - Test Accurancy: 0.5930
2026-04-16 01:10:07,786 - [MAUD-Cosine] HDBSCAN labels: [-1, -1, -1, -1, -1, -1, -1, -1, 0, 0, 0, 0, 0, 0, 0, 0, 0, 0, 0, 0, 0, 0, -1, 0, 0, 0, 0, 0, 0, 0, 0, 0, 0, 0, 0, 0, -1, 0, 0, 0]
2026-04-16 01:10:07,789 - [MAUD-Cosine] selected 30/40 clients: [8, 9, 10, 11, 12, 13, 14, 15, 16, 17, 18, 19, 20, 21, 23, 24, 25, 26, 27, 28, 29, 30, 31, 32, 33, 34, 35, 37, 38, 39]
2026-04-16 01:10:07,841 - Round number: 96 --------------------------
2026-04-16 01:10:07,842 - Evaluate global model
2026-04-16 01:10:14,514 - Averaged Train Loss: 0.8831
2026-04-16 01:10:14,515 - Test Accurancy: 0.6157
2026-04-16 01:10:29,866 - [MAUD-Cosine] HDBSCAN labels: [-1, -1, -1, -1, -1, -1, -1, -1, 0, -1, 0, 0, -1, 0, -1, 0, 0, 0, 0, 0, -1, 0, -1, -1, 0, -1, 0, 0, 0, 0, 0, 0, 0, 0, 0, 0, -1, 0, 0, 0]
2026-04-16 01:10:29,869 - [MAUD-Cosine] selected 24/40 clients: [8, 10, 11, 13, 15, 16, 17, 18, 19, 21, 24, 26, 27, 28, 29, 30, 31, 32, 33, 34, 35, 37, 38, 39]
2026-04-16 01:10:29,917 - Round number: 97 --------------------------
2026-04-16 01:10:29,918 - Evaluate global model
2026-04-16 01:10:36,486 - Averaged Train Loss: 0.9055
2026-04-16 01:10:36,488 - Test Accurancy: 0.6149
2026-04-16 01:10:48,110 - [MAUD-Cosine] HDBSCAN labels: [-1, -1, -1, -1, -1, -1, -1, -1, -1, 0, -1, 0, 0, -1, 0, 0, -1, 0, -1, 0, 0, 0, 0, 0, 0, 0, 0, -1, 0, -1, 0, 0, 0, 0, 0, -1, -1, -1, 0, -1]
2026-04-16 01:10:48,111 - [MAUD-Cosine] selected 21/40 clients: [9, 11, 12, 14, 15, 17, 19, 20, 21, 22, 23, 24, 25, 26, 28, 30, 31, 32, 33, 34, 38]
2026-04-16 01:10:48,178 - Round number: 98 --------------------------
2026-04-16 01:10:48,178 - Evaluate global model
2026-04-16 01:10:54,014 - Averaged Train Loss: 0.9830
2026-04-16 01:10:54,015 - Test Accurancy: 0.5939
2026-04-16 01:11:04,637 - [MAUD-Cosine] HDBSCAN labels: [-1, -1, -1, -1, -1, -1, -1, -1, 0, 0, 0, 0, 0, 0, 0, 0, 0, 0, 0, 0, 0, 0, -1, -1, 0, 0, -1, 0, 0, 0, 0, 0, 0, 0, 0, 0, -1, 0, -1, 0]
2026-04-16 01:11:04,638 - [MAUD-Cosine] selected 27/40 clients: [8, 9, 10, 11, 12, 13, 14, 15, 16, 17, 18, 19, 20, 21, 24, 25, 27, 28, 29, 30, 31, 32, 33, 34, 35, 37, 39]
2026-04-16 01:11:04,694 - Round number: 99 --------------------------
2026-04-16 01:11:04,695 - Evaluate global model
2026-04-16 01:11:10,023 - Averaged Train Loss: 0.8864
2026-04-16 01:11:10,024 - Test Accurancy: 0.6168
2026-04-16 01:11:19,460 - [MAUD-Cosine] HDBSCAN labels: [-1, -1, -1, -1, -1, -1, -1, -1, 0, 0, 0, 0, 0, 0, 0, 0, 0, -1, 0, -1, 0, 0, 0, -1, 0, 0, -1, 0, -1, 0, 0, 0, 0, 0, -1, 0, -1, 0, -1, 0]
2026-04-16 01:11:19,462 - [MAUD-Cosine] selected 24/40 clients: [8, 9, 10, 11, 12, 13, 14, 15, 16, 18, 20, 21, 22, 24, 25, 27, 29, 30, 31, 32, 33, 35, 37, 39]
2026-04-16 01:11:19,509 - Round number: 100 --------------------------
2026-04-16 01:11:19,509 - Evaluate global model
2026-04-16 01:11:24,081 - Averaged Train Loss: 0.8587
2026-04-16 01:11:24,081 - Test Accurancy: 0.6225
2026-04-16 01:11:32,242 - [MAUD-Cosine] HDBSCAN labels: [-1, -1, -1, -1, -1, -1, -1, -1, 0, 0, 0, 0, 0, 0, 0, 0, 0, 0, 0, 0, 0, -1, 0, -1, 0, 0, -1, 0, 0, 0, -1, -1, -1, -1, -1, 0, -1, 0, -1, 0]
2026-04-16 01:11:32,243 - [MAUD-Cosine] selected 22/40 clients: [8, 9, 10, 11, 12, 13, 14, 15, 16, 17, 18, 19, 20, 22, 24, 25, 27, 28, 29, 35, 37, 39]
2026-04-16 01:11:32,277 - Run over
2026-04-16 01:11:32,277 - Saving results to ./exp/exp4/Cifar10/maud-cosine_MPAF_w10.h5
2026-04-16 01:11:32,286 - Best accuracy: 0.6225108225108225
2026-04-16 01:11:32,286 - Average time cost per round: 18.891642792224886
 18.891642792224886
