2026-04-14 00:45:43,642 - *****************EXP-4*****************
2026-04-14 00:45:43,642 - Exp repeats: 1
2026-04-14 00:45:43,642 - Communication Rounds: 100
2026-04-14 00:45:43,642 - Clients: 40

2026-04-14 00:45:43,643 - Attack method: CAMP
2026-04-14 00:45:43,643 - Filtering rule: median
2026-04-14 00:45:43,643 - Dataset: Cifar10
2026-04-14 00:45:43,643 - Model: cnn2
2026-04-14 00:45:43,643 - Learning Rate: 0.04
2026-04-14 00:45:43,643 - Batch Size: 64
2026-04-14 00:45:43,643 - Device: cuda
2026-04-14 00:45:43,643 - Device id: 0
2026-04-14 00:45:43,643 - Adversaries: 8
2026-04-14 00:45:43,643 - Model Poisoning: CAMP attack, mode perturbation_v5
2026-04-14 00:45:43,643 - *****************EXP-4*****************
2026-04-14 00:45:44,030 - Running time: 0th ==========================
2026-04-14 00:45:48,693 - Round number: 0 --------------------------
2026-04-14 00:45:48,694 - Evaluate global model
2026-04-14 00:45:51,608 - Averaged Train Loss: 2.3021
2026-04-14 00:45:51,608 - Test Accurancy: 0.1016
2026-04-14 00:46:01,668 - Round number: 1 --------------------------
2026-04-14 00:46:01,668 - Evaluate global model
2026-04-14 00:46:03,712 - Averaged Train Loss: 2.2910
2026-04-14 00:46:03,712 - Test Accurancy: 0.1228
2026-04-14 00:46:12,594 - Round number: 2 --------------------------
2026-04-14 00:46:12,594 - Evaluate global model
2026-04-14 00:46:15,219 - Averaged Train Loss: 2.2605
2026-04-14 00:46:15,220 - Test Accurancy: 0.1474
2026-04-14 00:46:22,873 - Round number: 3 --------------------------
2026-04-14 00:46:22,873 - Evaluate global model
2026-04-14 00:46:25,945 - Averaged Train Loss: 2.2207
2026-04-14 00:46:25,945 - Test Accurancy: 0.1935
2026-04-14 00:46:34,171 - Round number: 4 --------------------------
2026-04-14 00:46:34,171 - Evaluate global model
2026-04-14 00:46:36,722 - Averaged Train Loss: 2.1655
2026-04-14 00:46:36,722 - Test Accurancy: 0.2200
2026-04-14 00:46:45,068 - Round number: 5 --------------------------
2026-04-14 00:46:45,068 - Evaluate global model
2026-04-14 00:46:48,008 - Averaged Train Loss: 2.1035
2026-04-14 00:46:48,008 - Test Accurancy: 0.2240
2026-04-14 00:46:55,853 - Round number: 6 --------------------------
2026-04-14 00:46:55,853 - Evaluate global model
2026-04-14 00:46:58,683 - Averaged Train Loss: 2.0520
2026-04-14 00:46:58,683 - Test Accurancy: 0.2376
2026-04-14 00:47:07,489 - Round number: 7 --------------------------
2026-04-14 00:47:07,489 - Evaluate global model
2026-04-14 00:47:09,590 - Averaged Train Loss: 2.0056
2026-04-14 00:47:09,590 - Test Accurancy: 0.2683
2026-04-14 00:47:19,095 - Round number: 8 --------------------------
2026-04-14 00:47:19,095 - Evaluate global model
2026-04-14 00:47:21,207 - Averaged Train Loss: 1.9627
2026-04-14 00:47:21,208 - Test Accurancy: 0.2946
2026-04-14 00:47:29,418 - Round number: 9 --------------------------
2026-04-14 00:47:29,419 - Evaluate global model
2026-04-14 00:47:32,652 - Averaged Train Loss: 1.9336
2026-04-14 00:47:32,652 - Test Accurancy: 0.3010
2026-04-14 00:47:40,206 - Round number: 10 --------------------------
2026-04-14 00:47:40,206 - Evaluate global model
2026-04-14 00:47:43,163 - Averaged Train Loss: 1.9069
2026-04-14 00:47:43,163 - Test Accurancy: 0.3104
2026-04-14 00:47:51,437 - Round number: 11 --------------------------
2026-04-14 00:47:51,437 - Evaluate global model
2026-04-14 00:47:54,026 - Averaged Train Loss: 1.8843
2026-04-14 00:47:54,026 - Test Accurancy: 0.3175
2026-04-14 00:48:02,407 - Round number: 12 --------------------------
2026-04-14 00:48:02,408 - Evaluate global model
2026-04-14 00:48:05,335 - Averaged Train Loss: 1.8575
2026-04-14 00:48:05,336 - Test Accurancy: 0.3240
2026-04-14 00:48:13,396 - Round number: 13 --------------------------
2026-04-14 00:48:13,396 - Evaluate global model
2026-04-14 00:48:16,074 - Averaged Train Loss: 1.8322
2026-04-14 00:48:16,074 - Test Accurancy: 0.3327
2026-04-14 00:48:24,826 - Round number: 14 --------------------------
2026-04-14 00:48:24,826 - Evaluate global model
2026-04-14 00:48:27,008 - Averaged Train Loss: 1.8090
2026-04-14 00:48:27,008 - Test Accurancy: 0.3390
2026-04-14 00:48:35,564 - Round number: 15 --------------------------
2026-04-14 00:48:35,564 - Evaluate global model
2026-04-14 00:48:38,597 - Averaged Train Loss: 1.7910
2026-04-14 00:48:38,598 - Test Accurancy: 0.3454
2026-04-14 00:48:45,495 - Round number: 16 --------------------------
2026-04-14 00:48:45,498 - Evaluate global model
2026-04-14 00:48:49,004 - Averaged Train Loss: 1.7719
2026-04-14 00:48:49,004 - Test Accurancy: 0.3501
2026-04-14 00:48:56,939 - Round number: 17 --------------------------
2026-04-14 00:48:56,940 - Evaluate global model
2026-04-14 00:48:59,616 - Averaged Train Loss: 1.7531
2026-04-14 00:48:59,616 - Test Accurancy: 0.3583
2026-04-14 00:49:08,724 - Round number: 18 --------------------------
2026-04-14 00:49:08,724 - Evaluate global model
2026-04-14 00:49:11,027 - Averaged Train Loss: 1.7332
2026-04-14 00:49:11,028 - Test Accurancy: 0.3634
2026-04-14 00:49:19,721 - Round number: 19 --------------------------
2026-04-14 00:49:19,721 - Evaluate global model
2026-04-14 00:49:22,519 - Averaged Train Loss: 1.7186
2026-04-14 00:49:22,519 - Test Accurancy: 0.3708
2026-04-14 00:49:30,539 - Round number: 20 --------------------------
2026-04-14 00:49:30,539 - Evaluate global model
2026-04-14 00:49:33,137 - Averaged Train Loss: 1.6999
2026-04-14 00:49:33,137 - Test Accurancy: 0.3774
2026-04-14 00:49:41,629 - Round number: 21 --------------------------
2026-04-14 00:49:41,629 - Evaluate global model
2026-04-14 00:49:44,275 - Averaged Train Loss: 1.6876
2026-04-14 00:49:44,275 - Test Accurancy: 0.3825
2026-04-14 00:49:51,951 - Round number: 22 --------------------------
2026-04-14 00:49:51,951 - Evaluate global model
2026-04-14 00:49:55,463 - Averaged Train Loss: 1.6788
2026-04-14 00:49:55,463 - Test Accurancy: 0.3845
2026-04-14 00:50:02,638 - Round number: 23 --------------------------
2026-04-14 00:50:02,639 - Evaluate global model
2026-04-14 00:50:05,982 - Averaged Train Loss: 1.6653
2026-04-14 00:50:05,983 - Test Accurancy: 0.3887
2026-04-14 00:50:14,178 - Round number: 24 --------------------------
2026-04-14 00:50:14,178 - Evaluate global model
2026-04-14 00:50:16,494 - Averaged Train Loss: 1.6489
2026-04-14 00:50:16,494 - Test Accurancy: 0.3948
2026-04-14 00:50:25,405 - Round number: 25 --------------------------
2026-04-14 00:50:25,405 - Evaluate global model
2026-04-14 00:50:28,068 - Averaged Train Loss: 1.6388
2026-04-14 00:50:28,068 - Test Accurancy: 0.3978
2026-04-14 00:50:35,750 - Round number: 26 --------------------------
2026-04-14 00:50:35,751 - Evaluate global model
2026-04-14 00:50:39,051 - Averaged Train Loss: 1.6317
2026-04-14 00:50:39,051 - Test Accurancy: 0.3977
2026-04-14 00:50:47,111 - Round number: 27 --------------------------
2026-04-14 00:50:47,111 - Evaluate global model
2026-04-14 00:50:50,235 - Averaged Train Loss: 1.6164
2026-04-14 00:50:50,235 - Test Accurancy: 0.4029
2026-04-14 00:50:58,346 - Round number: 28 --------------------------
2026-04-14 00:50:58,346 - Evaluate global model
2026-04-14 00:51:01,238 - Averaged Train Loss: 1.6037
2026-04-14 00:51:01,239 - Test Accurancy: 0.4076
2026-04-14 00:51:08,599 - Round number: 29 --------------------------
2026-04-14 00:51:08,599 - Evaluate global model
2026-04-14 00:51:11,885 - Averaged Train Loss: 1.5923
2026-04-14 00:51:11,890 - Test Accurancy: 0.4124
2026-04-14 00:51:19,816 - Round number: 30 --------------------------
2026-04-14 00:51:19,816 - Evaluate global model
2026-04-14 00:51:22,134 - Averaged Train Loss: 1.5787
2026-04-14 00:51:22,135 - Test Accurancy: 0.4208
2026-04-14 00:51:31,473 - Round number: 31 --------------------------
2026-04-14 00:51:31,473 - Evaluate global model
2026-04-14 00:51:33,770 - Averaged Train Loss: 1.5680
2026-04-14 00:51:33,770 - Test Accurancy: 0.4238
2026-04-14 00:51:42,192 - Round number: 32 --------------------------
2026-04-14 00:51:42,193 - Evaluate global model
2026-04-14 00:51:45,583 - Averaged Train Loss: 1.5623
2026-04-14 00:51:45,583 - Test Accurancy: 0.4259
2026-04-14 00:51:52,933 - Round number: 33 --------------------------
2026-04-14 00:51:52,933 - Evaluate global model
2026-04-14 00:51:56,423 - Averaged Train Loss: 1.5524
2026-04-14 00:51:56,423 - Test Accurancy: 0.4300
2026-04-14 00:52:04,296 - Round number: 34 --------------------------
2026-04-14 00:52:04,297 - Evaluate global model
2026-04-14 00:52:06,997 - Averaged Train Loss: 1.5429
2026-04-14 00:52:06,998 - Test Accurancy: 0.4345
2026-04-14 00:52:15,307 - Round number: 35 --------------------------
2026-04-14 00:52:15,307 - Evaluate global model
2026-04-14 00:52:18,270 - Averaged Train Loss: 1.5350
2026-04-14 00:52:18,270 - Test Accurancy: 0.4349
2026-04-14 00:52:26,083 - Round number: 36 --------------------------
2026-04-14 00:52:26,084 - Evaluate global model
2026-04-14 00:52:29,032 - Averaged Train Loss: 1.5301
2026-04-14 00:52:29,032 - Test Accurancy: 0.4365
2026-04-14 00:52:37,628 - Round number: 37 --------------------------
2026-04-14 00:52:37,628 - Evaluate global model
2026-04-14 00:52:39,872 - Averaged Train Loss: 1.5241
2026-04-14 00:52:39,873 - Test Accurancy: 0.4389
2026-04-14 00:52:48,943 - Round number: 38 --------------------------
2026-04-14 00:52:48,944 - Evaluate global model
2026-04-14 00:52:51,396 - Averaged Train Loss: 1.5161
2026-04-14 00:52:51,396 - Test Accurancy: 0.4412
2026-04-14 00:52:59,487 - Round number: 39 --------------------------
2026-04-14 00:52:59,487 - Evaluate global model
2026-04-14 00:53:03,113 - Averaged Train Loss: 1.5071
2026-04-14 00:53:03,113 - Test Accurancy: 0.4435
2026-04-14 00:53:10,196 - Round number: 40 --------------------------
2026-04-14 00:53:10,196 - Evaluate global model
2026-04-14 00:53:13,709 - Averaged Train Loss: 1.4970
2026-04-14 00:53:13,709 - Test Accurancy: 0.4498
2026-04-14 00:53:21,604 - Round number: 41 --------------------------
2026-04-14 00:53:21,604 - Evaluate global model
2026-04-14 00:53:24,521 - Averaged Train Loss: 1.4909
2026-04-14 00:53:24,521 - Test Accurancy: 0.4515
2026-04-14 00:53:32,858 - Round number: 42 --------------------------
2026-04-14 00:53:32,858 - Evaluate global model
2026-04-14 00:53:35,659 - Averaged Train Loss: 1.4865
2026-04-14 00:53:35,659 - Test Accurancy: 0.4537
2026-04-14 00:53:43,676 - Round number: 43 --------------------------
2026-04-14 00:53:43,676 - Evaluate global model
2026-04-14 00:53:46,535 - Averaged Train Loss: 1.4727
2026-04-14 00:53:46,535 - Test Accurancy: 0.4581
2026-04-14 00:53:54,938 - Round number: 44 --------------------------
2026-04-14 00:53:54,938 - Evaluate global model
2026-04-14 00:53:57,396 - Averaged Train Loss: 1.4688
2026-04-14 00:53:57,396 - Test Accurancy: 0.4591
2026-04-14 00:54:06,294 - Round number: 45 --------------------------
2026-04-14 00:54:06,294 - Evaluate global model
2026-04-14 00:54:09,109 - Averaged Train Loss: 1.4639
2026-04-14 00:54:09,110 - Test Accurancy: 0.4604
2026-04-14 00:54:16,505 - Round number: 46 --------------------------
2026-04-14 00:54:16,506 - Evaluate global model
2026-04-14 00:54:20,277 - Averaged Train Loss: 1.4544
2026-04-14 00:54:20,277 - Test Accurancy: 0.4643
2026-04-14 00:54:27,528 - Round number: 47 --------------------------
2026-04-14 00:54:27,528 - Evaluate global model
2026-04-14 00:54:30,865 - Averaged Train Loss: 1.4484
2026-04-14 00:54:30,865 - Test Accurancy: 0.4671
2026-04-14 00:54:39,368 - Round number: 48 --------------------------
2026-04-14 00:54:39,369 - Evaluate global model
2026-04-14 00:54:41,771 - Averaged Train Loss: 1.4477
2026-04-14 00:54:41,771 - Test Accurancy: 0.4656
2026-04-14 00:54:50,275 - Round number: 49 --------------------------
2026-04-14 00:54:50,275 - Evaluate global model
2026-04-14 00:54:53,088 - Averaged Train Loss: 1.4513
2026-04-14 00:54:53,089 - Test Accurancy: 0.4642
2026-04-14 00:55:00,997 - Round number: 50 --------------------------
2026-04-14 00:55:00,997 - Evaluate global model
2026-04-14 00:55:03,875 - Averaged Train Loss: 1.4405
2026-04-14 00:55:03,875 - Test Accurancy: 0.4693
2026-04-14 00:55:12,216 - Round number: 51 --------------------------
2026-04-14 00:55:12,216 - Evaluate global model
2026-04-14 00:55:14,943 - Averaged Train Loss: 1.4332
2026-04-14 00:55:14,943 - Test Accurancy: 0.4706
2026-04-14 00:55:23,173 - Round number: 52 --------------------------
2026-04-14 00:55:23,173 - Evaluate global model
2026-04-14 00:55:26,418 - Averaged Train Loss: 1.4305
2026-04-14 00:55:26,419 - Test Accurancy: 0.4719
2026-04-14 00:55:33,459 - Round number: 53 --------------------------
2026-04-14 00:55:33,460 - Evaluate global model
2026-04-14 00:55:37,042 - Averaged Train Loss: 1.4279
2026-04-14 00:55:37,042 - Test Accurancy: 0.4735
2026-04-14 00:55:44,776 - Round number: 54 --------------------------
2026-04-14 00:55:44,777 - Evaluate global model
2026-04-14 00:55:47,255 - Averaged Train Loss: 1.4126
2026-04-14 00:55:47,255 - Test Accurancy: 0.4798
2026-04-14 00:55:56,507 - Round number: 55 --------------------------
2026-04-14 00:55:56,507 - Evaluate global model
2026-04-14 00:55:58,663 - Averaged Train Loss: 1.4105
2026-04-14 00:55:58,664 - Test Accurancy: 0.4794
2026-04-14 00:56:06,891 - Round number: 56 --------------------------
2026-04-14 00:56:06,891 - Evaluate global model
2026-04-14 00:56:10,039 - Averaged Train Loss: 1.4061
2026-04-14 00:56:10,039 - Test Accurancy: 0.4799
2026-04-14 00:56:17,657 - Round number: 57 --------------------------
2026-04-14 00:56:17,657 - Evaluate global model
2026-04-14 00:56:20,800 - Averaged Train Loss: 1.4042
2026-04-14 00:56:20,800 - Test Accurancy: 0.4815
2026-04-14 00:56:28,867 - Round number: 58 --------------------------
2026-04-14 00:56:28,868 - Evaluate global model
2026-04-14 00:56:31,642 - Averaged Train Loss: 1.4004
2026-04-14 00:56:31,642 - Test Accurancy: 0.4838
2026-04-14 00:56:39,488 - Round number: 59 --------------------------
2026-04-14 00:56:39,490 - Evaluate global model
2026-04-14 00:56:42,910 - Averaged Train Loss: 1.3963
2026-04-14 00:56:42,910 - Test Accurancy: 0.4840
2026-04-14 00:56:50,453 - Round number: 60 --------------------------
2026-04-14 00:56:50,453 - Evaluate global model
2026-04-14 00:56:53,360 - Averaged Train Loss: 1.3909
2026-04-14 00:56:53,361 - Test Accurancy: 0.4868
2026-04-14 00:57:02,137 - Round number: 61 --------------------------
2026-04-14 00:57:02,137 - Evaluate global model
2026-04-14 00:57:04,358 - Averaged Train Loss: 1.3819
2026-04-14 00:57:04,358 - Test Accurancy: 0.4911
2026-04-14 00:57:13,237 - Round number: 62 --------------------------
2026-04-14 00:57:13,237 - Evaluate global model
2026-04-14 00:57:16,072 - Averaged Train Loss: 1.3720
2026-04-14 00:57:16,072 - Test Accurancy: 0.4964
2026-04-14 00:57:24,149 - Round number: 63 --------------------------
2026-04-14 00:57:24,151 - Evaluate global model
2026-04-14 00:57:27,535 - Averaged Train Loss: 1.3748
2026-04-14 00:57:27,536 - Test Accurancy: 0.4946
2026-04-14 00:57:35,112 - Round number: 64 --------------------------
2026-04-14 00:57:35,112 - Evaluate global model
2026-04-14 00:57:38,284 - Averaged Train Loss: 1.3695
2026-04-14 00:57:38,285 - Test Accurancy: 0.4942
2026-04-14 00:57:46,280 - Round number: 65 --------------------------
2026-04-14 00:57:46,280 - Evaluate global model
2026-04-14 00:57:49,189 - Averaged Train Loss: 1.3596
2026-04-14 00:57:49,189 - Test Accurancy: 0.4983
2026-04-14 00:57:57,235 - Round number: 66 --------------------------
2026-04-14 00:57:57,235 - Evaluate global model
2026-04-14 00:58:00,429 - Averaged Train Loss: 1.3611
2026-04-14 00:58:00,429 - Test Accurancy: 0.4980
2026-04-14 00:58:08,268 - Round number: 67 --------------------------
2026-04-14 00:58:08,268 - Evaluate global model
2026-04-14 00:58:10,951 - Averaged Train Loss: 1.3584
2026-04-14 00:58:10,952 - Test Accurancy: 0.4998
2026-04-14 00:58:19,658 - Round number: 68 --------------------------
2026-04-14 00:58:19,658 - Evaluate global model
2026-04-14 00:58:21,978 - Averaged Train Loss: 1.3560
2026-04-14 00:58:21,979 - Test Accurancy: 0.5008
2026-04-14 00:58:30,476 - Round number: 69 --------------------------
2026-04-14 00:58:30,476 - Evaluate global model
2026-04-14 00:58:33,699 - Averaged Train Loss: 1.3552
2026-04-14 00:58:33,699 - Test Accurancy: 0.5006
2026-04-14 00:58:40,881 - Round number: 70 --------------------------
2026-04-14 00:58:40,881 - Evaluate global model
2026-04-14 00:58:44,777 - Averaged Train Loss: 1.3495
2026-04-14 00:58:44,777 - Test Accurancy: 0.5035
2026-04-14 00:58:52,175 - Round number: 71 --------------------------
2026-04-14 00:58:52,175 - Evaluate global model
2026-04-14 00:58:55,441 - Averaged Train Loss: 1.3476
2026-04-14 00:58:55,441 - Test Accurancy: 0.5038
2026-04-14 00:59:04,062 - Round number: 72 --------------------------
2026-04-14 00:59:04,062 - Evaluate global model
2026-04-14 00:59:06,503 - Averaged Train Loss: 1.3402
2026-04-14 00:59:06,503 - Test Accurancy: 0.5066
2026-04-14 00:59:14,777 - Round number: 73 --------------------------
2026-04-14 00:59:14,778 - Evaluate global model
2026-04-14 00:59:17,744 - Averaged Train Loss: 1.3402
2026-04-14 00:59:17,744 - Test Accurancy: 0.5058
2026-04-14 00:59:25,895 - Round number: 74 --------------------------
2026-04-14 00:59:25,895 - Evaluate global model
2026-04-14 00:59:28,534 - Averaged Train Loss: 1.3405
2026-04-14 00:59:28,534 - Test Accurancy: 0.5041
2026-04-14 00:59:37,292 - Round number: 75 --------------------------
2026-04-14 00:59:37,292 - Evaluate global model
2026-04-14 00:59:39,861 - Averaged Train Loss: 1.3302
2026-04-14 00:59:39,862 - Test Accurancy: 0.5104
2026-04-14 00:59:47,814 - Round number: 76 --------------------------
2026-04-14 00:59:47,815 - Evaluate global model
2026-04-14 00:59:51,459 - Averaged Train Loss: 1.3315
2026-04-14 00:59:51,459 - Test Accurancy: 0.5086
2026-04-14 00:59:58,403 - Round number: 77 --------------------------
2026-04-14 00:59:58,403 - Evaluate global model
2026-04-14 01:00:02,005 - Averaged Train Loss: 1.3281
2026-04-14 01:00:02,005 - Test Accurancy: 0.5098
2026-04-14 01:00:09,833 - Round number: 78 --------------------------
2026-04-14 01:00:09,833 - Evaluate global model
2026-04-14 01:00:12,712 - Averaged Train Loss: 1.3265
2026-04-14 01:00:12,713 - Test Accurancy: 0.5112
2026-04-14 01:00:21,479 - Round number: 79 --------------------------
2026-04-14 01:00:21,479 - Evaluate global model
2026-04-14 01:00:24,069 - Averaged Train Loss: 1.3189
2026-04-14 01:00:24,069 - Test Accurancy: 0.5156
2026-04-14 01:00:32,353 - Round number: 80 --------------------------
2026-04-14 01:00:32,353 - Evaluate global model
2026-04-14 01:00:35,332 - Averaged Train Loss: 1.3234
2026-04-14 01:00:35,333 - Test Accurancy: 0.5104
2026-04-14 01:00:43,273 - Round number: 81 --------------------------
2026-04-14 01:00:43,273 - Evaluate global model
2026-04-14 01:00:45,957 - Averaged Train Loss: 1.3141
2026-04-14 01:00:45,957 - Test Accurancy: 0.5137
2026-04-14 01:00:54,394 - Round number: 82 --------------------------
2026-04-14 01:00:54,394 - Evaluate global model
2026-04-14 01:00:57,214 - Averaged Train Loss: 1.3074
2026-04-14 01:00:57,214 - Test Accurancy: 0.5184
2026-04-14 01:01:04,599 - Round number: 83 --------------------------
2026-04-14 01:01:04,599 - Evaluate global model
2026-04-14 01:01:08,388 - Averaged Train Loss: 1.3077
2026-04-14 01:01:08,388 - Test Accurancy: 0.5177
2026-04-14 01:01:15,406 - Round number: 84 --------------------------
2026-04-14 01:01:15,407 - Evaluate global model
2026-04-14 01:01:18,776 - Averaged Train Loss: 1.3039
2026-04-14 01:01:18,777 - Test Accurancy: 0.5182
2026-04-14 01:01:27,111 - Round number: 85 --------------------------
2026-04-14 01:01:27,112 - Evaluate global model
2026-04-14 01:01:29,622 - Averaged Train Loss: 1.3084
2026-04-14 01:01:29,622 - Test Accurancy: 0.5161
2026-04-14 01:01:38,552 - Round number: 86 --------------------------
2026-04-14 01:01:38,552 - Evaluate global model
2026-04-14 01:01:41,236 - Averaged Train Loss: 1.3016
2026-04-14 01:01:41,236 - Test Accurancy: 0.5205
2026-04-14 01:01:49,345 - Round number: 87 --------------------------
2026-04-14 01:01:49,346 - Evaluate global model
2026-04-14 01:01:52,398 - Averaged Train Loss: 1.3024
2026-04-14 01:01:52,398 - Test Accurancy: 0.5193
2026-04-14 01:02:00,270 - Round number: 88 --------------------------
2026-04-14 01:02:00,270 - Evaluate global model
2026-04-14 01:02:03,287 - Averaged Train Loss: 1.3009
2026-04-14 01:02:03,287 - Test Accurancy: 0.5180
2026-04-14 01:02:11,523 - Round number: 89 --------------------------
2026-04-14 01:02:11,524 - Evaluate global model
2026-04-14 01:02:14,335 - Averaged Train Loss: 1.2964
2026-04-14 01:02:14,335 - Test Accurancy: 0.5212
2026-04-14 01:02:21,907 - Round number: 90 --------------------------
2026-04-14 01:02:21,907 - Evaluate global model
2026-04-14 01:02:25,469 - Averaged Train Loss: 1.2956
2026-04-14 01:02:25,469 - Test Accurancy: 0.5205
2026-04-14 01:02:33,125 - Round number: 91 --------------------------
2026-04-14 01:02:33,125 - Evaluate global model
2026-04-14 01:02:36,026 - Averaged Train Loss: 1.2924
2026-04-14 01:02:36,027 - Test Accurancy: 0.5225
2026-04-14 01:02:45,059 - Round number: 92 --------------------------
2026-04-14 01:02:45,059 - Evaluate global model
2026-04-14 01:02:47,217 - Averaged Train Loss: 1.2874
2026-04-14 01:02:47,217 - Test Accurancy: 0.5255
2026-04-14 01:02:55,865 - Round number: 93 --------------------------
2026-04-14 01:02:55,865 - Evaluate global model
2026-04-14 01:02:58,807 - Averaged Train Loss: 1.2856
2026-04-14 01:02:58,807 - Test Accurancy: 0.5249
2026-04-14 01:03:06,383 - Round number: 94 --------------------------
2026-04-14 01:03:06,383 - Evaluate global model
2026-04-14 01:03:09,718 - Averaged Train Loss: 1.2855
2026-04-14 01:03:09,718 - Test Accurancy: 0.5253
2026-04-14 01:03:17,702 - Round number: 95 --------------------------
2026-04-14 01:03:17,702 - Evaluate global model
2026-04-14 01:03:20,676 - Averaged Train Loss: 1.2819
2026-04-14 01:03:20,677 - Test Accurancy: 0.5261
2026-04-14 01:03:28,831 - Round number: 96 --------------------------
2026-04-14 01:03:28,832 - Evaluate global model
2026-04-14 01:03:31,904 - Averaged Train Loss: 1.2787
2026-04-14 01:03:31,905 - Test Accurancy: 0.5263
2026-04-14 01:03:39,709 - Round number: 97 --------------------------
2026-04-14 01:03:39,709 - Evaluate global model
2026-04-14 01:03:42,764 - Averaged Train Loss: 1.2759
2026-04-14 01:03:42,765 - Test Accurancy: 0.5281
2026-04-14 01:03:50,949 - Round number: 98 --------------------------
2026-04-14 01:03:50,950 - Evaluate global model
2026-04-14 01:03:53,433 - Averaged Train Loss: 1.2773
2026-04-14 01:03:53,433 - Test Accurancy: 0.5269
2026-04-14 01:04:02,664 - Round number: 99 --------------------------
2026-04-14 01:04:02,664 - Evaluate global model
2026-04-14 01:04:05,054 - Averaged Train Loss: 1.2747
2026-04-14 01:04:05,054 - Test Accurancy: 0.5290
2026-04-14 01:04:13,176 - Round number: 100 --------------------------
2026-04-14 01:04:13,176 - Evaluate global model
2026-04-14 01:04:16,649 - Averaged Train Loss: 1.2706
2026-04-14 01:04:16,649 - Test Accurancy: 0.5321
2026-04-14 01:04:23,960 - Run over
2026-04-14 01:04:23,960 - Saving results to ./exp/exp4/Cifar10/median_CAMP_perturbation_v5.h5
2026-04-14 01:04:23,965 - Best accuracy: 0.5321345321345321
2026-04-14 01:04:23,965 - Average time cost per round: 11.023059277534484
