2026-04-12 00:26:19,431 - *****************EXP-4*****************
2026-04-12 00:26:19,431 - Exp repeats: 1
2026-04-12 00:26:19,431 - Communication Rounds: 100
2026-04-12 00:26:19,431 - Clients: 40

2026-04-12 00:26:19,431 - Attack method: CAMP
2026-04-12 00:26:19,431 - Filtering rule: median
2026-04-12 00:26:19,431 - Dataset: Cifar10
2026-04-12 00:26:19,431 - Model: cnn2
2026-04-12 00:26:19,431 - Learning Rate: 0.04
2026-04-12 00:26:19,432 - Batch Size: 64
2026-04-12 00:26:19,432 - Device: cuda
2026-04-12 00:26:19,432 - Device id: 0
2026-04-12 00:26:19,432 - Adversaries: 8
2026-04-12 00:26:19,432 - Model Poisoning: CAMP attack, mode clipping_v3
2026-04-12 00:26:19,432 - *****************EXP-4*****************
2026-04-12 00:26:19,810 - Running time: 0th ==========================
2026-04-12 00:26:24,393 - Round number: 0 --------------------------
2026-04-12 00:26:24,394 - Evaluate global model
2026-04-12 00:26:27,144 - Averaged Train Loss: 2.3046
2026-04-12 00:26:27,144 - Test Accurancy: 0.0977
2026-04-12 00:26:36,434 - Round number: 1 --------------------------
2026-04-12 00:26:36,434 - Evaluate global model
2026-04-12 00:26:38,297 - Averaged Train Loss: 2.2826
2026-04-12 00:26:38,297 - Test Accurancy: 0.1173
2026-04-12 00:26:46,593 - Round number: 2 --------------------------
2026-04-12 00:26:46,593 - Evaluate global model
2026-04-12 00:26:49,467 - Averaged Train Loss: 2.2015
2026-04-12 00:26:49,467 - Test Accurancy: 0.1820
2026-04-12 00:26:57,136 - Round number: 3 --------------------------
2026-04-12 00:26:57,136 - Evaluate global model
2026-04-12 00:26:59,887 - Averaged Train Loss: 2.1208
2026-04-12 00:26:59,888 - Test Accurancy: 0.2140
2026-04-12 00:27:07,964 - Round number: 4 --------------------------
2026-04-12 00:27:07,964 - Evaluate global model
2026-04-12 00:27:10,855 - Averaged Train Loss: 2.0667
2026-04-12 00:27:10,855 - Test Accurancy: 0.2345
2026-04-12 00:27:18,043 - Round number: 5 --------------------------
2026-04-12 00:27:18,043 - Evaluate global model
2026-04-12 00:27:21,155 - Averaged Train Loss: 2.0221
2026-04-12 00:27:21,155 - Test Accurancy: 0.2522
2026-04-12 00:27:29,345 - Round number: 6 --------------------------
2026-04-12 00:27:29,345 - Evaluate global model
2026-04-12 00:27:31,329 - Averaged Train Loss: 1.9886
2026-04-12 00:27:31,329 - Test Accurancy: 0.2634
2026-04-12 00:27:40,120 - Round number: 7 --------------------------
2026-04-12 00:27:40,120 - Evaluate global model
2026-04-12 00:27:42,560 - Averaged Train Loss: 1.9554
2026-04-12 00:27:42,560 - Test Accurancy: 0.2794
2026-04-12 00:27:50,039 - Round number: 8 --------------------------
2026-04-12 00:27:50,040 - Evaluate global model
2026-04-12 00:27:53,113 - Averaged Train Loss: 1.9268
2026-04-12 00:27:53,113 - Test Accurancy: 0.2932
2026-04-12 00:28:00,860 - Round number: 9 --------------------------
2026-04-12 00:28:00,860 - Evaluate global model
2026-04-12 00:28:03,647 - Averaged Train Loss: 1.8951
2026-04-12 00:28:03,647 - Test Accurancy: 0.3134
2026-04-12 00:28:11,151 - Round number: 10 --------------------------
2026-04-12 00:28:11,151 - Evaluate global model
2026-04-12 00:28:14,516 - Averaged Train Loss: 1.8620
2026-04-12 00:28:14,516 - Test Accurancy: 0.3322
2026-04-12 00:28:21,887 - Round number: 11 --------------------------
2026-04-12 00:28:21,888 - Evaluate global model
2026-04-12 00:28:24,272 - Averaged Train Loss: 1.8378
2026-04-12 00:28:24,272 - Test Accurancy: 0.3407
2026-04-12 00:28:33,297 - Round number: 12 --------------------------
2026-04-12 00:28:33,298 - Evaluate global model
2026-04-12 00:28:35,435 - Averaged Train Loss: 1.8210
2026-04-12 00:28:35,436 - Test Accurancy: 0.3475
