2026-04-14 00:24:03,573 - *****************EXP-4*****************
2026-04-14 00:24:03,573 - Exp repeats: 1
2026-04-14 00:24:03,574 - Communication Rounds: 100
2026-04-14 00:24:03,574 - Clients: 40

2026-04-14 00:24:03,574 - Attack method: CAMP
2026-04-14 00:24:03,574 - Filtering rule: median
2026-04-14 00:24:03,574 - Dataset: Cifar10
2026-04-14 00:24:03,574 - Model: cnn2
2026-04-14 00:24:03,574 - Learning Rate: 0.04
2026-04-14 00:24:03,574 - Batch Size: 64
2026-04-14 00:24:03,574 - Device: cuda
2026-04-14 00:24:03,574 - Device id: 0
2026-04-14 00:24:03,574 - Adversaries: 8
2026-04-14 00:24:03,574 - Model Poisoning: CAMP attack, mode clipping_v5
2026-04-14 00:24:03,574 - *****************EXP-4*****************
2026-04-14 00:24:03,974 - Running time: 0th ==========================
2026-04-14 00:24:09,798 - Round number: 0 --------------------------
2026-04-14 00:24:09,798 - Evaluate global model
2026-04-14 00:24:13,161 - Averaged Train Loss: 2.3021
2026-04-14 00:24:13,174 - Test Accurancy: 0.1016
2026-04-14 00:24:23,030 - Round number: 1 --------------------------
2026-04-14 00:24:23,030 - Evaluate global model
2026-04-14 00:24:24,968 - Averaged Train Loss: 2.2903
2026-04-14 00:24:24,968 - Test Accurancy: 0.1126
2026-04-14 00:24:33,872 - Round number: 2 --------------------------
2026-04-14 00:24:33,873 - Evaluate global model
2026-04-14 00:24:36,903 - Averaged Train Loss: 2.2553
2026-04-14 00:24:36,904 - Test Accurancy: 0.1624
2026-04-14 00:24:44,790 - Round number: 3 --------------------------
2026-04-14 00:24:44,790 - Evaluate global model
2026-04-14 00:24:47,746 - Averaged Train Loss: 2.2053
2026-04-14 00:24:47,746 - Test Accurancy: 0.2117
2026-04-14 00:24:55,862 - Round number: 4 --------------------------
2026-04-14 00:24:55,863 - Evaluate global model
2026-04-14 00:24:58,424 - Averaged Train Loss: 2.1371
2026-04-14 00:24:58,424 - Test Accurancy: 0.2295
2026-04-14 00:25:06,562 - Round number: 5 --------------------------
2026-04-14 00:25:06,562 - Evaluate global model
2026-04-14 00:25:09,701 - Averaged Train Loss: 2.0713
2026-04-14 00:25:09,702 - Test Accurancy: 0.2376
2026-04-14 00:25:17,254 - Round number: 6 --------------------------
2026-04-14 00:25:17,254 - Evaluate global model
2026-04-14 00:25:20,399 - Averaged Train Loss: 2.0237
2026-04-14 00:25:20,399 - Test Accurancy: 0.2566
2026-04-14 00:25:28,993 - Round number: 7 --------------------------
2026-04-14 00:25:28,994 - Evaluate global model
2026-04-14 00:25:31,108 - Averaged Train Loss: 1.9846
2026-04-14 00:25:31,108 - Test Accurancy: 0.2801
2026-04-14 00:25:40,515 - Round number: 8 --------------------------
2026-04-14 00:25:40,515 - Evaluate global model
2026-04-14 00:25:42,813 - Averaged Train Loss: 1.9441
2026-04-14 00:25:42,813 - Test Accurancy: 0.2982
2026-04-14 00:25:51,033 - Round number: 9 --------------------------
2026-04-14 00:25:51,034 - Evaluate global model
2026-04-14 00:25:54,071 - Averaged Train Loss: 1.9215
2026-04-14 00:25:54,071 - Test Accurancy: 0.3032
2026-04-14 00:26:01,886 - Round number: 10 --------------------------
2026-04-14 00:26:01,886 - Evaluate global model
2026-04-14 00:26:04,775 - Averaged Train Loss: 1.8961
2026-04-14 00:26:04,775 - Test Accurancy: 0.3140
2026-04-14 00:26:13,221 - Round number: 11 --------------------------
2026-04-14 00:26:13,221 - Evaluate global model
2026-04-14 00:26:15,947 - Averaged Train Loss: 1.8731
2026-04-14 00:26:15,948 - Test Accurancy: 0.3185
2026-04-14 00:26:24,058 - Round number: 12 --------------------------
2026-04-14 00:26:24,058 - Evaluate global model
2026-04-14 00:26:27,304 - Averaged Train Loss: 1.8461
2026-04-14 00:26:27,305 - Test Accurancy: 0.3264
2026-04-14 00:26:35,059 - Round number: 13 --------------------------
2026-04-14 00:26:35,059 - Evaluate global model
2026-04-14 00:26:37,727 - Averaged Train Loss: 1.8193
2026-04-14 00:26:37,727 - Test Accurancy: 0.3353
2026-04-14 00:26:46,729 - Round number: 14 --------------------------
2026-04-14 00:26:46,730 - Evaluate global model
2026-04-14 00:26:48,838 - Averaged Train Loss: 1.7965
2026-04-14 00:26:48,838 - Test Accurancy: 0.3445
2026-04-14 00:26:57,765 - Round number: 15 --------------------------
2026-04-14 00:26:57,765 - Evaluate global model
2026-04-14 00:27:00,658 - Averaged Train Loss: 1.7792
2026-04-14 00:27:00,658 - Test Accurancy: 0.3495
2026-04-14 00:27:08,491 - Round number: 16 --------------------------
2026-04-14 00:27:08,492 - Evaluate global model
2026-04-14 00:27:12,175 - Averaged Train Loss: 1.7612
2026-04-14 00:27:12,177 - Test Accurancy: 0.3552
2026-04-14 00:27:19,555 - Round number: 17 --------------------------
2026-04-14 00:27:19,555 - Evaluate global model
2026-04-14 00:27:22,752 - Averaged Train Loss: 1.7414
2026-04-14 00:27:22,752 - Test Accurancy: 0.3624
2026-04-14 00:27:30,904 - Round number: 18 --------------------------
2026-04-14 00:27:30,905 - Evaluate global model
2026-04-14 00:27:33,618 - Averaged Train Loss: 1.7241
2026-04-14 00:27:33,619 - Test Accurancy: 0.3668
2026-04-14 00:27:41,560 - Round number: 19 --------------------------
2026-04-14 00:27:41,561 - Evaluate global model
2026-04-14 00:27:44,963 - Averaged Train Loss: 1.7093
2026-04-14 00:27:44,963 - Test Accurancy: 0.3733
2026-04-14 00:27:52,767 - Round number: 20 --------------------------
2026-04-14 00:27:52,768 - Evaluate global model
2026-04-14 00:27:55,423 - Averaged Train Loss: 1.6932
2026-04-14 00:27:55,424 - Test Accurancy: 0.3779
2026-04-14 00:28:04,284 - Round number: 21 --------------------------
2026-04-14 00:28:04,285 - Evaluate global model
2026-04-14 00:28:06,715 - Averaged Train Loss: 1.6793
2026-04-14 00:28:06,715 - Test Accurancy: 0.3842
2026-04-14 00:28:15,387 - Round number: 22 --------------------------
2026-04-14 00:28:15,388 - Evaluate global model
2026-04-14 00:28:18,632 - Averaged Train Loss: 1.6708
2026-04-14 00:28:18,633 - Test Accurancy: 0.3871
2026-04-14 00:28:25,964 - Round number: 23 --------------------------
2026-04-14 00:28:25,965 - Evaluate global model
2026-04-14 00:28:29,962 - Averaged Train Loss: 1.6596
2026-04-14 00:28:29,962 - Test Accurancy: 0.3905
2026-04-14 00:28:37,164 - Round number: 24 --------------------------
2026-04-14 00:28:37,164 - Evaluate global model
2026-04-14 00:28:40,443 - Averaged Train Loss: 1.6430
2026-04-14 00:28:40,443 - Test Accurancy: 0.3961
2026-04-14 00:28:48,808 - Round number: 25 --------------------------
2026-04-14 00:28:48,809 - Evaluate global model
2026-04-14 00:28:51,683 - Averaged Train Loss: 1.6343
2026-04-14 00:28:51,684 - Test Accurancy: 0.3988
2026-04-14 00:28:59,449 - Round number: 26 --------------------------
2026-04-14 00:28:59,449 - Evaluate global model
2026-04-14 00:29:02,924 - Averaged Train Loss: 1.6291
2026-04-14 00:29:02,924 - Test Accurancy: 0.4001
2026-04-14 00:29:10,623 - Round number: 27 --------------------------
2026-04-14 00:29:10,624 - Evaluate global model
2026-04-14 00:29:13,750 - Averaged Train Loss: 1.6143
2026-04-14 00:29:13,750 - Test Accurancy: 0.4053
2026-04-14 00:29:22,290 - Round number: 28 --------------------------
2026-04-14 00:29:22,291 - Evaluate global model
2026-04-14 00:29:25,055 - Averaged Train Loss: 1.6023
2026-04-14 00:29:25,055 - Test Accurancy: 0.4103
2026-04-14 00:29:33,021 - Round number: 29 --------------------------
2026-04-14 00:29:33,022 - Evaluate global model
2026-04-14 00:29:36,576 - Averaged Train Loss: 1.5924
2026-04-14 00:29:36,576 - Test Accurancy: 0.4145
2026-04-14 00:29:43,401 - Round number: 30 --------------------------
2026-04-14 00:29:43,402 - Evaluate global model
2026-04-14 00:29:47,479 - Averaged Train Loss: 1.5774
2026-04-14 00:29:47,479 - Test Accurancy: 0.4191
2026-04-14 00:29:54,805 - Round number: 31 --------------------------
2026-04-14 00:29:54,805 - Evaluate global model
2026-04-14 00:29:58,351 - Averaged Train Loss: 1.5713
2026-04-14 00:29:58,352 - Test Accurancy: 0.4204
2026-04-14 00:30:06,248 - Round number: 32 --------------------------
2026-04-14 00:30:06,249 - Evaluate global model
2026-04-14 00:30:09,321 - Averaged Train Loss: 1.5672
2026-04-14 00:30:09,322 - Test Accurancy: 0.4203
2026-04-14 00:30:16,773 - Round number: 33 --------------------------
2026-04-14 00:30:16,774 - Evaluate global model
2026-04-14 00:30:20,310 - Averaged Train Loss: 1.5566
2026-04-14 00:30:20,310 - Test Accurancy: 0.4250
2026-04-14 00:30:28,054 - Round number: 34 --------------------------
2026-04-14 00:30:28,054 - Evaluate global model
2026-04-14 00:30:31,015 - Averaged Train Loss: 1.5501
2026-04-14 00:30:31,016 - Test Accurancy: 0.4283
2026-04-14 00:30:39,580 - Round number: 35 --------------------------
2026-04-14 00:30:39,580 - Evaluate global model
2026-04-14 00:30:42,562 - Averaged Train Loss: 1.5462
2026-04-14 00:30:42,562 - Test Accurancy: 0.4284
2026-04-14 00:30:49,847 - Round number: 36 --------------------------
2026-04-14 00:30:49,847 - Evaluate global model
2026-04-14 00:30:54,001 - Averaged Train Loss: 1.5416
2026-04-14 00:30:54,001 - Test Accurancy: 0.4295
2026-04-14 00:31:00,320 - Round number: 37 --------------------------
2026-04-14 00:31:00,320 - Evaluate global model
2026-04-14 00:31:04,091 - Averaged Train Loss: 1.5373
2026-04-14 00:31:04,092 - Test Accurancy: 0.4311
2026-04-14 00:31:11,937 - Round number: 38 --------------------------
2026-04-14 00:31:11,938 - Evaluate global model
2026-04-14 00:31:15,173 - Averaged Train Loss: 1.5295
2026-04-14 00:31:15,173 - Test Accurancy: 0.4336
2026-04-14 00:31:23,219 - Round number: 39 --------------------------
2026-04-14 00:31:23,219 - Evaluate global model
2026-04-14 00:31:26,634 - Averaged Train Loss: 1.5220
2026-04-14 00:31:26,634 - Test Accurancy: 0.4363
2026-04-14 00:31:33,991 - Round number: 40 --------------------------
2026-04-14 00:31:33,991 - Evaluate global model
2026-04-14 00:31:37,453 - Averaged Train Loss: 1.5128
2026-04-14 00:31:37,453 - Test Accurancy: 0.4404
2026-04-14 00:31:45,135 - Round number: 41 --------------------------
2026-04-14 00:31:45,135 - Evaluate global model
2026-04-14 00:31:48,207 - Averaged Train Loss: 1.5053
2026-04-14 00:31:48,207 - Test Accurancy: 0.4444
2026-04-14 00:31:56,077 - Round number: 42 --------------------------
2026-04-14 00:31:56,077 - Evaluate global model
2026-04-14 00:31:59,610 - Averaged Train Loss: 1.5015
2026-04-14 00:31:59,611 - Test Accurancy: 0.4480
2026-04-14 00:32:06,198 - Round number: 43 --------------------------
2026-04-14 00:32:06,199 - Evaluate global model
2026-04-14 00:32:10,410 - Averaged Train Loss: 1.4892
2026-04-14 00:32:10,411 - Test Accurancy: 0.4507
2026-04-14 00:32:17,605 - Round number: 44 --------------------------
2026-04-14 00:32:17,605 - Evaluate global model
2026-04-14 00:32:20,934 - Averaged Train Loss: 1.4870
2026-04-14 00:32:20,934 - Test Accurancy: 0.4505
2026-04-14 00:32:29,273 - Round number: 45 --------------------------
2026-04-14 00:32:29,273 - Evaluate global model
2026-04-14 00:32:32,036 - Averaged Train Loss: 1.4828
2026-04-14 00:32:32,037 - Test Accurancy: 0.4520
2026-04-14 00:32:40,271 - Round number: 46 --------------------------
2026-04-14 00:32:40,272 - Evaluate global model
2026-04-14 00:32:43,782 - Averaged Train Loss: 1.4765
2026-04-14 00:32:43,782 - Test Accurancy: 0.4555
2026-04-14 00:32:50,775 - Round number: 47 --------------------------
2026-04-14 00:32:50,776 - Evaluate global model
2026-04-14 00:32:54,276 - Averaged Train Loss: 1.4719
2026-04-14 00:32:54,276 - Test Accurancy: 0.4556
2026-04-14 00:33:02,077 - Round number: 48 --------------------------
2026-04-14 00:33:02,077 - Evaluate global model
2026-04-14 00:33:05,483 - Averaged Train Loss: 1.4706
2026-04-14 00:33:05,483 - Test Accurancy: 0.4558
2026-04-14 00:33:12,846 - Round number: 49 --------------------------
2026-04-14 00:33:12,846 - Evaluate global model
2026-04-14 00:33:16,773 - Averaged Train Loss: 1.4752
2026-04-14 00:33:16,774 - Test Accurancy: 0.4567
2026-04-14 00:33:23,482 - Round number: 50 --------------------------
2026-04-14 00:33:23,482 - Evaluate global model
2026-04-14 00:33:27,527 - Averaged Train Loss: 1.4625
2026-04-14 00:33:27,527 - Test Accurancy: 0.4607
2026-04-14 00:33:35,082 - Round number: 51 --------------------------
2026-04-14 00:33:35,083 - Evaluate global model
2026-04-14 00:33:38,376 - Averaged Train Loss: 1.4565
2026-04-14 00:33:38,376 - Test Accurancy: 0.4625
2026-04-14 00:33:46,859 - Round number: 52 --------------------------
2026-04-14 00:33:46,859 - Evaluate global model
2026-04-14 00:33:49,743 - Averaged Train Loss: 1.4529
2026-04-14 00:33:49,743 - Test Accurancy: 0.4635
2026-04-14 00:33:57,248 - Round number: 53 --------------------------
2026-04-14 00:33:57,248 - Evaluate global model
2026-04-14 00:34:00,702 - Averaged Train Loss: 1.4490
2026-04-14 00:34:00,702 - Test Accurancy: 0.4676
2026-04-14 00:34:07,846 - Round number: 54 --------------------------
2026-04-14 00:34:07,846 - Evaluate global model
2026-04-14 00:34:11,600 - Averaged Train Loss: 1.4371
2026-04-14 00:34:11,600 - Test Accurancy: 0.4703
2026-04-14 00:34:19,183 - Round number: 55 --------------------------
2026-04-14 00:34:19,184 - Evaluate global model
2026-04-14 00:34:22,507 - Averaged Train Loss: 1.4338
2026-04-14 00:34:22,507 - Test Accurancy: 0.4715
2026-04-14 00:34:29,529 - Round number: 56 --------------------------
2026-04-14 00:34:29,529 - Evaluate global model
2026-04-14 00:34:33,609 - Averaged Train Loss: 1.4296
2026-04-14 00:34:33,610 - Test Accurancy: 0.4717
2026-04-14 00:34:40,420 - Round number: 57 --------------------------
2026-04-14 00:34:40,421 - Evaluate global model
2026-04-14 00:34:43,844 - Averaged Train Loss: 1.4294
2026-04-14 00:34:43,844 - Test Accurancy: 0.4732
2026-04-14 00:34:52,158 - Round number: 58 --------------------------
2026-04-14 00:34:52,158 - Evaluate global model
2026-04-14 00:34:54,946 - Averaged Train Loss: 1.4240
2026-04-14 00:34:54,947 - Test Accurancy: 0.4747
2026-04-14 00:35:03,393 - Round number: 59 --------------------------
2026-04-14 00:35:03,394 - Evaluate global model
2026-04-14 00:35:06,576 - Averaged Train Loss: 1.4221
2026-04-14 00:35:06,576 - Test Accurancy: 0.4742
2026-04-14 00:35:13,875 - Round number: 60 --------------------------
2026-04-14 00:35:13,875 - Evaluate global model
2026-04-14 00:35:17,932 - Averaged Train Loss: 1.4157
2026-04-14 00:35:17,933 - Test Accurancy: 0.4760
2026-04-14 00:35:24,857 - Round number: 61 --------------------------
2026-04-14 00:35:24,858 - Evaluate global model
2026-04-14 00:35:28,580 - Averaged Train Loss: 1.4049
2026-04-14 00:35:28,580 - Test Accurancy: 0.4805
2026-04-14 00:35:36,134 - Round number: 62 --------------------------
2026-04-14 00:35:36,135 - Evaluate global model
2026-04-14 00:35:39,566 - Averaged Train Loss: 1.3963
2026-04-14 00:35:39,566 - Test Accurancy: 0.4838
2026-04-14 00:35:46,773 - Round number: 63 --------------------------
2026-04-14 00:35:46,774 - Evaluate global model
2026-04-14 00:35:50,746 - Averaged Train Loss: 1.4007
2026-04-14 00:35:50,747 - Test Accurancy: 0.4836
2026-04-14 00:35:57,910 - Round number: 64 --------------------------
2026-04-14 00:35:57,911 - Evaluate global model
2026-04-14 00:36:01,223 - Averaged Train Loss: 1.3972
2026-04-14 00:36:01,223 - Test Accurancy: 0.4836
2026-04-14 00:36:09,704 - Round number: 65 --------------------------
2026-04-14 00:36:09,704 - Evaluate global model
2026-04-14 00:36:12,526 - Averaged Train Loss: 1.3881
2026-04-14 00:36:12,527 - Test Accurancy: 0.4848
2026-04-14 00:36:20,430 - Round number: 66 --------------------------
2026-04-14 00:36:20,431 - Evaluate global model
2026-04-14 00:36:24,122 - Averaged Train Loss: 1.3899
2026-04-14 00:36:24,122 - Test Accurancy: 0.4860
2026-04-14 00:36:30,891 - Round number: 67 --------------------------
2026-04-14 00:36:30,891 - Evaluate global model
2026-04-14 00:36:35,571 - Averaged Train Loss: 1.3837
2026-04-14 00:36:35,571 - Test Accurancy: 0.4878
2026-04-14 00:36:42,365 - Round number: 68 --------------------------
2026-04-14 00:36:42,366 - Evaluate global model
2026-04-14 00:36:46,071 - Averaged Train Loss: 1.3839
2026-04-14 00:36:46,071 - Test Accurancy: 0.4878
2026-04-14 00:36:53,797 - Round number: 69 --------------------------
2026-04-14 00:36:53,797 - Evaluate global model
2026-04-14 00:36:57,003 - Averaged Train Loss: 1.3842
2026-04-14 00:36:57,003 - Test Accurancy: 0.4870
2026-04-14 00:37:04,432 - Round number: 70 --------------------------
2026-04-14 00:37:04,433 - Evaluate global model
2026-04-14 00:37:08,427 - Averaged Train Loss: 1.3775
2026-04-14 00:37:08,427 - Test Accurancy: 0.4896
2026-04-14 00:37:15,698 - Round number: 71 --------------------------
2026-04-14 00:37:15,698 - Evaluate global model
2026-04-14 00:37:19,005 - Averaged Train Loss: 1.3742
2026-04-14 00:37:19,006 - Test Accurancy: 0.4910
2026-04-14 00:37:27,028 - Round number: 72 --------------------------
2026-04-14 00:37:27,029 - Evaluate global model
2026-04-14 00:37:30,251 - Averaged Train Loss: 1.3677
2026-04-14 00:37:30,252 - Test Accurancy: 0.4918
2026-04-14 00:37:37,575 - Round number: 73 --------------------------
2026-04-14 00:37:37,575 - Evaluate global model
2026-04-14 00:37:41,837 - Averaged Train Loss: 1.3677
2026-04-14 00:37:41,837 - Test Accurancy: 0.4914
2026-04-14 00:37:47,931 - Round number: 74 --------------------------
2026-04-14 00:37:47,931 - Evaluate global model
2026-04-14 00:37:52,280 - Averaged Train Loss: 1.3676
2026-04-14 00:37:52,280 - Test Accurancy: 0.4920
2026-04-14 00:37:59,494 - Round number: 75 --------------------------
2026-04-14 00:37:59,494 - Evaluate global model
2026-04-14 00:38:03,062 - Averaged Train Loss: 1.3592
2026-04-14 00:38:03,063 - Test Accurancy: 0.4958
2026-04-14 00:38:10,909 - Round number: 76 --------------------------
2026-04-14 00:38:10,910 - Evaluate global model
2026-04-14 00:38:14,295 - Averaged Train Loss: 1.3593
2026-04-14 00:38:14,296 - Test Accurancy: 0.4951
2026-04-14 00:38:21,600 - Round number: 77 --------------------------
2026-04-14 00:38:21,600 - Evaluate global model
2026-04-14 00:38:25,474 - Averaged Train Loss: 1.3547
2026-04-14 00:38:25,474 - Test Accurancy: 0.4970
2026-04-14 00:38:32,743 - Round number: 78 --------------------------
2026-04-14 00:38:32,743 - Evaluate global model
2026-04-14 00:38:36,201 - Averaged Train Loss: 1.3540
2026-04-14 00:38:36,202 - Test Accurancy: 0.4978
2026-04-14 00:38:44,022 - Round number: 79 --------------------------
2026-04-14 00:38:44,022 - Evaluate global model
2026-04-14 00:38:47,630 - Averaged Train Loss: 1.3455
2026-04-14 00:38:47,636 - Test Accurancy: 0.5002
2026-04-14 00:38:54,193 - Round number: 80 --------------------------
2026-04-14 00:38:54,193 - Evaluate global model
2026-04-14 00:38:58,627 - Averaged Train Loss: 1.3505
2026-04-14 00:38:58,627 - Test Accurancy: 0.4989
2026-04-14 00:39:05,146 - Round number: 81 --------------------------
2026-04-14 00:39:05,147 - Evaluate global model
2026-04-14 00:39:08,978 - Averaged Train Loss: 1.3440
2026-04-14 00:39:08,979 - Test Accurancy: 0.5009
2026-04-14 00:39:16,764 - Round number: 82 --------------------------
2026-04-14 00:39:16,764 - Evaluate global model
2026-04-14 00:39:19,632 - Averaged Train Loss: 1.3386
2026-04-14 00:39:19,632 - Test Accurancy: 0.5022
2026-04-14 00:39:27,551 - Round number: 83 --------------------------
2026-04-14 00:39:27,551 - Evaluate global model
2026-04-14 00:39:30,947 - Averaged Train Loss: 1.3391
2026-04-14 00:39:30,947 - Test Accurancy: 0.5019
2026-04-14 00:39:37,905 - Round number: 84 --------------------------
2026-04-14 00:39:37,906 - Evaluate global model
2026-04-14 00:39:41,806 - Averaged Train Loss: 1.3358
2026-04-14 00:39:41,806 - Test Accurancy: 0.5032
2026-04-14 00:39:49,296 - Round number: 85 --------------------------
2026-04-14 00:39:49,297 - Evaluate global model
2026-04-14 00:39:52,948 - Averaged Train Loss: 1.3387
2026-04-14 00:39:52,949 - Test Accurancy: 0.5041
2026-04-14 00:40:00,286 - Round number: 86 --------------------------
2026-04-14 00:40:00,286 - Evaluate global model
2026-04-14 00:40:04,260 - Averaged Train Loss: 1.3312
2026-04-14 00:40:04,261 - Test Accurancy: 0.5060
2026-04-14 00:40:11,035 - Round number: 87 --------------------------
2026-04-14 00:40:11,035 - Evaluate global model
2026-04-14 00:40:15,643 - Averaged Train Loss: 1.3314
2026-04-14 00:40:15,644 - Test Accurancy: 0.5062
2026-04-14 00:40:22,648 - Round number: 88 --------------------------
2026-04-14 00:40:22,649 - Evaluate global model
2026-04-14 00:40:26,265 - Averaged Train Loss: 1.3310
2026-04-14 00:40:26,265 - Test Accurancy: 0.5052
2026-04-14 00:40:34,395 - Round number: 89 --------------------------
2026-04-14 00:40:34,395 - Evaluate global model
2026-04-14 00:40:37,198 - Averaged Train Loss: 1.3277
2026-04-14 00:40:37,198 - Test Accurancy: 0.5069
2026-04-14 00:40:44,863 - Round number: 90 --------------------------
2026-04-14 00:40:44,864 - Evaluate global model
2026-04-14 00:40:48,476 - Averaged Train Loss: 1.3272
2026-04-14 00:40:48,476 - Test Accurancy: 0.5072
2026-04-14 00:40:55,350 - Round number: 91 --------------------------
2026-04-14 00:40:55,351 - Evaluate global model
2026-04-14 00:40:59,289 - Averaged Train Loss: 1.3224
2026-04-14 00:40:59,290 - Test Accurancy: 0.5096
2026-04-14 00:41:06,671 - Round number: 92 --------------------------
2026-04-14 00:41:06,672 - Evaluate global model
2026-04-14 00:41:10,293 - Averaged Train Loss: 1.3168
2026-04-14 00:41:10,294 - Test Accurancy: 0.5106
2026-04-14 00:41:17,554 - Round number: 93 --------------------------
2026-04-14 00:41:17,554 - Evaluate global model
2026-04-14 00:41:21,415 - Averaged Train Loss: 1.3140
2026-04-14 00:41:21,416 - Test Accurancy: 0.5118
2026-04-14 00:41:28,358 - Round number: 94 --------------------------
2026-04-14 00:41:28,359 - Evaluate global model
2026-04-14 00:41:32,393 - Averaged Train Loss: 1.3149
2026-04-14 00:41:32,393 - Test Accurancy: 0.5118
2026-04-14 00:41:39,981 - Round number: 95 --------------------------
2026-04-14 00:41:39,981 - Evaluate global model
2026-04-14 00:41:43,102 - Averaged Train Loss: 1.3125
2026-04-14 00:41:43,102 - Test Accurancy: 0.5126
2026-04-14 00:41:51,541 - Round number: 96 --------------------------
2026-04-14 00:41:51,541 - Evaluate global model
2026-04-14 00:41:54,782 - Averaged Train Loss: 1.3093
2026-04-14 00:41:54,782 - Test Accurancy: 0.5144
2026-04-14 00:42:02,140 - Round number: 97 --------------------------
2026-04-14 00:42:02,140 - Evaluate global model
2026-04-14 00:42:06,479 - Averaged Train Loss: 1.3072
2026-04-14 00:42:06,479 - Test Accurancy: 0.5120
2026-04-14 00:42:12,906 - Round number: 98 --------------------------
2026-04-14 00:42:12,906 - Evaluate global model
2026-04-14 00:42:17,039 - Averaged Train Loss: 1.3070
2026-04-14 00:42:17,039 - Test Accurancy: 0.5133
2026-04-14 00:42:24,067 - Round number: 99 --------------------------
2026-04-14 00:42:24,068 - Evaluate global model
2026-04-14 00:42:27,615 - Averaged Train Loss: 1.3040
2026-04-14 00:42:27,615 - Test Accurancy: 0.5157
2026-04-14 00:42:34,820 - Round number: 100 --------------------------
2026-04-14 00:42:34,821 - Evaluate global model
2026-04-14 00:42:38,938 - Averaged Train Loss: 1.3024
2026-04-14 00:42:38,938 - Test Accurancy: 0.5161
2026-04-14 00:42:45,292 - Run over
2026-04-14 00:42:45,292 - Saving results to ./exp/exp4/Cifar10/median_CAMP_clipping_v5.h5
2026-04-14 00:42:45,297 - Best accuracy: 0.5160839160839161
2026-04-14 00:42:45,298 - Average time cost per round: 11.022723035812378
