2025-12-18 13:01:15,499 - *****************EXP-4*****************
2025-12-18 13:01:15,499 - Exp repeats: 1
2025-12-18 13:01:15,499 - Communication Rounds: 100
2025-12-18 13:01:15,499 - Clients: 40

2025-12-18 13:01:15,499 - Attack method: sign_flip
2025-12-18 13:01:15,499 - Filtering rule: median
2025-12-18 13:01:15,500 - Dataset: Cifar10
2025-12-18 13:01:15,500 - Model: cnn2
2025-12-18 13:01:15,500 - Learning Rate: 0.04
2025-12-18 13:01:15,500 - Batch Size: 64
2025-12-18 13:01:15,500 - Device: cuda
2025-12-18 13:01:15,500 - Device id: 0
2025-12-18 13:01:15,500 - Adversaries: 8
2025-12-18 13:01:15,500 - Model Poisoning: Sign Flip attack
2025-12-18 13:01:15,500 - *****************EXP-4*****************
2025-12-18 13:01:15,704 - Running time: 0th ==========================
2025-12-18 13:01:19,161 - Round number: 0 --------------------------
2025-12-18 13:01:19,161 - Evaluate global model
2025-12-18 13:01:21,577 - Averaged Train Loss: 2.3046
2025-12-18 13:01:21,577 - Test Accurancy: 0.0977
2025-12-18 13:01:30,737 - Round number: 1 --------------------------
2025-12-18 13:01:30,737 - Evaluate global model
2025-12-18 13:01:32,771 - Averaged Train Loss: 2.2937
2025-12-18 13:01:32,771 - Test Accurancy: 0.0990
2025-12-18 13:01:40,742 - Round number: 2 --------------------------
2025-12-18 13:01:40,742 - Evaluate global model
2025-12-18 13:01:43,805 - Averaged Train Loss: 2.2547
2025-12-18 13:01:43,805 - Test Accurancy: 0.1748
2025-12-18 13:01:50,767 - Round number: 3 --------------------------
2025-12-18 13:01:50,767 - Evaluate global model
2025-12-18 13:01:54,360 - Averaged Train Loss: 2.1861
2025-12-18 13:01:54,360 - Test Accurancy: 0.1832
2025-12-18 13:02:01,325 - Round number: 4 --------------------------
2025-12-18 13:02:01,325 - Evaluate global model
2025-12-18 13:02:04,398 - Averaged Train Loss: 2.1396
2025-12-18 13:02:04,399 - Test Accurancy: 0.1959
2025-12-18 13:02:12,462 - Round number: 5 --------------------------
2025-12-18 13:02:12,462 - Evaluate global model
2025-12-18 13:02:15,328 - Averaged Train Loss: 2.1067
2025-12-18 13:02:15,328 - Test Accurancy: 0.2050
2025-12-18 13:02:22,792 - Round number: 6 --------------------------
2025-12-18 13:02:22,793 - Evaluate global model
2025-12-18 13:02:26,122 - Averaged Train Loss: 2.0659
2025-12-18 13:02:26,122 - Test Accurancy: 0.2165
2025-12-18 13:02:33,206 - Round number: 7 --------------------------
2025-12-18 13:02:33,206 - Evaluate global model
2025-12-18 13:02:36,397 - Averaged Train Loss: 2.0436
2025-12-18 13:02:36,397 - Test Accurancy: 0.2279
2025-12-18 13:02:44,318 - Round number: 8 --------------------------
2025-12-18 13:02:44,318 - Evaluate global model
2025-12-18 13:02:46,700 - Averaged Train Loss: 2.0161
2025-12-18 13:02:46,700 - Test Accurancy: 0.2380
2025-12-18 13:02:55,385 - Round number: 9 --------------------------
2025-12-18 13:02:55,386 - Evaluate global model
2025-12-18 13:02:57,470 - Averaged Train Loss: 1.9893
2025-12-18 13:02:57,470 - Test Accurancy: 0.2643
2025-12-18 13:03:05,664 - Round number: 10 --------------------------
2025-12-18 13:03:05,664 - Evaluate global model
2025-12-18 13:03:08,526 - Averaged Train Loss: 1.9566
2025-12-18 13:03:08,526 - Test Accurancy: 0.2793
2025-12-18 13:03:15,701 - Round number: 11 --------------------------
2025-12-18 13:03:15,701 - Evaluate global model
2025-12-18 13:03:19,310 - Averaged Train Loss: 1.9382
2025-12-18 13:03:19,311 - Test Accurancy: 0.2898
2025-12-18 13:03:26,186 - Round number: 12 --------------------------
2025-12-18 13:03:26,187 - Evaluate global model
2025-12-18 13:03:29,541 - Averaged Train Loss: 1.9216
2025-12-18 13:03:29,541 - Test Accurancy: 0.3020
2025-12-18 13:03:36,977 - Round number: 13 --------------------------
2025-12-18 13:03:36,977 - Evaluate global model
2025-12-18 13:03:39,858 - Averaged Train Loss: 1.9103
2025-12-18 13:03:39,859 - Test Accurancy: 0.3056
2025-12-18 13:03:47,501 - Round number: 14 --------------------------
2025-12-18 13:03:47,501 - Evaluate global model
2025-12-18 13:03:50,435 - Averaged Train Loss: 1.8873
2025-12-18 13:03:50,435 - Test Accurancy: 0.3156
2025-12-18 13:03:57,701 - Round number: 15 --------------------------
2025-12-18 13:03:57,701 - Evaluate global model
2025-12-18 13:04:00,870 - Averaged Train Loss: 1.8758
2025-12-18 13:04:00,870 - Test Accurancy: 0.3223
2025-12-18 13:04:08,797 - Round number: 16 --------------------------
2025-12-18 13:04:08,798 - Evaluate global model
2025-12-18 13:04:11,341 - Averaged Train Loss: 1.8496
2025-12-18 13:04:11,341 - Test Accurancy: 0.3329
2025-12-18 13:04:19,709 - Round number: 17 --------------------------
2025-12-18 13:04:19,709 - Evaluate global model
2025-12-18 13:04:21,992 - Averaged Train Loss: 1.8285
2025-12-18 13:04:21,992 - Test Accurancy: 0.3400
2025-12-18 13:04:30,185 - Round number: 18 --------------------------
2025-12-18 13:04:30,185 - Evaluate global model
2025-12-18 13:04:32,931 - Averaged Train Loss: 1.8247
2025-12-18 13:04:32,931 - Test Accurancy: 0.3397
2025-12-18 13:04:40,219 - Round number: 19 --------------------------
2025-12-18 13:04:40,219 - Evaluate global model
2025-12-18 13:04:44,040 - Averaged Train Loss: 1.8166
2025-12-18 13:04:44,040 - Test Accurancy: 0.3445
2025-12-18 13:04:50,670 - Round number: 20 --------------------------
2025-12-18 13:04:50,671 - Evaluate global model
2025-12-18 13:04:54,313 - Averaged Train Loss: 1.8061
2025-12-18 13:04:54,313 - Test Accurancy: 0.3474
2025-12-18 13:05:01,796 - Round number: 21 --------------------------
2025-12-18 13:05:01,796 - Evaluate global model
2025-12-18 13:05:04,827 - Averaged Train Loss: 1.7769
2025-12-18 13:05:04,827 - Test Accurancy: 0.3593
2025-12-18 13:05:12,936 - Round number: 22 --------------------------
2025-12-18 13:05:12,936 - Evaluate global model
2025-12-18 13:05:15,698 - Averaged Train Loss: 1.7519
2025-12-18 13:05:15,698 - Test Accurancy: 0.3701
2025-12-18 13:05:23,161 - Round number: 23 --------------------------
2025-12-18 13:05:23,161 - Evaluate global model
2025-12-18 13:05:26,435 - Averaged Train Loss: 1.7497
2025-12-18 13:05:26,435 - Test Accurancy: 0.3719
2025-12-18 13:05:33,743 - Round number: 24 --------------------------
2025-12-18 13:05:33,743 - Evaluate global model
2025-12-18 13:05:36,763 - Averaged Train Loss: 1.7335
2025-12-18 13:05:36,763 - Test Accurancy: 0.3793
2025-12-18 13:05:44,745 - Round number: 25 --------------------------
2025-12-18 13:05:44,745 - Evaluate global model
2025-12-18 13:05:46,897 - Averaged Train Loss: 1.7297
2025-12-18 13:05:46,898 - Test Accurancy: 0.3822
2025-12-18 13:05:55,656 - Round number: 26 --------------------------
2025-12-18 13:05:55,656 - Evaluate global model
2025-12-18 13:05:57,918 - Averaged Train Loss: 1.7136
2025-12-18 13:05:57,918 - Test Accurancy: 0.3867
2025-12-18 13:06:05,673 - Round number: 27 --------------------------
2025-12-18 13:06:05,673 - Evaluate global model
2025-12-18 13:06:08,961 - Averaged Train Loss: 1.7015
2025-12-18 13:06:08,962 - Test Accurancy: 0.3907
2025-12-18 13:06:15,830 - Round number: 28 --------------------------
2025-12-18 13:06:15,831 - Evaluate global model
2025-12-18 13:06:19,664 - Averaged Train Loss: 1.6864
2025-12-18 13:06:19,664 - Test Accurancy: 0.3984
2025-12-18 13:06:26,636 - Round number: 29 --------------------------
2025-12-18 13:06:26,636 - Evaluate global model
2025-12-18 13:06:29,813 - Averaged Train Loss: 1.6787
2025-12-18 13:06:29,813 - Test Accurancy: 0.3994
2025-12-18 13:06:37,745 - Round number: 30 --------------------------
2025-12-18 13:06:37,745 - Evaluate global model
2025-12-18 13:06:40,638 - Averaged Train Loss: 1.6763
2025-12-18 13:06:40,638 - Test Accurancy: 0.4011
2025-12-18 13:06:48,220 - Round number: 31 --------------------------
2025-12-18 13:06:48,220 - Evaluate global model
2025-12-18 13:06:51,363 - Averaged Train Loss: 1.6693
2025-12-18 13:06:51,363 - Test Accurancy: 0.4018
2025-12-18 13:06:58,850 - Round number: 32 --------------------------
2025-12-18 13:06:58,850 - Evaluate global model
2025-12-18 13:07:02,164 - Averaged Train Loss: 1.6561
2025-12-18 13:07:02,164 - Test Accurancy: 0.4057
2025-12-18 13:07:09,904 - Round number: 33 --------------------------
2025-12-18 13:07:09,904 - Evaluate global model
2025-12-18 13:07:12,560 - Averaged Train Loss: 1.6442
2025-12-18 13:07:12,560 - Test Accurancy: 0.4119
2025-12-18 13:07:20,967 - Round number: 34 --------------------------
2025-12-18 13:07:20,967 - Evaluate global model
2025-12-18 13:07:23,121 - Averaged Train Loss: 1.6330
2025-12-18 13:07:23,121 - Test Accurancy: 0.4153
2025-12-18 13:07:31,673 - Round number: 35 --------------------------
2025-12-18 13:07:31,674 - Evaluate global model
2025-12-18 13:07:34,156 - Averaged Train Loss: 1.6441
2025-12-18 13:07:34,156 - Test Accurancy: 0.4119
2025-12-18 13:07:41,808 - Round number: 36 --------------------------
2025-12-18 13:07:41,808 - Evaluate global model
2025-12-18 13:07:45,346 - Averaged Train Loss: 1.6240
2025-12-18 13:07:45,346 - Test Accurancy: 0.4204
2025-12-18 13:07:51,957 - Round number: 37 --------------------------
2025-12-18 13:07:51,958 - Evaluate global model
2025-12-18 13:07:55,618 - Averaged Train Loss: 1.6286
2025-12-18 13:07:55,618 - Test Accurancy: 0.4194
2025-12-18 13:08:02,612 - Round number: 38 --------------------------
2025-12-18 13:08:02,612 - Evaluate global model
2025-12-18 13:08:05,550 - Averaged Train Loss: 1.6192
2025-12-18 13:08:05,550 - Test Accurancy: 0.4222
2025-12-18 13:08:13,690 - Round number: 39 --------------------------
2025-12-18 13:08:13,690 - Evaluate global model
2025-12-18 13:08:16,409 - Averaged Train Loss: 1.6185
2025-12-18 13:08:16,409 - Test Accurancy: 0.4210
2025-12-18 13:08:23,940 - Round number: 40 --------------------------
2025-12-18 13:08:23,941 - Evaluate global model
2025-12-18 13:08:27,225 - Averaged Train Loss: 1.6098
2025-12-18 13:08:27,225 - Test Accurancy: 0.4248
2025-12-18 13:08:34,471 - Round number: 41 --------------------------
2025-12-18 13:08:34,471 - Evaluate global model
2025-12-18 13:08:37,241 - Averaged Train Loss: 1.5984
2025-12-18 13:08:37,241 - Test Accurancy: 0.4280
2025-12-18 13:08:45,569 - Round number: 42 --------------------------
2025-12-18 13:08:45,569 - Evaluate global model
2025-12-18 13:08:47,741 - Averaged Train Loss: 1.5983
2025-12-18 13:08:47,741 - Test Accurancy: 0.4286
2025-12-18 13:08:56,242 - Round number: 43 --------------------------
2025-12-18 13:08:56,242 - Evaluate global model
2025-12-18 13:08:58,668 - Averaged Train Loss: 1.5986
2025-12-18 13:08:58,668 - Test Accurancy: 0.4282
2025-12-18 13:09:06,247 - Round number: 44 --------------------------
2025-12-18 13:09:06,248 - Evaluate global model
2025-12-18 13:09:09,737 - Averaged Train Loss: 1.5907
2025-12-18 13:09:09,738 - Test Accurancy: 0.4294
2025-12-18 13:09:16,393 - Round number: 45 --------------------------
2025-12-18 13:09:16,393 - Evaluate global model
2025-12-18 13:09:20,153 - Averaged Train Loss: 1.5798
2025-12-18 13:09:20,153 - Test Accurancy: 0.4362
2025-12-18 13:09:27,052 - Round number: 46 --------------------------
2025-12-18 13:09:27,052 - Evaluate global model
2025-12-18 13:09:30,159 - Averaged Train Loss: 1.5772
2025-12-18 13:09:30,160 - Test Accurancy: 0.4364
2025-12-18 13:09:38,268 - Round number: 47 --------------------------
2025-12-18 13:09:38,268 - Evaluate global model
2025-12-18 13:09:40,932 - Averaged Train Loss: 1.5740
2025-12-18 13:09:40,932 - Test Accurancy: 0.4352
2025-12-18 13:09:48,499 - Round number: 48 --------------------------
2025-12-18 13:09:48,499 - Evaluate global model
2025-12-18 13:09:51,590 - Averaged Train Loss: 1.5587
2025-12-18 13:09:51,590 - Test Accurancy: 0.4425
2025-12-18 13:09:58,801 - Round number: 49 --------------------------
2025-12-18 13:09:58,801 - Evaluate global model
2025-12-18 13:10:01,699 - Averaged Train Loss: 1.5664
2025-12-18 13:10:01,700 - Test Accurancy: 0.4396
2025-12-18 13:10:09,885 - Round number: 50 --------------------------
2025-12-18 13:10:09,885 - Evaluate global model
2025-12-18 13:10:12,203 - Averaged Train Loss: 1.5598
2025-12-18 13:10:12,204 - Test Accurancy: 0.4424
2025-12-18 13:10:20,608 - Round number: 51 --------------------------
2025-12-18 13:10:20,608 - Evaluate global model
2025-12-18 13:10:22,976 - Averaged Train Loss: 1.5590
2025-12-18 13:10:22,976 - Test Accurancy: 0.4440
2025-12-18 13:10:30,699 - Round number: 52 --------------------------
2025-12-18 13:10:30,699 - Evaluate global model
2025-12-18 13:10:34,015 - Averaged Train Loss: 1.5545
2025-12-18 13:10:34,015 - Test Accurancy: 0.4455
2025-12-18 13:10:40,691 - Round number: 53 --------------------------
2025-12-18 13:10:40,692 - Evaluate global model
2025-12-18 13:10:44,584 - Averaged Train Loss: 1.5541
2025-12-18 13:10:44,584 - Test Accurancy: 0.4453
2025-12-18 13:10:51,371 - Round number: 54 --------------------------
2025-12-18 13:10:51,371 - Evaluate global model
2025-12-18 13:10:54,606 - Averaged Train Loss: 1.5574
2025-12-18 13:10:54,606 - Test Accurancy: 0.4449
2025-12-18 13:11:02,643 - Round number: 55 --------------------------
2025-12-18 13:11:02,643 - Evaluate global model
2025-12-18 13:11:05,339 - Averaged Train Loss: 1.5493
2025-12-18 13:11:05,339 - Test Accurancy: 0.4477
2025-12-18 13:11:13,113 - Round number: 56 --------------------------
2025-12-18 13:11:13,113 - Evaluate global model
2025-12-18 13:11:16,084 - Averaged Train Loss: 1.5509
2025-12-18 13:11:16,084 - Test Accurancy: 0.4473
2025-12-18 13:11:23,552 - Round number: 57 --------------------------
2025-12-18 13:11:23,552 - Evaluate global model
2025-12-18 13:11:26,622 - Averaged Train Loss: 1.5472
2025-12-18 13:11:26,623 - Test Accurancy: 0.4492
2025-12-18 13:11:34,678 - Round number: 58 --------------------------
2025-12-18 13:11:34,678 - Evaluate global model
2025-12-18 13:11:37,212 - Averaged Train Loss: 1.5488
2025-12-18 13:11:37,212 - Test Accurancy: 0.4490
2025-12-18 13:11:45,442 - Round number: 59 --------------------------
2025-12-18 13:11:45,442 - Evaluate global model
2025-12-18 13:11:47,813 - Averaged Train Loss: 1.5332
2025-12-18 13:11:47,814 - Test Accurancy: 0.4553
2025-12-18 13:11:56,010 - Round number: 60 --------------------------
2025-12-18 13:11:56,010 - Evaluate global model
2025-12-18 13:11:58,782 - Averaged Train Loss: 1.5408
2025-12-18 13:11:58,782 - Test Accurancy: 0.4515
2025-12-18 13:12:05,941 - Round number: 61 --------------------------
2025-12-18 13:12:05,941 - Evaluate global model
2025-12-18 13:12:09,813 - Averaged Train Loss: 1.5375
2025-12-18 13:12:09,813 - Test Accurancy: 0.4541
2025-12-18 13:12:16,318 - Round number: 62 --------------------------
2025-12-18 13:12:16,318 - Evaluate global model
2025-12-18 13:12:19,906 - Averaged Train Loss: 1.5429
2025-12-18 13:12:19,906 - Test Accurancy: 0.4521
2025-12-18 13:12:27,344 - Round number: 63 --------------------------
2025-12-18 13:12:27,344 - Evaluate global model
2025-12-18 13:12:30,161 - Averaged Train Loss: 1.5332
2025-12-18 13:12:30,161 - Test Accurancy: 0.4545
2025-12-18 13:12:38,246 - Round number: 64 --------------------------
2025-12-18 13:12:38,247 - Evaluate global model
2025-12-18 13:12:40,726 - Averaged Train Loss: 1.5326
2025-12-18 13:12:40,726 - Test Accurancy: 0.4552
2025-12-18 13:12:48,648 - Round number: 65 --------------------------
2025-12-18 13:12:48,649 - Evaluate global model
2025-12-18 13:12:51,654 - Averaged Train Loss: 1.5328
2025-12-18 13:12:51,654 - Test Accurancy: 0.4557
2025-12-18 13:12:59,451 - Round number: 66 --------------------------
2025-12-18 13:12:59,451 - Evaluate global model
2025-12-18 13:13:02,354 - Averaged Train Loss: 1.5356
2025-12-18 13:13:02,354 - Test Accurancy: 0.4546
2025-12-18 13:13:09,980 - Round number: 67 --------------------------
2025-12-18 13:13:09,981 - Evaluate global model
2025-12-18 13:13:12,500 - Averaged Train Loss: 1.5259
2025-12-18 13:13:12,500 - Test Accurancy: 0.4587
2025-12-18 13:13:20,771 - Round number: 68 --------------------------
2025-12-18 13:13:20,771 - Evaluate global model
2025-12-18 13:13:23,381 - Averaged Train Loss: 1.5405
2025-12-18 13:13:23,381 - Test Accurancy: 0.4525
2025-12-18 13:13:30,737 - Round number: 69 --------------------------
2025-12-18 13:13:30,737 - Evaluate global model
2025-12-18 13:13:34,418 - Averaged Train Loss: 1.5323
2025-12-18 13:13:34,419 - Test Accurancy: 0.4554
2025-12-18 13:13:40,939 - Round number: 70 --------------------------
2025-12-18 13:13:40,940 - Evaluate global model
2025-12-18 13:13:44,773 - Averaged Train Loss: 1.5218
2025-12-18 13:13:44,773 - Test Accurancy: 0.4610
2025-12-18 13:13:51,935 - Round number: 71 --------------------------
2025-12-18 13:13:51,935 - Evaluate global model
2025-12-18 13:13:54,940 - Averaged Train Loss: 1.5157
2025-12-18 13:13:54,940 - Test Accurancy: 0.4630
2025-12-18 13:14:02,947 - Round number: 72 --------------------------
2025-12-18 13:14:02,948 - Evaluate global model
2025-12-18 13:14:05,347 - Averaged Train Loss: 1.5168
2025-12-18 13:14:05,347 - Test Accurancy: 0.4629
2025-12-18 13:14:13,675 - Round number: 73 --------------------------
2025-12-18 13:14:13,675 - Evaluate global model
2025-12-18 13:14:16,301 - Averaged Train Loss: 1.5125
2025-12-18 13:14:16,301 - Test Accurancy: 0.4640
2025-12-18 13:14:23,980 - Round number: 74 --------------------------
2025-12-18 13:14:23,980 - Evaluate global model
2025-12-18 13:14:26,964 - Averaged Train Loss: 1.5058
2025-12-18 13:14:26,964 - Test Accurancy: 0.4659
2025-12-18 13:14:34,445 - Round number: 75 --------------------------
2025-12-18 13:14:34,445 - Evaluate global model
2025-12-18 13:14:37,123 - Averaged Train Loss: 1.5123
2025-12-18 13:14:37,123 - Test Accurancy: 0.4654
2025-12-18 13:14:45,187 - Round number: 76 --------------------------
2025-12-18 13:14:45,187 - Evaluate global model
2025-12-18 13:14:47,881 - Averaged Train Loss: 1.5118
2025-12-18 13:14:47,881 - Test Accurancy: 0.4662
2025-12-18 13:14:55,281 - Round number: 77 --------------------------
2025-12-18 13:14:55,281 - Evaluate global model
2025-12-18 13:14:58,818 - Averaged Train Loss: 1.4955
2025-12-18 13:14:58,818 - Test Accurancy: 0.4723
2025-12-18 13:15:05,327 - Round number: 78 --------------------------
2025-12-18 13:15:05,327 - Evaluate global model
2025-12-18 13:15:09,242 - Averaged Train Loss: 1.5097
2025-12-18 13:15:09,242 - Test Accurancy: 0.4657
2025-12-18 13:15:16,347 - Round number: 79 --------------------------
2025-12-18 13:15:16,347 - Evaluate global model
2025-12-18 13:15:19,424 - Averaged Train Loss: 1.4949
2025-12-18 13:15:19,424 - Test Accurancy: 0.4719
2025-12-18 13:15:27,398 - Round number: 80 --------------------------
2025-12-18 13:15:27,398 - Evaluate global model
2025-12-18 13:15:29,839 - Averaged Train Loss: 1.5025
2025-12-18 13:15:29,839 - Test Accurancy: 0.4712
2025-12-18 13:15:38,014 - Round number: 81 --------------------------
2025-12-18 13:15:38,014 - Evaluate global model
2025-12-18 13:15:40,517 - Averaged Train Loss: 1.5069
2025-12-18 13:15:40,517 - Test Accurancy: 0.4694
2025-12-18 13:15:48,280 - Round number: 82 --------------------------
2025-12-18 13:15:48,281 - Evaluate global model
2025-12-18 13:15:51,295 - Averaged Train Loss: 1.5008
2025-12-18 13:15:51,295 - Test Accurancy: 0.4713
2025-12-18 13:15:58,593 - Round number: 83 --------------------------
2025-12-18 13:15:58,593 - Evaluate global model
2025-12-18 13:16:01,411 - Averaged Train Loss: 1.4964
2025-12-18 13:16:01,411 - Test Accurancy: 0.4737
2025-12-18 13:16:09,235 - Round number: 84 --------------------------
2025-12-18 13:16:09,235 - Evaluate global model
2025-12-18 13:16:12,061 - Averaged Train Loss: 1.5011
2025-12-18 13:16:12,061 - Test Accurancy: 0.4706
2025-12-18 13:16:19,674 - Round number: 85 --------------------------
2025-12-18 13:16:19,675 - Evaluate global model
2025-12-18 13:16:23,069 - Averaged Train Loss: 1.5058
2025-12-18 13:16:23,069 - Test Accurancy: 0.4717
2025-12-18 13:16:29,637 - Round number: 86 --------------------------
2025-12-18 13:16:29,637 - Evaluate global model
2025-12-18 13:16:33,544 - Averaged Train Loss: 1.5079
2025-12-18 13:16:33,544 - Test Accurancy: 0.4704
2025-12-18 13:16:40,517 - Round number: 87 --------------------------
2025-12-18 13:16:40,517 - Evaluate global model
2025-12-18 13:16:43,606 - Averaged Train Loss: 1.4929
2025-12-18 13:16:43,606 - Test Accurancy: 0.4738
2025-12-18 13:16:51,584 - Round number: 88 --------------------------
2025-12-18 13:16:51,584 - Evaluate global model
2025-12-18 13:16:54,011 - Averaged Train Loss: 1.4895
2025-12-18 13:16:54,011 - Test Accurancy: 0.4745
2025-12-18 13:17:02,269 - Round number: 89 --------------------------
2025-12-18 13:17:02,270 - Evaluate global model
2025-12-18 13:17:04,709 - Averaged Train Loss: 1.4967
2025-12-18 13:17:04,709 - Test Accurancy: 0.4732
2025-12-18 13:17:12,762 - Round number: 90 --------------------------
2025-12-18 13:17:12,762 - Evaluate global model
2025-12-18 13:17:15,809 - Averaged Train Loss: 1.4962
2025-12-18 13:17:15,809 - Test Accurancy: 0.4729
2025-12-18 13:17:22,910 - Round number: 91 --------------------------
2025-12-18 13:17:22,910 - Evaluate global model
2025-12-18 13:17:25,938 - Averaged Train Loss: 1.4861
2025-12-18 13:17:25,938 - Test Accurancy: 0.4759
2025-12-18 13:17:33,591 - Round number: 92 --------------------------
2025-12-18 13:17:33,591 - Evaluate global model
2025-12-18 13:17:36,552 - Averaged Train Loss: 1.4806
2025-12-18 13:17:36,552 - Test Accurancy: 0.4776
2025-12-18 13:17:44,111 - Round number: 93 --------------------------
2025-12-18 13:17:44,111 - Evaluate global model
2025-12-18 13:17:47,163 - Averaged Train Loss: 1.4700
2025-12-18 13:17:47,163 - Test Accurancy: 0.4801
2025-12-18 13:17:54,291 - Round number: 94 --------------------------
2025-12-18 13:17:54,291 - Evaluate global model
2025-12-18 13:17:58,024 - Averaged Train Loss: 1.4783
2025-12-18 13:17:58,024 - Test Accurancy: 0.4782
2025-12-18 13:18:04,765 - Round number: 95 --------------------------
2025-12-18 13:18:04,765 - Evaluate global model
2025-12-18 13:18:07,855 - Averaged Train Loss: 1.4794
2025-12-18 13:18:07,855 - Test Accurancy: 0.4787
2025-12-18 13:18:15,794 - Round number: 96 --------------------------
2025-12-18 13:18:15,794 - Evaluate global model
2025-12-18 13:18:18,073 - Averaged Train Loss: 1.4694
2025-12-18 13:18:18,074 - Test Accurancy: 0.4815
2025-12-18 13:18:26,943 - Round number: 97 --------------------------
2025-12-18 13:18:26,944 - Evaluate global model
2025-12-18 13:18:29,028 - Averaged Train Loss: 1.4697
2025-12-18 13:18:29,028 - Test Accurancy: 0.4809
2025-12-18 13:18:36,956 - Round number: 98 --------------------------
2025-12-18 13:18:36,957 - Evaluate global model
2025-12-18 13:18:40,045 - Averaged Train Loss: 1.4689
2025-12-18 13:18:40,045 - Test Accurancy: 0.4808
2025-12-18 13:18:47,006 - Round number: 99 --------------------------
2025-12-18 13:18:47,006 - Evaluate global model
2025-12-18 13:18:50,446 - Averaged Train Loss: 1.4676
2025-12-18 13:18:50,446 - Test Accurancy: 0.4809
2025-12-18 13:18:57,515 - Round number: 100 --------------------------
2025-12-18 13:18:57,515 - Evaluate global model
2025-12-18 13:19:00,590 - Averaged Train Loss: 1.4637
2025-12-18 13:19:00,590 - Test Accurancy: 0.4832
2025-12-18 13:19:08,243 - Run over
2025-12-18 13:19:08,243 - Saving results to ./exp/exp4/Cifar10/median_sign_flip.h5
2025-12-18 13:19:08,245 - Best accuracy: 0.4831834831834832
2025-12-18 13:19:08,245 - Average time cost per round: 10.575129933357239
