2025-12-18 05:47:54,910 - *****************EXP-4*****************
2025-12-18 05:47:54,910 - Exp repeats: 1
2025-12-18 05:47:54,911 - Communication Rounds: 100
2025-12-18 05:47:54,911 - Clients: 40

2025-12-18 05:47:54,911 - Attack method: LIE
2025-12-18 05:47:54,911 - Filtering rule: median
2025-12-18 05:47:54,911 - Dataset: Cifar10
2025-12-18 05:47:54,911 - Model: cnn2
2025-12-18 05:47:54,911 - Learning Rate: 0.04
2025-12-18 05:47:54,911 - Batch Size: 64
2025-12-18 05:47:54,911 - Device: cuda
2025-12-18 05:47:54,911 - Device id: 0
2025-12-18 05:47:54,911 - Adversaries: 8
2025-12-18 05:47:54,911 - Model Poisoning: A Little Is Enough attack
2025-12-18 05:47:54,911 - *****************EXP-4*****************
2025-12-18 05:47:55,096 - Running time: 0th ==========================
2025-12-18 05:47:58,482 - Round number: 0 --------------------------
2025-12-18 05:47:58,482 - Evaluate global model
2025-12-18 05:48:00,920 - Averaged Train Loss: 2.3046
2025-12-18 05:48:00,921 - Test Accurancy: 0.0977
2025-12-18 05:48:10,109 - Round number: 1 --------------------------
2025-12-18 05:48:10,109 - Evaluate global model
2025-12-18 05:48:12,045 - Averaged Train Loss: 2.2805
2025-12-18 05:48:12,045 - Test Accurancy: 0.1524
2025-12-18 05:48:20,290 - Round number: 2 --------------------------
2025-12-18 05:48:20,290 - Evaluate global model
2025-12-18 05:48:23,223 - Averaged Train Loss: 2.1420
2025-12-18 05:48:23,224 - Test Accurancy: 0.1911
2025-12-18 05:48:30,273 - Round number: 3 --------------------------
2025-12-18 05:48:30,273 - Evaluate global model
2025-12-18 05:48:33,839 - Averaged Train Loss: 2.0608
2025-12-18 05:48:33,839 - Test Accurancy: 0.2398
2025-12-18 05:48:40,939 - Round number: 4 --------------------------
2025-12-18 05:48:40,939 - Evaluate global model
2025-12-18 05:48:44,072 - Averaged Train Loss: 2.0128
2025-12-18 05:48:44,072 - Test Accurancy: 0.2582
2025-12-18 05:48:52,051 - Round number: 5 --------------------------
2025-12-18 05:48:52,052 - Evaluate global model
2025-12-18 05:48:54,941 - Averaged Train Loss: 1.9508
2025-12-18 05:48:54,942 - Test Accurancy: 0.2856
2025-12-18 05:49:02,240 - Round number: 6 --------------------------
2025-12-18 05:49:02,240 - Evaluate global model
2025-12-18 05:49:05,689 - Averaged Train Loss: 1.9259
2025-12-18 05:49:05,689 - Test Accurancy: 0.2952
2025-12-18 05:49:12,575 - Round number: 7 --------------------------
2025-12-18 05:49:12,576 - Evaluate global model
2025-12-18 05:49:15,813 - Averaged Train Loss: 1.8870
2025-12-18 05:49:15,813 - Test Accurancy: 0.3160
2025-12-18 05:49:23,556 - Round number: 8 --------------------------
2025-12-18 05:49:23,556 - Evaluate global model
2025-12-18 05:49:25,835 - Averaged Train Loss: 1.8532
2025-12-18 05:49:25,836 - Test Accurancy: 0.3285
2025-12-18 05:49:34,751 - Round number: 9 --------------------------
2025-12-18 05:49:34,751 - Evaluate global model
2025-12-18 05:49:36,804 - Averaged Train Loss: 1.8185
2025-12-18 05:49:36,805 - Test Accurancy: 0.3469
2025-12-18 05:49:44,817 - Round number: 10 --------------------------
2025-12-18 05:49:44,818 - Evaluate global model
2025-12-18 05:49:47,846 - Averaged Train Loss: 1.7755
2025-12-18 05:49:47,846 - Test Accurancy: 0.3664
2025-12-18 05:49:54,786 - Round number: 11 --------------------------
2025-12-18 05:49:54,786 - Evaluate global model
2025-12-18 05:49:58,434 - Averaged Train Loss: 1.7516
2025-12-18 05:49:58,434 - Test Accurancy: 0.3692
2025-12-18 05:50:05,563 - Round number: 12 --------------------------
2025-12-18 05:50:05,564 - Evaluate global model
2025-12-18 05:50:08,754 - Averaged Train Loss: 1.7245
2025-12-18 05:50:08,755 - Test Accurancy: 0.3824
2025-12-18 05:50:16,515 - Round number: 13 --------------------------
2025-12-18 05:50:16,515 - Evaluate global model
2025-12-18 05:50:19,463 - Averaged Train Loss: 1.6929
2025-12-18 05:50:19,463 - Test Accurancy: 0.3904
2025-12-18 05:50:26,826 - Round number: 14 --------------------------
2025-12-18 05:50:26,827 - Evaluate global model
2025-12-18 05:50:30,221 - Averaged Train Loss: 1.6693
2025-12-18 05:50:30,221 - Test Accurancy: 0.4005
2025-12-18 05:50:37,172 - Round number: 15 --------------------------
2025-12-18 05:50:37,172 - Evaluate global model
2025-12-18 05:50:40,425 - Averaged Train Loss: 1.6510
2025-12-18 05:50:40,425 - Test Accurancy: 0.4041
2025-12-18 05:50:48,177 - Round number: 16 --------------------------
2025-12-18 05:50:48,178 - Evaluate global model
2025-12-18 05:50:50,497 - Averaged Train Loss: 1.6177
2025-12-18 05:50:50,497 - Test Accurancy: 0.4137
2025-12-18 05:50:59,416 - Round number: 17 --------------------------
2025-12-18 05:50:59,416 - Evaluate global model
2025-12-18 05:51:01,573 - Averaged Train Loss: 1.5953
2025-12-18 05:51:01,573 - Test Accurancy: 0.4214
2025-12-18 05:51:09,581 - Round number: 18 --------------------------
2025-12-18 05:51:09,582 - Evaluate global model
2025-12-18 05:51:12,635 - Averaged Train Loss: 1.5861
2025-12-18 05:51:12,635 - Test Accurancy: 0.4238
2025-12-18 05:51:19,531 - Round number: 19 --------------------------
2025-12-18 05:51:19,532 - Evaluate global model
2025-12-18 05:51:23,262 - Averaged Train Loss: 1.5737
2025-12-18 05:51:23,262 - Test Accurancy: 0.4265
2025-12-18 05:51:30,230 - Round number: 20 --------------------------
2025-12-18 05:51:30,230 - Evaluate global model
2025-12-18 05:51:33,536 - Averaged Train Loss: 1.5610
2025-12-18 05:51:33,536 - Test Accurancy: 0.4297
2025-12-18 05:51:41,280 - Round number: 21 --------------------------
2025-12-18 05:51:41,281 - Evaluate global model
2025-12-18 05:51:44,257 - Averaged Train Loss: 1.5340
2025-12-18 05:51:44,257 - Test Accurancy: 0.4416
2025-12-18 05:51:51,798 - Round number: 22 --------------------------
2025-12-18 05:51:51,798 - Evaluate global model
2025-12-18 05:51:55,179 - Averaged Train Loss: 1.5097
2025-12-18 05:51:55,180 - Test Accurancy: 0.4494
2025-12-18 05:52:02,010 - Round number: 23 --------------------------
2025-12-18 05:52:02,010 - Evaluate global model
2025-12-18 05:52:05,499 - Averaged Train Loss: 1.5078
2025-12-18 05:52:05,499 - Test Accurancy: 0.4494
2025-12-18 05:52:13,193 - Round number: 24 --------------------------
2025-12-18 05:52:13,193 - Evaluate global model
2025-12-18 05:52:15,827 - Averaged Train Loss: 1.4947
2025-12-18 05:52:15,827 - Test Accurancy: 0.4530
2025-12-18 05:52:24,314 - Round number: 25 --------------------------
2025-12-18 05:52:24,314 - Evaluate global model
2025-12-18 05:52:26,507 - Averaged Train Loss: 1.4945
2025-12-18 05:52:26,507 - Test Accurancy: 0.4544
2025-12-18 05:52:34,933 - Round number: 26 --------------------------
2025-12-18 05:52:34,934 - Evaluate global model
2025-12-18 05:52:37,579 - Averaged Train Loss: 1.4744
2025-12-18 05:52:37,579 - Test Accurancy: 0.4598
2025-12-18 05:52:44,863 - Round number: 27 --------------------------
2025-12-18 05:52:44,863 - Evaluate global model
2025-12-18 05:52:48,464 - Averaged Train Loss: 1.4617
2025-12-18 05:52:48,464 - Test Accurancy: 0.4657
2025-12-18 05:52:55,253 - Round number: 28 --------------------------
2025-12-18 05:52:55,253 - Evaluate global model
2025-12-18 05:52:58,761 - Averaged Train Loss: 1.4559
2025-12-18 05:52:58,762 - Test Accurancy: 0.4695
2025-12-18 05:53:05,912 - Round number: 29 --------------------------
2025-12-18 05:53:05,912 - Evaluate global model
2025-12-18 05:53:08,965 - Averaged Train Loss: 1.4388
2025-12-18 05:53:08,965 - Test Accurancy: 0.4741
2025-12-18 05:53:16,463 - Round number: 30 --------------------------
2025-12-18 05:53:16,463 - Evaluate global model
2025-12-18 05:53:19,553 - Averaged Train Loss: 1.4303
2025-12-18 05:53:19,553 - Test Accurancy: 0.4762
2025-12-18 05:53:26,613 - Round number: 31 --------------------------
2025-12-18 05:53:26,613 - Evaluate global model
2025-12-18 05:53:29,979 - Averaged Train Loss: 1.4284
2025-12-18 05:53:29,979 - Test Accurancy: 0.4764
2025-12-18 05:53:37,415 - Round number: 32 --------------------------
2025-12-18 05:53:37,415 - Evaluate global model
2025-12-18 05:53:39,986 - Averaged Train Loss: 1.4124
2025-12-18 05:53:39,986 - Test Accurancy: 0.4838
2025-12-18 05:53:48,354 - Round number: 33 --------------------------
2025-12-18 05:53:48,354 - Evaluate global model
2025-12-18 05:53:50,730 - Averaged Train Loss: 1.4021
2025-12-18 05:53:50,731 - Test Accurancy: 0.4868
2025-12-18 05:53:58,679 - Round number: 34 --------------------------
2025-12-18 05:53:58,679 - Evaluate global model
2025-12-18 05:54:01,727 - Averaged Train Loss: 1.3911
2025-12-18 05:54:01,727 - Test Accurancy: 0.4897
2025-12-18 05:54:08,740 - Round number: 35 --------------------------
2025-12-18 05:54:08,740 - Evaluate global model
2025-12-18 05:54:12,688 - Averaged Train Loss: 1.3960
2025-12-18 05:54:12,689 - Test Accurancy: 0.4877
2025-12-18 05:54:18,996 - Round number: 36 --------------------------
2025-12-18 05:54:18,997 - Evaluate global model
2025-12-18 05:54:22,566 - Averaged Train Loss: 1.3824
2025-12-18 05:54:22,567 - Test Accurancy: 0.4941
2025-12-18 05:54:30,031 - Round number: 37 --------------------------
2025-12-18 05:54:30,031 - Evaluate global model
2025-12-18 05:54:33,054 - Averaged Train Loss: 1.3830
2025-12-18 05:54:33,054 - Test Accurancy: 0.4945
2025-12-18 05:54:40,751 - Round number: 38 --------------------------
2025-12-18 05:54:40,751 - Evaluate global model
2025-12-18 05:54:43,974 - Averaged Train Loss: 1.3679
2025-12-18 05:54:43,974 - Test Accurancy: 0.4982
2025-12-18 05:54:50,916 - Round number: 39 --------------------------
2025-12-18 05:54:50,917 - Evaluate global model
2025-12-18 05:54:54,339 - Averaged Train Loss: 1.3693
2025-12-18 05:54:54,339 - Test Accurancy: 0.4970
2025-12-18 05:55:01,764 - Round number: 40 --------------------------
2025-12-18 05:55:01,764 - Evaluate global model
2025-12-18 05:55:04,355 - Averaged Train Loss: 1.3548
2025-12-18 05:55:04,355 - Test Accurancy: 0.5043
2025-12-18 05:55:12,687 - Round number: 41 --------------------------
2025-12-18 05:55:12,687 - Evaluate global model
2025-12-18 05:55:15,157 - Averaged Train Loss: 1.3524
2025-12-18 05:55:15,158 - Test Accurancy: 0.5039
2025-12-18 05:55:22,987 - Round number: 42 --------------------------
2025-12-18 05:55:22,987 - Evaluate global model
2025-12-18 05:55:26,171 - Averaged Train Loss: 1.3373
2025-12-18 05:55:26,171 - Test Accurancy: 0.5099
2025-12-18 05:55:33,112 - Round number: 43 --------------------------
2025-12-18 05:55:33,113 - Evaluate global model
2025-12-18 05:55:37,152 - Averaged Train Loss: 1.3314
2025-12-18 05:55:37,152 - Test Accurancy: 0.5113
2025-12-18 05:55:43,453 - Round number: 44 --------------------------
2025-12-18 05:55:43,453 - Evaluate global model
2025-12-18 05:55:47,070 - Averaged Train Loss: 1.3294
2025-12-18 05:55:47,070 - Test Accurancy: 0.5137
2025-12-18 05:55:54,364 - Round number: 45 --------------------------
2025-12-18 05:55:54,364 - Evaluate global model
2025-12-18 05:55:57,339 - Averaged Train Loss: 1.3228
2025-12-18 05:55:57,340 - Test Accurancy: 0.5156
2025-12-18 05:56:05,208 - Round number: 46 --------------------------
2025-12-18 05:56:05,208 - Evaluate global model
2025-12-18 05:56:08,311 - Averaged Train Loss: 1.3183
2025-12-18 05:56:08,312 - Test Accurancy: 0.5160
2025-12-18 05:56:15,414 - Round number: 47 --------------------------
2025-12-18 05:56:15,414 - Evaluate global model
2025-12-18 05:56:18,803 - Averaged Train Loss: 1.3130
2025-12-18 05:56:18,803 - Test Accurancy: 0.5185
2025-12-18 05:56:26,480 - Round number: 48 --------------------------
2025-12-18 05:56:26,480 - Evaluate global model
2025-12-18 05:56:29,307 - Averaged Train Loss: 1.2955
2025-12-18 05:56:29,307 - Test Accurancy: 0.5252
2025-12-18 05:56:37,204 - Round number: 49 --------------------------
2025-12-18 05:56:37,204 - Evaluate global model
2025-12-18 05:56:39,770 - Averaged Train Loss: 1.3077
2025-12-18 05:56:39,771 - Test Accurancy: 0.5193
2025-12-18 05:56:47,815 - Round number: 50 --------------------------
2025-12-18 05:56:47,815 - Evaluate global model
2025-12-18 05:56:50,905 - Averaged Train Loss: 1.2877
2025-12-18 05:56:50,906 - Test Accurancy: 0.5281
2025-12-18 05:56:57,743 - Round number: 51 --------------------------
2025-12-18 05:56:57,743 - Evaluate global model
2025-12-18 05:57:01,963 - Averaged Train Loss: 1.2946
2025-12-18 05:57:01,963 - Test Accurancy: 0.5277
2025-12-18 05:57:08,033 - Round number: 52 --------------------------
2025-12-18 05:57:08,034 - Evaluate global model
2025-12-18 05:57:11,795 - Averaged Train Loss: 1.2832
2025-12-18 05:57:11,795 - Test Accurancy: 0.5314
2025-12-18 05:57:18,988 - Round number: 53 --------------------------
2025-12-18 05:57:18,988 - Evaluate global model
2025-12-18 05:57:21,978 - Averaged Train Loss: 1.2715
2025-12-18 05:57:21,978 - Test Accurancy: 0.5343
2025-12-18 05:57:29,719 - Round number: 54 --------------------------
2025-12-18 05:57:29,719 - Evaluate global model
2025-12-18 05:57:32,682 - Averaged Train Loss: 1.2711
2025-12-18 05:57:32,682 - Test Accurancy: 0.5344
2025-12-18 05:57:39,981 - Round number: 55 --------------------------
2025-12-18 05:57:39,981 - Evaluate global model
2025-12-18 05:57:43,337 - Averaged Train Loss: 1.2614
2025-12-18 05:57:43,337 - Test Accurancy: 0.5382
2025-12-18 05:57:50,751 - Round number: 56 --------------------------
2025-12-18 05:57:50,751 - Evaluate global model
2025-12-18 05:57:53,768 - Averaged Train Loss: 1.2794
2025-12-18 05:57:53,768 - Test Accurancy: 0.5325
2025-12-18 05:58:01,384 - Round number: 57 --------------------------
2025-12-18 05:58:01,384 - Evaluate global model
2025-12-18 05:58:04,204 - Averaged Train Loss: 1.2578
2025-12-18 05:58:04,204 - Test Accurancy: 0.5404
2025-12-18 05:58:11,800 - Round number: 58 --------------------------
2025-12-18 05:58:11,800 - Evaluate global model
2025-12-18 05:58:15,195 - Averaged Train Loss: 1.2363
2025-12-18 05:58:15,195 - Test Accurancy: 0.5502
2025-12-18 05:58:21,530 - Round number: 59 --------------------------
2025-12-18 05:58:21,530 - Evaluate global model
2025-12-18 05:58:25,828 - Averaged Train Loss: 1.2430
2025-12-18 05:58:25,828 - Test Accurancy: 0.5451
2025-12-18 05:58:32,217 - Round number: 60 --------------------------
2025-12-18 05:58:32,217 - Evaluate global model
2025-12-18 05:58:35,929 - Averaged Train Loss: 1.2402
2025-12-18 05:58:35,929 - Test Accurancy: 0.5498
2025-12-18 05:58:43,374 - Round number: 61 --------------------------
2025-12-18 05:58:43,374 - Evaluate global model
2025-12-18 05:58:46,317 - Averaged Train Loss: 1.2347
2025-12-18 05:58:46,317 - Test Accurancy: 0.5499
2025-12-18 05:58:54,142 - Round number: 62 --------------------------
2025-12-18 05:58:54,142 - Evaluate global model
2025-12-18 05:58:57,055 - Averaged Train Loss: 1.2440
2025-12-18 05:58:57,055 - Test Accurancy: 0.5470
2025-12-18 05:59:04,443 - Round number: 63 --------------------------
2025-12-18 05:59:04,443 - Evaluate global model
2025-12-18 05:59:07,793 - Averaged Train Loss: 1.2301
2025-12-18 05:59:07,793 - Test Accurancy: 0.5510
2025-12-18 05:59:14,896 - Round number: 64 --------------------------
2025-12-18 05:59:14,896 - Evaluate global model
2025-12-18 05:59:18,085 - Averaged Train Loss: 1.2277
2025-12-18 05:59:18,085 - Test Accurancy: 0.5496
2025-12-18 05:59:25,660 - Round number: 65 --------------------------
2025-12-18 05:59:25,660 - Evaluate global model
2025-12-18 05:59:28,747 - Averaged Train Loss: 1.2234
2025-12-18 05:59:28,747 - Test Accurancy: 0.5532
2025-12-18 05:59:36,165 - Round number: 66 --------------------------
2025-12-18 05:59:36,165 - Evaluate global model
2025-12-18 05:59:39,651 - Averaged Train Loss: 1.2156
2025-12-18 05:59:39,651 - Test Accurancy: 0.5549
2025-12-18 05:59:45,768 - Round number: 67 --------------------------
2025-12-18 05:59:45,768 - Evaluate global model
2025-12-18 05:59:50,209 - Averaged Train Loss: 1.2169
2025-12-18 05:59:50,209 - Test Accurancy: 0.5554
2025-12-18 05:59:56,508 - Round number: 68 --------------------------
2025-12-18 05:59:56,508 - Evaluate global model
2025-12-18 06:00:00,295 - Averaged Train Loss: 1.2147
2025-12-18 06:00:00,295 - Test Accurancy: 0.5544
2025-12-18 06:00:07,587 - Round number: 69 --------------------------
2025-12-18 06:00:07,587 - Evaluate global model
2025-12-18 06:00:10,569 - Averaged Train Loss: 1.2098
2025-12-18 06:00:10,569 - Test Accurancy: 0.5553
2025-12-18 06:00:18,364 - Round number: 70 --------------------------
2025-12-18 06:00:18,364 - Evaluate global model
2025-12-18 06:00:21,224 - Averaged Train Loss: 1.1915
2025-12-18 06:00:21,224 - Test Accurancy: 0.5616
2025-12-18 06:00:28,681 - Round number: 71 --------------------------
2025-12-18 06:00:28,681 - Evaluate global model
2025-12-18 06:00:32,299 - Averaged Train Loss: 1.1902
2025-12-18 06:00:32,299 - Test Accurancy: 0.5606
2025-12-18 06:00:38,805 - Round number: 72 --------------------------
2025-12-18 06:00:38,805 - Evaluate global model
2025-12-18 06:00:42,438 - Averaged Train Loss: 1.2009
2025-12-18 06:00:42,439 - Test Accurancy: 0.5606
2025-12-18 06:00:49,445 - Round number: 73 --------------------------
2025-12-18 06:00:49,445 - Evaluate global model
2025-12-18 06:00:53,021 - Averaged Train Loss: 1.1751
2025-12-18 06:00:53,021 - Test Accurancy: 0.5679
2025-12-18 06:00:59,797 - Round number: 74 --------------------------
2025-12-18 06:00:59,797 - Evaluate global model
2025-12-18 06:01:03,606 - Averaged Train Loss: 1.1755
2025-12-18 06:01:03,606 - Test Accurancy: 0.5708
2025-12-18 06:01:09,770 - Round number: 75 --------------------------
2025-12-18 06:01:09,770 - Evaluate global model
2025-12-18 06:01:14,187 - Averaged Train Loss: 1.1840
2025-12-18 06:01:14,188 - Test Accurancy: 0.5636
2025-12-18 06:01:20,630 - Round number: 76 --------------------------
2025-12-18 06:01:20,630 - Evaluate global model
2025-12-18 06:01:24,347 - Averaged Train Loss: 1.1809
2025-12-18 06:01:24,347 - Test Accurancy: 0.5641
2025-12-18 06:01:31,603 - Round number: 77 --------------------------
2025-12-18 06:01:31,603 - Evaluate global model
2025-12-18 06:01:34,499 - Averaged Train Loss: 1.1591
2025-12-18 06:01:34,499 - Test Accurancy: 0.5726
2025-12-18 06:01:42,381 - Round number: 78 --------------------------
2025-12-18 06:01:42,381 - Evaluate global model
2025-12-18 06:01:45,474 - Averaged Train Loss: 1.1714
2025-12-18 06:01:45,474 - Test Accurancy: 0.5687
2025-12-18 06:01:52,353 - Round number: 79 --------------------------
2025-12-18 06:01:52,353 - Evaluate global model
2025-12-18 06:01:56,302 - Averaged Train Loss: 1.1615
2025-12-18 06:01:56,302 - Test Accurancy: 0.5731
2025-12-18 06:02:02,422 - Round number: 80 --------------------------
2025-12-18 06:02:02,422 - Evaluate global model
2025-12-18 06:02:06,530 - Averaged Train Loss: 1.1635
2025-12-18 06:02:06,530 - Test Accurancy: 0.5698
2025-12-18 06:02:13,075 - Round number: 81 --------------------------
2025-12-18 06:02:13,076 - Evaluate global model
2025-12-18 06:02:16,877 - Averaged Train Loss: 1.1627
2025-12-18 06:02:16,877 - Test Accurancy: 0.5697
2025-12-18 06:02:23,503 - Round number: 82 --------------------------
2025-12-18 06:02:23,503 - Evaluate global model
2025-12-18 06:02:27,479 - Averaged Train Loss: 1.1551
2025-12-18 06:02:27,479 - Test Accurancy: 0.5749
2025-12-18 06:02:33,700 - Round number: 83 --------------------------
2025-12-18 06:02:33,700 - Evaluate global model
2025-12-18 06:02:37,976 - Averaged Train Loss: 1.1665
2025-12-18 06:02:37,976 - Test Accurancy: 0.5685
2025-12-18 06:02:44,486 - Round number: 84 --------------------------
2025-12-18 06:02:44,486 - Evaluate global model
2025-12-18 06:02:47,875 - Averaged Train Loss: 1.1586
2025-12-18 06:02:47,875 - Test Accurancy: 0.5714
2025-12-18 06:02:55,603 - Round number: 85 --------------------------
2025-12-18 06:02:55,603 - Evaluate global model
2025-12-18 06:02:58,658 - Averaged Train Loss: 1.1493
2025-12-18 06:02:58,658 - Test Accurancy: 0.5760
2025-12-18 06:03:06,063 - Round number: 86 --------------------------
2025-12-18 06:03:06,063 - Evaluate global model
2025-12-18 06:03:09,591 - Averaged Train Loss: 1.1411
2025-12-18 06:03:09,591 - Test Accurancy: 0.5790
2025-12-18 06:03:15,791 - Round number: 87 --------------------------
2025-12-18 06:03:15,791 - Evaluate global model
2025-12-18 06:03:20,414 - Averaged Train Loss: 1.1407
2025-12-18 06:03:20,414 - Test Accurancy: 0.5778
2025-12-18 06:03:26,198 - Round number: 88 --------------------------
2025-12-18 06:03:26,198 - Evaluate global model
2025-12-18 06:03:30,524 - Averaged Train Loss: 1.1431
2025-12-18 06:03:30,524 - Test Accurancy: 0.5762
2025-12-18 06:03:36,963 - Round number: 89 --------------------------
2025-12-18 06:03:36,964 - Evaluate global model
2025-12-18 06:03:40,898 - Averaged Train Loss: 1.1501
2025-12-18 06:03:40,898 - Test Accurancy: 0.5760
2025-12-18 06:03:47,538 - Round number: 90 --------------------------
2025-12-18 06:03:47,538 - Evaluate global model
2025-12-18 06:03:51,502 - Averaged Train Loss: 1.1418
2025-12-18 06:03:51,502 - Test Accurancy: 0.5800
2025-12-18 06:03:57,754 - Round number: 91 --------------------------
2025-12-18 06:03:57,755 - Evaluate global model
2025-12-18 06:04:02,000 - Averaged Train Loss: 1.1202
2025-12-18 06:04:02,000 - Test Accurancy: 0.5892
2025-12-18 06:04:08,618 - Round number: 92 --------------------------
2025-12-18 06:04:08,618 - Evaluate global model
2025-12-18 06:04:12,035 - Averaged Train Loss: 1.1318
2025-12-18 06:04:12,036 - Test Accurancy: 0.5828
2025-12-18 06:04:19,461 - Round number: 93 --------------------------
2025-12-18 06:04:19,462 - Evaluate global model
2025-12-18 06:04:22,820 - Averaged Train Loss: 1.1316
2025-12-18 06:04:22,821 - Test Accurancy: 0.5831
2025-12-18 06:04:29,828 - Round number: 94 --------------------------
2025-12-18 06:04:29,828 - Evaluate global model
2025-12-18 06:04:33,816 - Averaged Train Loss: 1.1197
2025-12-18 06:04:33,816 - Test Accurancy: 0.5867
2025-12-18 06:04:39,796 - Round number: 95 --------------------------
2025-12-18 06:04:39,797 - Evaluate global model
2025-12-18 06:04:44,679 - Averaged Train Loss: 1.1200
2025-12-18 06:04:44,679 - Test Accurancy: 0.5871
2025-12-18 06:04:50,245 - Round number: 96 --------------------------
2025-12-18 06:04:50,245 - Evaluate global model
2025-12-18 06:04:54,619 - Averaged Train Loss: 1.1197
2025-12-18 06:04:54,619 - Test Accurancy: 0.5875
2025-12-18 06:05:01,174 - Round number: 97 --------------------------
2025-12-18 06:05:01,174 - Evaluate global model
2025-12-18 06:05:04,892 - Averaged Train Loss: 1.1126
2025-12-18 06:05:04,892 - Test Accurancy: 0.5904
2025-12-18 06:05:11,832 - Round number: 98 --------------------------
2025-12-18 06:05:11,832 - Evaluate global model
2025-12-18 06:05:15,809 - Averaged Train Loss: 1.1158
2025-12-18 06:05:15,809 - Test Accurancy: 0.5883
2025-12-18 06:05:22,050 - Round number: 99 --------------------------
2025-12-18 06:05:22,050 - Evaluate global model
2025-12-18 06:05:26,227 - Averaged Train Loss: 1.1183
2025-12-18 06:05:26,227 - Test Accurancy: 0.5871
2025-12-18 06:05:32,950 - Round number: 100 --------------------------
2025-12-18 06:05:32,950 - Evaluate global model
2025-12-18 06:05:36,304 - Averaged Train Loss: 1.1125
2025-12-18 06:05:36,304 - Test Accurancy: 0.5873
2025-12-18 06:05:43,833 - Run over
2025-12-18 06:05:43,834 - Saving results to ./exp/exp4/Cifar10/median_LIE.h5
2025-12-18 06:05:43,835 - Best accuracy: 0.5904095904095904
2025-12-18 06:05:43,836 - Average time cost per round: 10.537315900325774
