2026-04-14 15:12:46,417 - *****************EXP-4*****************
2026-04-14 15:12:46,417 - Exp repeats: 1
2026-04-14 15:12:46,417 - Communication Rounds: 100
2026-04-14 15:12:46,417 - Clients: 40

2026-04-14 15:12:46,418 - Attack method: CAMP
2026-04-14 15:12:46,418 - Filtering rule: multi-krum
2026-04-14 15:12:46,418 - Dataset: Cifar10
2026-04-14 15:12:46,418 - Model: cnn2
2026-04-14 15:12:46,418 - Learning Rate: 0.04
2026-04-14 15:12:46,418 - Batch Size: 64
2026-04-14 15:12:46,418 - Device: cuda
2026-04-14 15:12:46,418 - Device id: 0
2026-04-14 15:12:46,418 - Adversaries: 8
2026-04-14 15:12:46,418 - Model Poisoning: CAMP attack, mode clipping_v7
2026-04-14 15:12:46,418 - *****************EXP-4*****************
2026-04-14 15:12:46,844 - Running time: 0th ==========================
2026-04-14 15:12:51,923 - Round number: 0 --------------------------
2026-04-14 15:12:51,923 - Evaluate global model
2026-04-14 15:12:54,723 - Averaged Train Loss: 2.3021
2026-04-14 15:12:54,724 - Test Accurancy: 0.1016
2026-04-14 15:13:05,407 - Multi-krum select clients: [8, 26, 24, 22, 28, 29, 38, 34, 33, 14, 11, 31, 12, 23, 36, 21, 9, 13, 10, 35, 20, 39, 37, 17, 16, 18, 27, 30, 25, 15, 32]
2026-04-14 15:13:05,420 - Round number: 1 --------------------------
2026-04-14 15:13:05,420 - Evaluate global model
2026-04-14 15:13:07,947 - Averaged Train Loss: 2.2888
2026-04-14 15:13:07,947 - Test Accurancy: 0.1265
2026-04-14 15:13:18,061 - Multi-krum select clients: [8, 28, 26, 24, 33, 34, 14, 22, 11, 12, 21, 38, 31, 29, 36, 23, 35, 9, 13, 20, 17, 15, 27, 39, 16, 37, 18, 30, 25, 32, 19]
2026-04-14 15:13:18,073 - Round number: 2 --------------------------
2026-04-14 15:13:18,073 - Evaluate global model
2026-04-14 15:13:21,793 - Averaged Train Loss: 2.2256
2026-04-14 15:13:21,794 - Test Accurancy: 0.1947
2026-04-14 15:13:30,782 - Multi-krum select clients: [26, 8, 28, 24, 36, 34, 14, 11, 33, 38, 12, 31, 29, 22, 21, 13, 23, 9, 35, 20, 17, 39, 10, 32, 30, 16, 27, 15, 18, 37, 25]
2026-04-14 15:13:30,795 - Round number: 3 --------------------------
2026-04-14 15:13:30,795 - Evaluate global model
2026-04-14 15:13:35,553 - Averaged Train Loss: 2.0895
2026-04-14 15:13:35,554 - Test Accurancy: 0.2420
2026-04-14 15:13:44,651 - Multi-krum select clients: [8, 28, 33, 26, 24, 29, 36, 38, 34, 14, 31, 11, 13, 22, 21, 12, 9, 23, 35, 32, 20, 17, 39, 16, 37, 10, 30, 25, 18, 27, 15]
2026-04-14 15:13:44,663 - Round number: 4 --------------------------
2026-04-14 15:13:44,664 - Evaluate global model
2026-04-14 15:13:49,017 - Averaged Train Loss: 2.0023
2026-04-14 15:13:49,017 - Test Accurancy: 0.2731
2026-04-14 15:13:58,303 - Multi-krum select clients: [26, 8, 28, 24, 34, 11, 31, 12, 33, 38, 36, 13, 22, 29, 14, 21, 9, 35, 23, 32, 20, 39, 17, 16, 10, 37, 30, 27, 25, 18, 15]
2026-04-14 15:13:58,320 - Round number: 5 --------------------------
2026-04-14 15:13:58,320 - Evaluate global model
2026-04-14 15:14:01,411 - Averaged Train Loss: 1.9417
2026-04-14 15:14:01,411 - Test Accurancy: 0.3024
2026-04-14 15:14:11,243 - Multi-krum select clients: [26, 8, 28, 29, 36, 34, 33, 22, 31, 11, 12, 14, 38, 24, 13, 9, 35, 21, 23, 37, 20, 16, 39, 10, 32, 18, 30, 25, 15, 17, 27]
2026-04-14 15:14:11,256 - Round number: 6 --------------------------
2026-04-14 15:14:11,257 - Evaluate global model
2026-04-14 15:14:14,150 - Averaged Train Loss: 1.8898
2026-04-14 15:14:14,150 - Test Accurancy: 0.3197
2026-04-14 15:14:23,862 - Multi-krum select clients: [26, 8, 28, 33, 12, 29, 14, 36, 24, 21, 9, 22, 34, 11, 31, 13, 35, 38, 23, 37, 20, 17, 32, 16, 39, 18, 10, 25, 27, 30, 15]
2026-04-14 15:14:23,874 - Round number: 7 --------------------------
2026-04-14 15:14:23,874 - Evaluate global model
2026-04-14 15:14:27,385 - Averaged Train Loss: 1.8477
2026-04-14 15:14:27,385 - Test Accurancy: 0.3393
2026-04-14 15:14:36,912 - Multi-krum select clients: [28, 26, 8, 24, 22, 34, 36, 33, 21, 12, 31, 9, 14, 29, 38, 13, 35, 11, 23, 37, 17, 20, 16, 32, 18, 10, 15, 39, 30, 27, 25]
2026-04-14 15:14:36,924 - Round number: 8 --------------------------
2026-04-14 15:14:36,924 - Evaluate global model
2026-04-14 15:14:41,167 - Averaged Train Loss: 1.8023
2026-04-14 15:14:41,167 - Test Accurancy: 0.3564
2026-04-14 15:14:50,411 - Multi-krum select clients: [28, 26, 12, 8, 24, 29, 36, 33, 31, 22, 34, 14, 38, 21, 13, 35, 9, 11, 23, 17, 18, 20, 16, 32, 39, 37, 15, 10, 25, 30, 19]
2026-04-14 15:14:50,425 - Round number: 9 --------------------------
2026-04-14 15:14:50,425 - Evaluate global model
2026-04-14 15:14:54,691 - Averaged Train Loss: 1.7898
2026-04-14 15:14:54,692 - Test Accurancy: 0.3468
2026-04-14 15:15:04,165 - Multi-krum select clients: [8, 26, 28, 12, 24, 33, 29, 36, 11, 21, 22, 34, 14, 31, 35, 23, 13, 38, 9, 37, 17, 20, 39, 32, 30, 16, 25, 10, 18, 15, 27]
2026-04-14 15:15:04,177 - Round number: 10 --------------------------
2026-04-14 15:15:04,178 - Evaluate global model
2026-04-14 15:15:07,477 - Averaged Train Loss: 1.7396
2026-04-14 15:15:07,477 - Test Accurancy: 0.3758
2026-04-14 15:15:17,171 - Multi-krum select clients: [24, 28, 12, 26, 11, 36, 33, 8, 14, 29, 22, 31, 21, 34, 35, 13, 23, 38, 9, 17, 18, 37, 20, 39, 32, 15, 10, 16, 27, 30, 19]
2026-04-14 15:15:17,183 - Round number: 11 --------------------------
2026-04-14 15:15:17,183 - Evaluate global model
2026-04-14 15:15:20,490 - Averaged Train Loss: 1.7294
2026-04-14 15:15:20,490 - Test Accurancy: 0.3663
2026-04-14 15:15:29,893 - Multi-krum select clients: [24, 28, 26, 8, 12, 33, 31, 29, 11, 35, 13, 14, 34, 36, 22, 21, 38, 9, 23, 17, 37, 10, 18, 32, 16, 20, 15, 30, 27, 39, 25]
2026-04-14 15:15:29,905 - Round number: 12 --------------------------
2026-04-14 15:15:29,906 - Evaluate global model
2026-04-14 15:15:33,972 - Averaged Train Loss: 1.6839
2026-04-14 15:15:33,972 - Test Accurancy: 0.3889
2026-04-14 15:15:43,535 - Multi-krum select clients: [24, 28, 26, 8, 12, 11, 34, 29, 31, 36, 33, 21, 22, 13, 38, 14, 35, 9, 23, 17, 18, 32, 39, 20, 37, 16, 30, 10, 15, 19, 25]
2026-04-14 15:15:43,548 - Round number: 13 --------------------------
2026-04-14 15:15:43,548 - Evaluate global model
2026-04-14 15:15:47,460 - Averaged Train Loss: 1.6814
2026-04-14 15:15:47,460 - Test Accurancy: 0.3849
2026-04-14 15:15:57,111 - Multi-krum select clients: [26, 28, 24, 8, 33, 12, 11, 34, 36, 35, 22, 29, 31, 13, 9, 21, 38, 23, 14, 32, 16, 17, 20, 37, 39, 18, 10, 19, 15, 27, 30]
2026-04-14 15:15:57,125 - Round number: 14 --------------------------
2026-04-14 15:15:57,125 - Evaluate global model
2026-04-14 15:16:00,745 - Averaged Train Loss: 1.6440
2026-04-14 15:16:00,746 - Test Accurancy: 0.3929
2026-04-14 15:16:10,543 - Multi-krum select clients: [24, 28, 26, 12, 8, 33, 34, 11, 22, 29, 31, 36, 14, 13, 35, 21, 38, 23, 9, 17, 37, 39, 18, 32, 16, 20, 15, 10, 30, 19, 27]
2026-04-14 15:16:10,556 - Round number: 15 --------------------------
2026-04-14 15:16:10,556 - Evaluate global model
2026-04-14 15:16:13,500 - Averaged Train Loss: 1.6333
2026-04-14 15:16:13,500 - Test Accurancy: 0.3977
2026-04-14 15:16:23,803 - Multi-krum select clients: [24, 28, 26, 8, 11, 33, 12, 22, 29, 35, 36, 34, 31, 13, 14, 21, 23, 38, 9, 17, 18, 32, 37, 16, 39, 19, 10, 20, 15, 30, 27]
2026-04-14 15:16:23,817 - Round number: 16 --------------------------
2026-04-14 15:16:23,817 - Evaluate global model
2026-04-14 15:16:27,170 - Averaged Train Loss: 1.6055
2026-04-14 15:16:27,170 - Test Accurancy: 0.4071
2026-04-14 15:16:36,150 - Multi-krum select clients: [28, 24, 26, 8, 11, 33, 12, 13, 34, 36, 21, 22, 35, 29, 31, 14, 38, 23, 9, 17, 16, 39, 32, 18, 37, 20, 10, 30, 19, 15, 27]
2026-04-14 15:16:36,166 - Round number: 17 --------------------------
2026-04-14 15:16:36,166 - Evaluate global model
2026-04-14 15:16:40,681 - Averaged Train Loss: 1.5964
2026-04-14 15:16:40,681 - Test Accurancy: 0.4061
2026-04-14 15:16:49,787 - Multi-krum select clients: [28, 26, 8, 24, 11, 12, 22, 33, 34, 29, 13, 36, 21, 9, 23, 35, 14, 31, 38, 39, 17, 37, 32, 30, 18, 20, 10, 15, 19, 16, 27]
2026-04-14 15:16:49,799 - Round number: 18 --------------------------
2026-04-14 15:16:49,799 - Evaluate global model
2026-04-14 15:16:54,636 - Averaged Train Loss: 1.5698
2026-04-14 15:16:54,636 - Test Accurancy: 0.4195
2026-04-14 15:17:03,529 - Multi-krum select clients: [24, 28, 26, 12, 33, 11, 8, 34, 22, 29, 21, 35, 31, 13, 36, 23, 14, 38, 9, 32, 17, 18, 20, 16, 39, 37, 15, 30, 19, 10, 25]
2026-04-14 15:17:03,544 - Round number: 19 --------------------------
2026-04-14 15:17:03,544 - Evaluate global model
2026-04-14 15:17:07,138 - Averaged Train Loss: 1.5671
2026-04-14 15:17:07,139 - Test Accurancy: 0.4219
2026-04-14 15:17:17,373 - Multi-krum select clients: [28, 24, 26, 11, 12, 8, 29, 33, 22, 35, 31, 36, 34, 13, 14, 21, 23, 38, 9, 17, 30, 20, 32, 37, 15, 18, 19, 16, 39, 27, 10]
2026-04-14 15:17:17,386 - Round number: 20 --------------------------
2026-04-14 15:17:17,386 - Evaluate global model
2026-04-14 15:17:19,730 - Averaged Train Loss: 1.5427
2026-04-14 15:17:19,731 - Test Accurancy: 0.4287
2026-04-14 15:17:30,514 - Multi-krum select clients: [24, 28, 26, 8, 12, 11, 33, 22, 34, 29, 36, 23, 13, 31, 21, 35, 38, 9, 14, 18, 32, 39, 20, 17, 15, 16, 30, 37, 10, 27, 25]
2026-04-14 15:17:30,526 - Round number: 21 --------------------------
2026-04-14 15:17:30,527 - Evaluate global model
2026-04-14 15:17:33,111 - Averaged Train Loss: 1.5110
2026-04-14 15:17:33,111 - Test Accurancy: 0.4448
2026-04-14 15:17:42,750 - Multi-krum select clients: [24, 28, 26, 12, 8, 11, 34, 33, 31, 35, 22, 13, 23, 36, 29, 14, 21, 38, 9, 17, 39, 32, 16, 18, 37, 20, 30, 19, 10, 15, 27]
2026-04-14 15:17:42,763 - Round number: 22 --------------------------
2026-04-14 15:17:42,763 - Evaluate global model
2026-04-14 15:17:47,100 - Averaged Train Loss: 1.5122
2026-04-14 15:17:47,101 - Test Accurancy: 0.4434
2026-04-14 15:17:56,054 - Multi-krum select clients: [24, 28, 26, 12, 8, 33, 29, 34, 13, 31, 35, 11, 22, 14, 36, 23, 9, 38, 21, 17, 39, 30, 32, 15, 16, 20, 19, 18, 10, 37, 27]
2026-04-14 15:17:56,066 - Round number: 23 --------------------------
2026-04-14 15:17:56,066 - Evaluate global model
2026-04-14 15:18:00,832 - Averaged Train Loss: 1.5024
2026-04-14 15:18:00,832 - Test Accurancy: 0.4432
2026-04-14 15:18:09,826 - Multi-krum select clients: [28, 24, 26, 11, 12, 8, 33, 34, 13, 23, 35, 36, 22, 29, 21, 31, 38, 14, 9, 18, 37, 16, 30, 32, 17, 39, 20, 10, 19, 15, 27]
2026-04-14 15:18:09,838 - Round number: 24 --------------------------
2026-04-14 15:18:09,839 - Evaluate global model
2026-04-14 15:18:13,807 - Averaged Train Loss: 1.4812
2026-04-14 15:18:13,807 - Test Accurancy: 0.4540
2026-04-14 15:18:23,499 - Multi-krum select clients: [28, 24, 26, 11, 12, 33, 8, 22, 34, 13, 29, 21, 36, 23, 14, 35, 31, 38, 30, 18, 32, 9, 17, 20, 37, 16, 39, 10, 19, 15, 27]
2026-04-14 15:18:23,512 - Round number: 25 --------------------------
2026-04-14 15:18:23,512 - Evaluate global model
2026-04-14 15:18:26,100 - Averaged Train Loss: 1.4777
2026-04-14 15:18:26,101 - Test Accurancy: 0.4530
2026-04-14 15:18:36,236 - Multi-krum select clients: [24, 28, 26, 11, 12, 33, 8, 29, 13, 35, 38, 36, 22, 31, 21, 34, 14, 23, 9, 17, 32, 30, 16, 39, 37, 15, 18, 19, 10, 27, 20]
2026-04-14 15:18:36,248 - Round number: 26 --------------------------
2026-04-14 15:18:36,248 - Evaluate global model
2026-04-14 15:18:39,186 - Averaged Train Loss: 1.4671
2026-04-14 15:18:39,186 - Test Accurancy: 0.4595
2026-04-14 15:18:49,186 - Multi-krum select clients: [24, 28, 26, 12, 11, 33, 29, 22, 8, 34, 35, 13, 31, 36, 21, 23, 14, 38, 9, 30, 17, 18, 39, 32, 15, 20, 16, 19, 37, 10, 25]
2026-04-14 15:18:49,198 - Round number: 27 --------------------------
2026-04-14 15:18:49,199 - Evaluate global model
2026-04-14 15:18:52,981 - Averaged Train Loss: 1.4607
2026-04-14 15:18:52,981 - Test Accurancy: 0.4615
2026-04-14 15:19:02,460 - Multi-krum select clients: [28, 24, 26, 11, 12, 8, 29, 22, 33, 13, 23, 35, 34, 31, 36, 21, 14, 38, 9, 30, 32, 17, 39, 37, 18, 20, 16, 15, 19, 10, 27]
2026-04-14 15:19:02,472 - Round number: 28 --------------------------
2026-04-14 15:19:02,473 - Evaluate global model
2026-04-14 15:19:06,777 - Averaged Train Loss: 1.4354
2026-04-14 15:19:06,778 - Test Accurancy: 0.4719
2026-04-14 15:19:16,028 - Multi-krum select clients: [28, 24, 26, 12, 11, 8, 13, 29, 33, 22, 35, 34, 21, 38, 36, 14, 31, 23, 32, 9, 17, 20, 39, 37, 18, 16, 19, 30, 10, 15, 27]
2026-04-14 15:19:16,040 - Round number: 29 --------------------------
2026-04-14 15:19:16,041 - Evaluate global model
2026-04-14 15:19:20,110 - Averaged Train Loss: 1.4281
2026-04-14 15:19:20,110 - Test Accurancy: 0.4727
2026-04-14 15:19:29,571 - Multi-krum select clients: [24, 28, 12, 26, 11, 8, 29, 22, 33, 35, 23, 34, 21, 13, 31, 36, 14, 38, 32, 9, 17, 18, 30, 15, 20, 37, 39, 10, 16, 19, 27]
2026-04-14 15:19:29,583 - Round number: 30 --------------------------
2026-04-14 15:19:29,583 - Evaluate global model
2026-04-14 15:19:32,825 - Averaged Train Loss: 1.4166
2026-04-14 15:19:32,825 - Test Accurancy: 0.4815
2026-04-14 15:19:42,293 - Multi-krum select clients: [24, 28, 11, 26, 8, 12, 33, 29, 34, 22, 31, 35, 23, 38, 14, 21, 9, 13, 36, 30, 18, 32, 39, 37, 17, 16, 20, 19, 10, 15, 27]
2026-04-14 15:19:42,305 - Round number: 31 --------------------------
2026-04-14 15:19:42,305 - Evaluate global model
2026-04-14 15:19:46,243 - Averaged Train Loss: 1.4084
2026-04-14 15:19:46,243 - Test Accurancy: 0.4809
2026-04-14 15:19:55,573 - Multi-krum select clients: [24, 28, 26, 11, 12, 8, 33, 29, 13, 36, 35, 34, 23, 31, 14, 22, 21, 38, 9, 32, 30, 17, 37, 16, 20, 18, 19, 10, 15, 39, 27]
2026-04-14 15:19:55,586 - Round number: 32 --------------------------
2026-04-14 15:19:55,586 - Evaluate global model
2026-04-14 15:19:59,751 - Averaged Train Loss: 1.4043
2026-04-14 15:19:59,751 - Test Accurancy: 0.4811
2026-04-14 15:20:09,380 - Multi-krum select clients: [28, 24, 26, 12, 11, 8, 33, 34, 35, 23, 29, 13, 21, 22, 31, 38, 36, 14, 9, 32, 39, 17, 30, 20, 18, 15, 10, 19, 16, 37, 27]
2026-04-14 15:20:09,392 - Round number: 33 --------------------------
2026-04-14 15:20:09,393 - Evaluate global model
2026-04-14 15:20:12,989 - Averaged Train Loss: 1.3909
2026-04-14 15:20:12,989 - Test Accurancy: 0.4886
2026-04-14 15:20:23,087 - Multi-krum select clients: [24, 28, 11, 12, 26, 33, 8, 13, 34, 35, 29, 22, 23, 14, 36, 31, 21, 38, 17, 9, 18, 32, 39, 20, 19, 16, 37, 15, 10, 30, 27]
2026-04-14 15:20:23,099 - Round number: 34 --------------------------
2026-04-14 15:20:23,099 - Evaluate global model
2026-04-14 15:20:25,941 - Averaged Train Loss: 1.3878
2026-04-14 15:20:25,941 - Test Accurancy: 0.4914
2026-04-14 15:20:35,935 - Multi-krum select clients: [28, 24, 11, 26, 12, 8, 29, 33, 22, 13, 34, 14, 35, 21, 23, 36, 9, 38, 31, 30, 17, 32, 18, 20, 37, 39, 15, 19, 10, 16, 27]
2026-04-14 15:20:35,947 - Round number: 35 --------------------------
2026-04-14 15:20:35,947 - Evaluate global model
2026-04-14 15:20:39,334 - Averaged Train Loss: 1.3733
2026-04-14 15:20:39,334 - Test Accurancy: 0.4952
2026-04-14 15:20:48,454 - Multi-krum select clients: [24, 28, 26, 11, 29, 8, 13, 12, 33, 35, 21, 34, 22, 38, 23, 36, 14, 31, 9, 32, 30, 17, 18, 39, 15, 37, 19, 20, 10, 16, 27]
2026-04-14 15:20:48,467 - Round number: 36 --------------------------
2026-04-14 15:20:48,467 - Evaluate global model
2026-04-14 15:20:52,744 - Averaged Train Loss: 1.3655
2026-04-14 15:20:52,744 - Test Accurancy: 0.4986
2026-04-14 15:21:01,637 - Multi-krum select clients: [24, 28, 11, 12, 26, 8, 33, 22, 29, 13, 34, 23, 35, 21, 31, 14, 36, 38, 30, 17, 9, 32, 39, 10, 20, 19, 18, 16, 15, 27, 37]
2026-04-14 15:21:01,649 - Round number: 37 --------------------------
2026-04-14 15:21:01,649 - Evaluate global model
2026-04-14 15:21:06,334 - Averaged Train Loss: 1.3592
2026-04-14 15:21:06,335 - Test Accurancy: 0.4986
2026-04-14 15:21:15,553 - Multi-krum select clients: [24, 28, 11, 26, 12, 29, 33, 8, 22, 13, 34, 35, 23, 14, 21, 31, 36, 32, 18, 9, 38, 30, 17, 37, 39, 20, 10, 16, 19, 15, 27]
2026-04-14 15:21:15,564 - Round number: 38 --------------------------
2026-04-14 15:21:15,565 - Evaluate global model
2026-04-14 15:21:19,077 - Averaged Train Loss: 1.3504
2026-04-14 15:21:19,077 - Test Accurancy: 0.5064
2026-04-14 15:21:29,235 - Multi-krum select clients: [24, 28, 26, 11, 12, 8, 13, 22, 34, 35, 23, 33, 14, 29, 21, 31, 38, 36, 32, 9, 30, 17, 15, 18, 37, 10, 20, 39, 19, 16, 27]
2026-04-14 15:21:29,248 - Round number: 39 --------------------------
2026-04-14 15:21:29,248 - Evaluate global model
2026-04-14 15:21:31,827 - Averaged Train Loss: 1.3428
2026-04-14 15:21:31,828 - Test Accurancy: 0.5078
2026-04-14 15:21:42,302 - Multi-krum select clients: [28, 24, 12, 26, 11, 8, 29, 33, 13, 34, 22, 23, 35, 21, 31, 14, 38, 36, 30, 9, 32, 39, 18, 37, 20, 17, 16, 19, 15, 10, 27]
2026-04-14 15:21:42,314 - Round number: 40 --------------------------
2026-04-14 15:21:42,314 - Evaluate global model
2026-04-14 15:21:44,976 - Averaged Train Loss: 1.3357
2026-04-14 15:21:44,976 - Test Accurancy: 0.5076
2026-04-14 15:21:54,771 - Multi-krum select clients: [24, 28, 26, 11, 12, 8, 22, 13, 29, 14, 23, 34, 21, 33, 35, 38, 31, 36, 30, 9, 32, 39, 18, 16, 17, 37, 20, 19, 10, 15, 27]
2026-04-14 15:21:54,783 - Round number: 41 --------------------------
2026-04-14 15:21:54,783 - Evaluate global model
2026-04-14 15:21:58,670 - Averaged Train Loss: 1.3330
2026-04-14 15:21:58,670 - Test Accurancy: 0.5103
2026-04-14 15:22:07,960 - Multi-krum select clients: [24, 28, 26, 12, 11, 8, 13, 29, 33, 34, 22, 23, 14, 31, 21, 38, 35, 9, 36, 30, 18, 32, 17, 19, 20, 15, 37, 39, 16, 10, 27]
2026-04-14 15:22:07,976 - Round number: 42 --------------------------
2026-04-14 15:22:07,977 - Evaluate global model
2026-04-14 15:22:12,449 - Averaged Train Loss: 1.3232
2026-04-14 15:22:12,449 - Test Accurancy: 0.5116
2026-04-14 15:22:21,273 - Multi-krum select clients: [24, 28, 11, 26, 33, 8, 29, 12, 13, 35, 34, 23, 21, 22, 14, 31, 38, 32, 30, 36, 39, 9, 19, 10, 18, 17, 37, 15, 16, 20, 27]
2026-04-14 15:22:21,285 - Round number: 43 --------------------------
2026-04-14 15:22:21,285 - Evaluate global model
2026-04-14 15:22:25,340 - Averaged Train Loss: 1.3045
2026-04-14 15:22:25,340 - Test Accurancy: 0.5201
2026-04-14 15:22:34,910 - Multi-krum select clients: [24, 28, 11, 26, 12, 22, 33, 8, 29, 13, 23, 34, 21, 14, 38, 35, 31, 30, 32, 36, 9, 17, 18, 19, 37, 20, 39, 15, 10, 16, 27]
2026-04-14 15:22:34,922 - Round number: 44 --------------------------
2026-04-14 15:22:34,922 - Evaluate global model
2026-04-14 15:22:37,859 - Averaged Train Loss: 1.3032
2026-04-14 15:22:37,859 - Test Accurancy: 0.5197
2026-04-14 15:22:47,633 - Multi-krum select clients: [24, 28, 11, 26, 12, 29, 8, 33, 13, 34, 23, 22, 21, 14, 35, 31, 38, 32, 36, 30, 17, 18, 37, 9, 39, 15, 16, 20, 10, 19, 27]
2026-04-14 15:22:47,645 - Round number: 45 --------------------------
2026-04-14 15:22:47,645 - Evaluate global model
2026-04-14 15:22:50,947 - Averaged Train Loss: 1.2965
2026-04-14 15:22:50,947 - Test Accurancy: 0.5235
2026-04-14 15:23:01,023 - Multi-krum select clients: [24, 28, 26, 11, 12, 8, 29, 22, 21, 33, 13, 34, 23, 14, 35, 31, 38, 36, 32, 30, 9, 17, 18, 19, 10, 16, 20, 15, 39, 37, 27]
2026-04-14 15:23:01,036 - Round number: 46 --------------------------
2026-04-14 15:23:01,036 - Evaluate global model
2026-04-14 15:23:04,518 - Averaged Train Loss: 1.2925
2026-04-14 15:23:04,518 - Test Accurancy: 0.5259
2026-04-14 15:23:14,575 - Multi-krum select clients: [24, 28, 11, 26, 12, 29, 8, 22, 34, 13, 33, 21, 23, 14, 35, 38, 31, 9, 17, 32, 30, 36, 37, 39, 19, 15, 18, 10, 20, 16, 27]
2026-04-14 15:23:14,587 - Round number: 47 --------------------------
2026-04-14 15:23:14,587 - Evaluate global model
2026-04-14 15:23:18,359 - Averaged Train Loss: 1.2814
2026-04-14 15:23:18,359 - Test Accurancy: 0.5290
2026-04-14 15:23:27,702 - Multi-krum select clients: [24, 28, 11, 26, 12, 33, 8, 22, 34, 29, 35, 13, 23, 21, 14, 38, 31, 30, 36, 32, 9, 39, 18, 17, 19, 20, 10, 16, 37, 15, 27]
2026-04-14 15:23:27,715 - Round number: 48 --------------------------
2026-04-14 15:23:27,715 - Evaluate global model
2026-04-14 15:23:31,331 - Averaged Train Loss: 1.2873
2026-04-14 15:23:31,332 - Test Accurancy: 0.5264
2026-04-14 15:23:40,322 - Multi-krum select clients: [24, 28, 11, 12, 26, 33, 29, 23, 8, 22, 13, 34, 35, 36, 30, 21, 14, 38, 9, 31, 17, 32, 37, 15, 19, 16, 18, 20, 10, 39, 27]
2026-04-14 15:23:40,335 - Round number: 49 --------------------------
2026-04-14 15:23:40,335 - Evaluate global model
2026-04-14 15:23:44,100 - Averaged Train Loss: 1.2760
2026-04-14 15:23:44,100 - Test Accurancy: 0.5270
2026-04-14 15:23:53,312 - Multi-krum select clients: [24, 28, 11, 26, 12, 29, 8, 22, 13, 33, 34, 21, 23, 14, 31, 35, 30, 9, 38, 32, 36, 39, 15, 18, 17, 19, 16, 10, 20, 37, 27]
2026-04-14 15:23:53,331 - Round number: 50 --------------------------
2026-04-14 15:23:53,338 - Evaluate global model
2026-04-14 15:23:57,471 - Averaged Train Loss: 1.2688
2026-04-14 15:23:57,471 - Test Accurancy: 0.5343
2026-04-14 15:24:07,002 - Multi-krum select clients: [24, 28, 11, 26, 12, 8, 22, 29, 33, 13, 23, 34, 21, 35, 38, 14, 36, 31, 32, 17, 30, 9, 39, 18, 10, 37, 15, 19, 16, 20, 27]
2026-04-14 15:24:07,017 - Round number: 51 --------------------------
2026-04-14 15:24:07,017 - Evaluate global model
2026-04-14 15:24:10,514 - Averaged Train Loss: 1.2612
2026-04-14 15:24:10,514 - Test Accurancy: 0.5367
2026-04-14 15:24:20,545 - Multi-krum select clients: [24, 28, 26, 11, 12, 14, 8, 33, 29, 34, 21, 23, 13, 35, 22, 38, 31, 30, 17, 32, 36, 19, 15, 9, 16, 37, 18, 10, 39, 20, 27]
2026-04-14 15:24:20,558 - Round number: 52 --------------------------
2026-04-14 15:24:20,558 - Evaluate global model
2026-04-14 15:24:23,784 - Averaged Train Loss: 1.2581
2026-04-14 15:24:23,784 - Test Accurancy: 0.5357
2026-04-14 15:24:34,007 - Multi-krum select clients: [24, 28, 11, 26, 12, 8, 23, 33, 13, 29, 22, 21, 38, 14, 35, 34, 31, 32, 30, 36, 37, 9, 39, 19, 17, 15, 16, 18, 20, 27, 10]
2026-04-14 15:24:34,020 - Round number: 53 --------------------------
2026-04-14 15:24:34,021 - Evaluate global model
2026-04-14 15:24:36,862 - Averaged Train Loss: 1.2562
2026-04-14 15:24:36,862 - Test Accurancy: 0.5400
2026-04-14 15:24:46,641 - Multi-krum select clients: [24, 28, 11, 26, 12, 8, 33, 13, 29, 23, 34, 35, 22, 21, 38, 32, 14, 31, 36, 9, 30, 39, 37, 15, 17, 16, 18, 19, 20, 27, 10]
2026-04-14 15:24:46,654 - Round number: 54 --------------------------
2026-04-14 15:24:46,654 - Evaluate global model
2026-04-14 15:24:50,608 - Averaged Train Loss: 1.2368
2026-04-14 15:24:50,608 - Test Accurancy: 0.5444
2026-04-14 15:24:59,505 - Multi-krum select clients: [24, 28, 11, 26, 12, 8, 23, 33, 13, 29, 34, 14, 35, 21, 22, 31, 38, 36, 30, 9, 17, 15, 32, 37, 16, 18, 10, 19, 39, 20, 27]
2026-04-14 15:24:59,517 - Round number: 55 --------------------------
2026-04-14 15:24:59,517 - Evaluate global model
2026-04-14 15:25:04,232 - Averaged Train Loss: 1.2356
2026-04-14 15:25:04,233 - Test Accurancy: 0.5451
2026-04-14 15:25:13,213 - Multi-krum select clients: [24, 28, 11, 26, 12, 29, 8, 13, 33, 22, 23, 14, 21, 34, 35, 38, 30, 32, 31, 9, 17, 39, 19, 37, 36, 18, 10, 15, 16, 20, 27]
2026-04-14 15:25:13,226 - Round number: 56 --------------------------
2026-04-14 15:25:13,226 - Evaluate global model
2026-04-14 15:25:17,343 - Averaged Train Loss: 1.2276
2026-04-14 15:25:17,344 - Test Accurancy: 0.5477
2026-04-14 15:25:26,727 - Multi-krum select clients: [24, 28, 11, 26, 12, 8, 13, 33, 29, 23, 22, 34, 21, 14, 35, 30, 31, 38, 32, 9, 39, 15, 36, 19, 20, 17, 37, 18, 10, 16, 27]
2026-04-14 15:25:26,740 - Round number: 57 --------------------------
2026-04-14 15:25:26,740 - Evaluate global model
2026-04-14 15:25:29,938 - Averaged Train Loss: 1.2243
2026-04-14 15:25:29,938 - Test Accurancy: 0.5472
2026-04-14 15:25:40,018 - Multi-krum select clients: [24, 28, 11, 26, 12, 8, 29, 33, 22, 34, 13, 14, 23, 21, 38, 35, 32, 30, 36, 9, 15, 31, 17, 39, 37, 10, 18, 19, 16, 20, 27]
2026-04-14 15:25:40,030 - Round number: 58 --------------------------
2026-04-14 15:25:40,030 - Evaluate global model
2026-04-14 15:25:42,600 - Averaged Train Loss: 1.2219
2026-04-14 15:25:42,600 - Test Accurancy: 0.5490
2026-04-14 15:25:53,096 - Multi-krum select clients: [24, 28, 11, 26, 12, 29, 33, 8, 13, 34, 22, 23, 21, 14, 35, 32, 31, 38, 30, 36, 15, 37, 9, 17, 39, 16, 18, 19, 10, 20, 27]
2026-04-14 15:25:53,108 - Round number: 59 --------------------------
2026-04-14 15:25:53,108 - Evaluate global model
2026-04-14 15:25:56,148 - Averaged Train Loss: 1.2142
2026-04-14 15:25:56,149 - Test Accurancy: 0.5512
2026-04-14 15:26:05,888 - Multi-krum select clients: [24, 28, 11, 26, 12, 8, 29, 33, 13, 23, 21, 22, 34, 14, 35, 38, 32, 30, 31, 9, 39, 15, 36, 37, 17, 18, 19, 10, 16, 20, 27]
2026-04-14 15:26:05,901 - Round number: 60 --------------------------
2026-04-14 15:26:05,901 - Evaluate global model
2026-04-14 15:26:10,168 - Averaged Train Loss: 1.2123
2026-04-14 15:26:10,168 - Test Accurancy: 0.5524
2026-04-14 15:26:19,096 - Multi-krum select clients: [24, 28, 11, 26, 13, 29, 12, 8, 33, 22, 34, 23, 21, 35, 38, 31, 14, 32, 30, 9, 36, 15, 39, 17, 19, 10, 37, 18, 16, 20, 27]
2026-04-14 15:26:19,108 - Round number: 61 --------------------------
2026-04-14 15:26:19,108 - Evaluate global model
2026-04-14 15:26:23,399 - Averaged Train Loss: 1.2037
2026-04-14 15:26:23,399 - Test Accurancy: 0.5555
2026-04-14 15:26:32,116 - Multi-krum select clients: [24, 28, 11, 26, 12, 8, 29, 23, 33, 22, 13, 34, 14, 21, 31, 35, 30, 32, 38, 17, 9, 36, 37, 39, 15, 20, 10, 19, 18, 16, 27]
2026-04-14 15:26:32,129 - Round number: 62 --------------------------
2026-04-14 15:26:32,129 - Evaluate global model
2026-04-14 15:26:35,978 - Averaged Train Loss: 1.1899
2026-04-14 15:26:35,978 - Test Accurancy: 0.5583
2026-04-14 15:26:45,420 - Multi-krum select clients: [24, 28, 11, 26, 8, 13, 29, 33, 23, 12, 22, 14, 21, 34, 31, 35, 32, 9, 38, 36, 15, 17, 30, 39, 37, 19, 18, 20, 16, 10, 27]
2026-04-14 15:26:45,436 - Round number: 63 --------------------------
2026-04-14 15:26:45,436 - Evaluate global model
2026-04-14 15:26:48,506 - Averaged Train Loss: 1.1951
2026-04-14 15:26:48,507 - Test Accurancy: 0.5587
2026-04-14 15:26:58,547 - Multi-krum select clients: [24, 28, 11, 26, 12, 29, 8, 23, 33, 22, 13, 14, 21, 34, 30, 35, 15, 31, 38, 9, 36, 32, 17, 18, 39, 37, 10, 16, 19, 20, 27]
2026-04-14 15:26:58,560 - Round number: 64 --------------------------
2026-04-14 15:26:58,560 - Evaluate global model
2026-04-14 15:27:01,519 - Averaged Train Loss: 1.1874
2026-04-14 15:27:01,519 - Test Accurancy: 0.5580
2026-04-14 15:27:11,447 - Multi-krum select clients: [24, 28, 11, 26, 29, 12, 8, 23, 22, 14, 34, 13, 33, 21, 35, 38, 31, 30, 9, 36, 32, 15, 18, 19, 10, 39, 37, 20, 17, 16, 27]
2026-04-14 15:27:11,459 - Round number: 65 --------------------------
2026-04-14 15:27:11,459 - Evaluate global model
2026-04-14 15:27:15,111 - Averaged Train Loss: 1.1727
2026-04-14 15:27:15,111 - Test Accurancy: 0.5629
2026-04-14 15:27:24,405 - Multi-krum select clients: [24, 28, 11, 26, 12, 8, 29, 33, 23, 22, 13, 34, 14, 38, 21, 35, 32, 30, 31, 17, 36, 9, 15, 37, 18, 39, 19, 10, 20, 16, 27]
2026-04-14 15:27:24,419 - Round number: 66 --------------------------
2026-04-14 15:27:24,419 - Evaluate global model
2026-04-14 15:27:28,610 - Averaged Train Loss: 1.1841
2026-04-14 15:27:28,610 - Test Accurancy: 0.5596
2026-04-14 15:27:37,648 - Multi-krum select clients: [24, 28, 11, 26, 12, 8, 33, 29, 22, 14, 13, 23, 34, 21, 35, 38, 31, 32, 30, 15, 9, 39, 37, 36, 17, 18, 10, 19, 16, 20, 27]
2026-04-14 15:27:37,660 - Round number: 67 --------------------------
2026-04-14 15:27:37,660 - Evaluate global model
2026-04-14 15:27:41,463 - Averaged Train Loss: 1.1813
2026-04-14 15:27:41,463 - Test Accurancy: 0.5606
2026-04-14 15:27:50,440 - Multi-krum select clients: [24, 28, 11, 26, 12, 8, 33, 29, 22, 13, 23, 14, 34, 35, 38, 32, 21, 30, 9, 36, 31, 17, 15, 37, 18, 16, 39, 10, 19, 20, 27]
2026-04-14 15:27:50,452 - Round number: 68 --------------------------
2026-04-14 15:27:50,452 - Evaluate global model
2026-04-14 15:27:54,040 - Averaged Train Loss: 1.1668
2026-04-14 15:27:54,040 - Test Accurancy: 0.5663
2026-04-14 15:28:03,515 - Multi-krum select clients: [24, 28, 11, 12, 26, 29, 13, 33, 8, 21, 22, 14, 34, 23, 35, 31, 38, 30, 32, 15, 9, 17, 37, 36, 19, 18, 10, 16, 20, 39, 27]
2026-04-14 15:28:03,527 - Round number: 69 --------------------------
2026-04-14 15:28:03,528 - Evaluate global model
2026-04-14 15:28:06,833 - Averaged Train Loss: 1.1710
2026-04-14 15:28:06,833 - Test Accurancy: 0.5636
2026-04-14 15:28:16,632 - Multi-krum select clients: [24, 28, 11, 26, 12, 8, 13, 33, 29, 22, 23, 21, 14, 34, 35, 32, 38, 31, 15, 30, 18, 17, 36, 9, 39, 16, 37, 19, 20, 10, 27]
2026-04-14 15:28:16,644 - Round number: 70 --------------------------
2026-04-14 15:28:16,644 - Evaluate global model
2026-04-14 15:28:20,224 - Averaged Train Loss: 1.1612
2026-04-14 15:28:20,224 - Test Accurancy: 0.5658
2026-04-14 15:28:30,102 - Multi-krum select clients: [24, 28, 11, 26, 8, 12, 13, 33, 29, 22, 34, 23, 21, 32, 38, 14, 35, 31, 30, 36, 17, 15, 9, 19, 39, 16, 18, 10, 37, 20, 27]
2026-04-14 15:28:30,115 - Round number: 71 --------------------------
2026-04-14 15:28:30,115 - Evaluate global model
2026-04-14 15:28:33,711 - Averaged Train Loss: 1.1544
2026-04-14 15:28:33,711 - Test Accurancy: 0.5684
2026-04-14 15:28:43,529 - Multi-krum select clients: [24, 28, 11, 26, 8, 13, 12, 33, 29, 23, 21, 22, 34, 14, 35, 31, 38, 30, 32, 15, 36, 18, 17, 9, 37, 19, 16, 10, 39, 20, 27]
2026-04-14 15:28:43,541 - Round number: 72 --------------------------
2026-04-14 15:28:43,542 - Evaluate global model
2026-04-14 15:28:47,020 - Averaged Train Loss: 1.1484
2026-04-14 15:28:47,020 - Test Accurancy: 0.5710
2026-04-14 15:28:56,341 - Multi-krum select clients: [24, 28, 11, 26, 33, 13, 12, 8, 29, 22, 23, 34, 21, 35, 14, 38, 31, 32, 30, 9, 15, 36, 37, 39, 19, 17, 20, 18, 16, 10, 27]
2026-04-14 15:28:56,353 - Round number: 73 --------------------------
2026-04-14 15:28:56,353 - Evaluate global model
2026-04-14 15:29:00,075 - Averaged Train Loss: 1.1506
2026-04-14 15:29:00,075 - Test Accurancy: 0.5690
2026-04-14 15:29:09,124 - Multi-krum select clients: [24, 28, 11, 26, 8, 13, 12, 33, 29, 22, 23, 34, 21, 14, 38, 35, 15, 32, 31, 17, 30, 9, 19, 36, 39, 10, 37, 18, 16, 20, 27]
2026-04-14 15:29:09,136 - Round number: 74 --------------------------
2026-04-14 15:29:09,136 - Evaluate global model
2026-04-14 15:29:13,034 - Averaged Train Loss: 1.1458
2026-04-14 15:29:13,034 - Test Accurancy: 0.5706
2026-04-14 15:29:22,272 - Multi-krum select clients: [24, 28, 11, 26, 12, 8, 29, 33, 34, 23, 13, 14, 22, 21, 35, 38, 30, 31, 15, 32, 36, 9, 17, 37, 39, 18, 19, 16, 20, 10, 27]
2026-04-14 15:29:22,284 - Round number: 75 --------------------------
2026-04-14 15:29:22,284 - Evaluate global model
2026-04-14 15:29:26,073 - Averaged Train Loss: 1.1367
2026-04-14 15:29:26,074 - Test Accurancy: 0.5748
2026-04-14 15:29:35,762 - Multi-krum select clients: [24, 28, 11, 26, 8, 12, 29, 13, 23, 33, 21, 34, 22, 32, 14, 38, 30, 31, 9, 15, 35, 36, 17, 18, 39, 37, 16, 10, 19, 20, 27]
2026-04-14 15:29:35,775 - Round number: 76 --------------------------
2026-04-14 15:29:35,775 - Evaluate global model
2026-04-14 15:29:39,386 - Averaged Train Loss: 1.1406
2026-04-14 15:29:39,386 - Test Accurancy: 0.5722
2026-04-14 15:29:49,475 - Multi-krum select clients: [24, 28, 11, 26, 12, 8, 13, 29, 22, 33, 21, 23, 34, 14, 38, 32, 30, 35, 31, 9, 15, 19, 18, 17, 36, 37, 39, 10, 16, 20, 27]
2026-04-14 15:29:49,487 - Round number: 77 --------------------------
2026-04-14 15:29:49,487 - Evaluate global model
2026-04-14 15:29:52,623 - Averaged Train Loss: 1.1342
2026-04-14 15:29:52,624 - Test Accurancy: 0.5744
2026-04-14 15:30:02,788 - Multi-krum select clients: [24, 28, 11, 26, 12, 29, 8, 13, 33, 21, 23, 34, 22, 14, 35, 31, 38, 32, 15, 36, 30, 9, 18, 37, 17, 16, 19, 39, 20, 10, 27]
2026-04-14 15:30:02,806 - Round number: 78 --------------------------
2026-04-14 15:30:02,806 - Evaluate global model
2026-04-14 15:30:06,014 - Averaged Train Loss: 1.1349
2026-04-14 15:30:06,015 - Test Accurancy: 0.5742
2026-04-14 15:30:15,631 - Multi-krum select clients: [24, 28, 11, 26, 12, 13, 29, 8, 33, 23, 22, 34, 21, 35, 14, 38, 15, 31, 32, 36, 17, 30, 37, 9, 39, 18, 19, 16, 10, 20, 27]
2026-04-14 15:30:15,644 - Round number: 79 --------------------------
2026-04-14 15:30:15,644 - Evaluate global model
2026-04-14 15:30:19,380 - Averaged Train Loss: 1.1188
2026-04-14 15:30:19,380 - Test Accurancy: 0.5797
2026-04-14 15:30:28,433 - Multi-krum select clients: [24, 28, 11, 26, 12, 8, 13, 29, 33, 23, 14, 22, 34, 21, 35, 38, 31, 9, 30, 32, 15, 36, 17, 19, 18, 39, 37, 16, 10, 20, 27]
2026-04-14 15:30:28,445 - Round number: 80 --------------------------
2026-04-14 15:30:28,446 - Evaluate global model
2026-04-14 15:30:32,734 - Averaged Train Loss: 1.1278
2026-04-14 15:30:32,734 - Test Accurancy: 0.5746
2026-04-14 15:30:41,600 - Multi-krum select clients: [24, 28, 11, 26, 12, 13, 23, 8, 29, 33, 22, 34, 21, 14, 38, 31, 35, 30, 32, 9, 15, 36, 39, 19, 17, 18, 37, 10, 20, 16, 27]
2026-04-14 15:30:41,613 - Round number: 81 --------------------------
2026-04-14 15:30:41,613 - Evaluate global model
2026-04-14 15:30:45,745 - Averaged Train Loss: 1.1197
2026-04-14 15:30:45,746 - Test Accurancy: 0.5764
2026-04-14 15:30:55,164 - Multi-krum select clients: [24, 28, 11, 26, 8, 29, 33, 13, 34, 22, 12, 23, 21, 14, 32, 38, 35, 30, 31, 9, 15, 39, 16, 37, 17, 19, 36, 10, 18, 20, 27]
2026-04-14 15:30:55,176 - Round number: 82 --------------------------
2026-04-14 15:30:55,176 - Evaluate global model
2026-04-14 15:30:58,580 - Averaged Train Loss: 1.1150
2026-04-14 15:30:58,581 - Test Accurancy: 0.5810
2026-04-14 15:31:08,756 - Multi-krum select clients: [24, 28, 11, 26, 12, 8, 33, 23, 29, 34, 13, 14, 22, 21, 35, 38, 32, 15, 30, 31, 9, 37, 36, 17, 19, 18, 10, 39, 16, 20, 27]
2026-04-14 15:31:08,768 - Round number: 83 --------------------------
2026-04-14 15:31:08,768 - Evaluate global model
2026-04-14 15:31:11,668 - Averaged Train Loss: 1.1129
2026-04-14 15:31:11,668 - Test Accurancy: 0.5792
2026-04-14 15:31:21,594 - Multi-krum select clients: [24, 28, 11, 26, 13, 29, 12, 8, 14, 33, 34, 23, 22, 21, 38, 15, 31, 32, 30, 35, 36, 9, 37, 17, 39, 19, 16, 20, 18, 10, 27]
2026-04-14 15:31:21,606 - Round number: 84 --------------------------
2026-04-14 15:31:21,607 - Evaluate global model
2026-04-14 15:31:23,985 - Averaged Train Loss: 1.1059
2026-04-14 15:31:23,986 - Test Accurancy: 0.5813
2026-04-14 15:31:29,192 - Multi-krum select clients: [24, 28, 11, 26, 12, 29, 8, 33, 13, 21, 14, 34, 23, 32, 38, 22, 31, 15, 35, 30, 9, 36, 37, 39, 17, 10, 18, 19, 16, 20, 27]
2026-04-14 15:31:29,204 - Round number: 85 --------------------------
2026-04-14 15:31:29,204 - Evaluate global model
2026-04-14 15:31:30,926 - Averaged Train Loss: 1.1135
2026-04-14 15:31:30,927 - Test Accurancy: 0.5790
2026-04-14 15:31:35,283 - Multi-krum select clients: [24, 28, 11, 26, 12, 8, 13, 33, 22, 29, 23, 34, 21, 14, 38, 35, 31, 30, 15, 32, 36, 9, 17, 16, 18, 39, 37, 19, 10, 20, 27]
2026-04-14 15:31:35,295 - Round number: 86 --------------------------
2026-04-14 15:31:35,295 - Evaluate global model
2026-04-14 15:31:36,977 - Averaged Train Loss: 1.1077
2026-04-14 15:31:36,977 - Test Accurancy: 0.5824
2026-04-14 15:31:41,379 - Multi-krum select clients: [24, 28, 11, 26, 12, 8, 13, 29, 33, 23, 21, 34, 22, 14, 38, 35, 31, 30, 15, 9, 32, 18, 39, 37, 36, 17, 19, 10, 16, 20, 27]
2026-04-14 15:31:41,391 - Round number: 87 --------------------------
2026-04-14 15:31:41,391 - Evaluate global model
2026-04-14 15:31:43,102 - Averaged Train Loss: 1.1081
2026-04-14 15:31:43,103 - Test Accurancy: 0.5796
2026-04-14 15:31:47,428 - Multi-krum select clients: [24, 28, 11, 12, 26, 13, 33, 8, 22, 23, 29, 34, 14, 21, 38, 35, 30, 31, 32, 15, 36, 9, 17, 19, 16, 18, 37, 10, 39, 20, 27]
2026-04-14 15:31:47,441 - Round number: 88 --------------------------
2026-04-14 15:31:47,441 - Evaluate global model
2026-04-14 15:31:49,210 - Averaged Train Loss: 1.1022
2026-04-14 15:31:49,210 - Test Accurancy: 0.5824
2026-04-14 15:31:53,546 - Multi-krum select clients: [24, 28, 11, 26, 8, 12, 33, 13, 29, 23, 34, 21, 22, 15, 14, 31, 32, 38, 35, 30, 9, 37, 36, 17, 19, 39, 18, 10, 16, 20, 27]
2026-04-14 15:31:53,558 - Round number: 89 --------------------------
2026-04-14 15:31:53,558 - Evaluate global model
2026-04-14 15:31:55,180 - Averaged Train Loss: 1.0973
2026-04-14 15:31:55,181 - Test Accurancy: 0.5840
2026-04-14 15:31:59,751 - Multi-krum select clients: [24, 28, 11, 26, 8, 12, 29, 13, 34, 22, 33, 23, 21, 14, 38, 31, 32, 9, 15, 30, 35, 36, 39, 17, 37, 18, 19, 16, 10, 20, 27]
2026-04-14 15:31:59,763 - Round number: 90 --------------------------
2026-04-14 15:31:59,764 - Evaluate global model
2026-04-14 15:32:01,284 - Averaged Train Loss: 1.0954
2026-04-14 15:32:01,284 - Test Accurancy: 0.5839
2026-04-14 15:32:05,932 - Multi-krum select clients: [24, 28, 11, 26, 13, 12, 8, 23, 33, 34, 21, 22, 14, 29, 38, 32, 30, 15, 35, 31, 9, 37, 36, 19, 17, 39, 18, 10, 16, 20, 27]
2026-04-14 15:32:05,944 - Round number: 91 --------------------------
2026-04-14 15:32:05,945 - Evaluate global model
2026-04-14 15:32:07,352 - Averaged Train Loss: 1.0906
2026-04-14 15:32:07,352 - Test Accurancy: 0.5843
2026-04-14 15:32:12,163 - Multi-krum select clients: [24, 28, 11, 26, 12, 13, 8, 22, 23, 29, 33, 34, 21, 14, 15, 32, 38, 31, 35, 30, 36, 9, 37, 17, 19, 18, 39, 16, 10, 20, 27]
2026-04-14 15:32:12,175 - Round number: 92 --------------------------
2026-04-14 15:32:12,175 - Evaluate global model
2026-04-14 15:32:13,534 - Averaged Train Loss: 1.0862
2026-04-14 15:32:13,534 - Test Accurancy: 0.5877
2026-04-14 15:32:18,372 - Multi-krum select clients: [24, 28, 11, 26, 12, 8, 22, 33, 23, 29, 13, 34, 21, 14, 35, 38, 30, 15, 32, 31, 9, 36, 18, 17, 39, 37, 19, 20, 10, 16, 27]
2026-04-14 15:32:18,384 - Round number: 93 --------------------------
2026-04-14 15:32:18,384 - Evaluate global model
2026-04-14 15:32:19,760 - Averaged Train Loss: 1.0811
2026-04-14 15:32:19,760 - Test Accurancy: 0.5874
2026-04-14 15:32:24,526 - Multi-krum select clients: [24, 28, 11, 26, 12, 13, 8, 29, 34, 23, 33, 22, 14, 21, 38, 15, 30, 32, 35, 31, 9, 36, 37, 18, 17, 39, 19, 10, 16, 20, 27]
2026-04-14 15:32:24,538 - Round number: 94 --------------------------
2026-04-14 15:32:24,539 - Evaluate global model
2026-04-14 15:32:25,911 - Averaged Train Loss: 1.0870
2026-04-14 15:32:25,911 - Test Accurancy: 0.5866
2026-04-14 15:32:30,610 - Multi-krum select clients: [24, 28, 11, 26, 8, 13, 12, 33, 23, 29, 34, 22, 14, 35, 21, 15, 31, 32, 38, 30, 36, 17, 16, 9, 39, 19, 18, 10, 20, 37, 27]
2026-04-14 15:32:30,622 - Round number: 95 --------------------------
2026-04-14 15:32:30,622 - Evaluate global model
2026-04-14 15:32:32,077 - Averaged Train Loss: 1.0825
2026-04-14 15:32:32,077 - Test Accurancy: 0.5881
2026-04-14 15:32:36,770 - Multi-krum select clients: [24, 28, 11, 26, 12, 8, 13, 23, 29, 33, 34, 22, 38, 21, 14, 31, 30, 32, 35, 15, 9, 36, 37, 17, 16, 39, 18, 19, 10, 20, 27]
2026-04-14 15:32:36,782 - Round number: 96 --------------------------
2026-04-14 15:32:36,782 - Evaluate global model
2026-04-14 15:32:38,335 - Averaged Train Loss: 1.0742
2026-04-14 15:32:38,335 - Test Accurancy: 0.5872
2026-04-14 15:32:42,840 - Multi-krum select clients: [24, 28, 11, 26, 13, 12, 8, 33, 29, 23, 34, 22, 21, 14, 35, 15, 38, 31, 32, 39, 30, 9, 36, 17, 19, 37, 18, 10, 16, 20, 27]
2026-04-14 15:32:42,853 - Round number: 97 --------------------------
2026-04-14 15:32:42,853 - Evaluate global model
2026-04-14 15:32:44,448 - Averaged Train Loss: 1.0771
2026-04-14 15:32:44,448 - Test Accurancy: 0.5882
2026-04-14 15:32:48,861 - Multi-krum select clients: [24, 28, 11, 26, 12, 13, 8, 33, 34, 22, 29, 23, 21, 14, 15, 31, 35, 30, 32, 9, 38, 36, 37, 17, 39, 19, 18, 10, 16, 20, 27]
2026-04-14 15:32:48,874 - Round number: 98 --------------------------
2026-04-14 15:32:48,874 - Evaluate global model
2026-04-14 15:32:50,603 - Averaged Train Loss: 1.0769
2026-04-14 15:32:50,603 - Test Accurancy: 0.5886
2026-04-14 15:32:55,063 - Multi-krum select clients: [24, 28, 11, 26, 12, 13, 33, 8, 29, 34, 22, 23, 21, 14, 38, 15, 35, 30, 31, 39, 36, 32, 37, 9, 17, 18, 10, 19, 16, 20, 27]
2026-04-14 15:32:55,075 - Round number: 99 --------------------------
2026-04-14 15:32:55,075 - Evaluate global model
2026-04-14 15:32:56,816 - Averaged Train Loss: 1.0715
2026-04-14 15:32:56,816 - Test Accurancy: 0.5913
2026-04-14 15:33:01,412 - Multi-krum select clients: [24, 28, 11, 26, 29, 12, 8, 23, 34, 13, 33, 38, 22, 14, 21, 35, 15, 32, 30, 31, 9, 36, 18, 39, 37, 17, 19, 16, 10, 20, 27]
2026-04-14 15:33:01,424 - Round number: 100 --------------------------
2026-04-14 15:33:01,424 - Evaluate global model
2026-04-14 15:33:03,138 - Averaged Train Loss: 1.0717
2026-04-14 15:33:03,139 - Test Accurancy: 0.5913
2026-04-14 15:33:07,549 - Multi-krum select clients: [24, 28, 11, 26, 8, 13, 12, 29, 33, 34, 22, 23, 14, 38, 21, 30, 35, 15, 31, 36, 39, 9, 32, 17, 18, 37, 19, 16, 10, 20, 27]
2026-04-14 15:33:07,550 - Run over
2026-04-14 15:33:07,550 - Saving results to ./exp/exp4/Cifar10/multi-krum_CAMP_clipping_v7.h5
2026-04-14 15:33:07,558 - Best accuracy: 0.5912753912753913
2026-04-14 15:33:07,558 - Average time cost per round: 12.021418061256409
