2026-04-11 20:35:22,269 - *****************EXP-4*****************
2026-04-11 20:35:22,269 - Exp repeats: 1
2026-04-11 20:35:22,269 - Communication Rounds: 100
2026-04-11 20:35:22,269 - Clients: 40

2026-04-11 20:35:22,269 - Attack method: none
2026-04-11 20:35:22,269 - Filtering rule: multi-krum
2026-04-11 20:35:22,269 - Dataset: Cifar10
2026-04-11 20:35:22,269 - Model: cnn2
2026-04-11 20:35:22,269 - Learning Rate: 0.04
2026-04-11 20:35:22,270 - Batch Size: 64
2026-04-11 20:35:22,270 - Device: cuda
2026-04-11 20:35:22,270 - Device id: 0
2026-04-11 20:35:22,270 - Adversaries: 0
2026-04-11 20:35:22,270 - *****************EXP-4*****************
2026-04-11 20:35:22,677 - Running time: 0th ==========================
2026-04-11 20:35:27,658 - Round number: 0 --------------------------
2026-04-11 20:35:27,658 - Evaluate global model
2026-04-11 20:35:30,706 - Averaged Train Loss: 2.3046
2026-04-11 20:35:30,706 - Test Accurancy: 0.0977
2026-04-11 20:35:42,738 - Multi-krum select clients: [26, 8, 28, 24, 22, 34, 6, 0, 11, 29, 33, 38, 14, 36, 21, 35, 31, 12, 17, 23, 9, 10, 20, 2, 13, 7, 39, 3, 4, 37, 30, 18, 15, 1, 25, 16, 5, 27, 32]
2026-04-11 20:35:42,766 - Round number: 1 --------------------------
2026-04-11 20:35:42,766 - Evaluate global model
2026-04-11 20:35:45,730 - Averaged Train Loss: 2.2508
2026-04-11 20:35:45,731 - Test Accurancy: 0.1624
2026-04-11 20:35:57,261 - Multi-krum select clients: [8, 26, 28, 0, 22, 6, 36, 24, 12, 31, 29, 21, 33, 34, 38, 11, 14, 35, 13, 7, 39, 20, 2, 18, 17, 23, 4, 10, 3, 37, 16, 5, 9, 30, 1, 32, 15, 27, 25]
2026-04-11 20:35:57,273 - Round number: 2 --------------------------
2026-04-11 20:35:57,273 - Evaluate global model
2026-04-11 20:36:01,283 - Averaged Train Loss: 2.1161
2026-04-11 20:36:01,284 - Test Accurancy: 0.2199
2026-04-11 20:36:11,384 - Multi-krum select clients: [8, 6, 26, 24, 36, 28, 0, 29, 31, 22, 11, 38, 12, 21, 33, 34, 13, 14, 39, 7, 35, 4, 9, 10, 2, 18, 5, 30, 20, 23, 17, 16, 3, 37, 25, 27, 32, 1, 15]
2026-04-11 20:36:11,396 - Round number: 3 --------------------------
2026-04-11 20:36:11,396 - Evaluate global model
2026-04-11 20:36:16,709 - Averaged Train Loss: 2.0379
2026-04-11 20:36:16,709 - Test Accurancy: 0.2450
2026-04-11 20:36:25,877 - Multi-krum select clients: [28, 8, 6, 24, 22, 31, 26, 36, 33, 34, 12, 0, 13, 29, 14, 35, 38, 11, 9, 21, 7, 2, 4, 20, 39, 23, 18, 10, 3, 16, 5, 32, 30, 37, 25, 1, 27, 15, 17]
2026-04-11 20:36:25,890 - Round number: 4 --------------------------
2026-04-11 20:36:25,890 - Evaluate global model
2026-04-11 20:36:32,007 - Averaged Train Loss: 1.9771
2026-04-11 20:36:32,007 - Test Accurancy: 0.2859
2026-04-11 20:36:40,820 - Multi-krum select clients: [28, 6, 24, 26, 29, 36, 11, 31, 8, 33, 22, 12, 0, 34, 21, 38, 14, 13, 7, 9, 2, 39, 10, 18, 35, 16, 32, 23, 20, 3, 37, 30, 25, 17, 5, 1, 4, 27, 15]
2026-04-11 20:36:40,832 - Round number: 5 --------------------------
2026-04-11 20:36:40,832 - Evaluate global model
2026-04-11 20:36:46,939 - Averaged Train Loss: 1.9212
2026-04-11 20:36:46,939 - Test Accurancy: 0.3198
2026-04-11 20:36:55,876 - Multi-krum select clients: [28, 8, 6, 33, 26, 29, 11, 31, 36, 0, 24, 21, 22, 12, 14, 13, 34, 38, 35, 39, 7, 4, 2, 20, 9, 10, 23, 5, 37, 18, 16, 3, 17, 25, 30, 1, 32, 27, 15]
2026-04-11 20:36:55,889 - Round number: 6 --------------------------
2026-04-11 20:36:55,889 - Evaluate global model
2026-04-11 20:37:01,309 - Averaged Train Loss: 1.8818
2026-04-11 20:37:01,309 - Test Accurancy: 0.3315
2026-04-11 20:37:11,207 - Multi-krum select clients: [28, 24, 6, 8, 26, 22, 29, 33, 36, 31, 0, 12, 11, 14, 21, 34, 13, 7, 35, 2, 39, 4, 9, 23, 38, 20, 17, 16, 18, 32, 10, 37, 5, 3, 25, 1, 27, 30, 15]
2026-04-11 20:37:11,219 - Round number: 7 --------------------------
2026-04-11 20:37:11,219 - Evaluate global model
2026-04-11 20:37:15,378 - Averaged Train Loss: 1.8406
2026-04-11 20:37:15,379 - Test Accurancy: 0.3522
2026-04-11 20:37:26,316 - Multi-krum select clients: [28, 26, 24, 8, 0, 6, 12, 22, 29, 36, 33, 31, 11, 21, 13, 2, 14, 34, 35, 7, 38, 4, 23, 10, 39, 20, 37, 5, 17, 16, 9, 32, 18, 30, 25, 3, 1, 15, 27]
2026-04-11 20:37:26,328 - Round number: 8 --------------------------
2026-04-11 20:37:26,328 - Evaluate global model
2026-04-11 20:37:29,383 - Averaged Train Loss: 1.8057
2026-04-11 20:37:29,384 - Test Accurancy: 0.3648
2026-04-11 20:37:40,769 - Multi-krum select clients: [24, 28, 8, 6, 26, 33, 29, 12, 22, 0, 36, 11, 35, 21, 31, 34, 14, 38, 7, 13, 4, 2, 23, 20, 39, 3, 10, 18, 37, 9, 32, 5, 17, 16, 25, 1, 27, 30, 15]
2026-04-11 20:37:40,781 - Round number: 9 --------------------------
2026-04-11 20:37:40,781 - Evaluate global model
2026-04-11 20:37:44,385 - Averaged Train Loss: 1.7733
2026-04-11 20:37:44,386 - Test Accurancy: 0.3722
2026-04-11 20:37:55,182 - Multi-krum select clients: [24, 26, 6, 28, 29, 8, 33, 22, 11, 12, 31, 36, 34, 35, 13, 0, 2, 38, 21, 23, 4, 14, 7, 39, 10, 9, 20, 18, 5, 3, 37, 32, 16, 17, 25, 15, 1, 30, 27]
2026-04-11 20:37:55,193 - Round number: 10 --------------------------
2026-04-11 20:37:55,193 - Evaluate global model
2026-04-11 20:37:59,405 - Averaged Train Loss: 1.7356
2026-04-11 20:37:59,405 - Test Accurancy: 0.3850
2026-04-11 20:38:09,581 - Multi-krum select clients: [28, 8, 29, 24, 26, 6, 33, 22, 11, 0, 21, 12, 36, 34, 31, 2, 14, 38, 7, 23, 35, 4, 9, 39, 17, 18, 3, 20, 10, 5, 37, 32, 13, 16, 1, 25, 15, 30, 27]
2026-04-11 20:38:09,593 - Round number: 11 --------------------------
2026-04-11 20:38:09,593 - Evaluate global model
2026-04-11 20:38:14,794 - Averaged Train Loss: 1.7038
2026-04-11 20:38:14,795 - Test Accurancy: 0.3970
2026-04-11 20:38:24,004 - Multi-krum select clients: [28, 24, 26, 6, 29, 8, 22, 12, 13, 34, 36, 33, 21, 31, 14, 0, 4, 2, 11, 38, 23, 7, 35, 39, 10, 18, 9, 20, 3, 17, 37, 5, 32, 16, 25, 1, 27, 15, 30]
2026-04-11 20:38:24,016 - Round number: 12 --------------------------
2026-04-11 20:38:24,016 - Evaluate global model
2026-04-11 20:38:28,960 - Averaged Train Loss: 1.6711
2026-04-11 20:38:28,960 - Test Accurancy: 0.4105
2026-04-11 20:38:37,339 - Multi-krum select clients: [28, 24, 26, 33, 8, 6, 12, 22, 29, 11, 13, 21, 0, 36, 34, 35, 2, 31, 14, 9, 4, 23, 7, 38, 5, 18, 10, 37, 20, 3, 17, 1, 32, 39, 16, 25, 30, 15, 27]
2026-04-11 20:38:37,351 - Round number: 13 --------------------------
2026-04-11 20:38:37,352 - Evaluate global model
2026-04-11 20:38:43,188 - Averaged Train Loss: 1.6426
2026-04-11 20:38:43,188 - Test Accurancy: 0.4195
2026-04-11 20:38:52,439 - Multi-krum select clients: [24, 28, 26, 6, 8, 29, 33, 12, 22, 13, 0, 11, 34, 35, 4, 36, 2, 21, 14, 31, 38, 23, 9, 10, 39, 7, 18, 37, 5, 17, 3, 20, 1, 32, 16, 25, 27, 15, 30]
2026-04-11 20:38:52,451 - Round number: 14 --------------------------
2026-04-11 20:38:52,452 - Evaluate global model
2026-04-11 20:38:57,299 - Averaged Train Loss: 1.6077
2026-04-11 20:38:57,299 - Test Accurancy: 0.4289
2026-04-11 20:39:07,245 - Multi-krum select clients: [24, 28, 6, 29, 26, 22, 8, 33, 12, 13, 0, 34, 31, 35, 36, 21, 14, 7, 2, 23, 4, 11, 38, 39, 9, 10, 18, 3, 37, 17, 20, 32, 30, 1, 5, 16, 15, 27, 25]
2026-04-11 20:39:07,257 - Round number: 15 --------------------------
2026-04-11 20:39:07,257 - Evaluate global model
2026-04-11 20:39:10,626 - Averaged Train Loss: 1.5919
2026-04-11 20:39:10,626 - Test Accurancy: 0.4337
2026-04-11 20:39:21,387 - Multi-krum select clients: [24, 28, 8, 26, 6, 29, 11, 33, 0, 22, 13, 21, 36, 12, 34, 35, 14, 4, 2, 38, 23, 7, 31, 32, 18, 39, 5, 20, 10, 9, 17, 37, 1, 3, 30, 15, 27, 25, 16]
2026-04-11 20:39:21,399 - Round number: 16 --------------------------
2026-04-11 20:39:21,399 - Evaluate global model
2026-04-11 20:39:24,038 - Averaged Train Loss: 1.5584
2026-04-11 20:39:24,038 - Test Accurancy: 0.4443
2026-04-11 20:39:35,492 - Multi-krum select clients: [24, 28, 26, 29, 8, 11, 22, 12, 6, 2, 0, 34, 13, 36, 35, 33, 21, 31, 23, 7, 14, 38, 4, 3, 32, 10, 20, 18, 9, 39, 15, 5, 17, 37, 1, 25, 16, 30, 27]
2026-04-11 20:39:35,503 - Round number: 17 --------------------------
2026-04-11 20:39:35,503 - Evaluate global model
2026-04-11 20:39:38,186 - Averaged Train Loss: 1.5407
2026-04-11 20:39:38,186 - Test Accurancy: 0.4490
2026-04-11 20:39:48,380 - Multi-krum select clients: [24, 28, 8, 6, 26, 11, 29, 12, 33, 22, 0, 13, 34, 36, 35, 2, 21, 31, 23, 14, 38, 7, 9, 4, 18, 32, 39, 3, 10, 5, 17, 30, 20, 15, 37, 1, 25, 16, 27]
2026-04-11 20:39:48,393 - Round number: 18 --------------------------
2026-04-11 20:39:48,393 - Evaluate global model
2026-04-11 20:39:53,320 - Averaged Train Loss: 1.5209
2026-04-11 20:39:53,320 - Test Accurancy: 0.4555
2026-04-11 20:40:02,319 - Multi-krum select clients: [24, 28, 26, 6, 29, 12, 8, 22, 33, 0, 4, 11, 13, 35, 21, 36, 31, 34, 23, 7, 2, 38, 14, 1, 9, 18, 39, 3, 32, 20, 30, 37, 15, 5, 17, 25, 16, 10, 27]
2026-04-11 20:40:02,331 - Round number: 19 --------------------------
2026-04-11 20:40:02,331 - Evaluate global model
2026-04-11 20:40:07,690 - Averaged Train Loss: 1.5010
2026-04-11 20:40:07,691 - Test Accurancy: 0.4615
2026-04-11 20:40:17,164 - Multi-krum select clients: [24, 28, 26, 6, 8, 29, 12, 11, 22, 2, 13, 21, 0, 33, 35, 36, 31, 14, 34, 4, 23, 32, 38, 20, 39, 1, 7, 9, 17, 18, 5, 37, 3, 10, 15, 30, 16, 25, 27]
2026-04-11 20:40:17,176 - Round number: 20 --------------------------
2026-04-11 20:40:17,176 - Evaluate global model
2026-04-11 20:40:22,764 - Averaged Train Loss: 1.4903
2026-04-11 20:40:22,764 - Test Accurancy: 0.4641
2026-04-11 20:40:31,809 - Multi-krum select clients: [24, 28, 26, 6, 29, 22, 8, 12, 0, 13, 11, 35, 36, 33, 2, 34, 23, 21, 38, 14, 4, 31, 32, 7, 18, 3, 10, 5, 30, 37, 20, 39, 16, 15, 9, 17, 25, 27, 19]
2026-04-11 20:40:31,821 - Round number: 21 --------------------------
2026-04-11 20:40:31,821 - Evaluate global model
2026-04-11 20:40:36,363 - Averaged Train Loss: 1.4757
2026-04-11 20:40:36,363 - Test Accurancy: 0.4715
2026-04-11 20:40:46,438 - Multi-krum select clients: [24, 28, 26, 6, 29, 11, 8, 12, 22, 0, 33, 4, 21, 35, 13, 2, 23, 36, 1, 31, 14, 34, 38, 18, 7, 3, 10, 32, 20, 9, 37, 5, 17, 16, 39, 30, 15, 25, 27]
2026-04-11 20:40:46,449 - Round number: 22 --------------------------
2026-04-11 20:40:46,450 - Evaluate global model
2026-04-11 20:40:49,577 - Averaged Train Loss: 1.4530
2026-04-11 20:40:49,578 - Test Accurancy: 0.4753
2026-04-11 20:41:00,361 - Multi-krum select clients: [24, 28, 6, 26, 11, 8, 29, 0, 22, 12, 33, 21, 13, 4, 34, 31, 7, 23, 2, 35, 1, 36, 14, 38, 39, 9, 20, 18, 3, 10, 37, 30, 15, 17, 16, 32, 5, 25, 27]
2026-04-11 20:41:00,373 - Round number: 23 --------------------------
2026-04-11 20:41:00,373 - Evaluate global model
2026-04-11 20:41:03,520 - Averaged Train Loss: 1.4403
2026-04-11 20:41:03,520 - Test Accurancy: 0.4785
2026-04-11 20:41:14,298 - Multi-krum select clients: [24, 28, 6, 26, 11, 12, 29, 8, 2, 33, 34, 0, 13, 1, 4, 35, 22, 21, 32, 23, 36, 9, 14, 7, 38, 20, 3, 31, 18, 15, 30, 39, 17, 10, 5, 16, 37, 25, 27]
2026-04-11 20:41:14,311 - Round number: 24 --------------------------
2026-04-11 20:41:14,311 - Evaluate global model
2026-04-11 20:41:18,590 - Averaged Train Loss: 1.4278
2026-04-11 20:41:18,590 - Test Accurancy: 0.4851
2026-04-11 20:41:27,731 - Multi-krum select clients: [28, 24, 6, 26, 29, 8, 11, 35, 12, 22, 0, 2, 4, 13, 33, 21, 34, 23, 7, 31, 36, 32, 38, 14, 9, 3, 37, 15, 18, 39, 20, 10, 30, 16, 5, 17, 25, 1, 27]
2026-04-11 20:41:27,742 - Round number: 25 --------------------------
2026-04-11 20:41:27,742 - Evaluate global model
2026-04-11 20:41:31,999 - Averaged Train Loss: 1.4203
2026-04-11 20:41:32,000 - Test Accurancy: 0.4864
2026-04-11 20:41:41,398 - Multi-krum select clients: [24, 28, 6, 26, 11, 8, 29, 0, 12, 21, 13, 2, 34, 22, 4, 35, 1, 23, 38, 7, 33, 31, 14, 36, 32, 18, 3, 39, 9, 20, 30, 10, 37, 15, 17, 16, 5, 25, 27]
2026-04-11 20:41:41,410 - Round number: 26 --------------------------
2026-04-11 20:41:41,411 - Evaluate global model
2026-04-11 20:41:46,620 - Averaged Train Loss: 1.4029
2026-04-11 20:41:46,620 - Test Accurancy: 0.4916
2026-04-11 20:41:55,839 - Multi-krum select clients: [24, 28, 26, 29, 6, 12, 11, 0, 8, 4, 22, 35, 34, 33, 21, 13, 23, 2, 36, 14, 1, 7, 31, 32, 3, 38, 15, 10, 20, 9, 30, 18, 17, 25, 5, 37, 39, 16, 27]
2026-04-11 20:41:55,850 - Round number: 27 --------------------------
2026-04-11 20:41:55,851 - Evaluate global model
2026-04-11 20:42:01,015 - Averaged Train Loss: 1.3942
2026-04-11 20:42:01,015 - Test Accurancy: 0.4955
2026-04-11 20:42:09,478 - Multi-krum select clients: [24, 28, 29, 6, 11, 26, 8, 0, 12, 22, 2, 35, 13, 4, 21, 33, 34, 23, 32, 1, 14, 7, 36, 31, 18, 10, 3, 39, 15, 38, 9, 20, 17, 30, 16, 5, 37, 25, 27]
2026-04-11 20:42:09,490 - Round number: 28 --------------------------
2026-04-11 20:42:09,490 - Evaluate global model
2026-04-11 20:42:14,861 - Averaged Train Loss: 1.3897
2026-04-11 20:42:14,862 - Test Accurancy: 0.4979
2026-04-11 20:42:24,624 - Multi-krum select clients: [24, 28, 26, 6, 11, 29, 12, 8, 2, 13, 0, 35, 33, 22, 21, 34, 4, 23, 14, 1, 31, 7, 38, 36, 32, 20, 3, 10, 9, 30, 17, 18, 15, 39, 37, 16, 25, 5, 27]
2026-04-11 20:42:24,635 - Round number: 29 --------------------------
2026-04-11 20:42:24,635 - Evaluate global model
2026-04-11 20:42:28,943 - Averaged Train Loss: 1.3718
2026-04-11 20:42:28,943 - Test Accurancy: 0.5026
2026-04-11 20:42:39,465 - Multi-krum select clients: [24, 28, 26, 6, 12, 29, 8, 22, 0, 13, 35, 21, 2, 33, 7, 4, 11, 14, 34, 1, 23, 38, 9, 31, 36, 32, 20, 39, 18, 10, 17, 37, 3, 15, 30, 25, 16, 5, 27]
2026-04-11 20:42:39,478 - Round number: 30 --------------------------
2026-04-11 20:42:39,478 - Evaluate global model
2026-04-11 20:42:42,858 - Averaged Train Loss: 1.3616
2026-04-11 20:42:42,858 - Test Accurancy: 0.5064
2026-04-11 20:42:53,895 - Multi-krum select clients: [24, 28, 11, 26, 6, 8, 29, 2, 33, 12, 0, 4, 13, 21, 34, 22, 36, 1, 23, 38, 35, 32, 7, 14, 20, 3, 31, 39, 10, 30, 15, 18, 9, 17, 37, 5, 16, 25, 27]
2026-04-11 20:42:53,907 - Round number: 31 --------------------------
2026-04-11 20:42:53,907 - Evaluate global model
2026-04-11 20:42:57,794 - Averaged Train Loss: 1.3558
2026-04-11 20:42:57,794 - Test Accurancy: 0.5082
2026-04-11 20:43:07,279 - Multi-krum select clients: [24, 28, 26, 29, 6, 8, 0, 22, 2, 33, 13, 35, 1, 11, 12, 21, 4, 34, 14, 7, 23, 36, 38, 31, 3, 15, 32, 10, 9, 39, 20, 30, 18, 17, 37, 16, 5, 25, 27]
2026-04-11 20:43:07,291 - Round number: 32 --------------------------
2026-04-11 20:43:07,291 - Evaluate global model
2026-04-11 20:43:11,821 - Averaged Train Loss: 1.3440
2026-04-11 20:43:11,821 - Test Accurancy: 0.5128
2026-04-11 20:43:21,086 - Multi-krum select clients: [24, 28, 26, 11, 6, 8, 29, 0, 2, 4, 13, 35, 12, 22, 21, 34, 33, 32, 1, 7, 14, 23, 38, 36, 31, 3, 20, 9, 10, 15, 39, 18, 30, 37, 16, 5, 17, 25, 27]
2026-04-11 20:43:21,098 - Round number: 33 --------------------------
2026-04-11 20:43:21,098 - Evaluate global model
2026-04-11 20:43:26,171 - Averaged Train Loss: 1.3358
2026-04-11 20:43:26,171 - Test Accurancy: 0.5163
2026-04-11 20:43:34,988 - Multi-krum select clients: [24, 28, 26, 8, 11, 6, 12, 13, 2, 29, 0, 22, 33, 23, 1, 34, 4, 35, 21, 7, 32, 36, 31, 14, 20, 38, 15, 3, 9, 39, 30, 10, 17, 37, 16, 25, 5, 18, 27]
2026-04-11 20:43:34,999 - Round number: 34 --------------------------
2026-04-11 20:43:34,999 - Evaluate global model
2026-04-11 20:43:40,404 - Averaged Train Loss: 1.3281
2026-04-11 20:43:40,404 - Test Accurancy: 0.5170
2026-04-11 20:43:49,555 - Multi-krum select clients: [24, 28, 11, 26, 29, 8, 12, 6, 0, 4, 13, 35, 33, 21, 2, 34, 23, 1, 22, 14, 32, 31, 7, 36, 38, 10, 20, 15, 3, 30, 9, 17, 39, 18, 5, 25, 37, 16, 27]
2026-04-11 20:43:49,568 - Round number: 35 --------------------------
2026-04-11 20:43:49,568 - Evaluate global model
2026-04-11 20:43:54,747 - Averaged Train Loss: 1.3192
2026-04-11 20:43:54,747 - Test Accurancy: 0.5213
2026-04-11 20:44:04,720 - Multi-krum select clients: [24, 28, 11, 26, 8, 29, 6, 0, 2, 12, 13, 22, 33, 21, 4, 1, 7, 35, 14, 34, 23, 38, 32, 36, 20, 10, 9, 31, 3, 15, 30, 39, 18, 37, 17, 16, 5, 25, 27]
2026-04-11 20:44:04,732 - Round number: 36 --------------------------
2026-04-11 20:44:04,732 - Evaluate global model
2026-04-11 20:44:08,758 - Averaged Train Loss: 1.3158
2026-04-11 20:44:08,758 - Test Accurancy: 0.5236
2026-04-11 20:44:19,713 - Multi-krum select clients: [24, 28, 11, 26, 6, 12, 8, 29, 22, 2, 0, 13, 21, 1, 14, 4, 23, 33, 35, 32, 34, 31, 7, 38, 36, 3, 20, 15, 17, 9, 39, 37, 30, 18, 16, 25, 10, 5, 27]
2026-04-11 20:44:19,725 - Round number: 37 --------------------------
2026-04-11 20:44:19,725 - Evaluate global model
2026-04-11 20:44:23,420 - Averaged Train Loss: 1.3092
2026-04-11 20:44:23,420 - Test Accurancy: 0.5270
2026-04-11 20:44:33,736 - Multi-krum select clients: [24, 28, 11, 26, 8, 29, 6, 22, 12, 21, 2, 13, 0, 4, 35, 1, 33, 34, 32, 7, 38, 36, 23, 31, 14, 3, 20, 39, 10, 15, 30, 18, 9, 37, 16, 5, 17, 25, 27]
2026-04-11 20:44:33,747 - Round number: 38 --------------------------
2026-04-11 20:44:33,747 - Evaluate global model
2026-04-11 20:44:37,851 - Averaged Train Loss: 1.2972
2026-04-11 20:44:37,851 - Test Accurancy: 0.5311
2026-04-11 20:44:47,852 - Multi-krum select clients: [24, 28, 26, 11, 29, 8, 0, 12, 2, 6, 13, 22, 35, 33, 4, 34, 21, 23, 14, 1, 32, 9, 36, 7, 38, 31, 3, 17, 15, 30, 10, 20, 37, 39, 18, 5, 25, 16, 19]
2026-04-11 20:44:47,864 - Round number: 39 --------------------------
2026-04-11 20:44:47,865 - Evaluate global model
2026-04-11 20:44:53,064 - Averaged Train Loss: 1.3090
2026-04-11 20:44:53,064 - Test Accurancy: 0.5212
2026-04-11 20:45:02,051 - Multi-krum select clients: [24, 28, 29, 26, 11, 8, 6, 13, 12, 4, 2, 1, 22, 0, 33, 21, 34, 35, 23, 32, 9, 36, 14, 38, 31, 7, 20, 10, 39, 15, 17, 3, 37, 30, 18, 5, 25, 16, 27]
2026-04-11 20:45:02,063 - Round number: 40 --------------------------
2026-04-11 20:45:02,064 - Evaluate global model
2026-04-11 20:45:07,013 - Averaged Train Loss: 1.2861
2026-04-11 20:45:07,013 - Test Accurancy: 0.5337
2026-04-11 20:45:16,252 - Multi-krum select clients: [24, 28, 26, 11, 29, 8, 12, 6, 2, 22, 0, 13, 34, 35, 1, 14, 33, 4, 32, 21, 7, 3, 36, 23, 9, 38, 31, 20, 10, 30, 15, 39, 18, 17, 37, 16, 5, 25, 27]
2026-04-11 20:45:16,264 - Round number: 41 --------------------------
2026-04-11 20:45:16,264 - Evaluate global model
2026-04-11 20:45:20,661 - Averaged Train Loss: 1.2764
2026-04-11 20:45:20,662 - Test Accurancy: 0.5364
2026-04-11 20:45:30,081 - Multi-krum select clients: [24, 28, 11, 26, 12, 0, 8, 29, 6, 1, 13, 22, 2, 33, 21, 35, 4, 32, 14, 7, 23, 38, 34, 3, 15, 36, 9, 31, 39, 17, 10, 18, 20, 37, 30, 16, 25, 5, 27]
2026-04-11 20:45:30,094 - Round number: 42 --------------------------
2026-04-11 20:45:30,094 - Evaluate global model
2026-04-11 20:45:34,411 - Averaged Train Loss: 1.2703
2026-04-11 20:45:34,412 - Test Accurancy: 0.5383
2026-04-11 20:45:44,351 - Multi-krum select clients: [24, 28, 11, 26, 29, 8, 0, 22, 2, 6, 1, 12, 4, 34, 35, 13, 21, 33, 14, 23, 32, 7, 38, 3, 36, 31, 9, 15, 20, 17, 30, 18, 37, 10, 39, 16, 5, 25, 27]
2026-04-11 20:45:44,363 - Round number: 43 --------------------------
2026-04-11 20:45:44,363 - Evaluate global model
2026-04-11 20:45:48,706 - Averaged Train Loss: 1.2619
2026-04-11 20:45:48,706 - Test Accurancy: 0.5427
2026-04-11 20:45:59,234 - Multi-krum select clients: [24, 28, 11, 26, 6, 29, 2, 8, 12, 0, 4, 22, 1, 13, 21, 14, 34, 33, 23, 32, 7, 35, 36, 38, 31, 3, 15, 9, 20, 37, 39, 30, 10, 17, 5, 25, 18, 16, 27]
2026-04-11 20:45:59,246 - Round number: 44 --------------------------
2026-04-11 20:45:59,247 - Evaluate global model
2026-04-11 20:46:02,986 - Averaged Train Loss: 1.2570
2026-04-11 20:46:02,986 - Test Accurancy: 0.5423
2026-04-11 20:46:13,440 - Multi-krum select clients: [24, 28, 2, 26, 29, 6, 11, 8, 12, 0, 4, 22, 1, 13, 21, 34, 33, 32, 14, 35, 7, 23, 38, 15, 36, 39, 9, 17, 31, 3, 30, 10, 18, 20, 37, 16, 5, 25, 27]
2026-04-11 20:46:13,452 - Round number: 45 --------------------------
2026-04-11 20:46:13,452 - Evaluate global model
2026-04-11 20:46:17,488 - Averaged Train Loss: 1.2488
2026-04-11 20:46:17,488 - Test Accurancy: 0.5473
2026-04-11 20:46:27,628 - Multi-krum select clients: [24, 28, 11, 26, 12, 8, 6, 4, 0, 29, 2, 1, 13, 21, 22, 23, 7, 32, 33, 14, 34, 35, 38, 36, 31, 15, 3, 39, 9, 20, 17, 30, 37, 10, 25, 18, 16, 5, 27]
2026-04-11 20:46:27,641 - Round number: 46 --------------------------
2026-04-11 20:46:27,641 - Evaluate global model
2026-04-11 20:46:32,332 - Averaged Train Loss: 1.2437
2026-04-11 20:46:32,332 - Test Accurancy: 0.5478
2026-04-11 20:46:41,688 - Multi-krum select clients: [24, 28, 11, 12, 6, 26, 29, 8, 4, 1, 13, 0, 22, 2, 21, 33, 23, 34, 35, 14, 7, 32, 38, 3, 15, 39, 20, 31, 30, 9, 37, 36, 17, 10, 5, 16, 18, 25, 27]
2026-04-11 20:46:41,700 - Round number: 47 --------------------------
2026-04-11 20:46:41,700 - Evaluate global model
2026-04-11 20:46:46,688 - Averaged Train Loss: 1.2385
2026-04-11 20:46:46,688 - Test Accurancy: 0.5483
2026-04-11 20:46:54,948 - Multi-krum select clients: [24, 28, 11, 26, 8, 6, 22, 2, 12, 4, 1, 13, 29, 0, 21, 33, 23, 32, 34, 35, 14, 7, 31, 38, 3, 36, 30, 15, 10, 39, 9, 20, 37, 5, 18, 25, 17, 16, 27]
2026-04-11 20:46:54,960 - Round number: 48 --------------------------
2026-04-11 20:46:54,960 - Evaluate global model
2026-04-11 20:47:00,727 - Averaged Train Loss: 1.2280
2026-04-11 20:47:00,727 - Test Accurancy: 0.5517
2026-04-11 20:47:09,563 - Multi-krum select clients: [24, 28, 11, 26, 6, 29, 8, 22, 0, 2, 1, 12, 33, 4, 13, 21, 34, 35, 32, 23, 7, 38, 14, 3, 39, 31, 15, 36, 9, 10, 30, 37, 20, 17, 5, 16, 25, 18, 27]
2026-04-11 20:47:09,575 - Round number: 49 --------------------------
2026-04-11 20:47:09,575 - Evaluate global model
2026-04-11 20:47:14,730 - Averaged Train Loss: 1.2274
2026-04-11 20:47:14,730 - Test Accurancy: 0.5520
2026-04-11 20:47:24,346 - Multi-krum select clients: [24, 28, 26, 11, 8, 29, 4, 12, 2, 6, 1, 0, 22, 13, 33, 21, 23, 35, 34, 14, 15, 7, 32, 31, 20, 36, 38, 3, 9, 39, 30, 10, 37, 17, 25, 18, 5, 16, 27]
2026-04-11 20:47:24,358 - Round number: 50 --------------------------
2026-04-11 20:47:24,358 - Evaluate global model
2026-04-11 20:47:28,048 - Averaged Train Loss: 1.2145
2026-04-11 20:47:28,048 - Test Accurancy: 0.5557
2026-04-11 20:47:38,818 - Multi-krum select clients: [24, 28, 26, 11, 2, 8, 6, 29, 22, 21, 13, 1, 12, 0, 4, 33, 14, 32, 34, 35, 15, 23, 7, 3, 36, 31, 9, 39, 38, 10, 30, 20, 17, 37, 25, 16, 5, 18, 27]
2026-04-11 20:47:38,830 - Round number: 51 --------------------------
2026-04-11 20:47:38,830 - Evaluate global model
2026-04-11 20:47:41,352 - Averaged Train Loss: 1.2154
2026-04-11 20:47:41,353 - Test Accurancy: 0.5544
2026-04-11 20:47:52,721 - Multi-krum select clients: [24, 28, 11, 26, 12, 8, 29, 2, 6, 13, 1, 4, 0, 22, 33, 21, 23, 35, 34, 38, 7, 32, 15, 14, 9, 36, 3, 31, 37, 20, 17, 30, 10, 25, 16, 18, 5, 39, 27]
2026-04-11 20:47:52,734 - Round number: 52 --------------------------
2026-04-11 20:47:52,734 - Evaluate global model
2026-04-11 20:47:56,302 - Averaged Train Loss: 1.2065
2026-04-11 20:47:56,303 - Test Accurancy: 0.5580
2026-04-11 20:48:06,281 - Multi-krum select clients: [24, 28, 11, 26, 8, 29, 6, 1, 13, 2, 22, 4, 12, 0, 33, 21, 35, 15, 14, 32, 23, 7, 34, 38, 39, 36, 3, 9, 30, 31, 20, 10, 17, 16, 37, 5, 25, 18, 27]
2026-04-11 20:48:06,293 - Round number: 53 --------------------------
2026-04-11 20:48:06,293 - Evaluate global model
2026-04-11 20:48:11,352 - Averaged Train Loss: 1.1968
2026-04-11 20:48:11,352 - Test Accurancy: 0.5614
2026-04-11 20:48:20,303 - Multi-krum select clients: [24, 28, 26, 11, 29, 6, 8, 2, 12, 13, 1, 22, 4, 0, 21, 33, 23, 34, 7, 32, 14, 35, 15, 9, 38, 36, 39, 31, 3, 20, 30, 17, 10, 37, 25, 16, 18, 5, 27]
2026-04-11 20:48:20,315 - Round number: 54 --------------------------
2026-04-11 20:48:20,315 - Evaluate global model
2026-04-11 20:48:26,236 - Averaged Train Loss: 1.1938
2026-04-11 20:48:26,236 - Test Accurancy: 0.5581
2026-04-11 20:48:35,598 - Multi-krum select clients: [24, 28, 11, 29, 13, 8, 6, 26, 2, 4, 12, 1, 0, 33, 22, 21, 23, 14, 34, 35, 7, 32, 15, 9, 3, 30, 38, 36, 31, 39, 37, 10, 17, 20, 25, 16, 5, 18, 27]
2026-04-11 20:48:35,610 - Round number: 55 --------------------------
2026-04-11 20:48:35,610 - Evaluate global model
2026-04-11 20:48:41,258 - Averaged Train Loss: 1.1895
2026-04-11 20:48:41,259 - Test Accurancy: 0.5616
2026-04-11 20:48:49,623 - Multi-krum select clients: [24, 28, 11, 26, 8, 29, 6, 1, 13, 2, 22, 4, 21, 12, 0, 33, 34, 32, 14, 35, 7, 23, 38, 15, 9, 39, 20, 10, 17, 3, 36, 31, 30, 37, 16, 25, 5, 18, 27]
2026-04-11 20:48:49,635 - Round number: 56 --------------------------
2026-04-11 20:48:49,635 - Evaluate global model
2026-04-11 20:48:54,386 - Averaged Train Loss: 1.1882
2026-04-11 20:48:54,386 - Test Accurancy: 0.5606
2026-04-11 20:49:04,237 - Multi-krum select clients: [24, 28, 11, 26, 6, 29, 8, 1, 2, 13, 0, 22, 21, 12, 33, 34, 35, 14, 4, 32, 7, 23, 15, 38, 3, 31, 39, 30, 37, 36, 10, 17, 9, 20, 25, 18, 5, 16, 27]
2026-04-11 20:49:04,250 - Round number: 57 --------------------------
2026-04-11 20:49:04,250 - Evaluate global model
2026-04-11 20:49:07,756 - Averaged Train Loss: 1.1798
2026-04-11 20:49:07,757 - Test Accurancy: 0.5634
2026-04-11 20:49:18,293 - Multi-krum select clients: [24, 28, 11, 26, 29, 12, 2, 6, 1, 8, 13, 0, 4, 22, 23, 21, 33, 34, 7, 32, 14, 35, 15, 3, 38, 20, 10, 36, 37, 31, 9, 39, 16, 17, 30, 25, 18, 5, 27]
2026-04-11 20:49:18,306 - Round number: 58 --------------------------
2026-04-11 20:49:18,306 - Evaluate global model
2026-04-11 20:49:21,807 - Averaged Train Loss: 1.1702
2026-04-11 20:49:21,808 - Test Accurancy: 0.5656
2026-04-11 20:49:32,808 - Multi-krum select clients: [24, 28, 11, 26, 6, 2, 29, 8, 13, 1, 22, 12, 4, 33, 0, 21, 23, 32, 34, 14, 35, 38, 15, 7, 3, 10, 31, 36, 20, 9, 17, 37, 30, 39, 25, 16, 18, 5, 27]
2026-04-11 20:49:32,820 - Round number: 59 --------------------------
2026-04-11 20:49:32,820 - Evaluate global model
2026-04-11 20:49:36,991 - Averaged Train Loss: 1.1651
2026-04-11 20:49:36,991 - Test Accurancy: 0.5690
2026-04-11 20:49:46,553 - Multi-krum select clients: [24, 28, 11, 26, 29, 8, 13, 2, 4, 0, 1, 6, 12, 22, 33, 32, 21, 34, 35, 38, 7, 15, 14, 23, 9, 3, 30, 16, 36, 10, 17, 39, 31, 20, 37, 5, 18, 25, 27]
2026-04-11 20:49:46,565 - Round number: 60 --------------------------
2026-04-11 20:49:46,565 - Evaluate global model
2026-04-11 20:49:51,130 - Averaged Train Loss: 1.1594
2026-04-11 20:49:51,130 - Test Accurancy: 0.5708
2026-04-11 20:50:01,470 - Multi-krum select clients: [24, 28, 11, 8, 26, 6, 29, 0, 1, 4, 12, 21, 13, 2, 22, 32, 23, 34, 33, 15, 38, 14, 7, 35, 3, 36, 10, 31, 39, 9, 30, 20, 17, 37, 16, 5, 25, 18, 27]
2026-04-11 20:50:01,482 - Round number: 61 --------------------------
2026-04-11 20:50:01,483 - Evaluate global model
2026-04-11 20:50:06,518 - Averaged Train Loss: 1.1564
2026-04-11 20:50:06,518 - Test Accurancy: 0.5702
2026-04-11 20:50:15,567 - Multi-krum select clients: [24, 28, 11, 26, 6, 29, 8, 1, 2, 13, 12, 4, 0, 33, 22, 21, 32, 34, 15, 14, 23, 7, 35, 9, 38, 3, 39, 31, 30, 36, 37, 10, 20, 17, 25, 16, 5, 18, 27]
2026-04-11 20:50:15,579 - Round number: 62 --------------------------
2026-04-11 20:50:15,580 - Evaluate global model
2026-04-11 20:50:20,450 - Averaged Train Loss: 1.1629
2026-04-11 20:50:20,450 - Test Accurancy: 0.5686
2026-04-11 20:50:29,634 - Multi-krum select clients: [24, 28, 11, 26, 4, 2, 1, 29, 6, 8, 13, 0, 21, 33, 12, 32, 34, 23, 22, 14, 7, 35, 38, 31, 39, 3, 36, 15, 10, 30, 20, 37, 25, 16, 9, 17, 18, 5, 27]
2026-04-11 20:50:29,646 - Round number: 63 --------------------------
2026-04-11 20:50:29,646 - Evaluate global model
2026-04-11 20:50:34,043 - Averaged Train Loss: 1.1477
2026-04-11 20:50:34,044 - Test Accurancy: 0.5718
2026-04-11 20:50:43,190 - Multi-krum select clients: [24, 28, 11, 26, 8, 1, 29, 0, 12, 6, 13, 2, 4, 22, 33, 21, 23, 35, 14, 32, 34, 15, 7, 9, 30, 38, 36, 3, 39, 37, 17, 20, 10, 16, 25, 31, 18, 5, 27]
2026-04-11 20:50:43,203 - Round number: 64 --------------------------
2026-04-11 20:50:43,203 - Evaluate global model
2026-04-11 20:50:47,945 - Averaged Train Loss: 1.1453
2026-04-11 20:50:47,946 - Test Accurancy: 0.5729
2026-04-11 20:50:57,345 - Multi-krum select clients: [24, 28, 11, 26, 8, 29, 6, 1, 12, 2, 4, 13, 22, 0, 33, 35, 7, 34, 23, 32, 21, 14, 38, 15, 39, 30, 3, 31, 36, 9, 10, 37, 20, 16, 17, 25, 5, 18, 27]
2026-04-11 20:50:57,357 - Round number: 65 --------------------------
2026-04-11 20:50:57,357 - Evaluate global model
2026-04-11 20:51:01,209 - Averaged Train Loss: 1.1410
2026-04-11 20:51:01,209 - Test Accurancy: 0.5764
2026-04-11 20:51:11,936 - Multi-krum select clients: [24, 28, 11, 26, 29, 8, 12, 6, 1, 13, 33, 4, 22, 0, 32, 21, 35, 34, 23, 14, 7, 38, 2, 15, 30, 31, 36, 10, 39, 9, 3, 37, 16, 20, 17, 5, 18, 25, 27]
2026-04-11 20:51:11,947 - Round number: 66 --------------------------
2026-04-11 20:51:11,948 - Evaluate global model
2026-04-11 20:51:15,978 - Averaged Train Loss: 1.1386
2026-04-11 20:51:15,978 - Test Accurancy: 0.5757
2026-04-11 20:51:26,655 - Multi-krum select clients: [24, 28, 11, 8, 29, 26, 1, 4, 12, 13, 6, 22, 2, 0, 32, 33, 34, 21, 35, 7, 15, 23, 3, 14, 38, 30, 39, 10, 36, 9, 37, 31, 16, 20, 17, 5, 18, 25, 27]
2026-04-11 20:51:26,666 - Round number: 67 --------------------------
2026-04-11 20:51:26,666 - Evaluate global model
2026-04-11 20:51:31,046 - Averaged Train Loss: 1.1337
2026-04-11 20:51:31,047 - Test Accurancy: 0.5759
2026-04-11 20:51:40,979 - Multi-krum select clients: [24, 28, 11, 26, 2, 8, 13, 12, 1, 6, 29, 32, 22, 0, 33, 4, 23, 34, 35, 21, 14, 15, 38, 7, 30, 39, 36, 9, 3, 20, 17, 10, 37, 31, 16, 5, 25, 18, 27]
2026-04-11 20:51:40,991 - Round number: 68 --------------------------
2026-04-11 20:51:40,991 - Evaluate global model
2026-04-11 20:51:45,662 - Averaged Train Loss: 1.1264
2026-04-11 20:51:45,662 - Test Accurancy: 0.5792
2026-04-11 20:51:55,233 - Multi-krum select clients: [24, 28, 11, 29, 8, 26, 1, 4, 6, 13, 2, 0, 33, 32, 12, 22, 34, 21, 23, 15, 14, 35, 7, 38, 9, 31, 36, 30, 10, 3, 39, 20, 37, 17, 16, 25, 5, 27, 18]
2026-04-11 20:51:55,245 - Round number: 69 --------------------------
2026-04-11 20:51:55,246 - Evaluate global model
2026-04-11 20:51:59,963 - Averaged Train Loss: 1.1212
2026-04-11 20:51:59,963 - Test Accurancy: 0.5796
2026-04-11 20:52:09,072 - Multi-krum select clients: [24, 28, 11, 26, 8, 1, 12, 29, 13, 0, 6, 4, 2, 22, 33, 21, 34, 14, 32, 23, 35, 7, 38, 15, 9, 36, 3, 31, 39, 20, 30, 37, 16, 10, 17, 25, 18, 5, 27]
2026-04-11 20:52:09,083 - Round number: 70 --------------------------
2026-04-11 20:52:09,083 - Evaluate global model
2026-04-11 20:52:13,597 - Averaged Train Loss: 1.1133
2026-04-11 20:52:13,598 - Test Accurancy: 0.5819
2026-04-11 20:52:23,487 - Multi-krum select clients: [24, 28, 11, 26, 8, 6, 4, 29, 1, 2, 22, 12, 13, 0, 33, 23, 21, 34, 32, 14, 35, 7, 15, 38, 3, 10, 9, 36, 39, 30, 31, 20, 37, 17, 16, 18, 25, 27, 5]
2026-04-11 20:52:23,498 - Round number: 71 --------------------------
2026-04-11 20:52:23,498 - Evaluate global model
2026-04-11 20:52:27,701 - Averaged Train Loss: 1.1096
2026-04-11 20:52:27,702 - Test Accurancy: 0.5843
2026-04-11 20:52:37,602 - Multi-krum select clients: [24, 28, 11, 26, 8, 2, 29, 13, 22, 1, 6, 33, 4, 0, 12, 32, 21, 23, 34, 7, 35, 14, 38, 15, 39, 36, 3, 20, 10, 37, 17, 30, 31, 9, 16, 5, 25, 18, 27]
2026-04-11 20:52:37,614 - Round number: 72 --------------------------
2026-04-11 20:52:37,614 - Evaluate global model
2026-04-11 20:52:41,454 - Averaged Train Loss: 1.1149
2026-04-11 20:52:41,454 - Test Accurancy: 0.5814
2026-04-11 20:52:51,652 - Multi-krum select clients: [24, 28, 11, 26, 29, 0, 4, 1, 8, 6, 13, 34, 12, 33, 22, 23, 32, 2, 21, 14, 35, 38, 15, 7, 36, 16, 10, 30, 37, 9, 31, 17, 39, 3, 20, 25, 5, 18, 27]
2026-04-11 20:52:51,664 - Round number: 73 --------------------------
2026-04-11 20:52:51,664 - Evaluate global model
2026-04-11 20:52:54,926 - Averaged Train Loss: 1.1025
2026-04-11 20:52:54,926 - Test Accurancy: 0.5851
2026-04-11 20:53:05,808 - Multi-krum select clients: [24, 28, 11, 26, 8, 1, 29, 6, 4, 13, 0, 22, 33, 12, 23, 34, 2, 21, 32, 14, 38, 35, 7, 15, 36, 3, 30, 31, 10, 37, 16, 17, 39, 20, 5, 25, 9, 27, 18]
2026-04-11 20:53:05,821 - Round number: 74 --------------------------
2026-04-11 20:53:05,821 - Evaluate global model
2026-04-11 20:53:09,629 - Averaged Train Loss: 1.0983
2026-04-11 20:53:09,629 - Test Accurancy: 0.5857
2026-04-11 20:53:19,157 - Multi-krum select clients: [24, 28, 11, 26, 29, 1, 8, 2, 4, 12, 6, 33, 0, 13, 23, 21, 32, 14, 22, 34, 35, 38, 7, 31, 30, 9, 10, 3, 39, 20, 17, 37, 36, 15, 16, 5, 25, 18, 27]
2026-04-11 20:53:19,170 - Round number: 75 --------------------------
2026-04-11 20:53:19,170 - Evaluate global model
2026-04-11 20:53:24,525 - Averaged Train Loss: 1.0996
2026-04-11 20:53:24,525 - Test Accurancy: 0.5850
2026-04-11 20:53:34,170 - Multi-krum select clients: [24, 28, 11, 8, 26, 29, 1, 12, 6, 4, 0, 21, 33, 13, 22, 2, 32, 23, 35, 14, 34, 15, 7, 38, 31, 36, 39, 3, 10, 20, 9, 30, 37, 17, 16, 5, 25, 18, 27]
2026-04-11 20:53:34,182 - Round number: 76 --------------------------
2026-04-11 20:53:34,182 - Evaluate global model
2026-04-11 20:53:39,641 - Averaged Train Loss: 1.0936
2026-04-11 20:53:39,641 - Test Accurancy: 0.5878
2026-04-11 20:53:49,083 - Multi-krum select clients: [24, 28, 11, 26, 29, 8, 1, 4, 13, 6, 12, 21, 0, 22, 33, 32, 23, 35, 14, 2, 34, 15, 38, 7, 30, 9, 36, 31, 39, 10, 3, 17, 20, 37, 16, 5, 18, 25, 27]
2026-04-11 20:53:49,094 - Round number: 77 --------------------------
2026-04-11 20:53:49,094 - Evaluate global model
2026-04-11 20:53:53,833 - Averaged Train Loss: 1.0882
2026-04-11 20:53:53,833 - Test Accurancy: 0.5878
2026-04-11 20:54:03,491 - Multi-krum select clients: [24, 28, 11, 26, 8, 29, 13, 4, 1, 6, 12, 2, 0, 33, 32, 22, 35, 23, 21, 38, 7, 15, 34, 14, 36, 9, 39, 10, 3, 30, 16, 37, 17, 31, 5, 20, 25, 18, 27]
2026-04-11 20:54:03,502 - Round number: 78 --------------------------
2026-04-11 20:54:03,502 - Evaluate global model
2026-04-11 20:54:07,595 - Averaged Train Loss: 1.0862
2026-04-11 20:54:07,595 - Test Accurancy: 0.5875
2026-04-11 20:54:17,393 - Multi-krum select clients: [24, 28, 11, 26, 8, 1, 29, 6, 13, 12, 2, 22, 4, 0, 21, 33, 23, 34, 32, 7, 14, 15, 38, 9, 35, 30, 39, 31, 36, 10, 16, 20, 17, 3, 37, 5, 25, 18, 27]
2026-04-11 20:54:17,405 - Round number: 79 --------------------------
2026-04-11 20:54:17,405 - Evaluate global model
2026-04-11 20:54:21,348 - Averaged Train Loss: 1.0833
2026-04-11 20:54:21,348 - Test Accurancy: 0.5886
2026-04-11 20:54:31,846 - Multi-krum select clients: [24, 28, 11, 8, 1, 29, 26, 4, 13, 6, 22, 12, 32, 34, 0, 33, 2, 23, 21, 15, 35, 38, 7, 30, 14, 9, 3, 36, 10, 17, 37, 39, 20, 16, 31, 25, 5, 27, 18]
2026-04-11 20:54:31,858 - Round number: 80 --------------------------
2026-04-11 20:54:31,858 - Evaluate global model
2026-04-11 20:54:35,303 - Averaged Train Loss: 1.0773
2026-04-11 20:54:35,304 - Test Accurancy: 0.5905
2026-04-11 20:54:45,620 - Multi-krum select clients: [24, 28, 11, 26, 1, 8, 6, 29, 13, 4, 2, 33, 22, 0, 12, 32, 21, 23, 34, 35, 15, 38, 9, 14, 7, 36, 31, 10, 16, 37, 30, 39, 3, 20, 17, 5, 25, 18, 27]
2026-04-11 20:54:45,632 - Round number: 81 --------------------------
2026-04-11 20:54:45,632 - Evaluate global model
2026-04-11 20:54:49,743 - Averaged Train Loss: 1.0744
2026-04-11 20:54:49,744 - Test Accurancy: 0.5923
2026-04-11 20:54:59,403 - Multi-krum select clients: [24, 28, 11, 29, 8, 1, 13, 26, 6, 4, 12, 33, 32, 0, 2, 22, 34, 14, 23, 7, 15, 35, 21, 38, 30, 39, 10, 9, 31, 36, 3, 17, 37, 16, 20, 5, 18, 25, 27]
2026-04-11 20:54:59,415 - Round number: 82 --------------------------
2026-04-11 20:54:59,415 - Evaluate global model
2026-04-11 20:55:04,562 - Averaged Train Loss: 1.0712
2026-04-11 20:55:04,563 - Test Accurancy: 0.5914
2026-04-11 20:55:14,577 - Multi-krum select clients: [24, 28, 11, 26, 1, 29, 8, 13, 6, 0, 4, 12, 21, 34, 33, 32, 2, 23, 22, 38, 15, 14, 30, 35, 7, 9, 36, 39, 37, 3, 31, 16, 20, 17, 5, 10, 25, 18, 27]
2026-04-11 20:55:14,588 - Round number: 83 --------------------------
2026-04-11 20:55:14,589 - Evaluate global model
2026-04-11 20:55:19,376 - Averaged Train Loss: 1.0742
2026-04-11 20:55:19,377 - Test Accurancy: 0.5897
2026-04-11 20:55:29,227 - Multi-krum select clients: [24, 28, 11, 26, 8, 29, 6, 4, 1, 13, 2, 0, 33, 22, 21, 12, 34, 32, 15, 23, 7, 38, 14, 30, 35, 9, 36, 3, 39, 10, 16, 31, 17, 20, 37, 5, 25, 18, 27]
2026-04-11 20:55:29,239 - Round number: 84 --------------------------
2026-04-11 20:55:29,239 - Evaluate global model
2026-04-11 20:55:33,637 - Averaged Train Loss: 1.0685
2026-04-11 20:55:33,637 - Test Accurancy: 0.5930
2026-04-11 20:55:43,512 - Multi-krum select clients: [24, 28, 11, 26, 8, 29, 1, 13, 4, 12, 6, 22, 33, 2, 21, 0, 34, 32, 23, 7, 14, 35, 15, 30, 38, 36, 9, 31, 3, 10, 16, 37, 39, 20, 17, 5, 25, 18, 27]
2026-04-11 20:55:43,524 - Round number: 85 --------------------------
2026-04-11 20:55:43,525 - Evaluate global model
2026-04-11 20:55:47,407 - Averaged Train Loss: 1.0677
2026-04-11 20:55:47,408 - Test Accurancy: 0.5932
2026-04-11 20:55:57,535 - Multi-krum select clients: [24, 28, 11, 26, 29, 8, 13, 1, 4, 32, 6, 0, 33, 2, 14, 12, 15, 23, 34, 21, 22, 35, 7, 38, 3, 9, 39, 36, 37, 31, 16, 30, 20, 17, 10, 5, 25, 18, 27]
2026-04-11 20:55:57,547 - Round number: 86 --------------------------
2026-04-11 20:55:57,547 - Evaluate global model
2026-04-11 20:56:01,211 - Averaged Train Loss: 1.0593
2026-04-11 20:56:01,211 - Test Accurancy: 0.5947
2026-04-11 20:56:11,662 - Multi-krum select clients: [24, 28, 11, 26, 8, 29, 1, 0, 2, 12, 4, 13, 6, 22, 34, 21, 33, 23, 32, 38, 15, 35, 9, 14, 7, 39, 30, 36, 31, 10, 16, 17, 20, 5, 37, 3, 18, 25, 27]
2026-04-11 20:56:11,674 - Round number: 87 --------------------------
2026-04-11 20:56:11,674 - Evaluate global model
2026-04-11 20:56:15,823 - Averaged Train Loss: 1.0572
2026-04-11 20:56:15,823 - Test Accurancy: 0.5975
2026-04-11 20:56:25,603 - Multi-krum select clients: [24, 28, 11, 26, 29, 13, 1, 8, 2, 4, 21, 0, 6, 12, 33, 22, 23, 32, 7, 34, 35, 15, 30, 38, 14, 9, 10, 39, 31, 36, 37, 3, 16, 17, 20, 5, 25, 18, 27]
2026-04-11 20:56:25,616 - Round number: 88 --------------------------
2026-04-11 20:56:25,616 - Evaluate global model
2026-04-11 20:56:30,671 - Averaged Train Loss: 1.0531
2026-04-11 20:56:30,671 - Test Accurancy: 0.5965
2026-04-11 20:56:37,850 - Multi-krum select clients: [24, 28, 11, 26, 1, 8, 4, 13, 29, 6, 12, 2, 0, 33, 22, 15, 32, 23, 35, 14, 34, 21, 7, 38, 30, 36, 9, 39, 31, 16, 37, 10, 3, 5, 17, 20, 18, 25, 27]
2026-04-11 20:56:37,862 - Round number: 89 --------------------------
2026-04-11 20:56:37,862 - Evaluate global model
2026-04-11 20:56:39,791 - Averaged Train Loss: 1.0547
2026-04-11 20:56:39,791 - Test Accurancy: 0.5977
2026-04-11 20:56:44,986 - Multi-krum select clients: [24, 28, 11, 8, 26, 29, 4, 1, 2, 13, 23, 0, 21, 6, 12, 22, 33, 34, 32, 14, 7, 15, 38, 35, 16, 36, 37, 30, 31, 9, 10, 39, 17, 20, 3, 5, 18, 25, 27]
2026-04-11 20:56:44,998 - Round number: 90 --------------------------
2026-04-11 20:56:44,998 - Evaluate global model
2026-04-11 20:56:46,822 - Averaged Train Loss: 1.0542
2026-04-11 20:56:46,822 - Test Accurancy: 0.5969
2026-04-11 20:56:52,163 - Multi-krum select clients: [24, 28, 11, 26, 8, 29, 1, 4, 13, 0, 6, 2, 32, 22, 33, 21, 23, 34, 12, 35, 14, 7, 15, 38, 39, 30, 9, 36, 16, 10, 31, 37, 3, 20, 17, 5, 25, 27, 18]
2026-04-11 20:56:52,175 - Round number: 91 --------------------------
2026-04-11 20:56:52,175 - Evaluate global model
2026-04-11 20:56:54,018 - Averaged Train Loss: 1.0443
2026-04-11 20:56:54,018 - Test Accurancy: 0.6003
2026-04-11 20:56:59,280 - Multi-krum select clients: [24, 28, 11, 26, 8, 6, 1, 29, 4, 0, 13, 12, 33, 21, 2, 22, 34, 23, 32, 35, 7, 30, 14, 38, 15, 9, 31, 39, 10, 5, 36, 3, 37, 16, 17, 20, 25, 18, 27]
2026-04-11 20:56:59,292 - Round number: 92 --------------------------
2026-04-11 20:56:59,292 - Evaluate global model
2026-04-11 20:57:01,065 - Averaged Train Loss: 1.0461
2026-04-11 20:57:01,066 - Test Accurancy: 0.5988
2026-04-11 20:57:06,314 - Multi-krum select clients: [24, 28, 11, 8, 4, 26, 29, 1, 13, 2, 6, 22, 21, 0, 23, 33, 32, 12, 35, 15, 34, 7, 38, 30, 9, 36, 31, 14, 39, 16, 10, 17, 20, 3, 37, 18, 5, 25, 27]
2026-04-11 20:57:06,326 - Round number: 93 --------------------------
2026-04-11 20:57:06,326 - Evaluate global model
2026-04-11 20:57:08,376 - Averaged Train Loss: 1.0392
2026-04-11 20:57:08,376 - Test Accurancy: 0.5995
2026-04-11 20:57:13,319 - Multi-krum select clients: [24, 28, 11, 26, 8, 1, 29, 13, 2, 0, 4, 33, 23, 6, 32, 21, 34, 22, 35, 12, 14, 38, 7, 15, 30, 9, 10, 31, 16, 36, 39, 37, 3, 5, 20, 18, 17, 27, 25]
2026-04-11 20:57:13,331 - Round number: 94 --------------------------
2026-04-11 20:57:13,331 - Evaluate global model
2026-04-11 20:57:16,124 - Averaged Train Loss: 1.0361
2026-04-11 20:57:16,124 - Test Accurancy: 0.5997
2026-04-11 20:57:20,964 - Multi-krum select clients: [24, 28, 11, 8, 26, 29, 6, 1, 12, 4, 13, 22, 23, 2, 34, 33, 0, 21, 32, 7, 35, 38, 30, 15, 9, 14, 39, 10, 36, 31, 20, 16, 5, 37, 17, 3, 25, 18, 27]
2026-04-11 20:57:20,977 - Round number: 95 --------------------------
2026-04-11 20:57:20,977 - Evaluate global model
2026-04-11 20:57:23,969 - Averaged Train Loss: 1.0385
2026-04-11 20:57:23,969 - Test Accurancy: 0.5995
2026-04-11 20:57:28,542 - Multi-krum select clients: [24, 28, 11, 26, 8, 29, 4, 13, 22, 21, 1, 6, 33, 2, 34, 23, 12, 0, 7, 32, 35, 38, 30, 14, 9, 15, 36, 31, 39, 10, 16, 37, 3, 18, 20, 17, 5, 25, 27]
2026-04-11 20:57:28,554 - Round number: 96 --------------------------
2026-04-11 20:57:28,554 - Evaluate global model
2026-04-11 20:57:31,441 - Averaged Train Loss: 1.0326
2026-04-11 20:57:31,442 - Test Accurancy: 0.6014
2026-04-11 20:57:36,054 - Multi-krum select clients: [24, 28, 11, 26, 29, 8, 1, 4, 2, 0, 13, 23, 6, 33, 12, 34, 32, 22, 35, 21, 15, 38, 9, 14, 30, 7, 31, 37, 36, 39, 3, 17, 16, 10, 20, 18, 5, 25, 27]
2026-04-11 20:57:36,065 - Round number: 97 --------------------------
2026-04-11 20:57:36,066 - Evaluate global model
2026-04-11 20:57:38,409 - Averaged Train Loss: 1.0281
2026-04-11 20:57:38,409 - Test Accurancy: 0.6033
2026-04-11 20:57:43,124 - Multi-krum select clients: [24, 28, 11, 8, 26, 29, 1, 13, 6, 12, 0, 4, 2, 23, 32, 22, 33, 21, 34, 15, 38, 35, 14, 7, 30, 10, 39, 9, 36, 16, 3, 31, 37, 17, 5, 20, 18, 25, 27]
2026-04-11 20:57:43,136 - Round number: 98 --------------------------
2026-04-11 20:57:43,136 - Evaluate global model
2026-04-11 20:57:45,017 - Averaged Train Loss: 1.0298
2026-04-11 20:57:45,017 - Test Accurancy: 0.6017
2026-04-11 20:57:50,230 - Multi-krum select clients: [24, 28, 11, 26, 8, 29, 13, 1, 2, 6, 4, 0, 22, 12, 32, 34, 23, 33, 21, 35, 14, 9, 7, 30, 15, 38, 36, 39, 17, 10, 31, 3, 16, 5, 37, 20, 18, 25, 27]
2026-04-11 20:57:50,242 - Round number: 99 --------------------------
2026-04-11 20:57:50,242 - Evaluate global model
2026-04-11 20:57:51,999 - Averaged Train Loss: 1.0277
2026-04-11 20:57:52,000 - Test Accurancy: 0.6037
2026-04-11 20:57:56,915 - Multi-krum select clients: [24, 28, 11, 26, 29, 8, 6, 1, 4, 13, 12, 2, 23, 33, 22, 21, 32, 0, 34, 35, 9, 15, 14, 38, 30, 7, 31, 36, 39, 10, 37, 5, 17, 16, 20, 3, 18, 25, 27]
2026-04-11 20:57:56,928 - Round number: 100 --------------------------
2026-04-11 20:57:56,928 - Evaluate global model
2026-04-11 20:57:58,873 - Averaged Train Loss: 1.0224
2026-04-11 20:57:58,873 - Test Accurancy: 0.6030
2026-04-11 20:58:03,850 - Multi-krum select clients: [24, 28, 26, 11, 8, 29, 4, 1, 0, 6, 2, 21, 13, 33, 23, 12, 22, 34, 7, 30, 35, 32, 15, 14, 38, 36, 31, 16, 5, 10, 37, 39, 9, 3, 17, 20, 25, 18, 27]
2026-04-11 20:58:03,851 - Run over
2026-04-11 20:58:03,851 - Saving results to ./exp/exp4/Cifar10/multi-krum_none.h5
2026-04-11 20:58:03,857 - Best accuracy: 0.6037296037296037
2026-04-11 20:58:03,857 - Average time cost per round: 13.410960035324097
