2026-04-28 07:18:16,560 - *****************EXP-4*****************
2026-04-28 07:18:16,560 - Exp repeats: 1
2026-04-28 07:18:16,560 - Communication Rounds: 100
2026-04-28 07:18:16,560 - Clients: 40

2026-04-28 07:18:16,560 - Attack method: CAMP
2026-04-28 07:18:16,560 - Filtering rule: multi-krum
2026-04-28 07:18:16,560 - Dataset: Cifar10
2026-04-28 07:18:16,560 - Model: cnn2
2026-04-28 07:18:16,561 - Learning Rate: 0.04
2026-04-28 07:18:16,561 - Batch Size: 64
2026-04-28 07:18:16,561 - Device: cuda
2026-04-28 07:18:16,561 - Device id: 0
2026-04-28 07:18:16,561 - Adversaries: 8
2026-04-28 07:18:16,561 - Model Poisoning: CAMP attack, mode perturbation_v5
2026-04-28 07:18:16,561 - *****************EXP-4*****************
2026-04-28 07:18:16,699 - Running time: 0th ==========================
2026-04-28 07:18:20,806 - Round number: 0 --------------------------
2026-04-28 07:18:20,806 - Evaluate global model
2026-04-28 07:18:22,556 - Averaged Train Loss: 2.3021
2026-04-28 07:18:22,556 - Test Accurancy: 0.1016
2026-04-28 07:18:26,358 - Multi-krum select clients: [1, 2, 3, 4, 5, 6, 7, 0, 8, 26, 24, 29, 22, 28, 38, 14, 34, 33, 11, 31, 23, 12, 21, 36, 9, 13, 10, 35, 20, 39, 16]
2026-04-28 07:18:26,367 - Round number: 1 --------------------------
2026-04-28 07:18:26,367 - Evaluate global model
2026-04-28 07:18:27,543 - Averaged Train Loss: 2.2926
2026-04-28 07:18:27,543 - Test Accurancy: 0.1094
2026-04-28 07:18:30,662 - Multi-krum select clients: [1, 2, 3, 4, 5, 6, 7, 0, 24, 8, 26, 28, 14, 11, 22, 12, 33, 34, 29, 21, 38, 23, 31, 35, 9, 20, 13, 36, 17, 39, 16]
2026-04-28 07:18:30,671 - Round number: 2 --------------------------
2026-04-28 07:18:30,671 - Evaluate global model
2026-04-28 07:18:32,063 - Averaged Train Loss: 2.2664
2026-04-28 07:18:32,064 - Test Accurancy: 0.1189
2026-04-28 07:18:35,179 - Multi-krum select clients: [1, 2, 3, 4, 5, 6, 7, 0, 26, 8, 24, 14, 28, 12, 11, 33, 34, 29, 22, 38, 21, 36, 20, 35, 23, 31, 13, 9, 39, 17, 16]
2026-04-28 07:18:35,188 - Round number: 3 --------------------------
2026-04-28 07:18:35,188 - Evaluate global model
2026-04-28 07:18:36,375 - Averaged Train Loss: 2.2196
2026-04-28 07:18:36,376 - Test Accurancy: 0.1652
2026-04-28 07:18:39,384 - Multi-krum select clients: [1, 2, 3, 4, 5, 6, 7, 0, 26, 28, 8, 24, 33, 29, 38, 14, 12, 34, 11, 36, 22, 35, 23, 21, 31, 13, 20, 9, 17, 16, 39]
2026-04-28 07:18:39,392 - Round number: 4 --------------------------
2026-04-28 07:18:39,392 - Evaluate global model
2026-04-28 07:18:40,469 - Averaged Train Loss: 2.1512
2026-04-28 07:18:40,469 - Test Accurancy: 0.2138
2026-04-28 07:18:43,535 - Multi-krum select clients: [1, 2, 3, 4, 5, 6, 7, 0, 26, 28, 8, 24, 12, 11, 33, 36, 38, 14, 29, 34, 22, 21, 9, 35, 31, 13, 23, 20, 30, 16, 39]
2026-04-28 07:18:43,544 - Round number: 5 --------------------------
2026-04-28 07:18:43,544 - Evaluate global model
2026-04-28 07:18:44,707 - Averaged Train Loss: 2.0562
2026-04-28 07:18:44,708 - Test Accurancy: 0.2515
2026-04-28 07:18:47,921 - Multi-krum select clients: [1, 2, 3, 4, 5, 6, 7, 0, 26, 28, 8, 29, 12, 22, 21, 36, 14, 33, 11, 38, 24, 31, 34, 9, 13, 35, 23, 20, 30, 16, 32]
2026-04-28 07:18:47,929 - Round number: 6 --------------------------
2026-04-28 07:18:47,929 - Evaluate global model
2026-04-28 07:18:48,991 - Averaged Train Loss: 2.0109
2026-04-28 07:18:48,991 - Test Accurancy: 0.2769
2026-04-28 07:18:52,178 - Multi-krum select clients: [1, 2, 3, 4, 5, 6, 7, 0, 26, 28, 8, 12, 33, 29, 14, 21, 36, 11, 9, 22, 24, 13, 38, 31, 34, 35, 23, 20, 30, 32, 17]
2026-04-28 07:18:52,188 - Round number: 7 --------------------------
2026-04-28 07:18:52,188 - Evaluate global model
2026-04-28 07:18:53,342 - Averaged Train Loss: 1.9910
2026-04-28 07:18:53,342 - Test Accurancy: 0.3070
2026-04-28 07:18:56,671 - Multi-krum select clients: [1, 2, 3, 4, 5, 6, 7, 0, 26, 24, 8, 28, 22, 33, 36, 21, 38, 12, 31, 9, 14, 29, 34, 13, 11, 35, 23, 30, 32, 20, 17]
2026-04-28 07:18:56,682 - Round number: 8 --------------------------
2026-04-28 07:18:56,682 - Evaluate global model
2026-04-28 07:18:58,854 - Averaged Train Loss: 1.9734
2026-04-28 07:18:58,854 - Test Accurancy: 0.3175
2026-04-28 07:19:02,014 - Multi-krum select clients: [1, 2, 3, 4, 5, 6, 7, 0, 26, 28, 12, 24, 8, 36, 33, 31, 29, 21, 22, 14, 38, 9, 11, 35, 34, 13, 23, 20, 17, 32, 30]
2026-04-28 07:19:02,023 - Round number: 9 --------------------------
2026-04-28 07:19:02,023 - Evaluate global model
2026-04-28 07:19:03,162 - Averaged Train Loss: 1.9523
2026-04-28 07:19:03,162 - Test Accurancy: 0.3245
2026-04-28 07:19:06,299 - Multi-krum select clients: [1, 2, 3, 4, 5, 6, 7, 0, 26, 12, 8, 36, 24, 33, 28, 29, 21, 11, 14, 22, 31, 38, 35, 23, 34, 9, 13, 30, 20, 32, 17]
2026-04-28 07:19:06,307 - Round number: 10 --------------------------
2026-04-28 07:19:06,307 - Evaluate global model
2026-04-28 07:19:07,422 - Averaged Train Loss: 1.9349
2026-04-28 07:19:07,422 - Test Accurancy: 0.3323
2026-04-28 07:19:10,460 - Multi-krum select clients: [1, 2, 3, 4, 5, 6, 7, 0, 12, 24, 28, 26, 33, 36, 11, 21, 14, 31, 22, 8, 35, 9, 38, 29, 13, 34, 23, 32, 20, 17, 30]
2026-04-28 07:19:10,469 - Round number: 11 --------------------------
2026-04-28 07:19:10,470 - Evaluate global model
2026-04-28 07:19:11,697 - Averaged Train Loss: 1.9078
2026-04-28 07:19:11,698 - Test Accurancy: 0.3359
2026-04-28 07:19:14,772 - Multi-krum select clients: [1, 2, 3, 4, 5, 6, 7, 0, 26, 28, 24, 12, 33, 8, 31, 36, 21, 29, 35, 14, 22, 11, 38, 13, 34, 9, 23, 32, 20, 30, 37]
2026-04-28 07:19:14,780 - Round number: 12 --------------------------
2026-04-28 07:19:14,780 - Evaluate global model
2026-04-28 07:19:15,904 - Averaged Train Loss: 1.8818
2026-04-28 07:19:15,905 - Test Accurancy: 0.3413
2026-04-28 07:19:19,297 - Multi-krum select clients: [1, 2, 3, 4, 5, 6, 7, 0, 24, 26, 28, 12, 8, 31, 33, 21, 22, 36, 11, 14, 38, 29, 34, 9, 13, 35, 23, 32, 20, 17, 30]
2026-04-28 07:19:19,308 - Round number: 13 --------------------------
2026-04-28 07:19:19,308 - Evaluate global model
2026-04-28 07:19:21,406 - Averaged Train Loss: 1.8669
2026-04-28 07:19:21,407 - Test Accurancy: 0.3501
2026-04-28 07:19:24,689 - Multi-krum select clients: [1, 2, 3, 4, 5, 6, 7, 0, 26, 28, 24, 33, 12, 8, 36, 22, 31, 35, 11, 21, 9, 38, 34, 23, 29, 14, 13, 32, 20, 17, 30]
2026-04-28 07:19:24,698 - Round number: 14 --------------------------
2026-04-28 07:19:24,699 - Evaluate global model
2026-04-28 07:19:25,904 - Averaged Train Loss: 1.8485
2026-04-28 07:19:25,905 - Test Accurancy: 0.3556
2026-04-28 07:19:28,955 - Multi-krum select clients: [1, 2, 3, 4, 5, 6, 7, 0, 24, 12, 33, 26, 28, 8, 11, 31, 36, 14, 22, 21, 29, 34, 38, 9, 35, 23, 13, 32, 17, 30, 20]
2026-04-28 07:19:28,964 - Round number: 15 --------------------------
2026-04-28 07:19:28,964 - Evaluate global model
2026-04-28 07:19:30,073 - Averaged Train Loss: 1.8311
2026-04-28 07:19:30,073 - Test Accurancy: 0.3604
2026-04-28 07:19:33,107 - Multi-krum select clients: [1, 2, 3, 4, 5, 6, 7, 0, 28, 24, 26, 12, 33, 8, 31, 36, 11, 14, 22, 35, 21, 9, 38, 34, 23, 29, 13, 32, 17, 30, 20]
2026-04-28 07:19:33,115 - Round number: 16 --------------------------
2026-04-28 07:19:33,116 - Evaluate global model
2026-04-28 07:19:34,240 - Averaged Train Loss: 1.8141
2026-04-28 07:19:34,240 - Test Accurancy: 0.3663
2026-04-28 07:19:37,237 - Multi-krum select clients: [1, 2, 3, 4, 5, 6, 7, 0, 28, 24, 26, 33, 12, 21, 36, 11, 8, 31, 22, 35, 34, 14, 13, 38, 29, 23, 9, 30, 17, 32, 20]
2026-04-28 07:19:37,246 - Round number: 17 --------------------------
2026-04-28 07:19:37,246 - Evaluate global model
2026-04-28 07:19:38,386 - Averaged Train Loss: 1.7900
2026-04-28 07:19:38,386 - Test Accurancy: 0.3683
2026-04-28 07:19:41,478 - Multi-krum select clients: [1, 2, 3, 4, 5, 6, 7, 0, 28, 26, 8, 33, 12, 24, 22, 36, 11, 21, 9, 34, 14, 31, 23, 13, 35, 29, 38, 32, 30, 17, 20]
2026-04-28 07:19:41,487 - Round number: 18 --------------------------
2026-04-28 07:19:41,487 - Evaluate global model
2026-04-28 07:19:42,651 - Averaged Train Loss: 1.7653
2026-04-28 07:19:42,651 - Test Accurancy: 0.3776
2026-04-28 07:19:45,658 - Multi-krum select clients: [1, 2, 3, 4, 5, 6, 7, 0, 24, 28, 26, 12, 33, 8, 31, 22, 21, 35, 34, 36, 29, 14, 9, 23, 38, 13, 32, 20, 11, 30, 17]
2026-04-28 07:19:45,667 - Round number: 19 --------------------------
2026-04-28 07:19:45,667 - Evaluate global model
2026-04-28 07:19:46,757 - Averaged Train Loss: 1.7543
2026-04-28 07:19:46,757 - Test Accurancy: 0.3817
2026-04-28 07:19:49,796 - Multi-krum select clients: [1, 2, 3, 4, 5, 6, 7, 0, 26, 28, 24, 12, 33, 11, 31, 8, 36, 22, 14, 21, 35, 29, 23, 34, 13, 38, 9, 30, 17, 20, 32]
2026-04-28 07:19:49,805 - Round number: 20 --------------------------
2026-04-28 07:19:49,805 - Evaluate global model
2026-04-28 07:19:50,917 - Averaged Train Loss: 1.7405
2026-04-28 07:19:50,917 - Test Accurancy: 0.3875
2026-04-28 07:19:54,267 - Multi-krum select clients: [1, 2, 3, 4, 5, 6, 7, 0, 24, 26, 28, 12, 33, 8, 11, 36, 22, 31, 21, 23, 34, 38, 35, 9, 29, 14, 13, 30, 32, 20, 17]
2026-04-28 07:19:54,276 - Round number: 21 --------------------------
2026-04-28 07:19:54,276 - Evaluate global model
2026-04-28 07:19:55,641 - Averaged Train Loss: 1.7238
2026-04-28 07:19:55,642 - Test Accurancy: 0.3905
2026-04-28 07:19:59,231 - Multi-krum select clients: [1, 2, 3, 4, 5, 6, 7, 0, 24, 26, 28, 12, 33, 8, 31, 11, 22, 35, 36, 23, 34, 21, 14, 38, 13, 29, 9, 30, 32, 17, 20]
2026-04-28 07:19:59,240 - Round number: 22 --------------------------
2026-04-28 07:19:59,240 - Evaluate global model
2026-04-28 07:20:00,530 - Averaged Train Loss: 1.7080
2026-04-28 07:20:00,530 - Test Accurancy: 0.3955
2026-04-28 07:20:03,663 - Multi-krum select clients: [1, 2, 3, 4, 5, 6, 7, 0, 24, 28, 26, 12, 33, 8, 31, 34, 35, 22, 36, 14, 29, 9, 13, 21, 38, 23, 11, 30, 17, 32, 20]
2026-04-28 07:20:03,673 - Round number: 23 --------------------------
2026-04-28 07:20:03,673 - Evaluate global model
2026-04-28 07:20:04,728 - Averaged Train Loss: 1.7042
2026-04-28 07:20:04,728 - Test Accurancy: 0.3973
2026-04-28 07:20:07,870 - Multi-krum select clients: [1, 2, 3, 4, 5, 6, 7, 0, 28, 24, 26, 12, 33, 36, 11, 8, 22, 31, 34, 23, 21, 35, 14, 13, 9, 38, 29, 30, 20, 32, 17]
2026-04-28 07:20:07,880 - Round number: 24 --------------------------
2026-04-28 07:20:07,880 - Evaluate global model
2026-04-28 07:20:09,010 - Averaged Train Loss: 1.6878
2026-04-28 07:20:09,011 - Test Accurancy: 0.4016
2026-04-28 07:20:12,298 - Multi-krum select clients: [1, 2, 3, 4, 5, 6, 7, 0, 28, 26, 24, 33, 12, 22, 8, 11, 36, 34, 21, 14, 31, 13, 23, 29, 30, 38, 35, 9, 32, 20, 17]
2026-04-28 07:20:12,308 - Round number: 25 --------------------------
2026-04-28 07:20:12,308 - Evaluate global model
2026-04-28 07:20:13,561 - Averaged Train Loss: 1.6741
2026-04-28 07:20:13,561 - Test Accurancy: 0.4094
2026-04-28 07:20:16,695 - Multi-krum select clients: [1, 2, 3, 4, 5, 6, 7, 0, 28, 24, 26, 12, 33, 11, 8, 21, 31, 36, 38, 35, 22, 29, 13, 14, 34, 9, 23, 30, 32, 17, 20]
2026-04-28 07:20:16,704 - Round number: 26 --------------------------
2026-04-28 07:20:16,704 - Evaluate global model
2026-04-28 07:20:17,833 - Averaged Train Loss: 1.6694
2026-04-28 07:20:17,833 - Test Accurancy: 0.4093
2026-04-28 07:20:21,025 - Multi-krum select clients: [1, 2, 3, 4, 5, 6, 7, 0, 24, 26, 28, 12, 33, 11, 31, 8, 36, 22, 35, 34, 21, 29, 23, 13, 14, 9, 38, 30, 17, 20, 32]
2026-04-28 07:20:21,035 - Round number: 27 --------------------------
2026-04-28 07:20:21,035 - Evaluate global model
2026-04-28 07:20:22,614 - Averaged Train Loss: 1.6591
2026-04-28 07:20:22,615 - Test Accurancy: 0.4115
2026-04-28 07:20:26,072 - Multi-krum select clients: [1, 2, 3, 4, 5, 6, 7, 0, 28, 24, 26, 12, 8, 33, 22, 11, 31, 23, 36, 21, 29, 35, 14, 13, 34, 9, 38, 30, 32, 17, 20]
2026-04-28 07:20:26,080 - Round number: 28 --------------------------
2026-04-28 07:20:26,080 - Evaluate global model
2026-04-28 07:20:27,306 - Averaged Train Loss: 1.6462
2026-04-28 07:20:27,306 - Test Accurancy: 0.4159
2026-04-28 07:20:30,371 - Multi-krum select clients: [1, 2, 3, 4, 5, 6, 7, 0, 28, 24, 26, 12, 33, 8, 11, 21, 22, 31, 36, 35, 13, 14, 38, 34, 23, 29, 9, 32, 20, 17, 30]
2026-04-28 07:20:30,380 - Round number: 29 --------------------------
2026-04-28 07:20:30,380 - Evaluate global model
2026-04-28 07:20:31,525 - Averaged Train Loss: 1.6325
2026-04-28 07:20:31,525 - Test Accurancy: 0.4219
2026-04-28 07:20:34,594 - Multi-krum select clients: [1, 2, 3, 4, 5, 6, 7, 0, 24, 28, 26, 12, 33, 8, 22, 21, 11, 31, 36, 23, 35, 29, 34, 14, 38, 13, 9, 32, 30, 20, 17]
2026-04-28 07:20:34,603 - Round number: 30 --------------------------
2026-04-28 07:20:34,603 - Evaluate global model
2026-04-28 07:20:35,711 - Averaged Train Loss: 1.6172
2026-04-28 07:20:35,711 - Test Accurancy: 0.4283
2026-04-28 07:20:38,848 - Multi-krum select clients: [1, 0, 7, 6, 5, 4, 3, 2, 24, 28, 26, 12, 33, 11, 31, 8, 22, 23, 21, 35, 36, 34, 14, 9, 29, 38, 30, 13, 32, 20, 17]
2026-04-28 07:20:38,857 - Round number: 31 --------------------------
2026-04-28 07:20:38,857 - Evaluate global model
2026-04-28 07:20:40,065 - Averaged Train Loss: 1.6068
2026-04-28 07:20:40,065 - Test Accurancy: 0.4298
2026-04-28 07:20:43,139 - Multi-krum select clients: [1, 2, 3, 4, 5, 6, 7, 0, 24, 28, 26, 12, 33, 8, 11, 36, 21, 31, 23, 13, 35, 14, 22, 34, 29, 9, 38, 30, 32, 20, 17]
2026-04-28 07:20:43,148 - Round number: 32 --------------------------
2026-04-28 07:20:43,148 - Evaluate global model
2026-04-28 07:20:44,281 - Averaged Train Loss: 1.5988
2026-04-28 07:20:44,282 - Test Accurancy: 0.4331
2026-04-28 07:20:47,383 - Multi-krum select clients: [1, 0, 7, 6, 5, 4, 3, 2, 28, 24, 26, 12, 33, 8, 21, 23, 11, 31, 35, 34, 36, 22, 38, 29, 13, 14, 9, 32, 30, 20, 17]
2026-04-28 07:20:47,392 - Round number: 33 --------------------------
2026-04-28 07:20:47,392 - Evaluate global model
2026-04-28 07:20:48,510 - Averaged Train Loss: 1.5902
2026-04-28 07:20:48,510 - Test Accurancy: 0.4364
2026-04-28 07:20:51,967 - Multi-krum select clients: [1, 2, 3, 4, 5, 6, 7, 0, 24, 28, 12, 26, 33, 8, 23, 22, 36, 31, 14, 35, 34, 11, 13, 21, 38, 29, 9, 17, 20, 32, 30]
2026-04-28 07:20:51,978 - Round number: 34 --------------------------
2026-04-28 07:20:51,978 - Evaluate global model
2026-04-28 07:20:53,594 - Averaged Train Loss: 1.5839
2026-04-28 07:20:53,594 - Test Accurancy: 0.4392
2026-04-28 07:20:56,890 - Multi-krum select clients: [1, 2, 3, 4, 5, 6, 7, 0, 28, 24, 26, 12, 33, 11, 22, 21, 29, 14, 34, 36, 35, 13, 31, 8, 23, 30, 38, 9, 32, 20, 17]
2026-04-28 07:20:56,899 - Round number: 35 --------------------------
2026-04-28 07:20:56,899 - Evaluate global model
2026-04-28 07:20:58,054 - Averaged Train Loss: 1.5811
2026-04-28 07:20:58,054 - Test Accurancy: 0.4386
2026-04-28 07:21:01,170 - Multi-krum select clients: [1, 2, 3, 4, 5, 6, 7, 0, 24, 28, 26, 12, 11, 33, 8, 29, 21, 13, 36, 22, 35, 34, 23, 38, 31, 30, 14, 9, 32, 20, 17]
2026-04-28 07:21:01,179 - Round number: 36 --------------------------
2026-04-28 07:21:01,179 - Evaluate global model
2026-04-28 07:21:02,242 - Averaged Train Loss: 1.5753
2026-04-28 07:21:02,242 - Test Accurancy: 0.4416
2026-04-28 07:21:05,301 - Multi-krum select clients: [1, 2, 3, 4, 5, 6, 7, 0, 24, 28, 12, 26, 11, 33, 22, 8, 31, 36, 21, 23, 29, 35, 13, 14, 34, 30, 38, 9, 17, 20, 32]
2026-04-28 07:21:05,310 - Round number: 37 --------------------------
2026-04-28 07:21:05,310 - Evaluate global model
2026-04-28 07:21:06,403 - Averaged Train Loss: 1.5737
2026-04-28 07:21:06,403 - Test Accurancy: 0.4431
2026-04-28 07:21:09,487 - Multi-krum select clients: [1, 2, 3, 4, 5, 6, 7, 0, 24, 28, 26, 12, 11, 33, 22, 29, 8, 34, 23, 36, 31, 35, 13, 14, 21, 30, 9, 38, 32, 20, 17]
2026-04-28 07:21:09,495 - Round number: 38 --------------------------
2026-04-28 07:21:09,495 - Evaluate global model
2026-04-28 07:21:10,597 - Averaged Train Loss: 1.5617
2026-04-28 07:21:10,597 - Test Accurancy: 0.4476
2026-04-28 07:21:13,685 - Multi-krum select clients: [1, 2, 3, 4, 5, 6, 7, 0, 28, 24, 26, 12, 11, 8, 22, 33, 31, 21, 14, 34, 35, 13, 23, 36, 38, 32, 29, 9, 30, 20, 17]
2026-04-28 07:21:13,694 - Round number: 39 --------------------------
2026-04-28 07:21:13,694 - Evaluate global model
2026-04-28 07:21:14,748 - Averaged Train Loss: 1.5539
2026-04-28 07:21:14,748 - Test Accurancy: 0.4488
2026-04-28 07:21:18,019 - Multi-krum select clients: [1, 2, 3, 4, 5, 6, 7, 0, 28, 12, 24, 26, 33, 8, 22, 11, 29, 23, 31, 21, 34, 30, 35, 13, 36, 38, 14, 9, 32, 20, 17]
2026-04-28 07:21:18,030 - Round number: 40 --------------------------
2026-04-28 07:21:18,031 - Evaluate global model
2026-04-28 07:21:19,146 - Averaged Train Loss: 1.5450
2026-04-28 07:21:19,146 - Test Accurancy: 0.4513
2026-04-28 07:21:22,778 - Multi-krum select clients: [1, 2, 3, 4, 5, 6, 7, 0, 24, 28, 26, 12, 22, 8, 11, 33, 21, 14, 23, 31, 38, 13, 30, 34, 36, 35, 29, 9, 32, 20, 17]
2026-04-28 07:21:22,787 - Round number: 41 --------------------------
2026-04-28 07:21:22,787 - Evaluate global model
2026-04-28 07:21:24,117 - Averaged Train Loss: 1.5400
2026-04-28 07:21:24,117 - Test Accurancy: 0.4553
2026-04-28 07:21:27,160 - Multi-krum select clients: [1, 2, 3, 4, 5, 6, 7, 0, 24, 28, 26, 12, 33, 8, 31, 22, 11, 13, 14, 34, 23, 29, 21, 36, 38, 9, 30, 35, 32, 20, 17]
2026-04-28 07:21:27,169 - Round number: 42 --------------------------
2026-04-28 07:21:27,169 - Evaluate global model
2026-04-28 07:21:28,266 - Averaged Train Loss: 1.5423
2026-04-28 07:21:28,267 - Test Accurancy: 0.4541
2026-04-28 07:21:31,297 - Multi-krum select clients: [1, 2, 3, 4, 5, 6, 7, 0, 28, 24, 26, 11, 33, 12, 8, 29, 31, 21, 35, 22, 34, 23, 14, 13, 38, 30, 36, 32, 9, 20, 17]
2026-04-28 07:21:31,306 - Round number: 43 --------------------------
2026-04-28 07:21:31,306 - Evaluate global model
2026-04-28 07:21:32,419 - Averaged Train Loss: 1.5220
2026-04-28 07:21:32,420 - Test Accurancy: 0.4577
2026-04-28 07:21:35,405 - Multi-krum select clients: [1, 0, 7, 6, 5, 4, 3, 2, 28, 24, 12, 26, 33, 11, 22, 8, 23, 21, 31, 29, 14, 13, 38, 30, 34, 36, 35, 32, 9, 20, 17]
2026-04-28 07:21:35,414 - Round number: 44 --------------------------
2026-04-28 07:21:35,414 - Evaluate global model
2026-04-28 07:21:36,523 - Averaged Train Loss: 1.5222
2026-04-28 07:21:36,523 - Test Accurancy: 0.4597
2026-04-28 07:21:39,543 - Multi-krum select clients: [1, 2, 3, 4, 5, 6, 7, 0, 24, 28, 26, 11, 12, 33, 8, 22, 23, 31, 34, 21, 13, 14, 29, 35, 38, 36, 30, 32, 9, 17, 20]
2026-04-28 07:21:39,552 - Round number: 45 --------------------------
2026-04-28 07:21:39,552 - Evaluate global model
2026-04-28 07:21:40,732 - Averaged Train Loss: 1.5176
2026-04-28 07:21:40,733 - Test Accurancy: 0.4615
2026-04-28 07:21:43,875 - Multi-krum select clients: [1, 2, 3, 4, 5, 6, 7, 0, 24, 28, 26, 12, 11, 22, 8, 21, 33, 31, 29, 23, 14, 30, 35, 36, 34, 38, 32, 13, 9, 20, 17]
2026-04-28 07:21:43,889 - Round number: 46 --------------------------
2026-04-28 07:21:43,889 - Evaluate global model
2026-04-28 07:21:45,051 - Averaged Train Loss: 1.5101
2026-04-28 07:21:45,051 - Test Accurancy: 0.4644
2026-04-28 07:21:48,109 - Multi-krum select clients: [1, 2, 3, 4, 5, 6, 7, 0, 28, 24, 26, 11, 12, 21, 33, 22, 23, 8, 14, 31, 29, 34, 13, 30, 36, 38, 35, 9, 32, 17, 20]
2026-04-28 07:21:48,118 - Round number: 47 --------------------------
2026-04-28 07:21:48,118 - Evaluate global model
2026-04-28 07:21:49,275 - Averaged Train Loss: 1.5032
2026-04-28 07:21:49,276 - Test Accurancy: 0.4643
2026-04-28 07:21:52,421 - Multi-krum select clients: [1, 2, 3, 4, 5, 6, 7, 0, 28, 24, 26, 12, 11, 33, 8, 21, 22, 31, 23, 34, 35, 30, 36, 14, 38, 13, 29, 9, 32, 20, 17]
2026-04-28 07:21:52,431 - Round number: 48 --------------------------
2026-04-28 07:21:52,431 - Evaluate global model
2026-04-28 07:21:53,640 - Averaged Train Loss: 1.5051
2026-04-28 07:21:53,640 - Test Accurancy: 0.4660
2026-04-28 07:21:57,493 - Multi-krum select clients: [1, 2, 3, 4, 5, 6, 7, 0, 24, 28, 12, 26, 11, 33, 22, 23, 8, 30, 35, 36, 21, 34, 13, 29, 31, 38, 9, 14, 32, 17, 20]
2026-04-28 07:21:57,503 - Round number: 49 --------------------------
2026-04-28 07:21:57,503 - Evaluate global model
2026-04-28 07:21:59,061 - Averaged Train Loss: 1.5072
2026-04-28 07:21:59,062 - Test Accurancy: 0.4653
2026-04-28 07:22:02,310 - Multi-krum select clients: [1, 2, 3, 4, 5, 6, 7, 0, 24, 28, 26, 12, 11, 33, 22, 21, 23, 8, 34, 31, 30, 14, 13, 29, 9, 36, 35, 38, 32, 20, 17]
2026-04-28 07:22:02,319 - Round number: 50 --------------------------
2026-04-28 07:22:02,319 - Evaluate global model
2026-04-28 07:22:03,480 - Averaged Train Loss: 1.4914
2026-04-28 07:22:03,480 - Test Accurancy: 0.4687
2026-04-28 07:22:06,726 - Multi-krum select clients: [1, 2, 3, 4, 5, 6, 7, 0, 24, 28, 26, 12, 11, 22, 33, 8, 21, 23, 35, 34, 38, 36, 13, 29, 31, 14, 32, 30, 9, 17, 20]
2026-04-28 07:22:06,735 - Round number: 51 --------------------------
2026-04-28 07:22:06,735 - Evaluate global model
2026-04-28 07:22:07,859 - Averaged Train Loss: 1.4897
2026-04-28 07:22:07,859 - Test Accurancy: 0.4703
2026-04-28 07:22:11,055 - Multi-krum select clients: [1, 2, 3, 4, 5, 6, 7, 0, 24, 28, 26, 12, 11, 33, 14, 21, 23, 34, 8, 31, 35, 38, 30, 29, 22, 36, 13, 9, 32, 17, 20]
2026-04-28 07:22:11,063 - Round number: 52 --------------------------
2026-04-28 07:22:11,063 - Evaluate global model
2026-04-28 07:22:12,202 - Averaged Train Loss: 1.4827
2026-04-28 07:22:12,202 - Test Accurancy: 0.4725
2026-04-28 07:22:15,405 - Multi-krum select clients: [1, 2, 3, 4, 5, 6, 7, 0, 24, 28, 26, 12, 11, 33, 8, 23, 22, 21, 38, 31, 14, 13, 35, 36, 30, 32, 29, 34, 9, 17, 20]
2026-04-28 07:22:15,427 - Round number: 53 --------------------------
2026-04-28 07:22:15,427 - Evaluate global model
2026-04-28 07:22:16,989 - Averaged Train Loss: 1.4818
2026-04-28 07:22:16,990 - Test Accurancy: 0.4729
2026-04-28 07:22:20,373 - Multi-krum select clients: [1, 2, 3, 4, 5, 6, 7, 0, 24, 28, 26, 11, 12, 33, 8, 23, 22, 34, 21, 35, 13, 38, 31, 29, 36, 30, 32, 9, 14, 20, 17]
2026-04-28 07:22:20,382 - Round number: 54 --------------------------
2026-04-28 07:22:20,382 - Evaluate global model
2026-04-28 07:22:21,600 - Averaged Train Loss: 1.4728
2026-04-28 07:22:21,600 - Test Accurancy: 0.4751
2026-04-28 07:22:24,770 - Multi-krum select clients: [1, 2, 3, 4, 5, 6, 7, 0, 24, 28, 26, 11, 12, 33, 8, 23, 31, 21, 35, 34, 14, 36, 13, 38, 30, 22, 29, 9, 32, 17, 20]
2026-04-28 07:22:24,779 - Round number: 55 --------------------------
2026-04-28 07:22:24,779 - Evaluate global model
2026-04-28 07:22:25,842 - Averaged Train Loss: 1.4614
2026-04-28 07:22:25,842 - Test Accurancy: 0.4778
2026-04-28 07:22:28,971 - Multi-krum select clients: [1, 2, 3, 4, 5, 6, 7, 0, 24, 28, 12, 11, 26, 33, 8, 22, 23, 21, 30, 14, 31, 13, 29, 35, 38, 34, 9, 32, 36, 17, 20]
2026-04-28 07:22:28,980 - Round number: 56 --------------------------
2026-04-28 07:22:28,980 - Evaluate global model
2026-04-28 07:22:30,065 - Averaged Train Loss: 1.4597
2026-04-28 07:22:30,066 - Test Accurancy: 0.4781
2026-04-28 07:22:33,265 - Multi-krum select clients: [1, 2, 3, 4, 5, 6, 7, 0, 24, 28, 12, 26, 11, 33, 8, 23, 22, 21, 13, 30, 34, 29, 31, 14, 35, 36, 38, 9, 32, 20, 17]
2026-04-28 07:22:33,273 - Round number: 57 --------------------------
2026-04-28 07:22:33,274 - Evaluate global model
2026-04-28 07:22:34,408 - Averaged Train Loss: 1.4578
2026-04-28 07:22:34,409 - Test Accurancy: 0.4805
2026-04-28 07:22:37,596 - Multi-krum select clients: [1, 2, 3, 4, 5, 6, 7, 0, 24, 28, 12, 26, 11, 8, 33, 22, 29, 34, 14, 23, 21, 30, 35, 36, 38, 31, 9, 13, 32, 17, 20]
2026-04-28 07:22:37,605 - Round number: 58 --------------------------
2026-04-28 07:22:37,606 - Evaluate global model
2026-04-28 07:22:38,795 - Averaged Train Loss: 1.4595
2026-04-28 07:22:38,795 - Test Accurancy: 0.4803
2026-04-28 07:22:42,087 - Multi-krum select clients: [1, 0, 7, 6, 5, 4, 3, 2, 24, 28, 12, 26, 11, 33, 22, 8, 21, 31, 23, 34, 30, 35, 14, 13, 29, 38, 36, 32, 9, 17, 20]
2026-04-28 07:22:42,097 - Round number: 59 --------------------------
2026-04-28 07:22:42,097 - Evaluate global model
2026-04-28 07:22:44,022 - Averaged Train Loss: 1.4508
2026-04-28 07:22:44,022 - Test Accurancy: 0.4833
2026-04-28 07:22:47,271 - Multi-krum select clients: [1, 2, 3, 4, 5, 6, 7, 0, 24, 28, 12, 26, 11, 8, 33, 23, 21, 22, 29, 14, 34, 30, 35, 31, 38, 13, 32, 36, 9, 17, 20]
2026-04-28 07:22:47,281 - Round number: 60 --------------------------
2026-04-28 07:22:47,281 - Evaluate global model
2026-04-28 07:22:48,585 - Averaged Train Loss: 1.4436
2026-04-28 07:22:48,585 - Test Accurancy: 0.4852
2026-04-28 07:22:51,751 - Multi-krum select clients: [1, 2, 3, 4, 5, 6, 7, 0, 28, 24, 26, 12, 11, 33, 22, 13, 21, 8, 23, 31, 35, 29, 34, 38, 30, 14, 36, 9, 32, 17, 20]
2026-04-28 07:22:51,760 - Round number: 61 --------------------------
2026-04-28 07:22:51,760 - Evaluate global model
2026-04-28 07:22:52,871 - Averaged Train Loss: 1.4351
2026-04-28 07:22:52,872 - Test Accurancy: 0.4882
2026-04-28 07:22:55,995 - Multi-krum select clients: [1, 0, 7, 6, 5, 4, 3, 2, 24, 28, 26, 12, 11, 23, 33, 8, 22, 31, 21, 29, 30, 14, 34, 9, 13, 35, 32, 38, 36, 20, 17]
2026-04-28 07:22:56,005 - Round number: 62 --------------------------
2026-04-28 07:22:56,005 - Evaluate global model
2026-04-28 07:22:57,108 - Averaged Train Loss: 1.4304
2026-04-28 07:22:57,109 - Test Accurancy: 0.4917
2026-04-28 07:23:00,323 - Multi-krum select clients: [1, 2, 3, 4, 5, 6, 7, 0, 24, 28, 26, 11, 12, 8, 23, 33, 22, 13, 31, 21, 14, 29, 30, 9, 36, 35, 34, 32, 38, 20, 17]
2026-04-28 07:23:00,332 - Round number: 63 --------------------------
2026-04-28 07:23:00,332 - Evaluate global model
2026-04-28 07:23:01,544 - Averaged Train Loss: 1.4349
2026-04-28 07:23:01,544 - Test Accurancy: 0.4908
2026-04-28 07:23:04,633 - Multi-krum select clients: [1, 0, 7, 6, 5, 4, 3, 2, 24, 28, 26, 12, 11, 33, 23, 8, 22, 21, 31, 29, 30, 14, 34, 38, 35, 36, 13, 9, 32, 20, 17]
2026-04-28 07:23:04,642 - Round number: 64 --------------------------
2026-04-28 07:23:04,642 - Evaluate global model
2026-04-28 07:23:05,761 - Averaged Train Loss: 1.4289
2026-04-28 07:23:05,762 - Test Accurancy: 0.4920
2026-04-28 07:23:08,908 - Multi-krum select clients: [1, 2, 3, 4, 5, 6, 7, 0, 24, 28, 26, 11, 12, 33, 21, 23, 22, 29, 14, 31, 30, 35, 8, 38, 34, 9, 13, 36, 32, 20, 17]
2026-04-28 07:23:08,926 - Round number: 65 --------------------------
2026-04-28 07:23:08,929 - Evaluate global model
2026-04-28 07:23:10,437 - Averaged Train Loss: 1.4236
2026-04-28 07:23:10,438 - Test Accurancy: 0.4932
2026-04-28 07:23:14,203 - Multi-krum select clients: [1, 2, 3, 4, 5, 6, 7, 0, 24, 28, 12, 26, 11, 8, 33, 23, 22, 31, 30, 34, 14, 21, 38, 29, 35, 13, 36, 32, 9, 20, 17]
2026-04-28 07:23:14,213 - Round number: 66 --------------------------
2026-04-28 07:23:14,213 - Evaluate global model
2026-04-28 07:23:15,733 - Averaged Train Loss: 1.4299
2026-04-28 07:23:15,733 - Test Accurancy: 0.4926
2026-04-28 07:23:18,781 - Multi-krum select clients: [1, 2, 3, 4, 5, 6, 7, 0, 24, 28, 12, 26, 11, 33, 8, 22, 35, 23, 31, 30, 21, 38, 34, 14, 29, 13, 9, 32, 36, 17, 20]
2026-04-28 07:23:18,789 - Round number: 67 --------------------------
2026-04-28 07:23:18,790 - Evaluate global model
2026-04-28 07:23:19,842 - Averaged Train Loss: 1.4208
2026-04-28 07:23:19,842 - Test Accurancy: 0.4956
2026-04-28 07:23:22,866 - Multi-krum select clients: [1, 2, 3, 4, 5, 6, 7, 0, 24, 28, 26, 12, 11, 33, 8, 22, 23, 35, 38, 14, 34, 31, 13, 30, 21, 29, 32, 36, 9, 17, 20]
2026-04-28 07:23:22,874 - Round number: 68 --------------------------
2026-04-28 07:23:22,874 - Evaluate global model
2026-04-28 07:23:23,921 - Averaged Train Loss: 1.4219
2026-04-28 07:23:23,922 - Test Accurancy: 0.4964
2026-04-28 07:23:26,929 - Multi-krum select clients: [1, 2, 3, 4, 5, 6, 7, 0, 24, 28, 12, 26, 11, 33, 21, 31, 8, 22, 14, 35, 23, 13, 30, 34, 38, 29, 9, 36, 32, 17, 20]
2026-04-28 07:23:26,940 - Round number: 69 --------------------------
2026-04-28 07:23:26,940 - Evaluate global model
2026-04-28 07:23:28,062 - Averaged Train Loss: 1.4137
2026-04-28 07:23:28,062 - Test Accurancy: 0.4982
2026-04-28 07:23:31,131 - Multi-krum select clients: [1, 2, 3, 4, 5, 6, 7, 0, 24, 28, 26, 12, 11, 33, 22, 8, 31, 23, 21, 30, 34, 29, 13, 14, 35, 36, 38, 32, 9, 17, 20]
2026-04-28 07:23:31,140 - Round number: 70 --------------------------
2026-04-28 07:23:31,140 - Evaluate global model
2026-04-28 07:23:32,251 - Averaged Train Loss: 1.4106
2026-04-28 07:23:32,251 - Test Accurancy: 0.4982
2026-04-28 07:23:35,355 - Multi-krum select clients: [1, 2, 3, 4, 5, 6, 7, 0, 24, 28, 26, 12, 11, 33, 8, 22, 31, 23, 21, 13, 34, 29, 14, 35, 38, 32, 30, 36, 9, 17, 20]
2026-04-28 07:23:35,363 - Round number: 71 --------------------------
2026-04-28 07:23:35,364 - Evaluate global model
2026-04-28 07:23:36,482 - Averaged Train Loss: 1.4077
2026-04-28 07:23:36,483 - Test Accurancy: 0.4997
2026-04-28 07:23:39,571 - Multi-krum select clients: [1, 2, 3, 4, 5, 6, 7, 0, 24, 28, 11, 26, 12, 8, 33, 23, 21, 13, 31, 30, 22, 34, 14, 35, 36, 29, 38, 32, 9, 17, 20]
2026-04-28 07:23:39,580 - Round number: 72 --------------------------
2026-04-28 07:23:39,580 - Evaluate global model
2026-04-28 07:23:40,797 - Averaged Train Loss: 1.3984
2026-04-28 07:23:40,799 - Test Accurancy: 0.5008
2026-04-28 07:23:44,568 - Multi-krum select clients: [1, 2, 3, 4, 5, 6, 7, 0, 24, 28, 26, 12, 11, 33, 22, 8, 23, 31, 21, 35, 34, 30, 13, 38, 29, 14, 36, 9, 32, 20, 17]
2026-04-28 07:23:44,577 - Round number: 73 --------------------------
2026-04-28 07:23:44,577 - Evaluate global model
2026-04-28 07:23:46,295 - Averaged Train Loss: 1.3981
2026-04-28 07:23:46,295 - Test Accurancy: 0.5026
2026-04-28 07:23:49,374 - Multi-krum select clients: [1, 2, 3, 4, 5, 6, 7, 0, 24, 28, 26, 11, 12, 33, 8, 23, 22, 34, 38, 21, 35, 31, 13, 14, 30, 29, 32, 36, 9, 17, 20]
2026-04-28 07:23:49,383 - Round number: 74 --------------------------
2026-04-28 07:23:49,383 - Evaluate global model
2026-04-28 07:23:50,493 - Averaged Train Loss: 1.3966
2026-04-28 07:23:50,493 - Test Accurancy: 0.5025
2026-04-28 07:23:53,489 - Multi-krum select clients: [1, 2, 3, 4, 5, 6, 7, 0, 24, 28, 12, 11, 26, 33, 8, 23, 34, 21, 22, 30, 31, 14, 35, 38, 29, 36, 32, 13, 9, 20, 17]
2026-04-28 07:23:53,498 - Round number: 75 --------------------------
2026-04-28 07:23:53,498 - Evaluate global model
2026-04-28 07:23:54,623 - Averaged Train Loss: 1.3921
2026-04-28 07:23:54,623 - Test Accurancy: 0.5006
2026-04-28 07:23:57,645 - Multi-krum select clients: [1, 2, 3, 4, 5, 6, 7, 0, 24, 28, 26, 12, 11, 23, 8, 33, 21, 22, 29, 34, 31, 30, 32, 14, 38, 13, 36, 9, 35, 17, 20]
2026-04-28 07:23:57,655 - Round number: 76 --------------------------
2026-04-28 07:23:57,655 - Evaluate global model
2026-04-28 07:23:58,894 - Averaged Train Loss: 1.3894
2026-04-28 07:23:58,894 - Test Accurancy: 0.5038
2026-04-28 07:24:02,014 - Multi-krum select clients: [1, 2, 3, 4, 5, 6, 7, 0, 24, 28, 12, 26, 11, 33, 22, 8, 21, 23, 31, 30, 14, 13, 34, 38, 32, 35, 29, 9, 36, 17, 20]
2026-04-28 07:24:02,024 - Round number: 77 --------------------------
2026-04-28 07:24:02,024 - Evaluate global model
2026-04-28 07:24:03,165 - Averaged Train Loss: 1.3857
2026-04-28 07:24:03,165 - Test Accurancy: 0.5058
2026-04-28 07:24:06,343 - Multi-krum select clients: [1, 0, 7, 6, 5, 4, 3, 2, 24, 28, 26, 12, 11, 33, 23, 21, 8, 22, 31, 29, 35, 30, 34, 14, 36, 13, 38, 9, 32, 20, 17]
2026-04-28 07:24:06,353 - Round number: 78 --------------------------
2026-04-28 07:24:06,353 - Evaluate global model
2026-04-28 07:24:07,482 - Averaged Train Loss: 1.3882
2026-04-28 07:24:07,483 - Test Accurancy: 0.5041
2026-04-28 07:24:11,002 - Multi-krum select clients: [1, 2, 3, 4, 5, 6, 7, 0, 28, 24, 12, 26, 11, 8, 33, 21, 35, 31, 23, 34, 22, 13, 29, 38, 14, 30, 36, 32, 9, 17, 20]
2026-04-28 07:24:11,013 - Round number: 79 --------------------------
2026-04-28 07:24:11,013 - Evaluate global model
2026-04-28 07:24:12,593 - Averaged Train Loss: 1.3766
2026-04-28 07:24:12,593 - Test Accurancy: 0.5070
2026-04-28 07:24:15,834 - Multi-krum select clients: [1, 2, 3, 4, 5, 6, 7, 0, 24, 28, 12, 26, 11, 33, 8, 23, 22, 31, 14, 34, 21, 29, 30, 38, 13, 35, 36, 9, 32, 20, 17]
2026-04-28 07:24:15,843 - Round number: 80 --------------------------
2026-04-28 07:24:15,843 - Evaluate global model
2026-04-28 07:24:17,017 - Averaged Train Loss: 1.3826
2026-04-28 07:24:17,017 - Test Accurancy: 0.5066
2026-04-28 07:24:20,122 - Multi-krum select clients: [1, 2, 3, 4, 5, 6, 7, 0, 24, 28, 26, 12, 11, 23, 33, 22, 34, 21, 13, 31, 8, 30, 14, 38, 35, 29, 36, 32, 9, 20, 17]
2026-04-28 07:24:20,130 - Round number: 81 --------------------------
2026-04-28 07:24:20,130 - Evaluate global model
2026-04-28 07:24:21,256 - Averaged Train Loss: 1.3773
2026-04-28 07:24:21,257 - Test Accurancy: 0.5058
2026-04-28 07:24:24,359 - Multi-krum select clients: [1, 2, 3, 4, 5, 6, 7, 0, 24, 28, 26, 11, 12, 33, 8, 22, 34, 21, 23, 38, 35, 30, 31, 13, 14, 29, 32, 9, 36, 17, 20]
2026-04-28 07:24:24,369 - Round number: 82 --------------------------
2026-04-28 07:24:24,369 - Evaluate global model
2026-04-28 07:24:25,484 - Averaged Train Loss: 1.3722
2026-04-28 07:24:25,484 - Test Accurancy: 0.5092
2026-04-28 07:24:28,639 - Multi-krum select clients: [1, 2, 3, 4, 5, 6, 7, 0, 24, 28, 12, 26, 11, 33, 23, 34, 8, 14, 21, 35, 30, 22, 31, 38, 29, 13, 32, 9, 36, 20, 17]
2026-04-28 07:24:28,647 - Round number: 83 --------------------------
2026-04-28 07:24:28,647 - Evaluate global model
2026-04-28 07:24:29,761 - Averaged Train Loss: 1.3701
2026-04-28 07:24:29,761 - Test Accurancy: 0.5091
2026-04-28 07:24:32,835 - Multi-krum select clients: [1, 2, 3, 4, 5, 6, 7, 0, 24, 28, 26, 11, 12, 33, 8, 31, 14, 23, 34, 30, 13, 22, 21, 38, 29, 36, 35, 32, 9, 20, 17]
2026-04-28 07:24:32,844 - Round number: 84 --------------------------
2026-04-28 07:24:32,844 - Evaluate global model
2026-04-28 07:24:33,969 - Averaged Train Loss: 1.3686
2026-04-28 07:24:33,970 - Test Accurancy: 0.5096
2026-04-28 07:24:37,150 - Multi-krum select clients: [1, 2, 3, 4, 5, 6, 7, 0, 24, 28, 12, 26, 11, 33, 8, 21, 34, 30, 31, 14, 23, 38, 29, 22, 13, 35, 9, 32, 36, 20, 17]
2026-04-28 07:24:37,163 - Round number: 85 --------------------------
2026-04-28 07:24:37,163 - Evaluate global model
2026-04-28 07:24:38,745 - Averaged Train Loss: 1.3686
2026-04-28 07:24:38,745 - Test Accurancy: 0.5092
2026-04-28 07:24:41,963 - Multi-krum select clients: [1, 2, 3, 4, 5, 6, 7, 0, 24, 28, 12, 26, 11, 33, 8, 23, 22, 21, 31, 34, 14, 38, 13, 30, 35, 36, 29, 32, 9, 17, 20]
2026-04-28 07:24:41,972 - Round number: 86 --------------------------
2026-04-28 07:24:41,972 - Evaluate global model
2026-04-28 07:24:43,251 - Averaged Train Loss: 1.3638
2026-04-28 07:24:43,251 - Test Accurancy: 0.5126
2026-04-28 07:24:46,399 - Multi-krum select clients: [1, 2, 3, 4, 5, 6, 7, 0, 24, 28, 26, 12, 11, 23, 8, 33, 31, 34, 14, 30, 22, 21, 13, 29, 35, 38, 9, 36, 32, 17, 20]
2026-04-28 07:24:46,408 - Round number: 87 --------------------------
2026-04-28 07:24:46,408 - Evaluate global model
2026-04-28 07:24:47,508 - Averaged Train Loss: 1.3646
2026-04-28 07:24:47,508 - Test Accurancy: 0.5108
2026-04-28 07:24:50,572 - Multi-krum select clients: [1, 2, 3, 4, 5, 6, 7, 0, 24, 28, 12, 11, 26, 33, 22, 23, 8, 34, 14, 30, 35, 21, 31, 38, 13, 29, 36, 9, 32, 17, 20]
2026-04-28 07:24:50,581 - Round number: 88 --------------------------
2026-04-28 07:24:50,581 - Evaluate global model
2026-04-28 07:24:51,650 - Averaged Train Loss: 1.3646
2026-04-28 07:24:51,650 - Test Accurancy: 0.5111
2026-04-28 07:24:54,820 - Multi-krum select clients: [1, 2, 3, 4, 5, 6, 7, 0, 24, 28, 12, 26, 11, 33, 8, 31, 23, 22, 34, 21, 14, 38, 29, 13, 30, 35, 32, 36, 9, 20, 17]
2026-04-28 07:24:54,828 - Round number: 89 --------------------------
2026-04-28 07:24:54,829 - Evaluate global model
2026-04-28 07:24:55,938 - Averaged Train Loss: 1.3545
2026-04-28 07:24:55,938 - Test Accurancy: 0.5140
2026-04-28 07:24:59,092 - Multi-krum select clients: [1, 0, 7, 6, 5, 4, 3, 2, 24, 28, 26, 12, 11, 8, 33, 22, 23, 34, 31, 21, 29, 38, 30, 36, 13, 14, 9, 35, 32, 20, 17]
2026-04-28 07:24:59,102 - Round number: 90 --------------------------
2026-04-28 07:24:59,102 - Evaluate global model
2026-04-28 07:25:00,359 - Averaged Train Loss: 1.3528
2026-04-28 07:25:00,360 - Test Accurancy: 0.5136
2026-04-28 07:25:03,390 - Multi-krum select clients: [1, 0, 7, 6, 5, 4, 3, 2, 24, 28, 12, 26, 11, 23, 33, 21, 8, 34, 13, 31, 30, 38, 22, 14, 35, 9, 32, 36, 29, 20, 17]
2026-04-28 07:25:03,399 - Round number: 91 --------------------------
2026-04-28 07:25:03,399 - Evaluate global model
2026-04-28 07:25:04,572 - Averaged Train Loss: 1.3530
2026-04-28 07:25:04,572 - Test Accurancy: 0.5142
2026-04-28 07:25:07,667 - Multi-krum select clients: [1, 2, 3, 4, 5, 6, 7, 0, 24, 28, 12, 26, 11, 22, 33, 23, 8, 31, 34, 21, 13, 14, 30, 38, 29, 32, 35, 36, 9, 20, 17]
2026-04-28 07:25:07,676 - Round number: 92 --------------------------
2026-04-28 07:25:07,676 - Evaluate global model
2026-04-28 07:25:09,136 - Averaged Train Loss: 1.3510
2026-04-28 07:25:09,137 - Test Accurancy: 0.5146
2026-04-28 07:25:12,900 - Multi-krum select clients: [1, 2, 3, 4, 5, 6, 7, 0, 24, 28, 26, 12, 11, 33, 22, 23, 8, 30, 21, 34, 31, 14, 38, 35, 29, 36, 13, 9, 32, 20, 17]
2026-04-28 07:25:12,909 - Round number: 93 --------------------------
2026-04-28 07:25:12,909 - Evaluate global model
2026-04-28 07:25:14,370 - Averaged Train Loss: 1.3485
2026-04-28 07:25:14,371 - Test Accurancy: 0.5153
2026-04-28 07:25:17,415 - Multi-krum select clients: [1, 2, 3, 4, 5, 6, 7, 0, 24, 28, 12, 26, 11, 8, 33, 23, 30, 22, 34, 13, 21, 14, 31, 38, 29, 35, 9, 36, 32, 17, 20]
2026-04-28 07:25:17,424 - Round number: 94 --------------------------
2026-04-28 07:25:17,424 - Evaluate global model
2026-04-28 07:25:18,564 - Averaged Train Loss: 1.3468
2026-04-28 07:25:18,565 - Test Accurancy: 0.5165
2026-04-28 07:25:21,622 - Multi-krum select clients: [1, 2, 3, 4, 5, 6, 7, 0, 24, 28, 26, 12, 11, 33, 23, 8, 31, 34, 22, 14, 13, 21, 30, 35, 29, 38, 36, 32, 9, 20, 17]
2026-04-28 07:25:21,631 - Round number: 95 --------------------------
2026-04-28 07:25:21,631 - Evaluate global model
2026-04-28 07:25:22,799 - Averaged Train Loss: 1.3469
2026-04-28 07:25:22,799 - Test Accurancy: 0.5172
2026-04-28 07:25:25,960 - Multi-krum select clients: [1, 2, 3, 4, 5, 6, 7, 0, 24, 28, 26, 12, 11, 23, 8, 33, 31, 38, 22, 34, 30, 21, 13, 29, 14, 35, 9, 36, 32, 20, 17]
2026-04-28 07:25:25,969 - Round number: 96 --------------------------
2026-04-28 07:25:25,969 - Evaluate global model
2026-04-28 07:25:26,881 - Averaged Train Loss: 1.3396
2026-04-28 07:25:26,882 - Test Accurancy: 0.5183
2026-04-28 07:25:29,655 - Multi-krum select clients: [1, 2, 3, 4, 5, 6, 7, 0, 24, 28, 12, 26, 11, 33, 23, 34, 31, 8, 22, 30, 21, 14, 38, 13, 29, 35, 32, 36, 9, 17, 20]
2026-04-28 07:25:29,663 - Round number: 97 --------------------------
2026-04-28 07:25:29,663 - Evaluate global model
2026-04-28 07:25:30,574 - Averaged Train Loss: 1.3338
2026-04-28 07:25:30,574 - Test Accurancy: 0.5207
2026-04-28 07:25:33,407 - Multi-krum select clients: [1, 2, 3, 4, 5, 6, 7, 0, 24, 28, 12, 26, 11, 22, 33, 23, 31, 34, 21, 8, 14, 30, 35, 13, 9, 29, 36, 38, 32, 17, 20]
2026-04-28 07:25:33,416 - Round number: 98 --------------------------
2026-04-28 07:25:33,416 - Evaluate global model
2026-04-28 07:25:34,385 - Averaged Train Loss: 1.3330
2026-04-28 07:25:34,385 - Test Accurancy: 0.5209
2026-04-28 07:25:37,290 - Multi-krum select clients: [1, 0, 7, 6, 5, 4, 3, 2, 24, 28, 26, 12, 11, 33, 23, 22, 8, 34, 21, 31, 30, 29, 13, 35, 38, 14, 36, 9, 32, 17, 20]
2026-04-28 07:25:37,298 - Round number: 99 --------------------------
2026-04-28 07:25:37,299 - Evaluate global model
2026-04-28 07:25:38,251 - Averaged Train Loss: 1.3307
2026-04-28 07:25:38,251 - Test Accurancy: 0.5219
2026-04-28 07:25:41,042 - Multi-krum select clients: [1, 2, 3, 4, 5, 6, 7, 0, 24, 28, 12, 26, 11, 33, 23, 34, 8, 29, 31, 22, 38, 35, 21, 30, 14, 36, 9, 13, 32, 17, 20]
2026-04-28 07:25:41,051 - Round number: 100 --------------------------
2026-04-28 07:25:41,051 - Evaluate global model
2026-04-28 07:25:41,971 - Averaged Train Loss: 1.3315
2026-04-28 07:25:41,971 - Test Accurancy: 0.5219
2026-04-28 07:25:44,851 - Multi-krum select clients: [1, 2, 3, 4, 5, 6, 7, 0, 24, 28, 26, 11, 12, 33, 8, 23, 30, 22, 14, 31, 34, 38, 29, 21, 13, 35, 36, 9, 32, 17, 20]
2026-04-28 07:25:44,852 - Run over
2026-04-28 07:25:44,852 - Saving results to ./exp/exp4/Cifar10/multi-krum_CAMP_perturbation_v5.h5
2026-04-28 07:25:44,860 - Best accuracy: 0.521944721944722
2026-04-28 07:25:44,860 - Average time cost per round: 4.384928662776947
