2026-04-12 01:43:57,512 - *****************EXP-4*****************
2026-04-12 01:43:57,513 - Exp repeats: 1
2026-04-12 01:43:57,513 - Communication Rounds: 100
2026-04-12 01:43:57,513 - Clients: 40

2026-04-12 01:43:57,513 - Attack method: CAMP
2026-04-12 01:43:57,513 - Filtering rule: multi-krum
2026-04-12 01:43:57,513 - Dataset: Cifar10
2026-04-12 01:43:57,513 - Model: cnn2
2026-04-12 01:43:57,513 - Learning Rate: 0.04
2026-04-12 01:43:57,513 - Batch Size: 64
2026-04-12 01:43:57,513 - Device: cuda
2026-04-12 01:43:57,513 - Device id: 0
2026-04-12 01:43:57,513 - Adversaries: 8
2026-04-12 01:43:57,513 - Model Poisoning: CAMP attack, mode clipping_v4
2026-04-12 01:43:57,513 - *****************EXP-4*****************
2026-04-12 01:43:57,945 - Running time: 0th ==========================
2026-04-12 01:44:03,315 - Round number: 0 --------------------------
2026-04-12 01:44:03,315 - Evaluate global model
2026-04-12 01:44:06,421 - Averaged Train Loss: 2.3046
2026-04-12 01:44:06,421 - Test Accurancy: 0.0977
2026-04-12 01:44:18,646 - Multi-krum select clients: [26, 28, 8, 11, 34, 33, 24, 22, 29, 38, 14, 36, 21, 35, 31, 12, 9, 17, 23, 20, 10, 13, 39, 30, 37, 15, 25, 16, 18, 27, 19]
2026-04-12 01:44:18,657 - Round number: 1 --------------------------
2026-04-12 01:44:18,657 - Evaluate global model
2026-04-12 01:44:21,930 - Averaged Train Loss: 2.2648
2026-04-12 01:44:21,930 - Test Accurancy: 0.1651
2026-04-12 01:44:34,575 - Multi-krum select clients: [28, 8, 26, 36, 22, 33, 12, 29, 31, 21, 34, 24, 11, 38, 14, 35, 13, 20, 39, 17, 23, 10, 37, 18, 9, 30, 16, 32, 15, 25, 27]
2026-04-12 01:44:34,586 - Round number: 2 --------------------------
2026-04-12 01:44:34,587 - Evaluate global model
2026-04-12 01:44:40,128 - Averaged Train Loss: 2.1190
2026-04-12 01:44:40,128 - Test Accurancy: 0.2251
2026-04-12 01:44:51,008 - Multi-krum select clients: [8, 26, 36, 11, 29, 24, 31, 12, 38, 21, 33, 22, 34, 28, 13, 14, 35, 39, 9, 30, 10, 18, 17, 23, 20, 16, 37, 27, 25, 32, 15]
2026-04-12 01:44:51,022 - Round number: 3 --------------------------
2026-04-12 01:44:51,022 - Evaluate global model
2026-04-12 01:44:56,581 - Averaged Train Loss: 2.0381
2026-04-12 01:44:56,582 - Test Accurancy: 0.2545
2026-04-12 01:45:07,588 - Multi-krum select clients: [28, 8, 24, 33, 22, 31, 26, 36, 12, 34, 13, 14, 11, 38, 35, 9, 21, 29, 23, 20, 39, 10, 18, 16, 37, 30, 32, 25, 17, 27, 15]
2026-04-12 01:45:07,600 - Round number: 4 --------------------------
2026-04-12 01:45:07,600 - Evaluate global model
2026-04-12 01:45:11,132 - Averaged Train Loss: 1.9797
2026-04-12 01:45:11,132 - Test Accurancy: 0.2819
2026-04-12 01:45:22,788 - Multi-krum select clients: [28, 26, 11, 24, 29, 36, 31, 33, 12, 8, 22, 34, 21, 38, 13, 14, 9, 35, 39, 10, 32, 23, 18, 30, 16, 37, 20, 25, 17, 27, 15]
2026-04-12 01:45:22,798 - Round number: 5 --------------------------
2026-04-12 01:45:22,798 - Evaluate global model
2026-04-12 01:45:27,376 - Averaged Train Loss: 1.9217
2026-04-12 01:45:27,376 - Test Accurancy: 0.3130
2026-04-12 01:45:39,187 - Multi-krum select clients: [28, 33, 26, 8, 11, 29, 36, 31, 12, 21, 24, 14, 22, 34, 13, 35, 38, 39, 9, 23, 20, 10, 37, 17, 16, 30, 18, 32, 25, 27, 15]
2026-04-12 01:45:39,198 - Round number: 6 --------------------------
2026-04-12 01:45:39,198 - Evaluate global model
2026-04-12 01:45:44,166 - Averaged Train Loss: 1.8870
2026-04-12 01:45:44,166 - Test Accurancy: 0.3297
2026-04-12 01:45:55,642 - Multi-krum select clients: [28, 24, 8, 26, 22, 33, 11, 12, 29, 36, 31, 14, 34, 21, 13, 35, 9, 38, 39, 23, 17, 32, 37, 16, 20, 25, 10, 18, 27, 30, 15]
2026-04-12 01:45:55,654 - Round number: 7 --------------------------
2026-04-12 01:45:55,654 - Evaluate global model
2026-04-12 01:45:59,833 - Averaged Train Loss: 1.8477
2026-04-12 01:45:59,833 - Test Accurancy: 0.3460
2026-04-12 01:46:11,231 - Multi-krum select clients: [28, 26, 8, 12, 24, 11, 22, 33, 36, 29, 31, 21, 13, 14, 34, 35, 38, 23, 37, 9, 17, 32, 20, 39, 10, 30, 16, 25, 18, 15, 27]
2026-04-12 01:46:11,243 - Round number: 8 --------------------------
2026-04-12 01:46:11,243 - Evaluate global model
2026-04-12 01:46:15,750 - Averaged Train Loss: 1.8117
2026-04-12 01:46:15,751 - Test Accurancy: 0.3604
2026-04-12 01:46:26,819 - Multi-krum select clients: [28, 8, 33, 24, 26, 29, 12, 11, 36, 22, 31, 21, 34, 14, 35, 38, 13, 23, 37, 9, 20, 32, 39, 17, 10, 18, 25, 16, 27, 30, 15]
2026-04-12 01:46:26,831 - Round number: 9 --------------------------
2026-04-12 01:46:26,832 - Evaluate global model
2026-04-12 01:46:32,201 - Averaged Train Loss: 1.7760
2026-04-12 01:46:32,201 - Test Accurancy: 0.3749
2026-04-12 01:46:43,183 - Multi-krum select clients: [26, 24, 28, 29, 33, 12, 8, 11, 22, 34, 31, 36, 35, 38, 13, 21, 23, 14, 9, 10, 20, 37, 32, 39, 18, 17, 16, 25, 15, 30, 27]
2026-04-12 01:46:43,195 - Round number: 10 --------------------------
2026-04-12 01:46:43,195 - Evaluate global model
2026-04-12 01:46:48,222 - Averaged Train Loss: 1.7342
2026-04-12 01:46:48,222 - Test Accurancy: 0.3861
2026-04-12 01:47:00,059 - Multi-krum select clients: [28, 8, 29, 33, 26, 24, 11, 22, 12, 34, 36, 21, 31, 38, 14, 35, 23, 9, 17, 13, 39, 37, 10, 20, 32, 18, 16, 25, 15, 30, 27]
2026-04-12 01:47:00,071 - Round number: 11 --------------------------
2026-04-12 01:47:00,071 - Evaluate global model
2026-04-12 01:47:03,491 - Averaged Train Loss: 1.6989
2026-04-12 01:47:03,492 - Test Accurancy: 0.4014
2026-04-12 01:47:14,888 - Multi-krum select clients: [28, 24, 26, 8, 29, 12, 33, 34, 22, 13, 36, 14, 21, 31, 11, 38, 23, 35, 9, 39, 37, 17, 10, 32, 20, 18, 25, 16, 15, 27, 30]
2026-04-12 01:47:14,899 - Round number: 12 --------------------------
2026-04-12 01:47:14,899 - Evaluate global model
2026-04-12 01:47:19,207 - Averaged Train Loss: 1.6724
2026-04-12 01:47:19,207 - Test Accurancy: 0.4075
2026-04-12 01:47:30,094 - Multi-krum select clients: [28, 24, 26, 33, 12, 8, 11, 22, 21, 13, 29, 34, 36, 35, 31, 9, 14, 23, 38, 37, 10, 17, 32, 18, 20, 39, 30, 25, 15, 16, 27]
2026-04-12 01:47:30,106 - Round number: 13 --------------------------
2026-04-12 01:47:30,106 - Evaluate global model
2026-04-12 01:47:35,558 - Averaged Train Loss: 1.6422
2026-04-12 01:47:35,558 - Test Accurancy: 0.4168
2026-04-12 01:47:45,418 - Multi-krum select clients: [28, 24, 26, 33, 8, 12, 29, 11, 13, 22, 34, 35, 21, 36, 14, 31, 38, 9, 23, 17, 37, 10, 39, 18, 32, 20, 25, 16, 27, 30, 15]
2026-04-12 01:47:45,431 - Round number: 14 --------------------------
2026-04-12 01:47:45,431 - Evaluate global model
2026-04-12 01:47:49,349 - Averaged Train Loss: 1.6120
2026-04-12 01:47:49,349 - Test Accurancy: 0.4300
2026-04-12 01:48:01,191 - Multi-krum select clients: [24, 28, 26, 29, 33, 12, 8, 22, 13, 34, 35, 31, 21, 36, 11, 14, 23, 38, 9, 37, 10, 17, 32, 39, 30, 20, 18, 27, 15, 16, 25]
2026-04-12 01:48:01,204 - Round number: 15 --------------------------
2026-04-12 01:48:01,204 - Evaluate global model
2026-04-12 01:48:03,800 - Averaged Train Loss: 1.5950
2026-04-12 01:48:03,800 - Test Accurancy: 0.4324
2026-04-12 01:48:15,882 - Multi-krum select clients: [24, 28, 8, 26, 11, 33, 29, 21, 22, 34, 12, 13, 36, 35, 14, 38, 23, 31, 32, 9, 37, 17, 18, 20, 39, 10, 30, 15, 27, 25, 16]
2026-04-12 01:48:15,893 - Round number: 16 --------------------------
2026-04-12 01:48:15,893 - Evaluate global model
2026-04-12 01:48:20,137 - Averaged Train Loss: 1.5567
2026-04-12 01:48:20,138 - Test Accurancy: 0.4440
2026-04-12 01:48:31,331 - Multi-krum select clients: [24, 28, 11, 26, 29, 8, 12, 22, 34, 13, 35, 33, 36, 21, 31, 23, 14, 38, 32, 9, 10, 20, 18, 15, 37, 17, 39, 25, 30, 16, 19]
2026-04-12 01:48:31,342 - Round number: 17 --------------------------
2026-04-12 01:48:31,342 - Evaluate global model
2026-04-12 01:48:36,591 - Averaged Train Loss: 1.5585
2026-04-12 01:48:36,591 - Test Accurancy: 0.4410
2026-04-12 01:48:47,582 - Multi-krum select clients: [24, 28, 11, 8, 12, 26, 33, 29, 22, 34, 13, 35, 36, 21, 23, 31, 14, 9, 38, 32, 18, 30, 17, 10, 37, 39, 20, 15, 25, 27, 19]
2026-04-12 01:48:47,594 - Round number: 18 --------------------------
2026-04-12 01:48:47,594 - Evaluate global model
2026-04-12 01:48:52,475 - Averaged Train Loss: 1.5558
2026-04-12 01:48:52,476 - Test Accurancy: 0.4346
2026-04-12 01:49:03,184 - Multi-krum select clients: [24, 28, 26, 33, 12, 29, 11, 22, 8, 35, 21, 13, 34, 31, 36, 23, 38, 9, 14, 32, 30, 37, 39, 18, 20, 15, 17, 25, 16, 19, 27]
2026-04-12 01:49:03,196 - Round number: 19 --------------------------
2026-04-12 01:49:03,196 - Evaluate global model
2026-04-12 01:49:07,991 - Averaged Train Loss: 1.5276
2026-04-12 01:49:07,992 - Test Accurancy: 0.4474
2026-04-12 01:49:17,905 - Multi-krum select clients: [24, 28, 26, 11, 12, 8, 29, 33, 21, 22, 13, 35, 34, 14, 36, 31, 32, 23, 38, 9, 17, 20, 37, 30, 39, 15, 10, 18, 25, 16, 27]
2026-04-12 01:49:17,917 - Round number: 20 --------------------------
2026-04-12 01:49:17,917 - Evaluate global model
2026-04-12 01:49:23,729 - Averaged Train Loss: 1.4936
2026-04-12 01:49:23,729 - Test Accurancy: 0.4638
2026-04-12 01:49:35,339 - Multi-krum select clients: [24, 28, 26, 11, 12, 22, 8, 29, 13, 35, 34, 33, 36, 21, 23, 14, 38, 32, 31, 30, 9, 10, 37, 18, 17, 20, 15, 16, 25, 39, 27]
2026-04-12 01:49:35,350 - Round number: 21 --------------------------
2026-04-12 01:49:35,350 - Evaluate global model
2026-04-12 01:49:39,923 - Averaged Train Loss: 1.4765
2026-04-12 01:49:39,923 - Test Accurancy: 0.4685
2026-04-12 01:49:52,243 - Multi-krum select clients: [28, 24, 26, 11, 12, 8, 29, 33, 22, 35, 21, 13, 23, 34, 36, 31, 14, 38, 32, 9, 37, 17, 20, 30, 10, 18, 16, 15, 39, 25, 27]
2026-04-12 01:49:52,255 - Round number: 22 --------------------------
2026-04-12 01:49:52,255 - Evaluate global model
2026-04-12 01:49:56,162 - Averaged Train Loss: 1.4482
2026-04-12 01:49:56,163 - Test Accurancy: 0.4774
2026-04-12 01:50:07,561 - Multi-krum select clients: [24, 28, 11, 26, 8, 12, 33, 29, 21, 22, 13, 34, 31, 35, 23, 38, 36, 14, 9, 30, 37, 20, 39, 15, 18, 10, 17, 32, 16, 25, 27]
2026-04-12 01:50:07,573 - Round number: 23 --------------------------
2026-04-12 01:50:07,573 - Evaluate global model
2026-04-12 01:50:12,887 - Averaged Train Loss: 1.4429
2026-04-12 01:50:12,887 - Test Accurancy: 0.4791
2026-04-12 01:50:22,973 - Multi-krum select clients: [24, 28, 11, 26, 12, 33, 8, 29, 34, 13, 35, 22, 21, 32, 9, 14, 36, 23, 38, 31, 20, 30, 15, 17, 18, 37, 10, 39, 25, 16, 27]
2026-04-12 01:50:22,985 - Round number: 24 --------------------------
2026-04-12 01:50:22,985 - Evaluate global model
2026-04-12 01:50:28,580 - Averaged Train Loss: 1.4248
2026-04-12 01:50:28,581 - Test Accurancy: 0.4856
2026-04-12 01:50:39,206 - Multi-krum select clients: [28, 24, 26, 11, 12, 8, 29, 35, 33, 13, 22, 34, 21, 23, 32, 31, 38, 14, 36, 37, 9, 15, 30, 20, 39, 10, 17, 18, 16, 25, 27]
2026-04-12 01:50:39,219 - Round number: 25 --------------------------
2026-04-12 01:50:39,219 - Evaluate global model
2026-04-12 01:50:43,571 - Averaged Train Loss: 1.4293
2026-04-12 01:50:43,572 - Test Accurancy: 0.4825
2026-04-12 01:50:54,174 - Multi-krum select clients: [24, 28, 11, 26, 8, 12, 29, 21, 34, 35, 13, 22, 23, 33, 38, 14, 32, 31, 36, 30, 9, 37, 20, 18, 39, 17, 15, 10, 16, 25, 27]
2026-04-12 01:50:54,186 - Round number: 26 --------------------------
2026-04-12 01:50:54,186 - Evaluate global model
2026-04-12 01:50:59,696 - Averaged Train Loss: 1.4085
2026-04-12 01:50:59,696 - Test Accurancy: 0.4876
2026-04-12 01:51:11,062 - Multi-krum select clients: [24, 28, 26, 11, 29, 12, 8, 34, 22, 35, 33, 21, 13, 23, 36, 14, 32, 31, 38, 30, 15, 9, 20, 10, 17, 25, 37, 18, 39, 16, 27]
2026-04-12 01:51:11,074 - Round number: 27 --------------------------
2026-04-12 01:51:11,074 - Evaluate global model
2026-04-12 01:51:16,138 - Averaged Train Loss: 1.3936
2026-04-12 01:51:16,138 - Test Accurancy: 0.4950
2026-04-12 01:51:27,946 - Multi-krum select clients: [24, 28, 11, 26, 8, 29, 12, 22, 35, 34, 33, 21, 32, 13, 23, 14, 31, 36, 15, 9, 10, 17, 18, 30, 38, 39, 20, 37, 25, 16, 27]
2026-04-12 01:51:27,958 - Round number: 28 --------------------------
2026-04-12 01:51:27,958 - Evaluate global model
2026-04-12 01:51:31,300 - Averaged Train Loss: 1.3890
2026-04-12 01:51:31,300 - Test Accurancy: 0.4974
2026-04-12 01:51:43,013 - Multi-krum select clients: [24, 28, 11, 12, 26, 29, 8, 33, 13, 35, 22, 34, 21, 23, 14, 32, 38, 31, 36, 30, 20, 9, 17, 10, 37, 15, 25, 18, 39, 16, 27]
2026-04-12 01:51:43,024 - Round number: 29 --------------------------
2026-04-12 01:51:43,025 - Evaluate global model
2026-04-12 01:51:48,509 - Averaged Train Loss: 1.3712
2026-04-12 01:51:48,510 - Test Accurancy: 0.5010
2026-04-12 01:51:58,242 - Multi-krum select clients: [24, 28, 26, 12, 8, 29, 22, 13, 35, 33, 21, 14, 34, 11, 38, 9, 23, 32, 31, 36, 10, 37, 20, 17, 39, 15, 18, 30, 25, 16, 27]
2026-04-12 01:51:58,254 - Round number: 30 --------------------------
2026-04-12 01:51:58,254 - Evaluate global model
2026-04-12 01:52:04,288 - Averaged Train Loss: 1.3664
2026-04-12 01:52:04,288 - Test Accurancy: 0.5030
2026-04-12 01:52:15,071 - Multi-krum select clients: [24, 28, 11, 26, 8, 33, 12, 29, 34, 13, 21, 22, 32, 35, 38, 36, 23, 14, 20, 30, 31, 15, 10, 39, 9, 17, 37, 18, 16, 25, 27]
2026-04-12 01:52:15,082 - Round number: 31 --------------------------
2026-04-12 01:52:15,083 - Evaluate global model
2026-04-12 01:52:19,320 - Averaged Train Loss: 1.3599
2026-04-12 01:52:19,320 - Test Accurancy: 0.5059
2026-04-12 01:52:30,864 - Multi-krum select clients: [24, 28, 26, 29, 8, 33, 11, 22, 12, 35, 13, 21, 34, 14, 38, 23, 32, 36, 31, 15, 9, 10, 30, 39, 37, 17, 20, 18, 25, 16, 19]
2026-04-12 01:52:30,875 - Round number: 32 --------------------------
2026-04-12 01:52:30,875 - Evaluate global model
2026-04-12 01:52:35,103 - Averaged Train Loss: 1.3634
2026-04-12 01:52:35,103 - Test Accurancy: 0.5034
2026-04-12 01:52:46,815 - Multi-krum select clients: [24, 28, 11, 26, 8, 13, 29, 12, 35, 33, 21, 22, 34, 32, 14, 38, 23, 36, 9, 31, 10, 20, 15, 30, 37, 16, 17, 25, 39, 18, 27]
2026-04-12 01:52:46,826 - Round number: 33 --------------------------
2026-04-12 01:52:46,826 - Evaluate global model
2026-04-12 01:52:51,349 - Averaged Train Loss: 1.3396
2026-04-12 01:52:51,349 - Test Accurancy: 0.5142
2026-04-12 01:53:02,577 - Multi-krum select clients: [24, 28, 26, 11, 12, 8, 13, 29, 33, 22, 34, 35, 23, 21, 32, 14, 31, 36, 38, 9, 15, 30, 20, 17, 25, 39, 10, 37, 16, 18, 19]
2026-04-12 01:53:02,587 - Round number: 34 --------------------------
2026-04-12 01:53:02,587 - Evaluate global model
2026-04-12 01:53:07,133 - Averaged Train Loss: 1.3483
2026-04-12 01:53:07,133 - Test Accurancy: 0.5075
2026-04-12 01:53:18,176 - Multi-krum select clients: [24, 28, 11, 26, 12, 29, 8, 33, 35, 13, 21, 34, 23, 32, 14, 22, 38, 31, 36, 15, 9, 10, 30, 20, 17, 25, 37, 39, 18, 16, 19]
2026-04-12 01:53:18,188 - Round number: 35 --------------------------
2026-04-12 01:53:18,188 - Evaluate global model
2026-04-12 01:53:22,655 - Averaged Train Loss: 1.3542
2026-04-12 01:53:22,655 - Test Accurancy: 0.5060
2026-04-12 01:53:32,828 - Multi-krum select clients: [24, 28, 11, 26, 8, 12, 29, 33, 13, 22, 21, 35, 14, 32, 34, 38, 23, 10, 9, 20, 36, 30, 31, 37, 15, 17, 39, 18, 25, 16, 27]
2026-04-12 01:53:32,838 - Round number: 36 --------------------------
2026-04-12 01:53:32,839 - Evaluate global model
2026-04-12 01:53:39,020 - Averaged Train Loss: 1.3169
2026-04-12 01:53:39,020 - Test Accurancy: 0.5194
2026-04-12 01:53:50,365 - Multi-krum select clients: [24, 28, 11, 12, 26, 8, 29, 22, 13, 14, 21, 33, 32, 35, 23, 34, 31, 38, 17, 36, 9, 15, 20, 37, 39, 25, 30, 16, 10, 18, 19]
2026-04-12 01:53:50,377 - Round number: 37 --------------------------
2026-04-12 01:53:50,377 - Evaluate global model
2026-04-12 01:53:55,469 - Averaged Train Loss: 1.3387
2026-04-12 01:53:55,469 - Test Accurancy: 0.5120
2026-04-12 01:54:06,161 - Multi-krum select clients: [24, 28, 11, 26, 12, 8, 22, 29, 21, 33, 35, 13, 34, 32, 38, 14, 36, 23, 31, 30, 9, 20, 10, 37, 15, 39, 18, 16, 17, 25, 27]
2026-04-12 01:54:06,172 - Round number: 38 --------------------------
2026-04-12 01:54:06,173 - Evaluate global model
2026-04-12 01:54:09,763 - Averaged Train Loss: 1.3032
2026-04-12 01:54:09,763 - Test Accurancy: 0.5266
2026-04-12 01:54:21,433 - Multi-krum select clients: [24, 28, 11, 26, 12, 29, 8, 13, 33, 35, 22, 34, 21, 32, 23, 14, 9, 38, 36, 17, 15, 31, 30, 10, 37, 20, 25, 39, 18, 19, 16]
2026-04-12 01:54:21,445 - Round number: 39 --------------------------
2026-04-12 01:54:21,445 - Evaluate global model
2026-04-12 01:54:26,476 - Averaged Train Loss: 1.3260
2026-04-12 01:54:26,477 - Test Accurancy: 0.5152
2026-04-12 01:54:37,845 - Multi-krum select clients: [28, 24, 11, 26, 29, 13, 12, 8, 33, 21, 22, 34, 35, 32, 23, 9, 14, 38, 36, 31, 10, 17, 37, 30, 15, 20, 39, 18, 25, 16, 19]
2026-04-12 01:54:37,857 - Round number: 40 --------------------------
2026-04-12 01:54:37,857 - Evaluate global model
2026-04-12 01:54:42,705 - Averaged Train Loss: 1.3160
2026-04-12 01:54:42,706 - Test Accurancy: 0.5181
2026-04-12 01:54:52,959 - Multi-krum select clients: [24, 28, 11, 26, 12, 29, 8, 13, 22, 34, 35, 33, 32, 14, 21, 36, 23, 9, 30, 38, 31, 10, 20, 15, 37, 18, 17, 39, 16, 25, 19]
2026-04-12 01:54:52,972 - Round number: 41 --------------------------
2026-04-12 01:54:52,972 - Evaluate global model
2026-04-12 01:54:57,215 - Averaged Train Loss: 1.3046
2026-04-12 01:54:57,216 - Test Accurancy: 0.5223
2026-04-12 01:55:07,815 - Multi-krum select clients: [24, 28, 11, 26, 12, 29, 8, 13, 33, 32, 22, 21, 35, 14, 34, 38, 23, 9, 15, 36, 17, 30, 37, 31, 10, 39, 20, 18, 25, 16, 19]
2026-04-12 01:55:07,827 - Round number: 42 --------------------------
2026-04-12 01:55:07,827 - Evaluate global model
2026-04-12 01:55:11,741 - Averaged Train Loss: 1.2966
2026-04-12 01:55:11,742 - Test Accurancy: 0.5256
2026-04-12 01:55:22,966 - Multi-krum select clients: [24, 28, 11, 26, 29, 8, 22, 12, 34, 35, 13, 33, 32, 21, 14, 38, 9, 23, 31, 30, 36, 15, 17, 37, 20, 10, 18, 39, 16, 25, 19]
2026-04-12 01:55:22,977 - Round number: 43 --------------------------
2026-04-12 01:55:22,977 - Evaluate global model
2026-04-12 01:55:27,114 - Averaged Train Loss: 1.2944
2026-04-12 01:55:27,114 - Test Accurancy: 0.5263
