2025-12-18 12:29:47,657 - *****************EXP-4*****************
2025-12-18 12:29:47,657 - Exp repeats: 1
2025-12-18 12:29:47,657 - Communication Rounds: 100
2025-12-18 12:29:47,657 - Clients: 40

2025-12-18 12:29:47,657 - Attack method: CAMP
2025-12-18 12:29:47,657 - Filtering rule: multi-krum
2025-12-18 12:29:47,657 - Dataset: Cifar10
2025-12-18 12:29:47,657 - Model: cnn2
2025-12-18 12:29:47,657 - Learning Rate: 0.04
2025-12-18 12:29:47,657 - Batch Size: 64
2025-12-18 12:29:47,657 - Device: cuda
2025-12-18 12:29:47,657 - Device id: 0
2025-12-18 12:29:47,657 - Adversaries: 8
2025-12-18 12:29:47,657 - Model Poisoning: CAMP attack, mode clipping
2025-12-18 12:29:47,658 - *****************EXP-4*****************
2025-12-18 12:29:47,861 - Running time: 0th ==========================
2025-12-18 12:29:51,325 - Round number: 0 --------------------------
2025-12-18 12:29:51,325 - Evaluate global model
2025-12-18 12:29:53,853 - Averaged Train Loss: 2.3047
2025-12-18 12:29:53,854 - Test Accurancy: 0.0984
2025-12-18 12:30:04,213 - Multi-krum select clients: [27, 39, 8, 9, 22, 32, 26, 28, 11, 14, 38, 21, 18, 23, 33, 20, 30, 13, 29, 31, 12, 37, 19, 34, 15, 25, 35, 10, 24, 36, 17]
2025-12-18 12:30:04,222 - Round number: 1 --------------------------
2025-12-18 12:30:04,222 - Evaluate global model
2025-12-18 12:30:07,425 - Averaged Train Loss: 2.2688
2025-12-18 12:30:07,425 - Test Accurancy: 0.1386
2025-12-18 12:30:17,455 - Multi-krum select clients: [27, 8, 22, 26, 9, 21, 39, 32, 38, 28, 11, 23, 14, 33, 31, 20, 34, 30, 18, 37, 29, 19, 25, 12, 13, 10, 24, 35, 15, 17, 36]
2025-12-18 12:30:17,465 - Round number: 2 --------------------------
2025-12-18 12:30:17,465 - Evaluate global model
2025-12-18 12:30:21,962 - Averaged Train Loss: 2.1520
2025-12-18 12:30:21,963 - Test Accurancy: 0.1701
2025-12-18 12:30:30,712 - Multi-krum select clients: [27, 8, 11, 22, 9, 26, 21, 39, 38, 14, 31, 33, 23, 32, 30, 34, 37, 28, 29, 18, 19, 20, 25, 35, 17, 10, 24, 12, 15, 13, 36]
2025-12-18 12:30:30,721 - Round number: 3 --------------------------
2025-12-18 12:30:30,721 - Evaluate global model
2025-12-18 12:30:34,563 - Averaged Train Loss: 2.0842
2025-12-18 12:30:34,564 - Test Accurancy: 0.2072
2025-12-18 12:30:43,777 - Multi-krum select clients: [27, 11, 8, 21, 26, 22, 39, 38, 28, 14, 30, 32, 33, 9, 31, 34, 37, 20, 23, 19, 29, 18, 10, 25, 24, 12, 17, 13, 35, 15, 36]
2025-12-18 12:30:43,786 - Round number: 4 --------------------------
2025-12-18 12:30:43,786 - Evaluate global model
2025-12-18 12:30:47,066 - Averaged Train Loss: 2.0171
2025-12-18 12:30:47,066 - Test Accurancy: 0.2511
2025-12-18 12:30:55,986 - Multi-krum select clients: [27, 8, 11, 38, 21, 26, 14, 22, 28, 9, 39, 23, 32, 33, 30, 34, 31, 37, 18, 20, 25, 10, 12, 29, 19, 17, 24, 35, 15, 13, 36]
2025-12-18 12:30:55,996 - Round number: 5 --------------------------
2025-12-18 12:30:55,996 - Evaluate global model
2025-12-18 12:31:00,399 - Averaged Train Loss: 1.9755
2025-12-18 12:31:00,399 - Test Accurancy: 0.2785
2025-12-18 12:31:09,897 - Multi-krum select clients: [27, 8, 39, 21, 9, 26, 11, 38, 22, 28, 14, 33, 32, 30, 23, 31, 34, 37, 10, 29, 19, 20, 18, 24, 25, 13, 12, 35, 17, 15, 36]
2025-12-18 12:31:09,906 - Round number: 6 --------------------------
2025-12-18 12:31:09,906 - Evaluate global model
2025-12-18 12:31:13,838 - Averaged Train Loss: 1.9254
2025-12-18 12:31:13,839 - Test Accurancy: 0.3039
2025-12-18 12:31:24,087 - Multi-krum select clients: [27, 8, 39, 21, 28, 11, 22, 26, 14, 9, 38, 32, 33, 31, 37, 23, 30, 34, 20, 10, 29, 18, 25, 35, 12, 13, 24, 15, 17, 19, 36]
2025-12-18 12:31:24,097 - Round number: 7 --------------------------
2025-12-18 12:31:24,097 - Evaluate global model
2025-12-18 12:31:26,335 - Averaged Train Loss: 1.8862
2025-12-18 12:31:26,335 - Test Accurancy: 0.3296
2025-12-18 12:31:35,680 - Multi-krum select clients: [27, 9, 8, 21, 39, 11, 22, 28, 26, 31, 14, 30, 32, 38, 33, 23, 37, 34, 20, 19, 29, 35, 18, 25, 10, 17, 13, 24, 12, 15, 36]
2025-12-18 12:31:35,689 - Round number: 8 --------------------------
2025-12-18 12:31:35,689 - Evaluate global model
2025-12-18 12:31:40,338 - Averaged Train Loss: 1.8628
2025-12-18 12:31:40,339 - Test Accurancy: 0.3320
2025-12-18 12:31:48,633 - Multi-krum select clients: [27, 39, 8, 9, 26, 21, 22, 11, 28, 32, 38, 14, 30, 23, 31, 34, 37, 33, 20, 18, 29, 10, 25, 17, 35, 24, 15, 12, 13, 19, 36]
2025-12-18 12:31:48,643 - Round number: 9 --------------------------
2025-12-18 12:31:48,643 - Evaluate global model
2025-12-18 12:31:53,435 - Averaged Train Loss: 1.8264
2025-12-18 12:31:53,435 - Test Accurancy: 0.3465
2025-12-18 12:32:02,476 - Multi-krum select clients: [27, 39, 22, 21, 8, 14, 26, 9, 28, 38, 23, 33, 32, 30, 11, 37, 34, 29, 31, 20, 18, 35, 10, 24, 25, 13, 17, 19, 15, 12, 36]
2025-12-18 12:32:02,485 - Round number: 10 --------------------------
2025-12-18 12:32:02,485 - Evaluate global model
2025-12-18 12:32:05,537 - Averaged Train Loss: 1.7894
2025-12-18 12:32:05,537 - Test Accurancy: 0.3661
2025-12-18 12:32:15,915 - Multi-krum select clients: [27, 8, 39, 22, 28, 9, 26, 21, 14, 33, 11, 32, 23, 38, 30, 37, 31, 34, 20, 29, 18, 10, 19, 25, 35, 15, 24, 13, 17, 12, 36]
2025-12-18 12:32:15,924 - Round number: 11 --------------------------
2025-12-18 12:32:15,924 - Evaluate global model
2025-12-18 12:32:18,201 - Averaged Train Loss: 1.7773
2025-12-18 12:32:18,202 - Test Accurancy: 0.3654
2025-12-18 12:32:28,026 - Multi-krum select clients: [27, 39, 8, 22, 26, 28, 11, 21, 14, 38, 33, 9, 30, 34, 23, 32, 18, 37, 20, 29, 31, 19, 35, 10, 25, 17, 15, 24, 13, 12, 36]
2025-12-18 12:32:28,035 - Round number: 12 --------------------------
2025-12-18 12:32:28,036 - Evaluate global model
2025-12-18 12:32:32,527 - Averaged Train Loss: 1.7405
2025-12-18 12:32:32,528 - Test Accurancy: 0.3793
2025-12-18 12:32:41,018 - Multi-krum select clients: [27, 8, 26, 22, 21, 39, 9, 28, 38, 11, 31, 14, 33, 34, 30, 32, 29, 23, 18, 37, 20, 35, 13, 19, 10, 15, 12, 25, 17, 24, 36]
2025-12-18 12:32:41,027 - Round number: 13 --------------------------
2025-12-18 12:32:41,027 - Evaluate global model
2025-12-18 12:32:45,946 - Averaged Train Loss: 1.7057
2025-12-18 12:32:45,946 - Test Accurancy: 0.3932
2025-12-18 12:32:55,283 - Multi-krum select clients: [27, 8, 39, 21, 22, 26, 9, 38, 14, 23, 11, 28, 33, 30, 34, 31, 32, 37, 19, 29, 18, 17, 25, 20, 10, 24, 35, 13, 12, 15, 36]
2025-12-18 12:32:55,292 - Round number: 14 --------------------------
2025-12-18 12:32:55,292 - Evaluate global model
2025-12-18 12:32:57,525 - Averaged Train Loss: 1.6846
2025-12-18 12:32:57,525 - Test Accurancy: 0.4007
2025-12-18 12:33:07,699 - Multi-krum select clients: [27, 8, 39, 22, 9, 28, 21, 11, 38, 14, 33, 26, 32, 23, 34, 30, 31, 37, 18, 20, 29, 35, 24, 17, 25, 15, 19, 10, 12, 13, 36]
2025-12-18 12:33:07,709 - Round number: 15 --------------------------
2025-12-18 12:33:07,709 - Evaluate global model
2025-12-18 12:33:11,206 - Averaged Train Loss: 1.6590
2025-12-18 12:33:11,207 - Test Accurancy: 0.4087
2025-12-18 12:33:21,234 - Multi-krum select clients: [27, 22, 8, 39, 9, 21, 11, 26, 38, 23, 28, 31, 33, 32, 14, 30, 34, 20, 37, 29, 18, 35, 17, 13, 12, 10, 25, 19, 24, 15, 36]
2025-12-18 12:33:21,243 - Round number: 16 --------------------------
2025-12-18 12:33:21,243 - Evaluate global model
2025-12-18 12:33:25,377 - Averaged Train Loss: 1.6261
2025-12-18 12:33:25,377 - Test Accurancy: 0.4239
2025-12-18 12:33:34,364 - Multi-krum select clients: [27, 39, 8, 9, 21, 22, 26, 14, 11, 38, 32, 23, 30, 34, 31, 33, 37, 18, 35, 20, 29, 25, 17, 10, 24, 19, 13, 12, 36, 15, 28]
2025-12-18 12:33:34,373 - Round number: 17 --------------------------
2025-12-18 12:33:34,373 - Evaluate global model
2025-12-18 12:33:38,110 - Averaged Train Loss: 1.6135
2025-12-18 12:33:38,110 - Test Accurancy: 0.4284
2025-12-18 12:33:47,265 - Multi-krum select clients: [27, 22, 8, 23, 11, 21, 14, 9, 39, 28, 38, 26, 34, 31, 30, 32, 37, 29, 18, 20, 33, 15, 35, 19, 10, 24, 17, 25, 13, 12, 36]
2025-12-18 12:33:47,274 - Round number: 18 --------------------------
2025-12-18 12:33:47,274 - Evaluate global model
2025-12-18 12:33:50,663 - Averaged Train Loss: 1.5863
2025-12-18 12:33:50,663 - Test Accurancy: 0.4370
2025-12-18 12:33:59,386 - Multi-krum select clients: [27, 39, 8, 22, 26, 21, 14, 38, 23, 11, 31, 28, 33, 30, 34, 32, 9, 37, 19, 29, 18, 17, 20, 13, 24, 15, 12, 25, 35, 10, 36]
2025-12-18 12:33:59,396 - Round number: 19 --------------------------
2025-12-18 12:33:59,396 - Evaluate global model
2025-12-18 12:34:03,734 - Averaged Train Loss: 1.5699
2025-12-18 12:34:03,735 - Test Accurancy: 0.4415
2025-12-18 12:34:13,655 - Multi-krum select clients: [27, 8, 28, 22, 39, 31, 11, 9, 23, 21, 14, 34, 26, 30, 38, 33, 32, 37, 19, 18, 20, 29, 17, 35, 25, 15, 10, 13, 36, 24, 12]
2025-12-18 12:34:13,664 - Round number: 20 --------------------------
2025-12-18 12:34:13,665 - Evaluate global model
2025-12-18 12:34:17,386 - Averaged Train Loss: 1.5566
2025-12-18 12:34:17,387 - Test Accurancy: 0.4463
2025-12-18 12:34:27,428 - Multi-krum select clients: [27, 8, 9, 39, 28, 22, 23, 21, 26, 38, 14, 11, 34, 31, 33, 30, 32, 37, 18, 29, 20, 19, 17, 15, 35, 25, 24, 10, 12, 13, 36]
2025-12-18 12:34:27,437 - Round number: 21 --------------------------
2025-12-18 12:34:27,437 - Evaluate global model
2025-12-18 12:34:29,732 - Averaged Train Loss: 1.5344
2025-12-18 12:34:29,732 - Test Accurancy: 0.4538
2025-12-18 12:34:39,233 - Multi-krum select clients: [27, 39, 9, 22, 14, 8, 28, 38, 31, 21, 26, 30, 11, 34, 33, 23, 37, 32, 29, 18, 15, 20, 35, 19, 25, 17, 10, 12, 13, 24, 36]
2025-12-18 12:34:39,242 - Round number: 22 --------------------------
2025-12-18 12:34:39,242 - Evaluate global model
2025-12-18 12:34:43,827 - Averaged Train Loss: 1.5262
2025-12-18 12:34:43,827 - Test Accurancy: 0.4584
2025-12-18 12:34:52,234 - Multi-krum select clients: [27, 8, 22, 9, 39, 11, 28, 23, 14, 26, 30, 33, 21, 34, 38, 31, 32, 37, 29, 18, 35, 20, 15, 17, 19, 10, 12, 25, 13, 24, 36]
2025-12-18 12:34:52,243 - Round number: 23 --------------------------
2025-12-18 12:34:52,243 - Evaluate global model
2025-12-18 12:34:57,017 - Averaged Train Loss: 1.5079
2025-12-18 12:34:57,017 - Test Accurancy: 0.4630
2025-12-18 12:35:05,803 - Multi-krum select clients: [27, 8, 22, 9, 39, 14, 28, 26, 23, 31, 38, 21, 34, 11, 33, 32, 30, 37, 18, 35, 20, 17, 24, 29, 19, 25, 12, 13, 15, 10, 36]
2025-12-18 12:35:05,812 - Round number: 24 --------------------------
2025-12-18 12:35:05,812 - Evaluate global model
2025-12-18 12:35:09,046 - Averaged Train Loss: 1.4947
2025-12-18 12:35:09,046 - Test Accurancy: 0.4669
2025-12-18 12:35:19,538 - Multi-krum select clients: [27, 8, 9, 22, 39, 38, 14, 23, 21, 28, 11, 30, 31, 34, 26, 33, 32, 37, 19, 18, 15, 20, 24, 29, 12, 35, 25, 13, 10, 17, 36]
2025-12-18 12:35:19,549 - Round number: 25 --------------------------
2025-12-18 12:35:19,550 - Evaluate global model
2025-12-18 12:35:21,799 - Averaged Train Loss: 1.4891
2025-12-18 12:35:21,800 - Test Accurancy: 0.4644
2025-12-18 12:35:31,901 - Multi-krum select clients: [27, 8, 9, 39, 22, 23, 14, 11, 28, 26, 30, 21, 34, 38, 31, 32, 37, 18, 29, 19, 33, 20, 35, 24, 17, 15, 10, 25, 36, 13, 12]
2025-12-18 12:35:31,910 - Round number: 26 --------------------------
2025-12-18 12:35:31,911 - Evaluate global model
2025-12-18 12:35:36,385 - Averaged Train Loss: 1.4764
2025-12-18 12:35:36,385 - Test Accurancy: 0.4704
2025-12-18 12:35:45,101 - Multi-krum select clients: [27, 8, 9, 39, 22, 23, 14, 38, 21, 28, 26, 11, 31, 30, 34, 33, 32, 37, 19, 29, 15, 24, 20, 17, 18, 36, 35, 12, 13, 25, 10]
2025-12-18 12:35:45,110 - Round number: 27 --------------------------
2025-12-18 12:35:45,110 - Evaluate global model
2025-12-18 12:35:49,757 - Averaged Train Loss: 1.4595
2025-12-18 12:35:49,757 - Test Accurancy: 0.4750
2025-12-18 12:35:58,610 - Multi-krum select clients: [27, 8, 22, 9, 28, 23, 38, 39, 11, 14, 30, 31, 21, 26, 34, 32, 37, 33, 19, 18, 15, 24, 17, 35, 20, 36, 25, 29, 10, 13, 12]
2025-12-18 12:35:58,619 - Round number: 28 --------------------------
2025-12-18 12:35:58,619 - Evaluate global model
2025-12-18 12:36:01,195 - Averaged Train Loss: 1.4512
2025-12-18 12:36:01,195 - Test Accurancy: 0.4769
2025-12-18 12:36:10,966 - Multi-krum select clients: [27, 8, 9, 22, 28, 39, 14, 23, 31, 11, 21, 26, 30, 38, 33, 34, 37, 29, 32, 18, 19, 20, 15, 24, 35, 36, 17, 25, 13, 12, 10]
2025-12-18 12:36:10,975 - Round number: 29 --------------------------
2025-12-18 12:36:10,976 - Evaluate global model
2025-12-18 12:36:14,303 - Averaged Train Loss: 1.4382
2025-12-18 12:36:14,303 - Test Accurancy: 0.4849
2025-12-18 12:36:24,150 - Multi-krum select clients: [27, 8, 22, 39, 9, 14, 11, 23, 30, 34, 26, 28, 38, 21, 32, 31, 33, 18, 15, 37, 19, 29, 20, 24, 35, 17, 10, 12, 36, 13, 25]
2025-12-18 12:36:24,160 - Round number: 30 --------------------------
2025-12-18 12:36:24,160 - Evaluate global model
2025-12-18 12:36:28,400 - Averaged Train Loss: 1.4267
2025-12-18 12:36:28,401 - Test Accurancy: 0.4856
2025-12-18 12:36:37,515 - Multi-krum select clients: [27, 8, 9, 39, 22, 23, 28, 14, 34, 38, 11, 31, 21, 30, 26, 33, 32, 37, 19, 15, 20, 17, 29, 18, 24, 35, 36, 25, 10, 12, 13]
2025-12-18 12:36:37,525 - Round number: 31 --------------------------
2025-12-18 12:36:37,525 - Evaluate global model
2025-12-18 12:36:41,205 - Averaged Train Loss: 1.4186
2025-12-18 12:36:41,205 - Test Accurancy: 0.4877
2025-12-18 12:36:50,243 - Multi-krum select clients: [27, 22, 9, 8, 23, 39, 28, 11, 21, 30, 38, 26, 34, 14, 31, 32, 33, 37, 17, 20, 18, 19, 24, 15, 29, 35, 13, 10, 12, 36, 25]
2025-12-18 12:36:50,252 - Round number: 32 --------------------------
2025-12-18 12:36:50,252 - Evaluate global model
2025-12-18 12:36:53,608 - Averaged Train Loss: 1.4185
2025-12-18 12:36:53,608 - Test Accurancy: 0.4910
2025-12-18 12:37:02,519 - Multi-krum select clients: [27, 8, 28, 9, 23, 39, 14, 22, 31, 11, 21, 30, 34, 26, 38, 32, 37, 19, 33, 29, 18, 15, 20, 17, 36, 35, 24, 10, 25, 12, 13]
2025-12-18 12:37:02,528 - Round number: 33 --------------------------
2025-12-18 12:37:02,528 - Evaluate global model
2025-12-18 12:37:06,814 - Averaged Train Loss: 1.4000
2025-12-18 12:37:06,814 - Test Accurancy: 0.4973
2025-12-18 12:37:16,632 - Multi-krum select clients: [27, 8, 9, 28, 39, 38, 22, 11, 31, 34, 30, 21, 14, 26, 23, 33, 37, 32, 19, 29, 17, 18, 15, 20, 35, 24, 12, 25, 10, 36, 13]
2025-12-18 12:37:16,641 - Round number: 34 --------------------------
2025-12-18 12:37:16,641 - Evaluate global model
2025-12-18 12:37:20,578 - Averaged Train Loss: 1.3982
2025-12-18 12:37:20,578 - Test Accurancy: 0.4923
2025-12-18 12:37:30,712 - Multi-krum select clients: [27, 8, 9, 22, 39, 23, 14, 28, 31, 26, 11, 21, 34, 38, 30, 33, 19, 24, 32, 37, 18, 15, 20, 29, 35, 17, 12, 25, 10, 36, 13]
2025-12-18 12:37:30,722 - Round number: 35 --------------------------
2025-12-18 12:37:30,722 - Evaluate global model
2025-12-18 12:37:32,965 - Averaged Train Loss: 1.3914
2025-12-18 12:37:32,965 - Test Accurancy: 0.4974
2025-12-18 12:37:42,841 - Multi-krum select clients: [27, 8, 39, 22, 9, 28, 23, 14, 11, 31, 26, 30, 21, 34, 38, 32, 33, 19, 37, 18, 20, 36, 29, 24, 25, 17, 13, 15, 35, 10, 12]
2025-12-18 12:37:42,852 - Round number: 36 --------------------------
2025-12-18 12:37:42,852 - Evaluate global model
2025-12-18 12:37:47,083 - Averaged Train Loss: 1.3808
2025-12-18 12:37:47,083 - Test Accurancy: 0.4959
2025-12-18 12:37:55,624 - Multi-krum select clients: [27, 8, 9, 22, 14, 39, 28, 31, 23, 21, 34, 11, 30, 38, 26, 32, 19, 33, 24, 15, 37, 18, 17, 20, 29, 35, 36, 25, 13, 12, 10]
2025-12-18 12:37:55,633 - Round number: 37 --------------------------
2025-12-18 12:37:55,633 - Evaluate global model
2025-12-18 12:38:00,496 - Averaged Train Loss: 1.3725
2025-12-18 12:38:00,496 - Test Accurancy: 0.5037
2025-12-18 12:38:09,157 - Multi-krum select clients: [27, 8, 22, 23, 39, 9, 14, 31, 28, 11, 34, 38, 30, 21, 26, 33, 15, 32, 37, 19, 18, 24, 36, 17, 35, 20, 29, 12, 13, 25, 10]
2025-12-18 12:38:09,167 - Round number: 38 --------------------------
2025-12-18 12:38:09,167 - Evaluate global model
2025-12-18 12:38:12,326 - Averaged Train Loss: 1.3627
2025-12-18 12:38:12,326 - Test Accurancy: 0.5057
2025-12-18 12:38:22,642 - Multi-krum select clients: [27, 9, 8, 22, 39, 28, 23, 14, 11, 26, 31, 38, 34, 30, 21, 32, 33, 19, 15, 29, 24, 37, 36, 20, 18, 17, 10, 35, 13, 12, 25]
2025-12-18 12:38:22,651 - Round number: 39 --------------------------
2025-12-18 12:38:22,652 - Evaluate global model
2025-12-18 12:38:25,225 - Averaged Train Loss: 1.3604
2025-12-18 12:38:25,225 - Test Accurancy: 0.5043
2025-12-18 12:38:35,272 - Multi-krum select clients: [27, 8, 9, 22, 23, 39, 28, 14, 11, 31, 34, 38, 30, 21, 26, 32, 19, 37, 33, 29, 20, 24, 36, 15, 17, 18, 35, 10, 12, 13, 25]
2025-12-18 12:38:35,283 - Round number: 40 --------------------------
2025-12-18 12:38:35,283 - Evaluate global model
2025-12-18 12:38:39,568 - Averaged Train Loss: 1.3492
2025-12-18 12:38:39,568 - Test Accurancy: 0.5105
2025-12-18 12:38:48,651 - Multi-krum select clients: [27, 8, 22, 9, 39, 23, 28, 11, 34, 14, 26, 31, 38, 21, 30, 33, 32, 19, 29, 37, 36, 24, 20, 15, 18, 17, 35, 13, 10, 12, 25]
2025-12-18 12:38:48,660 - Round number: 41 --------------------------
2025-12-18 12:38:48,660 - Evaluate global model
2025-12-18 12:38:53,021 - Averaged Train Loss: 1.3507
2025-12-18 12:38:53,021 - Test Accurancy: 0.5089
2025-12-18 12:39:02,109 - Multi-krum select clients: [27, 23, 8, 9, 22, 28, 31, 14, 30, 39, 11, 34, 21, 26, 33, 38, 32, 15, 19, 18, 37, 36, 24, 29, 17, 20, 10, 35, 12, 25, 13]
2025-12-18 12:39:02,119 - Round number: 42 --------------------------
2025-12-18 12:39:02,119 - Evaluate global model
2025-12-18 12:39:05,097 - Averaged Train Loss: 1.3390
2025-12-18 12:39:05,097 - Test Accurancy: 0.5122
2025-12-18 12:39:14,176 - Multi-krum select clients: [27, 23, 9, 8, 28, 22, 39, 14, 34, 30, 11, 26, 31, 21, 38, 32, 33, 15, 19, 37, 24, 18, 17, 29, 20, 36, 35, 10, 25, 12, 13]
2025-12-18 12:39:14,185 - Round number: 43 --------------------------
2025-12-18 12:39:14,185 - Evaluate global model
2025-12-18 12:39:18,132 - Averaged Train Loss: 1.3330
2025-12-18 12:39:18,133 - Test Accurancy: 0.5137
2025-12-18 12:39:27,849 - Multi-krum select clients: [27, 9, 8, 22, 23, 39, 28, 14, 31, 11, 26, 30, 38, 21, 34, 37, 15, 19, 36, 32, 33, 18, 29, 24, 20, 17, 35, 13, 12, 25, 10]
2025-12-18 12:39:27,858 - Round number: 44 --------------------------
2025-12-18 12:39:27,859 - Evaluate global model
2025-12-18 12:39:31,989 - Averaged Train Loss: 1.3272
2025-12-18 12:39:31,989 - Test Accurancy: 0.5158
2025-12-18 12:39:41,481 - Multi-krum select clients: [27, 8, 22, 23, 9, 14, 39, 31, 34, 21, 28, 11, 30, 26, 32, 38, 19, 37, 36, 33, 15, 18, 24, 29, 17, 20, 35, 12, 13, 25, 10]
2025-12-18 12:39:41,490 - Round number: 45 --------------------------
2025-12-18 12:39:41,490 - Evaluate global model
2025-12-18 12:39:44,472 - Averaged Train Loss: 1.3212
2025-12-18 12:39:44,472 - Test Accurancy: 0.5177
2025-12-18 12:39:53,732 - Multi-krum select clients: [27, 8, 28, 9, 23, 14, 39, 22, 11, 30, 31, 34, 21, 26, 38, 33, 32, 19, 37, 36, 18, 15, 29, 24, 17, 20, 10, 12, 13, 35, 25]
2025-12-18 12:39:53,741 - Round number: 46 --------------------------
2025-12-18 12:39:53,741 - Evaluate global model
2025-12-18 12:39:57,649 - Averaged Train Loss: 1.3155
2025-12-18 12:39:57,649 - Test Accurancy: 0.5185
2025-12-18 12:40:06,230 - Multi-krum select clients: [27, 9, 28, 8, 22, 39, 23, 14, 21, 30, 34, 11, 26, 32, 38, 31, 19, 37, 33, 36, 18, 15, 24, 29, 17, 20, 35, 10, 25, 13, 12]
2025-12-18 12:40:06,239 - Round number: 47 --------------------------
2025-12-18 12:40:06,239 - Evaluate global model
2025-12-18 12:40:10,926 - Averaged Train Loss: 1.3099
2025-12-18 12:40:10,926 - Test Accurancy: 0.5201
2025-12-18 12:40:19,997 - Multi-krum select clients: [27, 9, 22, 8, 14, 28, 23, 39, 34, 11, 21, 38, 30, 32, 26, 33, 31, 19, 24, 37, 29, 17, 36, 15, 18, 20, 35, 25, 12, 13, 10]
2025-12-18 12:40:20,007 - Round number: 48 --------------------------
2025-12-18 12:40:20,007 - Evaluate global model
2025-12-18 12:40:23,694 - Averaged Train Loss: 1.2985
2025-12-18 12:40:23,694 - Test Accurancy: 0.5229
2025-12-18 12:40:33,860 - Multi-krum select clients: [27, 8, 9, 23, 22, 28, 14, 39, 31, 11, 34, 30, 21, 26, 38, 32, 19, 36, 37, 33, 15, 24, 18, 20, 17, 35, 12, 29, 10, 25, 13]
2025-12-18 12:40:33,870 - Round number: 49 --------------------------
2025-12-18 12:40:33,870 - Evaluate global model
2025-12-18 12:40:36,084 - Averaged Train Loss: 1.2971
2025-12-18 12:40:36,084 - Test Accurancy: 0.5233
2025-12-18 12:40:45,966 - Multi-krum select clients: [27, 8, 9, 22, 28, 14, 23, 39, 31, 11, 30, 34, 21, 38, 26, 32, 33, 36, 19, 24, 18, 37, 17, 15, 20, 29, 13, 25, 10, 12, 35]
2025-12-18 12:40:45,975 - Round number: 50 --------------------------
2025-12-18 12:40:45,975 - Evaluate global model
2025-12-18 12:40:50,299 - Averaged Train Loss: 1.2941
2025-12-18 12:40:50,299 - Test Accurancy: 0.5256
2025-12-18 12:40:58,796 - Multi-krum select clients: [27, 9, 8, 28, 23, 22, 39, 14, 11, 34, 30, 31, 32, 26, 21, 38, 19, 36, 24, 33, 29, 15, 37, 20, 18, 17, 35, 13, 10, 12, 25]
2025-12-18 12:40:58,805 - Round number: 51 --------------------------
2025-12-18 12:40:58,806 - Evaluate global model
2025-12-18 12:41:03,633 - Averaged Train Loss: 1.2815
2025-12-18 12:41:03,633 - Test Accurancy: 0.5291
2025-12-18 12:41:12,602 - Multi-krum select clients: [27, 23, 8, 9, 22, 28, 39, 14, 11, 34, 31, 30, 21, 38, 36, 26, 32, 24, 37, 19, 33, 18, 15, 17, 20, 29, 13, 10, 12, 35, 25]
2025-12-18 12:41:12,611 - Round number: 52 --------------------------
2025-12-18 12:41:12,611 - Evaluate global model
2025-12-18 12:41:15,289 - Averaged Train Loss: 1.2825
2025-12-18 12:41:15,289 - Test Accurancy: 0.5272
2025-12-18 12:41:25,720 - Multi-krum select clients: [27, 28, 8, 22, 23, 9, 14, 39, 31, 34, 21, 30, 38, 11, 32, 19, 26, 36, 33, 15, 18, 24, 37, 29, 17, 20, 12, 35, 13, 10, 25]
2025-12-18 12:41:25,729 - Round number: 53 --------------------------
2025-12-18 12:41:25,729 - Evaluate global model
2025-12-18 12:41:28,704 - Averaged Train Loss: 1.2755
2025-12-18 12:41:28,704 - Test Accurancy: 0.5308
2025-12-18 12:41:38,800 - Multi-krum select clients: [27, 9, 8, 28, 22, 23, 39, 14, 30, 34, 31, 26, 21, 38, 11, 15, 24, 36, 19, 32, 33, 18, 37, 17, 35, 20, 29, 12, 10, 13, 25]
2025-12-18 12:41:38,811 - Round number: 54 --------------------------
2025-12-18 12:41:38,811 - Evaluate global model
2025-12-18 12:41:43,096 - Averaged Train Loss: 1.2703
2025-12-18 12:41:43,097 - Test Accurancy: 0.5291
2025-12-18 12:41:51,711 - Multi-krum select clients: [27, 8, 9, 23, 22, 14, 11, 39, 28, 31, 30, 34, 21, 38, 19, 26, 24, 33, 15, 32, 36, 18, 37, 29, 17, 20, 13, 12, 10, 35, 25]
2025-12-18 12:41:51,720 - Round number: 55 --------------------------
2025-12-18 12:41:51,720 - Evaluate global model
2025-12-18 12:41:55,875 - Averaged Train Loss: 1.2676
2025-12-18 12:41:55,875 - Test Accurancy: 0.5315
2025-12-18 12:42:04,807 - Multi-krum select clients: [27, 22, 9, 23, 28, 39, 8, 14, 30, 34, 31, 11, 21, 38, 26, 19, 15, 32, 33, 36, 24, 29, 17, 18, 37, 20, 35, 13, 12, 10, 25]
2025-12-18 12:42:04,816 - Round number: 56 --------------------------
2025-12-18 12:42:04,816 - Evaluate global model
2025-12-18 12:42:07,579 - Averaged Train Loss: 1.2721
2025-12-18 12:42:07,579 - Test Accurancy: 0.5310
2025-12-18 12:42:17,066 - Multi-krum select clients: [27, 9, 8, 22, 23, 39, 28, 30, 11, 14, 31, 34, 21, 26, 38, 33, 36, 19, 24, 15, 37, 18, 29, 32, 17, 12, 20, 35, 25, 10, 13]
2025-12-18 12:42:17,075 - Round number: 57 --------------------------
2025-12-18 12:42:17,075 - Evaluate global model
2025-12-18 12:42:21,000 - Averaged Train Loss: 1.2613
2025-12-18 12:42:21,000 - Test Accurancy: 0.5335
2025-12-18 12:42:30,733 - Multi-krum select clients: [27, 22, 28, 8, 9, 23, 14, 39, 11, 31, 34, 21, 38, 36, 32, 26, 30, 33, 19, 15, 18, 37, 24, 17, 20, 12, 29, 10, 13, 35, 25]
2025-12-18 12:42:30,742 - Round number: 58 --------------------------
2025-12-18 12:42:30,743 - Evaluate global model
2025-12-18 12:42:34,836 - Averaged Train Loss: 1.2488
2025-12-18 12:42:34,836 - Test Accurancy: 0.5377
2025-12-18 12:42:44,785 - Multi-krum select clients: [27, 9, 8, 23, 28, 22, 39, 14, 31, 11, 30, 38, 34, 36, 21, 33, 32, 19, 26, 15, 18, 37, 24, 17, 20, 29, 35, 13, 12, 10, 25]
2025-12-18 12:42:44,795 - Round number: 59 --------------------------
2025-12-18 12:42:44,795 - Evaluate global model
2025-12-18 12:42:47,466 - Averaged Train Loss: 1.2520
2025-12-18 12:42:47,466 - Test Accurancy: 0.5384
2025-12-18 12:42:56,707 - Multi-krum select clients: [27, 9, 22, 23, 8, 14, 28, 39, 34, 30, 31, 11, 21, 38, 36, 26, 32, 15, 19, 33, 18, 24, 29, 37, 17, 20, 12, 35, 13, 25, 10]
2025-12-18 12:42:56,717 - Round number: 60 --------------------------
2025-12-18 12:42:56,717 - Evaluate global model
2025-12-18 12:43:01,194 - Averaged Train Loss: 1.2467
2025-12-18 12:43:01,195 - Test Accurancy: 0.5380
2025-12-18 12:43:09,820 - Multi-krum select clients: [27, 22, 9, 23, 14, 8, 28, 39, 30, 11, 34, 31, 21, 32, 38, 36, 26, 19, 33, 24, 18, 15, 37, 29, 20, 17, 35, 13, 10, 25, 12]
2025-12-18 12:43:09,831 - Round number: 61 --------------------------
2025-12-18 12:43:09,831 - Evaluate global model
2025-12-18 12:43:14,485 - Averaged Train Loss: 1.2441
2025-12-18 12:43:14,486 - Test Accurancy: 0.5405
2025-12-18 12:43:23,639 - Multi-krum select clients: [27, 9, 8, 28, 22, 23, 14, 39, 30, 11, 31, 21, 34, 26, 32, 36, 19, 38, 33, 15, 37, 29, 24, 17, 18, 20, 13, 12, 10, 35, 25]
2025-12-18 12:43:23,649 - Round number: 62 --------------------------
2025-12-18 12:43:23,649 - Evaluate global model
2025-12-18 12:43:26,633 - Averaged Train Loss: 1.2353
2025-12-18 12:43:26,633 - Test Accurancy: 0.5418
2025-12-18 12:43:37,061 - Multi-krum select clients: [27, 9, 23, 8, 22, 28, 14, 39, 31, 30, 21, 34, 32, 11, 19, 26, 36, 38, 33, 15, 18, 24, 37, 17, 29, 13, 20, 35, 12, 10, 25]
2025-12-18 12:43:37,071 - Round number: 63 --------------------------
2025-12-18 12:43:37,071 - Evaluate global model
2025-12-18 12:43:39,719 - Averaged Train Loss: 1.2361
2025-12-18 12:43:39,720 - Test Accurancy: 0.5406
2025-12-18 12:43:49,342 - Multi-krum select clients: [27, 9, 8, 22, 23, 39, 28, 31, 11, 14, 30, 21, 34, 24, 36, 32, 33, 19, 15, 38, 26, 37, 18, 17, 29, 12, 20, 35, 10, 25, 13]
2025-12-18 12:43:49,351 - Round number: 64 --------------------------
2025-12-18 12:43:49,351 - Evaluate global model
2025-12-18 12:43:54,172 - Averaged Train Loss: 1.2313
2025-12-18 12:43:54,172 - Test Accurancy: 0.5423
2025-12-18 12:44:02,486 - Multi-krum select clients: [27, 9, 23, 28, 22, 8, 39, 14, 34, 31, 11, 21, 30, 26, 19, 38, 15, 32, 36, 24, 33, 18, 37, 29, 17, 20, 35, 13, 12, 25, 10]
2025-12-18 12:44:02,495 - Round number: 65 --------------------------
2025-12-18 12:44:02,495 - Evaluate global model
2025-12-18 12:44:06,917 - Averaged Train Loss: 1.2289
2025-12-18 12:44:06,917 - Test Accurancy: 0.5440
2025-12-18 12:44:16,344 - Multi-krum select clients: [27, 9, 28, 8, 23, 22, 39, 31, 14, 30, 11, 34, 21, 36, 32, 38, 33, 15, 19, 26, 18, 24, 37, 17, 29, 20, 35, 10, 12, 13, 25]
2025-12-18 12:44:16,353 - Round number: 66 --------------------------
2025-12-18 12:44:16,353 - Evaluate global model
2025-12-18 12:44:18,970 - Averaged Train Loss: 1.2220
2025-12-18 12:44:18,970 - Test Accurancy: 0.5459
2025-12-18 12:44:28,593 - Multi-krum select clients: [27, 9, 8, 22, 28, 23, 14, 39, 11, 30, 34, 31, 21, 36, 26, 32, 38, 15, 19, 37, 24, 33, 17, 18, 29, 20, 12, 13, 10, 35, 25]
2025-12-18 12:44:28,604 - Round number: 67 --------------------------
2025-12-18 12:44:28,604 - Evaluate global model
2025-12-18 12:44:32,437 - Averaged Train Loss: 1.2204
2025-12-18 12:44:32,437 - Test Accurancy: 0.5458
2025-12-18 12:44:42,395 - Multi-krum select clients: [27, 23, 9, 8, 22, 39, 28, 14, 30, 21, 11, 31, 34, 32, 19, 38, 36, 26, 33, 15, 37, 24, 18, 17, 29, 35, 20, 12, 13, 10, 25]
2025-12-18 12:44:42,405 - Round number: 68 --------------------------
2025-12-18 12:44:42,405 - Evaluate global model
2025-12-18 12:44:46,413 - Averaged Train Loss: 1.2136
2025-12-18 12:44:46,413 - Test Accurancy: 0.5470
2025-12-18 12:44:55,542 - Multi-krum select clients: [27, 9, 23, 28, 8, 22, 14, 39, 11, 31, 30, 34, 21, 36, 32, 26, 38, 19, 18, 15, 33, 24, 37, 17, 29, 20, 10, 12, 13, 25, 35]
2025-12-18 12:44:55,551 - Round number: 69 --------------------------
2025-12-18 12:44:55,551 - Evaluate global model
2025-12-18 12:44:58,853 - Averaged Train Loss: 1.2127
2025-12-18 12:44:58,853 - Test Accurancy: 0.5462
2025-12-18 12:45:07,886 - Multi-krum select clients: [27, 22, 8, 9, 23, 39, 14, 28, 30, 34, 31, 21, 32, 11, 15, 26, 19, 38, 33, 24, 37, 17, 36, 18, 29, 20, 12, 10, 35, 13, 25]
2025-12-18 12:45:07,895 - Round number: 70 --------------------------
2025-12-18 12:45:07,895 - Evaluate global model
2025-12-18 12:45:11,928 - Averaged Train Loss: 1.2018
2025-12-18 12:45:11,929 - Test Accurancy: 0.5470
2025-12-18 12:45:20,798 - Multi-krum select clients: [27, 23, 22, 9, 28, 8, 39, 14, 31, 30, 11, 21, 32, 34, 38, 15, 36, 19, 26, 33, 24, 18, 37, 29, 17, 13, 20, 35, 12, 10, 25]
2025-12-18 12:45:20,808 - Round number: 71 --------------------------
2025-12-18 12:45:20,808 - Evaluate global model
2025-12-18 12:45:25,272 - Averaged Train Loss: 1.1980
2025-12-18 12:45:25,272 - Test Accurancy: 0.5496
2025-12-18 12:45:35,233 - Multi-krum select clients: [27, 9, 8, 23, 28, 22, 14, 39, 31, 30, 21, 11, 36, 34, 38, 26, 33, 24, 32, 37, 18, 19, 15, 29, 17, 13, 20, 35, 12, 10, 25]
2025-12-18 12:45:35,242 - Round number: 72 --------------------------
2025-12-18 12:45:35,243 - Evaluate global model
2025-12-18 12:45:38,063 - Averaged Train Loss: 1.2036
2025-12-18 12:45:38,063 - Test Accurancy: 0.5499
2025-12-18 12:45:48,416 - Multi-krum select clients: [27, 8, 23, 9, 22, 39, 28, 14, 31, 30, 11, 21, 34, 33, 38, 36, 32, 24, 26, 15, 19, 37, 18, 29, 17, 20, 12, 35, 10, 13, 25]
2025-12-18 12:45:48,425 - Round number: 73 --------------------------
2025-12-18 12:45:48,425 - Evaluate global model
2025-12-18 12:45:51,222 - Averaged Train Loss: 1.1952
2025-12-18 12:45:51,222 - Test Accurancy: 0.5530
2025-12-18 12:46:00,035 - Multi-krum select clients: [27, 23, 8, 22, 28, 9, 14, 39, 11, 30, 34, 31, 38, 36, 33, 15, 21, 19, 26, 32, 24, 37, 18, 17, 29, 12, 20, 10, 13, 35, 25]
2025-12-18 12:46:00,045 - Round number: 74 --------------------------
2025-12-18 12:46:00,045 - Evaluate global model
2025-12-18 12:46:04,835 - Averaged Train Loss: 1.1932
2025-12-18 12:46:04,835 - Test Accurancy: 0.5526
2025-12-18 12:46:13,228 - Multi-krum select clients: [27, 23, 22, 8, 9, 28, 14, 39, 30, 11, 31, 21, 34, 15, 19, 32, 26, 33, 38, 24, 36, 37, 17, 18, 20, 29, 13, 12, 35, 10, 25]
2025-12-18 12:46:13,237 - Round number: 75 --------------------------
2025-12-18 12:46:13,237 - Evaluate global model
2025-12-18 12:46:17,628 - Averaged Train Loss: 1.1884
2025-12-18 12:46:17,628 - Test Accurancy: 0.5538
2025-12-18 12:46:27,161 - Multi-krum select clients: [27, 9, 8, 23, 22, 14, 39, 28, 31, 11, 34, 30, 21, 19, 38, 24, 36, 33, 32, 26, 15, 37, 17, 18, 29, 35, 12, 20, 25, 10, 13]
2025-12-18 12:46:27,170 - Round number: 76 --------------------------
2025-12-18 12:46:27,170 - Evaluate global model
2025-12-18 12:46:29,688 - Averaged Train Loss: 1.1859
2025-12-18 12:46:29,688 - Test Accurancy: 0.5539
2025-12-18 12:46:40,143 - Multi-krum select clients: [27, 8, 23, 9, 28, 22, 39, 14, 11, 31, 30, 34, 21, 32, 19, 36, 33, 26, 38, 15, 24, 37, 18, 17, 29, 12, 35, 20, 13, 25, 10]
2025-12-18 12:46:40,153 - Round number: 77 --------------------------
2025-12-18 12:46:40,153 - Evaluate global model
2025-12-18 12:46:43,357 - Averaged Train Loss: 1.1811
2025-12-18 12:46:43,357 - Test Accurancy: 0.5538
2025-12-18 12:46:52,974 - Multi-krum select clients: [27, 23, 9, 8, 28, 14, 22, 39, 11, 31, 34, 30, 21, 33, 36, 32, 38, 19, 15, 26, 24, 37, 18, 17, 20, 29, 13, 35, 12, 10, 25]
2025-12-18 12:46:52,983 - Round number: 78 --------------------------
2025-12-18 12:46:52,983 - Evaluate global model
2025-12-18 12:46:57,474 - Averaged Train Loss: 1.1792
2025-12-18 12:46:57,474 - Test Accurancy: 0.5539
2025-12-18 12:47:01,617 - Multi-krum select clients: [27, 23, 9, 22, 8, 28, 39, 31, 14, 11, 30, 21, 34, 32, 36, 15, 38, 19, 33, 26, 24, 18, 37, 17, 29, 35, 20, 12, 13, 10, 25]
2025-12-18 12:47:01,626 - Round number: 79 --------------------------
2025-12-18 12:47:01,627 - Evaluate global model
2025-12-18 12:47:03,290 - Averaged Train Loss: 1.1766
2025-12-18 12:47:03,291 - Test Accurancy: 0.5564
2025-12-18 12:47:06,675 - Multi-krum select clients: [27, 9, 23, 8, 28, 22, 39, 14, 11, 30, 31, 21, 34, 38, 26, 36, 32, 33, 15, 19, 18, 37, 24, 29, 20, 17, 12, 13, 35, 10, 25]
2025-12-18 12:47:06,684 - Round number: 80 --------------------------
2025-12-18 12:47:06,684 - Evaluate global model
2025-12-18 12:47:08,215 - Averaged Train Loss: 1.1701
2025-12-18 12:47:08,215 - Test Accurancy: 0.5572
2025-12-18 12:47:11,892 - Multi-krum select clients: [27, 8, 9, 23, 22, 14, 28, 39, 31, 11, 30, 32, 21, 38, 34, 26, 36, 33, 15, 37, 19, 18, 24, 17, 35, 29, 20, 12, 13, 10, 25]
2025-12-18 12:47:11,901 - Round number: 81 --------------------------
2025-12-18 12:47:11,901 - Evaluate global model
2025-12-18 12:47:13,090 - Averaged Train Loss: 1.1642
2025-12-18 12:47:13,090 - Test Accurancy: 0.5606
2025-12-18 12:47:17,214 - Multi-krum select clients: [27, 9, 23, 8, 28, 22, 39, 14, 31, 30, 11, 21, 33, 34, 15, 36, 32, 38, 26, 24, 19, 17, 37, 18, 29, 12, 20, 13, 10, 35, 25]
2025-12-18 12:47:17,223 - Round number: 82 --------------------------
2025-12-18 12:47:17,223 - Evaluate global model
2025-12-18 12:47:18,220 - Averaged Train Loss: 1.1689
2025-12-18 12:47:18,220 - Test Accurancy: 0.5586
2025-12-18 12:47:22,566 - Multi-krum select clients: [27, 23, 9, 8, 28, 22, 39, 14, 31, 34, 11, 30, 15, 21, 19, 38, 36, 32, 33, 26, 24, 37, 29, 17, 18, 20, 35, 13, 12, 10, 25]
2025-12-18 12:47:22,575 - Round number: 83 --------------------------
2025-12-18 12:47:22,575 - Evaluate global model
2025-12-18 12:47:23,615 - Averaged Train Loss: 1.1680
2025-12-18 12:47:23,615 - Test Accurancy: 0.5586
2025-12-18 12:47:27,922 - Multi-krum select clients: [27, 9, 23, 8, 28, 22, 39, 14, 31, 11, 30, 34, 38, 21, 15, 33, 36, 32, 24, 26, 19, 17, 37, 18, 29, 20, 13, 12, 35, 10, 25]
2025-12-18 12:47:27,931 - Round number: 84 --------------------------
2025-12-18 12:47:27,931 - Evaluate global model
2025-12-18 12:47:28,937 - Averaged Train Loss: 1.1595
2025-12-18 12:47:28,937 - Test Accurancy: 0.5604
2025-12-18 12:47:33,027 - Multi-krum select clients: [27, 9, 8, 23, 28, 22, 14, 39, 11, 31, 30, 36, 32, 34, 15, 21, 38, 33, 19, 26, 37, 17, 24, 29, 18, 20, 12, 35, 13, 10, 25]
2025-12-18 12:47:33,036 - Round number: 85 --------------------------
2025-12-18 12:47:33,036 - Evaluate global model
2025-12-18 12:47:34,234 - Averaged Train Loss: 1.1633
2025-12-18 12:47:34,234 - Test Accurancy: 0.5614
2025-12-18 12:47:38,101 - Multi-krum select clients: [27, 9, 23, 28, 8, 22, 31, 39, 11, 14, 30, 32, 21, 33, 34, 38, 36, 19, 15, 24, 26, 37, 18, 17, 29, 20, 12, 13, 10, 35, 25]
2025-12-18 12:47:38,110 - Round number: 86 --------------------------
2025-12-18 12:47:38,110 - Evaluate global model
2025-12-18 12:47:39,542 - Averaged Train Loss: 1.1530
2025-12-18 12:47:39,542 - Test Accurancy: 0.5629
2025-12-18 12:47:43,516 - Multi-krum select clients: [27, 9, 23, 28, 8, 22, 14, 39, 11, 31, 30, 21, 33, 34, 32, 26, 19, 36, 38, 24, 17, 37, 15, 18, 35, 29, 12, 20, 13, 10, 25]
2025-12-18 12:47:43,526 - Round number: 87 --------------------------
2025-12-18 12:47:43,526 - Evaluate global model
2025-12-18 12:47:44,974 - Averaged Train Loss: 1.1575
2025-12-18 12:47:44,974 - Test Accurancy: 0.5627
2025-12-18 12:47:48,547 - Multi-krum select clients: [27, 23, 8, 22, 9, 28, 14, 39, 31, 11, 36, 30, 38, 21, 34, 19, 33, 26, 37, 24, 32, 15, 17, 18, 20, 29, 35, 12, 10, 25, 13]
2025-12-18 12:47:48,558 - Round number: 88 --------------------------
2025-12-18 12:47:48,558 - Evaluate global model
2025-12-18 12:47:50,284 - Averaged Train Loss: 1.1492
2025-12-18 12:47:50,284 - Test Accurancy: 0.5644
2025-12-18 12:47:53,898 - Multi-krum select clients: [27, 23, 8, 22, 28, 39, 9, 14, 31, 11, 21, 34, 32, 33, 19, 30, 36, 24, 38, 15, 26, 17, 29, 37, 18, 35, 20, 13, 10, 25, 12]
2025-12-18 12:47:53,908 - Round number: 89 --------------------------
2025-12-18 12:47:53,908 - Evaluate global model
2025-12-18 12:47:55,619 - Averaged Train Loss: 1.1490
2025-12-18 12:47:55,619 - Test Accurancy: 0.5644
2025-12-18 12:47:58,956 - Multi-krum select clients: [27, 9, 28, 23, 22, 8, 39, 14, 11, 31, 36, 30, 15, 38, 33, 21, 34, 24, 32, 37, 19, 29, 17, 26, 18, 10, 13, 35, 20, 12, 25]
2025-12-18 12:47:58,964 - Round number: 90 --------------------------
2025-12-18 12:47:58,964 - Evaluate global model
2025-12-18 12:48:00,495 - Averaged Train Loss: 1.1481
2025-12-18 12:48:00,495 - Test Accurancy: 0.5646
2025-12-18 12:48:04,095 - Multi-krum select clients: [27, 9, 28, 23, 22, 8, 39, 14, 31, 30, 11, 21, 36, 38, 34, 33, 32, 24, 19, 37, 17, 15, 26, 29, 18, 20, 13, 10, 35, 12, 25]
2025-12-18 12:48:04,105 - Round number: 91 --------------------------
2025-12-18 12:48:04,105 - Evaluate global model
2025-12-18 12:48:05,308 - Averaged Train Loss: 1.1440
2025-12-18 12:48:05,309 - Test Accurancy: 0.5668
2025-12-18 12:48:09,345 - Multi-krum select clients: [27, 8, 23, 9, 28, 22, 31, 39, 14, 11, 30, 34, 32, 15, 33, 21, 36, 38, 19, 24, 37, 26, 18, 17, 29, 10, 20, 13, 12, 35, 25]
2025-12-18 12:48:09,354 - Round number: 92 --------------------------
2025-12-18 12:48:09,355 - Evaluate global model
2025-12-18 12:48:10,400 - Averaged Train Loss: 1.1492
2025-12-18 12:48:10,400 - Test Accurancy: 0.5642
2025-12-18 12:48:14,679 - Multi-krum select clients: [27, 8, 9, 23, 28, 22, 39, 31, 14, 30, 11, 15, 21, 33, 36, 34, 38, 26, 19, 32, 24, 29, 37, 17, 18, 10, 20, 12, 35, 13, 25]
2025-12-18 12:48:14,688 - Round number: 93 --------------------------
2025-12-18 12:48:14,688 - Evaluate global model
2025-12-18 12:48:15,756 - Averaged Train Loss: 1.1396
2025-12-18 12:48:15,756 - Test Accurancy: 0.5686
2025-12-18 12:48:20,094 - Multi-krum select clients: [27, 23, 22, 9, 28, 8, 39, 31, 14, 11, 30, 34, 33, 32, 19, 36, 15, 21, 26, 38, 37, 24, 17, 18, 29, 20, 13, 10, 35, 25, 12]
2025-12-18 12:48:20,103 - Round number: 94 --------------------------
2025-12-18 12:48:20,104 - Evaluate global model
2025-12-18 12:48:21,131 - Averaged Train Loss: 1.1437
2025-12-18 12:48:21,131 - Test Accurancy: 0.5653
2025-12-18 12:48:25,319 - Multi-krum select clients: [27, 9, 8, 23, 22, 28, 14, 39, 31, 11, 30, 36, 34, 33, 21, 32, 15, 38, 19, 24, 26, 17, 37, 29, 18, 12, 20, 35, 10, 13, 25]
2025-12-18 12:48:25,329 - Round number: 95 --------------------------
2025-12-18 12:48:25,329 - Evaluate global model
2025-12-18 12:48:26,486 - Averaged Train Loss: 1.1366
2025-12-18 12:48:26,486 - Test Accurancy: 0.5682
2025-12-18 12:48:30,505 - Multi-krum select clients: [27, 9, 8, 23, 28, 22, 39, 14, 31, 11, 30, 21, 34, 15, 38, 32, 36, 33, 26, 19, 37, 24, 29, 18, 17, 20, 35, 10, 12, 13, 25]
2025-12-18 12:48:30,514 - Round number: 96 --------------------------
2025-12-18 12:48:30,514 - Evaluate global model
2025-12-18 12:48:31,857 - Averaged Train Loss: 1.1370
2025-12-18 12:48:31,857 - Test Accurancy: 0.5683
2025-12-18 12:48:35,621 - Multi-krum select clients: [27, 8, 9, 23, 28, 22, 39, 31, 11, 14, 34, 21, 30, 38, 32, 33, 15, 36, 19, 24, 17, 26, 29, 37, 18, 13, 10, 35, 12, 20, 25]
2025-12-18 12:48:35,631 - Round number: 97 --------------------------
2025-12-18 12:48:35,631 - Evaluate global model
2025-12-18 12:48:37,152 - Averaged Train Loss: 1.1404
2025-12-18 12:48:37,152 - Test Accurancy: 0.5669
2025-12-18 12:48:40,849 - Multi-krum select clients: [27, 23, 8, 9, 22, 28, 39, 14, 30, 31, 11, 21, 36, 34, 19, 32, 24, 33, 26, 15, 38, 17, 37, 18, 29, 20, 10, 12, 35, 13, 25]
2025-12-18 12:48:40,858 - Round number: 98 --------------------------
2025-12-18 12:48:40,859 - Evaluate global model
2025-12-18 12:48:42,511 - Averaged Train Loss: 1.1356
2025-12-18 12:48:42,511 - Test Accurancy: 0.5686
2025-12-18 12:48:45,940 - Multi-krum select clients: [27, 23, 9, 22, 8, 28, 39, 31, 14, 30, 21, 11, 34, 19, 33, 38, 32, 36, 15, 17, 37, 26, 29, 18, 24, 20, 12, 13, 10, 35, 25]
2025-12-18 12:48:45,949 - Round number: 99 --------------------------
2025-12-18 12:48:45,949 - Evaluate global model
2025-12-18 12:48:47,715 - Averaged Train Loss: 1.1344
2025-12-18 12:48:47,716 - Test Accurancy: 0.5686
2025-12-18 12:48:51,149 - Multi-krum select clients: [27, 9, 23, 8, 28, 22, 31, 39, 14, 11, 21, 30, 34, 36, 19, 32, 15, 33, 37, 38, 26, 24, 29, 17, 20, 18, 13, 12, 35, 10, 25]
2025-12-18 12:48:51,158 - Round number: 100 --------------------------
2025-12-18 12:48:51,158 - Evaluate global model
2025-12-18 12:48:52,925 - Averaged Train Loss: 1.1315
2025-12-18 12:48:52,925 - Test Accurancy: 0.5702
2025-12-18 12:48:56,274 - Multi-krum select clients: [27, 8, 23, 9, 22, 28, 39, 14, 31, 30, 33, 11, 32, 38, 21, 34, 36, 19, 15, 24, 26, 37, 29, 17, 20, 13, 18, 12, 10, 35, 25]
2025-12-18 12:48:56,275 - Run over
2025-12-18 12:48:56,275 - Saving results to ./exp/exp4/Cifar10/multi-krum_CAMP_clipping.h5
2025-12-18 12:48:56,277 - Best accuracy: 0.570219853431046
2025-12-18 12:48:56,277 - Average time cost per round: 11.32060751438141
