2026-04-28 06:30:57,781 - *****************EXP-4*****************
2026-04-28 06:30:57,781 - Exp repeats: 1
2026-04-28 06:30:57,781 - Communication Rounds: 100
2026-04-28 06:30:57,781 - Clients: 40

2026-04-28 06:30:57,781 - Attack method: CAMP
2026-04-28 06:30:57,781 - Filtering rule: multi-krum
2026-04-28 06:30:57,781 - Dataset: Cifar10
2026-04-28 06:30:57,781 - Model: cnn2
2026-04-28 06:30:57,781 - Learning Rate: 0.04
2026-04-28 06:30:57,781 - Batch Size: 64
2026-04-28 06:30:57,782 - Device: cuda
2026-04-28 06:30:57,782 - Device id: 0
2026-04-28 06:30:57,782 - Adversaries: 8
2026-04-28 06:30:57,782 - Model Poisoning: CAMP attack, mode clipping_v8
2026-04-28 06:30:57,782 - *****************EXP-4*****************
2026-04-28 06:30:58,042 - Running time: 0th ==========================
2026-04-28 06:31:02,755 - Round number: 0 --------------------------
2026-04-28 06:31:02,755 - Evaluate global model
2026-04-28 06:31:04,786 - Averaged Train Loss: 2.3021
2026-04-28 06:31:04,786 - Test Accurancy: 0.1016
2026-04-28 06:31:10,450 - Multi-krum select clients: [1, 2, 3, 4, 5, 6, 7, 0, 8, 26, 24, 29, 28, 22, 38, 33, 34, 14, 11, 31, 23, 12, 21, 36, 9, 13, 10, 35, 20, 39, 16]
2026-04-28 06:31:10,459 - Round number: 1 --------------------------
2026-04-28 06:31:10,459 - Evaluate global model
2026-04-28 06:31:11,481 - Averaged Train Loss: 2.2923
2026-04-28 06:31:11,481 - Test Accurancy: 0.1104
2026-04-28 06:31:14,519 - Multi-krum select clients: [1, 2, 3, 4, 5, 6, 7, 0, 24, 8, 26, 28, 14, 11, 33, 12, 22, 21, 34, 29, 38, 23, 31, 9, 35, 20, 13, 36, 17, 39, 16]
2026-04-28 06:31:14,528 - Round number: 2 --------------------------
2026-04-28 06:31:14,528 - Evaluate global model
2026-04-28 06:31:15,500 - Averaged Train Loss: 2.2649
2026-04-28 06:31:15,500 - Test Accurancy: 0.1189
2026-04-28 06:31:18,454 - Multi-krum select clients: [1, 2, 3, 4, 5, 6, 7, 0, 26, 8, 24, 28, 14, 12, 11, 33, 34, 29, 22, 38, 21, 36, 20, 23, 13, 35, 31, 9, 39, 10, 17]
2026-04-28 06:31:18,463 - Round number: 3 --------------------------
2026-04-28 06:31:18,463 - Evaluate global model
2026-04-28 06:31:19,413 - Averaged Train Loss: 2.2244
2026-04-28 06:31:19,413 - Test Accurancy: 0.1734
2026-04-28 06:31:22,424 - Multi-krum select clients: [1, 2, 3, 4, 5, 6, 7, 0, 26, 28, 8, 24, 33, 29, 38, 14, 12, 34, 11, 36, 35, 22, 23, 21, 13, 31, 20, 9, 17, 16, 39]
2026-04-28 06:31:22,433 - Round number: 4 --------------------------
2026-04-28 06:31:22,433 - Evaluate global model
2026-04-28 06:31:23,370 - Averaged Train Loss: 2.1513
2026-04-28 06:31:23,370 - Test Accurancy: 0.2146
2026-04-28 06:31:26,330 - Multi-krum select clients: [1, 2, 3, 4, 5, 6, 7, 0, 26, 28, 8, 24, 12, 11, 33, 36, 14, 38, 29, 34, 22, 21, 9, 35, 13, 31, 23, 20, 30, 32, 17]
2026-04-28 06:31:26,339 - Round number: 5 --------------------------
2026-04-28 06:31:26,340 - Evaluate global model
2026-04-28 06:31:27,291 - Averaged Train Loss: 2.0858
2026-04-28 06:31:27,291 - Test Accurancy: 0.2611
2026-04-28 06:31:30,352 - Multi-krum select clients: [1, 2, 3, 4, 5, 6, 7, 0, 26, 28, 8, 36, 29, 12, 33, 22, 21, 14, 38, 31, 24, 34, 11, 9, 13, 35, 23, 20, 30, 32, 17]
2026-04-28 06:31:30,362 - Round number: 6 --------------------------
2026-04-28 06:31:30,362 - Evaluate global model
2026-04-28 06:31:31,411 - Averaged Train Loss: 2.0486
2026-04-28 06:31:31,411 - Test Accurancy: 0.2764
2026-04-28 06:31:34,455 - Multi-krum select clients: [1, 2, 3, 4, 5, 6, 7, 0, 26, 28, 8, 12, 33, 29, 36, 21, 14, 24, 22, 9, 13, 35, 31, 38, 34, 11, 23, 20, 32, 30, 17]
2026-04-28 06:31:34,464 - Round number: 7 --------------------------
2026-04-28 06:31:34,464 - Evaluate global model
2026-04-28 06:31:35,435 - Averaged Train Loss: 2.0124
2026-04-28 06:31:35,435 - Test Accurancy: 0.3054
2026-04-28 06:31:38,417 - Multi-krum select clients: [1, 2, 3, 4, 5, 6, 7, 0, 26, 24, 8, 28, 33, 21, 36, 22, 12, 38, 31, 9, 14, 29, 13, 34, 11, 35, 23, 30, 32, 20, 17]
2026-04-28 06:31:38,426 - Round number: 8 --------------------------
2026-04-28 06:31:38,426 - Evaluate global model
2026-04-28 06:31:39,383 - Averaged Train Loss: 1.9857
2026-04-28 06:31:39,384 - Test Accurancy: 0.3165
2026-04-28 06:31:42,366 - Multi-krum select clients: [1, 2, 3, 4, 5, 6, 7, 0, 28, 26, 12, 24, 8, 36, 33, 31, 22, 21, 29, 38, 14, 11, 9, 35, 34, 13, 23, 20, 17, 32, 30]
2026-04-28 06:31:42,375 - Round number: 9 --------------------------
2026-04-28 06:31:42,375 - Evaluate global model
2026-04-28 06:31:43,333 - Averaged Train Loss: 1.9612
2026-04-28 06:31:43,333 - Test Accurancy: 0.3232
2026-04-28 06:31:46,285 - Multi-krum select clients: [1, 2, 3, 4, 5, 6, 7, 0, 26, 12, 8, 24, 33, 36, 28, 29, 21, 11, 22, 14, 31, 38, 35, 23, 13, 34, 9, 17, 20, 32, 30]
2026-04-28 06:31:46,294 - Round number: 10 --------------------------
2026-04-28 06:31:46,294 - Evaluate global model
2026-04-28 06:31:47,258 - Averaged Train Loss: 1.9405
2026-04-28 06:31:47,258 - Test Accurancy: 0.3313
2026-04-28 06:31:50,228 - Multi-krum select clients: [1, 2, 3, 4, 5, 6, 7, 0, 24, 12, 28, 26, 33, 36, 11, 21, 31, 14, 22, 8, 35, 9, 38, 13, 29, 34, 23, 32, 20, 17, 30]
2026-04-28 06:31:50,237 - Round number: 11 --------------------------
2026-04-28 06:31:50,237 - Evaluate global model
2026-04-28 06:31:51,219 - Averaged Train Loss: 1.9115
2026-04-28 06:31:51,220 - Test Accurancy: 0.3360
2026-04-28 06:31:54,236 - Multi-krum select clients: [1, 2, 3, 4, 5, 6, 7, 0, 26, 28, 24, 12, 33, 31, 8, 36, 21, 35, 29, 11, 14, 22, 38, 13, 34, 9, 23, 32, 30, 17, 20]
2026-04-28 06:31:54,246 - Round number: 12 --------------------------
2026-04-28 06:31:54,246 - Evaluate global model
2026-04-28 06:31:55,273 - Averaged Train Loss: 1.8902
2026-04-28 06:31:55,273 - Test Accurancy: 0.3433
2026-04-28 06:31:58,199 - Multi-krum select clients: [1, 2, 3, 4, 5, 6, 7, 0, 24, 26, 28, 12, 8, 31, 33, 11, 21, 36, 22, 14, 38, 29, 34, 9, 13, 35, 23, 32, 17, 20, 30]
2026-04-28 06:31:58,208 - Round number: 13 --------------------------
2026-04-28 06:31:58,208 - Evaluate global model
2026-04-28 06:31:59,103 - Averaged Train Loss: 1.8723
2026-04-28 06:31:59,103 - Test Accurancy: 0.3507
2026-04-28 06:32:02,086 - Multi-krum select clients: [1, 2, 3, 4, 5, 6, 7, 0, 26, 28, 24, 33, 12, 8, 36, 22, 31, 11, 21, 35, 9, 34, 38, 29, 23, 14, 13, 32, 20, 17, 30]
2026-04-28 06:32:02,095 - Round number: 14 --------------------------
2026-04-28 06:32:02,096 - Evaluate global model
2026-04-28 06:32:03,052 - Averaged Train Loss: 1.8512
2026-04-28 06:32:03,052 - Test Accurancy: 0.3558
2026-04-28 06:32:06,020 - Multi-krum select clients: [1, 2, 3, 4, 5, 6, 7, 0, 24, 12, 33, 28, 26, 8, 31, 14, 36, 22, 11, 21, 34, 29, 38, 9, 23, 35, 13, 17, 32, 30, 20]
2026-04-28 06:32:06,029 - Round number: 15 --------------------------
2026-04-28 06:32:06,029 - Evaluate global model
2026-04-28 06:32:06,981 - Averaged Train Loss: 1.8349
2026-04-28 06:32:06,981 - Test Accurancy: 0.3594
2026-04-28 06:32:10,128 - Multi-krum select clients: [1, 2, 3, 4, 5, 6, 7, 0, 28, 24, 26, 12, 33, 8, 36, 31, 11, 14, 22, 21, 35, 9, 38, 34, 29, 13, 23, 32, 17, 30, 20]
2026-04-28 06:32:10,138 - Round number: 16 --------------------------
2026-04-28 06:32:10,138 - Evaluate global model
2026-04-28 06:32:11,268 - Averaged Train Loss: 1.8134
2026-04-28 06:32:11,268 - Test Accurancy: 0.3672
2026-04-28 06:32:14,135 - Multi-krum select clients: [1, 2, 3, 4, 5, 6, 7, 0, 28, 24, 26, 33, 12, 21, 36, 8, 11, 31, 22, 14, 35, 34, 13, 29, 38, 9, 23, 17, 30, 32, 20]
2026-04-28 06:32:14,144 - Round number: 17 --------------------------
2026-04-28 06:32:14,144 - Evaluate global model
2026-04-28 06:32:15,025 - Averaged Train Loss: 1.7908
2026-04-28 06:32:15,025 - Test Accurancy: 0.3690
2026-04-28 06:32:17,822 - Multi-krum select clients: [1, 2, 3, 4, 5, 6, 7, 0, 28, 26, 8, 12, 33, 24, 22, 11, 36, 21, 9, 14, 34, 23, 31, 13, 35, 29, 32, 38, 30, 17, 20]
2026-04-28 06:32:17,831 - Round number: 18 --------------------------
2026-04-28 06:32:17,831 - Evaluate global model
2026-04-28 06:32:18,760 - Averaged Train Loss: 1.7655
2026-04-28 06:32:18,761 - Test Accurancy: 0.3789
2026-04-28 06:32:21,513 - Multi-krum select clients: [1, 2, 3, 4, 5, 6, 7, 0, 24, 28, 12, 26, 33, 8, 31, 22, 11, 21, 29, 34, 36, 35, 14, 9, 23, 38, 13, 32, 20, 30, 17]
2026-04-28 06:32:21,521 - Round number: 19 --------------------------
2026-04-28 06:32:21,522 - Evaluate global model
2026-04-28 06:32:22,414 - Averaged Train Loss: 1.7523
2026-04-28 06:32:22,415 - Test Accurancy: 0.3822
2026-04-28 06:32:25,143 - Multi-krum select clients: [1, 2, 3, 4, 5, 6, 7, 0, 28, 26, 24, 12, 33, 11, 31, 36, 14, 8, 22, 21, 29, 35, 13, 34, 23, 38, 9, 30, 32, 17, 20]
2026-04-28 06:32:25,152 - Round number: 20 --------------------------
2026-04-28 06:32:25,152 - Evaluate global model
2026-04-28 06:32:26,062 - Averaged Train Loss: 1.7396
2026-04-28 06:32:26,062 - Test Accurancy: 0.3875
2026-04-28 06:32:28,797 - Multi-krum select clients: [1, 2, 3, 4, 5, 6, 7, 0, 24, 26, 28, 12, 33, 11, 8, 22, 36, 31, 21, 23, 34, 9, 38, 35, 29, 14, 13, 32, 20, 30, 17]
2026-04-28 06:32:28,805 - Round number: 21 --------------------------
2026-04-28 06:32:28,805 - Evaluate global model
2026-04-28 06:32:29,731 - Averaged Train Loss: 1.7211
2026-04-28 06:32:29,732 - Test Accurancy: 0.3923
2026-04-28 06:32:32,479 - Multi-krum select clients: [1, 2, 3, 4, 5, 6, 7, 0, 24, 26, 28, 12, 33, 31, 8, 11, 22, 35, 36, 21, 23, 34, 14, 38, 13, 29, 9, 32, 30, 20, 17]
2026-04-28 06:32:32,487 - Round number: 22 --------------------------
2026-04-28 06:32:32,487 - Evaluate global model
2026-04-28 06:32:33,435 - Averaged Train Loss: 1.7062
2026-04-28 06:32:33,435 - Test Accurancy: 0.3979
2026-04-28 06:32:36,149 - Multi-krum select clients: [1, 2, 3, 4, 5, 6, 7, 0, 24, 28, 26, 12, 33, 8, 31, 29, 22, 34, 35, 14, 36, 21, 13, 9, 23, 38, 30, 17, 32, 20, 11]
2026-04-28 06:32:36,157 - Round number: 23 --------------------------
2026-04-28 06:32:36,157 - Evaluate global model
2026-04-28 06:32:37,033 - Averaged Train Loss: 1.7025
2026-04-28 06:32:37,033 - Test Accurancy: 0.3981
2026-04-28 06:32:39,784 - Multi-krum select clients: [1, 2, 3, 4, 5, 6, 7, 0, 28, 24, 26, 12, 33, 36, 8, 22, 11, 31, 23, 34, 21, 35, 14, 13, 9, 38, 29, 30, 32, 20, 17]
2026-04-28 06:32:39,793 - Round number: 24 --------------------------
2026-04-28 06:32:39,793 - Evaluate global model
2026-04-28 06:32:40,679 - Averaged Train Loss: 1.6849
2026-04-28 06:32:40,679 - Test Accurancy: 0.4052
2026-04-28 06:32:43,456 - Multi-krum select clients: [1, 2, 3, 4, 5, 6, 7, 0, 28, 26, 24, 33, 12, 22, 36, 8, 11, 21, 34, 14, 31, 13, 29, 23, 38, 35, 30, 32, 9, 20, 17]
2026-04-28 06:32:43,465 - Round number: 25 --------------------------
2026-04-28 06:32:43,465 - Evaluate global model
2026-04-28 06:32:44,378 - Averaged Train Loss: 1.6720
2026-04-28 06:32:44,378 - Test Accurancy: 0.4104
2026-04-28 06:32:47,125 - Multi-krum select clients: [1, 2, 3, 4, 5, 6, 7, 0, 28, 24, 26, 12, 33, 11, 8, 21, 31, 36, 38, 35, 29, 22, 14, 13, 34, 9, 23, 32, 30, 17, 20]
2026-04-28 06:32:47,134 - Round number: 26 --------------------------
2026-04-28 06:32:47,135 - Evaluate global model
2026-04-28 06:32:48,036 - Averaged Train Loss: 1.6670
2026-04-28 06:32:48,036 - Test Accurancy: 0.4110
2026-04-28 06:32:50,794 - Multi-krum select clients: [1, 2, 3, 4, 5, 6, 7, 0, 24, 26, 28, 12, 33, 11, 8, 31, 36, 22, 35, 21, 34, 29, 23, 13, 14, 38, 9, 30, 20, 17, 32]
2026-04-28 06:32:50,803 - Round number: 27 --------------------------
2026-04-28 06:32:50,803 - Evaluate global model
2026-04-28 06:32:51,726 - Averaged Train Loss: 1.6539
2026-04-28 06:32:51,726 - Test Accurancy: 0.4137
2026-04-28 06:32:54,569 - Multi-krum select clients: [1, 2, 3, 4, 5, 6, 7, 0, 28, 24, 26, 12, 8, 33, 22, 11, 31, 23, 36, 21, 35, 14, 29, 13, 34, 9, 38, 30, 32, 20, 17]
2026-04-28 06:32:54,578 - Round number: 28 --------------------------
2026-04-28 06:32:54,578 - Evaluate global model
2026-04-28 06:32:55,551 - Averaged Train Loss: 1.6426
2026-04-28 06:32:55,551 - Test Accurancy: 0.4186
2026-04-28 06:32:58,297 - Multi-krum select clients: [1, 2, 3, 4, 5, 6, 7, 0, 28, 24, 12, 26, 33, 11, 8, 21, 36, 22, 31, 35, 14, 13, 38, 34, 23, 29, 32, 9, 20, 17, 30]
2026-04-28 06:32:58,306 - Round number: 29 --------------------------
2026-04-28 06:32:58,306 - Evaluate global model
2026-04-28 06:32:59,247 - Averaged Train Loss: 1.6290
2026-04-28 06:32:59,247 - Test Accurancy: 0.4228
2026-04-28 06:33:02,008 - Multi-krum select clients: [1, 2, 3, 4, 5, 6, 7, 0, 24, 28, 26, 12, 33, 8, 22, 21, 11, 31, 36, 35, 23, 29, 14, 34, 13, 38, 9, 32, 30, 17, 20]
2026-04-28 06:33:02,017 - Round number: 30 --------------------------
2026-04-28 06:33:02,017 - Evaluate global model
2026-04-28 06:33:02,914 - Averaged Train Loss: 1.6146
2026-04-28 06:33:02,914 - Test Accurancy: 0.4267
2026-04-28 06:33:05,680 - Multi-krum select clients: [1, 0, 7, 6, 5, 4, 3, 2, 24, 28, 26, 12, 33, 31, 11, 8, 22, 23, 21, 35, 36, 34, 14, 9, 38, 29, 13, 32, 30, 20, 17]
2026-04-28 06:33:05,689 - Round number: 31 --------------------------
2026-04-28 06:33:05,689 - Evaluate global model
2026-04-28 06:33:06,584 - Averaged Train Loss: 1.6049
2026-04-28 06:33:06,585 - Test Accurancy: 0.4292
2026-04-28 06:33:09,298 - Multi-krum select clients: [1, 2, 3, 4, 5, 6, 7, 0, 24, 28, 26, 12, 33, 8, 11, 36, 21, 31, 35, 13, 14, 23, 22, 34, 29, 9, 38, 30, 32, 20, 17]
2026-04-28 06:33:09,306 - Round number: 32 --------------------------
2026-04-28 06:33:09,306 - Evaluate global model
2026-04-28 06:33:10,191 - Averaged Train Loss: 1.5956
2026-04-28 06:33:10,191 - Test Accurancy: 0.4326
2026-04-28 06:33:12,963 - Multi-krum select clients: [1, 2, 3, 4, 5, 6, 7, 0, 28, 24, 26, 12, 33, 21, 8, 23, 11, 31, 36, 35, 34, 22, 38, 13, 29, 14, 9, 32, 30, 20, 17]
2026-04-28 06:33:12,972 - Round number: 33 --------------------------
2026-04-28 06:33:12,972 - Evaluate global model
2026-04-28 06:33:13,959 - Averaged Train Loss: 1.5881
2026-04-28 06:33:13,960 - Test Accurancy: 0.4358
2026-04-28 06:33:16,865 - Multi-krum select clients: [1, 2, 3, 4, 5, 6, 7, 0, 24, 28, 12, 33, 26, 8, 22, 23, 31, 14, 36, 35, 34, 11, 13, 21, 38, 29, 9, 17, 20, 32, 30]
2026-04-28 06:33:16,874 - Round number: 34 --------------------------
2026-04-28 06:33:16,874 - Evaluate global model
2026-04-28 06:33:17,832 - Averaged Train Loss: 1.5799
2026-04-28 06:33:17,832 - Test Accurancy: 0.4400
2026-04-28 06:33:20,607 - Multi-krum select clients: [1, 2, 3, 4, 5, 6, 7, 0, 28, 24, 26, 12, 33, 11, 22, 21, 14, 34, 36, 29, 35, 13, 23, 8, 31, 38, 9, 30, 20, 32, 17]
2026-04-28 06:33:20,616 - Round number: 35 --------------------------
2026-04-28 06:33:20,616 - Evaluate global model
2026-04-28 06:33:21,538 - Averaged Train Loss: 1.5760
2026-04-28 06:33:21,538 - Test Accurancy: 0.4386
2026-04-28 06:33:24,252 - Multi-krum select clients: [1, 2, 3, 4, 5, 6, 7, 0, 24, 28, 26, 11, 12, 33, 8, 21, 13, 36, 35, 22, 29, 38, 23, 31, 34, 14, 30, 9, 32, 20, 17]
2026-04-28 06:33:24,260 - Round number: 36 --------------------------
2026-04-28 06:33:24,261 - Evaluate global model
2026-04-28 06:33:25,150 - Averaged Train Loss: 1.5711
2026-04-28 06:33:25,150 - Test Accurancy: 0.4414
2026-04-28 06:33:27,868 - Multi-krum select clients: [1, 2, 3, 4, 5, 6, 7, 0, 24, 28, 12, 26, 11, 33, 22, 8, 31, 36, 21, 23, 13, 29, 35, 14, 34, 30, 38, 9, 17, 20, 32]
2026-04-28 06:33:27,877 - Round number: 37 --------------------------
2026-04-28 06:33:27,877 - Evaluate global model
2026-04-28 06:33:28,762 - Averaged Train Loss: 1.5695
2026-04-28 06:33:28,762 - Test Accurancy: 0.4440
2026-04-28 06:33:31,454 - Multi-krum select clients: [1, 2, 3, 4, 5, 6, 7, 0, 24, 28, 26, 12, 11, 33, 22, 8, 29, 23, 14, 34, 36, 31, 35, 13, 21, 30, 9, 32, 38, 20, 17]
2026-04-28 06:33:31,463 - Round number: 38 --------------------------
2026-04-28 06:33:31,463 - Evaluate global model
2026-04-28 06:33:32,338 - Averaged Train Loss: 1.5546
2026-04-28 06:33:32,338 - Test Accurancy: 0.4472
2026-04-28 06:33:35,121 - Multi-krum select clients: [1, 2, 3, 4, 5, 6, 7, 0, 28, 24, 26, 12, 11, 8, 22, 33, 14, 31, 21, 35, 34, 13, 23, 36, 38, 32, 29, 9, 30, 20, 17]
2026-04-28 06:33:35,129 - Round number: 39 --------------------------
2026-04-28 06:33:35,129 - Evaluate global model
2026-04-28 06:33:36,002 - Averaged Train Loss: 1.5479
2026-04-28 06:33:36,002 - Test Accurancy: 0.4494
2026-04-28 06:33:38,699 - Multi-krum select clients: [1, 2, 3, 4, 5, 6, 7, 0, 28, 12, 24, 26, 33, 22, 8, 11, 29, 21, 31, 23, 34, 13, 30, 35, 36, 38, 14, 9, 32, 20, 17]
2026-04-28 06:33:38,708 - Round number: 40 --------------------------
2026-04-28 06:33:38,708 - Evaluate global model
2026-04-28 06:33:39,602 - Averaged Train Loss: 1.5385
2026-04-28 06:33:39,602 - Test Accurancy: 0.4501
2026-04-28 06:33:42,352 - Multi-krum select clients: [1, 2, 3, 4, 5, 6, 7, 0, 24, 28, 26, 12, 22, 8, 33, 21, 23, 14, 38, 31, 13, 34, 30, 11, 36, 35, 29, 9, 32, 20, 17]
2026-04-28 06:33:42,361 - Round number: 41 --------------------------
2026-04-28 06:33:42,361 - Evaluate global model
2026-04-28 06:33:43,357 - Averaged Train Loss: 1.5332
2026-04-28 06:33:43,357 - Test Accurancy: 0.4550
2026-04-28 06:33:46,260 - Multi-krum select clients: [1, 2, 3, 4, 5, 6, 7, 0, 24, 28, 26, 12, 33, 8, 22, 31, 13, 14, 34, 29, 11, 23, 21, 38, 36, 35, 9, 30, 20, 32, 17]
2026-04-28 06:33:46,269 - Round number: 42 --------------------------
2026-04-28 06:33:46,269 - Evaluate global model
2026-04-28 06:33:47,171 - Averaged Train Loss: 1.5356
2026-04-28 06:33:47,172 - Test Accurancy: 0.4537
2026-04-28 06:33:49,878 - Multi-krum select clients: [1, 2, 3, 4, 5, 6, 7, 0, 28, 24, 26, 11, 33, 12, 8, 29, 35, 21, 22, 31, 23, 34, 14, 13, 38, 30, 36, 32, 9, 20, 17]
2026-04-28 06:33:49,886 - Round number: 43 --------------------------
2026-04-28 06:33:49,886 - Evaluate global model
2026-04-28 06:33:50,765 - Averaged Train Loss: 1.5148
2026-04-28 06:33:50,765 - Test Accurancy: 0.4598
2026-04-28 06:33:53,470 - Multi-krum select clients: [1, 2, 3, 4, 5, 6, 7, 0, 28, 24, 12, 26, 11, 33, 22, 8, 23, 21, 29, 13, 38, 31, 14, 34, 30, 36, 35, 32, 9, 20, 17]
2026-04-28 06:33:53,479 - Round number: 44 --------------------------
2026-04-28 06:33:53,479 - Evaluate global model
2026-04-28 06:33:54,369 - Averaged Train Loss: 1.5172
2026-04-28 06:33:54,369 - Test Accurancy: 0.4586
2026-04-28 06:33:57,116 - Multi-krum select clients: [1, 2, 3, 4, 5, 6, 7, 0, 24, 28, 26, 11, 12, 33, 22, 8, 23, 21, 31, 34, 13, 14, 29, 38, 35, 36, 30, 32, 17, 9, 20]
2026-04-28 06:33:57,125 - Round number: 45 --------------------------
2026-04-28 06:33:57,125 - Evaluate global model
2026-04-28 06:33:58,085 - Averaged Train Loss: 1.5122
2026-04-28 06:33:58,085 - Test Accurancy: 0.4614
2026-04-28 06:34:00,991 - Multi-krum select clients: [1, 2, 3, 4, 5, 6, 7, 0, 24, 28, 26, 12, 11, 22, 33, 21, 8, 29, 23, 31, 14, 30, 35, 38, 34, 36, 32, 13, 9, 20, 17]
2026-04-28 06:34:01,001 - Round number: 46 --------------------------
2026-04-28 06:34:01,001 - Evaluate global model
2026-04-28 06:34:02,022 - Averaged Train Loss: 1.5049
2026-04-28 06:34:02,022 - Test Accurancy: 0.4646
2026-04-28 06:34:04,774 - Multi-krum select clients: [1, 2, 3, 4, 5, 6, 7, 0, 28, 24, 26, 11, 12, 21, 22, 33, 23, 8, 14, 29, 31, 34, 13, 30, 35, 38, 36, 9, 32, 17, 20]
2026-04-28 06:34:04,783 - Round number: 47 --------------------------
2026-04-28 06:34:04,783 - Evaluate global model
2026-04-28 06:34:05,706 - Averaged Train Loss: 1.4983
2026-04-28 06:34:05,706 - Test Accurancy: 0.4647
2026-04-28 06:34:08,507 - Multi-krum select clients: [1, 2, 3, 4, 5, 6, 7, 0, 28, 24, 26, 12, 11, 33, 22, 8, 21, 31, 23, 35, 34, 30, 36, 38, 14, 13, 29, 32, 9, 20, 17]
2026-04-28 06:34:08,515 - Round number: 48 --------------------------
2026-04-28 06:34:08,516 - Evaluate global model
2026-04-28 06:34:09,431 - Averaged Train Loss: 1.4990
2026-04-28 06:34:09,431 - Test Accurancy: 0.4641
2026-04-28 06:34:12,322 - Multi-krum select clients: [1, 2, 3, 4, 5, 6, 7, 0, 24, 28, 26, 12, 11, 33, 22, 23, 8, 35, 30, 36, 13, 34, 21, 31, 29, 38, 9, 14, 32, 17, 20]
2026-04-28 06:34:12,331 - Round number: 49 --------------------------
2026-04-28 06:34:12,331 - Evaluate global model
2026-04-28 06:34:13,232 - Averaged Train Loss: 1.5012
2026-04-28 06:34:13,232 - Test Accurancy: 0.4657
2026-04-28 06:34:15,996 - Multi-krum select clients: [1, 2, 3, 4, 5, 6, 7, 0, 24, 28, 26, 12, 11, 22, 33, 23, 21, 31, 8, 34, 30, 13, 14, 29, 35, 9, 36, 38, 32, 20, 17]
2026-04-28 06:34:16,005 - Round number: 50 --------------------------
2026-04-28 06:34:16,005 - Evaluate global model
2026-04-28 06:34:16,903 - Averaged Train Loss: 1.4868
2026-04-28 06:34:16,903 - Test Accurancy: 0.4681
2026-04-28 06:34:19,667 - Multi-krum select clients: [1, 2, 3, 4, 5, 6, 7, 0, 24, 28, 26, 12, 11, 22, 33, 8, 21, 23, 35, 34, 38, 13, 36, 31, 29, 14, 32, 30, 9, 17, 20]
2026-04-28 06:34:19,676 - Round number: 51 --------------------------
2026-04-28 06:34:19,676 - Evaluate global model
2026-04-28 06:34:20,556 - Averaged Train Loss: 1.4842
2026-04-28 06:34:20,556 - Test Accurancy: 0.4694
2026-04-28 06:34:23,279 - Multi-krum select clients: [1, 2, 3, 4, 5, 6, 7, 0, 24, 28, 26, 12, 11, 33, 14, 23, 34, 21, 8, 35, 38, 30, 22, 31, 29, 13, 36, 9, 32, 17, 20]
2026-04-28 06:34:23,288 - Round number: 52 --------------------------
2026-04-28 06:34:23,288 - Evaluate global model
2026-04-28 06:34:24,223 - Averaged Train Loss: 1.4764
2026-04-28 06:34:24,223 - Test Accurancy: 0.4735
2026-04-28 06:34:27,048 - Multi-krum select clients: [1, 2, 3, 4, 5, 6, 7, 0, 24, 28, 26, 12, 11, 33, 8, 23, 22, 21, 38, 31, 14, 13, 35, 36, 30, 32, 29, 34, 9, 17, 20]
2026-04-28 06:34:27,057 - Round number: 53 --------------------------
2026-04-28 06:34:27,057 - Evaluate global model
2026-04-28 06:34:28,036 - Averaged Train Loss: 1.4759
2026-04-28 06:34:28,037 - Test Accurancy: 0.4746
2026-04-28 06:34:30,765 - Multi-krum select clients: [1, 2, 3, 4, 5, 6, 7, 0, 28, 24, 26, 11, 12, 33, 8, 23, 22, 13, 35, 34, 38, 21, 31, 30, 29, 36, 32, 14, 9, 20, 17]
2026-04-28 06:34:30,773 - Round number: 54 --------------------------
2026-04-28 06:34:30,774 - Evaluate global model
2026-04-28 06:34:31,674 - Averaged Train Loss: 1.4657
2026-04-28 06:34:31,674 - Test Accurancy: 0.4782
2026-04-28 06:34:34,403 - Multi-krum select clients: [1, 2, 3, 4, 5, 6, 7, 0, 24, 28, 26, 12, 11, 33, 8, 23, 31, 21, 14, 13, 35, 34, 38, 30, 36, 22, 29, 9, 32, 17, 20]
2026-04-28 06:34:34,412 - Round number: 55 --------------------------
2026-04-28 06:34:34,412 - Evaluate global model
2026-04-28 06:34:35,336 - Averaged Train Loss: 1.4559
2026-04-28 06:34:35,336 - Test Accurancy: 0.4820
2026-04-28 06:34:38,249 - Multi-krum select clients: [1, 2, 3, 4, 5, 6, 7, 0, 24, 28, 12, 11, 26, 33, 8, 22, 23, 30, 14, 21, 13, 31, 35, 29, 38, 34, 32, 9, 36, 17, 20]
2026-04-28 06:34:38,258 - Round number: 56 --------------------------
2026-04-28 06:34:38,259 - Evaluate global model
2026-04-28 06:34:39,190 - Averaged Train Loss: 1.4552
2026-04-28 06:34:39,190 - Test Accurancy: 0.4801
2026-04-28 06:34:42,135 - Multi-krum select clients: [1, 2, 3, 4, 5, 6, 7, 0, 24, 28, 12, 26, 11, 33, 8, 22, 23, 21, 13, 30, 34, 29, 31, 14, 35, 36, 38, 9, 32, 20, 17]
2026-04-28 06:34:42,146 - Round number: 57 --------------------------
2026-04-28 06:34:42,146 - Evaluate global model
2026-04-28 06:34:43,190 - Averaged Train Loss: 1.4524
2026-04-28 06:34:43,190 - Test Accurancy: 0.4838
2026-04-28 06:34:46,241 - Multi-krum select clients: [1, 2, 3, 4, 5, 6, 7, 0, 24, 28, 12, 26, 11, 8, 33, 22, 34, 29, 14, 23, 21, 30, 35, 38, 36, 31, 13, 9, 32, 17, 20]
2026-04-28 06:34:46,250 - Round number: 58 --------------------------
2026-04-28 06:34:46,250 - Evaluate global model
2026-04-28 06:34:47,191 - Averaged Train Loss: 1.4545
2026-04-28 06:34:47,192 - Test Accurancy: 0.4832
2026-04-28 06:34:50,225 - Multi-krum select clients: [1, 2, 3, 4, 5, 6, 7, 0, 24, 28, 12, 26, 11, 33, 22, 23, 31, 8, 21, 34, 13, 30, 14, 35, 38, 32, 29, 36, 9, 17, 20]
2026-04-28 06:34:50,233 - Round number: 59 --------------------------
2026-04-28 06:34:50,233 - Evaluate global model
2026-04-28 06:34:51,172 - Averaged Train Loss: 1.4460
2026-04-28 06:34:51,172 - Test Accurancy: 0.4852
2026-04-28 06:34:54,165 - Multi-krum select clients: [1, 2, 3, 4, 5, 6, 7, 0, 24, 28, 26, 12, 11, 33, 8, 23, 22, 21, 29, 30, 14, 34, 35, 38, 13, 31, 32, 9, 36, 17, 20]
2026-04-28 06:34:54,174 - Round number: 60 --------------------------
2026-04-28 06:34:54,174 - Evaluate global model
2026-04-28 06:34:55,092 - Averaged Train Loss: 1.4391
2026-04-28 06:34:55,092 - Test Accurancy: 0.4869
2026-04-28 06:34:57,843 - Multi-krum select clients: [1, 2, 3, 4, 5, 6, 7, 0, 28, 24, 26, 12, 11, 33, 22, 13, 8, 21, 29, 23, 34, 35, 31, 38, 30, 14, 36, 32, 9, 17, 20]
2026-04-28 06:34:57,851 - Round number: 61 --------------------------
2026-04-28 06:34:57,851 - Evaluate global model
2026-04-28 06:34:58,749 - Averaged Train Loss: 1.4298
2026-04-28 06:34:58,750 - Test Accurancy: 0.4890
2026-04-28 06:35:01,692 - Multi-krum select clients: [1, 2, 3, 4, 5, 6, 7, 0, 24, 28, 26, 12, 11, 23, 33, 22, 8, 29, 31, 21, 30, 14, 34, 13, 9, 32, 35, 36, 38, 20, 17]
2026-04-28 06:35:01,700 - Round number: 62 --------------------------
2026-04-28 06:35:01,700 - Evaluate global model
2026-04-28 06:35:02,580 - Averaged Train Loss: 1.4259
2026-04-28 06:35:02,580 - Test Accurancy: 0.4926
2026-04-28 06:35:05,447 - Multi-krum select clients: [1, 2, 3, 4, 5, 6, 7, 0, 24, 28, 26, 11, 12, 8, 33, 23, 13, 22, 31, 29, 21, 14, 30, 34, 9, 36, 32, 38, 35, 17, 20]
2026-04-28 06:35:05,455 - Round number: 63 --------------------------
2026-04-28 06:35:05,455 - Evaluate global model
2026-04-28 06:35:06,424 - Averaged Train Loss: 1.4296
2026-04-28 06:35:06,425 - Test Accurancy: 0.4912
2026-04-28 06:35:09,139 - Multi-krum select clients: [1, 2, 3, 4, 5, 6, 7, 0, 24, 28, 26, 12, 11, 33, 23, 22, 8, 31, 21, 30, 29, 14, 34, 38, 35, 13, 36, 9, 32, 17, 20]
2026-04-28 06:35:09,148 - Round number: 64 --------------------------
2026-04-28 06:35:09,148 - Evaluate global model
2026-04-28 06:35:10,031 - Averaged Train Loss: 1.4226
2026-04-28 06:35:10,031 - Test Accurancy: 0.4937
2026-04-28 06:35:12,786 - Multi-krum select clients: [1, 2, 3, 4, 5, 6, 7, 0, 24, 28, 26, 11, 12, 23, 33, 22, 14, 21, 29, 30, 31, 34, 8, 35, 38, 9, 13, 36, 32, 20, 17]
2026-04-28 06:35:12,795 - Round number: 65 --------------------------
2026-04-28 06:35:12,795 - Evaluate global model
2026-04-28 06:35:13,729 - Averaged Train Loss: 1.4180
2026-04-28 06:35:13,730 - Test Accurancy: 0.4933
2026-04-28 06:35:16,555 - Multi-krum select clients: [1, 2, 3, 4, 5, 6, 7, 0, 24, 28, 12, 26, 11, 8, 33, 23, 22, 38, 34, 31, 14, 30, 29, 21, 35, 13, 32, 36, 9, 20, 17]
2026-04-28 06:35:16,565 - Round number: 66 --------------------------
2026-04-28 06:35:16,565 - Evaluate global model
2026-04-28 06:35:17,638 - Averaged Train Loss: 1.4258
2026-04-28 06:35:17,638 - Test Accurancy: 0.4918
2026-04-28 06:35:20,384 - Multi-krum select clients: [1, 2, 3, 4, 5, 6, 7, 0, 24, 28, 12, 26, 11, 33, 8, 22, 35, 31, 21, 38, 14, 23, 34, 30, 29, 13, 32, 9, 36, 17, 20]
2026-04-28 06:35:20,392 - Round number: 67 --------------------------
2026-04-28 06:35:20,392 - Evaluate global model
2026-04-28 06:35:21,338 - Averaged Train Loss: 1.4160
2026-04-28 06:35:21,338 - Test Accurancy: 0.4960
2026-04-28 06:35:24,444 - Multi-krum select clients: [1, 2, 3, 4, 5, 6, 7, 0, 24, 28, 26, 12, 11, 33, 22, 8, 23, 35, 34, 14, 38, 30, 13, 29, 32, 31, 21, 36, 9, 17, 20]
2026-04-28 06:35:24,453 - Round number: 68 --------------------------
2026-04-28 06:35:24,453 - Evaluate global model
2026-04-28 06:35:25,378 - Averaged Train Loss: 1.4169
2026-04-28 06:35:25,378 - Test Accurancy: 0.4958
2026-04-28 06:35:28,288 - Multi-krum select clients: [1, 2, 3, 4, 5, 6, 7, 0, 24, 28, 12, 26, 11, 33, 21, 31, 22, 8, 14, 13, 23, 35, 30, 34, 38, 29, 9, 36, 32, 17, 20]
2026-04-28 06:35:28,297 - Round number: 69 --------------------------
2026-04-28 06:35:28,297 - Evaluate global model
2026-04-28 06:35:29,364 - Averaged Train Loss: 1.4076
2026-04-28 06:35:29,365 - Test Accurancy: 0.4980
2026-04-28 06:35:33,241 - Multi-krum select clients: [1, 2, 3, 4, 5, 6, 7, 0, 24, 28, 26, 12, 11, 33, 22, 31, 8, 23, 30, 21, 29, 13, 34, 14, 35, 38, 36, 32, 9, 17, 20]
2026-04-28 06:35:33,250 - Round number: 70 --------------------------
2026-04-28 06:35:33,250 - Evaluate global model
2026-04-28 06:35:35,227 - Averaged Train Loss: 1.4062
2026-04-28 06:35:35,228 - Test Accurancy: 0.4971
2026-04-28 06:35:38,766 - Multi-krum select clients: [1, 2, 3, 4, 5, 6, 7, 0, 24, 28, 26, 12, 11, 33, 8, 22, 31, 23, 21, 13, 29, 34, 14, 38, 35, 32, 30, 36, 9, 17, 20]
2026-04-28 06:35:38,782 - Round number: 71 --------------------------
2026-04-28 06:35:38,782 - Evaluate global model
2026-04-28 06:35:40,607 - Averaged Train Loss: 1.4031
2026-04-28 06:35:40,608 - Test Accurancy: 0.4979
2026-04-28 06:35:44,890 - Multi-krum select clients: [1, 2, 3, 4, 5, 6, 7, 0, 24, 28, 26, 11, 12, 33, 8, 13, 23, 21, 31, 22, 14, 34, 30, 36, 35, 29, 38, 32, 9, 17, 20]
2026-04-28 06:35:44,901 - Round number: 72 --------------------------
2026-04-28 06:35:44,901 - Evaluate global model
2026-04-28 06:35:46,938 - Averaged Train Loss: 1.3928
2026-04-28 06:35:46,938 - Test Accurancy: 0.5001
2026-04-28 06:35:50,551 - Multi-krum select clients: [1, 2, 3, 4, 5, 6, 7, 0, 24, 28, 26, 12, 11, 33, 22, 23, 8, 31, 34, 21, 35, 13, 30, 38, 29, 14, 36, 32, 9, 20, 17]
2026-04-28 06:35:50,560 - Round number: 73 --------------------------
2026-04-28 06:35:50,560 - Evaluate global model
2026-04-28 06:35:52,342 - Averaged Train Loss: 1.3937
2026-04-28 06:35:52,342 - Test Accurancy: 0.5030
2026-04-28 06:35:55,765 - Multi-krum select clients: [1, 2, 3, 4, 5, 6, 7, 0, 24, 28, 26, 11, 12, 33, 8, 23, 22, 31, 34, 21, 35, 38, 13, 14, 29, 30, 32, 36, 9, 17, 20]
2026-04-28 06:35:55,774 - Round number: 74 --------------------------
2026-04-28 06:35:55,774 - Evaluate global model
2026-04-28 06:35:57,387 - Averaged Train Loss: 1.3934
2026-04-28 06:35:57,387 - Test Accurancy: 0.5026
2026-04-28 06:36:00,929 - Multi-krum select clients: [1, 2, 3, 4, 5, 6, 7, 0, 24, 28, 12, 11, 26, 33, 23, 8, 34, 21, 30, 14, 22, 31, 35, 38, 29, 13, 32, 36, 9, 20, 17]
2026-04-28 06:36:00,938 - Round number: 75 --------------------------
2026-04-28 06:36:00,938 - Evaluate global model
2026-04-28 06:36:02,686 - Averaged Train Loss: 1.3880
2026-04-28 06:36:02,686 - Test Accurancy: 0.5036
2026-04-28 06:36:06,179 - Multi-krum select clients: [1, 2, 3, 4, 5, 6, 7, 0, 24, 28, 26, 12, 11, 23, 33, 8, 21, 34, 22, 31, 29, 32, 14, 30, 13, 38, 36, 9, 35, 17, 20]
2026-04-28 06:36:06,188 - Round number: 76 --------------------------
2026-04-28 06:36:06,188 - Evaluate global model
2026-04-28 06:36:08,075 - Averaged Train Loss: 1.3862
2026-04-28 06:36:08,077 - Test Accurancy: 0.5039
2026-04-28 06:36:12,107 - Multi-krum select clients: [1, 2, 3, 4, 5, 6, 7, 0, 24, 28, 12, 26, 11, 33, 22, 8, 23, 21, 31, 14, 13, 30, 34, 38, 32, 29, 35, 9, 36, 17, 20]
2026-04-28 06:36:12,121 - Round number: 77 --------------------------
2026-04-28 06:36:12,121 - Evaluate global model
2026-04-28 06:36:14,128 - Averaged Train Loss: 1.3816
2026-04-28 06:36:14,128 - Test Accurancy: 0.5065
2026-04-28 06:36:17,566 - Multi-krum select clients: [1, 0, 7, 6, 5, 4, 3, 2, 24, 28, 11, 26, 12, 33, 22, 23, 31, 8, 21, 29, 14, 13, 35, 34, 30, 36, 38, 32, 9, 20, 17]
2026-04-28 06:36:17,575 - Round number: 78 --------------------------
2026-04-28 06:36:17,575 - Evaluate global model
2026-04-28 06:36:19,194 - Averaged Train Loss: 1.3856
2026-04-28 06:36:19,194 - Test Accurancy: 0.5026
2026-04-28 06:36:22,690 - Multi-krum select clients: [1, 2, 3, 4, 5, 6, 7, 0, 28, 24, 12, 26, 11, 8, 33, 21, 31, 35, 23, 22, 13, 34, 14, 29, 38, 30, 36, 32, 9, 17, 20]
2026-04-28 06:36:22,702 - Round number: 79 --------------------------
2026-04-28 06:36:22,702 - Evaluate global model
2026-04-28 06:36:24,282 - Averaged Train Loss: 1.3730
2026-04-28 06:36:24,282 - Test Accurancy: 0.5066
2026-04-28 06:36:27,903 - Multi-krum select clients: [1, 2, 3, 4, 5, 6, 7, 0, 24, 28, 12, 26, 11, 33, 23, 8, 22, 14, 31, 29, 13, 34, 21, 30, 35, 36, 38, 32, 9, 17, 20]
2026-04-28 06:36:27,911 - Round number: 80 --------------------------
2026-04-28 06:36:27,911 - Evaluate global model
2026-04-28 06:36:29,502 - Averaged Train Loss: 1.3790
2026-04-28 06:36:29,502 - Test Accurancy: 0.5066
2026-04-28 06:36:33,255 - Multi-krum select clients: [1, 2, 3, 4, 5, 6, 7, 0, 24, 28, 26, 12, 11, 23, 22, 33, 31, 34, 13, 21, 30, 8, 14, 38, 29, 35, 36, 32, 9, 20, 17]
2026-04-28 06:36:33,266 - Round number: 81 --------------------------
2026-04-28 06:36:33,266 - Evaluate global model
2026-04-28 06:36:34,839 - Averaged Train Loss: 1.3724
2026-04-28 06:36:34,840 - Test Accurancy: 0.5066
2026-04-28 06:36:39,135 - Multi-krum select clients: [1, 2, 3, 4, 5, 6, 7, 0, 24, 28, 26, 11, 12, 33, 8, 22, 34, 23, 21, 30, 13, 31, 38, 35, 29, 14, 32, 9, 36, 17, 20]
2026-04-28 06:36:39,145 - Round number: 82 --------------------------
2026-04-28 06:36:39,145 - Evaluate global model
2026-04-28 06:36:40,858 - Averaged Train Loss: 1.3664
2026-04-28 06:36:40,858 - Test Accurancy: 0.5095
2026-04-28 06:36:44,820 - Multi-krum select clients: [1, 2, 3, 4, 5, 6, 7, 0, 28, 24, 12, 26, 11, 33, 23, 34, 8, 14, 21, 30, 38, 31, 35, 22, 13, 29, 32, 36, 9, 17, 20]
2026-04-28 06:36:44,829 - Round number: 83 --------------------------
2026-04-28 06:36:44,829 - Evaluate global model
2026-04-28 06:36:46,071 - Averaged Train Loss: 1.3655
2026-04-28 06:36:46,071 - Test Accurancy: 0.5104
2026-04-28 06:36:50,056 - Multi-krum select clients: [1, 2, 3, 4, 5, 6, 7, 0, 24, 28, 26, 11, 12, 33, 8, 14, 31, 13, 34, 23, 30, 22, 21, 38, 29, 36, 35, 32, 9, 20, 17]
2026-04-28 06:36:50,065 - Round number: 84 --------------------------
2026-04-28 06:36:50,065 - Evaluate global model
2026-04-28 06:36:51,248 - Averaged Train Loss: 1.3654
2026-04-28 06:36:51,248 - Test Accurancy: 0.5107
2026-04-28 06:36:55,296 - Multi-krum select clients: [1, 0, 7, 6, 5, 4, 3, 2, 24, 28, 26, 12, 11, 33, 8, 21, 31, 34, 14, 30, 29, 38, 23, 22, 13, 32, 35, 9, 36, 20, 17]
2026-04-28 06:36:55,304 - Round number: 85 --------------------------
2026-04-28 06:36:55,305 - Evaluate global model
2026-04-28 06:36:56,566 - Averaged Train Loss: 1.3651
2026-04-28 06:36:56,566 - Test Accurancy: 0.5109
2026-04-28 06:37:00,694 - Multi-krum select clients: [1, 2, 3, 4, 5, 6, 7, 0, 24, 28, 26, 12, 11, 33, 22, 23, 8, 31, 21, 34, 14, 38, 13, 36, 30, 35, 29, 32, 9, 17, 20]
2026-04-28 06:37:00,703 - Round number: 86 --------------------------
2026-04-28 06:37:00,703 - Evaluate global model
2026-04-28 06:37:01,834 - Averaged Train Loss: 1.3613
2026-04-28 06:37:01,834 - Test Accurancy: 0.5118
2026-04-28 06:37:06,165 - Multi-krum select clients: [1, 2, 3, 4, 5, 6, 7, 0, 24, 28, 26, 12, 11, 33, 23, 8, 14, 31, 34, 30, 22, 13, 21, 29, 38, 35, 9, 32, 36, 17, 20]
2026-04-28 06:37:06,175 - Round number: 87 --------------------------
2026-04-28 06:37:06,175 - Evaluate global model
2026-04-28 06:37:07,399 - Averaged Train Loss: 1.3615
2026-04-28 06:37:07,399 - Test Accurancy: 0.5116
2026-04-28 06:37:11,924 - Multi-krum select clients: [1, 2, 3, 4, 5, 6, 7, 0, 24, 28, 12, 26, 11, 33, 22, 23, 8, 14, 34, 30, 21, 35, 31, 13, 38, 29, 36, 9, 32, 17, 20]
2026-04-28 06:37:11,936 - Round number: 88 --------------------------
2026-04-28 06:37:11,936 - Evaluate global model
2026-04-28 06:37:13,252 - Averaged Train Loss: 1.3606
2026-04-28 06:37:13,252 - Test Accurancy: 0.5128
2026-04-28 06:37:17,567 - Multi-krum select clients: [1, 2, 3, 4, 5, 6, 7, 0, 24, 28, 12, 26, 11, 33, 31, 8, 23, 22, 34, 21, 14, 30, 13, 38, 29, 35, 32, 36, 9, 20, 17]
2026-04-28 06:37:17,576 - Round number: 89 --------------------------
2026-04-28 06:37:17,576 - Evaluate global model
2026-04-28 06:37:18,712 - Averaged Train Loss: 1.3515
2026-04-28 06:37:18,712 - Test Accurancy: 0.5141
2026-04-28 06:37:22,926 - Multi-krum select clients: [1, 2, 3, 4, 5, 6, 7, 0, 28, 24, 26, 12, 11, 33, 8, 22, 23, 34, 31, 21, 38, 29, 14, 30, 13, 36, 35, 9, 32, 20, 17]
2026-04-28 06:37:22,936 - Round number: 90 --------------------------
2026-04-28 06:37:22,936 - Evaluate global model
2026-04-28 06:37:24,002 - Averaged Train Loss: 1.3490
2026-04-28 06:37:24,002 - Test Accurancy: 0.5150
2026-04-28 06:37:28,265 - Multi-krum select clients: [1, 2, 3, 4, 5, 6, 7, 0, 24, 28, 12, 26, 11, 23, 33, 21, 34, 13, 8, 30, 31, 14, 38, 22, 35, 36, 32, 9, 29, 17, 20]
2026-04-28 06:37:28,274 - Round number: 91 --------------------------
2026-04-28 06:37:28,275 - Evaluate global model
2026-04-28 06:37:29,338 - Averaged Train Loss: 1.3502
2026-04-28 06:37:29,338 - Test Accurancy: 0.5159
2026-04-28 06:37:33,571 - Multi-krum select clients: [1, 2, 3, 4, 5, 6, 7, 0, 24, 28, 26, 12, 11, 22, 33, 23, 31, 8, 34, 13, 21, 14, 30, 38, 29, 32, 35, 36, 9, 20, 17]
2026-04-28 06:37:33,580 - Round number: 92 --------------------------
2026-04-28 06:37:33,580 - Evaluate global model
2026-04-28 06:37:34,791 - Averaged Train Loss: 1.3467
2026-04-28 06:37:34,791 - Test Accurancy: 0.5161
2026-04-28 06:37:39,020 - Multi-krum select clients: [1, 2, 3, 4, 5, 6, 7, 0, 24, 28, 26, 12, 11, 33, 22, 23, 8, 31, 34, 30, 21, 14, 35, 38, 36, 29, 13, 32, 9, 20, 17]
2026-04-28 06:37:39,034 - Round number: 93 --------------------------
2026-04-28 06:37:39,034 - Evaluate global model
2026-04-28 06:37:40,286 - Averaged Train Loss: 1.3460
2026-04-28 06:37:40,286 - Test Accurancy: 0.5162
2026-04-28 06:37:44,614 - Multi-krum select clients: [1, 2, 3, 4, 5, 6, 7, 0, 24, 28, 12, 26, 11, 33, 23, 8, 22, 34, 30, 13, 14, 21, 31, 38, 29, 35, 32, 9, 36, 17, 20]
2026-04-28 06:37:44,623 - Round number: 94 --------------------------
2026-04-28 06:37:44,623 - Evaluate global model
2026-04-28 06:37:45,773 - Averaged Train Loss: 1.3432
2026-04-28 06:37:45,773 - Test Accurancy: 0.5192
2026-04-28 06:37:50,211 - Multi-krum select clients: [1, 2, 3, 4, 5, 6, 7, 0, 24, 28, 26, 12, 11, 33, 31, 23, 8, 34, 22, 14, 13, 35, 21, 30, 29, 38, 36, 32, 9, 20, 17]
2026-04-28 06:37:50,222 - Round number: 95 --------------------------
2026-04-28 06:37:50,222 - Evaluate global model
2026-04-28 06:37:51,985 - Averaged Train Loss: 1.3437
2026-04-28 06:37:51,985 - Test Accurancy: 0.5186
2026-04-28 06:37:56,206 - Multi-krum select clients: [1, 2, 3, 4, 5, 6, 7, 0, 24, 28, 26, 12, 11, 23, 33, 8, 31, 34, 22, 38, 13, 30, 21, 29, 14, 35, 36, 32, 9, 20, 17]
2026-04-28 06:37:56,215 - Round number: 96 --------------------------
2026-04-28 06:37:56,215 - Evaluate global model
2026-04-28 06:37:57,330 - Averaged Train Loss: 1.3364
2026-04-28 06:37:57,330 - Test Accurancy: 0.5193
2026-04-28 06:38:01,541 - Multi-krum select clients: [1, 2, 3, 4, 5, 6, 7, 0, 24, 28, 26, 12, 11, 33, 23, 34, 31, 8, 22, 30, 21, 14, 13, 38, 29, 35, 32, 36, 9, 17, 20]
2026-04-28 06:38:01,549 - Round number: 97 --------------------------
2026-04-28 06:38:01,549 - Evaluate global model
2026-04-28 06:38:02,641 - Averaged Train Loss: 1.3324
2026-04-28 06:38:02,641 - Test Accurancy: 0.5211
2026-04-28 06:38:06,832 - Multi-krum select clients: [1, 2, 3, 4, 5, 6, 7, 0, 24, 28, 12, 26, 11, 22, 33, 34, 23, 31, 21, 14, 8, 30, 35, 13, 29, 9, 36, 32, 38, 17, 20]
2026-04-28 06:38:06,841 - Round number: 98 --------------------------
2026-04-28 06:38:06,841 - Evaluate global model
2026-04-28 06:38:07,887 - Averaged Train Loss: 1.3307
2026-04-28 06:38:07,887 - Test Accurancy: 0.5214
2026-04-28 06:38:12,094 - Multi-krum select clients: [1, 0, 7, 6, 5, 4, 3, 2, 24, 28, 26, 12, 11, 33, 23, 34, 22, 31, 8, 21, 30, 13, 14, 29, 38, 35, 36, 32, 9, 17, 20]
2026-04-28 06:38:12,102 - Round number: 99 --------------------------
2026-04-28 06:38:12,102 - Evaluate global model
2026-04-28 06:38:13,157 - Averaged Train Loss: 1.3281
2026-04-28 06:38:13,157 - Test Accurancy: 0.5218
2026-04-28 06:38:17,339 - Multi-krum select clients: [1, 2, 3, 4, 5, 6, 7, 0, 24, 28, 12, 26, 11, 33, 34, 23, 8, 31, 22, 29, 35, 38, 21, 14, 30, 36, 13, 32, 9, 17, 20]
2026-04-28 06:38:17,348 - Round number: 100 --------------------------
2026-04-28 06:38:17,348 - Evaluate global model
2026-04-28 06:38:18,380 - Averaged Train Loss: 1.3291
2026-04-28 06:38:18,380 - Test Accurancy: 0.5226
2026-04-28 06:38:22,570 - Multi-krum select clients: [1, 2, 3, 4, 5, 6, 7, 0, 24, 28, 26, 12, 11, 33, 8, 23, 30, 22, 14, 31, 34, 29, 38, 21, 13, 35, 36, 9, 32, 17, 20]
2026-04-28 06:38:22,571 - Run over
2026-04-28 06:38:22,571 - Saving results to ./exp/exp4/Cifar10/multi-krum_CAMP_clipping_v8.h5
2026-04-28 06:38:22,579 - Best accuracy: 0.5226107226107226
2026-04-28 06:38:22,580 - Average time cost per round: 4.321197862625122
