2025-12-18 05:47:54,905 - *****************EXP-4*****************
2025-12-18 05:47:54,905 - Exp repeats: 1
2025-12-18 05:47:54,905 - Communication Rounds: 100
2025-12-18 05:47:54,906 - Clients: 40

2025-12-18 05:47:54,906 - Attack method: LIE
2025-12-18 05:47:54,906 - Filtering rule: multi-krum
2025-12-18 05:47:54,906 - Dataset: Cifar10
2025-12-18 05:47:54,906 - Model: cnn2
2025-12-18 05:47:54,906 - Learning Rate: 0.04
2025-12-18 05:47:54,906 - Batch Size: 64
2025-12-18 05:47:54,906 - Device: cuda
2025-12-18 05:47:54,906 - Device id: 0
2025-12-18 05:47:54,906 - Adversaries: 8
2025-12-18 05:47:54,906 - Model Poisoning: A Little Is Enough attack
2025-12-18 05:47:54,906 - *****************EXP-4*****************
2025-12-18 05:47:55,090 - Running time: 0th ==========================
2025-12-18 05:47:58,473 - Round number: 0 --------------------------
2025-12-18 05:47:58,473 - Evaluate global model
2025-12-18 05:48:00,914 - Averaged Train Loss: 2.3046
2025-12-18 05:48:00,915 - Test Accurancy: 0.0977
2025-12-18 05:48:10,720 - Multi-krum select clients: [1, 2, 3, 4, 5, 6, 7, 0, 26, 28, 8, 24, 33, 34, 22, 11, 29, 38, 14, 36, 21, 35, 31, 12, 17, 9, 23, 20, 10, 13, 39]
2025-12-18 05:48:10,729 - Round number: 1 --------------------------
2025-12-18 05:48:10,729 - Evaluate global model
2025-12-18 05:48:13,437 - Averaged Train Loss: 2.2764
2025-12-18 05:48:13,437 - Test Accurancy: 0.1560
2025-12-18 05:48:22,747 - Multi-krum select clients: [1, 2, 3, 4, 5, 6, 7, 0, 8, 28, 26, 12, 36, 22, 33, 31, 21, 29, 38, 34, 24, 14, 11, 35, 20, 13, 9, 39, 17, 23, 37]
2025-12-18 05:48:22,756 - Round number: 2 --------------------------
2025-12-18 05:48:22,756 - Evaluate global model
2025-12-18 05:48:26,393 - Averaged Train Loss: 2.1538
2025-12-18 05:48:26,393 - Test Accurancy: 0.2176
2025-12-18 05:48:34,486 - Multi-krum select clients: [1, 2, 3, 4, 5, 6, 7, 0, 8, 28, 29, 12, 36, 31, 24, 26, 33, 11, 38, 21, 22, 34, 14, 13, 35, 9, 39, 30, 23, 10, 20]
2025-12-18 05:48:34,495 - Round number: 3 --------------------------
2025-12-18 05:48:34,496 - Evaluate global model
2025-12-18 05:48:39,145 - Averaged Train Loss: 2.0497
2025-12-18 05:48:39,145 - Test Accurancy: 0.2576
2025-12-18 05:48:46,432 - Multi-krum select clients: [1, 2, 3, 4, 5, 6, 7, 0, 28, 8, 26, 33, 22, 24, 12, 31, 36, 13, 34, 14, 11, 38, 9, 21, 35, 29, 23, 20, 39, 10, 37]
2025-12-18 05:48:46,442 - Round number: 4 --------------------------
2025-12-18 05:48:46,442 - Evaluate global model
2025-12-18 05:48:51,343 - Averaged Train Loss: 1.9911
2025-12-18 05:48:51,343 - Test Accurancy: 0.2794
2025-12-18 05:48:58,256 - Multi-krum select clients: [1, 2, 3, 4, 5, 6, 7, 0, 28, 26, 24, 11, 29, 12, 33, 8, 36, 31, 21, 22, 38, 34, 9, 14, 13, 39, 35, 10, 23, 20, 18]
2025-12-18 05:48:58,265 - Round number: 5 --------------------------
2025-12-18 05:48:58,265 - Evaluate global model
2025-12-18 05:49:03,184 - Averaged Train Loss: 1.9165
2025-12-18 05:49:03,185 - Test Accurancy: 0.3140
2025-12-18 05:49:11,025 - Multi-krum select clients: [1, 2, 3, 4, 5, 6, 7, 0, 28, 26, 8, 33, 12, 11, 29, 36, 31, 24, 14, 21, 22, 34, 13, 38, 35, 9, 39, 23, 20, 10, 37]
2025-12-18 05:49:11,035 - Round number: 6 --------------------------
2025-12-18 05:49:11,035 - Evaluate global model
2025-12-18 05:49:14,565 - Averaged Train Loss: 1.9033
2025-12-18 05:49:14,565 - Test Accurancy: 0.3111
2025-12-18 05:49:23,618 - Multi-krum select clients: [1, 2, 3, 4, 5, 6, 7, 0, 28, 24, 26, 8, 33, 12, 22, 11, 29, 36, 31, 14, 34, 21, 13, 9, 35, 38, 23, 39, 17, 20, 37]
2025-12-18 05:49:23,628 - Round number: 7 --------------------------
2025-12-18 05:49:23,628 - Evaluate global model
2025-12-18 05:49:25,923 - Averaged Train Loss: 1.8759
2025-12-18 05:49:25,923 - Test Accurancy: 0.3215
2025-12-18 05:49:35,570 - Multi-krum select clients: [1, 2, 3, 4, 5, 6, 7, 0, 28, 26, 12, 8, 24, 33, 22, 36, 11, 29, 31, 21, 13, 14, 34, 35, 23, 38, 20, 9, 37, 17, 39]
2025-12-18 05:49:35,579 - Round number: 8 --------------------------
2025-12-18 05:49:35,579 - Evaluate global model
2025-12-18 05:49:38,342 - Averaged Train Loss: 1.8419
2025-12-18 05:49:38,342 - Test Accurancy: 0.3381
2025-12-18 05:49:47,440 - Multi-krum select clients: [1, 2, 3, 4, 5, 6, 7, 0, 28, 24, 8, 33, 26, 12, 29, 11, 36, 22, 35, 21, 31, 14, 38, 34, 13, 23, 20, 9, 37, 17, 39]
2025-12-18 05:49:47,448 - Round number: 9 --------------------------
2025-12-18 05:49:47,448 - Evaluate global model
2025-12-18 05:49:51,119 - Averaged Train Loss: 1.8158
2025-12-18 05:49:51,119 - Test Accurancy: 0.3460
2025-12-18 05:49:59,154 - Multi-krum select clients: [1, 2, 3, 4, 5, 6, 7, 0, 26, 24, 28, 29, 33, 12, 8, 22, 31, 11, 36, 34, 35, 38, 21, 13, 14, 23, 9, 20, 39, 10, 37]
2025-12-18 05:49:59,163 - Round number: 10 --------------------------
2025-12-18 05:49:59,163 - Evaluate global model
2025-12-18 05:50:03,692 - Averaged Train Loss: 1.7553
2025-12-18 05:50:03,692 - Test Accurancy: 0.3698
2025-12-18 05:50:11,298 - Multi-krum select clients: [1, 2, 3, 4, 5, 6, 7, 0, 28, 8, 33, 29, 26, 24, 12, 22, 21, 36, 11, 34, 31, 14, 38, 23, 35, 9, 17, 39, 20, 10, 37]
2025-12-18 05:50:11,307 - Round number: 11 --------------------------
2025-12-18 05:50:11,307 - Evaluate global model
2025-12-18 05:50:16,324 - Averaged Train Loss: 1.7285
2025-12-18 05:50:16,324 - Test Accurancy: 0.3859
2025-12-18 05:50:23,291 - Multi-krum select clients: [1, 2, 3, 4, 5, 6, 7, 0, 28, 24, 26, 8, 29, 12, 33, 13, 22, 36, 21, 14, 34, 31, 38, 11, 23, 35, 9, 20, 39, 10, 17]
2025-12-18 05:50:23,301 - Round number: 12 --------------------------
2025-12-18 05:50:23,301 - Evaluate global model
2025-12-18 05:50:28,057 - Averaged Train Loss: 1.6961
2025-12-18 05:50:28,057 - Test Accurancy: 0.3947
2025-12-18 05:50:35,934 - Multi-krum select clients: [1, 2, 3, 4, 5, 6, 7, 0, 28, 24, 26, 33, 8, 12, 11, 21, 13, 22, 29, 36, 35, 31, 34, 9, 14, 23, 38, 37, 10, 17, 20]
2025-12-18 05:50:35,943 - Round number: 13 --------------------------
2025-12-18 05:50:35,943 - Evaluate global model
2025-12-18 05:50:39,414 - Averaged Train Loss: 1.6933
2025-12-18 05:50:39,414 - Test Accurancy: 0.3914
2025-12-18 05:50:48,491 - Multi-krum select clients: [1, 2, 3, 4, 5, 6, 7, 0, 28, 24, 26, 12, 33, 29, 11, 8, 13, 22, 35, 21, 34, 14, 36, 38, 31, 9, 17, 23, 37, 10, 20]
2025-12-18 05:50:48,500 - Round number: 14 --------------------------
2025-12-18 05:50:48,500 - Evaluate global model
2025-12-18 05:50:50,832 - Averaged Train Loss: 1.6600
2025-12-18 05:50:50,832 - Test Accurancy: 0.4060
2025-12-18 05:51:00,430 - Multi-krum select clients: [1, 2, 3, 4, 5, 6, 7, 0, 28, 24, 12, 29, 33, 26, 8, 22, 13, 34, 31, 35, 36, 21, 14, 11, 23, 38, 9, 20, 37, 17, 39]
2025-12-18 05:51:00,439 - Round number: 15 --------------------------
2025-12-18 05:51:00,439 - Evaluate global model
2025-12-18 05:51:03,309 - Averaged Train Loss: 1.6313
2025-12-18 05:51:03,309 - Test Accurancy: 0.4165
2025-12-18 05:51:12,265 - Multi-krum select clients: [1, 2, 3, 4, 5, 6, 7, 0, 24, 28, 8, 26, 33, 11, 29, 21, 12, 13, 22, 36, 14, 34, 35, 31, 23, 38, 20, 9, 17, 32, 37]
2025-12-18 05:51:12,274 - Round number: 16 --------------------------
2025-12-18 05:51:12,274 - Evaluate global model
2025-12-18 05:51:16,001 - Averaged Train Loss: 1.6267
2025-12-18 05:51:16,001 - Test Accurancy: 0.4178
2025-12-18 05:51:24,148 - Multi-krum select clients: [1, 2, 3, 4, 5, 6, 7, 0, 24, 28, 29, 11, 8, 12, 22, 34, 33, 13, 36, 35, 26, 31, 21, 23, 38, 14, 20, 9, 32, 17, 10]
2025-12-18 05:51:24,158 - Round number: 17 --------------------------
2025-12-18 05:51:24,158 - Evaluate global model
2025-12-18 05:51:28,711 - Averaged Train Loss: 1.5765
2025-12-18 05:51:28,711 - Test Accurancy: 0.4372
2025-12-18 05:51:36,240 - Multi-krum select clients: [1, 2, 3, 4, 5, 6, 7, 0, 24, 28, 12, 8, 11, 26, 33, 29, 22, 13, 34, 36, 35, 21, 23, 31, 14, 38, 9, 17, 32, 20, 18]
2025-12-18 05:51:36,249 - Round number: 18 --------------------------
2025-12-18 05:51:36,249 - Evaluate global model
2025-12-18 05:51:41,026 - Averaged Train Loss: 1.5550
2025-12-18 05:51:41,026 - Test Accurancy: 0.4451
2025-12-18 05:51:47,960 - Multi-krum select clients: [1, 2, 3, 4, 5, 6, 7, 0, 24, 28, 26, 12, 33, 8, 29, 22, 11, 13, 21, 35, 34, 36, 31, 23, 38, 14, 9, 32, 20, 30, 39]
2025-12-18 05:51:47,969 - Round number: 19 --------------------------
2025-12-18 05:51:47,969 - Evaluate global model
2025-12-18 05:51:52,682 - Averaged Train Loss: 1.5358
2025-12-18 05:51:52,682 - Test Accurancy: 0.4444
2025-12-18 05:52:00,144 - Multi-krum select clients: [1, 2, 3, 4, 5, 6, 7, 0, 24, 28, 26, 12, 11, 8, 33, 13, 29, 22, 21, 14, 31, 36, 35, 34, 23, 38, 32, 20, 9, 17, 37]
2025-12-18 05:52:00,153 - Round number: 20 --------------------------
2025-12-18 05:52:00,153 - Evaluate global model
2025-12-18 05:52:03,970 - Averaged Train Loss: 1.5557
2025-12-18 05:52:03,971 - Test Accurancy: 0.4418
2025-12-18 05:52:12,901 - Multi-krum select clients: [1, 2, 3, 4, 5, 6, 7, 0, 24, 28, 26, 12, 22, 11, 29, 8, 33, 13, 34, 36, 35, 23, 14, 38, 21, 31, 32, 9, 10, 20, 18]
2025-12-18 05:52:12,910 - Round number: 21 --------------------------
2025-12-18 05:52:12,910 - Evaluate global model
2025-12-18 05:52:15,588 - Averaged Train Loss: 1.4895
2025-12-18 05:52:15,589 - Test Accurancy: 0.4641
2025-12-18 05:52:24,969 - Multi-krum select clients: [1, 2, 3, 4, 5, 6, 7, 0, 24, 28, 26, 12, 8, 29, 11, 33, 22, 21, 13, 35, 23, 31, 36, 38, 14, 34, 9, 17, 32, 20, 37]
2025-12-18 05:52:24,978 - Round number: 22 --------------------------
2025-12-18 05:52:24,979 - Evaluate global model
2025-12-18 05:52:27,430 - Averaged Train Loss: 1.5089
2025-12-18 05:52:27,430 - Test Accurancy: 0.4537
2025-12-18 05:52:36,887 - Multi-krum select clients: [1, 2, 3, 4, 5, 6, 7, 0, 24, 28, 26, 11, 12, 8, 33, 29, 13, 22, 21, 34, 31, 23, 38, 36, 35, 14, 9, 20, 37, 17, 39]
2025-12-18 05:52:36,895 - Round number: 23 --------------------------
2025-12-18 05:52:36,896 - Evaluate global model
2025-12-18 05:52:40,183 - Averaged Train Loss: 1.4867
2025-12-18 05:52:40,183 - Test Accurancy: 0.4600
2025-12-18 05:52:48,612 - Multi-krum select clients: [1, 2, 3, 4, 5, 6, 7, 0, 24, 28, 12, 26, 11, 8, 33, 29, 34, 13, 35, 21, 22, 36, 23, 14, 38, 9, 32, 20, 17, 31, 30]
2025-12-18 05:52:48,621 - Round number: 24 --------------------------
2025-12-18 05:52:48,622 - Evaluate global model
2025-12-18 05:52:52,883 - Averaged Train Loss: 1.4964
2025-12-18 05:52:52,883 - Test Accurancy: 0.4615
2025-12-18 05:53:00,745 - Multi-krum select clients: [1, 2, 3, 4, 5, 6, 7, 0, 28, 24, 26, 11, 12, 29, 8, 35, 33, 22, 13, 34, 21, 23, 38, 31, 36, 14, 32, 9, 37, 20, 30]
2025-12-18 05:53:00,753 - Round number: 25 --------------------------
2025-12-18 05:53:00,754 - Evaluate global model
2025-12-18 05:53:05,739 - Averaged Train Loss: 1.4982
2025-12-18 05:53:05,739 - Test Accurancy: 0.4641
2025-12-18 05:53:13,161 - Multi-krum select clients: [1, 2, 3, 4, 5, 6, 7, 0, 24, 28, 26, 11, 12, 8, 29, 21, 34, 13, 22, 35, 38, 23, 33, 31, 36, 14, 32, 30, 20, 9, 18]
2025-12-18 05:53:13,170 - Round number: 26 --------------------------
2025-12-18 05:53:13,170 - Evaluate global model
2025-12-18 05:53:17,901 - Averaged Train Loss: 1.4462
2025-12-18 05:53:17,902 - Test Accurancy: 0.4756
2025-12-18 05:53:25,583 - Multi-krum select clients: [1, 2, 3, 4, 5, 6, 7, 0, 24, 28, 12, 26, 11, 29, 8, 22, 35, 34, 33, 21, 36, 23, 13, 14, 31, 38, 32, 20, 9, 30, 17]
2025-12-18 05:53:25,593 - Round number: 27 --------------------------
2025-12-18 05:53:25,593 - Evaluate global model
2025-12-18 05:53:29,267 - Averaged Train Loss: 1.4628
2025-12-18 05:53:29,267 - Test Accurancy: 0.4716
2025-12-18 05:53:38,104 - Multi-krum select clients: [1, 2, 3, 4, 5, 6, 7, 0, 24, 28, 11, 12, 26, 8, 29, 22, 35, 33, 34, 21, 13, 23, 14, 32, 36, 31, 38, 17, 20, 9, 30]
2025-12-18 05:53:38,113 - Round number: 28 --------------------------
2025-12-18 05:53:38,113 - Evaluate global model
2025-12-18 05:53:40,871 - Averaged Train Loss: 1.4556
2025-12-18 05:53:40,871 - Test Accurancy: 0.4775
2025-12-18 05:53:49,842 - Multi-krum select clients: [1, 2, 3, 4, 5, 6, 7, 0, 24, 28, 12, 11, 26, 29, 8, 33, 35, 13, 22, 34, 21, 23, 14, 38, 31, 32, 36, 20, 9, 30, 17]
2025-12-18 05:53:49,851 - Round number: 29 --------------------------
2025-12-18 05:53:49,851 - Evaluate global model
2025-12-18 05:53:53,167 - Averaged Train Loss: 1.4423
2025-12-18 05:53:53,167 - Test Accurancy: 0.4803
2025-12-18 05:54:01,554 - Multi-krum select clients: [1, 2, 3, 4, 5, 6, 7, 0, 24, 28, 26, 12, 22, 29, 8, 13, 35, 14, 21, 33, 34, 38, 11, 31, 23, 36, 20, 9, 32, 17, 10]
2025-12-18 05:54:01,563 - Round number: 30 --------------------------
2025-12-18 05:54:01,563 - Evaluate global model
2025-12-18 05:54:05,527 - Averaged Train Loss: 1.4105
2025-12-18 05:54:05,527 - Test Accurancy: 0.4900
2025-12-18 05:54:13,928 - Multi-krum select clients: [1, 2, 3, 4, 5, 6, 7, 0, 24, 28, 11, 26, 12, 8, 33, 29, 21, 34, 13, 22, 36, 38, 23, 14, 35, 32, 20, 31, 30, 9, 10]
2025-12-18 05:54:13,937 - Round number: 31 --------------------------
2025-12-18 05:54:13,937 - Evaluate global model
2025-12-18 05:54:18,348 - Averaged Train Loss: 1.4061
2025-12-18 05:54:18,348 - Test Accurancy: 0.4904
2025-12-18 05:54:26,094 - Multi-krum select clients: [1, 2, 3, 4, 5, 6, 7, 0, 24, 28, 26, 29, 8, 33, 12, 22, 21, 13, 35, 11, 34, 14, 38, 23, 31, 36, 9, 32, 10, 20, 17]
2025-12-18 05:54:26,103 - Round number: 32 --------------------------
2025-12-18 05:54:26,103 - Evaluate global model
2025-12-18 05:54:30,573 - Averaged Train Loss: 1.3936
2025-12-18 05:54:30,574 - Test Accurancy: 0.4968
2025-12-18 05:54:37,862 - Multi-krum select clients: [1, 2, 3, 4, 5, 6, 7, 0, 24, 28, 11, 26, 8, 13, 12, 29, 35, 33, 21, 22, 38, 34, 14, 23, 32, 36, 9, 31, 20, 10, 30]
2025-12-18 05:54:37,871 - Round number: 33 --------------------------
2025-12-18 05:54:37,871 - Evaluate global model
2025-12-18 05:54:42,304 - Averaged Train Loss: 1.3846
2025-12-18 05:54:42,304 - Test Accurancy: 0.4954
2025-12-18 05:54:50,021 - Multi-krum select clients: [1, 2, 3, 4, 5, 6, 7, 0, 24, 28, 26, 11, 12, 8, 13, 33, 29, 22, 34, 21, 23, 35, 32, 31, 36, 14, 38, 9, 30, 20, 17]
2025-12-18 05:54:50,030 - Round number: 34 --------------------------
2025-12-18 05:54:50,030 - Evaluate global model
2025-12-18 05:54:53,689 - Averaged Train Loss: 1.3884
2025-12-18 05:54:53,689 - Test Accurancy: 0.4990
2025-12-18 05:55:02,533 - Multi-krum select clients: [1, 2, 3, 4, 5, 6, 7, 0, 24, 28, 11, 26, 12, 8, 33, 29, 13, 21, 35, 34, 14, 31, 22, 23, 38, 36, 32, 9, 20, 10, 30]
2025-12-18 05:55:02,542 - Round number: 35 --------------------------
2025-12-18 05:55:02,542 - Evaluate global model
2025-12-18 05:55:05,246 - Averaged Train Loss: 1.3775
2025-12-18 05:55:05,247 - Test Accurancy: 0.4992
2025-12-18 05:55:14,273 - Multi-krum select clients: [1, 2, 3, 4, 5, 6, 7, 0, 24, 28, 11, 26, 12, 8, 29, 13, 33, 22, 21, 14, 35, 38, 23, 34, 32, 36, 31, 20, 9, 10, 30]
2025-12-18 05:55:14,282 - Round number: 36 --------------------------
2025-12-18 05:55:14,282 - Evaluate global model
2025-12-18 05:55:17,468 - Averaged Train Loss: 1.3595
2025-12-18 05:55:17,468 - Test Accurancy: 0.5071
2025-12-18 05:55:25,994 - Multi-krum select clients: [1, 2, 3, 4, 5, 6, 7, 0, 24, 28, 12, 11, 26, 8, 29, 22, 14, 21, 13, 33, 23, 32, 34, 35, 31, 38, 36, 17, 20, 9, 37]
2025-12-18 05:55:26,003 - Round number: 37 --------------------------
2025-12-18 05:55:26,003 - Evaluate global model
2025-12-18 05:55:29,871 - Averaged Train Loss: 1.3797
2025-12-18 05:55:29,871 - Test Accurancy: 0.5004
2025-12-18 05:55:38,278 - Multi-krum select clients: [1, 2, 3, 4, 5, 6, 7, 0, 24, 28, 26, 11, 12, 22, 8, 29, 21, 13, 33, 35, 34, 32, 38, 14, 23, 31, 36, 20, 9, 30, 10]
2025-12-18 05:55:38,287 - Round number: 38 --------------------------
2025-12-18 05:55:38,287 - Evaluate global model
2025-12-18 05:55:42,698 - Averaged Train Loss: 1.3426
2025-12-18 05:55:42,699 - Test Accurancy: 0.5132
2025-12-18 05:55:50,788 - Multi-krum select clients: [1, 2, 3, 4, 5, 6, 7, 0, 24, 28, 11, 26, 12, 29, 13, 33, 22, 8, 35, 34, 21, 23, 14, 38, 32, 36, 9, 31, 30, 17, 10]
2025-12-18 05:55:50,797 - Round number: 39 --------------------------
2025-12-18 05:55:50,797 - Evaluate global model
2025-12-18 05:55:55,240 - Averaged Train Loss: 1.3617
2025-12-18 05:55:55,240 - Test Accurancy: 0.5055
2025-12-18 05:56:02,919 - Multi-krum select clients: [1, 2, 3, 4, 5, 6, 7, 0, 24, 28, 26, 11, 12, 29, 13, 8, 33, 21, 22, 35, 34, 23, 32, 38, 9, 36, 14, 31, 20, 10, 17]
2025-12-18 05:56:02,929 - Round number: 40 --------------------------
2025-12-18 05:56:02,929 - Evaluate global model
2025-12-18 05:56:07,061 - Averaged Train Loss: 1.3388
2025-12-18 05:56:07,061 - Test Accurancy: 0.5141
2025-12-18 05:56:14,984 - Multi-krum select clients: [1, 2, 3, 4, 5, 6, 7, 0, 24, 28, 11, 26, 12, 29, 8, 22, 35, 13, 33, 34, 14, 21, 32, 36, 38, 23, 9, 31, 30, 20, 10]
2025-12-18 05:56:14,993 - Round number: 41 --------------------------
2025-12-18 05:56:14,993 - Evaluate global model
2025-12-18 05:56:18,503 - Averaged Train Loss: 1.3240
2025-12-18 05:56:18,503 - Test Accurancy: 0.5207
2025-12-18 05:56:27,436 - Multi-krum select clients: [1, 2, 3, 4, 5, 6, 7, 0, 24, 28, 11, 26, 12, 8, 29, 13, 33, 22, 21, 32, 35, 14, 23, 34, 38, 36, 31, 9, 17, 30, 10]
2025-12-18 05:56:27,446 - Round number: 42 --------------------------
2025-12-18 05:56:27,446 - Evaluate global model
2025-12-18 05:56:30,598 - Averaged Train Loss: 1.3288
2025-12-18 05:56:30,599 - Test Accurancy: 0.5185
2025-12-18 05:56:39,115 - Multi-krum select clients: [1, 2, 3, 4, 5, 6, 7, 0, 24, 28, 11, 26, 29, 8, 12, 22, 34, 35, 33, 13, 21, 38, 14, 32, 23, 9, 31, 36, 17, 30, 20]
2025-12-18 05:56:39,124 - Round number: 43 --------------------------
2025-12-18 05:56:39,124 - Evaluate global model
2025-12-18 05:56:42,612 - Averaged Train Loss: 1.3362
2025-12-18 05:56:42,613 - Test Accurancy: 0.5177
2025-12-18 05:56:50,932 - Multi-krum select clients: [1, 2, 3, 4, 5, 6, 7, 0, 24, 28, 11, 26, 12, 29, 8, 13, 22, 21, 33, 23, 34, 14, 32, 38, 35, 36, 31, 9, 30, 20, 17]
2025-12-18 05:56:50,941 - Round number: 44 --------------------------
2025-12-18 05:56:50,941 - Evaluate global model
2025-12-18 05:56:55,009 - Averaged Train Loss: 1.3221
2025-12-18 05:56:55,009 - Test Accurancy: 0.5227
2025-12-18 05:57:03,327 - Multi-krum select clients: [1, 2, 3, 4, 5, 6, 7, 0, 24, 28, 11, 26, 12, 29, 8, 22, 21, 33, 13, 32, 34, 14, 23, 38, 35, 36, 9, 31, 30, 17, 15]
2025-12-18 05:57:03,336 - Round number: 45 --------------------------
2025-12-18 05:57:03,336 - Evaluate global model
2025-12-18 05:57:07,729 - Averaged Train Loss: 1.3276
2025-12-18 05:57:07,729 - Test Accurancy: 0.5215
2025-12-18 05:57:15,985 - Multi-krum select clients: [1, 2, 3, 4, 5, 6, 7, 0, 24, 28, 11, 26, 12, 8, 33, 13, 23, 22, 21, 32, 29, 38, 34, 35, 14, 31, 36, 9, 30, 17, 20]
2025-12-18 05:57:15,995 - Round number: 46 --------------------------
2025-12-18 05:57:15,995 - Evaluate global model
2025-12-18 05:57:20,116 - Averaged Train Loss: 1.3186
2025-12-18 05:57:20,116 - Test Accurancy: 0.5251
2025-12-18 05:57:28,335 - Multi-krum select clients: [1, 2, 3, 4, 5, 6, 7, 0, 24, 28, 11, 12, 26, 22, 8, 13, 33, 29, 21, 34, 38, 35, 23, 14, 32, 31, 30, 9, 20, 36, 15]
2025-12-18 05:57:28,344 - Round number: 47 --------------------------
2025-12-18 05:57:28,344 - Evaluate global model
2025-12-18 05:57:31,922 - Averaged Train Loss: 1.3061
2025-12-18 05:57:31,922 - Test Accurancy: 0.5275
2025-12-18 05:57:40,531 - Multi-krum select clients: [1, 2, 3, 4, 5, 6, 7, 0, 24, 28, 11, 26, 12, 22, 8, 13, 33, 29, 21, 32, 23, 34, 35, 14, 38, 31, 36, 30, 9, 10, 20]
2025-12-18 05:57:40,541 - Round number: 48 --------------------------
2025-12-18 05:57:40,541 - Evaluate global model
2025-12-18 05:57:43,832 - Averaged Train Loss: 1.2698
2025-12-18 05:57:43,833 - Test Accurancy: 0.5391
2025-12-18 05:57:52,379 - Multi-krum select clients: [1, 2, 3, 4, 5, 6, 7, 0, 24, 28, 11, 26, 12, 22, 33, 8, 29, 34, 13, 21, 32, 38, 35, 23, 14, 31, 30, 36, 9, 10, 17]
2025-12-18 05:57:52,388 - Round number: 49 --------------------------
2025-12-18 05:57:52,388 - Evaluate global model
2025-12-18 05:57:56,139 - Averaged Train Loss: 1.2867
2025-12-18 05:57:56,139 - Test Accurancy: 0.5313
2025-12-18 05:58:03,986 - Multi-krum select clients: [1, 2, 3, 4, 5, 6, 7, 0, 24, 28, 26, 11, 12, 8, 29, 33, 22, 13, 23, 21, 35, 34, 14, 31, 38, 32, 36, 9, 30, 20, 17]
2025-12-18 05:58:03,996 - Round number: 50 --------------------------
2025-12-18 05:58:03,996 - Evaluate global model
2025-12-18 05:58:08,332 - Averaged Train Loss: 1.2830
2025-12-18 05:58:08,332 - Test Accurancy: 0.5338
2025-12-18 05:58:16,057 - Multi-krum select clients: [1, 0, 7, 6, 5, 4, 3, 2, 24, 28, 11, 26, 12, 8, 22, 13, 21, 33, 29, 34, 32, 14, 35, 23, 31, 38, 9, 36, 30, 15, 17]
2025-12-18 05:58:16,066 - Round number: 51 --------------------------
2025-12-18 05:58:16,066 - Evaluate global model
2025-12-18 05:58:20,657 - Averaged Train Loss: 1.2998
2025-12-18 05:58:20,657 - Test Accurancy: 0.5319
2025-12-18 05:58:28,562 - Multi-krum select clients: [1, 2, 3, 4, 5, 6, 7, 0, 24, 28, 11, 12, 26, 8, 13, 33, 29, 22, 35, 21, 34, 38, 23, 32, 9, 36, 30, 14, 31, 17, 37]
2025-12-18 05:58:28,571 - Round number: 52 --------------------------
2025-12-18 05:58:28,571 - Evaluate global model
2025-12-18 05:58:32,914 - Averaged Train Loss: 1.2760
2025-12-18 05:58:32,914 - Test Accurancy: 0.5358
2025-12-18 05:58:41,240 - Multi-krum select clients: [1, 0, 7, 6, 5, 4, 3, 2, 24, 28, 26, 11, 12, 8, 13, 29, 22, 33, 21, 35, 32, 14, 34, 23, 38, 30, 36, 9, 15, 31, 10]
2025-12-18 05:58:41,249 - Round number: 53 --------------------------
2025-12-18 05:58:41,249 - Evaluate global model
2025-12-18 05:58:44,861 - Averaged Train Loss: 1.2523
2025-12-18 05:58:44,861 - Test Accurancy: 0.5442
2025-12-18 05:58:53,317 - Multi-krum select clients: [1, 2, 3, 4, 5, 6, 7, 0, 24, 28, 11, 26, 12, 29, 8, 13, 22, 33, 34, 21, 23, 32, 35, 38, 9, 14, 31, 30, 36, 17, 20]
2025-12-18 05:58:53,326 - Round number: 54 --------------------------
2025-12-18 05:58:53,326 - Evaluate global model
2025-12-18 05:58:56,617 - Averaged Train Loss: 1.2784
2025-12-18 05:58:56,617 - Test Accurancy: 0.5395
2025-12-18 05:59:05,375 - Multi-krum select clients: [1, 2, 3, 4, 5, 6, 7, 0, 24, 28, 11, 29, 12, 13, 26, 33, 8, 22, 21, 32, 14, 34, 23, 35, 38, 30, 9, 31, 36, 10, 17]
2025-12-18 05:59:05,385 - Round number: 55 --------------------------
2025-12-18 05:59:05,385 - Evaluate global model
2025-12-18 05:59:08,642 - Averaged Train Loss: 1.2462
2025-12-18 05:59:08,642 - Test Accurancy: 0.5457
2025-12-18 05:59:17,033 - Multi-krum select clients: [1, 2, 3, 4, 5, 6, 7, 0, 24, 28, 11, 26, 8, 13, 12, 29, 21, 33, 22, 34, 32, 35, 14, 38, 23, 9, 36, 30, 31, 17, 10]
2025-12-18 05:59:17,042 - Round number: 56 --------------------------
2025-12-18 05:59:17,043 - Evaluate global model
2025-12-18 05:59:20,941 - Averaged Train Loss: 1.2489
2025-12-18 05:59:20,941 - Test Accurancy: 0.5463
2025-12-18 05:59:28,786 - Multi-krum select clients: [1, 2, 3, 4, 5, 6, 7, 0, 24, 28, 11, 26, 12, 29, 33, 13, 8, 21, 22, 35, 34, 14, 32, 23, 38, 30, 31, 9, 36, 17, 10]
2025-12-18 05:59:28,796 - Round number: 57 --------------------------
2025-12-18 05:59:28,796 - Evaluate global model
2025-12-18 05:59:33,434 - Averaged Train Loss: 1.2444
2025-12-18 05:59:33,434 - Test Accurancy: 0.5477
2025-12-18 05:59:41,072 - Multi-krum select clients: [1, 2, 3, 4, 5, 6, 7, 0, 24, 28, 11, 26, 12, 13, 29, 33, 22, 23, 21, 34, 32, 35, 8, 38, 14, 9, 10, 36, 31, 30, 20]
2025-12-18 05:59:41,080 - Round number: 58 --------------------------
2025-12-18 05:59:41,081 - Evaluate global model
2025-12-18 05:59:45,906 - Averaged Train Loss: 1.2213
2025-12-18 05:59:45,906 - Test Accurancy: 0.5538
2025-12-18 05:59:53,571 - Multi-krum select clients: [1, 2, 3, 4, 5, 6, 7, 0, 24, 28, 11, 26, 12, 13, 22, 33, 29, 8, 21, 32, 23, 34, 14, 38, 35, 31, 36, 30, 9, 10, 20]
2025-12-18 05:59:53,580 - Round number: 59 --------------------------
2025-12-18 05:59:53,580 - Evaluate global model
2025-12-18 05:59:57,816 - Averaged Train Loss: 1.2213
2025-12-18 05:59:57,816 - Test Accurancy: 0.5543
2025-12-18 06:00:06,233 - Multi-krum select clients: [1, 2, 3, 4, 5, 6, 7, 0, 24, 28, 11, 26, 12, 13, 8, 29, 33, 32, 22, 21, 35, 34, 38, 14, 23, 30, 9, 31, 36, 10, 17]
2025-12-18 06:00:06,242 - Round number: 60 --------------------------
2025-12-18 06:00:06,242 - Evaluate global model
2025-12-18 06:00:09,672 - Averaged Train Loss: 1.2240
2025-12-18 06:00:09,672 - Test Accurancy: 0.5536
2025-12-18 06:00:18,767 - Multi-krum select clients: [1, 2, 3, 4, 5, 6, 7, 0, 24, 28, 11, 12, 21, 26, 8, 29, 13, 32, 22, 23, 34, 33, 38, 35, 30, 9, 14, 36, 31, 10, 17]
2025-12-18 06:00:18,776 - Round number: 61 --------------------------
2025-12-18 06:00:18,776 - Evaluate global model
2025-12-18 06:00:21,521 - Averaged Train Loss: 1.2251
2025-12-18 06:00:21,521 - Test Accurancy: 0.5542
2025-12-18 06:00:30,857 - Multi-krum select clients: [1, 2, 3, 4, 5, 6, 7, 0, 24, 28, 11, 26, 12, 33, 29, 13, 8, 21, 34, 32, 22, 23, 38, 14, 35, 9, 30, 31, 36, 15, 10]
2025-12-18 06:00:30,867 - Round number: 62 --------------------------
2025-12-18 06:00:30,867 - Evaluate global model
2025-12-18 06:00:33,829 - Averaged Train Loss: 1.2297
2025-12-18 06:00:33,829 - Test Accurancy: 0.5514
2025-12-18 06:00:42,240 - Multi-krum select clients: [1, 0, 7, 6, 5, 4, 3, 2, 24, 28, 11, 26, 12, 13, 29, 33, 8, 21, 34, 32, 22, 23, 14, 38, 35, 30, 31, 36, 9, 10, 17]
2025-12-18 06:00:42,249 - Round number: 63 --------------------------
2025-12-18 06:00:42,249 - Evaluate global model
2025-12-18 06:00:46,629 - Averaged Train Loss: 1.2108
2025-12-18 06:00:46,629 - Test Accurancy: 0.5580
2025-12-18 06:00:53,886 - Multi-krum select clients: [1, 0, 7, 6, 5, 4, 3, 2, 24, 28, 11, 26, 12, 8, 13, 33, 22, 29, 21, 34, 32, 35, 23, 14, 38, 9, 30, 36, 17, 10, 31]
2025-12-18 06:00:53,895 - Round number: 64 --------------------------
2025-12-18 06:00:53,895 - Evaluate global model
2025-12-18 06:00:59,016 - Averaged Train Loss: 1.2046
2025-12-18 06:00:59,016 - Test Accurancy: 0.5614
2025-12-18 06:01:06,399 - Multi-krum select clients: [1, 2, 3, 4, 5, 6, 7, 0, 24, 28, 11, 26, 12, 8, 29, 33, 22, 13, 34, 38, 35, 21, 32, 23, 14, 30, 9, 36, 31, 10, 17]
2025-12-18 06:01:06,408 - Round number: 65 --------------------------
2025-12-18 06:01:06,408 - Evaluate global model
2025-12-18 06:01:11,058 - Averaged Train Loss: 1.2039
2025-12-18 06:01:11,058 - Test Accurancy: 0.5612
2025-12-18 06:01:18,831 - Multi-krum select clients: [1, 2, 3, 4, 5, 6, 7, 0, 24, 28, 11, 26, 12, 29, 8, 33, 13, 32, 21, 22, 35, 34, 38, 23, 14, 30, 31, 36, 9, 10, 17]
2025-12-18 06:01:18,840 - Round number: 66 --------------------------
2025-12-18 06:01:18,840 - Evaluate global model
2025-12-18 06:01:22,879 - Averaged Train Loss: 1.2044
2025-12-18 06:01:22,879 - Test Accurancy: 0.5608
2025-12-18 06:01:31,670 - Multi-krum select clients: [1, 0, 7, 6, 5, 4, 3, 2, 24, 28, 11, 12, 26, 29, 8, 13, 33, 32, 22, 34, 21, 35, 23, 30, 38, 14, 9, 31, 36, 10, 15]
2025-12-18 06:01:31,679 - Round number: 67 --------------------------
2025-12-18 06:01:31,679 - Evaluate global model
2025-12-18 06:01:34,565 - Averaged Train Loss: 1.2032
2025-12-18 06:01:34,565 - Test Accurancy: 0.5619
2025-12-18 06:01:44,158 - Multi-krum select clients: [1, 2, 3, 4, 5, 6, 7, 0, 24, 28, 11, 26, 12, 13, 33, 32, 22, 8, 29, 34, 38, 21, 35, 23, 14, 30, 9, 36, 17, 10, 31]
2025-12-18 06:01:44,167 - Round number: 68 --------------------------
2025-12-18 06:01:44,167 - Evaluate global model
2025-12-18 06:01:46,643 - Averaged Train Loss: 1.2011
2025-12-18 06:01:46,643 - Test Accurancy: 0.5612
2025-12-18 06:01:55,931 - Multi-krum select clients: [1, 0, 7, 6, 5, 4, 3, 2, 24, 28, 11, 29, 13, 12, 26, 8, 33, 32, 34, 21, 22, 35, 38, 23, 9, 14, 30, 31, 36, 15, 10]
2025-12-18 06:01:55,940 - Round number: 69 --------------------------
2025-12-18 06:01:55,940 - Evaluate global model
2025-12-18 06:01:59,314 - Averaged Train Loss: 1.1933
2025-12-18 06:01:59,315 - Test Accurancy: 0.5627
2025-12-18 06:02:07,534 - Multi-krum select clients: [1, 2, 3, 4, 5, 6, 7, 0, 24, 28, 11, 26, 12, 13, 33, 29, 8, 21, 22, 34, 32, 35, 38, 23, 14, 9, 36, 30, 31, 17, 15]
2025-12-18 06:02:07,542 - Round number: 70 --------------------------
2025-12-18 06:02:07,543 - Evaluate global model
2025-12-18 06:02:12,201 - Averaged Train Loss: 1.1988
2025-12-18 06:02:12,201 - Test Accurancy: 0.5619
2025-12-18 06:02:19,497 - Multi-krum select clients: [1, 2, 3, 4, 5, 6, 7, 0, 24, 28, 11, 26, 12, 29, 13, 33, 8, 22, 21, 23, 34, 35, 32, 38, 14, 9, 30, 10, 36, 31, 15]
2025-12-18 06:02:19,506 - Round number: 71 --------------------------
2025-12-18 06:02:19,506 - Evaluate global model
2025-12-18 06:02:24,698 - Averaged Train Loss: 1.1777
2025-12-18 06:02:24,698 - Test Accurancy: 0.5661
2025-12-18 06:02:31,893 - Multi-krum select clients: [1, 2, 3, 4, 5, 6, 7, 0, 24, 28, 11, 26, 12, 22, 13, 8, 33, 29, 32, 34, 35, 21, 38, 23, 14, 36, 30, 9, 31, 10, 17]
2025-12-18 06:02:31,904 - Round number: 72 --------------------------
2025-12-18 06:02:31,904 - Evaluate global model
2025-12-18 06:02:36,506 - Averaged Train Loss: 1.1849
2025-12-18 06:02:36,506 - Test Accurancy: 0.5672
2025-12-18 06:02:44,492 - Multi-krum select clients: [1, 0, 7, 6, 5, 4, 3, 2, 24, 28, 11, 26, 29, 12, 13, 33, 32, 34, 8, 23, 22, 21, 38, 35, 14, 30, 36, 10, 9, 31, 15]
2025-12-18 06:02:44,502 - Round number: 73 --------------------------
2025-12-18 06:02:44,502 - Evaluate global model
2025-12-18 06:02:47,884 - Averaged Train Loss: 1.1675
2025-12-18 06:02:47,884 - Test Accurancy: 0.5690
2025-12-18 06:02:56,611 - Multi-krum select clients: [1, 2, 3, 4, 5, 6, 7, 0, 24, 28, 11, 26, 12, 29, 8, 33, 22, 13, 32, 34, 21, 23, 38, 14, 30, 35, 36, 31, 10, 17, 9]
2025-12-18 06:02:56,620 - Round number: 74 --------------------------
2025-12-18 06:02:56,621 - Evaluate global model
2025-12-18 06:02:59,502 - Averaged Train Loss: 1.1631
2025-12-18 06:02:59,502 - Test Accurancy: 0.5720
2025-12-18 06:03:08,998 - Multi-krum select clients: [1, 2, 3, 4, 5, 6, 7, 0, 24, 28, 11, 26, 29, 12, 33, 21, 8, 32, 13, 34, 23, 38, 14, 22, 35, 9, 30, 31, 10, 36, 17]
2025-12-18 06:03:09,007 - Round number: 75 --------------------------
2025-12-18 06:03:09,007 - Evaluate global model
2025-12-18 06:03:11,663 - Averaged Train Loss: 1.1665
2025-12-18 06:03:11,663 - Test Accurancy: 0.5728
2025-12-18 06:03:20,860 - Multi-krum select clients: [1, 0, 7, 6, 5, 4, 3, 2, 24, 28, 11, 12, 26, 29, 33, 8, 21, 13, 22, 23, 38, 32, 34, 35, 14, 31, 36, 30, 9, 10, 17]
2025-12-18 06:03:20,869 - Round number: 76 --------------------------
2025-12-18 06:03:20,869 - Evaluate global model
2025-12-18 06:03:24,427 - Averaged Train Loss: 1.1639
2025-12-18 06:03:24,428 - Test Accurancy: 0.5727
2025-12-18 06:03:32,568 - Multi-krum select clients: [1, 0, 7, 6, 5, 4, 3, 2, 24, 28, 11, 26, 29, 12, 13, 33, 21, 8, 32, 22, 23, 35, 38, 30, 14, 34, 36, 9, 31, 10, 15]
2025-12-18 06:03:32,577 - Round number: 77 --------------------------
2025-12-18 06:03:32,577 - Evaluate global model
2025-12-18 06:03:37,209 - Averaged Train Loss: 1.1523
2025-12-18 06:03:37,209 - Test Accurancy: 0.5714
2025-12-18 06:03:44,704 - Multi-krum select clients: [1, 2, 3, 4, 5, 6, 7, 0, 24, 28, 11, 26, 13, 29, 12, 33, 8, 32, 21, 38, 22, 23, 35, 34, 14, 36, 9, 30, 31, 10, 15]
2025-12-18 06:03:44,713 - Round number: 78 --------------------------
2025-12-18 06:03:44,713 - Evaluate global model
2025-12-18 06:03:49,708 - Averaged Train Loss: 1.1629
2025-12-18 06:03:49,708 - Test Accurancy: 0.5716
2025-12-18 06:03:56,938 - Multi-krum select clients: [1, 2, 3, 4, 5, 6, 7, 0, 24, 28, 11, 26, 12, 29, 22, 13, 8, 33, 34, 21, 23, 32, 30, 38, 9, 35, 14, 31, 36, 10, 15]
2025-12-18 06:03:56,948 - Round number: 79 --------------------------
2025-12-18 06:03:56,948 - Evaluate global model
2025-12-18 06:04:01,437 - Averaged Train Loss: 1.1511
2025-12-18 06:04:01,437 - Test Accurancy: 0.5746
2025-12-18 06:04:09,515 - Multi-krum select clients: [1, 0, 7, 6, 5, 4, 3, 2, 24, 28, 11, 29, 26, 13, 33, 12, 34, 8, 32, 22, 38, 21, 23, 30, 14, 35, 9, 36, 15, 10, 31]
2025-12-18 06:04:09,523 - Round number: 80 --------------------------
2025-12-18 06:04:09,524 - Evaluate global model
2025-12-18 06:04:13,009 - Averaged Train Loss: 1.1534
2025-12-18 06:04:13,009 - Test Accurancy: 0.5725
2025-12-18 06:04:21,664 - Multi-krum select clients: [1, 2, 3, 4, 5, 6, 7, 0, 24, 28, 11, 26, 33, 13, 29, 8, 12, 22, 32, 35, 21, 34, 23, 38, 14, 9, 36, 30, 31, 10, 15]
2025-12-18 06:04:21,672 - Round number: 81 --------------------------
2025-12-18 06:04:21,673 - Evaluate global model
2025-12-18 06:04:24,566 - Averaged Train Loss: 1.1506
2025-12-18 06:04:24,566 - Test Accurancy: 0.5744
2025-12-18 06:04:33,685 - Multi-krum select clients: [1, 0, 7, 6, 5, 3, 2, 4, 24, 28, 11, 29, 13, 12, 33, 32, 8, 26, 22, 34, 38, 35, 14, 23, 21, 30, 36, 31, 9, 15, 10]
2025-12-18 06:04:33,695 - Round number: 82 --------------------------
2025-12-18 06:04:33,695 - Evaluate global model
2025-12-18 06:04:36,840 - Averaged Train Loss: 1.1425
2025-12-18 06:04:36,840 - Test Accurancy: 0.5760
2025-12-18 06:04:45,813 - Multi-krum select clients: [1, 2, 3, 4, 5, 6, 7, 0, 24, 28, 11, 26, 12, 13, 33, 29, 21, 34, 38, 8, 32, 22, 23, 30, 35, 14, 9, 36, 31, 15, 17]
2025-12-18 06:04:45,821 - Round number: 83 --------------------------
2025-12-18 06:04:45,822 - Evaluate global model
2025-12-18 06:04:49,586 - Averaged Train Loss: 1.1732
2025-12-18 06:04:49,586 - Test Accurancy: 0.5695
2025-12-18 06:04:57,619 - Multi-krum select clients: [1, 0, 7, 6, 5, 4, 3, 2, 24, 28, 11, 26, 12, 33, 13, 29, 8, 34, 22, 21, 38, 32, 35, 23, 14, 30, 36, 9, 15, 31, 10]
2025-12-18 06:04:57,629 - Round number: 84 --------------------------
2025-12-18 06:04:57,629 - Evaluate global model
2025-12-18 06:05:02,147 - Averaged Train Loss: 1.1548
2025-12-18 06:05:02,147 - Test Accurancy: 0.5733
2025-12-18 06:05:09,682 - Multi-krum select clients: [1, 2, 3, 4, 5, 6, 7, 0, 24, 28, 11, 26, 12, 33, 13, 22, 29, 8, 21, 34, 32, 23, 30, 35, 14, 38, 31, 36, 9, 15, 10]
2025-12-18 06:05:09,692 - Round number: 85 --------------------------
2025-12-18 06:05:09,693 - Evaluate global model
2025-12-18 06:05:14,354 - Averaged Train Loss: 1.1402
2025-12-18 06:05:14,354 - Test Accurancy: 0.5764
2025-12-18 06:05:21,620 - Multi-krum select clients: [1, 2, 3, 4, 5, 6, 7, 0, 24, 28, 11, 26, 13, 29, 33, 8, 32, 34, 12, 35, 21, 22, 23, 38, 14, 15, 9, 36, 30, 31, 10]
2025-12-18 06:05:21,629 - Round number: 86 --------------------------
2025-12-18 06:05:21,629 - Evaluate global model
2025-12-18 06:05:25,927 - Averaged Train Loss: 1.1364
2025-12-18 06:05:25,927 - Test Accurancy: 0.5776
2025-12-18 06:05:34,088 - Multi-krum select clients: [1, 0, 7, 6, 5, 4, 3, 2, 24, 28, 11, 26, 12, 29, 22, 33, 13, 34, 21, 8, 38, 32, 23, 35, 14, 9, 30, 15, 36, 31, 10]
2025-12-18 06:05:34,098 - Round number: 87 --------------------------
2025-12-18 06:05:34,098 - Evaluate global model
2025-12-18 06:05:37,525 - Averaged Train Loss: 1.1252
2025-12-18 06:05:37,525 - Test Accurancy: 0.5822
2025-12-18 06:05:46,106 - Multi-krum select clients: [1, 0, 7, 6, 5, 3, 2, 4, 24, 28, 11, 26, 13, 12, 29, 33, 21, 22, 8, 32, 23, 30, 38, 35, 34, 14, 9, 36, 10, 31, 15]
2025-12-18 06:05:46,115 - Round number: 88 --------------------------
2025-12-18 06:05:46,115 - Evaluate global model
2025-12-18 06:05:47,577 - Averaged Train Loss: 1.1367
2025-12-18 06:05:47,577 - Test Accurancy: 0.5781
2025-12-18 06:05:51,589 - Multi-krum select clients: [1, 2, 3, 4, 5, 6, 7, 0, 24, 28, 11, 26, 12, 33, 13, 8, 32, 29, 35, 22, 38, 34, 23, 21, 14, 30, 36, 15, 31, 9, 10]
2025-12-18 06:05:51,598 - Round number: 89 --------------------------
2025-12-18 06:05:51,598 - Evaluate global model
2025-12-18 06:05:52,649 - Averaged Train Loss: 1.1277
2025-12-18 06:05:52,649 - Test Accurancy: 0.5806
2025-12-18 06:05:56,786 - Multi-krum select clients: [1, 0, 7, 6, 5, 4, 3, 2, 24, 28, 11, 26, 12, 8, 23, 29, 33, 21, 13, 22, 34, 32, 38, 35, 14, 30, 36, 31, 9, 10, 15]
2025-12-18 06:05:56,795 - Round number: 90 --------------------------
2025-12-18 06:05:56,795 - Evaluate global model
2025-12-18 06:05:57,853 - Averaged Train Loss: 1.1307
2025-12-18 06:05:57,853 - Test Accurancy: 0.5809
2025-12-18 06:06:02,061 - Multi-krum select clients: [1, 2, 3, 4, 5, 6, 7, 0, 24, 28, 11, 26, 13, 29, 33, 32, 12, 34, 8, 21, 22, 23, 38, 35, 14, 30, 9, 36, 31, 15, 10]
2025-12-18 06:06:02,070 - Round number: 91 --------------------------
2025-12-18 06:06:02,070 - Evaluate global model
2025-12-18 06:06:03,122 - Averaged Train Loss: 1.1217
2025-12-18 06:06:03,122 - Test Accurancy: 0.5820
2025-12-18 06:06:07,323 - Multi-krum select clients: [1, 2, 3, 4, 5, 6, 7, 0, 24, 28, 11, 26, 33, 12, 8, 29, 21, 13, 34, 22, 35, 38, 32, 23, 30, 14, 9, 31, 36, 15, 10]
2025-12-18 06:06:07,332 - Round number: 92 --------------------------
2025-12-18 06:06:07,332 - Evaluate global model
2025-12-18 06:06:08,408 - Averaged Train Loss: 1.1093
2025-12-18 06:06:08,408 - Test Accurancy: 0.5853
2025-12-18 06:06:12,453 - Multi-krum select clients: [1, 2, 3, 4, 5, 6, 7, 0, 24, 28, 11, 26, 13, 12, 22, 33, 29, 8, 23, 21, 35, 34, 32, 38, 30, 14, 9, 31, 36, 15, 10]
2025-12-18 06:06:12,462 - Round number: 93 --------------------------
2025-12-18 06:06:12,462 - Evaluate global model
2025-12-18 06:06:13,572 - Averaged Train Loss: 1.1164
2025-12-18 06:06:13,572 - Test Accurancy: 0.5841
2025-12-18 06:06:17,519 - Multi-krum select clients: [1, 2, 3, 4, 5, 6, 7, 0, 24, 28, 11, 26, 33, 13, 8, 32, 29, 23, 35, 12, 34, 21, 38, 22, 30, 14, 9, 31, 36, 10, 15]
2025-12-18 06:06:17,528 - Round number: 94 --------------------------
2025-12-18 06:06:17,528 - Evaluate global model
2025-12-18 06:06:18,775 - Averaged Train Loss: 1.1143
2025-12-18 06:06:18,775 - Test Accurancy: 0.5846
2025-12-18 06:06:22,679 - Multi-krum select clients: [1, 2, 3, 4, 5, 6, 7, 0, 24, 28, 11, 12, 26, 8, 33, 13, 29, 22, 23, 34, 32, 21, 35, 38, 30, 9, 10, 36, 14, 31, 15]
2025-12-18 06:06:22,687 - Round number: 95 --------------------------
2025-12-18 06:06:22,687 - Evaluate global model
2025-12-18 06:06:24,062 - Averaged Train Loss: 1.1149
2025-12-18 06:06:24,062 - Test Accurancy: 0.5857
2025-12-18 06:06:27,706 - Multi-krum select clients: [1, 2, 3, 4, 5, 6, 7, 0, 24, 28, 11, 26, 29, 12, 33, 21, 22, 8, 13, 34, 23, 38, 32, 35, 30, 14, 9, 36, 31, 10, 15]
2025-12-18 06:06:27,715 - Round number: 96 --------------------------
2025-12-18 06:06:27,715 - Evaluate global model
2025-12-18 06:06:29,259 - Averaged Train Loss: 1.1098
2025-12-18 06:06:29,260 - Test Accurancy: 0.5869
2025-12-18 06:06:32,970 - Multi-krum select clients: [1, 2, 3, 4, 5, 6, 7, 0, 24, 28, 11, 26, 29, 33, 12, 8, 13, 34, 32, 23, 35, 38, 30, 21, 22, 9, 14, 36, 31, 15, 10]
2025-12-18 06:06:32,979 - Round number: 97 --------------------------
2025-12-18 06:06:32,979 - Evaluate global model
2025-12-18 06:06:34,525 - Averaged Train Loss: 1.1031
2025-12-18 06:06:34,526 - Test Accurancy: 0.5884
2025-12-18 06:06:37,943 - Multi-krum select clients: [1, 2, 3, 4, 5, 6, 7, 0, 24, 28, 11, 12, 26, 33, 13, 29, 8, 32, 34, 38, 22, 21, 23, 35, 30, 9, 14, 15, 36, 31, 10]
2025-12-18 06:06:37,951 - Round number: 98 --------------------------
2025-12-18 06:06:37,951 - Evaluate global model
2025-12-18 06:06:39,700 - Averaged Train Loss: 1.1028
2025-12-18 06:06:39,700 - Test Accurancy: 0.5884
2025-12-18 06:06:43,216 - Multi-krum select clients: [1, 0, 7, 6, 5, 4, 3, 2, 24, 28, 11, 26, 13, 12, 29, 8, 32, 33, 34, 22, 35, 38, 21, 23, 30, 9, 14, 36, 31, 10, 15]
2025-12-18 06:06:43,225 - Round number: 99 --------------------------
2025-12-18 06:06:43,225 - Evaluate global model
2025-12-18 06:06:44,911 - Averaged Train Loss: 1.1072
2025-12-18 06:06:44,911 - Test Accurancy: 0.5871
2025-12-18 06:06:48,330 - Multi-krum select clients: [1, 2, 3, 4, 5, 6, 7, 0, 24, 28, 11, 26, 12, 29, 33, 22, 34, 13, 8, 32, 21, 23, 35, 38, 30, 14, 9, 36, 31, 15, 10]
2025-12-18 06:06:48,339 - Round number: 100 --------------------------
2025-12-18 06:06:48,339 - Evaluate global model
2025-12-18 06:06:50,085 - Averaged Train Loss: 1.1075
2025-12-18 06:06:50,086 - Test Accurancy: 0.5871
2025-12-18 06:06:53,236 - Multi-krum select clients: [1, 2, 3, 4, 5, 6, 7, 0, 24, 28, 11, 26, 29, 33, 8, 12, 34, 21, 23, 13, 30, 22, 35, 38, 32, 14, 36, 31, 15, 9, 10]
2025-12-18 06:06:53,237 - Run over
2025-12-18 06:06:53,237 - Saving results to ./exp/exp4/Cifar10/multi-krum_LIE.h5
2025-12-18 06:06:53,239 - Best accuracy: 0.5884115884115884
2025-12-18 06:06:53,239 - Average time cost per round: 11.225155079364777
