2026-04-12 02:27:46,574 - *****************EXP-4*****************
2026-04-12 02:27:46,574 - Exp repeats: 1
2026-04-12 02:27:46,575 - Communication Rounds: 100
2026-04-12 02:27:46,575 - Clients: 40

2026-04-12 02:27:46,575 - Attack method: enhanced_sign_flip
2026-04-12 02:27:46,575 - Filtering rule: trmean
2026-04-12 02:27:46,575 - Dataset: Cifar10
2026-04-12 02:27:46,575 - Model: cnn2
2026-04-12 02:27:46,575 - Learning Rate: 0.04
2026-04-12 02:27:46,575 - Batch Size: 64
2026-04-12 02:27:46,575 - Device: cuda
2026-04-12 02:27:46,575 - Device id: 0
2026-04-12 02:27:46,575 - Adversaries: 8
2026-04-12 02:27:46,575 - *****************EXP-4*****************
2026-04-12 02:27:46,994 - Running time: 0th ==========================
2026-04-12 02:27:51,287 - Round number: 0 --------------------------
2026-04-12 02:27:51,287 - Evaluate global model
2026-04-12 02:27:54,322 - Averaged Train Loss: 2.3046
2026-04-12 02:27:54,322 - Test Accurancy: 0.0977
2026-04-12 02:28:05,781 - Round number: 1 --------------------------
2026-04-12 02:28:05,782 - Evaluate global model
2026-04-12 02:28:08,351 - Averaged Train Loss: 2.2957
2026-04-12 02:28:08,351 - Test Accurancy: 0.0994
2026-04-12 02:28:18,588 - Round number: 2 --------------------------
2026-04-12 02:28:18,588 - Evaluate global model
2026-04-12 02:28:21,646 - Averaged Train Loss: 2.2711
2026-04-12 02:28:21,646 - Test Accurancy: 0.1671
2026-04-12 02:28:31,155 - Round number: 3 --------------------------
2026-04-12 02:28:31,155 - Evaluate global model
2026-04-12 02:28:35,034 - Averaged Train Loss: 2.2212
2026-04-12 02:28:35,034 - Test Accurancy: 0.1839
2026-04-12 02:28:44,283 - Round number: 4 --------------------------
2026-04-12 02:28:44,283 - Evaluate global model
2026-04-12 02:28:47,993 - Averaged Train Loss: 2.1896
2026-04-12 02:28:47,993 - Test Accurancy: 0.1983
2026-04-12 02:28:57,310 - Round number: 5 --------------------------
2026-04-12 02:28:57,310 - Evaluate global model
2026-04-12 02:29:00,650 - Averaged Train Loss: 2.1761
2026-04-12 02:29:00,651 - Test Accurancy: 0.2062
2026-04-12 02:29:10,068 - Round number: 6 --------------------------
2026-04-12 02:29:10,068 - Evaluate global model
2026-04-12 02:29:13,784 - Averaged Train Loss: 2.1419
2026-04-12 02:29:13,784 - Test Accurancy: 0.2116
2026-04-12 02:29:22,932 - Round number: 7 --------------------------
2026-04-12 02:29:22,932 - Evaluate global model
2026-04-12 02:29:27,082 - Averaged Train Loss: 2.1224
2026-04-12 02:29:27,082 - Test Accurancy: 0.2192
2026-04-12 02:29:35,912 - Round number: 8 --------------------------
2026-04-12 02:29:35,912 - Evaluate global model
2026-04-12 02:29:39,246 - Averaged Train Loss: 2.0988
2026-04-12 02:29:39,246 - Test Accurancy: 0.2259
2026-04-12 02:29:49,006 - Round number: 9 --------------------------
2026-04-12 02:29:49,006 - Evaluate global model
2026-04-12 02:29:52,175 - Averaged Train Loss: 2.0720
2026-04-12 02:29:52,176 - Test Accurancy: 0.2385
2026-04-12 02:30:02,423 - Round number: 10 --------------------------
2026-04-12 02:30:02,423 - Evaluate global model
2026-04-12 02:30:05,779 - Averaged Train Loss: 2.0421
2026-04-12 02:30:05,780 - Test Accurancy: 0.2492
2026-04-12 02:30:15,014 - Round number: 11 --------------------------
2026-04-12 02:30:15,015 - Evaluate global model
2026-04-12 02:30:19,487 - Averaged Train Loss: 2.0292
2026-04-12 02:30:19,487 - Test Accurancy: 0.2507
2026-04-12 02:30:27,867 - Round number: 12 --------------------------
2026-04-12 02:30:27,868 - Evaluate global model
2026-04-12 02:30:32,626 - Averaged Train Loss: 2.0175
2026-04-12 02:30:32,626 - Test Accurancy: 0.2597
2026-04-12 02:30:40,811 - Round number: 13 --------------------------
2026-04-12 02:30:40,811 - Evaluate global model
2026-04-12 02:30:45,059 - Averaged Train Loss: 2.0146
2026-04-12 02:30:45,059 - Test Accurancy: 0.2639
2026-04-12 02:30:54,318 - Round number: 14 --------------------------
2026-04-12 02:30:54,319 - Evaluate global model
2026-04-12 02:30:58,440 - Averaged Train Loss: 1.9869
2026-04-12 02:30:58,440 - Test Accurancy: 0.2724
2026-04-12 02:31:07,446 - Round number: 15 --------------------------
2026-04-12 02:31:07,446 - Evaluate global model
2026-04-12 02:31:11,840 - Averaged Train Loss: 1.9849
2026-04-12 02:31:11,840 - Test Accurancy: 0.2785
2026-04-12 02:31:19,834 - Round number: 16 --------------------------
2026-04-12 02:31:19,834 - Evaluate global model
2026-04-12 02:31:23,131 - Averaged Train Loss: 1.9542
2026-04-12 02:31:23,131 - Test Accurancy: 0.2884
2026-04-12 02:31:32,032 - Round number: 17 --------------------------
2026-04-12 02:31:32,032 - Evaluate global model
2026-04-12 02:31:36,006 - Averaged Train Loss: 1.9318
2026-04-12 02:31:36,006 - Test Accurancy: 0.2950
2026-04-12 02:31:44,949 - Round number: 18 --------------------------
2026-04-12 02:31:44,949 - Evaluate global model
2026-04-12 02:31:48,315 - Averaged Train Loss: 1.9400
2026-04-12 02:31:48,315 - Test Accurancy: 0.2946
2026-04-12 02:31:57,991 - Round number: 19 --------------------------
2026-04-12 02:31:57,991 - Evaluate global model
2026-04-12 02:32:00,337 - Averaged Train Loss: 1.9427
2026-04-12 02:32:00,337 - Test Accurancy: 0.2967
2026-04-12 02:32:08,147 - Round number: 20 --------------------------
2026-04-12 02:32:08,147 - Evaluate global model
2026-04-12 02:32:11,338 - Averaged Train Loss: 1.9278
2026-04-12 02:32:11,339 - Test Accurancy: 0.2999
2026-04-12 02:32:19,006 - Round number: 21 --------------------------
2026-04-12 02:32:19,006 - Evaluate global model
2026-04-12 02:32:22,144 - Averaged Train Loss: 1.9040
2026-04-12 02:32:22,144 - Test Accurancy: 0.3081
2026-04-12 02:32:30,040 - Round number: 22 --------------------------
2026-04-12 02:32:30,040 - Evaluate global model
2026-04-12 02:32:33,035 - Averaged Train Loss: 1.8766
2026-04-12 02:32:33,035 - Test Accurancy: 0.3162
2026-04-12 02:32:41,043 - Round number: 23 --------------------------
2026-04-12 02:32:41,043 - Evaluate global model
2026-04-12 02:32:43,905 - Averaged Train Loss: 1.8836
2026-04-12 02:32:43,905 - Test Accurancy: 0.3209
2026-04-12 02:32:51,515 - Round number: 24 --------------------------
2026-04-12 02:32:51,515 - Evaluate global model
2026-04-12 02:32:55,146 - Averaged Train Loss: 1.8628
2026-04-12 02:32:55,146 - Test Accurancy: 0.3292
2026-04-12 02:33:02,481 - Round number: 25 --------------------------
2026-04-12 02:33:02,481 - Evaluate global model
2026-04-12 02:33:05,846 - Averaged Train Loss: 1.8641
2026-04-12 02:33:05,846 - Test Accurancy: 0.3316
2026-04-12 02:33:13,938 - Round number: 26 --------------------------
2026-04-12 02:33:13,939 - Evaluate global model
2026-04-12 02:33:16,644 - Averaged Train Loss: 1.8481
2026-04-12 02:33:16,644 - Test Accurancy: 0.3347
2026-04-12 02:33:25,451 - Round number: 27 --------------------------
2026-04-12 02:33:25,451 - Evaluate global model
2026-04-12 02:33:27,644 - Averaged Train Loss: 1.8402
2026-04-12 02:33:27,644 - Test Accurancy: 0.3410
2026-04-12 02:33:36,477 - Round number: 28 --------------------------
2026-04-12 02:33:36,477 - Evaluate global model
2026-04-12 02:33:39,083 - Averaged Train Loss: 1.8252
2026-04-12 02:33:39,083 - Test Accurancy: 0.3434
2026-04-12 02:33:46,518 - Round number: 29 --------------------------
2026-04-12 02:33:46,518 - Evaluate global model
2026-04-12 02:33:49,910 - Averaged Train Loss: 1.8119
2026-04-12 02:33:49,910 - Test Accurancy: 0.3496
2026-04-12 02:33:57,390 - Round number: 30 --------------------------
2026-04-12 02:33:57,390 - Evaluate global model
2026-04-12 02:34:00,595 - Averaged Train Loss: 1.8225
2026-04-12 02:34:00,595 - Test Accurancy: 0.3468
2026-04-12 02:34:08,492 - Round number: 31 --------------------------
2026-04-12 02:34:08,492 - Evaluate global model
2026-04-12 02:34:11,536 - Averaged Train Loss: 1.8213
2026-04-12 02:34:11,537 - Test Accurancy: 0.3489
2026-04-12 02:34:19,271 - Round number: 32 --------------------------
2026-04-12 02:34:19,271 - Evaluate global model
2026-04-12 02:34:22,621 - Averaged Train Loss: 1.7986
2026-04-12 02:34:22,621 - Test Accurancy: 0.3560
2026-04-12 02:34:29,867 - Round number: 33 --------------------------
2026-04-12 02:34:29,868 - Evaluate global model
2026-04-12 02:34:33,650 - Averaged Train Loss: 1.7931
2026-04-12 02:34:33,650 - Test Accurancy: 0.3622
2026-04-12 02:34:40,981 - Round number: 34 --------------------------
2026-04-12 02:34:40,982 - Evaluate global model
2026-04-12 02:34:44,321 - Averaged Train Loss: 1.7780
2026-04-12 02:34:44,321 - Test Accurancy: 0.3664
2026-04-12 02:34:52,305 - Round number: 35 --------------------------
2026-04-12 02:34:52,306 - Evaluate global model
2026-04-12 02:34:54,842 - Averaged Train Loss: 1.7934
2026-04-12 02:34:54,842 - Test Accurancy: 0.3641
2026-04-12 02:35:03,888 - Round number: 36 --------------------------
2026-04-12 02:35:03,888 - Evaluate global model
2026-04-12 02:35:06,126 - Averaged Train Loss: 1.7702
2026-04-12 02:35:06,126 - Test Accurancy: 0.3718
2026-04-12 02:35:14,412 - Round number: 37 --------------------------
2026-04-12 02:35:14,412 - Evaluate global model
2026-04-12 02:35:17,535 - Averaged Train Loss: 1.7799
2026-04-12 02:35:17,536 - Test Accurancy: 0.3692
2026-04-12 02:35:24,712 - Round number: 38 --------------------------
2026-04-12 02:35:24,712 - Evaluate global model
2026-04-12 02:35:28,475 - Averaged Train Loss: 1.7676
2026-04-12 02:35:28,475 - Test Accurancy: 0.3734
2026-04-12 02:35:35,665 - Round number: 39 --------------------------
2026-04-12 02:35:35,665 - Evaluate global model
2026-04-12 02:35:39,241 - Averaged Train Loss: 1.7705
2026-04-12 02:35:39,241 - Test Accurancy: 0.3734
2026-04-12 02:35:46,852 - Round number: 40 --------------------------
2026-04-12 02:35:46,852 - Evaluate global model
2026-04-12 02:35:50,067 - Averaged Train Loss: 1.7671
2026-04-12 02:35:50,067 - Test Accurancy: 0.3760
2026-04-12 02:35:57,479 - Round number: 41 --------------------------
2026-04-12 02:35:57,480 - Evaluate global model
2026-04-12 02:36:01,135 - Averaged Train Loss: 1.7446
2026-04-12 02:36:01,136 - Test Accurancy: 0.3823
2026-04-12 02:36:08,096 - Round number: 42 --------------------------
2026-04-12 02:36:08,096 - Evaluate global model
2026-04-12 02:36:12,035 - Averaged Train Loss: 1.7507
2026-04-12 02:36:12,036 - Test Accurancy: 0.3833
2026-04-12 02:36:19,407 - Round number: 43 --------------------------
2026-04-12 02:36:19,408 - Evaluate global model
2026-04-12 02:36:22,674 - Averaged Train Loss: 1.7503
2026-04-12 02:36:22,674 - Test Accurancy: 0.3799
2026-04-12 02:36:30,848 - Round number: 44 --------------------------
2026-04-12 02:36:30,848 - Evaluate global model
2026-04-12 02:36:33,422 - Averaged Train Loss: 1.7422
2026-04-12 02:36:33,422 - Test Accurancy: 0.3820
2026-04-12 02:36:41,858 - Round number: 45 --------------------------
2026-04-12 02:36:41,858 - Evaluate global model
2026-04-12 02:36:44,503 - Averaged Train Loss: 1.7345
2026-04-12 02:36:44,503 - Test Accurancy: 0.3871
2026-04-12 02:36:51,865 - Round number: 46 --------------------------
2026-04-12 02:36:51,865 - Evaluate global model
2026-04-12 02:36:55,677 - Averaged Train Loss: 1.7302
2026-04-12 02:36:55,677 - Test Accurancy: 0.3883
2026-04-12 02:37:02,313 - Round number: 47 --------------------------
2026-04-12 02:37:02,313 - Evaluate global model
2026-04-12 02:37:06,403 - Averaged Train Loss: 1.7228
2026-04-12 02:37:06,403 - Test Accurancy: 0.3899
2026-04-12 02:37:13,404 - Round number: 48 --------------------------
2026-04-12 02:37:13,404 - Evaluate global model
2026-04-12 02:37:17,020 - Averaged Train Loss: 1.7046
2026-04-12 02:37:17,020 - Test Accurancy: 0.3979
2026-04-12 02:37:24,465 - Round number: 49 --------------------------
2026-04-12 02:37:24,465 - Evaluate global model
2026-04-12 02:37:27,934 - Averaged Train Loss: 1.7134
2026-04-12 02:37:27,934 - Test Accurancy: 0.3962
2026-04-12 02:37:35,343 - Round number: 50 --------------------------
2026-04-12 02:37:35,343 - Evaluate global model
2026-04-12 02:37:39,054 - Averaged Train Loss: 1.7085
2026-04-12 02:37:39,054 - Test Accurancy: 0.3975
2026-04-12 02:37:46,052 - Round number: 51 --------------------------
2026-04-12 02:37:46,052 - Evaluate global model
2026-04-12 02:37:49,869 - Averaged Train Loss: 1.7065
2026-04-12 02:37:49,869 - Test Accurancy: 0.3996
2026-04-12 02:37:57,148 - Round number: 52 --------------------------
2026-04-12 02:37:57,148 - Evaluate global model
2026-04-12 02:38:00,457 - Averaged Train Loss: 1.7066
2026-04-12 02:38:00,457 - Test Accurancy: 0.3988
2026-04-12 02:38:08,412 - Round number: 53 --------------------------
2026-04-12 02:38:08,413 - Evaluate global model
2026-04-12 02:38:11,348 - Averaged Train Loss: 1.7055
2026-04-12 02:38:11,348 - Test Accurancy: 0.3991
2026-04-12 02:38:19,091 - Round number: 54 --------------------------
2026-04-12 02:38:19,091 - Evaluate global model
2026-04-12 02:38:22,620 - Averaged Train Loss: 1.7112
2026-04-12 02:38:22,620 - Test Accurancy: 0.4003
2026-04-12 02:38:29,273 - Round number: 55 --------------------------
2026-04-12 02:38:29,273 - Evaluate global model
2026-04-12 02:38:33,927 - Averaged Train Loss: 1.6983
2026-04-12 02:38:33,927 - Test Accurancy: 0.4040
2026-04-12 02:38:40,064 - Round number: 56 --------------------------
2026-04-12 02:38:40,064 - Evaluate global model
2026-04-12 02:38:44,523 - Averaged Train Loss: 1.7066
2026-04-12 02:38:44,523 - Test Accurancy: 0.4020
2026-04-12 02:38:51,087 - Round number: 57 --------------------------
2026-04-12 02:38:51,087 - Evaluate global model
2026-04-12 02:38:55,088 - Averaged Train Loss: 1.7047
2026-04-12 02:38:55,088 - Test Accurancy: 0.4026
2026-04-12 02:39:02,470 - Round number: 58 --------------------------
2026-04-12 02:39:02,470 - Evaluate global model
2026-04-12 02:39:06,188 - Averaged Train Loss: 1.7016
2026-04-12 02:39:06,189 - Test Accurancy: 0.4053
2026-04-12 02:39:12,938 - Round number: 59 --------------------------
2026-04-12 02:39:12,938 - Evaluate global model
2026-04-12 02:39:17,220 - Averaged Train Loss: 1.6880
2026-04-12 02:39:17,221 - Test Accurancy: 0.4123
2026-04-12 02:39:23,679 - Round number: 60 --------------------------
2026-04-12 02:39:23,679 - Evaluate global model
2026-04-12 02:39:27,859 - Averaged Train Loss: 1.7041
2026-04-12 02:39:27,860 - Test Accurancy: 0.4061
2026-04-12 02:39:35,129 - Round number: 61 --------------------------
2026-04-12 02:39:35,130 - Evaluate global model
2026-04-12 02:39:38,557 - Averaged Train Loss: 1.7043
2026-04-12 02:39:38,557 - Test Accurancy: 0.4081
2026-04-12 02:39:46,412 - Round number: 62 --------------------------
2026-04-12 02:39:46,412 - Evaluate global model
2026-04-12 02:39:49,585 - Averaged Train Loss: 1.6992
2026-04-12 02:39:49,585 - Test Accurancy: 0.4095
2026-04-12 02:39:56,900 - Round number: 63 --------------------------
2026-04-12 02:39:56,900 - Evaluate global model
2026-04-12 02:40:01,024 - Averaged Train Loss: 1.6916
2026-04-12 02:40:01,024 - Test Accurancy: 0.4117
2026-04-12 02:40:07,089 - Round number: 64 --------------------------
2026-04-12 02:40:07,089 - Evaluate global model
2026-04-12 02:40:12,216 - Averaged Train Loss: 1.6919
2026-04-12 02:40:12,216 - Test Accurancy: 0.4131
2026-04-12 02:40:18,207 - Round number: 65 --------------------------
2026-04-12 02:40:18,207 - Evaluate global model
2026-04-12 02:40:22,643 - Averaged Train Loss: 1.6932
2026-04-12 02:40:22,644 - Test Accurancy: 0.4113
2026-04-12 02:40:29,546 - Round number: 66 --------------------------
2026-04-12 02:40:29,546 - Evaluate global model
2026-04-12 02:40:33,580 - Averaged Train Loss: 1.6894
2026-04-12 02:40:33,580 - Test Accurancy: 0.4121
2026-04-12 02:40:40,737 - Round number: 67 --------------------------
2026-04-12 02:40:40,737 - Evaluate global model
2026-04-12 02:40:44,708 - Averaged Train Loss: 1.6827
2026-04-12 02:40:44,708 - Test Accurancy: 0.4156
2026-04-12 02:40:51,070 - Round number: 68 --------------------------
2026-04-12 02:40:51,070 - Evaluate global model
2026-04-12 02:40:55,517 - Averaged Train Loss: 1.7017
2026-04-12 02:40:55,518 - Test Accurancy: 0.4099
2026-04-12 02:41:02,084 - Round number: 69 --------------------------
2026-04-12 02:41:02,084 - Evaluate global model
2026-04-12 02:41:06,054 - Averaged Train Loss: 1.7046
2026-04-12 02:41:06,055 - Test Accurancy: 0.4112
2026-04-12 02:41:13,392 - Round number: 70 --------------------------
2026-04-12 02:41:13,392 - Evaluate global model
2026-04-12 02:41:16,850 - Averaged Train Loss: 1.6890
2026-04-12 02:41:16,850 - Test Accurancy: 0.4174
2026-04-12 02:41:24,210 - Round number: 71 --------------------------
2026-04-12 02:41:24,210 - Evaluate global model
2026-04-12 02:41:27,831 - Averaged Train Loss: 1.6773
2026-04-12 02:41:27,831 - Test Accurancy: 0.4209
2026-04-12 02:41:34,314 - Round number: 72 --------------------------
2026-04-12 02:41:34,314 - Evaluate global model
2026-04-12 02:41:39,403 - Averaged Train Loss: 1.6841
2026-04-12 02:41:39,404 - Test Accurancy: 0.4206
2026-04-12 02:41:44,836 - Round number: 73 --------------------------
2026-04-12 02:41:44,836 - Evaluate global model
2026-04-12 02:41:49,922 - Averaged Train Loss: 1.6743
2026-04-12 02:41:49,922 - Test Accurancy: 0.4203
2026-04-12 02:41:55,896 - Round number: 74 --------------------------
2026-04-12 02:41:55,897 - Evaluate global model
2026-04-12 02:42:00,285 - Averaged Train Loss: 1.6705
2026-04-12 02:42:00,285 - Test Accurancy: 0.4220
2026-04-12 02:42:07,396 - Round number: 75 --------------------------
2026-04-12 02:42:07,396 - Evaluate global model
2026-04-12 02:42:11,439 - Averaged Train Loss: 1.6728
2026-04-12 02:42:11,439 - Test Accurancy: 0.4231
2026-04-12 02:42:17,994 - Round number: 76 --------------------------
2026-04-12 02:42:17,994 - Evaluate global model
2026-04-12 02:42:22,595 - Averaged Train Loss: 1.6740
2026-04-12 02:42:22,595 - Test Accurancy: 0.4234
2026-04-12 02:42:28,796 - Round number: 77 --------------------------
2026-04-12 02:42:28,797 - Evaluate global model
2026-04-12 02:42:33,104 - Averaged Train Loss: 1.6462
2026-04-12 02:42:33,105 - Test Accurancy: 0.4305
2026-04-12 02:42:40,049 - Round number: 78 --------------------------
2026-04-12 02:42:40,049 - Evaluate global model
2026-04-12 02:42:43,782 - Averaged Train Loss: 1.6749
2026-04-12 02:42:43,782 - Test Accurancy: 0.4240
2026-04-12 02:42:51,466 - Round number: 79 --------------------------
2026-04-12 02:42:51,466 - Evaluate global model
2026-04-12 02:42:54,833 - Averaged Train Loss: 1.6609
2026-04-12 02:42:54,833 - Test Accurancy: 0.4271
2026-04-12 02:43:01,715 - Round number: 80 --------------------------
2026-04-12 02:43:01,715 - Evaluate global model
2026-04-12 02:43:06,131 - Averaged Train Loss: 1.6703
2026-04-12 02:43:06,132 - Test Accurancy: 0.4262
2026-04-12 02:43:11,834 - Round number: 81 --------------------------
2026-04-12 02:43:11,834 - Evaluate global model
2026-04-12 02:43:17,066 - Averaged Train Loss: 1.6752
2026-04-12 02:43:17,066 - Test Accurancy: 0.4255
2026-04-12 02:43:23,119 - Round number: 82 --------------------------
2026-04-12 02:43:23,119 - Evaluate global model
2026-04-12 02:43:27,818 - Averaged Train Loss: 1.6739
2026-04-12 02:43:27,818 - Test Accurancy: 0.4267
2026-04-12 02:43:34,193 - Round number: 83 --------------------------
2026-04-12 02:43:34,193 - Evaluate global model
2026-04-12 02:43:38,183 - Averaged Train Loss: 1.6676
2026-04-12 02:43:38,183 - Test Accurancy: 0.4292
2026-04-12 02:43:44,900 - Round number: 84 --------------------------
2026-04-12 02:43:44,901 - Evaluate global model
2026-04-12 02:43:48,970 - Averaged Train Loss: 1.6741
2026-04-12 02:43:48,970 - Test Accurancy: 0.4260
2026-04-12 02:43:55,315 - Round number: 85 --------------------------
2026-04-12 02:43:55,315 - Evaluate global model
2026-04-12 02:43:59,645 - Averaged Train Loss: 1.6736
2026-04-12 02:43:59,645 - Test Accurancy: 0.4280
2026-04-12 02:44:06,499 - Round number: 86 --------------------------
2026-04-12 02:44:06,499 - Evaluate global model
2026-04-12 02:44:10,074 - Averaged Train Loss: 1.6792
2026-04-12 02:44:10,074 - Test Accurancy: 0.4288
2026-04-12 02:44:17,855 - Round number: 87 --------------------------
2026-04-12 02:44:17,855 - Evaluate global model
2026-04-12 02:44:21,201 - Averaged Train Loss: 1.6626
2026-04-12 02:44:21,202 - Test Accurancy: 0.4302
2026-04-12 02:44:28,505 - Round number: 88 --------------------------
2026-04-12 02:44:28,506 - Evaluate global model
2026-04-12 02:44:32,473 - Averaged Train Loss: 1.6645
2026-04-12 02:44:32,473 - Test Accurancy: 0.4295
2026-04-12 02:44:38,496 - Round number: 89 --------------------------
2026-04-12 02:44:38,497 - Evaluate global model
2026-04-12 02:44:43,493 - Averaged Train Loss: 1.6757
2026-04-12 02:44:43,493 - Test Accurancy: 0.4274
2026-04-12 02:44:49,282 - Round number: 90 --------------------------
2026-04-12 02:44:49,282 - Evaluate global model
2026-04-12 02:44:53,902 - Averaged Train Loss: 1.6816
2026-04-12 02:44:53,902 - Test Accurancy: 0.4257
2026-04-12 02:45:00,409 - Round number: 91 --------------------------
2026-04-12 02:45:00,409 - Evaluate global model
2026-04-12 02:45:04,271 - Averaged Train Loss: 1.6664
2026-04-12 02:45:04,271 - Test Accurancy: 0.4296
2026-04-12 02:45:11,325 - Round number: 92 --------------------------
2026-04-12 02:45:11,325 - Evaluate global model
2026-04-12 02:45:15,328 - Averaged Train Loss: 1.6563
2026-04-12 02:45:15,328 - Test Accurancy: 0.4304
2026-04-12 02:45:22,203 - Round number: 93 --------------------------
2026-04-12 02:45:22,203 - Evaluate global model
2026-04-12 02:45:26,574 - Averaged Train Loss: 1.6471
2026-04-12 02:45:26,574 - Test Accurancy: 0.4355
2026-04-12 02:45:33,231 - Round number: 94 --------------------------
2026-04-12 02:45:33,232 - Evaluate global model
2026-04-12 02:45:37,040 - Averaged Train Loss: 1.6616
2026-04-12 02:45:37,041 - Test Accurancy: 0.4326
2026-04-12 02:45:44,489 - Round number: 95 --------------------------
2026-04-12 02:45:44,490 - Evaluate global model
2026-04-12 02:45:47,885 - Averaged Train Loss: 1.6630
2026-04-12 02:45:47,885 - Test Accurancy: 0.4320
2026-04-12 02:45:55,455 - Round number: 96 --------------------------
2026-04-12 02:45:55,455 - Evaluate global model
2026-04-12 02:45:58,951 - Averaged Train Loss: 1.6601
2026-04-12 02:45:58,951 - Test Accurancy: 0.4330
2026-04-12 02:46:05,668 - Round number: 97 --------------------------
2026-04-12 02:46:05,668 - Evaluate global model
2026-04-12 02:46:10,329 - Averaged Train Loss: 1.6491
2026-04-12 02:46:10,329 - Test Accurancy: 0.4354
2026-04-12 02:46:15,839 - Round number: 98 --------------------------
2026-04-12 02:46:15,839 - Evaluate global model
2026-04-12 02:46:20,627 - Averaged Train Loss: 1.6413
2026-04-12 02:46:20,627 - Test Accurancy: 0.4375
2026-04-12 02:46:27,276 - Round number: 99 --------------------------
2026-04-12 02:46:27,276 - Evaluate global model
2026-04-12 02:46:31,317 - Averaged Train Loss: 1.6447
2026-04-12 02:46:31,318 - Test Accurancy: 0.4352
2026-04-12 02:46:38,804 - Round number: 100 --------------------------
2026-04-12 02:46:38,804 - Evaluate global model
2026-04-12 02:46:42,344 - Averaged Train Loss: 1.6453
2026-04-12 02:46:42,344 - Test Accurancy: 0.4378
2026-04-12 02:46:49,478 - Run over
2026-04-12 02:46:49,479 - Saving results to ./exp/exp4/Cifar10/trmean_enhanced_sign_flip.h5
2026-04-12 02:46:49,484 - Best accuracy: 0.4378288378288378
2026-04-12 02:46:49,484 - Average time cost per round: 11.237079839706421
