2025-12-18 04:52:33,809 - *****************EXP-4*****************
2025-12-18 04:52:33,809 - Exp repeats: 1
2025-12-18 04:52:33,809 - Communication Rounds: 100
2025-12-18 04:52:33,809 - Clients: 40

2025-12-18 04:52:33,809 - Attack method: none
2025-12-18 04:52:33,810 - Filtering rule: trmean
2025-12-18 04:52:33,810 - Dataset: Cifar10
2025-12-18 04:52:33,810 - Model: cnn2
2025-12-18 04:52:33,810 - Learning Rate: 0.04
2025-12-18 04:52:33,810 - Batch Size: 64
2025-12-18 04:52:33,810 - Device: cuda
2025-12-18 04:52:33,810 - Device id: 0
2025-12-18 04:52:33,810 - Adversaries: 0
2025-12-18 04:52:33,810 - *****************EXP-4*****************
2025-12-18 04:52:33,974 - Running time: 0th ==========================
2025-12-18 04:52:37,325 - Round number: 0 --------------------------
2025-12-18 04:52:37,325 - Evaluate global model
2025-12-18 04:52:39,355 - Averaged Train Loss: 2.3046
2025-12-18 04:52:39,355 - Test Accurancy: 0.0977
2025-12-18 04:52:46,720 - Round number: 1 --------------------------
2025-12-18 04:52:46,720 - Evaluate global model
2025-12-18 04:52:48,445 - Averaged Train Loss: 2.2687
2025-12-18 04:52:48,446 - Test Accurancy: 0.1639
2025-12-18 04:52:55,365 - Round number: 2 --------------------------
2025-12-18 04:52:55,366 - Evaluate global model
2025-12-18 04:52:57,357 - Averaged Train Loss: 2.1522
2025-12-18 04:52:57,357 - Test Accurancy: 0.2076
2025-12-18 04:53:04,258 - Round number: 3 --------------------------
2025-12-18 04:53:04,258 - Evaluate global model
2025-12-18 04:53:06,454 - Averaged Train Loss: 2.0722
2025-12-18 04:53:06,454 - Test Accurancy: 0.2250
2025-12-18 04:53:13,038 - Round number: 4 --------------------------
2025-12-18 04:53:13,038 - Evaluate global model
2025-12-18 04:53:15,448 - Averaged Train Loss: 2.0183
2025-12-18 04:53:15,448 - Test Accurancy: 0.2649
2025-12-18 04:53:22,019 - Round number: 5 --------------------------
2025-12-18 04:53:22,019 - Evaluate global model
2025-12-18 04:53:24,593 - Averaged Train Loss: 1.9620
2025-12-18 04:53:24,593 - Test Accurancy: 0.2914
2025-12-18 04:53:31,100 - Round number: 6 --------------------------
2025-12-18 04:53:31,101 - Evaluate global model
2025-12-18 04:53:33,673 - Averaged Train Loss: 1.9294
2025-12-18 04:53:33,674 - Test Accurancy: 0.3046
2025-12-18 04:53:40,129 - Round number: 7 --------------------------
2025-12-18 04:53:40,129 - Evaluate global model
2025-12-18 04:53:42,680 - Averaged Train Loss: 1.8887
2025-12-18 04:53:42,680 - Test Accurancy: 0.3239
2025-12-18 04:53:49,205 - Round number: 8 --------------------------
2025-12-18 04:53:49,205 - Evaluate global model
2025-12-18 04:53:51,785 - Averaged Train Loss: 1.8581
2025-12-18 04:53:51,786 - Test Accurancy: 0.3361
2025-12-18 04:53:58,228 - Round number: 9 --------------------------
2025-12-18 04:53:58,228 - Evaluate global model
2025-12-18 04:54:00,788 - Averaged Train Loss: 1.8272
2025-12-18 04:54:00,788 - Test Accurancy: 0.3473
2025-12-18 04:54:07,299 - Round number: 10 --------------------------
2025-12-18 04:54:07,300 - Evaluate global model
2025-12-18 04:54:09,714 - Averaged Train Loss: 1.7932
2025-12-18 04:54:09,714 - Test Accurancy: 0.3632
2025-12-18 04:54:16,324 - Round number: 11 --------------------------
2025-12-18 04:54:16,325 - Evaluate global model
2025-12-18 04:54:18,576 - Averaged Train Loss: 1.7645
2025-12-18 04:54:18,576 - Test Accurancy: 0.3749
2025-12-18 04:54:25,292 - Round number: 12 --------------------------
2025-12-18 04:54:25,292 - Evaluate global model
2025-12-18 04:54:27,355 - Averaged Train Loss: 1.7386
2025-12-18 04:54:27,356 - Test Accurancy: 0.3821
2025-12-18 04:54:34,345 - Round number: 13 --------------------------
2025-12-18 04:54:34,345 - Evaluate global model
2025-12-18 04:54:36,156 - Averaged Train Loss: 1.7152
2025-12-18 04:54:36,156 - Test Accurancy: 0.3921
2025-12-18 04:54:43,383 - Round number: 14 --------------------------
2025-12-18 04:54:43,384 - Evaluate global model
2025-12-18 04:54:45,085 - Averaged Train Loss: 1.6880
2025-12-18 04:54:45,085 - Test Accurancy: 0.3999
2025-12-18 04:54:51,995 - Round number: 15 --------------------------
2025-12-18 04:54:51,995 - Evaluate global model
2025-12-18 04:54:53,970 - Averaged Train Loss: 1.6665
2025-12-18 04:54:53,970 - Test Accurancy: 0.4091
2025-12-18 04:55:00,610 - Round number: 16 --------------------------
2025-12-18 04:55:00,610 - Evaluate global model
2025-12-18 04:55:02,863 - Averaged Train Loss: 1.6339
2025-12-18 04:55:02,863 - Test Accurancy: 0.4214
2025-12-18 04:55:09,621 - Round number: 17 --------------------------
2025-12-18 04:55:09,622 - Evaluate global model
2025-12-18 04:55:12,020 - Averaged Train Loss: 1.6117
2025-12-18 04:55:12,020 - Test Accurancy: 0.4278
2025-12-18 04:55:18,528 - Round number: 18 --------------------------
2025-12-18 04:55:18,528 - Evaluate global model
2025-12-18 04:55:21,118 - Averaged Train Loss: 1.5902
2025-12-18 04:55:21,119 - Test Accurancy: 0.4336
2025-12-18 04:55:27,578 - Round number: 19 --------------------------
2025-12-18 04:55:27,578 - Evaluate global model
2025-12-18 04:55:30,232 - Averaged Train Loss: 1.5717
2025-12-18 04:55:30,232 - Test Accurancy: 0.4390
2025-12-18 04:55:36,587 - Round number: 20 --------------------------
2025-12-18 04:55:36,587 - Evaluate global model
2025-12-18 04:55:39,252 - Averaged Train Loss: 1.5561
2025-12-18 04:55:39,252 - Test Accurancy: 0.4452
2025-12-18 04:55:45,640 - Round number: 21 --------------------------
2025-12-18 04:55:45,640 - Evaluate global model
2025-12-18 04:55:48,314 - Averaged Train Loss: 1.5316
2025-12-18 04:55:48,314 - Test Accurancy: 0.4537
2025-12-18 04:55:54,673 - Round number: 22 --------------------------
2025-12-18 04:55:54,673 - Evaluate global model
2025-12-18 04:55:57,239 - Averaged Train Loss: 1.5165
2025-12-18 04:55:57,239 - Test Accurancy: 0.4564
2025-12-18 04:56:03,713 - Round number: 23 --------------------------
2025-12-18 04:56:03,714 - Evaluate global model
2025-12-18 04:56:06,106 - Averaged Train Loss: 1.5038
2025-12-18 04:56:06,106 - Test Accurancy: 0.4602
2025-12-18 04:56:12,796 - Round number: 24 --------------------------
2025-12-18 04:56:12,796 - Evaluate global model
2025-12-18 04:56:14,876 - Averaged Train Loss: 1.4941
2025-12-18 04:56:14,877 - Test Accurancy: 0.4631
2025-12-18 04:56:21,722 - Round number: 25 --------------------------
2025-12-18 04:56:21,722 - Evaluate global model
2025-12-18 04:56:23,595 - Averaged Train Loss: 1.4822
2025-12-18 04:56:23,595 - Test Accurancy: 0.4671
2025-12-18 04:56:30,819 - Round number: 26 --------------------------
2025-12-18 04:56:30,819 - Evaluate global model
2025-12-18 04:56:32,655 - Averaged Train Loss: 1.4645
2025-12-18 04:56:32,655 - Test Accurancy: 0.4721
2025-12-18 04:56:39,543 - Round number: 27 --------------------------
2025-12-18 04:56:39,543 - Evaluate global model
2025-12-18 04:56:41,610 - Averaged Train Loss: 1.4569
2025-12-18 04:56:41,610 - Test Accurancy: 0.4731
2025-12-18 04:56:48,191 - Round number: 28 --------------------------
2025-12-18 04:56:48,191 - Evaluate global model
2025-12-18 04:56:50,526 - Averaged Train Loss: 1.4500
2025-12-18 04:56:50,526 - Test Accurancy: 0.4760
2025-12-18 04:56:56,966 - Round number: 29 --------------------------
2025-12-18 04:56:56,966 - Evaluate global model
2025-12-18 04:56:59,553 - Averaged Train Loss: 1.4372
2025-12-18 04:56:59,553 - Test Accurancy: 0.4807
2025-12-18 04:57:06,021 - Round number: 30 --------------------------
2025-12-18 04:57:06,021 - Evaluate global model
2025-12-18 04:57:08,786 - Averaged Train Loss: 1.4269
2025-12-18 04:57:08,786 - Test Accurancy: 0.4815
2025-12-18 04:57:15,006 - Round number: 31 --------------------------
2025-12-18 04:57:15,007 - Evaluate global model
2025-12-18 04:57:17,789 - Averaged Train Loss: 1.4186
2025-12-18 04:57:17,789 - Test Accurancy: 0.4855
2025-12-18 04:57:23,978 - Round number: 32 --------------------------
2025-12-18 04:57:23,978 - Evaluate global model
2025-12-18 04:57:26,793 - Averaged Train Loss: 1.4088
2025-12-18 04:57:26,793 - Test Accurancy: 0.4881
2025-12-18 04:57:32,897 - Round number: 33 --------------------------
2025-12-18 04:57:32,897 - Evaluate global model
2025-12-18 04:57:35,644 - Averaged Train Loss: 1.4007
2025-12-18 04:57:35,644 - Test Accurancy: 0.4925
2025-12-18 04:57:41,817 - Round number: 34 --------------------------
2025-12-18 04:57:41,817 - Evaluate global model
2025-12-18 04:57:44,312 - Averaged Train Loss: 1.3915
2025-12-18 04:57:44,312 - Test Accurancy: 0.4918
2025-12-18 04:57:50,660 - Round number: 35 --------------------------
2025-12-18 04:57:50,660 - Evaluate global model
2025-12-18 04:57:52,842 - Averaged Train Loss: 1.3865
2025-12-18 04:57:52,843 - Test Accurancy: 0.4938
2025-12-18 04:57:59,812 - Round number: 36 --------------------------
2025-12-18 04:57:59,812 - Evaluate global model
2025-12-18 04:58:01,849 - Averaged Train Loss: 1.3811
2025-12-18 04:58:01,849 - Test Accurancy: 0.4953
2025-12-18 04:58:08,759 - Round number: 37 --------------------------
2025-12-18 04:58:08,759 - Evaluate global model
2025-12-18 04:58:10,998 - Averaged Train Loss: 1.3771
2025-12-18 04:58:10,998 - Test Accurancy: 0.4981
2025-12-18 04:58:17,641 - Round number: 38 --------------------------
2025-12-18 04:58:17,641 - Evaluate global model
2025-12-18 04:58:20,119 - Averaged Train Loss: 1.3648
2025-12-18 04:58:20,119 - Test Accurancy: 0.5026
2025-12-18 04:58:26,262 - Round number: 39 --------------------------
2025-12-18 04:58:26,262 - Evaluate global model
2025-12-18 04:58:29,209 - Averaged Train Loss: 1.3652
2025-12-18 04:58:29,209 - Test Accurancy: 0.5004
2025-12-18 04:58:35,177 - Round number: 40 --------------------------
2025-12-18 04:58:35,177 - Evaluate global model
2025-12-18 04:58:38,271 - Averaged Train Loss: 1.3545
2025-12-18 04:58:38,271 - Test Accurancy: 0.5037
2025-12-18 04:58:44,059 - Round number: 41 --------------------------
2025-12-18 04:58:44,060 - Evaluate global model
2025-12-18 04:58:47,164 - Averaged Train Loss: 1.3481
2025-12-18 04:58:47,165 - Test Accurancy: 0.5070
2025-12-18 04:58:52,895 - Round number: 42 --------------------------
2025-12-18 04:58:52,895 - Evaluate global model
2025-12-18 04:58:56,003 - Averaged Train Loss: 1.3414
2025-12-18 04:58:56,003 - Test Accurancy: 0.5100
2025-12-18 04:59:01,835 - Round number: 43 --------------------------
2025-12-18 04:59:01,835 - Evaluate global model
2025-12-18 04:59:04,722 - Averaged Train Loss: 1.3328
2025-12-18 04:59:04,722 - Test Accurancy: 0.5138
2025-12-18 04:59:10,894 - Round number: 44 --------------------------
2025-12-18 04:59:10,894 - Evaluate global model
2025-12-18 04:59:13,532 - Averaged Train Loss: 1.3318
2025-12-18 04:59:13,533 - Test Accurancy: 0.5136
2025-12-18 04:59:19,870 - Round number: 45 --------------------------
2025-12-18 04:59:19,870 - Evaluate global model
2025-12-18 04:59:22,295 - Averaged Train Loss: 1.3206
2025-12-18 04:59:22,295 - Test Accurancy: 0.5185
2025-12-18 04:59:28,913 - Round number: 46 --------------------------
2025-12-18 04:59:28,913 - Evaluate global model
2025-12-18 04:59:31,306 - Averaged Train Loss: 1.3193
2025-12-18 04:59:31,307 - Test Accurancy: 0.5175
2025-12-18 04:59:37,724 - Round number: 47 --------------------------
2025-12-18 04:59:37,724 - Evaluate global model
2025-12-18 04:59:40,393 - Averaged Train Loss: 1.3132
2025-12-18 04:59:40,393 - Test Accurancy: 0.5200
2025-12-18 04:59:46,604 - Round number: 48 --------------------------
2025-12-18 04:59:46,605 - Evaluate global model
2025-12-18 04:59:49,528 - Averaged Train Loss: 1.3027
2025-12-18 04:59:49,528 - Test Accurancy: 0.5257
2025-12-18 04:59:55,158 - Round number: 49 --------------------------
2025-12-18 04:59:55,158 - Evaluate global model
2025-12-18 04:59:58,565 - Averaged Train Loss: 1.3052
2025-12-18 04:59:58,565 - Test Accurancy: 0.5237
2025-12-18 05:00:03,790 - Round number: 50 --------------------------
2025-12-18 05:00:03,790 - Evaluate global model
2025-12-18 05:00:07,187 - Averaged Train Loss: 1.2926
2025-12-18 05:00:07,188 - Test Accurancy: 0.5263
2025-12-18 05:00:12,446 - Round number: 51 --------------------------
2025-12-18 05:00:12,446 - Evaluate global model
2025-12-18 05:00:15,801 - Averaged Train Loss: 1.2932
2025-12-18 05:00:15,801 - Test Accurancy: 0.5275
2025-12-18 05:00:21,442 - Round number: 52 --------------------------
2025-12-18 05:00:21,442 - Evaluate global model
2025-12-18 05:00:24,611 - Averaged Train Loss: 1.2886
2025-12-18 05:00:24,611 - Test Accurancy: 0.5291
2025-12-18 05:00:30,644 - Round number: 53 --------------------------
2025-12-18 05:00:30,644 - Evaluate global model
2025-12-18 05:00:33,565 - Averaged Train Loss: 1.2771
2025-12-18 05:00:33,565 - Test Accurancy: 0.5319
2025-12-18 05:00:39,823 - Round number: 54 --------------------------
2025-12-18 05:00:39,823 - Evaluate global model
2025-12-18 05:00:42,538 - Averaged Train Loss: 1.2761
2025-12-18 05:00:42,538 - Test Accurancy: 0.5328
2025-12-18 05:00:48,755 - Round number: 55 --------------------------
2025-12-18 05:00:48,755 - Evaluate global model
2025-12-18 05:00:51,681 - Averaged Train Loss: 1.2730
2025-12-18 05:00:51,682 - Test Accurancy: 0.5342
2025-12-18 05:00:57,398 - Round number: 56 --------------------------
2025-12-18 05:00:57,399 - Evaluate global model
2025-12-18 05:01:00,434 - Averaged Train Loss: 1.2734
2025-12-18 05:01:00,434 - Test Accurancy: 0.5325
2025-12-18 05:01:05,555 - Round number: 57 --------------------------
2025-12-18 05:01:05,555 - Evaluate global model
2025-12-18 05:01:09,175 - Averaged Train Loss: 1.2655
2025-12-18 05:01:09,175 - Test Accurancy: 0.5360
2025-12-18 05:01:14,031 - Round number: 58 --------------------------
2025-12-18 05:01:14,032 - Evaluate global model
2025-12-18 05:01:17,600 - Averaged Train Loss: 1.2527
2025-12-18 05:01:17,600 - Test Accurancy: 0.5410
2025-12-18 05:01:22,872 - Round number: 59 --------------------------
2025-12-18 05:01:22,872 - Evaluate global model
2025-12-18 05:01:26,304 - Averaged Train Loss: 1.2529
2025-12-18 05:01:26,304 - Test Accurancy: 0.5409
2025-12-18 05:01:31,727 - Round number: 60 --------------------------
2025-12-18 05:01:31,727 - Evaluate global model
2025-12-18 05:01:35,019 - Averaged Train Loss: 1.2440
2025-12-18 05:01:35,019 - Test Accurancy: 0.5455
2025-12-18 05:01:41,050 - Round number: 61 --------------------------
2025-12-18 05:01:41,050 - Evaluate global model
2025-12-18 05:01:44,058 - Averaged Train Loss: 1.2434
2025-12-18 05:01:44,058 - Test Accurancy: 0.5432
2025-12-18 05:01:50,372 - Round number: 62 --------------------------
2025-12-18 05:01:50,372 - Evaluate global model
2025-12-18 05:01:53,117 - Averaged Train Loss: 1.2472
2025-12-18 05:01:53,117 - Test Accurancy: 0.5417
2025-12-18 05:01:59,018 - Round number: 63 --------------------------
2025-12-18 05:01:59,018 - Evaluate global model
2025-12-18 05:02:02,096 - Averaged Train Loss: 1.2316
2025-12-18 05:02:02,097 - Test Accurancy: 0.5478
2025-12-18 05:02:07,272 - Round number: 64 --------------------------
2025-12-18 05:02:07,272 - Evaluate global model
2025-12-18 05:02:10,773 - Averaged Train Loss: 1.2346
2025-12-18 05:02:10,773 - Test Accurancy: 0.5450
2025-12-18 05:02:15,511 - Round number: 65 --------------------------
2025-12-18 05:02:15,511 - Evaluate global model
2025-12-18 05:02:19,057 - Averaged Train Loss: 1.2298
2025-12-18 05:02:19,057 - Test Accurancy: 0.5477
2025-12-18 05:02:24,176 - Round number: 66 --------------------------
2025-12-18 05:02:24,176 - Evaluate global model
2025-12-18 05:02:27,530 - Averaged Train Loss: 1.2250
2025-12-18 05:02:27,531 - Test Accurancy: 0.5485
2025-12-18 05:02:33,234 - Round number: 67 --------------------------
2025-12-18 05:02:33,234 - Evaluate global model
2025-12-18 05:02:36,393 - Averaged Train Loss: 1.2213
2025-12-18 05:02:36,393 - Test Accurancy: 0.5495
2025-12-18 05:02:42,205 - Round number: 68 --------------------------
2025-12-18 05:02:42,205 - Evaluate global model
2025-12-18 05:02:45,180 - Averaged Train Loss: 1.2174
2025-12-18 05:02:45,180 - Test Accurancy: 0.5507
2025-12-18 05:02:51,163 - Round number: 69 --------------------------
2025-12-18 05:02:51,163 - Evaluate global model
2025-12-18 05:02:54,072 - Averaged Train Loss: 1.2158
2025-12-18 05:02:54,073 - Test Accurancy: 0.5505
2025-12-18 05:02:59,730 - Round number: 70 --------------------------
2025-12-18 05:02:59,730 - Evaluate global model
2025-12-18 05:03:02,879 - Averaged Train Loss: 1.2046
2025-12-18 05:03:02,879 - Test Accurancy: 0.5553
2025-12-18 05:03:08,206 - Round number: 71 --------------------------
2025-12-18 05:03:08,206 - Evaluate global model
2025-12-18 05:03:11,987 - Averaged Train Loss: 1.2021
2025-12-18 05:03:11,987 - Test Accurancy: 0.5556
2025-12-18 05:03:16,942 - Round number: 72 --------------------------
2025-12-18 05:03:16,942 - Evaluate global model
2025-12-18 05:03:20,907 - Averaged Train Loss: 1.2048
2025-12-18 05:03:20,907 - Test Accurancy: 0.5546
2025-12-18 05:03:25,752 - Round number: 73 --------------------------
2025-12-18 05:03:25,752 - Evaluate global model
2025-12-18 05:03:29,349 - Averaged Train Loss: 1.1938
2025-12-18 05:03:29,349 - Test Accurancy: 0.5581
2025-12-18 05:03:34,607 - Round number: 74 --------------------------
2025-12-18 05:03:34,608 - Evaluate global model
2025-12-18 05:03:37,811 - Averaged Train Loss: 1.1896
2025-12-18 05:03:37,811 - Test Accurancy: 0.5582
2025-12-18 05:03:43,691 - Round number: 75 --------------------------
2025-12-18 05:03:43,691 - Evaluate global model
2025-12-18 05:03:46,704 - Averaged Train Loss: 1.1920
2025-12-18 05:03:46,704 - Test Accurancy: 0.5574
2025-12-18 05:03:52,906 - Round number: 76 --------------------------
2025-12-18 05:03:52,906 - Evaluate global model
2025-12-18 05:03:55,646 - Averaged Train Loss: 1.1865
2025-12-18 05:03:55,646 - Test Accurancy: 0.5580
2025-12-18 05:04:01,869 - Round number: 77 --------------------------
2025-12-18 05:04:01,869 - Evaluate global model
2025-12-18 05:04:04,662 - Averaged Train Loss: 1.1791
2025-12-18 05:04:04,662 - Test Accurancy: 0.5618
2025-12-18 05:04:10,566 - Round number: 78 --------------------------
2025-12-18 05:04:10,566 - Evaluate global model
2025-12-18 05:04:13,672 - Averaged Train Loss: 1.1768
2025-12-18 05:04:13,672 - Test Accurancy: 0.5627
2025-12-18 05:04:18,985 - Round number: 79 --------------------------
2025-12-18 05:04:18,985 - Evaluate global model
2025-12-18 05:04:22,587 - Averaged Train Loss: 1.1785
2025-12-18 05:04:22,587 - Test Accurancy: 0.5630
2025-12-18 05:04:27,691 - Round number: 80 --------------------------
2025-12-18 05:04:27,691 - Evaluate global model
2025-12-18 05:04:31,468 - Averaged Train Loss: 1.1726
2025-12-18 05:04:31,469 - Test Accurancy: 0.5643
2025-12-18 05:04:36,391 - Round number: 81 --------------------------
2025-12-18 05:04:36,391 - Evaluate global model
2025-12-18 05:04:40,107 - Averaged Train Loss: 1.1718
2025-12-18 05:04:40,107 - Test Accurancy: 0.5648
2025-12-18 05:04:45,283 - Round number: 82 --------------------------
2025-12-18 05:04:45,284 - Evaluate global model
2025-12-18 05:04:48,625 - Averaged Train Loss: 1.1672
2025-12-18 05:04:48,626 - Test Accurancy: 0.5670
2025-12-18 05:04:54,166 - Round number: 83 --------------------------
2025-12-18 05:04:54,166 - Evaluate global model
2025-12-18 05:04:57,301 - Averaged Train Loss: 1.1698
2025-12-18 05:04:57,302 - Test Accurancy: 0.5646
2025-12-18 05:05:03,141 - Round number: 84 --------------------------
2025-12-18 05:05:03,141 - Evaluate global model
2025-12-18 05:05:06,025 - Averaged Train Loss: 1.1645
2025-12-18 05:05:06,025 - Test Accurancy: 0.5667
2025-12-18 05:05:12,496 - Round number: 85 --------------------------
2025-12-18 05:05:12,496 - Evaluate global model
2025-12-18 05:05:15,247 - Averaged Train Loss: 1.1652
2025-12-18 05:05:15,247 - Test Accurancy: 0.5662
2025-12-18 05:05:21,145 - Round number: 86 --------------------------
2025-12-18 05:05:21,145 - Evaluate global model
2025-12-18 05:05:24,370 - Averaged Train Loss: 1.1558
2025-12-18 05:05:24,371 - Test Accurancy: 0.5691
2025-12-18 05:05:29,869 - Round number: 87 --------------------------
2025-12-18 05:05:29,869 - Evaluate global model
2025-12-18 05:05:33,307 - Averaged Train Loss: 1.1528
2025-12-18 05:05:33,308 - Test Accurancy: 0.5696
2025-12-18 05:05:38,211 - Round number: 88 --------------------------
2025-12-18 05:05:38,211 - Evaluate global model
2025-12-18 05:05:41,770 - Averaged Train Loss: 1.1509
2025-12-18 05:05:41,771 - Test Accurancy: 0.5690
2025-12-18 05:05:46,773 - Round number: 89 --------------------------
2025-12-18 05:05:46,773 - Evaluate global model
2025-12-18 05:05:50,235 - Averaged Train Loss: 1.1549
2025-12-18 05:05:50,235 - Test Accurancy: 0.5692
2025-12-18 05:05:55,750 - Round number: 90 --------------------------
2025-12-18 05:05:55,750 - Evaluate global model
2025-12-18 05:05:58,861 - Averaged Train Loss: 1.1476
2025-12-18 05:05:58,861 - Test Accurancy: 0.5713
2025-12-18 05:06:04,877 - Round number: 91 --------------------------
2025-12-18 05:06:04,877 - Evaluate global model
2025-12-18 05:06:07,840 - Averaged Train Loss: 1.1399
2025-12-18 05:06:07,840 - Test Accurancy: 0.5740
2025-12-18 05:06:14,208 - Round number: 92 --------------------------
2025-12-18 05:06:14,208 - Evaluate global model
2025-12-18 05:06:16,943 - Averaged Train Loss: 1.1418
2025-12-18 05:06:16,943 - Test Accurancy: 0.5740
2025-12-18 05:06:23,042 - Round number: 93 --------------------------
2025-12-18 05:06:23,042 - Evaluate global model
2025-12-18 05:06:25,951 - Averaged Train Loss: 1.1393
2025-12-18 05:06:25,951 - Test Accurancy: 0.5725
2025-12-18 05:06:31,728 - Round number: 94 --------------------------
2025-12-18 05:06:31,728 - Evaluate global model
2025-12-18 05:06:35,026 - Averaged Train Loss: 1.1342
2025-12-18 05:06:35,026 - Test Accurancy: 0.5759
2025-12-18 05:06:40,424 - Round number: 95 --------------------------
2025-12-18 05:06:40,424 - Evaluate global model
2025-12-18 05:06:43,983 - Averaged Train Loss: 1.1340
2025-12-18 05:06:43,983 - Test Accurancy: 0.5774
2025-12-18 05:06:48,864 - Round number: 96 --------------------------
2025-12-18 05:06:48,864 - Evaluate global model
2025-12-18 05:06:52,532 - Averaged Train Loss: 1.1291
2025-12-18 05:06:52,532 - Test Accurancy: 0.5784
2025-12-18 05:06:57,562 - Round number: 97 --------------------------
2025-12-18 05:06:57,562 - Evaluate global model
2025-12-18 05:07:00,902 - Averaged Train Loss: 1.1256
2025-12-18 05:07:00,903 - Test Accurancy: 0.5789
2025-12-18 05:07:06,628 - Round number: 98 --------------------------
2025-12-18 05:07:06,628 - Evaluate global model
2025-12-18 05:07:09,666 - Averaged Train Loss: 1.1270
2025-12-18 05:07:09,667 - Test Accurancy: 0.5785
2025-12-18 05:07:15,856 - Round number: 99 --------------------------
2025-12-18 05:07:15,857 - Evaluate global model
2025-12-18 05:07:18,771 - Averaged Train Loss: 1.1260
2025-12-18 05:07:18,771 - Test Accurancy: 0.5777
2025-12-18 05:07:25,237 - Round number: 100 --------------------------
2025-12-18 05:07:25,237 - Evaluate global model
2025-12-18 05:07:27,958 - Averaged Train Loss: 1.1223
2025-12-18 05:07:27,958 - Test Accurancy: 0.5798
2025-12-18 05:07:33,760 - Run over
2025-12-18 05:07:33,760 - Saving results to ./exp/exp4/Cifar10/trmean_none.h5
2025-12-18 05:07:33,762 - Best accuracy: 0.5798201798201799
2025-12-18 05:07:33,762 - Average time cost per round: 8.870471947193145
