2026-04-14 14:35:38,518 - *****************EXP-4*****************
2026-04-14 14:35:38,519 - Exp repeats: 1
2026-04-14 14:35:38,519 - Communication Rounds: 100
2026-04-14 14:35:38,519 - Clients: 40

2026-04-14 14:35:38,519 - Attack method: CAMP
2026-04-14 14:35:38,519 - Filtering rule: trmean
2026-04-14 14:35:38,519 - Dataset: Cifar10
2026-04-14 14:35:38,520 - Model: cnn2
2026-04-14 14:35:38,520 - Learning Rate: 0.04
2026-04-14 14:35:38,520 - Batch Size: 64
2026-04-14 14:35:38,520 - Device: cuda
2026-04-14 14:35:38,520 - Device id: 0
2026-04-14 14:35:38,520 - Adversaries: 8
2026-04-14 14:35:38,520 - Model Poisoning: CAMP attack, mode clipping_v6
2026-04-14 14:35:38,520 - *****************EXP-4*****************
2026-04-14 14:35:38,793 - Running time: 0th ==========================
2026-04-14 14:35:56,281 - Round number: 0 --------------------------
2026-04-14 14:35:56,281 - Evaluate global model
2026-04-14 14:36:07,479 - Averaged Train Loss: 2.3021
2026-04-14 14:36:07,479 - Test Accurancy: 0.1016
2026-04-14 14:36:21,835 - Round number: 1 --------------------------
2026-04-14 14:36:21,836 - Evaluate global model
2026-04-14 14:36:25,306 - Averaged Train Loss: 2.2891
2026-04-14 14:36:25,306 - Test Accurancy: 0.1078
2026-04-14 14:36:35,512 - Round number: 2 --------------------------
2026-04-14 14:36:35,512 - Evaluate global model
2026-04-14 14:36:38,213 - Averaged Train Loss: 2.2510
2026-04-14 14:36:38,214 - Test Accurancy: 0.1561
2026-04-14 14:36:49,603 - Round number: 3 --------------------------
2026-04-14 14:36:49,603 - Evaluate global model
2026-04-14 14:36:52,686 - Averaged Train Loss: 2.1953
2026-04-14 14:36:52,687 - Test Accurancy: 0.2034
2026-04-14 14:37:03,764 - Round number: 4 --------------------------
2026-04-14 14:37:03,765 - Evaluate global model
2026-04-14 14:37:06,917 - Averaged Train Loss: 2.1169
2026-04-14 14:37:06,918 - Test Accurancy: 0.2236
2026-04-14 14:37:17,747 - Round number: 5 --------------------------
2026-04-14 14:37:17,747 - Evaluate global model
2026-04-14 14:37:20,996 - Averaged Train Loss: 2.0532
2026-04-14 14:37:20,997 - Test Accurancy: 0.2403
2026-04-14 14:37:31,950 - Round number: 6 --------------------------
2026-04-14 14:37:31,950 - Evaluate global model
2026-04-14 14:37:34,699 - Averaged Train Loss: 2.0071
2026-04-14 14:37:34,702 - Test Accurancy: 0.2595
2026-04-14 14:37:45,134 - Round number: 7 --------------------------
2026-04-14 14:37:45,134 - Evaluate global model
2026-04-14 14:37:48,120 - Averaged Train Loss: 1.9667
2026-04-14 14:37:48,121 - Test Accurancy: 0.2834
2026-04-14 14:37:59,027 - Round number: 8 --------------------------
2026-04-14 14:37:59,027 - Evaluate global model
2026-04-14 14:38:01,959 - Averaged Train Loss: 1.9265
2026-04-14 14:38:01,959 - Test Accurancy: 0.3015
2026-04-14 14:38:13,135 - Round number: 9 --------------------------
2026-04-14 14:38:13,135 - Evaluate global model
2026-04-14 14:38:15,989 - Averaged Train Loss: 1.9033
2026-04-14 14:38:15,989 - Test Accurancy: 0.3084
2026-04-14 14:38:26,576 - Round number: 10 --------------------------
2026-04-14 14:38:26,585 - Evaluate global model
2026-04-14 14:38:29,608 - Averaged Train Loss: 1.8778
2026-04-14 14:38:29,608 - Test Accurancy: 0.3195
2026-04-14 14:38:40,025 - Round number: 11 --------------------------
2026-04-14 14:38:40,026 - Evaluate global model
2026-04-14 14:38:42,878 - Averaged Train Loss: 1.8575
2026-04-14 14:38:42,878 - Test Accurancy: 0.3223
2026-04-14 14:38:53,841 - Round number: 12 --------------------------
2026-04-14 14:38:53,850 - Evaluate global model
2026-04-14 14:38:56,825 - Averaged Train Loss: 1.8313
2026-04-14 14:38:56,825 - Test Accurancy: 0.3323
2026-04-14 14:39:07,551 - Round number: 13 --------------------------
2026-04-14 14:39:07,551 - Evaluate global model
2026-04-14 14:39:10,556 - Averaged Train Loss: 1.8051
2026-04-14 14:39:10,557 - Test Accurancy: 0.3408
2026-04-14 14:39:21,693 - Round number: 14 --------------------------
2026-04-14 14:39:21,693 - Evaluate global model
2026-04-14 14:39:24,671 - Averaged Train Loss: 1.7823
2026-04-14 14:39:24,671 - Test Accurancy: 0.3465
2026-04-14 14:39:35,899 - Round number: 15 --------------------------
2026-04-14 14:39:35,899 - Evaluate global model
2026-04-14 14:39:38,756 - Averaged Train Loss: 1.7655
2026-04-14 14:39:38,757 - Test Accurancy: 0.3540
2026-04-14 14:39:49,150 - Round number: 16 --------------------------
2026-04-14 14:39:49,153 - Evaluate global model
2026-04-14 14:39:51,869 - Averaged Train Loss: 1.7450
2026-04-14 14:39:51,869 - Test Accurancy: 0.3603
2026-04-14 14:40:02,122 - Round number: 17 --------------------------
2026-04-14 14:40:02,131 - Evaluate global model
2026-04-14 14:40:04,901 - Averaged Train Loss: 1.7276
2026-04-14 14:40:04,902 - Test Accurancy: 0.3638
2026-04-14 14:40:15,537 - Round number: 18 --------------------------
2026-04-14 14:40:15,537 - Evaluate global model
2026-04-14 14:40:18,390 - Averaged Train Loss: 1.7107
2026-04-14 14:40:18,390 - Test Accurancy: 0.3686
2026-04-14 14:40:28,589 - Round number: 19 --------------------------
2026-04-14 14:40:28,589 - Evaluate global model
2026-04-14 14:40:31,234 - Averaged Train Loss: 1.6957
2026-04-14 14:40:31,234 - Test Accurancy: 0.3753
2026-04-14 14:40:42,263 - Round number: 20 --------------------------
2026-04-14 14:40:42,268 - Evaluate global model
2026-04-14 14:40:44,724 - Averaged Train Loss: 1.6799
2026-04-14 14:40:44,724 - Test Accurancy: 0.3806
2026-04-14 14:40:55,241 - Round number: 21 --------------------------
2026-04-14 14:40:55,241 - Evaluate global model
2026-04-14 14:40:57,709 - Averaged Train Loss: 1.6646
2026-04-14 14:40:57,709 - Test Accurancy: 0.3862
2026-04-14 14:41:08,052 - Round number: 22 --------------------------
2026-04-14 14:41:08,053 - Evaluate global model
2026-04-14 14:41:10,748 - Averaged Train Loss: 1.6560
2026-04-14 14:41:10,749 - Test Accurancy: 0.3891
2026-04-14 14:41:20,258 - Round number: 23 --------------------------
2026-04-14 14:41:20,271 - Evaluate global model
2026-04-14 14:41:23,400 - Averaged Train Loss: 1.6470
2026-04-14 14:41:23,401 - Test Accurancy: 0.3917
2026-04-14 14:41:31,262 - Round number: 24 --------------------------
2026-04-14 14:41:31,262 - Evaluate global model
2026-04-14 14:41:34,730 - Averaged Train Loss: 1.6292
2026-04-14 14:41:34,730 - Test Accurancy: 0.3966
2026-04-14 14:41:43,516 - Round number: 25 --------------------------
2026-04-14 14:41:43,516 - Evaluate global model
2026-04-14 14:41:46,549 - Averaged Train Loss: 1.6186
2026-04-14 14:41:46,549 - Test Accurancy: 0.3993
2026-04-14 14:41:56,232 - Round number: 26 --------------------------
2026-04-14 14:41:56,233 - Evaluate global model
2026-04-14 14:41:59,235 - Averaged Train Loss: 1.6145
2026-04-14 14:41:59,235 - Test Accurancy: 0.3990
2026-04-14 14:42:08,960 - Round number: 27 --------------------------
2026-04-14 14:42:08,963 - Evaluate global model
2026-04-14 14:42:12,267 - Averaged Train Loss: 1.6025
2026-04-14 14:42:12,267 - Test Accurancy: 0.4023
2026-04-14 14:42:21,797 - Round number: 28 --------------------------
2026-04-14 14:42:21,797 - Evaluate global model
2026-04-14 14:42:24,774 - Averaged Train Loss: 1.5907
2026-04-14 14:42:24,774 - Test Accurancy: 0.4069
2026-04-14 14:42:33,529 - Round number: 29 --------------------------
2026-04-14 14:42:33,529 - Evaluate global model
2026-04-14 14:42:36,210 - Averaged Train Loss: 1.5798
2026-04-14 14:42:36,210 - Test Accurancy: 0.4121
2026-04-14 14:42:45,092 - Round number: 30 --------------------------
2026-04-14 14:42:45,092 - Evaluate global model
2026-04-14 14:42:47,587 - Averaged Train Loss: 1.5663
2026-04-14 14:42:47,587 - Test Accurancy: 0.4199
2026-04-14 14:42:55,837 - Round number: 31 --------------------------
2026-04-14 14:42:55,837 - Evaluate global model
2026-04-14 14:42:59,606 - Averaged Train Loss: 1.5594
2026-04-14 14:42:59,606 - Test Accurancy: 0.4206
2026-04-14 14:43:06,658 - Round number: 32 --------------------------
2026-04-14 14:43:06,659 - Evaluate global model
2026-04-14 14:43:10,480 - Averaged Train Loss: 1.5545
2026-04-14 14:43:10,480 - Test Accurancy: 0.4219
2026-04-14 14:43:18,188 - Round number: 33 --------------------------
2026-04-14 14:43:18,189 - Evaluate global model
2026-04-14 14:43:21,430 - Averaged Train Loss: 1.5441
2026-04-14 14:43:21,430 - Test Accurancy: 0.4278
2026-04-14 14:43:29,915 - Round number: 34 --------------------------
2026-04-14 14:43:29,915 - Evaluate global model
2026-04-14 14:43:32,846 - Averaged Train Loss: 1.5386
2026-04-14 14:43:32,846 - Test Accurancy: 0.4308
2026-04-14 14:43:40,781 - Round number: 35 --------------------------
2026-04-14 14:43:40,781 - Evaluate global model
2026-04-14 14:43:44,042 - Averaged Train Loss: 1.5332
2026-04-14 14:43:44,042 - Test Accurancy: 0.4304
2026-04-14 14:43:51,995 - Round number: 36 --------------------------
2026-04-14 14:43:51,995 - Evaluate global model
2026-04-14 14:43:55,038 - Averaged Train Loss: 1.5298
2026-04-14 14:43:55,039 - Test Accurancy: 0.4310
2026-04-14 14:44:03,755 - Round number: 37 --------------------------
2026-04-14 14:44:03,755 - Evaluate global model
2026-04-14 14:44:07,055 - Averaged Train Loss: 1.5247
2026-04-14 14:44:07,055 - Test Accurancy: 0.4336
2026-04-14 14:44:14,883 - Round number: 38 --------------------------
2026-04-14 14:44:14,883 - Evaluate global model
2026-04-14 14:44:18,778 - Averaged Train Loss: 1.5183
2026-04-14 14:44:18,778 - Test Accurancy: 0.4353
2026-04-14 14:44:25,993 - Round number: 39 --------------------------
2026-04-14 14:44:25,993 - Evaluate global model
2026-04-14 14:44:29,892 - Averaged Train Loss: 1.5110
2026-04-14 14:44:29,892 - Test Accurancy: 0.4382
2026-04-14 14:44:37,822 - Round number: 40 --------------------------
2026-04-14 14:44:37,822 - Evaluate global model
2026-04-14 14:44:41,644 - Averaged Train Loss: 1.5010
2026-04-14 14:44:41,644 - Test Accurancy: 0.4433
2026-04-14 14:44:50,016 - Round number: 41 --------------------------
2026-04-14 14:44:50,016 - Evaluate global model
2026-04-14 14:44:53,052 - Averaged Train Loss: 1.4949
2026-04-14 14:44:53,052 - Test Accurancy: 0.4468
2026-04-14 14:45:01,226 - Round number: 42 --------------------------
2026-04-14 14:45:01,226 - Evaluate global model
2026-04-14 14:45:04,739 - Averaged Train Loss: 1.4899
2026-04-14 14:45:04,739 - Test Accurancy: 0.4484
2026-04-14 14:45:12,246 - Round number: 43 --------------------------
2026-04-14 14:45:12,246 - Evaluate global model
2026-04-14 14:45:16,040 - Averaged Train Loss: 1.4771
2026-04-14 14:45:16,040 - Test Accurancy: 0.4528
2026-04-14 14:45:23,338 - Round number: 44 --------------------------
2026-04-14 14:45:23,338 - Evaluate global model
2026-04-14 14:45:26,819 - Averaged Train Loss: 1.4737
2026-04-14 14:45:26,820 - Test Accurancy: 0.4557
2026-04-14 14:45:34,309 - Round number: 45 --------------------------
2026-04-14 14:45:34,309 - Evaluate global model
2026-04-14 14:45:38,387 - Averaged Train Loss: 1.4694
2026-04-14 14:45:38,387 - Test Accurancy: 0.4558
2026-04-14 14:45:44,732 - Round number: 46 --------------------------
2026-04-14 14:45:44,732 - Evaluate global model
2026-04-14 14:45:49,122 - Averaged Train Loss: 1.4638
2026-04-14 14:45:49,122 - Test Accurancy: 0.4593
2026-04-14 14:45:56,153 - Round number: 47 --------------------------
2026-04-14 14:45:56,153 - Evaluate global model
2026-04-14 14:45:59,841 - Averaged Train Loss: 1.4588
2026-04-14 14:45:59,842 - Test Accurancy: 0.4595
2026-04-14 14:46:07,876 - Round number: 48 --------------------------
2026-04-14 14:46:07,876 - Evaluate global model
2026-04-14 14:46:11,116 - Averaged Train Loss: 1.4585
2026-04-14 14:46:11,116 - Test Accurancy: 0.4606
2026-04-14 14:46:18,725 - Round number: 49 --------------------------
2026-04-14 14:46:18,725 - Evaluate global model
2026-04-14 14:46:22,892 - Averaged Train Loss: 1.4608
2026-04-14 14:46:22,892 - Test Accurancy: 0.4611
2026-04-14 14:46:29,488 - Round number: 50 --------------------------
2026-04-14 14:46:29,489 - Evaluate global model
2026-04-14 14:46:33,361 - Averaged Train Loss: 1.4526
2026-04-14 14:46:33,362 - Test Accurancy: 0.4631
2026-04-14 14:46:40,504 - Round number: 51 --------------------------
2026-04-14 14:46:40,504 - Evaluate global model
2026-04-14 14:46:44,089 - Averaged Train Loss: 1.4475
2026-04-14 14:46:44,089 - Test Accurancy: 0.4645
2026-04-14 14:46:51,033 - Round number: 52 --------------------------
2026-04-14 14:46:51,033 - Evaluate global model
2026-04-14 14:46:55,467 - Averaged Train Loss: 1.4453
2026-04-14 14:46:55,467 - Test Accurancy: 0.4669
2026-04-14 14:47:01,908 - Round number: 53 --------------------------
2026-04-14 14:47:01,909 - Evaluate global model
2026-04-14 14:47:06,146 - Averaged Train Loss: 1.4417
2026-04-14 14:47:06,146 - Test Accurancy: 0.4687
2026-04-14 14:47:13,463 - Round number: 54 --------------------------
2026-04-14 14:47:13,463 - Evaluate global model
2026-04-14 14:47:16,688 - Averaged Train Loss: 1.4258
2026-04-14 14:47:16,689 - Test Accurancy: 0.4746
2026-04-14 14:47:24,953 - Round number: 55 --------------------------
2026-04-14 14:47:24,954 - Evaluate global model
2026-04-14 14:47:28,213 - Averaged Train Loss: 1.4234
2026-04-14 14:47:28,213 - Test Accurancy: 0.4750
2026-04-14 14:47:35,417 - Round number: 56 --------------------------
2026-04-14 14:47:35,417 - Evaluate global model
2026-04-14 14:47:39,562 - Averaged Train Loss: 1.4192
2026-04-14 14:47:39,562 - Test Accurancy: 0.4755
2026-04-14 14:47:46,123 - Round number: 57 --------------------------
2026-04-14 14:47:46,123 - Evaluate global model
2026-04-14 14:47:49,845 - Averaged Train Loss: 1.4173
2026-04-14 14:47:49,845 - Test Accurancy: 0.4778
2026-04-14 14:47:57,190 - Round number: 58 --------------------------
2026-04-14 14:47:57,190 - Evaluate global model
2026-04-14 14:48:00,686 - Averaged Train Loss: 1.4126
2026-04-14 14:48:00,686 - Test Accurancy: 0.4791
2026-04-14 14:48:07,616 - Round number: 59 --------------------------
2026-04-14 14:48:07,616 - Evaluate global model
2026-04-14 14:48:11,604 - Averaged Train Loss: 1.4109
2026-04-14 14:48:11,604 - Test Accurancy: 0.4802
2026-04-14 14:48:18,832 - Round number: 60 --------------------------
2026-04-14 14:48:18,832 - Evaluate global model
2026-04-14 14:48:22,274 - Averaged Train Loss: 1.4051
2026-04-14 14:48:22,275 - Test Accurancy: 0.4809
2026-04-14 14:48:30,512 - Round number: 61 --------------------------
2026-04-14 14:48:30,512 - Evaluate global model
2026-04-14 14:48:33,341 - Averaged Train Loss: 1.3960
2026-04-14 14:48:33,342 - Test Accurancy: 0.4849
2026-04-14 14:48:41,278 - Round number: 62 --------------------------
2026-04-14 14:48:41,278 - Evaluate global model
2026-04-14 14:48:45,047 - Averaged Train Loss: 1.3872
2026-04-14 14:48:45,047 - Test Accurancy: 0.4895
2026-04-14 14:48:51,703 - Round number: 63 --------------------------
2026-04-14 14:48:51,703 - Evaluate global model
2026-04-14 14:48:55,781 - Averaged Train Loss: 1.3928
2026-04-14 14:48:55,782 - Test Accurancy: 0.4870
2026-04-14 14:49:02,856 - Round number: 64 --------------------------
2026-04-14 14:49:02,856 - Evaluate global model
2026-04-14 14:49:06,346 - Averaged Train Loss: 1.3854
2026-04-14 14:49:06,347 - Test Accurancy: 0.4889
2026-04-14 14:49:13,847 - Round number: 65 --------------------------
2026-04-14 14:49:13,847 - Evaluate global model
2026-04-14 14:49:17,325 - Averaged Train Loss: 1.3765
2026-04-14 14:49:17,325 - Test Accurancy: 0.4922
2026-04-14 14:49:24,435 - Round number: 66 --------------------------
2026-04-14 14:49:24,435 - Evaluate global model
2026-04-14 14:49:28,028 - Averaged Train Loss: 1.3797
2026-04-14 14:49:28,029 - Test Accurancy: 0.4915
2026-04-14 14:49:35,889 - Round number: 67 --------------------------
2026-04-14 14:49:35,890 - Evaluate global model
2026-04-14 14:49:38,572 - Averaged Train Loss: 1.3753
2026-04-14 14:49:38,573 - Test Accurancy: 0.4930
2026-04-14 14:49:47,177 - Round number: 68 --------------------------
2026-04-14 14:49:47,178 - Evaluate global model
2026-04-14 14:49:49,986 - Averaged Train Loss: 1.3749
2026-04-14 14:49:49,986 - Test Accurancy: 0.4924
2026-04-14 14:49:57,581 - Round number: 69 --------------------------
2026-04-14 14:49:57,582 - Evaluate global model
2026-04-14 14:50:01,552 - Averaged Train Loss: 1.3753
2026-04-14 14:50:01,552 - Test Accurancy: 0.4928
2026-04-14 14:50:08,297 - Round number: 70 --------------------------
2026-04-14 14:50:08,298 - Evaluate global model
2026-04-14 14:50:11,806 - Averaged Train Loss: 1.3690
2026-04-14 14:50:11,806 - Test Accurancy: 0.4944
2026-04-14 14:50:19,738 - Round number: 71 --------------------------
2026-04-14 14:50:19,738 - Evaluate global model
2026-04-14 14:50:22,902 - Averaged Train Loss: 1.3642
2026-04-14 14:50:22,902 - Test Accurancy: 0.4964
2026-04-14 14:50:30,654 - Round number: 72 --------------------------
2026-04-14 14:50:30,654 - Evaluate global model
2026-04-14 14:50:34,175 - Averaged Train Loss: 1.3573
2026-04-14 14:50:34,175 - Test Accurancy: 0.4984
2026-04-14 14:50:41,701 - Round number: 73 --------------------------
2026-04-14 14:50:41,701 - Evaluate global model
2026-04-14 14:50:44,911 - Averaged Train Loss: 1.3569
2026-04-14 14:50:44,912 - Test Accurancy: 0.4984
2026-04-14 14:50:53,244 - Round number: 74 --------------------------
2026-04-14 14:50:53,244 - Evaluate global model
2026-04-14 14:50:55,736 - Averaged Train Loss: 1.3584
2026-04-14 14:50:55,736 - Test Accurancy: 0.4986
2026-04-14 14:51:03,928 - Round number: 75 --------------------------
2026-04-14 14:51:03,928 - Evaluate global model
2026-04-14 14:51:07,292 - Averaged Train Loss: 1.3500
2026-04-14 14:51:07,292 - Test Accurancy: 0.5010
2026-04-14 14:51:14,269 - Round number: 76 --------------------------
2026-04-14 14:51:14,269 - Evaluate global model
2026-04-14 14:51:18,214 - Averaged Train Loss: 1.3484
2026-04-14 14:51:18,214 - Test Accurancy: 0.5022
2026-04-14 14:51:25,578 - Round number: 77 --------------------------
2026-04-14 14:51:25,578 - Evaluate global model
2026-04-14 14:51:28,762 - Averaged Train Loss: 1.3442
2026-04-14 14:51:28,762 - Test Accurancy: 0.5036
2026-04-14 14:51:37,108 - Round number: 78 --------------------------
2026-04-14 14:51:37,108 - Evaluate global model
2026-04-14 14:51:39,716 - Averaged Train Loss: 1.3458
2026-04-14 14:51:39,716 - Test Accurancy: 0.5038
2026-04-14 14:51:47,705 - Round number: 79 --------------------------
2026-04-14 14:51:47,705 - Evaluate global model
2026-04-14 14:51:50,836 - Averaged Train Loss: 1.3361
2026-04-14 14:51:50,836 - Test Accurancy: 0.5070
2026-04-14 14:51:58,994 - Round number: 80 --------------------------
2026-04-14 14:51:58,994 - Evaluate global model
2026-04-14 14:52:01,571 - Averaged Train Loss: 1.3398
2026-04-14 14:52:01,571 - Test Accurancy: 0.5066
2026-04-14 14:52:10,345 - Round number: 81 --------------------------
2026-04-14 14:52:10,346 - Evaluate global model
2026-04-14 14:52:12,925 - Averaged Train Loss: 1.3310
2026-04-14 14:52:12,925 - Test Accurancy: 0.5079
2026-04-14 14:52:20,339 - Round number: 82 --------------------------
2026-04-14 14:52:20,339 - Evaluate global model
2026-04-14 14:52:24,117 - Averaged Train Loss: 1.3265
2026-04-14 14:52:24,117 - Test Accurancy: 0.5106
2026-04-14 14:52:31,237 - Round number: 83 --------------------------
2026-04-14 14:52:31,237 - Evaluate global model
2026-04-14 14:52:34,340 - Averaged Train Loss: 1.3275
2026-04-14 14:52:34,340 - Test Accurancy: 0.5102
2026-04-14 14:52:42,944 - Round number: 84 --------------------------
2026-04-14 14:52:42,944 - Evaluate global model
2026-04-14 14:52:45,288 - Averaged Train Loss: 1.3214
2026-04-14 14:52:45,288 - Test Accurancy: 0.5120
2026-04-14 14:52:53,982 - Round number: 85 --------------------------
2026-04-14 14:52:53,982 - Evaluate global model
2026-04-14 14:52:56,879 - Averaged Train Loss: 1.3277
2026-04-14 14:52:56,879 - Test Accurancy: 0.5100
2026-04-14 14:53:04,500 - Round number: 86 --------------------------
2026-04-14 14:53:04,500 - Evaluate global model
2026-04-14 14:53:07,399 - Averaged Train Loss: 1.3206
2026-04-14 14:53:07,399 - Test Accurancy: 0.5121
2026-04-14 14:53:15,763 - Round number: 87 --------------------------
2026-04-14 14:53:15,763 - Evaluate global model
2026-04-14 14:53:18,625 - Averaged Train Loss: 1.3208
2026-04-14 14:53:18,625 - Test Accurancy: 0.5112
2026-04-14 14:53:26,496 - Round number: 88 --------------------------
2026-04-14 14:53:26,496 - Evaluate global model
2026-04-14 14:53:29,844 - Averaged Train Loss: 1.3187
2026-04-14 14:53:29,845 - Test Accurancy: 0.5130
2026-04-14 14:53:36,883 - Round number: 89 --------------------------
2026-04-14 14:53:36,883 - Evaluate global model
2026-04-14 14:53:39,902 - Averaged Train Loss: 1.3141
2026-04-14 14:53:39,902 - Test Accurancy: 0.5146
2026-04-14 14:53:48,393 - Round number: 90 --------------------------
2026-04-14 14:53:48,394 - Evaluate global model
2026-04-14 14:53:50,486 - Averaged Train Loss: 1.3129
2026-04-14 14:53:50,486 - Test Accurancy: 0.5167
2026-04-14 14:53:59,731 - Round number: 91 --------------------------
2026-04-14 14:53:59,731 - Evaluate global model
2026-04-14 14:54:02,019 - Averaged Train Loss: 1.3078
2026-04-14 14:54:02,020 - Test Accurancy: 0.5171
2026-04-14 14:54:09,800 - Round number: 92 --------------------------
2026-04-14 14:54:09,800 - Evaluate global model
2026-04-14 14:54:13,031 - Averaged Train Loss: 1.3038
2026-04-14 14:54:13,031 - Test Accurancy: 0.5188
2026-04-14 14:54:20,879 - Round number: 93 --------------------------
2026-04-14 14:54:20,880 - Evaluate global model
2026-04-14 14:54:23,815 - Averaged Train Loss: 1.3005
2026-04-14 14:54:23,815 - Test Accurancy: 0.5182
2026-04-14 14:54:32,053 - Round number: 94 --------------------------
2026-04-14 14:54:32,054 - Evaluate global model
2026-04-14 14:54:34,850 - Averaged Train Loss: 1.3007
2026-04-14 14:54:34,850 - Test Accurancy: 0.5190
2026-04-14 14:54:42,678 - Round number: 95 --------------------------
2026-04-14 14:54:42,678 - Evaluate global model
2026-04-14 14:54:45,654 - Averaged Train Loss: 1.2976
2026-04-14 14:54:45,654 - Test Accurancy: 0.5186
2026-04-14 14:54:53,744 - Round number: 96 --------------------------
2026-04-14 14:54:53,744 - Evaluate global model
2026-04-14 14:54:56,122 - Averaged Train Loss: 1.2933
2026-04-14 14:54:56,122 - Test Accurancy: 0.5208
2026-04-14 14:55:05,471 - Round number: 97 --------------------------
2026-04-14 14:55:05,471 - Evaluate global model
2026-04-14 14:55:07,638 - Averaged Train Loss: 1.2914
2026-04-14 14:55:07,638 - Test Accurancy: 0.5208
2026-04-14 14:55:15,753 - Round number: 98 --------------------------
2026-04-14 14:55:15,753 - Evaluate global model
2026-04-14 14:55:19,206 - Averaged Train Loss: 1.2930
2026-04-14 14:55:19,206 - Test Accurancy: 0.5199
2026-04-14 14:55:26,369 - Round number: 99 --------------------------
2026-04-14 14:55:26,369 - Evaluate global model
2026-04-14 14:55:29,653 - Averaged Train Loss: 1.2905
2026-04-14 14:55:29,653 - Test Accurancy: 0.5211
2026-04-14 14:55:37,531 - Round number: 100 --------------------------
2026-04-14 14:55:37,532 - Evaluate global model
2026-04-14 14:55:40,154 - Averaged Train Loss: 1.2883
2026-04-14 14:55:40,154 - Test Accurancy: 0.5223
2026-04-14 14:55:48,408 - Run over
2026-04-14 14:55:48,409 - Saving results to ./exp/exp4/Cifar10/trmean_CAMP_clipping_v6.h5
2026-04-14 14:55:48,414 - Best accuracy: 0.5223443223443224
2026-04-14 14:55:48,415 - Average time cost per round: 11.666107034683227
