2026-04-12 01:43:57,512 - *****************EXP-4*****************
2026-04-12 01:43:57,513 - Exp repeats: 1
2026-04-12 01:43:57,513 - Communication Rounds: 100
2026-04-12 01:43:57,513 - Clients: 40

2026-04-12 01:43:57,513 - Attack method: CAMP
2026-04-12 01:43:57,513 - Filtering rule: trmean
2026-04-12 01:43:57,513 - Dataset: Cifar10
2026-04-12 01:43:57,513 - Model: cnn2
2026-04-12 01:43:57,513 - Learning Rate: 0.04
2026-04-12 01:43:57,513 - Batch Size: 64
2026-04-12 01:43:57,513 - Device: cuda
2026-04-12 01:43:57,513 - Device id: 0
2026-04-12 01:43:57,513 - Adversaries: 8
2026-04-12 01:43:57,513 - Model Poisoning: CAMP attack, mode clipping_v4
2026-04-12 01:43:57,513 - *****************EXP-4*****************
2026-04-12 01:43:57,947 - Running time: 0th ==========================
2026-04-12 01:44:03,315 - Round number: 0 --------------------------
2026-04-12 01:44:03,315 - Evaluate global model
2026-04-12 01:44:06,388 - Averaged Train Loss: 2.3046
2026-04-12 01:44:06,388 - Test Accurancy: 0.0977
2026-04-12 01:44:17,916 - Round number: 1 --------------------------
2026-04-12 01:44:17,917 - Evaluate global model
2026-04-12 01:44:20,182 - Averaged Train Loss: 2.2787
2026-04-12 01:44:20,183 - Test Accurancy: 0.1194
2026-04-12 01:44:30,235 - Round number: 2 --------------------------
2026-04-12 01:44:30,235 - Evaluate global model
2026-04-12 01:44:33,793 - Averaged Train Loss: 2.1855
2026-04-12 01:44:33,793 - Test Accurancy: 0.1879
2026-04-12 01:44:42,261 - Round number: 3 --------------------------
2026-04-12 01:44:42,262 - Evaluate global model
2026-04-12 01:44:45,867 - Averaged Train Loss: 2.0991
2026-04-12 01:44:45,868 - Test Accurancy: 0.2167
2026-04-12 01:44:55,611 - Round number: 4 --------------------------
2026-04-12 01:44:55,611 - Evaluate global model
2026-04-12 01:44:58,754 - Averaged Train Loss: 2.0438
2026-04-12 01:44:58,755 - Test Accurancy: 0.2367
2026-04-12 01:45:07,312 - Round number: 5 --------------------------
2026-04-12 01:45:07,312 - Evaluate global model
2026-04-12 01:45:10,640 - Averaged Train Loss: 1.9929
2026-04-12 01:45:10,640 - Test Accurancy: 0.2596
2026-04-12 01:45:20,831 - Round number: 6 --------------------------
2026-04-12 01:45:20,832 - Evaluate global model
2026-04-12 01:45:23,381 - Averaged Train Loss: 1.9601
2026-04-12 01:45:23,381 - Test Accurancy: 0.2777
2026-04-12 01:45:32,638 - Round number: 7 --------------------------
2026-04-12 01:45:32,639 - Evaluate global model
2026-04-12 01:45:36,937 - Averaged Train Loss: 1.9233
2026-04-12 01:45:36,938 - Test Accurancy: 0.2984
2026-04-12 01:45:45,021 - Round number: 8 --------------------------
2026-04-12 01:45:45,022 - Evaluate global model
2026-04-12 01:45:48,880 - Averaged Train Loss: 1.8927
2026-04-12 01:45:48,880 - Test Accurancy: 0.3156
2026-04-12 01:45:58,179 - Round number: 9 --------------------------
2026-04-12 01:45:58,179 - Evaluate global model
2026-04-12 01:46:01,432 - Averaged Train Loss: 1.8601
2026-04-12 01:46:01,432 - Test Accurancy: 0.3331
2026-04-12 01:46:10,001 - Round number: 10 --------------------------
2026-04-12 01:46:10,001 - Evaluate global model
2026-04-12 01:46:14,120 - Averaged Train Loss: 1.8214
2026-04-12 01:46:14,120 - Test Accurancy: 0.3540
2026-04-12 01:46:23,138 - Round number: 11 --------------------------
2026-04-12 01:46:23,139 - Evaluate global model
2026-04-12 01:46:26,437 - Averaged Train Loss: 1.7966
2026-04-12 01:46:26,437 - Test Accurancy: 0.3609
2026-04-12 01:46:35,789 - Round number: 12 --------------------------
2026-04-12 01:46:35,789 - Evaluate global model
2026-04-12 01:46:40,086 - Averaged Train Loss: 1.7749
2026-04-12 01:46:40,086 - Test Accurancy: 0.3700
2026-04-12 01:46:47,792 - Round number: 13 --------------------------
2026-04-12 01:46:47,793 - Evaluate global model
2026-04-12 01:46:52,455 - Averaged Train Loss: 1.7517
2026-04-12 01:46:52,455 - Test Accurancy: 0.3752
2026-04-12 01:47:00,999 - Round number: 14 --------------------------
2026-04-12 01:47:00,999 - Evaluate global model
2026-04-12 01:47:04,339 - Averaged Train Loss: 1.7264
2026-04-12 01:47:04,339 - Test Accurancy: 0.3854
2026-04-12 01:47:13,233 - Round number: 15 --------------------------
2026-04-12 01:47:13,233 - Evaluate global model
2026-04-12 01:47:16,498 - Averaged Train Loss: 1.7066
2026-04-12 01:47:16,498 - Test Accurancy: 0.3873
2026-04-12 01:47:25,714 - Round number: 16 --------------------------
2026-04-12 01:47:25,714 - Evaluate global model
2026-04-12 01:47:28,323 - Averaged Train Loss: 1.6731
2026-04-12 01:47:28,323 - Test Accurancy: 0.4047
2026-04-12 01:47:37,001 - Round number: 17 --------------------------
2026-04-12 01:47:37,002 - Evaluate global model
2026-04-12 01:47:41,065 - Averaged Train Loss: 1.6490
2026-04-12 01:47:41,065 - Test Accurancy: 0.4140
2026-04-12 01:47:48,694 - Round number: 18 --------------------------
2026-04-12 01:47:48,695 - Evaluate global model
2026-04-12 01:47:52,732 - Averaged Train Loss: 1.6306
2026-04-12 01:47:52,732 - Test Accurancy: 0.4165
2026-04-12 01:48:01,824 - Round number: 19 --------------------------
2026-04-12 01:48:01,825 - Evaluate global model
2026-04-12 01:48:04,152 - Averaged Train Loss: 1.6178
2026-04-12 01:48:04,152 - Test Accurancy: 0.4208
2026-04-12 01:48:13,753 - Round number: 20 --------------------------
2026-04-12 01:48:13,754 - Evaluate global model
2026-04-12 01:48:16,859 - Averaged Train Loss: 1.6010
2026-04-12 01:48:16,859 - Test Accurancy: 0.4252
2026-04-12 01:48:25,315 - Round number: 21 --------------------------
2026-04-12 01:48:25,315 - Evaluate global model
2026-04-12 01:48:29,155 - Averaged Train Loss: 1.5742
2026-04-12 01:48:29,155 - Test Accurancy: 0.4382
2026-04-12 01:48:38,256 - Round number: 22 --------------------------
2026-04-12 01:48:38,256 - Evaluate global model
2026-04-12 01:48:40,975 - Averaged Train Loss: 1.5499
2026-04-12 01:48:40,975 - Test Accurancy: 0.4483
2026-04-12 01:48:50,261 - Round number: 23 --------------------------
2026-04-12 01:48:50,261 - Evaluate global model
2026-04-12 01:48:53,899 - Averaged Train Loss: 1.5428
2026-04-12 01:48:53,899 - Test Accurancy: 0.4482
2026-04-12 01:49:02,137 - Round number: 24 --------------------------
2026-04-12 01:49:02,137 - Evaluate global model
2026-04-12 01:49:05,996 - Averaged Train Loss: 1.5256
2026-04-12 01:49:05,996 - Test Accurancy: 0.4529
2026-04-12 01:49:15,167 - Round number: 25 --------------------------
2026-04-12 01:49:15,168 - Evaluate global model
2026-04-12 01:49:17,969 - Averaged Train Loss: 1.5243
2026-04-12 01:49:17,969 - Test Accurancy: 0.4535
2026-04-12 01:49:27,105 - Round number: 26 --------------------------
2026-04-12 01:49:27,105 - Evaluate global model
2026-04-12 01:49:31,076 - Averaged Train Loss: 1.5034
2026-04-12 01:49:31,076 - Test Accurancy: 0.4589
2026-04-12 01:49:38,915 - Round number: 27 --------------------------
2026-04-12 01:49:38,916 - Evaluate global model
2026-04-12 01:49:41,866 - Averaged Train Loss: 1.4882
2026-04-12 01:49:41,866 - Test Accurancy: 0.4629
2026-04-12 01:49:51,028 - Round number: 28 --------------------------
2026-04-12 01:49:51,028 - Evaluate global model
2026-04-12 01:49:54,271 - Averaged Train Loss: 1.4815
2026-04-12 01:49:54,271 - Test Accurancy: 0.4644
2026-04-12 01:50:02,629 - Round number: 29 --------------------------
2026-04-12 01:50:02,629 - Evaluate global model
2026-04-12 01:50:06,715 - Averaged Train Loss: 1.4673
2026-04-12 01:50:06,716 - Test Accurancy: 0.4693
2026-04-12 01:50:15,204 - Round number: 30 --------------------------
2026-04-12 01:50:15,204 - Evaluate global model
2026-04-12 01:50:17,937 - Averaged Train Loss: 1.4639
2026-04-12 01:50:17,947 - Test Accurancy: 0.4711
2026-04-12 01:50:26,984 - Round number: 31 --------------------------
2026-04-12 01:50:26,984 - Evaluate global model
2026-04-12 01:50:31,039 - Averaged Train Loss: 1.4542
2026-04-12 01:50:31,040 - Test Accurancy: 0.4739
2026-04-12 01:50:38,961 - Round number: 32 --------------------------
2026-04-12 01:50:38,961 - Evaluate global model
2026-04-12 01:50:43,163 - Averaged Train Loss: 1.4389
2026-04-12 01:50:43,163 - Test Accurancy: 0.4795
2026-04-12 01:50:52,486 - Round number: 33 --------------------------
2026-04-12 01:50:52,486 - Evaluate global model
2026-04-12 01:50:55,205 - Averaged Train Loss: 1.4320
2026-04-12 01:50:55,206 - Test Accurancy: 0.4819
2026-04-12 01:51:04,548 - Round number: 34 --------------------------
2026-04-12 01:51:04,548 - Evaluate global model
2026-04-12 01:51:07,874 - Averaged Train Loss: 1.4190
2026-04-12 01:51:07,874 - Test Accurancy: 0.4844
2026-04-12 01:51:15,249 - Round number: 35 --------------------------
2026-04-12 01:51:15,249 - Evaluate global model
2026-04-12 01:51:18,966 - Averaged Train Loss: 1.4234
2026-04-12 01:51:18,967 - Test Accurancy: 0.4826
2026-04-12 01:51:27,961 - Round number: 36 --------------------------
2026-04-12 01:51:27,961 - Evaluate global model
2026-04-12 01:51:31,286 - Averaged Train Loss: 1.4093
2026-04-12 01:51:31,286 - Test Accurancy: 0.4884
2026-04-12 01:51:39,930 - Round number: 37 --------------------------
2026-04-12 01:51:39,931 - Evaluate global model
2026-04-12 01:51:43,872 - Averaged Train Loss: 1.4107
2026-04-12 01:51:43,872 - Test Accurancy: 0.4884
2026-04-12 01:51:52,524 - Round number: 38 --------------------------
2026-04-12 01:51:52,524 - Evaluate global model
2026-04-12 01:51:55,935 - Averaged Train Loss: 1.4013
2026-04-12 01:51:55,935 - Test Accurancy: 0.4900
2026-04-12 01:52:05,284 - Round number: 39 --------------------------
2026-04-12 01:52:05,284 - Evaluate global model
2026-04-12 01:52:08,398 - Averaged Train Loss: 1.3993
2026-04-12 01:52:08,398 - Test Accurancy: 0.4880
2026-04-12 01:52:16,389 - Round number: 40 --------------------------
2026-04-12 01:52:16,389 - Evaluate global model
2026-04-12 01:52:20,302 - Averaged Train Loss: 1.3895
2026-04-12 01:52:20,302 - Test Accurancy: 0.4910
2026-04-12 01:52:29,053 - Round number: 41 --------------------------
2026-04-12 01:52:29,054 - Evaluate global model
2026-04-12 01:52:32,374 - Averaged Train Loss: 1.3779
2026-04-12 01:52:32,375 - Test Accurancy: 0.4970
2026-04-12 01:52:41,294 - Round number: 42 --------------------------
2026-04-12 01:52:41,294 - Evaluate global model
2026-04-12 01:52:45,658 - Averaged Train Loss: 1.3715
2026-04-12 01:52:45,658 - Test Accurancy: 0.4996
2026-04-12 01:52:53,510 - Round number: 43 --------------------------
2026-04-12 01:52:53,510 - Evaluate global model
2026-04-12 01:52:57,551 - Averaged Train Loss: 1.3714
2026-04-12 01:52:57,552 - Test Accurancy: 0.5018
2026-04-12 01:53:06,545 - Round number: 44 --------------------------
2026-04-12 01:53:06,545 - Evaluate global model
2026-04-12 01:53:09,289 - Averaged Train Loss: 1.3621
2026-04-12 01:53:09,290 - Test Accurancy: 0.5036
2026-04-12 01:53:17,161 - Round number: 45 --------------------------
2026-04-12 01:53:17,162 - Evaluate global model
2026-04-12 01:53:21,580 - Averaged Train Loss: 1.3538
2026-04-12 01:53:21,580 - Test Accurancy: 0.5082
2026-04-12 01:53:29,914 - Round number: 46 --------------------------
2026-04-12 01:53:29,915 - Evaluate global model
2026-04-12 01:53:32,931 - Averaged Train Loss: 1.3524
2026-04-12 01:53:32,932 - Test Accurancy: 0.5042
2026-04-12 01:53:42,768 - Round number: 47 --------------------------
2026-04-12 01:53:42,768 - Evaluate global model
2026-04-12 01:53:45,271 - Averaged Train Loss: 1.3456
2026-04-12 01:53:45,271 - Test Accurancy: 0.5069
2026-04-12 01:53:53,023 - Round number: 48 --------------------------
2026-04-12 01:53:53,023 - Evaluate global model
2026-04-12 01:53:57,691 - Averaged Train Loss: 1.3312
2026-04-12 01:53:57,691 - Test Accurancy: 0.5126
2026-04-12 01:54:05,384 - Round number: 49 --------------------------
2026-04-12 01:54:05,384 - Evaluate global model
2026-04-12 01:54:08,362 - Averaged Train Loss: 1.3367
2026-04-12 01:54:08,363 - Test Accurancy: 0.5098
2026-04-12 01:54:18,054 - Round number: 50 --------------------------
2026-04-12 01:54:18,055 - Evaluate global model
2026-04-12 01:54:21,065 - Averaged Train Loss: 1.3246
2026-04-12 01:54:21,065 - Test Accurancy: 0.5164
2026-04-12 01:54:29,568 - Round number: 51 --------------------------
2026-04-12 01:54:29,568 - Evaluate global model
2026-04-12 01:54:33,215 - Averaged Train Loss: 1.3259
2026-04-12 01:54:33,215 - Test Accurancy: 0.5156
2026-04-12 01:54:41,534 - Round number: 52 --------------------------
2026-04-12 01:54:41,535 - Evaluate global model
2026-04-12 01:54:45,576 - Averaged Train Loss: 1.3163
2026-04-12 01:54:45,577 - Test Accurancy: 0.5176
2026-04-12 01:54:53,387 - Round number: 53 --------------------------
2026-04-12 01:54:53,387 - Evaluate global model
2026-04-12 01:54:57,702 - Averaged Train Loss: 1.3130
2026-04-12 01:54:57,702 - Test Accurancy: 0.5195
2026-04-12 01:55:06,188 - Round number: 54 --------------------------
2026-04-12 01:55:06,188 - Evaluate global model
2026-04-12 01:55:08,479 - Averaged Train Loss: 1.3111
2026-04-12 01:55:08,479 - Test Accurancy: 0.5204
2026-04-12 01:55:17,916 - Round number: 55 --------------------------
2026-04-12 01:55:17,916 - Evaluate global model
2026-04-12 01:55:21,909 - Averaged Train Loss: 1.3037
2026-04-12 01:55:21,909 - Test Accurancy: 0.5207
2026-04-12 01:55:29,041 - Round number: 56 --------------------------
2026-04-12 01:55:29,042 - Evaluate global model
