2026-04-15 16:16:35,567 - *****************EXP-5*****************
2026-04-15 16:16:35,567 - Exp repeats: 1
2026-04-15 16:16:35,567 - Communication Rounds: 100
2026-04-15 16:16:35,567 - Clients: 40

2026-04-15 16:16:35,567 - Attack method: CAMP
2026-04-15 16:16:35,567 - Filtering rule: flame
2026-04-15 16:16:35,567 - Dataset: FashionMNIST
2026-04-15 16:16:35,567 - Model: cnn
2026-04-15 16:16:35,567 - Learning Rate: 0.02
2026-04-15 16:16:35,567 - Batch Size: 64
2026-04-15 16:16:35,567 - Device: cuda
2026-04-15 16:16:35,567 - Device id: 0
2026-04-15 16:16:35,567 - Adversaries: 4
2026-04-15 16:16:35,567 - Model Poisoning: CAMP attack, mode clipping_v8
2026-04-15 16:16:35,567 - *****************EXP-5*****************
2026-04-15 16:16:35,813 - Running time: 0th ==========================
2026-04-15 16:16:38,821 - Round number: 0 --------------------------
2026-04-15 16:16:38,821 - Evaluate global model
2026-04-15 16:16:40,761 - Averaged Train Loss: 2.3011
2026-04-15 16:16:40,762 - Test Accurancy: 0.0974
2026-04-15 16:16:46,520 - Flame select clients: [0, 1, 3, 8, 10, 12, 13, 14, 15, 19, 20, 21, 24, 26, 29, 32, 33, 34, 37, 38, 39]
2026-04-15 16:16:46,549 - Round number: 1 --------------------------
2026-04-15 16:16:46,549 - Evaluate global model
2026-04-15 16:16:48,942 - Averaged Train Loss: 1.9774
2026-04-15 16:16:48,942 - Test Accurancy: 0.4353
2026-04-15 16:16:54,614 - Flame select clients: [0, 1, 2, 8, 10, 12, 13, 14, 15, 16, 19, 20, 21, 24, 26, 29, 32, 33, 34, 37, 38, 39]
2026-04-15 16:16:54,633 - Round number: 2 --------------------------
2026-04-15 16:16:54,633 - Evaluate global model
2026-04-15 16:16:56,200 - Averaged Train Loss: 1.4475
2026-04-15 16:16:56,200 - Test Accurancy: 0.5605
2026-04-15 16:17:01,881 - Flame select clients: [0, 1, 8, 10, 11, 12, 13, 14, 15, 19, 20, 21, 24, 29, 30, 32, 33, 34, 36, 37, 38, 39]
2026-04-15 16:17:01,895 - Round number: 3 --------------------------
2026-04-15 16:17:01,895 - Evaluate global model
2026-04-15 16:17:03,317 - Averaged Train Loss: 1.1105
2026-04-15 16:17:03,317 - Test Accurancy: 0.6078
2026-04-15 16:17:08,880 - Flame select clients: [0, 1, 8, 10, 11, 12, 14, 15, 19, 20, 21, 24, 29, 30, 32, 33, 34, 36, 37, 38, 39]
2026-04-15 16:17:08,892 - Round number: 4 --------------------------
2026-04-15 16:17:08,892 - Evaluate global model
2026-04-15 16:17:10,512 - Averaged Train Loss: 0.9636
2026-04-15 16:17:10,512 - Test Accurancy: 0.6455
2026-04-15 16:17:16,061 - Flame select clients: [0, 1, 3, 7, 8, 9, 11, 12, 13, 14, 15, 16, 19, 20, 21, 24, 29, 32, 33, 34, 37, 38, 39]
2026-04-15 16:17:16,076 - Round number: 5 --------------------------
2026-04-15 16:17:16,076 - Evaluate global model
2026-04-15 16:17:17,579 - Averaged Train Loss: 0.8579
2026-04-15 16:17:17,580 - Test Accurancy: 0.6825
2026-04-15 16:17:23,021 - Flame select clients: [0, 1, 3, 8, 9, 11, 12, 13, 19, 20, 21, 24, 29, 30, 32, 33, 34, 36, 37, 38, 39]
2026-04-15 16:17:23,035 - Round number: 6 --------------------------
2026-04-15 16:17:23,035 - Evaluate global model
2026-04-15 16:17:24,567 - Averaged Train Loss: 0.8092
2026-04-15 16:17:24,567 - Test Accurancy: 0.7030
2026-04-15 16:17:29,961 - Flame select clients: [0, 1, 3, 7, 8, 9, 11, 12, 13, 16, 19, 20, 21, 24, 29, 30, 32, 33, 34, 36, 37, 38, 39]
2026-04-15 16:17:29,976 - Round number: 7 --------------------------
2026-04-15 16:17:29,976 - Evaluate global model
2026-04-15 16:17:31,497 - Averaged Train Loss: 0.7766
2026-04-15 16:17:31,497 - Test Accurancy: 0.7125
2026-04-15 16:17:36,824 - Flame select clients: [0, 1, 3, 8, 9, 11, 12, 13, 19, 20, 21, 24, 29, 30, 32, 33, 34, 36, 37, 38, 39]
2026-04-15 16:17:36,839 - Round number: 8 --------------------------
2026-04-15 16:17:36,839 - Evaluate global model
2026-04-15 16:17:38,389 - Averaged Train Loss: 0.7544
2026-04-15 16:17:38,389 - Test Accurancy: 0.7215
2026-04-15 16:17:43,805 - Flame select clients: [0, 1, 3, 7, 8, 9, 11, 12, 13, 19, 20, 21, 24, 29, 30, 32, 33, 34, 36, 37, 38, 39]
2026-04-15 16:17:43,823 - Round number: 9 --------------------------
2026-04-15 16:17:43,823 - Evaluate global model
2026-04-15 16:17:45,570 - Averaged Train Loss: 0.7225
2026-04-15 16:17:45,570 - Test Accurancy: 0.7308
2026-04-15 16:17:51,126 - Flame select clients: [0, 1, 3, 7, 8, 9, 11, 12, 13, 14, 15, 19, 20, 21, 24, 29, 30, 32, 33, 34, 37, 38, 39]
2026-04-15 16:17:51,140 - Round number: 10 --------------------------
2026-04-15 16:17:51,141 - Evaluate global model
2026-04-15 16:17:52,472 - Averaged Train Loss: 0.6954
2026-04-15 16:17:52,472 - Test Accurancy: 0.7415
2026-04-15 16:17:57,938 - Flame select clients: [0, 1, 3, 7, 8, 9, 10, 11, 12, 13, 14, 15, 19, 20, 21, 24, 29, 30, 32, 33, 34, 37, 38, 39]
2026-04-15 16:17:57,957 - Round number: 11 --------------------------
2026-04-15 16:17:57,957 - Evaluate global model
2026-04-15 16:17:59,568 - Averaged Train Loss: 0.6812
2026-04-15 16:17:59,568 - Test Accurancy: 0.7467
2026-04-15 16:18:06,941 - Flame select clients: [0, 1, 3, 7, 8, 9, 10, 11, 12, 13, 14, 15, 16, 19, 20, 21, 24, 29, 30, 32, 33, 34, 37, 38, 39]
2026-04-15 16:18:06,967 - Round number: 12 --------------------------
2026-04-15 16:18:06,968 - Evaluate global model
2026-04-15 16:18:08,949 - Averaged Train Loss: 0.6701
2026-04-15 16:18:08,949 - Test Accurancy: 0.7515
2026-04-15 16:18:14,466 - Flame select clients: [0, 4, 6, 8, 11, 12, 13, 14, 15, 16, 19, 20, 21, 24, 29, 30, 32, 33, 34, 37, 39]
2026-04-15 16:18:14,483 - Round number: 13 --------------------------
2026-04-15 16:18:14,484 - Evaluate global model
2026-04-15 16:18:15,798 - Averaged Train Loss: 0.6875
2026-04-15 16:18:15,799 - Test Accurancy: 0.7439
2026-04-15 16:18:20,900 - Flame select clients: [0, 1, 4, 8, 11, 12, 13, 15, 16, 19, 20, 21, 24, 28, 29, 30, 32, 33, 34, 37, 39]
2026-04-15 16:18:20,936 - Round number: 14 --------------------------
2026-04-15 16:18:20,936 - Evaluate global model
2026-04-15 16:18:22,654 - Averaged Train Loss: 0.6736
2026-04-15 16:18:22,654 - Test Accurancy: 0.7468
2026-04-15 16:18:28,097 - Flame select clients: [0, 1, 3, 8, 9, 11, 12, 13, 14, 15, 16, 19, 20, 21, 24, 29, 30, 32, 33, 34, 37, 38, 39]
2026-04-15 16:18:28,115 - Round number: 15 --------------------------
2026-04-15 16:18:28,115 - Evaluate global model
2026-04-15 16:18:29,835 - Averaged Train Loss: 0.6374
2026-04-15 16:18:29,835 - Test Accurancy: 0.7607
2026-04-15 16:18:35,379 - Flame select clients: [0, 1, 8, 10, 11, 12, 13, 14, 15, 16, 19, 20, 21, 24, 29, 30, 32, 33, 34, 37, 39]
2026-04-15 16:18:35,395 - Round number: 16 --------------------------
2026-04-15 16:18:35,395 - Evaluate global model
2026-04-15 16:18:36,862 - Averaged Train Loss: 0.6434
2026-04-15 16:18:36,863 - Test Accurancy: 0.7590
2026-04-15 16:18:42,410 - Flame select clients: [0, 1, 3, 7, 8, 9, 10, 11, 12, 13, 14, 15, 19, 20, 21, 24, 29, 30, 32, 33, 34, 36, 37, 38, 39]
2026-04-15 16:18:42,427 - Round number: 17 --------------------------
2026-04-15 16:18:42,428 - Evaluate global model
2026-04-15 16:18:44,136 - Averaged Train Loss: 0.6261
2026-04-15 16:18:44,136 - Test Accurancy: 0.7625
2026-04-15 16:18:49,758 - Flame select clients: [0, 1, 8, 10, 11, 12, 13, 14, 15, 16, 19, 20, 21, 24, 29, 30, 32, 33, 34, 37, 39]
2026-04-15 16:18:49,777 - Round number: 18 --------------------------
2026-04-15 16:18:49,777 - Evaluate global model
2026-04-15 16:18:51,317 - Averaged Train Loss: 0.6242
2026-04-15 16:18:51,317 - Test Accurancy: 0.7647
2026-04-15 16:18:56,805 - Flame select clients: [0, 1, 3, 6, 8, 9, 10, 11, 13, 14, 15, 16, 19, 20, 21, 24, 29, 30, 32, 33, 34, 37, 38, 39]
2026-04-15 16:18:56,824 - Round number: 19 --------------------------
2026-04-15 16:18:56,824 - Evaluate global model
2026-04-15 16:18:58,341 - Averaged Train Loss: 0.6158
2026-04-15 16:18:58,341 - Test Accurancy: 0.7675
2026-04-15 16:19:03,636 - Flame select clients: [0, 4, 6, 8, 10, 11, 12, 13, 14, 15, 16, 19, 20, 21, 24, 29, 32, 33, 34, 37, 39]
2026-04-15 16:19:03,670 - Round number: 20 --------------------------
2026-04-15 16:19:03,670 - Evaluate global model
2026-04-15 16:19:05,118 - Averaged Train Loss: 0.6531
2026-04-15 16:19:05,118 - Test Accurancy: 0.7582
2026-04-15 16:19:10,526 - Flame select clients: [0, 8, 10, 11, 12, 13, 14, 15, 16, 19, 20, 21, 24, 28, 29, 30, 32, 33, 34, 37, 39]
2026-04-15 16:19:10,544 - Round number: 21 --------------------------
2026-04-15 16:19:10,545 - Evaluate global model
2026-04-15 16:19:12,108 - Averaged Train Loss: 0.6236
2026-04-15 16:19:12,109 - Test Accurancy: 0.7652
2026-04-15 16:19:17,589 - Flame select clients: [0, 6, 8, 10, 11, 13, 14, 15, 16, 19, 20, 21, 24, 28, 29, 30, 32, 33, 34, 37, 39]
2026-04-15 16:19:17,604 - Round number: 22 --------------------------
2026-04-15 16:19:17,604 - Evaluate global model
2026-04-15 16:19:19,341 - Averaged Train Loss: 0.6220
2026-04-15 16:19:19,342 - Test Accurancy: 0.7697
2026-04-15 16:19:24,852 - Flame select clients: [0, 4, 6, 8, 11, 12, 13, 14, 15, 16, 19, 20, 21, 24, 29, 30, 32, 33, 34, 37, 39]
2026-04-15 16:19:24,873 - Round number: 23 --------------------------
2026-04-15 16:19:24,873 - Evaluate global model
2026-04-15 16:19:26,443 - Averaged Train Loss: 0.6251
2026-04-15 16:19:26,443 - Test Accurancy: 0.7691
2026-04-15 16:19:31,847 - Flame select clients: [0, 8, 10, 11, 12, 13, 14, 15, 16, 19, 20, 21, 24, 28, 29, 30, 32, 33, 34, 37, 39]
2026-04-15 16:19:31,861 - Round number: 24 --------------------------
2026-04-15 16:19:31,861 - Evaluate global model
2026-04-15 16:19:33,505 - Averaged Train Loss: 0.6021
2026-04-15 16:19:33,505 - Test Accurancy: 0.7737
2026-04-15 16:19:39,213 - Flame select clients: [0, 6, 8, 10, 11, 12, 13, 14, 15, 16, 19, 20, 21, 24, 29, 30, 32, 33, 34, 37, 39]
2026-04-15 16:19:39,227 - Round number: 25 --------------------------
2026-04-15 16:19:39,227 - Evaluate global model
2026-04-15 16:19:40,834 - Averaged Train Loss: 0.5952
2026-04-15 16:19:40,834 - Test Accurancy: 0.7753
2026-04-15 16:19:46,339 - Flame select clients: [0, 6, 8, 10, 11, 12, 13, 14, 15, 16, 19, 20, 21, 24, 29, 30, 32, 33, 34, 37, 39]
2026-04-15 16:19:46,369 - Round number: 26 --------------------------
2026-04-15 16:19:46,369 - Evaluate global model
2026-04-15 16:19:48,296 - Averaged Train Loss: 0.5984
2026-04-15 16:19:48,296 - Test Accurancy: 0.7762
2026-04-15 16:19:53,687 - Flame select clients: [0, 4, 8, 10, 11, 12, 13, 14, 15, 16, 19, 20, 21, 24, 29, 30, 32, 33, 34, 37, 39]
2026-04-15 16:19:53,705 - Round number: 27 --------------------------
2026-04-15 16:19:53,705 - Evaluate global model
2026-04-15 16:19:55,317 - Averaged Train Loss: 0.5952
2026-04-15 16:19:55,317 - Test Accurancy: 0.7761
2026-04-15 16:20:00,810 - Flame select clients: [0, 6, 8, 10, 11, 12, 13, 14, 15, 16, 19, 20, 21, 24, 29, 30, 32, 33, 34, 37, 39]
2026-04-15 16:20:00,825 - Round number: 28 --------------------------
2026-04-15 16:20:00,825 - Evaluate global model
2026-04-15 16:20:02,408 - Averaged Train Loss: 0.5959
2026-04-15 16:20:02,409 - Test Accurancy: 0.7775
2026-04-15 16:20:08,250 - Flame select clients: [0, 1, 3, 4, 6, 8, 9, 11, 13, 14, 15, 16, 19, 20, 21, 24, 29, 30, 32, 33, 34, 37, 38, 39]
2026-04-15 16:20:08,264 - Round number: 29 --------------------------
2026-04-15 16:20:08,264 - Evaluate global model
2026-04-15 16:20:09,787 - Averaged Train Loss: 0.5766
2026-04-15 16:20:09,787 - Test Accurancy: 0.7829
2026-04-15 16:20:15,286 - Flame select clients: [0, 4, 6, 8, 11, 12, 13, 14, 15, 16, 19, 20, 21, 24, 29, 30, 32, 33, 34, 37, 39]
2026-04-15 16:20:15,300 - Round number: 30 --------------------------
2026-04-15 16:20:15,301 - Evaluate global model
2026-04-15 16:20:16,934 - Averaged Train Loss: 0.5840
2026-04-15 16:20:16,934 - Test Accurancy: 0.7815
2026-04-15 16:20:22,368 - Flame select clients: [0, 1, 3, 7, 8, 9, 11, 12, 13, 14, 15, 16, 19, 20, 21, 24, 29, 30, 32, 33, 34, 37, 38, 39]
2026-04-15 16:20:22,383 - Round number: 31 --------------------------
2026-04-15 16:20:22,383 - Evaluate global model
2026-04-15 16:20:23,941 - Averaged Train Loss: 0.5444
2026-04-15 16:20:23,941 - Test Accurancy: 0.7929
2026-04-15 16:20:29,510 - Flame select clients: [0, 1, 3, 6, 7, 8, 9, 11, 12, 13, 14, 15, 16, 19, 20, 21, 24, 29, 30, 32, 33, 34, 37, 38, 39]
2026-04-15 16:20:29,525 - Round number: 32 --------------------------
2026-04-15 16:20:29,525 - Evaluate global model
2026-04-15 16:20:30,878 - Averaged Train Loss: 0.5459
2026-04-15 16:20:30,879 - Test Accurancy: 0.7917
2026-04-15 16:20:36,349 - Flame select clients: [0, 4, 6, 8, 11, 12, 13, 14, 15, 16, 19, 20, 21, 24, 29, 30, 32, 33, 34, 37, 39]
2026-04-15 16:20:36,364 - Round number: 33 --------------------------
2026-04-15 16:20:36,364 - Evaluate global model
2026-04-15 16:20:37,778 - Averaged Train Loss: 0.5722
2026-04-15 16:20:37,778 - Test Accurancy: 0.7840
2026-04-15 16:20:43,289 - Flame select clients: [0, 4, 8, 10, 11, 13, 14, 15, 16, 19, 20, 21, 24, 28, 29, 30, 32, 33, 34, 37, 39]
2026-04-15 16:20:43,304 - Round number: 34 --------------------------
2026-04-15 16:20:43,304 - Evaluate global model
2026-04-15 16:20:44,965 - Averaged Train Loss: 0.5713
2026-04-15 16:20:44,965 - Test Accurancy: 0.7857
2026-04-15 16:20:50,384 - Flame select clients: [0, 1, 4, 6, 8, 11, 13, 14, 15, 16, 18, 19, 20, 21, 24, 25, 29, 30, 32, 33, 34, 37, 39]
2026-04-15 16:20:50,400 - Round number: 35 --------------------------
2026-04-15 16:20:50,400 - Evaluate global model
2026-04-15 16:20:52,069 - Averaged Train Loss: 0.5939
2026-04-15 16:20:52,070 - Test Accurancy: 0.7840
2026-04-15 16:20:57,516 - Flame select clients: [0, 1, 3, 4, 6, 7, 8, 9, 11, 13, 14, 15, 16, 19, 20, 21, 24, 29, 30, 32, 33, 34, 37, 38, 39]
2026-04-15 16:20:57,547 - Round number: 36 --------------------------
2026-04-15 16:20:57,548 - Evaluate global model
2026-04-15 16:20:59,356 - Averaged Train Loss: 0.5545
2026-04-15 16:20:59,357 - Test Accurancy: 0.7901
2026-04-15 16:21:04,770 - Flame select clients: [0, 4, 6, 8, 11, 13, 14, 15, 16, 19, 20, 21, 24, 28, 29, 30, 32, 33, 34, 37, 39]
2026-04-15 16:21:04,787 - Round number: 37 --------------------------
2026-04-15 16:21:04,787 - Evaluate global model
2026-04-15 16:21:06,300 - Averaged Train Loss: 0.5753
2026-04-15 16:21:06,300 - Test Accurancy: 0.7879
2026-04-15 16:21:11,889 - Flame select clients: [0, 6, 8, 11, 12, 13, 14, 15, 16, 19, 20, 21, 24, 28, 29, 30, 32, 33, 34, 37, 39]
2026-04-15 16:21:11,906 - Round number: 38 --------------------------
2026-04-15 16:21:11,906 - Evaluate global model
2026-04-15 16:21:13,455 - Averaged Train Loss: 0.5679
2026-04-15 16:21:13,455 - Test Accurancy: 0.7874
2026-04-15 16:21:19,058 - Flame select clients: [0, 6, 8, 11, 12, 13, 14, 15, 16, 19, 20, 21, 24, 28, 29, 30, 32, 33, 34, 37, 39]
2026-04-15 16:21:19,071 - Round number: 39 --------------------------
2026-04-15 16:21:19,072 - Evaluate global model
2026-04-15 16:21:20,698 - Averaged Train Loss: 0.5535
2026-04-15 16:21:20,698 - Test Accurancy: 0.7918
2026-04-15 16:21:26,108 - Flame select clients: [0, 6, 8, 10, 11, 12, 13, 14, 15, 16, 19, 20, 21, 24, 29, 30, 32, 33, 34, 37, 39]
2026-04-15 16:21:26,128 - Round number: 40 --------------------------
2026-04-15 16:21:26,128 - Evaluate global model
2026-04-15 16:21:27,747 - Averaged Train Loss: 0.5517
2026-04-15 16:21:27,747 - Test Accurancy: 0.7929
2026-04-15 16:21:33,168 - Flame select clients: [0, 4, 6, 8, 11, 13, 14, 15, 16, 18, 19, 20, 21, 24, 25, 28, 29, 30, 32, 33, 34, 37, 39]
2026-04-15 16:21:33,198 - Round number: 41 --------------------------
2026-04-15 16:21:33,198 - Evaluate global model
2026-04-15 16:21:34,902 - Averaged Train Loss: 0.5830
2026-04-15 16:21:34,902 - Test Accurancy: 0.7873
2026-04-15 16:21:40,313 - Flame select clients: [0, 4, 6, 10, 11, 12, 13, 14, 15, 16, 19, 20, 21, 24, 29, 30, 32, 33, 34, 37, 39]
2026-04-15 16:21:40,326 - Round number: 42 --------------------------
2026-04-15 16:21:40,326 - Evaluate global model
2026-04-15 16:21:41,850 - Averaged Train Loss: 0.5597
2026-04-15 16:21:41,850 - Test Accurancy: 0.7935
2026-04-15 16:21:47,262 - Flame select clients: [0, 2, 6, 8, 11, 13, 14, 15, 16, 19, 20, 21, 24, 26, 29, 30, 32, 33, 34, 37, 39]
2026-04-15 16:21:47,306 - Round number: 43 --------------------------
2026-04-15 16:21:47,306 - Evaluate global model
2026-04-15 16:21:49,286 - Averaged Train Loss: 0.5565
2026-04-15 16:21:49,289 - Test Accurancy: 0.7932
2026-04-15 16:21:57,594 - Flame select clients: [0, 6, 8, 10, 11, 13, 14, 15, 16, 19, 20, 21, 24, 28, 29, 30, 32, 33, 34, 37, 39]
2026-04-15 16:21:57,609 - Round number: 44 --------------------------
2026-04-15 16:21:57,609 - Evaluate global model
2026-04-15 16:21:59,094 - Averaged Train Loss: 0.5482
2026-04-15 16:21:59,094 - Test Accurancy: 0.7958
2026-04-15 16:22:04,559 - Flame select clients: [0, 4, 6, 8, 11, 13, 14, 15, 16, 18, 19, 20, 21, 24, 25, 29, 30, 32, 33, 34, 37, 39]
2026-04-15 16:22:04,575 - Round number: 45 --------------------------
2026-04-15 16:22:04,575 - Evaluate global model
2026-04-15 16:22:06,419 - Averaged Train Loss: 0.5764
2026-04-15 16:22:06,420 - Test Accurancy: 0.7882
2026-04-15 16:22:12,624 - Flame select clients: [0, 4, 6, 8, 11, 12, 13, 14, 15, 16, 18, 19, 20, 21, 24, 25, 29, 30, 32, 33, 34, 37, 39]
2026-04-15 16:22:12,639 - Round number: 46 --------------------------
2026-04-15 16:22:12,639 - Evaluate global model
2026-04-15 16:22:14,290 - Averaged Train Loss: 0.5741
2026-04-15 16:22:14,290 - Test Accurancy: 0.7914
2026-04-15 16:22:19,953 - Flame select clients: [0, 4, 6, 8, 10, 11, 13, 14, 15, 16, 18, 19, 20, 21, 24, 25, 29, 30, 32, 33, 34, 37, 39]
2026-04-15 16:22:19,970 - Round number: 47 --------------------------
2026-04-15 16:22:19,970 - Evaluate global model
2026-04-15 16:22:21,587 - Averaged Train Loss: 0.5823
2026-04-15 16:22:21,587 - Test Accurancy: 0.7898
2026-04-15 16:22:26,842 - Flame select clients: [0, 2, 6, 8, 11, 12, 13, 14, 15, 16, 19, 20, 21, 24, 29, 30, 32, 33, 34, 37, 39]
2026-04-15 16:22:26,859 - Round number: 48 --------------------------
2026-04-15 16:22:26,859 - Evaluate global model
2026-04-15 16:22:28,531 - Averaged Train Loss: 0.5462
2026-04-15 16:22:28,531 - Test Accurancy: 0.7948
2026-04-15 16:22:33,901 - Flame select clients: [0, 4, 6, 8, 11, 12, 13, 14, 15, 16, 18, 19, 20, 21, 22, 24, 25, 29, 30, 32, 33, 34, 37, 39]
2026-04-15 16:22:33,914 - Round number: 49 --------------------------
2026-04-15 16:22:33,914 - Evaluate global model
2026-04-15 16:22:35,466 - Averaged Train Loss: 0.5654
2026-04-15 16:22:35,466 - Test Accurancy: 0.7929
2026-04-15 16:22:41,059 - Flame select clients: [0, 4, 6, 8, 11, 12, 13, 14, 15, 16, 18, 19, 20, 21, 24, 25, 29, 30, 32, 33, 34, 37, 39]
2026-04-15 16:22:41,074 - Round number: 50 --------------------------
2026-04-15 16:22:41,074 - Evaluate global model
2026-04-15 16:22:42,440 - Averaged Train Loss: 0.5715
2026-04-15 16:22:42,441 - Test Accurancy: 0.7929
2026-04-15 16:22:47,861 - Flame select clients: [0, 1, 3, 6, 9, 11, 12, 13, 14, 15, 16, 19, 20, 21, 24, 29, 30, 32, 33, 34, 37, 38, 39]
2026-04-15 16:22:47,880 - Round number: 51 --------------------------
2026-04-15 16:22:47,880 - Evaluate global model
2026-04-15 16:22:49,514 - Averaged Train Loss: 0.5178
2026-04-15 16:22:49,514 - Test Accurancy: 0.8023
2026-04-15 16:22:54,828 - Flame select clients: [0, 4, 8, 11, 13, 14, 15, 16, 18, 19, 20, 21, 22, 24, 25, 29, 30, 32, 33, 34, 37, 39]
2026-04-15 16:22:54,842 - Round number: 52 --------------------------
2026-04-15 16:22:54,842 - Evaluate global model
2026-04-15 16:22:56,454 - Averaged Train Loss: 0.5568
2026-04-15 16:22:56,454 - Test Accurancy: 0.7949
2026-04-15 16:23:02,020 - Flame select clients: [0, 1, 3, 8, 9, 10, 11, 13, 14, 15, 16, 19, 20, 21, 24, 29, 31, 32, 33, 34, 37, 38, 39]
2026-04-15 16:23:02,041 - Round number: 53 --------------------------
2026-04-15 16:23:02,041 - Evaluate global model
2026-04-15 16:23:03,530 - Averaged Train Loss: 0.5114
2026-04-15 16:23:03,530 - Test Accurancy: 0.8063
2026-04-15 16:23:08,890 - Flame select clients: [0, 4, 6, 8, 11, 13, 14, 15, 16, 18, 19, 20, 21, 22, 24, 25, 29, 30, 32, 33, 34, 37, 39]
2026-04-15 16:23:08,911 - Round number: 54 --------------------------
2026-04-15 16:23:08,911 - Evaluate global model
2026-04-15 16:23:10,724 - Averaged Train Loss: 0.5604
2026-04-15 16:23:10,724 - Test Accurancy: 0.7956
2026-04-15 16:23:16,071 - Flame select clients: [0, 1, 3, 6, 8, 9, 11, 13, 14, 15, 16, 19, 21, 24, 29, 30, 32, 34, 37, 38, 39]
2026-04-15 16:23:16,086 - Round number: 55 --------------------------
2026-04-15 16:23:16,086 - Evaluate global model
2026-04-15 16:23:17,776 - Averaged Train Loss: 0.5360
2026-04-15 16:23:17,777 - Test Accurancy: 0.8013
2026-04-15 16:23:23,243 - Flame select clients: [0, 1, 3, 8, 9, 11, 13, 14, 15, 16, 19, 20, 21, 24, 29, 30, 32, 33, 34, 37, 38, 39]
2026-04-15 16:23:23,273 - Round number: 56 --------------------------
2026-04-15 16:23:23,274 - Evaluate global model
2026-04-15 16:23:24,841 - Averaged Train Loss: 0.5063
2026-04-15 16:23:24,841 - Test Accurancy: 0.8063
2026-04-15 16:23:30,657 - Flame select clients: [0, 2, 6, 8, 11, 12, 13, 14, 15, 16, 19, 20, 21, 24, 29, 30, 32, 33, 34, 37, 39]
2026-04-15 16:23:30,671 - Round number: 57 --------------------------
2026-04-15 16:23:30,671 - Evaluate global model
2026-04-15 16:23:32,052 - Averaged Train Loss: 0.5216
2026-04-15 16:23:32,052 - Test Accurancy: 0.8014
2026-04-15 16:23:37,445 - Flame select clients: [0, 1, 3, 8, 9, 11, 12, 13, 14, 15, 16, 19, 20, 21, 24, 29, 30, 32, 33, 34, 37, 38, 39]
2026-04-15 16:23:37,463 - Round number: 58 --------------------------
2026-04-15 16:23:37,463 - Evaluate global model
2026-04-15 16:23:39,166 - Averaged Train Loss: 0.5022
2026-04-15 16:23:39,167 - Test Accurancy: 0.8086
2026-04-15 16:23:45,110 - Flame select clients: [0, 1, 3, 6, 8, 9, 11, 13, 14, 15, 16, 19, 20, 21, 24, 29, 30, 31, 32, 33, 34, 37, 38, 39]
2026-04-15 16:23:45,127 - Round number: 59 --------------------------
2026-04-15 16:23:45,128 - Evaluate global model
2026-04-15 16:23:46,842 - Averaged Train Loss: 0.4986
2026-04-15 16:23:46,843 - Test Accurancy: 0.8089
2026-04-15 16:23:52,345 - Flame select clients: [0, 1, 2, 3, 6, 9, 11, 13, 14, 15, 16, 19, 20, 21, 24, 29, 30, 32, 33, 34, 37, 38, 39]
2026-04-15 16:23:52,363 - Round number: 60 --------------------------
2026-04-15 16:23:52,363 - Evaluate global model
2026-04-15 16:23:54,003 - Averaged Train Loss: 0.4986
2026-04-15 16:23:54,004 - Test Accurancy: 0.8079
2026-04-15 16:23:59,615 - Flame select clients: [0, 1, 2, 3, 6, 8, 9, 11, 12, 13, 14, 15, 16, 19, 20, 21, 24, 29, 30, 32, 33, 34, 37, 38, 39]
2026-04-15 16:23:59,630 - Round number: 61 --------------------------
2026-04-15 16:23:59,630 - Evaluate global model
2026-04-15 16:24:01,643 - Averaged Train Loss: 0.5018
2026-04-15 16:24:01,643 - Test Accurancy: 0.8071
2026-04-15 16:24:07,329 - Flame select clients: [0, 1, 2, 3, 6, 9, 11, 13, 14, 15, 16, 19, 20, 21, 24, 29, 30, 32, 33, 34, 37, 38, 39]
2026-04-15 16:24:07,369 - Round number: 62 --------------------------
2026-04-15 16:24:07,370 - Evaluate global model
2026-04-15 16:24:08,978 - Averaged Train Loss: 0.4960
2026-04-15 16:24:08,979 - Test Accurancy: 0.8088
2026-04-15 16:24:14,365 - Flame select clients: [0, 1, 2, 3, 9, 11, 13, 14, 15, 16, 19, 20, 21, 24, 29, 30, 32, 33, 34, 37, 38, 39]
2026-04-15 16:24:14,402 - Round number: 63 --------------------------
2026-04-15 16:24:14,402 - Evaluate global model
2026-04-15 16:24:15,979 - Averaged Train Loss: 0.4894
2026-04-15 16:24:15,980 - Test Accurancy: 0.8121
2026-04-15 16:24:21,119 - Flame select clients: [0, 1, 2, 3, 9, 11, 13, 14, 15, 16, 20, 21, 24, 29, 30, 32, 33, 34, 37, 38, 39]
2026-04-15 16:24:21,142 - Round number: 64 --------------------------
2026-04-15 16:24:21,142 - Evaluate global model
2026-04-15 16:24:22,706 - Averaged Train Loss: 0.4898
2026-04-15 16:24:22,706 - Test Accurancy: 0.8094
2026-04-15 16:24:28,118 - Flame select clients: [0, 2, 4, 6, 8, 11, 13, 14, 15, 16, 19, 20, 21, 24, 29, 30, 32, 33, 34, 37, 39]
2026-04-15 16:24:28,141 - Round number: 65 --------------------------
2026-04-15 16:24:28,142 - Evaluate global model
2026-04-15 16:24:29,661 - Averaged Train Loss: 0.5100
2026-04-15 16:24:29,661 - Test Accurancy: 0.8059
2026-04-15 16:24:35,146 - Flame select clients: [0, 2, 6, 8, 10, 11, 13, 14, 15, 16, 19, 20, 21, 24, 29, 30, 32, 33, 34, 37, 39]
2026-04-15 16:24:35,162 - Round number: 66 --------------------------
2026-04-15 16:24:35,162 - Evaluate global model
2026-04-15 16:24:36,660 - Averaged Train Loss: 0.5194
2026-04-15 16:24:36,660 - Test Accurancy: 0.8040
2026-04-15 16:24:42,220 - Flame select clients: [0, 1, 2, 3, 6, 9, 11, 12, 13, 14, 15, 16, 19, 20, 21, 24, 29, 30, 31, 32, 33, 34, 37, 38, 39]
2026-04-15 16:24:42,234 - Round number: 67 --------------------------
2026-04-15 16:24:42,234 - Evaluate global model
2026-04-15 16:24:43,769 - Averaged Train Loss: 0.4914
2026-04-15 16:24:43,769 - Test Accurancy: 0.8115
2026-04-15 16:24:49,215 - Flame select clients: [0, 2, 4, 6, 11, 12, 13, 14, 15, 16, 18, 19, 20, 21, 22, 24, 25, 29, 30, 32, 33, 34, 37, 39]
2026-04-15 16:24:49,234 - Round number: 68 --------------------------
2026-04-15 16:24:49,234 - Evaluate global model
2026-04-15 16:24:50,979 - Averaged Train Loss: 0.5209
2026-04-15 16:24:50,979 - Test Accurancy: 0.8051
2026-04-15 16:24:56,585 - Flame select clients: [0, 4, 6, 11, 13, 14, 15, 16, 18, 19, 20, 21, 22, 24, 25, 29, 30, 32, 33, 34, 37, 39]
2026-04-15 16:24:56,602 - Round number: 69 --------------------------
2026-04-15 16:24:56,602 - Evaluate global model
2026-04-15 16:24:58,036 - Averaged Train Loss: 0.5452
2026-04-15 16:24:58,036 - Test Accurancy: 0.8018
2026-04-15 16:25:03,442 - Flame select clients: [0, 2, 6, 8, 11, 12, 13, 14, 15, 16, 19, 20, 21, 24, 29, 30, 32, 33, 34, 37, 39]
2026-04-15 16:25:03,461 - Round number: 70 --------------------------
2026-04-15 16:25:03,461 - Evaluate global model
2026-04-15 16:25:04,823 - Averaged Train Loss: 0.5175
2026-04-15 16:25:04,823 - Test Accurancy: 0.8018
2026-04-15 16:25:10,046 - Flame select clients: [0, 2, 6, 8, 11, 12, 13, 14, 15, 16, 19, 20, 21, 24, 29, 30, 32, 33, 34, 37, 39]
2026-04-15 16:25:10,063 - Round number: 71 --------------------------
2026-04-15 16:25:10,063 - Evaluate global model
2026-04-15 16:25:11,848 - Averaged Train Loss: 0.5077
2026-04-15 16:25:11,848 - Test Accurancy: 0.8039
2026-04-15 16:25:17,689 - Flame select clients: [0, 1, 3, 6, 9, 11, 13, 14, 15, 16, 19, 20, 21, 24, 29, 30, 32, 33, 34, 37, 38, 39]
2026-04-15 16:25:17,702 - Round number: 72 --------------------------
2026-04-15 16:25:17,703 - Evaluate global model
2026-04-15 16:25:19,283 - Averaged Train Loss: 0.4871
2026-04-15 16:25:19,283 - Test Accurancy: 0.8128
2026-04-15 16:25:24,676 - Flame select clients: [0, 1, 2, 3, 9, 11, 13, 14, 15, 16, 19, 20, 21, 24, 29, 30, 32, 33, 34, 37, 38, 39]
2026-04-15 16:25:24,690 - Round number: 73 --------------------------
2026-04-15 16:25:24,690 - Evaluate global model
2026-04-15 16:25:26,100 - Averaged Train Loss: 0.4804
2026-04-15 16:25:26,100 - Test Accurancy: 0.8172
2026-04-15 16:25:31,583 - Flame select clients: [0, 1, 3, 6, 9, 11, 13, 14, 15, 16, 19, 20, 21, 24, 29, 30, 32, 33, 34, 37, 38, 39]
2026-04-15 16:25:31,606 - Round number: 74 --------------------------
2026-04-15 16:25:31,606 - Evaluate global model
2026-04-15 16:25:33,332 - Averaged Train Loss: 0.4813
2026-04-15 16:25:33,333 - Test Accurancy: 0.8152
2026-04-15 16:25:38,840 - Flame select clients: [0, 2, 6, 8, 11, 12, 13, 14, 15, 16, 19, 20, 21, 24, 29, 30, 32, 33, 34, 37, 39]
2026-04-15 16:25:38,860 - Round number: 75 --------------------------
2026-04-15 16:25:38,860 - Evaluate global model
2026-04-15 16:25:40,456 - Averaged Train Loss: 0.4978
2026-04-15 16:25:40,456 - Test Accurancy: 0.8074
2026-04-15 16:25:45,856 - Flame select clients: [0, 1, 2, 3, 9, 11, 12, 13, 14, 15, 16, 19, 20, 21, 24, 29, 30, 31, 32, 33, 34, 37, 38, 39]
2026-04-15 16:25:45,872 - Round number: 76 --------------------------
2026-04-15 16:25:45,873 - Evaluate global model
2026-04-15 16:25:47,332 - Averaged Train Loss: 0.4769
2026-04-15 16:25:47,333 - Test Accurancy: 0.8201
2026-04-15 16:25:51,678 - Flame select clients: [0, 2, 6, 11, 12, 13, 14, 15, 16, 19, 20, 21, 24, 28, 29, 30, 32, 33, 34, 37, 39]
2026-04-15 16:25:51,689 - Round number: 77 --------------------------
2026-04-15 16:25:51,689 - Evaluate global model
2026-04-15 16:25:52,624 - Averaged Train Loss: 0.4928
2026-04-15 16:25:52,625 - Test Accurancy: 0.8108
2026-04-15 16:25:55,687 - Flame select clients: [0, 1, 2, 3, 6, 9, 11, 12, 13, 14, 15, 16, 19, 20, 21, 24, 29, 30, 31, 32, 33, 34, 37, 38, 39]
2026-04-15 16:25:55,700 - Round number: 78 --------------------------
2026-04-15 16:25:55,700 - Evaluate global model
2026-04-15 16:25:56,594 - Averaged Train Loss: 0.4773
2026-04-15 16:25:56,594 - Test Accurancy: 0.8175
2026-04-15 16:26:00,110 - Flame select clients: [0, 1, 2, 6, 9, 13, 14, 15, 16, 19, 20, 21, 24, 29, 30, 32, 33, 34, 37, 38, 39]
2026-04-15 16:26:00,139 - Round number: 79 --------------------------
2026-04-15 16:26:00,140 - Evaluate global model
2026-04-15 16:26:01,335 - Averaged Train Loss: 0.4774
2026-04-15 16:26:01,335 - Test Accurancy: 0.8158
2026-04-15 16:26:04,583 - Flame select clients: [0, 1, 2, 3, 6, 9, 11, 12, 13, 14, 15, 16, 19, 20, 21, 24, 29, 30, 31, 32, 33, 34, 37, 38, 39]
2026-04-15 16:26:04,593 - Round number: 80 --------------------------
2026-04-15 16:26:04,593 - Evaluate global model
2026-04-15 16:26:05,493 - Averaged Train Loss: 0.4754
2026-04-15 16:26:05,493 - Test Accurancy: 0.8152
2026-04-15 16:26:08,779 - Flame select clients: [0, 1, 2, 3, 6, 9, 11, 12, 13, 14, 15, 16, 19, 20, 21, 24, 29, 30, 32, 33, 34, 37, 38, 39]
2026-04-15 16:26:08,793 - Round number: 81 --------------------------
2026-04-15 16:26:08,793 - Evaluate global model
2026-04-15 16:26:09,762 - Averaged Train Loss: 0.4730
2026-04-15 16:26:09,762 - Test Accurancy: 0.8199
2026-04-15 16:26:12,923 - Flame select clients: [0, 1, 2, 3, 9, 11, 12, 13, 14, 15, 16, 17, 19, 20, 21, 24, 29, 30, 31, 32, 33, 34, 37, 38, 39]
2026-04-15 16:26:12,937 - Round number: 82 --------------------------
2026-04-15 16:26:12,937 - Evaluate global model
2026-04-15 16:26:14,029 - Averaged Train Loss: 0.4669
2026-04-15 16:26:14,030 - Test Accurancy: 0.8285
2026-04-15 16:26:17,540 - Flame select clients: [0, 1, 3, 9, 11, 12, 13, 14, 15, 16, 19, 20, 21, 24, 29, 30, 31, 32, 33, 34, 37, 38, 39]
2026-04-15 16:26:17,555 - Round number: 83 --------------------------
2026-04-15 16:26:17,555 - Evaluate global model
2026-04-15 16:26:18,656 - Averaged Train Loss: 0.4647
2026-04-15 16:26:18,657 - Test Accurancy: 0.8279
2026-04-15 16:26:21,991 - Flame select clients: [0, 1, 3, 9, 11, 12, 13, 14, 15, 16, 19, 20, 21, 24, 29, 30, 31, 32, 33, 34, 37, 38, 39]
2026-04-15 16:26:22,006 - Round number: 84 --------------------------
2026-04-15 16:26:22,006 - Evaluate global model
2026-04-15 16:26:23,037 - Averaged Train Loss: 0.4662
2026-04-15 16:26:23,037 - Test Accurancy: 0.8259
2026-04-15 16:26:26,497 - Flame select clients: [0, 1, 3, 9, 11, 12, 13, 14, 15, 16, 20, 21, 24, 29, 30, 32, 33, 34, 37, 38, 39]
2026-04-15 16:26:26,515 - Round number: 85 --------------------------
2026-04-15 16:26:26,515 - Evaluate global model
2026-04-15 16:26:27,833 - Averaged Train Loss: 0.4706
2026-04-15 16:26:27,833 - Test Accurancy: 0.8182
2026-04-15 16:26:31,433 - Flame select clients: [0, 2, 6, 11, 12, 13, 14, 15, 16, 19, 20, 21, 24, 28, 29, 30, 32, 33, 34, 37, 39]
2026-04-15 16:26:31,455 - Round number: 86 --------------------------
2026-04-15 16:26:31,455 - Evaluate global model
2026-04-15 16:26:32,435 - Averaged Train Loss: 0.4842
2026-04-15 16:26:32,435 - Test Accurancy: 0.8135
2026-04-15 16:26:35,919 - Flame select clients: [0, 1, 2, 3, 6, 9, 11, 12, 13, 14, 15, 16, 19, 20, 21, 24, 29, 30, 31, 32, 33, 34, 37, 38, 39]
2026-04-15 16:26:35,931 - Round number: 87 --------------------------
2026-04-15 16:26:35,931 - Evaluate global model
2026-04-15 16:26:36,854 - Averaged Train Loss: 0.4731
2026-04-15 16:26:36,855 - Test Accurancy: 0.8176
2026-04-15 16:26:40,037 - Flame select clients: [0, 2, 6, 11, 12, 13, 14, 15, 16, 17, 19, 20, 21, 24, 29, 30, 32, 33, 34, 37, 39]
2026-04-15 16:26:40,051 - Round number: 88 --------------------------
2026-04-15 16:26:40,051 - Evaluate global model
2026-04-15 16:26:41,686 - Averaged Train Loss: 0.4741
2026-04-15 16:26:41,687 - Test Accurancy: 0.8209
2026-04-15 16:26:45,156 - Flame select clients: [0, 1, 2, 3, 6, 9, 11, 12, 13, 14, 15, 16, 19, 20, 21, 24, 29, 30, 32, 33, 34, 37, 38, 39]
2026-04-15 16:26:45,168 - Round number: 89 --------------------------
2026-04-15 16:26:45,168 - Evaluate global model
2026-04-15 16:26:46,172 - Averaged Train Loss: 0.4724
2026-04-15 16:26:46,172 - Test Accurancy: 0.8206
2026-04-15 16:26:49,597 - Flame select clients: [0, 1, 2, 3, 6, 9, 11, 13, 14, 15, 16, 21, 24, 28, 29, 30, 31, 32, 37, 38, 39]
2026-04-15 16:26:49,613 - Round number: 90 --------------------------
2026-04-15 16:26:49,614 - Evaluate global model
2026-04-15 16:26:50,611 - Averaged Train Loss: 0.4974
2026-04-15 16:26:50,611 - Test Accurancy: 0.8092
2026-04-15 16:26:53,817 - Flame select clients: [0, 1, 2, 3, 6, 9, 11, 12, 13, 14, 15, 16, 17, 19, 20, 21, 24, 29, 30, 31, 32, 33, 34, 37, 38, 39]
2026-04-15 16:26:53,834 - Round number: 91 --------------------------
2026-04-15 16:26:53,835 - Evaluate global model
2026-04-15 16:26:54,620 - Averaged Train Loss: 0.4746
2026-04-15 16:26:54,620 - Test Accurancy: 0.8156
2026-04-15 16:26:57,666 - Flame select clients: [0, 2, 6, 11, 12, 13, 14, 15, 16, 17, 19, 20, 21, 24, 29, 30, 32, 33, 34, 37, 39]
2026-04-15 16:26:57,681 - Round number: 92 --------------------------
2026-04-15 16:26:57,681 - Evaluate global model
2026-04-15 16:26:58,498 - Averaged Train Loss: 0.4716
2026-04-15 16:26:58,498 - Test Accurancy: 0.8190
2026-04-15 16:27:01,916 - Flame select clients: [0, 1, 3, 9, 11, 12, 13, 14, 15, 16, 20, 21, 24, 29, 30, 32, 33, 34, 37, 38, 39]
2026-04-15 16:27:01,929 - Round number: 93 --------------------------
2026-04-15 16:27:01,929 - Evaluate global model
2026-04-15 16:27:02,794 - Averaged Train Loss: 0.4655
2026-04-15 16:27:02,795 - Test Accurancy: 0.8197
2026-04-15 16:27:06,007 - Flame select clients: [0, 1, 2, 3, 6, 9, 11, 12, 13, 14, 15, 16, 17, 19, 20, 21, 24, 29, 30, 32, 33, 34, 37, 38, 39]
2026-04-15 16:27:06,020 - Round number: 94 --------------------------
2026-04-15 16:27:06,020 - Evaluate global model
2026-04-15 16:27:06,929 - Averaged Train Loss: 0.4624
2026-04-15 16:27:06,929 - Test Accurancy: 0.8279
2026-04-15 16:27:10,409 - Flame select clients: [0, 2, 6, 11, 13, 14, 15, 16, 17, 19, 20, 21, 24, 28, 29, 30, 32, 33, 34, 37, 39]
2026-04-15 16:27:10,424 - Round number: 95 --------------------------
2026-04-15 16:27:10,424 - Evaluate global model
2026-04-15 16:27:11,418 - Averaged Train Loss: 0.4728
2026-04-15 16:27:11,418 - Test Accurancy: 0.8193
2026-04-15 16:27:14,645 - Flame select clients: [0, 2, 6, 11, 13, 14, 15, 16, 17, 19, 20, 21, 24, 28, 29, 30, 32, 33, 34, 37, 39]
2026-04-15 16:27:14,657 - Round number: 96 --------------------------
2026-04-15 16:27:14,657 - Evaluate global model
2026-04-15 16:27:15,648 - Averaged Train Loss: 0.4765
2026-04-15 16:27:15,648 - Test Accurancy: 0.8175
2026-04-15 16:27:18,449 - Flame select clients: [0, 1, 3, 6, 9, 11, 12, 13, 14, 15, 16, 21, 24, 28, 29, 30, 31, 32, 37, 38, 39]
2026-04-15 16:27:18,463 - Round number: 97 --------------------------
2026-04-15 16:27:18,463 - Evaluate global model
2026-04-15 16:27:19,259 - Averaged Train Loss: 0.4896
2026-04-15 16:27:19,259 - Test Accurancy: 0.8102
2026-04-15 16:27:22,325 - Flame select clients: [0, 1, 2, 3, 6, 9, 11, 13, 14, 15, 16, 19, 21, 24, 29, 30, 32, 34, 37, 38, 39]
2026-04-15 16:27:22,340 - Round number: 98 --------------------------
2026-04-15 16:27:22,340 - Evaluate global model
2026-04-15 16:27:23,240 - Averaged Train Loss: 0.4901
2026-04-15 16:27:23,240 - Test Accurancy: 0.8106
2026-04-15 16:27:26,386 - Flame select clients: [0, 2, 6, 11, 13, 14, 15, 16, 17, 19, 20, 21, 24, 28, 29, 30, 32, 33, 34, 37, 39]
2026-04-15 16:27:26,399 - Round number: 99 --------------------------
2026-04-15 16:27:26,399 - Evaluate global model
2026-04-15 16:27:27,260 - Averaged Train Loss: 0.4804
2026-04-15 16:27:27,260 - Test Accurancy: 0.8155
2026-04-15 16:27:30,423 - Flame select clients: [0, 2, 6, 11, 12, 13, 14, 15, 16, 19, 20, 21, 24, 28, 29, 30, 32, 33, 34, 37, 39]
2026-04-15 16:27:30,435 - Round number: 100 --------------------------
2026-04-15 16:27:30,435 - Evaluate global model
2026-04-15 16:27:31,262 - Averaged Train Loss: 0.4839
2026-04-15 16:27:31,263 - Test Accurancy: 0.8139
2026-04-15 16:27:34,128 - Flame select clients: [0, 1, 2, 3, 6, 9, 11, 12, 13, 14, 15, 16, 17, 19, 20, 21, 24, 29, 30, 31, 32, 33, 34, 37, 38, 39]
2026-04-15 16:27:34,137 - Run over
2026-04-15 16:27:34,137 - Saving results to ./exp/exp5/FashionMNIST/flame_CAMP_clipping_v8.h5
2026-04-15 16:27:34,151 - Best accuracy: 0.8285371702637889
2026-04-15 16:27:34,151 - Average time cost per round: 6.475971660614014
