2026-04-15 16:43:21,174 - *****************EXP-5*****************
2026-04-15 16:43:21,175 - Exp repeats: 1
2026-04-15 16:43:21,175 - Communication Rounds: 100
2026-04-15 16:43:21,175 - Clients: 40

2026-04-15 16:43:21,175 - Attack method: none
2026-04-15 16:43:21,175 - Filtering rule: multi-krum
2026-04-15 16:43:21,175 - Dataset: FashionMNIST
2026-04-15 16:43:21,175 - Model: cnn
2026-04-15 16:43:21,175 - Learning Rate: 0.02
2026-04-15 16:43:21,175 - Batch Size: 64
2026-04-15 16:43:21,175 - Device: cuda
2026-04-15 16:43:21,175 - Device id: 0
2026-04-15 16:43:21,175 - Adversaries: 0
2026-04-15 16:43:21,175 - *****************EXP-5*****************
2026-04-15 16:43:21,855 - Running time: 0th ==========================
2026-04-15 16:43:25,388 - Round number: 0 --------------------------
2026-04-15 16:43:25,388 - Evaluate global model
2026-04-15 16:43:27,526 - Averaged Train Loss: 2.3011
2026-04-15 16:43:27,526 - Test Accurancy: 0.0974
2026-04-15 16:43:32,149 - Multi-krum select clients: [32, 14, 15, 39, 0, 38, 1, 29, 13, 37, 34, 10, 24, 2, 21, 20, 3, 26, 33, 8, 4, 30, 18, 35, 25, 11, 19, 31, 12, 28, 22, 7, 6, 16, 23, 5, 9, 36, 17]
2026-04-15 16:43:32,177 - Round number: 1 --------------------------
2026-04-15 16:43:32,178 - Evaluate global model
2026-04-15 16:43:34,120 - Averaged Train Loss: 1.7736
2026-04-15 16:43:34,120 - Test Accurancy: 0.5116
2026-04-15 16:43:38,654 - Multi-krum select clients: [32, 39, 15, 29, 14, 38, 34, 0, 37, 13, 24, 1, 33, 12, 8, 21, 20, 19, 2, 30, 11, 16, 10, 3, 7, 4, 26, 35, 28, 18, 25, 36, 22, 9, 31, 6, 5, 17, 27]
2026-04-15 16:43:38,667 - Round number: 2 --------------------------
2026-04-15 16:43:38,667 - Evaluate global model
2026-04-15 16:43:40,079 - Averaged Train Loss: 1.1927
2026-04-15 16:43:40,080 - Test Accurancy: 0.5908
2026-04-15 16:43:44,468 - Multi-krum select clients: [32, 0, 39, 34, 15, 29, 38, 24, 13, 12, 8, 1, 20, 37, 21, 11, 30, 33, 7, 2, 16, 3, 10, 19, 35, 28, 14, 4, 36, 6, 9, 26, 25, 18, 22, 31, 5, 17, 27]
2026-04-15 16:43:44,474 - Round number: 3 --------------------------
2026-04-15 16:43:44,474 - Evaluate global model
2026-04-15 16:43:45,754 - Averaged Train Loss: 0.9288
2026-04-15 16:43:45,755 - Test Accurancy: 0.6740
2026-04-15 16:43:50,384 - Multi-krum select clients: [0, 39, 29, 32, 34, 15, 37, 13, 24, 21, 20, 38, 8, 12, 30, 1, 33, 19, 2, 7, 11, 3, 16, 14, 35, 10, 28, 4, 6, 9, 36, 25, 26, 22, 18, 31, 5, 17, 27]
2026-04-15 16:43:50,392 - Round number: 4 --------------------------
2026-04-15 16:43:50,392 - Evaluate global model
2026-04-15 16:43:51,791 - Averaged Train Loss: 0.8268
2026-04-15 16:43:51,791 - Test Accurancy: 0.6978
2026-04-15 16:43:55,915 - Multi-krum select clients: [0, 29, 39, 32, 34, 24, 30, 37, 1, 21, 12, 8, 13, 33, 11, 19, 38, 16, 10, 20, 15, 3, 7, 2, 28, 4, 6, 9, 35, 36, 14, 25, 26, 17, 5, 22, 18, 31, 27]
2026-04-15 16:43:55,921 - Round number: 5 --------------------------
2026-04-15 16:43:55,921 - Evaluate global model
2026-04-15 16:43:57,422 - Averaged Train Loss: 0.7675
2026-04-15 16:43:57,422 - Test Accurancy: 0.7170
2026-04-15 16:44:01,447 - Multi-krum select clients: [0, 32, 29, 15, 39, 37, 34, 1, 24, 20, 30, 8, 13, 21, 33, 11, 38, 12, 14, 16, 26, 19, 3, 4, 2, 28, 7, 10, 35, 9, 6, 36, 25, 17, 5, 31, 22, 18, 27]
2026-04-15 16:44:01,455 - Round number: 6 --------------------------
2026-04-15 16:44:01,456 - Evaluate global model
2026-04-15 16:44:03,070 - Averaged Train Loss: 0.7277
2026-04-15 16:44:03,070 - Test Accurancy: 0.7314
2026-04-15 16:44:07,381 - Multi-krum select clients: [0, 29, 39, 34, 24, 15, 37, 21, 32, 13, 30, 8, 1, 11, 33, 20, 12, 10, 3, 4, 16, 19, 28, 2, 7, 38, 9, 6, 26, 14, 35, 36, 25, 17, 22, 5, 18, 31, 27]
2026-04-15 16:44:07,387 - Round number: 7 --------------------------
2026-04-15 16:44:07,388 - Evaluate global model
2026-04-15 16:44:09,290 - Averaged Train Loss: 0.7037
2026-04-15 16:44:09,290 - Test Accurancy: 0.7372
2026-04-15 16:44:13,708 - Multi-krum select clients: [0, 32, 29, 39, 37, 21, 24, 34, 13, 8, 1, 38, 11, 30, 10, 12, 16, 20, 19, 15, 26, 33, 4, 9, 14, 2, 7, 28, 36, 35, 3, 6, 25, 17, 18, 22, 5, 31, 27]
2026-04-15 16:44:13,717 - Round number: 8 --------------------------
2026-04-15 16:44:13,717 - Evaluate global model
2026-04-15 16:44:15,392 - Averaged Train Loss: 0.6794
2026-04-15 16:44:15,392 - Test Accurancy: 0.7459
2026-04-15 16:44:19,875 - Multi-krum select clients: [0, 32, 29, 34, 39, 15, 21, 13, 37, 24, 1, 30, 8, 26, 20, 11, 19, 12, 33, 10, 38, 16, 4, 9, 28, 35, 2, 6, 3, 36, 7, 25, 17, 18, 5, 22, 14, 31, 27]
2026-04-15 16:44:19,883 - Round number: 9 --------------------------
2026-04-15 16:44:19,883 - Evaluate global model
2026-04-15 16:44:21,499 - Averaged Train Loss: 0.6569
2026-04-15 16:44:21,499 - Test Accurancy: 0.7528
2026-04-15 16:44:25,782 - Multi-krum select clients: [0, 32, 29, 39, 15, 37, 21, 24, 34, 13, 8, 30, 20, 14, 1, 11, 10, 19, 33, 4, 16, 12, 26, 7, 9, 38, 3, 35, 6, 36, 28, 2, 25, 18, 17, 22, 31, 5, 27]
2026-04-15 16:44:25,792 - Round number: 10 --------------------------
2026-04-15 16:44:25,792 - Evaluate global model
2026-04-15 16:44:27,446 - Averaged Train Loss: 0.6399
2026-04-15 16:44:27,446 - Test Accurancy: 0.7606
2026-04-15 16:44:31,905 - Multi-krum select clients: [0, 32, 29, 21, 24, 15, 34, 39, 37, 30, 1, 14, 11, 13, 20, 10, 8, 19, 16, 33, 12, 9, 3, 2, 4, 26, 35, 28, 38, 7, 6, 36, 25, 22, 18, 17, 5, 31, 27]
2026-04-15 16:44:31,918 - Round number: 11 --------------------------
2026-04-15 16:44:31,919 - Evaluate global model
2026-04-15 16:44:33,578 - Averaged Train Loss: 0.6295
2026-04-15 16:44:33,579 - Test Accurancy: 0.7638
2026-04-15 16:44:38,249 - Multi-krum select clients: [0, 32, 15, 29, 34, 21, 39, 24, 37, 30, 1, 13, 10, 11, 20, 8, 14, 16, 33, 2, 19, 9, 12, 35, 4, 26, 28, 3, 38, 6, 7, 36, 18, 25, 17, 31, 22, 5, 27]
2026-04-15 16:44:38,257 - Round number: 12 --------------------------
2026-04-15 16:44:38,258 - Evaluate global model
2026-04-15 16:44:39,901 - Averaged Train Loss: 0.6180
2026-04-15 16:44:39,901 - Test Accurancy: 0.7674
2026-04-15 16:44:44,314 - Multi-krum select clients: [0, 32, 15, 29, 34, 24, 37, 39, 21, 14, 13, 30, 1, 26, 10, 16, 11, 8, 19, 20, 33, 9, 4, 12, 2, 35, 28, 38, 3, 7, 6, 25, 17, 36, 22, 18, 31, 5, 23]
2026-04-15 16:44:44,323 - Round number: 13 --------------------------
2026-04-15 16:44:44,323 - Evaluate global model
2026-04-15 16:44:45,874 - Averaged Train Loss: 0.6152
2026-04-15 16:44:45,875 - Test Accurancy: 0.7685
2026-04-15 16:44:50,444 - Multi-krum select clients: [0, 32, 15, 24, 39, 37, 21, 34, 29, 13, 20, 11, 30, 10, 1, 26, 33, 19, 16, 9, 8, 2, 12, 4, 35, 28, 38, 6, 3, 17, 36, 7, 14, 25, 22, 18, 31, 5, 23]
2026-04-15 16:44:50,451 - Round number: 14 --------------------------
2026-04-15 16:44:50,451 - Evaluate global model
2026-04-15 16:44:51,799 - Averaged Train Loss: 0.6044
2026-04-15 16:44:51,799 - Test Accurancy: 0.7726
2026-04-15 16:44:56,184 - Multi-krum select clients: [0, 32, 21, 15, 24, 39, 37, 14, 29, 34, 30, 13, 16, 1, 11, 38, 20, 19, 8, 10, 26, 2, 9, 33, 4, 12, 35, 17, 6, 7, 28, 3, 36, 18, 22, 25, 31, 5, 23]
2026-04-15 16:44:56,193 - Round number: 15 --------------------------
2026-04-15 16:44:56,193 - Evaluate global model
2026-04-15 16:44:57,588 - Averaged Train Loss: 0.5962
2026-04-15 16:44:57,589 - Test Accurancy: 0.7739
2026-04-15 16:45:02,124 - Multi-krum select clients: [0, 32, 15, 24, 29, 34, 21, 37, 39, 13, 30, 14, 1, 26, 19, 11, 20, 10, 2, 8, 33, 16, 9, 4, 12, 35, 7, 3, 28, 38, 6, 17, 36, 31, 25, 22, 18, 5, 23]
2026-04-15 16:45:02,132 - Round number: 16 --------------------------
2026-04-15 16:45:02,132 - Evaluate global model
2026-04-15 16:45:03,564 - Averaged Train Loss: 0.5920
2026-04-15 16:45:03,564 - Test Accurancy: 0.7769
2026-04-15 16:45:07,996 - Multi-krum select clients: [0, 32, 14, 15, 29, 37, 21, 34, 39, 13, 30, 11, 24, 20, 1, 16, 8, 10, 26, 2, 19, 33, 12, 9, 4, 28, 35, 38, 6, 3, 31, 7, 36, 17, 22, 25, 18, 5, 23]
2026-04-15 16:45:08,003 - Round number: 17 --------------------------
2026-04-15 16:45:08,003 - Evaluate global model
2026-04-15 16:45:09,556 - Averaged Train Loss: 0.5772
2026-04-15 16:45:09,557 - Test Accurancy: 0.7815
2026-04-15 16:45:13,928 - Multi-krum select clients: [0, 32, 14, 21, 15, 24, 39, 37, 29, 34, 30, 13, 1, 10, 11, 19, 8, 20, 2, 16, 26, 9, 33, 38, 12, 28, 3, 17, 4, 35, 6, 22, 36, 7, 25, 18, 31, 5, 23]
2026-04-15 16:45:13,936 - Round number: 18 --------------------------
2026-04-15 16:45:13,936 - Evaluate global model
2026-04-15 16:45:15,452 - Averaged Train Loss: 0.5722
2026-04-15 16:45:15,452 - Test Accurancy: 0.7838
2026-04-15 16:45:19,832 - Multi-krum select clients: [0, 32, 15, 14, 37, 29, 21, 39, 24, 34, 13, 30, 11, 1, 16, 20, 10, 8, 33, 26, 19, 2, 38, 9, 12, 4, 35, 3, 28, 6, 7, 17, 31, 22, 36, 25, 18, 5, 23]
2026-04-15 16:45:19,840 - Round number: 19 --------------------------
2026-04-15 16:45:19,841 - Evaluate global model
2026-04-15 16:45:21,629 - Averaged Train Loss: 0.5636
2026-04-15 16:45:21,629 - Test Accurancy: 0.7875
2026-04-15 16:45:26,036 - Multi-krum select clients: [0, 15, 37, 21, 32, 24, 14, 29, 39, 34, 30, 10, 16, 11, 1, 2, 20, 13, 8, 9, 19, 26, 12, 4, 35, 33, 38, 7, 6, 17, 3, 31, 28, 22, 25, 36, 18, 5, 23]
2026-04-15 16:45:26,043 - Round number: 20 --------------------------
2026-04-15 16:45:26,043 - Evaluate global model
2026-04-15 16:45:27,743 - Averaged Train Loss: 0.5592
2026-04-15 16:45:27,744 - Test Accurancy: 0.7883
2026-04-15 16:45:33,200 - Multi-krum select clients: [0, 14, 32, 15, 21, 37, 29, 34, 39, 24, 30, 10, 20, 13, 11, 16, 1, 26, 2, 19, 9, 8, 4, 12, 35, 28, 33, 31, 3, 38, 6, 17, 22, 25, 18, 36, 7, 5, 23]
2026-04-15 16:45:33,206 - Round number: 21 --------------------------
2026-04-15 16:45:33,206 - Evaluate global model
2026-04-15 16:45:34,839 - Averaged Train Loss: 0.5528
2026-04-15 16:45:34,839 - Test Accurancy: 0.7902
2026-04-15 16:45:40,160 - Multi-krum select clients: [0, 32, 14, 15, 37, 21, 29, 34, 39, 24, 10, 30, 16, 1, 11, 13, 2, 19, 26, 20, 9, 33, 8, 38, 4, 12, 28, 35, 6, 7, 31, 36, 3, 22, 25, 18, 5, 17, 23]
2026-04-15 16:45:40,171 - Round number: 22 --------------------------
2026-04-15 16:45:40,171 - Evaluate global model
2026-04-15 16:45:42,593 - Averaged Train Loss: 0.5485
2026-04-15 16:45:42,594 - Test Accurancy: 0.7925
2026-04-15 16:45:47,081 - Multi-krum select clients: [0, 14, 32, 15, 21, 39, 37, 24, 30, 34, 29, 26, 13, 16, 11, 1, 2, 10, 19, 8, 9, 12, 4, 33, 20, 38, 35, 3, 28, 6, 31, 7, 17, 18, 22, 25, 36, 5, 23]
2026-04-15 16:45:47,089 - Round number: 23 --------------------------
2026-04-15 16:45:47,089 - Evaluate global model
2026-04-15 16:45:49,279 - Averaged Train Loss: 0.5465
2026-04-15 16:45:49,279 - Test Accurancy: 0.7930
2026-04-15 16:45:54,295 - Multi-krum select clients: [0, 32, 15, 37, 14, 24, 34, 21, 13, 30, 39, 29, 1, 11, 16, 10, 2, 19, 9, 20, 26, 8, 33, 38, 12, 3, 4, 35, 28, 6, 31, 7, 17, 25, 36, 18, 22, 5, 23]
2026-04-15 16:45:54,309 - Round number: 24 --------------------------
2026-04-15 16:45:54,310 - Evaluate global model
2026-04-15 16:45:56,638 - Averaged Train Loss: 0.5400
2026-04-15 16:45:56,638 - Test Accurancy: 0.7958
2026-04-15 16:46:02,102 - Multi-krum select clients: [0, 32, 14, 15, 29, 37, 39, 34, 24, 30, 21, 13, 16, 26, 20, 2, 11, 10, 1, 9, 19, 8, 12, 33, 4, 28, 38, 3, 35, 6, 17, 31, 36, 22, 7, 25, 23, 18, 5]
2026-04-15 16:46:02,112 - Round number: 25 --------------------------
2026-04-15 16:46:02,112 - Evaluate global model
2026-04-15 16:46:03,563 - Averaged Train Loss: 0.5365
2026-04-15 16:46:03,563 - Test Accurancy: 0.7959
2026-04-15 16:46:09,349 - Multi-krum select clients: [0, 32, 14, 15, 13, 21, 37, 34, 24, 39, 29, 30, 26, 2, 19, 11, 10, 16, 38, 20, 1, 33, 8, 4, 9, 12, 28, 31, 3, 35, 6, 17, 36, 22, 7, 25, 18, 5, 23]
2026-04-15 16:46:09,367 - Round number: 26 --------------------------
2026-04-15 16:46:09,367 - Evaluate global model
2026-04-15 16:46:11,982 - Averaged Train Loss: 0.5295
2026-04-15 16:46:11,983 - Test Accurancy: 0.8007
