2026-04-15 16:16:36,007 - *****************EXP-5*****************
2026-04-15 16:16:36,007 - Exp repeats: 1
2026-04-15 16:16:36,007 - Communication Rounds: 100
2026-04-15 16:16:36,007 - Clients: 40

2026-04-15 16:16:36,007 - Attack method: CAMP
2026-04-15 16:16:36,007 - Filtering rule: multi-krum
2026-04-15 16:16:36,007 - Dataset: FashionMNIST
2026-04-15 16:16:36,007 - Model: cnn
2026-04-15 16:16:36,008 - Learning Rate: 0.02
2026-04-15 16:16:36,008 - Batch Size: 64
2026-04-15 16:16:36,008 - Device: cuda
2026-04-15 16:16:36,008 - Device id: 0
2026-04-15 16:16:36,008 - Adversaries: 4
2026-04-15 16:16:36,008 - Model Poisoning: CAMP attack, mode clipping_v8
2026-04-15 16:16:36,008 - *****************EXP-5*****************
2026-04-15 16:16:36,171 - Running time: 0th ==========================
2026-04-15 16:16:38,449 - Round number: 0 --------------------------
2026-04-15 16:16:38,449 - Evaluate global model
2026-04-15 16:16:40,422 - Averaged Train Loss: 2.3011
2026-04-15 16:16:40,422 - Test Accurancy: 0.0974
2026-04-15 16:16:45,392 - Multi-krum select clients: [32, 15, 14, 39, 38, 29, 13, 10, 37, 34, 21, 24, 20, 26, 33, 8, 1, 2, 3, 0, 4, 18, 25, 35, 30, 11, 19, 12, 31, 28, 6, 22, 7, 23, 16]
2026-04-15 16:16:45,406 - Round number: 1 --------------------------
2026-04-15 16:16:45,407 - Evaluate global model
2026-04-15 16:16:47,481 - Averaged Train Loss: 1.8769
2026-04-15 16:16:47,481 - Test Accurancy: 0.4672
2026-04-15 16:16:52,492 - Multi-krum select clients: [32, 15, 39, 14, 34, 29, 38, 37, 13, 33, 24, 21, 8, 12, 19, 10, 20, 16, 11, 4, 30, 26, 35, 18, 7, 25, 28, 22, 6, 36, 0, 3, 2, 1, 31]
2026-04-15 16:16:52,500 - Round number: 2 --------------------------
2026-04-15 16:16:52,500 - Evaluate global model
2026-04-15 16:16:53,945 - Averaged Train Loss: 1.3161
2026-04-15 16:16:53,945 - Test Accurancy: 0.5923
2026-04-15 16:16:58,495 - Multi-krum select clients: [32, 39, 34, 15, 29, 8, 12, 37, 38, 33, 13, 21, 24, 20, 10, 11, 1, 2, 3, 0, 14, 16, 19, 30, 4, 35, 28, 7, 25, 6, 36, 26, 18, 9, 22]
2026-04-15 16:16:58,503 - Round number: 3 --------------------------
2026-04-15 16:16:58,503 - Evaluate global model
2026-04-15 16:17:00,077 - Averaged Train Loss: 1.0225
2026-04-15 16:17:00,078 - Test Accurancy: 0.6484
2026-04-15 16:17:04,479 - Multi-krum select clients: [39, 29, 34, 1, 0, 3, 2, 15, 32, 37, 8, 21, 13, 24, 12, 33, 20, 38, 19, 30, 11, 10, 14, 16, 4, 28, 7, 6, 35, 36, 25, 9, 22, 26, 18]
2026-04-15 16:17:04,487 - Round number: 4 --------------------------
2026-04-15 16:17:04,487 - Evaluate global model
2026-04-15 16:17:06,183 - Averaged Train Loss: 0.9115
2026-04-15 16:17:06,184 - Test Accurancy: 0.6736
2026-04-15 16:17:10,721 - Multi-krum select clients: [1, 2, 3, 0, 39, 29, 34, 32, 37, 15, 8, 24, 12, 30, 33, 13, 21, 11, 10, 19, 16, 38, 6, 20, 4, 26, 28, 36, 7, 35, 25, 9, 14, 22, 18]
2026-04-15 16:17:10,729 - Round number: 5 --------------------------
2026-04-15 16:17:10,729 - Evaluate global model
2026-04-15 16:17:12,335 - Averaged Train Loss: 0.8317
2026-04-15 16:17:12,335 - Test Accurancy: 0.6986
2026-04-15 16:17:16,647 - Multi-krum select clients: [1, 2, 3, 0, 32, 39, 15, 29, 34, 37, 8, 24, 33, 13, 30, 20, 11, 21, 12, 14, 38, 4, 16, 19, 10, 28, 6, 36, 26, 35, 7, 25, 9, 18, 22]
2026-04-15 16:17:16,653 - Round number: 6 --------------------------
2026-04-15 16:17:16,653 - Evaluate global model
2026-04-15 16:17:18,221 - Averaged Train Loss: 0.7908
2026-04-15 16:17:18,222 - Test Accurancy: 0.7150
2026-04-15 16:17:22,707 - Multi-krum select clients: [1, 2, 3, 0, 39, 34, 29, 37, 15, 24, 8, 13, 21, 32, 33, 30, 14, 12, 11, 10, 20, 4, 19, 16, 6, 28, 36, 7, 38, 25, 35, 9, 26, 18, 22]
2026-04-15 16:17:22,715 - Round number: 7 --------------------------
2026-04-15 16:17:22,715 - Evaluate global model
2026-04-15 16:17:24,271 - Averaged Train Loss: 0.7588
2026-04-15 16:17:24,271 - Test Accurancy: 0.7203
2026-04-15 16:17:29,104 - Multi-krum select clients: [1, 2, 3, 0, 39, 32, 29, 34, 37, 8, 13, 24, 21, 11, 10, 12, 30, 38, 16, 33, 19, 20, 4, 15, 36, 6, 28, 26, 9, 7, 25, 35, 14, 18, 22]
2026-04-15 16:17:29,111 - Round number: 8 --------------------------
2026-04-15 16:17:29,111 - Evaluate global model
2026-04-15 16:17:30,547 - Averaged Train Loss: 0.7331
2026-04-15 16:17:30,547 - Test Accurancy: 0.7314
2026-04-15 16:17:35,164 - Multi-krum select clients: [1, 2, 3, 0, 34, 32, 29, 39, 15, 13, 37, 8, 21, 24, 30, 11, 19, 12, 33, 20, 10, 4, 16, 26, 6, 38, 28, 36, 35, 9, 25, 18, 7, 14, 22]
2026-04-15 16:17:35,172 - Round number: 9 --------------------------
2026-04-15 16:17:35,172 - Evaluate global model
2026-04-15 16:17:36,727 - Averaged Train Loss: 0.7089
2026-04-15 16:17:36,727 - Test Accurancy: 0.7371
2026-04-15 16:17:41,284 - Multi-krum select clients: [1, 2, 3, 0, 32, 29, 39, 15, 37, 34, 24, 13, 8, 21, 14, 30, 20, 11, 4, 10, 19, 12, 33, 36, 6, 16, 7, 28, 38, 25, 9, 35, 18, 22, 17]
2026-04-15 16:17:41,294 - Round number: 10 --------------------------
2026-04-15 16:17:41,294 - Evaluate global model
2026-04-15 16:17:42,988 - Averaged Train Loss: 0.6809
2026-04-15 16:17:42,989 - Test Accurancy: 0.7449
2026-04-15 16:17:47,888 - Multi-krum select clients: [1, 2, 3, 0, 32, 29, 39, 34, 24, 15, 21, 37, 14, 30, 8, 13, 11, 19, 10, 20, 33, 12, 16, 4, 28, 9, 6, 36, 35, 25, 7, 38, 18, 22, 26]
2026-04-15 16:17:47,895 - Round number: 11 --------------------------
2026-04-15 16:17:47,895 - Evaluate global model
2026-04-15 16:17:49,561 - Averaged Train Loss: 0.6804
2026-04-15 16:17:49,561 - Test Accurancy: 0.7472
2026-04-15 16:17:54,105 - Multi-krum select clients: [1, 2, 3, 0, 32, 15, 39, 34, 24, 29, 37, 21, 30, 13, 8, 10, 11, 20, 33, 4, 19, 14, 16, 12, 6, 28, 35, 9, 36, 25, 18, 38, 7, 26, 22]
2026-04-15 16:17:54,114 - Round number: 12 --------------------------
2026-04-15 16:17:54,114 - Evaluate global model
2026-04-15 16:17:55,999 - Averaged Train Loss: 0.6719
2026-04-15 16:17:55,999 - Test Accurancy: 0.7515
2026-04-15 16:18:00,705 - Multi-krum select clients: [1, 2, 3, 0, 32, 15, 34, 39, 29, 37, 24, 13, 8, 30, 21, 10, 11, 4, 19, 16, 33, 12, 20, 14, 26, 28, 9, 35, 6, 25, 38, 36, 7, 18, 22]
2026-04-15 16:18:00,717 - Round number: 13 --------------------------
2026-04-15 16:18:00,717 - Evaluate global model
2026-04-15 16:18:02,629 - Averaged Train Loss: 0.6660
2026-04-15 16:18:02,630 - Test Accurancy: 0.7532
2026-04-15 16:18:08,321 - Multi-krum select clients: [1, 2, 3, 0, 32, 39, 15, 13, 34, 24, 37, 29, 21, 20, 11, 30, 10, 8, 19, 33, 16, 4, 12, 6, 9, 28, 36, 35, 25, 14, 18, 38, 7, 26, 22]
2026-04-15 16:18:08,330 - Round number: 14 --------------------------
2026-04-15 16:18:08,331 - Evaluate global model
2026-04-15 16:18:09,760 - Averaged Train Loss: 0.6620
2026-04-15 16:18:09,761 - Test Accurancy: 0.7551
2026-04-15 16:18:14,490 - Multi-krum select clients: [1, 2, 3, 0, 39, 32, 15, 24, 37, 21, 34, 29, 30, 13, 14, 16, 8, 11, 19, 4, 10, 20, 33, 12, 38, 6, 9, 35, 26, 28, 18, 36, 25, 7, 22]
2026-04-15 16:18:14,496 - Round number: 15 --------------------------
2026-04-15 16:18:14,497 - Evaluate global model
2026-04-15 16:18:15,771 - Averaged Train Loss: 0.6498
2026-04-15 16:18:15,771 - Test Accurancy: 0.7600
2026-04-15 16:18:20,278 - Multi-krum select clients: [1, 2, 3, 0, 32, 15, 39, 34, 24, 29, 37, 21, 13, 30, 8, 14, 11, 19, 10, 4, 33, 20, 16, 12, 6, 26, 9, 28, 35, 25, 7, 36, 38, 17, 18]
2026-04-15 16:18:20,285 - Round number: 16 --------------------------
2026-04-15 16:18:20,285 - Evaluate global model
2026-04-15 16:18:21,779 - Averaged Train Loss: 0.6254
2026-04-15 16:18:21,779 - Test Accurancy: 0.7657
2026-04-15 16:18:26,369 - Multi-krum select clients: [1, 2, 3, 0, 32, 15, 37, 29, 39, 21, 13, 34, 30, 8, 11, 24, 16, 20, 10, 33, 4, 19, 12, 14, 28, 6, 9, 26, 35, 38, 36, 25, 18, 7, 22]
2026-04-15 16:18:26,376 - Round number: 17 --------------------------
2026-04-15 16:18:26,376 - Evaluate global model
2026-04-15 16:18:27,988 - Averaged Train Loss: 0.6263
2026-04-15 16:18:27,989 - Test Accurancy: 0.7667
2026-04-15 16:18:32,592 - Multi-krum select clients: [1, 2, 3, 0, 32, 14, 39, 15, 37, 21, 24, 34, 29, 13, 30, 8, 11, 10, 19, 16, 20, 33, 12, 4, 28, 9, 6, 38, 25, 36, 35, 18, 22, 17, 26]
2026-04-15 16:18:32,599 - Round number: 18 --------------------------
2026-04-15 16:18:32,599 - Evaluate global model
2026-04-15 16:18:34,332 - Averaged Train Loss: 0.6195
2026-04-15 16:18:34,332 - Test Accurancy: 0.7701
2026-04-15 16:18:38,770 - Multi-krum select clients: [1, 2, 3, 0, 32, 15, 37, 14, 39, 29, 34, 21, 24, 13, 30, 8, 16, 11, 10, 33, 20, 19, 4, 12, 28, 6, 35, 9, 26, 38, 25, 36, 22, 7, 18]
2026-04-15 16:18:38,777 - Round number: 19 --------------------------
2026-04-15 16:18:38,778 - Evaluate global model
2026-04-15 16:18:40,668 - Averaged Train Loss: 0.6083
2026-04-15 16:18:40,668 - Test Accurancy: 0.7725
2026-04-15 16:18:45,352 - Multi-krum select clients: [1, 2, 3, 0, 15, 37, 21, 39, 24, 29, 32, 14, 34, 30, 10, 16, 13, 8, 11, 4, 19, 12, 20, 33, 9, 6, 35, 25, 26, 38, 28, 7, 22, 36, 18]
2026-04-15 16:18:45,362 - Round number: 20 --------------------------
2026-04-15 16:18:45,362 - Evaluate global model
2026-04-15 16:18:46,955 - Averaged Train Loss: 0.6101
2026-04-15 16:18:46,955 - Test Accurancy: 0.7718
2026-04-15 16:18:51,319 - Multi-krum select clients: [1, 2, 3, 0, 14, 15, 32, 39, 37, 34, 21, 29, 24, 13, 10, 16, 30, 11, 20, 8, 4, 19, 12, 26, 9, 28, 33, 6, 35, 25, 18, 22, 38, 36, 17]
2026-04-15 16:18:51,326 - Round number: 21 --------------------------
2026-04-15 16:18:51,326 - Evaluate global model
2026-04-15 16:18:52,987 - Averaged Train Loss: 0.6014
2026-04-15 16:18:52,987 - Test Accurancy: 0.7771
2026-04-15 16:18:57,482 - Multi-krum select clients: [1, 2, 3, 0, 32, 15, 37, 14, 39, 21, 29, 34, 24, 16, 13, 10, 30, 11, 8, 19, 4, 20, 33, 12, 28, 9, 6, 26, 35, 38, 36, 25, 18, 22, 7]
2026-04-15 16:18:57,491 - Round number: 22 --------------------------
2026-04-15 16:18:57,492 - Evaluate global model
2026-04-15 16:18:58,971 - Averaged Train Loss: 0.5962
2026-04-15 16:18:58,972 - Test Accurancy: 0.7773
2026-04-15 16:19:03,444 - Multi-krum select clients: [1, 2, 3, 0, 15, 14, 32, 39, 37, 21, 24, 34, 30, 29, 13, 8, 16, 10, 11, 4, 19, 26, 12, 33, 9, 20, 28, 6, 35, 18, 25, 38, 22, 7, 36]
2026-04-15 16:19:03,451 - Round number: 23 --------------------------
2026-04-15 16:19:03,451 - Evaluate global model
2026-04-15 16:19:04,853 - Averaged Train Loss: 0.5884
2026-04-15 16:19:04,853 - Test Accurancy: 0.7802
2026-04-15 16:19:09,362 - Multi-krum select clients: [1, 2, 3, 0, 15, 32, 37, 14, 13, 24, 34, 39, 30, 21, 29, 16, 8, 11, 10, 19, 4, 20, 33, 9, 12, 6, 26, 28, 38, 35, 25, 18, 36, 22, 7]
2026-04-15 16:19:09,369 - Round number: 24 --------------------------
2026-04-15 16:19:09,369 - Evaluate global model
2026-04-15 16:19:10,824 - Averaged Train Loss: 0.5889
2026-04-15 16:19:10,824 - Test Accurancy: 0.7795
2026-04-15 16:19:15,474 - Multi-krum select clients: [1, 2, 3, 0, 14, 15, 29, 37, 32, 39, 34, 30, 24, 13, 21, 16, 8, 11, 10, 20, 4, 19, 12, 26, 9, 33, 28, 6, 36, 38, 25, 35, 22, 18, 7]
2026-04-15 16:19:15,483 - Round number: 25 --------------------------
2026-04-15 16:19:15,483 - Evaluate global model
2026-04-15 16:19:17,434 - Averaged Train Loss: 0.5821
2026-04-15 16:19:17,434 - Test Accurancy: 0.7819
2026-04-15 16:19:22,310 - Multi-krum select clients: [1, 2, 3, 0, 14, 13, 32, 15, 37, 39, 34, 24, 21, 29, 30, 16, 19, 10, 11, 4, 8, 33, 20, 26, 12, 9, 38, 6, 28, 35, 36, 25, 18, 22, 31]
2026-04-15 16:19:22,316 - Round number: 26 --------------------------
2026-04-15 16:19:22,316 - Evaluate global model
2026-04-15 16:19:23,832 - Averaged Train Loss: 0.5797
2026-04-15 16:19:23,832 - Test Accurancy: 0.7839
2026-04-15 16:19:28,695 - Multi-krum select clients: [1, 2, 3, 0, 14, 15, 32, 37, 39, 21, 34, 13, 29, 24, 30, 10, 16, 11, 19, 8, 26, 4, 33, 20, 12, 9, 6, 38, 28, 35, 18, 25, 36, 22, 17]
2026-04-15 16:19:28,702 - Round number: 27 --------------------------
2026-04-15 16:19:28,702 - Evaluate global model
2026-04-15 16:19:30,309 - Averaged Train Loss: 0.5752
2026-04-15 16:19:30,309 - Test Accurancy: 0.7854
2026-04-15 16:19:34,917 - Multi-krum select clients: [1, 2, 3, 0, 32, 15, 37, 14, 39, 13, 34, 21, 24, 29, 16, 10, 11, 19, 20, 30, 8, 12, 4, 26, 9, 33, 6, 28, 35, 17, 22, 25, 36, 18, 7]
2026-04-15 16:19:34,931 - Round number: 28 --------------------------
2026-04-15 16:19:34,931 - Evaluate global model
2026-04-15 16:19:36,542 - Averaged Train Loss: 0.5690
2026-04-15 16:19:36,544 - Test Accurancy: 0.7858
2026-04-15 16:19:41,305 - Multi-krum select clients: [1, 2, 3, 0, 14, 15, 37, 32, 39, 21, 24, 34, 13, 29, 30, 16, 10, 8, 11, 26, 20, 4, 19, 12, 9, 33, 28, 38, 35, 6, 25, 18, 36, 17, 22]
2026-04-15 16:19:41,311 - Round number: 29 --------------------------
2026-04-15 16:19:41,312 - Evaluate global model
2026-04-15 16:19:42,801 - Averaged Train Loss: 0.5668
2026-04-15 16:19:42,801 - Test Accurancy: 0.7878
2026-04-15 16:19:47,075 - Multi-krum select clients: [1, 2, 3, 0, 14, 32, 15, 37, 13, 21, 39, 24, 34, 29, 16, 30, 10, 11, 8, 19, 12, 9, 33, 26, 4, 38, 20, 35, 28, 6, 18, 25, 31, 22, 17]
2026-04-15 16:19:47,086 - Round number: 30 --------------------------
2026-04-15 16:19:47,086 - Evaluate global model
2026-04-15 16:19:48,467 - Averaged Train Loss: 0.5611
2026-04-15 16:19:48,467 - Test Accurancy: 0.7894
2026-04-15 16:19:53,128 - Multi-krum select clients: [1, 2, 3, 0, 32, 15, 14, 21, 39, 37, 29, 24, 13, 34, 30, 8, 16, 19, 10, 11, 26, 20, 9, 33, 4, 28, 12, 6, 35, 38, 25, 22, 31, 7, 23]
2026-04-15 16:19:53,136 - Round number: 31 --------------------------
2026-04-15 16:19:53,137 - Evaluate global model
2026-04-15 16:19:54,824 - Averaged Train Loss: 0.5532
2026-04-15 16:19:54,824 - Test Accurancy: 0.7919
2026-04-15 16:19:59,328 - Multi-krum select clients: [1, 2, 3, 0, 32, 14, 15, 37, 34, 39, 21, 29, 24, 10, 13, 16, 8, 11, 30, 4, 19, 12, 26, 20, 28, 9, 38, 33, 6, 7, 35, 18, 25, 36, 22]
2026-04-15 16:19:59,334 - Round number: 32 --------------------------
2026-04-15 16:19:59,334 - Evaluate global model
2026-04-15 16:20:00,820 - Averaged Train Loss: 0.5504
2026-04-15 16:20:00,820 - Test Accurancy: 0.7907
2026-04-15 16:20:05,673 - Multi-krum select clients: [1, 2, 3, 0, 14, 15, 32, 21, 13, 24, 37, 34, 29, 39, 16, 30, 10, 19, 11, 8, 26, 4, 12, 33, 9, 20, 28, 6, 35, 38, 31, 18, 25, 22, 36]
2026-04-15 16:20:05,681 - Round number: 33 --------------------------
2026-04-15 16:20:05,681 - Evaluate global model
2026-04-15 16:20:07,330 - Averaged Train Loss: 0.5571
2026-04-15 16:20:07,330 - Test Accurancy: 0.7919
2026-04-15 16:20:11,947 - Multi-krum select clients: [1, 2, 3, 0, 32, 15, 14, 39, 21, 37, 30, 29, 34, 24, 16, 8, 20, 13, 26, 10, 11, 4, 19, 12, 38, 9, 28, 33, 6, 35, 22, 18, 25, 31, 23]
2026-04-15 16:20:11,954 - Round number: 34 --------------------------
2026-04-15 16:20:11,954 - Evaluate global model
2026-04-15 16:20:13,549 - Averaged Train Loss: 0.5620
2026-04-15 16:20:13,550 - Test Accurancy: 0.7928
2026-04-15 16:20:17,940 - Multi-krum select clients: [1, 2, 3, 0, 14, 15, 37, 32, 39, 34, 21, 30, 29, 24, 13, 16, 10, 8, 11, 4, 19, 20, 26, 9, 12, 33, 28, 6, 22, 31, 35, 25, 23, 36, 7]
2026-04-15 16:20:17,948 - Round number: 35 --------------------------
2026-04-15 16:20:17,948 - Evaluate global model
2026-04-15 16:20:19,483 - Averaged Train Loss: 0.5454
2026-04-15 16:20:19,483 - Test Accurancy: 0.7954
2026-04-15 16:20:23,754 - Multi-krum select clients: [1, 2, 3, 0, 32, 15, 14, 37, 13, 39, 29, 21, 34, 16, 10, 24, 30, 20, 11, 4, 19, 8, 26, 12, 6, 28, 35, 33, 9, 31, 18, 22, 36, 38, 23]
2026-04-15 16:20:23,761 - Round number: 36 --------------------------
2026-04-15 16:20:23,761 - Evaluate global model
2026-04-15 16:20:25,247 - Averaged Train Loss: 0.5446
2026-04-15 16:20:25,247 - Test Accurancy: 0.7958
2026-04-15 16:20:29,760 - Multi-krum select clients: [1, 2, 3, 0, 15, 14, 32, 37, 13, 24, 39, 34, 21, 29, 10, 30, 16, 11, 8, 19, 20, 12, 26, 4, 9, 28, 33, 35, 6, 38, 18, 36, 25, 22, 31]
2026-04-15 16:20:29,767 - Round number: 37 --------------------------
2026-04-15 16:20:29,767 - Evaluate global model
2026-04-15 16:20:31,165 - Averaged Train Loss: 0.5461
2026-04-15 16:20:31,165 - Test Accurancy: 0.7968
2026-04-15 16:20:35,901 - Multi-krum select clients: [1, 2, 3, 0, 14, 15, 32, 37, 21, 39, 13, 34, 29, 16, 24, 10, 19, 11, 26, 4, 30, 20, 8, 12, 9, 33, 28, 6, 35, 38, 18, 25, 22, 36, 31]
2026-04-15 16:20:35,908 - Round number: 38 --------------------------
2026-04-15 16:20:35,908 - Evaluate global model
2026-04-15 16:20:37,188 - Averaged Train Loss: 0.5466
2026-04-15 16:20:37,188 - Test Accurancy: 0.7959
2026-04-15 16:20:41,897 - Multi-krum select clients: [1, 2, 3, 0, 15, 14, 32, 37, 21, 34, 39, 13, 24, 29, 30, 16, 19, 8, 11, 26, 10, 20, 4, 9, 12, 33, 38, 6, 28, 35, 18, 31, 22, 23, 25]
2026-04-15 16:20:41,904 - Round number: 39 --------------------------
2026-04-15 16:20:41,904 - Evaluate global model
2026-04-15 16:20:43,347 - Averaged Train Loss: 0.5460
2026-04-15 16:20:43,347 - Test Accurancy: 0.7984
2026-04-15 16:20:47,794 - Multi-krum select clients: [1, 2, 3, 0, 15, 14, 32, 37, 13, 39, 21, 24, 34, 29, 16, 19, 11, 8, 30, 20, 26, 10, 33, 9, 4, 12, 28, 38, 6, 31, 18, 35, 25, 23, 22]
2026-04-15 16:20:47,801 - Round number: 40 --------------------------
2026-04-15 16:20:47,801 - Evaluate global model
2026-04-15 16:20:49,409 - Averaged Train Loss: 0.5487
2026-04-15 16:20:49,410 - Test Accurancy: 0.7973
2026-04-15 16:20:54,075 - Multi-krum select clients: [1, 2, 3, 0, 32, 14, 15, 37, 34, 21, 39, 13, 29, 16, 24, 30, 10, 26, 11, 20, 19, 8, 38, 4, 12, 6, 33, 9, 28, 18, 35, 31, 22, 25, 23]
2026-04-15 16:20:54,085 - Round number: 41 --------------------------
2026-04-15 16:20:54,085 - Evaluate global model
2026-04-15 16:20:55,676 - Averaged Train Loss: 0.5406
2026-04-15 16:20:55,676 - Test Accurancy: 0.7996
2026-04-15 16:21:00,643 - Multi-krum select clients: [1, 2, 3, 0, 32, 14, 15, 13, 21, 37, 39, 30, 24, 34, 16, 29, 26, 10, 20, 19, 4, 8, 11, 12, 33, 28, 9, 6, 18, 38, 31, 35, 23, 25, 22]
2026-04-15 16:21:00,651 - Round number: 42 --------------------------
2026-04-15 16:21:00,651 - Evaluate global model
2026-04-15 16:21:02,249 - Averaged Train Loss: 0.5416
2026-04-15 16:21:02,249 - Test Accurancy: 0.8005
2026-04-15 16:21:06,535 - Multi-krum select clients: [1, 2, 3, 0, 32, 14, 15, 37, 13, 29, 21, 39, 24, 34, 30, 16, 19, 26, 8, 11, 10, 20, 4, 12, 9, 38, 33, 6, 31, 28, 18, 35, 22, 23, 25]
2026-04-15 16:21:06,542 - Round number: 43 --------------------------
2026-04-15 16:21:06,542 - Evaluate global model
2026-04-15 16:21:08,096 - Averaged Train Loss: 0.5362
2026-04-15 16:21:08,096 - Test Accurancy: 0.8015
2026-04-15 16:21:12,654 - Multi-krum select clients: [1, 2, 3, 0, 15, 32, 14, 37, 13, 39, 24, 21, 34, 30, 16, 29, 10, 19, 4, 11, 26, 8, 20, 33, 12, 9, 28, 6, 35, 31, 23, 25, 18, 22, 38]
2026-04-15 16:21:12,676 - Round number: 44 --------------------------
2026-04-15 16:21:12,676 - Evaluate global model
2026-04-15 16:21:14,071 - Averaged Train Loss: 0.5316
2026-04-15 16:21:14,071 - Test Accurancy: 0.8018
2026-04-15 16:21:18,869 - Multi-krum select clients: [1, 2, 3, 0, 15, 32, 14, 37, 21, 13, 39, 34, 29, 24, 30, 16, 26, 19, 10, 11, 8, 20, 38, 4, 33, 9, 12, 28, 6, 31, 18, 35, 25, 22, 23]
2026-04-15 16:21:18,876 - Round number: 45 --------------------------
2026-04-15 16:21:18,876 - Evaluate global model
2026-04-15 16:21:20,210 - Averaged Train Loss: 0.5321
2026-04-15 16:21:20,211 - Test Accurancy: 0.8022
2026-04-15 16:21:24,855 - Multi-krum select clients: [1, 2, 3, 0, 14, 32, 15, 37, 21, 39, 29, 13, 24, 34, 16, 19, 26, 30, 4, 10, 33, 8, 12, 11, 38, 9, 20, 28, 6, 31, 35, 18, 22, 25, 36]
2026-04-15 16:21:24,862 - Round number: 46 --------------------------
2026-04-15 16:21:24,863 - Evaluate global model
2026-04-15 16:21:26,272 - Averaged Train Loss: 0.5304
2026-04-15 16:21:26,272 - Test Accurancy: 0.8026
2026-04-15 16:21:30,773 - Multi-krum select clients: [1, 2, 3, 0, 32, 14, 15, 37, 13, 39, 21, 29, 34, 24, 30, 16, 10, 26, 19, 4, 11, 8, 20, 12, 9, 33, 28, 31, 6, 35, 38, 18, 23, 25, 22]
2026-04-15 16:21:30,781 - Round number: 47 --------------------------
2026-04-15 16:21:30,781 - Evaluate global model
2026-04-15 16:21:32,423 - Averaged Train Loss: 0.5272
2026-04-15 16:21:32,423 - Test Accurancy: 0.8038
2026-04-15 16:21:36,905 - Multi-krum select clients: [1, 2, 3, 0, 15, 32, 14, 37, 13, 39, 21, 24, 34, 29, 16, 30, 20, 26, 19, 4, 10, 11, 8, 12, 9, 28, 38, 6, 33, 31, 35, 18, 22, 23, 25]
2026-04-15 16:21:36,912 - Round number: 48 --------------------------
2026-04-15 16:21:36,912 - Evaluate global model
2026-04-15 16:21:38,547 - Averaged Train Loss: 0.5300
2026-04-15 16:21:38,547 - Test Accurancy: 0.8038
2026-04-15 16:21:42,904 - Multi-krum select clients: [1, 2, 3, 0, 32, 15, 14, 37, 21, 13, 39, 34, 24, 29, 16, 26, 4, 30, 10, 11, 19, 12, 8, 9, 33, 28, 20, 6, 38, 31, 18, 23, 35, 22, 25]
2026-04-15 16:21:42,913 - Round number: 49 --------------------------
2026-04-15 16:21:42,914 - Evaluate global model
2026-04-15 16:21:44,447 - Averaged Train Loss: 0.5204
2026-04-15 16:21:44,447 - Test Accurancy: 0.8058
2026-04-15 16:21:48,873 - Multi-krum select clients: [1, 2, 3, 0, 32, 14, 15, 37, 13, 29, 21, 39, 34, 24, 30, 16, 19, 26, 11, 10, 20, 8, 38, 4, 33, 12, 28, 9, 31, 18, 6, 7, 22, 35, 17]
2026-04-15 16:21:48,882 - Round number: 50 --------------------------
2026-04-15 16:21:48,882 - Evaluate global model
2026-04-15 16:21:52,100 - Averaged Train Loss: 0.4974
2026-04-15 16:21:52,101 - Test Accurancy: 0.8119
2026-04-15 16:21:57,827 - Multi-krum select clients: [1, 2, 3, 0, 15, 32, 14, 39, 21, 34, 24, 13, 29, 37, 30, 16, 19, 38, 10, 11, 26, 4, 8, 9, 12, 20, 28, 6, 33, 31, 35, 23, 36, 22, 18]
2026-04-15 16:21:57,837 - Round number: 51 --------------------------
2026-04-15 16:21:57,837 - Evaluate global model
2026-04-15 16:21:59,341 - Averaged Train Loss: 0.5112
2026-04-15 16:21:59,341 - Test Accurancy: 0.8060
2026-04-15 16:22:04,150 - Multi-krum select clients: [1, 2, 3, 0, 32, 14, 15, 21, 39, 13, 37, 24, 30, 29, 34, 20, 16, 26, 19, 11, 12, 10, 4, 38, 8, 33, 9, 28, 6, 35, 31, 23, 18, 36, 22]
2026-04-15 16:22:04,158 - Round number: 52 --------------------------
2026-04-15 16:22:04,159 - Evaluate global model
2026-04-15 16:22:05,819 - Averaged Train Loss: 0.5118
2026-04-15 16:22:05,819 - Test Accurancy: 0.8060
2026-04-15 16:22:11,366 - Multi-krum select clients: [1, 2, 3, 0, 14, 15, 32, 37, 13, 39, 21, 24, 30, 16, 29, 34, 26, 19, 10, 4, 11, 8, 20, 12, 38, 9, 6, 33, 28, 31, 35, 18, 23, 22, 25]
2026-04-15 16:22:11,375 - Round number: 53 --------------------------
2026-04-15 16:22:11,375 - Evaluate global model
2026-04-15 16:22:12,894 - Averaged Train Loss: 0.5199
2026-04-15 16:22:12,894 - Test Accurancy: 0.8066
2026-04-15 16:22:17,520 - Multi-krum select clients: [1, 2, 3, 0, 15, 14, 32, 39, 21, 13, 37, 24, 34, 29, 16, 30, 10, 20, 19, 26, 11, 4, 38, 9, 12, 28, 33, 8, 6, 31, 23, 18, 35, 22, 36]
2026-04-15 16:22:17,527 - Round number: 54 --------------------------
2026-04-15 16:22:17,527 - Evaluate global model
2026-04-15 16:22:19,070 - Averaged Train Loss: 0.5098
2026-04-15 16:22:19,070 - Test Accurancy: 0.8065
2026-04-15 16:22:23,410 - Multi-krum select clients: [1, 2, 3, 0, 14, 15, 32, 39, 37, 21, 13, 30, 24, 34, 16, 29, 26, 19, 11, 10, 12, 20, 4, 9, 8, 6, 33, 31, 23, 35, 28, 38, 22, 18, 36]
2026-04-15 16:22:23,417 - Round number: 55 --------------------------
2026-04-15 16:22:23,417 - Evaluate global model
2026-04-15 16:22:25,050 - Averaged Train Loss: 0.5079
2026-04-15 16:22:25,050 - Test Accurancy: 0.8074
2026-04-15 16:22:29,640 - Multi-krum select clients: [1, 2, 3, 0, 15, 32, 14, 13, 37, 39, 21, 34, 24, 16, 29, 38, 30, 26, 20, 11, 19, 10, 8, 4, 9, 12, 28, 33, 31, 6, 18, 23, 22, 36, 17]
2026-04-15 16:22:29,646 - Round number: 56 --------------------------
2026-04-15 16:22:29,646 - Evaluate global model
2026-04-15 16:22:31,378 - Averaged Train Loss: 0.5055
2026-04-15 16:22:31,378 - Test Accurancy: 0.8078
2026-04-15 16:22:35,707 - Multi-krum select clients: [1, 2, 3, 0, 14, 15, 32, 39, 37, 13, 24, 21, 29, 34, 16, 30, 26, 38, 11, 9, 10, 19, 12, 4, 20, 8, 33, 6, 31, 35, 28, 23, 22, 18, 36]
2026-04-15 16:22:35,714 - Round number: 57 --------------------------
2026-04-15 16:22:35,714 - Evaluate global model
2026-04-15 16:22:37,171 - Averaged Train Loss: 0.5070
2026-04-15 16:22:37,171 - Test Accurancy: 0.8085
2026-04-15 16:22:41,704 - Multi-krum select clients: [1, 2, 3, 0, 15, 14, 32, 13, 37, 39, 21, 24, 34, 29, 16, 38, 30, 11, 26, 19, 10, 12, 33, 9, 4, 28, 20, 8, 35, 6, 31, 23, 18, 17, 36]
2026-04-15 16:22:41,711 - Round number: 58 --------------------------
2026-04-15 16:22:41,711 - Evaluate global model
2026-04-15 16:22:43,147 - Averaged Train Loss: 0.4895
2026-04-15 16:22:43,147 - Test Accurancy: 0.8120
2026-04-15 16:22:47,987 - Multi-krum select clients: [1, 2, 3, 0, 14, 32, 15, 37, 13, 39, 21, 34, 16, 30, 24, 29, 19, 38, 10, 8, 26, 11, 9, 12, 33, 28, 4, 6, 20, 31, 18, 23, 35, 22, 25]
2026-04-15 16:22:47,993 - Round number: 59 --------------------------
2026-04-15 16:22:47,993 - Evaluate global model
2026-04-15 16:22:49,343 - Averaged Train Loss: 0.5037
2026-04-15 16:22:49,343 - Test Accurancy: 0.8110
2026-04-15 16:22:54,001 - Multi-krum select clients: [1, 2, 3, 0, 14, 15, 32, 37, 39, 13, 24, 21, 34, 29, 16, 30, 19, 10, 38, 11, 20, 4, 26, 9, 12, 33, 8, 6, 28, 31, 35, 18, 23, 22, 25]
2026-04-15 16:22:54,008 - Round number: 60 --------------------------
2026-04-15 16:22:54,008 - Evaluate global model
2026-04-15 16:22:55,419 - Averaged Train Loss: 0.5070
2026-04-15 16:22:55,419 - Test Accurancy: 0.8099
2026-04-15 16:23:00,012 - Multi-krum select clients: [1, 2, 3, 0, 15, 14, 32, 37, 13, 21, 39, 34, 24, 29, 16, 30, 19, 26, 10, 38, 11, 12, 20, 4, 9, 6, 8, 31, 28, 35, 33, 23, 18, 22, 25]
2026-04-15 16:23:00,020 - Round number: 61 --------------------------
2026-04-15 16:23:00,020 - Evaluate global model
2026-04-15 16:23:01,600 - Averaged Train Loss: 0.5080
2026-04-15 16:23:01,600 - Test Accurancy: 0.8107
2026-04-15 16:23:06,130 - Multi-krum select clients: [1, 2, 3, 0, 15, 14, 32, 13, 37, 39, 21, 24, 34, 16, 10, 29, 30, 19, 26, 38, 4, 12, 11, 9, 8, 6, 20, 33, 28, 35, 31, 18, 22, 17, 23]
2026-04-15 16:23:06,141 - Round number: 62 --------------------------
2026-04-15 16:23:06,141 - Evaluate global model
2026-04-15 16:23:07,885 - Averaged Train Loss: 0.4921
2026-04-15 16:23:07,886 - Test Accurancy: 0.8133
2026-04-15 16:23:12,448 - Multi-krum select clients: [1, 2, 3, 0, 32, 15, 14, 13, 21, 37, 39, 24, 29, 34, 16, 30, 19, 26, 10, 38, 20, 11, 12, 9, 4, 8, 28, 6, 33, 18, 31, 35, 17, 23, 22]
2026-04-15 16:23:12,455 - Round number: 63 --------------------------
2026-04-15 16:23:12,455 - Evaluate global model
2026-04-15 16:23:13,983 - Averaged Train Loss: 0.4895
2026-04-15 16:23:13,983 - Test Accurancy: 0.8170
2026-04-15 16:23:18,516 - Multi-krum select clients: [1, 2, 3, 0, 32, 14, 15, 37, 13, 39, 29, 34, 21, 24, 16, 30, 26, 10, 19, 38, 9, 20, 11, 12, 28, 33, 4, 8, 31, 6, 35, 18, 22, 23, 17]
2026-04-15 16:23:18,523 - Round number: 64 --------------------------
2026-04-15 16:23:18,523 - Evaluate global model
2026-04-15 16:23:19,945 - Averaged Train Loss: 0.4863
2026-04-15 16:23:19,945 - Test Accurancy: 0.8179
2026-04-15 16:23:24,296 - Multi-krum select clients: [1, 2, 3, 0, 14, 32, 15, 21, 39, 37, 13, 24, 34, 16, 30, 38, 29, 26, 20, 19, 11, 4, 12, 9, 10, 8, 33, 28, 31, 6, 23, 18, 35, 22, 25]
2026-04-15 16:23:24,303 - Round number: 65 --------------------------
2026-04-15 16:23:24,303 - Evaluate global model
2026-04-15 16:23:25,964 - Averaged Train Loss: 0.5032
2026-04-15 16:23:25,965 - Test Accurancy: 0.8118
2026-04-15 16:23:30,621 - Multi-krum select clients: [1, 2, 3, 0, 15, 14, 32, 39, 13, 37, 21, 34, 24, 30, 16, 20, 19, 10, 26, 29, 11, 9, 4, 12, 38, 8, 33, 28, 31, 6, 23, 35, 18, 22, 17]
2026-04-15 16:23:30,627 - Round number: 66 --------------------------
2026-04-15 16:23:30,627 - Evaluate global model
2026-04-15 16:23:31,932 - Averaged Train Loss: 0.4836
2026-04-15 16:23:31,932 - Test Accurancy: 0.8173
2026-04-15 16:23:36,505 - Multi-krum select clients: [1, 2, 3, 0, 32, 14, 15, 21, 37, 39, 13, 24, 16, 34, 19, 38, 30, 26, 29, 11, 20, 9, 12, 10, 4, 8, 28, 33, 31, 6, 23, 35, 18, 22, 17]
2026-04-15 16:23:36,512 - Round number: 67 --------------------------
2026-04-15 16:23:36,512 - Evaluate global model
2026-04-15 16:23:38,069 - Averaged Train Loss: 0.4818
2026-04-15 16:23:38,069 - Test Accurancy: 0.8199
2026-04-15 16:23:42,567 - Multi-krum select clients: [1, 2, 3, 0, 32, 14, 15, 37, 13, 21, 39, 34, 16, 10, 30, 19, 29, 26, 24, 12, 11, 20, 9, 4, 38, 35, 8, 33, 31, 28, 6, 18, 23, 17, 22]
2026-04-15 16:23:42,576 - Round number: 68 --------------------------
2026-04-15 16:23:42,576 - Evaluate global model
2026-04-15 16:23:44,314 - Averaged Train Loss: 0.4803
2026-04-15 16:23:44,314 - Test Accurancy: 0.8195
2026-04-15 16:23:49,051 - Multi-krum select clients: [1, 2, 3, 0, 32, 15, 14, 37, 39, 21, 13, 24, 34, 16, 29, 19, 9, 26, 38, 10, 4, 20, 11, 12, 30, 8, 6, 33, 31, 28, 35, 23, 18, 17, 22]
2026-04-15 16:23:49,061 - Round number: 69 --------------------------
2026-04-15 16:23:49,061 - Evaluate global model
2026-04-15 16:23:50,695 - Averaged Train Loss: 0.4794
2026-04-15 16:23:50,696 - Test Accurancy: 0.8196
2026-04-15 16:23:55,274 - Multi-krum select clients: [1, 2, 3, 0, 32, 15, 14, 37, 39, 21, 13, 34, 24, 16, 29, 19, 9, 26, 30, 10, 4, 20, 11, 12, 28, 8, 38, 33, 6, 31, 17, 18, 23, 35, 22]
2026-04-15 16:23:55,283 - Round number: 70 --------------------------
2026-04-15 16:23:55,283 - Evaluate global model
2026-04-15 16:23:57,061 - Averaged Train Loss: 0.4803
2026-04-15 16:23:57,061 - Test Accurancy: 0.8200
2026-04-15 16:24:01,598 - Multi-krum select clients: [1, 2, 3, 0, 14, 32, 15, 37, 39, 13, 21, 34, 24, 19, 29, 16, 10, 30, 20, 26, 11, 12, 4, 9, 38, 8, 28, 33, 31, 35, 6, 18, 23, 22, 17]
2026-04-15 16:24:01,606 - Round number: 71 --------------------------
2026-04-15 16:24:01,606 - Evaluate global model
2026-04-15 16:24:03,226 - Averaged Train Loss: 0.4726
2026-04-15 16:24:03,226 - Test Accurancy: 0.8237
2026-04-15 16:24:07,701 - Multi-krum select clients: [1, 2, 3, 0, 14, 32, 15, 13, 37, 39, 21, 24, 16, 34, 19, 29, 30, 26, 38, 4, 11, 20, 10, 12, 9, 33, 8, 28, 31, 6, 35, 23, 18, 17, 22]
2026-04-15 16:24:07,710 - Round number: 72 --------------------------
2026-04-15 16:24:07,710 - Evaluate global model
2026-04-15 16:24:09,089 - Averaged Train Loss: 0.4717
2026-04-15 16:24:09,089 - Test Accurancy: 0.8232
2026-04-15 16:24:13,911 - Multi-krum select clients: [1, 2, 3, 0, 32, 14, 15, 37, 21, 39, 24, 13, 34, 19, 16, 10, 20, 26, 30, 12, 29, 38, 11, 9, 33, 8, 4, 28, 31, 6, 35, 17, 18, 23, 22]
2026-04-15 16:24:13,920 - Round number: 73 --------------------------
2026-04-15 16:24:13,920 - Evaluate global model
2026-04-15 16:24:15,671 - Averaged Train Loss: 0.4764
2026-04-15 16:24:15,671 - Test Accurancy: 0.8213
2026-04-15 16:24:20,303 - Multi-krum select clients: [1, 2, 3, 0, 14, 32, 15, 21, 37, 13, 39, 34, 24, 16, 30, 19, 38, 29, 20, 11, 26, 10, 4, 9, 8, 12, 28, 33, 31, 6, 18, 23, 17, 35, 22]
2026-04-15 16:24:20,314 - Round number: 74 --------------------------
2026-04-15 16:24:20,315 - Evaluate global model
2026-04-15 16:24:22,041 - Averaged Train Loss: 0.4707
2026-04-15 16:24:22,041 - Test Accurancy: 0.8240
2026-04-15 16:24:26,607 - Multi-krum select clients: [1, 2, 3, 0, 32, 15, 14, 13, 37, 21, 39, 38, 24, 19, 34, 16, 29, 11, 30, 9, 26, 20, 10, 4, 12, 33, 8, 28, 31, 6, 35, 23, 17, 18, 22]
2026-04-15 16:24:26,618 - Round number: 75 --------------------------
2026-04-15 16:24:26,618 - Evaluate global model
2026-04-15 16:24:28,173 - Averaged Train Loss: 0.4723
2026-04-15 16:24:28,173 - Test Accurancy: 0.8223
2026-04-15 16:24:32,782 - Multi-krum select clients: [1, 2, 3, 0, 32, 14, 15, 37, 13, 21, 39, 34, 19, 16, 24, 29, 30, 12, 26, 10, 20, 11, 4, 9, 38, 28, 8, 31, 33, 6, 23, 17, 18, 35, 22]
2026-04-15 16:24:32,790 - Round number: 76 --------------------------
2026-04-15 16:24:32,790 - Evaluate global model
2026-04-15 16:24:34,621 - Averaged Train Loss: 0.4700
2026-04-15 16:24:34,621 - Test Accurancy: 0.8231
2026-04-15 16:24:39,133 - Multi-krum select clients: [1, 2, 3, 0, 32, 14, 15, 13, 37, 21, 39, 24, 34, 16, 29, 30, 20, 12, 26, 10, 11, 19, 38, 9, 4, 8, 33, 31, 28, 6, 17, 23, 18, 35, 22]
2026-04-15 16:24:39,139 - Round number: 77 --------------------------
2026-04-15 16:24:39,140 - Evaluate global model
2026-04-15 16:24:40,729 - Averaged Train Loss: 0.4688
2026-04-15 16:24:40,729 - Test Accurancy: 0.8235
2026-04-15 16:24:45,389 - Multi-krum select clients: [1, 2, 3, 0, 32, 14, 15, 37, 13, 39, 21, 34, 16, 24, 29, 19, 20, 26, 30, 10, 11, 38, 12, 4, 9, 8, 31, 28, 33, 17, 6, 35, 18, 23, 22]
2026-04-15 16:24:45,396 - Round number: 78 --------------------------
2026-04-15 16:24:45,396 - Evaluate global model
2026-04-15 16:24:46,957 - Averaged Train Loss: 0.4661
2026-04-15 16:24:46,957 - Test Accurancy: 0.8260
2026-04-15 16:24:51,513 - Multi-krum select clients: [1, 2, 3, 0, 32, 14, 15, 13, 37, 21, 39, 24, 34, 30, 16, 19, 20, 38, 29, 10, 12, 11, 26, 4, 8, 9, 33, 28, 31, 35, 6, 23, 18, 17, 22]
2026-04-15 16:24:51,520 - Round number: 79 --------------------------
2026-04-15 16:24:51,520 - Evaluate global model
2026-04-15 16:24:53,243 - Averaged Train Loss: 0.4700
2026-04-15 16:24:53,244 - Test Accurancy: 0.8248
2026-04-15 16:24:57,886 - Multi-krum select clients: [1, 2, 3, 0, 15, 32, 14, 37, 39, 13, 21, 24, 29, 34, 19, 16, 30, 26, 11, 38, 9, 20, 12, 4, 10, 8, 6, 28, 33, 31, 35, 23, 17, 22, 18]
2026-04-15 16:24:57,893 - Round number: 80 --------------------------
2026-04-15 16:24:57,893 - Evaluate global model
2026-04-15 16:24:59,220 - Averaged Train Loss: 0.4667
2026-04-15 16:24:59,220 - Test Accurancy: 0.8265
2026-04-15 16:25:03,609 - Multi-krum select clients: [1, 2, 3, 0, 32, 14, 15, 37, 13, 39, 19, 38, 21, 34, 16, 30, 24, 20, 11, 10, 9, 26, 4, 29, 12, 28, 33, 6, 31, 35, 8, 23, 18, 22, 17]
2026-04-15 16:25:03,616 - Round number: 81 --------------------------
2026-04-15 16:25:03,616 - Evaluate global model
2026-04-15 16:25:05,104 - Averaged Train Loss: 0.4684
2026-04-15 16:25:05,104 - Test Accurancy: 0.8245
2026-04-15 16:25:09,608 - Multi-krum select clients: [1, 2, 3, 0, 32, 14, 15, 13, 39, 21, 37, 24, 16, 34, 30, 19, 9, 10, 12, 26, 11, 38, 4, 29, 20, 28, 6, 31, 8, 33, 23, 35, 18, 22, 17]
2026-04-15 16:25:09,617 - Round number: 82 --------------------------
2026-04-15 16:25:09,618 - Evaluate global model
2026-04-15 16:25:11,627 - Averaged Train Loss: 0.4644
2026-04-15 16:25:11,627 - Test Accurancy: 0.8273
2026-04-15 16:25:16,583 - Multi-krum select clients: [1, 2, 3, 0, 32, 14, 15, 13, 21, 39, 37, 34, 16, 30, 19, 24, 29, 38, 10, 20, 12, 11, 26, 4, 9, 6, 31, 28, 33, 8, 17, 35, 18, 23, 22]
2026-04-15 16:25:16,589 - Round number: 83 --------------------------
2026-04-15 16:25:16,589 - Evaluate global model
2026-04-15 16:25:18,046 - Averaged Train Loss: 0.4607
2026-04-15 16:25:18,046 - Test Accurancy: 0.8277
2026-04-15 16:25:22,475 - Multi-krum select clients: [1, 2, 3, 0, 15, 14, 32, 13, 39, 21, 37, 24, 16, 19, 34, 9, 29, 30, 20, 10, 12, 26, 11, 38, 28, 4, 31, 8, 6, 33, 23, 35, 17, 18, 22]
2026-04-15 16:25:22,481 - Round number: 84 --------------------------
2026-04-15 16:25:22,482 - Evaluate global model
2026-04-15 16:25:24,031 - Averaged Train Loss: 0.4644
2026-04-15 16:25:24,031 - Test Accurancy: 0.8257
2026-04-15 16:25:28,413 - Multi-krum select clients: [1, 2, 3, 0, 32, 14, 15, 37, 39, 21, 13, 24, 29, 16, 34, 19, 38, 11, 12, 26, 9, 10, 30, 20, 28, 4, 31, 8, 6, 35, 18, 33, 23, 17, 22]
2026-04-15 16:25:28,425 - Round number: 85 --------------------------
2026-04-15 16:25:28,425 - Evaluate global model
2026-04-15 16:25:30,044 - Averaged Train Loss: 0.4613
2026-04-15 16:25:30,044 - Test Accurancy: 0.8273
2026-04-15 16:25:34,696 - Multi-krum select clients: [1, 2, 3, 0, 32, 14, 15, 13, 37, 39, 21, 34, 16, 24, 19, 11, 30, 20, 26, 38, 10, 4, 12, 29, 9, 33, 28, 6, 31, 35, 8, 23, 18, 17, 22]
2026-04-15 16:25:34,703 - Round number: 86 --------------------------
2026-04-15 16:25:34,703 - Evaluate global model
2026-04-15 16:25:36,252 - Averaged Train Loss: 0.4611
2026-04-15 16:25:36,252 - Test Accurancy: 0.8277
2026-04-15 16:25:40,556 - Multi-krum select clients: [1, 2, 3, 0, 32, 14, 15, 13, 39, 21, 37, 24, 34, 16, 19, 30, 26, 12, 9, 10, 11, 4, 29, 20, 33, 8, 31, 6, 28, 17, 38, 22, 23, 18, 35]
2026-04-15 16:25:40,563 - Round number: 87 --------------------------
2026-04-15 16:25:40,563 - Evaluate global model
2026-04-15 16:25:41,967 - Averaged Train Loss: 0.4603
2026-04-15 16:25:41,968 - Test Accurancy: 0.8284
2026-04-15 16:25:46,218 - Multi-krum select clients: [1, 2, 3, 0, 32, 15, 14, 13, 39, 37, 21, 29, 16, 34, 19, 30, 24, 9, 12, 38, 11, 10, 26, 20, 28, 31, 4, 8, 6, 23, 17, 33, 18, 22, 35]
2026-04-15 16:25:46,225 - Round number: 88 --------------------------
2026-04-15 16:25:46,225 - Evaluate global model
2026-04-15 16:25:47,696 - Averaged Train Loss: 0.4588
2026-04-15 16:25:47,697 - Test Accurancy: 0.8295
2026-04-15 16:25:51,670 - Multi-krum select clients: [1, 2, 3, 0, 32, 14, 15, 37, 39, 21, 13, 19, 24, 34, 16, 29, 30, 9, 26, 20, 11, 10, 12, 4, 38, 31, 6, 8, 33, 35, 28, 17, 23, 18, 22]
2026-04-15 16:25:51,677 - Round number: 89 --------------------------
2026-04-15 16:25:51,677 - Evaluate global model
2026-04-15 16:25:52,691 - Averaged Train Loss: 0.4606
2026-04-15 16:25:52,691 - Test Accurancy: 0.8279
2026-04-15 16:25:55,748 - Multi-krum select clients: [1, 2, 3, 0, 32, 15, 14, 13, 37, 39, 21, 24, 16, 34, 29, 38, 19, 10, 12, 11, 9, 20, 26, 4, 30, 28, 33, 8, 31, 6, 17, 35, 23, 18, 22]
2026-04-15 16:25:55,755 - Round number: 90 --------------------------
2026-04-15 16:25:55,755 - Evaluate global model
2026-04-15 16:25:56,605 - Averaged Train Loss: 0.4593
2026-04-15 16:25:56,606 - Test Accurancy: 0.8277
2026-04-15 16:25:59,701 - Multi-krum select clients: [1, 2, 3, 0, 32, 14, 13, 15, 37, 39, 21, 34, 16, 19, 24, 30, 38, 9, 11, 12, 29, 20, 26, 10, 28, 4, 31, 33, 6, 8, 17, 35, 23, 18, 22]
2026-04-15 16:25:59,710 - Round number: 91 --------------------------
2026-04-15 16:25:59,710 - Evaluate global model
2026-04-15 16:26:00,857 - Averaged Train Loss: 0.4598
2026-04-15 16:26:00,857 - Test Accurancy: 0.8272
2026-04-15 16:26:03,884 - Multi-krum select clients: [1, 2, 3, 0, 14, 32, 15, 37, 39, 21, 13, 24, 34, 29, 16, 19, 38, 30, 11, 10, 26, 12, 20, 4, 9, 33, 28, 8, 31, 6, 17, 35, 23, 18, 22]
2026-04-15 16:26:03,891 - Round number: 92 --------------------------
2026-04-15 16:26:03,891 - Evaluate global model
2026-04-15 16:26:04,881 - Averaged Train Loss: 0.4566
2026-04-15 16:26:04,882 - Test Accurancy: 0.8299
2026-04-15 16:26:07,769 - Multi-krum select clients: [1, 2, 3, 0, 32, 14, 15, 13, 37, 21, 39, 19, 34, 16, 24, 29, 20, 30, 12, 9, 11, 26, 10, 38, 28, 4, 33, 31, 8, 6, 17, 23, 18, 35, 22]
2026-04-15 16:26:07,776 - Round number: 93 --------------------------
2026-04-15 16:26:07,776 - Evaluate global model
2026-04-15 16:26:08,645 - Averaged Train Loss: 0.4595
2026-04-15 16:26:08,645 - Test Accurancy: 0.8275
2026-04-15 16:26:11,646 - Multi-krum select clients: [1, 2, 3, 0, 32, 14, 15, 13, 21, 37, 39, 16, 24, 29, 34, 19, 38, 30, 9, 11, 20, 12, 26, 10, 4, 28, 31, 33, 8, 17, 6, 35, 23, 18, 22]
2026-04-15 16:26:11,655 - Round number: 94 --------------------------
2026-04-15 16:26:11,655 - Evaluate global model
2026-04-15 16:26:12,637 - Averaged Train Loss: 0.4532
2026-04-15 16:26:12,638 - Test Accurancy: 0.8308
2026-04-15 16:26:15,830 - Multi-krum select clients: [1, 2, 3, 0, 32, 14, 15, 39, 37, 21, 13, 24, 30, 34, 19, 29, 16, 26, 12, 11, 4, 38, 9, 20, 10, 33, 28, 17, 31, 8, 6, 23, 35, 18, 22]
2026-04-15 16:26:15,838 - Round number: 95 --------------------------
2026-04-15 16:26:15,838 - Evaluate global model
2026-04-15 16:26:16,964 - Averaged Train Loss: 0.4557
2026-04-15 16:26:16,964 - Test Accurancy: 0.8292
2026-04-15 16:26:20,236 - Multi-krum select clients: [1, 2, 3, 0, 32, 14, 15, 39, 13, 37, 21, 24, 16, 19, 34, 30, 12, 9, 20, 29, 26, 11, 38, 4, 28, 10, 31, 6, 8, 33, 35, 23, 18, 22, 17]
2026-04-15 16:26:20,244 - Round number: 96 --------------------------
2026-04-15 16:26:20,244 - Evaluate global model
2026-04-15 16:26:21,255 - Averaged Train Loss: 0.4555
2026-04-15 16:26:21,255 - Test Accurancy: 0.8300
2026-04-15 16:26:24,198 - Multi-krum select clients: [1, 2, 3, 0, 32, 14, 15, 13, 37, 39, 21, 19, 24, 34, 30, 16, 29, 26, 9, 11, 12, 4, 38, 20, 10, 28, 6, 8, 31, 33, 17, 23, 35, 18, 22]
2026-04-15 16:26:24,204 - Round number: 97 --------------------------
2026-04-15 16:26:24,204 - Evaluate global model
2026-04-15 16:26:25,120 - Averaged Train Loss: 0.4545
2026-04-15 16:26:25,120 - Test Accurancy: 0.8303
2026-04-15 16:26:28,401 - Multi-krum select clients: [1, 2, 3, 0, 14, 32, 13, 15, 39, 21, 37, 24, 16, 34, 30, 19, 38, 29, 12, 9, 26, 4, 11, 20, 28, 10, 6, 8, 35, 31, 17, 33, 23, 18, 22]
2026-04-15 16:26:28,409 - Round number: 98 --------------------------
2026-04-15 16:26:28,409 - Evaluate global model
2026-04-15 16:26:29,684 - Averaged Train Loss: 0.4543
2026-04-15 16:26:29,685 - Test Accurancy: 0.8297
2026-04-15 16:26:33,110 - Multi-krum select clients: [1, 2, 3, 0, 14, 32, 15, 13, 39, 37, 21, 16, 19, 34, 30, 24, 12, 9, 38, 29, 26, 10, 11, 20, 4, 6, 8, 31, 28, 33, 18, 17, 23, 35, 22]
2026-04-15 16:26:33,116 - Round number: 99 --------------------------
2026-04-15 16:26:33,116 - Evaluate global model
2026-04-15 16:26:34,254 - Averaged Train Loss: 0.4519
2026-04-15 16:26:34,254 - Test Accurancy: 0.8310
2026-04-15 16:26:37,143 - Multi-krum select clients: [1, 2, 3, 0, 32, 14, 15, 13, 39, 37, 21, 24, 16, 34, 19, 26, 29, 12, 30, 11, 20, 4, 10, 9, 38, 28, 35, 6, 31, 33, 8, 18, 23, 17, 22]
2026-04-15 16:26:37,150 - Round number: 100 --------------------------
2026-04-15 16:26:37,150 - Evaluate global model
2026-04-15 16:26:38,192 - Averaged Train Loss: 0.4517
2026-04-15 16:26:38,192 - Test Accurancy: 0.8306
2026-04-15 16:26:41,317 - Multi-krum select clients: [1, 2, 3, 0, 32, 14, 15, 13, 39, 21, 37, 24, 16, 34, 30, 29, 19, 9, 20, 11, 26, 38, 12, 10, 4, 17, 28, 6, 31, 8, 33, 23, 35, 18, 22]
2026-04-15 16:26:41,319 - Run over
2026-04-15 16:26:41,319 - Saving results to ./exp/exp5/FashionMNIST/multi-krum_CAMP_clipping_v8.h5
2026-04-15 16:26:41,328 - Best accuracy: 0.8310494461573599
2026-04-15 16:26:41,328 - Average time cost per round: 5.959220776557922
