2025-09-12 18:16:45,820 - *****************EXP-1*****************
2025-09-12 18:16:45,820 - Exp repeats: 1
2025-09-12 18:16:45,820 - Communication Rounds: 100
2025-09-12 18:16:45,820 - Clients: 40

2025-09-12 18:16:45,820 - Attack method: scale
2025-09-12 18:16:45,820 - Filtering rule: dpd
2025-09-12 18:16:45,821 - Dataset: FashionMNIST
2025-09-12 18:16:45,821 - Model: cnn
2025-09-12 18:16:45,821 - Learning Rate: 0.2
2025-09-12 18:16:45,821 - Batch Size: 64
2025-09-12 18:16:45,821 - Device: cuda
2025-09-12 18:16:45,821 - Device id: 0
2025-09-12 18:16:45,821 - DPD clipping strategy: auto
2025-09-12 18:16:45,821 - DPD noise level: 0.0
2025-09-12 18:16:45,821 - Adversaries: 8
2025-09-12 18:16:45,821 - Targeted Label Flipping: 4-->6
2025-09-12 18:16:45,821 - *****************EXP-1*****************
2025-09-12 18:16:46,262 - Running time: 0th ==========================
2025-09-12 18:16:47,787 - Round number: 0 --------------------------
2025-09-12 18:16:47,787 - Evaluate global model
2025-09-12 18:16:49,853 - Averaged Train Loss: 2.3051
2025-09-12 18:16:49,853 - Test Accurancy: 0.1321
2025-09-12 18:16:49,853 - Attack Success Rate: 0.0006
2025-09-12 18:16:54,525 - Round number: 1 --------------------------
2025-09-12 18:16:54,525 - Evaluate global model
2025-09-12 18:16:56,125 - Averaged Train Loss: 2.1603
2025-09-12 18:16:56,125 - Test Accurancy: 0.3518
2025-09-12 18:16:56,125 - Attack Success Rate: 0.9426
2025-09-12 18:17:00,583 - Round number: 2 --------------------------
2025-09-12 18:17:00,584 - Evaluate global model
2025-09-12 18:17:02,091 - Averaged Train Loss: 1.1600
2025-09-12 18:17:02,091 - Test Accurancy: 0.6589
2025-09-12 18:17:02,091 - Attack Success Rate: 0.2635
2025-09-12 18:17:06,459 - Round number: 3 --------------------------
2025-09-12 18:17:06,459 - Evaluate global model
2025-09-12 18:17:07,983 - Averaged Train Loss: 0.7349
2025-09-12 18:17:07,983 - Test Accurancy: 0.7437
2025-09-12 18:17:07,983 - Attack Success Rate: 0.1005
2025-09-12 18:17:12,282 - Round number: 4 --------------------------
2025-09-12 18:17:12,282 - Evaluate global model
2025-09-12 18:17:13,771 - Averaged Train Loss: 0.6356
2025-09-12 18:17:13,772 - Test Accurancy: 0.7726
2025-09-12 18:17:13,772 - Attack Success Rate: 0.0913
2025-09-12 18:17:18,165 - Round number: 5 --------------------------
2025-09-12 18:17:18,165 - Evaluate global model
2025-09-12 18:17:19,732 - Averaged Train Loss: 0.5794
2025-09-12 18:17:19,732 - Test Accurancy: 0.7947
2025-09-12 18:17:19,732 - Attack Success Rate: 0.1234
2025-09-12 18:17:24,111 - Round number: 6 --------------------------
2025-09-12 18:17:24,111 - Evaluate global model
2025-09-12 18:17:25,715 - Averaged Train Loss: 0.5387
2025-09-12 18:17:25,715 - Test Accurancy: 0.8097
2025-09-12 18:17:25,715 - Attack Success Rate: 0.1142
2025-09-12 18:17:29,992 - Round number: 7 --------------------------
2025-09-12 18:17:29,992 - Evaluate global model
2025-09-12 18:17:31,599 - Averaged Train Loss: 0.5068
2025-09-12 18:17:31,599 - Test Accurancy: 0.8219
2025-09-12 18:17:31,599 - Attack Success Rate: 0.1073
2025-09-12 18:17:36,118 - Round number: 8 --------------------------
2025-09-12 18:17:36,118 - Evaluate global model
2025-09-12 18:17:37,781 - Averaged Train Loss: 0.4919
2025-09-12 18:17:37,781 - Test Accurancy: 0.8289
2025-09-12 18:17:37,781 - Attack Success Rate: 0.1010
2025-09-12 18:17:42,202 - Round number: 9 --------------------------
2025-09-12 18:17:42,203 - Evaluate global model
2025-09-12 18:17:43,763 - Averaged Train Loss: 0.4730
2025-09-12 18:17:43,763 - Test Accurancy: 0.8355
2025-09-12 18:17:43,763 - Attack Success Rate: 0.0729
2025-09-12 18:17:48,265 - Round number: 10 --------------------------
2025-09-12 18:17:48,266 - Evaluate global model
2025-09-12 18:17:49,958 - Averaged Train Loss: 0.4539
2025-09-12 18:17:49,959 - Test Accurancy: 0.8418
2025-09-12 18:17:49,959 - Attack Success Rate: 0.0999
2025-09-12 18:17:54,374 - Round number: 11 --------------------------
2025-09-12 18:17:54,375 - Evaluate global model
2025-09-12 18:17:56,012 - Averaged Train Loss: 0.4401
2025-09-12 18:17:56,012 - Test Accurancy: 0.8482
2025-09-12 18:17:56,012 - Attack Success Rate: 0.1010
2025-09-12 18:18:00,320 - Round number: 12 --------------------------
2025-09-12 18:18:00,320 - Evaluate global model
2025-09-12 18:18:01,962 - Averaged Train Loss: 0.4245
2025-09-12 18:18:01,963 - Test Accurancy: 0.8530
2025-09-12 18:18:01,963 - Attack Success Rate: 0.1200
2025-09-12 18:18:06,352 - Round number: 13 --------------------------
2025-09-12 18:18:06,352 - Evaluate global model
2025-09-12 18:18:07,955 - Averaged Train Loss: 0.4180
2025-09-12 18:18:07,956 - Test Accurancy: 0.8572
2025-09-12 18:18:07,956 - Attack Success Rate: 0.1028
2025-09-12 18:18:12,355 - Round number: 14 --------------------------
2025-09-12 18:18:12,355 - Evaluate global model
2025-09-12 18:18:13,908 - Averaged Train Loss: 0.4077
2025-09-12 18:18:13,909 - Test Accurancy: 0.8619
2025-09-12 18:18:13,909 - Attack Success Rate: 0.0976
2025-09-12 18:18:18,297 - Round number: 15 --------------------------
2025-09-12 18:18:18,297 - Evaluate global model
2025-09-12 18:18:19,898 - Averaged Train Loss: 0.3997
2025-09-12 18:18:19,898 - Test Accurancy: 0.8638
2025-09-12 18:18:19,898 - Attack Success Rate: 0.1068
2025-09-12 18:18:24,233 - Round number: 16 --------------------------
2025-09-12 18:18:24,234 - Evaluate global model
2025-09-12 18:18:25,821 - Averaged Train Loss: 0.3914
2025-09-12 18:18:25,822 - Test Accurancy: 0.8666
2025-09-12 18:18:25,822 - Attack Success Rate: 0.0976
2025-09-12 18:18:30,111 - Round number: 17 --------------------------
2025-09-12 18:18:30,111 - Evaluate global model
2025-09-12 18:18:31,779 - Averaged Train Loss: 0.3848
2025-09-12 18:18:31,779 - Test Accurancy: 0.8670
2025-09-12 18:18:31,779 - Attack Success Rate: 0.1217
2025-09-12 18:18:35,997 - Round number: 18 --------------------------
2025-09-12 18:18:35,997 - Evaluate global model
2025-09-12 18:18:37,584 - Averaged Train Loss: 0.3812
2025-09-12 18:18:37,585 - Test Accurancy: 0.8696
2025-09-12 18:18:37,585 - Attack Success Rate: 0.1010
2025-09-12 18:18:41,887 - Round number: 19 --------------------------
2025-09-12 18:18:41,887 - Evaluate global model
2025-09-12 18:18:43,523 - Averaged Train Loss: 0.3734
2025-09-12 18:18:43,523 - Test Accurancy: 0.8720
2025-09-12 18:18:43,524 - Attack Success Rate: 0.1073
2025-09-12 18:18:47,730 - Round number: 20 --------------------------
2025-09-12 18:18:47,730 - Evaluate global model
2025-09-12 18:18:49,381 - Averaged Train Loss: 0.3714
2025-09-12 18:18:49,382 - Test Accurancy: 0.8729
2025-09-12 18:18:49,382 - Attack Success Rate: 0.1056
2025-09-12 18:18:53,738 - Round number: 21 --------------------------
2025-09-12 18:18:53,738 - Evaluate global model
2025-09-12 18:18:55,410 - Averaged Train Loss: 0.3671
2025-09-12 18:18:55,410 - Test Accurancy: 0.8746
2025-09-12 18:18:55,410 - Attack Success Rate: 0.1033
2025-09-12 18:18:59,871 - Round number: 22 --------------------------
2025-09-12 18:18:59,871 - Evaluate global model
2025-09-12 18:19:01,524 - Averaged Train Loss: 0.3639
2025-09-12 18:19:01,524 - Test Accurancy: 0.8755
2025-09-12 18:19:01,524 - Attack Success Rate: 0.0953
2025-09-12 18:19:05,666 - Round number: 23 --------------------------
2025-09-12 18:19:05,666 - Evaluate global model
2025-09-12 18:19:07,294 - Averaged Train Loss: 0.3588
2025-09-12 18:19:07,294 - Test Accurancy: 0.8771
2025-09-12 18:19:07,295 - Attack Success Rate: 0.0959
2025-09-12 18:19:11,530 - Round number: 24 --------------------------
2025-09-12 18:19:11,530 - Evaluate global model
2025-09-12 18:19:13,178 - Averaged Train Loss: 0.3548
2025-09-12 18:19:13,179 - Test Accurancy: 0.8775
2025-09-12 18:19:13,179 - Attack Success Rate: 0.1016
2025-09-12 18:19:17,424 - Round number: 25 --------------------------
2025-09-12 18:19:17,425 - Evaluate global model
2025-09-12 18:19:19,170 - Averaged Train Loss: 0.3495
2025-09-12 18:19:19,170 - Test Accurancy: 0.8796
2025-09-12 18:19:19,170 - Attack Success Rate: 0.1005
2025-09-12 18:19:23,415 - Round number: 26 --------------------------
2025-09-12 18:19:23,415 - Evaluate global model
2025-09-12 18:19:25,098 - Averaged Train Loss: 0.3452
2025-09-12 18:19:25,098 - Test Accurancy: 0.8817
2025-09-12 18:19:25,099 - Attack Success Rate: 0.0964
2025-09-12 18:19:29,343 - Round number: 27 --------------------------
2025-09-12 18:19:29,344 - Evaluate global model
2025-09-12 18:19:31,031 - Averaged Train Loss: 0.3416
2025-09-12 18:19:31,031 - Test Accurancy: 0.8815
2025-09-12 18:19:31,031 - Attack Success Rate: 0.1108
2025-09-12 18:19:35,356 - Round number: 28 --------------------------
2025-09-12 18:19:35,357 - Evaluate global model
2025-09-12 18:19:37,016 - Averaged Train Loss: 0.3406
2025-09-12 18:19:37,016 - Test Accurancy: 0.8828
2025-09-12 18:19:37,016 - Attack Success Rate: 0.0947
2025-09-12 18:19:41,161 - Round number: 29 --------------------------
2025-09-12 18:19:41,161 - Evaluate global model
2025-09-12 18:19:42,788 - Averaged Train Loss: 0.3374
2025-09-12 18:19:42,788 - Test Accurancy: 0.8814
2025-09-12 18:19:42,788 - Attack Success Rate: 0.1068
2025-09-12 18:19:46,922 - Round number: 30 --------------------------
2025-09-12 18:19:46,922 - Evaluate global model
2025-09-12 18:19:48,628 - Averaged Train Loss: 0.3351
2025-09-12 18:19:48,628 - Test Accurancy: 0.8835
2025-09-12 18:19:48,628 - Attack Success Rate: 0.0993
2025-09-12 18:19:52,867 - Round number: 31 --------------------------
2025-09-12 18:19:52,867 - Evaluate global model
2025-09-12 18:19:54,628 - Averaged Train Loss: 0.3278
2025-09-12 18:19:54,628 - Test Accurancy: 0.8865
2025-09-12 18:19:54,628 - Attack Success Rate: 0.1051
2025-09-12 18:19:58,890 - Round number: 32 --------------------------
2025-09-12 18:19:58,891 - Evaluate global model
2025-09-12 18:20:00,618 - Averaged Train Loss: 0.3322
2025-09-12 18:20:00,618 - Test Accurancy: 0.8870
2025-09-12 18:20:00,618 - Attack Success Rate: 0.0873
2025-09-12 18:20:05,074 - Round number: 33 --------------------------
2025-09-12 18:20:05,074 - Evaluate global model
2025-09-12 18:20:06,871 - Averaged Train Loss: 0.3251
2025-09-12 18:20:06,871 - Test Accurancy: 0.8872
2025-09-12 18:20:06,871 - Attack Success Rate: 0.1028
2025-09-12 18:20:11,165 - Round number: 34 --------------------------
2025-09-12 18:20:11,166 - Evaluate global model
2025-09-12 18:20:12,958 - Averaged Train Loss: 0.3238
2025-09-12 18:20:12,958 - Test Accurancy: 0.8876
2025-09-12 18:20:12,958 - Attack Success Rate: 0.1068
2025-09-12 18:20:17,141 - Round number: 35 --------------------------
2025-09-12 18:20:17,141 - Evaluate global model
2025-09-12 18:20:18,786 - Averaged Train Loss: 0.3224
2025-09-12 18:20:18,786 - Test Accurancy: 0.8893
2025-09-12 18:20:18,786 - Attack Success Rate: 0.0913
2025-09-12 18:20:23,028 - Round number: 36 --------------------------
2025-09-12 18:20:23,028 - Evaluate global model
2025-09-12 18:20:24,733 - Averaged Train Loss: 0.3208
2025-09-12 18:20:24,733 - Test Accurancy: 0.8901
2025-09-12 18:20:24,733 - Attack Success Rate: 0.0873
2025-09-12 18:20:28,739 - Round number: 37 --------------------------
2025-09-12 18:20:28,739 - Evaluate global model
2025-09-12 18:20:30,495 - Averaged Train Loss: 0.3163
2025-09-12 18:20:30,495 - Test Accurancy: 0.8895
2025-09-12 18:20:30,495 - Attack Success Rate: 0.1010
2025-09-12 18:20:34,613 - Round number: 38 --------------------------
2025-09-12 18:20:34,614 - Evaluate global model
2025-09-12 18:20:36,347 - Averaged Train Loss: 0.3152
2025-09-12 18:20:36,347 - Test Accurancy: 0.8910
2025-09-12 18:20:36,347 - Attack Success Rate: 0.0924
2025-09-12 18:20:40,426 - Round number: 39 --------------------------
2025-09-12 18:20:40,427 - Evaluate global model
2025-09-12 18:20:42,200 - Averaged Train Loss: 0.3138
2025-09-12 18:20:42,200 - Test Accurancy: 0.8912
2025-09-12 18:20:42,200 - Attack Success Rate: 0.0890
2025-09-12 18:20:46,249 - Round number: 40 --------------------------
2025-09-12 18:20:46,249 - Evaluate global model
2025-09-12 18:20:47,991 - Averaged Train Loss: 0.3107
2025-09-12 18:20:47,991 - Test Accurancy: 0.8923
2025-09-12 18:20:47,991 - Attack Success Rate: 0.0907
2025-09-12 18:20:52,005 - Round number: 41 --------------------------
2025-09-12 18:20:52,005 - Evaluate global model
2025-09-12 18:20:53,704 - Averaged Train Loss: 0.3067
2025-09-12 18:20:53,704 - Test Accurancy: 0.8921
2025-09-12 18:20:53,704 - Attack Success Rate: 0.1051
2025-09-12 18:20:57,839 - Round number: 42 --------------------------
2025-09-12 18:20:57,839 - Evaluate global model
2025-09-12 18:20:59,623 - Averaged Train Loss: 0.3057
2025-09-12 18:20:59,623 - Test Accurancy: 0.8932
2025-09-12 18:20:59,623 - Attack Success Rate: 0.1010
2025-09-12 18:21:03,772 - Round number: 43 --------------------------
2025-09-12 18:21:03,772 - Evaluate global model
2025-09-12 18:21:05,499 - Averaged Train Loss: 0.3064
2025-09-12 18:21:05,499 - Test Accurancy: 0.8932
2025-09-12 18:21:05,499 - Attack Success Rate: 0.0918
2025-09-12 18:21:09,673 - Round number: 44 --------------------------
2025-09-12 18:21:09,673 - Evaluate global model
2025-09-12 18:21:11,477 - Averaged Train Loss: 0.3023
2025-09-12 18:21:11,477 - Test Accurancy: 0.8941
2025-09-12 18:21:11,478 - Attack Success Rate: 0.0930
2025-09-12 18:21:15,715 - Round number: 45 --------------------------
2025-09-12 18:21:15,715 - Evaluate global model
2025-09-12 18:21:17,560 - Averaged Train Loss: 0.2980
2025-09-12 18:21:17,561 - Test Accurancy: 0.8949
2025-09-12 18:21:17,561 - Attack Success Rate: 0.0953
2025-09-12 18:21:21,692 - Round number: 46 --------------------------
2025-09-12 18:21:21,692 - Evaluate global model
2025-09-12 18:21:23,469 - Averaged Train Loss: 0.2991
2025-09-12 18:21:23,469 - Test Accurancy: 0.8953
2025-09-12 18:21:23,469 - Attack Success Rate: 0.0890
2025-09-12 18:21:27,551 - Round number: 47 --------------------------
2025-09-12 18:21:27,551 - Evaluate global model
2025-09-12 18:21:29,386 - Averaged Train Loss: 0.2961
2025-09-12 18:21:29,386 - Test Accurancy: 0.8949
2025-09-12 18:21:29,386 - Attack Success Rate: 0.1022
2025-09-12 18:21:33,514 - Round number: 48 --------------------------
2025-09-12 18:21:33,514 - Evaluate global model
2025-09-12 18:21:35,385 - Averaged Train Loss: 0.2986
2025-09-12 18:21:35,386 - Test Accurancy: 0.8961
2025-09-12 18:21:35,386 - Attack Success Rate: 0.0867
2025-09-12 18:21:39,455 - Round number: 49 --------------------------
2025-09-12 18:21:39,455 - Evaluate global model
2025-09-12 18:21:41,317 - Averaged Train Loss: 0.2953
2025-09-12 18:21:41,318 - Test Accurancy: 0.8965
2025-09-12 18:21:41,318 - Attack Success Rate: 0.0896
2025-09-12 18:21:45,386 - Round number: 50 --------------------------
2025-09-12 18:21:45,387 - Evaluate global model
2025-09-12 18:21:47,192 - Averaged Train Loss: 0.2890
2025-09-12 18:21:47,193 - Test Accurancy: 0.8962
2025-09-12 18:21:47,193 - Attack Success Rate: 0.1039
2025-09-12 18:21:51,213 - Round number: 51 --------------------------
2025-09-12 18:21:51,213 - Evaluate global model
2025-09-12 18:21:53,072 - Averaged Train Loss: 0.2883
2025-09-12 18:21:53,072 - Test Accurancy: 0.8965
2025-09-12 18:21:53,072 - Attack Success Rate: 0.1010
2025-09-12 18:21:57,067 - Round number: 52 --------------------------
2025-09-12 18:21:57,067 - Evaluate global model
2025-09-12 18:21:59,055 - Averaged Train Loss: 0.2921
2025-09-12 18:21:59,056 - Test Accurancy: 0.8962
2025-09-12 18:21:59,056 - Attack Success Rate: 0.0936
2025-09-12 18:22:03,023 - Round number: 53 --------------------------
2025-09-12 18:22:03,023 - Evaluate global model
2025-09-12 18:22:04,820 - Averaged Train Loss: 0.2890
2025-09-12 18:22:04,820 - Test Accurancy: 0.8969
2025-09-12 18:22:04,820 - Attack Success Rate: 0.0941
2025-09-12 18:22:08,786 - Round number: 54 --------------------------
2025-09-12 18:22:08,786 - Evaluate global model
2025-09-12 18:22:10,674 - Averaged Train Loss: 0.2852
2025-09-12 18:22:10,674 - Test Accurancy: 0.8974
2025-09-12 18:22:10,674 - Attack Success Rate: 0.0959
2025-09-12 18:22:14,993 - Round number: 55 --------------------------
2025-09-12 18:22:14,993 - Evaluate global model
2025-09-12 18:22:16,769 - Averaged Train Loss: 0.2882
2025-09-12 18:22:16,770 - Test Accurancy: 0.8976
2025-09-12 18:22:16,770 - Attack Success Rate: 0.0884
2025-09-12 18:22:20,875 - Round number: 56 --------------------------
2025-09-12 18:22:20,875 - Evaluate global model
2025-09-12 18:22:22,755 - Averaged Train Loss: 0.2878
2025-09-12 18:22:22,755 - Test Accurancy: 0.8982
2025-09-12 18:22:22,755 - Attack Success Rate: 0.0809
2025-09-12 18:22:26,816 - Round number: 57 --------------------------
2025-09-12 18:22:26,817 - Evaluate global model
2025-09-12 18:22:28,697 - Averaged Train Loss: 0.2842
2025-09-12 18:22:28,697 - Test Accurancy: 0.8992
2025-09-12 18:22:28,697 - Attack Success Rate: 0.0884
2025-09-12 18:22:32,824 - Round number: 58 --------------------------
2025-09-12 18:22:32,825 - Evaluate global model
2025-09-12 18:22:34,693 - Averaged Train Loss: 0.2852
2025-09-12 18:22:34,693 - Test Accurancy: 0.8974
2025-09-12 18:22:34,693 - Attack Success Rate: 0.0924
2025-09-12 18:22:38,884 - Round number: 59 --------------------------
2025-09-12 18:22:38,885 - Evaluate global model
2025-09-12 18:22:40,780 - Averaged Train Loss: 0.2821
2025-09-12 18:22:40,780 - Test Accurancy: 0.8981
2025-09-12 18:22:40,780 - Attack Success Rate: 0.0976
2025-09-12 18:22:44,700 - Round number: 60 --------------------------
2025-09-12 18:22:44,700 - Evaluate global model
2025-09-12 18:22:46,613 - Averaged Train Loss: 0.2826
2025-09-12 18:22:46,614 - Test Accurancy: 0.9004
2025-09-12 18:22:46,614 - Attack Success Rate: 0.0792
2025-09-12 18:22:50,562 - Round number: 61 --------------------------
2025-09-12 18:22:50,566 - Evaluate global model
2025-09-12 18:22:52,412 - Averaged Train Loss: 0.2791
2025-09-12 18:22:52,413 - Test Accurancy: 0.8978
2025-09-12 18:22:52,413 - Attack Success Rate: 0.1039
2025-09-12 18:22:56,859 - Round number: 62 --------------------------
2025-09-12 18:22:56,860 - Evaluate global model
2025-09-12 18:22:58,826 - Averaged Train Loss: 0.2773
2025-09-12 18:22:58,826 - Test Accurancy: 0.8994
2025-09-12 18:22:58,826 - Attack Success Rate: 0.0959
2025-09-12 18:23:02,729 - Round number: 63 --------------------------
2025-09-12 18:23:02,729 - Evaluate global model
2025-09-12 18:23:04,586 - Averaged Train Loss: 0.2775
2025-09-12 18:23:04,586 - Test Accurancy: 0.8985
2025-09-12 18:23:04,586 - Attack Success Rate: 0.0959
2025-09-12 18:23:08,681 - Round number: 64 --------------------------
2025-09-12 18:23:08,681 - Evaluate global model
2025-09-12 18:23:10,654 - Averaged Train Loss: 0.2744
2025-09-12 18:23:10,654 - Test Accurancy: 0.8999
2025-09-12 18:23:10,654 - Attack Success Rate: 0.0878
2025-09-12 18:23:14,674 - Round number: 65 --------------------------
2025-09-12 18:23:14,674 - Evaluate global model
2025-09-12 18:23:16,584 - Averaged Train Loss: 0.2727
2025-09-12 18:23:16,585 - Test Accurancy: 0.8998
2025-09-12 18:23:16,585 - Attack Success Rate: 0.0976
2025-09-12 18:23:20,475 - Round number: 66 --------------------------
2025-09-12 18:23:20,476 - Evaluate global model
2025-09-12 18:23:22,359 - Averaged Train Loss: 0.2743
2025-09-12 18:23:22,359 - Test Accurancy: 0.9013
2025-09-12 18:23:22,359 - Attack Success Rate: 0.0798
2025-09-12 18:23:26,597 - Round number: 67 --------------------------
2025-09-12 18:23:26,597 - Evaluate global model
2025-09-12 18:23:28,569 - Averaged Train Loss: 0.2747
2025-09-12 18:23:28,569 - Test Accurancy: 0.9012
2025-09-12 18:23:28,569 - Attack Success Rate: 0.0827
2025-09-12 18:23:32,766 - Round number: 68 --------------------------
2025-09-12 18:23:32,766 - Evaluate global model
2025-09-12 18:23:34,783 - Averaged Train Loss: 0.2732
2025-09-12 18:23:34,783 - Test Accurancy: 0.9021
2025-09-12 18:23:34,783 - Attack Success Rate: 0.0804
2025-09-12 18:23:38,726 - Round number: 69 --------------------------
2025-09-12 18:23:38,726 - Evaluate global model
2025-09-12 18:23:40,687 - Averaged Train Loss: 0.2683
2025-09-12 18:23:40,687 - Test Accurancy: 0.9022
2025-09-12 18:23:40,687 - Attack Success Rate: 0.0798
2025-09-12 18:23:44,570 - Round number: 70 --------------------------
2025-09-12 18:23:44,571 - Evaluate global model
2025-09-12 18:23:46,505 - Averaged Train Loss: 0.2680
2025-09-12 18:23:46,505 - Test Accurancy: 0.9032
2025-09-12 18:23:46,505 - Attack Success Rate: 0.0786
2025-09-12 18:23:50,385 - Round number: 71 --------------------------
2025-09-12 18:23:50,385 - Evaluate global model
2025-09-12 18:23:52,230 - Averaged Train Loss: 0.2684
2025-09-12 18:23:52,230 - Test Accurancy: 0.9027
2025-09-12 18:23:52,230 - Attack Success Rate: 0.0821
2025-09-12 18:23:56,176 - Round number: 72 --------------------------
2025-09-12 18:23:56,176 - Evaluate global model
2025-09-12 18:23:57,946 - Averaged Train Loss: 0.2646
2025-09-12 18:23:57,946 - Test Accurancy: 0.9013
2025-09-12 18:23:57,946 - Attack Success Rate: 0.0850
2025-09-12 18:24:02,132 - Round number: 73 --------------------------
2025-09-12 18:24:02,133 - Evaluate global model
2025-09-12 18:24:03,990 - Averaged Train Loss: 0.2677
2025-09-12 18:24:03,990 - Test Accurancy: 0.9023
2025-09-12 18:24:03,991 - Attack Success Rate: 0.0815
2025-09-12 18:24:07,990 - Round number: 74 --------------------------
2025-09-12 18:24:07,991 - Evaluate global model
2025-09-12 18:24:09,859 - Averaged Train Loss: 0.2654
2025-09-12 18:24:09,859 - Test Accurancy: 0.9037
2025-09-12 18:24:09,859 - Attack Success Rate: 0.0815
2025-09-12 18:24:13,834 - Round number: 75 --------------------------
2025-09-12 18:24:13,834 - Evaluate global model
2025-09-12 18:24:15,690 - Averaged Train Loss: 0.2640
2025-09-12 18:24:15,691 - Test Accurancy: 0.9034
2025-09-12 18:24:15,691 - Attack Success Rate: 0.0861
2025-09-12 18:24:19,753 - Round number: 76 --------------------------
2025-09-12 18:24:19,753 - Evaluate global model
2025-09-12 18:24:21,640 - Averaged Train Loss: 0.2627
2025-09-12 18:24:21,640 - Test Accurancy: 0.9026
2025-09-12 18:24:21,640 - Attack Success Rate: 0.0850
2025-09-12 18:24:25,703 - Round number: 77 --------------------------
2025-09-12 18:24:25,704 - Evaluate global model
2025-09-12 18:24:27,725 - Averaged Train Loss: 0.2605
2025-09-12 18:24:27,725 - Test Accurancy: 0.9038
2025-09-12 18:24:27,725 - Attack Success Rate: 0.0855
2025-09-12 18:24:31,742 - Round number: 78 --------------------------
2025-09-12 18:24:31,742 - Evaluate global model
2025-09-12 18:24:33,573 - Averaged Train Loss: 0.2592
2025-09-12 18:24:33,574 - Test Accurancy: 0.9037
2025-09-12 18:24:33,574 - Attack Success Rate: 0.0850
2025-09-12 18:24:37,536 - Round number: 79 --------------------------
2025-09-12 18:24:37,537 - Evaluate global model
2025-09-12 18:24:39,442 - Averaged Train Loss: 0.2575
2025-09-12 18:24:39,442 - Test Accurancy: 0.9028
2025-09-12 18:24:39,442 - Attack Success Rate: 0.0918
2025-09-12 18:24:43,470 - Round number: 80 --------------------------
2025-09-12 18:24:43,471 - Evaluate global model
2025-09-12 18:24:45,343 - Averaged Train Loss: 0.2556
2025-09-12 18:24:45,343 - Test Accurancy: 0.9028
2025-09-12 18:24:45,343 - Attack Success Rate: 0.0907
2025-09-12 18:24:49,399 - Round number: 81 --------------------------
2025-09-12 18:24:49,399 - Evaluate global model
2025-09-12 18:24:51,312 - Averaged Train Loss: 0.2592
2025-09-12 18:24:51,313 - Test Accurancy: 0.9025
2025-09-12 18:24:51,313 - Attack Success Rate: 0.0809
2025-09-12 18:24:55,313 - Round number: 82 --------------------------
2025-09-12 18:24:55,314 - Evaluate global model
2025-09-12 18:24:57,307 - Averaged Train Loss: 0.2537
2025-09-12 18:24:57,308 - Test Accurancy: 0.9026
2025-09-12 18:24:57,308 - Attack Success Rate: 0.0976
2025-09-12 18:25:01,304 - Round number: 83 --------------------------
2025-09-12 18:25:01,304 - Evaluate global model
2025-09-12 18:25:03,164 - Averaged Train Loss: 0.2572
2025-09-12 18:25:03,164 - Test Accurancy: 0.9032
2025-09-12 18:25:03,164 - Attack Success Rate: 0.0821
2025-09-12 18:25:07,168 - Round number: 84 --------------------------
2025-09-12 18:25:07,168 - Evaluate global model
2025-09-12 18:25:08,939 - Averaged Train Loss: 0.2550
2025-09-12 18:25:08,939 - Test Accurancy: 0.9044
2025-09-12 18:25:08,939 - Attack Success Rate: 0.0798
2025-09-12 18:25:13,042 - Round number: 85 --------------------------
2025-09-12 18:25:13,042 - Evaluate global model
2025-09-12 18:25:14,972 - Averaged Train Loss: 0.2543
2025-09-12 18:25:14,972 - Test Accurancy: 0.9036
2025-09-12 18:25:14,972 - Attack Success Rate: 0.0844
2025-09-12 18:25:19,069 - Round number: 86 --------------------------
2025-09-12 18:25:19,070 - Evaluate global model
2025-09-12 18:25:20,913 - Averaged Train Loss: 0.2502
2025-09-12 18:25:20,914 - Test Accurancy: 0.9047
2025-09-12 18:25:20,914 - Attack Success Rate: 0.0850
2025-09-12 18:25:25,075 - Round number: 87 --------------------------
2025-09-12 18:25:25,076 - Evaluate global model
2025-09-12 18:25:27,066 - Averaged Train Loss: 0.2479
2025-09-12 18:25:27,067 - Test Accurancy: 0.9041
2025-09-12 18:25:27,067 - Attack Success Rate: 0.0930
2025-09-12 18:25:30,979 - Round number: 88 --------------------------
2025-09-12 18:25:30,980 - Evaluate global model
2025-09-12 18:25:32,861 - Averaged Train Loss: 0.2496
2025-09-12 18:25:32,861 - Test Accurancy: 0.9036
2025-09-12 18:25:32,861 - Attack Success Rate: 0.0855
2025-09-12 18:25:37,311 - Round number: 89 --------------------------
2025-09-12 18:25:37,311 - Evaluate global model
2025-09-12 18:25:39,234 - Averaged Train Loss: 0.2490
2025-09-12 18:25:39,234 - Test Accurancy: 0.9051
2025-09-12 18:25:39,234 - Attack Success Rate: 0.0844
2025-09-12 18:25:43,226 - Round number: 90 --------------------------
2025-09-12 18:25:43,227 - Evaluate global model
2025-09-12 18:25:45,099 - Averaged Train Loss: 0.2508
2025-09-12 18:25:45,099 - Test Accurancy: 0.9032
2025-09-12 18:25:45,099 - Attack Success Rate: 0.0821
2025-09-12 18:25:48,955 - Round number: 91 --------------------------
2025-09-12 18:25:48,955 - Evaluate global model
2025-09-12 18:25:50,825 - Averaged Train Loss: 0.2462
2025-09-12 18:25:50,825 - Test Accurancy: 0.9046
2025-09-12 18:25:50,826 - Attack Success Rate: 0.0901
2025-09-12 18:25:54,911 - Round number: 92 --------------------------
2025-09-12 18:25:54,912 - Evaluate global model
2025-09-12 18:25:56,827 - Averaged Train Loss: 0.2485
2025-09-12 18:25:56,827 - Test Accurancy: 0.9047
2025-09-12 18:25:56,827 - Attack Success Rate: 0.0815
2025-09-12 18:26:01,179 - Round number: 93 --------------------------
2025-09-12 18:26:01,180 - Evaluate global model
2025-09-12 18:26:03,001 - Averaged Train Loss: 0.2436
2025-09-12 18:26:03,001 - Test Accurancy: 0.9037
2025-09-12 18:26:03,001 - Attack Success Rate: 0.0964
2025-09-12 18:26:07,363 - Round number: 94 --------------------------
2025-09-12 18:26:07,364 - Evaluate global model
2025-09-12 18:26:09,324 - Averaged Train Loss: 0.2450
2025-09-12 18:26:09,324 - Test Accurancy: 0.9038
2025-09-12 18:26:09,325 - Attack Success Rate: 0.0901
2025-09-12 18:26:13,324 - Round number: 95 --------------------------
2025-09-12 18:26:13,325 - Evaluate global model
2025-09-12 18:26:15,418 - Averaged Train Loss: 0.2476
2025-09-12 18:26:15,419 - Test Accurancy: 0.9042
2025-09-12 18:26:15,419 - Attack Success Rate: 0.0873
2025-09-12 18:26:19,485 - Round number: 96 --------------------------
2025-09-12 18:26:19,486 - Evaluate global model
2025-09-12 18:26:21,406 - Averaged Train Loss: 0.2448
2025-09-12 18:26:21,406 - Test Accurancy: 0.9044
2025-09-12 18:26:21,406 - Attack Success Rate: 0.0827
2025-09-12 18:26:25,614 - Round number: 97 --------------------------
2025-09-12 18:26:25,614 - Evaluate global model
2025-09-12 18:26:27,544 - Averaged Train Loss: 0.2440
2025-09-12 18:26:27,545 - Test Accurancy: 0.9050
2025-09-12 18:26:27,545 - Attack Success Rate: 0.0884
2025-09-12 18:26:31,522 - Round number: 98 --------------------------
2025-09-12 18:26:31,522 - Evaluate global model
2025-09-12 18:26:33,350 - Averaged Train Loss: nan
2025-09-12 18:26:33,350 - Test Accurancy: 0.1002
2025-09-12 18:26:33,350 - Attack Success Rate: 0.0000
2025-09-12 18:26:37,600 - Round number: 99 --------------------------
2025-09-12 18:26:37,601 - Evaluate global model
2025-09-12 18:26:39,384 - Averaged Train Loss: nan
2025-09-12 18:26:39,384 - Test Accurancy: 0.1002
2025-09-12 18:26:39,384 - Attack Success Rate: 0.0000
2025-09-12 18:26:43,603 - Round number: 100 --------------------------
2025-09-12 18:26:43,604 - Evaluate global model
2025-09-12 18:26:45,486 - Averaged Train Loss: nan
2025-09-12 18:26:45,486 - Test Accurancy: 0.1002
2025-09-12 18:26:45,486 - Attack Success Rate: 0.0000
2025-09-12 18:26:49,295 - Run over
2025-09-12 18:26:49,295 - Saving results to ./exp/exp1/FashionMNIST/auto_2.0.h5
2025-09-12 18:26:49,301 - Best accuracy: 0.9051044878383008
2025-09-12 18:26:49,301 - Average time cost per round: 5.947783331871033
