2025-09-12 17:56:25,735 - *****************EXP-1*****************
2025-09-12 17:56:25,735 - Exp repeats: 1
2025-09-12 17:56:25,735 - Communication Rounds: 100
2025-09-12 17:56:25,735 - Clients: 40

2025-09-12 17:56:25,735 - Attack method: scale
2025-09-12 17:56:25,735 - Filtering rule: dpd
2025-09-12 17:56:25,735 - Dataset: FashionMNIST
2025-09-12 17:56:25,735 - Model: cnn
2025-09-12 17:56:25,735 - Learning Rate: 0.2
2025-09-12 17:56:25,735 - Batch Size: 64
2025-09-12 17:56:25,735 - Device: cuda
2025-09-12 17:56:25,736 - Device id: 0
2025-09-12 17:56:25,736 - DPD clipping strategy: none
2025-09-12 17:56:25,736 - DPD noise level: 0.0
2025-09-12 17:56:25,736 - Adversaries: 8
2025-09-12 17:56:25,736 - Targeted Label Flipping: 4-->6
2025-09-12 17:56:25,736 - *****************EXP-1*****************
2025-09-12 17:56:26,231 - Running time: 0th ==========================
2025-09-12 17:56:27,992 - Round number: 0 --------------------------
2025-09-12 17:56:27,992 - Evaluate global model
2025-09-12 17:56:30,193 - Averaged Train Loss: 2.3051
2025-09-12 17:56:30,193 - Test Accurancy: 0.1321
2025-09-12 17:56:30,193 - Attack Success Rate: 0.0006
2025-09-12 17:56:34,953 - Round number: 1 --------------------------
2025-09-12 17:56:34,954 - Evaluate global model
2025-09-12 17:56:36,639 - Averaged Train Loss: 1.9656
2025-09-12 17:56:36,640 - Test Accurancy: 0.2471
2025-09-12 17:56:36,640 - Attack Success Rate: 0.9834
2025-09-12 17:56:41,118 - Round number: 2 --------------------------
2025-09-12 17:56:41,119 - Evaluate global model
2025-09-12 17:56:42,786 - Averaged Train Loss: 1.4156
2025-09-12 17:56:42,786 - Test Accurancy: 0.5958
2025-09-12 17:56:42,786 - Attack Success Rate: 0.8054
2025-09-12 17:56:47,083 - Round number: 3 --------------------------
2025-09-12 17:56:47,083 - Evaluate global model
2025-09-12 17:56:48,739 - Averaged Train Loss: 0.9561
2025-09-12 17:56:48,739 - Test Accurancy: 0.6730
2025-09-12 17:56:48,739 - Attack Success Rate: 0.8416
2025-09-12 17:56:53,064 - Round number: 4 --------------------------
2025-09-12 17:56:53,065 - Evaluate global model
2025-09-12 17:56:54,748 - Averaged Train Loss: 1.0778
2025-09-12 17:56:54,748 - Test Accurancy: 0.6965
2025-09-12 17:56:54,749 - Attack Success Rate: 0.6137
2025-09-12 17:56:59,242 - Round number: 5 --------------------------
2025-09-12 17:56:59,243 - Evaluate global model
2025-09-12 17:57:00,984 - Averaged Train Loss: 0.8938
2025-09-12 17:57:00,984 - Test Accurancy: 0.7108
2025-09-12 17:57:00,984 - Attack Success Rate: 0.8284
2025-09-12 17:57:05,401 - Round number: 6 --------------------------
2025-09-12 17:57:05,402 - Evaluate global model
2025-09-12 17:57:07,112 - Averaged Train Loss: 0.8825
2025-09-12 17:57:07,113 - Test Accurancy: 0.7199
2025-09-12 17:57:07,113 - Attack Success Rate: 0.8772
2025-09-12 17:57:11,380 - Round number: 7 --------------------------
2025-09-12 17:57:11,381 - Evaluate global model
2025-09-12 17:57:13,071 - Averaged Train Loss: 0.9076
2025-09-12 17:57:13,071 - Test Accurancy: 0.6999
2025-09-12 17:57:13,071 - Attack Success Rate: 0.5574
2025-09-12 17:57:17,540 - Round number: 8 --------------------------
2025-09-12 17:57:17,541 - Evaluate global model
2025-09-12 17:57:19,362 - Averaged Train Loss: 0.8898
2025-09-12 17:57:19,362 - Test Accurancy: 0.7383
2025-09-12 17:57:19,362 - Attack Success Rate: 0.8852
2025-09-12 17:57:23,783 - Round number: 9 --------------------------
2025-09-12 17:57:23,783 - Evaluate global model
2025-09-12 17:57:25,615 - Averaged Train Loss: 0.7534
2025-09-12 17:57:25,615 - Test Accurancy: 0.7496
2025-09-12 17:57:25,615 - Attack Success Rate: 0.5201
2025-09-12 17:57:29,969 - Round number: 10 --------------------------
2025-09-12 17:57:29,969 - Evaluate global model
2025-09-12 17:57:31,778 - Averaged Train Loss: 0.7292
2025-09-12 17:57:31,778 - Test Accurancy: 0.7649
2025-09-12 17:57:31,778 - Attack Success Rate: 0.8473
2025-09-12 17:57:35,985 - Round number: 11 --------------------------
2025-09-12 17:57:35,986 - Evaluate global model
2025-09-12 17:57:37,836 - Averaged Train Loss: 0.4867
2025-09-12 17:57:37,836 - Test Accurancy: 0.8164
2025-09-12 17:57:37,837 - Attack Success Rate: 0.4305
2025-09-12 17:57:42,036 - Round number: 12 --------------------------
2025-09-12 17:57:42,037 - Evaluate global model
2025-09-12 17:57:43,833 - Averaged Train Loss: 0.6823
2025-09-12 17:57:43,833 - Test Accurancy: 0.7704
2025-09-12 17:57:43,833 - Attack Success Rate: 0.8697
2025-09-12 17:57:47,995 - Round number: 13 --------------------------
2025-09-12 17:57:47,995 - Evaluate global model
2025-09-12 17:57:49,784 - Averaged Train Loss: 0.4300
2025-09-12 17:57:49,784 - Test Accurancy: 0.8354
2025-09-12 17:57:49,784 - Attack Success Rate: 0.2600
2025-09-12 17:57:53,866 - Round number: 14 --------------------------
2025-09-12 17:57:53,866 - Evaluate global model
2025-09-12 17:57:55,594 - Averaged Train Loss: 0.6676
2025-09-12 17:57:55,594 - Test Accurancy: 0.7690
2025-09-12 17:57:55,594 - Attack Success Rate: 0.9122
2025-09-12 17:57:59,854 - Round number: 15 --------------------------
2025-09-12 17:57:59,855 - Evaluate global model
2025-09-12 17:58:01,573 - Averaged Train Loss: 0.4002
2025-09-12 17:58:01,573 - Test Accurancy: 0.8417
2025-09-12 17:58:01,573 - Attack Success Rate: 0.2905
2025-09-12 17:58:05,825 - Round number: 16 --------------------------
2025-09-12 17:58:05,825 - Evaluate global model
2025-09-12 17:58:07,615 - Averaged Train Loss: 0.5754
2025-09-12 17:58:07,615 - Test Accurancy: 0.7917
2025-09-12 17:58:07,615 - Attack Success Rate: 0.8507
2025-09-12 17:58:12,021 - Round number: 17 --------------------------
2025-09-12 17:58:12,021 - Evaluate global model
2025-09-12 17:58:13,936 - Averaged Train Loss: 0.3677
2025-09-12 17:58:13,936 - Test Accurancy: 0.8458
2025-09-12 17:58:13,936 - Attack Success Rate: 0.3737
2025-09-12 17:58:18,093 - Round number: 18 --------------------------
2025-09-12 17:58:18,093 - Evaluate global model
2025-09-12 17:58:19,975 - Averaged Train Loss: 0.5114
2025-09-12 17:58:19,975 - Test Accurancy: 0.7984
2025-09-12 17:58:19,975 - Attack Success Rate: 0.8065
2025-09-12 17:58:23,977 - Round number: 19 --------------------------
2025-09-12 17:58:23,977 - Evaluate global model
2025-09-12 17:58:25,826 - Averaged Train Loss: 0.3674
2025-09-12 17:58:25,826 - Test Accurancy: 0.8415
2025-09-12 17:58:25,826 - Attack Success Rate: 0.4082
2025-09-12 17:58:29,938 - Round number: 20 --------------------------
2025-09-12 17:58:29,939 - Evaluate global model
2025-09-12 17:58:31,772 - Averaged Train Loss: 0.4846
2025-09-12 17:58:31,772 - Test Accurancy: 0.8074
2025-09-12 17:58:31,772 - Attack Success Rate: 0.7595
2025-09-12 17:58:36,023 - Round number: 21 --------------------------
2025-09-12 17:58:36,023 - Evaluate global model
2025-09-12 17:58:37,938 - Averaged Train Loss: 0.3453
2025-09-12 17:58:37,938 - Test Accurancy: 0.8520
2025-09-12 17:58:37,938 - Attack Success Rate: 0.3858
2025-09-12 17:58:41,998 - Round number: 22 --------------------------
2025-09-12 17:58:41,999 - Evaluate global model
2025-09-12 17:58:43,848 - Averaged Train Loss: 0.4664
2025-09-12 17:58:43,849 - Test Accurancy: 0.8072
2025-09-12 17:58:43,849 - Attack Success Rate: 0.7434
2025-09-12 17:58:48,321 - Round number: 23 --------------------------
2025-09-12 17:58:48,321 - Evaluate global model
2025-09-12 17:58:50,281 - Averaged Train Loss: 0.3525
2025-09-12 17:58:50,281 - Test Accurancy: 0.8515
2025-09-12 17:58:50,281 - Attack Success Rate: 0.3909
2025-09-12 17:58:54,379 - Round number: 24 --------------------------
2025-09-12 17:58:54,379 - Evaluate global model
2025-09-12 17:58:56,260 - Averaged Train Loss: 0.4528
2025-09-12 17:58:56,261 - Test Accurancy: 0.8128
2025-09-12 17:58:56,261 - Attack Success Rate: 0.7227
2025-09-12 17:59:00,342 - Round number: 25 --------------------------
2025-09-12 17:59:00,343 - Evaluate global model
2025-09-12 17:59:02,162 - Averaged Train Loss: 0.3457
2025-09-12 17:59:02,163 - Test Accurancy: 0.8503
2025-09-12 17:59:02,163 - Attack Success Rate: 0.4288
2025-09-12 17:59:06,214 - Round number: 26 --------------------------
2025-09-12 17:59:06,214 - Evaluate global model
2025-09-12 17:59:08,056 - Averaged Train Loss: 0.4762
2025-09-12 17:59:08,057 - Test Accurancy: 0.8121
2025-09-12 17:59:08,057 - Attack Success Rate: 0.7365
2025-09-12 17:59:12,059 - Round number: 27 --------------------------
2025-09-12 17:59:12,060 - Evaluate global model
2025-09-12 17:59:13,990 - Averaged Train Loss: 0.3318
2025-09-12 17:59:13,990 - Test Accurancy: 0.8623
2025-09-12 17:59:13,990 - Attack Success Rate: 0.3129
2025-09-12 17:59:18,109 - Round number: 28 --------------------------
2025-09-12 17:59:18,109 - Evaluate global model
2025-09-12 17:59:20,033 - Averaged Train Loss: 0.4669
2025-09-12 17:59:20,033 - Test Accurancy: 0.8199
2025-09-12 17:59:20,033 - Attack Success Rate: 0.7090
2025-09-12 17:59:24,129 - Round number: 29 --------------------------
2025-09-12 17:59:24,129 - Evaluate global model
2025-09-12 17:59:25,953 - Averaged Train Loss: 0.3374
2025-09-12 17:59:25,953 - Test Accurancy: 0.8543
2025-09-12 17:59:25,953 - Attack Success Rate: 0.3548
2025-09-12 17:59:29,936 - Round number: 30 --------------------------
2025-09-12 17:59:29,936 - Evaluate global model
2025-09-12 17:59:31,793 - Averaged Train Loss: 0.4824
2025-09-12 17:59:31,793 - Test Accurancy: 0.8151
2025-09-12 17:59:31,793 - Attack Success Rate: 0.7038
2025-09-12 17:59:35,770 - Round number: 31 --------------------------
2025-09-12 17:59:35,770 - Evaluate global model
2025-09-12 17:59:37,569 - Averaged Train Loss: 0.3113
2025-09-12 17:59:37,569 - Test Accurancy: 0.8695
2025-09-12 17:59:37,569 - Attack Success Rate: 0.2755
2025-09-12 17:59:41,629 - Round number: 32 --------------------------
2025-09-12 17:59:41,629 - Evaluate global model
2025-09-12 17:59:43,477 - Averaged Train Loss: 0.4774
2025-09-12 17:59:43,478 - Test Accurancy: 0.8131
2025-09-12 17:59:43,478 - Attack Success Rate: 0.7979
2025-09-12 17:59:47,422 - Round number: 33 --------------------------
2025-09-12 17:59:47,422 - Evaluate global model
2025-09-12 17:59:49,279 - Averaged Train Loss: 0.3091
2025-09-12 17:59:49,279 - Test Accurancy: 0.8718
2025-09-12 17:59:49,279 - Attack Success Rate: 0.2738
2025-09-12 17:59:53,302 - Round number: 34 --------------------------
2025-09-12 17:59:53,303 - Evaluate global model
2025-09-12 17:59:55,165 - Averaged Train Loss: 0.5091
2025-09-12 17:59:55,165 - Test Accurancy: 0.8121
2025-09-12 17:59:55,165 - Attack Success Rate: 0.8370
2025-09-12 17:59:59,175 - Round number: 35 --------------------------
2025-09-12 17:59:59,175 - Evaluate global model
2025-09-12 18:00:01,097 - Averaged Train Loss: 0.2976
2025-09-12 18:00:01,098 - Test Accurancy: 0.8835
2025-09-12 18:00:01,098 - Attack Success Rate: 0.1688
2025-09-12 18:00:05,034 - Round number: 36 --------------------------
2025-09-12 18:00:05,034 - Evaluate global model
2025-09-12 18:00:06,834 - Averaged Train Loss: 0.5159
2025-09-12 18:00:06,834 - Test Accurancy: 0.8115
2025-09-12 18:00:06,834 - Attack Success Rate: 0.8295
2025-09-12 18:00:10,938 - Round number: 37 --------------------------
2025-09-12 18:00:10,939 - Evaluate global model
2025-09-12 18:00:12,900 - Averaged Train Loss: 0.2940
2025-09-12 18:00:12,900 - Test Accurancy: 0.8832
2025-09-12 18:00:12,900 - Attack Success Rate: 0.1751
2025-09-12 18:00:16,820 - Round number: 38 --------------------------
2025-09-12 18:00:16,821 - Evaluate global model
2025-09-12 18:00:18,634 - Averaged Train Loss: 0.5645
2025-09-12 18:00:18,634 - Test Accurancy: 0.8079
2025-09-12 18:00:18,634 - Attack Success Rate: 0.8978
2025-09-12 18:00:22,964 - Round number: 39 --------------------------
2025-09-12 18:00:22,965 - Evaluate global model
2025-09-12 18:00:24,860 - Averaged Train Loss: 0.2887
2025-09-12 18:00:24,860 - Test Accurancy: 0.8886
2025-09-12 18:00:24,860 - Attack Success Rate: 0.1137
2025-09-12 18:00:28,828 - Round number: 40 --------------------------
2025-09-12 18:00:28,828 - Evaluate global model
2025-09-12 18:00:30,676 - Averaged Train Loss: 0.5450
2025-09-12 18:00:30,677 - Test Accurancy: 0.8074
2025-09-12 18:00:30,677 - Attack Success Rate: 0.8846
2025-09-12 18:00:34,689 - Round number: 41 --------------------------
2025-09-12 18:00:34,689 - Evaluate global model
2025-09-12 18:00:36,596 - Averaged Train Loss: 0.2830
2025-09-12 18:00:36,597 - Test Accurancy: 0.8877
2025-09-12 18:00:36,597 - Attack Success Rate: 0.1395
2025-09-12 18:00:40,536 - Round number: 42 --------------------------
2025-09-12 18:00:40,536 - Evaluate global model
2025-09-12 18:00:42,369 - Averaged Train Loss: 0.5509
2025-09-12 18:00:42,369 - Test Accurancy: 0.8066
2025-09-12 18:00:42,369 - Attack Success Rate: 0.9036
2025-09-12 18:00:46,358 - Round number: 43 --------------------------
2025-09-12 18:00:46,358 - Evaluate global model
2025-09-12 18:00:48,107 - Averaged Train Loss: 0.2798
2025-09-12 18:00:48,107 - Test Accurancy: 0.8914
2025-09-12 18:00:48,107 - Attack Success Rate: 0.1160
2025-09-12 18:00:52,157 - Round number: 44 --------------------------
2025-09-12 18:00:52,157 - Evaluate global model
2025-09-12 18:00:54,055 - Averaged Train Loss: 0.5746
2025-09-12 18:00:54,055 - Test Accurancy: 0.8095
2025-09-12 18:00:54,055 - Attack Success Rate: 0.9070
2025-09-12 18:00:58,251 - Round number: 45 --------------------------
2025-09-12 18:00:58,251 - Evaluate global model
2025-09-12 18:01:00,063 - Averaged Train Loss: 0.2709
2025-09-12 18:01:00,063 - Test Accurancy: 0.8904
2025-09-12 18:01:00,063 - Attack Success Rate: 0.1343
2025-09-12 18:01:04,192 - Round number: 46 --------------------------
2025-09-12 18:01:04,192 - Evaluate global model
2025-09-12 18:01:06,170 - Averaged Train Loss: 0.5112
2025-09-12 18:01:06,170 - Test Accurancy: 0.8119
2025-09-12 18:01:06,170 - Attack Success Rate: 0.8921
2025-09-12 18:01:10,251 - Round number: 47 --------------------------
2025-09-12 18:01:10,251 - Evaluate global model
2025-09-12 18:01:12,032 - Averaged Train Loss: 0.2723
2025-09-12 18:01:12,032 - Test Accurancy: 0.8896
2025-09-12 18:01:12,033 - Attack Success Rate: 0.1648
2025-09-12 18:01:16,287 - Round number: 48 --------------------------
2025-09-12 18:01:16,287 - Evaluate global model
2025-09-12 18:01:18,148 - Averaged Train Loss: 0.5065
2025-09-12 18:01:18,148 - Test Accurancy: 0.8116
2025-09-12 18:01:18,148 - Attack Success Rate: 0.8921
2025-09-12 18:01:22,295 - Round number: 49 --------------------------
2025-09-12 18:01:22,296 - Evaluate global model
2025-09-12 18:01:24,176 - Averaged Train Loss: 0.2709
2025-09-12 18:01:24,176 - Test Accurancy: 0.8896
2025-09-12 18:01:24,176 - Attack Success Rate: 0.1435
2025-09-12 18:01:28,155 - Round number: 50 --------------------------
2025-09-12 18:01:28,156 - Evaluate global model
2025-09-12 18:01:30,058 - Averaged Train Loss: 0.5876
2025-09-12 18:01:30,058 - Test Accurancy: 0.8092
2025-09-12 18:01:30,058 - Attack Success Rate: 0.9219
2025-09-12 18:01:33,958 - Round number: 51 --------------------------
2025-09-12 18:01:33,958 - Evaluate global model
2025-09-12 18:01:35,822 - Averaged Train Loss: 0.2655
2025-09-12 18:01:35,822 - Test Accurancy: 0.8888
2025-09-12 18:01:35,822 - Attack Success Rate: 0.1435
2025-09-12 18:01:39,740 - Round number: 52 --------------------------
2025-09-12 18:01:39,741 - Evaluate global model
2025-09-12 18:01:41,647 - Averaged Train Loss: 0.5478
2025-09-12 18:01:41,647 - Test Accurancy: 0.8086
2025-09-12 18:01:41,647 - Attack Success Rate: 0.9116
2025-09-12 18:01:45,586 - Round number: 53 --------------------------
2025-09-12 18:01:45,587 - Evaluate global model
2025-09-12 18:01:47,461 - Averaged Train Loss: 0.2630
2025-09-12 18:01:47,461 - Test Accurancy: 0.8917
2025-09-12 18:01:47,461 - Attack Success Rate: 0.1320
2025-09-12 18:01:51,364 - Round number: 54 --------------------------
2025-09-12 18:01:51,364 - Evaluate global model
2025-09-12 18:01:53,186 - Averaged Train Loss: 0.5525
2025-09-12 18:01:53,186 - Test Accurancy: 0.8045
2025-09-12 18:01:53,186 - Attack Success Rate: 0.9323
2025-09-12 18:01:57,265 - Round number: 55 --------------------------
2025-09-12 18:01:57,265 - Evaluate global model
2025-09-12 18:01:59,177 - Averaged Train Loss: 0.2856
2025-09-12 18:01:59,177 - Test Accurancy: 0.8871
2025-09-12 18:01:59,177 - Attack Success Rate: 0.1303
2025-09-12 18:02:03,115 - Round number: 56 --------------------------
2025-09-12 18:02:03,116 - Evaluate global model
2025-09-12 18:02:05,040 - Averaged Train Loss: 0.5509
2025-09-12 18:02:05,040 - Test Accurancy: 0.7966
2025-09-12 18:02:05,040 - Attack Success Rate: 0.9432
2025-09-12 18:02:09,144 - Round number: 57 --------------------------
2025-09-12 18:02:09,144 - Evaluate global model
2025-09-12 18:02:10,975 - Averaged Train Loss: 0.2925
2025-09-12 18:02:10,975 - Test Accurancy: 0.8835
2025-09-12 18:02:10,975 - Attack Success Rate: 0.1366
2025-09-12 18:02:15,105 - Round number: 58 --------------------------
2025-09-12 18:02:15,106 - Evaluate global model
2025-09-12 18:02:16,957 - Averaged Train Loss: 0.5636
2025-09-12 18:02:16,958 - Test Accurancy: 0.7952
2025-09-12 18:02:16,958 - Attack Success Rate: 0.9397
2025-09-12 18:02:21,063 - Round number: 59 --------------------------
2025-09-12 18:02:21,063 - Evaluate global model
2025-09-12 18:02:22,939 - Averaged Train Loss: 0.3034
2025-09-12 18:02:22,939 - Test Accurancy: 0.8835
2025-09-12 18:02:22,939 - Attack Success Rate: 0.1148
2025-09-12 18:02:26,895 - Round number: 60 --------------------------
2025-09-12 18:02:26,896 - Evaluate global model
2025-09-12 18:02:28,785 - Averaged Train Loss: 0.5875
2025-09-12 18:02:28,786 - Test Accurancy: 0.7889
2025-09-12 18:02:28,786 - Attack Success Rate: 0.9432
2025-09-12 18:02:32,790 - Round number: 61 --------------------------
2025-09-12 18:02:32,790 - Evaluate global model
2025-09-12 18:02:34,675 - Averaged Train Loss: 0.3260
2025-09-12 18:02:34,675 - Test Accurancy: 0.8773
2025-09-12 18:02:34,675 - Attack Success Rate: 0.1280
2025-09-12 18:02:38,618 - Round number: 62 --------------------------
2025-09-12 18:02:38,619 - Evaluate global model
2025-09-12 18:02:40,517 - Averaged Train Loss: 0.6487
2025-09-12 18:02:40,518 - Test Accurancy: 0.7768
2025-09-12 18:02:40,518 - Attack Success Rate: 0.9489
2025-09-12 18:02:44,450 - Round number: 63 --------------------------
2025-09-12 18:02:44,450 - Evaluate global model
2025-09-12 18:02:46,304 - Averaged Train Loss: 0.3677
2025-09-12 18:02:46,305 - Test Accurancy: 0.8745
2025-09-12 18:02:46,305 - Attack Success Rate: 0.1005
2025-09-12 18:02:50,259 - Round number: 64 --------------------------
2025-09-12 18:02:50,260 - Evaluate global model
2025-09-12 18:02:52,114 - Averaged Train Loss: 0.6123
2025-09-12 18:02:52,114 - Test Accurancy: 0.7772
2025-09-12 18:02:52,114 - Attack Success Rate: 0.9483
2025-09-12 18:02:56,062 - Round number: 65 --------------------------
2025-09-12 18:02:56,062 - Evaluate global model
2025-09-12 18:02:58,007 - Averaged Train Loss: 0.3758
2025-09-12 18:02:58,007 - Test Accurancy: 0.8715
2025-09-12 18:02:58,007 - Attack Success Rate: 0.1119
2025-09-12 18:03:02,052 - Round number: 66 --------------------------
2025-09-12 18:03:02,052 - Evaluate global model
2025-09-12 18:03:03,838 - Averaged Train Loss: 0.7025
2025-09-12 18:03:03,838 - Test Accurancy: 0.7616
2025-09-12 18:03:03,838 - Attack Success Rate: 0.9598
2025-09-12 18:03:08,152 - Round number: 67 --------------------------
2025-09-12 18:03:08,153 - Evaluate global model
2025-09-12 18:03:09,942 - Averaged Train Loss: 0.3953
2025-09-12 18:03:09,943 - Test Accurancy: 0.8699
2025-09-12 18:03:09,943 - Attack Success Rate: 0.0976
2025-09-12 18:03:14,231 - Round number: 68 --------------------------
2025-09-12 18:03:14,231 - Evaluate global model
2025-09-12 18:03:16,165 - Averaged Train Loss: 0.6512
2025-09-12 18:03:16,165 - Test Accurancy: 0.7750
2025-09-12 18:03:16,165 - Attack Success Rate: 0.9518
2025-09-12 18:03:20,444 - Round number: 69 --------------------------
2025-09-12 18:03:20,444 - Evaluate global model
2025-09-12 18:03:22,404 - Averaged Train Loss: 0.3727
2025-09-12 18:03:22,405 - Test Accurancy: 0.8706
2025-09-12 18:03:22,405 - Attack Success Rate: 0.1085
2025-09-12 18:03:26,671 - Round number: 70 --------------------------
2025-09-12 18:03:26,671 - Evaluate global model
2025-09-12 18:03:28,625 - Averaged Train Loss: 0.6468
2025-09-12 18:03:28,626 - Test Accurancy: 0.7764
2025-09-12 18:03:28,626 - Attack Success Rate: 0.9403
2025-09-12 18:03:32,810 - Round number: 71 --------------------------
2025-09-12 18:03:32,810 - Evaluate global model
2025-09-12 18:03:34,693 - Averaged Train Loss: 0.3496
2025-09-12 18:03:34,694 - Test Accurancy: 0.8755
2025-09-12 18:03:34,694 - Attack Success Rate: 0.1102
2025-09-12 18:03:38,756 - Round number: 72 --------------------------
2025-09-12 18:03:38,757 - Evaluate global model
2025-09-12 18:03:40,536 - Averaged Train Loss: 0.5720
2025-09-12 18:03:40,537 - Test Accurancy: 0.7826
2025-09-12 18:03:40,537 - Attack Success Rate: 0.9386
2025-09-12 18:03:45,039 - Round number: 73 --------------------------
2025-09-12 18:03:45,039 - Evaluate global model
2025-09-12 18:03:46,903 - Averaged Train Loss: 0.3338
2025-09-12 18:03:46,903 - Test Accurancy: 0.8763
2025-09-12 18:03:46,903 - Attack Success Rate: 0.1039
2025-09-12 18:03:50,897 - Round number: 74 --------------------------
2025-09-12 18:03:50,897 - Evaluate global model
2025-09-12 18:03:52,786 - Averaged Train Loss: 0.5585
2025-09-12 18:03:52,786 - Test Accurancy: 0.7869
2025-09-12 18:03:52,786 - Attack Success Rate: 0.9386
2025-09-12 18:03:56,781 - Round number: 75 --------------------------
2025-09-12 18:03:56,782 - Evaluate global model
2025-09-12 18:03:58,672 - Averaged Train Loss: 0.3071
2025-09-12 18:03:58,672 - Test Accurancy: 0.8780
2025-09-12 18:03:58,672 - Attack Success Rate: 0.1343
2025-09-12 18:04:02,791 - Round number: 76 --------------------------
2025-09-12 18:04:02,792 - Evaluate global model
2025-09-12 18:04:04,646 - Averaged Train Loss: 0.5438
2025-09-12 18:04:04,646 - Test Accurancy: 0.7897
2025-09-12 18:04:04,646 - Attack Success Rate: 0.9323
2025-09-12 18:04:08,882 - Round number: 77 --------------------------
2025-09-12 18:04:08,882 - Evaluate global model
2025-09-12 18:04:10,693 - Averaged Train Loss: 0.2984
2025-09-12 18:04:10,693 - Test Accurancy: 0.8797
2025-09-12 18:04:10,693 - Attack Success Rate: 0.1441
2025-09-12 18:04:14,994 - Round number: 78 --------------------------
2025-09-12 18:04:14,995 - Evaluate global model
2025-09-12 18:04:16,918 - Averaged Train Loss: nan
2025-09-12 18:04:16,918 - Test Accurancy: 0.1002
2025-09-12 18:04:16,919 - Attack Success Rate: 0.0000
2025-09-12 18:04:21,124 - Round number: 79 --------------------------
2025-09-12 18:04:21,124 - Evaluate global model
2025-09-12 18:04:22,979 - Averaged Train Loss: nan
2025-09-12 18:04:22,979 - Test Accurancy: 0.1002
2025-09-12 18:04:22,979 - Attack Success Rate: 0.0000
2025-09-12 18:04:27,403 - Round number: 80 --------------------------
2025-09-12 18:04:27,403 - Evaluate global model
2025-09-12 18:04:29,333 - Averaged Train Loss: nan
2025-09-12 18:04:29,334 - Test Accurancy: 0.1002
2025-09-12 18:04:29,334 - Attack Success Rate: 0.0000
2025-09-12 18:04:33,702 - Round number: 81 --------------------------
2025-09-12 18:04:33,702 - Evaluate global model
2025-09-12 18:04:35,558 - Averaged Train Loss: nan
2025-09-12 18:04:35,558 - Test Accurancy: 0.1002
2025-09-12 18:04:35,558 - Attack Success Rate: 0.0000
2025-09-12 18:04:39,622 - Round number: 82 --------------------------
2025-09-12 18:04:39,623 - Evaluate global model
2025-09-12 18:04:41,514 - Averaged Train Loss: nan
2025-09-12 18:04:41,514 - Test Accurancy: 0.1002
2025-09-12 18:04:41,514 - Attack Success Rate: 0.0000
2025-09-12 18:04:45,641 - Round number: 83 --------------------------
2025-09-12 18:04:45,641 - Evaluate global model
2025-09-12 18:04:47,508 - Averaged Train Loss: nan
2025-09-12 18:04:47,508 - Test Accurancy: 0.1002
2025-09-12 18:04:47,508 - Attack Success Rate: 0.0000
2025-09-12 18:04:51,440 - Round number: 84 --------------------------
2025-09-12 18:04:51,441 - Evaluate global model
2025-09-12 18:04:53,328 - Averaged Train Loss: nan
2025-09-12 18:04:53,328 - Test Accurancy: 0.1002
2025-09-12 18:04:53,328 - Attack Success Rate: 0.0000
2025-09-12 18:04:57,406 - Round number: 85 --------------------------
2025-09-12 18:04:57,406 - Evaluate global model
2025-09-12 18:04:59,323 - Averaged Train Loss: nan
2025-09-12 18:04:59,323 - Test Accurancy: 0.1002
2025-09-12 18:04:59,323 - Attack Success Rate: 0.0000
2025-09-12 18:05:03,273 - Round number: 86 --------------------------
2025-09-12 18:05:03,273 - Evaluate global model
2025-09-12 18:05:05,098 - Averaged Train Loss: nan
2025-09-12 18:05:05,098 - Test Accurancy: 0.1002
2025-09-12 18:05:05,098 - Attack Success Rate: 0.0000
2025-09-12 18:05:09,104 - Round number: 87 --------------------------
2025-09-12 18:05:09,105 - Evaluate global model
2025-09-12 18:05:10,945 - Averaged Train Loss: nan
2025-09-12 18:05:10,946 - Test Accurancy: 0.1002
2025-09-12 18:05:10,946 - Attack Success Rate: 0.0000
2025-09-12 18:05:15,162 - Round number: 88 --------------------------
2025-09-12 18:05:15,162 - Evaluate global model
2025-09-12 18:05:16,925 - Averaged Train Loss: nan
2025-09-12 18:05:16,925 - Test Accurancy: 0.1002
2025-09-12 18:05:16,925 - Attack Success Rate: 0.0000
2025-09-12 18:05:21,078 - Round number: 89 --------------------------
2025-09-12 18:05:21,078 - Evaluate global model
2025-09-12 18:05:22,867 - Averaged Train Loss: nan
2025-09-12 18:05:22,867 - Test Accurancy: 0.1002
2025-09-12 18:05:22,867 - Attack Success Rate: 0.0000
2025-09-12 18:05:27,087 - Round number: 90 --------------------------
2025-09-12 18:05:27,087 - Evaluate global model
2025-09-12 18:05:28,894 - Averaged Train Loss: nan
2025-09-12 18:05:28,894 - Test Accurancy: 0.1002
2025-09-12 18:05:28,894 - Attack Success Rate: 0.0000
2025-09-12 18:05:33,002 - Round number: 91 --------------------------
2025-09-12 18:05:33,003 - Evaluate global model
2025-09-12 18:05:34,788 - Averaged Train Loss: nan
2025-09-12 18:05:34,789 - Test Accurancy: 0.1002
2025-09-12 18:05:34,789 - Attack Success Rate: 0.0000
2025-09-12 18:05:38,853 - Round number: 92 --------------------------
2025-09-12 18:05:38,853 - Evaluate global model
2025-09-12 18:05:40,692 - Averaged Train Loss: nan
2025-09-12 18:05:40,692 - Test Accurancy: 0.1002
2025-09-12 18:05:40,692 - Attack Success Rate: 0.0000
2025-09-12 18:05:44,763 - Round number: 93 --------------------------
2025-09-12 18:05:44,763 - Evaluate global model
2025-09-12 18:05:46,666 - Averaged Train Loss: nan
2025-09-12 18:05:46,666 - Test Accurancy: 0.1002
2025-09-12 18:05:46,666 - Attack Success Rate: 0.0000
2025-09-12 18:05:50,820 - Round number: 94 --------------------------
2025-09-12 18:05:50,820 - Evaluate global model
2025-09-12 18:05:52,670 - Averaged Train Loss: nan
2025-09-12 18:05:52,670 - Test Accurancy: 0.1002
2025-09-12 18:05:52,670 - Attack Success Rate: 0.0000
2025-09-12 18:05:56,892 - Round number: 95 --------------------------
2025-09-12 18:05:56,893 - Evaluate global model
2025-09-12 18:05:58,653 - Averaged Train Loss: nan
2025-09-12 18:05:58,654 - Test Accurancy: 0.1002
2025-09-12 18:05:58,654 - Attack Success Rate: 0.0000
2025-09-12 18:06:02,732 - Round number: 96 --------------------------
2025-09-12 18:06:02,732 - Evaluate global model
2025-09-12 18:06:04,570 - Averaged Train Loss: nan
2025-09-12 18:06:04,570 - Test Accurancy: 0.1002
2025-09-12 18:06:04,570 - Attack Success Rate: 0.0000
2025-09-12 18:06:08,850 - Round number: 97 --------------------------
2025-09-12 18:06:08,851 - Evaluate global model
2025-09-12 18:06:10,669 - Averaged Train Loss: nan
2025-09-12 18:06:10,669 - Test Accurancy: 0.1002
2025-09-12 18:06:10,669 - Attack Success Rate: 0.0000
2025-09-12 18:06:14,973 - Round number: 98 --------------------------
2025-09-12 18:06:14,974 - Evaluate global model
2025-09-12 18:06:16,849 - Averaged Train Loss: nan
2025-09-12 18:06:16,849 - Test Accurancy: 0.1002
2025-09-12 18:06:16,849 - Attack Success Rate: 0.0000
2025-09-12 18:06:21,078 - Round number: 99 --------------------------
2025-09-12 18:06:21,079 - Evaluate global model
2025-09-12 18:06:22,945 - Averaged Train Loss: nan
2025-09-12 18:06:22,945 - Test Accurancy: 0.1002
2025-09-12 18:06:22,945 - Attack Success Rate: 0.0000
2025-09-12 18:06:26,968 - Round number: 100 --------------------------
2025-09-12 18:06:26,969 - Evaluate global model
2025-09-12 18:06:28,662 - Averaged Train Loss: nan
2025-09-12 18:06:28,663 - Test Accurancy: 0.1002
2025-09-12 18:06:28,663 - Attack Success Rate: 0.0000
2025-09-12 18:06:32,243 - Run over
2025-09-12 18:06:32,243 - Saving results to ./exp/exp1/FashionMNIST/none_6.0.h5
2025-09-12 18:06:32,248 - Best accuracy: 0.8917437478588558
2025-09-12 18:06:32,248 - Average time cost per round: 5.97295930147171
