2025-09-12 20:31:41,253 - *****************EXP-2*****************
2025-09-12 20:31:41,253 - Exp repeats: 1
2025-09-12 20:31:41,253 - Communication Rounds: 100
2025-09-12 20:31:41,253 - Clients: 40

2025-09-12 20:31:41,253 - Attack method: scale
2025-09-12 20:31:41,253 - Filtering rule: dpd
2025-09-12 20:31:41,253 - Dataset: FashionMNIST
2025-09-12 20:31:41,253 - Model: cnn
2025-09-12 20:31:41,253 - Learning Rate: 0.2
2025-09-12 20:31:41,253 - Batch Size: 64
2025-09-12 20:31:41,254 - Device: cuda
2025-09-12 20:31:41,254 - Device id: 0
2025-09-12 20:31:41,254 - DPD clipping strategy: auto
2025-09-12 20:31:41,254 - DPD noise level: 0.0004
2025-09-12 20:31:41,254 - Adversaries: 8
2025-09-12 20:31:41,254 - Targeted Label Flipping: 4-->6
2025-09-12 20:31:41,254 - *****************EXP-2*****************
2025-09-12 20:31:41,661 - Running time: 0th ==========================
2025-09-12 20:31:43,374 - Round number: 0 --------------------------
2025-09-12 20:31:43,374 - Evaluate global model
2025-09-12 20:31:45,543 - Averaged Train Loss: 2.3051
2025-09-12 20:31:45,543 - Test Accurancy: 0.1321
2025-09-12 20:31:45,543 - Attack Success Rate: 0.0006
2025-09-12 20:31:50,149 - DPD clipping bound C_t: 3.3781098127365112
2025-09-12 20:31:50,154 - DPD noise norm:1.029167890548706
2025-09-12 20:31:50,162 - Round number: 1 --------------------------
2025-09-12 20:31:50,162 - Evaluate global model
2025-09-12 20:31:51,757 - Averaged Train Loss: 2.1694
2025-09-12 20:31:51,757 - Test Accurancy: 0.3115
2025-09-12 20:31:51,757 - Attack Success Rate: 0.9380
2025-09-12 20:31:56,345 - DPD clipping bound C_t: 2.3717970848083496
2025-09-12 20:31:56,348 - DPD noise norm:0.7237331867218018
2025-09-12 20:31:56,356 - Round number: 2 --------------------------
2025-09-12 20:31:56,356 - Evaluate global model
2025-09-12 20:31:57,972 - Averaged Train Loss: 1.0645
2025-09-12 20:31:57,972 - Test Accurancy: 0.6748
2025-09-12 20:31:57,973 - Attack Success Rate: 0.1435
2025-09-12 20:32:02,380 - DPD clipping bound C_t: 1.659283459186554
2025-09-12 20:32:02,382 - DPD noise norm:0.5069789290428162
2025-09-12 20:32:02,389 - Round number: 3 --------------------------
2025-09-12 20:32:02,390 - Evaluate global model
2025-09-12 20:32:03,927 - Averaged Train Loss: 0.7128
2025-09-12 20:32:03,928 - Test Accurancy: 0.7502
2025-09-12 20:32:03,928 - Attack Success Rate: 0.1085
2025-09-12 20:32:08,418 - DPD clipping bound C_t: 1.3522645235061646
2025-09-12 20:32:08,421 - DPD noise norm:0.41304636001586914
2025-09-12 20:32:08,428 - Round number: 4 --------------------------
2025-09-12 20:32:08,428 - Evaluate global model
2025-09-12 20:32:10,060 - Averaged Train Loss: 0.6257
2025-09-12 20:32:10,060 - Test Accurancy: 0.7753
2025-09-12 20:32:10,060 - Attack Success Rate: 0.0953
2025-09-12 20:32:14,426 - DPD clipping bound C_t: 1.2077698111534119
2025-09-12 20:32:14,429 - DPD noise norm:0.36863645911216736
2025-09-12 20:32:14,436 - Round number: 5 --------------------------
2025-09-12 20:32:14,437 - Evaluate global model
2025-09-12 20:32:15,979 - Averaged Train Loss: 0.5714
2025-09-12 20:32:15,980 - Test Accurancy: 0.7962
2025-09-12 20:32:15,980 - Attack Success Rate: 0.1160
2025-09-12 20:32:20,393 - DPD clipping bound C_t: 1.1471233367919922
2025-09-12 20:32:20,396 - DPD noise norm:0.35010549426078796
2025-09-12 20:32:20,404 - Round number: 6 --------------------------
2025-09-12 20:32:20,405 - Evaluate global model
2025-09-12 20:32:22,018 - Averaged Train Loss: 0.5346
2025-09-12 20:32:22,018 - Test Accurancy: 0.8131
2025-09-12 20:32:22,018 - Attack Success Rate: 0.1119
2025-09-12 20:32:26,455 - DPD clipping bound C_t: 1.084860384464264
2025-09-12 20:32:26,457 - DPD noise norm:0.3302823007106781
2025-09-12 20:32:26,466 - Round number: 7 --------------------------
2025-09-12 20:32:26,466 - Evaluate global model
2025-09-12 20:32:28,208 - Averaged Train Loss: 0.5038
2025-09-12 20:32:28,209 - Test Accurancy: 0.8233
2025-09-12 20:32:28,209 - Attack Success Rate: 0.1079
2025-09-12 20:32:32,652 - DPD clipping bound C_t: 1.0403788089752197
2025-09-12 20:32:32,655 - DPD noise norm:0.317178875207901
2025-09-12 20:32:32,663 - Round number: 8 --------------------------
2025-09-12 20:32:32,663 - Evaluate global model
2025-09-12 20:32:34,232 - Averaged Train Loss: 0.4893
2025-09-12 20:32:34,232 - Test Accurancy: 0.8303
2025-09-12 20:32:34,232 - Attack Success Rate: 0.0884
2025-09-12 20:32:38,588 - DPD clipping bound C_t: 0.9856009483337402
2025-09-12 20:32:38,590 - DPD noise norm:0.30004364252090454
2025-09-12 20:32:38,597 - Round number: 9 --------------------------
2025-09-12 20:32:38,597 - Evaluate global model
2025-09-12 20:32:40,128 - Averaged Train Loss: 0.4738
2025-09-12 20:32:40,128 - Test Accurancy: 0.8364
2025-09-12 20:32:40,129 - Attack Success Rate: 0.0741
2025-09-12 20:32:44,617 - DPD clipping bound C_t: 0.9695838093757629
2025-09-12 20:32:44,621 - DPD noise norm:0.29595017433166504
2025-09-12 20:32:44,628 - Round number: 10 --------------------------
2025-09-12 20:32:44,629 - Evaluate global model
2025-09-12 20:32:46,352 - Averaged Train Loss: 0.4554
2025-09-12 20:32:46,352 - Test Accurancy: 0.8422
2025-09-12 20:32:46,352 - Attack Success Rate: 0.0918
2025-09-12 20:32:50,716 - DPD clipping bound C_t: 0.9519672393798828
2025-09-12 20:32:50,719 - DPD noise norm:0.2904003858566284
2025-09-12 20:32:50,726 - Round number: 11 --------------------------
2025-09-12 20:32:50,726 - Evaluate global model
2025-09-12 20:32:52,401 - Averaged Train Loss: 0.4423
2025-09-12 20:32:52,402 - Test Accurancy: 0.8476
2025-09-12 20:32:52,402 - Attack Success Rate: 0.0959
2025-09-12 20:32:56,695 - DPD clipping bound C_t: 0.9074929356575012
2025-09-12 20:32:56,698 - DPD noise norm:0.2773949205875397
2025-09-12 20:32:56,705 - Round number: 12 --------------------------
2025-09-12 20:32:56,705 - Evaluate global model
2025-09-12 20:32:58,275 - Averaged Train Loss: 0.4276
2025-09-12 20:32:58,276 - Test Accurancy: 0.8528
2025-09-12 20:32:58,276 - Attack Success Rate: 0.1096
2025-09-12 20:33:02,590 - DPD clipping bound C_t: 0.871619313955307
2025-09-12 20:33:02,592 - DPD noise norm:0.26559099555015564
2025-09-12 20:33:02,600 - Round number: 13 --------------------------
2025-09-12 20:33:02,600 - Evaluate global model
2025-09-12 20:33:04,264 - Averaged Train Loss: 0.4216
2025-09-12 20:33:04,264 - Test Accurancy: 0.8561
2025-09-12 20:33:04,264 - Attack Success Rate: 0.0976
2025-09-12 20:33:08,552 - DPD clipping bound C_t: 0.8987495005130768
2025-09-12 20:33:08,555 - DPD noise norm:0.2739928066730499
2025-09-12 20:33:08,563 - Round number: 14 --------------------------
2025-09-12 20:33:08,563 - Evaluate global model
2025-09-12 20:33:10,232 - Averaged Train Loss: 0.4118
2025-09-12 20:33:10,232 - Test Accurancy: 0.8601
2025-09-12 20:33:10,232 - Attack Success Rate: 0.0993
2025-09-12 20:33:14,474 - DPD clipping bound C_t: 0.8692528307437897
2025-09-12 20:33:14,477 - DPD noise norm:0.26504915952682495
2025-09-12 20:33:14,484 - Round number: 15 --------------------------
2025-09-12 20:33:14,484 - Evaluate global model
2025-09-12 20:33:16,102 - Averaged Train Loss: 0.4046
2025-09-12 20:33:16,103 - Test Accurancy: 0.8626
2025-09-12 20:33:16,103 - Attack Success Rate: 0.0993
2025-09-12 20:33:20,402 - DPD clipping bound C_t: 0.8479612767696381
2025-09-12 20:33:20,405 - DPD noise norm:0.2590334117412567
2025-09-12 20:33:20,412 - Round number: 16 --------------------------
2025-09-12 20:33:20,412 - Evaluate global model
2025-09-12 20:33:22,056 - Averaged Train Loss: 0.3959
2025-09-12 20:33:22,056 - Test Accurancy: 0.8660
2025-09-12 20:33:22,056 - Attack Success Rate: 0.0964
2025-09-12 20:33:26,333 - DPD clipping bound C_t: 0.8442972898483276
2025-09-12 20:33:26,336 - DPD noise norm:0.2574803829193115
2025-09-12 20:33:26,348 - Round number: 17 --------------------------
2025-09-12 20:33:26,348 - Evaluate global model
2025-09-12 20:33:28,052 - Averaged Train Loss: 0.3888
2025-09-12 20:33:28,052 - Test Accurancy: 0.8666
2025-09-12 20:33:28,052 - Attack Success Rate: 0.1171
2025-09-12 20:33:32,324 - DPD clipping bound C_t: 0.814971536397934
2025-09-12 20:33:32,327 - DPD noise norm:0.24847052991390228
2025-09-12 20:33:32,334 - Round number: 18 --------------------------
2025-09-12 20:33:32,335 - Evaluate global model
2025-09-12 20:33:34,014 - Averaged Train Loss: 0.3870
2025-09-12 20:33:34,014 - Test Accurancy: 0.8694
2025-09-12 20:33:34,014 - Attack Success Rate: 0.0959
2025-09-12 20:33:38,321 - DPD clipping bound C_t: 0.8017579615116119
2025-09-12 20:33:38,324 - DPD noise norm:0.2452823519706726
2025-09-12 20:33:38,334 - Round number: 19 --------------------------
2025-09-12 20:33:38,334 - Evaluate global model
2025-09-12 20:33:40,095 - Averaged Train Loss: 0.3801
2025-09-12 20:33:40,095 - Test Accurancy: 0.8707
2025-09-12 20:33:40,095 - Attack Success Rate: 0.0976
2025-09-12 20:33:44,232 - DPD clipping bound C_t: 0.7967147529125214
2025-09-12 20:33:44,235 - DPD noise norm:0.24340733885765076
2025-09-12 20:33:44,242 - Round number: 20 --------------------------
2025-09-12 20:33:44,242 - Evaluate global model
2025-09-12 20:33:45,939 - Averaged Train Loss: 0.3777
2025-09-12 20:33:45,939 - Test Accurancy: 0.8711
2025-09-12 20:33:45,939 - Attack Success Rate: 0.0970
2025-09-12 20:33:50,103 - DPD clipping bound C_t: 0.782237708568573
2025-09-12 20:33:50,106 - DPD noise norm:0.23826850950717926
2025-09-12 20:33:50,113 - Round number: 21 --------------------------
2025-09-12 20:33:50,113 - Evaluate global model
2025-09-12 20:33:51,853 - Averaged Train Loss: 0.3736
2025-09-12 20:33:51,853 - Test Accurancy: 0.8723
2025-09-12 20:33:51,853 - Attack Success Rate: 0.0953
2025-09-12 20:33:56,251 - DPD clipping bound C_t: 0.7712076902389526
2025-09-12 20:33:56,255 - DPD noise norm:0.2354310154914856
2025-09-12 20:33:56,263 - Round number: 22 --------------------------
2025-09-12 20:33:56,263 - Evaluate global model
2025-09-12 20:33:58,117 - Averaged Train Loss: 0.3709
2025-09-12 20:33:58,117 - Test Accurancy: 0.8753
2025-09-12 20:33:58,117 - Attack Success Rate: 0.0930
2025-09-12 20:34:02,262 - DPD clipping bound C_t: 0.7631234526634216
2025-09-12 20:34:02,265 - DPD noise norm:0.23256422579288483
2025-09-12 20:34:02,276 - Round number: 23 --------------------------
2025-09-12 20:34:02,276 - Evaluate global model
2025-09-12 20:34:04,192 - Averaged Train Loss: 0.3666
2025-09-12 20:34:04,192 - Test Accurancy: 0.8759
2025-09-12 20:34:04,192 - Attack Success Rate: 0.0913
2025-09-12 20:34:08,213 - DPD clipping bound C_t: 0.7639310359954834
2025-09-12 20:34:08,215 - DPD noise norm:0.23290392756462097
2025-09-12 20:34:08,222 - Round number: 24 --------------------------
2025-09-12 20:34:08,222 - Evaluate global model
2025-09-12 20:34:10,055 - Averaged Train Loss: 0.3639
2025-09-12 20:34:10,056 - Test Accurancy: 0.8768
2025-09-12 20:34:10,056 - Attack Success Rate: 0.0901
2025-09-12 20:34:14,014 - DPD clipping bound C_t: 0.7436825335025787
2025-09-12 20:34:14,016 - DPD noise norm:0.22716347873210907
2025-09-12 20:34:14,024 - Round number: 25 --------------------------
2025-09-12 20:34:14,024 - Evaluate global model
2025-09-12 20:34:15,816 - Averaged Train Loss: 0.3577
2025-09-12 20:34:15,816 - Test Accurancy: 0.8781
2025-09-12 20:34:15,816 - Attack Success Rate: 0.0947
2025-09-12 20:34:20,237 - DPD clipping bound C_t: 0.7243030965328217
2025-09-12 20:34:20,239 - DPD noise norm:0.22096802294254303
2025-09-12 20:34:20,247 - Round number: 26 --------------------------
2025-09-12 20:34:20,247 - Evaluate global model
2025-09-12 20:34:22,080 - Averaged Train Loss: 0.3536
2025-09-12 20:34:22,080 - Test Accurancy: 0.8795
2025-09-12 20:34:22,080 - Attack Success Rate: 0.0913
2025-09-12 20:34:26,306 - DPD clipping bound C_t: 0.7161613702774048
2025-09-12 20:34:26,309 - DPD noise norm:0.2186342477798462
2025-09-12 20:34:26,316 - Round number: 27 --------------------------
2025-09-12 20:34:26,316 - Evaluate global model
2025-09-12 20:34:28,121 - Averaged Train Loss: 0.3510
2025-09-12 20:34:28,121 - Test Accurancy: 0.8796
2025-09-12 20:34:28,121 - Attack Success Rate: 0.0976
2025-09-12 20:34:32,118 - DPD clipping bound C_t: 0.7266945540904999
2025-09-12 20:34:32,120 - DPD noise norm:0.2217809110879898
2025-09-12 20:34:32,127 - Round number: 28 --------------------------
2025-09-12 20:34:32,127 - Evaluate global model
2025-09-12 20:34:33,967 - Averaged Train Loss: 0.3487
2025-09-12 20:34:33,967 - Test Accurancy: 0.8810
2025-09-12 20:34:33,967 - Attack Success Rate: 0.0890
2025-09-12 20:34:38,033 - DPD clipping bound C_t: 0.7080387473106384
2025-09-12 20:34:38,036 - DPD noise norm:0.21604035794734955
2025-09-12 20:34:38,047 - Round number: 29 --------------------------
2025-09-12 20:34:38,047 - Evaluate global model
2025-09-12 20:34:39,952 - Averaged Train Loss: 0.3461
2025-09-12 20:34:39,953 - Test Accurancy: 0.8815
2025-09-12 20:34:39,953 - Attack Success Rate: 0.0918
2025-09-12 20:34:44,039 - DPD clipping bound C_t: 0.696584165096283
2025-09-12 20:34:44,041 - DPD noise norm:0.21297086775302887
2025-09-12 20:34:44,049 - Round number: 30 --------------------------
2025-09-12 20:34:44,049 - Evaluate global model
2025-09-12 20:34:45,853 - Averaged Train Loss: 0.3435
2025-09-12 20:34:45,854 - Test Accurancy: 0.8829
2025-09-12 20:34:45,854 - Attack Success Rate: 0.0867
2025-09-12 20:34:49,899 - DPD clipping bound C_t: 0.6842235326766968
2025-09-12 20:34:49,902 - DPD noise norm:0.2087518870830536
2025-09-12 20:34:49,910 - Round number: 31 --------------------------
2025-09-12 20:34:49,910 - Evaluate global model
2025-09-12 20:34:51,745 - Averaged Train Loss: 0.3392
2025-09-12 20:34:51,745 - Test Accurancy: 0.8839
2025-09-12 20:34:51,745 - Attack Success Rate: 0.0884
2025-09-12 20:34:55,990 - DPD clipping bound C_t: 0.6749598383903503
2025-09-12 20:34:55,992 - DPD noise norm:0.20585733652114868
2025-09-12 20:34:55,999 - Round number: 32 --------------------------
2025-09-12 20:34:55,999 - Evaluate global model
2025-09-12 20:34:57,806 - Averaged Train Loss: 0.3420
2025-09-12 20:34:57,806 - Test Accurancy: 0.8843
2025-09-12 20:34:57,806 - Attack Success Rate: 0.0867
2025-09-12 20:35:01,954 - DPD clipping bound C_t: 0.6669891178607941
2025-09-12 20:35:01,956 - DPD noise norm:0.2035035789012909
2025-09-12 20:35:01,963 - Round number: 33 --------------------------
2025-09-12 20:35:01,963 - Evaluate global model
2025-09-12 20:35:03,745 - Averaged Train Loss: 0.3375
2025-09-12 20:35:03,745 - Test Accurancy: 0.8845
2025-09-12 20:35:03,745 - Attack Success Rate: 0.0941
2025-09-12 20:35:07,971 - DPD clipping bound C_t: 0.6662697792053223
2025-09-12 20:35:07,974 - DPD noise norm:0.20316986739635468
2025-09-12 20:35:07,982 - Round number: 34 --------------------------
2025-09-12 20:35:07,983 - Evaluate global model
2025-09-12 20:35:09,871 - Averaged Train Loss: 0.3348
2025-09-12 20:35:09,871 - Test Accurancy: 0.8841
2025-09-12 20:35:09,871 - Attack Success Rate: 0.1033
2025-09-12 20:35:13,927 - DPD clipping bound C_t: 0.6426466703414917
2025-09-12 20:35:13,929 - DPD noise norm:0.19628439843654633
2025-09-12 20:35:13,937 - Round number: 35 --------------------------
2025-09-12 20:35:13,938 - Evaluate global model
2025-09-12 20:35:15,801 - Averaged Train Loss: 0.3336
2025-09-12 20:35:15,801 - Test Accurancy: 0.8861
2025-09-12 20:35:15,801 - Attack Success Rate: 0.0850
2025-09-12 20:35:19,960 - DPD clipping bound C_t: 0.6403405964374542
2025-09-12 20:35:19,965 - DPD noise norm:0.1952388435602188
2025-09-12 20:35:19,973 - Round number: 36 --------------------------
2025-09-12 20:35:19,973 - Evaluate global model
2025-09-12 20:35:21,860 - Averaged Train Loss: 0.3327
2025-09-12 20:35:21,861 - Test Accurancy: 0.8868
2025-09-12 20:35:21,861 - Attack Success Rate: 0.0832
2025-09-12 20:35:25,820 - DPD clipping bound C_t: 0.6339677274227142
2025-09-12 20:35:25,823 - DPD noise norm:0.1934903860092163
2025-09-12 20:35:25,831 - Round number: 37 --------------------------
2025-09-12 20:35:25,831 - Evaluate global model
2025-09-12 20:35:27,670 - Averaged Train Loss: 0.3285
2025-09-12 20:35:27,670 - Test Accurancy: 0.8865
2025-09-12 20:35:27,670 - Attack Success Rate: 0.0941
2025-09-12 20:35:31,792 - DPD clipping bound C_t: 0.6271693110466003
2025-09-12 20:35:31,795 - DPD noise norm:0.1913279891014099
2025-09-12 20:35:31,803 - Round number: 38 --------------------------
2025-09-12 20:35:31,803 - Evaluate global model
2025-09-12 20:35:33,725 - Averaged Train Loss: 0.3272
2025-09-12 20:35:33,726 - Test Accurancy: 0.8878
2025-09-12 20:35:33,726 - Attack Success Rate: 0.0867
2025-09-12 20:35:37,658 - DPD clipping bound C_t: 0.6086635887622833
2025-09-12 20:35:37,661 - DPD noise norm:0.1858675181865692
2025-09-12 20:35:37,669 - Round number: 39 --------------------------
2025-09-12 20:35:37,669 - Evaluate global model
2025-09-12 20:35:39,494 - Averaged Train Loss: 0.3261
2025-09-12 20:35:39,494 - Test Accurancy: 0.8885
2025-09-12 20:35:39,494 - Attack Success Rate: 0.0821
2025-09-12 20:35:43,595 - DPD clipping bound C_t: 0.6100104749202728
2025-09-12 20:35:43,598 - DPD noise norm:0.1863577961921692
2025-09-12 20:35:43,608 - Round number: 40 --------------------------
2025-09-12 20:35:43,608 - Evaluate global model
2025-09-12 20:35:45,481 - Averaged Train Loss: 0.3235
2025-09-12 20:35:45,481 - Test Accurancy: 0.8886
2025-09-12 20:35:45,481 - Attack Success Rate: 0.0884
2025-09-12 20:35:49,458 - DPD clipping bound C_t: 0.5854402184486389
2025-09-12 20:35:49,461 - DPD noise norm:0.17850320041179657
2025-09-12 20:35:49,468 - Round number: 41 --------------------------
2025-09-12 20:35:49,469 - Evaluate global model
2025-09-12 20:35:51,332 - Averaged Train Loss: 0.3217
2025-09-12 20:35:51,332 - Test Accurancy: 0.8892
2025-09-12 20:35:51,332 - Attack Success Rate: 0.0907
2025-09-12 20:35:55,265 - DPD clipping bound C_t: 0.600380152463913
2025-09-12 20:35:55,268 - DPD noise norm:0.1830868124961853
2025-09-12 20:35:55,276 - Round number: 42 --------------------------
2025-09-12 20:35:55,276 - Evaluate global model
2025-09-12 20:35:57,132 - Averaged Train Loss: 0.3191
2025-09-12 20:35:57,132 - Test Accurancy: 0.8895
2025-09-12 20:35:57,132 - Attack Success Rate: 0.0959
2025-09-12 20:36:01,284 - DPD clipping bound C_t: 0.5906968414783478
2025-09-12 20:36:01,287 - DPD noise norm:0.17987129092216492
2025-09-12 20:36:01,295 - Round number: 43 --------------------------
2025-09-12 20:36:01,295 - Evaluate global model
2025-09-12 20:36:03,230 - Averaged Train Loss: 0.3214
2025-09-12 20:36:03,230 - Test Accurancy: 0.8902
2025-09-12 20:36:03,230 - Attack Success Rate: 0.0832
2025-09-12 20:36:07,327 - DPD clipping bound C_t: 0.5725318789482117
2025-09-12 20:36:07,330 - DPD noise norm:0.17488431930541992
2025-09-12 20:36:07,337 - Round number: 44 --------------------------
2025-09-12 20:36:07,338 - Evaluate global model
2025-09-12 20:36:09,228 - Averaged Train Loss: 0.3173
2025-09-12 20:36:09,228 - Test Accurancy: 0.8911
2025-09-12 20:36:09,229 - Attack Success Rate: 0.0878
2025-09-12 20:36:13,262 - DPD clipping bound C_t: 0.5641756355762482
2025-09-12 20:36:13,264 - DPD noise norm:0.17217744886875153
2025-09-12 20:36:13,272 - Round number: 45 --------------------------
2025-09-12 20:36:13,272 - Evaluate global model
2025-09-12 20:36:15,111 - Averaged Train Loss: 0.3142
2025-09-12 20:36:15,111 - Test Accurancy: 0.8919
2025-09-12 20:36:15,111 - Attack Success Rate: 0.0873
2025-09-12 20:36:19,438 - DPD clipping bound C_t: 0.5579274594783783
2025-09-12 20:36:19,441 - DPD noise norm:0.1701200306415558
2025-09-12 20:36:19,448 - Round number: 46 --------------------------
2025-09-12 20:36:19,448 - Evaluate global model
2025-09-12 20:36:21,337 - Averaged Train Loss: 0.3148
2025-09-12 20:36:21,337 - Test Accurancy: 0.8919
2025-09-12 20:36:21,337 - Attack Success Rate: 0.0827
2025-09-12 20:36:25,447 - DPD clipping bound C_t: 0.5634615123271942
2025-09-12 20:36:25,451 - DPD noise norm:0.1720639020204544
2025-09-12 20:36:25,459 - Round number: 47 --------------------------
2025-09-12 20:36:25,459 - Evaluate global model
2025-09-12 20:36:27,332 - Averaged Train Loss: 0.3144
2025-09-12 20:36:27,332 - Test Accurancy: 0.8932
2025-09-12 20:36:27,332 - Attack Success Rate: 0.0809
2025-09-12 20:36:31,450 - DPD clipping bound C_t: 0.5433836877346039
2025-09-12 20:36:31,452 - DPD noise norm:0.16574113070964813
2025-09-12 20:36:31,461 - Round number: 48 --------------------------
2025-09-12 20:36:31,461 - Evaluate global model
2025-09-12 20:36:33,336 - Averaged Train Loss: 0.3141
2025-09-12 20:36:33,336 - Test Accurancy: 0.8920
2025-09-12 20:36:33,336 - Attack Success Rate: 0.0855
2025-09-12 20:36:37,286 - DPD clipping bound C_t: 0.5374539196491241
2025-09-12 20:36:37,289 - DPD noise norm:0.16393274068832397
2025-09-12 20:36:37,297 - Round number: 49 --------------------------
2025-09-12 20:36:37,297 - Evaluate global model
2025-09-12 20:36:39,172 - Averaged Train Loss: 0.3126
2025-09-12 20:36:39,172 - Test Accurancy: 0.8916
2025-09-12 20:36:39,172 - Attack Success Rate: 0.0844
2025-09-12 20:36:43,420 - DPD clipping bound C_t: 0.5329243838787079
2025-09-12 20:36:43,423 - DPD noise norm:0.16274990141391754
2025-09-12 20:36:43,431 - Round number: 50 --------------------------
2025-09-12 20:36:43,431 - Evaluate global model
2025-09-12 20:36:45,304 - Averaged Train Loss: 0.3083
2025-09-12 20:36:45,304 - Test Accurancy: 0.8925
2025-09-12 20:36:45,304 - Attack Success Rate: 0.0913
2025-09-12 20:36:49,579 - DPD clipping bound C_t: 0.529658704996109
2025-09-12 20:36:49,582 - DPD noise norm:0.1616847664117813
2025-09-12 20:36:49,590 - Round number: 51 --------------------------
2025-09-12 20:36:49,591 - Evaluate global model
2025-09-12 20:36:51,523 - Averaged Train Loss: 0.3080
2025-09-12 20:36:51,523 - Test Accurancy: 0.8923
2025-09-12 20:36:51,523 - Attack Success Rate: 0.0913
2025-09-12 20:36:55,735 - DPD clipping bound C_t: 0.5206934809684753
2025-09-12 20:36:55,737 - DPD noise norm:0.1590234488248825
2025-09-12 20:36:55,745 - Round number: 52 --------------------------
2025-09-12 20:36:55,745 - Evaluate global model
2025-09-12 20:36:57,548 - Averaged Train Loss: 0.3093
2025-09-12 20:36:57,548 - Test Accurancy: 0.8923
2025-09-12 20:36:57,548 - Attack Success Rate: 0.0884
2025-09-12 20:37:01,565 - DPD clipping bound C_t: 0.5035764575004578
2025-09-12 20:37:01,567 - DPD noise norm:0.15376366674900055
2025-09-12 20:37:01,575 - Round number: 53 --------------------------
2025-09-12 20:37:01,575 - Evaluate global model
2025-09-12 20:37:03,389 - Averaged Train Loss: 0.3075
2025-09-12 20:37:03,390 - Test Accurancy: 0.8936
2025-09-12 20:37:03,390 - Attack Success Rate: 0.0867
2025-09-12 20:37:07,406 - DPD clipping bound C_t: 0.5093919336795807
2025-09-12 20:37:07,409 - DPD noise norm:0.15540626645088196
2025-09-12 20:37:07,421 - Round number: 54 --------------------------
2025-09-12 20:37:07,421 - Evaluate global model
2025-09-12 20:37:09,295 - Averaged Train Loss: 0.3044
2025-09-12 20:37:09,295 - Test Accurancy: 0.8939
2025-09-12 20:37:09,295 - Attack Success Rate: 0.0873
2025-09-12 20:37:13,496 - DPD clipping bound C_t: 0.5161167979240417
2025-09-12 20:37:13,499 - DPD noise norm:0.157345712184906
2025-09-12 20:37:13,507 - Round number: 55 --------------------------
2025-09-12 20:37:13,507 - Evaluate global model
2025-09-12 20:37:15,359 - Averaged Train Loss: 0.3054
2025-09-12 20:37:15,359 - Test Accurancy: 0.8936
2025-09-12 20:37:15,359 - Attack Success Rate: 0.0832
2025-09-12 20:37:19,572 - DPD clipping bound C_t: 0.490556538105011
2025-09-12 20:37:19,574 - DPD noise norm:0.14972266554832458
2025-09-12 20:37:19,582 - Round number: 56 --------------------------
2025-09-12 20:37:19,582 - Evaluate global model
2025-09-12 20:37:21,461 - Averaged Train Loss: 0.3055
2025-09-12 20:37:21,462 - Test Accurancy: 0.8944
2025-09-12 20:37:21,462 - Attack Success Rate: 0.0809
2025-09-12 20:37:25,757 - DPD clipping bound C_t: 0.48334401845932007
2025-09-12 20:37:25,760 - DPD noise norm:0.14753414690494537
2025-09-12 20:37:25,767 - Round number: 57 --------------------------
2025-09-12 20:37:25,767 - Evaluate global model
2025-09-12 20:37:27,716 - Averaged Train Loss: 0.3036
2025-09-12 20:37:27,716 - Test Accurancy: 0.8951
2025-09-12 20:37:27,716 - Attack Success Rate: 0.0815
2025-09-12 20:37:32,090 - DPD clipping bound C_t: 0.47786736488342285
2025-09-12 20:37:32,092 - DPD noise norm:0.1459760218858719
2025-09-12 20:37:32,099 - Round number: 58 --------------------------
2025-09-12 20:37:32,099 - Evaluate global model
2025-09-12 20:37:33,839 - Averaged Train Loss: 0.3046
2025-09-12 20:37:33,839 - Test Accurancy: 0.8937
2025-09-12 20:37:33,839 - Attack Success Rate: 0.0809
2025-09-12 20:37:37,974 - DPD clipping bound C_t: 0.4723670482635498
2025-09-12 20:37:37,976 - DPD noise norm:0.14404617249965668
2025-09-12 20:37:37,983 - Round number: 59 --------------------------
2025-09-12 20:37:37,983 - Evaluate global model
2025-09-12 20:37:39,829 - Averaged Train Loss: 0.3023
2025-09-12 20:37:39,829 - Test Accurancy: 0.8947
2025-09-12 20:37:39,829 - Attack Success Rate: 0.0804
2025-09-12 20:37:43,861 - DPD clipping bound C_t: 0.46559281647205353
2025-09-12 20:37:43,863 - DPD noise norm:0.1420014202594757
2025-09-12 20:37:43,870 - Round number: 60 --------------------------
2025-09-12 20:37:43,870 - Evaluate global model
2025-09-12 20:37:45,641 - Averaged Train Loss: 0.3024
2025-09-12 20:37:45,642 - Test Accurancy: 0.8959
2025-09-12 20:37:45,642 - Attack Success Rate: 0.0735
2025-09-12 20:37:49,627 - DPD clipping bound C_t: 0.46483390033245087
2025-09-12 20:37:49,630 - DPD noise norm:0.14186444878578186
2025-09-12 20:37:49,638 - Round number: 61 --------------------------
2025-09-12 20:37:49,638 - Evaluate global model
2025-09-12 20:37:51,589 - Averaged Train Loss: 0.2993
2025-09-12 20:37:51,589 - Test Accurancy: 0.8941
2025-09-12 20:37:51,589 - Attack Success Rate: 0.0838
2025-09-12 20:37:55,633 - DPD clipping bound C_t: 0.4575525373220444
2025-09-12 20:37:55,636 - DPD noise norm:0.13975603878498077
2025-09-12 20:37:55,644 - Round number: 62 --------------------------
2025-09-12 20:37:55,644 - Evaluate global model
2025-09-12 20:37:57,506 - Averaged Train Loss: 0.2984
2025-09-12 20:37:57,507 - Test Accurancy: 0.8952
2025-09-12 20:37:57,507 - Attack Success Rate: 0.0809
2025-09-12 20:38:01,583 - DPD clipping bound C_t: 0.4526129812002182
2025-09-12 20:38:01,587 - DPD noise norm:0.1381591111421585
2025-09-12 20:38:01,598 - Round number: 63 --------------------------
2025-09-12 20:38:01,598 - Evaluate global model
2025-09-12 20:38:03,505 - Averaged Train Loss: 0.2984
2025-09-12 20:38:03,506 - Test Accurancy: 0.8952
2025-09-12 20:38:03,506 - Attack Success Rate: 0.0809
2025-09-12 20:38:07,504 - DPD clipping bound C_t: 0.4440903812646866
2025-09-12 20:38:07,506 - DPD noise norm:0.135666161775589
2025-09-12 20:38:07,513 - Round number: 64 --------------------------
2025-09-12 20:38:07,514 - Evaluate global model
2025-09-12 20:38:09,361 - Averaged Train Loss: 0.2966
2025-09-12 20:38:09,361 - Test Accurancy: 0.8971
2025-09-12 20:38:09,361 - Attack Success Rate: 0.0723
2025-09-12 20:38:13,489 - DPD clipping bound C_t: 0.44098544120788574
2025-09-12 20:38:13,495 - DPD noise norm:0.13468462228775024
2025-09-12 20:38:13,506 - Round number: 65 --------------------------
2025-09-12 20:38:13,507 - Evaluate global model
2025-09-12 20:38:15,451 - Averaged Train Loss: 0.2949
2025-09-12 20:38:15,451 - Test Accurancy: 0.8973
2025-09-12 20:38:15,451 - Attack Success Rate: 0.0781
2025-09-12 20:38:19,552 - DPD clipping bound C_t: 0.43376633524894714
2025-09-12 20:38:19,555 - DPD noise norm:0.13253560662269592
2025-09-12 20:38:19,562 - Round number: 66 --------------------------
2025-09-12 20:38:19,562 - Evaluate global model
2025-09-12 20:38:21,324 - Averaged Train Loss: 0.2965
2025-09-12 20:38:21,324 - Test Accurancy: 0.8970
2025-09-12 20:38:21,324 - Attack Success Rate: 0.0723
2025-09-12 20:38:25,497 - DPD clipping bound C_t: 0.4249213933944702
2025-09-12 20:38:25,500 - DPD noise norm:0.12981627881526947
2025-09-12 20:38:25,510 - Round number: 67 --------------------------
2025-09-12 20:38:25,510 - Evaluate global model
2025-09-12 20:38:27,454 - Averaged Train Loss: 0.2973
2025-09-12 20:38:27,454 - Test Accurancy: 0.8967
2025-09-12 20:38:27,454 - Attack Success Rate: 0.0712
2025-09-12 20:38:31,780 - DPD clipping bound C_t: 0.4261586368083954
2025-09-12 20:38:31,782 - DPD noise norm:0.12995773553848267
2025-09-12 20:38:31,790 - Round number: 68 --------------------------
2025-09-12 20:38:31,790 - Evaluate global model
2025-09-12 20:38:33,651 - Averaged Train Loss: 0.2956
2025-09-12 20:38:33,651 - Test Accurancy: 0.8972
2025-09-12 20:38:33,651 - Attack Success Rate: 0.0735
2025-09-12 20:38:38,052 - DPD clipping bound C_t: 0.4211089015007019
2025-09-12 20:38:38,056 - DPD noise norm:0.128591388463974
2025-09-12 20:38:38,069 - Round number: 69 --------------------------
2025-09-12 20:38:38,069 - Evaluate global model
2025-09-12 20:38:39,932 - Averaged Train Loss: 0.2923
2025-09-12 20:38:39,932 - Test Accurancy: 0.8980
2025-09-12 20:38:39,932 - Attack Success Rate: 0.0723
2025-09-12 20:38:44,377 - DPD clipping bound C_t: 0.41910551488399506
2025-09-12 20:38:44,381 - DPD noise norm:0.12795919179916382
2025-09-12 20:38:44,392 - Round number: 70 --------------------------
2025-09-12 20:38:44,392 - Evaluate global model
2025-09-12 20:38:46,326 - Averaged Train Loss: 0.2940
2025-09-12 20:38:46,326 - Test Accurancy: 0.8979
2025-09-12 20:38:46,326 - Attack Success Rate: 0.0666
2025-09-12 20:38:50,430 - DPD clipping bound C_t: 0.4030717611312866
2025-09-12 20:38:50,432 - DPD noise norm:0.12291380763053894
2025-09-12 20:38:50,439 - Round number: 71 --------------------------
2025-09-12 20:38:50,440 - Evaluate global model
2025-09-12 20:38:52,274 - Averaged Train Loss: 0.2944
2025-09-12 20:38:52,275 - Test Accurancy: 0.8979
2025-09-12 20:38:52,275 - Attack Success Rate: 0.0718
2025-09-12 20:38:56,557 - DPD clipping bound C_t: 0.40130847692489624
2025-09-12 20:38:56,560 - DPD noise norm:0.12253771722316742
2025-09-12 20:38:56,568 - Round number: 72 --------------------------
2025-09-12 20:38:56,569 - Evaluate global model
2025-09-12 20:38:58,460 - Averaged Train Loss: 0.2944
2025-09-12 20:38:58,460 - Test Accurancy: 0.8978
2025-09-12 20:38:58,460 - Attack Success Rate: 0.0649
2025-09-12 20:39:02,553 - DPD clipping bound C_t: 0.4000432789325714
2025-09-12 20:39:02,556 - DPD noise norm:0.12213398516178131
2025-09-12 20:39:02,564 - Round number: 73 --------------------------
2025-09-12 20:39:02,564 - Evaluate global model
2025-09-12 20:39:04,417 - Averaged Train Loss: 0.2911
2025-09-12 20:39:04,418 - Test Accurancy: 0.8973
2025-09-12 20:39:04,418 - Attack Success Rate: 0.0741
2025-09-12 20:39:08,477 - DPD clipping bound C_t: 0.3951094448566437
2025-09-12 20:39:08,480 - DPD noise norm:0.12072420865297318
2025-09-12 20:39:08,487 - Round number: 74 --------------------------
2025-09-12 20:39:08,488 - Evaluate global model
2025-09-12 20:39:10,308 - Averaged Train Loss: 0.2930
2025-09-12 20:39:10,308 - Test Accurancy: 0.8978
2025-09-12 20:39:10,308 - Attack Success Rate: 0.0672
2025-09-12 20:39:14,647 - DPD clipping bound C_t: 0.38449905812740326
2025-09-12 20:39:14,650 - DPD noise norm:0.11742057651281357
2025-09-12 20:39:14,657 - Round number: 75 --------------------------
2025-09-12 20:39:14,657 - Evaluate global model
2025-09-12 20:39:16,488 - Averaged Train Loss: 0.2924
2025-09-12 20:39:16,488 - Test Accurancy: 0.8979
2025-09-12 20:39:16,488 - Attack Success Rate: 0.0683
2025-09-12 20:39:20,409 - DPD clipping bound C_t: 0.3867299109697342
2025-09-12 20:39:20,411 - DPD noise norm:0.11820998787879944
2025-09-12 20:39:20,418 - Round number: 76 --------------------------
2025-09-12 20:39:20,418 - Evaluate global model
2025-09-12 20:39:22,233 - Averaged Train Loss: 0.2900
2025-09-12 20:39:22,234 - Test Accurancy: 0.8987
2025-09-12 20:39:22,234 - Attack Success Rate: 0.0689
2025-09-12 20:39:26,221 - DPD clipping bound C_t: 0.37639155983924866
2025-09-12 20:39:26,224 - DPD noise norm:0.11487283557653427
2025-09-12 20:39:26,236 - Round number: 77 --------------------------
2025-09-12 20:39:26,237 - Evaluate global model
2025-09-12 20:39:28,038 - Averaged Train Loss: 0.2864
2025-09-12 20:39:28,038 - Test Accurancy: 0.8993
2025-09-12 20:39:28,038 - Attack Success Rate: 0.0735
2025-09-12 20:39:32,129 - DPD clipping bound C_t: 0.37589986622333527
2025-09-12 20:39:32,132 - DPD noise norm:0.11485981196165085
2025-09-12 20:39:32,140 - Round number: 78 --------------------------
2025-09-12 20:39:32,141 - Evaluate global model
2025-09-12 20:39:34,016 - Averaged Train Loss: 0.2883
2025-09-12 20:39:34,016 - Test Accurancy: 0.8987
2025-09-12 20:39:34,016 - Attack Success Rate: 0.0706
2025-09-12 20:39:38,025 - DPD clipping bound C_t: 0.37267762422561646
2025-09-12 20:39:38,028 - DPD noise norm:0.11361273378133774
2025-09-12 20:39:38,035 - Round number: 79 --------------------------
2025-09-12 20:39:38,035 - Evaluate global model
2025-09-12 20:39:39,870 - Averaged Train Loss: 0.2859
2025-09-12 20:39:39,870 - Test Accurancy: 0.8982
2025-09-12 20:39:39,870 - Attack Success Rate: 0.0746
2025-09-12 20:39:43,840 - DPD clipping bound C_t: 0.363347589969635
2025-09-12 20:39:43,842 - DPD noise norm:0.11077962070703506
2025-09-12 20:39:43,849 - Round number: 80 --------------------------
2025-09-12 20:39:43,849 - Evaluate global model
2025-09-12 20:39:45,636 - Averaged Train Loss: 0.2860
2025-09-12 20:39:45,636 - Test Accurancy: 0.8987
2025-09-12 20:39:45,636 - Attack Success Rate: 0.0695
2025-09-12 20:39:49,687 - DPD clipping bound C_t: 0.3550143986940384
2025-09-12 20:39:49,689 - DPD noise norm:0.1084541529417038
2025-09-12 20:39:49,697 - Round number: 81 --------------------------
2025-09-12 20:39:49,697 - Evaluate global model
2025-09-12 20:39:51,484 - Averaged Train Loss: 0.2872
2025-09-12 20:39:51,485 - Test Accurancy: 0.8987
2025-09-12 20:39:51,485 - Attack Success Rate: 0.0666
2025-09-12 20:39:55,677 - DPD clipping bound C_t: 0.3584573566913605
2025-09-12 20:39:55,681 - DPD noise norm:0.10941920429468155
2025-09-12 20:39:55,691 - Round number: 82 --------------------------
2025-09-12 20:39:55,691 - Evaluate global model
2025-09-12 20:39:57,581 - Averaged Train Loss: 0.2859
2025-09-12 20:39:57,581 - Test Accurancy: 0.8989
2025-09-12 20:39:57,581 - Attack Success Rate: 0.0735
2025-09-12 20:40:01,555 - DPD clipping bound C_t: 0.35238973796367645
2025-09-12 20:40:01,557 - DPD noise norm:0.10743242502212524
2025-09-12 20:40:01,564 - Round number: 83 --------------------------
2025-09-12 20:40:01,564 - Evaluate global model
2025-09-12 20:40:03,370 - Averaged Train Loss: 0.2864
2025-09-12 20:40:03,370 - Test Accurancy: 0.8991
2025-09-12 20:40:03,370 - Attack Success Rate: 0.0718
2025-09-12 20:40:07,373 - DPD clipping bound C_t: 0.3490521311759949
2025-09-12 20:40:07,376 - DPD noise norm:0.10637091845273972
2025-09-12 20:40:07,383 - Round number: 84 --------------------------
2025-09-12 20:40:07,383 - Evaluate global model
2025-09-12 20:40:09,107 - Averaged Train Loss: 0.2859
2025-09-12 20:40:09,107 - Test Accurancy: 0.8995
2025-09-12 20:40:09,107 - Attack Success Rate: 0.0706
2025-09-12 20:40:13,186 - DPD clipping bound C_t: 0.33913080394268036
2025-09-12 20:40:13,188 - DPD noise norm:0.10354059934616089
2025-09-12 20:40:13,195 - Round number: 85 --------------------------
2025-09-12 20:40:13,195 - Evaluate global model
2025-09-12 20:40:15,047 - Averaged Train Loss: 0.2854
2025-09-12 20:40:15,047 - Test Accurancy: 0.8991
2025-09-12 20:40:15,047 - Attack Success Rate: 0.0700
2025-09-12 20:40:19,046 - DPD clipping bound C_t: 0.34055590629577637
2025-09-12 20:40:19,049 - DPD noise norm:0.1040131002664566
2025-09-12 20:40:19,056 - Round number: 86 --------------------------
2025-09-12 20:40:19,057 - Evaluate global model
2025-09-12 20:40:20,944 - Averaged Train Loss: 0.2821
2025-09-12 20:40:20,945 - Test Accurancy: 0.8993
2025-09-12 20:40:20,945 - Attack Success Rate: 0.0763
2025-09-12 20:40:24,948 - DPD clipping bound C_t: 0.3357304781675339
2025-09-12 20:40:24,951 - DPD noise norm:0.1023484319448471
2025-09-12 20:40:24,957 - Round number: 87 --------------------------
2025-09-12 20:40:24,957 - Evaluate global model
2025-09-12 20:40:26,720 - Averaged Train Loss: 0.2806
2025-09-12 20:40:26,720 - Test Accurancy: 0.8999
2025-09-12 20:40:26,720 - Attack Success Rate: 0.0792
2025-09-12 20:40:30,850 - DPD clipping bound C_t: 0.33186186850070953
2025-09-12 20:40:30,853 - DPD noise norm:0.10136963427066803
2025-09-12 20:40:30,860 - Round number: 88 --------------------------
2025-09-12 20:40:30,860 - Evaluate global model
2025-09-12 20:40:32,615 - Averaged Train Loss: 0.2788
2025-09-12 20:40:32,616 - Test Accurancy: 0.8991
2025-09-12 20:40:32,616 - Attack Success Rate: 0.0792
2025-09-12 20:40:36,597 - DPD clipping bound C_t: 0.33054719865322113
2025-09-12 20:40:36,600 - DPD noise norm:0.10098480433225632
2025-09-12 20:40:36,608 - Round number: 89 --------------------------
2025-09-12 20:40:36,608 - Evaluate global model
2025-09-12 20:40:38,484 - Averaged Train Loss: 0.2807
2025-09-12 20:40:38,484 - Test Accurancy: 0.8997
2025-09-12 20:40:38,484 - Attack Success Rate: 0.0706
2025-09-12 20:40:42,433 - DPD clipping bound C_t: 0.3264158219099045
2025-09-12 20:40:42,435 - DPD noise norm:0.0997089222073555
2025-09-12 20:40:42,442 - Round number: 90 --------------------------
2025-09-12 20:40:42,442 - Evaluate global model
2025-09-12 20:40:44,257 - Averaged Train Loss: 0.2828
2025-09-12 20:40:44,257 - Test Accurancy: 0.8991
2025-09-12 20:40:44,257 - Attack Success Rate: 0.0706
2025-09-12 20:40:48,178 - DPD clipping bound C_t: 0.3236077278852463
2025-09-12 20:40:48,180 - DPD noise norm:0.0989253893494606
2025-09-12 20:40:48,188 - Round number: 91 --------------------------
2025-09-12 20:40:48,188 - Evaluate global model
2025-09-12 20:40:50,028 - Averaged Train Loss: 0.2797
2025-09-12 20:40:50,029 - Test Accurancy: 0.9003
2025-09-12 20:40:50,029 - Attack Success Rate: 0.0735
2025-09-12 20:40:53,970 - DPD clipping bound C_t: 0.31480978429317474
2025-09-12 20:40:53,972 - DPD noise norm:0.09590084105730057
2025-09-12 20:40:53,980 - Round number: 92 --------------------------
2025-09-12 20:40:53,980 - Evaluate global model
2025-09-12 20:40:55,749 - Averaged Train Loss: 0.2799
2025-09-12 20:40:55,749 - Test Accurancy: 0.8997
2025-09-12 20:40:55,749 - Attack Success Rate: 0.0735
2025-09-12 20:40:59,786 - DPD clipping bound C_t: 0.31775662302970886
2025-09-12 20:40:59,789 - DPD noise norm:0.0969357118010521
2025-09-12 20:40:59,796 - Round number: 93 --------------------------
2025-09-12 20:40:59,796 - Evaluate global model
2025-09-12 20:41:01,573 - Averaged Train Loss: 0.2770
2025-09-12 20:41:01,573 - Test Accurancy: 0.8997
2025-09-12 20:41:01,573 - Attack Success Rate: 0.0798
2025-09-12 20:41:05,510 - DPD clipping bound C_t: 0.30977822840213776
2025-09-12 20:41:05,512 - DPD noise norm:0.09436385333538055
2025-09-12 20:41:05,520 - Round number: 94 --------------------------
2025-09-12 20:41:05,520 - Evaluate global model
2025-09-12 20:41:07,246 - Averaged Train Loss: 0.2801
2025-09-12 20:41:07,247 - Test Accurancy: 0.8998
2025-09-12 20:41:07,247 - Attack Success Rate: 0.0718
2025-09-12 20:41:11,776 - DPD clipping bound C_t: 0.30550335347652435
2025-09-12 20:41:11,779 - DPD noise norm:0.09333290904760361
2025-09-12 20:41:11,787 - Round number: 95 --------------------------
2025-09-12 20:41:11,787 - Evaluate global model
2025-09-12 20:41:13,654 - Averaged Train Loss: 0.2799
2025-09-12 20:41:13,654 - Test Accurancy: 0.9000
2025-09-12 20:41:13,655 - Attack Success Rate: 0.0712
2025-09-12 20:41:17,905 - DPD clipping bound C_t: 0.30063121020793915
2025-09-12 20:41:17,908 - DPD noise norm:0.0917939692735672
2025-09-12 20:41:17,915 - Round number: 96 --------------------------
2025-09-12 20:41:17,915 - Evaluate global model
2025-09-12 20:41:19,831 - Averaged Train Loss: 0.2787
2025-09-12 20:41:19,831 - Test Accurancy: 0.9003
2025-09-12 20:41:19,831 - Attack Success Rate: 0.0700
2025-09-12 20:41:23,952 - DPD clipping bound C_t: 0.2985428720712662
2025-09-12 20:41:23,955 - DPD noise norm:0.0910787358880043
2025-09-12 20:41:23,962 - Round number: 97 --------------------------
2025-09-12 20:41:23,962 - Evaluate global model
2025-09-12 20:41:25,749 - Averaged Train Loss: 0.2783
2025-09-12 20:41:25,750 - Test Accurancy: 0.9003
2025-09-12 20:41:25,750 - Attack Success Rate: 0.0712
2025-09-12 20:41:29,747 - DPD clipping bound C_t: 0.2908681035041809
2025-09-12 20:41:29,749 - DPD noise norm:0.08876648545265198
2025-09-12 20:41:29,757 - Round number: 98 --------------------------
2025-09-12 20:41:29,757 - Evaluate global model
2025-09-12 20:41:31,613 - Averaged Train Loss: 0.2789
2025-09-12 20:41:31,613 - Test Accurancy: 0.9002
2025-09-12 20:41:31,613 - Attack Success Rate: 0.0700
2025-09-12 20:41:35,529 - DPD clipping bound C_t: 0.29223792254924774
2025-09-12 20:41:35,532 - DPD noise norm:0.08917863667011261
2025-09-12 20:41:35,539 - Round number: 99 --------------------------
2025-09-12 20:41:35,539 - Evaluate global model
2025-09-12 20:41:37,315 - Averaged Train Loss: 0.2777
2025-09-12 20:41:37,316 - Test Accurancy: 0.8997
2025-09-12 20:41:37,316 - Attack Success Rate: 0.0735
2025-09-12 20:41:41,316 - DPD clipping bound C_t: 0.28695566952228546
2025-09-12 20:41:41,318 - DPD noise norm:0.08746697008609772
2025-09-12 20:41:41,326 - Round number: 100 --------------------------
2025-09-12 20:41:41,326 - Evaluate global model
2025-09-12 20:41:42,995 - Averaged Train Loss: 0.2777
2025-09-12 20:41:42,995 - Test Accurancy: 0.9003
2025-09-12 20:41:42,995 - Attack Success Rate: 0.0718
2025-09-12 20:41:46,414 - DPD clipping bound C_t: 0.28454896807670593
2025-09-12 20:41:46,416 - DPD noise norm:0.08702652901411057
2025-09-12 20:41:46,417 - Run over
2025-09-12 20:41:46,418 - Saving results to ./exp/exp2/FashionMNIST/0.0004.h5
2025-09-12 20:41:46,424 - Best accuracy: 0.9003083247687564
2025-09-12 20:41:46,424 - Average time cost per round: 5.962605922222138
