2025-09-12 20:31:41,199 - *****************EXP-2*****************
2025-09-12 20:31:41,199 - Exp repeats: 1
2025-09-12 20:31:41,199 - Communication Rounds: 100
2025-09-12 20:31:41,199 - Clients: 40

2025-09-12 20:31:41,199 - Attack method: scale
2025-09-12 20:31:41,199 - Filtering rule: dpd
2025-09-12 20:31:41,199 - Dataset: FashionMNIST
2025-09-12 20:31:41,199 - Model: cnn
2025-09-12 20:31:41,199 - Learning Rate: 0.2
2025-09-12 20:31:41,199 - Batch Size: 64
2025-09-12 20:31:41,199 - Device: cuda
2025-09-12 20:31:41,199 - Device id: 0
2025-09-12 20:31:41,199 - DPD clipping strategy: auto
2025-09-12 20:31:41,199 - DPD noise level: 0.0008
2025-09-12 20:31:41,200 - Adversaries: 8
2025-09-12 20:31:41,200 - Targeted Label Flipping: 4-->6
2025-09-12 20:31:41,200 - *****************EXP-2*****************
2025-09-12 20:31:41,635 - Running time: 0th ==========================
2025-09-12 20:31:43,278 - Round number: 0 --------------------------
2025-09-12 20:31:43,278 - Evaluate global model
2025-09-12 20:31:45,361 - Averaged Train Loss: 2.3051
2025-09-12 20:31:45,361 - Test Accurancy: 0.1321
2025-09-12 20:31:45,361 - Attack Success Rate: 0.0006
2025-09-12 20:31:49,962 - DPD clipping bound C_t: 3.3968849182128906
2025-09-12 20:31:49,968 - DPD noise norm:2.0697755813598633
2025-09-12 20:31:49,977 - Round number: 1 --------------------------
2025-09-12 20:31:49,977 - Evaluate global model
2025-09-12 20:31:51,528 - Averaged Train Loss: 2.1832
2025-09-12 20:31:51,528 - Test Accurancy: 0.3008
2025-09-12 20:31:51,528 - Attack Success Rate: 0.9592
2025-09-12 20:31:56,114 - DPD clipping bound C_t: 2.42453670501709
2025-09-12 20:31:56,116 - DPD noise norm:1.4796524047851562
2025-09-12 20:31:56,124 - Round number: 2 --------------------------
2025-09-12 20:31:56,124 - Evaluate global model
2025-09-12 20:31:57,810 - Averaged Train Loss: 1.1147
2025-09-12 20:31:57,811 - Test Accurancy: 0.6494
2025-09-12 20:31:57,811 - Attack Success Rate: 0.2784
2025-09-12 20:32:02,209 - DPD clipping bound C_t: 1.6810731291770935
2025-09-12 20:32:02,212 - DPD noise norm:1.027273178100586
2025-09-12 20:32:02,219 - Round number: 3 --------------------------
2025-09-12 20:32:02,219 - Evaluate global model
2025-09-12 20:32:03,768 - Averaged Train Loss: 0.7310
2025-09-12 20:32:03,768 - Test Accurancy: 0.7418
2025-09-12 20:32:03,768 - Attack Success Rate: 0.0993
2025-09-12 20:32:08,211 - DPD clipping bound C_t: 1.3853608965873718
2025-09-12 20:32:08,214 - DPD noise norm:0.8463112115859985
2025-09-12 20:32:08,222 - Round number: 4 --------------------------
2025-09-12 20:32:08,222 - Evaluate global model
2025-09-12 20:32:09,881 - Averaged Train Loss: 0.6295
2025-09-12 20:32:09,882 - Test Accurancy: 0.7696
2025-09-12 20:32:09,882 - Attack Success Rate: 0.0758
2025-09-12 20:32:14,206 - DPD clipping bound C_t: 1.1841009855270386
2025-09-12 20:32:14,209 - DPD noise norm:0.7228244543075562
2025-09-12 20:32:14,216 - Round number: 5 --------------------------
2025-09-12 20:32:14,216 - Evaluate global model
2025-09-12 20:32:15,769 - Averaged Train Loss: 0.5728
2025-09-12 20:32:15,769 - Test Accurancy: 0.7950
2025-09-12 20:32:15,769 - Attack Success Rate: 0.1096
2025-09-12 20:32:20,145 - DPD clipping bound C_t: 1.1260141730308533
2025-09-12 20:32:20,148 - DPD noise norm:0.6873258352279663
2025-09-12 20:32:20,157 - Round number: 6 --------------------------
2025-09-12 20:32:20,157 - Evaluate global model
2025-09-12 20:32:21,799 - Averaged Train Loss: 0.5365
2025-09-12 20:32:21,799 - Test Accurancy: 0.8095
2025-09-12 20:32:21,799 - Attack Success Rate: 0.1114
2025-09-12 20:32:26,206 - DPD clipping bound C_t: 1.10628342628479
2025-09-12 20:32:26,209 - DPD noise norm:0.6736089587211609
2025-09-12 20:32:26,217 - Round number: 7 --------------------------
2025-09-12 20:32:26,217 - Evaluate global model
2025-09-12 20:32:27,907 - Averaged Train Loss: 0.5078
2025-09-12 20:32:27,907 - Test Accurancy: 0.8213
2025-09-12 20:32:27,907 - Attack Success Rate: 0.1096
2025-09-12 20:32:32,346 - DPD clipping bound C_t: 1.0328863859176636
2025-09-12 20:32:32,349 - DPD noise norm:0.629789412021637
2025-09-12 20:32:32,357 - Round number: 8 --------------------------
2025-09-12 20:32:32,357 - Evaluate global model
2025-09-12 20:32:34,025 - Averaged Train Loss: 0.4918
2025-09-12 20:32:34,026 - Test Accurancy: 0.8294
2025-09-12 20:32:34,026 - Attack Success Rate: 0.0901
2025-09-12 20:32:38,391 - DPD clipping bound C_t: 1.0025291442871094
2025-09-12 20:32:38,397 - DPD noise norm:0.6103940606117249
2025-09-12 20:32:38,405 - Round number: 9 --------------------------
2025-09-12 20:32:38,405 - Evaluate global model
2025-09-12 20:32:39,957 - Averaged Train Loss: 0.4763
2025-09-12 20:32:39,957 - Test Accurancy: 0.8353
2025-09-12 20:32:39,957 - Attack Success Rate: 0.0746
2025-09-12 20:32:44,417 - DPD clipping bound C_t: 0.9706727564334869
2025-09-12 20:32:44,421 - DPD noise norm:0.59256511926651
2025-09-12 20:32:44,430 - Round number: 10 --------------------------
2025-09-12 20:32:44,430 - Evaluate global model
2025-09-12 20:32:46,064 - Averaged Train Loss: 0.4577
2025-09-12 20:32:46,064 - Test Accurancy: 0.8418
2025-09-12 20:32:46,064 - Attack Success Rate: 0.0918
2025-09-12 20:32:50,450 - DPD clipping bound C_t: 0.9438746273517609
2025-09-12 20:32:50,453 - DPD noise norm:0.5758634209632874
2025-09-12 20:32:50,461 - Round number: 11 --------------------------
2025-09-12 20:32:50,461 - Evaluate global model
2025-09-12 20:32:52,066 - Averaged Train Loss: 0.4436
2025-09-12 20:32:52,066 - Test Accurancy: 0.8473
2025-09-12 20:32:52,066 - Attack Success Rate: 0.0999
2025-09-12 20:32:56,352 - DPD clipping bound C_t: 0.9123227596282959
2025-09-12 20:32:56,355 - DPD noise norm:0.5577425360679626
2025-09-12 20:32:56,363 - Round number: 12 --------------------------
2025-09-12 20:32:56,363 - Evaluate global model
2025-09-12 20:32:57,896 - Averaged Train Loss: 0.4290
2025-09-12 20:32:57,896 - Test Accurancy: 0.8525
2025-09-12 20:32:57,896 - Attack Success Rate: 0.1102
2025-09-12 20:33:02,224 - DPD clipping bound C_t: 0.870376855134964
2025-09-12 20:33:02,227 - DPD noise norm:0.5304248332977295
2025-09-12 20:33:02,234 - Round number: 13 --------------------------
2025-09-12 20:33:02,234 - Evaluate global model
2025-09-12 20:33:03,848 - Averaged Train Loss: 0.4231
2025-09-12 20:33:03,849 - Test Accurancy: 0.8551
2025-09-12 20:33:03,849 - Attack Success Rate: 0.0993
2025-09-12 20:33:08,138 - DPD clipping bound C_t: 0.8818410634994507
2025-09-12 20:33:08,140 - DPD noise norm:0.5376762747764587
2025-09-12 20:33:08,147 - Round number: 14 --------------------------
2025-09-12 20:33:08,147 - Evaluate global model
2025-09-12 20:33:09,750 - Averaged Train Loss: 0.4136
2025-09-12 20:33:09,750 - Test Accurancy: 0.8597
2025-09-12 20:33:09,751 - Attack Success Rate: 0.0993
2025-09-12 20:33:13,975 - DPD clipping bound C_t: 0.8649617731571198
2025-09-12 20:33:13,978 - DPD noise norm:0.5274814963340759
2025-09-12 20:33:13,985 - Round number: 15 --------------------------
2025-09-12 20:33:13,986 - Evaluate global model
2025-09-12 20:33:15,539 - Averaged Train Loss: 0.4056
2025-09-12 20:33:15,539 - Test Accurancy: 0.8618
2025-09-12 20:33:15,540 - Attack Success Rate: 0.1005
2025-09-12 20:33:19,851 - DPD clipping bound C_t: 0.8467169404029846
2025-09-12 20:33:19,853 - DPD noise norm:0.5173065662384033
2025-09-12 20:33:19,860 - Round number: 16 --------------------------
2025-09-12 20:33:19,860 - Evaluate global model
2025-09-12 20:33:21,427 - Averaged Train Loss: 0.3973
2025-09-12 20:33:21,428 - Test Accurancy: 0.8661
2025-09-12 20:33:21,428 - Attack Success Rate: 0.0936
2025-09-12 20:33:25,720 - DPD clipping bound C_t: 0.8412345349788666
2025-09-12 20:33:25,723 - DPD noise norm:0.5130927562713623
2025-09-12 20:33:25,735 - Round number: 17 --------------------------
2025-09-12 20:33:25,735 - Evaluate global model
2025-09-12 20:33:27,357 - Averaged Train Loss: 0.3896
2025-09-12 20:33:27,357 - Test Accurancy: 0.8666
2025-09-12 20:33:27,357 - Attack Success Rate: 0.1154
2025-09-12 20:33:31,599 - DPD clipping bound C_t: 0.8170760869979858
2025-09-12 20:33:31,602 - DPD noise norm:0.49822431802749634
2025-09-12 20:33:31,609 - Round number: 18 --------------------------
2025-09-12 20:33:31,609 - Evaluate global model
2025-09-12 20:33:33,201 - Averaged Train Loss: 0.3879
2025-09-12 20:33:33,201 - Test Accurancy: 0.8694
2025-09-12 20:33:33,201 - Attack Success Rate: 0.0976
2025-09-12 20:33:37,505 - DPD clipping bound C_t: 0.8057110011577606
2025-09-12 20:33:37,508 - DPD noise norm:0.4929834306240082
2025-09-12 20:33:37,519 - Round number: 19 --------------------------
2025-09-12 20:33:37,519 - Evaluate global model
2025-09-12 20:33:39,092 - Averaged Train Loss: 0.3809
2025-09-12 20:33:39,092 - Test Accurancy: 0.8707
2025-09-12 20:33:39,092 - Attack Success Rate: 0.0982
2025-09-12 20:33:43,216 - DPD clipping bound C_t: 0.7935459315776825
2025-09-12 20:33:43,219 - DPD noise norm:0.48487845063209534
2025-09-12 20:33:43,227 - Round number: 20 --------------------------
2025-09-12 20:33:43,227 - Evaluate global model
2025-09-12 20:33:44,853 - Averaged Train Loss: 0.3783
2025-09-12 20:33:44,854 - Test Accurancy: 0.8706
2025-09-12 20:33:44,854 - Attack Success Rate: 0.0982
2025-09-12 20:33:49,038 - DPD clipping bound C_t: 0.7811877429485321
2025-09-12 20:33:49,040 - DPD noise norm:0.4758974015712738
2025-09-12 20:33:49,047 - Round number: 21 --------------------------
2025-09-12 20:33:49,047 - Evaluate global model
2025-09-12 20:33:50,650 - Averaged Train Loss: 0.3741
2025-09-12 20:33:50,651 - Test Accurancy: 0.8729
2025-09-12 20:33:50,651 - Attack Success Rate: 0.0930
2025-09-12 20:33:54,921 - DPD clipping bound C_t: 0.7660652995109558
2025-09-12 20:33:54,924 - DPD noise norm:0.4677222967147827
2025-09-12 20:33:54,936 - Round number: 22 --------------------------
2025-09-12 20:33:54,936 - Evaluate global model
2025-09-12 20:33:56,619 - Averaged Train Loss: 0.3711
2025-09-12 20:33:56,619 - Test Accurancy: 0.8744
2025-09-12 20:33:56,619 - Attack Success Rate: 0.0896
2025-09-12 20:34:00,694 - DPD clipping bound C_t: 0.7680523991584778
2025-09-12 20:34:00,697 - DPD noise norm:0.4681326746940613
2025-09-12 20:34:00,705 - Round number: 23 --------------------------
2025-09-12 20:34:00,705 - Evaluate global model
2025-09-12 20:34:02,475 - Averaged Train Loss: 0.3669
2025-09-12 20:34:02,476 - Test Accurancy: 0.8762
2025-09-12 20:34:02,476 - Attack Success Rate: 0.0890
2025-09-12 20:34:06,575 - DPD clipping bound C_t: 0.7622251808643341
2025-09-12 20:34:06,578 - DPD noise norm:0.4647676944732666
2025-09-12 20:34:06,585 - Round number: 24 --------------------------
2025-09-12 20:34:06,585 - Evaluate global model
2025-09-12 20:34:08,321 - Averaged Train Loss: 0.3650
2025-09-12 20:34:08,321 - Test Accurancy: 0.8767
2025-09-12 20:34:08,321 - Attack Success Rate: 0.0890
2025-09-12 20:34:12,306 - DPD clipping bound C_t: 0.742341935634613
2025-09-12 20:34:12,309 - DPD noise norm:0.4535079896450043
2025-09-12 20:34:12,317 - Round number: 25 --------------------------
2025-09-12 20:34:12,317 - Evaluate global model
2025-09-12 20:34:14,040 - Averaged Train Loss: 0.3587
2025-09-12 20:34:14,040 - Test Accurancy: 0.8775
2025-09-12 20:34:14,040 - Attack Success Rate: 0.0941
2025-09-12 20:34:18,130 - DPD clipping bound C_t: 0.7206592559814453
2025-09-12 20:34:18,132 - DPD noise norm:0.4397127330303192
2025-09-12 20:34:18,140 - Round number: 26 --------------------------
2025-09-12 20:34:18,140 - Evaluate global model
2025-09-12 20:34:19,815 - Averaged Train Loss: 0.3548
2025-09-12 20:34:19,816 - Test Accurancy: 0.8795
2025-09-12 20:34:19,816 - Attack Success Rate: 0.0913
2025-09-12 20:34:24,222 - DPD clipping bound C_t: 0.7145941853523254
2025-09-12 20:34:24,226 - DPD noise norm:0.43631163239479065
2025-09-12 20:34:24,239 - Round number: 27 --------------------------
2025-09-12 20:34:24,240 - Evaluate global model
2025-09-12 20:34:26,055 - Averaged Train Loss: 0.3516
2025-09-12 20:34:26,055 - Test Accurancy: 0.8794
2025-09-12 20:34:26,055 - Attack Success Rate: 0.0987
2025-09-12 20:34:30,138 - DPD clipping bound C_t: 0.7289879620075226
2025-09-12 20:34:30,141 - DPD noise norm:0.44496163725852966
2025-09-12 20:34:30,149 - Round number: 28 --------------------------
2025-09-12 20:34:30,149 - Evaluate global model
2025-09-12 20:34:31,929 - Averaged Train Loss: 0.3492
2025-09-12 20:34:31,930 - Test Accurancy: 0.8803
2025-09-12 20:34:31,930 - Attack Success Rate: 0.0901
2025-09-12 20:34:36,128 - DPD clipping bound C_t: 0.7010422945022583
2025-09-12 20:34:36,131 - DPD noise norm:0.4278111457824707
2025-09-12 20:34:36,138 - Round number: 29 --------------------------
2025-09-12 20:34:36,138 - Evaluate global model
2025-09-12 20:34:37,926 - Averaged Train Loss: 0.3470
2025-09-12 20:34:37,926 - Test Accurancy: 0.8812
2025-09-12 20:34:37,926 - Attack Success Rate: 0.0918
2025-09-12 20:34:42,165 - DPD clipping bound C_t: 0.6969423294067383
2025-09-12 20:34:42,168 - DPD noise norm:0.4261607229709625
2025-09-12 20:34:42,176 - Round number: 30 --------------------------
2025-09-12 20:34:42,176 - Evaluate global model
2025-09-12 20:34:43,914 - Averaged Train Loss: 0.3445
2025-09-12 20:34:43,915 - Test Accurancy: 0.8821
2025-09-12 20:34:43,915 - Attack Success Rate: 0.0867
2025-09-12 20:34:47,978 - DPD clipping bound C_t: 0.6800092160701752
2025-09-12 20:34:47,980 - DPD noise norm:0.4149322807788849
2025-09-12 20:34:47,988 - Round number: 31 --------------------------
2025-09-12 20:34:47,988 - Evaluate global model
2025-09-12 20:34:49,673 - Averaged Train Loss: 0.3397
2025-09-12 20:34:49,674 - Test Accurancy: 0.8830
2025-09-12 20:34:49,674 - Attack Success Rate: 0.0878
2025-09-12 20:34:53,752 - DPD clipping bound C_t: 0.6744173467159271
2025-09-12 20:34:53,755 - DPD noise norm:0.4113837778568268
2025-09-12 20:34:53,761 - Round number: 32 --------------------------
2025-09-12 20:34:53,762 - Evaluate global model
2025-09-12 20:34:55,420 - Averaged Train Loss: 0.3428
2025-09-12 20:34:55,421 - Test Accurancy: 0.8836
2025-09-12 20:34:55,421 - Attack Success Rate: 0.0867
2025-09-12 20:34:59,469 - DPD clipping bound C_t: 0.6642841100692749
2025-09-12 20:34:59,472 - DPD noise norm:0.4053565263748169
2025-09-12 20:34:59,479 - Round number: 33 --------------------------
2025-09-12 20:34:59,479 - Evaluate global model
2025-09-12 20:35:01,286 - Averaged Train Loss: 0.3377
2025-09-12 20:35:01,287 - Test Accurancy: 0.8834
2025-09-12 20:35:01,287 - Attack Success Rate: 0.0941
2025-09-12 20:35:05,560 - DPD clipping bound C_t: 0.6648746430873871
2025-09-12 20:35:05,562 - DPD noise norm:0.40548890829086304
2025-09-12 20:35:05,569 - Round number: 34 --------------------------
2025-09-12 20:35:05,570 - Evaluate global model
2025-09-12 20:35:07,299 - Averaged Train Loss: 0.3359
2025-09-12 20:35:07,299 - Test Accurancy: 0.8831
2025-09-12 20:35:07,299 - Attack Success Rate: 0.1005
2025-09-12 20:35:11,368 - DPD clipping bound C_t: 0.6444442868232727
2025-09-12 20:35:11,371 - DPD noise norm:0.3936668932437897
2025-09-12 20:35:11,378 - Round number: 35 --------------------------
2025-09-12 20:35:11,378 - Evaluate global model
2025-09-12 20:35:13,135 - Averaged Train Loss: 0.3342
2025-09-12 20:35:13,136 - Test Accurancy: 0.8856
2025-09-12 20:35:13,136 - Attack Success Rate: 0.0861
2025-09-12 20:35:17,282 - DPD clipping bound C_t: 0.6388535499572754
2025-09-12 20:35:17,285 - DPD noise norm:0.3895709216594696
2025-09-12 20:35:17,292 - Round number: 36 --------------------------
2025-09-12 20:35:17,292 - Evaluate global model
2025-09-12 20:35:19,080 - Averaged Train Loss: 0.3324
2025-09-12 20:35:19,081 - Test Accurancy: 0.8864
2025-09-12 20:35:19,081 - Attack Success Rate: 0.0821
2025-09-12 20:35:23,016 - DPD clipping bound C_t: 0.6274277865886688
2025-09-12 20:35:23,019 - DPD noise norm:0.38298872113227844
2025-09-12 20:35:23,026 - Round number: 37 --------------------------
2025-09-12 20:35:23,027 - Evaluate global model
2025-09-12 20:35:24,826 - Averaged Train Loss: 0.3296
2025-09-12 20:35:24,826 - Test Accurancy: 0.8858
2025-09-12 20:35:24,826 - Attack Success Rate: 0.0901
2025-09-12 20:35:28,817 - DPD clipping bound C_t: 0.6208457946777344
2025-09-12 20:35:28,820 - DPD noise norm:0.37879782915115356
2025-09-12 20:35:28,828 - Round number: 38 --------------------------
2025-09-12 20:35:28,828 - Evaluate global model
2025-09-12 20:35:30,664 - Averaged Train Loss: 0.3280
2025-09-12 20:35:30,664 - Test Accurancy: 0.8869
2025-09-12 20:35:30,664 - Attack Success Rate: 0.0844
2025-09-12 20:35:34,702 - DPD clipping bound C_t: 0.6063127219676971
2025-09-12 20:35:34,705 - DPD noise norm:0.3702993094921112
2025-09-12 20:35:34,712 - Round number: 39 --------------------------
2025-09-12 20:35:34,713 - Evaluate global model
2025-09-12 20:35:36,526 - Averaged Train Loss: 0.3266
2025-09-12 20:35:36,526 - Test Accurancy: 0.8881
2025-09-12 20:35:36,526 - Attack Success Rate: 0.0838
2025-09-12 20:35:40,581 - DPD clipping bound C_t: 0.6101933717727661
2025-09-12 20:35:40,584 - DPD noise norm:0.37282732129096985
2025-09-12 20:35:40,591 - Round number: 40 --------------------------
2025-09-12 20:35:40,591 - Evaluate global model
2025-09-12 20:35:42,351 - Averaged Train Loss: 0.3243
2025-09-12 20:35:42,352 - Test Accurancy: 0.8873
2025-09-12 20:35:42,352 - Attack Success Rate: 0.0878
2025-09-12 20:35:46,579 - DPD clipping bound C_t: 0.5854965448379517
2025-09-12 20:35:46,582 - DPD noise norm:0.35704073309898376
2025-09-12 20:35:46,590 - Round number: 41 --------------------------
2025-09-12 20:35:46,590 - Evaluate global model
2025-09-12 20:35:48,423 - Averaged Train Loss: 0.3229
2025-09-12 20:35:48,423 - Test Accurancy: 0.8875
2025-09-12 20:35:48,423 - Attack Success Rate: 0.0878
2025-09-12 20:35:52,365 - DPD clipping bound C_t: 0.6018989682197571
2025-09-12 20:35:52,367 - DPD noise norm:0.36709994077682495
2025-09-12 20:35:52,375 - Round number: 42 --------------------------
2025-09-12 20:35:52,375 - Evaluate global model
2025-09-12 20:35:54,154 - Averaged Train Loss: 0.3198
2025-09-12 20:35:54,154 - Test Accurancy: 0.8881
2025-09-12 20:35:54,154 - Attack Success Rate: 0.0913
2025-09-12 20:35:58,034 - DPD clipping bound C_t: 0.5850617587566376
2025-09-12 20:35:58,037 - DPD noise norm:0.35631075501441956
2025-09-12 20:35:58,045 - Round number: 43 --------------------------
2025-09-12 20:35:58,045 - Evaluate global model
2025-09-12 20:35:59,831 - Averaged Train Loss: 0.3218
2025-09-12 20:35:59,831 - Test Accurancy: 0.8893
2025-09-12 20:35:59,831 - Attack Success Rate: 0.0786
2025-09-12 20:36:03,971 - DPD clipping bound C_t: 0.5688311457633972
2025-09-12 20:36:03,974 - DPD noise norm:0.3475077748298645
2025-09-12 20:36:03,982 - Round number: 44 --------------------------
2025-09-12 20:36:03,982 - Evaluate global model
2025-09-12 20:36:05,829 - Averaged Train Loss: 0.3180
2025-09-12 20:36:05,829 - Test Accurancy: 0.8901
2025-09-12 20:36:05,829 - Attack Success Rate: 0.0832
2025-09-12 20:36:09,915 - DPD clipping bound C_t: 0.5623610019683838
2025-09-12 20:36:09,919 - DPD noise norm:0.34324732422828674
2025-09-12 20:36:09,928 - Round number: 45 --------------------------
2025-09-12 20:36:09,928 - Evaluate global model
2025-09-12 20:36:11,819 - Averaged Train Loss: 0.3152
2025-09-12 20:36:11,820 - Test Accurancy: 0.8914
2025-09-12 20:36:11,820 - Attack Success Rate: 0.0798
2025-09-12 20:36:15,965 - DPD clipping bound C_t: 0.5559276640415192
2025-09-12 20:36:15,969 - DPD noise norm:0.3390205204486847
2025-09-12 20:36:15,979 - Round number: 46 --------------------------
2025-09-12 20:36:15,979 - Evaluate global model
2025-09-12 20:36:17,839 - Averaged Train Loss: 0.3157
2025-09-12 20:36:17,839 - Test Accurancy: 0.8906
2025-09-12 20:36:17,839 - Attack Success Rate: 0.0792
2025-09-12 20:36:22,052 - DPD clipping bound C_t: 0.56308713555336
2025-09-12 20:36:22,054 - DPD noise norm:0.343899130821228
2025-09-12 20:36:22,061 - Round number: 47 --------------------------
2025-09-12 20:36:22,061 - Evaluate global model
2025-09-12 20:36:23,855 - Averaged Train Loss: 0.3147
2025-09-12 20:36:23,855 - Test Accurancy: 0.8920
2025-09-12 20:36:23,855 - Attack Success Rate: 0.0752
2025-09-12 20:36:27,946 - DPD clipping bound C_t: 0.5425111353397369
2025-09-12 20:36:27,949 - DPD noise norm:0.33094993233680725
2025-09-12 20:36:27,957 - Round number: 48 --------------------------
2025-09-12 20:36:27,957 - Evaluate global model
2025-09-12 20:36:29,733 - Averaged Train Loss: 0.3149
2025-09-12 20:36:29,734 - Test Accurancy: 0.8911
2025-09-12 20:36:29,734 - Attack Success Rate: 0.0781
2025-09-12 20:36:33,840 - DPD clipping bound C_t: 0.5359356999397278
2025-09-12 20:36:33,843 - DPD noise norm:0.32693931460380554
2025-09-12 20:36:33,850 - Round number: 49 --------------------------
2025-09-12 20:36:33,850 - Evaluate global model
2025-09-12 20:36:35,716 - Averaged Train Loss: 0.3134
2025-09-12 20:36:35,716 - Test Accurancy: 0.8910
2025-09-12 20:36:35,716 - Attack Success Rate: 0.0775
2025-09-12 20:36:39,696 - DPD clipping bound C_t: 0.529329389333725
2025-09-12 20:36:39,699 - DPD noise norm:0.32330405712127686
2025-09-12 20:36:39,707 - Round number: 50 --------------------------
2025-09-12 20:36:39,707 - Evaluate global model
2025-09-12 20:36:41,549 - Averaged Train Loss: 0.3089
2025-09-12 20:36:41,549 - Test Accurancy: 0.8922
2025-09-12 20:36:41,549 - Attack Success Rate: 0.0832
2025-09-12 20:36:45,855 - DPD clipping bound C_t: 0.5262833833694458
2025-09-12 20:36:45,858 - DPD noise norm:0.32130885124206543
2025-09-12 20:36:45,866 - Round number: 51 --------------------------
2025-09-12 20:36:45,867 - Evaluate global model
2025-09-12 20:36:47,804 - Averaged Train Loss: 0.3086
2025-09-12 20:36:47,805 - Test Accurancy: 0.8915
2025-09-12 20:36:47,805 - Attack Success Rate: 0.0873
2025-09-12 20:36:51,894 - DPD clipping bound C_t: 0.5224189460277557
2025-09-12 20:36:51,897 - DPD noise norm:0.31910085678100586
2025-09-12 20:36:51,908 - Round number: 52 --------------------------
2025-09-12 20:36:51,909 - Evaluate global model
2025-09-12 20:36:53,807 - Averaged Train Loss: 0.3101
2025-09-12 20:36:53,807 - Test Accurancy: 0.8919
2025-09-12 20:36:53,807 - Attack Success Rate: 0.0804
2025-09-12 20:36:57,904 - DPD clipping bound C_t: 0.5004450678825378
2025-09-12 20:36:57,907 - DPD noise norm:0.30561503767967224
2025-09-12 20:36:57,914 - Round number: 53 --------------------------
2025-09-12 20:36:57,914 - Evaluate global model
2025-09-12 20:36:59,764 - Averaged Train Loss: 0.3084
2025-09-12 20:36:59,765 - Test Accurancy: 0.8925
2025-09-12 20:36:59,765 - Attack Success Rate: 0.0775
2025-09-12 20:37:03,783 - DPD clipping bound C_t: 0.5110175013542175
2025-09-12 20:37:03,786 - DPD noise norm:0.3118044137954712
2025-09-12 20:37:03,799 - Round number: 54 --------------------------
2025-09-12 20:37:03,800 - Evaluate global model
2025-09-12 20:37:05,700 - Averaged Train Loss: 0.3048
2025-09-12 20:37:05,700 - Test Accurancy: 0.8929
2025-09-12 20:37:05,700 - Attack Success Rate: 0.0792
2025-09-12 20:37:09,763 - DPD clipping bound C_t: 0.5115152299404144
2025-09-12 20:37:09,766 - DPD noise norm:0.3118857443332672
2025-09-12 20:37:09,773 - Round number: 55 --------------------------
2025-09-12 20:37:09,773 - Evaluate global model
2025-09-12 20:37:11,678 - Averaged Train Loss: 0.3057
2025-09-12 20:37:11,678 - Test Accurancy: 0.8935
2025-09-12 20:37:11,678 - Attack Success Rate: 0.0758
2025-09-12 20:37:15,726 - DPD clipping bound C_t: 0.4882342219352722
2025-09-12 20:37:15,729 - DPD noise norm:0.29802775382995605
2025-09-12 20:37:15,737 - Round number: 56 --------------------------
2025-09-12 20:37:15,737 - Evaluate global model
2025-09-12 20:37:17,639 - Averaged Train Loss: 0.3065
2025-09-12 20:37:17,640 - Test Accurancy: 0.8940
2025-09-12 20:37:17,640 - Attack Success Rate: 0.0723
2025-09-12 20:37:21,935 - DPD clipping bound C_t: 0.4806230813264847
2025-09-12 20:37:21,938 - DPD noise norm:0.2934072017669678
2025-09-12 20:37:21,944 - Round number: 57 --------------------------
2025-09-12 20:37:21,945 - Evaluate global model
2025-09-12 20:37:23,751 - Averaged Train Loss: 0.3036
2025-09-12 20:37:23,752 - Test Accurancy: 0.8940
2025-09-12 20:37:23,752 - Attack Success Rate: 0.0763
2025-09-12 20:37:27,885 - DPD clipping bound C_t: 0.47626811265945435
2025-09-12 20:37:27,888 - DPD noise norm:0.2909749746322632
2025-09-12 20:37:27,897 - Round number: 58 --------------------------
2025-09-12 20:37:27,897 - Evaluate global model
2025-09-12 20:37:29,836 - Averaged Train Loss: 0.3050
2025-09-12 20:37:29,836 - Test Accurancy: 0.8925
2025-09-12 20:37:29,836 - Attack Success Rate: 0.0769
2025-09-12 20:37:33,927 - DPD clipping bound C_t: 0.4716942012310028
2025-09-12 20:37:33,930 - DPD noise norm:0.2876819968223572
2025-09-12 20:37:33,937 - Round number: 59 --------------------------
2025-09-12 20:37:33,938 - Evaluate global model
2025-09-12 20:37:35,912 - Averaged Train Loss: 0.3027
2025-09-12 20:37:35,913 - Test Accurancy: 0.8943
2025-09-12 20:37:35,913 - Attack Success Rate: 0.0741
2025-09-12 20:37:39,691 - DPD clipping bound C_t: 0.46585267782211304
2025-09-12 20:37:39,693 - DPD noise norm:0.28416135907173157
2025-09-12 20:37:39,701 - Round number: 60 --------------------------
2025-09-12 20:37:39,701 - Evaluate global model
2025-09-12 20:37:41,606 - Averaged Train Loss: 0.3028
2025-09-12 20:37:41,606 - Test Accurancy: 0.8955
2025-09-12 20:37:41,606 - Attack Success Rate: 0.0672
2025-09-12 20:37:45,496 - DPD clipping bound C_t: 0.4623602628707886
2025-09-12 20:37:45,499 - DPD noise norm:0.2822190225124359
2025-09-12 20:37:45,506 - Round number: 61 --------------------------
2025-09-12 20:37:45,507 - Evaluate global model
2025-09-12 20:37:47,473 - Averaged Train Loss: 0.3002
2025-09-12 20:37:47,474 - Test Accurancy: 0.8933
2025-09-12 20:37:47,474 - Attack Success Rate: 0.0821
2025-09-12 20:37:51,263 - DPD clipping bound C_t: 0.4550686627626419
2025-09-12 20:37:51,266 - DPD noise norm:0.27799469232559204
2025-09-12 20:37:51,274 - Round number: 62 --------------------------
2025-09-12 20:37:51,274 - Evaluate global model
2025-09-12 20:37:53,239 - Averaged Train Loss: 0.2994
2025-09-12 20:37:53,239 - Test Accurancy: 0.8948
2025-09-12 20:37:53,239 - Attack Success Rate: 0.0735
2025-09-12 20:37:57,125 - DPD clipping bound C_t: 0.45150022208690643
2025-09-12 20:37:57,128 - DPD noise norm:0.2756389081478119
2025-09-12 20:37:57,136 - Round number: 63 --------------------------
2025-09-12 20:37:57,136 - Evaluate global model
2025-09-12 20:37:59,154 - Averaged Train Loss: 0.2992
2025-09-12 20:37:59,155 - Test Accurancy: 0.8950
2025-09-12 20:37:59,155 - Attack Success Rate: 0.0752
2025-09-12 20:38:03,128 - DPD clipping bound C_t: 0.442952036857605
2025-09-12 20:38:03,131 - DPD noise norm:0.27063682675361633
2025-09-12 20:38:03,141 - Round number: 64 --------------------------
2025-09-12 20:38:03,141 - Evaluate global model
2025-09-12 20:38:05,089 - Averaged Train Loss: 0.2971
2025-09-12 20:38:05,089 - Test Accurancy: 0.8964
2025-09-12 20:38:05,089 - Attack Success Rate: 0.0660
2025-09-12 20:38:08,970 - DPD clipping bound C_t: 0.43658706545829773
2025-09-12 20:38:08,973 - DPD noise norm:0.26668256521224976
2025-09-12 20:38:08,981 - Round number: 65 --------------------------
2025-09-12 20:38:08,981 - Evaluate global model
2025-09-12 20:38:11,043 - Averaged Train Loss: 0.2956
2025-09-12 20:38:11,044 - Test Accurancy: 0.8969
2025-09-12 20:38:11,044 - Attack Success Rate: 0.0718
2025-09-12 20:38:15,062 - DPD clipping bound C_t: 0.4353017807006836
2025-09-12 20:38:15,064 - DPD noise norm:0.26600953936576843
2025-09-12 20:38:15,071 - Round number: 66 --------------------------
2025-09-12 20:38:15,071 - Evaluate global model
2025-09-12 20:38:16,970 - Averaged Train Loss: 0.2968
2025-09-12 20:38:16,970 - Test Accurancy: 0.8967
2025-09-12 20:38:16,970 - Attack Success Rate: 0.0660
2025-09-12 20:38:21,231 - DPD clipping bound C_t: 0.4228082597255707
2025-09-12 20:38:21,233 - DPD noise norm:0.25834140181541443
2025-09-12 20:38:21,241 - Round number: 67 --------------------------
2025-09-12 20:38:21,241 - Evaluate global model
2025-09-12 20:38:23,189 - Averaged Train Loss: 0.2975
2025-09-12 20:38:23,189 - Test Accurancy: 0.8960
2025-09-12 20:38:23,189 - Attack Success Rate: 0.0660
2025-09-12 20:38:27,198 - DPD clipping bound C_t: 0.4263065904378891
2025-09-12 20:38:27,205 - DPD noise norm:0.2600057125091553
2025-09-12 20:38:27,213 - Round number: 68 --------------------------
2025-09-12 20:38:27,214 - Evaluate global model
2025-09-12 20:38:29,216 - Averaged Train Loss: 0.2959
2025-09-12 20:38:29,217 - Test Accurancy: 0.8965
2025-09-12 20:38:29,217 - Attack Success Rate: 0.0706
2025-09-12 20:38:33,399 - DPD clipping bound C_t: 0.42027540504932404
2025-09-12 20:38:33,403 - DPD noise norm:0.2566737234592438
2025-09-12 20:38:33,413 - Round number: 69 --------------------------
2025-09-12 20:38:33,413 - Evaluate global model
2025-09-12 20:38:35,434 - Averaged Train Loss: 0.2927
2025-09-12 20:38:35,434 - Test Accurancy: 0.8983
2025-09-12 20:38:35,434 - Attack Success Rate: 0.0683
2025-09-12 20:38:39,676 - DPD clipping bound C_t: 0.41669870913028717
2025-09-12 20:38:39,679 - DPD noise norm:0.25444868206977844
2025-09-12 20:38:39,687 - Round number: 70 --------------------------
2025-09-12 20:38:39,687 - Evaluate global model
2025-09-12 20:38:41,664 - Averaged Train Loss: 0.2942
2025-09-12 20:38:41,664 - Test Accurancy: 0.8973
2025-09-12 20:38:41,664 - Attack Success Rate: 0.0643
2025-09-12 20:38:46,172 - DPD clipping bound C_t: 0.4038000851869583
2025-09-12 20:38:46,174 - DPD noise norm:0.2462717890739441
2025-09-12 20:38:46,181 - Round number: 71 --------------------------
2025-09-12 20:38:46,181 - Evaluate global model
2025-09-12 20:38:48,068 - Averaged Train Loss: 0.2951
2025-09-12 20:38:48,069 - Test Accurancy: 0.8969
2025-09-12 20:38:48,069 - Attack Success Rate: 0.0695
2025-09-12 20:38:52,075 - DPD clipping bound C_t: 0.40054085850715637
2025-09-12 20:38:52,078 - DPD noise norm:0.2446066439151764
2025-09-12 20:38:52,085 - Round number: 72 --------------------------
2025-09-12 20:38:52,085 - Evaluate global model
2025-09-12 20:38:53,956 - Averaged Train Loss: 0.2954
2025-09-12 20:38:53,957 - Test Accurancy: 0.8977
2025-09-12 20:38:53,957 - Attack Success Rate: 0.0626
2025-09-12 20:38:58,095 - DPD clipping bound C_t: 0.4000163823366165
2025-09-12 20:38:58,097 - DPD noise norm:0.244251549243927
2025-09-12 20:38:58,105 - Round number: 73 --------------------------
2025-09-12 20:38:58,105 - Evaluate global model
2025-09-12 20:39:00,068 - Averaged Train Loss: 0.2912
2025-09-12 20:39:00,068 - Test Accurancy: 0.8972
2025-09-12 20:39:00,068 - Attack Success Rate: 0.0706
2025-09-12 20:39:03,929 - DPD clipping bound C_t: 0.3933176100254059
2025-09-12 20:39:03,931 - DPD noise norm:0.24035343527793884
2025-09-12 20:39:03,939 - Round number: 74 --------------------------
2025-09-12 20:39:03,939 - Evaluate global model
2025-09-12 20:39:05,792 - Averaged Train Loss: 0.2933
2025-09-12 20:39:05,792 - Test Accurancy: 0.8979
2025-09-12 20:39:05,792 - Attack Success Rate: 0.0649
2025-09-12 20:39:09,792 - DPD clipping bound C_t: 0.3851330429315567
2025-09-12 20:39:09,795 - DPD noise norm:0.23522834479808807
2025-09-12 20:39:09,803 - Round number: 75 --------------------------
2025-09-12 20:39:09,803 - Evaluate global model
2025-09-12 20:39:11,748 - Averaged Train Loss: 0.2926
2025-09-12 20:39:11,749 - Test Accurancy: 0.8984
2025-09-12 20:39:11,749 - Attack Success Rate: 0.0643
2025-09-12 20:39:15,895 - DPD clipping bound C_t: 0.3834225684404373
2025-09-12 20:39:15,898 - DPD noise norm:0.23439811170101166
2025-09-12 20:39:15,905 - Round number: 76 --------------------------
2025-09-12 20:39:15,905 - Evaluate global model
2025-09-12 20:39:17,780 - Averaged Train Loss: 0.2906
2025-09-12 20:39:17,780 - Test Accurancy: 0.8988
2025-09-12 20:39:17,780 - Attack Success Rate: 0.0649
2025-09-12 20:39:21,645 - DPD clipping bound C_t: 0.3778095990419388
2025-09-12 20:39:21,648 - DPD noise norm:0.23061122000217438
2025-09-12 20:39:21,656 - Round number: 77 --------------------------
2025-09-12 20:39:21,656 - Evaluate global model
2025-09-12 20:39:23,560 - Averaged Train Loss: 0.2870
2025-09-12 20:39:23,560 - Test Accurancy: 0.8991
2025-09-12 20:39:23,560 - Attack Success Rate: 0.0706
2025-09-12 20:39:27,568 - DPD clipping bound C_t: 0.37506692111492157
2025-09-12 20:39:27,571 - DPD noise norm:0.22921061515808105
2025-09-12 20:39:27,579 - Round number: 78 --------------------------
2025-09-12 20:39:27,579 - Evaluate global model
2025-09-12 20:39:29,506 - Averaged Train Loss: 0.2888
2025-09-12 20:39:29,507 - Test Accurancy: 0.8981
2025-09-12 20:39:29,507 - Attack Success Rate: 0.0700
2025-09-12 20:39:33,514 - DPD clipping bound C_t: 0.37192167341709137
2025-09-12 20:39:33,517 - DPD noise norm:0.22676455974578857
2025-09-12 20:39:33,524 - Round number: 79 --------------------------
2025-09-12 20:39:33,524 - Evaluate global model
2025-09-12 20:39:35,513 - Averaged Train Loss: 0.2868
2025-09-12 20:39:35,513 - Test Accurancy: 0.8986
2025-09-12 20:39:35,513 - Attack Success Rate: 0.0700
2025-09-12 20:39:39,426 - DPD clipping bound C_t: 0.3618813157081604
2025-09-12 20:39:39,429 - DPD noise norm:0.22066514194011688
2025-09-12 20:39:39,437 - Round number: 80 --------------------------
2025-09-12 20:39:39,437 - Evaluate global model
2025-09-12 20:39:41,390 - Averaged Train Loss: 0.2866
2025-09-12 20:39:41,390 - Test Accurancy: 0.8989
2025-09-12 20:39:41,390 - Attack Success Rate: 0.0649
2025-09-12 20:39:45,275 - DPD clipping bound C_t: 0.35473065078258514
2025-09-12 20:39:45,277 - DPD noise norm:0.21673497557640076
2025-09-12 20:39:45,285 - Round number: 81 --------------------------
2025-09-12 20:39:45,285 - Evaluate global model
2025-09-12 20:39:47,204 - Averaged Train Loss: 0.2882
2025-09-12 20:39:47,204 - Test Accurancy: 0.8986
2025-09-12 20:39:47,204 - Attack Success Rate: 0.0631
2025-09-12 20:39:51,146 - DPD clipping bound C_t: 0.3582538068294525
2025-09-12 20:39:51,149 - DPD noise norm:0.2187141329050064
2025-09-12 20:39:51,156 - Round number: 82 --------------------------
2025-09-12 20:39:51,156 - Evaluate global model
2025-09-12 20:39:53,101 - Averaged Train Loss: 0.2866
2025-09-12 20:39:53,101 - Test Accurancy: 0.8988
2025-09-12 20:39:53,101 - Attack Success Rate: 0.0649
2025-09-12 20:39:57,087 - DPD clipping bound C_t: 0.3519452214241028
2025-09-12 20:39:57,089 - DPD noise norm:0.2145937979221344
2025-09-12 20:39:57,097 - Round number: 83 --------------------------
2025-09-12 20:39:57,097 - Evaluate global model
2025-09-12 20:39:59,020 - Averaged Train Loss: 0.2869
2025-09-12 20:39:59,021 - Test Accurancy: 0.8986
2025-09-12 20:39:59,021 - Attack Success Rate: 0.0666
2025-09-12 20:40:02,942 - DPD clipping bound C_t: 0.3435606062412262
2025-09-12 20:40:02,945 - DPD noise norm:0.20939482748508453
2025-09-12 20:40:02,952 - Round number: 84 --------------------------
2025-09-12 20:40:02,952 - Evaluate global model
2025-09-12 20:40:04,815 - Averaged Train Loss: 0.2865
2025-09-12 20:40:04,815 - Test Accurancy: 0.8985
2025-09-12 20:40:04,815 - Attack Success Rate: 0.0649
2025-09-12 20:40:08,912 - DPD clipping bound C_t: 0.3396078050136566
2025-09-12 20:40:08,916 - DPD noise norm:0.20737245678901672
2025-09-12 20:40:08,930 - Round number: 85 --------------------------
2025-09-12 20:40:08,930 - Evaluate global model
2025-09-12 20:40:10,932 - Averaged Train Loss: 0.2859
2025-09-12 20:40:10,933 - Test Accurancy: 0.8992
2025-09-12 20:40:10,933 - Attack Success Rate: 0.0643
2025-09-12 20:40:14,785 - DPD clipping bound C_t: 0.3387927711009979
2025-09-12 20:40:14,788 - DPD noise norm:0.20694920420646667
2025-09-12 20:40:14,796 - Round number: 86 --------------------------
2025-09-12 20:40:14,796 - Evaluate global model
2025-09-12 20:40:16,747 - Averaged Train Loss: 0.2828
2025-09-12 20:40:16,747 - Test Accurancy: 0.8997
2025-09-12 20:40:16,747 - Attack Success Rate: 0.0654
2025-09-12 20:40:20,599 - DPD clipping bound C_t: 0.3359869122505188
2025-09-12 20:40:20,602 - DPD noise norm:0.20485319197177887
2025-09-12 20:40:20,609 - Round number: 87 --------------------------
2025-09-12 20:40:20,610 - Evaluate global model
2025-09-12 20:40:22,469 - Averaged Train Loss: 0.2812
2025-09-12 20:40:22,469 - Test Accurancy: 0.8995
2025-09-12 20:40:22,469 - Attack Success Rate: 0.0718
2025-09-12 20:40:26,357 - DPD clipping bound C_t: 0.3312905579805374
2025-09-12 20:40:26,361 - DPD noise norm:0.20239025354385376
2025-09-12 20:40:26,370 - Round number: 88 --------------------------
2025-09-12 20:40:26,371 - Evaluate global model
2025-09-12 20:40:28,215 - Averaged Train Loss: 0.2794
2025-09-12 20:40:28,215 - Test Accurancy: 0.8989
2025-09-12 20:40:28,215 - Attack Success Rate: 0.0718
2025-09-12 20:40:32,154 - DPD clipping bound C_t: 0.3315434604883194
2025-09-12 20:40:32,157 - DPD noise norm:0.2025783210992813
2025-09-12 20:40:32,164 - Round number: 89 --------------------------
2025-09-12 20:40:32,165 - Evaluate global model
2025-09-12 20:40:34,128 - Averaged Train Loss: 0.2814
2025-09-12 20:40:34,128 - Test Accurancy: 0.9000
2025-09-12 20:40:34,128 - Attack Success Rate: 0.0643
2025-09-12 20:40:38,032 - DPD clipping bound C_t: 0.32987336814403534
2025-09-12 20:40:38,034 - DPD noise norm:0.20153015851974487
2025-09-12 20:40:38,041 - Round number: 90 --------------------------
2025-09-12 20:40:38,041 - Evaluate global model
2025-09-12 20:40:39,918 - Averaged Train Loss: 0.2832
2025-09-12 20:40:39,918 - Test Accurancy: 0.8989
2025-09-12 20:40:39,918 - Attack Success Rate: 0.0654
2025-09-12 20:40:43,748 - DPD clipping bound C_t: 0.3206683546304703
2025-09-12 20:40:43,751 - DPD noise norm:0.1960536390542984
2025-09-12 20:40:43,758 - Round number: 91 --------------------------
2025-09-12 20:40:43,758 - Evaluate global model
2025-09-12 20:40:45,703 - Averaged Train Loss: 0.2803
2025-09-12 20:40:45,703 - Test Accurancy: 0.8998
2025-09-12 20:40:45,704 - Attack Success Rate: 0.0677
2025-09-12 20:40:49,516 - DPD clipping bound C_t: 0.3153226673603058
2025-09-12 20:40:49,519 - DPD noise norm:0.19211414456367493
2025-09-12 20:40:49,526 - Round number: 92 --------------------------
2025-09-12 20:40:49,526 - Evaluate global model
2025-09-12 20:40:51,405 - Averaged Train Loss: 0.2804
2025-09-12 20:40:51,405 - Test Accurancy: 0.8997
2025-09-12 20:40:51,405 - Attack Success Rate: 0.0649
2025-09-12 20:40:55,215 - DPD clipping bound C_t: 0.3169235587120056
2025-09-12 20:40:55,218 - DPD noise norm:0.19336314499378204
2025-09-12 20:40:55,225 - Round number: 93 --------------------------
2025-09-12 20:40:55,225 - Evaluate global model
2025-09-12 20:40:57,039 - Averaged Train Loss: 0.2779
2025-09-12 20:40:57,039 - Test Accurancy: 0.8992
2025-09-12 20:40:57,039 - Attack Success Rate: 0.0735
2025-09-12 20:41:00,928 - DPD clipping bound C_t: 0.3082956522703171
2025-09-12 20:41:00,930 - DPD noise norm:0.18782448768615723
2025-09-12 20:41:00,937 - Round number: 94 --------------------------
2025-09-12 20:41:00,937 - Evaluate global model
2025-09-12 20:41:02,796 - Averaged Train Loss: 0.2806
2025-09-12 20:41:02,796 - Test Accurancy: 0.8999
2025-09-12 20:41:02,796 - Attack Success Rate: 0.0654
2025-09-12 20:41:06,797 - DPD clipping bound C_t: 0.30326807498931885
2025-09-12 20:41:06,799 - DPD noise norm:0.1853000372648239
2025-09-12 20:41:06,806 - Round number: 95 --------------------------
2025-09-12 20:41:06,806 - Evaluate global model
2025-09-12 20:41:08,623 - Averaged Train Loss: 0.2799
2025-09-12 20:41:08,624 - Test Accurancy: 0.9000
2025-09-12 20:41:08,624 - Attack Success Rate: 0.0654
2025-09-12 20:41:12,864 - DPD clipping bound C_t: 0.29940055310726166
2025-09-12 20:41:12,868 - DPD noise norm:0.1828363984823227
2025-09-12 20:41:12,877 - Round number: 96 --------------------------
2025-09-12 20:41:12,878 - Evaluate global model
2025-09-12 20:41:14,834 - Averaged Train Loss: 0.2790
2025-09-12 20:41:14,834 - Test Accurancy: 0.9004
2025-09-12 20:41:14,835 - Attack Success Rate: 0.0637
2025-09-12 20:41:18,928 - DPD clipping bound C_t: 0.29941853880882263
2025-09-12 20:41:18,931 - DPD noise norm:0.1826917678117752
2025-09-12 20:41:18,939 - Round number: 97 --------------------------
2025-09-12 20:41:18,939 - Evaluate global model
2025-09-12 20:41:20,801 - Averaged Train Loss: 0.2789
2025-09-12 20:41:20,801 - Test Accurancy: 0.9006
2025-09-12 20:41:20,801 - Attack Success Rate: 0.0643
2025-09-12 20:41:24,854 - DPD clipping bound C_t: 0.2951877862215042
2025-09-12 20:41:24,857 - DPD noise norm:0.1801695078611374
2025-09-12 20:41:24,865 - Round number: 98 --------------------------
2025-09-12 20:41:24,865 - Evaluate global model
2025-09-12 20:41:26,782 - Averaged Train Loss: 0.2794
2025-09-12 20:41:26,782 - Test Accurancy: 0.8993
2025-09-12 20:41:26,782 - Attack Success Rate: 0.0672
2025-09-12 20:41:30,717 - DPD clipping bound C_t: 0.2929926961660385
2025-09-12 20:41:30,720 - DPD noise norm:0.17881794273853302
2025-09-12 20:41:30,728 - Round number: 99 --------------------------
2025-09-12 20:41:30,728 - Evaluate global model
2025-09-12 20:41:32,624 - Averaged Train Loss: 0.2782
2025-09-12 20:41:32,624 - Test Accurancy: 0.8997
2025-09-12 20:41:32,624 - Attack Success Rate: 0.0700
2025-09-12 20:41:36,500 - DPD clipping bound C_t: 0.2887314409017563
2025-09-12 20:41:36,503 - DPD noise norm:0.17601649463176727
2025-09-12 20:41:36,510 - Round number: 100 --------------------------
2025-09-12 20:41:36,510 - Evaluate global model
2025-09-12 20:41:38,358 - Averaged Train Loss: 0.2783
2025-09-12 20:41:38,358 - Test Accurancy: 0.8997
2025-09-12 20:41:38,358 - Attack Success Rate: 0.0677
2025-09-12 20:41:42,324 - DPD clipping bound C_t: 0.2860453426837921
2025-09-12 20:41:42,327 - DPD noise norm:0.17496836185455322
2025-09-12 20:41:42,328 - Run over
2025-09-12 20:41:42,329 - Saving results to ./exp/exp2/FashionMNIST/0.0008.h5
2025-09-12 20:41:42,337 - Best accuracy: 0.9005938106657531
2025-09-12 20:41:42,338 - Average time cost per round: 5.923584158420563
