2025-09-12 21:04:15,348 - *****************EXP-2*****************
2025-09-12 21:04:15,348 - Exp repeats: 1
2025-09-12 21:04:15,348 - Communication Rounds: 100
2025-09-12 21:04:15,348 - Clients: 40

2025-09-12 21:04:15,348 - Attack method: scale
2025-09-12 21:04:15,348 - Filtering rule: dpd
2025-09-12 21:04:15,349 - Dataset: FashionMNIST
2025-09-12 21:04:15,349 - Model: cnn
2025-09-12 21:04:15,349 - Learning Rate: 0.2
2025-09-12 21:04:15,349 - Batch Size: 64
2025-09-12 21:04:15,349 - Device: cuda
2025-09-12 21:04:15,349 - Device id: 0
2025-09-12 21:04:15,349 - DPD clipping strategy: auto
2025-09-12 21:04:15,349 - DPD noise level: 0.001
2025-09-12 21:04:15,349 - Adversaries: 8
2025-09-12 21:04:15,349 - Targeted Label Flipping: 4-->6
2025-09-12 21:04:15,349 - *****************EXP-2*****************
2025-09-12 21:04:15,862 - Running time: 0th ==========================
2025-09-12 21:04:17,496 - Round number: 0 --------------------------
2025-09-12 21:04:17,496 - Evaluate global model
2025-09-12 21:04:19,647 - Averaged Train Loss: 2.3051
2025-09-12 21:04:19,648 - Test Accurancy: 0.1321
2025-09-12 21:04:19,648 - Attack Success Rate: 0.0006
2025-09-12 21:04:24,307 - DPD clipping bound C_t: 3.3629989624023438
2025-09-12 21:04:24,312 - DPD noise norm:2.561410665512085
2025-09-12 21:04:24,320 - Round number: 1 --------------------------
2025-09-12 21:04:24,321 - Evaluate global model
2025-09-12 21:04:25,867 - Averaged Train Loss: 2.1705
2025-09-12 21:04:25,868 - Test Accurancy: 0.3337
2025-09-12 21:04:25,868 - Attack Success Rate: 0.9254
2025-09-12 21:04:30,533 - DPD clipping bound C_t: 2.3445520401000977
2025-09-12 21:04:30,537 - DPD noise norm:1.7885490655899048
2025-09-12 21:04:30,547 - Round number: 2 --------------------------
2025-09-12 21:04:30,547 - Evaluate global model
2025-09-12 21:04:32,211 - Averaged Train Loss: 1.0581
2025-09-12 21:04:32,212 - Test Accurancy: 0.6757
2025-09-12 21:04:32,212 - Attack Success Rate: 0.1751
2025-09-12 21:04:36,799 - DPD clipping bound C_t: 1.6583215594291687
2025-09-12 21:04:36,803 - DPD noise norm:1.2667127847671509
2025-09-12 21:04:36,814 - Round number: 3 --------------------------
2025-09-12 21:04:36,814 - Evaluate global model
2025-09-12 21:04:38,392 - Averaged Train Loss: 0.7197
2025-09-12 21:04:38,392 - Test Accurancy: 0.7474
2025-09-12 21:04:38,392 - Attack Success Rate: 0.0947
2025-09-12 21:04:42,788 - DPD clipping bound C_t: 1.4288313388824463
2025-09-12 21:04:42,791 - DPD noise norm:1.0910838842391968
2025-09-12 21:04:42,799 - Round number: 4 --------------------------
2025-09-12 21:04:42,799 - Evaluate global model
2025-09-12 21:04:44,416 - Averaged Train Loss: 0.6327
2025-09-12 21:04:44,417 - Test Accurancy: 0.7727
2025-09-12 21:04:44,417 - Attack Success Rate: 0.0941
2025-09-12 21:04:48,840 - DPD clipping bound C_t: 1.1890515685081482
2025-09-12 21:04:48,842 - DPD noise norm:0.9073081612586975
2025-09-12 21:04:48,850 - Round number: 5 --------------------------
2025-09-12 21:04:48,850 - Evaluate global model
2025-09-12 21:04:50,475 - Averaged Train Loss: 0.5705
2025-09-12 21:04:50,476 - Test Accurancy: 0.7979
2025-09-12 21:04:50,476 - Attack Success Rate: 0.1194
2025-09-12 21:04:54,885 - DPD clipping bound C_t: 1.1464953422546387
2025-09-12 21:04:54,888 - DPD noise norm:0.8747845888137817
2025-09-12 21:04:54,895 - Round number: 6 --------------------------
2025-09-12 21:04:54,895 - Evaluate global model
2025-09-12 21:04:56,515 - Averaged Train Loss: 0.5352
2025-09-12 21:04:56,515 - Test Accurancy: 0.8114
2025-09-12 21:04:56,515 - Attack Success Rate: 0.1119
2025-09-12 21:05:00,930 - DPD clipping bound C_t: 1.111592411994934
2025-09-12 21:05:00,932 - DPD noise norm:0.8460520505905151
2025-09-12 21:05:00,939 - Round number: 7 --------------------------
2025-09-12 21:05:00,939 - Evaluate global model
2025-09-12 21:05:02,545 - Averaged Train Loss: 0.5057
2025-09-12 21:05:02,545 - Test Accurancy: 0.8228
2025-09-12 21:05:02,545 - Attack Success Rate: 0.1091
2025-09-12 21:05:06,865 - DPD clipping bound C_t: 1.0346314311027527
2025-09-12 21:05:06,868 - DPD noise norm:0.7885668277740479
2025-09-12 21:05:06,875 - Round number: 8 --------------------------
2025-09-12 21:05:06,875 - Evaluate global model
2025-09-12 21:05:08,505 - Averaged Train Loss: 0.4916
2025-09-12 21:05:08,506 - Test Accurancy: 0.8283
2025-09-12 21:05:08,506 - Attack Success Rate: 0.0924
2025-09-12 21:05:12,865 - DPD clipping bound C_t: 0.9950007200241089
2025-09-12 21:05:12,868 - DPD noise norm:0.7572630047798157
2025-09-12 21:05:12,875 - Round number: 9 --------------------------
2025-09-12 21:05:12,876 - Evaluate global model
2025-09-12 21:05:14,452 - Averaged Train Loss: 0.4741
2025-09-12 21:05:14,453 - Test Accurancy: 0.8341
2025-09-12 21:05:14,453 - Attack Success Rate: 0.0781
2025-09-12 21:05:18,670 - DPD clipping bound C_t: 0.9820533692836761
2025-09-12 21:05:18,674 - DPD noise norm:0.7493909001350403
2025-09-12 21:05:18,682 - Round number: 10 --------------------------
2025-09-12 21:05:18,682 - Evaluate global model
2025-09-12 21:05:20,267 - Averaged Train Loss: 0.4542
2025-09-12 21:05:20,268 - Test Accurancy: 0.8428
2025-09-12 21:05:20,268 - Attack Success Rate: 0.0987
2025-09-12 21:05:24,796 - DPD clipping bound C_t: 0.9568235576152802
2025-09-12 21:05:24,799 - DPD noise norm:0.7297046780586243
2025-09-12 21:05:24,807 - Round number: 11 --------------------------
2025-09-12 21:05:24,807 - Evaluate global model
2025-09-12 21:05:26,402 - Averaged Train Loss: 0.4421
2025-09-12 21:05:26,402 - Test Accurancy: 0.8479
2025-09-12 21:05:26,402 - Attack Success Rate: 0.0999
2025-09-12 21:05:30,694 - DPD clipping bound C_t: 0.9065305888652802
2025-09-12 21:05:30,697 - DPD noise norm:0.6927520036697388
2025-09-12 21:05:30,705 - Round number: 12 --------------------------
2025-09-12 21:05:30,705 - Evaluate global model
2025-09-12 21:05:32,365 - Averaged Train Loss: 0.4277
2025-09-12 21:05:32,365 - Test Accurancy: 0.8525
2025-09-12 21:05:32,365 - Attack Success Rate: 0.1125
2025-09-12 21:05:36,591 - DPD clipping bound C_t: 0.865416020154953
2025-09-12 21:05:36,594 - DPD noise norm:0.6592520475387573
2025-09-12 21:05:36,601 - Round number: 13 --------------------------
2025-09-12 21:05:36,602 - Evaluate global model
2025-09-12 21:05:38,230 - Averaged Train Loss: 0.4215
2025-09-12 21:05:38,230 - Test Accurancy: 0.8565
2025-09-12 21:05:38,230 - Attack Success Rate: 0.0987
2025-09-12 21:05:42,368 - DPD clipping bound C_t: 0.9023562967777252
2025-09-12 21:05:42,371 - DPD noise norm:0.6877310276031494
2025-09-12 21:05:42,380 - Round number: 14 --------------------------
2025-09-12 21:05:42,380 - Evaluate global model
2025-09-12 21:05:44,120 - Averaged Train Loss: 0.4118
2025-09-12 21:05:44,121 - Test Accurancy: 0.8594
2025-09-12 21:05:44,121 - Attack Success Rate: 0.1022
2025-09-12 21:05:48,300 - DPD clipping bound C_t: 0.861695408821106
2025-09-12 21:05:48,303 - DPD noise norm:0.6568620800971985
2025-09-12 21:05:48,311 - Round number: 15 --------------------------
2025-09-12 21:05:48,311 - Evaluate global model
2025-09-12 21:05:50,030 - Averaged Train Loss: 0.4045
2025-09-12 21:05:50,031 - Test Accurancy: 0.8618
2025-09-12 21:05:50,031 - Attack Success Rate: 0.1010
2025-09-12 21:05:54,287 - DPD clipping bound C_t: 0.8504176735877991
2025-09-12 21:05:54,292 - DPD noise norm:0.6494594812393188
2025-09-12 21:05:54,305 - Round number: 16 --------------------------
2025-09-12 21:05:54,305 - Evaluate global model
2025-09-12 21:05:56,347 - Averaged Train Loss: 0.3962
2025-09-12 21:05:56,347 - Test Accurancy: 0.8661
2025-09-12 21:05:56,347 - Attack Success Rate: 0.0959
2025-09-12 21:06:00,744 - DPD clipping bound C_t: 0.8472329378128052
2025-09-12 21:06:00,747 - DPD noise norm:0.6459392309188843
2025-09-12 21:06:00,754 - Round number: 17 --------------------------
2025-09-12 21:06:00,754 - Evaluate global model
2025-09-12 21:06:02,745 - Averaged Train Loss: 0.3886
2025-09-12 21:06:02,747 - Test Accurancy: 0.8671
2025-09-12 21:06:02,747 - Attack Success Rate: 0.1165
2025-09-12 21:06:07,262 - DPD clipping bound C_t: 0.8145181238651276
2025-09-12 21:06:07,265 - DPD noise norm:0.6208307147026062
2025-09-12 21:06:07,273 - Round number: 18 --------------------------
2025-09-12 21:06:07,273 - Evaluate global model
2025-09-12 21:06:09,255 - Averaged Train Loss: 0.3868
2025-09-12 21:06:09,256 - Test Accurancy: 0.8696
2025-09-12 21:06:09,256 - Attack Success Rate: 0.0970
2025-09-12 21:06:13,781 - DPD clipping bound C_t: 0.8028523921966553
2025-09-12 21:06:13,784 - DPD noise norm:0.6140429973602295
2025-09-12 21:06:13,791 - Round number: 19 --------------------------
2025-09-12 21:06:13,792 - Evaluate global model
2025-09-12 21:06:15,773 - Averaged Train Loss: 0.3801
2025-09-12 21:06:15,773 - Test Accurancy: 0.8711
2025-09-12 21:06:15,773 - Attack Success Rate: 0.0964
2025-09-12 21:06:20,331 - DPD clipping bound C_t: 0.7988908588886261
2025-09-12 21:06:20,334 - DPD noise norm:0.6101804375648499
2025-09-12 21:06:20,341 - Round number: 20 --------------------------
2025-09-12 21:06:20,341 - Evaluate global model
2025-09-12 21:06:22,354 - Averaged Train Loss: 0.3769
2025-09-12 21:06:22,355 - Test Accurancy: 0.8716
2025-09-12 21:06:22,355 - Attack Success Rate: 0.1005
2025-09-12 21:06:26,928 - DPD clipping bound C_t: 0.7806650698184967
2025-09-12 21:06:26,931 - DPD noise norm:0.5944737195968628
2025-09-12 21:06:26,938 - Round number: 21 --------------------------
2025-09-12 21:06:26,939 - Evaluate global model
2025-09-12 21:06:28,974 - Averaged Train Loss: 0.3736
2025-09-12 21:06:28,974 - Test Accurancy: 0.8731
2025-09-12 21:06:28,974 - Attack Success Rate: 0.0953
2025-09-12 21:06:33,536 - DPD clipping bound C_t: 0.7672341763973236
2025-09-12 21:06:33,539 - DPD noise norm:0.585545003414154
2025-09-12 21:06:33,546 - Round number: 22 --------------------------
2025-09-12 21:06:33,546 - Evaluate global model
2025-09-12 21:06:35,465 - Averaged Train Loss: 0.3703
2025-09-12 21:06:35,466 - Test Accurancy: 0.8746
2025-09-12 21:06:35,466 - Attack Success Rate: 0.0953
2025-09-12 21:06:40,000 - DPD clipping bound C_t: 0.7645392715930939
2025-09-12 21:06:40,003 - DPD noise norm:0.5824892520904541
2025-09-12 21:06:40,010 - Round number: 23 --------------------------
2025-09-12 21:06:40,010 - Evaluate global model
2025-09-12 21:06:41,985 - Averaged Train Loss: 0.3664
2025-09-12 21:06:41,985 - Test Accurancy: 0.8753
2025-09-12 21:06:41,985 - Attack Success Rate: 0.0913
2025-09-12 21:06:46,480 - DPD clipping bound C_t: 0.7649521231651306
2025-09-12 21:06:46,483 - DPD noise norm:0.5830381512641907
2025-09-12 21:06:46,491 - Round number: 24 --------------------------
2025-09-12 21:06:46,491 - Evaluate global model
2025-09-12 21:06:48,545 - Averaged Train Loss: 0.3639
2025-09-12 21:06:48,545 - Test Accurancy: 0.8768
2025-09-12 21:06:48,545 - Attack Success Rate: 0.0896
2025-09-12 21:06:53,179 - DPD clipping bound C_t: 0.7393059730529785
2025-09-12 21:06:53,181 - DPD noise norm:0.5645666122436523
2025-09-12 21:06:53,192 - Round number: 25 --------------------------
2025-09-12 21:06:53,192 - Evaluate global model
2025-09-12 21:06:55,190 - Averaged Train Loss: 0.3582
2025-09-12 21:06:55,190 - Test Accurancy: 0.8786
2025-09-12 21:06:55,190 - Attack Success Rate: 0.0947
2025-09-12 21:06:59,622 - DPD clipping bound C_t: 0.7206355035305023
2025-09-12 21:06:59,625 - DPD noise norm:0.5496228337287903
2025-09-12 21:06:59,633 - Round number: 26 --------------------------
2025-09-12 21:06:59,633 - Evaluate global model
2025-09-12 21:07:01,607 - Averaged Train Loss: 0.3542
2025-09-12 21:07:01,608 - Test Accurancy: 0.8793
2025-09-12 21:07:01,608 - Attack Success Rate: 0.0924
2025-09-12 21:07:06,042 - DPD clipping bound C_t: 0.7150408625602722
2025-09-12 21:07:06,045 - DPD noise norm:0.545730471611023
2025-09-12 21:07:06,052 - Round number: 27 --------------------------
2025-09-12 21:07:06,052 - Evaluate global model
2025-09-12 21:07:08,090 - Averaged Train Loss: 0.3514
2025-09-12 21:07:08,091 - Test Accurancy: 0.8800
2025-09-12 21:07:08,091 - Attack Success Rate: 0.0993
2025-09-12 21:07:12,837 - DPD clipping bound C_t: 0.7300023138523102
2025-09-12 21:07:12,840 - DPD noise norm:0.5569760203361511
2025-09-12 21:07:12,848 - Round number: 28 --------------------------
2025-09-12 21:07:12,848 - Evaluate global model
2025-09-12 21:07:14,863 - Averaged Train Loss: 0.3486
2025-09-12 21:07:14,864 - Test Accurancy: 0.8807
2025-09-12 21:07:14,864 - Attack Success Rate: 0.0930
2025-09-12 21:07:19,626 - DPD clipping bound C_t: 0.7074661254882812
2025-09-12 21:07:19,628 - DPD noise norm:0.5396641492843628
2025-09-12 21:07:19,636 - Round number: 29 --------------------------
2025-09-12 21:07:19,636 - Evaluate global model
2025-09-12 21:07:21,525 - Averaged Train Loss: 0.3465
2025-09-12 21:07:21,525 - Test Accurancy: 0.8810
2025-09-12 21:07:21,525 - Attack Success Rate: 0.0924
2025-09-12 21:07:26,234 - DPD clipping bound C_t: 0.7056471407413483
2025-09-12 21:07:26,238 - DPD noise norm:0.5393543839454651
2025-09-12 21:07:26,248 - Round number: 30 --------------------------
2025-09-12 21:07:26,248 - Evaluate global model
2025-09-12 21:07:28,315 - Averaged Train Loss: 0.3439
2025-09-12 21:07:28,316 - Test Accurancy: 0.8827
2025-09-12 21:07:28,316 - Attack Success Rate: 0.0907
2025-09-12 21:07:32,832 - DPD clipping bound C_t: 0.6825940310955048
2025-09-12 21:07:32,834 - DPD noise norm:0.5206369161605835
2025-09-12 21:07:32,841 - Round number: 31 --------------------------
2025-09-12 21:07:32,841 - Evaluate global model
2025-09-12 21:07:34,723 - Averaged Train Loss: 0.3394
2025-09-12 21:07:34,724 - Test Accurancy: 0.8835
2025-09-12 21:07:34,724 - Attack Success Rate: 0.0913
2025-09-12 21:07:39,360 - DPD clipping bound C_t: 0.6729064583778381
2025-09-12 21:07:39,363 - DPD noise norm:0.5130777359008789
2025-09-12 21:07:39,370 - Round number: 32 --------------------------
2025-09-12 21:07:39,370 - Evaluate global model
2025-09-12 21:07:41,270 - Averaged Train Loss: 0.3421
2025-09-12 21:07:41,270 - Test Accurancy: 0.8840
2025-09-12 21:07:41,270 - Attack Success Rate: 0.0867
2025-09-12 21:07:45,800 - DPD clipping bound C_t: 0.6588288247585297
2025-09-12 21:07:45,803 - DPD noise norm:0.5025346279144287
2025-09-12 21:07:45,811 - Round number: 33 --------------------------
2025-09-12 21:07:45,811 - Evaluate global model
2025-09-12 21:07:47,770 - Averaged Train Loss: 0.3380
2025-09-12 21:07:47,771 - Test Accurancy: 0.8840
2025-09-12 21:07:47,771 - Attack Success Rate: 0.0924
2025-09-12 21:07:52,279 - DPD clipping bound C_t: 0.6610801219940186
2025-09-12 21:07:52,283 - DPD noise norm:0.5039684176445007
2025-09-12 21:07:52,291 - Round number: 34 --------------------------
2025-09-12 21:07:52,291 - Evaluate global model
2025-09-12 21:07:54,272 - Averaged Train Loss: 0.3357
2025-09-12 21:07:54,273 - Test Accurancy: 0.8840
2025-09-12 21:07:54,273 - Attack Success Rate: 0.0964
2025-09-12 21:07:58,770 - DPD clipping bound C_t: 0.6451087594032288
2025-09-12 21:07:58,773 - DPD noise norm:0.4925910234451294
2025-09-12 21:07:58,781 - Round number: 35 --------------------------
2025-09-12 21:07:58,781 - Evaluate global model
2025-09-12 21:08:00,694 - Averaged Train Loss: 0.3340
2025-09-12 21:08:00,694 - Test Accurancy: 0.8855
2025-09-12 21:08:00,694 - Attack Success Rate: 0.0855
2025-09-12 21:08:05,212 - DPD clipping bound C_t: 0.6411105394363403
2025-09-12 21:08:05,215 - DPD noise norm:0.4886840581893921
2025-09-12 21:08:05,223 - Round number: 36 --------------------------
2025-09-12 21:08:05,223 - Evaluate global model
2025-09-12 21:08:07,121 - Averaged Train Loss: 0.3327
2025-09-12 21:08:07,121 - Test Accurancy: 0.8869
2025-09-12 21:08:07,121 - Attack Success Rate: 0.0827
2025-09-12 21:08:11,679 - DPD clipping bound C_t: 0.6319609880447388
2025-09-12 21:08:11,682 - DPD noise norm:0.48219481110572815
2025-09-12 21:08:11,689 - Round number: 37 --------------------------
2025-09-12 21:08:11,689 - Evaluate global model
2025-09-12 21:08:13,563 - Averaged Train Loss: 0.3291
2025-09-12 21:08:13,563 - Test Accurancy: 0.8862
2025-09-12 21:08:13,563 - Attack Success Rate: 0.0918
2025-09-12 21:08:18,123 - DPD clipping bound C_t: 0.6280629634857178
2025-09-12 21:08:18,126 - DPD noise norm:0.47900158166885376
2025-09-12 21:08:18,134 - Round number: 38 --------------------------
2025-09-12 21:08:18,134 - Evaluate global model
2025-09-12 21:08:20,084 - Averaged Train Loss: 0.3278
2025-09-12 21:08:20,084 - Test Accurancy: 0.8874
2025-09-12 21:08:20,084 - Attack Success Rate: 0.0867
2025-09-12 21:08:24,718 - DPD clipping bound C_t: 0.6066586375236511
2025-09-12 21:08:24,721 - DPD noise norm:0.463138222694397
2025-09-12 21:08:24,728 - Round number: 39 --------------------------
2025-09-12 21:08:24,728 - Evaluate global model
2025-09-12 21:08:26,662 - Averaged Train Loss: 0.3265
2025-09-12 21:08:26,662 - Test Accurancy: 0.8886
2025-09-12 21:08:26,662 - Attack Success Rate: 0.0827
2025-09-12 21:08:31,139 - DPD clipping bound C_t: 0.6118403673171997
2025-09-12 21:08:31,143 - DPD noise norm:0.46729207038879395
2025-09-12 21:08:31,150 - Round number: 40 --------------------------
2025-09-12 21:08:31,150 - Evaluate global model
2025-09-12 21:08:33,062 - Averaged Train Loss: 0.3242
2025-09-12 21:08:33,063 - Test Accurancy: 0.8889
2025-09-12 21:08:33,063 - Attack Success Rate: 0.0873
2025-09-12 21:08:37,971 - DPD clipping bound C_t: 0.5858099162578583
2025-09-12 21:08:37,973 - DPD noise norm:0.44653987884521484
2025-09-12 21:08:37,980 - Round number: 41 --------------------------
2025-09-12 21:08:37,980 - Evaluate global model
2025-09-12 21:08:39,836 - Averaged Train Loss: 0.3224
2025-09-12 21:08:39,836 - Test Accurancy: 0.8887
2025-09-12 21:08:39,836 - Attack Success Rate: 0.0907
2025-09-12 21:08:44,711 - DPD clipping bound C_t: 0.6018908619880676
2025-09-12 21:08:44,713 - DPD noise norm:0.4588688015937805
2025-09-12 21:08:44,721 - Round number: 42 --------------------------
2025-09-12 21:08:44,721 - Evaluate global model
2025-09-12 21:08:46,688 - Averaged Train Loss: 0.3199
2025-09-12 21:08:46,688 - Test Accurancy: 0.8899
2025-09-12 21:08:46,688 - Attack Success Rate: 0.0918
2025-09-12 21:08:51,221 - DPD clipping bound C_t: 0.5807353258132935
2025-09-12 21:08:51,223 - DPD noise norm:0.4420948922634125
2025-09-12 21:08:51,230 - Round number: 43 --------------------------
2025-09-12 21:08:51,231 - Evaluate global model
2025-09-12 21:08:53,166 - Averaged Train Loss: 0.3222
2025-09-12 21:08:53,166 - Test Accurancy: 0.8901
2025-09-12 21:08:53,166 - Attack Success Rate: 0.0815
2025-09-12 21:08:57,823 - DPD clipping bound C_t: 0.5701448619365692
2025-09-12 21:08:57,826 - DPD noise norm:0.4353879988193512
2025-09-12 21:08:57,833 - Round number: 44 --------------------------
2025-09-12 21:08:57,834 - Evaluate global model
2025-09-12 21:08:59,778 - Averaged Train Loss: 0.3179
2025-09-12 21:08:59,778 - Test Accurancy: 0.8909
2025-09-12 21:08:59,778 - Attack Success Rate: 0.0855
2025-09-12 21:09:04,296 - DPD clipping bound C_t: 0.5672958493232727
2025-09-12 21:09:04,298 - DPD noise norm:0.4328242838382721
2025-09-12 21:09:04,306 - Round number: 45 --------------------------
2025-09-12 21:09:04,306 - Evaluate global model
2025-09-12 21:09:06,235 - Averaged Train Loss: 0.3147
2025-09-12 21:09:06,236 - Test Accurancy: 0.8913
2025-09-12 21:09:06,236 - Attack Success Rate: 0.0855
2025-09-12 21:09:10,745 - DPD clipping bound C_t: 0.5599324703216553
2025-09-12 21:09:10,748 - DPD noise norm:0.4268284738063812
2025-09-12 21:09:10,755 - Round number: 46 --------------------------
2025-09-12 21:09:10,755 - Evaluate global model
2025-09-12 21:09:12,661 - Averaged Train Loss: 0.3154
2025-09-12 21:09:12,661 - Test Accurancy: 0.8923
2025-09-12 21:09:12,661 - Attack Success Rate: 0.0775
2025-09-12 21:09:17,132 - DPD clipping bound C_t: 0.5650953650474548
2025-09-12 21:09:17,135 - DPD noise norm:0.43140709400177
2025-09-12 21:09:17,143 - Round number: 47 --------------------------
2025-09-12 21:09:17,143 - Evaluate global model
2025-09-12 21:09:19,105 - Averaged Train Loss: 0.3139
2025-09-12 21:09:19,105 - Test Accurancy: 0.8926
2025-09-12 21:09:19,105 - Attack Success Rate: 0.0798
2025-09-12 21:09:23,779 - DPD clipping bound C_t: 0.5445168614387512
2025-09-12 21:09:23,782 - DPD noise norm:0.41521692276000977
2025-09-12 21:09:23,790 - Round number: 48 --------------------------
2025-09-12 21:09:23,790 - Evaluate global model
2025-09-12 21:09:25,718 - Averaged Train Loss: 0.3146
2025-09-12 21:09:25,718 - Test Accurancy: 0.8920
2025-09-12 21:09:25,718 - Attack Success Rate: 0.0798
2025-09-12 21:09:30,435 - DPD clipping bound C_t: 0.5381762683391571
2025-09-12 21:09:30,438 - DPD noise norm:0.4103827476501465
2025-09-12 21:09:30,445 - Round number: 49 --------------------------
2025-09-12 21:09:30,445 - Evaluate global model
2025-09-12 21:09:32,343 - Averaged Train Loss: 0.3128
2025-09-12 21:09:32,344 - Test Accurancy: 0.8923
2025-09-12 21:09:32,344 - Attack Success Rate: 0.0792
2025-09-12 21:09:36,927 - DPD clipping bound C_t: 0.5302467048168182
2025-09-12 21:09:36,930 - DPD noise norm:0.4048304259777069
2025-09-12 21:09:36,937 - Round number: 50 --------------------------
2025-09-12 21:09:36,938 - Evaluate global model
2025-09-12 21:09:38,868 - Averaged Train Loss: 0.3087
2025-09-12 21:09:38,869 - Test Accurancy: 0.8929
2025-09-12 21:09:38,869 - Attack Success Rate: 0.0850
2025-09-12 21:09:43,403 - DPD clipping bound C_t: 0.5303320288658142
2025-09-12 21:09:43,406 - DPD noise norm:0.4047258198261261
2025-09-12 21:09:43,414 - Round number: 51 --------------------------
2025-09-12 21:09:43,414 - Evaluate global model
2025-09-12 21:09:45,347 - Averaged Train Loss: 0.3086
2025-09-12 21:09:45,347 - Test Accurancy: 0.8925
2025-09-12 21:09:45,347 - Attack Success Rate: 0.0850
2025-09-12 21:09:49,810 - DPD clipping bound C_t: 0.5226729512214661
2025-09-12 21:09:49,813 - DPD noise norm:0.39907002449035645
2025-09-12 21:09:49,821 - Round number: 52 --------------------------
2025-09-12 21:09:49,821 - Evaluate global model
2025-09-12 21:09:51,767 - Averaged Train Loss: 0.3100
2025-09-12 21:09:51,767 - Test Accurancy: 0.8931
2025-09-12 21:09:51,767 - Attack Success Rate: 0.0821
2025-09-12 21:09:56,261 - DPD clipping bound C_t: 0.505990743637085
2025-09-12 21:09:56,264 - DPD noise norm:0.38625216484069824
2025-09-12 21:09:56,272 - Round number: 53 --------------------------
2025-09-12 21:09:56,272 - Evaluate global model
2025-09-12 21:09:58,201 - Averaged Train Loss: 0.3077
2025-09-12 21:09:58,201 - Test Accurancy: 0.8939
2025-09-12 21:09:58,201 - Attack Success Rate: 0.0798
2025-09-12 21:10:02,651 - DPD clipping bound C_t: 0.5124446451663971
2025-09-12 21:10:02,655 - DPD noise norm:0.3908440172672272
2025-09-12 21:10:02,663 - Round number: 54 --------------------------
2025-09-12 21:10:02,663 - Evaluate global model
2025-09-12 21:10:04,574 - Averaged Train Loss: 0.3047
2025-09-12 21:10:04,574 - Test Accurancy: 0.8948
2025-09-12 21:10:04,574 - Attack Success Rate: 0.0827
2025-09-12 21:10:09,210 - DPD clipping bound C_t: 0.5171476304531097
2025-09-12 21:10:09,213 - DPD noise norm:0.3941499888896942
2025-09-12 21:10:09,220 - Round number: 55 --------------------------
2025-09-12 21:10:09,221 - Evaluate global model
2025-09-12 21:10:11,135 - Averaged Train Loss: 0.3050
2025-09-12 21:10:11,135 - Test Accurancy: 0.8949
2025-09-12 21:10:11,136 - Attack Success Rate: 0.0815
2025-09-12 21:10:15,877 - DPD clipping bound C_t: 0.49116602540016174
2025-09-12 21:10:15,880 - DPD noise norm:0.37477174401283264
2025-09-12 21:10:15,887 - Round number: 56 --------------------------
2025-09-12 21:10:15,888 - Evaluate global model
2025-09-12 21:10:17,844 - Averaged Train Loss: 0.3060
2025-09-12 21:10:17,844 - Test Accurancy: 0.8955
2025-09-12 21:10:17,844 - Attack Success Rate: 0.0752
2025-09-12 21:10:22,384 - DPD clipping bound C_t: 0.48005475103855133
2025-09-12 21:10:22,387 - DPD noise norm:0.36632534861564636
2025-09-12 21:10:22,394 - Round number: 57 --------------------------
2025-09-12 21:10:22,395 - Evaluate global model
2025-09-12 21:10:24,312 - Averaged Train Loss: 0.3039
2025-09-12 21:10:24,313 - Test Accurancy: 0.8953
2025-09-12 21:10:24,313 - Attack Success Rate: 0.0786
2025-09-12 21:10:29,014 - DPD clipping bound C_t: 0.47638528048992157
2025-09-12 21:10:29,018 - DPD noise norm:0.36380821466445923
2025-09-12 21:10:29,028 - Round number: 58 --------------------------
2025-09-12 21:10:29,028 - Evaluate global model
2025-09-12 21:10:31,120 - Averaged Train Loss: 0.3053
2025-09-12 21:10:31,121 - Test Accurancy: 0.8945
2025-09-12 21:10:31,121 - Attack Success Rate: 0.0769
2025-09-12 21:10:35,833 - DPD clipping bound C_t: 0.47389115393161774
2025-09-12 21:10:35,837 - DPD noise norm:0.36127737164497375
2025-09-12 21:10:35,845 - Round number: 59 --------------------------
2025-09-12 21:10:35,846 - Evaluate global model
2025-09-12 21:10:37,725 - Averaged Train Loss: 0.3023
2025-09-12 21:10:37,726 - Test Accurancy: 0.8961
2025-09-12 21:10:37,726 - Attack Success Rate: 0.0752
2025-09-12 21:10:42,285 - DPD clipping bound C_t: 0.4674174040555954
2025-09-12 21:10:42,288 - DPD noise norm:0.35639479756355286
2025-09-12 21:10:42,296 - Round number: 60 --------------------------
2025-09-12 21:10:42,296 - Evaluate global model
2025-09-12 21:10:44,208 - Averaged Train Loss: 0.3025
2025-09-12 21:10:44,209 - Test Accurancy: 0.8961
2025-09-12 21:10:44,209 - Attack Success Rate: 0.0700
2025-09-12 21:10:48,808 - DPD clipping bound C_t: 0.46645453572273254
2025-09-12 21:10:48,811 - DPD noise norm:0.3558976650238037
2025-09-12 21:10:48,819 - Round number: 61 --------------------------
2025-09-12 21:10:48,819 - Evaluate global model
2025-09-12 21:10:50,759 - Averaged Train Loss: 0.2998
2025-09-12 21:10:50,760 - Test Accurancy: 0.8961
2025-09-12 21:10:50,760 - Attack Success Rate: 0.0804
2025-09-12 21:10:55,256 - DPD clipping bound C_t: 0.4570920467376709
2025-09-12 21:10:55,259 - DPD noise norm:0.3490384817123413
2025-09-12 21:10:55,266 - Round number: 62 --------------------------
2025-09-12 21:10:55,266 - Evaluate global model
2025-09-12 21:10:57,164 - Averaged Train Loss: 0.2993
2025-09-12 21:10:57,164 - Test Accurancy: 0.8971
2025-09-12 21:10:57,164 - Attack Success Rate: 0.0763
2025-09-12 21:11:01,711 - DPD clipping bound C_t: 0.45251646637916565
2025-09-12 21:11:01,713 - DPD noise norm:0.34532415866851807
2025-09-12 21:11:01,720 - Round number: 63 --------------------------
2025-09-12 21:11:01,721 - Evaluate global model
2025-09-12 21:11:03,602 - Averaged Train Loss: 0.2988
2025-09-12 21:11:03,602 - Test Accurancy: 0.8965
2025-09-12 21:11:03,602 - Attack Success Rate: 0.0798
2025-09-12 21:11:08,258 - DPD clipping bound C_t: 0.4460863918066025
2025-09-12 21:11:08,261 - DPD noise norm:0.34068986773490906
2025-09-12 21:11:08,268 - Round number: 64 --------------------------
2025-09-12 21:11:08,268 - Evaluate global model
2025-09-12 21:11:10,165 - Averaged Train Loss: 0.2972
2025-09-12 21:11:10,166 - Test Accurancy: 0.8977
2025-09-12 21:11:10,166 - Attack Success Rate: 0.0718
2025-09-12 21:11:14,756 - DPD clipping bound C_t: 0.44142158329486847
2025-09-12 21:11:14,759 - DPD noise norm:0.3370445966720581
2025-09-12 21:11:14,766 - Round number: 65 --------------------------
2025-09-12 21:11:14,766 - Evaluate global model
2025-09-12 21:11:16,737 - Averaged Train Loss: 0.2953
2025-09-12 21:11:16,738 - Test Accurancy: 0.8975
2025-09-12 21:11:16,738 - Attack Success Rate: 0.0763
2025-09-12 21:11:21,393 - DPD clipping bound C_t: 0.4348761886358261
2025-09-12 21:11:21,396 - DPD noise norm:0.33218684792518616
2025-09-12 21:11:21,404 - Round number: 66 --------------------------
2025-09-12 21:11:21,404 - Evaluate global model
2025-09-12 21:11:23,400 - Averaged Train Loss: 0.2968
2025-09-12 21:11:23,400 - Test Accurancy: 0.8983
2025-09-12 21:11:23,400 - Attack Success Rate: 0.0712
2025-09-12 21:11:28,023 - DPD clipping bound C_t: 0.4254329353570938
2025-09-12 21:11:28,026 - DPD noise norm:0.32493138313293457
2025-09-12 21:11:28,033 - Round number: 67 --------------------------
2025-09-12 21:11:28,033 - Evaluate global model
2025-09-12 21:11:29,938 - Averaged Train Loss: 0.2977
2025-09-12 21:11:29,938 - Test Accurancy: 0.8976
2025-09-12 21:11:29,938 - Attack Success Rate: 0.0689
2025-09-12 21:11:34,708 - DPD clipping bound C_t: 0.4256475418806076
2025-09-12 21:11:34,710 - DPD noise norm:0.3245047330856323
2025-09-12 21:11:34,717 - Round number: 68 --------------------------
2025-09-12 21:11:34,717 - Evaluate global model
2025-09-12 21:11:36,586 - Averaged Train Loss: 0.2960
2025-09-12 21:11:36,586 - Test Accurancy: 0.8984
2025-09-12 21:11:36,586 - Attack Success Rate: 0.0712
2025-09-12 21:11:41,189 - DPD clipping bound C_t: 0.4232119470834732
2025-09-12 21:11:41,193 - DPD noise norm:0.3230839669704437
2025-09-12 21:11:41,200 - Round number: 69 --------------------------
2025-09-12 21:11:41,201 - Evaluate global model
2025-09-12 21:11:43,115 - Averaged Train Loss: 0.2924
2025-09-12 21:11:43,115 - Test Accurancy: 0.8984
2025-09-12 21:11:43,115 - Attack Success Rate: 0.0729
2025-09-12 21:11:47,639 - DPD clipping bound C_t: 0.418775349855423
2025-09-12 21:11:47,642 - DPD noise norm:0.3196459710597992
2025-09-12 21:11:47,650 - Round number: 70 --------------------------
2025-09-12 21:11:47,650 - Evaluate global model
2025-09-12 21:11:49,623 - Averaged Train Loss: 0.2940
2025-09-12 21:11:49,623 - Test Accurancy: 0.8991
2025-09-12 21:11:49,623 - Attack Success Rate: 0.0672
2025-09-12 21:11:54,251 - DPD clipping bound C_t: 0.4056486636400223
2025-09-12 21:11:54,254 - DPD noise norm:0.30924907326698303
2025-09-12 21:11:54,262 - Round number: 71 --------------------------
2025-09-12 21:11:54,262 - Evaluate global model
2025-09-12 21:11:56,171 - Averaged Train Loss: 0.2946
2025-09-12 21:11:56,172 - Test Accurancy: 0.8987
2025-09-12 21:11:56,172 - Attack Success Rate: 0.0700
2025-09-12 21:12:00,916 - DPD clipping bound C_t: 0.40183988213539124
2025-09-12 21:12:00,920 - DPD noise norm:0.30674996972084045
2025-09-12 21:12:00,930 - Round number: 72 --------------------------
2025-09-12 21:12:00,931 - Evaluate global model
2025-09-12 21:12:03,042 - Averaged Train Loss: 0.2949
2025-09-12 21:12:03,043 - Test Accurancy: 0.8989
2025-09-12 21:12:03,043 - Attack Success Rate: 0.0654
2025-09-12 21:12:07,736 - DPD clipping bound C_t: 0.4007960259914398
2025-09-12 21:12:07,739 - DPD noise norm:0.30590954422950745
2025-09-12 21:12:07,747 - Round number: 73 --------------------------
2025-09-12 21:12:07,747 - Evaluate global model
2025-09-12 21:12:09,650 - Averaged Train Loss: 0.2910
2025-09-12 21:12:09,651 - Test Accurancy: 0.8985
2025-09-12 21:12:09,651 - Attack Success Rate: 0.0735
2025-09-12 21:12:14,283 - DPD clipping bound C_t: 0.3985293060541153
2025-09-12 21:12:14,286 - DPD noise norm:0.3044228255748749
2025-09-12 21:12:14,299 - Round number: 74 --------------------------
2025-09-12 21:12:14,299 - Evaluate global model
2025-09-12 21:12:16,251 - Averaged Train Loss: 0.2929
2025-09-12 21:12:16,251 - Test Accurancy: 0.8988
2025-09-12 21:12:16,251 - Attack Success Rate: 0.0677
2025-09-12 21:12:21,037 - DPD clipping bound C_t: 0.38658781349658966
2025-09-12 21:12:21,040 - DPD noise norm:0.2951461374759674
2025-09-12 21:12:21,048 - Round number: 75 --------------------------
2025-09-12 21:12:21,048 - Evaluate global model
2025-09-12 21:12:22,964 - Averaged Train Loss: 0.2924
2025-09-12 21:12:22,964 - Test Accurancy: 0.8988
2025-09-12 21:12:22,964 - Attack Success Rate: 0.0677
2025-09-12 21:12:27,558 - DPD clipping bound C_t: 0.38659828901290894
2025-09-12 21:12:27,560 - DPD noise norm:0.2954244315624237
2025-09-12 21:12:27,567 - Round number: 76 --------------------------
2025-09-12 21:12:27,567 - Evaluate global model
2025-09-12 21:12:29,491 - Averaged Train Loss: 0.2905
2025-09-12 21:12:29,492 - Test Accurancy: 0.8989
2025-09-12 21:12:29,492 - Attack Success Rate: 0.0677
2025-09-12 21:12:34,274 - DPD clipping bound C_t: 0.3779532462358475
2025-09-12 21:12:34,279 - DPD noise norm:0.2883736789226532
2025-09-12 21:12:34,293 - Round number: 77 --------------------------
2025-09-12 21:12:34,293 - Evaluate global model
2025-09-12 21:12:36,315 - Averaged Train Loss: 0.2868
2025-09-12 21:12:36,316 - Test Accurancy: 0.8995
2025-09-12 21:12:36,316 - Attack Success Rate: 0.0729
2025-09-12 21:12:41,170 - DPD clipping bound C_t: 0.374332070350647
2025-09-12 21:12:41,173 - DPD noise norm:0.2859519422054291
2025-09-12 21:12:41,180 - Round number: 78 --------------------------
2025-09-12 21:12:41,180 - Evaluate global model
2025-09-12 21:12:43,138 - Averaged Train Loss: 0.2887
2025-09-12 21:12:43,139 - Test Accurancy: 0.8993
2025-09-12 21:12:43,139 - Attack Success Rate: 0.0689
2025-09-12 21:12:47,737 - DPD clipping bound C_t: 0.37287817895412445
2025-09-12 21:12:47,740 - DPD noise norm:0.2841847240924835
2025-09-12 21:12:47,747 - Round number: 79 --------------------------
2025-09-12 21:12:47,748 - Evaluate global model
2025-09-12 21:12:49,791 - Averaged Train Loss: 0.2863
2025-09-12 21:12:49,791 - Test Accurancy: 0.8995
2025-09-12 21:12:49,791 - Attack Success Rate: 0.0741
2025-09-12 21:12:54,397 - DPD clipping bound C_t: 0.3644486367702484
2025-09-12 21:12:54,400 - DPD noise norm:0.27778828144073486
2025-09-12 21:12:54,407 - Round number: 80 --------------------------
2025-09-12 21:12:54,407 - Evaluate global model
2025-09-12 21:12:56,289 - Averaged Train Loss: 0.2863
2025-09-12 21:12:56,289 - Test Accurancy: 0.8998
2025-09-12 21:12:56,289 - Attack Success Rate: 0.0677
2025-09-12 21:13:00,947 - DPD clipping bound C_t: 0.35675056278705597
2025-09-12 21:13:00,950 - DPD noise norm:0.2724613845348358
2025-09-12 21:13:00,958 - Round number: 81 --------------------------
2025-09-12 21:13:00,958 - Evaluate global model
2025-09-12 21:13:02,858 - Averaged Train Loss: 0.2877
2025-09-12 21:13:02,858 - Test Accurancy: 0.8996
2025-09-12 21:13:02,858 - Attack Success Rate: 0.0643
2025-09-12 21:13:07,460 - DPD clipping bound C_t: 0.3581862896680832
2025-09-12 21:13:07,462 - DPD noise norm:0.27334117889404297
2025-09-12 21:13:07,469 - Round number: 82 --------------------------
2025-09-12 21:13:07,470 - Evaluate global model
2025-09-12 21:13:09,375 - Averaged Train Loss: 0.2865
2025-09-12 21:13:09,375 - Test Accurancy: 0.8997
2025-09-12 21:13:09,375 - Attack Success Rate: 0.0683
2025-09-12 21:13:13,827 - DPD clipping bound C_t: 0.3510516881942749
2025-09-12 21:13:13,830 - DPD noise norm:0.26756125688552856
2025-09-12 21:13:13,837 - Round number: 83 --------------------------
2025-09-12 21:13:13,837 - Evaluate global model
2025-09-12 21:13:15,740 - Averaged Train Loss: 0.2867
2025-09-12 21:13:15,740 - Test Accurancy: 0.9000
2025-09-12 21:13:15,740 - Attack Success Rate: 0.0666
2025-09-12 21:13:20,348 - DPD clipping bound C_t: 0.3480714112520218
2025-09-12 21:13:20,351 - DPD noise norm:0.26518014073371887
2025-09-12 21:13:20,359 - Round number: 84 --------------------------
2025-09-12 21:13:20,359 - Evaluate global model
2025-09-12 21:13:22,347 - Averaged Train Loss: 0.2861
2025-09-12 21:13:22,347 - Test Accurancy: 0.8997
2025-09-12 21:13:22,347 - Attack Success Rate: 0.0689
2025-09-12 21:13:26,933 - DPD clipping bound C_t: 0.3390601575374603
2025-09-12 21:13:26,936 - DPD noise norm:0.2587975859642029
2025-09-12 21:13:26,943 - Round number: 85 --------------------------
2025-09-12 21:13:26,943 - Evaluate global model
2025-09-12 21:13:28,835 - Averaged Train Loss: 0.2856
2025-09-12 21:13:28,835 - Test Accurancy: 0.9003
2025-09-12 21:13:28,835 - Attack Success Rate: 0.0677
2025-09-12 21:13:33,266 - DPD clipping bound C_t: 0.3393336683511734
2025-09-12 21:13:33,268 - DPD noise norm:0.2590995132923126
2025-09-12 21:13:33,275 - Round number: 86 --------------------------
2025-09-12 21:13:33,276 - Evaluate global model
2025-09-12 21:13:35,186 - Averaged Train Loss: 0.2824
2025-09-12 21:13:35,186 - Test Accurancy: 0.9000
2025-09-12 21:13:35,186 - Attack Success Rate: 0.0700
2025-09-12 21:13:39,612 - DPD clipping bound C_t: 0.3372545689344406
2025-09-12 21:13:39,615 - DPD noise norm:0.2570326626300812
2025-09-12 21:13:39,623 - Round number: 87 --------------------------
2025-09-12 21:13:39,623 - Evaluate global model
2025-09-12 21:13:41,545 - Averaged Train Loss: 0.2807
2025-09-12 21:13:41,546 - Test Accurancy: 0.8997
2025-09-12 21:13:41,546 - Attack Success Rate: 0.0752
2025-09-12 21:13:46,092 - DPD clipping bound C_t: 0.3323415219783783
2025-09-12 21:13:46,094 - DPD noise norm:0.25379040837287903
2025-09-12 21:13:46,101 - Round number: 88 --------------------------
2025-09-12 21:13:46,101 - Evaluate global model
2025-09-12 21:13:48,069 - Averaged Train Loss: 0.2792
2025-09-12 21:13:48,070 - Test Accurancy: 0.8991
2025-09-12 21:13:48,070 - Attack Success Rate: 0.0763
2025-09-12 21:13:52,706 - DPD clipping bound C_t: 0.32989560067653656
2025-09-12 21:13:52,709 - DPD noise norm:0.25196436047554016
2025-09-12 21:13:52,717 - Round number: 89 --------------------------
2025-09-12 21:13:52,717 - Evaluate global model
2025-09-12 21:13:54,655 - Averaged Train Loss: 0.2810
2025-09-12 21:13:54,655 - Test Accurancy: 0.8997
2025-09-12 21:13:54,655 - Attack Success Rate: 0.0654
2025-09-12 21:13:59,274 - DPD clipping bound C_t: 0.3290166109800339
2025-09-12 21:13:59,276 - DPD noise norm:0.2512584626674652
2025-09-12 21:13:59,284 - Round number: 90 --------------------------
2025-09-12 21:13:59,284 - Evaluate global model
2025-09-12 21:14:01,213 - Averaged Train Loss: 0.2827
2025-09-12 21:14:01,214 - Test Accurancy: 0.8999
2025-09-12 21:14:01,214 - Attack Success Rate: 0.0672
2025-09-12 21:14:05,666 - DPD clipping bound C_t: 0.3232124298810959
2025-09-12 21:14:05,669 - DPD noise norm:0.24701139330863953
2025-09-12 21:14:05,676 - Round number: 91 --------------------------
2025-09-12 21:14:05,676 - Evaluate global model
2025-09-12 21:14:07,645 - Averaged Train Loss: 0.2800
2025-09-12 21:14:07,645 - Test Accurancy: 0.9000
2025-09-12 21:14:07,645 - Attack Success Rate: 0.0706
2025-09-12 21:14:12,195 - DPD clipping bound C_t: 0.31621694564819336
2025-09-12 21:14:12,198 - DPD noise norm:0.24082376062870026
2025-09-12 21:14:12,205 - Round number: 92 --------------------------
2025-09-12 21:14:12,206 - Evaluate global model
2025-09-12 21:14:14,181 - Averaged Train Loss: 0.2804
2025-09-12 21:14:14,182 - Test Accurancy: 0.9000
2025-09-12 21:14:14,182 - Attack Success Rate: 0.0706
2025-09-12 21:14:18,677 - DPD clipping bound C_t: 0.31882520020008087
2025-09-12 21:14:18,680 - DPD noise norm:0.24315425753593445
2025-09-12 21:14:18,690 - Round number: 93 --------------------------
2025-09-12 21:14:18,690 - Evaluate global model
2025-09-12 21:14:20,760 - Averaged Train Loss: 0.2775
2025-09-12 21:14:20,760 - Test Accurancy: 0.8997
2025-09-12 21:14:20,761 - Attack Success Rate: 0.0763
2025-09-12 21:14:25,255 - DPD clipping bound C_t: 0.31094397604465485
2025-09-12 21:14:25,258 - DPD noise norm:0.23679742217063904
2025-09-12 21:14:25,266 - Round number: 94 --------------------------
2025-09-12 21:14:25,266 - Evaluate global model
2025-09-12 21:14:27,284 - Averaged Train Loss: 0.2801
2025-09-12 21:14:27,284 - Test Accurancy: 0.9001
2025-09-12 21:14:27,284 - Attack Success Rate: 0.0695
2025-09-12 21:14:32,047 - DPD clipping bound C_t: 0.3065660744905472
2025-09-12 21:14:32,050 - DPD noise norm:0.2341439574956894
2025-09-12 21:14:32,057 - Round number: 95 --------------------------
2025-09-12 21:14:32,057 - Evaluate global model
2025-09-12 21:14:34,038 - Averaged Train Loss: 0.2800
2025-09-12 21:14:34,039 - Test Accurancy: 0.8997
2025-09-12 21:14:34,039 - Attack Success Rate: 0.0695
2025-09-12 21:14:38,580 - DPD clipping bound C_t: 0.3008405566215515
2025-09-12 21:14:38,583 - DPD noise norm:0.22964473068714142
2025-09-12 21:14:38,591 - Round number: 96 --------------------------
2025-09-12 21:14:38,591 - Evaluate global model
2025-09-12 21:14:40,637 - Averaged Train Loss: 0.2789
2025-09-12 21:14:40,637 - Test Accurancy: 0.8997
2025-09-12 21:14:40,637 - Attack Success Rate: 0.0689
2025-09-12 21:14:45,404 - DPD clipping bound C_t: 0.29939910769462585
2025-09-12 21:14:45,407 - DPD noise norm:0.22834992408752441
2025-09-12 21:14:45,415 - Round number: 97 --------------------------
2025-09-12 21:14:45,415 - Evaluate global model
2025-09-12 21:14:47,413 - Averaged Train Loss: 0.2787
2025-09-12 21:14:47,413 - Test Accurancy: 0.9007
2025-09-12 21:14:47,413 - Attack Success Rate: 0.0695
2025-09-12 21:14:51,858 - DPD clipping bound C_t: 0.29673726856708527
2025-09-12 21:14:51,861 - DPD noise norm:0.22639405727386475
2025-09-12 21:14:51,867 - Round number: 98 --------------------------
2025-09-12 21:14:51,868 - Evaluate global model
2025-09-12 21:14:53,799 - Averaged Train Loss: 0.2792
2025-09-12 21:14:53,799 - Test Accurancy: 0.8995
2025-09-12 21:14:53,799 - Attack Success Rate: 0.0677
2025-09-12 21:14:58,315 - DPD clipping bound C_t: 0.2925344258546829
2025-09-12 21:14:58,318 - DPD noise norm:0.22317279875278473
2025-09-12 21:14:58,325 - Round number: 99 --------------------------
2025-09-12 21:14:58,325 - Evaluate global model
2025-09-12 21:15:00,269 - Averaged Train Loss: 0.2779
2025-09-12 21:15:00,269 - Test Accurancy: 0.8994
2025-09-12 21:15:00,269 - Attack Success Rate: 0.0729
2025-09-12 21:15:04,840 - DPD clipping bound C_t: 0.28888748586177826
2025-09-12 21:15:04,843 - DPD noise norm:0.2201395481824875
2025-09-12 21:15:04,851 - Round number: 100 --------------------------
2025-09-12 21:15:04,851 - Evaluate global model
2025-09-12 21:15:06,887 - Averaged Train Loss: 0.2778
2025-09-12 21:15:06,887 - Test Accurancy: 0.8995
2025-09-12 21:15:06,887 - Attack Success Rate: 0.0700
2025-09-12 21:15:11,734 - DPD clipping bound C_t: 0.285423144698143
2025-09-12 21:15:11,738 - DPD noise norm:0.21823474764823914
2025-09-12 21:15:11,740 - Run over
2025-09-12 21:15:11,741 - Saving results to ./exp/exp2/FashionMNIST/0.001.h5
2025-09-12 21:15:11,749 - Best accuracy: 0.9006509078451524
2025-09-12 21:15:11,750 - Average time cost per round: 6.474253554344177
