2025-09-12 21:22:08,978 - *****************EXP-2*****************
2025-09-12 21:22:08,979 - Exp repeats: 1
2025-09-12 21:22:08,979 - Communication Rounds: 100
2025-09-12 21:22:08,979 - Clients: 40

2025-09-12 21:22:08,979 - Attack method: scale
2025-09-12 21:22:08,979 - Filtering rule: dpd
2025-09-12 21:22:08,979 - Dataset: FashionMNIST
2025-09-12 21:22:08,979 - Model: cnn
2025-09-12 21:22:08,979 - Learning Rate: 0.2
2025-09-12 21:22:08,979 - Batch Size: 64
2025-09-12 21:22:08,979 - Device: cuda
2025-09-12 21:22:08,979 - Device id: 0
2025-09-12 21:22:08,979 - DPD clipping strategy: auto
2025-09-12 21:22:08,979 - DPD noise level: 0.005
2025-09-12 21:22:08,979 - Adversaries: 8
2025-09-12 21:22:08,979 - Targeted Label Flipping: 4-->6
2025-09-12 21:22:08,979 - *****************EXP-2*****************
2025-09-12 21:22:09,335 - Running time: 0th ==========================
2025-09-12 21:22:10,853 - Round number: 0 --------------------------
2025-09-12 21:22:10,853 - Evaluate global model
2025-09-12 21:22:12,606 - Averaged Train Loss: 2.3051
2025-09-12 21:22:12,606 - Test Accurancy: 0.1321
2025-09-12 21:22:12,606 - Attack Success Rate: 0.0006
2025-09-12 21:22:16,098 - DPD clipping bound C_t: 3.4594430923461914
2025-09-12 21:22:16,108 - DPD noise norm:13.174332618713379
2025-09-12 21:22:16,116 - Round number: 1 --------------------------
2025-09-12 21:22:16,116 - Evaluate global model
2025-09-12 21:22:17,348 - Averaged Train Loss: 2.1967
2025-09-12 21:22:17,349 - Test Accurancy: 0.2777
2025-09-12 21:22:17,349 - Attack Success Rate: 0.9403
2025-09-12 21:22:20,823 - DPD clipping bound C_t: 2.316909432411194
2025-09-12 21:22:20,826 - DPD noise norm:8.837308883666992
2025-09-12 21:22:20,833 - Round number: 2 --------------------------
2025-09-12 21:22:20,833 - Evaluate global model
2025-09-12 21:22:22,059 - Averaged Train Loss: 1.0599
2025-09-12 21:22:22,059 - Test Accurancy: 0.6542
2025-09-12 21:22:22,059 - Attack Success Rate: 0.1441
2025-09-12 21:22:25,309 - DPD clipping bound C_t: 1.6264495253562927
2025-09-12 21:22:25,311 - DPD noise norm:6.211835861206055
2025-09-12 21:22:25,318 - Round number: 3 --------------------------
2025-09-12 21:22:25,319 - Evaluate global model
2025-09-12 21:22:26,572 - Averaged Train Loss: 0.7225
2025-09-12 21:22:26,572 - Test Accurancy: 0.7432
2025-09-12 21:22:26,572 - Attack Success Rate: 0.1073
2025-09-12 21:22:29,840 - DPD clipping bound C_t: 1.3965479135513306
2025-09-12 21:22:29,843 - DPD noise norm:5.332158088684082
2025-09-12 21:22:29,853 - Round number: 4 --------------------------
2025-09-12 21:22:29,853 - Evaluate global model
2025-09-12 21:22:31,204 - Averaged Train Loss: 0.6332
2025-09-12 21:22:31,204 - Test Accurancy: 0.7681
2025-09-12 21:22:31,204 - Attack Success Rate: 0.0769
2025-09-12 21:22:34,416 - DPD clipping bound C_t: 1.197183072566986
2025-09-12 21:22:34,419 - DPD noise norm:4.567564487457275
2025-09-12 21:22:34,427 - Round number: 5 --------------------------
2025-09-12 21:22:34,427 - Evaluate global model
2025-09-12 21:22:35,833 - Averaged Train Loss: 0.5717
2025-09-12 21:22:35,833 - Test Accurancy: 0.7950
2025-09-12 21:22:35,833 - Attack Success Rate: 0.1108
2025-09-12 21:22:39,072 - DPD clipping bound C_t: 1.1260695457458496
2025-09-12 21:22:39,074 - DPD noise norm:4.295997619628906
2025-09-12 21:22:39,081 - Round number: 6 --------------------------
2025-09-12 21:22:39,082 - Evaluate global model
2025-09-12 21:22:40,348 - Averaged Train Loss: 0.5345
2025-09-12 21:22:40,348 - Test Accurancy: 0.8100
2025-09-12 21:22:40,348 - Attack Success Rate: 0.1051
2025-09-12 21:22:43,745 - DPD clipping bound C_t: 1.1138184666633606
2025-09-12 21:22:43,748 - DPD noise norm:4.238731384277344
2025-09-12 21:22:43,755 - Round number: 7 --------------------------
2025-09-12 21:22:43,755 - Evaluate global model
2025-09-12 21:22:45,078 - Averaged Train Loss: 0.5063
2025-09-12 21:22:45,078 - Test Accurancy: 0.8227
2025-09-12 21:22:45,078 - Attack Success Rate: 0.1085
2025-09-12 21:22:48,492 - DPD clipping bound C_t: 1.0398479104042053
2025-09-12 21:22:48,495 - DPD noise norm:3.9627127647399902
2025-09-12 21:22:48,503 - Round number: 8 --------------------------
2025-09-12 21:22:48,503 - Evaluate global model
2025-09-12 21:22:49,792 - Averaged Train Loss: 0.4891
2025-09-12 21:22:49,792 - Test Accurancy: 0.8299
2025-09-12 21:22:49,792 - Attack Success Rate: 0.1010
2025-09-12 21:22:53,184 - DPD clipping bound C_t: 0.9985029101371765
2025-09-12 21:22:53,187 - DPD noise norm:3.7996418476104736
2025-09-12 21:22:53,194 - Round number: 9 --------------------------
2025-09-12 21:22:53,194 - Evaluate global model
2025-09-12 21:22:54,485 - Averaged Train Loss: 0.4749
2025-09-12 21:22:54,485 - Test Accurancy: 0.8352
2025-09-12 21:22:54,485 - Attack Success Rate: 0.0746
2025-09-12 21:22:57,843 - DPD clipping bound C_t: 0.9722968637943268
2025-09-12 21:22:57,846 - DPD noise norm:3.709728717803955
2025-09-12 21:22:57,854 - Round number: 10 --------------------------
2025-09-12 21:22:57,855 - Evaluate global model
2025-09-12 21:22:59,174 - Averaged Train Loss: 0.4533
2025-09-12 21:22:59,175 - Test Accurancy: 0.8440
2025-09-12 21:22:59,175 - Attack Success Rate: 0.1022
2025-09-12 21:23:02,507 - DPD clipping bound C_t: 0.9488599002361298
2025-09-12 21:23:02,510 - DPD noise norm:3.6181564331054688
2025-09-12 21:23:02,517 - Round number: 11 --------------------------
2025-09-12 21:23:02,518 - Evaluate global model
2025-09-12 21:23:03,737 - Averaged Train Loss: 0.4424
2025-09-12 21:23:03,738 - Test Accurancy: 0.8478
2025-09-12 21:23:03,738 - Attack Success Rate: 0.1045
2025-09-12 21:23:07,087 - DPD clipping bound C_t: 0.9124799370765686
2025-09-12 21:23:07,089 - DPD noise norm:3.4864914417266846
2025-09-12 21:23:07,096 - Round number: 12 --------------------------
2025-09-12 21:23:07,096 - Evaluate global model
2025-09-12 21:23:08,358 - Averaged Train Loss: 0.4278
2025-09-12 21:23:08,358 - Test Accurancy: 0.8535
2025-09-12 21:23:08,358 - Attack Success Rate: 0.1165
2025-09-12 21:23:11,717 - DPD clipping bound C_t: 0.8729413151741028
2025-09-12 21:23:11,719 - DPD noise norm:3.324922800064087
2025-09-12 21:23:11,728 - Round number: 13 --------------------------
2025-09-12 21:23:11,728 - Evaluate global model
2025-09-12 21:23:12,984 - Averaged Train Loss: 0.4215
2025-09-12 21:23:12,984 - Test Accurancy: 0.8570
2025-09-12 21:23:12,984 - Attack Success Rate: 0.1033
2025-09-12 21:23:16,217 - DPD clipping bound C_t: 0.8943451941013336
2025-09-12 21:23:16,219 - DPD noise norm:3.4081265926361084
2025-09-12 21:23:16,227 - Round number: 14 --------------------------
2025-09-12 21:23:16,227 - Evaluate global model
2025-09-12 21:23:17,508 - Averaged Train Loss: 0.4125
2025-09-12 21:23:17,508 - Test Accurancy: 0.8601
2025-09-12 21:23:17,508 - Attack Success Rate: 0.1016
2025-09-12 21:23:20,750 - DPD clipping bound C_t: 0.8656529784202576
2025-09-12 21:23:20,752 - DPD noise norm:3.299394130706787
2025-09-12 21:23:20,759 - Round number: 15 --------------------------
2025-09-12 21:23:20,759 - Evaluate global model
2025-09-12 21:23:22,083 - Averaged Train Loss: 0.4050
2025-09-12 21:23:22,083 - Test Accurancy: 0.8626
2025-09-12 21:23:22,083 - Attack Success Rate: 0.1039
2025-09-12 21:23:25,351 - DPD clipping bound C_t: 0.8478670418262482
2025-09-12 21:23:25,353 - DPD noise norm:3.2375576496124268
2025-09-12 21:23:25,360 - Round number: 16 --------------------------
2025-09-12 21:23:25,360 - Evaluate global model
2025-09-12 21:23:26,608 - Averaged Train Loss: 0.3969
2025-09-12 21:23:26,608 - Test Accurancy: 0.8659
2025-09-12 21:23:26,608 - Attack Success Rate: 0.0953
2025-09-12 21:23:29,744 - DPD clipping bound C_t: 0.8421683311462402
2025-09-12 21:23:29,747 - DPD noise norm:3.2103891372680664
2025-09-12 21:23:29,754 - Round number: 17 --------------------------
2025-09-12 21:23:29,754 - Evaluate global model
2025-09-12 21:23:31,018 - Averaged Train Loss: 0.3891
2025-09-12 21:23:31,018 - Test Accurancy: 0.8662
2025-09-12 21:23:31,018 - Attack Success Rate: 0.1171
2025-09-12 21:23:34,461 - DPD clipping bound C_t: 0.8178537786006927
2025-09-12 21:23:34,463 - DPD noise norm:3.116865873336792
2025-09-12 21:23:34,470 - Round number: 18 --------------------------
2025-09-12 21:23:34,470 - Evaluate global model
2025-09-12 21:23:35,703 - Averaged Train Loss: 0.3871
2025-09-12 21:23:35,703 - Test Accurancy: 0.8690
2025-09-12 21:23:35,703 - Attack Success Rate: 0.1016
2025-09-12 21:23:38,938 - DPD clipping bound C_t: 0.8043011128902435
2025-09-12 21:23:38,940 - DPD noise norm:3.0757548809051514
2025-09-12 21:23:38,948 - Round number: 19 --------------------------
2025-09-12 21:23:38,948 - Evaluate global model
2025-09-12 21:23:40,190 - Averaged Train Loss: 0.3808
2025-09-12 21:23:40,190 - Test Accurancy: 0.8702
2025-09-12 21:23:40,190 - Attack Success Rate: 0.1056
2025-09-12 21:23:43,443 - DPD clipping bound C_t: 0.7957456111907959
2025-09-12 21:23:43,445 - DPD noise norm:3.0388906002044678
2025-09-12 21:23:43,453 - Round number: 20 --------------------------
2025-09-12 21:23:43,453 - Evaluate global model
2025-09-12 21:23:44,739 - Averaged Train Loss: 0.3771
2025-09-12 21:23:44,739 - Test Accurancy: 0.8720
2025-09-12 21:23:44,739 - Attack Success Rate: 0.1016
2025-09-12 21:23:47,948 - DPD clipping bound C_t: 0.7772825062274933
2025-09-12 21:23:47,951 - DPD noise norm:2.959489345550537
2025-09-12 21:23:47,959 - Round number: 21 --------------------------
2025-09-12 21:23:47,959 - Evaluate global model
2025-09-12 21:23:49,259 - Averaged Train Loss: 0.3739
2025-09-12 21:23:49,259 - Test Accurancy: 0.8736
2025-09-12 21:23:49,260 - Attack Success Rate: 0.0999
2025-09-12 21:23:52,595 - DPD clipping bound C_t: 0.7709356546401978
2025-09-12 21:23:52,598 - DPD noise norm:2.94184947013855
2025-09-12 21:23:52,605 - Round number: 22 --------------------------
2025-09-12 21:23:52,605 - Evaluate global model
2025-09-12 21:23:53,856 - Averaged Train Loss: 0.3704
2025-09-12 21:23:53,856 - Test Accurancy: 0.8751
2025-09-12 21:23:53,856 - Attack Success Rate: 0.0964
2025-09-12 21:23:57,010 - DPD clipping bound C_t: 0.7604920864105225
2025-09-12 21:23:57,012 - DPD noise norm:2.897028923034668
2025-09-12 21:23:57,019 - Round number: 23 --------------------------
2025-09-12 21:23:57,019 - Evaluate global model
2025-09-12 21:23:58,302 - Averaged Train Loss: 0.3660
2025-09-12 21:23:58,302 - Test Accurancy: 0.8755
2025-09-12 21:23:58,303 - Attack Success Rate: 0.0953
2025-09-12 21:24:01,474 - DPD clipping bound C_t: 0.7633403539657593
2025-09-12 21:24:01,477 - DPD noise norm:2.909048080444336
2025-09-12 21:24:01,485 - Round number: 24 --------------------------
2025-09-12 21:24:01,485 - Evaluate global model
2025-09-12 21:24:02,780 - Averaged Train Loss: 0.3632
2025-09-12 21:24:02,781 - Test Accurancy: 0.8759
2025-09-12 21:24:02,781 - Attack Success Rate: 0.0964
2025-09-12 21:24:05,940 - DPD clipping bound C_t: 0.7348857522010803
2025-09-12 21:24:05,944 - DPD noise norm:2.805955648422241
2025-09-12 21:24:05,954 - Round number: 25 --------------------------
2025-09-12 21:24:05,954 - Evaluate global model
2025-09-12 21:24:07,246 - Averaged Train Loss: 0.3586
2025-09-12 21:24:07,246 - Test Accurancy: 0.8777
2025-09-12 21:24:07,246 - Attack Success Rate: 0.0970
2025-09-12 21:24:10,456 - DPD clipping bound C_t: 0.7209048569202423
2025-09-12 21:24:10,458 - DPD noise norm:2.749140977859497
2025-09-12 21:24:10,465 - Round number: 26 --------------------------
2025-09-12 21:24:10,465 - Evaluate global model
2025-09-12 21:24:11,710 - Averaged Train Loss: 0.3533
2025-09-12 21:24:11,710 - Test Accurancy: 0.8798
2025-09-12 21:24:11,711 - Attack Success Rate: 0.0930
2025-09-12 21:24:14,770 - DPD clipping bound C_t: 0.7162356674671173
2025-09-12 21:24:14,772 - DPD noise norm:2.7332115173339844
2025-09-12 21:24:14,780 - Round number: 27 --------------------------
2025-09-12 21:24:14,780 - Evaluate global model
2025-09-12 21:24:16,073 - Averaged Train Loss: 0.3510
2025-09-12 21:24:16,073 - Test Accurancy: 0.8802
2025-09-12 21:24:16,073 - Attack Success Rate: 0.0982
2025-09-12 21:24:19,270 - DPD clipping bound C_t: 0.7255442142486572
2025-09-12 21:24:19,272 - DPD noise norm:2.7678728103637695
2025-09-12 21:24:19,280 - Round number: 28 --------------------------
2025-09-12 21:24:19,280 - Evaluate global model
2025-09-12 21:24:20,575 - Averaged Train Loss: 0.3486
2025-09-12 21:24:20,575 - Test Accurancy: 0.8808
2025-09-12 21:24:20,576 - Attack Success Rate: 0.0947
2025-09-12 21:24:23,788 - DPD clipping bound C_t: 0.7029617130756378
2025-09-12 21:24:23,791 - DPD noise norm:2.681140184402466
2025-09-12 21:24:23,798 - Round number: 29 --------------------------
2025-09-12 21:24:23,798 - Evaluate global model
2025-09-12 21:24:25,086 - Averaged Train Loss: 0.3454
2025-09-12 21:24:25,086 - Test Accurancy: 0.8809
2025-09-12 21:24:25,086 - Attack Success Rate: 0.0959
2025-09-12 21:24:28,197 - DPD clipping bound C_t: 0.6931297779083252
2025-09-12 21:24:28,199 - DPD noise norm:2.6489341259002686
2025-09-12 21:24:28,207 - Round number: 30 --------------------------
2025-09-12 21:24:28,207 - Evaluate global model
2025-09-12 21:24:29,515 - Averaged Train Loss: 0.3438
2025-09-12 21:24:29,515 - Test Accurancy: 0.8824
2025-09-12 21:24:29,515 - Attack Success Rate: 0.0924
2025-09-12 21:24:32,642 - DPD clipping bound C_t: 0.6817401647567749
2025-09-12 21:24:32,645 - DPD noise norm:2.5999279022216797
2025-09-12 21:24:32,651 - Round number: 31 --------------------------
2025-09-12 21:24:32,652 - Evaluate global model
2025-09-12 21:24:33,926 - Averaged Train Loss: 0.3396
2025-09-12 21:24:33,927 - Test Accurancy: 0.8840
2025-09-12 21:24:33,927 - Attack Success Rate: 0.0941
2025-09-12 21:24:37,090 - DPD clipping bound C_t: 0.6722568273544312
2025-09-12 21:24:37,092 - DPD noise norm:2.5629117488861084
2025-09-12 21:24:37,100 - Round number: 32 --------------------------
2025-09-12 21:24:37,100 - Evaluate global model
2025-09-12 21:24:38,410 - Averaged Train Loss: 0.3421
2025-09-12 21:24:38,410 - Test Accurancy: 0.8835
2025-09-12 21:24:38,410 - Attack Success Rate: 0.0907
2025-09-12 21:24:41,686 - DPD clipping bound C_t: 0.6624637842178345
2025-09-12 21:24:41,688 - DPD noise norm:2.526535749435425
2025-09-12 21:24:41,695 - Round number: 33 --------------------------
2025-09-12 21:24:41,696 - Evaluate global model
2025-09-12 21:24:43,059 - Averaged Train Loss: 0.3374
2025-09-12 21:24:43,059 - Test Accurancy: 0.8838
2025-09-12 21:24:43,060 - Attack Success Rate: 0.0976
2025-09-12 21:24:46,205 - DPD clipping bound C_t: 0.6597231924533844
2025-09-12 21:24:46,208 - DPD noise norm:2.51466965675354
2025-09-12 21:24:46,215 - Round number: 34 --------------------------
2025-09-12 21:24:46,215 - Evaluate global model
2025-09-12 21:24:47,612 - Averaged Train Loss: 0.3356
2025-09-12 21:24:47,612 - Test Accurancy: 0.8842
2025-09-12 21:24:47,613 - Attack Success Rate: 0.1010
2025-09-12 21:24:50,872 - DPD clipping bound C_t: 0.6394769251346588
2025-09-12 21:24:50,874 - DPD noise norm:2.441453218460083
2025-09-12 21:24:50,881 - Round number: 35 --------------------------
2025-09-12 21:24:50,882 - Evaluate global model
2025-09-12 21:24:52,240 - Averaged Train Loss: 0.3338
2025-09-12 21:24:52,240 - Test Accurancy: 0.8849
2025-09-12 21:24:52,240 - Attack Success Rate: 0.0884
2025-09-12 21:24:55,533 - DPD clipping bound C_t: 0.6405972242355347
2025-09-12 21:24:55,537 - DPD noise norm:2.4414639472961426
2025-09-12 21:24:55,548 - Round number: 36 --------------------------
2025-09-12 21:24:55,548 - Evaluate global model
2025-09-12 21:24:56,954 - Averaged Train Loss: 0.3324
2025-09-12 21:24:56,954 - Test Accurancy: 0.8868
2025-09-12 21:24:56,954 - Attack Success Rate: 0.0821
2025-09-12 21:25:00,336 - DPD clipping bound C_t: 0.6359251737594604
2025-09-12 21:25:00,339 - DPD noise norm:2.4260973930358887
2025-09-12 21:25:00,347 - Round number: 37 --------------------------
2025-09-12 21:25:00,347 - Evaluate global model
2025-09-12 21:25:01,745 - Averaged Train Loss: 0.3293
2025-09-12 21:25:01,746 - Test Accurancy: 0.8860
2025-09-12 21:25:01,746 - Attack Success Rate: 0.0953
2025-09-12 21:25:05,120 - DPD clipping bound C_t: 0.6257492005825043
2025-09-12 21:25:05,123 - DPD noise norm:2.3861846923828125
2025-09-12 21:25:05,130 - Round number: 38 --------------------------
2025-09-12 21:25:05,130 - Evaluate global model
2025-09-12 21:25:06,499 - Averaged Train Loss: 0.3281
2025-09-12 21:25:06,499 - Test Accurancy: 0.8867
2025-09-12 21:25:06,499 - Attack Success Rate: 0.0878
2025-09-12 21:25:09,766 - DPD clipping bound C_t: 0.6085216403007507
2025-09-12 21:25:09,769 - DPD noise norm:2.3228023052215576
2025-09-12 21:25:09,776 - Round number: 39 --------------------------
2025-09-12 21:25:09,776 - Evaluate global model
2025-09-12 21:25:11,113 - Averaged Train Loss: 0.3259
2025-09-12 21:25:11,113 - Test Accurancy: 0.8887
2025-09-12 21:25:11,113 - Attack Success Rate: 0.0838
2025-09-12 21:25:14,624 - DPD clipping bound C_t: 0.6067969501018524
2025-09-12 21:25:14,626 - DPD noise norm:2.3172006607055664
2025-09-12 21:25:14,633 - Round number: 40 --------------------------
2025-09-12 21:25:14,633 - Evaluate global model
2025-09-12 21:25:15,940 - Averaged Train Loss: 0.3237
2025-09-12 21:25:15,940 - Test Accurancy: 0.8880
2025-09-12 21:25:15,940 - Attack Success Rate: 0.0964
2025-09-12 21:25:19,280 - DPD clipping bound C_t: 0.5879296660423279
2025-09-12 21:25:19,282 - DPD noise norm:2.2407782077789307
2025-09-12 21:25:19,290 - Round number: 41 --------------------------
2025-09-12 21:25:19,290 - Evaluate global model
2025-09-12 21:25:20,635 - Averaged Train Loss: 0.3220
2025-09-12 21:25:20,635 - Test Accurancy: 0.8885
2025-09-12 21:25:20,635 - Attack Success Rate: 0.0890
2025-09-12 21:25:23,931 - DPD clipping bound C_t: 0.5986892580986023
2025-09-12 21:25:23,933 - DPD noise norm:2.282139539718628
2025-09-12 21:25:23,940 - Round number: 42 --------------------------
2025-09-12 21:25:23,940 - Evaluate global model
2025-09-12 21:25:25,317 - Averaged Train Loss: 0.3192
2025-09-12 21:25:25,317 - Test Accurancy: 0.8897
2025-09-12 21:25:25,317 - Attack Success Rate: 0.0947
2025-09-12 21:25:28,529 - DPD clipping bound C_t: 0.5810302793979645
2025-09-12 21:25:28,532 - DPD noise norm:2.211596965789795
2025-09-12 21:25:28,539 - Round number: 43 --------------------------
2025-09-12 21:25:28,539 - Evaluate global model
2025-09-12 21:25:29,826 - Averaged Train Loss: 0.3220
2025-09-12 21:25:29,826 - Test Accurancy: 0.8899
2025-09-12 21:25:29,826 - Attack Success Rate: 0.0792
2025-09-12 21:25:32,963 - DPD clipping bound C_t: 0.5685493350028992
2025-09-12 21:25:32,966 - DPD noise norm:2.1708476543426514
2025-09-12 21:25:32,972 - Round number: 44 --------------------------
2025-09-12 21:25:32,973 - Evaluate global model
2025-09-12 21:25:34,234 - Averaged Train Loss: 0.3172
2025-09-12 21:25:34,234 - Test Accurancy: 0.8904
2025-09-12 21:25:34,234 - Attack Success Rate: 0.0873
2025-09-12 21:25:37,513 - DPD clipping bound C_t: 0.5644947588443756
2025-09-12 21:25:37,517 - DPD noise norm:2.153435468673706
2025-09-12 21:25:37,526 - Round number: 45 --------------------------
2025-09-12 21:25:37,526 - Evaluate global model
2025-09-12 21:25:38,954 - Averaged Train Loss: 0.3146
2025-09-12 21:25:38,954 - Test Accurancy: 0.8924
2025-09-12 21:25:38,954 - Attack Success Rate: 0.0838
2025-09-12 21:25:42,259 - DPD clipping bound C_t: 0.5596175491809845
2025-09-12 21:25:42,262 - DPD noise norm:2.132941722869873
2025-09-12 21:25:42,274 - Round number: 46 --------------------------
2025-09-12 21:25:42,274 - Evaluate global model
2025-09-12 21:25:43,610 - Averaged Train Loss: 0.3148
2025-09-12 21:25:43,611 - Test Accurancy: 0.8919
2025-09-12 21:25:43,611 - Attack Success Rate: 0.0792
2025-09-12 21:25:46,823 - DPD clipping bound C_t: 0.5645275413990021
2025-09-12 21:25:46,825 - DPD noise norm:2.154867649078369
2025-09-12 21:25:46,832 - Round number: 47 --------------------------
2025-09-12 21:25:46,832 - Evaluate global model
2025-09-12 21:25:48,120 - Averaged Train Loss: 0.3142
2025-09-12 21:25:48,120 - Test Accurancy: 0.8927
2025-09-12 21:25:48,120 - Attack Success Rate: 0.0752
2025-09-12 21:25:51,506 - DPD clipping bound C_t: 0.5418829917907715
2025-09-12 21:25:51,509 - DPD noise norm:2.066042423248291
2025-09-12 21:25:51,517 - Round number: 48 --------------------------
2025-09-12 21:25:51,517 - Evaluate global model
2025-09-12 21:25:52,865 - Averaged Train Loss: 0.3147
2025-09-12 21:25:52,865 - Test Accurancy: 0.8924
2025-09-12 21:25:52,865 - Attack Success Rate: 0.0786
2025-09-12 21:25:56,177 - DPD clipping bound C_t: 0.533848911523819
2025-09-12 21:25:56,180 - DPD noise norm:2.035414218902588
2025-09-12 21:25:56,188 - Round number: 49 --------------------------
2025-09-12 21:25:56,188 - Evaluate global model
2025-09-12 21:25:57,506 - Averaged Train Loss: 0.3130
2025-09-12 21:25:57,506 - Test Accurancy: 0.8925
2025-09-12 21:25:57,506 - Attack Success Rate: 0.0781
2025-09-12 21:26:00,979 - DPD clipping bound C_t: 0.5301425457000732
2025-09-12 21:26:00,982 - DPD noise norm:2.023754358291626
2025-09-12 21:26:00,990 - Round number: 50 --------------------------
2025-09-12 21:26:00,990 - Evaluate global model
2025-09-12 21:26:02,365 - Averaged Train Loss: 0.3084
2025-09-12 21:26:02,365 - Test Accurancy: 0.8934
2025-09-12 21:26:02,365 - Attack Success Rate: 0.0850
2025-09-12 21:26:05,639 - DPD clipping bound C_t: 0.5283665657043457
2025-09-12 21:26:05,642 - DPD noise norm:2.0161292552948
2025-09-12 21:26:05,651 - Round number: 51 --------------------------
2025-09-12 21:26:05,651 - Evaluate global model
2025-09-12 21:26:06,960 - Averaged Train Loss: 0.3085
2025-09-12 21:26:06,961 - Test Accurancy: 0.8928
2025-09-12 21:26:06,961 - Attack Success Rate: 0.0884
2025-09-12 21:26:10,243 - DPD clipping bound C_t: 0.5216622650623322
2025-09-12 21:26:10,245 - DPD noise norm:1.991491436958313
2025-09-12 21:26:10,253 - Round number: 52 --------------------------
2025-09-12 21:26:10,253 - Evaluate global model
2025-09-12 21:26:11,530 - Averaged Train Loss: 0.3108
2025-09-12 21:26:11,531 - Test Accurancy: 0.8924
2025-09-12 21:26:11,531 - Attack Success Rate: 0.0804
2025-09-12 21:26:14,893 - DPD clipping bound C_t: 0.5100788176059723
2025-09-12 21:26:14,896 - DPD noise norm:1.9468638896942139
2025-09-12 21:26:14,903 - Round number: 53 --------------------------
2025-09-12 21:26:14,903 - Evaluate global model
2025-09-12 21:26:16,238 - Averaged Train Loss: 0.3078
2025-09-12 21:26:16,238 - Test Accurancy: 0.8935
2025-09-12 21:26:16,238 - Attack Success Rate: 0.0781
2025-09-12 21:26:19,465 - DPD clipping bound C_t: 0.5082838535308838
2025-09-12 21:26:19,467 - DPD noise norm:1.9383528232574463
2025-09-12 21:26:19,475 - Round number: 54 --------------------------
2025-09-12 21:26:19,475 - Evaluate global model
2025-09-12 21:26:20,842 - Averaged Train Loss: 0.3049
2025-09-12 21:26:20,842 - Test Accurancy: 0.8935
2025-09-12 21:26:20,842 - Attack Success Rate: 0.0798
2025-09-12 21:26:24,310 - DPD clipping bound C_t: 0.5135660767555237
2025-09-12 21:26:24,312 - DPD noise norm:1.9571011066436768
2025-09-12 21:26:24,320 - Round number: 55 --------------------------
2025-09-12 21:26:24,320 - Evaluate global model
2025-09-12 21:26:25,618 - Averaged Train Loss: 0.3051
2025-09-12 21:26:25,618 - Test Accurancy: 0.8936
2025-09-12 21:26:25,618 - Attack Success Rate: 0.0792
2025-09-12 21:26:28,707 - DPD clipping bound C_t: 0.48769302666187286
2025-09-12 21:26:28,709 - DPD noise norm:1.8606085777282715
2025-09-12 21:26:28,716 - Round number: 56 --------------------------
2025-09-12 21:26:28,716 - Evaluate global model
2025-09-12 21:26:29,980 - Averaged Train Loss: 0.3060
2025-09-12 21:26:29,981 - Test Accurancy: 0.8939
2025-09-12 21:26:29,981 - Attack Success Rate: 0.0758
2025-09-12 21:26:33,426 - DPD clipping bound C_t: 0.4798455685377121
2025-09-12 21:26:33,430 - DPD noise norm:1.8308286666870117
2025-09-12 21:26:33,440 - Round number: 57 --------------------------
2025-09-12 21:26:33,440 - Evaluate global model
2025-09-12 21:26:34,840 - Averaged Train Loss: 0.3039
2025-09-12 21:26:34,840 - Test Accurancy: 0.8940
2025-09-12 21:26:34,840 - Attack Success Rate: 0.0792
2025-09-12 21:26:38,206 - DPD clipping bound C_t: 0.4781700521707535
2025-09-12 21:26:38,209 - DPD noise norm:1.8258558511734009
2025-09-12 21:26:38,216 - Round number: 58 --------------------------
2025-09-12 21:26:38,216 - Evaluate global model
2025-09-12 21:26:39,599 - Averaged Train Loss: 0.3046
2025-09-12 21:26:39,599 - Test Accurancy: 0.8929
2025-09-12 21:26:39,599 - Attack Success Rate: 0.0827
2025-09-12 21:26:43,187 - DPD clipping bound C_t: 0.4719790071249008
2025-09-12 21:26:43,189 - DPD noise norm:1.7990981340408325
2025-09-12 21:26:43,197 - Round number: 59 --------------------------
2025-09-12 21:26:43,198 - Evaluate global model
2025-09-12 21:26:44,545 - Averaged Train Loss: 0.3027
2025-09-12 21:26:44,546 - Test Accurancy: 0.8941
2025-09-12 21:26:44,546 - Attack Success Rate: 0.0763
2025-09-12 21:26:48,192 - DPD clipping bound C_t: 0.4691344052553177
2025-09-12 21:26:48,195 - DPD noise norm:1.7885196208953857
2025-09-12 21:26:48,207 - Round number: 60 --------------------------
2025-09-12 21:26:48,207 - Evaluate global model
2025-09-12 21:26:49,578 - Averaged Train Loss: 0.3031
2025-09-12 21:26:49,578 - Test Accurancy: 0.8959
2025-09-12 21:26:49,578 - Attack Success Rate: 0.0695
2025-09-12 21:26:53,185 - DPD clipping bound C_t: 0.466298371553421
2025-09-12 21:26:53,188 - DPD noise norm:1.7788923978805542
2025-09-12 21:26:53,196 - Round number: 61 --------------------------
2025-09-12 21:26:53,196 - Evaluate global model
2025-09-12 21:26:54,518 - Averaged Train Loss: 0.3004
2025-09-12 21:26:54,519 - Test Accurancy: 0.8948
2025-09-12 21:26:54,519 - Attack Success Rate: 0.0786
2025-09-12 21:26:58,025 - DPD clipping bound C_t: 0.454657182097435
2025-09-12 21:26:58,027 - DPD noise norm:1.7358958721160889
2025-09-12 21:26:58,034 - Round number: 62 --------------------------
2025-09-12 21:26:58,034 - Evaluate global model
2025-09-12 21:26:59,273 - Averaged Train Loss: 0.3001
2025-09-12 21:26:59,273 - Test Accurancy: 0.8945
2025-09-12 21:26:59,273 - Attack Success Rate: 0.0741
2025-09-12 21:27:02,669 - DPD clipping bound C_t: 0.4495982825756073
2025-09-12 21:27:02,672 - DPD noise norm:1.7154860496520996
2025-09-12 21:27:02,679 - Round number: 63 --------------------------
2025-09-12 21:27:02,679 - Evaluate global model
2025-09-12 21:27:03,940 - Averaged Train Loss: 0.2994
2025-09-12 21:27:03,940 - Test Accurancy: 0.8947
2025-09-12 21:27:03,940 - Attack Success Rate: 0.0769
2025-09-12 21:27:07,239 - DPD clipping bound C_t: 0.44264185428619385
2025-09-12 21:27:07,242 - DPD noise norm:1.690295696258545
2025-09-12 21:27:07,251 - Round number: 64 --------------------------
2025-09-12 21:27:07,252 - Evaluate global model
2025-09-12 21:27:08,558 - Averaged Train Loss: 0.2978
2025-09-12 21:27:08,558 - Test Accurancy: 0.8961
2025-09-12 21:27:08,558 - Attack Success Rate: 0.0706
2025-09-12 21:27:11,796 - DPD clipping bound C_t: 0.4410613775253296
2025-09-12 21:27:11,798 - DPD noise norm:1.6838476657867432
2025-09-12 21:27:11,805 - Round number: 65 --------------------------
2025-09-12 21:27:11,805 - Evaluate global model
2025-09-12 21:27:13,070 - Averaged Train Loss: 0.2955
2025-09-12 21:27:13,070 - Test Accurancy: 0.8967
2025-09-12 21:27:13,070 - Attack Success Rate: 0.0758
2025-09-12 21:27:16,279 - DPD clipping bound C_t: 0.4324459880590439
2025-09-12 21:27:16,282 - DPD noise norm:1.6516523361206055
2025-09-12 21:27:16,289 - Round number: 66 --------------------------
2025-09-12 21:27:16,289 - Evaluate global model
2025-09-12 21:27:17,553 - Averaged Train Loss: 0.2971
2025-09-12 21:27:17,553 - Test Accurancy: 0.8971
2025-09-12 21:27:17,553 - Attack Success Rate: 0.0712
2025-09-12 21:27:20,970 - DPD clipping bound C_t: 0.42620962858200073
2025-09-12 21:27:20,973 - DPD noise norm:1.6276229619979858
2025-09-12 21:27:20,983 - Round number: 67 --------------------------
2025-09-12 21:27:20,983 - Evaluate global model
2025-09-12 21:27:22,309 - Averaged Train Loss: 0.2974
2025-09-12 21:27:22,309 - Test Accurancy: 0.8965
2025-09-12 21:27:22,309 - Attack Success Rate: 0.0712
2025-09-12 21:27:25,431 - DPD clipping bound C_t: 0.4252709746360779
2025-09-12 21:27:25,434 - DPD noise norm:1.6210880279541016
2025-09-12 21:27:25,441 - Round number: 68 --------------------------
2025-09-12 21:27:25,441 - Evaluate global model
2025-09-12 21:27:26,730 - Averaged Train Loss: 0.2963
2025-09-12 21:27:26,730 - Test Accurancy: 0.8961
2025-09-12 21:27:26,730 - Attack Success Rate: 0.0718
2025-09-12 21:27:30,078 - DPD clipping bound C_t: 0.4206630438566208
2025-09-12 21:27:30,080 - DPD noise norm:1.6056904792785645
2025-09-12 21:27:30,088 - Round number: 69 --------------------------
2025-09-12 21:27:30,088 - Evaluate global model
2025-09-12 21:27:31,397 - Averaged Train Loss: 0.2931
2025-09-12 21:27:31,397 - Test Accurancy: 0.8969
2025-09-12 21:27:31,397 - Attack Success Rate: 0.0729
2025-09-12 21:27:34,652 - DPD clipping bound C_t: 0.41930921375751495
2025-09-12 21:27:34,655 - DPD noise norm:1.6002671718597412
2025-09-12 21:27:34,663 - Round number: 70 --------------------------
2025-09-12 21:27:34,663 - Evaluate global model
2025-09-12 21:27:35,957 - Averaged Train Loss: 0.2950
2025-09-12 21:27:35,957 - Test Accurancy: 0.8968
2025-09-12 21:27:35,957 - Attack Success Rate: 0.0677
2025-09-12 21:27:39,199 - DPD clipping bound C_t: 0.4058300703763962
2025-09-12 21:27:39,201 - DPD noise norm:1.5469367504119873
2025-09-12 21:27:39,208 - Round number: 71 --------------------------
2025-09-12 21:27:39,208 - Evaluate global model
2025-09-12 21:27:40,474 - Averaged Train Loss: 0.2945
2025-09-12 21:27:40,475 - Test Accurancy: 0.8960
2025-09-12 21:27:40,475 - Attack Success Rate: 0.0758
2025-09-12 21:27:43,741 - DPD clipping bound C_t: 0.40041372179985046
2025-09-12 21:27:43,743 - DPD noise norm:1.528306245803833
2025-09-12 21:27:43,750 - Round number: 72 --------------------------
2025-09-12 21:27:43,750 - Evaluate global model
2025-09-12 21:27:44,974 - Averaged Train Loss: 0.2945
2025-09-12 21:27:44,975 - Test Accurancy: 0.8969
2025-09-12 21:27:44,975 - Attack Success Rate: 0.0700
2025-09-12 21:27:48,343 - DPD clipping bound C_t: 0.39999082684516907
2025-09-12 21:27:48,345 - DPD noise norm:1.5264745950698853
2025-09-12 21:27:48,352 - Round number: 73 --------------------------
2025-09-12 21:27:48,352 - Evaluate global model
2025-09-12 21:27:49,608 - Averaged Train Loss: 0.2910
2025-09-12 21:27:49,608 - Test Accurancy: 0.8963
2025-09-12 21:27:49,608 - Attack Success Rate: 0.0781
2025-09-12 21:27:52,954 - DPD clipping bound C_t: 0.3936900198459625
2025-09-12 21:27:52,958 - DPD noise norm:1.503631353378296
2025-09-12 21:27:52,968 - Round number: 74 --------------------------
2025-09-12 21:27:52,969 - Evaluate global model
2025-09-12 21:27:54,380 - Averaged Train Loss: 0.2928
2025-09-12 21:27:54,380 - Test Accurancy: 0.8969
2025-09-12 21:27:54,380 - Attack Success Rate: 0.0718
2025-09-12 21:27:57,761 - DPD clipping bound C_t: 0.3864661455154419
2025-09-12 21:27:57,764 - DPD noise norm:1.4752660989761353
2025-09-12 21:27:57,771 - Round number: 75 --------------------------
2025-09-12 21:27:57,771 - Evaluate global model
2025-09-12 21:27:59,095 - Averaged Train Loss: 0.2925
2025-09-12 21:27:59,096 - Test Accurancy: 0.8980
2025-09-12 21:27:59,096 - Attack Success Rate: 0.0695
2025-09-12 21:28:02,532 - DPD clipping bound C_t: 0.38456447422504425
2025-09-12 21:28:02,539 - DPD noise norm:1.4693511724472046
2025-09-12 21:28:02,547 - Round number: 76 --------------------------
2025-09-12 21:28:02,548 - Evaluate global model
2025-09-12 21:28:03,872 - Averaged Train Loss: 0.2911
2025-09-12 21:28:03,873 - Test Accurancy: 0.8981
2025-09-12 21:28:03,873 - Attack Success Rate: 0.0695
2025-09-12 21:28:07,071 - DPD clipping bound C_t: 0.37705375254154205
2025-09-12 21:28:07,073 - DPD noise norm:1.43843674659729
2025-09-12 21:28:07,080 - Round number: 77 --------------------------
2025-09-12 21:28:07,080 - Evaluate global model
2025-09-12 21:28:08,384 - Averaged Train Loss: 0.2875
2025-09-12 21:28:08,384 - Test Accurancy: 0.8989
2025-09-12 21:28:08,384 - Attack Success Rate: 0.0746
2025-09-12 21:28:11,571 - DPD clipping bound C_t: 0.37663666903972626
2025-09-12 21:28:11,573 - DPD noise norm:1.438562035560608
2025-09-12 21:28:11,580 - Round number: 78 --------------------------
2025-09-12 21:28:11,580 - Evaluate global model
2025-09-12 21:28:12,880 - Averaged Train Loss: 0.2893
2025-09-12 21:28:12,880 - Test Accurancy: 0.8977
2025-09-12 21:28:12,880 - Attack Success Rate: 0.0700
2025-09-12 21:28:16,360 - DPD clipping bound C_t: 0.37212732434272766
2025-09-12 21:28:16,362 - DPD noise norm:1.4180620908737183
2025-09-12 21:28:16,370 - Round number: 79 --------------------------
2025-09-12 21:28:16,370 - Evaluate global model
2025-09-12 21:28:17,673 - Averaged Train Loss: 0.2869
2025-09-12 21:28:17,673 - Test Accurancy: 0.8978
2025-09-12 21:28:17,673 - Attack Success Rate: 0.0752
2025-09-12 21:28:21,301 - DPD clipping bound C_t: 0.3620939999818802
2025-09-12 21:28:21,303 - DPD noise norm:1.3799676895141602
2025-09-12 21:28:21,311 - Round number: 80 --------------------------
2025-09-12 21:28:21,311 - Evaluate global model
2025-09-12 21:28:22,648 - Averaged Train Loss: 0.2868
2025-09-12 21:28:22,649 - Test Accurancy: 0.8984
2025-09-12 21:28:22,649 - Attack Success Rate: 0.0695
2025-09-12 21:28:26,075 - DPD clipping bound C_t: 0.357689768075943
2025-09-12 21:28:26,079 - DPD noise norm:1.3658932447433472
2025-09-12 21:28:26,093 - Round number: 81 --------------------------
2025-09-12 21:28:26,093 - Evaluate global model
2025-09-12 21:28:27,389 - Averaged Train Loss: 0.2882
2025-09-12 21:28:27,389 - Test Accurancy: 0.8983
2025-09-12 21:28:27,389 - Attack Success Rate: 0.0643
2025-09-12 21:28:30,707 - DPD clipping bound C_t: 0.35610999166965485
2025-09-12 21:28:30,709 - DPD noise norm:1.3587833642959595
2025-09-12 21:28:30,719 - Round number: 82 --------------------------
2025-09-12 21:28:30,720 - Evaluate global model
2025-09-12 21:28:32,035 - Averaged Train Loss: 0.2868
2025-09-12 21:28:32,035 - Test Accurancy: 0.8985
2025-09-12 21:28:32,035 - Attack Success Rate: 0.0706
2025-09-12 21:28:35,444 - DPD clipping bound C_t: 0.35190366208553314
2025-09-12 21:28:35,446 - DPD noise norm:1.3410530090332031
2025-09-12 21:28:35,457 - Round number: 83 --------------------------
2025-09-12 21:28:35,457 - Evaluate global model
2025-09-12 21:28:36,774 - Averaged Train Loss: 0.2869
2025-09-12 21:28:36,774 - Test Accurancy: 0.8985
2025-09-12 21:28:36,774 - Attack Success Rate: 0.0706
2025-09-12 21:28:39,930 - DPD clipping bound C_t: 0.3434905707836151
2025-09-12 21:28:39,933 - DPD noise norm:1.3084509372711182
2025-09-12 21:28:39,940 - Round number: 84 --------------------------
2025-09-12 21:28:39,940 - Evaluate global model
2025-09-12 21:28:41,229 - Averaged Train Loss: 0.2867
2025-09-12 21:28:41,229 - Test Accurancy: 0.8985
2025-09-12 21:28:41,229 - Attack Success Rate: 0.0677
2025-09-12 21:28:44,611 - DPD clipping bound C_t: 0.33803002536296844
2025-09-12 21:28:44,613 - DPD noise norm:1.290056586265564
2025-09-12 21:28:44,621 - Round number: 85 --------------------------
2025-09-12 21:28:44,621 - Evaluate global model
2025-09-12 21:28:45,928 - Averaged Train Loss: 0.2864
2025-09-12 21:28:45,928 - Test Accurancy: 0.8998
2025-09-12 21:28:45,928 - Attack Success Rate: 0.0649
2025-09-12 21:28:49,493 - DPD clipping bound C_t: 0.33876897394657135
2025-09-12 21:28:49,495 - DPD noise norm:1.2933416366577148
2025-09-12 21:28:49,503 - Round number: 86 --------------------------
2025-09-12 21:28:49,503 - Evaluate global model
2025-09-12 21:28:50,813 - Averaged Train Loss: 0.2834
2025-09-12 21:28:50,813 - Test Accurancy: 0.8992
2025-09-12 21:28:50,813 - Attack Success Rate: 0.0689
2025-09-12 21:28:54,225 - DPD clipping bound C_t: 0.3390211760997772
2025-09-12 21:28:54,228 - DPD noise norm:1.2918950319290161
2025-09-12 21:28:54,235 - Round number: 87 --------------------------
2025-09-12 21:28:54,235 - Evaluate global model
2025-09-12 21:28:55,483 - Averaged Train Loss: 0.2813
2025-09-12 21:28:55,484 - Test Accurancy: 0.8991
2025-09-12 21:28:55,484 - Attack Success Rate: 0.0746
2025-09-12 21:28:58,653 - DPD clipping bound C_t: 0.33183830976486206
2025-09-12 21:28:58,655 - DPD noise norm:1.2670307159423828
2025-09-12 21:28:58,662 - Round number: 88 --------------------------
2025-09-12 21:28:58,662 - Evaluate global model
2025-09-12 21:28:59,943 - Averaged Train Loss: 0.2797
2025-09-12 21:28:59,943 - Test Accurancy: 0.8989
2025-09-12 21:28:59,943 - Attack Success Rate: 0.0746
2025-09-12 21:29:03,247 - DPD clipping bound C_t: 0.3319341093301773
2025-09-12 21:29:03,249 - DPD noise norm:1.2676063776016235
2025-09-12 21:29:03,257 - Round number: 89 --------------------------
2025-09-12 21:29:03,257 - Evaluate global model
2025-09-12 21:29:04,627 - Averaged Train Loss: 0.2815
2025-09-12 21:29:04,628 - Test Accurancy: 0.8996
2025-09-12 21:29:04,628 - Attack Success Rate: 0.0666
2025-09-12 21:29:08,103 - DPD clipping bound C_t: 0.32999850809574127
2025-09-12 21:29:08,106 - DPD noise norm:1.2600412368774414
2025-09-12 21:29:08,113 - Round number: 90 --------------------------
2025-09-12 21:29:08,113 - Evaluate global model
2025-09-12 21:29:09,458 - Averaged Train Loss: 0.2833
2025-09-12 21:29:09,459 - Test Accurancy: 0.8992
2025-09-12 21:29:09,459 - Attack Success Rate: 0.0677
2025-09-12 21:29:12,769 - DPD clipping bound C_t: 0.3217168003320694
2025-09-12 21:29:12,772 - DPD noise norm:1.229341745376587
2025-09-12 21:29:12,779 - Round number: 91 --------------------------
2025-09-12 21:29:12,780 - Evaluate global model
2025-09-12 21:29:14,133 - Averaged Train Loss: 0.2807
2025-09-12 21:29:14,134 - Test Accurancy: 0.9003
2025-09-12 21:29:14,134 - Attack Success Rate: 0.0683
2025-09-12 21:29:17,457 - DPD clipping bound C_t: 0.3136662095785141
2025-09-12 21:29:17,460 - DPD noise norm:1.1944059133529663
2025-09-12 21:29:17,467 - Round number: 92 --------------------------
2025-09-12 21:29:17,467 - Evaluate global model
2025-09-12 21:29:18,742 - Averaged Train Loss: 0.2806
2025-09-12 21:29:18,743 - Test Accurancy: 0.9000
2025-09-12 21:29:18,743 - Attack Success Rate: 0.0672
2025-09-12 21:29:21,951 - DPD clipping bound C_t: 0.31535542011260986
2025-09-12 21:29:21,953 - DPD noise norm:1.2025399208068848
2025-09-12 21:29:21,961 - Round number: 93 --------------------------
2025-09-12 21:29:21,961 - Evaluate global model
2025-09-12 21:29:23,343 - Averaged Train Loss: 0.2781
2025-09-12 21:29:23,343 - Test Accurancy: 0.8992
2025-09-12 21:29:23,343 - Attack Success Rate: 0.0763
2025-09-12 21:29:26,796 - DPD clipping bound C_t: 0.30902498960494995
2025-09-12 21:29:26,799 - DPD noise norm:1.176680088043213
2025-09-12 21:29:26,806 - Round number: 94 --------------------------
2025-09-12 21:29:26,807 - Evaluate global model
2025-09-12 21:29:28,167 - Averaged Train Loss: 0.2811
2025-09-12 21:29:28,167 - Test Accurancy: 0.8998
2025-09-12 21:29:28,167 - Attack Success Rate: 0.0660
2025-09-12 21:29:31,370 - DPD clipping bound C_t: 0.3051583170890808
2025-09-12 21:29:31,372 - DPD noise norm:1.1653437614440918
2025-09-12 21:29:31,379 - Round number: 95 --------------------------
2025-09-12 21:29:31,379 - Evaluate global model
2025-09-12 21:29:32,695 - Averaged Train Loss: 0.2803
2025-09-12 21:29:32,695 - Test Accurancy: 0.9008
2025-09-12 21:29:32,695 - Attack Success Rate: 0.0689
2025-09-12 21:29:36,054 - DPD clipping bound C_t: 0.2996027022600174
2025-09-12 21:29:36,057 - DPD noise norm:1.1434990167617798
2025-09-12 21:29:36,064 - Round number: 96 --------------------------
2025-09-12 21:29:36,064 - Evaluate global model
2025-09-12 21:29:37,355 - Averaged Train Loss: 0.2788
2025-09-12 21:29:37,355 - Test Accurancy: 0.9002
2025-09-12 21:29:37,355 - Attack Success Rate: 0.0700
2025-09-12 21:29:40,573 - DPD clipping bound C_t: 0.2996596097946167
2025-09-12 21:29:40,575 - DPD noise norm:1.1427429914474487
2025-09-12 21:29:40,582 - Round number: 97 --------------------------
2025-09-12 21:29:40,583 - Evaluate global model
2025-09-12 21:29:41,955 - Averaged Train Loss: 0.2791
2025-09-12 21:29:41,955 - Test Accurancy: 0.9008
2025-09-12 21:29:41,955 - Attack Success Rate: 0.0672
2025-09-12 21:29:45,238 - DPD clipping bound C_t: 0.29567162692546844
2025-09-12 21:29:45,241 - DPD noise norm:1.127905249595642
2025-09-12 21:29:45,249 - Round number: 98 --------------------------
2025-09-12 21:29:45,249 - Evaluate global model
2025-09-12 21:29:46,655 - Averaged Train Loss: 0.2793
2025-09-12 21:29:46,655 - Test Accurancy: 0.9003
2025-09-12 21:29:46,655 - Attack Success Rate: 0.0689
2025-09-12 21:29:50,168 - DPD clipping bound C_t: 0.2911207526922226
2025-09-12 21:29:50,171 - DPD noise norm:1.1104717254638672
2025-09-12 21:29:50,178 - Round number: 99 --------------------------
2025-09-12 21:29:50,179 - Evaluate global model
2025-09-12 21:29:51,524 - Averaged Train Loss: 0.2776
2025-09-12 21:29:51,524 - Test Accurancy: 0.8994
2025-09-12 21:29:51,524 - Attack Success Rate: 0.0741
2025-09-12 21:29:55,128 - DPD clipping bound C_t: 0.28814515471458435
2025-09-12 21:29:55,130 - DPD noise norm:1.0978692770004272
2025-09-12 21:29:55,138 - Round number: 100 --------------------------
2025-09-12 21:29:55,138 - Evaluate global model
2025-09-12 21:29:56,507 - Averaged Train Loss: 0.2778
2025-09-12 21:29:56,507 - Test Accurancy: 0.9006
2025-09-12 21:29:56,507 - Attack Success Rate: 0.0706
2025-09-12 21:29:59,869 - DPD clipping bound C_t: 0.28331321477890015
2025-09-12 21:29:59,872 - DPD noise norm:1.083107352256775
2025-09-12 21:29:59,874 - Run over
2025-09-12 21:29:59,874 - Saving results to ./exp/exp2/FashionMNIST/0.005.h5
2025-09-12 21:29:59,883 - Best accuracy: 0.9007651022039511
2025-09-12 21:29:59,883 - Average time cost per round: 4.637638561725616
