2025-09-12 21:45:34,221 - *****************EXP-2*****************
2025-09-12 21:45:34,222 - Exp repeats: 1
2025-09-12 21:45:34,222 - Communication Rounds: 100
2025-09-12 21:45:34,222 - Clients: 40

2025-09-12 21:45:34,222 - Attack method: scale
2025-09-12 21:45:34,222 - Filtering rule: dpd
2025-09-12 21:45:34,222 - Dataset: FashionMNIST
2025-09-12 21:45:34,222 - Model: cnn
2025-09-12 21:45:34,222 - Learning Rate: 0.2
2025-09-12 21:45:34,222 - Batch Size: 64
2025-09-12 21:45:34,222 - Device: cuda
2025-09-12 21:45:34,222 - Device id: 0
2025-09-12 21:45:34,222 - DPD clipping strategy: auto
2025-09-12 21:45:34,222 - DPD noise level: 0.006
2025-09-12 21:45:34,222 - Adversaries: 8
2025-09-12 21:45:34,222 - Targeted Label Flipping: 4-->6
2025-09-12 21:45:34,222 - *****************EXP-2*****************
2025-09-12 21:45:35,755 - Running time: 0th ==========================
2025-09-12 21:45:49,163 - Round number: 0 --------------------------
2025-09-12 21:45:49,205 - Evaluate global model
