2025-09-12 20:31:41,150 - *****************EXP-2*****************
2025-09-12 20:31:41,151 - Exp repeats: 1
2025-09-12 20:31:41,151 - Communication Rounds: 100
2025-09-12 20:31:41,151 - Clients: 40

2025-09-12 20:31:41,151 - Attack method: scale
2025-09-12 20:31:41,151 - Filtering rule: dpd
2025-09-12 20:31:41,151 - Dataset: FashionMNIST
2025-09-12 20:31:41,151 - Model: cnn
2025-09-12 20:31:41,151 - Learning Rate: 0.2
2025-09-12 20:31:41,151 - Batch Size: 64
2025-09-12 20:31:41,151 - Device: cuda
2025-09-12 20:31:41,151 - Device id: 0
2025-09-12 20:31:41,151 - DPD clipping strategy: auto
2025-09-12 20:31:41,151 - DPD noise level: 0.0001
2025-09-12 20:31:41,151 - Adversaries: 8
2025-09-12 20:31:41,151 - Targeted Label Flipping: 4-->6
2025-09-12 20:31:41,151 - *****************EXP-2*****************
2025-09-12 20:31:41,614 - Running time: 0th ==========================
2025-09-12 20:31:43,178 - Round number: 0 --------------------------
2025-09-12 20:31:43,178 - Evaluate global model
2025-09-12 20:31:45,239 - Averaged Train Loss: 2.3051
2025-09-12 20:31:45,240 - Test Accurancy: 0.1321
2025-09-12 20:31:45,240 - Attack Success Rate: 0.0006
2025-09-12 20:31:49,799 - DPD clipping bound C_t: 3.4473739862442017
2025-09-12 20:31:49,805 - DPD noise norm:0.2625674307346344
2025-09-12 20:31:49,814 - Round number: 1 --------------------------
2025-09-12 20:31:49,814 - Evaluate global model
2025-09-12 20:31:51,394 - Averaged Train Loss: 2.1699
2025-09-12 20:31:51,394 - Test Accurancy: 0.3543
2025-09-12 20:31:51,394 - Attack Success Rate: 0.9328
2025-09-12 20:31:55,987 - DPD clipping bound C_t: 2.412709355354309
2025-09-12 20:31:55,990 - DPD noise norm:0.18405430018901825
2025-09-12 20:31:55,999 - Round number: 2 --------------------------
2025-09-12 20:31:55,999 - Evaluate global model
2025-09-12 20:31:57,701 - Averaged Train Loss: 1.0754
2025-09-12 20:31:57,702 - Test Accurancy: 0.6700
2025-09-12 20:31:57,702 - Attack Success Rate: 0.2021
2025-09-12 20:32:02,131 - DPD clipping bound C_t: 1.6769806742668152
2025-09-12 20:32:02,134 - DPD noise norm:0.1280965507030487
2025-09-12 20:32:02,142 - Round number: 3 --------------------------
2025-09-12 20:32:02,142 - Evaluate global model
2025-09-12 20:32:03,710 - Averaged Train Loss: 0.7178
2025-09-12 20:32:03,711 - Test Accurancy: 0.7480
2025-09-12 20:32:03,711 - Attack Success Rate: 0.1045
2025-09-12 20:32:08,185 - DPD clipping bound C_t: 1.4172973036766052
2025-09-12 20:32:08,188 - DPD noise norm:0.10822763293981552
2025-09-12 20:32:08,197 - Round number: 4 --------------------------
2025-09-12 20:32:08,197 - Evaluate global model
2025-09-12 20:32:09,853 - Averaged Train Loss: 0.6318
2025-09-12 20:32:09,853 - Test Accurancy: 0.7718
2025-09-12 20:32:09,853 - Attack Success Rate: 0.0884
2025-09-12 20:32:14,192 - DPD clipping bound C_t: 1.1975602507591248
2025-09-12 20:32:14,195 - DPD noise norm:0.09138007462024689
2025-09-12 20:32:14,203 - Round number: 5 --------------------------
2025-09-12 20:32:14,203 - Evaluate global model
2025-09-12 20:32:15,762 - Averaged Train Loss: 0.5693
2025-09-12 20:32:15,762 - Test Accurancy: 0.7977
2025-09-12 20:32:15,762 - Attack Success Rate: 0.1171
2025-09-12 20:32:20,156 - DPD clipping bound C_t: 1.1232457160949707
2025-09-12 20:32:20,160 - DPD noise norm:0.0857044905424118
2025-09-12 20:32:20,171 - Round number: 6 --------------------------
2025-09-12 20:32:20,172 - Evaluate global model
2025-09-12 20:32:21,805 - Averaged Train Loss: 0.5344
2025-09-12 20:32:21,805 - Test Accurancy: 0.8113
2025-09-12 20:32:21,805 - Attack Success Rate: 0.1028
2025-09-12 20:32:26,213 - DPD clipping bound C_t: 1.1101250648498535
2025-09-12 20:32:26,215 - DPD noise norm:0.08449351787567139
2025-09-12 20:32:26,224 - Round number: 7 --------------------------
2025-09-12 20:32:26,224 - Evaluate global model
2025-09-12 20:32:27,882 - Averaged Train Loss: 0.5041
2025-09-12 20:32:27,882 - Test Accurancy: 0.8239
2025-09-12 20:32:27,882 - Attack Success Rate: 0.1091
2025-09-12 20:32:32,298 - DPD clipping bound C_t: 1.039410412311554
2025-09-12 20:32:32,300 - DPD noise norm:0.07922091335058212
2025-09-12 20:32:32,309 - Round number: 8 --------------------------
2025-09-12 20:32:32,309 - Evaluate global model
2025-09-12 20:32:33,942 - Averaged Train Loss: 0.4895
2025-09-12 20:32:33,942 - Test Accurancy: 0.8299
2025-09-12 20:32:33,942 - Attack Success Rate: 0.0884
2025-09-12 20:32:38,327 - DPD clipping bound C_t: 0.9926300644874573
2025-09-12 20:32:38,330 - DPD noise norm:0.07554586976766586
2025-09-12 20:32:38,338 - Round number: 9 --------------------------
2025-09-12 20:32:38,338 - Evaluate global model
2025-09-12 20:32:39,931 - Averaged Train Loss: 0.4737
2025-09-12 20:32:39,932 - Test Accurancy: 0.8358
2025-09-12 20:32:39,932 - Attack Success Rate: 0.0706
2025-09-12 20:32:44,412 - DPD clipping bound C_t: 0.9681123793125153
2025-09-12 20:32:44,415 - DPD noise norm:0.07387526333332062
2025-09-12 20:32:44,423 - Round number: 10 --------------------------
2025-09-12 20:32:44,423 - Evaluate global model
2025-09-12 20:32:46,019 - Averaged Train Loss: 0.4554
2025-09-12 20:32:46,019 - Test Accurancy: 0.8416
2025-09-12 20:32:46,019 - Attack Success Rate: 0.0896
2025-09-12 20:32:50,383 - DPD clipping bound C_t: 0.9534111320972443
2025-09-12 20:32:50,387 - DPD noise norm:0.07271021604537964
2025-09-12 20:32:50,395 - Round number: 11 --------------------------
2025-09-12 20:32:50,395 - Evaluate global model
2025-09-12 20:32:52,010 - Averaged Train Loss: 0.4426
2025-09-12 20:32:52,010 - Test Accurancy: 0.8468
2025-09-12 20:32:52,010 - Attack Success Rate: 0.0976
2025-09-12 20:32:56,273 - DPD clipping bound C_t: 0.9088670015335083
2025-09-12 20:32:56,276 - DPD noise norm:0.06945373862981796
2025-09-12 20:32:56,283 - Round number: 12 --------------------------
2025-09-12 20:32:56,283 - Evaluate global model
2025-09-12 20:32:57,852 - Averaged Train Loss: 0.4279
2025-09-12 20:32:57,853 - Test Accurancy: 0.8519
2025-09-12 20:32:57,853 - Attack Success Rate: 0.1091
2025-09-12 20:33:02,171 - DPD clipping bound C_t: 0.8762097060680389
2025-09-12 20:33:02,174 - DPD noise norm:0.06674743443727493
2025-09-12 20:33:02,182 - Round number: 13 --------------------------
2025-09-12 20:33:02,183 - Evaluate global model
2025-09-12 20:33:03,818 - Averaged Train Loss: 0.4218
2025-09-12 20:33:03,819 - Test Accurancy: 0.8557
2025-09-12 20:33:03,819 - Attack Success Rate: 0.0970
2025-09-12 20:33:08,121 - DPD clipping bound C_t: 0.8962189257144928
2025-09-12 20:33:08,124 - DPD noise norm:0.06830534338951111
2025-09-12 20:33:08,132 - Round number: 14 --------------------------
2025-09-12 20:33:08,132 - Evaluate global model
2025-09-12 20:33:09,750 - Averaged Train Loss: 0.4114
2025-09-12 20:33:09,751 - Test Accurancy: 0.8591
2025-09-12 20:33:09,751 - Attack Success Rate: 0.1016
2025-09-12 20:33:13,980 - DPD clipping bound C_t: 0.8617996573448181
2025-09-12 20:33:13,983 - DPD noise norm:0.06569414585828781
2025-09-12 20:33:13,991 - Round number: 15 --------------------------
2025-09-12 20:33:13,991 - Evaluate global model
2025-09-12 20:33:15,512 - Averaged Train Loss: 0.4044
2025-09-12 20:33:15,513 - Test Accurancy: 0.8624
2025-09-12 20:33:15,513 - Attack Success Rate: 0.0987
2025-09-12 20:33:19,832 - DPD clipping bound C_t: 0.8479356169700623
2025-09-12 20:33:19,834 - DPD noise norm:0.06475638598203659
2025-09-12 20:33:19,842 - Round number: 16 --------------------------
2025-09-12 20:33:19,842 - Evaluate global model
2025-09-12 20:33:21,437 - Averaged Train Loss: 0.3965
2025-09-12 20:33:21,437 - Test Accurancy: 0.8648
2025-09-12 20:33:21,437 - Attack Success Rate: 0.0930
2025-09-12 20:33:25,731 - DPD clipping bound C_t: 0.8412142395973206
2025-09-12 20:33:25,734 - DPD noise norm:0.06413504481315613
2025-09-12 20:33:25,742 - Round number: 17 --------------------------
2025-09-12 20:33:25,742 - Evaluate global model
2025-09-12 20:33:27,380 - Averaged Train Loss: 0.3888
2025-09-12 20:33:27,380 - Test Accurancy: 0.8663
2025-09-12 20:33:27,380 - Attack Success Rate: 0.1148
2025-09-12 20:33:31,617 - DPD clipping bound C_t: 0.8187430202960968
2025-09-12 20:33:31,620 - DPD noise norm:0.062405094504356384
2025-09-12 20:33:31,628 - Round number: 18 --------------------------
2025-09-12 20:33:31,628 - Evaluate global model
2025-09-12 20:33:33,238 - Averaged Train Loss: 0.3870
2025-09-12 20:33:33,238 - Test Accurancy: 0.8683
2025-09-12 20:33:33,238 - Attack Success Rate: 0.0987
2025-09-12 20:33:37,539 - DPD clipping bound C_t: 0.8030031621456146
2025-09-12 20:33:37,542 - DPD noise norm:0.06141582503914833
2025-09-12 20:33:37,549 - Round number: 19 --------------------------
2025-09-12 20:33:37,549 - Evaluate global model
2025-09-12 20:33:39,148 - Averaged Train Loss: 0.3803
2025-09-12 20:33:39,148 - Test Accurancy: 0.8705
2025-09-12 20:33:39,148 - Attack Success Rate: 0.0959
2025-09-12 20:33:43,315 - DPD clipping bound C_t: 0.8001308441162109
2025-09-12 20:33:43,318 - DPD noise norm:0.06111275032162666
2025-09-12 20:33:43,326 - Round number: 20 --------------------------
2025-09-12 20:33:43,327 - Evaluate global model
2025-09-12 20:33:44,959 - Averaged Train Loss: 0.3773
2025-09-12 20:33:44,959 - Test Accurancy: 0.8710
2025-09-12 20:33:44,959 - Attack Success Rate: 0.0987
2025-09-12 20:33:49,176 - DPD clipping bound C_t: 0.7798618078231812
2025-09-12 20:33:49,178 - DPD noise norm:0.059386204928159714
2025-09-12 20:33:49,185 - Round number: 21 --------------------------
2025-09-12 20:33:49,185 - Evaluate global model
2025-09-12 20:33:50,773 - Averaged Train Loss: 0.3736
2025-09-12 20:33:50,774 - Test Accurancy: 0.8730
2025-09-12 20:33:50,774 - Attack Success Rate: 0.0959
2025-09-12 20:33:55,082 - DPD clipping bound C_t: 0.7630398571491241
2025-09-12 20:33:55,085 - DPD noise norm:0.05823438987135887
2025-09-12 20:33:55,093 - Round number: 22 --------------------------
2025-09-12 20:33:55,093 - Evaluate global model
2025-09-12 20:33:56,749 - Averaged Train Loss: 0.3705
2025-09-12 20:33:56,750 - Test Accurancy: 0.8743
2025-09-12 20:33:56,750 - Attack Success Rate: 0.0936
2025-09-12 20:34:00,903 - DPD clipping bound C_t: 0.7651762068271637
2025-09-12 20:34:00,906 - DPD noise norm:0.058297447860240936
2025-09-12 20:34:00,914 - Round number: 23 --------------------------
2025-09-12 20:34:00,914 - Evaluate global model
2025-09-12 20:34:02,675 - Averaged Train Loss: 0.3662
2025-09-12 20:34:02,676 - Test Accurancy: 0.8753
2025-09-12 20:34:02,676 - Attack Success Rate: 0.0924
2025-09-12 20:34:06,789 - DPD clipping bound C_t: 0.7640407979488373
2025-09-12 20:34:06,792 - DPD noise norm:0.05823435261845589
2025-09-12 20:34:06,802 - Round number: 24 --------------------------
2025-09-12 20:34:06,802 - Evaluate global model
2025-09-12 20:34:08,492 - Averaged Train Loss: 0.3643
2025-09-12 20:34:08,492 - Test Accurancy: 0.8761
2025-09-12 20:34:08,492 - Attack Success Rate: 0.0907
2025-09-12 20:34:12,511 - DPD clipping bound C_t: 0.7388894259929657
2025-09-12 20:34:12,514 - DPD noise norm:0.05642485246062279
2025-09-12 20:34:12,521 - Round number: 25 --------------------------
2025-09-12 20:34:12,522 - Evaluate global model
2025-09-12 20:34:14,197 - Averaged Train Loss: 0.3586
2025-09-12 20:34:14,197 - Test Accurancy: 0.8788
2025-09-12 20:34:14,197 - Attack Success Rate: 0.0959
2025-09-12 20:34:18,327 - DPD clipping bound C_t: 0.7172037959098816
2025-09-12 20:34:18,331 - DPD noise norm:0.054700545966625214
2025-09-12 20:34:18,342 - Round number: 26 --------------------------
2025-09-12 20:34:18,342 - Evaluate global model
2025-09-12 20:34:20,131 - Averaged Train Loss: 0.3541
2025-09-12 20:34:20,131 - Test Accurancy: 0.8796
2025-09-12 20:34:20,131 - Attack Success Rate: 0.0901
2025-09-12 20:34:24,495 - DPD clipping bound C_t: 0.7135301232337952
2025-09-12 20:34:24,497 - DPD noise norm:0.05445774272084236
2025-09-12 20:34:24,505 - Round number: 27 --------------------------
2025-09-12 20:34:24,506 - Evaluate global model
2025-09-12 20:34:26,299 - Averaged Train Loss: 0.3512
2025-09-12 20:34:26,300 - Test Accurancy: 0.8804
2025-09-12 20:34:26,300 - Attack Success Rate: 0.0982
2025-09-12 20:34:30,347 - DPD clipping bound C_t: 0.7249042391777039
2025-09-12 20:34:30,350 - DPD noise norm:0.05530862882733345
2025-09-12 20:34:30,358 - Round number: 28 --------------------------
2025-09-12 20:34:30,358 - Evaluate global model
2025-09-12 20:34:32,143 - Averaged Train Loss: 0.3491
2025-09-12 20:34:32,143 - Test Accurancy: 0.8812
2025-09-12 20:34:32,143 - Attack Success Rate: 0.0907
2025-09-12 20:34:36,314 - DPD clipping bound C_t: 0.7115610241889954
2025-09-12 20:34:36,317 - DPD noise norm:0.05427877604961395
2025-09-12 20:34:36,325 - Round number: 29 --------------------------
2025-09-12 20:34:36,325 - Evaluate global model
2025-09-12 20:34:38,082 - Averaged Train Loss: 0.3469
2025-09-12 20:34:38,082 - Test Accurancy: 0.8802
2025-09-12 20:34:38,082 - Attack Success Rate: 0.0947
2025-09-12 20:34:42,240 - DPD clipping bound C_t: 0.6980506777763367
2025-09-12 20:34:42,243 - DPD noise norm:0.05335480719804764
2025-09-12 20:34:42,251 - Round number: 30 --------------------------
2025-09-12 20:34:42,251 - Evaluate global model
2025-09-12 20:34:43,985 - Averaged Train Loss: 0.3447
2025-09-12 20:34:43,986 - Test Accurancy: 0.8827
2025-09-12 20:34:43,986 - Attack Success Rate: 0.0884
2025-09-12 20:34:48,028 - DPD clipping bound C_t: 0.680370956659317
2025-09-12 20:34:48,031 - DPD noise norm:0.05189412087202072
2025-09-12 20:34:48,039 - Round number: 31 --------------------------
2025-09-12 20:34:48,039 - Evaluate global model
2025-09-12 20:34:49,727 - Averaged Train Loss: 0.3397
2025-09-12 20:34:49,728 - Test Accurancy: 0.8844
2025-09-12 20:34:49,728 - Attack Success Rate: 0.0924
2025-09-12 20:34:53,849 - DPD clipping bound C_t: 0.674767404794693
2025-09-12 20:34:53,853 - DPD noise norm:0.05144966021180153
2025-09-12 20:34:53,864 - Round number: 32 --------------------------
2025-09-12 20:34:53,865 - Evaluate global model
2025-09-12 20:34:55,698 - Averaged Train Loss: 0.3429
2025-09-12 20:34:55,698 - Test Accurancy: 0.8830
2025-09-12 20:34:55,698 - Attack Success Rate: 0.0890
2025-09-12 20:34:59,785 - DPD clipping bound C_t: 0.6627827286720276
2025-09-12 20:34:59,788 - DPD noise norm:0.050555046647787094
2025-09-12 20:34:59,796 - Round number: 33 --------------------------
2025-09-12 20:34:59,796 - Evaluate global model
2025-09-12 20:35:01,509 - Averaged Train Loss: 0.3383
2025-09-12 20:35:01,509 - Test Accurancy: 0.8843
2025-09-12 20:35:01,509 - Attack Success Rate: 0.0936
2025-09-12 20:35:05,782 - DPD clipping bound C_t: 0.6659906804561615
2025-09-12 20:35:05,785 - DPD noise norm:0.05077119544148445
2025-09-12 20:35:05,794 - Round number: 34 --------------------------
2025-09-12 20:35:05,794 - Evaluate global model
2025-09-12 20:35:07,616 - Averaged Train Loss: 0.3358
2025-09-12 20:35:07,616 - Test Accurancy: 0.8840
2025-09-12 20:35:07,616 - Attack Success Rate: 0.1016
2025-09-12 20:35:11,655 - DPD clipping bound C_t: 0.6433916687965393
2025-09-12 20:35:11,657 - DPD noise norm:0.049127984791994095
2025-09-12 20:35:11,665 - Round number: 35 --------------------------
2025-09-12 20:35:11,666 - Evaluate global model
2025-09-12 20:35:13,470 - Averaged Train Loss: 0.3343
2025-09-12 20:35:13,470 - Test Accurancy: 0.8855
2025-09-12 20:35:13,470 - Attack Success Rate: 0.0867
2025-09-12 20:35:17,715 - DPD clipping bound C_t: 0.6359849870204926
2025-09-12 20:35:17,719 - DPD noise norm:0.04847771301865578
2025-09-12 20:35:17,727 - Round number: 36 --------------------------
2025-09-12 20:35:17,727 - Evaluate global model
2025-09-12 20:35:19,601 - Averaged Train Loss: 0.3335
2025-09-12 20:35:19,601 - Test Accurancy: 0.8861
2025-09-12 20:35:19,601 - Attack Success Rate: 0.0844
2025-09-12 20:35:23,564 - DPD clipping bound C_t: 0.6253889501094818
2025-09-12 20:35:23,566 - DPD noise norm:0.047718022018671036
2025-09-12 20:35:23,573 - Round number: 37 --------------------------
2025-09-12 20:35:23,574 - Evaluate global model
2025-09-12 20:35:25,300 - Averaged Train Loss: 0.3290
2025-09-12 20:35:25,300 - Test Accurancy: 0.8861
2025-09-12 20:35:25,300 - Attack Success Rate: 0.0970
2025-09-12 20:35:29,336 - DPD clipping bound C_t: 0.6297589838504791
2025-09-12 20:35:29,339 - DPD noise norm:0.04802950471639633
2025-09-12 20:35:29,348 - Round number: 38 --------------------------
2025-09-12 20:35:29,348 - Evaluate global model
2025-09-12 20:35:31,198 - Averaged Train Loss: 0.3278
2025-09-12 20:35:31,198 - Test Accurancy: 0.8876
2025-09-12 20:35:31,198 - Attack Success Rate: 0.0924
2025-09-12 20:35:35,151 - DPD clipping bound C_t: 0.6097877323627472
2025-09-12 20:35:35,154 - DPD noise norm:0.04655269905924797
2025-09-12 20:35:35,162 - Round number: 39 --------------------------
2025-09-12 20:35:35,162 - Evaluate global model
2025-09-12 20:35:36,955 - Averaged Train Loss: 0.3268
2025-09-12 20:35:36,956 - Test Accurancy: 0.8880
2025-09-12 20:35:36,956 - Attack Success Rate: 0.0855
2025-09-12 20:35:41,055 - DPD clipping bound C_t: 0.6113537847995758
2025-09-12 20:35:41,058 - DPD noise norm:0.04669203981757164
2025-09-12 20:35:41,068 - Round number: 40 --------------------------
2025-09-12 20:35:41,068 - Evaluate global model
2025-09-12 20:35:42,888 - Averaged Train Loss: 0.3241
2025-09-12 20:35:42,888 - Test Accurancy: 0.8875
2025-09-12 20:35:42,888 - Attack Success Rate: 0.0953
2025-09-12 20:35:47,152 - DPD clipping bound C_t: 0.589208722114563
2025-09-12 20:35:47,155 - DPD noise norm:0.04491305723786354
2025-09-12 20:35:47,164 - Round number: 41 --------------------------
2025-09-12 20:35:47,164 - Evaluate global model
2025-09-12 20:35:48,981 - Averaged Train Loss: 0.3222
2025-09-12 20:35:48,981 - Test Accurancy: 0.8892
2025-09-12 20:35:48,981 - Attack Success Rate: 0.0941
2025-09-12 20:35:52,998 - DPD clipping bound C_t: 0.598535805940628
2025-09-12 20:35:53,000 - DPD noise norm:0.04563108831644058
2025-09-12 20:35:53,008 - Round number: 42 --------------------------
2025-09-12 20:35:53,008 - Evaluate global model
2025-09-12 20:35:54,783 - Averaged Train Loss: 0.3205
2025-09-12 20:35:54,783 - Test Accurancy: 0.8895
2025-09-12 20:35:54,783 - Attack Success Rate: 0.0970
2025-09-12 20:35:58,765 - DPD clipping bound C_t: 0.5861587226390839
2025-09-12 20:35:58,767 - DPD noise norm:0.044622354209423065
2025-09-12 20:35:58,775 - Round number: 43 --------------------------
2025-09-12 20:35:58,775 - Evaluate global model
2025-09-12 20:36:00,558 - Averaged Train Loss: 0.3221
2025-09-12 20:36:00,558 - Test Accurancy: 0.8896
2025-09-12 20:36:00,558 - Attack Success Rate: 0.0844
2025-09-12 20:36:04,655 - DPD clipping bound C_t: 0.5738334655761719
2025-09-12 20:36:04,658 - DPD noise norm:0.04382047429680824
2025-09-12 20:36:04,666 - Round number: 44 --------------------------
2025-09-12 20:36:04,666 - Evaluate global model
2025-09-12 20:36:06,461 - Averaged Train Loss: 0.3178
2025-09-12 20:36:06,461 - Test Accurancy: 0.8911
2025-09-12 20:36:06,461 - Attack Success Rate: 0.0896
2025-09-12 20:36:10,577 - DPD clipping bound C_t: 0.5662042200565338
2025-09-12 20:36:10,580 - DPD noise norm:0.04319913685321808
2025-09-12 20:36:10,587 - Round number: 45 --------------------------
2025-09-12 20:36:10,587 - Evaluate global model
2025-09-12 20:36:12,429 - Averaged Train Loss: 0.3154
2025-09-12 20:36:12,429 - Test Accurancy: 0.8921
2025-09-12 20:36:12,429 - Attack Success Rate: 0.0867
2025-09-12 20:36:16,687 - DPD clipping bound C_t: 0.562762439250946
2025-09-12 20:36:16,690 - DPD noise norm:0.042898569256067276
2025-09-12 20:36:16,698 - Round number: 46 --------------------------
2025-09-12 20:36:16,698 - Evaluate global model
2025-09-12 20:36:18,451 - Averaged Train Loss: 0.3159
2025-09-12 20:36:18,452 - Test Accurancy: 0.8916
2025-09-12 20:36:18,452 - Attack Success Rate: 0.0855
2025-09-12 20:36:22,669 - DPD clipping bound C_t: 0.5655189752578735
2025-09-12 20:36:22,675 - DPD noise norm:0.04317304491996765
2025-09-12 20:36:22,692 - Round number: 47 --------------------------
2025-09-12 20:36:22,692 - Evaluate global model
2025-09-12 20:36:24,493 - Averaged Train Loss: 0.3153
2025-09-12 20:36:24,494 - Test Accurancy: 0.8920
2025-09-12 20:36:24,494 - Attack Success Rate: 0.0809
2025-09-12 20:36:28,646 - DPD clipping bound C_t: 0.5425780713558197
2025-09-12 20:36:28,649 - DPD noise norm:0.041373852640390396
2025-09-12 20:36:28,657 - Round number: 48 --------------------------
2025-09-12 20:36:28,657 - Evaluate global model
2025-09-12 20:36:30,499 - Averaged Train Loss: 0.3152
2025-09-12 20:36:30,499 - Test Accurancy: 0.8920
2025-09-12 20:36:30,499 - Attack Success Rate: 0.0844
2025-09-12 20:36:34,612 - DPD clipping bound C_t: 0.5392264127731323
2025-09-12 20:36:34,615 - DPD noise norm:0.04111834615468979
2025-09-12 20:36:34,622 - Round number: 49 --------------------------
2025-09-12 20:36:34,623 - Evaluate global model
2025-09-12 20:36:36,494 - Averaged Train Loss: 0.3132
2025-09-12 20:36:36,494 - Test Accurancy: 0.8918
2025-09-12 20:36:36,494 - Attack Success Rate: 0.0832
2025-09-12 20:36:40,607 - DPD clipping bound C_t: 0.5314866304397583
2025-09-12 20:36:40,615 - DPD noise norm:0.04057770222425461
2025-09-12 20:36:40,626 - Round number: 50 --------------------------
2025-09-12 20:36:40,627 - Evaluate global model
2025-09-12 20:36:42,578 - Averaged Train Loss: 0.3093
2025-09-12 20:36:42,578 - Test Accurancy: 0.8921
2025-09-12 20:36:42,578 - Attack Success Rate: 0.0867
2025-09-12 20:36:46,912 - DPD clipping bound C_t: 0.5309772491455078
2025-09-12 20:36:46,916 - DPD noise norm:0.04052181914448738
2025-09-12 20:36:46,927 - Round number: 51 --------------------------
2025-09-12 20:36:46,927 - Evaluate global model
2025-09-12 20:36:48,887 - Averaged Train Loss: 0.3088
2025-09-12 20:36:48,887 - Test Accurancy: 0.8922
2025-09-12 20:36:48,887 - Attack Success Rate: 0.0873
2025-09-12 20:36:53,213 - DPD clipping bound C_t: 0.5219525992870331
2025-09-12 20:36:53,215 - DPD noise norm:0.03985200077295303
2025-09-12 20:36:53,223 - Round number: 52 --------------------------
2025-09-12 20:36:53,223 - Evaluate global model
2025-09-12 20:36:55,154 - Averaged Train Loss: 0.3106
2025-09-12 20:36:55,154 - Test Accurancy: 0.8920
2025-09-12 20:36:55,154 - Attack Success Rate: 0.0850
2025-09-12 20:36:59,246 - DPD clipping bound C_t: 0.5033036768436432
2025-09-12 20:36:59,248 - DPD noise norm:0.038420092314481735
2025-09-12 20:36:59,256 - Round number: 53 --------------------------
2025-09-12 20:36:59,256 - Evaluate global model
2025-09-12 20:37:01,067 - Averaged Train Loss: 0.3088
2025-09-12 20:37:01,067 - Test Accurancy: 0.8930
2025-09-12 20:37:01,067 - Attack Success Rate: 0.0821
2025-09-12 20:37:05,227 - DPD clipping bound C_t: 0.5124051868915558
2025-09-12 20:37:05,230 - DPD noise norm:0.0390813909471035
2025-09-12 20:37:05,240 - Round number: 54 --------------------------
2025-09-12 20:37:05,240 - Evaluate global model
2025-09-12 20:37:07,212 - Averaged Train Loss: 0.3055
2025-09-12 20:37:07,212 - Test Accurancy: 0.8932
2025-09-12 20:37:07,213 - Attack Success Rate: 0.0832
2025-09-12 20:37:11,381 - DPD clipping bound C_t: 0.5152456164360046
2025-09-12 20:37:11,384 - DPD noise norm:0.039270028471946716
2025-09-12 20:37:11,392 - Round number: 55 --------------------------
2025-09-12 20:37:11,392 - Evaluate global model
2025-09-12 20:37:13,257 - Averaged Train Loss: 0.3061
2025-09-12 20:37:13,257 - Test Accurancy: 0.8929
2025-09-12 20:37:13,257 - Attack Success Rate: 0.0821
2025-09-12 20:37:17,307 - DPD clipping bound C_t: 0.4903034418821335
2025-09-12 20:37:17,311 - DPD noise norm:0.03741135820746422
2025-09-12 20:37:17,319 - Round number: 56 --------------------------
2025-09-12 20:37:17,319 - Evaluate global model
2025-09-12 20:37:19,181 - Averaged Train Loss: 0.3067
2025-09-12 20:37:19,181 - Test Accurancy: 0.8939
2025-09-12 20:37:19,181 - Attack Success Rate: 0.0781
2025-09-12 20:37:23,520 - DPD clipping bound C_t: 0.4786497801542282
2025-09-12 20:37:23,523 - DPD noise norm:0.03652532398700714
2025-09-12 20:37:23,531 - Round number: 57 --------------------------
2025-09-12 20:37:23,531 - Evaluate global model
2025-09-12 20:37:25,460 - Averaged Train Loss: 0.3048
2025-09-12 20:37:25,460 - Test Accurancy: 0.8945
2025-09-12 20:37:25,460 - Attack Success Rate: 0.0809
2025-09-12 20:37:29,812 - DPD clipping bound C_t: 0.48073627054691315
2025-09-12 20:37:29,816 - DPD noise norm:0.036713097244501114
2025-09-12 20:37:29,830 - Round number: 58 --------------------------
2025-09-12 20:37:29,831 - Evaluate global model
2025-09-12 20:37:31,758 - Averaged Train Loss: 0.3060
2025-09-12 20:37:31,759 - Test Accurancy: 0.8932
2025-09-12 20:37:31,759 - Attack Success Rate: 0.0832
2025-09-12 20:37:36,001 - DPD clipping bound C_t: 0.4740596115589142
2025-09-12 20:37:36,004 - DPD noise norm:0.03614057973027229
2025-09-12 20:37:36,011 - Round number: 59 --------------------------
2025-09-12 20:37:36,011 - Evaluate global model
2025-09-12 20:37:37,802 - Averaged Train Loss: 0.3034
2025-09-12 20:37:37,802 - Test Accurancy: 0.8944
2025-09-12 20:37:37,803 - Attack Success Rate: 0.0804
2025-09-12 20:37:41,755 - DPD clipping bound C_t: 0.46823054552078247
2025-09-12 20:37:41,757 - DPD noise norm:0.03570147603750229
2025-09-12 20:37:41,766 - Round number: 60 --------------------------
2025-09-12 20:37:41,766 - Evaluate global model
2025-09-12 20:37:43,664 - Averaged Train Loss: 0.3032
2025-09-12 20:37:43,664 - Test Accurancy: 0.8953
2025-09-12 20:37:43,664 - Attack Success Rate: 0.0746
2025-09-12 20:37:47,579 - DPD clipping bound C_t: 0.4685085862874985
2025-09-12 20:37:47,582 - DPD noise norm:0.035746484994888306
2025-09-12 20:37:47,590 - Round number: 61 --------------------------
2025-09-12 20:37:47,590 - Evaluate global model
2025-09-12 20:37:49,481 - Averaged Train Loss: 0.3005
2025-09-12 20:37:49,481 - Test Accurancy: 0.8945
2025-09-12 20:37:49,481 - Attack Success Rate: 0.0850
2025-09-12 20:37:53,379 - DPD clipping bound C_t: 0.45980478823184967
2025-09-12 20:37:53,382 - DPD noise norm:0.03511098772287369
2025-09-12 20:37:53,390 - Round number: 62 --------------------------
2025-09-12 20:37:53,390 - Evaluate global model
2025-09-12 20:37:55,300 - Averaged Train Loss: 0.2996
2025-09-12 20:37:55,300 - Test Accurancy: 0.8952
2025-09-12 20:37:55,300 - Attack Success Rate: 0.0792
2025-09-12 20:37:59,228 - DPD clipping bound C_t: 0.4535774439573288
2025-09-12 20:37:59,230 - DPD noise norm:0.03461337834596634
2025-09-12 20:37:59,239 - Round number: 63 --------------------------
2025-09-12 20:37:59,239 - Evaluate global model
2025-09-12 20:38:01,154 - Averaged Train Loss: 0.2995
2025-09-12 20:38:01,154 - Test Accurancy: 0.8956
2025-09-12 20:38:01,154 - Attack Success Rate: 0.0786
2025-09-12 20:38:05,089 - DPD clipping bound C_t: 0.44624823331832886
2025-09-12 20:38:05,092 - DPD noise norm:0.034081343561410904
2025-09-12 20:38:05,100 - Round number: 64 --------------------------
2025-09-12 20:38:05,101 - Evaluate global model
2025-09-12 20:38:07,024 - Averaged Train Loss: 0.2977
2025-09-12 20:38:07,025 - Test Accurancy: 0.8961
2025-09-12 20:38:07,025 - Attack Success Rate: 0.0746
2025-09-12 20:38:10,936 - DPD clipping bound C_t: 0.4425618350505829
2025-09-12 20:38:10,939 - DPD noise norm:0.033791519701480865
2025-09-12 20:38:10,947 - Round number: 65 --------------------------
2025-09-12 20:38:10,947 - Evaluate global model
2025-09-12 20:38:12,850 - Averaged Train Loss: 0.2960
2025-09-12 20:38:12,850 - Test Accurancy: 0.8968
2025-09-12 20:38:12,851 - Attack Success Rate: 0.0775
2025-09-12 20:38:16,912 - DPD clipping bound C_t: 0.43709804117679596
2025-09-12 20:38:16,914 - DPD noise norm:0.033388398587703705
2025-09-12 20:38:16,922 - Round number: 66 --------------------------
2025-09-12 20:38:16,922 - Evaluate global model
2025-09-12 20:38:18,742 - Averaged Train Loss: 0.2979
2025-09-12 20:38:18,742 - Test Accurancy: 0.8961
2025-09-12 20:38:18,742 - Attack Success Rate: 0.0729
2025-09-12 20:38:23,112 - DPD clipping bound C_t: 0.42635029554367065
2025-09-12 20:38:23,114 - DPD noise norm:0.03256320208311081
2025-09-12 20:38:23,122 - Round number: 67 --------------------------
2025-09-12 20:38:23,122 - Evaluate global model
2025-09-12 20:38:25,020 - Averaged Train Loss: 0.2984
2025-09-12 20:38:25,021 - Test Accurancy: 0.8962
2025-09-12 20:38:25,021 - Attack Success Rate: 0.0735
2025-09-12 20:38:29,249 - DPD clipping bound C_t: 0.4235991984605789
2025-09-12 20:38:29,254 - DPD noise norm:0.03229430690407753
2025-09-12 20:38:29,263 - Round number: 68 --------------------------
2025-09-12 20:38:29,264 - Evaluate global model
2025-09-12 20:38:31,202 - Averaged Train Loss: 0.2969
2025-09-12 20:38:31,203 - Test Accurancy: 0.8964
2025-09-12 20:38:31,203 - Attack Success Rate: 0.0735
2025-09-12 20:38:35,548 - DPD clipping bound C_t: 0.42321938276290894
2025-09-12 20:38:35,552 - DPD noise norm:0.03230896219611168
2025-09-12 20:38:35,560 - Round number: 69 --------------------------
2025-09-12 20:38:35,561 - Evaluate global model
2025-09-12 20:38:37,491 - Averaged Train Loss: 0.2936
2025-09-12 20:38:37,491 - Test Accurancy: 0.8973
2025-09-12 20:38:37,491 - Attack Success Rate: 0.0729
2025-09-12 20:38:41,441 - DPD clipping bound C_t: 0.4206155985593796
2025-09-12 20:38:41,444 - DPD noise norm:0.032105058431625366
2025-09-12 20:38:41,451 - Round number: 70 --------------------------
2025-09-12 20:38:41,451 - Evaluate global model
2025-09-12 20:38:43,162 - Averaged Train Loss: 0.2951
2025-09-12 20:38:43,163 - Test Accurancy: 0.8972
2025-09-12 20:38:43,163 - Attack Success Rate: 0.0695
2025-09-12 20:38:47,416 - DPD clipping bound C_t: 0.40474502742290497
2025-09-12 20:38:47,418 - DPD noise norm:0.030856017023324966
2025-09-12 20:38:47,426 - Round number: 71 --------------------------
2025-09-12 20:38:47,426 - Evaluate global model
2025-09-12 20:38:49,306 - Averaged Train Loss: 0.2955
2025-09-12 20:38:49,307 - Test Accurancy: 0.8964
2025-09-12 20:38:49,307 - Attack Success Rate: 0.0735
2025-09-12 20:38:53,419 - DPD clipping bound C_t: 0.4026682525873184
2025-09-12 20:38:53,423 - DPD noise norm:0.0307382270693779
2025-09-12 20:38:53,434 - Round number: 72 --------------------------
2025-09-12 20:38:53,434 - Evaluate global model
2025-09-12 20:38:55,368 - Averaged Train Loss: 0.2958
2025-09-12 20:38:55,368 - Test Accurancy: 0.8975
2025-09-12 20:38:55,368 - Attack Success Rate: 0.0677
2025-09-12 20:38:59,519 - DPD clipping bound C_t: 0.4016518294811249
2025-09-12 20:38:59,522 - DPD noise norm:0.030656270682811737
2025-09-12 20:38:59,531 - Round number: 73 --------------------------
2025-09-12 20:38:59,531 - Evaluate global model
2025-09-12 20:39:01,523 - Averaged Train Loss: 0.2916
2025-09-12 20:39:01,523 - Test Accurancy: 0.8973
2025-09-12 20:39:01,523 - Attack Success Rate: 0.0763
2025-09-12 20:39:05,398 - DPD clipping bound C_t: 0.39708563685417175
2025-09-12 20:39:05,401 - DPD noise norm:0.03033200465142727
2025-09-12 20:39:05,409 - Round number: 74 --------------------------
2025-09-12 20:39:05,409 - Evaluate global model
2025-09-12 20:39:07,340 - Averaged Train Loss: 0.2944
2025-09-12 20:39:07,340 - Test Accurancy: 0.8972
2025-09-12 20:39:07,340 - Attack Success Rate: 0.0689
2025-09-12 20:39:11,380 - DPD clipping bound C_t: 0.3863048255443573
2025-09-12 20:39:11,384 - DPD noise norm:0.02949300780892372
2025-09-12 20:39:11,395 - Round number: 75 --------------------------
2025-09-12 20:39:11,395 - Evaluate global model
2025-09-12 20:39:13,373 - Averaged Train Loss: 0.2933
2025-09-12 20:39:13,373 - Test Accurancy: 0.8972
2025-09-12 20:39:13,373 - Attack Success Rate: 0.0706
2025-09-12 20:39:17,301 - DPD clipping bound C_t: 0.38758011162281036
2025-09-12 20:39:17,304 - DPD noise norm:0.029617467895150185
2025-09-12 20:39:17,313 - Round number: 76 --------------------------
2025-09-12 20:39:17,313 - Evaluate global model
2025-09-12 20:39:19,297 - Averaged Train Loss: 0.2915
2025-09-12 20:39:19,297 - Test Accurancy: 0.8980
2025-09-12 20:39:19,297 - Attack Success Rate: 0.0712
2025-09-12 20:39:23,139 - DPD clipping bound C_t: 0.37864477932453156
2025-09-12 20:39:23,143 - DPD noise norm:0.028890127316117287
2025-09-12 20:39:23,151 - Round number: 77 --------------------------
2025-09-12 20:39:23,151 - Evaluate global model
2025-09-12 20:39:25,054 - Averaged Train Loss: 0.2876
2025-09-12 20:39:25,054 - Test Accurancy: 0.8992
2025-09-12 20:39:25,054 - Attack Success Rate: 0.0752
2025-09-12 20:39:29,129 - DPD clipping bound C_t: 0.3768927901983261
2025-09-12 20:39:29,132 - DPD noise norm:0.028790805488824844
2025-09-12 20:39:29,140 - Round number: 78 --------------------------
2025-09-12 20:39:29,141 - Evaluate global model
2025-09-12 20:39:31,087 - Averaged Train Loss: 0.2900
2025-09-12 20:39:31,088 - Test Accurancy: 0.8984
2025-09-12 20:39:31,088 - Attack Success Rate: 0.0695
2025-09-12 20:39:35,095 - DPD clipping bound C_t: 0.3757152110338211
2025-09-12 20:39:35,098 - DPD noise norm:0.0286346897482872
2025-09-12 20:39:35,105 - Round number: 79 --------------------------
2025-09-12 20:39:35,105 - Evaluate global model
2025-09-12 20:39:37,019 - Averaged Train Loss: 0.2870
2025-09-12 20:39:37,019 - Test Accurancy: 0.8986
2025-09-12 20:39:37,019 - Attack Success Rate: 0.0763
2025-09-12 20:39:40,919 - DPD clipping bound C_t: 0.36328457295894623
2025-09-12 20:39:40,922 - DPD noise norm:0.0276901014149189
2025-09-12 20:39:40,930 - Round number: 80 --------------------------
2025-09-12 20:39:40,930 - Evaluate global model
2025-09-12 20:39:42,882 - Averaged Train Loss: 0.2872
2025-09-12 20:39:42,882 - Test Accurancy: 0.8983
2025-09-12 20:39:42,882 - Attack Success Rate: 0.0700
2025-09-12 20:39:46,805 - DPD clipping bound C_t: 0.356989324092865
2025-09-12 20:39:46,808 - DPD noise norm:0.027264371514320374
2025-09-12 20:39:46,816 - Round number: 81 --------------------------
2025-09-12 20:39:46,816 - Evaluate global model
2025-09-12 20:39:48,732 - Averaged Train Loss: 0.2888
2025-09-12 20:39:48,732 - Test Accurancy: 0.8983
2025-09-12 20:39:48,732 - Attack Success Rate: 0.0683
2025-09-12 20:39:52,716 - DPD clipping bound C_t: 0.35899776220321655
2025-09-12 20:39:52,719 - DPD noise norm:0.02739604003727436
2025-09-12 20:39:52,727 - Round number: 82 --------------------------
2025-09-12 20:39:52,727 - Evaluate global model
2025-09-12 20:39:54,610 - Averaged Train Loss: 0.2870
2025-09-12 20:39:54,611 - Test Accurancy: 0.8989
2025-09-12 20:39:54,611 - Attack Success Rate: 0.0723
2025-09-12 20:39:58,579 - DPD clipping bound C_t: 0.35336457192897797
2025-09-12 20:39:58,582 - DPD noise norm:0.026932405307888985
2025-09-12 20:39:58,590 - Round number: 83 --------------------------
2025-09-12 20:39:58,590 - Evaluate global model
2025-09-12 20:40:00,553 - Averaged Train Loss: 0.2875
2025-09-12 20:40:00,554 - Test Accurancy: 0.8985
2025-09-12 20:40:00,554 - Attack Success Rate: 0.0712
2025-09-12 20:40:04,436 - DPD clipping bound C_t: 0.34937871992588043
2025-09-12 20:40:04,439 - DPD noise norm:0.026617608964443207
2025-09-12 20:40:04,446 - Round number: 84 --------------------------
2025-09-12 20:40:04,447 - Evaluate global model
2025-09-12 20:40:06,363 - Averaged Train Loss: 0.2868
2025-09-12 20:40:06,364 - Test Accurancy: 0.8985
2025-09-12 20:40:06,364 - Attack Success Rate: 0.0695
2025-09-12 20:40:10,600 - DPD clipping bound C_t: 0.34018900990486145
2025-09-12 20:40:10,603 - DPD noise norm:0.025965919718146324
2025-09-12 20:40:10,611 - Round number: 85 --------------------------
2025-09-12 20:40:10,611 - Evaluate global model
2025-09-12 20:40:12,556 - Averaged Train Loss: 0.2863
2025-09-12 20:40:12,557 - Test Accurancy: 0.8993
2025-09-12 20:40:12,557 - Attack Success Rate: 0.0695
2025-09-12 20:40:16,413 - DPD clipping bound C_t: 0.3411972224712372
2025-09-12 20:40:16,415 - DPD noise norm:0.026052244007587433
2025-09-12 20:40:16,423 - Round number: 86 --------------------------
2025-09-12 20:40:16,423 - Evaluate global model
2025-09-12 20:40:18,290 - Averaged Train Loss: 0.2834
2025-09-12 20:40:18,290 - Test Accurancy: 0.8996
2025-09-12 20:40:18,290 - Attack Success Rate: 0.0712
2025-09-12 20:40:22,154 - DPD clipping bound C_t: 0.3388475328683853
2025-09-12 20:40:22,158 - DPD noise norm:0.025824666023254395
2025-09-12 20:40:22,172 - Round number: 87 --------------------------
2025-09-12 20:40:22,172 - Evaluate global model
2025-09-12 20:40:24,096 - Averaged Train Loss: 0.2819
2025-09-12 20:40:24,096 - Test Accurancy: 0.8991
2025-09-12 20:40:24,096 - Attack Success Rate: 0.0763
2025-09-12 20:40:28,012 - DPD clipping bound C_t: 0.3317783325910568
2025-09-12 20:40:28,016 - DPD noise norm:0.02533603459596634
2025-09-12 20:40:28,027 - Round number: 88 --------------------------
2025-09-12 20:40:28,027 - Evaluate global model
2025-09-12 20:40:29,905 - Averaged Train Loss: 0.2799
2025-09-12 20:40:29,905 - Test Accurancy: 0.8991
2025-09-12 20:40:29,906 - Attack Success Rate: 0.0763
2025-09-12 20:40:33,769 - DPD clipping bound C_t: 0.3329230099916458
2025-09-12 20:40:33,772 - DPD noise norm:0.02542765624821186
2025-09-12 20:40:33,779 - Round number: 89 --------------------------
2025-09-12 20:40:33,779 - Evaluate global model
2025-09-12 20:40:35,680 - Averaged Train Loss: 0.2815
2025-09-12 20:40:35,681 - Test Accurancy: 0.8992
2025-09-12 20:40:35,681 - Attack Success Rate: 0.0706
2025-09-12 20:40:39,587 - DPD clipping bound C_t: 0.32921379804611206
2025-09-12 20:40:39,590 - DPD noise norm:0.025140900164842606
2025-09-12 20:40:39,598 - Round number: 90 --------------------------
2025-09-12 20:40:39,598 - Evaluate global model
2025-09-12 20:40:41,598 - Averaged Train Loss: 0.2838
2025-09-12 20:40:41,598 - Test Accurancy: 0.8988
2025-09-12 20:40:41,599 - Attack Success Rate: 0.0700
2025-09-12 20:40:45,436 - DPD clipping bound C_t: 0.32453756034374237
2025-09-12 20:40:45,439 - DPD noise norm:0.02480240911245346
2025-09-12 20:40:45,447 - Round number: 91 --------------------------
2025-09-12 20:40:45,448 - Evaluate global model
2025-09-12 20:40:47,420 - Averaged Train Loss: 0.2809
2025-09-12 20:40:47,420 - Test Accurancy: 0.8992
2025-09-12 20:40:47,420 - Attack Success Rate: 0.0729
2025-09-12 20:40:51,244 - DPD clipping bound C_t: 0.31487902998924255
2025-09-12 20:40:51,246 - DPD noise norm:0.023980481550097466
2025-09-12 20:40:51,254 - Round number: 92 --------------------------
2025-09-12 20:40:51,254 - Evaluate global model
2025-09-12 20:40:53,147 - Averaged Train Loss: 0.2808
2025-09-12 20:40:53,147 - Test Accurancy: 0.8995
2025-09-12 20:40:53,147 - Attack Success Rate: 0.0729
2025-09-12 20:40:57,006 - DPD clipping bound C_t: 0.3205878585577011
2025-09-12 20:40:57,009 - DPD noise norm:0.02444985695183277
2025-09-12 20:40:57,017 - Round number: 93 --------------------------
2025-09-12 20:40:57,017 - Evaluate global model
2025-09-12 20:40:58,954 - Averaged Train Loss: 0.2781
2025-09-12 20:40:58,954 - Test Accurancy: 0.8989
2025-09-12 20:40:58,954 - Attack Success Rate: 0.0781
2025-09-12 20:41:02,758 - DPD clipping bound C_t: 0.3102595657110214
2025-09-12 20:41:02,761 - DPD noise norm:0.023627622053027153
2025-09-12 20:41:02,768 - Round number: 94 --------------------------
2025-09-12 20:41:02,768 - Evaluate global model
2025-09-12 20:41:04,700 - Averaged Train Loss: 0.2812
2025-09-12 20:41:04,701 - Test Accurancy: 0.8993
2025-09-12 20:41:04,701 - Attack Success Rate: 0.0718
2025-09-12 20:41:08,921 - DPD clipping bound C_t: 0.3064986914396286
2025-09-12 20:41:08,924 - DPD noise norm:0.023409249261021614
2025-09-12 20:41:08,931 - Round number: 95 --------------------------
2025-09-12 20:41:08,932 - Evaluate global model
2025-09-12 20:41:10,739 - Averaged Train Loss: 0.2805
2025-09-12 20:41:10,740 - Test Accurancy: 0.9000
2025-09-12 20:41:10,740 - Attack Success Rate: 0.0723
2025-09-12 20:41:14,739 - DPD clipping bound C_t: 0.303094282746315
2025-09-12 20:41:14,741 - DPD noise norm:0.023136505857110023
2025-09-12 20:41:14,750 - Round number: 96 --------------------------
2025-09-12 20:41:14,750 - Evaluate global model
2025-09-12 20:41:16,692 - Averaged Train Loss: 0.2797
2025-09-12 20:41:16,693 - Test Accurancy: 0.9001
2025-09-12 20:41:16,693 - Attack Success Rate: 0.0718
2025-09-12 20:41:20,711 - DPD clipping bound C_t: 0.29953037202358246
2025-09-12 20:41:20,714 - DPD noise norm:0.022845003753900528
2025-09-12 20:41:20,722 - Round number: 97 --------------------------
2025-09-12 20:41:20,722 - Evaluate global model
2025-09-12 20:41:22,700 - Averaged Train Loss: 0.2794
2025-09-12 20:41:22,701 - Test Accurancy: 0.9005
2025-09-12 20:41:22,701 - Attack Success Rate: 0.0723
2025-09-12 20:41:26,606 - DPD clipping bound C_t: 0.2956584095954895
2025-09-12 20:41:26,609 - DPD noise norm:0.0225570946931839
2025-09-12 20:41:26,617 - Round number: 98 --------------------------
2025-09-12 20:41:26,617 - Evaluate global model
2025-09-12 20:41:28,592 - Averaged Train Loss: 0.2799
2025-09-12 20:41:28,592 - Test Accurancy: 0.8996
2025-09-12 20:41:28,592 - Attack Success Rate: 0.0712
2025-09-12 20:41:32,441 - DPD clipping bound C_t: 0.29231034219264984
2025-09-12 20:41:32,444 - DPD noise norm:0.02230018563568592
2025-09-12 20:41:32,452 - Round number: 99 --------------------------
2025-09-12 20:41:32,452 - Evaluate global model
2025-09-12 20:41:34,423 - Averaged Train Loss: 0.2789
2025-09-12 20:41:34,423 - Test Accurancy: 0.8995
2025-09-12 20:41:34,423 - Attack Success Rate: 0.0746
2025-09-12 20:41:38,236 - DPD clipping bound C_t: 0.2880578190088272
2025-09-12 20:41:38,238 - DPD noise norm:0.021950729191303253
2025-09-12 20:41:38,246 - Round number: 100 --------------------------
2025-09-12 20:41:38,247 - Evaluate global model
2025-09-12 20:41:40,198 - Averaged Train Loss: 0.2785
2025-09-12 20:41:40,198 - Test Accurancy: 0.9003
2025-09-12 20:41:40,198 - Attack Success Rate: 0.0729
2025-09-12 20:41:43,999 - DPD clipping bound C_t: 0.28627774119377136
2025-09-12 20:41:44,002 - DPD noise norm:0.021888814866542816
2025-09-12 20:41:44,003 - Run over
2025-09-12 20:41:44,003 - Saving results to ./exp/exp2/FashionMNIST/0.0001.h5
2025-09-12 20:41:44,010 - Best accuracy: 0.9004796163069544
2025-09-12 20:41:44,010 - Average time cost per round: 5.941953587532043
