2025-09-12 21:45:33,570 - *****************EXP-2*****************
2025-09-12 21:45:33,571 - Exp repeats: 1
2025-09-12 21:45:33,571 - Communication Rounds: 100
2025-09-12 21:45:33,571 - Clients: 40

2025-09-12 21:45:33,571 - Attack method: scale
2025-09-12 21:45:33,571 - Filtering rule: dpd
2025-09-12 21:45:33,571 - Dataset: FashionMNIST
2025-09-12 21:45:33,571 - Model: cnn
2025-09-12 21:45:33,571 - Learning Rate: 0.2
2025-09-12 21:45:33,571 - Batch Size: 64
2025-09-12 21:45:33,571 - Device: cuda
2025-09-12 21:45:33,571 - Device id: 0
2025-09-12 21:45:33,571 - DPD clipping strategy: auto
2025-09-12 21:45:33,571 - DPD noise level: 0.018
2025-09-12 21:45:33,571 - Adversaries: 8
2025-09-12 21:45:33,571 - Targeted Label Flipping: 4-->6
2025-09-12 21:45:33,571 - *****************EXP-2*****************
2025-09-12 21:45:35,206 - Running time: 0th ==========================
2025-09-12 21:45:40,725 - Round number: 0 --------------------------
2025-09-12 21:45:40,797 - Evaluate global model
