2025-09-12 21:45:34,221 - *****************EXP-2*****************
2025-09-12 21:45:34,221 - Exp repeats: 1
2025-09-12 21:45:34,221 - Communication Rounds: 100
2025-09-12 21:45:34,221 - Clients: 40

2025-09-12 21:45:34,221 - Attack method: scale
2025-09-12 21:45:34,221 - Filtering rule: dpd
2025-09-12 21:45:34,221 - Dataset: FashionMNIST
2025-09-12 21:45:34,221 - Model: cnn
2025-09-12 21:45:34,221 - Learning Rate: 0.2
2025-09-12 21:45:34,221 - Batch Size: 64
2025-09-12 21:45:34,222 - Device: cuda
2025-09-12 21:45:34,222 - Device id: 0
2025-09-12 21:45:34,222 - DPD clipping strategy: auto
2025-09-12 21:45:34,222 - DPD noise level: 0.036
2025-09-12 21:45:34,222 - Adversaries: 8
2025-09-12 21:45:34,222 - Targeted Label Flipping: 4-->6
2025-09-12 21:45:34,222 - *****************EXP-2*****************
2025-09-12 21:45:36,087 - Running time: 0th ==========================
2025-09-12 21:45:45,802 - Round number: 0 --------------------------
2025-09-12 21:45:45,803 - Evaluate global model
