2026-04-15 04:53:25,077 - *****************EXP-0*****************
2026-04-15 04:53:25,077 - Exp repeats: 1
2026-04-15 04:53:25,077 - Communication Rounds: 100
2026-04-15 04:53:25,077 - Clients: 40

2026-04-15 04:53:25,077 - Attack method: MPAF
2026-04-15 04:53:25,077 - Filtering rule: avg
2026-04-15 04:53:25,077 - Dataset: Cifar10
2026-04-15 04:53:25,077 - Model: cnn2
2026-04-15 04:53:25,077 - Learning Rate: 0.02
2026-04-15 04:53:25,077 - Batch Size: 64
2026-04-15 04:53:25,077 - Device: cuda
2026-04-15 04:53:25,077 - Device id: 0
2026-04-15 04:53:25,077 - Adversaries: 8
2026-04-15 04:53:25,077 - *****************EXP-0*****************
2026-04-15 04:53:25,255 - Running time: 0th ==========================
2026-04-15 04:53:25,264 - Initialized MPAF model
2026-04-15 04:53:28,914 - Round number: 0 --------------------------
2026-04-15 04:53:28,914 - Evaluate global model
2026-04-15 04:53:32,809 - Averaged Train Loss: 2.3021
2026-04-15 04:53:32,809 - Test Accurancy: 0.1016
