2026-04-15 04:45:15,023 - *****************EXP-0*****************
2026-04-15 04:45:15,023 - Exp repeats: 1
2026-04-15 04:45:15,023 - Communication Rounds: 100
2026-04-15 04:45:15,023 - Clients: 40

2026-04-15 04:45:15,023 - Attack method: sign_flip
2026-04-15 04:45:15,023 - Filtering rule: avg
2026-04-15 04:45:15,023 - Dataset: Cifar10
2026-04-15 04:45:15,023 - Model: cnn2
2026-04-15 04:45:15,023 - Learning Rate: 0.02
2026-04-15 04:45:15,023 - Batch Size: 64
2026-04-15 04:45:15,023 - Device: cuda
2026-04-15 04:45:15,023 - Device id: 0
2026-04-15 04:45:15,023 - Adversaries: 8
2026-04-15 04:45:15,023 - Model Poisoning: Sign Flip attack
2026-04-15 04:45:15,023 - *****************EXP-0*****************
2026-04-15 04:45:15,307 - Running time: 0th ==========================
2026-04-15 04:45:18,911 - Round number: 0 --------------------------
2026-04-15 04:45:18,911 - Evaluate global model
2026-04-15 04:45:21,729 - Averaged Train Loss: 2.3021
2026-04-15 04:45:21,729 - Test Accurancy: 0.1016
2026-04-15 04:45:31,344 - Round number: 1 --------------------------
2026-04-15 04:45:31,345 - Evaluate global model
2026-04-15 04:45:33,060 - Averaged Train Loss: 2.3037
2026-04-15 04:45:33,060 - Test Accurancy: 0.1422
2026-04-15 04:45:40,567 - Round number: 2 --------------------------
2026-04-15 04:45:40,567 - Evaluate global model
2026-04-15 04:45:42,422 - Averaged Train Loss: 2.3154
2026-04-15 04:45:42,423 - Test Accurancy: 0.0978
2026-04-15 04:45:49,860 - Round number: 3 --------------------------
2026-04-15 04:45:49,860 - Evaluate global model
2026-04-15 04:45:51,702 - Averaged Train Loss: 2.3519
2026-04-15 04:45:51,702 - Test Accurancy: 0.0975
2026-04-15 04:45:59,108 - Round number: 4 --------------------------
2026-04-15 04:45:59,108 - Evaluate global model
2026-04-15 04:46:01,127 - Averaged Train Loss: 2.4015
2026-04-15 04:46:01,127 - Test Accurancy: 0.0975
2026-04-15 04:46:08,463 - Round number: 5 --------------------------
2026-04-15 04:46:08,463 - Evaluate global model
2026-04-15 04:46:10,398 - Averaged Train Loss: 2.4672
2026-04-15 04:46:10,398 - Test Accurancy: 0.0975
2026-04-15 04:46:17,602 - Round number: 6 --------------------------
2026-04-15 04:46:17,602 - Evaluate global model
2026-04-15 04:46:19,594 - Averaged Train Loss: 2.5305
2026-04-15 04:46:19,595 - Test Accurancy: 0.0975
2026-04-15 04:46:26,997 - Round number: 7 --------------------------
2026-04-15 04:46:26,997 - Evaluate global model
2026-04-15 04:46:28,970 - Averaged Train Loss: 2.5771
2026-04-15 04:46:28,970 - Test Accurancy: 0.0983
2026-04-15 04:46:36,171 - Round number: 8 --------------------------
2026-04-15 04:46:36,171 - Evaluate global model
2026-04-15 04:46:38,145 - Averaged Train Loss: 2.6153
2026-04-15 04:46:38,146 - Test Accurancy: 0.1012
2026-04-15 04:46:45,448 - Round number: 9 --------------------------
2026-04-15 04:46:45,448 - Evaluate global model
2026-04-15 04:46:47,557 - Averaged Train Loss: 2.6130
2026-04-15 04:46:47,557 - Test Accurancy: 0.1120
2026-04-15 04:46:54,863 - Round number: 10 --------------------------
2026-04-15 04:46:54,863 - Evaluate global model
2026-04-15 04:46:56,930 - Averaged Train Loss: 2.6104
2026-04-15 04:46:56,930 - Test Accurancy: 0.1267
2026-04-15 04:47:04,089 - Round number: 11 --------------------------
2026-04-15 04:47:04,089 - Evaluate global model
2026-04-15 04:47:06,164 - Averaged Train Loss: 2.5979
2026-04-15 04:47:06,164 - Test Accurancy: 0.1325
2026-04-15 04:47:13,382 - Round number: 12 --------------------------
2026-04-15 04:47:13,382 - Evaluate global model
2026-04-15 04:47:15,424 - Averaged Train Loss: 2.6126
2026-04-15 04:47:15,424 - Test Accurancy: 0.1431
2026-04-15 04:47:22,643 - Round number: 13 --------------------------
2026-04-15 04:47:22,643 - Evaluate global model
2026-04-15 04:47:24,721 - Averaged Train Loss: 2.5839
2026-04-15 04:47:24,721 - Test Accurancy: 0.1616
2026-04-15 04:47:31,975 - Round number: 14 --------------------------
2026-04-15 04:47:31,976 - Evaluate global model
2026-04-15 04:47:34,071 - Averaged Train Loss: 2.5653
2026-04-15 04:47:34,071 - Test Accurancy: 0.1786
2026-04-15 04:47:41,543 - Round number: 15 --------------------------
2026-04-15 04:47:41,543 - Evaluate global model
2026-04-15 04:47:44,258 - Averaged Train Loss: 2.5617
2026-04-15 04:47:44,258 - Test Accurancy: 0.1905
2026-04-15 04:47:52,796 - Round number: 16 --------------------------
2026-04-15 04:47:52,797 - Evaluate global model
2026-04-15 04:47:55,013 - Averaged Train Loss: 2.5686
2026-04-15 04:47:55,014 - Test Accurancy: 0.1989
2026-04-15 04:48:02,180 - Round number: 17 --------------------------
2026-04-15 04:48:02,181 - Evaluate global model
2026-04-15 04:48:04,333 - Averaged Train Loss: 2.5855
2026-04-15 04:48:04,333 - Test Accurancy: 0.1969
2026-04-15 04:48:11,415 - Round number: 18 --------------------------
2026-04-15 04:48:11,416 - Evaluate global model
2026-04-15 04:48:13,769 - Averaged Train Loss: 2.5897
2026-04-15 04:48:13,770 - Test Accurancy: 0.1995
2026-04-15 04:48:20,835 - Round number: 19 --------------------------
2026-04-15 04:48:20,835 - Evaluate global model
2026-04-15 04:48:23,125 - Averaged Train Loss: 2.5531
2026-04-15 04:48:23,125 - Test Accurancy: 0.2154
2026-04-15 04:48:30,118 - Round number: 20 --------------------------
2026-04-15 04:48:30,119 - Evaluate global model
2026-04-15 04:48:32,443 - Averaged Train Loss: 2.5120
2026-04-15 04:48:32,443 - Test Accurancy: 0.2323
2026-04-15 04:48:39,711 - Round number: 21 --------------------------
2026-04-15 04:48:39,711 - Evaluate global model
2026-04-15 04:48:42,501 - Averaged Train Loss: 2.5114
2026-04-15 04:48:42,501 - Test Accurancy: 0.2439
2026-04-15 04:48:51,186 - Round number: 22 --------------------------
2026-04-15 04:48:51,186 - Evaluate global model
2026-04-15 04:48:54,098 - Averaged Train Loss: 2.4970
2026-04-15 04:48:54,098 - Test Accurancy: 0.2470
2026-04-15 04:49:02,532 - Round number: 23 --------------------------
2026-04-15 04:49:02,532 - Evaluate global model
2026-04-15 04:49:05,445 - Averaged Train Loss: 2.4704
2026-04-15 04:49:05,445 - Test Accurancy: 0.2506
2026-04-15 04:49:13,980 - Round number: 24 --------------------------
2026-04-15 04:49:13,980 - Evaluate global model
2026-04-15 04:49:16,951 - Averaged Train Loss: 2.4733
2026-04-15 04:49:16,951 - Test Accurancy: 0.2553
2026-04-15 04:49:25,498 - Round number: 25 --------------------------
2026-04-15 04:49:25,498 - Evaluate global model
2026-04-15 04:49:28,419 - Averaged Train Loss: 2.4522
2026-04-15 04:49:28,419 - Test Accurancy: 0.2617
2026-04-15 04:49:37,015 - Round number: 26 --------------------------
2026-04-15 04:49:37,015 - Evaluate global model
2026-04-15 04:49:39,929 - Averaged Train Loss: 2.4573
2026-04-15 04:49:39,929 - Test Accurancy: 0.2665
2026-04-15 04:49:48,433 - Round number: 27 --------------------------
2026-04-15 04:49:48,433 - Evaluate global model
2026-04-15 04:49:51,468 - Averaged Train Loss: 2.4775
2026-04-15 04:49:51,468 - Test Accurancy: 0.2724
2026-04-15 04:49:59,904 - Round number: 28 --------------------------
2026-04-15 04:49:59,905 - Evaluate global model
2026-04-15 04:50:02,946 - Averaged Train Loss: 2.4558
2026-04-15 04:50:02,946 - Test Accurancy: 0.2677
2026-04-15 04:50:11,374 - Round number: 29 --------------------------
2026-04-15 04:50:11,374 - Evaluate global model
2026-04-15 04:50:14,485 - Averaged Train Loss: 2.4551
2026-04-15 04:50:14,485 - Test Accurancy: 0.2790
2026-04-15 04:50:22,790 - Round number: 30 --------------------------
2026-04-15 04:50:22,790 - Evaluate global model
2026-04-15 04:50:25,872 - Averaged Train Loss: 2.4017
2026-04-15 04:50:25,872 - Test Accurancy: 0.2790
2026-04-15 04:50:34,211 - Round number: 31 --------------------------
2026-04-15 04:50:34,211 - Evaluate global model
2026-04-15 04:50:37,354 - Averaged Train Loss: 2.4291
2026-04-15 04:50:37,354 - Test Accurancy: 0.2740
2026-04-15 04:50:45,508 - Round number: 32 --------------------------
2026-04-15 04:50:45,508 - Evaluate global model
2026-04-15 04:50:48,611 - Averaged Train Loss: 2.4045
2026-04-15 04:50:48,611 - Test Accurancy: 0.2840
2026-04-15 04:50:57,015 - Round number: 33 --------------------------
2026-04-15 04:50:57,015 - Evaluate global model
2026-04-15 04:51:00,262 - Averaged Train Loss: 2.4016
2026-04-15 04:51:00,262 - Test Accurancy: 0.2836
2026-04-15 04:51:08,701 - Round number: 34 --------------------------
2026-04-15 04:51:08,701 - Evaluate global model
2026-04-15 04:51:11,792 - Averaged Train Loss: 2.4020
2026-04-15 04:51:11,792 - Test Accurancy: 0.2858
2026-04-15 04:51:20,289 - Round number: 35 --------------------------
2026-04-15 04:51:20,289 - Evaluate global model
2026-04-15 04:51:23,338 - Averaged Train Loss: 2.4082
2026-04-15 04:51:23,339 - Test Accurancy: 0.2873
2026-04-15 04:51:31,740 - Round number: 36 --------------------------
2026-04-15 04:51:31,740 - Evaluate global model
2026-04-15 04:51:34,814 - Averaged Train Loss: 2.4339
2026-04-15 04:51:34,814 - Test Accurancy: 0.2839
2026-04-15 04:51:43,297 - Round number: 37 --------------------------
2026-04-15 04:51:43,297 - Evaluate global model
2026-04-15 04:51:46,372 - Averaged Train Loss: 2.4485
2026-04-15 04:51:46,372 - Test Accurancy: 0.2938
2026-04-15 04:51:54,657 - Round number: 38 --------------------------
2026-04-15 04:51:54,657 - Evaluate global model
2026-04-15 04:51:57,779 - Averaged Train Loss: 2.4459
2026-04-15 04:51:57,780 - Test Accurancy: 0.2943
2026-04-15 04:52:06,234 - Round number: 39 --------------------------
2026-04-15 04:52:06,234 - Evaluate global model
2026-04-15 04:52:09,318 - Averaged Train Loss: 2.4117
2026-04-15 04:52:09,318 - Test Accurancy: 0.2978
2026-04-15 04:52:17,540 - Round number: 40 --------------------------
2026-04-15 04:52:17,540 - Evaluate global model
2026-04-15 04:52:20,715 - Averaged Train Loss: 2.4812
2026-04-15 04:52:20,716 - Test Accurancy: 0.2950
2026-04-15 04:52:29,107 - Round number: 41 --------------------------
2026-04-15 04:52:29,107 - Evaluate global model
2026-04-15 04:52:32,222 - Averaged Train Loss: 2.4923
2026-04-15 04:52:32,222 - Test Accurancy: 0.2962
2026-04-15 04:52:40,385 - Round number: 42 --------------------------
2026-04-15 04:52:40,385 - Evaluate global model
2026-04-15 04:52:43,575 - Averaged Train Loss: 2.4819
2026-04-15 04:52:43,575 - Test Accurancy: 0.3004
2026-04-15 04:52:52,017 - Round number: 43 --------------------------
2026-04-15 04:52:52,017 - Evaluate global model
2026-04-15 04:52:55,154 - Averaged Train Loss: 2.4377
2026-04-15 04:52:55,154 - Test Accurancy: 0.3046
2026-04-15 04:53:03,457 - Round number: 44 --------------------------
2026-04-15 04:53:03,457 - Evaluate global model
2026-04-15 04:53:06,622 - Averaged Train Loss: 2.4168
2026-04-15 04:53:06,622 - Test Accurancy: 0.3058
2026-04-15 04:53:15,073 - Round number: 45 --------------------------
2026-04-15 04:53:15,074 - Evaluate global model
