2025-09-14 18:16:05,871 - *****************EXP-2*****************
2025-09-14 18:16:05,873 - Exp repeats: 1
2025-09-14 18:16:05,873 - Communication Rounds: 100
2025-09-14 18:16:05,873 - Clients: 40

2025-09-14 18:16:05,873 - Attack method: scale
2025-09-14 18:16:05,873 - Filtering rule: dpd
2025-09-14 18:16:05,873 - Dataset: FashionMNIST
2025-09-14 18:16:05,873 - Model: cnn
2025-09-14 18:16:05,873 - Learning Rate: 0.2
2025-09-14 18:16:05,874 - Batch Size: 64
2025-09-14 18:16:05,874 - Device: cuda
2025-09-14 18:16:05,874 - Device id: 0
2025-09-14 18:16:05,874 - DPD clipping strategy: auto
2025-09-14 18:16:05,874 - DPD noise level: 0.018
2025-09-14 18:16:05,874 - Adversaries: 8
2025-09-14 18:16:05,874 - Targeted Label Flipping: 4-->6
2025-09-14 18:16:05,874 - *****************EXP-2*****************
2025-09-14 18:16:07,693 - Running time: 0th ==========================
2025-09-14 18:16:16,113 - Round number: 0 --------------------------
2025-09-14 18:16:16,114 - Evaluate global model
2025-09-14 18:16:23,518 - Averaged Train Loss: 2.3051
2025-09-14 18:16:23,519 - Test Accurancy: 0.1321
2025-09-14 18:16:23,519 - Attack Success Rate: 0.0006
2025-09-14 18:16:31,377 - DPD clipping bound C_t: 3.382133722305298
2025-09-14 18:16:31,389 - DPD noise norm:46.36771774291992
2025-09-14 18:16:31,400 - Round number: 1 --------------------------
2025-09-14 18:16:31,400 - Evaluate global model
2025-09-14 18:16:34,407 - Averaged Train Loss: 2.1781
2025-09-14 18:16:34,407 - Test Accurancy: 0.2460
2025-09-14 18:16:34,408 - Attack Success Rate: 0.9656
2025-09-14 18:16:41,971 - DPD clipping bound C_t: 2.3957515954971313
2025-09-14 18:16:41,984 - DPD noise norm:32.89691925048828
2025-09-14 18:16:41,998 - Round number: 2 --------------------------
2025-09-14 18:16:41,998 - Evaluate global model
2025-09-14 18:16:45,719 - Averaged Train Loss: 1.1171
2025-09-14 18:16:45,723 - Test Accurancy: 0.6694
2025-09-14 18:16:45,724 - Attack Success Rate: 0.1659
2025-09-14 18:16:54,180 - DPD clipping bound C_t: 1.6532183289527893
2025-09-14 18:16:54,187 - DPD noise norm:22.73065948486328
2025-09-14 18:16:54,204 - Round number: 3 --------------------------
2025-09-14 18:16:54,204 - Evaluate global model
2025-09-14 18:16:56,918 - Averaged Train Loss: 0.7270
2025-09-14 18:16:56,920 - Test Accurancy: 0.7430
2025-09-14 18:16:56,920 - Attack Success Rate: 0.0735
2025-09-14 18:17:03,455 - DPD clipping bound C_t: 1.3787776827812195
2025-09-14 18:17:03,460 - DPD noise norm:18.951515197753906
2025-09-14 18:17:03,469 - Round number: 4 --------------------------
2025-09-14 18:17:03,469 - Evaluate global model
2025-09-14 18:17:05,700 - Averaged Train Loss: 0.6294
2025-09-14 18:17:05,701 - Test Accurancy: 0.7779
2025-09-14 18:17:05,701 - Attack Success Rate: 0.1137
2025-09-14 18:17:11,182 - DPD clipping bound C_t: 1.2381437420845032
2025-09-14 18:17:11,186 - DPD noise norm:17.005823135375977
2025-09-14 18:17:11,194 - Round number: 5 --------------------------
2025-09-14 18:17:11,195 - Evaluate global model
2025-09-14 18:17:13,755 - Averaged Train Loss: 0.5656
2025-09-14 18:17:13,756 - Test Accurancy: 0.8004
2025-09-14 18:17:13,756 - Attack Success Rate: 0.1292
2025-09-14 18:17:19,442 - DPD clipping bound C_t: 1.1394278407096863
2025-09-14 18:17:19,446 - DPD noise norm:15.649056434631348
2025-09-14 18:17:19,455 - Round number: 6 --------------------------
2025-09-14 18:17:19,455 - Evaluate global model
2025-09-14 18:17:22,486 - Averaged Train Loss: 0.5306
2025-09-14 18:17:22,487 - Test Accurancy: 0.8166
2025-09-14 18:17:22,487 - Attack Success Rate: 0.1217
2025-09-14 18:17:29,674 - DPD clipping bound C_t: 1.1171730756759644
2025-09-14 18:17:29,682 - DPD noise norm:15.305391311645508
2025-09-14 18:17:29,697 - Round number: 7 --------------------------
2025-09-14 18:17:29,698 - Evaluate global model
2025-09-14 18:17:35,265 - Averaged Train Loss: 0.5037
2025-09-14 18:17:35,271 - Test Accurancy: 0.8256
2025-09-14 18:17:35,271 - Attack Success Rate: 0.1022
2025-09-14 18:17:43,683 - DPD clipping bound C_t: 1.0548041462898254
2025-09-14 18:17:43,694 - DPD noise norm:14.470952033996582
2025-09-14 18:17:43,708 - Round number: 8 --------------------------
2025-09-14 18:17:43,708 - Evaluate global model
2025-09-14 18:17:46,543 - Averaged Train Loss: 0.4891
2025-09-14 18:17:46,547 - Test Accurancy: 0.8300
2025-09-14 18:17:46,547 - Attack Success Rate: 0.0930
2025-09-14 18:17:54,603 - DPD clipping bound C_t: 1.0079172849655151
2025-09-14 18:17:54,611 - DPD noise norm:13.807679176330566
2025-09-14 18:17:54,622 - Round number: 9 --------------------------
2025-09-14 18:17:54,622 - Evaluate global model
2025-09-14 18:17:59,436 - Averaged Train Loss: 0.4760
2025-09-14 18:17:59,442 - Test Accurancy: 0.8355
2025-09-14 18:17:59,443 - Attack Success Rate: 0.0752
2025-09-14 18:18:04,996 - DPD clipping bound C_t: 0.9920327961444855
2025-09-14 18:18:05,001 - DPD noise norm:13.626106262207031
2025-09-14 18:18:05,013 - Round number: 10 --------------------------
2025-09-14 18:18:05,014 - Evaluate global model
2025-09-14 18:18:06,991 - Averaged Train Loss: 0.4500
2025-09-14 18:18:06,992 - Test Accurancy: 0.8452
2025-09-14 18:18:06,992 - Attack Success Rate: 0.1033
2025-09-14 18:18:11,725 - DPD clipping bound C_t: 0.9615849554538727
2025-09-14 18:18:11,728 - DPD noise norm:13.200043678283691
2025-09-14 18:18:11,735 - Round number: 11 --------------------------
2025-09-14 18:18:11,735 - Evaluate global model
2025-09-14 18:18:13,574 - Averaged Train Loss: 0.4407
2025-09-14 18:18:13,574 - Test Accurancy: 0.8481
2025-09-14 18:18:13,574 - Attack Success Rate: 0.1005
2025-09-14 18:18:18,032 - DPD clipping bound C_t: 0.9314499795436859
2025-09-14 18:18:18,035 - DPD noise norm:12.812307357788086
2025-09-14 18:18:18,043 - Round number: 12 --------------------------
2025-09-14 18:18:18,043 - Evaluate global model
2025-09-14 18:18:19,770 - Averaged Train Loss: 0.4270
2025-09-14 18:18:19,770 - Test Accurancy: 0.8527
2025-09-14 18:18:19,770 - Attack Success Rate: 0.1177
2025-09-14 18:18:24,320 - DPD clipping bound C_t: 0.8888583779335022
2025-09-14 18:18:24,323 - DPD noise norm:12.187975883483887
2025-09-14 18:18:24,332 - Round number: 13 --------------------------
2025-09-14 18:18:24,332 - Evaluate global model
2025-09-14 18:18:26,780 - Averaged Train Loss: 0.4214
2025-09-14 18:18:26,781 - Test Accurancy: 0.8563
2025-09-14 18:18:26,781 - Attack Success Rate: 0.0982
2025-09-14 18:18:31,605 - DPD clipping bound C_t: 0.883344978094101
2025-09-14 18:18:31,612 - DPD noise norm:12.11834716796875
2025-09-14 18:18:31,626 - Round number: 14 --------------------------
2025-09-14 18:18:31,627 - Evaluate global model
2025-09-14 18:18:34,145 - Averaged Train Loss: 0.4146
2025-09-14 18:18:34,146 - Test Accurancy: 0.8595
2025-09-14 18:18:34,146 - Attack Success Rate: 0.0873
2025-09-14 18:18:38,934 - DPD clipping bound C_t: 0.8776126801967621
2025-09-14 18:18:38,939 - DPD noise norm:12.04192066192627
2025-09-14 18:18:38,949 - Round number: 15 --------------------------
2025-09-14 18:18:38,950 - Evaluate global model
2025-09-14 18:18:41,311 - Averaged Train Loss: 0.4063
2025-09-14 18:18:41,313 - Test Accurancy: 0.8618
2025-09-14 18:18:41,313 - Attack Success Rate: 0.0953
2025-09-14 18:18:46,818 - DPD clipping bound C_t: 0.8715757131576538
2025-09-14 18:18:46,822 - DPD noise norm:11.981119155883789
2025-09-14 18:18:46,836 - Round number: 16 --------------------------
2025-09-14 18:18:46,836 - Evaluate global model
2025-09-14 18:18:49,248 - Averaged Train Loss: 0.3979
2025-09-14 18:18:49,250 - Test Accurancy: 0.8642
2025-09-14 18:18:49,250 - Attack Success Rate: 0.0976
2025-09-14 18:18:55,998 - DPD clipping bound C_t: 0.8602250516414642
2025-09-14 18:18:56,007 - DPD noise norm:11.805200576782227
2025-09-14 18:18:56,022 - Round number: 17 --------------------------
2025-09-14 18:18:56,022 - Evaluate global model
2025-09-14 18:18:58,738 - Averaged Train Loss: 0.3889
2025-09-14 18:18:58,739 - Test Accurancy: 0.8657
2025-09-14 18:18:58,739 - Attack Success Rate: 0.1211
2025-09-14 18:19:04,510 - DPD clipping bound C_t: 0.8392351269721985
2025-09-14 18:19:04,519 - DPD noise norm:11.514062881469727
2025-09-14 18:19:04,530 - Round number: 18 --------------------------
2025-09-14 18:19:04,531 - Evaluate global model
2025-09-14 18:19:06,565 - Averaged Train Loss: 0.3883
2025-09-14 18:19:06,565 - Test Accurancy: 0.8684
2025-09-14 18:19:06,566 - Attack Success Rate: 0.1033
2025-09-14 18:19:13,002 - DPD clipping bound C_t: 0.8197687864303589
2025-09-14 18:19:13,014 - DPD noise norm:11.285658836364746
2025-09-14 18:19:13,032 - Round number: 19 --------------------------
2025-09-14 18:19:13,032 - Evaluate global model
2025-09-14 18:19:15,192 - Averaged Train Loss: 0.3831
2025-09-14 18:19:15,192 - Test Accurancy: 0.8699
2025-09-14 18:19:15,192 - Attack Success Rate: 0.1056
2025-09-14 18:19:22,952 - DPD clipping bound C_t: 0.811247855424881
2025-09-14 18:19:22,958 - DPD noise norm:11.153132438659668
2025-09-14 18:19:22,970 - Round number: 20 --------------------------
2025-09-14 18:19:22,970 - Evaluate global model
2025-09-14 18:19:25,487 - Averaged Train Loss: 0.3772
2025-09-14 18:19:25,489 - Test Accurancy: 0.8710
2025-09-14 18:19:25,489 - Attack Success Rate: 0.1068
2025-09-14 18:19:31,640 - DPD clipping bound C_t: 0.7824435532093048
2025-09-14 18:19:31,649 - DPD noise norm:10.72490406036377
2025-09-14 18:19:31,678 - Round number: 21 --------------------------
2025-09-14 18:19:31,679 - Evaluate global model
2025-09-14 18:19:34,769 - Averaged Train Loss: 0.3761
2025-09-14 18:19:34,773 - Test Accurancy: 0.8727
2025-09-14 18:19:34,773 - Attack Success Rate: 0.0970
2025-09-14 18:19:40,574 - DPD clipping bound C_t: 0.780068427324295
2025-09-14 18:19:40,584 - DPD noise norm:10.716117858886719
2025-09-14 18:19:40,599 - Round number: 22 --------------------------
2025-09-14 18:19:40,599 - Evaluate global model
2025-09-14 18:19:43,685 - Averaged Train Loss: 0.3710
2025-09-14 18:19:43,685 - Test Accurancy: 0.8755
2025-09-14 18:19:43,685 - Attack Success Rate: 0.1005
2025-09-14 18:19:48,998 - DPD clipping bound C_t: 0.7752768695354462
2025-09-14 18:19:49,005 - DPD noise norm:10.632060050964355
2025-09-14 18:19:49,039 - Round number: 23 --------------------------
2025-09-14 18:19:49,039 - Evaluate global model
2025-09-14 18:19:52,273 - Averaged Train Loss: 0.3656
2025-09-14 18:19:52,275 - Test Accurancy: 0.8769
2025-09-14 18:19:52,275 - Attack Success Rate: 0.0964
2025-09-14 18:19:57,125 - DPD clipping bound C_t: 0.7741380333900452
2025-09-14 18:19:57,128 - DPD noise norm:10.620711326599121
2025-09-14 18:19:57,136 - Round number: 24 --------------------------
2025-09-14 18:19:57,136 - Evaluate global model
2025-09-14 18:19:59,011 - Averaged Train Loss: 0.3605
2025-09-14 18:19:59,012 - Test Accurancy: 0.8786
2025-09-14 18:19:59,012 - Attack Success Rate: 0.1051
2025-09-14 18:20:03,254 - DPD clipping bound C_t: 0.7486618459224701
2025-09-14 18:20:03,261 - DPD noise norm:10.290801048278809
2025-09-14 18:20:03,273 - Round number: 25 --------------------------
2025-09-14 18:20:03,273 - Evaluate global model
2025-09-14 18:20:05,197 - Averaged Train Loss: 0.3597
2025-09-14 18:20:05,197 - Test Accurancy: 0.8792
2025-09-14 18:20:05,197 - Attack Success Rate: 0.0970
2025-09-14 18:20:09,658 - DPD clipping bound C_t: 0.7326589524745941
2025-09-14 18:20:09,661 - DPD noise norm:10.058273315429688
2025-09-14 18:20:09,669 - Round number: 26 --------------------------
2025-09-14 18:20:09,669 - Evaluate global model
2025-09-14 18:20:11,648 - Averaged Train Loss: 0.3528
2025-09-14 18:20:11,649 - Test Accurancy: 0.8799
2025-09-14 18:20:11,649 - Attack Success Rate: 0.0941
2025-09-14 18:20:16,190 - DPD clipping bound C_t: 0.7253972887992859
2025-09-14 18:20:16,193 - DPD noise norm:9.965422630310059
2025-09-14 18:20:16,201 - Round number: 27 --------------------------
2025-09-14 18:20:16,201 - Evaluate global model
2025-09-14 18:20:18,032 - Averaged Train Loss: 0.3515
2025-09-14 18:20:18,032 - Test Accurancy: 0.8804
2025-09-14 18:20:18,032 - Attack Success Rate: 0.0982
2025-09-14 18:20:22,423 - DPD clipping bound C_t: 0.7377023994922638
2025-09-14 18:20:22,426 - DPD noise norm:10.131318092346191
2025-09-14 18:20:22,438 - Round number: 28 --------------------------
2025-09-14 18:20:22,438 - Evaluate global model
2025-09-14 18:20:24,298 - Averaged Train Loss: 0.3487
2025-09-14 18:20:24,299 - Test Accurancy: 0.8828
2025-09-14 18:20:24,299 - Attack Success Rate: 0.0930
2025-09-14 18:20:28,620 - DPD clipping bound C_t: 0.7223233580589294
2025-09-14 18:20:28,624 - DPD noise norm:9.917952537536621
2025-09-14 18:20:28,636 - Round number: 29 --------------------------
2025-09-14 18:20:28,637 - Evaluate global model
2025-09-14 18:20:30,843 - Averaged Train Loss: 0.3444
2025-09-14 18:20:30,844 - Test Accurancy: 0.8823
2025-09-14 18:20:30,844 - Attack Success Rate: 0.0976
2025-09-14 18:20:35,801 - DPD clipping bound C_t: 0.7031446993350983
2025-09-14 18:20:35,804 - DPD noise norm:9.673949241638184
2025-09-14 18:20:35,813 - Round number: 30 --------------------------
2025-09-14 18:20:35,813 - Evaluate global model
2025-09-14 18:20:37,769 - Averaged Train Loss: 0.3443
2025-09-14 18:20:37,770 - Test Accurancy: 0.8819
2025-09-14 18:20:37,770 - Attack Success Rate: 0.0896
2025-09-14 18:20:42,200 - DPD clipping bound C_t: 0.6921218633651733
2025-09-14 18:20:42,204 - DPD noise norm:9.502272605895996
2025-09-14 18:20:42,219 - Round number: 31 --------------------------
2025-09-14 18:20:42,220 - Evaluate global model
2025-09-14 18:20:44,187 - Averaged Train Loss: 0.3386
2025-09-14 18:20:44,187 - Test Accurancy: 0.8840
2025-09-14 18:20:44,187 - Attack Success Rate: 0.0924
2025-09-14 18:20:48,424 - DPD clipping bound C_t: 0.679228812456131
2025-09-14 18:20:48,427 - DPD noise norm:9.322169303894043
2025-09-14 18:20:48,434 - Round number: 32 --------------------------
2025-09-14 18:20:48,434 - Evaluate global model
2025-09-14 18:20:50,275 - Averaged Train Loss: 0.3410
2025-09-14 18:20:50,275 - Test Accurancy: 0.8853
2025-09-14 18:20:50,275 - Attack Success Rate: 0.0924
2025-09-14 18:20:54,327 - DPD clipping bound C_t: 0.6739804744720459
2025-09-14 18:20:54,330 - DPD noise norm:9.253650665283203
2025-09-14 18:20:54,338 - Round number: 33 --------------------------
2025-09-14 18:20:54,338 - Evaluate global model
2025-09-14 18:20:56,219 - Averaged Train Loss: 0.3374
2025-09-14 18:20:56,220 - Test Accurancy: 0.8861
2025-09-14 18:20:56,220 - Attack Success Rate: 0.0953
2025-09-14 18:21:01,337 - DPD clipping bound C_t: 0.6792520880699158
2025-09-14 18:21:01,344 - DPD noise norm:9.320789337158203
2025-09-14 18:21:01,352 - Round number: 34 --------------------------
2025-09-14 18:21:01,353 - Evaluate global model
2025-09-14 18:21:03,954 - Averaged Train Loss: 0.3354
2025-09-14 18:21:03,955 - Test Accurancy: 0.8844
2025-09-14 18:21:03,955 - Attack Success Rate: 0.0982
2025-09-14 18:21:08,577 - DPD clipping bound C_t: 0.6538352370262146
2025-09-14 18:21:08,582 - DPD noise norm:8.986577987670898
2025-09-14 18:21:08,591 - Round number: 35 --------------------------
2025-09-14 18:21:08,591 - Evaluate global model
2025-09-14 18:21:11,080 - Averaged Train Loss: 0.3321
2025-09-14 18:21:11,082 - Test Accurancy: 0.8863
2025-09-14 18:21:11,082 - Attack Success Rate: 0.0884
2025-09-14 18:21:16,248 - DPD clipping bound C_t: 0.6460956037044525
2025-09-14 18:21:16,252 - DPD noise norm:8.864709854125977
2025-09-14 18:21:16,260 - Round number: 36 --------------------------
2025-09-14 18:21:16,265 - Evaluate global model
2025-09-14 18:21:18,465 - Averaged Train Loss: 0.3331
2025-09-14 18:21:18,465 - Test Accurancy: 0.8871
2025-09-14 18:21:18,465 - Attack Success Rate: 0.0844
2025-09-14 18:21:23,316 - DPD clipping bound C_t: 0.6318577527999878
2025-09-14 18:21:23,319 - DPD noise norm:8.678088188171387
2025-09-14 18:21:23,330 - Round number: 37 --------------------------
2025-09-14 18:21:23,330 - Evaluate global model
2025-09-14 18:21:25,761 - Averaged Train Loss: 0.3312
2025-09-14 18:21:25,761 - Test Accurancy: 0.8872
2025-09-14 18:21:25,761 - Attack Success Rate: 0.0855
2025-09-14 18:21:30,867 - DPD clipping bound C_t: 0.6278798580169678
2025-09-14 18:21:30,871 - DPD noise norm:8.619513511657715
2025-09-14 18:21:30,879 - Round number: 38 --------------------------
2025-09-14 18:21:30,880 - Evaluate global model
2025-09-14 18:21:33,352 - Averaged Train Loss: 0.3295
2025-09-14 18:21:33,352 - Test Accurancy: 0.8883
2025-09-14 18:21:33,353 - Attack Success Rate: 0.0861
2025-09-14 18:21:38,113 - DPD clipping bound C_t: 0.6197812259197235
2025-09-14 18:21:38,116 - DPD noise norm:8.516813278198242
2025-09-14 18:21:38,125 - Round number: 39 --------------------------
2025-09-14 18:21:38,126 - Evaluate global model
2025-09-14 18:21:40,269 - Averaged Train Loss: 0.3261
2025-09-14 18:21:40,270 - Test Accurancy: 0.8885
2025-09-14 18:21:40,270 - Attack Success Rate: 0.0850
2025-09-14 18:21:44,769 - DPD clipping bound C_t: 0.6155178844928741
2025-09-14 18:21:44,773 - DPD noise norm:8.461812019348145
2025-09-14 18:21:44,782 - Round number: 40 --------------------------
2025-09-14 18:21:44,782 - Evaluate global model
2025-09-14 18:21:49,318 - Averaged Train Loss: 0.3223
2025-09-14 18:21:49,323 - Test Accurancy: 0.8881
2025-09-14 18:21:49,323 - Attack Success Rate: 0.0901
2025-09-14 18:21:54,694 - DPD clipping bound C_t: 0.6042762696743011
2025-09-14 18:21:54,700 - DPD noise norm:8.291088104248047
2025-09-14 18:21:54,711 - Round number: 41 --------------------------
2025-09-14 18:21:54,712 - Evaluate global model
2025-09-14 18:21:56,655 - Averaged Train Loss: 0.3226
2025-09-14 18:21:56,655 - Test Accurancy: 0.8904
2025-09-14 18:21:56,656 - Attack Success Rate: 0.0855
2025-09-14 18:22:01,638 - DPD clipping bound C_t: 0.6166418790817261
2025-09-14 18:22:01,642 - DPD noise norm:8.46206283569336
2025-09-14 18:22:01,650 - Round number: 42 --------------------------
2025-09-14 18:22:01,650 - Evaluate global model
2025-09-14 18:22:03,665 - Averaged Train Loss: 0.3194
2025-09-14 18:22:03,665 - Test Accurancy: 0.8901
2025-09-14 18:22:03,665 - Attack Success Rate: 0.0936
2025-09-14 18:22:08,138 - DPD clipping bound C_t: 0.5958045423030853
2025-09-14 18:22:08,141 - DPD noise norm:8.164198875427246
2025-09-14 18:22:08,148 - Round number: 43 --------------------------
2025-09-14 18:22:08,148 - Evaluate global model
2025-09-14 18:22:09,993 - Averaged Train Loss: 0.3211
2025-09-14 18:22:09,993 - Test Accurancy: 0.8907
2025-09-14 18:22:09,993 - Attack Success Rate: 0.0809
2025-09-14 18:22:14,223 - DPD clipping bound C_t: 0.58473801612854
2025-09-14 18:22:14,227 - DPD noise norm:8.037574768066406
2025-09-14 18:22:14,238 - Round number: 44 --------------------------
2025-09-14 18:22:14,238 - Evaluate global model
2025-09-14 18:22:16,215 - Averaged Train Loss: 0.3168
2025-09-14 18:22:16,215 - Test Accurancy: 0.8915
2025-09-14 18:22:16,215 - Attack Success Rate: 0.0838
2025-09-14 18:22:20,578 - DPD clipping bound C_t: 0.5738455355167389
2025-09-14 18:22:20,582 - DPD noise norm:7.880784511566162
2025-09-14 18:22:20,593 - Round number: 45 --------------------------
2025-09-14 18:22:20,593 - Evaluate global model
2025-09-14 18:22:22,599 - Averaged Train Loss: 0.3142
2025-09-14 18:22:22,600 - Test Accurancy: 0.8929
2025-09-14 18:22:22,600 - Attack Success Rate: 0.0832
2025-09-14 18:22:26,790 - DPD clipping bound C_t: 0.566286027431488
2025-09-14 18:22:26,793 - DPD noise norm:7.770090103149414
2025-09-14 18:22:26,800 - Round number: 46 --------------------------
2025-09-14 18:22:26,800 - Evaluate global model
2025-09-14 18:22:28,837 - Averaged Train Loss: 0.3154
2025-09-14 18:22:28,838 - Test Accurancy: 0.8929
2025-09-14 18:22:28,838 - Attack Success Rate: 0.0769
2025-09-14 18:22:34,804 - DPD clipping bound C_t: 0.5607949197292328
2025-09-14 18:22:34,819 - DPD noise norm:7.706232070922852
2025-09-14 18:22:34,836 - Round number: 47 --------------------------
2025-09-14 18:22:34,837 - Evaluate global model
2025-09-14 18:22:38,051 - Averaged Train Loss: 0.3149
2025-09-14 18:22:38,052 - Test Accurancy: 0.8925
2025-09-14 18:22:38,052 - Attack Success Rate: 0.0735
2025-09-14 18:22:44,247 - DPD clipping bound C_t: 0.5564559102058411
2025-09-14 18:22:44,258 - DPD noise norm:7.6377763748168945
2025-09-14 18:22:44,272 - Round number: 48 --------------------------
2025-09-14 18:22:44,272 - Evaluate global model
2025-09-14 18:22:47,173 - Averaged Train Loss: 0.3144
2025-09-14 18:22:47,174 - Test Accurancy: 0.8931
2025-09-14 18:22:47,174 - Attack Success Rate: 0.0775
2025-09-14 18:22:53,035 - DPD clipping bound C_t: 0.5516399443149567
2025-09-14 18:22:53,048 - DPD noise norm:7.571687698364258
2025-09-14 18:22:53,071 - Round number: 49 --------------------------
2025-09-14 18:22:53,072 - Evaluate global model
2025-09-14 18:22:56,520 - Averaged Train Loss: 0.3118
2025-09-14 18:22:56,522 - Test Accurancy: 0.8927
2025-09-14 18:22:56,522 - Attack Success Rate: 0.0798
2025-09-14 18:23:03,821 - DPD clipping bound C_t: 0.5415161550045013
2025-09-14 18:23:03,831 - DPD noise norm:7.4418182373046875
2025-09-14 18:23:03,842 - Round number: 50 --------------------------
2025-09-14 18:23:03,842 - Evaluate global model
2025-09-14 18:23:07,878 - Averaged Train Loss: 0.3068
2025-09-14 18:23:07,882 - Test Accurancy: 0.8945
2025-09-14 18:23:07,882 - Attack Success Rate: 0.0821
2025-09-14 18:23:16,461 - DPD clipping bound C_t: 0.5373774766921997
2025-09-14 18:23:16,476 - DPD noise norm:7.3818464279174805
2025-09-14 18:23:16,495 - Round number: 51 --------------------------
2025-09-14 18:23:16,496 - Evaluate global model
2025-09-14 18:23:21,834 - Averaged Train Loss: 0.3075
2025-09-14 18:23:21,838 - Test Accurancy: 0.8940
2025-09-14 18:23:21,838 - Attack Success Rate: 0.0809
2025-09-14 18:23:29,055 - DPD clipping bound C_t: 0.5273538529872894
2025-09-14 18:23:29,058 - DPD noise norm:7.247591495513916
2025-09-14 18:23:29,066 - Round number: 52 --------------------------
2025-09-14 18:23:29,066 - Evaluate global model
2025-09-14 18:23:30,908 - Averaged Train Loss: 0.3106
2025-09-14 18:23:30,908 - Test Accurancy: 0.8932
2025-09-14 18:23:30,908 - Attack Success Rate: 0.0758
2025-09-14 18:23:35,775 - DPD clipping bound C_t: 0.5178471505641937
2025-09-14 18:23:35,778 - DPD noise norm:7.115451335906982
2025-09-14 18:23:35,786 - Round number: 53 --------------------------
2025-09-14 18:23:35,786 - Evaluate global model
2025-09-14 18:23:37,930 - Averaged Train Loss: 0.3056
2025-09-14 18:23:37,931 - Test Accurancy: 0.8949
2025-09-14 18:23:37,931 - Attack Success Rate: 0.0792
2025-09-14 18:23:42,347 - DPD clipping bound C_t: 0.5149166584014893
2025-09-14 18:23:42,349 - DPD noise norm:7.069129943847656
2025-09-14 18:23:42,357 - Round number: 54 --------------------------
2025-09-14 18:23:42,358 - Evaluate global model
2025-09-14 18:23:44,483 - Averaged Train Loss: 0.3040
2025-09-14 18:23:44,484 - Test Accurancy: 0.8959
2025-09-14 18:23:44,484 - Attack Success Rate: 0.0758
2025-09-14 18:23:48,698 - DPD clipping bound C_t: 0.5155199766159058
2025-09-14 18:23:48,701 - DPD noise norm:7.07236909866333
2025-09-14 18:23:48,709 - Round number: 55 --------------------------
2025-09-14 18:23:48,709 - Evaluate global model
2025-09-14 18:23:50,497 - Averaged Train Loss: 0.3043
2025-09-14 18:23:50,497 - Test Accurancy: 0.8957
2025-09-14 18:23:50,497 - Attack Success Rate: 0.0741
2025-09-14 18:23:54,885 - DPD clipping bound C_t: 0.5007323920726776
2025-09-14 18:23:54,887 - DPD noise norm:6.877279758453369
2025-09-14 18:23:54,896 - Round number: 56 --------------------------
2025-09-14 18:23:54,896 - Evaluate global model
2025-09-14 18:23:56,855 - Averaged Train Loss: 0.3052
2025-09-14 18:23:56,858 - Test Accurancy: 0.8950
2025-09-14 18:23:56,859 - Attack Success Rate: 0.0735
2025-09-14 18:24:02,428 - DPD clipping bound C_t: 0.4888758808374405
2025-09-14 18:24:02,434 - DPD noise norm:6.715019702911377
2025-09-14 18:24:02,445 - Round number: 57 --------------------------
2025-09-14 18:24:02,445 - Evaluate global model
2025-09-14 18:24:04,489 - Averaged Train Loss: 0.3031
2025-09-14 18:24:04,490 - Test Accurancy: 0.8953
2025-09-14 18:24:04,490 - Attack Success Rate: 0.0775
2025-09-14 18:24:09,789 - DPD clipping bound C_t: 0.4839703291654587
2025-09-14 18:24:09,795 - DPD noise norm:6.652813911437988
2025-09-14 18:24:09,803 - Round number: 58 --------------------------
2025-09-14 18:24:09,803 - Evaluate global model
2025-09-14 18:24:12,166 - Averaged Train Loss: 0.3033
2025-09-14 18:24:12,168 - Test Accurancy: 0.8952
2025-09-14 18:24:12,168 - Attack Success Rate: 0.0821
2025-09-14 18:24:17,332 - DPD clipping bound C_t: 0.4750320613384247
2025-09-14 18:24:17,335 - DPD noise norm:6.518648624420166
2025-09-14 18:24:17,343 - Round number: 59 --------------------------
2025-09-14 18:24:17,343 - Evaluate global model
2025-09-14 18:24:19,268 - Averaged Train Loss: 0.3020
2025-09-14 18:24:19,268 - Test Accurancy: 0.8962
2025-09-14 18:24:19,268 - Attack Success Rate: 0.0752
2025-09-14 18:24:24,310 - DPD clipping bound C_t: 0.47043025493621826
2025-09-14 18:24:24,316 - DPD noise norm:6.456455707550049
2025-09-14 18:24:24,329 - Round number: 60 --------------------------
2025-09-14 18:24:24,329 - Evaluate global model
2025-09-14 18:24:26,697 - Averaged Train Loss: 0.3010
2025-09-14 18:24:26,698 - Test Accurancy: 0.8964
2025-09-14 18:24:26,698 - Attack Success Rate: 0.0735
2025-09-14 18:24:31,519 - DPD clipping bound C_t: 0.4711390435695648
2025-09-14 18:24:31,522 - DPD noise norm:6.470492839813232
2025-09-14 18:24:31,529 - Round number: 61 --------------------------
2025-09-14 18:24:31,529 - Evaluate global model
2025-09-14 18:24:33,374 - Averaged Train Loss: 0.2993
2025-09-14 18:24:33,374 - Test Accurancy: 0.8955
2025-09-14 18:24:33,374 - Attack Success Rate: 0.0763
2025-09-14 18:24:38,429 - DPD clipping bound C_t: 0.4613773673772812
2025-09-14 18:24:38,434 - DPD noise norm:6.341593265533447
2025-09-14 18:24:38,450 - Round number: 62 --------------------------
2025-09-14 18:24:38,450 - Evaluate global model
2025-09-14 18:24:40,784 - Averaged Train Loss: 0.3000
2025-09-14 18:24:40,784 - Test Accurancy: 0.8958
2025-09-14 18:24:40,784 - Attack Success Rate: 0.0735
2025-09-14 18:24:45,577 - DPD clipping bound C_t: 0.4597221314907074
2025-09-14 18:24:45,580 - DPD noise norm:6.314812183380127
2025-09-14 18:24:45,587 - Round number: 63 --------------------------
2025-09-14 18:24:45,588 - Evaluate global model
2025-09-14 18:24:47,683 - Averaged Train Loss: 0.2983
2025-09-14 18:24:47,683 - Test Accurancy: 0.8963
2025-09-14 18:24:47,683 - Attack Success Rate: 0.0752
2025-09-14 18:24:51,938 - DPD clipping bound C_t: 0.4544762820005417
2025-09-14 18:24:51,944 - DPD noise norm:6.2477545738220215
2025-09-14 18:24:51,953 - Round number: 64 --------------------------
2025-09-14 18:24:51,953 - Evaluate global model
2025-09-14 18:24:54,420 - Averaged Train Loss: 0.2967
2025-09-14 18:24:54,421 - Test Accurancy: 0.8977
2025-09-14 18:24:54,421 - Attack Success Rate: 0.0683
2025-09-14 18:24:59,294 - DPD clipping bound C_t: 0.4467811584472656
2025-09-14 18:24:59,300 - DPD noise norm:6.140462875366211
2025-09-14 18:24:59,317 - Round number: 65 --------------------------
2025-09-14 18:24:59,318 - Evaluate global model
2025-09-14 18:25:01,547 - Averaged Train Loss: 0.2930
2025-09-14 18:25:01,547 - Test Accurancy: 0.8977
2025-09-14 18:25:01,547 - Attack Success Rate: 0.0786
2025-09-14 18:25:05,819 - DPD clipping bound C_t: 0.4380224049091339
2025-09-14 18:25:05,823 - DPD noise norm:6.0226216316223145
2025-09-14 18:25:05,831 - Round number: 66 --------------------------
2025-09-14 18:25:05,832 - Evaluate global model
2025-09-14 18:25:08,137 - Averaged Train Loss: 0.2946
2025-09-14 18:25:08,139 - Test Accurancy: 0.8987
2025-09-14 18:25:08,139 - Attack Success Rate: 0.0735
2025-09-14 18:25:12,773 - DPD clipping bound C_t: 0.4311046004295349
2025-09-14 18:25:12,776 - DPD noise norm:5.926737308502197
2025-09-14 18:25:12,787 - Round number: 67 --------------------------
2025-09-14 18:25:12,787 - Evaluate global model
2025-09-14 18:25:15,026 - Averaged Train Loss: 0.2948
2025-09-14 18:25:15,026 - Test Accurancy: 0.8976
2025-09-14 18:25:15,026 - Attack Success Rate: 0.0758
2025-09-14 18:25:19,311 - DPD clipping bound C_t: 0.42838454246520996
2025-09-14 18:25:19,314 - DPD noise norm:5.878643989562988
2025-09-14 18:25:19,321 - Round number: 68 --------------------------
2025-09-14 18:25:19,322 - Evaluate global model
2025-09-14 18:25:21,200 - Averaged Train Loss: 0.2934
2025-09-14 18:25:21,201 - Test Accurancy: 0.8989
2025-09-14 18:25:21,201 - Attack Success Rate: 0.0752
2025-09-14 18:25:26,153 - DPD clipping bound C_t: 0.42491479218006134
2025-09-14 18:25:26,157 - DPD noise norm:5.838910102844238
2025-09-14 18:25:26,167 - Round number: 69 --------------------------
2025-09-14 18:25:26,167 - Evaluate global model
2025-09-14 18:25:28,459 - Averaged Train Loss: 0.2906
2025-09-14 18:25:28,460 - Test Accurancy: 0.8991
2025-09-14 18:25:28,460 - Attack Success Rate: 0.0741
2025-09-14 18:25:33,290 - DPD clipping bound C_t: 0.42442674934864044
2025-09-14 18:25:33,294 - DPD noise norm:5.831272602081299
2025-09-14 18:25:33,307 - Round number: 70 --------------------------
2025-09-14 18:25:33,307 - Evaluate global model
2025-09-14 18:25:35,390 - Averaged Train Loss: 0.2932
2025-09-14 18:25:35,393 - Test Accurancy: 0.8994
2025-09-14 18:25:35,393 - Attack Success Rate: 0.0695
2025-09-14 18:25:41,201 - DPD clipping bound C_t: 0.4128325432538986
2025-09-14 18:25:41,207 - DPD noise norm:5.665063381195068
2025-09-14 18:25:41,218 - Round number: 71 --------------------------
2025-09-14 18:25:41,219 - Evaluate global model
2025-09-14 18:25:43,421 - Averaged Train Loss: 0.2907
2025-09-14 18:25:43,421 - Test Accurancy: 0.8977
2025-09-14 18:25:43,421 - Attack Success Rate: 0.0781
2025-09-14 18:25:47,844 - DPD clipping bound C_t: 0.4036955237388611
2025-09-14 18:25:47,847 - DPD noise norm:5.546996116638184
2025-09-14 18:25:47,856 - Round number: 72 --------------------------
2025-09-14 18:25:47,859 - Evaluate global model
2025-09-14 18:25:49,809 - Averaged Train Loss: 0.2917
2025-09-14 18:25:49,810 - Test Accurancy: 0.8989
2025-09-14 18:25:49,810 - Attack Success Rate: 0.0729
2025-09-14 18:25:56,554 - DPD clipping bound C_t: 0.40239325165748596
2025-09-14 18:25:56,565 - DPD noise norm:5.528314590454102
2025-09-14 18:25:56,579 - Round number: 73 --------------------------
2025-09-14 18:25:56,580 - Evaluate global model
2025-09-14 18:25:59,328 - Averaged Train Loss: 0.2890
2025-09-14 18:25:59,329 - Test Accurancy: 0.8992
2025-09-14 18:25:59,329 - Attack Success Rate: 0.0775
2025-09-14 18:26:04,918 - DPD clipping bound C_t: 0.4002460688352585
2025-09-14 18:26:04,931 - DPD noise norm:5.503215789794922
2025-09-14 18:26:04,947 - Round number: 74 --------------------------
2025-09-14 18:26:04,947 - Evaluate global model
2025-09-14 18:26:07,353 - Averaged Train Loss: 0.2888
2025-09-14 18:26:07,354 - Test Accurancy: 0.8992
2025-09-14 18:26:07,354 - Attack Success Rate: 0.0786
2025-09-14 18:26:12,460 - DPD clipping bound C_t: 0.39231453835964203
2025-09-14 18:26:12,473 - DPD noise norm:5.391328811645508
2025-09-14 18:26:12,489 - Round number: 75 --------------------------
2025-09-14 18:26:12,489 - Evaluate global model
2025-09-14 18:26:15,885 - Averaged Train Loss: 0.2888
2025-09-14 18:26:15,886 - Test Accurancy: 0.9001
2025-09-14 18:26:15,886 - Attack Success Rate: 0.0723
2025-09-14 18:26:22,420 - DPD clipping bound C_t: 0.3910808563232422
2025-09-14 18:26:22,436 - DPD noise norm:5.379296779632568
2025-09-14 18:26:22,448 - Round number: 76 --------------------------
2025-09-14 18:26:22,448 - Evaluate global model
2025-09-14 18:26:26,780 - Averaged Train Loss: 0.2888
2025-09-14 18:26:26,782 - Test Accurancy: 0.9001
2025-09-14 18:26:26,782 - Attack Success Rate: 0.0712
2025-09-14 18:26:34,715 - DPD clipping bound C_t: 0.3826136440038681
2025-09-14 18:26:34,722 - DPD noise norm:5.254730224609375
2025-09-14 18:26:34,736 - Round number: 77 --------------------------
2025-09-14 18:26:34,736 - Evaluate global model
2025-09-14 18:26:38,936 - Averaged Train Loss: 0.2852
2025-09-14 18:26:38,944 - Test Accurancy: 0.9008
2025-09-14 18:26:38,944 - Attack Success Rate: 0.0769
2025-09-14 18:26:47,599 - DPD clipping bound C_t: 0.37880030274391174
2025-09-14 18:26:47,607 - DPD noise norm:5.208573341369629
2025-09-14 18:26:47,630 - Round number: 78 --------------------------
2025-09-14 18:26:47,630 - Evaluate global model
2025-09-14 18:26:52,114 - Averaged Train Loss: 0.2863
2025-09-14 18:26:52,114 - Test Accurancy: 0.9005
2025-09-14 18:26:52,114 - Attack Success Rate: 0.0718
2025-09-14 18:26:58,840 - DPD clipping bound C_t: 0.37639765441417694
2025-09-14 18:26:58,848 - DPD noise norm:5.1636061668396
2025-09-14 18:26:58,857 - Round number: 79 --------------------------
2025-09-14 18:26:58,857 - Evaluate global model
2025-09-14 18:27:01,492 - Averaged Train Loss: 0.2830
2025-09-14 18:27:01,493 - Test Accurancy: 0.9008
2025-09-14 18:27:01,493 - Attack Success Rate: 0.0792
2025-09-14 18:27:07,368 - DPD clipping bound C_t: 0.3631390929222107
2025-09-14 18:27:07,371 - DPD noise norm:4.982222080230713
2025-09-14 18:27:07,379 - Round number: 80 --------------------------
2025-09-14 18:27:07,380 - Evaluate global model
2025-09-14 18:27:09,854 - Averaged Train Loss: 0.2832
2025-09-14 18:27:09,854 - Test Accurancy: 0.9011
2025-09-14 18:27:09,854 - Attack Success Rate: 0.0695
2025-09-14 18:27:16,418 - DPD clipping bound C_t: 0.3625314086675644
2025-09-14 18:27:16,422 - DPD noise norm:4.983774662017822
2025-09-14 18:27:16,432 - Round number: 81 --------------------------
2025-09-14 18:27:16,432 - Evaluate global model
2025-09-14 18:27:19,422 - Averaged Train Loss: 0.2848
2025-09-14 18:27:19,424 - Test Accurancy: 0.9005
2025-09-14 18:27:19,424 - Attack Success Rate: 0.0700
2025-09-14 18:27:27,089 - DPD clipping bound C_t: 0.36421795189380646
2025-09-14 18:27:27,098 - DPD noise norm:5.002993106842041
2025-09-14 18:27:27,108 - Round number: 82 --------------------------
2025-09-14 18:27:27,108 - Evaluate global model
2025-09-14 18:27:30,312 - Averaged Train Loss: 0.2828
2025-09-14 18:27:30,317 - Test Accurancy: 0.9004
2025-09-14 18:27:30,317 - Attack Success Rate: 0.0758
2025-09-14 18:27:38,222 - DPD clipping bound C_t: 0.35565657913684845
2025-09-14 18:27:38,231 - DPD noise norm:4.879276275634766
2025-09-14 18:27:38,241 - Round number: 83 --------------------------
2025-09-14 18:27:38,242 - Evaluate global model
2025-09-14 18:27:42,621 - Averaged Train Loss: 0.2833
2025-09-14 18:27:42,626 - Test Accurancy: 0.9008
2025-09-14 18:27:42,626 - Attack Success Rate: 0.0735
2025-09-14 18:27:50,051 - DPD clipping bound C_t: 0.3502911180257797
2025-09-14 18:27:50,071 - DPD noise norm:4.80368185043335
2025-09-14 18:27:50,095 - Round number: 84 --------------------------
2025-09-14 18:27:50,096 - Evaluate global model
2025-09-14 18:27:54,684 - Averaged Train Loss: 0.2827
2025-09-14 18:27:54,686 - Test Accurancy: 0.9016
2025-09-14 18:27:54,686 - Attack Success Rate: 0.0723
2025-09-14 18:28:03,152 - DPD clipping bound C_t: 0.34411321580410004
2025-09-14 18:28:03,164 - DPD noise norm:4.727780342102051
2025-09-14 18:28:03,179 - Round number: 85 --------------------------
2025-09-14 18:28:03,179 - Evaluate global model
2025-09-14 18:28:08,731 - Averaged Train Loss: 0.2825
2025-09-14 18:28:08,738 - Test Accurancy: 0.9011
2025-09-14 18:28:08,738 - Attack Success Rate: 0.0700
2025-09-14 18:28:15,716 - DPD clipping bound C_t: 0.34234189987182617
2025-09-14 18:28:15,719 - DPD noise norm:4.705136299133301
2025-09-14 18:28:15,728 - Round number: 86 --------------------------
2025-09-14 18:28:15,728 - Evaluate global model
2025-09-14 18:28:17,885 - Averaged Train Loss: 0.2801
2025-09-14 18:28:17,886 - Test Accurancy: 0.9016
2025-09-14 18:28:17,886 - Attack Success Rate: 0.0741
2025-09-14 18:28:23,901 - DPD clipping bound C_t: 0.33951911330223083
2025-09-14 18:28:23,904 - DPD noise norm:4.657652854919434
2025-09-14 18:28:23,912 - Round number: 87 --------------------------
2025-09-14 18:28:23,912 - Evaluate global model
2025-09-14 18:28:25,917 - Averaged Train Loss: 0.2783
2025-09-14 18:28:25,917 - Test Accurancy: 0.9009
2025-09-14 18:28:25,918 - Attack Success Rate: 0.0786
2025-09-14 18:28:32,951 - DPD clipping bound C_t: 0.3351656347513199
2025-09-14 18:28:32,960 - DPD noise norm:4.607046127319336
2025-09-14 18:28:32,974 - Round number: 88 --------------------------
2025-09-14 18:28:32,974 - Evaluate global model
2025-09-14 18:28:36,509 - Averaged Train Loss: 0.2777
2025-09-14 18:28:36,510 - Test Accurancy: 0.9015
2025-09-14 18:28:36,510 - Attack Success Rate: 0.0746
2025-09-14 18:28:43,377 - DPD clipping bound C_t: 0.3301571160554886
2025-09-14 18:28:43,388 - DPD noise norm:4.538952827453613
2025-09-14 18:28:43,397 - Round number: 89 --------------------------
2025-09-14 18:28:43,397 - Evaluate global model
2025-09-14 18:28:46,747 - Averaged Train Loss: 0.2779
2025-09-14 18:28:46,749 - Test Accurancy: 0.9012
2025-09-14 18:28:46,749 - Attack Success Rate: 0.0700
2025-09-14 18:28:53,740 - DPD clipping bound C_t: 0.33081112802028656
2025-09-14 18:28:53,744 - DPD noise norm:4.547318935394287
2025-09-14 18:28:53,754 - Round number: 90 --------------------------
2025-09-14 18:28:53,755 - Evaluate global model
2025-09-14 18:28:57,005 - Averaged Train Loss: 0.2807
2025-09-14 18:28:57,007 - Test Accurancy: 0.9010
2025-09-14 18:28:57,008 - Attack Success Rate: 0.0718
2025-09-14 18:29:03,062 - DPD clipping bound C_t: 0.32494494318962097
2025-09-14 18:29:03,066 - DPD noise norm:4.470037460327148
2025-09-14 18:29:03,076 - Round number: 91 --------------------------
2025-09-14 18:29:03,076 - Evaluate global model
2025-09-14 18:29:06,527 - Averaged Train Loss: 0.2772
2025-09-14 18:29:06,533 - Test Accurancy: 0.9013
2025-09-14 18:29:06,533 - Attack Success Rate: 0.0723
2025-09-14 18:29:11,526 - DPD clipping bound C_t: 0.31552867591381073
2025-09-14 18:29:11,530 - DPD noise norm:4.325392723083496
2025-09-14 18:29:11,540 - Round number: 92 --------------------------
2025-09-14 18:29:11,540 - Evaluate global model
2025-09-14 18:29:15,458 - Averaged Train Loss: 0.2765
2025-09-14 18:29:15,464 - Test Accurancy: 0.9020
2025-09-14 18:29:15,465 - Attack Success Rate: 0.0718
2025-09-14 18:29:21,609 - DPD clipping bound C_t: 0.3180999308824539
2025-09-14 18:29:21,618 - DPD noise norm:4.366819858551025
2025-09-14 18:29:21,632 - Round number: 93 --------------------------
2025-09-14 18:29:21,632 - Evaluate global model
2025-09-14 18:29:25,603 - Averaged Train Loss: 0.2752
2025-09-14 18:29:25,606 - Test Accurancy: 0.9017
2025-09-14 18:29:25,606 - Attack Success Rate: 0.0769
2025-09-14 18:29:31,676 - DPD clipping bound C_t: 0.31145432591438293
2025-09-14 18:29:31,686 - DPD noise norm:4.269349098205566
2025-09-14 18:29:31,700 - Round number: 94 --------------------------
2025-09-14 18:29:31,700 - Evaluate global model
2025-09-14 18:29:34,956 - Averaged Train Loss: 0.2772
2025-09-14 18:29:34,957 - Test Accurancy: 0.9012
2025-09-14 18:29:34,957 - Attack Success Rate: 0.0706
2025-09-14 18:29:41,209 - DPD clipping bound C_t: 0.30701369047164917
2025-09-14 18:29:41,216 - DPD noise norm:4.220744609832764
2025-09-14 18:29:41,231 - Round number: 95 --------------------------
2025-09-14 18:29:41,232 - Evaluate global model
2025-09-14 18:29:44,262 - Averaged Train Loss: 0.2775
2025-09-14 18:29:44,263 - Test Accurancy: 0.9023
2025-09-14 18:29:44,263 - Attack Success Rate: 0.0706
2025-09-14 18:29:52,539 - DPD clipping bound C_t: 0.30269941687583923
2025-09-14 18:29:52,544 - DPD noise norm:4.159145832061768
2025-09-14 18:29:52,556 - Round number: 96 --------------------------
2025-09-14 18:29:52,556 - Evaluate global model
2025-09-14 18:29:54,903 - Averaged Train Loss: 0.2755
2025-09-14 18:29:54,904 - Test Accurancy: 0.9016
2025-09-14 18:29:54,904 - Attack Success Rate: 0.0735
2025-09-14 18:30:01,097 - DPD clipping bound C_t: 0.3025830388069153
2025-09-14 18:30:01,101 - DPD noise norm:4.154008388519287
2025-09-14 18:30:01,109 - Round number: 97 --------------------------
2025-09-14 18:30:01,109 - Evaluate global model
2025-09-14 18:30:03,217 - Averaged Train Loss: 0.2763
2025-09-14 18:30:03,218 - Test Accurancy: 0.9022
2025-09-14 18:30:03,218 - Attack Success Rate: 0.0700
2025-09-14 18:30:09,583 - DPD clipping bound C_t: 0.29381798207759857
2025-09-14 18:30:09,587 - DPD noise norm:4.035002708435059
2025-09-14 18:30:09,599 - Round number: 98 --------------------------
2025-09-14 18:30:09,599 - Evaluate global model
2025-09-14 18:30:11,693 - Averaged Train Loss: 0.2763
2025-09-14 18:30:11,694 - Test Accurancy: 0.9023
2025-09-14 18:30:11,694 - Attack Success Rate: 0.0718
2025-09-14 18:30:17,349 - DPD clipping bound C_t: 0.2935556322336197
2025-09-14 18:30:17,353 - DPD noise norm:4.03113317489624
2025-09-14 18:30:17,367 - Round number: 99 --------------------------
2025-09-14 18:30:17,367 - Evaluate global model
2025-09-14 18:30:19,444 - Averaged Train Loss: 0.2750
2025-09-14 18:30:19,445 - Test Accurancy: 0.9018
2025-09-14 18:30:19,445 - Attack Success Rate: 0.0735
2025-09-14 18:30:25,881 - DPD clipping bound C_t: 0.29010187089443207
2025-09-14 18:30:25,885 - DPD noise norm:3.979168653488159
2025-09-14 18:30:25,899 - Round number: 100 --------------------------
2025-09-14 18:30:25,899 - Evaluate global model
2025-09-14 18:30:27,697 - Averaged Train Loss: 0.2741
2025-09-14 18:30:27,697 - Test Accurancy: 0.9020
2025-09-14 18:30:27,697 - Attack Success Rate: 0.0729
2025-09-14 18:30:34,018 - DPD clipping bound C_t: 0.2846730500459671
2025-09-14 18:30:34,026 - DPD noise norm:3.9179012775421143
2025-09-14 18:30:34,030 - Run over
2025-09-14 18:30:34,030 - Saving results to ./exp/exp2/FashionMNIST/0.018.h5
2025-09-14 18:30:34,058 - Best accuracy: 0.9023067260477332
2025-09-14 18:30:34,058 - Average time cost per round: 8.426370055675507
