2025-09-12 22:33:40,456 - *****************EXP-2*****************
2025-09-12 22:33:40,456 - Exp repeats: 1
2025-09-12 22:33:40,456 - Communication Rounds: 100
2025-09-12 22:33:40,456 - Clients: 40

2025-09-12 22:33:40,456 - Attack method: scale
2025-09-12 22:33:40,456 - Filtering rule: dpd
2025-09-12 22:33:40,456 - Dataset: FashionMNIST
2025-09-12 22:33:40,456 - Model: cnn
2025-09-12 22:33:40,456 - Learning Rate: 0.2
2025-09-12 22:33:40,456 - Batch Size: 64
2025-09-12 22:33:40,457 - Device: cuda
2025-09-12 22:33:40,457 - Device id: 0
2025-09-12 22:33:40,457 - DPD clipping strategy: auto
2025-09-12 22:33:40,457 - DPD noise level: 0.03
2025-09-12 22:33:40,457 - Adversaries: 8
2025-09-12 22:33:40,457 - Targeted Label Flipping: 4-->6
2025-09-12 22:33:40,457 - *****************EXP-2*****************
2025-09-12 22:33:40,839 - Running time: 0th ==========================
2025-09-12 22:33:42,781 - Round number: 0 --------------------------
2025-09-12 22:33:42,781 - Evaluate global model
2025-09-12 22:33:45,503 - Averaged Train Loss: 2.3051
2025-09-12 22:33:45,504 - Test Accurancy: 0.1321
2025-09-12 22:33:45,504 - Attack Success Rate: 0.0006
2025-09-12 22:33:50,450 - DPD clipping bound C_t: 3.3732811212539673
2025-09-12 22:33:50,457 - DPD noise norm:77.07725524902344
2025-09-12 22:33:50,469 - Round number: 1 --------------------------
2025-09-12 22:33:50,469 - Evaluate global model
2025-09-12 22:33:52,336 - Averaged Train Loss: 2.1932
2025-09-12 22:33:52,337 - Test Accurancy: 0.1932
2025-09-12 22:33:52,337 - Attack Success Rate: 0.9673
2025-09-12 22:33:57,142 - DPD clipping bound C_t: 2.3972973823547363
2025-09-12 22:33:57,145 - DPD noise norm:54.86357879638672
2025-09-12 22:33:57,153 - Round number: 2 --------------------------
2025-09-12 22:33:57,153 - Evaluate global model
2025-09-12 22:33:58,948 - Averaged Train Loss: 1.0953
2025-09-12 22:33:58,948 - Test Accurancy: 0.6631
2025-09-12 22:33:58,948 - Attack Success Rate: 0.2813
2025-09-12 22:34:03,105 - DPD clipping bound C_t: 1.7922101616859436
2025-09-12 22:34:03,114 - DPD noise norm:41.06951141357422
2025-09-12 22:34:03,124 - Round number: 3 --------------------------
2025-09-12 22:34:03,124 - Evaluate global model
2025-09-12 22:34:05,531 - Averaged Train Loss: 0.7393
2025-09-12 22:34:05,532 - Test Accurancy: 0.7439
2025-09-12 22:34:05,532 - Attack Success Rate: 0.0752
2025-09-12 22:34:09,676 - DPD clipping bound C_t: 1.4472793340682983
2025-09-12 22:34:09,681 - DPD noise norm:33.15513610839844
2025-09-12 22:34:09,689 - Round number: 4 --------------------------
2025-09-12 22:34:09,690 - Evaluate global model
2025-09-12 22:34:11,938 - Averaged Train Loss: 0.6325
2025-09-12 22:34:11,939 - Test Accurancy: 0.7752
2025-09-12 22:34:11,939 - Attack Success Rate: 0.1246
2025-09-12 22:34:16,787 - DPD clipping bound C_t: 1.2713656425476074
2025-09-12 22:34:16,798 - DPD noise norm:29.103540420532227
2025-09-12 22:34:16,807 - Round number: 5 --------------------------
2025-09-12 22:34:16,808 - Evaluate global model
2025-09-12 22:34:20,124 - Averaged Train Loss: 0.5653
2025-09-12 22:34:20,129 - Test Accurancy: 0.8016
2025-09-12 22:34:20,129 - Attack Success Rate: 0.1435
2025-09-12 22:34:25,095 - DPD clipping bound C_t: 1.1922377347946167
2025-09-12 22:34:25,098 - DPD noise norm:27.290590286254883
2025-09-12 22:34:25,106 - Round number: 6 --------------------------
2025-09-12 22:34:25,106 - Evaluate global model
2025-09-12 22:34:27,298 - Averaged Train Loss: 0.5298
2025-09-12 22:34:27,299 - Test Accurancy: 0.8171
2025-09-12 22:34:27,299 - Attack Success Rate: 0.1320
2025-09-12 22:34:31,367 - DPD clipping bound C_t: 1.1701091527938843
2025-09-12 22:34:31,376 - DPD noise norm:26.717702865600586
2025-09-12 22:34:31,384 - Round number: 7 --------------------------
2025-09-12 22:34:31,385 - Evaluate global model
2025-09-12 22:34:33,332 - Averaged Train Loss: 0.5018
2025-09-12 22:34:33,332 - Test Accurancy: 0.8275
2025-09-12 22:34:33,332 - Attack Success Rate: 0.1033
2025-09-12 22:34:37,512 - DPD clipping bound C_t: 1.0976195931434631
2025-09-12 22:34:37,515 - DPD noise norm:25.09723472595215
2025-09-12 22:34:37,522 - Round number: 8 --------------------------
2025-09-12 22:34:37,522 - Evaluate global model
2025-09-12 22:34:39,584 - Averaged Train Loss: 0.4917
2025-09-12 22:34:39,584 - Test Accurancy: 0.8293
2025-09-12 22:34:39,584 - Attack Success Rate: 0.0878
2025-09-12 22:34:43,767 - DPD clipping bound C_t: 1.0383890271186829
2025-09-12 22:34:43,770 - DPD noise norm:23.708528518676758
2025-09-12 22:34:43,780 - Round number: 9 --------------------------
2025-09-12 22:34:43,780 - Evaluate global model
2025-09-12 22:34:46,304 - Averaged Train Loss: 0.4777
2025-09-12 22:34:46,305 - Test Accurancy: 0.8346
2025-09-12 22:34:46,305 - Attack Success Rate: 0.0798
2025-09-12 22:34:52,379 - DPD clipping bound C_t: 1.01367849111557
2025-09-12 22:34:52,391 - DPD noise norm:23.205705642700195
2025-09-12 22:34:52,419 - Round number: 10 --------------------------
2025-09-12 22:34:52,420 - Evaluate global model
2025-09-12 22:34:59,364 - Averaged Train Loss: 0.4480
2025-09-12 22:34:59,374 - Test Accurancy: 0.8470
2025-09-12 22:34:59,374 - Attack Success Rate: 0.1051
2025-09-12 22:35:10,458 - DPD clipping bound C_t: 0.9911074936389923
2025-09-12 22:35:10,469 - DPD noise norm:22.675518035888672
2025-09-12 22:35:10,482 - Round number: 11 --------------------------
2025-09-12 22:35:10,482 - Evaluate global model
2025-09-12 22:35:14,229 - Averaged Train Loss: 0.4398
2025-09-12 22:35:14,230 - Test Accurancy: 0.8495
2025-09-12 22:35:14,230 - Attack Success Rate: 0.1068
2025-09-12 22:35:19,018 - DPD clipping bound C_t: 0.964103490114212
2025-09-12 22:35:19,022 - DPD noise norm:22.10243797302246
2025-09-12 22:35:19,036 - Round number: 12 --------------------------
2025-09-12 22:35:19,036 - Evaluate global model
2025-09-12 22:35:21,319 - Averaged Train Loss: 0.4270
2025-09-12 22:35:21,320 - Test Accurancy: 0.8528
2025-09-12 22:35:21,320 - Attack Success Rate: 0.1269
2025-09-12 22:35:25,506 - DPD clipping bound C_t: 0.9252726137638092
2025-09-12 22:35:25,509 - DPD noise norm:21.145475387573242
2025-09-12 22:35:25,517 - Round number: 13 --------------------------
2025-09-12 22:35:25,517 - Evaluate global model
2025-09-12 22:35:27,459 - Averaged Train Loss: 0.4224
2025-09-12 22:35:27,460 - Test Accurancy: 0.8549
2025-09-12 22:35:27,460 - Attack Success Rate: 0.1016
2025-09-12 22:35:31,679 - DPD clipping bound C_t: 0.9183380603790283
2025-09-12 22:35:31,682 - DPD noise norm:20.997344970703125
2025-09-12 22:35:31,689 - Round number: 14 --------------------------
2025-09-12 22:35:31,689 - Evaluate global model
2025-09-12 22:35:33,683 - Averaged Train Loss: 0.4159
2025-09-12 22:35:33,683 - Test Accurancy: 0.8603
2025-09-12 22:35:33,683 - Attack Success Rate: 0.0832
2025-09-12 22:35:38,116 - DPD clipping bound C_t: 0.9190197587013245
2025-09-12 22:35:38,120 - DPD noise norm:21.016794204711914
2025-09-12 22:35:38,129 - Round number: 15 --------------------------
2025-09-12 22:35:38,129 - Evaluate global model
2025-09-12 22:35:40,697 - Averaged Train Loss: 0.4087
2025-09-12 22:35:40,699 - Test Accurancy: 0.8602
2025-09-12 22:35:40,699 - Attack Success Rate: 0.0959
2025-09-12 22:35:45,736 - DPD clipping bound C_t: 0.897510290145874
2025-09-12 22:35:45,743 - DPD noise norm:20.562713623046875
2025-09-12 22:35:45,754 - Round number: 16 --------------------------
2025-09-12 22:35:45,754 - Evaluate global model
2025-09-12 22:35:47,919 - Averaged Train Loss: 0.4006
2025-09-12 22:35:47,920 - Test Accurancy: 0.8630
2025-09-12 22:35:47,920 - Attack Success Rate: 0.1056
2025-09-12 22:35:53,879 - DPD clipping bound C_t: 0.9057663083076477
2025-09-12 22:35:53,888 - DPD noise norm:20.716968536376953
2025-09-12 22:35:53,901 - Round number: 17 --------------------------
2025-09-12 22:35:53,902 - Evaluate global model
2025-09-12 22:35:57,244 - Averaged Train Loss: 0.3899
2025-09-12 22:35:57,249 - Test Accurancy: 0.8643
2025-09-12 22:35:57,249 - Attack Success Rate: 0.1257
2025-09-12 22:36:03,132 - DPD clipping bound C_t: 0.8785303235054016
2025-09-12 22:36:03,136 - DPD noise norm:20.08863639831543
2025-09-12 22:36:03,146 - Round number: 18 --------------------------
2025-09-12 22:36:03,146 - Evaluate global model
2025-09-12 22:36:05,019 - Averaged Train Loss: 0.3915
2025-09-12 22:36:05,019 - Test Accurancy: 0.8684
2025-09-12 22:36:05,019 - Attack Success Rate: 0.0947
2025-09-12 22:36:09,854 - DPD clipping bound C_t: 0.8457381427288055
2025-09-12 22:36:09,861 - DPD noise norm:19.40529441833496
2025-09-12 22:36:09,872 - Round number: 19 --------------------------
2025-09-12 22:36:09,872 - Evaluate global model
2025-09-12 22:36:12,085 - Averaged Train Loss: 0.3844
2025-09-12 22:36:12,085 - Test Accurancy: 0.8700
2025-09-12 22:36:12,085 - Attack Success Rate: 0.1108
2025-09-12 22:36:17,469 - DPD clipping bound C_t: 0.8517037034034729
2025-09-12 22:36:17,484 - DPD noise norm:19.51554298400879
2025-09-12 22:36:17,502 - Round number: 20 --------------------------
2025-09-12 22:36:17,502 - Evaluate global model
2025-09-12 22:36:22,159 - Averaged Train Loss: 0.3803
2025-09-12 22:36:22,163 - Test Accurancy: 0.8691
2025-09-12 22:36:22,163 - Attack Success Rate: 0.1068
2025-09-12 22:36:27,552 - DPD clipping bound C_t: 0.8108550906181335
2025-09-12 22:36:27,560 - DPD noise norm:18.52389907836914
2025-09-12 22:36:27,572 - Round number: 21 --------------------------
2025-09-12 22:36:27,572 - Evaluate global model
2025-09-12 22:36:30,700 - Averaged Train Loss: 0.3789
2025-09-12 22:36:30,702 - Test Accurancy: 0.8736
2025-09-12 22:36:30,702 - Attack Success Rate: 0.0924
2025-09-12 22:36:35,741 - DPD clipping bound C_t: 0.8144766986370087
2025-09-12 22:36:35,744 - DPD noise norm:18.647998809814453
2025-09-12 22:36:35,752 - Round number: 22 --------------------------
2025-09-12 22:36:35,752 - Evaluate global model
2025-09-12 22:36:37,791 - Averaged Train Loss: 0.3712
2025-09-12 22:36:37,791 - Test Accurancy: 0.8752
2025-09-12 22:36:37,791 - Attack Success Rate: 0.1045
2025-09-12 22:36:42,299 - DPD clipping bound C_t: 0.8017041087150574
2025-09-12 22:36:42,302 - DPD noise norm:18.324134826660156
2025-09-12 22:36:42,310 - Round number: 23 --------------------------
2025-09-12 22:36:42,310 - Evaluate global model
2025-09-12 22:36:44,105 - Averaged Train Loss: 0.3660
2025-09-12 22:36:44,106 - Test Accurancy: 0.8754
2025-09-12 22:36:44,106 - Attack Success Rate: 0.1051
2025-09-12 22:36:48,268 - DPD clipping bound C_t: 0.808074027299881
2025-09-12 22:36:48,271 - DPD noise norm:18.477153778076172
2025-09-12 22:36:48,279 - Round number: 24 --------------------------
2025-09-12 22:36:48,279 - Evaluate global model
2025-09-12 22:36:50,126 - Averaged Train Loss: 0.3613
2025-09-12 22:36:50,127 - Test Accurancy: 0.8767
2025-09-12 22:36:50,127 - Attack Success Rate: 0.1114
2025-09-12 22:36:54,230 - DPD clipping bound C_t: 0.786475419998169
2025-09-12 22:36:54,234 - DPD noise norm:18.01761817932129
2025-09-12 22:36:54,246 - Round number: 25 --------------------------
2025-09-12 22:36:54,246 - Evaluate global model
2025-09-12 22:36:56,243 - Averaged Train Loss: 0.3599
2025-09-12 22:36:56,243 - Test Accurancy: 0.8776
2025-09-12 22:36:56,244 - Attack Success Rate: 0.1016
2025-09-12 22:37:00,170 - DPD clipping bound C_t: 0.7684374153614044
2025-09-12 22:37:00,176 - DPD noise norm:17.582427978515625
2025-09-12 22:37:00,186 - Round number: 26 --------------------------
2025-09-12 22:37:00,186 - Evaluate global model
2025-09-12 22:37:02,009 - Averaged Train Loss: 0.3530
2025-09-12 22:37:02,009 - Test Accurancy: 0.8807
2025-09-12 22:37:02,009 - Attack Success Rate: 0.0970
2025-09-12 22:37:06,120 - DPD clipping bound C_t: 0.7593210339546204
2025-09-12 22:37:06,123 - DPD noise norm:17.385772705078125
2025-09-12 22:37:06,131 - Round number: 27 --------------------------
2025-09-12 22:37:06,131 - Evaluate global model
2025-09-12 22:37:08,072 - Averaged Train Loss: 0.3508
2025-09-12 22:37:08,073 - Test Accurancy: 0.8792
2025-09-12 22:37:08,073 - Attack Success Rate: 0.1068
2025-09-12 22:37:12,080 - DPD clipping bound C_t: 0.770958423614502
2025-09-12 22:37:12,083 - DPD noise norm:17.646739959716797
2025-09-12 22:37:12,091 - Round number: 28 --------------------------
2025-09-12 22:37:12,091 - Evaluate global model
2025-09-12 22:37:14,079 - Averaged Train Loss: 0.3488
2025-09-12 22:37:14,080 - Test Accurancy: 0.8817
2025-09-12 22:37:14,080 - Attack Success Rate: 0.0947
2025-09-12 22:37:18,130 - DPD clipping bound C_t: 0.7485051155090332
2025-09-12 22:37:18,136 - DPD noise norm:17.12907600402832
2025-09-12 22:37:18,146 - Round number: 29 --------------------------
2025-09-12 22:37:18,147 - Evaluate global model
2025-09-12 22:37:20,005 - Averaged Train Loss: 0.3425
2025-09-12 22:37:20,005 - Test Accurancy: 0.8816
2025-09-12 22:37:20,005 - Attack Success Rate: 0.1091
2025-09-12 22:37:24,086 - DPD clipping bound C_t: 0.7302672266960144
2025-09-12 22:37:24,090 - DPD noise norm:16.745174407958984
2025-09-12 22:37:24,098 - Round number: 30 --------------------------
2025-09-12 22:37:24,098 - Evaluate global model
2025-09-12 22:37:26,066 - Averaged Train Loss: 0.3445
2025-09-12 22:37:26,068 - Test Accurancy: 0.8812
2025-09-12 22:37:26,068 - Attack Success Rate: 0.0913
2025-09-12 22:37:30,545 - DPD clipping bound C_t: 0.726502925157547
2025-09-12 22:37:30,548 - DPD noise norm:16.62382698059082
2025-09-12 22:37:30,556 - Round number: 31 --------------------------
2025-09-12 22:37:30,556 - Evaluate global model
2025-09-12 22:37:32,536 - Averaged Train Loss: 0.3395
2025-09-12 22:37:32,537 - Test Accurancy: 0.8841
2025-09-12 22:37:32,537 - Attack Success Rate: 0.0941
2025-09-12 22:37:36,625 - DPD clipping bound C_t: 0.7077210247516632
2025-09-12 22:37:36,628 - DPD noise norm:16.188692092895508
2025-09-12 22:37:36,635 - Round number: 32 --------------------------
2025-09-12 22:37:36,636 - Evaluate global model
2025-09-12 22:37:38,597 - Averaged Train Loss: 0.3401
2025-09-12 22:37:38,598 - Test Accurancy: 0.8857
2025-09-12 22:37:38,598 - Attack Success Rate: 0.0999
2025-09-12 22:37:42,588 - DPD clipping bound C_t: 0.6966509222984314
2025-09-12 22:37:42,591 - DPD noise norm:15.941522598266602
2025-09-12 22:37:42,599 - Round number: 33 --------------------------
2025-09-12 22:37:42,599 - Evaluate global model
2025-09-12 22:37:44,507 - Averaged Train Loss: 0.3369
2025-09-12 22:37:44,508 - Test Accurancy: 0.8857
2025-09-12 22:37:44,508 - Attack Success Rate: 0.1005
2025-09-12 22:37:48,691 - DPD clipping bound C_t: 0.7034420967102051
2025-09-12 22:37:48,694 - DPD noise norm:16.087879180908203
2025-09-12 22:37:48,703 - Round number: 34 --------------------------
2025-09-12 22:37:48,703 - Evaluate global model
2025-09-12 22:37:50,597 - Averaged Train Loss: 0.3355
2025-09-12 22:37:50,597 - Test Accurancy: 0.8857
2025-09-12 22:37:50,597 - Attack Success Rate: 0.1005
2025-09-12 22:37:54,507 - DPD clipping bound C_t: 0.6773025393486023
2025-09-12 22:37:54,510 - DPD noise norm:15.515204429626465
2025-09-12 22:37:54,517 - Round number: 35 --------------------------
2025-09-12 22:37:54,517 - Evaluate global model
2025-09-12 22:37:56,383 - Averaged Train Loss: 0.3305
2025-09-12 22:37:56,383 - Test Accurancy: 0.8874
2025-09-12 22:37:56,383 - Attack Success Rate: 0.0924
2025-09-12 22:38:00,423 - DPD clipping bound C_t: 0.6710882186889648
2025-09-12 22:38:00,433 - DPD noise norm:15.34603214263916
2025-09-12 22:38:00,445 - Round number: 36 --------------------------
2025-09-12 22:38:00,445 - Evaluate global model
2025-09-12 22:38:02,392 - Averaged Train Loss: 0.3321
2025-09-12 22:38:02,392 - Test Accurancy: 0.8880
2025-09-12 22:38:02,392 - Attack Success Rate: 0.0815
2025-09-12 22:38:06,406 - DPD clipping bound C_t: 0.6601489186286926
2025-09-12 22:38:06,409 - DPD noise norm:15.111076354980469
2025-09-12 22:38:06,424 - Round number: 37 --------------------------
2025-09-12 22:38:06,424 - Evaluate global model
2025-09-12 22:38:08,311 - Averaged Train Loss: 0.3305
2025-09-12 22:38:08,312 - Test Accurancy: 0.8871
2025-09-12 22:38:08,312 - Attack Success Rate: 0.0878
2025-09-12 22:38:12,386 - DPD clipping bound C_t: 0.6528136432170868
2025-09-12 22:38:12,389 - DPD noise norm:14.936341285705566
2025-09-12 22:38:12,397 - Round number: 38 --------------------------
2025-09-12 22:38:12,397 - Evaluate global model
2025-09-12 22:38:14,358 - Averaged Train Loss: 0.3301
2025-09-12 22:38:14,358 - Test Accurancy: 0.8885
2025-09-12 22:38:14,358 - Attack Success Rate: 0.0867
2025-09-12 22:38:18,230 - DPD clipping bound C_t: 0.6516208350658417
2025-09-12 22:38:18,233 - DPD noise norm:14.923903465270996
2025-09-12 22:38:18,247 - Round number: 39 --------------------------
2025-09-12 22:38:18,248 - Evaluate global model
2025-09-12 22:38:20,176 - Averaged Train Loss: 0.3273
2025-09-12 22:38:20,176 - Test Accurancy: 0.8894
2025-09-12 22:38:20,176 - Attack Success Rate: 0.0809
2025-09-12 22:38:24,134 - DPD clipping bound C_t: 0.6322288513183594
2025-09-12 22:38:24,137 - DPD noise norm:14.485910415649414
2025-09-12 22:38:24,145 - Round number: 40 --------------------------
2025-09-12 22:38:24,145 - Evaluate global model
2025-09-12 22:38:26,143 - Averaged Train Loss: 0.3218
2025-09-12 22:38:26,144 - Test Accurancy: 0.8876
2025-09-12 22:38:26,144 - Attack Success Rate: 0.0947
2025-09-12 22:38:30,357 - DPD clipping bound C_t: 0.6345513463020325
2025-09-12 22:38:30,361 - DPD noise norm:14.510804176330566
2025-09-12 22:38:30,370 - Round number: 41 --------------------------
2025-09-12 22:38:30,370 - Evaluate global model
2025-09-12 22:38:32,443 - Averaged Train Loss: 0.3221
2025-09-12 22:38:32,443 - Test Accurancy: 0.8901
2025-09-12 22:38:32,443 - Attack Success Rate: 0.0959
2025-09-12 22:38:36,716 - DPD clipping bound C_t: 0.641908198595047
2025-09-12 22:38:36,719 - DPD noise norm:14.681312561035156
2025-09-12 22:38:36,727 - Round number: 42 --------------------------
2025-09-12 22:38:36,727 - Evaluate global model
2025-09-12 22:38:38,730 - Averaged Train Loss: 0.3196
2025-09-12 22:38:38,731 - Test Accurancy: 0.8898
2025-09-12 22:38:38,731 - Attack Success Rate: 0.1051
2025-09-12 22:38:42,993 - DPD clipping bound C_t: 0.6179016530513763
2025-09-12 22:38:42,998 - DPD noise norm:14.111652374267578
2025-09-12 22:38:43,014 - Round number: 43 --------------------------
2025-09-12 22:38:43,015 - Evaluate global model
2025-09-12 22:38:44,997 - Averaged Train Loss: 0.3194
2025-09-12 22:38:44,998 - Test Accurancy: 0.8908
2025-09-12 22:38:44,998 - Attack Success Rate: 0.0947
2025-09-12 22:38:49,145 - DPD clipping bound C_t: 0.6048605442047119
2025-09-12 22:38:49,148 - DPD noise norm:13.856951713562012
2025-09-12 22:38:49,156 - Round number: 44 --------------------------
2025-09-12 22:38:49,156 - Evaluate global model
2025-09-12 22:38:51,149 - Averaged Train Loss: 0.3164
2025-09-12 22:38:51,149 - Test Accurancy: 0.8919
2025-09-12 22:38:51,149 - Attack Success Rate: 0.0878
2025-09-12 22:38:55,196 - DPD clipping bound C_t: 0.6008197963237762
2025-09-12 22:38:55,199 - DPD noise norm:13.75205135345459
2025-09-12 22:38:55,207 - Round number: 45 --------------------------
2025-09-12 22:38:55,207 - Evaluate global model
2025-09-12 22:38:57,245 - Averaged Train Loss: 0.3156
2025-09-12 22:38:57,245 - Test Accurancy: 0.8924
2025-09-12 22:38:57,245 - Attack Success Rate: 0.0896
2025-09-12 22:39:01,261 - DPD clipping bound C_t: 0.583200067281723
2025-09-12 22:39:01,264 - DPD noise norm:13.33695125579834
2025-09-12 22:39:01,272 - Round number: 46 --------------------------
2025-09-12 22:39:01,272 - Evaluate global model
2025-09-12 22:39:03,229 - Averaged Train Loss: 0.3163
2025-09-12 22:39:03,230 - Test Accurancy: 0.8926
2025-09-12 22:39:03,230 - Attack Success Rate: 0.0832
2025-09-12 22:39:07,535 - DPD clipping bound C_t: 0.5809473097324371
2025-09-12 22:39:07,538 - DPD noise norm:13.30526351928711
2025-09-12 22:39:07,547 - Round number: 47 --------------------------
2025-09-12 22:39:07,547 - Evaluate global model
2025-09-12 22:39:09,505 - Averaged Train Loss: 0.3164
2025-09-12 22:39:09,506 - Test Accurancy: 0.8927
2025-09-12 22:39:09,506 - Attack Success Rate: 0.0792
2025-09-12 22:39:13,616 - DPD clipping bound C_t: 0.5779430568218231
2025-09-12 22:39:13,620 - DPD noise norm:13.221174240112305
2025-09-12 22:39:13,629 - Round number: 48 --------------------------
2025-09-12 22:39:13,629 - Evaluate global model
2025-09-12 22:39:15,809 - Averaged Train Loss: 0.3159
2025-09-12 22:39:15,810 - Test Accurancy: 0.8932
2025-09-12 22:39:15,810 - Attack Success Rate: 0.0861
2025-09-12 22:39:19,850 - DPD clipping bound C_t: 0.565941333770752
2025-09-12 22:39:19,853 - DPD noise norm:12.946642875671387
2025-09-12 22:39:19,861 - Round number: 49 --------------------------
2025-09-12 22:39:19,861 - Evaluate global model
2025-09-12 22:39:21,739 - Averaged Train Loss: 0.3130
2025-09-12 22:39:21,739 - Test Accurancy: 0.8933
2025-09-12 22:39:21,739 - Attack Success Rate: 0.0861
2025-09-12 22:39:25,695 - DPD clipping bound C_t: 0.556139200925827
2025-09-12 22:39:25,699 - DPD noise norm:12.737960815429688
2025-09-12 22:39:25,707 - Round number: 50 --------------------------
2025-09-12 22:39:25,707 - Evaluate global model
2025-09-12 22:39:27,585 - Averaged Train Loss: 0.3062
2025-09-12 22:39:27,586 - Test Accurancy: 0.8937
2025-09-12 22:39:27,586 - Attack Success Rate: 0.0941
2025-09-12 22:39:31,650 - DPD clipping bound C_t: 0.5509204268455505
2025-09-12 22:39:31,654 - DPD noise norm:12.613138198852539
2025-09-12 22:39:31,662 - Round number: 51 --------------------------
2025-09-12 22:39:31,662 - Evaluate global model
2025-09-12 22:39:33,574 - Averaged Train Loss: 0.3078
2025-09-12 22:39:33,574 - Test Accurancy: 0.8933
2025-09-12 22:39:33,574 - Attack Success Rate: 0.0930
2025-09-12 22:39:37,478 - DPD clipping bound C_t: 0.5448486804962158
2025-09-12 22:39:37,481 - DPD noise norm:12.480046272277832
2025-09-12 22:39:37,489 - Round number: 52 --------------------------
2025-09-12 22:39:37,489 - Evaluate global model
2025-09-12 22:39:39,464 - Averaged Train Loss: 0.3126
2025-09-12 22:39:39,464 - Test Accurancy: 0.8924
2025-09-12 22:39:39,464 - Attack Success Rate: 0.0855
2025-09-12 22:39:43,460 - DPD clipping bound C_t: 0.5252196192741394
2025-09-12 22:39:43,463 - DPD noise norm:12.02791976928711
2025-09-12 22:39:43,471 - Round number: 53 --------------------------
2025-09-12 22:39:43,471 - Evaluate global model
2025-09-12 22:39:45,330 - Averaged Train Loss: 0.3066
2025-09-12 22:39:45,330 - Test Accurancy: 0.8941
2025-09-12 22:39:45,330 - Attack Success Rate: 0.0873
2025-09-12 22:39:49,543 - DPD clipping bound C_t: 0.531360000371933
2025-09-12 22:39:49,547 - DPD noise norm:12.158126831054688
2025-09-12 22:39:49,558 - Round number: 54 --------------------------
2025-09-12 22:39:49,558 - Evaluate global model
2025-09-12 22:39:51,448 - Averaged Train Loss: 0.3048
2025-09-12 22:39:51,448 - Test Accurancy: 0.8946
2025-09-12 22:39:51,448 - Attack Success Rate: 0.0844
2025-09-12 22:39:55,549 - DPD clipping bound C_t: 0.5331193804740906
2025-09-12 22:39:55,553 - DPD noise norm:12.189689636230469
2025-09-12 22:39:55,562 - Round number: 55 --------------------------
2025-09-12 22:39:55,562 - Evaluate global model
2025-09-12 22:39:57,334 - Averaged Train Loss: 0.3060
2025-09-12 22:39:57,335 - Test Accurancy: 0.8949
2025-09-12 22:39:57,335 - Attack Success Rate: 0.0815
2025-09-12 22:40:01,596 - DPD clipping bound C_t: 0.5201634168624878
2025-09-12 22:40:01,599 - DPD noise norm:11.906922340393066
2025-09-12 22:40:01,607 - Round number: 56 --------------------------
2025-09-12 22:40:01,607 - Evaluate global model
2025-09-12 22:40:03,430 - Averaged Train Loss: 0.3068
2025-09-12 22:40:03,430 - Test Accurancy: 0.8943
2025-09-12 22:40:03,430 - Attack Success Rate: 0.0763
2025-09-12 22:40:07,490 - DPD clipping bound C_t: 0.5061552822589874
2025-09-12 22:40:07,494 - DPD noise norm:11.587271690368652
2025-09-12 22:40:07,507 - Round number: 57 --------------------------
2025-09-12 22:40:07,507 - Evaluate global model
2025-09-12 22:40:09,440 - Averaged Train Loss: 0.3044
2025-09-12 22:40:09,441 - Test Accurancy: 0.8943
2025-09-12 22:40:09,441 - Attack Success Rate: 0.0821
2025-09-12 22:40:13,547 - DPD clipping bound C_t: 0.4986795485019684
2025-09-12 22:40:13,555 - DPD noise norm:11.425019264221191
2025-09-12 22:40:13,563 - Round number: 58 --------------------------
2025-09-12 22:40:13,563 - Evaluate global model
2025-09-12 22:40:15,505 - Averaged Train Loss: 0.3047
2025-09-12 22:40:15,506 - Test Accurancy: 0.8934
2025-09-12 22:40:15,506 - Attack Success Rate: 0.0907
2025-09-12 22:40:19,632 - DPD clipping bound C_t: 0.49599801003932953
2025-09-12 22:40:19,636 - DPD noise norm:11.343924522399902
2025-09-12 22:40:19,644 - Round number: 59 --------------------------
2025-09-12 22:40:19,644 - Evaluate global model
2025-09-12 22:40:21,509 - Averaged Train Loss: 0.3025
2025-09-12 22:40:21,510 - Test Accurancy: 0.8953
2025-09-12 22:40:21,510 - Attack Success Rate: 0.0873
2025-09-12 22:40:25,605 - DPD clipping bound C_t: 0.48175351321697235
2025-09-12 22:40:25,608 - DPD noise norm:11.019771575927734
2025-09-12 22:40:25,616 - Round number: 60 --------------------------
2025-09-12 22:40:25,616 - Evaluate global model
2025-09-12 22:40:27,400 - Averaged Train Loss: 0.3028
2025-09-12 22:40:27,401 - Test Accurancy: 0.8959
2025-09-12 22:40:27,401 - Attack Success Rate: 0.0763
2025-09-12 22:40:31,736 - DPD clipping bound C_t: 0.48832766711711884
2025-09-12 22:40:31,740 - DPD noise norm:11.177595138549805
2025-09-12 22:40:31,749 - Round number: 61 --------------------------
2025-09-12 22:40:31,749 - Evaluate global model
2025-09-12 22:40:33,613 - Averaged Train Loss: 0.3018
2025-09-12 22:40:33,613 - Test Accurancy: 0.8951
2025-09-12 22:40:33,613 - Attack Success Rate: 0.0798
2025-09-12 22:40:37,800 - DPD clipping bound C_t: 0.476109117269516
2025-09-12 22:40:37,802 - DPD noise norm:10.906800270080566
2025-09-12 22:40:37,810 - Round number: 62 --------------------------
2025-09-12 22:40:37,811 - Evaluate global model
2025-09-12 22:40:39,582 - Averaged Train Loss: 0.3027
2025-09-12 22:40:39,583 - Test Accurancy: 0.8950
2025-09-12 22:40:39,584 - Attack Success Rate: 0.0798
2025-09-12 22:40:43,690 - DPD clipping bound C_t: 0.46744807064533234
2025-09-12 22:40:43,694 - DPD noise norm:10.701560974121094
2025-09-12 22:40:43,702 - Round number: 63 --------------------------
2025-09-12 22:40:43,702 - Evaluate global model
2025-09-12 22:40:45,544 - Averaged Train Loss: 0.3017
2025-09-12 22:40:45,544 - Test Accurancy: 0.8949
2025-09-12 22:40:45,544 - Attack Success Rate: 0.0781
2025-09-12 22:40:49,767 - DPD clipping bound C_t: 0.4704575389623642
2025-09-12 22:40:49,770 - DPD noise norm:10.779085159301758
2025-09-12 22:40:49,777 - Round number: 64 --------------------------
2025-09-12 22:40:49,777 - Evaluate global model
2025-09-12 22:40:51,604 - Averaged Train Loss: 0.2997
2025-09-12 22:40:51,605 - Test Accurancy: 0.8965
2025-09-12 22:40:51,605 - Attack Success Rate: 0.0677
2025-09-12 22:40:55,917 - DPD clipping bound C_t: 0.45337866246700287
2025-09-12 22:40:55,920 - DPD noise norm:10.38523006439209
2025-09-12 22:40:55,929 - Round number: 65 --------------------------
2025-09-12 22:40:55,929 - Evaluate global model
2025-09-12 22:40:57,817 - Averaged Train Loss: 0.2951
2025-09-12 22:40:57,817 - Test Accurancy: 0.8960
2025-09-12 22:40:57,817 - Attack Success Rate: 0.0815
2025-09-12 22:41:02,110 - DPD clipping bound C_t: 0.4542742669582367
2025-09-12 22:41:02,114 - DPD noise norm:10.41012954711914
2025-09-12 22:41:02,126 - Round number: 66 --------------------------
2025-09-12 22:41:02,126 - Evaluate global model
2025-09-12 22:41:03,871 - Averaged Train Loss: 0.2963
2025-09-12 22:41:03,871 - Test Accurancy: 0.8969
2025-09-12 22:41:03,871 - Attack Success Rate: 0.0741
2025-09-12 22:41:08,085 - DPD clipping bound C_t: 0.4440813958644867
2025-09-12 22:41:08,088 - DPD noise norm:10.175232887268066
2025-09-12 22:41:08,096 - Round number: 67 --------------------------
2025-09-12 22:41:08,096 - Evaluate global model
2025-09-12 22:41:10,024 - Averaged Train Loss: 0.2960
2025-09-12 22:41:10,024 - Test Accurancy: 0.8960
2025-09-12 22:41:10,024 - Attack Success Rate: 0.0786
2025-09-12 22:41:14,283 - DPD clipping bound C_t: 0.4396235793828964
2025-09-12 22:41:14,287 - DPD noise norm:10.054792404174805
2025-09-12 22:41:14,296 - Round number: 68 --------------------------
2025-09-12 22:41:14,296 - Evaluate global model
2025-09-12 22:41:16,207 - Averaged Train Loss: 0.2956
2025-09-12 22:41:16,208 - Test Accurancy: 0.8958
2025-09-12 22:41:16,208 - Attack Success Rate: 0.0775
2025-09-12 22:41:20,522 - DPD clipping bound C_t: 0.43647830188274384
2025-09-12 22:41:20,526 - DPD noise norm:9.99634838104248
2025-09-12 22:41:20,534 - Round number: 69 --------------------------
2025-09-12 22:41:20,534 - Evaluate global model
2025-09-12 22:41:22,459 - Averaged Train Loss: 0.2927
2025-09-12 22:41:22,460 - Test Accurancy: 0.8969
2025-09-12 22:41:22,460 - Attack Success Rate: 0.0752
2025-09-12 22:41:27,883 - DPD clipping bound C_t: 0.4286234676837921
2025-09-12 22:41:27,887 - DPD noise norm:9.814887046813965
2025-09-12 22:41:27,897 - Round number: 70 --------------------------
2025-09-12 22:41:27,897 - Evaluate global model
2025-09-12 22:41:30,136 - Averaged Train Loss: 0.2966
2025-09-12 22:41:30,137 - Test Accurancy: 0.8975
2025-09-12 22:41:30,137 - Attack Success Rate: 0.0695
2025-09-12 22:41:34,797 - DPD clipping bound C_t: 0.4172663241624832
2025-09-12 22:41:34,800 - DPD noise norm:9.543174743652344
2025-09-12 22:41:34,808 - Round number: 71 --------------------------
2025-09-12 22:41:34,808 - Evaluate global model
2025-09-12 22:41:36,605 - Averaged Train Loss: 0.2929
2025-09-12 22:41:36,606 - Test Accurancy: 0.8959
2025-09-12 22:41:36,606 - Attack Success Rate: 0.0827
2025-09-12 22:41:40,929 - DPD clipping bound C_t: 0.4129825234413147
2025-09-12 22:41:40,932 - DPD noise norm:9.457674980163574
2025-09-12 22:41:40,941 - Round number: 72 --------------------------
2025-09-12 22:41:40,941 - Evaluate global model
2025-09-12 22:41:42,790 - Averaged Train Loss: 0.2936
2025-09-12 22:41:42,791 - Test Accurancy: 0.8957
2025-09-12 22:41:42,791 - Attack Success Rate: 0.0781
2025-09-12 22:41:46,921 - DPD clipping bound C_t: 0.40904700756073
2025-09-12 22:41:46,923 - DPD noise norm:9.36621379852295
2025-09-12 22:41:46,931 - Round number: 73 --------------------------
2025-09-12 22:41:46,931 - Evaluate global model
2025-09-12 22:41:48,675 - Averaged Train Loss: 0.2931
2025-09-12 22:41:48,675 - Test Accurancy: 0.8964
2025-09-12 22:41:48,676 - Attack Success Rate: 0.0763
2025-09-12 22:41:52,954 - DPD clipping bound C_t: 0.41038140654563904
2025-09-12 22:41:52,957 - DPD noise norm:9.404287338256836
2025-09-12 22:41:52,965 - Round number: 74 --------------------------
2025-09-12 22:41:52,965 - Evaluate global model
2025-09-12 22:41:54,801 - Averaged Train Loss: 0.2905
2025-09-12 22:41:54,801 - Test Accurancy: 0.8973
2025-09-12 22:41:54,801 - Attack Success Rate: 0.0832
2025-09-12 22:41:59,043 - DPD clipping bound C_t: 0.40066415071487427
2025-09-12 22:41:59,047 - DPD noise norm:9.176787376403809
2025-09-12 22:41:59,063 - Round number: 75 --------------------------
2025-09-12 22:41:59,064 - Evaluate global model
2025-09-12 22:42:01,000 - Averaged Train Loss: 0.2911
2025-09-12 22:42:01,001 - Test Accurancy: 0.8988
2025-09-12 22:42:01,001 - Attack Success Rate: 0.0689
2025-09-12 22:42:05,075 - DPD clipping bound C_t: 0.3962896913290024
2025-09-12 22:42:05,078 - DPD noise norm:9.084907531738281
2025-09-12 22:42:05,086 - Round number: 76 --------------------------
2025-09-12 22:42:05,087 - Evaluate global model
2025-09-12 22:42:06,930 - Averaged Train Loss: 0.2921
2025-09-12 22:42:06,931 - Test Accurancy: 0.8987
2025-09-12 22:42:06,931 - Attack Success Rate: 0.0666
2025-09-12 22:42:11,055 - DPD clipping bound C_t: 0.3910970836877823
2025-09-12 22:42:11,058 - DPD noise norm:8.952066421508789
2025-09-12 22:42:11,066 - Round number: 77 --------------------------
2025-09-12 22:42:11,066 - Evaluate global model
2025-09-12 22:42:12,912 - Averaged Train Loss: 0.2881
2025-09-12 22:42:12,912 - Test Accurancy: 0.8975
2025-09-12 22:42:12,912 - Attack Success Rate: 0.0798
2025-09-12 22:42:17,091 - DPD clipping bound C_t: 0.3876420557498932
2025-09-12 22:42:17,094 - DPD noise norm:8.88358211517334
2025-09-12 22:42:17,102 - Round number: 78 --------------------------
2025-09-12 22:42:17,102 - Evaluate global model
2025-09-12 22:42:19,002 - Averaged Train Loss: 0.2902
2025-09-12 22:42:19,002 - Test Accurancy: 0.8987
2025-09-12 22:42:19,002 - Attack Success Rate: 0.0712
2025-09-12 22:42:23,398 - DPD clipping bound C_t: 0.3838641494512558
2025-09-12 22:42:23,401 - DPD noise norm:8.776725769042969
2025-09-12 22:42:23,409 - Round number: 79 --------------------------
2025-09-12 22:42:23,410 - Evaluate global model
2025-09-12 22:42:25,217 - Averaged Train Loss: 0.2868
2025-09-12 22:42:25,218 - Test Accurancy: 0.8977
2025-09-12 22:42:25,218 - Attack Success Rate: 0.0786
2025-09-12 22:42:29,395 - DPD clipping bound C_t: 0.37384775280952454
2025-09-12 22:42:29,399 - DPD noise norm:8.548572540283203
2025-09-12 22:42:29,411 - Round number: 80 --------------------------
2025-09-12 22:42:29,411 - Evaluate global model
2025-09-12 22:42:31,239 - Averaged Train Loss: 0.2860
2025-09-12 22:42:31,239 - Test Accurancy: 0.8979
2025-09-12 22:42:31,239 - Attack Success Rate: 0.0723
2025-09-12 22:42:35,534 - DPD clipping bound C_t: 0.3739984631538391
2025-09-12 22:42:35,537 - DPD noise norm:8.569023132324219
2025-09-12 22:42:35,545 - Round number: 81 --------------------------
2025-09-12 22:42:35,545 - Evaluate global model
2025-09-12 22:42:37,465 - Averaged Train Loss: 0.2876
2025-09-12 22:42:37,465 - Test Accurancy: 0.8983
2025-09-12 22:42:37,465 - Attack Success Rate: 0.0723
2025-09-12 22:42:41,548 - DPD clipping bound C_t: 0.367378905415535
2025-09-12 22:42:41,552 - DPD noise norm:8.410687446594238
2025-09-12 22:42:41,561 - Round number: 82 --------------------------
2025-09-12 22:42:41,561 - Evaluate global model
2025-09-12 22:42:43,294 - Averaged Train Loss: 0.2871
2025-09-12 22:42:43,294 - Test Accurancy: 0.8980
2025-09-12 22:42:43,294 - Attack Success Rate: 0.0735
2025-09-12 22:42:47,523 - DPD clipping bound C_t: 0.36537787318229675
2025-09-12 22:42:47,526 - DPD noise norm:8.354406356811523
2025-09-12 22:42:47,534 - Round number: 83 --------------------------
2025-09-12 22:42:47,534 - Evaluate global model
2025-09-12 22:42:49,469 - Averaged Train Loss: 0.2856
2025-09-12 22:42:49,470 - Test Accurancy: 0.8980
2025-09-12 22:42:49,470 - Attack Success Rate: 0.0775
2025-09-12 22:42:53,464 - DPD clipping bound C_t: 0.35925911366939545
2025-09-12 22:42:53,466 - DPD noise norm:8.211106300354004
2025-09-12 22:42:53,473 - Round number: 84 --------------------------
2025-09-12 22:42:53,473 - Evaluate global model
2025-09-12 22:42:55,300 - Averaged Train Loss: 0.2851
2025-09-12 22:42:55,300 - Test Accurancy: 0.8982
2025-09-12 22:42:55,300 - Attack Success Rate: 0.0758
2025-09-12 22:42:59,557 - DPD clipping bound C_t: 0.35007332265377045
2025-09-12 22:42:59,560 - DPD noise norm:8.01611042022705
2025-09-12 22:42:59,571 - Round number: 85 --------------------------
2025-09-12 22:42:59,571 - Evaluate global model
2025-09-12 22:43:01,504 - Averaged Train Loss: 0.2855
2025-09-12 22:43:01,504 - Test Accurancy: 0.8983
2025-09-12 22:43:01,505 - Attack Success Rate: 0.0735
2025-09-12 22:43:06,525 - DPD clipping bound C_t: 0.35088755190372467
2025-09-12 22:43:06,536 - DPD noise norm:8.03764533996582
2025-09-12 22:43:06,555 - Round number: 86 --------------------------
2025-09-12 22:43:06,555 - Evaluate global model
2025-09-12 22:43:08,621 - Averaged Train Loss: 0.2826
2025-09-12 22:43:08,621 - Test Accurancy: 0.8980
2025-09-12 22:43:08,621 - Attack Success Rate: 0.0786
2025-09-12 22:43:13,850 - DPD clipping bound C_t: 0.3470700532197952
2025-09-12 22:43:13,854 - DPD noise norm:7.935399532318115
2025-09-12 22:43:13,865 - Round number: 87 --------------------------
2025-09-12 22:43:13,865 - Evaluate global model
2025-09-12 22:43:16,024 - Averaged Train Loss: 0.2807
2025-09-12 22:43:16,026 - Test Accurancy: 0.8987
2025-09-12 22:43:16,026 - Attack Success Rate: 0.0827
2025-09-12 22:43:20,251 - DPD clipping bound C_t: 0.3415529280900955
2025-09-12 22:43:20,254 - DPD noise norm:7.824738502502441
2025-09-12 22:43:20,268 - Round number: 88 --------------------------
2025-09-12 22:43:20,268 - Evaluate global model
2025-09-12 22:43:22,239 - Averaged Train Loss: 0.2816
2025-09-12 22:43:22,239 - Test Accurancy: 0.8988
2025-09-12 22:43:22,239 - Attack Success Rate: 0.0798
2025-09-12 22:43:26,447 - DPD clipping bound C_t: 0.338631346821785
2025-09-12 22:43:26,450 - DPD noise norm:7.759092807769775
2025-09-12 22:43:26,462 - Round number: 89 --------------------------
2025-09-12 22:43:26,462 - Evaluate global model
2025-09-12 22:43:28,301 - Averaged Train Loss: 0.2819
2025-09-12 22:43:28,302 - Test Accurancy: 0.8985
2025-09-12 22:43:28,302 - Attack Success Rate: 0.0723
2025-09-12 22:43:32,556 - DPD clipping bound C_t: 0.33326396346092224
2025-09-12 22:43:32,559 - DPD noise norm:7.635059356689453
2025-09-12 22:43:32,569 - Round number: 90 --------------------------
2025-09-12 22:43:32,569 - Evaluate global model
2025-09-12 22:43:34,784 - Averaged Train Loss: 0.2849
2025-09-12 22:43:34,784 - Test Accurancy: 0.8977
2025-09-12 22:43:34,785 - Attack Success Rate: 0.0723
2025-09-12 22:43:38,906 - DPD clipping bound C_t: 0.3311313986778259
2025-09-12 22:43:38,909 - DPD noise norm:7.59190034866333
2025-09-12 22:43:38,918 - Round number: 91 --------------------------
2025-09-12 22:43:38,918 - Evaluate global model
2025-09-12 22:43:41,056 - Averaged Train Loss: 0.2815
2025-09-12 22:43:41,057 - Test Accurancy: 0.8989
2025-09-12 22:43:41,057 - Attack Success Rate: 0.0706
2025-09-12 22:43:44,894 - DPD clipping bound C_t: 0.325779527425766
2025-09-12 22:43:44,897 - DPD noise norm:7.443192005157471
2025-09-12 22:43:44,905 - Round number: 92 --------------------------
2025-09-12 22:43:44,905 - Evaluate global model
2025-09-12 22:43:46,898 - Averaged Train Loss: 0.2789
2025-09-12 22:43:46,899 - Test Accurancy: 0.8989
2025-09-12 22:43:46,899 - Attack Success Rate: 0.0758
2025-09-12 22:43:51,059 - DPD clipping bound C_t: 0.3264259845018387
2025-09-12 22:43:51,063 - DPD noise norm:7.468530654907227
2025-09-12 22:43:51,071 - Round number: 93 --------------------------
2025-09-12 22:43:51,071 - Evaluate global model
2025-09-12 22:43:52,985 - Averaged Train Loss: 0.2789
2025-09-12 22:43:52,986 - Test Accurancy: 0.8985
2025-09-12 22:43:52,986 - Attack Success Rate: 0.0786
2025-09-12 22:43:57,315 - DPD clipping bound C_t: 0.3213009685277939
2025-09-12 22:43:57,318 - DPD noise norm:7.340541839599609
2025-09-12 22:43:57,326 - Round number: 94 --------------------------
2025-09-12 22:43:57,326 - Evaluate global model
2025-09-12 22:43:59,225 - Averaged Train Loss: 0.2803
2025-09-12 22:43:59,226 - Test Accurancy: 0.8981
2025-09-12 22:43:59,226 - Attack Success Rate: 0.0746
2025-09-12 22:44:03,351 - DPD clipping bound C_t: 0.3155578374862671
2025-09-12 22:44:03,355 - DPD noise norm:7.230345726013184
2025-09-12 22:44:03,366 - Round number: 95 --------------------------
2025-09-12 22:44:03,366 - Evaluate global model
2025-09-12 22:44:05,258 - Averaged Train Loss: 0.2818
2025-09-12 22:44:05,258 - Test Accurancy: 0.8983
2025-09-12 22:44:05,258 - Attack Success Rate: 0.0700
2025-09-12 22:44:09,117 - DPD clipping bound C_t: 0.3106590807437897
2025-09-12 22:44:09,119 - DPD noise norm:7.1141886711120605
2025-09-12 22:44:09,127 - Round number: 96 --------------------------
2025-09-12 22:44:09,127 - Evaluate global model
2025-09-12 22:44:11,045 - Averaged Train Loss: 0.2785
2025-09-12 22:44:11,045 - Test Accurancy: 0.8981
2025-09-12 22:44:11,046 - Attack Success Rate: 0.0758
2025-09-12 22:44:15,209 - DPD clipping bound C_t: 0.31123481690883636
2025-09-12 22:44:15,216 - DPD noise norm:7.121307849884033
2025-09-12 22:44:15,225 - Round number: 97 --------------------------
2025-09-12 22:44:15,225 - Evaluate global model
2025-09-12 22:44:17,176 - Averaged Train Loss: 0.2816
2025-09-12 22:44:17,176 - Test Accurancy: 0.8985
2025-09-12 22:44:17,176 - Attack Success Rate: 0.0672
2025-09-12 22:44:21,142 - DPD clipping bound C_t: 0.3040889799594879
2025-09-12 22:44:21,145 - DPD noise norm:6.960090160369873
2025-09-12 22:44:21,153 - Round number: 98 --------------------------
2025-09-12 22:44:21,153 - Evaluate global model
2025-09-12 22:44:23,218 - Averaged Train Loss: 0.2789
2025-09-12 22:44:23,219 - Test Accurancy: 0.8982
2025-09-12 22:44:23,219 - Attack Success Rate: 0.0735
2025-09-12 22:44:27,349 - DPD clipping bound C_t: 0.298861026763916
2025-09-12 22:44:27,353 - DPD noise norm:6.839979648590088
2025-09-12 22:44:27,366 - Round number: 99 --------------------------
2025-09-12 22:44:27,367 - Evaluate global model
2025-09-12 22:44:29,271 - Averaged Train Loss: 0.2797
2025-09-12 22:44:29,272 - Test Accurancy: 0.8979
2025-09-12 22:44:29,272 - Attack Success Rate: 0.0741
2025-09-12 22:44:33,389 - DPD clipping bound C_t: 0.2976639121770859
2025-09-12 22:44:33,394 - DPD noise norm:6.804821968078613
2025-09-12 22:44:33,403 - Round number: 100 --------------------------
2025-09-12 22:44:33,403 - Evaluate global model
2025-09-12 22:44:35,235 - Averaged Train Loss: 0.2772
2025-09-12 22:44:35,235 - Test Accurancy: 0.8985
2025-09-12 22:44:35,235 - Attack Success Rate: 0.0700
2025-09-12 22:44:38,974 - DPD clipping bound C_t: 0.2934243530035019
2025-09-12 22:44:38,977 - DPD noise norm:6.730574131011963
2025-09-12 22:44:38,978 - Run over
2025-09-12 22:44:38,978 - Saving results to ./exp/exp2/FashionMNIST/0.03.h5
2025-09-12 22:44:38,985 - Best accuracy: 0.8989379924631723
2025-09-12 22:44:38,985 - Average time cost per round: 6.485183918476105
