2025-09-12 22:44:37,358 - *****************EXP-2*****************
2025-09-12 22:44:37,359 - Exp repeats: 1
2025-09-12 22:44:37,359 - Communication Rounds: 100
2025-09-12 22:44:37,359 - Clients: 40

2025-09-12 22:44:37,359 - Attack method: scale
2025-09-12 22:44:37,359 - Filtering rule: dpd
2025-09-12 22:44:37,359 - Dataset: FashionMNIST
2025-09-12 22:44:37,359 - Model: cnn
2025-09-12 22:44:37,359 - Learning Rate: 0.2
2025-09-12 22:44:37,359 - Batch Size: 64
2025-09-12 22:44:37,359 - Device: cuda
2025-09-12 22:44:37,359 - Device id: 0
2025-09-12 22:44:37,359 - DPD clipping strategy: auto
2025-09-12 22:44:37,359 - DPD noise level: 0.032
2025-09-12 22:44:37,359 - Adversaries: 8
2025-09-12 22:44:37,359 - Targeted Label Flipping: 4-->6
2025-09-12 22:44:37,359 - *****************EXP-2*****************
2025-09-12 22:44:37,641 - Running time: 0th ==========================
2025-09-12 22:44:39,290 - Round number: 0 --------------------------
2025-09-12 22:44:39,290 - Evaluate global model
2025-09-12 22:44:40,960 - Averaged Train Loss: 2.3051
2025-09-12 22:44:40,961 - Test Accurancy: 0.1321
2025-09-12 22:44:40,961 - Attack Success Rate: 0.0006
2025-09-12 22:44:44,954 - DPD clipping bound C_t: 3.443755269050598
2025-09-12 22:44:44,960 - DPD noise norm:83.93338012695312
2025-09-12 22:44:44,968 - Round number: 1 --------------------------
2025-09-12 22:44:44,968 - Evaluate global model
2025-09-12 22:44:46,477 - Averaged Train Loss: 2.2012
2025-09-12 22:44:46,477 - Test Accurancy: 0.1774
2025-09-12 22:44:46,478 - Attack Success Rate: 0.9851
2025-09-12 22:44:50,559 - DPD clipping bound C_t: 2.450836420059204
2025-09-12 22:44:50,562 - DPD noise norm:59.8281135559082
2025-09-12 22:44:50,569 - Round number: 2 --------------------------
2025-09-12 22:44:50,569 - Evaluate global model
2025-09-12 22:44:52,568 - Averaged Train Loss: 1.1423
2025-09-12 22:44:52,568 - Test Accurancy: 0.6683
2025-09-12 22:44:52,568 - Attack Success Rate: 0.2164
2025-09-12 22:44:56,473 - DPD clipping bound C_t: 1.924659013748169
2025-09-12 22:44:56,477 - DPD noise norm:47.04496765136719
2025-09-12 22:44:56,484 - Round number: 3 --------------------------
2025-09-12 22:44:56,484 - Evaluate global model
2025-09-12 22:44:58,429 - Averaged Train Loss: 0.7419
2025-09-12 22:44:58,430 - Test Accurancy: 0.7449
2025-09-12 22:44:58,430 - Attack Success Rate: 0.0947
2025-09-12 22:45:02,446 - DPD clipping bound C_t: 1.4108622074127197
2025-09-12 22:45:02,449 - DPD noise norm:34.47559356689453
2025-09-12 22:45:02,456 - Round number: 4 --------------------------
2025-09-12 22:45:02,456 - Evaluate global model
2025-09-12 22:45:04,366 - Averaged Train Loss: 0.6262
2025-09-12 22:45:04,367 - Test Accurancy: 0.7809
2025-09-12 22:45:04,367 - Attack Success Rate: 0.1154
2025-09-12 22:45:08,206 - DPD clipping bound C_t: 1.2898999452590942
2025-09-12 22:45:08,209 - DPD noise norm:31.496341705322266
2025-09-12 22:45:08,216 - Round number: 5 --------------------------
2025-09-12 22:45:08,216 - Evaluate global model
2025-09-12 22:45:10,228 - Averaged Train Loss: 0.5602
2025-09-12 22:45:10,228 - Test Accurancy: 0.8040
2025-09-12 22:45:10,228 - Attack Success Rate: 0.1464
2025-09-12 22:45:14,199 - DPD clipping bound C_t: 1.177691638469696
2025-09-12 22:45:14,202 - DPD noise norm:28.754806518554688
2025-09-12 22:45:14,210 - Round number: 6 --------------------------
2025-09-12 22:45:14,210 - Evaluate global model
2025-09-12 22:45:16,231 - Averaged Train Loss: 0.5239
2025-09-12 22:45:16,231 - Test Accurancy: 0.8165
2025-09-12 22:45:16,231 - Attack Success Rate: 0.1498
2025-09-12 22:45:20,114 - DPD clipping bound C_t: 1.1502471566200256
2025-09-12 22:45:20,117 - DPD noise norm:28.01512908935547
2025-09-12 22:45:20,125 - Round number: 7 --------------------------
2025-09-12 22:45:20,125 - Evaluate global model
2025-09-12 22:45:22,157 - Averaged Train Loss: 0.4993
2025-09-12 22:45:22,158 - Test Accurancy: 0.8284
2025-09-12 22:45:22,158 - Attack Success Rate: 0.1016
2025-09-12 22:45:26,125 - DPD clipping bound C_t: 1.0937954187393188
2025-09-12 22:45:26,128 - DPD noise norm:26.67711639404297
2025-09-12 22:45:26,136 - Round number: 8 --------------------------
2025-09-12 22:45:26,136 - Evaluate global model
2025-09-12 22:45:28,071 - Averaged Train Loss: 0.4922
2025-09-12 22:45:28,071 - Test Accurancy: 0.8293
2025-09-12 22:45:28,071 - Attack Success Rate: 0.0821
2025-09-12 22:45:32,383 - DPD clipping bound C_t: 1.0397109389305115
2025-09-12 22:45:32,386 - DPD noise norm:25.32129669189453
2025-09-12 22:45:32,395 - Round number: 9 --------------------------
2025-09-12 22:45:32,395 - Evaluate global model
2025-09-12 22:45:34,426 - Averaged Train Loss: 0.4769
2025-09-12 22:45:34,427 - Test Accurancy: 0.8352
2025-09-12 22:45:34,427 - Attack Success Rate: 0.0723
2025-09-12 22:45:38,380 - DPD clipping bound C_t: 1.0054892003536224
2025-09-12 22:45:38,390 - DPD noise norm:24.55278205871582
2025-09-12 22:45:38,398 - Round number: 10 --------------------------
2025-09-12 22:45:38,399 - Evaluate global model
2025-09-12 22:45:40,460 - Averaged Train Loss: 0.4464
2025-09-12 22:45:40,461 - Test Accurancy: 0.8466
2025-09-12 22:45:40,461 - Attack Success Rate: 0.1039
2025-09-12 22:45:45,074 - DPD clipping bound C_t: 0.9931281208992004
2025-09-12 22:45:45,078 - DPD noise norm:24.236534118652344
2025-09-12 22:45:45,085 - Round number: 11 --------------------------
2025-09-12 22:45:45,085 - Evaluate global model
2025-09-12 22:45:47,340 - Averaged Train Loss: 0.4385
2025-09-12 22:45:47,340 - Test Accurancy: 0.8501
2025-09-12 22:45:47,340 - Attack Success Rate: 0.1016
2025-09-12 22:45:51,417 - DPD clipping bound C_t: 0.9701699018478394
2025-09-12 22:45:51,421 - DPD noise norm:23.72428321838379
2025-09-12 22:45:51,428 - Round number: 12 --------------------------
2025-09-12 22:45:51,428 - Evaluate global model
2025-09-12 22:45:53,346 - Averaged Train Loss: 0.4251
2025-09-12 22:45:53,347 - Test Accurancy: 0.8544
2025-09-12 22:45:53,347 - Attack Success Rate: 0.1183
2025-09-12 22:45:57,644 - DPD clipping bound C_t: 0.9307214915752411
2025-09-12 22:45:57,646 - DPD noise norm:22.688003540039062
2025-09-12 22:45:57,653 - Round number: 13 --------------------------
2025-09-12 22:45:57,653 - Evaluate global model
2025-09-12 22:45:59,530 - Averaged Train Loss: 0.4228
2025-09-12 22:45:59,530 - Test Accurancy: 0.8544
2025-09-12 22:45:59,530 - Attack Success Rate: 0.0970
2025-09-12 22:46:03,673 - DPD clipping bound C_t: 0.922662079334259
2025-09-12 22:46:03,676 - DPD noise norm:22.502628326416016
2025-09-12 22:46:03,683 - Round number: 14 --------------------------
2025-09-12 22:46:03,684 - Evaluate global model
2025-09-12 22:46:05,672 - Averaged Train Loss: 0.4145
2025-09-12 22:46:05,673 - Test Accurancy: 0.8609
2025-09-12 22:46:05,673 - Attack Success Rate: 0.0809
2025-09-12 22:46:09,720 - DPD clipping bound C_t: 0.9334001839160919
2025-09-12 22:46:09,723 - DPD noise norm:22.768699645996094
2025-09-12 22:46:09,731 - Round number: 15 --------------------------
2025-09-12 22:46:09,731 - Evaluate global model
2025-09-12 22:46:11,672 - Averaged Train Loss: 0.4059
2025-09-12 22:46:11,672 - Test Accurancy: 0.8623
2025-09-12 22:46:11,672 - Attack Success Rate: 0.0947
2025-09-12 22:46:15,772 - DPD clipping bound C_t: 0.9041731655597687
2025-09-12 22:46:15,775 - DPD noise norm:22.096391677856445
2025-09-12 22:46:15,783 - Round number: 16 --------------------------
2025-09-12 22:46:15,783 - Evaluate global model
2025-09-12 22:46:17,703 - Averaged Train Loss: 0.3990
2025-09-12 22:46:17,704 - Test Accurancy: 0.8638
2025-09-12 22:46:17,704 - Attack Success Rate: 0.1033
2025-09-12 22:46:22,072 - DPD clipping bound C_t: 0.9096028208732605
2025-09-12 22:46:22,076 - DPD noise norm:22.191701889038086
2025-09-12 22:46:22,090 - Round number: 17 --------------------------
2025-09-12 22:46:22,090 - Evaluate global model
2025-09-12 22:46:23,998 - Averaged Train Loss: 0.3893
2025-09-12 22:46:23,999 - Test Accurancy: 0.8649
2025-09-12 22:46:23,999 - Attack Success Rate: 0.1217
2025-09-12 22:46:28,401 - DPD clipping bound C_t: 0.8728960156440735
2025-09-12 22:46:28,403 - DPD noise norm:21.290454864501953
2025-09-12 22:46:28,411 - Round number: 18 --------------------------
2025-09-12 22:46:28,411 - Evaluate global model
2025-09-12 22:46:30,209 - Averaged Train Loss: 0.3890
2025-09-12 22:46:30,210 - Test Accurancy: 0.8677
2025-09-12 22:46:30,210 - Attack Success Rate: 0.0987
2025-09-12 22:46:34,456 - DPD clipping bound C_t: 0.8507711291313171
2025-09-12 22:46:34,460 - DPD noise norm:20.822160720825195
2025-09-12 22:46:34,468 - Round number: 19 --------------------------
2025-09-12 22:46:34,468 - Evaluate global model
2025-09-12 22:46:36,392 - Averaged Train Loss: 0.3812
2025-09-12 22:46:36,392 - Test Accurancy: 0.8699
2025-09-12 22:46:36,393 - Attack Success Rate: 0.1114
2025-09-12 22:46:40,513 - DPD clipping bound C_t: 0.8379516005516052
2025-09-12 22:46:40,516 - DPD noise norm:20.4804630279541
2025-09-12 22:46:40,522 - Round number: 20 --------------------------
2025-09-12 22:46:40,523 - Evaluate global model
2025-09-12 22:46:42,336 - Averaged Train Loss: 0.3784
2025-09-12 22:46:42,336 - Test Accurancy: 0.8688
2025-09-12 22:46:42,336 - Attack Success Rate: 0.1119
2025-09-12 22:46:46,471 - DPD clipping bound C_t: 0.8183307945728302
2025-09-12 22:46:46,474 - DPD noise norm:19.940994262695312
2025-09-12 22:46:46,482 - Round number: 21 --------------------------
2025-09-12 22:46:46,482 - Evaluate global model
2025-09-12 22:46:48,358 - Averaged Train Loss: 0.3759
2025-09-12 22:46:48,359 - Test Accurancy: 0.8729
2025-09-12 22:46:48,359 - Attack Success Rate: 0.0987
2025-09-12 22:46:52,562 - DPD clipping bound C_t: 0.8186841905117035
2025-09-12 22:46:52,566 - DPD noise norm:19.99395751953125
2025-09-12 22:46:52,573 - Round number: 22 --------------------------
2025-09-12 22:46:52,573 - Evaluate global model
2025-09-12 22:46:54,481 - Averaged Train Loss: 0.3697
2025-09-12 22:46:54,482 - Test Accurancy: 0.8744
2025-09-12 22:46:54,482 - Attack Success Rate: 0.1108
2025-09-12 22:46:58,819 - DPD clipping bound C_t: 0.8044131398200989
2025-09-12 22:46:58,822 - DPD noise norm:19.611791610717773
2025-09-12 22:46:58,829 - Round number: 23 --------------------------
2025-09-12 22:46:58,829 - Evaluate global model
2025-09-12 22:47:00,720 - Averaged Train Loss: 0.3646
2025-09-12 22:47:00,721 - Test Accurancy: 0.8759
2025-09-12 22:47:00,721 - Attack Success Rate: 0.1045
2025-09-12 22:47:04,981 - DPD clipping bound C_t: 0.8154555857181549
2025-09-12 22:47:04,984 - DPD noise norm:19.889001846313477
2025-09-12 22:47:04,992 - Round number: 24 --------------------------
2025-09-12 22:47:04,992 - Evaluate global model
2025-09-12 22:47:06,857 - Averaged Train Loss: 0.3600
2025-09-12 22:47:06,857 - Test Accurancy: 0.8777
2025-09-12 22:47:06,857 - Attack Success Rate: 0.1119
2025-09-12 22:47:11,229 - DPD clipping bound C_t: 0.7877122461795807
2025-09-12 22:47:11,232 - DPD noise norm:19.2490177154541
2025-09-12 22:47:11,241 - Round number: 25 --------------------------
2025-09-12 22:47:11,242 - Evaluate global model
2025-09-12 22:47:13,039 - Averaged Train Loss: 0.3585
2025-09-12 22:47:13,040 - Test Accurancy: 0.8784
2025-09-12 22:47:13,040 - Attack Success Rate: 0.1028
2025-09-12 22:47:17,183 - DPD clipping bound C_t: 0.772002100944519
2025-09-12 22:47:17,186 - DPD noise norm:18.841590881347656
2025-09-12 22:47:17,194 - Round number: 26 --------------------------
2025-09-12 22:47:17,195 - Evaluate global model
2025-09-12 22:47:19,410 - Averaged Train Loss: 0.3518
2025-09-12 22:47:19,411 - Test Accurancy: 0.8786
2025-09-12 22:47:19,411 - Attack Success Rate: 0.0999
2025-09-12 22:47:23,816 - DPD clipping bound C_t: 0.7685502469539642
2025-09-12 22:47:23,819 - DPD noise norm:18.77022933959961
2025-09-12 22:47:23,828 - Round number: 27 --------------------------
2025-09-12 22:47:23,828 - Evaluate global model
2025-09-12 22:47:25,734 - Averaged Train Loss: 0.3498
2025-09-12 22:47:25,736 - Test Accurancy: 0.8800
2025-09-12 22:47:25,736 - Attack Success Rate: 0.1016
2025-09-12 22:47:30,088 - DPD clipping bound C_t: 0.7796273827552795
2025-09-12 22:47:30,091 - DPD noise norm:19.03484535217285
2025-09-12 22:47:30,098 - Round number: 28 --------------------------
2025-09-12 22:47:30,098 - Evaluate global model
2025-09-12 22:47:31,908 - Averaged Train Loss: 0.3480
2025-09-12 22:47:31,909 - Test Accurancy: 0.8801
2025-09-12 22:47:31,909 - Attack Success Rate: 0.0947
2025-09-12 22:47:36,136 - DPD clipping bound C_t: 0.7542505860328674
2025-09-12 22:47:36,139 - DPD noise norm:18.4112606048584
2025-09-12 22:47:36,147 - Round number: 29 --------------------------
2025-09-12 22:47:36,147 - Evaluate global model
2025-09-12 22:47:38,057 - Averaged Train Loss: 0.3415
2025-09-12 22:47:38,058 - Test Accurancy: 0.8814
2025-09-12 22:47:38,058 - Attack Success Rate: 0.1039
2025-09-12 22:47:42,421 - DPD clipping bound C_t: 0.7329266667366028
2025-09-12 22:47:42,424 - DPD noise norm:17.92656707763672
2025-09-12 22:47:42,432 - Round number: 30 --------------------------
2025-09-12 22:47:42,432 - Evaluate global model
2025-09-12 22:47:44,250 - Averaged Train Loss: 0.3438
2025-09-12 22:47:44,250 - Test Accurancy: 0.8810
2025-09-12 22:47:44,250 - Attack Success Rate: 0.0930
2025-09-12 22:47:48,239 - DPD clipping bound C_t: 0.7351936101913452
2025-09-12 22:47:48,243 - DPD noise norm:17.944202423095703
2025-09-12 22:47:48,258 - Round number: 31 --------------------------
2025-09-12 22:47:48,258 - Evaluate global model
2025-09-12 22:47:50,216 - Averaged Train Loss: 0.3373
2025-09-12 22:47:50,217 - Test Accurancy: 0.8848
2025-09-12 22:47:50,217 - Attack Success Rate: 0.0913
2025-09-12 22:47:54,553 - DPD clipping bound C_t: 0.7109569609165192
2025-09-12 22:47:54,557 - DPD noise norm:17.346893310546875
2025-09-12 22:47:54,565 - Round number: 32 --------------------------
2025-09-12 22:47:54,565 - Evaluate global model
2025-09-12 22:47:56,552 - Averaged Train Loss: 0.3390
2025-09-12 22:47:56,553 - Test Accurancy: 0.8856
2025-09-12 22:47:56,553 - Attack Success Rate: 0.0982
2025-09-12 22:48:01,080 - DPD clipping bound C_t: 0.6963992416858673
2025-09-12 22:48:01,083 - DPD noise norm:16.99814796447754
2025-09-12 22:48:01,090 - Round number: 33 --------------------------
2025-09-12 22:48:01,091 - Evaluate global model
2025-09-12 22:48:03,032 - Averaged Train Loss: 0.3369
2025-09-12 22:48:03,033 - Test Accurancy: 0.8858
2025-09-12 22:48:03,033 - Attack Success Rate: 0.0936
2025-09-12 22:48:07,338 - DPD clipping bound C_t: 0.7089547514915466
2025-09-12 22:48:07,342 - DPD noise norm:17.294885635375977
2025-09-12 22:48:07,350 - Round number: 34 --------------------------
2025-09-12 22:48:07,354 - Evaluate global model
2025-09-12 22:48:09,257 - Averaged Train Loss: 0.3343
2025-09-12 22:48:09,257 - Test Accurancy: 0.8847
2025-09-12 22:48:09,257 - Attack Success Rate: 0.0982
2025-09-12 22:48:13,525 - DPD clipping bound C_t: 0.6832086741924286
2025-09-12 22:48:13,528 - DPD noise norm:16.693866729736328
2025-09-12 22:48:13,535 - Round number: 35 --------------------------
2025-09-12 22:48:13,536 - Evaluate global model
2025-09-12 22:48:15,409 - Averaged Train Loss: 0.3290
2025-09-12 22:48:15,410 - Test Accurancy: 0.8881
2025-09-12 22:48:15,410 - Attack Success Rate: 0.0884
2025-09-12 22:48:19,682 - DPD clipping bound C_t: 0.6702078580856323
2025-09-12 22:48:19,688 - DPD noise norm:16.347627639770508
2025-09-12 22:48:19,697 - Round number: 36 --------------------------
2025-09-12 22:48:19,697 - Evaluate global model
2025-09-12 22:48:21,604 - Averaged Train Loss: 0.3309
2025-09-12 22:48:21,605 - Test Accurancy: 0.8896
2025-09-12 22:48:21,605 - Attack Success Rate: 0.0775
2025-09-12 22:48:25,762 - DPD clipping bound C_t: 0.6634230613708496
2025-09-12 22:48:25,765 - DPD noise norm:16.19842529296875
2025-09-12 22:48:25,772 - Round number: 37 --------------------------
2025-09-12 22:48:25,772 - Evaluate global model
2025-09-12 22:48:27,737 - Averaged Train Loss: 0.3299
2025-09-12 22:48:27,738 - Test Accurancy: 0.8877
2025-09-12 22:48:27,738 - Attack Success Rate: 0.0809
2025-09-12 22:48:31,741 - DPD clipping bound C_t: 0.6549181938171387
2025-09-12 22:48:31,744 - DPD noise norm:15.983460426330566
2025-09-12 22:48:31,752 - Round number: 38 --------------------------
2025-09-12 22:48:31,752 - Evaluate global model
2025-09-12 22:48:33,697 - Averaged Train Loss: 0.3308
2025-09-12 22:48:33,697 - Test Accurancy: 0.8879
2025-09-12 22:48:33,698 - Attack Success Rate: 0.0786
2025-09-12 22:48:37,908 - DPD clipping bound C_t: 0.6511353552341461
2025-09-12 22:48:37,911 - DPD noise norm:15.906970024108887
2025-09-12 22:48:37,918 - Round number: 39 --------------------------
2025-09-12 22:48:37,918 - Evaluate global model
2025-09-12 22:48:39,718 - Averaged Train Loss: 0.3270
2025-09-12 22:48:39,719 - Test Accurancy: 0.8893
2025-09-12 22:48:39,719 - Attack Success Rate: 0.0729
2025-09-12 22:48:43,888 - DPD clipping bound C_t: 0.6336261034011841
2025-09-12 22:48:43,891 - DPD noise norm:15.485788345336914
2025-09-12 22:48:43,899 - Round number: 40 --------------------------
2025-09-12 22:48:43,899 - Evaluate global model
2025-09-12 22:48:45,978 - Averaged Train Loss: 0.3212
2025-09-12 22:48:45,979 - Test Accurancy: 0.8875
2025-09-12 22:48:45,979 - Attack Success Rate: 0.0918
2025-09-12 22:48:50,286 - DPD clipping bound C_t: 0.6367832720279694
2025-09-12 22:48:50,289 - DPD noise norm:15.532633781433105
2025-09-12 22:48:50,297 - Round number: 41 --------------------------
2025-09-12 22:48:50,297 - Evaluate global model
2025-09-12 22:48:52,398 - Averaged Train Loss: 0.3211
2025-09-12 22:48:52,398 - Test Accurancy: 0.8896
2025-09-12 22:48:52,399 - Attack Success Rate: 0.0855
2025-09-12 22:48:56,741 - DPD clipping bound C_t: 0.6418529748916626
2025-09-12 22:48:56,744 - DPD noise norm:15.658720970153809
2025-09-12 22:48:56,752 - Round number: 42 --------------------------
2025-09-12 22:48:56,752 - Evaluate global model
2025-09-12 22:48:58,754 - Averaged Train Loss: 0.3190
2025-09-12 22:48:58,755 - Test Accurancy: 0.8890
2025-09-12 22:48:58,755 - Attack Success Rate: 0.1016
2025-09-12 22:49:03,064 - DPD clipping bound C_t: 0.6196970045566559
2025-09-12 22:49:03,067 - DPD noise norm:15.096163749694824
2025-09-12 22:49:03,074 - Round number: 43 --------------------------
2025-09-12 22:49:03,074 - Evaluate global model
2025-09-12 22:49:05,020 - Averaged Train Loss: 0.3173
2025-09-12 22:49:05,020 - Test Accurancy: 0.8911
2025-09-12 22:49:05,020 - Attack Success Rate: 0.0855
2025-09-12 22:49:09,326 - DPD clipping bound C_t: 0.606968343257904
2025-09-12 22:49:09,329 - DPD noise norm:14.832257270812988
2025-09-12 22:49:09,339 - Round number: 44 --------------------------
2025-09-12 22:49:09,340 - Evaluate global model
2025-09-12 22:49:11,251 - Averaged Train Loss: 0.3153
2025-09-12 22:49:11,252 - Test Accurancy: 0.8916
2025-09-12 22:49:11,252 - Attack Success Rate: 0.0844
2025-09-12 22:49:15,658 - DPD clipping bound C_t: 0.6065781116485596
2025-09-12 22:49:15,662 - DPD noise norm:14.809442520141602
2025-09-12 22:49:15,669 - Round number: 45 --------------------------
2025-09-12 22:49:15,669 - Evaluate global model
2025-09-12 22:49:17,637 - Averaged Train Loss: 0.3147
2025-09-12 22:49:17,638 - Test Accurancy: 0.8912
2025-09-12 22:49:17,638 - Attack Success Rate: 0.0809
2025-09-12 22:49:22,025 - DPD clipping bound C_t: 0.5819703042507172
2025-09-12 22:49:22,030 - DPD noise norm:14.196084022521973
2025-09-12 22:49:22,041 - Round number: 46 --------------------------
2025-09-12 22:49:22,041 - Evaluate global model
2025-09-12 22:49:24,733 - Averaged Train Loss: 0.3155
2025-09-12 22:49:24,734 - Test Accurancy: 0.8923
2025-09-12 22:49:24,734 - Attack Success Rate: 0.0763
2025-09-12 22:49:33,068 - DPD clipping bound C_t: 0.5848330855369568
2025-09-12 22:49:33,072 - DPD noise norm:14.287210464477539
2025-09-12 22:49:33,083 - Round number: 47 --------------------------
2025-09-12 22:49:33,083 - Evaluate global model
2025-09-12 22:49:35,945 - Averaged Train Loss: 0.3159
2025-09-12 22:49:35,945 - Test Accurancy: 0.8927
2025-09-12 22:49:35,946 - Attack Success Rate: 0.0672
2025-09-12 22:49:40,471 - DPD clipping bound C_t: 0.5777466595172882
2025-09-12 22:49:40,474 - DPD noise norm:14.097793579101562
2025-09-12 22:49:40,482 - Round number: 48 --------------------------
2025-09-12 22:49:40,482 - Evaluate global model
2025-09-12 22:49:42,771 - Averaged Train Loss: 0.3155
2025-09-12 22:49:42,772 - Test Accurancy: 0.8927
2025-09-12 22:49:42,772 - Attack Success Rate: 0.0786
2025-09-12 22:49:47,243 - DPD clipping bound C_t: 0.5644832849502563
2025-09-12 22:49:47,246 - DPD noise norm:13.774174690246582
2025-09-12 22:49:47,255 - Round number: 49 --------------------------
2025-09-12 22:49:47,255 - Evaluate global model
2025-09-12 22:49:49,351 - Averaged Train Loss: 0.3112
2025-09-12 22:49:49,352 - Test Accurancy: 0.8923
2025-09-12 22:49:49,352 - Attack Success Rate: 0.0769
2025-09-12 22:49:53,786 - DPD clipping bound C_t: 0.5584979057312012
2025-09-12 22:49:53,789 - DPD noise norm:13.644783973693848
2025-09-12 22:49:53,797 - Round number: 50 --------------------------
2025-09-12 22:49:53,797 - Evaluate global model
2025-09-12 22:49:55,742 - Averaged Train Loss: 0.3052
2025-09-12 22:49:55,743 - Test Accurancy: 0.8937
2025-09-12 22:49:55,743 - Attack Success Rate: 0.0913
2025-09-12 22:50:00,017 - DPD clipping bound C_t: 0.5456161201000214
2025-09-12 22:50:00,020 - DPD noise norm:13.324479103088379
2025-09-12 22:50:00,027 - Round number: 51 --------------------------
2025-09-12 22:50:00,027 - Evaluate global model
2025-09-12 22:50:01,953 - Averaged Train Loss: 0.3071
2025-09-12 22:50:01,954 - Test Accurancy: 0.8930
2025-09-12 22:50:01,954 - Attack Success Rate: 0.0884
2025-09-12 22:50:06,276 - DPD clipping bound C_t: 0.5398959517478943
2025-09-12 22:50:06,279 - DPD noise norm:13.19104290008545
2025-09-12 22:50:06,287 - Round number: 52 --------------------------
2025-09-12 22:50:06,287 - Evaluate global model
2025-09-12 22:50:08,136 - Averaged Train Loss: 0.3115
2025-09-12 22:50:08,137 - Test Accurancy: 0.8936
2025-09-12 22:50:08,137 - Attack Success Rate: 0.0746
2025-09-12 22:50:12,447 - DPD clipping bound C_t: 0.5239168107509613
2025-09-12 22:50:12,450 - DPD noise norm:12.797958374023438
2025-09-12 22:50:12,458 - Round number: 53 --------------------------
2025-09-12 22:50:12,458 - Evaluate global model
2025-09-12 22:50:14,390 - Averaged Train Loss: 0.3050
2025-09-12 22:50:14,391 - Test Accurancy: 0.8943
2025-09-12 22:50:14,391 - Attack Success Rate: 0.0804
2025-09-12 22:50:18,772 - DPD clipping bound C_t: 0.5270915329456329
2025-09-12 22:50:18,775 - DPD noise norm:12.864489555358887
2025-09-12 22:50:18,783 - Round number: 54 --------------------------
2025-09-12 22:50:18,783 - Evaluate global model
2025-09-12 22:50:20,691 - Averaged Train Loss: 0.3045
2025-09-12 22:50:20,692 - Test Accurancy: 0.8955
2025-09-12 22:50:20,692 - Attack Success Rate: 0.0752
2025-09-12 22:50:25,059 - DPD clipping bound C_t: 0.5321488976478577
2025-09-12 22:50:25,063 - DPD noise norm:12.978667259216309
2025-09-12 22:50:25,070 - Round number: 55 --------------------------
2025-09-12 22:50:25,071 - Evaluate global model
2025-09-12 22:50:27,075 - Averaged Train Loss: 0.3054
2025-09-12 22:50:27,076 - Test Accurancy: 0.8948
2025-09-12 22:50:27,076 - Attack Success Rate: 0.0746
2025-09-12 22:50:31,657 - DPD clipping bound C_t: 0.5162675678730011
2025-09-12 22:50:31,662 - DPD noise norm:12.60559368133545
2025-09-12 22:50:31,673 - Round number: 56 --------------------------
2025-09-12 22:50:31,673 - Evaluate global model
2025-09-12 22:50:33,684 - Averaged Train Loss: 0.3059
2025-09-12 22:50:33,684 - Test Accurancy: 0.8945
2025-09-12 22:50:33,684 - Attack Success Rate: 0.0700
2025-09-12 22:50:37,931 - DPD clipping bound C_t: 0.5037075877189636
2025-09-12 22:50:37,934 - DPD noise norm:12.29998779296875
2025-09-12 22:50:37,949 - Round number: 57 --------------------------
2025-09-12 22:50:37,949 - Evaluate global model
2025-09-12 22:50:39,823 - Averaged Train Loss: 0.3028
2025-09-12 22:50:39,824 - Test Accurancy: 0.8949
2025-09-12 22:50:39,824 - Attack Success Rate: 0.0763
2025-09-12 22:50:44,208 - DPD clipping bound C_t: 0.49812403321266174
2025-09-12 22:50:44,212 - DPD noise norm:12.173112869262695
2025-09-12 22:50:44,220 - Round number: 58 --------------------------
2025-09-12 22:50:44,220 - Evaluate global model
2025-09-12 22:50:46,120 - Averaged Train Loss: 0.3039
2025-09-12 22:50:46,120 - Test Accurancy: 0.8939
2025-09-12 22:50:46,120 - Attack Success Rate: 0.0850
2025-09-12 22:50:50,560 - DPD clipping bound C_t: 0.4946090131998062
2025-09-12 22:50:50,563 - DPD noise norm:12.066301345825195
2025-09-12 22:50:50,571 - Round number: 59 --------------------------
2025-09-12 22:50:50,571 - Evaluate global model
2025-09-12 22:50:52,423 - Averaged Train Loss: 0.3014
2025-09-12 22:50:52,423 - Test Accurancy: 0.8954
2025-09-12 22:50:52,424 - Attack Success Rate: 0.0769
2025-09-12 22:50:57,196 - DPD clipping bound C_t: 0.4826797842979431
2025-09-12 22:50:57,199 - DPD noise norm:11.777024269104004
2025-09-12 22:50:57,207 - Round number: 60 --------------------------
2025-09-12 22:50:57,207 - Evaluate global model
2025-09-12 22:50:59,116 - Averaged Train Loss: 0.3030
2025-09-12 22:50:59,116 - Test Accurancy: 0.8957
2025-09-12 22:50:59,117 - Attack Success Rate: 0.0689
2025-09-12 22:51:03,671 - DPD clipping bound C_t: 0.48433975875377655
2025-09-12 22:51:03,674 - DPD noise norm:11.82540225982666
2025-09-12 22:51:03,683 - Round number: 61 --------------------------
2025-09-12 22:51:03,683 - Evaluate global model
2025-09-12 22:51:06,415 - Averaged Train Loss: 0.3020
2025-09-12 22:51:06,415 - Test Accurancy: 0.8954
2025-09-12 22:51:06,416 - Attack Success Rate: 0.0712
2025-09-12 22:51:11,104 - DPD clipping bound C_t: 0.47866013646125793
2025-09-12 22:51:11,107 - DPD noise norm:11.696255683898926
2025-09-12 22:51:11,115 - Round number: 62 --------------------------
2025-09-12 22:51:11,116 - Evaluate global model
2025-09-12 22:51:13,565 - Averaged Train Loss: 0.3016
2025-09-12 22:51:13,566 - Test Accurancy: 0.8949
2025-09-12 22:51:13,566 - Attack Success Rate: 0.0729
2025-09-12 22:51:17,638 - DPD clipping bound C_t: 0.4702341556549072
2025-09-12 22:51:17,641 - DPD noise norm:11.483036041259766
2025-09-12 22:51:17,649 - Round number: 63 --------------------------
2025-09-12 22:51:17,649 - Evaluate global model
2025-09-12 22:51:19,757 - Averaged Train Loss: 0.3009
2025-09-12 22:51:19,757 - Test Accurancy: 0.8940
2025-09-12 22:51:19,757 - Attack Success Rate: 0.0729
2025-09-12 22:51:24,954 - DPD clipping bound C_t: 0.4666764587163925
2025-09-12 22:51:24,957 - DPD noise norm:11.40528392791748
2025-09-12 22:51:24,967 - Round number: 64 --------------------------
2025-09-12 22:51:24,967 - Evaluate global model
2025-09-12 22:51:27,284 - Averaged Train Loss: 0.3004
2025-09-12 22:51:27,285 - Test Accurancy: 0.8956
2025-09-12 22:51:27,285 - Attack Success Rate: 0.0620
2025-09-12 22:51:32,163 - DPD clipping bound C_t: 0.45228198170661926
2025-09-12 22:51:32,166 - DPD noise norm:11.050783157348633
2025-09-12 22:51:32,174 - Round number: 65 --------------------------
2025-09-12 22:51:32,174 - Evaluate global model
2025-09-12 22:51:34,080 - Averaged Train Loss: 0.2954
2025-09-12 22:51:34,080 - Test Accurancy: 0.8959
2025-09-12 22:51:34,080 - Attack Success Rate: 0.0763
2025-09-12 22:51:38,830 - DPD clipping bound C_t: 0.4528857469558716
2025-09-12 22:51:38,834 - DPD noise norm:11.070199012756348
2025-09-12 22:51:38,844 - Round number: 66 --------------------------
2025-09-12 22:51:38,844 - Evaluate global model
2025-09-12 22:51:40,760 - Averaged Train Loss: 0.2958
2025-09-12 22:51:40,761 - Test Accurancy: 0.8956
2025-09-12 22:51:40,761 - Attack Success Rate: 0.0752
2025-09-12 22:51:45,016 - DPD clipping bound C_t: 0.4417467564344406
2025-09-12 22:51:45,020 - DPD noise norm:10.796523094177246
2025-09-12 22:51:45,039 - Round number: 67 --------------------------
2025-09-12 22:51:45,040 - Evaluate global model
2025-09-12 22:51:46,867 - Averaged Train Loss: 0.2970
2025-09-12 22:51:46,868 - Test Accurancy: 0.8965
2025-09-12 22:51:46,868 - Attack Success Rate: 0.0723
2025-09-12 22:51:51,125 - DPD clipping bound C_t: 0.4405217170715332
2025-09-12 22:51:51,129 - DPD noise norm:10.74702262878418
2025-09-12 22:51:51,136 - Round number: 68 --------------------------
2025-09-12 22:51:51,136 - Evaluate global model
2025-09-12 22:51:53,010 - Averaged Train Loss: 0.2950
2025-09-12 22:51:53,011 - Test Accurancy: 0.8965
2025-09-12 22:51:53,011 - Attack Success Rate: 0.0735
2025-09-12 22:51:57,281 - DPD clipping bound C_t: 0.43731823563575745
2025-09-12 22:51:57,283 - DPD noise norm:10.6832914352417
2025-09-12 22:51:57,290 - Round number: 69 --------------------------
2025-09-12 22:51:57,291 - Evaluate global model
2025-09-12 22:51:59,159 - Averaged Train Loss: 0.2921
2025-09-12 22:51:59,159 - Test Accurancy: 0.8967
2025-09-12 22:51:59,159 - Attack Success Rate: 0.0723
2025-09-12 22:52:03,530 - DPD clipping bound C_t: 0.43341007828712463
2025-09-12 22:52:03,533 - DPD noise norm:10.586127281188965
2025-09-12 22:52:03,540 - Round number: 70 --------------------------
2025-09-12 22:52:03,540 - Evaluate global model
2025-09-12 22:52:05,353 - Averaged Train Loss: 0.2955
2025-09-12 22:52:05,353 - Test Accurancy: 0.8957
2025-09-12 22:52:05,353 - Attack Success Rate: 0.0683
2025-09-12 22:52:09,793 - DPD clipping bound C_t: 0.4213690459728241
2025-09-12 22:52:09,796 - DPD noise norm:10.279475212097168
2025-09-12 22:52:09,805 - Round number: 71 --------------------------
2025-09-12 22:52:09,805 - Evaluate global model
2025-09-12 22:52:11,746 - Averaged Train Loss: 0.2924
2025-09-12 22:52:11,747 - Test Accurancy: 0.8954
2025-09-12 22:52:11,747 - Attack Success Rate: 0.0792
2025-09-12 22:52:16,579 - DPD clipping bound C_t: 0.41639094054698944
2025-09-12 22:52:16,584 - DPD noise norm:10.171446800231934
2025-09-12 22:52:16,594 - Round number: 72 --------------------------
2025-09-12 22:52:16,594 - Evaluate global model
2025-09-12 22:52:18,666 - Averaged Train Loss: 0.2928
2025-09-12 22:52:18,667 - Test Accurancy: 0.8971
2025-09-12 22:52:18,667 - Attack Success Rate: 0.0741
2025-09-12 22:52:23,197 - DPD clipping bound C_t: 0.4131806790828705
2025-09-12 22:52:23,199 - DPD noise norm:10.09158992767334
2025-09-12 22:52:23,208 - Round number: 73 --------------------------
2025-09-12 22:52:23,208 - Evaluate global model
2025-09-12 22:52:25,095 - Averaged Train Loss: 0.2930
2025-09-12 22:52:25,095 - Test Accurancy: 0.8960
2025-09-12 22:52:25,096 - Attack Success Rate: 0.0712
2025-09-12 22:52:29,357 - DPD clipping bound C_t: 0.4087667614221573
2025-09-12 22:52:29,360 - DPD noise norm:9.991771697998047
2025-09-12 22:52:29,369 - Round number: 74 --------------------------
2025-09-12 22:52:29,369 - Evaluate global model
2025-09-12 22:52:31,191 - Averaged Train Loss: 0.2912
2025-09-12 22:52:31,192 - Test Accurancy: 0.8970
2025-09-12 22:52:31,192 - Attack Success Rate: 0.0758
2025-09-12 22:52:35,393 - DPD clipping bound C_t: 0.4021546244621277
2025-09-12 22:52:35,402 - DPD noise norm:9.824986457824707
2025-09-12 22:52:35,410 - Round number: 75 --------------------------
2025-09-12 22:52:35,410 - Evaluate global model
2025-09-12 22:52:37,341 - Averaged Train Loss: 0.2904
2025-09-12 22:52:37,342 - Test Accurancy: 0.8978
2025-09-12 22:52:37,342 - Attack Success Rate: 0.0706
2025-09-12 22:52:41,463 - DPD clipping bound C_t: 0.3981903940439224
2025-09-12 22:52:41,467 - DPD noise norm:9.737046241760254
2025-09-12 22:52:41,475 - Round number: 76 --------------------------
2025-09-12 22:52:41,475 - Evaluate global model
2025-09-12 22:52:43,349 - Averaged Train Loss: 0.2927
2025-09-12 22:52:43,350 - Test Accurancy: 0.8972
2025-09-12 22:52:43,350 - Attack Success Rate: 0.0637
2025-09-12 22:52:47,545 - DPD clipping bound C_t: 0.3894196152687073
2025-09-12 22:52:47,548 - DPD noise norm:9.507915496826172
2025-09-12 22:52:47,556 - Round number: 77 --------------------------
2025-09-12 22:52:47,556 - Evaluate global model
2025-09-12 22:52:49,320 - Averaged Train Loss: 0.2886
2025-09-12 22:52:49,321 - Test Accurancy: 0.8976
2025-09-12 22:52:49,321 - Attack Success Rate: 0.0712
2025-09-12 22:52:53,576 - DPD clipping bound C_t: 0.3891904503107071
2025-09-12 22:52:53,579 - DPD noise norm:9.513670921325684
2025-09-12 22:52:53,587 - Round number: 78 --------------------------
2025-09-12 22:52:53,587 - Evaluate global model
2025-09-12 22:52:55,485 - Averaged Train Loss: 0.2894
2025-09-12 22:52:55,485 - Test Accurancy: 0.8980
2025-09-12 22:52:55,485 - Attack Success Rate: 0.0649
2025-09-12 22:52:59,831 - DPD clipping bound C_t: 0.38549062609672546
2025-09-12 22:52:59,834 - DPD noise norm:9.401508331298828
2025-09-12 22:52:59,841 - Round number: 79 --------------------------
2025-09-12 22:52:59,841 - Evaluate global model
2025-09-12 22:53:01,656 - Averaged Train Loss: 0.2854
2025-09-12 22:53:01,657 - Test Accurancy: 0.8980
2025-09-12 22:53:01,657 - Attack Success Rate: 0.0758
2025-09-12 22:53:06,039 - DPD clipping bound C_t: 0.3753654807806015
2025-09-12 22:53:06,041 - DPD noise norm:9.155497550964355
2025-09-12 22:53:06,049 - Round number: 80 --------------------------
2025-09-12 22:53:06,049 - Evaluate global model
2025-09-12 22:53:07,946 - Averaged Train Loss: 0.2848
2025-09-12 22:53:07,947 - Test Accurancy: 0.8980
2025-09-12 22:53:07,947 - Attack Success Rate: 0.0683
2025-09-12 22:53:12,272 - DPD clipping bound C_t: 0.373870313167572
2025-09-12 22:53:12,275 - DPD noise norm:9.137160301208496
2025-09-12 22:53:12,285 - Round number: 81 --------------------------
2025-09-12 22:53:12,285 - Evaluate global model
2025-09-12 22:53:14,059 - Averaged Train Loss: 0.2867
2025-09-12 22:53:14,060 - Test Accurancy: 0.8969
2025-09-12 22:53:14,060 - Attack Success Rate: 0.0700
2025-09-12 22:53:18,279 - DPD clipping bound C_t: 0.37355759739875793
2025-09-12 22:53:18,282 - DPD noise norm:9.122284889221191
2025-09-12 22:53:18,289 - Round number: 82 --------------------------
2025-09-12 22:53:18,289 - Evaluate global model
2025-09-12 22:53:20,064 - Averaged Train Loss: 0.2857
2025-09-12 22:53:20,064 - Test Accurancy: 0.8969
2025-09-12 22:53:20,064 - Attack Success Rate: 0.0741
2025-09-12 22:53:24,188 - DPD clipping bound C_t: 0.36494261026382446
2025-09-12 22:53:24,191 - DPD noise norm:8.900752067565918
2025-09-12 22:53:24,198 - Round number: 83 --------------------------
2025-09-12 22:53:24,198 - Evaluate global model
2025-09-12 22:53:26,078 - Averaged Train Loss: 0.2860
2025-09-12 22:53:26,079 - Test Accurancy: 0.8968
2025-09-12 22:53:26,079 - Attack Success Rate: 0.0729
2025-09-12 22:53:30,429 - DPD clipping bound C_t: 0.3595229238271713
2025-09-12 22:53:30,431 - DPD noise norm:8.764945983886719
2025-09-12 22:53:30,439 - Round number: 84 --------------------------
2025-09-12 22:53:30,439 - Evaluate global model
2025-09-12 22:53:32,224 - Averaged Train Loss: 0.2854
2025-09-12 22:53:32,224 - Test Accurancy: 0.8973
2025-09-12 22:53:32,224 - Attack Success Rate: 0.0700
2025-09-12 22:53:36,824 - DPD clipping bound C_t: 0.35366716980934143
2025-09-12 22:53:36,827 - DPD noise norm:8.638298034667969
2025-09-12 22:53:36,837 - Round number: 85 --------------------------
2025-09-12 22:53:36,837 - Evaluate global model
2025-09-12 22:53:39,464 - Averaged Train Loss: 0.2845
2025-09-12 22:53:39,469 - Test Accurancy: 0.8981
2025-09-12 22:53:39,469 - Attack Success Rate: 0.0700
2025-09-12 22:53:46,605 - DPD clipping bound C_t: 0.35504114627838135
2025-09-12 22:53:46,619 - DPD noise norm:8.67497730255127
2025-09-12 22:53:46,633 - Round number: 86 --------------------------
2025-09-12 22:53:46,633 - Evaluate global model
2025-09-12 22:53:51,958 - Averaged Train Loss: 0.2815
2025-09-12 22:53:51,967 - Test Accurancy: 0.8979
2025-09-12 22:53:51,967 - Attack Success Rate: 0.0723
2025-09-12 22:53:59,539 - DPD clipping bound C_t: 0.3489200323820114
2025-09-12 22:53:59,542 - DPD noise norm:8.509544372558594
2025-09-12 22:53:59,550 - Round number: 87 --------------------------
2025-09-12 22:53:59,550 - Evaluate global model
2025-09-12 22:54:01,609 - Averaged Train Loss: 0.2799
2025-09-12 22:54:01,610 - Test Accurancy: 0.8981
2025-09-12 22:54:01,610 - Attack Success Rate: 0.0758
2025-09-12 22:54:06,085 - DPD clipping bound C_t: 0.3434966206550598
2025-09-12 22:54:06,089 - DPD noise norm:8.393885612487793
2025-09-12 22:54:06,097 - Round number: 88 --------------------------
2025-09-12 22:54:06,097 - Evaluate global model
2025-09-12 22:54:08,111 - Averaged Train Loss: 0.2804
2025-09-12 22:54:08,112 - Test Accurancy: 0.8981
2025-09-12 22:54:08,112 - Attack Success Rate: 0.0723
2025-09-12 22:54:12,413 - DPD clipping bound C_t: 0.34096139669418335
2025-09-12 22:54:12,416 - DPD noise norm:8.333314895629883
2025-09-12 22:54:12,424 - Round number: 89 --------------------------
2025-09-12 22:54:12,424 - Evaluate global model
2025-09-12 22:54:14,339 - Averaged Train Loss: 0.2803
2025-09-12 22:54:14,340 - Test Accurancy: 0.8979
2025-09-12 22:54:14,340 - Attack Success Rate: 0.0712
2025-09-12 22:54:19,167 - DPD clipping bound C_t: 0.33840203285217285
2025-09-12 22:54:19,172 - DPD noise norm:8.269623756408691
2025-09-12 22:54:19,183 - Round number: 90 --------------------------
2025-09-12 22:54:19,183 - Evaluate global model
2025-09-12 22:54:21,771 - Averaged Train Loss: 0.2847
2025-09-12 22:54:21,773 - Test Accurancy: 0.8972
2025-09-12 22:54:21,773 - Attack Success Rate: 0.0666
2025-09-12 22:54:26,742 - DPD clipping bound C_t: 0.3337162137031555
2025-09-12 22:54:26,745 - DPD noise norm:8.161240577697754
2025-09-12 22:54:26,755 - Round number: 91 --------------------------
2025-09-12 22:54:26,755 - Evaluate global model
2025-09-12 22:54:28,860 - Averaged Train Loss: 0.2803
2025-09-12 22:54:28,861 - Test Accurancy: 0.8989
2025-09-12 22:54:28,861 - Attack Success Rate: 0.0660
2025-09-12 22:54:33,953 - DPD clipping bound C_t: 0.3229810446500778
2025-09-12 22:54:33,959 - DPD noise norm:7.8712053298950195
2025-09-12 22:54:33,972 - Round number: 92 --------------------------
2025-09-12 22:54:33,972 - Evaluate global model
2025-09-12 22:54:36,082 - Averaged Train Loss: 0.2784
2025-09-12 22:54:36,083 - Test Accurancy: 0.8986
2025-09-12 22:54:36,083 - Attack Success Rate: 0.0689
2025-09-12 22:54:43,228 - DPD clipping bound C_t: 0.3245399296283722
2025-09-12 22:54:43,234 - DPD noise norm:7.92040491104126
2025-09-12 22:54:43,246 - Round number: 93 --------------------------
2025-09-12 22:54:43,246 - Evaluate global model
2025-09-12 22:54:45,453 - Averaged Train Loss: 0.2787
2025-09-12 22:54:45,454 - Test Accurancy: 0.8976
2025-09-12 22:54:45,454 - Attack Success Rate: 0.0706
2025-09-12 22:54:50,497 - DPD clipping bound C_t: 0.3207451105117798
2025-09-12 22:54:50,501 - DPD noise norm:7.816365718841553
2025-09-12 22:54:50,509 - Round number: 94 --------------------------
2025-09-12 22:54:50,509 - Evaluate global model
2025-09-12 22:54:52,466 - Averaged Train Loss: 0.2795
2025-09-12 22:54:52,466 - Test Accurancy: 0.8981
2025-09-12 22:54:52,466 - Attack Success Rate: 0.0683
2025-09-12 22:54:56,727 - DPD clipping bound C_t: 0.3147915005683899
2025-09-12 22:54:56,731 - DPD noise norm:7.693639755249023
2025-09-12 22:54:56,745 - Round number: 95 --------------------------
2025-09-12 22:54:56,745 - Evaluate global model
2025-09-12 22:54:58,660 - Averaged Train Loss: 0.2804
2025-09-12 22:54:58,661 - Test Accurancy: 0.8980
2025-09-12 22:54:58,661 - Attack Success Rate: 0.0689
2025-09-12 22:55:03,314 - DPD clipping bound C_t: 0.3113436698913574
2025-09-12 22:55:03,318 - DPD noise norm:7.605190753936768
2025-09-12 22:55:03,325 - Round number: 96 --------------------------
2025-09-12 22:55:03,325 - Evaluate global model
2025-09-12 22:55:05,248 - Averaged Train Loss: 0.2785
2025-09-12 22:55:05,249 - Test Accurancy: 0.8979
2025-09-12 22:55:05,249 - Attack Success Rate: 0.0706
2025-09-12 22:55:10,626 - DPD clipping bound C_t: 0.3115735799074173
2025-09-12 22:55:10,629 - DPD noise norm:7.604329586029053
2025-09-12 22:55:10,637 - Round number: 97 --------------------------
2025-09-12 22:55:10,637 - Evaluate global model
2025-09-12 22:55:12,960 - Averaged Train Loss: 0.2806
2025-09-12 22:55:12,963 - Test Accurancy: 0.8991
2025-09-12 22:55:12,963 - Attack Success Rate: 0.0637
2025-09-12 22:55:19,284 - DPD clipping bound C_t: 0.30420832335948944
2025-09-12 22:55:19,291 - DPD noise norm:7.427011013031006
2025-09-12 22:55:19,300 - Round number: 98 --------------------------
2025-09-12 22:55:19,300 - Evaluate global model
2025-09-12 22:55:24,518 - Averaged Train Loss: 0.2774
2025-09-12 22:55:24,525 - Test Accurancy: 0.8991
2025-09-12 22:55:24,525 - Attack Success Rate: 0.0741
2025-09-12 22:55:29,164 - DPD clipping bound C_t: 0.30181270837783813
2025-09-12 22:55:29,167 - DPD noise norm:7.368037223815918
2025-09-12 22:55:29,178 - Round number: 99 --------------------------
2025-09-12 22:55:29,179 - Evaluate global model
2025-09-12 22:55:31,120 - Averaged Train Loss: 0.2794
2025-09-12 22:55:31,121 - Test Accurancy: 0.8972
2025-09-12 22:55:31,121 - Attack Success Rate: 0.0677
2025-09-12 22:55:35,800 - DPD clipping bound C_t: 0.29675379395484924
2025-09-12 22:55:35,804 - DPD noise norm:7.236283779144287
2025-09-12 22:55:35,812 - Round number: 100 --------------------------
2025-09-12 22:55:35,812 - Evaluate global model
2025-09-12 22:55:37,824 - Averaged Train Loss: 0.2768
2025-09-12 22:55:37,824 - Test Accurancy: 0.8987
2025-09-12 22:55:37,824 - Attack Success Rate: 0.0666
2025-09-12 22:55:42,162 - DPD clipping bound C_t: 0.29104264080524445
2025-09-12 22:55:42,165 - DPD noise norm:7.121005058288574
2025-09-12 22:55:42,166 - Run over
2025-09-12 22:55:42,166 - Saving results to ./exp/exp2/FashionMNIST/0.032.h5
2025-09-12 22:55:42,172 - Best accuracy: 0.8991092840013704
2025-09-12 22:55:42,172 - Average time cost per round: 6.572041110992432
