2025-09-14 19:00:50,785 - *****************EXP-2*****************
2025-09-14 19:00:50,793 - Exp repeats: 1
2025-09-14 19:00:50,793 - Communication Rounds: 100
2025-09-14 19:00:50,793 - Clients: 40

2025-09-14 19:00:50,793 - Attack method: scale
2025-09-14 19:00:50,793 - Filtering rule: dpd
2025-09-14 19:00:50,793 - Dataset: FashionMNIST
2025-09-14 19:00:50,793 - Model: cnn
2025-09-14 19:00:50,794 - Learning Rate: 0.2
2025-09-14 19:00:50,794 - Batch Size: 64
2025-09-14 19:00:50,794 - Device: cuda
2025-09-14 19:00:50,794 - Device id: 0
2025-09-14 19:00:50,794 - DPD clipping strategy: auto
2025-09-14 19:00:50,794 - DPD noise level: 0.048
2025-09-14 19:00:50,794 - Adversaries: 8
2025-09-14 19:00:50,795 - Targeted Label Flipping: 4-->6
2025-09-14 19:00:50,795 - *****************EXP-2*****************
2025-09-14 19:00:51,968 - Running time: 0th ==========================
2025-09-14 19:00:58,565 - Round number: 0 --------------------------
2025-09-14 19:00:58,565 - Evaluate global model
2025-09-14 19:01:02,830 - Averaged Train Loss: 2.3051
2025-09-14 19:01:02,832 - Test Accurancy: 0.1321
2025-09-14 19:01:02,832 - Attack Success Rate: 0.0006
2025-09-14 19:01:11,835 - DPD clipping bound C_t: 3.356582760810852
2025-09-14 19:01:11,859 - DPD noise norm:122.713134765625
2025-09-14 19:01:11,877 - Round number: 1 --------------------------
2025-09-14 19:01:11,877 - Evaluate global model
2025-09-14 19:01:16,206 - Averaged Train Loss: 2.2091
2025-09-14 19:01:16,211 - Test Accurancy: 0.1713
2025-09-14 19:01:16,211 - Attack Success Rate: 0.9874
2025-09-14 19:01:23,337 - DPD clipping bound C_t: 2.458487868309021
2025-09-14 19:01:23,357 - DPD noise norm:90.0223388671875
2025-09-14 19:01:23,378 - Round number: 2 --------------------------
2025-09-14 19:01:23,378 - Evaluate global model
2025-09-14 19:01:27,238 - Averaged Train Loss: 1.1930
2025-09-14 19:01:27,241 - Test Accurancy: 0.6364
2025-09-14 19:01:27,241 - Attack Success Rate: 0.3777
2025-09-14 19:01:33,534 - DPD clipping bound C_t: 2.137571334838867
2025-09-14 19:01:33,548 - DPD noise norm:78.37386322021484
2025-09-14 19:01:33,575 - Round number: 3 --------------------------
2025-09-14 19:01:33,576 - Evaluate global model
2025-09-14 19:01:36,185 - Averaged Train Loss: 0.7791
2025-09-14 19:01:36,186 - Test Accurancy: 0.7377
2025-09-14 19:01:36,186 - Attack Success Rate: 0.1119
2025-09-14 19:01:42,191 - DPD clipping bound C_t: 1.5776588320732117
2025-09-14 19:01:42,202 - DPD noise norm:57.82711410522461
2025-09-14 19:01:42,217 - Round number: 4 --------------------------
2025-09-14 19:01:42,218 - Evaluate global model
2025-09-14 19:01:45,547 - Averaged Train Loss: 0.6382
2025-09-14 19:01:45,549 - Test Accurancy: 0.7736
2025-09-14 19:01:45,550 - Attack Success Rate: 0.1665
2025-09-14 19:01:52,130 - DPD clipping bound C_t: 1.4673640727996826
2025-09-14 19:01:52,147 - DPD noise norm:53.74440002441406
2025-09-14 19:01:52,165 - Round number: 5 --------------------------
2025-09-14 19:01:52,165 - Evaluate global model
2025-09-14 19:01:54,651 - Averaged Train Loss: 0.5658
2025-09-14 19:01:54,652 - Test Accurancy: 0.8001
2025-09-14 19:01:54,652 - Attack Success Rate: 0.1831
2025-09-14 19:02:00,056 - DPD clipping bound C_t: 1.2896705269813538
2025-09-14 19:02:00,067 - DPD noise norm:47.233360290527344
2025-09-14 19:02:00,085 - Round number: 6 --------------------------
2025-09-14 19:02:00,085 - Evaluate global model
2025-09-14 19:02:02,652 - Averaged Train Loss: 0.5336
2025-09-14 19:02:02,655 - Test Accurancy: 0.8137
2025-09-14 19:02:02,655 - Attack Success Rate: 0.1475
2025-09-14 19:02:07,654 - DPD clipping bound C_t: 1.227024495601654
2025-09-14 19:02:07,669 - DPD noise norm:44.82765197753906
2025-09-14 19:02:07,683 - Round number: 7 --------------------------
2025-09-14 19:02:07,683 - Evaluate global model
2025-09-14 19:02:10,342 - Averaged Train Loss: 0.5012
2025-09-14 19:02:10,346 - Test Accurancy: 0.8263
2025-09-14 19:02:10,346 - Attack Success Rate: 0.1137
2025-09-14 19:02:16,137 - DPD clipping bound C_t: 1.1945565342903137
2025-09-14 19:02:16,145 - DPD noise norm:43.701942443847656
2025-09-14 19:02:16,154 - Round number: 8 --------------------------
2025-09-14 19:02:16,154 - Evaluate global model
2025-09-14 19:02:18,700 - Averaged Train Loss: 0.5035
2025-09-14 19:02:18,701 - Test Accurancy: 0.8275
2025-09-14 19:02:18,701 - Attack Success Rate: 0.0786
2025-09-14 19:02:26,571 - DPD clipping bound C_t: 1.1444621086120605
2025-09-14 19:02:26,580 - DPD noise norm:41.808631896972656
2025-09-14 19:02:26,608 - Round number: 9 --------------------------
2025-09-14 19:02:26,609 - Evaluate global model
2025-09-14 19:02:29,684 - Averaged Train Loss: 0.4827
2025-09-14 19:02:29,687 - Test Accurancy: 0.8341
2025-09-14 19:02:29,687 - Attack Success Rate: 0.0878
2025-09-14 19:02:35,612 - DPD clipping bound C_t: 1.0906298756599426
2025-09-14 19:02:35,631 - DPD noise norm:39.94771194458008
2025-09-14 19:02:35,650 - Round number: 10 --------------------------
2025-09-14 19:02:35,651 - Evaluate global model
2025-09-14 19:02:38,714 - Averaged Train Loss: 0.4482
2025-09-14 19:02:38,717 - Test Accurancy: 0.8459
2025-09-14 19:02:38,717 - Attack Success Rate: 0.1119
2025-09-14 19:02:44,551 - DPD clipping bound C_t: 1.0802434086799622
2025-09-14 19:02:44,562 - DPD noise norm:39.54376983642578
2025-09-14 19:02:44,580 - Round number: 11 --------------------------
2025-09-14 19:02:44,581 - Evaluate global model
2025-09-14 19:02:47,540 - Averaged Train Loss: 0.4369
2025-09-14 19:02:47,544 - Test Accurancy: 0.8505
2025-09-14 19:02:47,544 - Attack Success Rate: 0.1177
2025-09-14 19:02:53,972 - DPD clipping bound C_t: 1.0342782735824585
2025-09-14 19:02:53,981 - DPD noise norm:37.937957763671875
2025-09-14 19:02:53,993 - Round number: 12 --------------------------
2025-09-14 19:02:53,993 - Evaluate global model
2025-09-14 19:02:57,117 - Averaged Train Loss: 0.4276
2025-09-14 19:02:57,119 - Test Accurancy: 0.8521
2025-09-14 19:02:57,119 - Attack Success Rate: 0.1274
2025-09-14 19:03:03,133 - DPD clipping bound C_t: 1.0192793607711792
2025-09-14 19:03:03,153 - DPD noise norm:37.270137786865234
2025-09-14 19:03:03,168 - Round number: 13 --------------------------
2025-09-14 19:03:03,168 - Evaluate global model
2025-09-14 19:03:07,637 - Averaged Train Loss: 0.4308
2025-09-14 19:03:07,639 - Test Accurancy: 0.8524
2025-09-14 19:03:07,639 - Attack Success Rate: 0.0987
2025-09-14 19:03:12,820 - DPD clipping bound C_t: 1.0240973830223083
2025-09-14 19:03:12,824 - DPD noise norm:37.46477127075195
2025-09-14 19:03:12,835 - Round number: 14 --------------------------
2025-09-14 19:03:12,835 - Evaluate global model
2025-09-14 19:03:15,022 - Averaged Train Loss: 0.4221
2025-09-14 19:03:15,022 - Test Accurancy: 0.8602
2025-09-14 19:03:15,022 - Attack Success Rate: 0.0723
2025-09-14 19:03:19,746 - DPD clipping bound C_t: 1.012745976448059
2025-09-14 19:03:19,749 - DPD noise norm:37.05630874633789
2025-09-14 19:03:19,758 - Round number: 15 --------------------------
2025-09-14 19:03:19,758 - Evaluate global model
2025-09-14 19:03:22,003 - Averaged Train Loss: 0.4104
2025-09-14 19:03:22,004 - Test Accurancy: 0.8610
2025-09-14 19:03:22,004 - Attack Success Rate: 0.0792
2025-09-14 19:03:26,909 - DPD clipping bound C_t: 0.9625826478004456
2025-09-14 19:03:26,912 - DPD noise norm:35.28572463989258
2025-09-14 19:03:26,921 - Round number: 16 --------------------------
2025-09-14 19:03:26,921 - Evaluate global model
2025-09-14 19:03:29,839 - Averaged Train Loss: 0.4071
2025-09-14 19:03:29,840 - Test Accurancy: 0.8629
2025-09-14 19:03:29,840 - Attack Success Rate: 0.0993
2025-09-14 19:03:36,374 - DPD clipping bound C_t: 0.98601895570755
2025-09-14 19:03:36,380 - DPD noise norm:36.084049224853516
2025-09-14 19:03:36,392 - Round number: 17 --------------------------
2025-09-14 19:03:36,393 - Evaluate global model
2025-09-14 19:03:40,022 - Averaged Train Loss: 0.3952
2025-09-14 19:03:40,027 - Test Accurancy: 0.8664
2025-09-14 19:03:40,027 - Attack Success Rate: 0.1125
2025-09-14 19:03:46,083 - DPD clipping bound C_t: 0.9460582137107849
2025-09-14 19:03:46,088 - DPD noise norm:34.612388610839844
2025-09-14 19:03:46,099 - Round number: 18 --------------------------
2025-09-14 19:03:46,099 - Evaluate global model
2025-09-14 19:03:48,727 - Averaged Train Loss: 0.3969
2025-09-14 19:03:48,732 - Test Accurancy: 0.8662
2025-09-14 19:03:48,732 - Attack Success Rate: 0.0953
2025-09-14 19:03:56,128 - DPD clipping bound C_t: 0.9209047853946686
2025-09-14 19:03:56,135 - DPD noise norm:33.807960510253906
2025-09-14 19:03:56,144 - Round number: 19 --------------------------
2025-09-14 19:03:56,144 - Evaluate global model
2025-09-14 19:03:59,551 - Averaged Train Loss: 0.3854
2025-09-14 19:03:59,552 - Test Accurancy: 0.8688
2025-09-14 19:03:59,552 - Attack Success Rate: 0.1188
2025-09-14 19:04:05,555 - DPD clipping bound C_t: 0.9285018146038055
2025-09-14 19:04:05,559 - DPD noise norm:34.04041290283203
2025-09-14 19:04:05,576 - Round number: 20 --------------------------
2025-09-14 19:04:05,576 - Evaluate global model
2025-09-14 19:04:07,739 - Averaged Train Loss: 0.3819
2025-09-14 19:04:07,739 - Test Accurancy: 0.8680
2025-09-14 19:04:07,739 - Attack Success Rate: 0.1194
2025-09-14 19:04:13,447 - DPD clipping bound C_t: 0.8876854777336121
2025-09-14 19:04:13,450 - DPD noise norm:32.446529388427734
2025-09-14 19:04:13,463 - Round number: 21 --------------------------
2025-09-14 19:04:13,463 - Evaluate global model
2025-09-14 19:04:16,407 - Averaged Train Loss: 0.3813
2025-09-14 19:04:16,408 - Test Accurancy: 0.8711
2025-09-14 19:04:16,409 - Attack Success Rate: 0.0913
2025-09-14 19:04:22,746 - DPD clipping bound C_t: 0.8946999609470367
2025-09-14 19:04:22,750 - DPD noise norm:32.7756233215332
2025-09-14 19:04:22,761 - Round number: 22 --------------------------
2025-09-14 19:04:22,761 - Evaluate global model
2025-09-14 19:04:25,582 - Averaged Train Loss: 0.3720
2025-09-14 19:04:25,587 - Test Accurancy: 0.8734
2025-09-14 19:04:25,587 - Attack Success Rate: 0.1188
2025-09-14 19:04:33,763 - DPD clipping bound C_t: 0.8753312826156616
2025-09-14 19:04:33,766 - DPD noise norm:32.01118850708008
2025-09-14 19:04:33,774 - Round number: 23 --------------------------
2025-09-14 19:04:33,774 - Evaluate global model
2025-09-14 19:04:36,761 - Averaged Train Loss: 0.3666
2025-09-14 19:04:36,766 - Test Accurancy: 0.8754
2025-09-14 19:04:36,766 - Attack Success Rate: 0.0970
2025-09-14 19:04:45,401 - DPD clipping bound C_t: 0.8744179904460907
2025-09-14 19:04:45,414 - DPD noise norm:31.99064826965332
2025-09-14 19:04:45,430 - Round number: 24 --------------------------
2025-09-14 19:04:45,430 - Evaluate global model
2025-09-14 19:04:49,732 - Averaged Train Loss: 0.3619
2025-09-14 19:04:49,734 - Test Accurancy: 0.8757
2025-09-14 19:04:49,735 - Attack Success Rate: 0.1125
2025-09-14 19:04:56,712 - DPD clipping bound C_t: 0.8627785742282867
2025-09-14 19:04:56,726 - DPD noise norm:31.62507438659668
2025-09-14 19:04:56,744 - Round number: 25 --------------------------
2025-09-14 19:04:56,744 - Evaluate global model
2025-09-14 19:05:00,757 - Averaged Train Loss: 0.3602
2025-09-14 19:05:00,759 - Test Accurancy: 0.8768
2025-09-14 19:05:00,760 - Attack Success Rate: 0.1102
2025-09-14 19:05:08,277 - DPD clipping bound C_t: 0.8340685963630676
2025-09-14 19:05:08,287 - DPD noise norm:30.534591674804688
2025-09-14 19:05:08,304 - Round number: 26 --------------------------
2025-09-14 19:05:08,305 - Evaluate global model
2025-09-14 19:05:12,650 - Averaged Train Loss: 0.3540
2025-09-14 19:05:12,657 - Test Accurancy: 0.8794
2025-09-14 19:05:12,658 - Attack Success Rate: 0.0930
2025-09-14 19:05:21,453 - DPD clipping bound C_t: 0.8253515362739563
2025-09-14 19:05:21,468 - DPD noise norm:30.236221313476562
2025-09-14 19:05:21,487 - Round number: 27 --------------------------
2025-09-14 19:05:21,487 - Evaluate global model
2025-09-14 19:05:26,935 - Averaged Train Loss: 0.3570
2025-09-14 19:05:26,942 - Test Accurancy: 0.8803
2025-09-14 19:05:26,942 - Attack Success Rate: 0.0930
2025-09-14 19:05:34,091 - DPD clipping bound C_t: 0.8438267409801483
2025-09-14 19:05:34,105 - DPD noise norm:30.903438568115234
2025-09-14 19:05:34,121 - Round number: 28 --------------------------
2025-09-14 19:05:34,121 - Evaluate global model
2025-09-14 19:05:38,660 - Averaged Train Loss: 0.3552
2025-09-14 19:05:38,662 - Test Accurancy: 0.8788
2025-09-14 19:05:38,662 - Attack Success Rate: 0.0821
2025-09-14 19:05:46,607 - DPD clipping bound C_t: 0.8205852806568146
2025-09-14 19:05:46,614 - DPD noise norm:30.04573631286621
2025-09-14 19:05:46,629 - Round number: 29 --------------------------
2025-09-14 19:05:46,630 - Evaluate global model
2025-09-14 19:05:50,660 - Averaged Train Loss: 0.3450
2025-09-14 19:05:50,667 - Test Accurancy: 0.8795
2025-09-14 19:05:50,667 - Attack Success Rate: 0.1056
2025-09-14 19:05:58,249 - DPD clipping bound C_t: 0.7952413260936737
2025-09-14 19:05:58,259 - DPD noise norm:29.176071166992188
2025-09-14 19:05:58,276 - Round number: 30 --------------------------
2025-09-14 19:05:58,276 - Evaluate global model
2025-09-14 19:06:03,206 - Averaged Train Loss: 0.3487
2025-09-14 19:06:03,210 - Test Accurancy: 0.8794
2025-09-14 19:06:03,210 - Attack Success Rate: 0.0941
2025-09-14 19:06:09,746 - DPD clipping bound C_t: 0.8207055330276489
2025-09-14 19:06:09,759 - DPD noise norm:30.046995162963867
2025-09-14 19:06:09,779 - Round number: 31 --------------------------
2025-09-14 19:06:09,779 - Evaluate global model
2025-09-14 19:06:13,680 - Averaged Train Loss: 0.3412
2025-09-14 19:06:13,681 - Test Accurancy: 0.8827
2025-09-14 19:06:13,682 - Attack Success Rate: 0.0976
2025-09-14 19:06:21,284 - DPD clipping bound C_t: 0.7749102413654327
2025-09-14 19:06:21,295 - DPD noise norm:28.3609676361084
2025-09-14 19:06:21,312 - Round number: 32 --------------------------
2025-09-14 19:06:21,312 - Evaluate global model
2025-09-14 19:06:24,320 - Averaged Train Loss: 0.3401
2025-09-14 19:06:24,322 - Test Accurancy: 0.8824
2025-09-14 19:06:24,322 - Attack Success Rate: 0.1073
2025-09-14 19:06:31,511 - DPD clipping bound C_t: 0.7644936144351959
2025-09-14 19:06:31,521 - DPD noise norm:27.9903564453125
2025-09-14 19:06:31,534 - Round number: 33 --------------------------
2025-09-14 19:06:31,534 - Evaluate global model
2025-09-14 19:06:34,494 - Averaged Train Loss: 0.3411
2025-09-14 19:06:34,496 - Test Accurancy: 0.8818
2025-09-14 19:06:34,496 - Attack Success Rate: 0.0947
2025-09-14 19:06:41,581 - DPD clipping bound C_t: 0.7784391939640045
2025-09-14 19:06:41,588 - DPD noise norm:28.48493003845215
2025-09-14 19:06:41,599 - Round number: 34 --------------------------
2025-09-14 19:06:41,599 - Evaluate global model
2025-09-14 19:06:44,630 - Averaged Train Loss: 0.3394
2025-09-14 19:06:44,637 - Test Accurancy: 0.8834
2025-09-14 19:06:44,637 - Attack Success Rate: 0.0930
2025-09-14 19:06:53,302 - DPD clipping bound C_t: 0.742944598197937
2025-09-14 19:06:53,313 - DPD noise norm:27.230224609375
2025-09-14 19:06:53,332 - Round number: 35 --------------------------
2025-09-14 19:06:53,332 - Evaluate global model
2025-09-14 19:06:58,032 - Averaged Train Loss: 0.3336
2025-09-14 19:06:58,036 - Test Accurancy: 0.8851
2025-09-14 19:06:58,036 - Attack Success Rate: 0.0844
2025-09-14 19:07:05,830 - DPD clipping bound C_t: 0.7276029288768768
2025-09-14 19:07:05,844 - DPD noise norm:26.621402740478516
2025-09-14 19:07:05,859 - Round number: 36 --------------------------
2025-09-14 19:07:05,860 - Evaluate global model
2025-09-14 19:07:10,000 - Averaged Train Loss: 0.3371
2025-09-14 19:07:10,000 - Test Accurancy: 0.8856
2025-09-14 19:07:10,000 - Attack Success Rate: 0.0792
2025-09-14 19:07:17,786 - DPD clipping bound C_t: 0.7200504243373871
2025-09-14 19:07:17,805 - DPD noise norm:26.37159538269043
2025-09-14 19:07:17,818 - Round number: 37 --------------------------
2025-09-14 19:07:17,818 - Evaluate global model
2025-09-14 19:07:19,998 - Averaged Train Loss: 0.3342
2025-09-14 19:07:19,999 - Test Accurancy: 0.8855
2025-09-14 19:07:19,999 - Attack Success Rate: 0.0913
2025-09-14 19:07:25,710 - DPD clipping bound C_t: 0.7146426141262054
2025-09-14 19:07:25,715 - DPD noise norm:26.161577224731445
2025-09-14 19:07:25,726 - Round number: 38 --------------------------
2025-09-14 19:07:25,726 - Evaluate global model
2025-09-14 19:07:27,706 - Averaged Train Loss: 0.3382
2025-09-14 19:07:27,706 - Test Accurancy: 0.8873
2025-09-14 19:07:27,706 - Attack Success Rate: 0.0706
2025-09-14 19:07:32,373 - DPD clipping bound C_t: 0.6863713264465332
2025-09-14 19:07:32,377 - DPD noise norm:25.151655197143555
2025-09-14 19:07:32,387 - Round number: 39 --------------------------
2025-09-14 19:07:32,387 - Evaluate global model
2025-09-14 19:07:34,555 - Averaged Train Loss: 0.3335
2025-09-14 19:07:34,555 - Test Accurancy: 0.8881
2025-09-14 19:07:34,555 - Attack Success Rate: 0.0706
2025-09-14 19:07:40,310 - DPD clipping bound C_t: 0.685967743396759
2025-09-14 19:07:40,318 - DPD noise norm:25.14752197265625
2025-09-14 19:07:40,330 - Round number: 40 --------------------------
2025-09-14 19:07:40,330 - Evaluate global model
2025-09-14 19:07:43,294 - Averaged Train Loss: 0.3295
2025-09-14 19:07:43,296 - Test Accurancy: 0.8871
2025-09-14 19:07:43,296 - Attack Success Rate: 0.0792
2025-09-14 19:07:49,982 - DPD clipping bound C_t: 0.6871368288993835
2025-09-14 19:07:49,994 - DPD noise norm:25.141311645507812
2025-09-14 19:07:50,009 - Round number: 41 --------------------------
2025-09-14 19:07:50,009 - Evaluate global model
2025-09-14 19:07:53,306 - Averaged Train Loss: 0.3276
2025-09-14 19:07:53,308 - Test Accurancy: 0.8883
2025-09-14 19:07:53,308 - Attack Success Rate: 0.0827
2025-09-14 19:07:57,979 - DPD clipping bound C_t: 0.6948990523815155
2025-09-14 19:07:57,981 - DPD noise norm:25.42926025390625
2025-09-14 19:07:57,990 - Round number: 42 --------------------------
2025-09-14 19:07:57,990 - Evaluate global model
2025-09-14 19:07:59,902 - Averaged Train Loss: 0.3258
2025-09-14 19:07:59,902 - Test Accurancy: 0.8882
2025-09-14 19:07:59,902 - Attack Success Rate: 0.0953
2025-09-14 19:08:04,651 - DPD clipping bound C_t: 0.6722281277179718
2025-09-14 19:08:04,655 - DPD noise norm:24.563777923583984
2025-09-14 19:08:04,666 - Round number: 43 --------------------------
2025-09-14 19:08:04,666 - Evaluate global model
2025-09-14 19:08:06,665 - Averaged Train Loss: 0.3247
2025-09-14 19:08:06,665 - Test Accurancy: 0.8874
2025-09-14 19:08:06,665 - Attack Success Rate: 0.0930
2025-09-14 19:08:11,116 - DPD clipping bound C_t: 0.6623800098896027
2025-09-14 19:08:11,119 - DPD noise norm:24.279495239257812
2025-09-14 19:08:11,127 - Round number: 44 --------------------------
2025-09-14 19:08:11,127 - Evaluate global model
2025-09-14 19:08:12,964 - Averaged Train Loss: 0.3240
2025-09-14 19:08:12,964 - Test Accurancy: 0.8878
2025-09-14 19:08:12,964 - Attack Success Rate: 0.0827
2025-09-14 19:08:17,618 - DPD clipping bound C_t: 0.6425175368785858
2025-09-14 19:08:17,622 - DPD noise norm:23.53034210205078
2025-09-14 19:08:17,631 - Round number: 45 --------------------------
2025-09-14 19:08:17,631 - Evaluate global model
2025-09-14 19:08:19,525 - Averaged Train Loss: 0.3272
2025-09-14 19:08:19,526 - Test Accurancy: 0.8880
2025-09-14 19:08:19,526 - Attack Success Rate: 0.0809
2025-09-14 19:08:24,060 - DPD clipping bound C_t: 0.6337175965309143
2025-09-14 19:08:24,066 - DPD noise norm:23.187541961669922
2025-09-14 19:08:24,076 - Round number: 46 --------------------------
2025-09-14 19:08:24,076 - Evaluate global model
2025-09-14 19:08:26,274 - Averaged Train Loss: 0.3285
2025-09-14 19:08:26,275 - Test Accurancy: 0.8876
2025-09-14 19:08:26,275 - Attack Success Rate: 0.0786
2025-09-14 19:08:31,493 - DPD clipping bound C_t: 0.6297581791877747
2025-09-14 19:08:31,511 - DPD noise norm:23.077064514160156
2025-09-14 19:08:31,526 - Round number: 47 --------------------------
2025-09-14 19:08:31,526 - Evaluate global model
2025-09-14 19:08:36,685 - Averaged Train Loss: 0.3274
2025-09-14 19:08:36,687 - Test Accurancy: 0.8887
2025-09-14 19:08:36,687 - Attack Success Rate: 0.0689
2025-09-14 19:08:44,651 - DPD clipping bound C_t: 0.6288966238498688
2025-09-14 19:08:44,661 - DPD noise norm:23.018878936767578
2025-09-14 19:08:44,677 - Round number: 48 --------------------------
2025-09-14 19:08:44,677 - Evaluate global model
2025-09-14 19:08:48,361 - Averaged Train Loss: 0.3265
2025-09-14 19:08:48,364 - Test Accurancy: 0.8889
2025-09-14 19:08:48,364 - Attack Success Rate: 0.0729
2025-09-14 19:08:56,101 - DPD clipping bound C_t: 0.611492931842804
2025-09-14 19:08:56,111 - DPD noise norm:22.381912231445312
2025-09-14 19:08:56,127 - Round number: 49 --------------------------
2025-09-14 19:08:56,127 - Evaluate global model
2025-09-14 19:08:59,020 - Averaged Train Loss: 0.3234
2025-09-14 19:08:59,024 - Test Accurancy: 0.8905
2025-09-14 19:08:59,025 - Attack Success Rate: 0.0689
2025-09-14 19:09:05,660 - DPD clipping bound C_t: 0.5899909436702728
2025-09-14 19:09:05,666 - DPD noise norm:21.62129783630371
2025-09-14 19:09:05,678 - Round number: 50 --------------------------
2025-09-14 19:09:05,678 - Evaluate global model
2025-09-14 19:09:08,054 - Averaged Train Loss: 0.3131
2025-09-14 19:09:08,055 - Test Accurancy: 0.8924
2025-09-14 19:09:08,055 - Attack Success Rate: 0.0878
2025-09-14 19:09:14,677 - DPD clipping bound C_t: 0.5961854755878448
2025-09-14 19:09:14,688 - DPD noise norm:21.83914566040039
2025-09-14 19:09:14,700 - Round number: 51 --------------------------
2025-09-14 19:09:14,700 - Evaluate global model
2025-09-14 19:09:17,666 - Averaged Train Loss: 0.3142
2025-09-14 19:09:17,667 - Test Accurancy: 0.8913
2025-09-14 19:09:17,667 - Attack Success Rate: 0.0953
2025-09-14 19:09:24,121 - DPD clipping bound C_t: 0.5713861882686615
2025-09-14 19:09:24,125 - DPD noise norm:20.940645217895508
2025-09-14 19:09:24,137 - Round number: 52 --------------------------
2025-09-14 19:09:24,137 - Evaluate global model
2025-09-14 19:09:27,075 - Averaged Train Loss: 0.3225
2025-09-14 19:09:27,080 - Test Accurancy: 0.8919
2025-09-14 19:09:27,080 - Attack Success Rate: 0.0695
2025-09-14 19:09:33,160 - DPD clipping bound C_t: 0.5613342225551605
2025-09-14 19:09:33,164 - DPD noise norm:20.567955017089844
2025-09-14 19:09:33,175 - Round number: 53 --------------------------
2025-09-14 19:09:33,176 - Evaluate global model
2025-09-14 19:09:36,069 - Averaged Train Loss: 0.3124
2025-09-14 19:09:36,071 - Test Accurancy: 0.8923
2025-09-14 19:09:36,071 - Attack Success Rate: 0.0878
2025-09-14 19:09:42,618 - DPD clipping bound C_t: 0.5579857528209686
2025-09-14 19:09:42,624 - DPD noise norm:20.42776870727539
2025-09-14 19:09:42,642 - Round number: 54 --------------------------
2025-09-14 19:09:42,642 - Evaluate global model
2025-09-14 19:09:45,190 - Averaged Train Loss: 0.3139
2025-09-14 19:09:45,190 - Test Accurancy: 0.8945
2025-09-14 19:09:45,190 - Attack Success Rate: 0.0746
2025-09-14 19:09:50,844 - DPD clipping bound C_t: 0.5698016285896301
2025-09-14 19:09:50,847 - DPD noise norm:20.845478057861328
2025-09-14 19:09:50,855 - Round number: 55 --------------------------
2025-09-14 19:09:50,855 - Evaluate global model
2025-09-14 19:09:52,829 - Averaged Train Loss: 0.3144
2025-09-14 19:09:52,829 - Test Accurancy: 0.8942
2025-09-14 19:09:52,829 - Attack Success Rate: 0.0752
2025-09-14 19:09:57,644 - DPD clipping bound C_t: 0.5582826733589172
2025-09-14 19:09:57,665 - DPD noise norm:20.447202682495117
2025-09-14 19:09:57,680 - Round number: 56 --------------------------
2025-09-14 19:09:57,680 - Evaluate global model
2025-09-14 19:10:00,049 - Averaged Train Loss: 0.3130
2025-09-14 19:10:00,049 - Test Accurancy: 0.8927
2025-09-14 19:10:00,049 - Attack Success Rate: 0.0752
2025-09-14 19:10:04,464 - DPD clipping bound C_t: 0.5311670303344727
2025-09-14 19:10:04,468 - DPD noise norm:19.45577621459961
2025-09-14 19:10:04,476 - Round number: 57 --------------------------
2025-09-14 19:10:04,476 - Evaluate global model
2025-09-14 19:10:07,253 - Averaged Train Loss: 0.3129
2025-09-14 19:10:07,254 - Test Accurancy: 0.8925
2025-09-14 19:10:07,254 - Attack Success Rate: 0.0786
2025-09-14 19:10:13,856 - DPD clipping bound C_t: 0.5350609123706818
2025-09-14 19:10:13,860 - DPD noise norm:19.613656997680664
2025-09-14 19:10:13,870 - Round number: 58 --------------------------
2025-09-14 19:10:13,870 - Evaluate global model
2025-09-14 19:10:15,987 - Averaged Train Loss: 0.3123
2025-09-14 19:10:15,987 - Test Accurancy: 0.8911
2025-09-14 19:10:15,987 - Attack Success Rate: 0.0930
2025-09-14 19:10:21,483 - DPD clipping bound C_t: 0.5301453769207001
2025-09-14 19:10:21,488 - DPD noise norm:19.399850845336914
2025-09-14 19:10:21,501 - Round number: 59 --------------------------
2025-09-14 19:10:21,501 - Evaluate global model
2025-09-14 19:10:23,307 - Averaged Train Loss: 0.3112
2025-09-14 19:10:23,308 - Test Accurancy: 0.8929
2025-09-14 19:10:23,308 - Attack Success Rate: 0.0792
2025-09-14 19:10:28,625 - DPD clipping bound C_t: 0.5174107849597931
2025-09-14 19:10:28,629 - DPD noise norm:18.936649322509766
2025-09-14 19:10:28,640 - Round number: 60 --------------------------
2025-09-14 19:10:28,640 - Evaluate global model
2025-09-14 19:10:30,615 - Averaged Train Loss: 0.3116
2025-09-14 19:10:30,615 - Test Accurancy: 0.8927
2025-09-14 19:10:30,616 - Attack Success Rate: 0.0706
2025-09-14 19:10:35,503 - DPD clipping bound C_t: 0.5184833407402039
2025-09-14 19:10:35,507 - DPD noise norm:18.98855209350586
2025-09-14 19:10:35,517 - Round number: 61 --------------------------
2025-09-14 19:10:35,518 - Evaluate global model
2025-09-14 19:10:37,688 - Averaged Train Loss: 0.3098
2025-09-14 19:10:37,693 - Test Accurancy: 0.8930
2025-09-14 19:10:37,693 - Attack Success Rate: 0.0752
2025-09-14 19:10:43,308 - DPD clipping bound C_t: 0.5148012340068817
2025-09-14 19:10:43,313 - DPD noise norm:18.869068145751953
2025-09-14 19:10:43,322 - Round number: 62 --------------------------
2025-09-14 19:10:43,323 - Evaluate global model
2025-09-14 19:10:45,893 - Averaged Train Loss: 0.3123
2025-09-14 19:10:45,898 - Test Accurancy: 0.8908
2025-09-14 19:10:45,898 - Attack Success Rate: 0.0752
2025-09-14 19:10:53,364 - DPD clipping bound C_t: 0.5051631778478622
2025-09-14 19:10:53,371 - DPD noise norm:18.50399398803711
2025-09-14 19:10:53,385 - Round number: 63 --------------------------
2025-09-14 19:10:53,385 - Evaluate global model
2025-09-14 19:10:57,824 - Averaged Train Loss: 0.3130
2025-09-14 19:10:57,829 - Test Accurancy: 0.8921
2025-09-14 19:10:57,830 - Attack Success Rate: 0.0654
2025-09-14 19:11:04,829 - DPD clipping bound C_t: 0.5029485523700714
2025-09-14 19:11:04,838 - DPD noise norm:18.437625885009766
2025-09-14 19:11:04,852 - Round number: 64 --------------------------
2025-09-14 19:11:04,852 - Evaluate global model
2025-09-14 19:11:08,633 - Averaged Train Loss: 0.3123
2025-09-14 19:11:08,633 - Test Accurancy: 0.8931
2025-09-14 19:11:08,633 - Attack Success Rate: 0.0603
2025-09-14 19:11:14,576 - DPD clipping bound C_t: 0.4830583781003952
2025-09-14 19:11:14,586 - DPD noise norm:17.704133987426758
2025-09-14 19:11:14,598 - Round number: 65 --------------------------
2025-09-14 19:11:14,598 - Evaluate global model
2025-09-14 19:11:17,300 - Averaged Train Loss: 0.3066
2025-09-14 19:11:17,301 - Test Accurancy: 0.8942
2025-09-14 19:11:17,301 - Attack Success Rate: 0.0677
2025-09-14 19:11:22,974 - DPD clipping bound C_t: 0.49218863248825073
2025-09-14 19:11:22,979 - DPD noise norm:18.046358108520508
2025-09-14 19:11:22,998 - Round number: 66 --------------------------
2025-09-14 19:11:22,998 - Evaluate global model
2025-09-14 19:11:25,483 - Averaged Train Loss: 0.3061
2025-09-14 19:11:25,484 - Test Accurancy: 0.8939
2025-09-14 19:11:25,484 - Attack Success Rate: 0.0729
2025-09-14 19:11:30,471 - DPD clipping bound C_t: 0.4739416241645813
2025-09-14 19:11:30,479 - DPD noise norm:17.37507438659668
2025-09-14 19:11:30,493 - Round number: 67 --------------------------
2025-09-14 19:11:30,493 - Evaluate global model
2025-09-14 19:11:33,370 - Averaged Train Loss: 0.3069
2025-09-14 19:11:33,371 - Test Accurancy: 0.8927
2025-09-14 19:11:33,371 - Attack Success Rate: 0.0706
2025-09-14 19:11:39,162 - DPD clipping bound C_t: 0.4832456260919571
2025-09-14 19:11:39,169 - DPD noise norm:17.683979034423828
2025-09-14 19:11:39,180 - Round number: 68 --------------------------
2025-09-14 19:11:39,180 - Evaluate global model
2025-09-14 19:11:42,934 - Averaged Train Loss: 0.3042
2025-09-14 19:11:42,937 - Test Accurancy: 0.8937
2025-09-14 19:11:42,937 - Attack Success Rate: 0.0729
2025-09-14 19:11:49,229 - DPD clipping bound C_t: 0.46734796464443207
2025-09-14 19:11:49,234 - DPD noise norm:17.125335693359375
2025-09-14 19:11:49,249 - Round number: 69 --------------------------
2025-09-14 19:11:49,249 - Evaluate global model
2025-09-14 19:11:52,493 - Averaged Train Loss: 0.3028
2025-09-14 19:11:52,496 - Test Accurancy: 0.8938
2025-09-14 19:11:52,496 - Attack Success Rate: 0.0689
2025-09-14 19:11:58,000 - DPD clipping bound C_t: 0.4581604152917862
2025-09-14 19:11:58,005 - DPD noise norm:16.785987854003906
2025-09-14 19:11:58,019 - Round number: 70 --------------------------
2025-09-14 19:11:58,019 - Evaluate global model
2025-09-14 19:12:01,484 - Averaged Train Loss: 0.3062
2025-09-14 19:12:01,485 - Test Accurancy: 0.8918
2025-09-14 19:12:01,485 - Attack Success Rate: 0.0597
2025-09-14 19:12:08,129 - DPD clipping bound C_t: 0.44739218056201935
2025-09-14 19:12:08,141 - DPD noise norm:16.37148094177246
2025-09-14 19:12:08,157 - Round number: 71 --------------------------
2025-09-14 19:12:08,157 - Evaluate global model
2025-09-14 19:12:11,812 - Averaged Train Loss: 0.3009
2025-09-14 19:12:11,814 - Test Accurancy: 0.8939
2025-09-14 19:12:11,814 - Attack Success Rate: 0.0752
2025-09-14 19:12:18,104 - DPD clipping bound C_t: 0.43901199102401733
2025-09-14 19:12:18,114 - DPD noise norm:16.08603858947754
2025-09-14 19:12:18,129 - Round number: 72 --------------------------
2025-09-14 19:12:18,129 - Evaluate global model
2025-09-14 19:12:21,356 - Averaged Train Loss: 0.3016
2025-09-14 19:12:21,357 - Test Accurancy: 0.8932
2025-09-14 19:12:21,357 - Attack Success Rate: 0.0735
2025-09-14 19:12:28,241 - DPD clipping bound C_t: 0.4395977407693863
2025-09-14 19:12:28,250 - DPD noise norm:16.105205535888672
2025-09-14 19:12:28,266 - Round number: 73 --------------------------
2025-09-14 19:12:28,267 - Evaluate global model
2025-09-14 19:12:31,496 - Averaged Train Loss: 0.3031
2025-09-14 19:12:31,498 - Test Accurancy: 0.8927
2025-09-14 19:12:31,498 - Attack Success Rate: 0.0649
2025-09-14 19:12:38,419 - DPD clipping bound C_t: 0.431291788816452
2025-09-14 19:12:38,424 - DPD noise norm:15.81355094909668
2025-09-14 19:12:38,439 - Round number: 74 --------------------------
2025-09-14 19:12:38,440 - Evaluate global model
2025-09-14 19:12:42,053 - Averaged Train Loss: 0.3014
2025-09-14 19:12:42,054 - Test Accurancy: 0.8914
2025-09-14 19:12:42,054 - Attack Success Rate: 0.0786
2025-09-14 19:12:48,990 - DPD clipping bound C_t: 0.42574648559093475
2025-09-14 19:12:48,995 - DPD noise norm:15.602035522460938
2025-09-14 19:12:49,005 - Round number: 75 --------------------------
2025-09-14 19:12:49,006 - Evaluate global model
2025-09-14 19:12:52,148 - Averaged Train Loss: 0.2998
2025-09-14 19:12:52,148 - Test Accurancy: 0.8952
2025-09-14 19:12:52,148 - Attack Success Rate: 0.0608
2025-09-14 19:12:58,491 - DPD clipping bound C_t: 0.4276994615793228
2025-09-14 19:12:58,496 - DPD noise norm:15.687956809997559
2025-09-14 19:12:58,508 - Round number: 76 --------------------------
2025-09-14 19:12:58,509 - Evaluate global model
2025-09-14 19:13:00,943 - Averaged Train Loss: 0.3027
2025-09-14 19:13:00,945 - Test Accurancy: 0.8943
2025-09-14 19:13:00,945 - Attack Success Rate: 0.0614
2025-09-14 19:13:07,643 - DPD clipping bound C_t: 0.41727006435394287
2025-09-14 19:13:07,647 - DPD noise norm:15.281850814819336
2025-09-14 19:13:07,660 - Round number: 77 --------------------------
2025-09-14 19:13:07,661 - Evaluate global model
2025-09-14 19:13:09,735 - Averaged Train Loss: 0.2998
2025-09-14 19:13:09,735 - Test Accurancy: 0.8923
2025-09-14 19:13:09,736 - Attack Success Rate: 0.0718
2025-09-14 19:13:14,224 - DPD clipping bound C_t: 0.4152263402938843
2025-09-14 19:13:14,229 - DPD noise norm:15.225168228149414
2025-09-14 19:13:14,237 - Round number: 78 --------------------------
2025-09-14 19:13:14,238 - Evaluate global model
2025-09-14 19:13:16,454 - Averaged Train Loss: 0.3008
2025-09-14 19:13:16,455 - Test Accurancy: 0.8937
2025-09-14 19:13:16,455 - Attack Success Rate: 0.0620
2025-09-14 19:13:20,617 - DPD clipping bound C_t: 0.4127868711948395
2025-09-14 19:13:20,620 - DPD noise norm:15.100830078125
2025-09-14 19:13:20,630 - Round number: 79 --------------------------
2025-09-14 19:13:20,630 - Evaluate global model
2025-09-14 19:13:22,679 - Averaged Train Loss: 0.2953
2025-09-14 19:13:22,680 - Test Accurancy: 0.8933
2025-09-14 19:13:22,680 - Attack Success Rate: 0.0677
2025-09-14 19:13:27,297 - DPD clipping bound C_t: 0.39918431639671326
2025-09-14 19:13:27,301 - DPD noise norm:14.60468864440918
2025-09-14 19:13:27,310 - Round number: 80 --------------------------
2025-09-14 19:13:27,310 - Evaluate global model
2025-09-14 19:13:29,424 - Averaged Train Loss: 0.2943
2025-09-14 19:13:29,425 - Test Accurancy: 0.8934
2025-09-14 19:13:29,425 - Attack Success Rate: 0.0603
2025-09-14 19:13:33,749 - DPD clipping bound C_t: 0.39691632986068726
2025-09-14 19:13:33,752 - DPD noise norm:14.550585746765137
2025-09-14 19:13:33,761 - Round number: 81 --------------------------
2025-09-14 19:13:33,761 - Evaluate global model
2025-09-14 19:13:35,696 - Averaged Train Loss: 0.2998
2025-09-14 19:13:35,697 - Test Accurancy: 0.8921
2025-09-14 19:13:35,697 - Attack Success Rate: 0.0649
2025-09-14 19:13:39,847 - DPD clipping bound C_t: 0.39829325675964355
2025-09-14 19:13:39,851 - DPD noise norm:14.589494705200195
2025-09-14 19:13:39,858 - Round number: 82 --------------------------
2025-09-14 19:13:39,858 - Evaluate global model
2025-09-14 19:13:41,828 - Averaged Train Loss: 0.2971
2025-09-14 19:13:41,828 - Test Accurancy: 0.8933
2025-09-14 19:13:41,828 - Attack Success Rate: 0.0718
2025-09-14 19:13:46,562 - DPD clipping bound C_t: 0.3919172137975693
2025-09-14 19:13:46,566 - DPD noise norm:14.337971687316895
2025-09-14 19:13:46,575 - Round number: 83 --------------------------
2025-09-14 19:13:46,575 - Evaluate global model
2025-09-14 19:13:48,621 - Averaged Train Loss: 0.2963
2025-09-14 19:13:48,622 - Test Accurancy: 0.8921
2025-09-14 19:13:48,622 - Attack Success Rate: 0.0706
2025-09-14 19:13:52,923 - DPD clipping bound C_t: 0.3796214908361435
2025-09-14 19:13:52,927 - DPD noise norm:13.882403373718262
2025-09-14 19:13:52,935 - Round number: 84 --------------------------
2025-09-14 19:13:52,935 - Evaluate global model
2025-09-14 19:13:54,931 - Averaged Train Loss: 0.2976
2025-09-14 19:13:54,932 - Test Accurancy: 0.8930
2025-09-14 19:13:54,932 - Attack Success Rate: 0.0643
2025-09-14 19:13:59,077 - DPD clipping bound C_t: 0.37779197096824646
2025-09-14 19:13:59,082 - DPD noise norm:13.841316223144531
2025-09-14 19:13:59,095 - Round number: 85 --------------------------
2025-09-14 19:13:59,095 - Evaluate global model
2025-09-14 19:14:01,622 - Averaged Train Loss: 0.2962
2025-09-14 19:14:01,624 - Test Accurancy: 0.8939
2025-09-14 19:14:01,624 - Attack Success Rate: 0.0689
2025-09-14 19:14:06,742 - DPD clipping bound C_t: 0.38009271025657654
2025-09-14 19:14:06,747 - DPD noise norm:13.930619239807129
2025-09-14 19:14:06,755 - Round number: 86 --------------------------
2025-09-14 19:14:06,755 - Evaluate global model
2025-09-14 19:14:08,891 - Averaged Train Loss: 0.2906
2025-09-14 19:14:08,892 - Test Accurancy: 0.8938
2025-09-14 19:14:08,892 - Attack Success Rate: 0.0712
2025-09-14 19:14:14,160 - DPD clipping bound C_t: 0.3740994334220886
2025-09-14 19:14:14,163 - DPD noise norm:13.68543815612793
2025-09-14 19:14:14,174 - Round number: 87 --------------------------
2025-09-14 19:14:14,174 - Evaluate global model
2025-09-14 19:14:16,680 - Averaged Train Loss: 0.2925
2025-09-14 19:14:16,682 - Test Accurancy: 0.8929
2025-09-14 19:14:16,682 - Attack Success Rate: 0.0683
2025-09-14 19:14:21,172 - DPD clipping bound C_t: 0.3645387887954712
2025-09-14 19:14:21,175 - DPD noise norm:13.362126350402832
2025-09-14 19:14:21,183 - Round number: 88 --------------------------
2025-09-14 19:14:21,184 - Evaluate global model
2025-09-14 19:14:23,144 - Averaged Train Loss: 0.2893
2025-09-14 19:14:23,144 - Test Accurancy: 0.8936
2025-09-14 19:14:23,144 - Attack Success Rate: 0.0695
2025-09-14 19:14:28,066 - DPD clipping bound C_t: 0.36155572533607483
2025-09-14 19:14:28,070 - DPD noise norm:13.25497817993164
2025-09-14 19:14:28,080 - Round number: 89 --------------------------
2025-09-14 19:14:28,080 - Evaluate global model
2025-09-14 19:14:30,689 - Averaged Train Loss: 0.2908
2025-09-14 19:14:30,689 - Test Accurancy: 0.8940
2025-09-14 19:14:30,689 - Attack Success Rate: 0.0672
2025-09-14 19:14:35,406 - DPD clipping bound C_t: 0.3623955249786377
2025-09-14 19:14:35,410 - DPD noise norm:13.28393840789795
2025-09-14 19:14:35,418 - Round number: 90 --------------------------
2025-09-14 19:14:35,419 - Evaluate global model
2025-09-14 19:14:37,442 - Averaged Train Loss: 0.2997
2025-09-14 19:14:37,443 - Test Accurancy: 0.8934
2025-09-14 19:14:37,443 - Attack Success Rate: 0.0557
2025-09-14 19:14:42,381 - DPD clipping bound C_t: 0.35446667671203613
2025-09-14 19:14:42,386 - DPD noise norm:13.003059387207031
2025-09-14 19:14:42,397 - Round number: 91 --------------------------
2025-09-14 19:14:42,397 - Evaluate global model
2025-09-14 19:14:44,909 - Averaged Train Loss: 0.2951
2025-09-14 19:14:44,910 - Test Accurancy: 0.8943
2025-09-14 19:14:44,910 - Attack Success Rate: 0.0563
2025-09-14 19:14:49,965 - DPD clipping bound C_t: 0.34904026985168457
2025-09-14 19:14:49,969 - DPD noise norm:12.759421348571777
2025-09-14 19:14:49,978 - Round number: 92 --------------------------
2025-09-14 19:14:49,978 - Evaluate global model
2025-09-14 19:14:52,065 - Averaged Train Loss: 0.2883
2025-09-14 19:14:52,065 - Test Accurancy: 0.8951
2025-09-14 19:14:52,065 - Attack Success Rate: 0.0672
2025-09-14 19:14:57,880 - DPD clipping bound C_t: 0.34650005400180817
2025-09-14 19:14:57,886 - DPD noise norm:12.6845121383667
2025-09-14 19:14:57,898 - Round number: 93 --------------------------
2025-09-14 19:14:57,898 - Evaluate global model
2025-09-14 19:15:00,383 - Averaged Train Loss: 0.2890
2025-09-14 19:15:00,383 - Test Accurancy: 0.8940
2025-09-14 19:15:00,383 - Attack Success Rate: 0.0683
2025-09-14 19:15:04,583 - DPD clipping bound C_t: 0.34130406379699707
2025-09-14 19:15:04,587 - DPD noise norm:12.476061820983887
2025-09-14 19:15:04,595 - Round number: 94 --------------------------
2025-09-14 19:15:04,595 - Evaluate global model
2025-09-14 19:15:06,953 - Averaged Train Loss: 0.2914
2025-09-14 19:15:06,955 - Test Accurancy: 0.8933
2025-09-14 19:15:06,955 - Attack Success Rate: 0.0660
2025-09-14 19:15:11,870 - DPD clipping bound C_t: 0.33907294273376465
2025-09-14 19:15:11,875 - DPD noise norm:12.430631637573242
2025-09-14 19:15:11,885 - Round number: 95 --------------------------
2025-09-14 19:15:11,885 - Evaluate global model
2025-09-14 19:15:14,385 - Averaged Train Loss: 0.2940
2025-09-14 19:15:14,386 - Test Accurancy: 0.8936
2025-09-14 19:15:14,386 - Attack Success Rate: 0.0643
2025-09-14 19:15:18,688 - DPD clipping bound C_t: 0.3341808021068573
2025-09-14 19:15:18,690 - DPD noise norm:12.244548797607422
2025-09-14 19:15:18,699 - Round number: 96 --------------------------
2025-09-14 19:15:18,699 - Evaluate global model
2025-09-14 19:15:20,770 - Averaged Train Loss: 0.2903
2025-09-14 19:15:20,770 - Test Accurancy: 0.8937
2025-09-14 19:15:20,771 - Attack Success Rate: 0.0689
2025-09-14 19:15:25,713 - DPD clipping bound C_t: 0.32708707451820374
2025-09-14 19:15:25,718 - DPD noise norm:11.974432945251465
2025-09-14 19:15:25,728 - Round number: 97 --------------------------
2025-09-14 19:15:25,728 - Evaluate global model
2025-09-14 19:15:28,004 - Averaged Train Loss: 0.2938
2025-09-14 19:15:28,006 - Test Accurancy: 0.8937
2025-09-14 19:15:28,006 - Attack Success Rate: 0.0597
2025-09-14 19:15:32,509 - DPD clipping bound C_t: 0.3260262608528137
2025-09-14 19:15:32,511 - DPD noise norm:11.9395170211792
2025-09-14 19:15:32,520 - Round number: 98 --------------------------
2025-09-14 19:15:32,520 - Evaluate global model
2025-09-14 19:15:34,289 - Averaged Train Loss: 0.2918
2025-09-14 19:15:34,290 - Test Accurancy: 0.8936
2025-09-14 19:15:34,290 - Attack Success Rate: 0.0666
2025-09-14 19:15:37,970 - DPD clipping bound C_t: 0.3205384761095047
2025-09-14 19:15:37,973 - DPD noise norm:11.737771987915039
2025-09-14 19:15:37,981 - Round number: 99 --------------------------
2025-09-14 19:15:37,981 - Evaluate global model
2025-09-14 19:15:39,680 - Averaged Train Loss: 0.2932
2025-09-14 19:15:39,681 - Test Accurancy: 0.8929
2025-09-14 19:15:39,681 - Attack Success Rate: 0.0683
2025-09-14 19:15:43,411 - DPD clipping bound C_t: 0.3171544671058655
2025-09-14 19:15:43,414 - DPD noise norm:11.600625038146973
2025-09-14 19:15:43,424 - Round number: 100 --------------------------
2025-09-14 19:15:43,425 - Evaluate global model
2025-09-14 19:15:45,194 - Averaged Train Loss: 0.2880
2025-09-14 19:15:45,195 - Test Accurancy: 0.8947
2025-09-14 19:15:45,195 - Attack Success Rate: 0.0695
2025-09-14 19:15:49,303 - DPD clipping bound C_t: 0.3153849244117737
2025-09-14 19:15:49,307 - DPD noise norm:11.574889183044434
2025-09-14 19:15:49,309 - Run over
2025-09-14 19:15:49,309 - Saving results to ./exp/exp2/FashionMNIST/0.048.h5
2025-09-14 19:15:49,352 - Best accuracy: 0.8952266758022154
2025-09-14 19:15:49,352 - Average time cost per round: 8.774453279972077
