2025-09-14 00:50:47,828 - *****************EXP-3*****************
2025-09-14 00:50:47,828 - Exp repeats: 1
2025-09-14 00:50:47,828 - Communication Rounds: 100
2025-09-14 00:50:47,828 - Clients: 40

2025-09-14 00:50:47,829 - Attack method: scale
2025-09-14 00:50:47,829 - Filtering rule: avg
2025-09-14 00:50:47,829 - Dataset: Cifar10
2025-09-14 00:50:47,829 - Model: cnn2
2025-09-14 00:50:47,829 - Learning Rate: 0.04
2025-09-14 00:50:47,829 - Batch Size: 64
2025-09-14 00:50:47,829 - Device: cuda
2025-09-14 00:50:47,829 - Device id: 0
2025-09-14 00:50:47,829 - Adversaries: 16
2025-09-14 00:50:47,829 - Targeted Label Flipping: 4-->6
2025-09-14 00:50:47,829 - *****************EXP-3*****************
2025-09-14 00:50:48,430 - Running time: 0th ==========================
2025-09-14 00:50:58,653 - Round number: 0 --------------------------
2025-09-14 00:50:58,654 - Evaluate global model
2025-09-14 00:51:08,491 - Averaged Train Loss: 2.3061
2025-09-14 00:51:08,495 - Test Accurancy: 0.0977
2025-09-14 00:51:08,495 - Attack Success Rate: 0.0000
2025-09-14 00:51:20,939 - Round number: 1 --------------------------
2025-09-14 00:51:20,942 - Evaluate global model
2025-09-14 00:51:26,873 - Averaged Train Loss: 4.4965
2025-09-14 00:51:26,874 - Test Accurancy: 0.1088
2025-09-14 00:51:26,874 - Attack Success Rate: 0.9973
2025-09-14 00:51:36,514 - Round number: 2 --------------------------
2025-09-14 00:51:36,517 - Evaluate global model
2025-09-14 00:51:41,118 - Averaged Train Loss: 2.1869
2025-09-14 00:51:41,120 - Test Accurancy: 0.1526
2025-09-14 00:51:41,120 - Attack Success Rate: 0.0493
2025-09-14 00:51:51,041 - Round number: 3 --------------------------
2025-09-14 00:51:51,043 - Evaluate global model
2025-09-14 00:51:56,274 - Averaged Train Loss: 3.4529
2025-09-14 00:51:56,274 - Test Accurancy: 0.1291
2025-09-14 00:51:56,274 - Attack Success Rate: 0.9873
2025-09-14 00:52:05,898 - Round number: 4 --------------------------
2025-09-14 00:52:05,900 - Evaluate global model
2025-09-14 00:52:11,181 - Averaged Train Loss: 2.0484
2025-09-14 00:52:11,184 - Test Accurancy: 0.2552
2025-09-14 00:52:11,184 - Attack Success Rate: 0.3467
2025-09-14 00:52:20,370 - Round number: 5 --------------------------
2025-09-14 00:52:20,371 - Evaluate global model
2025-09-14 00:52:26,354 - Averaged Train Loss: 3.8558
2025-09-14 00:52:26,357 - Test Accurancy: 0.1473
2025-09-14 00:52:26,357 - Attack Success Rate: 0.9720
2025-09-14 00:52:34,616 - Round number: 6 --------------------------
2025-09-14 00:52:34,617 - Evaluate global model
2025-09-14 00:52:40,662 - Averaged Train Loss: 2.0623
2025-09-14 00:52:40,664 - Test Accurancy: 0.2467
2025-09-14 00:52:40,664 - Attack Success Rate: 0.0000
2025-09-14 00:52:48,664 - Round number: 7 --------------------------
2025-09-14 00:52:48,665 - Evaluate global model
2025-09-14 00:52:54,178 - Averaged Train Loss: 3.7366
2025-09-14 00:52:54,180 - Test Accurancy: 0.1421
2025-09-14 00:52:54,180 - Attack Success Rate: 0.9707
2025-09-14 00:53:03,969 - Round number: 8 --------------------------
2025-09-14 00:53:03,971 - Evaluate global model
2025-09-14 00:53:10,252 - Averaged Train Loss: 1.9816
2025-09-14 00:53:10,253 - Test Accurancy: 0.2796
2025-09-14 00:53:10,253 - Attack Success Rate: 0.0000
2025-09-14 00:53:19,178 - Round number: 9 --------------------------
2025-09-14 00:53:19,180 - Evaluate global model
2025-09-14 00:53:25,370 - Averaged Train Loss: 3.7415
2025-09-14 00:53:25,370 - Test Accurancy: 0.1487
2025-09-14 00:53:25,370 - Attack Success Rate: 0.9693
2025-09-14 00:53:33,659 - Round number: 10 --------------------------
2025-09-14 00:53:33,663 - Evaluate global model
2025-09-14 00:53:39,640 - Averaged Train Loss: 1.9039
2025-09-14 00:53:39,642 - Test Accurancy: 0.3133
2025-09-14 00:53:39,642 - Attack Success Rate: 0.0020
2025-09-14 00:53:48,211 - Round number: 11 --------------------------
2025-09-14 00:53:48,213 - Evaluate global model
2025-09-14 00:53:54,241 - Averaged Train Loss: 3.7286
2025-09-14 00:53:54,242 - Test Accurancy: 0.1373
2025-09-14 00:53:54,242 - Attack Success Rate: 0.9893
2025-09-14 00:54:02,608 - Round number: 12 --------------------------
2025-09-14 00:54:02,611 - Evaluate global model
2025-09-14 00:54:08,397 - Averaged Train Loss: 1.9474
2025-09-14 00:54:08,398 - Test Accurancy: 0.3090
2025-09-14 00:54:08,398 - Attack Success Rate: 0.0033
2025-09-14 00:54:16,904 - Round number: 13 --------------------------
2025-09-14 00:54:16,905 - Evaluate global model
2025-09-14 00:54:22,562 - Averaged Train Loss: 3.5914
2025-09-14 00:54:22,565 - Test Accurancy: 0.1495
2025-09-14 00:54:22,565 - Attack Success Rate: 0.9907
2025-09-14 00:54:31,217 - Round number: 14 --------------------------
2025-09-14 00:54:31,218 - Evaluate global model
2025-09-14 00:54:35,833 - Averaged Train Loss: 2.0433
2025-09-14 00:54:35,833 - Test Accurancy: 0.3052
2025-09-14 00:54:35,834 - Attack Success Rate: 0.0227
2025-09-14 00:54:45,197 - Round number: 15 --------------------------
2025-09-14 00:54:45,201 - Evaluate global model
2025-09-14 00:54:50,032 - Averaged Train Loss: 3.4621
2025-09-14 00:54:50,032 - Test Accurancy: 0.1376
2025-09-14 00:54:50,032 - Attack Success Rate: 0.9893
2025-09-14 00:54:59,698 - Round number: 16 --------------------------
2025-09-14 00:54:59,701 - Evaluate global model
2025-09-14 00:55:04,849 - Averaged Train Loss: 2.4222
2025-09-14 00:55:04,849 - Test Accurancy: 0.2594
2025-09-14 00:55:04,849 - Attack Success Rate: 0.0327
2025-09-14 00:55:14,407 - Round number: 17 --------------------------
2025-09-14 00:55:14,410 - Evaluate global model
2025-09-14 00:55:19,414 - Averaged Train Loss: 3.6268
2025-09-14 00:55:19,418 - Test Accurancy: 0.1289
2025-09-14 00:55:19,418 - Attack Success Rate: 0.9840
2025-09-14 00:55:29,465 - Round number: 18 --------------------------
2025-09-14 00:55:29,467 - Evaluate global model
2025-09-14 00:55:35,620 - Averaged Train Loss: 2.8729
2025-09-14 00:55:35,624 - Test Accurancy: 0.2340
2025-09-14 00:55:35,624 - Attack Success Rate: 0.0220
2025-09-14 00:55:44,082 - Round number: 19 --------------------------
2025-09-14 00:55:44,088 - Evaluate global model
2025-09-14 00:55:50,279 - Averaged Train Loss: 3.5021
2025-09-14 00:55:50,281 - Test Accurancy: 0.1268
2025-09-14 00:55:50,281 - Attack Success Rate: 0.9787
2025-09-14 00:55:58,997 - Round number: 20 --------------------------
2025-09-14 00:55:59,000 - Evaluate global model
2025-09-14 00:56:04,694 - Averaged Train Loss: 3.0479
2025-09-14 00:56:04,696 - Test Accurancy: 0.2319
2025-09-14 00:56:04,696 - Attack Success Rate: 0.0253
2025-09-14 00:56:13,387 - Round number: 21 --------------------------
2025-09-14 00:56:13,391 - Evaluate global model
2025-09-14 00:56:18,923 - Averaged Train Loss: 3.2573
2025-09-14 00:56:18,924 - Test Accurancy: 0.1490
2025-09-14 00:56:18,924 - Attack Success Rate: 0.9573
2025-09-14 00:56:27,475 - Round number: 22 --------------------------
2025-09-14 00:56:27,477 - Evaluate global model
2025-09-14 00:56:33,592 - Averaged Train Loss: 2.7956
2025-09-14 00:56:33,594 - Test Accurancy: 0.2702
2025-09-14 00:56:33,594 - Attack Success Rate: 0.0647
2025-09-14 00:56:43,500 - Round number: 23 --------------------------
2025-09-14 00:56:43,503 - Evaluate global model
2025-09-14 00:56:48,524 - Averaged Train Loss: 3.1006
2025-09-14 00:56:48,526 - Test Accurancy: 0.1718
2025-09-14 00:56:48,526 - Attack Success Rate: 0.9260
2025-09-14 00:56:57,739 - Round number: 24 --------------------------
2025-09-14 00:56:57,740 - Evaluate global model
2025-09-14 00:57:02,189 - Averaged Train Loss: 2.4225
2025-09-14 00:57:02,190 - Test Accurancy: 0.3166
2025-09-14 00:57:02,190 - Attack Success Rate: 0.1480
2025-09-14 00:57:11,641 - Round number: 25 --------------------------
2025-09-14 00:57:11,644 - Evaluate global model
2025-09-14 00:57:16,849 - Averaged Train Loss: 3.0187
2025-09-14 00:57:16,850 - Test Accurancy: 0.1956
2025-09-14 00:57:16,851 - Attack Success Rate: 0.8733
2025-09-14 00:57:25,452 - Round number: 26 --------------------------
2025-09-14 00:57:25,454 - Evaluate global model
2025-09-14 00:57:30,679 - Averaged Train Loss: 2.3028
2025-09-14 00:57:30,681 - Test Accurancy: 0.3328
2025-09-14 00:57:30,681 - Attack Success Rate: 0.1867
2025-09-14 00:57:38,853 - Round number: 27 --------------------------
2025-09-14 00:57:38,854 - Evaluate global model
2025-09-14 00:57:42,877 - Averaged Train Loss: 2.9254
2025-09-14 00:57:42,880 - Test Accurancy: 0.2092
2025-09-14 00:57:42,880 - Attack Success Rate: 0.8567
2025-09-14 00:57:52,163 - Round number: 28 --------------------------
2025-09-14 00:57:52,164 - Evaluate global model
2025-09-14 00:57:56,076 - Averaged Train Loss: 2.0863
2025-09-14 00:57:56,077 - Test Accurancy: 0.3512
2025-09-14 00:57:56,077 - Attack Success Rate: 0.2227
2025-09-14 00:58:05,383 - Round number: 29 --------------------------
2025-09-14 00:58:05,387 - Evaluate global model
2025-09-14 00:58:10,170 - Averaged Train Loss: 2.6188
2025-09-14 00:58:10,171 - Test Accurancy: 0.2405
2025-09-14 00:58:10,171 - Attack Success Rate: 0.8553
2025-09-14 00:58:19,990 - Round number: 30 --------------------------
2025-09-14 00:58:19,993 - Evaluate global model
2025-09-14 00:58:25,002 - Averaged Train Loss: 2.0258
2025-09-14 00:58:25,004 - Test Accurancy: 0.3572
2025-09-14 00:58:25,005 - Attack Success Rate: 0.3020
2025-09-14 00:58:34,633 - Round number: 31 --------------------------
2025-09-14 00:58:34,634 - Evaluate global model
2025-09-14 00:58:39,365 - Averaged Train Loss: 2.4608
2025-09-14 00:58:39,369 - Test Accurancy: 0.2817
2025-09-14 00:58:39,369 - Attack Success Rate: 0.7153
2025-09-14 00:58:48,830 - Round number: 32 --------------------------
2025-09-14 00:58:48,831 - Evaluate global model
2025-09-14 00:58:53,397 - Averaged Train Loss: 1.9908
2025-09-14 00:58:53,400 - Test Accurancy: 0.3560
2025-09-14 00:58:53,400 - Attack Success Rate: 0.3420
2025-09-14 00:59:02,915 - Round number: 33 --------------------------
2025-09-14 00:59:02,916 - Evaluate global model
2025-09-14 00:59:07,107 - Averaged Train Loss: 2.3378
2025-09-14 00:59:07,111 - Test Accurancy: 0.3137
2025-09-14 00:59:07,111 - Attack Success Rate: 0.6660
2025-09-14 00:59:16,909 - Round number: 34 --------------------------
2025-09-14 00:59:16,910 - Evaluate global model
2025-09-14 00:59:20,719 - Averaged Train Loss: 2.0118
2025-09-14 00:59:20,720 - Test Accurancy: 0.3391
2025-09-14 00:59:20,720 - Attack Success Rate: 0.4553
2025-09-14 00:59:29,904 - Round number: 35 --------------------------
2025-09-14 00:59:29,907 - Evaluate global model
2025-09-14 00:59:34,214 - Averaged Train Loss: 2.2752
2025-09-14 00:59:34,214 - Test Accurancy: 0.3289
2025-09-14 00:59:34,214 - Attack Success Rate: 0.5453
2025-09-14 00:59:42,994 - Round number: 36 --------------------------
2025-09-14 00:59:42,997 - Evaluate global model
2025-09-14 00:59:47,506 - Averaged Train Loss: 1.9228
2025-09-14 00:59:47,507 - Test Accurancy: 0.3556
2025-09-14 00:59:47,507 - Attack Success Rate: 0.5087
2025-09-14 00:59:55,814 - Round number: 37 --------------------------
2025-09-14 00:59:55,815 - Evaluate global model
2025-09-14 01:00:00,098 - Averaged Train Loss: 2.3905
2025-09-14 01:00:00,101 - Test Accurancy: 0.3174
2025-09-14 01:00:00,102 - Attack Success Rate: 0.3740
2025-09-14 01:00:09,571 - Round number: 38 --------------------------
2025-09-14 01:00:09,572 - Evaluate global model
2025-09-14 01:00:13,220 - Averaged Train Loss: 1.9256
2025-09-14 01:00:13,220 - Test Accurancy: 0.3547
2025-09-14 01:00:13,220 - Attack Success Rate: 0.6113
2025-09-14 01:00:21,709 - Round number: 39 --------------------------
2025-09-14 01:00:21,711 - Evaluate global model
2025-09-14 01:00:27,209 - Averaged Train Loss: 2.3768
2025-09-14 01:00:27,211 - Test Accurancy: 0.3301
2025-09-14 01:00:27,211 - Attack Success Rate: 0.2393
2025-09-14 01:00:35,870 - Round number: 40 --------------------------
2025-09-14 01:00:35,871 - Evaluate global model
2025-09-14 01:00:39,313 - Averaged Train Loss: 1.8709
2025-09-14 01:00:39,313 - Test Accurancy: 0.3707
2025-09-14 01:00:39,313 - Attack Success Rate: 0.6547
2025-09-14 01:00:48,697 - Round number: 41 --------------------------
2025-09-14 01:00:48,700 - Evaluate global model
2025-09-14 01:00:52,896 - Averaged Train Loss: 2.3581
2025-09-14 01:00:52,897 - Test Accurancy: 0.3351
2025-09-14 01:00:52,898 - Attack Success Rate: 0.2093
2025-09-14 01:01:01,632 - Round number: 42 --------------------------
2025-09-14 01:01:01,633 - Evaluate global model
2025-09-14 01:01:07,477 - Averaged Train Loss: 1.9019
2025-09-14 01:01:07,478 - Test Accurancy: 0.3687
2025-09-14 01:01:07,478 - Attack Success Rate: 0.7520
2025-09-14 01:01:16,191 - Round number: 43 --------------------------
2025-09-14 01:01:16,192 - Evaluate global model
2025-09-14 01:01:19,874 - Averaged Train Loss: 2.2695
2025-09-14 01:01:19,875 - Test Accurancy: 0.3479
2025-09-14 01:01:19,875 - Attack Success Rate: 0.1307
2025-09-14 01:01:28,842 - Round number: 44 --------------------------
2025-09-14 01:01:28,844 - Evaluate global model
2025-09-14 01:01:33,671 - Averaged Train Loss: 2.0176
2025-09-14 01:01:33,671 - Test Accurancy: 0.3546
2025-09-14 01:01:33,671 - Attack Success Rate: 0.8120
2025-09-14 01:01:43,527 - Round number: 45 --------------------------
2025-09-14 01:01:43,530 - Evaluate global model
2025-09-14 01:01:48,206 - Averaged Train Loss: 2.1452
2025-09-14 01:01:48,207 - Test Accurancy: 0.3656
2025-09-14 01:01:48,207 - Attack Success Rate: 0.0847
2025-09-14 01:01:57,957 - Round number: 46 --------------------------
2025-09-14 01:01:57,961 - Evaluate global model
2025-09-14 01:02:02,863 - Averaged Train Loss: 2.3131
2025-09-14 01:02:02,865 - Test Accurancy: 0.3195
2025-09-14 01:02:02,865 - Attack Success Rate: 0.8833
2025-09-14 01:02:12,681 - Round number: 47 --------------------------
2025-09-14 01:02:12,683 - Evaluate global model
2025-09-14 01:02:17,263 - Averaged Train Loss: 2.0829
2025-09-14 01:02:17,266 - Test Accurancy: 0.3734
2025-09-14 01:02:17,266 - Attack Success Rate: 0.0367
2025-09-14 01:02:26,941 - Round number: 48 --------------------------
2025-09-14 01:02:26,943 - Evaluate global model
2025-09-14 01:02:31,699 - Averaged Train Loss: 2.4493
2025-09-14 01:02:31,702 - Test Accurancy: 0.3123
2025-09-14 01:02:31,702 - Attack Success Rate: 0.9300
2025-09-14 01:02:40,684 - Round number: 49 --------------------------
2025-09-14 01:02:40,686 - Evaluate global model
2025-09-14 01:02:45,465 - Averaged Train Loss: 1.8802
2025-09-14 01:02:45,467 - Test Accurancy: 0.4093
2025-09-14 01:02:45,467 - Attack Success Rate: 0.0387
2025-09-14 01:02:54,766 - Round number: 50 --------------------------
2025-09-14 01:02:54,767 - Evaluate global model
2025-09-14 01:02:59,211 - Averaged Train Loss: 2.4563
2025-09-14 01:02:59,213 - Test Accurancy: 0.3134
2025-09-14 01:02:59,213 - Attack Success Rate: 0.9500
2025-09-14 01:03:09,391 - Round number: 51 --------------------------
2025-09-14 01:03:09,392 - Evaluate global model
2025-09-14 01:03:14,308 - Averaged Train Loss: 1.8357
2025-09-14 01:03:14,311 - Test Accurancy: 0.4265
2025-09-14 01:03:14,311 - Attack Success Rate: 0.0207
2025-09-14 01:03:23,816 - Round number: 52 --------------------------
2025-09-14 01:03:23,818 - Evaluate global model
2025-09-14 01:03:29,140 - Averaged Train Loss: 2.6742
2025-09-14 01:03:29,143 - Test Accurancy: 0.2980
2025-09-14 01:03:29,143 - Attack Success Rate: 0.9633
2025-09-14 01:03:38,006 - Round number: 53 --------------------------
2025-09-14 01:03:38,008 - Evaluate global model
2025-09-14 01:03:44,012 - Averaged Train Loss: 1.7523
2025-09-14 01:03:44,014 - Test Accurancy: 0.4451
2025-09-14 01:03:44,014 - Attack Success Rate: 0.0100
2025-09-14 01:03:54,159 - Round number: 54 --------------------------
2025-09-14 01:03:54,163 - Evaluate global model
2025-09-14 01:03:59,952 - Averaged Train Loss: 2.7227
2025-09-14 01:03:59,955 - Test Accurancy: 0.2916
2025-09-14 01:03:59,955 - Attack Success Rate: 0.9753
2025-09-14 01:04:09,782 - Round number: 55 --------------------------
2025-09-14 01:04:09,783 - Evaluate global model
2025-09-14 01:04:14,412 - Averaged Train Loss: 1.6419
2025-09-14 01:04:14,414 - Test Accurancy: 0.4719
2025-09-14 01:04:14,414 - Attack Success Rate: 0.0113
2025-09-14 01:04:24,066 - Round number: 56 --------------------------
2025-09-14 01:04:24,067 - Evaluate global model
2025-09-14 01:04:28,558 - Averaged Train Loss: 2.8083
2025-09-14 01:04:28,558 - Test Accurancy: 0.2898
2025-09-14 01:04:28,558 - Attack Success Rate: 0.9833
2025-09-14 01:04:37,775 - Round number: 57 --------------------------
2025-09-14 01:04:37,778 - Evaluate global model
2025-09-14 01:04:43,003 - Averaged Train Loss: 1.5936
2025-09-14 01:04:43,004 - Test Accurancy: 0.4851
2025-09-14 01:04:43,004 - Attack Success Rate: 0.0080
2025-09-14 01:04:52,521 - Round number: 58 --------------------------
2025-09-14 01:04:52,523 - Evaluate global model
2025-09-14 01:04:57,314 - Averaged Train Loss: 2.6978
2025-09-14 01:04:57,316 - Test Accurancy: 0.3032
2025-09-14 01:04:57,316 - Attack Success Rate: 0.9833
2025-09-14 01:05:07,067 - Round number: 59 --------------------------
2025-09-14 01:05:07,069 - Evaluate global model
2025-09-14 01:05:11,848 - Averaged Train Loss: 1.5971
2025-09-14 01:05:11,850 - Test Accurancy: 0.4843
2025-09-14 01:05:11,851 - Attack Success Rate: 0.0053
2025-09-14 01:05:20,997 - Round number: 60 --------------------------
2025-09-14 01:05:20,998 - Evaluate global model
2025-09-14 01:05:25,161 - Averaged Train Loss: 2.6291
2025-09-14 01:05:25,161 - Test Accurancy: 0.3058
2025-09-14 01:05:25,161 - Attack Success Rate: 0.9847
2025-09-14 01:05:33,686 - Round number: 61 --------------------------
2025-09-14 01:05:33,687 - Evaluate global model
2025-09-14 01:05:38,417 - Averaged Train Loss: 1.6103
2025-09-14 01:05:38,418 - Test Accurancy: 0.4814
2025-09-14 01:05:38,418 - Attack Success Rate: 0.0060
2025-09-14 01:05:46,271 - Round number: 62 --------------------------
2025-09-14 01:05:46,272 - Evaluate global model
2025-09-14 01:05:50,868 - Averaged Train Loss: 2.5645
2025-09-14 01:05:50,870 - Test Accurancy: 0.3008
2025-09-14 01:05:50,870 - Attack Success Rate: 0.9827
2025-09-14 01:06:01,163 - Round number: 63 --------------------------
2025-09-14 01:06:01,164 - Evaluate global model
2025-09-14 01:06:05,932 - Averaged Train Loss: 1.5971
2025-09-14 01:06:05,936 - Test Accurancy: 0.4825
2025-09-14 01:06:05,936 - Attack Success Rate: 0.0073
2025-09-14 01:06:14,945 - Round number: 64 --------------------------
2025-09-14 01:06:14,946 - Evaluate global model
2025-09-14 01:06:19,612 - Averaged Train Loss: 2.4618
2025-09-14 01:06:19,614 - Test Accurancy: 0.3104
2025-09-14 01:06:19,614 - Attack Success Rate: 0.9840
2025-09-14 01:06:29,190 - Round number: 65 --------------------------
2025-09-14 01:06:29,191 - Evaluate global model
2025-09-14 01:06:33,660 - Averaged Train Loss: 1.5797
2025-09-14 01:06:33,663 - Test Accurancy: 0.4854
2025-09-14 01:06:33,663 - Attack Success Rate: 0.0067
2025-09-14 01:06:42,852 - Round number: 66 --------------------------
2025-09-14 01:06:42,853 - Evaluate global model
2025-09-14 01:06:47,254 - Averaged Train Loss: 2.4766
2025-09-14 01:06:47,254 - Test Accurancy: 0.3114
2025-09-14 01:06:47,254 - Attack Success Rate: 0.9827
2025-09-14 01:06:55,550 - Round number: 67 --------------------------
2025-09-14 01:06:55,552 - Evaluate global model
2025-09-14 01:07:00,806 - Averaged Train Loss: 1.5710
2025-09-14 01:07:00,806 - Test Accurancy: 0.4816
2025-09-14 01:07:00,806 - Attack Success Rate: 0.0093
2025-09-14 01:07:09,173 - Round number: 68 --------------------------
2025-09-14 01:07:09,174 - Evaluate global model
2025-09-14 01:07:13,108 - Averaged Train Loss: 2.3479
2025-09-14 01:07:13,108 - Test Accurancy: 0.3237
2025-09-14 01:07:13,108 - Attack Success Rate: 0.9813
2025-09-14 01:07:21,675 - Round number: 69 --------------------------
2025-09-14 01:07:21,678 - Evaluate global model
2025-09-14 01:07:27,007 - Averaged Train Loss: 1.5504
2025-09-14 01:07:27,009 - Test Accurancy: 0.4827
2025-09-14 01:07:27,009 - Attack Success Rate: 0.0220
2025-09-14 01:07:35,566 - Round number: 70 --------------------------
2025-09-14 01:07:35,567 - Evaluate global model
2025-09-14 01:07:39,312 - Averaged Train Loss: 2.3572
2025-09-14 01:07:39,314 - Test Accurancy: 0.3225
2025-09-14 01:07:39,314 - Attack Success Rate: 0.9827
2025-09-14 01:07:49,046 - Round number: 71 --------------------------
2025-09-14 01:07:49,047 - Evaluate global model
2025-09-14 01:07:52,701 - Averaged Train Loss: 1.4853
2025-09-14 01:07:52,701 - Test Accurancy: 0.4941
2025-09-14 01:07:52,701 - Attack Success Rate: 0.0293
2025-09-14 01:08:01,864 - Round number: 72 --------------------------
2025-09-14 01:08:01,866 - Evaluate global model
2025-09-14 01:08:07,386 - Averaged Train Loss: 2.3343
2025-09-14 01:08:07,387 - Test Accurancy: 0.3311
2025-09-14 01:08:07,387 - Attack Success Rate: 0.9820
2025-09-14 01:08:16,611 - Round number: 73 --------------------------
2025-09-14 01:08:16,614 - Evaluate global model
2025-09-14 01:08:22,141 - Averaged Train Loss: 1.4319
2025-09-14 01:08:22,142 - Test Accurancy: 0.5037
2025-09-14 01:08:22,142 - Attack Success Rate: 0.0553
2025-09-14 01:08:31,375 - Round number: 74 --------------------------
2025-09-14 01:08:31,377 - Evaluate global model
2025-09-14 01:08:36,912 - Averaged Train Loss: 2.3506
2025-09-14 01:08:36,913 - Test Accurancy: 0.3352
2025-09-14 01:08:36,913 - Attack Success Rate: 0.9740
2025-09-14 01:08:45,795 - Round number: 75 --------------------------
2025-09-14 01:08:45,799 - Evaluate global model
2025-09-14 01:08:51,487 - Averaged Train Loss: 1.4454
2025-09-14 01:08:51,488 - Test Accurancy: 0.4966
2025-09-14 01:08:51,488 - Attack Success Rate: 0.0640
2025-09-14 01:09:00,855 - Round number: 76 --------------------------
2025-09-14 01:09:00,858 - Evaluate global model
2025-09-14 01:09:06,069 - Averaged Train Loss: 2.3411
2025-09-14 01:09:06,070 - Test Accurancy: 0.3392
2025-09-14 01:09:06,070 - Attack Success Rate: 0.9673
2025-09-14 01:09:14,646 - Round number: 77 --------------------------
2025-09-14 01:09:14,649 - Evaluate global model
2025-09-14 01:09:19,993 - Averaged Train Loss: 1.4040
2025-09-14 01:09:19,994 - Test Accurancy: 0.5025
2025-09-14 01:09:19,994 - Attack Success Rate: 0.1073
2025-09-14 01:09:27,620 - Round number: 78 --------------------------
2025-09-14 01:09:27,621 - Evaluate global model
2025-09-14 01:09:32,365 - Averaged Train Loss: 2.1747
2025-09-14 01:09:32,368 - Test Accurancy: 0.3680
2025-09-14 01:09:32,368 - Attack Success Rate: 0.9513
2025-09-14 01:09:41,674 - Round number: 79 --------------------------
2025-09-14 01:09:41,675 - Evaluate global model
2025-09-14 01:09:46,467 - Averaged Train Loss: 1.3406
2025-09-14 01:09:46,468 - Test Accurancy: 0.5191
2025-09-14 01:09:46,468 - Attack Success Rate: 0.1347
2025-09-14 01:09:53,934 - Round number: 80 --------------------------
2025-09-14 01:09:53,936 - Evaluate global model
2025-09-14 01:09:59,302 - Averaged Train Loss: 2.1049
2025-09-14 01:09:59,302 - Test Accurancy: 0.3824
2025-09-14 01:09:59,302 - Attack Success Rate: 0.9440
2025-09-14 01:10:06,772 - Round number: 81 --------------------------
2025-09-14 01:10:06,772 - Evaluate global model
2025-09-14 01:10:12,115 - Averaged Train Loss: 1.3035
2025-09-14 01:10:12,116 - Test Accurancy: 0.5301
2025-09-14 01:10:12,116 - Attack Success Rate: 0.1720
2025-09-14 01:10:19,854 - Round number: 82 --------------------------
2025-09-14 01:10:19,856 - Evaluate global model
2025-09-14 01:10:25,316 - Averaged Train Loss: 2.0705
2025-09-14 01:10:25,317 - Test Accurancy: 0.3916
2025-09-14 01:10:25,317 - Attack Success Rate: 0.9233
2025-09-14 01:10:32,801 - Round number: 83 --------------------------
2025-09-14 01:10:32,802 - Evaluate global model
2025-09-14 01:10:38,718 - Averaged Train Loss: 1.2885
2025-09-14 01:10:38,720 - Test Accurancy: 0.5380
2025-09-14 01:10:38,720 - Attack Success Rate: 0.1873
2025-09-14 01:10:47,305 - Round number: 84 --------------------------
2025-09-14 01:10:47,306 - Evaluate global model
2025-09-14 01:10:52,097 - Averaged Train Loss: 2.0268
2025-09-14 01:10:52,099 - Test Accurancy: 0.4008
2025-09-14 01:10:52,099 - Attack Success Rate: 0.8973
2025-09-14 01:11:01,274 - Round number: 85 --------------------------
2025-09-14 01:11:01,275 - Evaluate global model
2025-09-14 01:11:05,855 - Averaged Train Loss: 1.2760
2025-09-14 01:11:05,857 - Test Accurancy: 0.5409
2025-09-14 01:11:05,857 - Attack Success Rate: 0.2527
2025-09-14 01:11:14,998 - Round number: 86 --------------------------
2025-09-14 01:11:14,999 - Evaluate global model
2025-09-14 01:11:19,608 - Averaged Train Loss: 1.9591
2025-09-14 01:11:19,610 - Test Accurancy: 0.4216
2025-09-14 01:11:19,610 - Attack Success Rate: 0.8613
2025-09-14 01:11:29,076 - Round number: 87 --------------------------
2025-09-14 01:11:29,077 - Evaluate global model
2025-09-14 01:11:33,361 - Averaged Train Loss: 1.2835
2025-09-14 01:11:33,364 - Test Accurancy: 0.5433
2025-09-14 01:11:33,364 - Attack Success Rate: 0.2827
2025-09-14 01:11:43,090 - Round number: 88 --------------------------
2025-09-14 01:11:43,091 - Evaluate global model
2025-09-14 01:11:47,213 - Averaged Train Loss: 1.9022
2025-09-14 01:11:47,214 - Test Accurancy: 0.4331
2025-09-14 01:11:47,214 - Attack Success Rate: 0.8087
2025-09-14 01:11:57,114 - Round number: 89 --------------------------
2025-09-14 01:11:57,116 - Evaluate global model
2025-09-14 01:12:01,485 - Averaged Train Loss: 1.3240
2025-09-14 01:12:01,488 - Test Accurancy: 0.5395
2025-09-14 01:12:01,488 - Attack Success Rate: 0.3040
2025-09-14 01:12:11,334 - Round number: 90 --------------------------
2025-09-14 01:12:11,337 - Evaluate global model
2025-09-14 01:12:17,014 - Averaged Train Loss: 1.9394
2025-09-14 01:12:17,017 - Test Accurancy: 0.4324
2025-09-14 01:12:17,017 - Attack Success Rate: 0.7487
2025-09-14 01:12:26,598 - Round number: 91 --------------------------
2025-09-14 01:12:26,602 - Evaluate global model
2025-09-14 01:12:31,878 - Averaged Train Loss: 1.3447
2025-09-14 01:12:31,879 - Test Accurancy: 0.5413
2025-09-14 01:12:31,879 - Attack Success Rate: 0.3307
2025-09-14 01:12:41,785 - Round number: 92 --------------------------
2025-09-14 01:12:41,788 - Evaluate global model
2025-09-14 01:12:46,398 - Averaged Train Loss: 1.9752
2025-09-14 01:12:46,400 - Test Accurancy: 0.4313
2025-09-14 01:12:46,400 - Attack Success Rate: 0.6913
2025-09-14 01:12:55,975 - Round number: 93 --------------------------
2025-09-14 01:12:55,977 - Evaluate global model
2025-09-14 01:13:00,824 - Averaged Train Loss: 1.3765
2025-09-14 01:13:00,825 - Test Accurancy: 0.5424
2025-09-14 01:13:00,825 - Attack Success Rate: 0.3593
2025-09-14 01:13:09,828 - Round number: 94 --------------------------
2025-09-14 01:13:09,830 - Evaluate global model
2025-09-14 01:13:15,105 - Averaged Train Loss: 1.9498
2025-09-14 01:13:15,106 - Test Accurancy: 0.4360
2025-09-14 01:13:15,107 - Attack Success Rate: 0.6327
2025-09-14 01:13:24,244 - Round number: 95 --------------------------
2025-09-14 01:13:24,248 - Evaluate global model
2025-09-14 01:13:29,182 - Averaged Train Loss: 1.4199
2025-09-14 01:13:29,183 - Test Accurancy: 0.5425
2025-09-14 01:13:29,183 - Attack Success Rate: 0.4327
2025-09-14 01:13:38,856 - Round number: 96 --------------------------
2025-09-14 01:13:38,859 - Evaluate global model
2025-09-14 01:13:43,823 - Averaged Train Loss: 1.9891
2025-09-14 01:13:43,823 - Test Accurancy: 0.4385
2025-09-14 01:13:43,823 - Attack Success Rate: 0.5573
2025-09-14 01:13:53,568 - Round number: 97 --------------------------
2025-09-14 01:13:53,570 - Evaluate global model
2025-09-14 01:13:58,544 - Averaged Train Loss: 1.5007
2025-09-14 01:13:58,545 - Test Accurancy: 0.5369
2025-09-14 01:13:58,545 - Attack Success Rate: 0.4900
2025-09-14 01:14:08,219 - Round number: 98 --------------------------
2025-09-14 01:14:08,221 - Evaluate global model
2025-09-14 01:14:12,933 - Averaged Train Loss: 2.0094
2025-09-14 01:14:12,933 - Test Accurancy: 0.4386
2025-09-14 01:14:12,934 - Attack Success Rate: 0.4733
2025-09-14 01:14:22,263 - Round number: 99 --------------------------
2025-09-14 01:14:22,266 - Evaluate global model
2025-09-14 01:14:27,177 - Averaged Train Loss: 1.5415
2025-09-14 01:14:27,177 - Test Accurancy: 0.5326
2025-09-14 01:14:27,177 - Attack Success Rate: 0.5173
2025-09-14 01:14:35,925 - Round number: 100 --------------------------
2025-09-14 01:14:35,928 - Evaluate global model
2025-09-14 01:14:39,430 - Averaged Train Loss: 1.8853
2025-09-14 01:14:39,431 - Test Accurancy: 0.4560
2025-09-14 01:14:39,431 - Attack Success Rate: 0.4533
2025-09-14 01:14:45,531 - Run over
2025-09-14 01:14:45,533 - Saving results to ./exp/exp3/Cifar10/avg_scale.h5
2025-09-14 01:14:45,558 - Best accuracy: 0.5433233433233433
2025-09-14 01:14:45,558 - Average time cost per round: 14.046182713508607
