2025-09-15 07:46:06,570 - *****************EXP-3*****************
2025-09-15 07:46:06,571 - Exp repeats: 1
2025-09-15 07:46:06,571 - Communication Rounds: 100
2025-09-15 07:46:06,571 - Clients: 40

2025-09-15 07:46:06,571 - Attack method: sign_flip
2025-09-15 07:46:06,571 - Filtering rule: flame
2025-09-15 07:46:06,571 - Dataset: Cifar10
2025-09-15 07:46:06,571 - Model: cnn2
2025-09-15 07:46:06,571 - Learning Rate: 0.04
2025-09-15 07:46:06,571 - Batch Size: 64
2025-09-15 07:46:06,571 - Device: cuda
2025-09-15 07:46:06,571 - Device id: 0
2025-09-15 07:46:06,572 - Adversaries: 16
2025-09-15 07:46:06,572 - Model Poisoning: Sign Flip attack
2025-09-15 07:46:06,572 - *****************EXP-3*****************
2025-09-15 07:46:08,966 - Running time: 0th ==========================
2025-09-15 07:46:18,487 - Round number: 0 --------------------------
2025-09-15 07:46:18,488 - Evaluate global model
2025-09-15 07:46:24,188 - Averaged Train Loss: 2.3046
2025-09-15 07:46:24,189 - Test Accurancy: 0.0977
2025-09-15 07:46:32,963 - Flame select clients: [0, 6, 7, 8, 9, 11, 12, 14, 20, 21, 22, 24, 26, 28, 29, 31, 33, 34, 35, 36, 38]
2025-09-15 07:46:32,989 - Round number: 1 --------------------------
2025-09-15 07:46:32,989 - Evaluate global model
2025-09-15 07:46:35,427 - Averaged Train Loss: 2.3013
2025-09-15 07:46:35,427 - Test Accurancy: 0.1014
2025-09-15 07:46:43,966 - Flame select clients: [0, 6, 7, 8, 9, 11, 12, 13, 14, 20, 21, 22, 24, 26, 28, 29, 31, 33, 34, 35, 36, 38]
2025-09-15 07:46:43,999 - Round number: 2 --------------------------
2025-09-15 07:46:43,999 - Evaluate global model
2025-09-15 07:46:47,282 - Averaged Train Loss: 2.3049
2025-09-15 07:46:47,283 - Test Accurancy: 0.1120
2025-09-15 07:46:55,596 - Flame select clients: [0, 6, 7, 8, 9, 11, 12, 13, 14, 20, 21, 22, 24, 26, 28, 29, 31, 33, 34, 36, 38]
2025-09-15 07:46:55,624 - Round number: 3 --------------------------
2025-09-15 07:46:55,625 - Evaluate global model
2025-09-15 07:46:58,951 - Averaged Train Loss: 2.3107
2025-09-15 07:46:58,952 - Test Accurancy: 0.1372
2025-09-15 07:47:07,413 - Flame select clients: [0, 6, 7, 8, 9, 11, 12, 13, 14, 20, 21, 22, 24, 26, 28, 29, 31, 33, 34, 35, 36, 38]
2025-09-15 07:47:07,494 - Round number: 4 --------------------------
2025-09-15 07:47:07,495 - Evaluate global model
2025-09-15 07:47:12,102 - Averaged Train Loss: 2.3356
2025-09-15 07:47:12,103 - Test Accurancy: 0.1421
2025-09-15 07:47:20,687 - Flame select clients: [0, 6, 9, 11, 12, 13, 14, 20, 21, 22, 24, 26, 28, 29, 30, 31, 33, 34, 35, 36, 38]
2025-09-15 07:47:20,786 - Round number: 5 --------------------------
2025-09-15 07:47:20,787 - Evaluate global model
2025-09-15 07:47:23,293 - Averaged Train Loss: 2.3552
2025-09-15 07:47:23,294 - Test Accurancy: 0.1599
2025-09-15 07:47:32,481 - Flame select clients: [0, 6, 7, 8, 9, 11, 12, 14, 20, 21, 22, 24, 26, 28, 30, 31, 33, 34, 35, 36, 38]
2025-09-15 07:47:32,525 - Round number: 6 --------------------------
2025-09-15 07:47:32,525 - Evaluate global model
2025-09-15 07:47:35,318 - Averaged Train Loss: 2.3568
2025-09-15 07:47:35,318 - Test Accurancy: 0.1618
2025-09-15 07:47:44,050 - Flame select clients: [0, 5, 6, 7, 8, 9, 11, 12, 13, 14, 20, 21, 22, 24, 26, 28, 29, 30, 31, 33, 34, 35, 36, 38, 39]
2025-09-15 07:47:44,116 - Round number: 7 --------------------------
2025-09-15 07:47:44,116 - Evaluate global model
2025-09-15 07:47:48,356 - Averaged Train Loss: 2.3949
2025-09-15 07:47:48,357 - Test Accurancy: 0.1645
2025-09-15 07:47:56,665 - Flame select clients: [0, 6, 8, 9, 10, 11, 12, 14, 20, 21, 22, 24, 26, 28, 30, 31, 33, 34, 35, 36, 38]
2025-09-15 07:47:56,715 - Round number: 8 --------------------------
2025-09-15 07:47:56,716 - Evaluate global model
2025-09-15 07:47:59,684 - Averaged Train Loss: 2.4647
2025-09-15 07:47:59,685 - Test Accurancy: 0.1718
2025-09-15 07:48:09,063 - Flame select clients: [1, 7, 8, 9, 11, 12, 14, 17, 20, 21, 22, 24, 26, 28, 30, 31, 32, 33, 34, 35, 36, 37, 38]
2025-09-15 07:48:09,151 - Round number: 9 --------------------------
2025-09-15 07:48:09,151 - Evaluate global model
2025-09-15 07:48:12,087 - Averaged Train Loss: 2.4219
2025-09-15 07:48:12,087 - Test Accurancy: 0.1832
2025-09-15 07:48:21,709 - Flame select clients: [0, 2, 3, 6, 7, 8, 11, 13, 21, 22, 24, 26, 28, 29, 30, 31, 32, 33, 34, 35, 36, 38]
2025-09-15 07:48:21,749 - Round number: 10 --------------------------
2025-09-15 07:48:21,750 - Evaluate global model
2025-09-15 07:48:24,742 - Averaged Train Loss: 2.4515
2025-09-15 07:48:24,745 - Test Accurancy: 0.1987
2025-09-15 07:48:32,563 - Flame select clients: [7, 9, 11, 12, 14, 17, 20, 21, 22, 24, 26, 28, 30, 31, 32, 33, 34, 35, 36, 37, 38]
2025-09-15 07:48:32,595 - Round number: 11 --------------------------
2025-09-15 07:48:32,595 - Evaluate global model
2025-09-15 07:48:36,744 - Averaged Train Loss: 2.3989
2025-09-15 07:48:36,745 - Test Accurancy: 0.2139
2025-09-15 07:48:44,896 - Flame select clients: [0, 6, 7, 8, 9, 11, 12, 17, 21, 22, 24, 26, 28, 30, 31, 32, 33, 34, 35, 36, 37, 38]
2025-09-15 07:48:44,922 - Round number: 12 --------------------------
2025-09-15 07:48:44,922 - Evaluate global model
2025-09-15 07:48:46,996 - Averaged Train Loss: 2.4421
2025-09-15 07:48:46,997 - Test Accurancy: 0.2278
2025-09-15 07:48:55,753 - Flame select clients: [2, 3, 7, 8, 11, 12, 14, 17, 20, 21, 22, 26, 28, 30, 31, 32, 33, 34, 35, 36, 37, 38]
2025-09-15 07:48:55,794 - Round number: 13 --------------------------
2025-09-15 07:48:55,794 - Evaluate global model
2025-09-15 07:48:59,611 - Averaged Train Loss: 2.4620
2025-09-15 07:48:59,613 - Test Accurancy: 0.2474
2025-09-15 07:49:08,385 - Flame select clients: [7, 8, 9, 11, 12, 14, 17, 20, 21, 22, 26, 28, 30, 31, 32, 33, 34, 35, 36, 37, 38]
2025-09-15 07:49:08,452 - Round number: 14 --------------------------
2025-09-15 07:49:08,453 - Evaluate global model
2025-09-15 07:49:12,947 - Averaged Train Loss: 2.4618
2025-09-15 07:49:12,947 - Test Accurancy: 0.2561
2025-09-15 07:49:21,573 - Flame select clients: [0, 6, 7, 8, 9, 10, 11, 12, 13, 14, 20, 21, 22, 24, 26, 28, 29, 30, 31, 32, 33, 34, 36, 38]
2025-09-15 07:49:21,605 - Round number: 15 --------------------------
2025-09-15 07:49:21,605 - Evaluate global model
2025-09-15 07:49:23,970 - Averaged Train Loss: 2.5523
2025-09-15 07:49:23,971 - Test Accurancy: 0.2274
2025-09-15 07:49:32,852 - Flame select clients: [7, 8, 9, 11, 12, 14, 17, 19, 20, 21, 22, 24, 26, 28, 30, 31, 32, 33, 34, 35, 36, 37, 38]
2025-09-15 07:49:32,899 - Round number: 16 --------------------------
2025-09-15 07:49:32,900 - Evaluate global model
2025-09-15 07:49:36,829 - Averaged Train Loss: 2.4143
2025-09-15 07:49:36,830 - Test Accurancy: 0.2622
2025-09-15 07:49:45,634 - Flame select clients: [1, 7, 9, 11, 12, 14, 17, 19, 20, 21, 22, 24, 26, 28, 30, 31, 32, 33, 34, 35, 36, 37, 38]
2025-09-15 07:49:45,688 - Round number: 17 --------------------------
2025-09-15 07:49:45,688 - Evaluate global model
2025-09-15 07:49:49,805 - Averaged Train Loss: 2.3607
2025-09-15 07:49:49,808 - Test Accurancy: 0.2688
2025-09-15 07:49:58,382 - Flame select clients: [0, 1, 4, 6, 7, 8, 11, 13, 17, 21, 22, 24, 26, 28, 29, 30, 31, 32, 33, 34, 35, 36, 37, 38]
2025-09-15 07:49:58,433 - Round number: 18 --------------------------
2025-09-15 07:49:58,433 - Evaluate global model
2025-09-15 07:50:02,619 - Averaged Train Loss: 2.3291
2025-09-15 07:50:02,623 - Test Accurancy: 0.2743
2025-09-15 07:50:11,376 - Flame select clients: [7, 8, 9, 11, 12, 17, 19, 21, 22, 24, 26, 28, 30, 31, 32, 33, 34, 35, 36, 37, 38]
2025-09-15 07:50:11,412 - Round number: 19 --------------------------
2025-09-15 07:50:11,412 - Evaluate global model
2025-09-15 07:50:15,317 - Averaged Train Loss: 2.3043
2025-09-15 07:50:15,317 - Test Accurancy: 0.2797
2025-09-15 07:50:23,709 - Flame select clients: [0, 1, 6, 7, 8, 11, 13, 17, 21, 22, 24, 26, 28, 29, 30, 31, 32, 33, 34, 35, 36, 37, 38]
2025-09-15 07:50:23,755 - Round number: 20 --------------------------
2025-09-15 07:50:23,755 - Evaluate global model
2025-09-15 07:50:26,201 - Averaged Train Loss: 2.2884
2025-09-15 07:50:26,202 - Test Accurancy: 0.2768
2025-09-15 07:50:35,725 - Flame select clients: [0, 6, 7, 8, 9, 11, 12, 13, 17, 21, 22, 24, 26, 28, 29, 30, 31, 32, 33, 34, 35, 36, 37, 38]
2025-09-15 07:50:35,773 - Round number: 21 --------------------------
2025-09-15 07:50:35,774 - Evaluate global model
2025-09-15 07:50:38,370 - Averaged Train Loss: 2.3211
2025-09-15 07:50:38,372 - Test Accurancy: 0.2765
2025-09-15 07:50:47,017 - Flame select clients: [1, 7, 8, 9, 11, 12, 17, 21, 22, 24, 26, 28, 30, 31, 32, 33, 34, 35, 36, 37, 38]
2025-09-15 07:50:47,080 - Round number: 22 --------------------------
2025-09-15 07:50:47,081 - Evaluate global model
2025-09-15 07:50:51,517 - Averaged Train Loss: 2.2681
2025-09-15 07:50:51,518 - Test Accurancy: 0.2809
2025-09-15 07:50:59,901 - Flame select clients: [1, 7, 9, 11, 12, 17, 19, 21, 22, 24, 26, 28, 30, 31, 32, 33, 34, 35, 36, 37, 38]
2025-09-15 07:50:59,944 - Round number: 23 --------------------------
2025-09-15 07:50:59,945 - Evaluate global model
2025-09-15 07:51:02,305 - Averaged Train Loss: 2.2541
2025-09-15 07:51:02,310 - Test Accurancy: 0.2831
2025-09-15 07:51:10,886 - Flame select clients: [1, 7, 8, 9, 11, 12, 14, 17, 20, 21, 22, 24, 26, 28, 30, 31, 32, 33, 34, 35, 36, 37, 38]
2025-09-15 07:51:10,947 - Round number: 24 --------------------------
2025-09-15 07:51:10,948 - Evaluate global model
2025-09-15 07:51:14,744 - Averaged Train Loss: 2.2532
2025-09-15 07:51:14,745 - Test Accurancy: 0.2886
2025-09-15 07:51:22,593 - Flame select clients: [1, 7, 8, 9, 11, 12, 14, 17, 20, 21, 22, 24, 26, 28, 30, 31, 32, 33, 34, 35, 36, 37, 38]
2025-09-15 07:51:22,672 - Round number: 25 --------------------------
2025-09-15 07:51:22,672 - Evaluate global model
2025-09-15 07:51:26,512 - Averaged Train Loss: 2.2404
2025-09-15 07:51:26,512 - Test Accurancy: 0.2908
2025-09-15 07:51:34,894 - Flame select clients: [1, 7, 9, 11, 12, 14, 17, 20, 21, 22, 24, 26, 28, 30, 31, 32, 33, 34, 35, 36, 37, 38]
2025-09-15 07:51:34,930 - Round number: 26 --------------------------
2025-09-15 07:51:34,930 - Evaluate global model
2025-09-15 07:51:36,854 - Averaged Train Loss: 2.1664
2025-09-15 07:51:36,855 - Test Accurancy: 0.3103
2025-09-15 07:51:45,275 - Flame select clients: [0, 1, 6, 7, 8, 11, 13, 17, 19, 21, 22, 24, 26, 28, 29, 30, 31, 32, 33, 34, 35, 36, 37, 38]
2025-09-15 07:51:45,345 - Round number: 27 --------------------------
2025-09-15 07:51:45,345 - Evaluate global model
2025-09-15 07:51:49,662 - Averaged Train Loss: 2.1612
2025-09-15 07:51:49,662 - Test Accurancy: 0.3138
2025-09-15 07:51:58,307 - Flame select clients: [1, 4, 7, 8, 11, 17, 19, 21, 22, 24, 26, 28, 30, 31, 32, 33, 34, 35, 36, 37, 38]
2025-09-15 07:51:58,347 - Round number: 28 --------------------------
2025-09-15 07:51:58,347 - Evaluate global model
2025-09-15 07:52:00,774 - Averaged Train Loss: 2.1940
2025-09-15 07:52:00,774 - Test Accurancy: 0.3144
2025-09-15 07:52:09,171 - Flame select clients: [4, 6, 7, 8, 12, 13, 17, 21, 22, 24, 26, 28, 29, 30, 31, 32, 33, 35, 36, 37, 38]
2025-09-15 07:52:09,220 - Round number: 29 --------------------------
2025-09-15 07:52:09,220 - Evaluate global model
2025-09-15 07:52:13,605 - Averaged Train Loss: 2.2305
2025-09-15 07:52:13,605 - Test Accurancy: 0.3132
2025-09-15 07:52:22,387 - Flame select clients: [0, 4, 6, 7, 8, 9, 11, 12, 13, 21, 22, 24, 26, 28, 29, 30, 31, 32, 33, 34, 35, 36, 38]
2025-09-15 07:52:22,425 - Round number: 30 --------------------------
2025-09-15 07:52:22,426 - Evaluate global model
2025-09-15 07:52:24,718 - Averaged Train Loss: 2.2954
2025-09-15 07:52:24,718 - Test Accurancy: 0.3137
2025-09-15 07:52:32,901 - Flame select clients: [0, 4, 6, 7, 8, 9, 11, 12, 21, 22, 24, 26, 28, 29, 30, 31, 32, 33, 34, 36, 38]
2025-09-15 07:52:33,013 - Round number: 31 --------------------------
2025-09-15 07:52:33,016 - Evaluate global model
2025-09-15 07:52:37,261 - Averaged Train Loss: 2.3744
2025-09-15 07:52:37,262 - Test Accurancy: 0.3060
2025-09-15 07:52:45,616 - Flame select clients: [0, 1, 4, 6, 8, 11, 12, 13, 17, 21, 22, 24, 26, 28, 29, 30, 31, 32, 33, 34, 35, 36, 37, 38]
2025-09-15 07:52:45,670 - Round number: 32 --------------------------
2025-09-15 07:52:45,671 - Evaluate global model
2025-09-15 07:52:48,292 - Averaged Train Loss: 2.3417
2025-09-15 07:52:48,292 - Test Accurancy: 0.3083
2025-09-15 07:52:57,918 - Flame select clients: [1, 4, 7, 8, 11, 12, 17, 21, 22, 24, 26, 28, 30, 31, 32, 33, 34, 35, 36, 37, 38]
2025-09-15 07:52:57,951 - Round number: 33 --------------------------
2025-09-15 07:52:57,951 - Evaluate global model
2025-09-15 07:53:01,257 - Averaged Train Loss: 2.2400
2025-09-15 07:53:01,258 - Test Accurancy: 0.3235
2025-09-15 07:53:10,403 - Flame select clients: [1, 7, 9, 11, 12, 14, 17, 20, 21, 22, 24, 26, 28, 30, 31, 32, 33, 34, 35, 36, 37, 38]
2025-09-15 07:53:10,459 - Round number: 34 --------------------------
2025-09-15 07:53:10,459 - Evaluate global model
2025-09-15 07:53:13,577 - Averaged Train Loss: 2.1625
2025-09-15 07:53:13,580 - Test Accurancy: 0.3339
2025-09-15 07:53:23,007 - Flame select clients: [1, 4, 8, 9, 11, 12, 17, 21, 22, 24, 26, 28, 30, 31, 32, 33, 34, 35, 36, 37, 38]
2025-09-15 07:53:23,059 - Round number: 35 --------------------------
2025-09-15 07:53:23,059 - Evaluate global model
2025-09-15 07:53:26,601 - Averaged Train Loss: 2.1901
2025-09-15 07:53:26,602 - Test Accurancy: 0.3305
2025-09-15 07:53:36,011 - Flame select clients: [0, 1, 4, 6, 7, 8, 11, 13, 17, 21, 22, 24, 26, 28, 29, 30, 31, 32, 33, 34, 35, 36, 37, 38]
2025-09-15 07:53:36,052 - Round number: 36 --------------------------
2025-09-15 07:53:36,053 - Evaluate global model
2025-09-15 07:53:39,259 - Averaged Train Loss: 2.2014
2025-09-15 07:53:39,260 - Test Accurancy: 0.3373
2025-09-15 07:53:47,869 - Flame select clients: [0, 4, 6, 7, 8, 11, 12, 13, 17, 21, 22, 24, 26, 28, 29, 30, 31, 32, 33, 34, 35, 36, 37, 38]
2025-09-15 07:53:47,956 - Round number: 37 --------------------------
2025-09-15 07:53:47,956 - Evaluate global model
2025-09-15 07:53:52,139 - Averaged Train Loss: 2.2632
2025-09-15 07:53:52,140 - Test Accurancy: 0.3342
2025-09-15 07:54:00,678 - Flame select clients: [0, 1, 4, 6, 7, 8, 11, 12, 13, 17, 21, 22, 24, 26, 28, 29, 30, 31, 32, 33, 34, 35, 36, 37, 38]
2025-09-15 07:54:00,730 - Round number: 38 --------------------------
2025-09-15 07:54:00,730 - Evaluate global model
2025-09-15 07:54:03,107 - Averaged Train Loss: 2.3055
2025-09-15 07:54:03,108 - Test Accurancy: 0.3329
2025-09-15 07:54:12,280 - Flame select clients: [1, 9, 11, 12, 14, 17, 19, 20, 21, 22, 24, 26, 28, 30, 31, 32, 33, 34, 35, 36, 37, 38]
2025-09-15 07:54:12,320 - Round number: 39 --------------------------
2025-09-15 07:54:12,320 - Evaluate global model
2025-09-15 07:54:15,605 - Averaged Train Loss: 2.1685
2025-09-15 07:54:15,607 - Test Accurancy: 0.3517
2025-09-15 07:54:23,703 - Flame select clients: [1, 7, 11, 12, 14, 17, 19, 20, 21, 22, 24, 26, 28, 30, 31, 32, 33, 34, 35, 36, 37, 38]
2025-09-15 07:54:23,764 - Round number: 40 --------------------------
2025-09-15 07:54:23,764 - Evaluate global model
2025-09-15 07:54:27,954 - Averaged Train Loss: 2.0851
2025-09-15 07:54:27,954 - Test Accurancy: 0.3603
2025-09-15 07:54:36,260 - Flame select clients: [0, 1, 4, 6, 7, 8, 11, 13, 17, 19, 21, 22, 24, 26, 28, 29, 30, 31, 32, 33, 34, 35, 36, 37, 38]
2025-09-15 07:54:36,323 - Round number: 41 --------------------------
2025-09-15 07:54:36,324 - Evaluate global model
2025-09-15 07:54:40,347 - Averaged Train Loss: 2.1486
2025-09-15 07:54:40,348 - Test Accurancy: 0.3532
2025-09-15 07:54:49,070 - Flame select clients: [0, 1, 4, 6, 7, 8, 11, 12, 13, 17, 19, 21, 22, 24, 26, 28, 29, 30, 31, 32, 33, 34, 35, 36, 37, 38]
2025-09-15 07:54:49,108 - Round number: 42 --------------------------
2025-09-15 07:54:49,109 - Evaluate global model
2025-09-15 07:54:51,275 - Averaged Train Loss: 2.2612
2025-09-15 07:54:51,276 - Test Accurancy: 0.3372
2025-09-15 07:55:00,041 - Flame select clients: [1, 4, 7, 8, 9, 11, 12, 17, 21, 22, 24, 26, 28, 30, 31, 32, 33, 34, 35, 36, 37, 38]
2025-09-15 07:55:00,098 - Round number: 43 --------------------------
2025-09-15 07:55:00,098 - Evaluate global model
2025-09-15 07:55:03,673 - Averaged Train Loss: 2.2644
2025-09-15 07:55:03,673 - Test Accurancy: 0.3320
2025-09-15 07:55:12,324 - Flame select clients: [1, 7, 9, 11, 12, 14, 17, 20, 21, 22, 24, 26, 28, 30, 31, 32, 33, 34, 35, 36, 37, 38]
2025-09-15 07:55:12,380 - Round number: 44 --------------------------
2025-09-15 07:55:12,380 - Evaluate global model
2025-09-15 07:55:15,891 - Averaged Train Loss: 2.1623
2025-09-15 07:55:15,891 - Test Accurancy: 0.3477
2025-09-15 07:55:24,711 - Flame select clients: [0, 1, 4, 6, 7, 8, 11, 13, 17, 21, 22, 24, 26, 28, 29, 30, 31, 32, 33, 34, 35, 36, 37, 38]
2025-09-15 07:55:24,773 - Round number: 45 --------------------------
2025-09-15 07:55:24,774 - Evaluate global model
2025-09-15 07:55:27,330 - Averaged Train Loss: 2.1585
2025-09-15 07:55:27,331 - Test Accurancy: 0.3525
2025-09-15 07:55:37,095 - Flame select clients: [1, 7, 11, 12, 14, 17, 19, 20, 21, 22, 24, 26, 28, 30, 31, 32, 33, 34, 35, 36, 37, 38]
2025-09-15 07:55:37,157 - Round number: 46 --------------------------
2025-09-15 07:55:37,157 - Evaluate global model
2025-09-15 07:55:40,527 - Averaged Train Loss: 2.0785
2025-09-15 07:55:40,529 - Test Accurancy: 0.3710
2025-09-15 07:55:49,493 - Flame select clients: [1, 4, 7, 8, 11, 12, 17, 21, 22, 24, 26, 28, 30, 31, 32, 33, 34, 35, 36, 37, 38]
2025-09-15 07:55:49,544 - Round number: 47 --------------------------
2025-09-15 07:55:49,544 - Evaluate global model
2025-09-15 07:55:53,108 - Averaged Train Loss: 2.1047
2025-09-15 07:55:53,109 - Test Accurancy: 0.3655
2025-09-15 07:56:01,427 - Flame select clients: [1, 4, 7, 8, 11, 12, 13, 17, 21, 22, 24, 26, 28, 29, 30, 31, 32, 33, 34, 35, 36, 37, 38]
2025-09-15 07:56:01,494 - Round number: 48 --------------------------
2025-09-15 07:56:01,494 - Evaluate global model
2025-09-15 07:56:05,334 - Averaged Train Loss: 2.1063
2025-09-15 07:56:05,334 - Test Accurancy: 0.3684
2025-09-15 07:56:13,822 - Flame select clients: [1, 7, 9, 11, 12, 17, 19, 21, 22, 24, 26, 28, 30, 31, 32, 33, 34, 35, 36, 37, 38]
2025-09-15 07:56:13,851 - Round number: 49 --------------------------
2025-09-15 07:56:13,851 - Evaluate global model
2025-09-15 07:56:16,068 - Averaged Train Loss: 2.0824
2025-09-15 07:56:16,069 - Test Accurancy: 0.3685
2025-09-15 07:56:24,310 - Flame select clients: [1, 7, 9, 11, 12, 17, 19, 21, 22, 24, 26, 28, 30, 31, 32, 33, 34, 35, 36, 37, 38]
2025-09-15 07:56:24,369 - Round number: 50 --------------------------
2025-09-15 07:56:24,369 - Evaluate global model
2025-09-15 07:56:28,445 - Averaged Train Loss: 2.0793
2025-09-15 07:56:28,445 - Test Accurancy: 0.3667
2025-09-15 07:56:36,310 - Flame select clients: [0, 1, 4, 6, 7, 8, 11, 12, 13, 17, 21, 22, 24, 26, 28, 29, 30, 31, 32, 33, 34, 35, 36, 37, 38]
2025-09-15 07:56:36,353 - Round number: 51 --------------------------
2025-09-15 07:56:36,353 - Evaluate global model
2025-09-15 07:56:38,676 - Averaged Train Loss: 2.1442
2025-09-15 07:56:38,677 - Test Accurancy: 0.3618
2025-09-15 07:56:47,575 - Flame select clients: [1, 7, 9, 11, 12, 17, 19, 21, 22, 24, 26, 28, 30, 31, 32, 33, 34, 35, 36, 37, 38]
2025-09-15 07:56:47,625 - Round number: 52 --------------------------
2025-09-15 07:56:47,625 - Evaluate global model
2025-09-15 07:56:50,987 - Averaged Train Loss: 2.0891
2025-09-15 07:56:50,989 - Test Accurancy: 0.3713
2025-09-15 07:56:59,619 - Flame select clients: [0, 1, 4, 6, 7, 8, 11, 12, 13, 17, 21, 22, 24, 26, 28, 29, 30, 31, 32, 33, 34, 35, 36, 37, 38]
2025-09-15 07:56:59,686 - Round number: 53 --------------------------
2025-09-15 07:56:59,687 - Evaluate global model
2025-09-15 07:57:04,014 - Averaged Train Loss: 2.1633
2025-09-15 07:57:04,014 - Test Accurancy: 0.3705
2025-09-15 07:57:12,431 - Flame select clients: [0, 4, 6, 7, 8, 11, 12, 13, 17, 19, 21, 22, 24, 26, 28, 29, 30, 31, 32, 33, 34, 35, 36, 37, 38]
2025-09-15 07:57:12,459 - Round number: 54 --------------------------
2025-09-15 07:57:12,460 - Evaluate global model
2025-09-15 07:57:14,247 - Averaged Train Loss: 2.2372
2025-09-15 07:57:14,248 - Test Accurancy: 0.3658
2025-09-15 07:57:22,856 - Flame select clients: [1, 4, 8, 11, 12, 17, 19, 21, 22, 24, 26, 28, 30, 31, 32, 33, 34, 35, 36, 37, 38]
2025-09-15 07:57:22,894 - Round number: 55 --------------------------
2025-09-15 07:57:22,894 - Evaluate global model
2025-09-15 07:57:25,585 - Averaged Train Loss: 2.1681
2025-09-15 07:57:25,585 - Test Accurancy: 0.3696
2025-09-15 07:57:35,202 - Flame select clients: [1, 7, 11, 12, 14, 17, 19, 20, 21, 22, 24, 26, 28, 30, 31, 32, 33, 34, 35, 36, 37, 38]
2025-09-15 07:57:35,232 - Round number: 56 --------------------------
2025-09-15 07:57:35,232 - Evaluate global model
2025-09-15 07:57:37,501 - Averaged Train Loss: 2.0523
2025-09-15 07:57:37,502 - Test Accurancy: 0.3906
2025-09-15 07:57:46,399 - Flame select clients: [1, 4, 7, 8, 11, 12, 17, 19, 21, 22, 24, 26, 28, 30, 31, 32, 33, 34, 35, 36, 37, 38]
2025-09-15 07:57:46,457 - Round number: 57 --------------------------
2025-09-15 07:57:46,457 - Evaluate global model
2025-09-15 07:57:51,295 - Averaged Train Loss: 2.0995
2025-09-15 07:57:51,296 - Test Accurancy: 0.3795
2025-09-15 07:58:00,629 - Flame select clients: [1, 7, 9, 11, 12, 17, 19, 21, 22, 24, 26, 28, 30, 31, 32, 33, 34, 35, 36, 37, 38]
2025-09-15 07:58:00,701 - Round number: 58 --------------------------
2025-09-15 07:58:00,701 - Evaluate global model
2025-09-15 07:58:03,562 - Averaged Train Loss: 2.0745
2025-09-15 07:58:03,565 - Test Accurancy: 0.3818
2025-09-15 07:58:12,412 - Flame select clients: [0, 1, 4, 6, 8, 9, 11, 12, 13, 17, 19, 21, 22, 26, 29, 30, 31, 32, 33, 34, 35, 36, 37, 38]
2025-09-15 07:58:12,460 - Round number: 59 --------------------------
2025-09-15 07:58:12,460 - Evaluate global model
2025-09-15 07:58:15,288 - Averaged Train Loss: 2.2091
2025-09-15 07:58:15,288 - Test Accurancy: 0.3671
2025-09-15 07:58:23,375 - Flame select clients: [0, 1, 4, 6, 7, 8, 11, 12, 13, 17, 19, 21, 22, 24, 26, 28, 29, 30, 31, 32, 33, 34, 35, 36, 37, 38]
2025-09-15 07:58:23,428 - Round number: 60 --------------------------
2025-09-15 07:58:23,429 - Evaluate global model
2025-09-15 07:58:26,945 - Averaged Train Loss: 2.2950
2025-09-15 07:58:26,945 - Test Accurancy: 0.3617
2025-09-15 07:58:34,654 - Flame select clients: [1, 7, 9, 11, 12, 14, 17, 19, 20, 21, 22, 24, 26, 28, 30, 31, 32, 33, 34, 35, 36, 37, 38]
2025-09-15 07:58:34,719 - Round number: 61 --------------------------
2025-09-15 07:58:34,720 - Evaluate global model
2025-09-15 07:58:38,663 - Averaged Train Loss: 2.1539
2025-09-15 07:58:38,665 - Test Accurancy: 0.3758
2025-09-15 07:58:46,388 - Flame select clients: [1, 7, 9, 11, 12, 17, 19, 21, 22, 24, 26, 28, 30, 31, 32, 33, 34, 35, 36, 37, 38]
2025-09-15 07:58:46,415 - Round number: 62 --------------------------
2025-09-15 07:58:46,415 - Evaluate global model
2025-09-15 07:58:49,180 - Averaged Train Loss: 2.0810
2025-09-15 07:58:49,180 - Test Accurancy: 0.3810
2025-09-15 07:58:57,217 - Flame select clients: [0, 1, 4, 6, 8, 11, 12, 13, 17, 19, 21, 22, 24, 26, 28, 29, 30, 31, 32, 33, 34, 35, 36, 37, 38]
2025-09-15 07:58:57,264 - Round number: 63 --------------------------
2025-09-15 07:58:57,264 - Evaluate global model
2025-09-15 07:59:00,314 - Averaged Train Loss: 2.1645
2025-09-15 07:59:00,314 - Test Accurancy: 0.3777
2025-09-15 07:59:08,333 - Flame select clients: [0, 1, 4, 6, 7, 8, 11, 12, 13, 17, 19, 21, 22, 24, 26, 28, 29, 30, 31, 32, 33, 34, 35, 36, 37, 38]
2025-09-15 07:59:08,379 - Round number: 64 --------------------------
2025-09-15 07:59:08,379 - Evaluate global model
2025-09-15 07:59:11,822 - Averaged Train Loss: 2.2393
2025-09-15 07:59:11,823 - Test Accurancy: 0.3744
2025-09-15 07:59:20,276 - Flame select clients: [1, 9, 11, 12, 14, 17, 19, 20, 21, 22, 24, 26, 28, 30, 31, 32, 33, 34, 35, 36, 37, 38]
2025-09-15 07:59:20,298 - Round number: 65 --------------------------
2025-09-15 07:59:20,299 - Evaluate global model
2025-09-15 07:59:23,101 - Averaged Train Loss: 2.1049
2025-09-15 07:59:23,105 - Test Accurancy: 0.3854
2025-09-15 07:59:32,352 - Flame select clients: [1, 7, 9, 11, 12, 17, 19, 21, 22, 24, 26, 28, 30, 31, 32, 33, 34, 35, 36, 37, 38]
2025-09-15 07:59:32,392 - Round number: 66 --------------------------
2025-09-15 07:59:32,392 - Evaluate global model
2025-09-15 07:59:34,540 - Averaged Train Loss: 2.0854
2025-09-15 07:59:34,541 - Test Accurancy: 0.3871
2025-09-15 07:59:43,899 - Flame select clients: [0, 1, 4, 6, 8, 9, 11, 12, 13, 17, 19, 21, 22, 24, 26, 28, 29, 30, 31, 32, 33, 34, 35, 36, 37, 38]
2025-09-15 07:59:43,934 - Round number: 67 --------------------------
2025-09-15 07:59:43,934 - Evaluate global model
2025-09-15 07:59:46,421 - Averaged Train Loss: 2.1951
2025-09-15 07:59:46,422 - Test Accurancy: 0.3789
2025-09-15 07:59:55,331 - Flame select clients: [0, 4, 6, 7, 8, 11, 13, 17, 21, 22, 26, 29, 30, 31, 32, 33, 34, 35, 36, 37, 38]
2025-09-15 07:59:55,371 - Round number: 68 --------------------------
2025-09-15 07:59:55,371 - Evaluate global model
2025-09-15 07:59:58,712 - Averaged Train Loss: 2.1827
2025-09-15 07:59:58,712 - Test Accurancy: 0.3873
2025-09-15 08:00:07,961 - Flame select clients: [0, 1, 4, 6, 7, 8, 11, 12, 13, 17, 19, 21, 22, 24, 26, 28, 29, 30, 31, 32, 33, 34, 35, 36, 37, 38]
2025-09-15 08:00:07,993 - Round number: 69 --------------------------
2025-09-15 08:00:07,993 - Evaluate global model
2025-09-15 08:00:11,397 - Averaged Train Loss: 2.2675
2025-09-15 08:00:11,401 - Test Accurancy: 0.3779
2025-09-15 08:00:20,341 - Flame select clients: [1, 7, 9, 11, 12, 17, 19, 21, 22, 24, 26, 28, 30, 31, 32, 33, 34, 35, 36, 37, 38]
2025-09-15 08:00:20,375 - Round number: 70 --------------------------
2025-09-15 08:00:20,376 - Evaluate global model
2025-09-15 08:00:22,444 - Averaged Train Loss: 2.1686
2025-09-15 08:00:22,445 - Test Accurancy: 0.3867
2025-09-15 08:00:31,592 - Flame select clients: [1, 7, 9, 11, 12, 17, 19, 21, 22, 24, 26, 28, 30, 31, 32, 33, 34, 35, 36, 37, 38]
2025-09-15 08:00:31,650 - Round number: 71 --------------------------
2025-09-15 08:00:31,650 - Evaluate global model
2025-09-15 08:00:34,767 - Averaged Train Loss: 2.1101
2025-09-15 08:00:34,768 - Test Accurancy: 0.3901
2025-09-15 08:00:43,447 - Flame select clients: [0, 1, 4, 6, 8, 9, 11, 12, 13, 17, 19, 21, 22, 24, 26, 28, 29, 30, 31, 32, 33, 34, 35, 36, 37, 38]
2025-09-15 08:00:43,491 - Round number: 72 --------------------------
2025-09-15 08:00:43,491 - Evaluate global model
2025-09-15 08:00:47,062 - Averaged Train Loss: 2.2395
2025-09-15 08:00:47,063 - Test Accurancy: 0.3780
2025-09-15 08:00:55,762 - Flame select clients: [0, 1, 4, 6, 7, 8, 11, 13, 17, 19, 21, 22, 23, 24, 26, 28, 29, 30, 31, 32, 33, 34, 35, 36, 37, 38]
2025-09-15 08:00:55,807 - Round number: 73 --------------------------
2025-09-15 08:00:55,807 - Evaluate global model
2025-09-15 08:00:57,863 - Averaged Train Loss: 2.1927
2025-09-15 08:00:57,863 - Test Accurancy: 0.3881
2025-09-15 08:01:06,400 - Flame select clients: [1, 7, 9, 11, 12, 17, 19, 21, 22, 24, 26, 28, 30, 31, 32, 33, 34, 35, 36, 37, 38]
2025-09-15 08:01:06,436 - Round number: 74 --------------------------
2025-09-15 08:01:06,436 - Evaluate global model
2025-09-15 08:01:09,738 - Averaged Train Loss: 2.1232
2025-09-15 08:01:09,738 - Test Accurancy: 0.3931
2025-09-15 08:01:18,050 - Flame select clients: [1, 7, 9, 11, 12, 17, 19, 21, 22, 24, 26, 28, 30, 31, 32, 33, 34, 35, 36, 37, 38]
2025-09-15 08:01:18,117 - Round number: 75 --------------------------
2025-09-15 08:01:18,117 - Evaluate global model
2025-09-15 08:01:22,080 - Averaged Train Loss: 2.0827
2025-09-15 08:01:22,081 - Test Accurancy: 0.3985
2025-09-15 08:01:30,461 - Flame select clients: [0, 1, 4, 6, 8, 11, 13, 17, 19, 21, 22, 24, 26, 28, 29, 30, 31, 32, 33, 34, 35, 36, 37, 38]
2025-09-15 08:01:30,493 - Round number: 76 --------------------------
2025-09-15 08:01:30,493 - Evaluate global model
2025-09-15 08:01:34,017 - Averaged Train Loss: 2.1162
2025-09-15 08:01:34,021 - Test Accurancy: 0.3977
2025-09-15 08:01:42,800 - Flame select clients: [0, 4, 6, 8, 11, 12, 13, 17, 19, 21, 22, 24, 26, 28, 29, 30, 31, 32, 33, 34, 35, 36, 37, 38]
2025-09-15 08:01:42,833 - Round number: 77 --------------------------
2025-09-15 08:01:42,833 - Evaluate global model
2025-09-15 08:01:46,015 - Averaged Train Loss: 2.1835
2025-09-15 08:01:46,019 - Test Accurancy: 0.3964
2025-09-15 08:01:55,230 - Flame select clients: [1, 11, 12, 14, 17, 19, 20, 21, 22, 24, 26, 28, 30, 31, 32, 33, 34, 35, 36, 37, 38]
2025-09-15 08:01:55,273 - Round number: 78 --------------------------
2025-09-15 08:01:55,273 - Evaluate global model
2025-09-15 08:01:57,908 - Averaged Train Loss: 2.0172
2025-09-15 08:01:57,909 - Test Accurancy: 0.4137
2025-09-15 08:02:06,659 - Flame select clients: [0, 1, 4, 6, 8, 9, 11, 12, 13, 17, 19, 21, 22, 24, 26, 28, 29, 30, 31, 32, 33, 34, 35, 36, 37, 38]
2025-09-15 08:02:06,707 - Round number: 79 --------------------------
2025-09-15 08:02:06,707 - Evaluate global model
2025-09-15 08:02:09,483 - Averaged Train Loss: 2.1375
2025-09-15 08:02:09,483 - Test Accurancy: 0.3983
2025-09-15 08:02:17,973 - Flame select clients: [1, 7, 9, 11, 12, 17, 19, 21, 22, 24, 26, 28, 30, 31, 32, 33, 34, 35, 36, 37, 38]
2025-09-15 08:02:18,003 - Round number: 80 --------------------------
2025-09-15 08:02:18,003 - Evaluate global model
2025-09-15 08:02:21,217 - Averaged Train Loss: 2.0976
2025-09-15 08:02:21,217 - Test Accurancy: 0.4023
2025-09-15 08:02:29,943 - Flame select clients: [1, 11, 12, 14, 17, 19, 20, 21, 22, 24, 26, 28, 30, 31, 32, 33, 34, 35, 36, 37, 38]
2025-09-15 08:02:29,979 - Round number: 81 --------------------------
2025-09-15 08:02:29,979 - Evaluate global model
2025-09-15 08:02:32,956 - Averaged Train Loss: 1.9976
2025-09-15 08:02:32,957 - Test Accurancy: 0.4148
2025-09-15 08:02:41,714 - Flame select clients: [0, 1, 4, 6, 8, 11, 12, 13, 17, 19, 21, 22, 24, 26, 28, 29, 30, 31, 32, 33, 34, 35, 36, 37, 38]
2025-09-15 08:02:41,747 - Round number: 82 --------------------------
2025-09-15 08:02:41,747 - Evaluate global model
2025-09-15 08:02:44,670 - Averaged Train Loss: 2.1109
2025-09-15 08:02:44,672 - Test Accurancy: 0.4067
2025-09-15 08:02:53,626 - Flame select clients: [1, 7, 9, 11, 12, 17, 19, 21, 22, 24, 26, 28, 30, 31, 32, 33, 34, 35, 36, 37, 38]
2025-09-15 08:02:53,667 - Round number: 83 --------------------------
2025-09-15 08:02:53,667 - Evaluate global model
2025-09-15 08:02:56,489 - Averaged Train Loss: 2.0798
2025-09-15 08:02:56,491 - Test Accurancy: 0.4092
2025-09-15 08:03:06,077 - Flame select clients: [0, 1, 4, 6, 8, 11, 13, 17, 19, 21, 22, 24, 26, 28, 29, 30, 31, 32, 33, 34, 35, 36, 37, 38]
2025-09-15 08:03:06,116 - Round number: 84 --------------------------
2025-09-15 08:03:06,116 - Evaluate global model
2025-09-15 08:03:08,627 - Averaged Train Loss: 2.1271
2025-09-15 08:03:08,628 - Test Accurancy: 0.4052
2025-09-15 08:03:17,345 - Flame select clients: [1, 11, 12, 14, 17, 19, 20, 21, 22, 24, 26, 28, 30, 31, 32, 33, 34, 35, 36, 37, 38]
2025-09-15 08:03:17,397 - Round number: 85 --------------------------
2025-09-15 08:03:17,398 - Evaluate global model
2025-09-15 08:03:20,402 - Averaged Train Loss: 2.0024
2025-09-15 08:03:20,402 - Test Accurancy: 0.4165
2025-09-15 08:03:28,693 - Flame select clients: [1, 2, 7, 11, 12, 17, 19, 21, 22, 24, 26, 28, 30, 31, 32, 33, 34, 35, 36, 37, 38]
2025-09-15 08:03:28,738 - Round number: 86 --------------------------
2025-09-15 08:03:28,739 - Evaluate global model
2025-09-15 08:03:32,333 - Averaged Train Loss: 2.0120
2025-09-15 08:03:32,335 - Test Accurancy: 0.4151
2025-09-15 08:03:40,624 - Flame select clients: [1, 2, 3, 11, 15, 17, 19, 21, 22, 24, 26, 28, 30, 31, 32, 33, 34, 35, 36, 37, 38]
2025-09-15 08:03:40,664 - Round number: 87 --------------------------
2025-09-15 08:03:40,664 - Evaluate global model
2025-09-15 08:03:43,434 - Averaged Train Loss: 2.0395
2025-09-15 08:03:43,441 - Test Accurancy: 0.4145
2025-09-15 08:03:52,279 - Flame select clients: [1, 9, 11, 12, 14, 17, 19, 20, 21, 22, 24, 26, 28, 30, 31, 32, 33, 34, 35, 36, 37, 38]
2025-09-15 08:03:52,321 - Round number: 88 --------------------------
2025-09-15 08:03:52,321 - Evaluate global model
2025-09-15 08:03:54,894 - Averaged Train Loss: 1.9665
2025-09-15 08:03:54,894 - Test Accurancy: 0.4172
2025-09-15 08:04:02,381 - Flame select clients: [1, 7, 11, 12, 14, 17, 19, 20, 21, 22, 24, 26, 28, 30, 31, 32, 33, 34, 35, 36, 37, 38]
2025-09-15 08:04:02,409 - Round number: 89 --------------------------
2025-09-15 08:04:02,409 - Evaluate global model
2025-09-15 08:04:04,948 - Averaged Train Loss: 1.9304
2025-09-15 08:04:04,948 - Test Accurancy: 0.4249
2025-09-15 08:04:12,963 - Flame select clients: [0, 4, 6, 8, 9, 11, 12, 13, 17, 19, 21, 22, 24, 26, 28, 29, 30, 31, 32, 33, 34, 35, 36, 37, 38]
2025-09-15 08:04:13,015 - Round number: 90 --------------------------
2025-09-15 08:04:13,016 - Evaluate global model
2025-09-15 08:04:16,313 - Averaged Train Loss: 2.0909
2025-09-15 08:04:16,313 - Test Accurancy: 0.4111
2025-09-15 08:04:24,391 - Flame select clients: [1, 7, 9, 11, 12, 17, 19, 21, 22, 24, 26, 28, 30, 31, 32, 33, 34, 35, 36, 37, 38]
2025-09-15 08:04:24,421 - Round number: 91 --------------------------
2025-09-15 08:04:24,421 - Evaluate global model
2025-09-15 08:04:27,238 - Averaged Train Loss: 2.0771
2025-09-15 08:04:27,240 - Test Accurancy: 0.4094
2025-09-15 08:04:36,195 - Flame select clients: [0, 1, 4, 6, 8, 11, 13, 17, 19, 21, 22, 24, 26, 28, 29, 30, 31, 32, 33, 34, 35, 36, 37, 38]
2025-09-15 08:04:36,245 - Round number: 92 --------------------------
2025-09-15 08:04:36,245 - Evaluate global model
2025-09-15 08:04:39,464 - Averaged Train Loss: 2.1180
2025-09-15 08:04:39,464 - Test Accurancy: 0.4090
2025-09-15 08:04:47,166 - Flame select clients: [0, 1, 4, 6, 7, 8, 11, 13, 17, 19, 21, 22, 24, 26, 28, 29, 30, 31, 32, 33, 34, 35, 36, 37, 38]
2025-09-15 08:04:47,199 - Round number: 93 --------------------------
2025-09-15 08:04:47,200 - Evaluate global model
2025-09-15 08:04:50,569 - Averaged Train Loss: 2.1977
2025-09-15 08:04:50,569 - Test Accurancy: 0.4051
2025-09-15 08:04:58,338 - Flame select clients: [1, 11, 12, 14, 17, 19, 20, 21, 22, 24, 26, 28, 30, 31, 32, 33, 34, 35, 36, 37, 38]
2025-09-15 08:04:58,366 - Round number: 94 --------------------------
2025-09-15 08:04:58,366 - Evaluate global model
2025-09-15 08:05:00,876 - Averaged Train Loss: 2.0268
2025-09-15 08:05:00,876 - Test Accurancy: 0.4212
2025-09-15 08:05:09,682 - Flame select clients: [0, 1, 4, 6, 8, 11, 12, 13, 17, 19, 21, 22, 24, 26, 28, 29, 30, 31, 32, 33, 34, 35, 36, 37, 38]
2025-09-15 08:05:09,741 - Round number: 95 --------------------------
2025-09-15 08:05:09,742 - Evaluate global model
2025-09-15 08:05:12,507 - Averaged Train Loss: 2.1211
2025-09-15 08:05:12,508 - Test Accurancy: 0.4157
2025-09-15 08:05:20,734 - Flame select clients: [1, 11, 12, 14, 17, 19, 20, 21, 22, 24, 26, 28, 30, 31, 32, 33, 34, 35, 36, 37, 38]
2025-09-15 08:05:20,757 - Round number: 96 --------------------------
2025-09-15 08:05:20,758 - Evaluate global model
2025-09-15 08:05:24,051 - Averaged Train Loss: 2.0125
2025-09-15 08:05:24,055 - Test Accurancy: 0.4272
2025-09-15 08:05:33,074 - Flame select clients: [0, 4, 6, 8, 11, 12, 13, 17, 19, 21, 22, 24, 26, 28, 29, 30, 31, 32, 33, 34, 35, 36, 37, 38]
2025-09-15 08:05:33,112 - Round number: 97 --------------------------
2025-09-15 08:05:33,112 - Evaluate global model
2025-09-15 08:05:34,988 - Averaged Train Loss: 2.1487
2025-09-15 08:05:34,989 - Test Accurancy: 0.4149
2025-09-15 08:05:43,785 - Flame select clients: [0, 1, 4, 6, 8, 9, 11, 12, 13, 17, 19, 21, 22, 24, 26, 28, 29, 30, 31, 32, 33, 34, 35, 36, 37, 38]
2025-09-15 08:05:43,815 - Round number: 98 --------------------------
2025-09-15 08:05:43,815 - Evaluate global model
2025-09-15 08:05:46,814 - Averaged Train Loss: 2.2537
2025-09-15 08:05:46,816 - Test Accurancy: 0.4084
2025-09-15 08:05:55,905 - Flame select clients: [0, 4, 6, 8, 11, 13, 17, 19, 21, 22, 24, 26, 28, 29, 30, 31, 32, 33, 34, 35, 36, 37, 38]
2025-09-15 08:05:55,942 - Round number: 99 --------------------------
2025-09-15 08:05:55,942 - Evaluate global model
2025-09-15 08:05:57,782 - Averaged Train Loss: 2.2245
2025-09-15 08:05:57,782 - Test Accurancy: 0.4162
2025-09-15 08:06:06,544 - Flame select clients: [1, 9, 11, 12, 14, 17, 19, 20, 21, 22, 24, 26, 28, 30, 31, 32, 33, 34, 35, 36, 37, 38]
2025-09-15 08:06:06,604 - Round number: 100 --------------------------
2025-09-15 08:06:06,604 - Evaluate global model
2025-09-15 08:06:10,079 - Averaged Train Loss: 2.1104
2025-09-15 08:06:10,080 - Test Accurancy: 0.4216
2025-09-15 08:06:18,864 - Flame select clients: [1, 7, 9, 11, 12, 14, 17, 19, 20, 21, 22, 24, 26, 28, 30, 31, 32, 33, 34, 35, 36, 37, 38]
2025-09-15 08:06:18,892 - Run over
2025-09-15 08:06:18,893 - Saving results to ./exp/exp3/Cifar10/flame_sign_flip.h5
2025-09-15 08:06:18,915 - Best accuracy: 0.4271728271728272
2025-09-15 08:06:18,915 - Average time cost per round: 11.85915088415146
