2025-09-14 14:08:00,863 - *****************EXP-3*****************
2025-09-14 14:08:00,865 - Exp repeats: 1
2025-09-14 14:08:00,865 - Communication Rounds: 100
2025-09-14 14:08:00,865 - Clients: 40

2025-09-14 14:08:00,865 - Attack method: none
2025-09-14 14:08:00,866 - Filtering rule: sad
2025-09-14 14:08:00,866 - Dataset: Cifar10
2025-09-14 14:08:00,866 - Model: cnn2
2025-09-14 14:08:00,866 - Learning Rate: 0.04
2025-09-14 14:08:00,866 - Batch Size: 64
2025-09-14 14:08:00,866 - Device: cuda
2025-09-14 14:08:00,866 - Device id: 0
2025-09-14 14:08:00,866 - Adversaries: 0
2025-09-14 14:08:00,866 - Targeted Label Flipping: 4-->6
2025-09-14 14:08:00,866 - *****************EXP-3*****************
2025-09-14 14:08:01,709 - Running time: 0th ==========================
2025-09-14 14:08:09,071 - Round number: 0 --------------------------
2025-09-14 14:08:09,071 - Evaluate global model
2025-09-14 14:08:13,894 - Averaged Train Loss: 2.3046
2025-09-14 14:08:13,895 - Test Accurancy: 0.0977
2025-09-14 14:08:13,895 - Attack Success Rate: 0.0000
2025-09-14 14:08:25,958 - suspected attackers: [0, 2, 3, 8, 11, 12, 14, 15, 20, 23, 26, 27, 29, 32, 35]
2025-09-14 14:08:25,962 - clients' k values: [0.43976426276612307, 0.4273726194698847, 0.49357196263113173, 0.4733347453410126, 0.4220916256886727, 0.42168843795374567, 0.4201547934683587, 0.41342564120884867, 0.44448257999321217, 0.4056706568642712, 0.41579628301737537, 0.45138015244579294, 0.4494828734526395, 0.43228742692222305, 0.45016293377769045, 0.4656473842557741, 0.41863773582016806, 0.3971514020981073, 0.43050242805778344, 0.39071443335536404, 0.44149822520841997, 0.4102907289787357, 0.4315027419317796, 0.4364315844002072, 0.4315257083217438, 0.40265312840508627, 0.45743307211191264, 0.46031790587352667, 0.41871939409559633, 0.44614509144450937, 0.4113395274537674, 0.3864337534481483, 0.4533807801937853, 0.42111300229408716, 0.4124648805620131, 0.4576206309632869, 0.3871150896837528, 0.41606677605473147, 0.423697997075613, 0.4221273511841726]
2025-09-14 14:08:25,963 - cluster means: [0.4547102789906016, 0.41482174253656123]
2025-09-14 14:08:25,963 - benign cluster label: 1
2025-09-14 14:08:27,164 - Round number: 1 --------------------------
2025-09-14 14:08:27,165 - Evaluate global model
2025-09-14 14:08:33,871 - Averaged Train Loss: 2.2589
2025-09-14 14:08:33,873 - Test Accurancy: 0.1402
2025-09-14 14:08:33,873 - Attack Success Rate: 0.0000
2025-09-14 14:08:44,410 - suspected attackers: [0, 1, 2, 3, 6, 10, 11, 12, 13, 14, 15, 19, 20, 21, 22, 24, 25, 26, 27, 28, 29, 30, 32, 35, 37]
2025-09-14 14:08:44,413 - clients' k values: [0.415520686337805, 0.4458529079277426, 0.4651497791398832, 0.45714854405846733, 0.3810774809442759, 0.3529551364331155, 0.4044062295056867, 0.3836777866524445, 0.3663726118144214, 0.384329776945317, 0.40371596189620723, 0.4449036304758891, 0.41294334701960056, 0.4111073117330183, 0.43102810320585283, 0.42066005404757106, 0.38328735802305314, 0.39507039198524024, 0.3777843558055206, 0.4020279322338387, 0.42040869966851846, 0.4090964767005974, 0.40548564983400404, 0.39126179898284413, 0.43522712483764037, 0.40513477443177326, 0.42309449138377603, 0.40423015384929456, 0.4413412882103313, 0.3990104037746538, 0.39822827060531746, 0.3602367579623198, 0.40229587345008766, 0.3662871258073324, 0.3532447681287751, 0.4534279888842673, 0.34776600821176035, 0.42723992477231376, 0.3656389632461206, 0.37426539449878404]
2025-09-14 14:08:44,413 - cluster means: [0.42154742431936554, 0.37221704769608827]
2025-09-14 14:08:44,413 - benign cluster label: 1
2025-09-14 14:08:44,445 - Round number: 2 --------------------------
2025-09-14 14:08:44,445 - Evaluate global model
2025-09-14 14:08:51,494 - Averaged Train Loss: 2.0965
2025-09-14 14:08:51,496 - Test Accurancy: 0.2029
2025-09-14 14:08:51,496 - Attack Success Rate: 0.7300
2025-09-14 14:09:00,657 - suspected attackers: [0, 1, 2, 3, 4, 6, 7, 8, 10, 11, 12, 13, 15, 16, 18, 20, 21, 22, 24, 25, 26, 27, 28, 29, 30, 32, 35, 37]
2025-09-14 14:09:00,659 - clients' k values: [0.4063405099048936, 0.43154357106949376, 0.4621896666556088, 0.453931973552926, 0.4370236068970621, 0.38157763788127397, 0.4017370246276255, 0.40282154859815705, 0.4092125845609719, 0.3803744542292607, 0.40867415030736687, 0.40497018197036316, 0.4058518361628776, 0.40950859580939936, 0.3782921682058401, 0.3958627324390051, 0.40057977375554066, 0.3624236686511329, 0.40730382237283635, 0.36281154545941713, 0.3975877635074271, 0.406548483325125, 0.41055867019498465, 0.38286375571926906, 0.44635561668584783, 0.4059245630644309, 0.41362213143409793, 0.4089471951658301, 0.4123985332132276, 0.40883874276877696, 0.4219372405116912, 0.37325870107202, 0.428816950216522, 0.37657734442184665, 0.35086647085692707, 0.4121407992814072, 0.36171426238334986, 0.4034735388910296, 0.3753741607698334, 0.3857371062859009]
2025-09-14 14:09:00,659 - cluster means: [0.4148107788194473, 0.3726559396613393]
2025-09-14 14:09:00,659 - benign cluster label: 1
2025-09-14 14:09:00,681 - Round number: 3 --------------------------
2025-09-14 14:09:00,681 - Evaluate global model
2025-09-14 14:09:07,386 - Averaged Train Loss: 2.0522
2025-09-14 14:09:07,387 - Test Accurancy: 0.2513
2025-09-14 14:09:07,387 - Attack Success Rate: 0.1560
2025-09-14 14:09:15,240 - suspected attackers: [1, 2, 3, 4, 9, 11, 12, 13, 20, 21, 24, 26, 28, 29, 30, 32, 33, 37]
2025-09-14 14:09:15,241 - clients' k values: [0.3761690530447054, 0.43633844292979684, 0.4205516016505179, 0.42726289116227795, 0.41486104058161105, 0.38128673027506077, 0.39338108641231817, 0.39433546750638593, 0.39808026498110377, 0.41005851325798653, 0.40167195318939364, 0.4192042401059516, 0.4275780410690089, 0.4077108378394241, 0.39085605942680995, 0.3972509231212855, 0.3646577880304279, 0.38545385414300914, 0.36197837586793813, 0.3939284520397982, 0.4092176882031862, 0.43421150003700143, 0.38284334115041196, 0.3856541720999191, 0.47547317142879014, 0.39613067365525406, 0.4205018411389288, 0.3953242981854, 0.42430915823077137, 0.4129152769874221, 0.4299167851136964, 0.36793687815309395, 0.4256999007341589, 0.4123832222865848, 0.36154329036917193, 0.4031060766516024, 0.37633747323777617, 0.41868622042120357, 0.3756510333599573, 0.38585576596738264]
2025-09-14 14:09:15,241 - cluster means: [0.3849742277667367, 0.42371557628768436]
2025-09-14 14:09:15,241 - benign cluster label: 0
2025-09-14 14:09:15,259 - Round number: 4 --------------------------
2025-09-14 14:09:15,260 - Evaluate global model
2025-09-14 14:09:21,977 - Averaged Train Loss: 1.9524
2025-09-14 14:09:21,978 - Test Accurancy: 0.2921
2025-09-14 14:09:21,978 - Attack Success Rate: 0.0007
2025-09-14 14:09:31,140 - suspected attackers: [0, 1, 2, 3, 4, 6, 10, 12, 13, 21, 24, 25, 28, 29, 32, 35, 37]
2025-09-14 14:09:31,153 - clients' k values: [0.41997744190141295, 0.4244801302449493, 0.4366905942425812, 0.43574004088017415, 0.4180559206077417, 0.38015882534570794, 0.41780711804979626, 0.3965249300163061, 0.4024311199687657, 0.37907302546462285, 0.4351008096928373, 0.4071175394320157, 0.41318449411422464, 0.42454647759373476, 0.39489814406050877, 0.38875718656619296, 0.4004560104318447, 0.4000834445502032, 0.39233611566894716, 0.3790615422696407, 0.3955335475161849, 0.4198677135938062, 0.4050301497663808, 0.3678437366826836, 0.45327998326005353, 0.4360322243969409, 0.3944656103828497, 0.40922406775595405, 0.4600333778200813, 0.42147536089130005, 0.4078180143259237, 0.3561334296220498, 0.4278944668862934, 0.37772821574116366, 0.367639590994113, 0.4385508718296813, 0.3840554561763002, 0.43705550466090126, 0.3657155178793346, 0.39371792679845974]
2025-09-14 14:09:31,153 - cluster means: [0.4305748547450889, 0.38894796293113704]
2025-09-14 14:09:31,153 - benign cluster label: 1
2025-09-14 14:09:31,174 - Round number: 5 --------------------------
2025-09-14 14:09:31,174 - Evaluate global model
2025-09-14 14:09:37,676 - Averaged Train Loss: 1.8997
2025-09-14 14:09:37,677 - Test Accurancy: 0.3323
2025-09-14 14:09:37,677 - Attack Success Rate: 0.3180
2025-09-14 14:09:46,052 - suspected attackers: [0, 1, 2, 3, 4, 8, 11, 12, 13, 14, 20, 21, 22, 24, 26, 27, 28, 29, 30, 32, 33, 35]
2025-09-14 14:09:46,053 - clients' k values: [0.40737272154272897, 0.4250912914001077, 0.4312296970733164, 0.4230587658882762, 0.4233432939417215, 0.36804788237125424, 0.3959699089255047, 0.40261357517792573, 0.41821158169527684, 0.3985217300326378, 0.3919252724706987, 0.4224501565542249, 0.4322159759312233, 0.40457720151986465, 0.41600298052705315, 0.39685539084967986, 0.395132911602365, 0.3821071407610041, 0.38469085963197636, 0.3770711218060769, 0.41028690124707495, 0.4188776070042386, 0.4112961464949461, 0.4023277712139268, 0.4476608731821464, 0.3808529206868482, 0.42188748000010207, 0.41926038017030853, 0.4268571516062438, 0.4174804849480832, 0.41816820073645555, 0.3615675326696897, 0.4426376133327549, 0.40716474812249764, 0.3714737022075804, 0.4174549667370119, 0.39415173638667234, 0.3981364050454607, 0.3916432962383605, 0.3765952071695966]
2025-09-14 14:09:46,053 - cluster means: [0.42102664634798437, 0.38720468695818105]
2025-09-14 14:09:46,053 - benign cluster label: 1
2025-09-14 14:09:46,090 - Round number: 6 --------------------------
2025-09-14 14:09:46,091 - Evaluate global model
2025-09-14 14:09:52,389 - Averaged Train Loss: 1.8792
2025-09-14 14:09:52,391 - Test Accurancy: 0.3134
2025-09-14 14:09:52,391 - Attack Success Rate: 0.0233
2025-09-14 14:10:01,708 - suspected attackers: [0, 1, 2, 3, 4, 6, 10, 11, 13, 24, 25, 28, 29, 32, 35, 37]
2025-09-14 14:10:01,709 - clients' k values: [0.4246013417475381, 0.45052146464324266, 0.42469575912850205, 0.42629064732046024, 0.42092416753215933, 0.36976908570801553, 0.42982747137494676, 0.3981593714354249, 0.4043143639458299, 0.39647772132582415, 0.44911030757099807, 0.43035697425467684, 0.41334015520175976, 0.43400352661677005, 0.4051169116840233, 0.3854564059641163, 0.39675714573705523, 0.4042020838171161, 0.397844221528694, 0.39352526430487117, 0.3977179063838909, 0.4129829002467611, 0.40135297555100197, 0.3841230794356392, 0.4705991931141659, 0.4253273348525175, 0.408753256761688, 0.4052559859343621, 0.4579689545444106, 0.4305764308698903, 0.4018735470568571, 0.3640223845747518, 0.42702174406765386, 0.3859119060317395, 0.3721958675808991, 0.435814043692281, 0.38266854140457335, 0.45669942354361187, 0.3656568259938705, 0.3916203298483963]
2025-09-14 14:10:01,709 - cluster means: [0.4371461740546141, 0.39329575989404836]
2025-09-14 14:10:01,709 - benign cluster label: 1
2025-09-14 14:10:01,740 - Round number: 7 --------------------------
2025-09-14 14:10:01,741 - Evaluate global model
2025-09-14 14:10:07,652 - Averaged Train Loss: 1.8232
2025-09-14 14:10:07,655 - Test Accurancy: 0.3548
2025-09-14 14:10:07,655 - Attack Success Rate: 0.1967
2025-09-14 14:10:17,749 - suspected attackers: [1, 2, 3, 4, 7, 8, 9, 11, 12, 14, 20, 21, 22, 24, 26, 27, 28, 30, 32, 33, 35]
2025-09-14 14:10:17,750 - clients' k values: [0.4007379866641829, 0.4236673752223274, 0.4247467955506447, 0.4217267152703527, 0.43654769226058177, 0.36549223353246046, 0.4017676464809111, 0.4274478981925451, 0.4313713231447623, 0.4155921373288047, 0.39258109049523193, 0.41344605577770577, 0.44301017921439634, 0.3967750084848052, 0.4215736060039247, 0.3837773076756227, 0.390808850736328, 0.3872681989501808, 0.3966933502093769, 0.3723783227900591, 0.4260979848268717, 0.43618533366336887, 0.42218604306963664, 0.39710164158651823, 0.450585260170921, 0.3886563896324612, 0.4236788584173095, 0.43378662182266375, 0.44224718470336355, 0.40684449457355243, 0.4160693278758386, 0.3847929324762617, 0.4491154112132123, 0.4326561650722038, 0.36652444517029575, 0.4138773135448113, 0.40312649122045946, 0.4016681254577329, 0.39460213281208134, 0.39854342051204844]
2025-09-14 14:10:17,750 - cluster means: [0.3910600036558195, 0.4288388229688689]
2025-09-14 14:10:17,750 - benign cluster label: 0
2025-09-14 14:10:17,769 - Round number: 8 --------------------------
2025-09-14 14:10:17,771 - Evaluate global model
2025-09-14 14:10:23,198 - Averaged Train Loss: 1.8058
2025-09-14 14:10:23,200 - Test Accurancy: 0.3443
2025-09-14 14:10:23,200 - Attack Success Rate: 0.0240
2025-09-14 14:10:33,333 - suspected attackers: [0, 1, 2, 3, 4, 6, 10, 11, 13, 16, 18, 22, 24, 25, 26, 27, 28, 29, 32, 35, 37]
2025-09-14 14:10:33,333 - clients' k values: [0.44766725273491426, 0.4316507475559933, 0.41763869785672547, 0.4238051735621126, 0.41439916096122, 0.39664614151889493, 0.432861586671328, 0.37338501621682313, 0.4058314215940206, 0.37901816131081945, 0.4829219372405117, 0.41876405096497116, 0.38626278143397036, 0.4605207756515437, 0.3903418674737226, 0.38995909430765263, 0.4328501034763459, 0.39820020057313904, 0.4140993219811318, 0.3919992752828056, 0.38425194640154947, 0.38094351033615137, 0.41364764964516926, 0.3729882080346639, 0.4376807008321489, 0.43430336559685817, 0.4108508537117514, 0.41200044912051487, 0.45327105188617856, 0.4576487009954654, 0.3906327750799358, 0.357872495706561, 0.42941152453448406, 0.36601408094886917, 0.37407273200519553, 0.43688453264672333, 0.3831163860088752, 0.4522145979478255, 0.3673971679889353, 0.40835389675842165]
2025-09-14 14:10:33,334 - cluster means: [0.4340520112178056, 0.3840677452095266]
2025-09-14 14:10:33,334 - benign cluster label: 1
2025-09-14 14:10:33,351 - Round number: 9 --------------------------
2025-09-14 14:10:33,352 - Evaluate global model
2025-09-14 14:10:38,708 - Averaged Train Loss: 1.7961
2025-09-14 14:10:38,710 - Test Accurancy: 0.3548
2025-09-14 14:10:38,710 - Attack Success Rate: 0.2100
2025-09-14 14:10:48,860 - suspected attackers: [1, 2, 4, 7, 8, 9, 11, 12, 14, 20, 21, 24, 26, 27, 28, 30, 32, 33, 35, 36]
2025-09-14 14:10:48,861 - clients' k values: [0.37804336564789465, 0.4299053019187143, 0.413153872260939, 0.39803178038006826, 0.4194045580628616, 0.38923054938156615, 0.39662445103948435, 0.42707533231090367, 0.4158894244877857, 0.42008717020901964, 0.38403759342855026, 0.43183830640736764, 0.47261257996769396, 0.3998371938133649, 0.41611908838742767, 0.40395966081193846, 0.3668944592308301, 0.39170964358714594, 0.37403317877803494, 0.39012623859016987, 0.4183953128149904, 0.4591568272697811, 0.3918780637802168, 0.39233994340060785, 0.4704103583522381, 0.37832406596967927, 0.4138683821709363, 0.43518757161047983, 0.45760787185775126, 0.40695677470226627, 0.43599139525922675, 0.40341739882667266, 0.4534803012169635, 0.45178206427016643, 0.36638154318829635, 0.4186313562674002, 0.42486673114268, 0.40638516677426845, 0.38997057750263475, 0.392928138165802]
2025-09-14 14:10:48,861 - cluster means: [0.39005548934997464, 0.43427319031226636]
2025-09-14 14:10:48,862 - benign cluster label: 0
2025-09-14 14:10:48,877 - Round number: 10 --------------------------
2025-09-14 14:10:48,877 - Evaluate global model
2025-09-14 14:10:52,732 - Averaged Train Loss: 1.7488
2025-09-14 14:10:52,733 - Test Accurancy: 0.3585
2025-09-14 14:10:52,733 - Attack Success Rate: 0.0333
2025-09-14 14:11:03,465 - suspected attackers: [0, 1, 2, 3, 4, 6, 10, 13, 16, 18, 22, 24, 25, 26, 27, 28, 29, 32, 35, 37]
2025-09-14 14:11:03,466 - clients' k values: [0.46035490727958006, 0.4511951454155258, 0.4277847385786867, 0.44544716837170845, 0.42916272197653854, 0.4002072078738992, 0.44624078473602685, 0.3819731701528796, 0.4074939330453178, 0.3908190580207565, 0.49398152991882655, 0.4175136586224759, 0.4008910959306109, 0.46117531776552334, 0.4153420588603057, 0.39663848605557356, 0.444662483381265, 0.4051462576267553, 0.41929482975525484, 0.39693704912510813, 0.410163137923379, 0.3969753264417151, 0.4303518706124626, 0.39684518356525134, 0.44528767955251264, 0.4484978705052861, 0.42310597457875815, 0.42101603309201613, 0.4513929115513286, 0.4554018225106347, 0.3830589700339647, 0.3545602319095022, 0.4244992689032528, 0.3725237765931657, 0.3743406732214445, 0.44075819708735137, 0.37364785379085785, 0.4565807638621302, 0.37181564623593627, 0.41508304901793164]
2025-09-14 14:11:03,467 - cluster means: [0.3930987912023416, 0.44380960097173344]
2025-09-14 14:11:03,467 - benign cluster label: 0
2025-09-14 14:11:03,493 - Round number: 11 --------------------------
2025-09-14 14:11:03,494 - Evaluate global model
2025-09-14 14:11:07,353 - Averaged Train Loss: 1.7287
2025-09-14 14:11:07,353 - Test Accurancy: 0.3789
2025-09-14 14:11:07,353 - Attack Success Rate: 0.2233
2025-09-14 14:11:18,023 - suspected attackers: [1, 11, 12, 21, 24, 27, 28, 30, 32, 33]
2025-09-14 14:11:18,025 - clients' k values: [0.38368416620521234, 0.4394950456393205, 0.4218708931629057, 0.40584290478900265, 0.42768904528716917, 0.3908152302890958, 0.399619013108705, 0.4174077580465299, 0.4185241797809006, 0.41963039423084286, 0.40186461568298215, 0.4570924039941104, 0.4666681126986274, 0.4041408401105449, 0.4195206659232361, 0.42351043822423873, 0.36649509922756374, 0.4078626711952985, 0.38897536727085286, 0.4091870663499006, 0.41195068860892575, 0.4521635615256828, 0.3974576206309633, 0.4010008242382176, 0.47331305486160197, 0.39341808781837156, 0.4292915889424488, 0.4377738423025592, 0.4684760779530312, 0.40898292066132996, 0.4387294993071806, 0.4164878265374084, 0.4560882623884535, 0.45980881756265357, 0.39196865342952, 0.4178032903181355, 0.4203959405629828, 0.4192731392758442, 0.40859376794249214, 0.39446688629340326]
2025-09-14 14:11:18,025 - cluster means: [0.4072577194715008, 0.4549608678233222]
2025-09-14 14:11:18,025 - benign cluster label: 0
2025-09-14 14:11:18,055 - Round number: 12 --------------------------
2025-09-14 14:11:18,056 - Evaluate global model
2025-09-14 14:11:22,835 - Averaged Train Loss: 1.6632
2025-09-14 14:11:22,836 - Test Accurancy: 0.4025
2025-09-14 14:11:22,836 - Attack Success Rate: 0.1007
2025-09-14 14:11:33,663 - suspected attackers: [0, 1, 2, 3, 4, 6, 8, 10, 13, 14, 16, 18, 20, 22, 24, 25, 26, 28, 29, 35, 37]
2025-09-14 14:11:33,666 - clients' k values: [0.46250354065178617, 0.4487186030310531, 0.4496576731984781, 0.46469172725115276, 0.4456053812803507, 0.4005427723494872, 0.4451639162288167, 0.3984604863260666, 0.42906320095336037, 0.41374844657890103, 0.46697433123148335, 0.4175136586224759, 0.42282527425697347, 0.4462688547682053, 0.43580128458674533, 0.40587863028450255, 0.4504653245788857, 0.40386013978876023, 0.43731068677161455, 0.40128407638110936, 0.4468225999484532, 0.40799536589286944, 0.44799260992607376, 0.4087940858994021, 0.4573896911530914, 0.4540570127871756, 0.44258657691061226, 0.41585242308173226, 0.4512372504637935, 0.45452399604978094, 0.3958282828540588, 0.3831674224310179, 0.42434360781571767, 0.3914442541920041, 0.3788191192644631, 0.43976298685556947, 0.40086940545120026, 0.4331103892292735, 0.40635071718932214, 0.42353595643531006]
2025-09-14 14:11:33,667 - cluster means: [0.44808131608836926, 0.40532179605765123]
2025-09-14 14:11:33,667 - benign cluster label: 1
2025-09-14 14:11:33,691 - Round number: 13 --------------------------
2025-09-14 14:11:33,692 - Evaluate global model
2025-09-14 14:11:38,180 - Averaged Train Loss: 1.6938
2025-09-14 14:11:38,182 - Test Accurancy: 0.3940
2025-09-14 14:11:38,182 - Attack Success Rate: 0.1800
2025-09-14 14:11:49,445 - suspected attackers: [1, 8, 11, 12, 15, 21, 24, 27, 28, 30, 31, 32, 33]
2025-09-14 14:11:49,446 - clients' k values: [0.36579717615476287, 0.4326038527395076, 0.41151177537849887, 0.3888605353210319, 0.41919786055318375, 0.39935107189245606, 0.39845538268385233, 0.4274249318025809, 0.42989892236594646, 0.4116776437504625, 0.3908803017273277, 0.47206011069799964, 0.4485055259686075, 0.40318007946370926, 0.41467475764079037, 0.4337649313432531, 0.36834772135134236, 0.39493769728766936, 0.3963616134654496, 0.41556661911773335, 0.3968974958979476, 0.455695281937955, 0.3967022815832519, 0.42107855270914085, 0.4544869946437275, 0.3582539929620774, 0.4239544550968799, 0.4626349594388035, 0.4538158656925515, 0.395592239401649, 0.4655197932004175, 0.4362835787759935, 0.4793289731216683, 0.47890664672843775, 0.41025755530434294, 0.4186709094945608, 0.4231072504893117, 0.40683173546801676, 0.42009865340400177, 0.4012725931861273]
2025-09-14 14:11:49,446 - cluster means: [0.4029238104662281, 0.45411580281960534]
2025-09-14 14:11:49,446 - benign cluster label: 0
2025-09-14 14:11:49,467 - Round number: 14 --------------------------
2025-09-14 14:11:49,468 - Evaluate global model
2025-09-14 14:11:53,154 - Averaged Train Loss: 1.6185
2025-09-14 14:11:53,154 - Test Accurancy: 0.4109
2025-09-14 14:11:53,154 - Attack Success Rate: 0.0713
2025-09-14 14:12:04,341 - suspected attackers: [0, 1, 2, 3, 4, 6, 8, 10, 11, 13, 14, 16, 18, 20, 22, 24, 25, 26, 28, 29, 32, 35, 37, 38]
2025-09-14 14:12:04,343 - clients' k values: [0.477033610035802, 0.4541488783470324, 0.4453157495846911, 0.45336419335658895, 0.4451371221071918, 0.4154696499156623, 0.43852407770805635, 0.40037052442475574, 0.4369700186538123, 0.41956915052427163, 0.4776664616703711, 0.42928393347912736, 0.4193611771040403, 0.4794514605348107, 0.4382063759802183, 0.41055867019498465, 0.45748666035516244, 0.4123398413277636, 0.4350051164013198, 0.4064987228135359, 0.4445029945620692, 0.40408852777784865, 0.44759452583336096, 0.41873853275389983, 0.449560703996407, 0.46576987166891654, 0.46061519303250764, 0.4139895936735251, 0.44686980863893516, 0.47395483787004594, 0.40459634017816815, 0.38055180579620645, 0.43526667806480096, 0.38900854094524556, 0.39238842800164336, 0.4357260058640849, 0.4053095741776119, 0.4348762494354096, 0.4311531424401024, 0.4228316538097413]
2025-09-14 14:12:04,343 - cluster means: [0.44972848623420103, 0.4072294208386815]
2025-09-14 14:12:04,343 - benign cluster label: 1
2025-09-14 14:12:04,377 - Round number: 15 --------------------------
2025-09-14 14:12:04,377 - Evaluate global model
2025-09-14 14:12:08,598 - Averaged Train Loss: 1.6501
2025-09-14 14:12:08,598 - Test Accurancy: 0.4079
2025-09-14 14:12:08,598 - Attack Success Rate: 0.1980
2025-09-14 14:12:19,607 - suspected attackers: [7, 9, 11, 12, 15, 21, 24, 27, 28, 30, 31, 32, 33]
2025-09-14 14:12:19,609 - clients' k values: [0.3707681236714581, 0.4305190148949798, 0.4311722810984059, 0.4085631460892066, 0.4310574491485849, 0.40798771042954807, 0.4026607838684077, 0.44179678827795454, 0.42983129910660745, 0.44618847240333065, 0.3949542841248657, 0.45793322904891076, 0.48959877716732547, 0.4061516751429658, 0.4275372119312948, 0.4463211671009016, 0.3632198368365584, 0.41318832184588533, 0.3837543412856585, 0.428634495007362, 0.4178390158136354, 0.4766419054958571, 0.3973121668278567, 0.4232029437808292, 0.46351661363131796, 0.3805352189590101, 0.4192999333974691, 0.46303814717373054, 0.4719554860326072, 0.40891529740199095, 0.45472686582779803, 0.4432258080979491, 0.4709322057686468, 0.4904319467588044, 0.4194951477121648, 0.43267275190940013, 0.4332813612434514, 0.4150856008390388, 0.40815868244372594, 0.403863967520421]
2025-09-14 14:12:19,610 - cluster means: [0.41072822453076974, 0.4627928779065489]
2025-09-14 14:12:19,610 - benign cluster label: 0
2025-09-14 14:12:19,652 - Round number: 16 --------------------------
2025-09-14 14:12:19,653 - Evaluate global model
2025-09-14 14:12:25,631 - Averaged Train Loss: 1.5756
2025-09-14 14:12:25,632 - Test Accurancy: 0.4240
2025-09-14 14:12:25,632 - Attack Success Rate: 0.0787
2025-09-14 14:12:34,794 - suspected attackers: [0, 1, 2, 3, 4, 6, 10, 13, 14, 16, 18, 20, 22, 24, 25, 26, 28, 29, 35, 37]
2025-09-14 14:12:34,794 - clients' k values: [0.48431140383334564, 0.4701615557942926, 0.4493437992023007, 0.46617561122495066, 0.44745034794080796, 0.41974139844900316, 0.4706119522197016, 0.40596539220214506, 0.4299576142514105, 0.4229158639062767, 0.4989588569882897, 0.437989471186112, 0.4176361460356183, 0.4849429795573611, 0.44905671932774827, 0.42076978235517776, 0.463669722897746, 0.4294025931606091, 0.4458235619850106, 0.41938541940455804, 0.44685449771229235, 0.4161905393784274, 0.45101779384858004, 0.4352335043904082, 0.45305031936041157, 0.4752460593502553, 0.4640371851371731, 0.4229860389867229, 0.4570656098724855, 0.4787343988037063, 0.404420264521776, 0.3907692975091674, 0.4319569660888493, 0.3969651191572866, 0.4014614279480551, 0.44879898539592783, 0.41680425235469293, 0.4567951168351294, 0.4163780982298017, 0.4322797714589016]
2025-09-14 14:12:34,795 - cluster means: [0.46310532386437586, 0.41846044804875]
2025-09-14 14:12:34,795 - benign cluster label: 1
2025-09-14 14:12:34,812 - Round number: 17 --------------------------
2025-09-14 14:12:34,812 - Evaluate global model
2025-09-14 14:12:38,756 - Averaged Train Loss: 1.5746
2025-09-14 14:12:38,761 - Test Accurancy: 0.4323
2025-09-14 14:12:38,761 - Attack Success Rate: 0.2360
2025-09-14 14:12:49,379 - suspected attackers: [8, 11, 12, 15, 21, 24, 27, 28, 30, 31, 32, 33]
2025-09-14 14:12:49,383 - clients' k values: [0.3905332540567576, 0.43750845290741736, 0.4238625895370231, 0.40840238135945717, 0.4420762126891856, 0.4265024484723523, 0.41691142884119253, 0.43748548651745317, 0.46595487869918367, 0.41676214730642525, 0.41725464878010193, 0.4898220615141996, 0.4553788561206705, 0.4181898912158662, 0.4202645217759654, 0.45610484922564987, 0.39553992706895275, 0.4107551604202339, 0.42988743917096434, 0.42671297371369077, 0.4075768672312996, 0.46849649252188824, 0.40179316469198245, 0.43371006718944977, 0.467926160504444, 0.3672338514380788, 0.4425661623417552, 0.4856944908734118, 0.4537852438392659, 0.42107600088803376, 0.4707969592499687, 0.44917537900922994, 0.4877193609219219, 0.4969544015086366, 0.4282657568573813, 0.4281943058663815, 0.43300704047443456, 0.41462499712920126, 0.4363460983931183, 0.42789574279684695]
2025-09-14 14:12:49,384 - cluster means: [0.42003353639753577, 0.47065076116570587]
2025-09-14 14:12:49,384 - benign cluster label: 0
2025-09-14 14:12:49,406 - Round number: 18 --------------------------
2025-09-14 14:12:49,406 - Evaluate global model
2025-09-14 14:12:54,618 - Averaged Train Loss: 1.5372
2025-09-14 14:12:54,618 - Test Accurancy: 0.4375
2025-09-14 14:12:54,618 - Attack Success Rate: 0.0787
2025-09-14 14:13:02,603 - suspected attackers: [0, 1, 2, 3, 4, 6, 10, 13, 16, 18, 20, 22, 24, 25, 26, 28, 29, 35, 37]
2025-09-14 14:13:02,604 - clients' k values: [0.506852915583206, 0.4714629845589305, 0.4664882093105745, 0.47691622626487395, 0.4617890307417889, 0.43403414847005567, 0.46683270516003744, 0.41970312113239616, 0.44083985536277964, 0.4325119871796508, 0.5048063550552851, 0.4303556983441233, 0.4327288919737571, 0.48188462196046206, 0.44469948478731847, 0.4235474396302922, 0.4740058742921886, 0.4346886905840353, 0.4586362557639259, 0.42506194545737563, 0.4646508981134387, 0.4261247789484966, 0.4685909099028522, 0.43745231284306046, 0.45430071170290676, 0.4837219331575979, 0.46285824378567764, 0.420898649321088, 0.4563970327424166, 0.48376276229531207, 0.40770956192887053, 0.40064101746211184, 0.4439888026089819, 0.4031941144797985, 0.4073446515105505, 0.45642382686404154, 0.42084761289894534, 0.45242129545750326, 0.4315257083217438, 0.43876012116046614]
2025-09-14 14:13:02,604 - cluster means: [0.4712001469848957, 0.4265075521145666]
2025-09-14 14:13:02,604 - benign cluster label: 1
2025-09-14 14:13:02,628 - Round number: 19 --------------------------
2025-09-14 14:13:02,629 - Evaluate global model
2025-09-14 14:13:07,882 - Averaged Train Loss: 1.5561
2025-09-14 14:13:07,882 - Test Accurancy: 0.4354
2025-09-14 14:13:07,882 - Attack Success Rate: 0.1900
2025-09-14 14:13:17,962 - suspected attackers: [7, 8, 11, 12, 15, 21, 23, 24, 26, 27, 28, 30, 31, 32, 33, 34, 36, 38]
2025-09-14 14:13:17,972 - clients' k values: [0.39176323183039574, 0.4349477004264093, 0.42011779206230526, 0.4123104953850315, 0.4401049308839253, 0.42942555955057327, 0.4034480206799583, 0.45165702503591687, 0.46518422872482945, 0.4397655386766766, 0.39648920452080627, 0.48130663447969646, 0.47434399058888377, 0.4211933846589619, 0.43888260857360856, 0.4521610097045757, 0.39683752810192996, 0.42191937776394123, 0.4097931238628447, 0.4339780084056987, 0.4256705547914269, 0.4704677743271486, 0.4208182669562133, 0.4471096798230057, 0.4566866644380762, 0.37968546253033475, 0.4494152501933005, 0.487212824432156, 0.4513495305925073, 0.41534461068141276, 0.4926788252436351, 0.4488551254602847, 0.5013307747073699, 0.5092886288299645, 0.45203852229143326, 0.43595694567428045, 0.4466835256981145, 0.41936245301459385, 0.45952428950920826, 0.4260418447625148]
2025-09-14 14:13:17,972 - cluster means: [0.41881166562699296, 0.46651635022667265]
2025-09-14 14:13:17,975 - benign cluster label: 0
2025-09-14 14:13:17,998 - Round number: 20 --------------------------
2025-09-14 14:13:17,999 - Evaluate global model
2025-09-14 14:13:24,297 - Averaged Train Loss: 1.5616
2025-09-14 14:13:24,298 - Test Accurancy: 0.4180
2025-09-14 14:13:24,298 - Attack Success Rate: 0.0433
2025-09-14 14:13:33,221 - suspected attackers: [0, 1, 2, 3, 4, 6, 9, 10, 13, 14, 16, 17, 18, 20, 22, 24, 25, 26, 28, 29, 35, 37]
2025-09-14 14:13:33,223 - clients' k values: [0.49858629110664826, 0.4723101891664987, 0.46533095843848965, 0.47376855492922526, 0.45108541710791905, 0.4286625650395405, 0.472373984694177, 0.40698484473444474, 0.4198485749355027, 0.4489482669306951, 0.5200751766498162, 0.4203665946202507, 0.432602576828954, 0.4936944500442741, 0.4674732122579279, 0.425835147252837, 0.47161992155701915, 0.44953390987478214, 0.447144129407952, 0.43776108319702356, 0.46402059829997677, 0.42048397839117885, 0.45446530416431685, 0.42116786644789056, 0.45887995467965714, 0.515633732012851, 0.45101396611691935, 0.4020751409243206, 0.4447683839572111, 0.4905378473347504, 0.39330070404744344, 0.39739382510328497, 0.4277120116771334, 0.3939858680147087, 0.38347874460608816, 0.464973703483491, 0.4185713884713826, 0.48266803104035194, 0.4162951640438199, 0.43939935234780303]
2025-09-14 14:13:33,224 - cluster means: [0.47085936287522495, 0.4158847461490893]
2025-09-14 14:13:33,224 - benign cluster label: 1
2025-09-14 14:13:33,256 - Round number: 21 --------------------------
2025-09-14 14:13:33,256 - Evaluate global model
2025-09-14 14:13:39,783 - Averaged Train Loss: 1.5462
2025-09-14 14:13:39,787 - Test Accurancy: 0.4428
2025-09-14 14:13:39,787 - Attack Success Rate: 0.2287
2025-09-14 14:13:50,811 - suspected attackers: [8, 11, 12, 15, 21, 24, 27, 30, 31, 32, 33, 34, 36, 38]
2025-09-14 14:13:50,826 - clients' k values: [0.38087205934515167, 0.4111647277079288, 0.4108278873217872, 0.4012432472433953, 0.43361692571903937, 0.4285388017158445, 0.3916968844816103, 0.44151226022450923, 0.46952232460695575, 0.43686029034620555, 0.39769238817281954, 0.4847260747632548, 0.4544193713843885, 0.4145509943170944, 0.4247416919084305, 0.45991344222804603, 0.4038205865615997, 0.41507411764405666, 0.4151238781556458, 0.43326349849570145, 0.3978773952030867, 0.4696499156623124, 0.42287631067911613, 0.4409062027115651, 0.4504742559527607, 0.3517315382122452, 0.4307129532991219, 0.505110021767034, 0.4404570821967097, 0.40726554505622936, 0.49159047354144286, 0.46391469772403077, 0.5180898598284666, 0.5116414078907412, 0.45568379874297293, 0.4230409031405262, 0.4589743720606211, 0.4210619658719445, 0.44682132403789965, 0.4312973203326554]
2025-09-14 14:13:50,827 - cluster means: [0.4156856713870776, 0.4743236671564948]
2025-09-14 14:13:50,827 - benign cluster label: 0
2025-09-14 14:13:50,845 - Round number: 22 --------------------------
2025-09-14 14:13:50,846 - Evaluate global model
2025-09-14 14:13:56,653 - Averaged Train Loss: 1.4893
2025-09-14 14:13:56,656 - Test Accurancy: 0.4473
2025-09-14 14:13:56,656 - Attack Success Rate: 0.0660
2025-09-14 14:14:07,402 - suspected attackers: [0, 1, 2, 3, 4, 6, 10, 13, 14, 16, 18, 20, 22, 24, 25, 26, 28, 29, 35, 37]
2025-09-14 14:14:07,403 - clients' k values: [0.5078532294572021, 0.4917065814018174, 0.46875805418536937, 0.48296787002044006, 0.4653666839339895, 0.44450554638317635, 0.49902137660541446, 0.43203479663261685, 0.4437451036932507, 0.449425457477729, 0.5127029654713086, 0.4321751467935092, 0.43735023999877515, 0.49419205516016507, 0.4691191368720287, 0.4334408500626472, 0.4882310010539021, 0.456663698048112, 0.4648537678914557, 0.4469106377766493, 0.468155824404086, 0.4385176981552885, 0.47306170048254936, 0.44271161614486176, 0.4618311357900566, 0.5139954628620715, 0.466574971228217, 0.4298899909920715, 0.4737979008719573, 0.4984484927668631, 0.41256057385353057, 0.41255036656910204, 0.4396787767590341, 0.4074212061437645, 0.4117605779364443, 0.46608884930730815, 0.434097943997734, 0.4776141493376748, 0.42721057882958174, 0.4553150605929922]
2025-09-14 14:14:07,403 - cluster means: [0.4822170604551939, 0.43439829334204355]
2025-09-14 14:14:07,403 - benign cluster label: 1
2025-09-14 14:14:07,426 - Round number: 23 --------------------------
2025-09-14 14:14:07,426 - Evaluate global model
2025-09-14 14:14:13,010 - Averaged Train Loss: 1.5003
2025-09-14 14:14:13,013 - Test Accurancy: 0.4534
2025-09-14 14:14:13,013 - Attack Success Rate: 0.2207
2025-09-14 14:14:22,942 - suspected attackers: [7, 8, 11, 12, 15, 21, 24, 27, 28, 30, 31, 32, 33, 34, 36, 38]
2025-09-14 14:14:22,944 - clients' k values: [0.3958997338450585, 0.4322899787433302, 0.41762338693008266, 0.4111098635541254, 0.44448130408265857, 0.45113517761950817, 0.4080515059572264, 0.45860563391064035, 0.47024321406972086, 0.44113331479009993, 0.4189886112223989, 0.5013562929184412, 0.47751080058283596, 0.4175302454596723, 0.44973167601058495, 0.4770463691413377, 0.40330001505574453, 0.42643610112356684, 0.43483159256603476, 0.44998685812129824, 0.42069322772196377, 0.48478476664871883, 0.4252303656504464, 0.4502637307114222, 0.46072236951900725, 0.3804510088624747, 0.44890998961408807, 0.5045983816350539, 0.4711988710743422, 0.4292099306670205, 0.49792664535045433, 0.4654036853400429, 0.5067304281700635, 0.510965175297351, 0.4702113163058817, 0.4445884805691582, 0.4661603002983079, 0.42759845563786597, 0.4576640119221082, 0.4400589981039969]
2025-09-14 14:14:22,944 - cluster means: [0.4278972313591594, 0.4800705163865192]
2025-09-14 14:14:22,944 - benign cluster label: 0
2025-09-14 14:14:22,970 - Round number: 24 --------------------------
2025-09-14 14:14:22,970 - Evaluate global model
2025-09-14 14:14:28,255 - Averaged Train Loss: 1.4813
2025-09-14 14:14:28,257 - Test Accurancy: 0.4486
2025-09-14 14:14:28,257 - Attack Success Rate: 0.0733
2025-09-14 14:14:38,185 - suspected attackers: [0, 1, 2, 3, 4, 6, 9, 10, 13, 16, 17, 18, 20, 22, 24, 25, 26, 28, 29, 35, 37, 39]
2025-09-14 14:14:38,186 - clients' k values: [0.519018722711463, 0.4898845811313244, 0.4812007339037504, 0.5022953630858662, 0.4679440232521939, 0.4453642341857266, 0.4902482156390908, 0.4244622674971994, 0.44399900989341046, 0.45692270789048606, 0.5131342232384141, 0.4306210877392651, 0.4424717449607913, 0.49581501338430173, 0.4543645072305851, 0.43944400921717786, 0.4917040295807103, 0.46817879079405017, 0.47011307119325707, 0.4439518012029285, 0.48394138977281137, 0.4307371955996397, 0.47171178711687595, 0.4336347884667893, 0.46787384817174776, 0.524443894385228, 0.47104831362902133, 0.4127430290626906, 0.4627064104298032, 0.4992063836356816, 0.4034467447694047, 0.40574465967637807, 0.43008265348566005, 0.3960311526320759, 0.41199279365719343, 0.4719848319753392, 0.42215924894801177, 0.4702253513219709, 0.44242326035975577, 0.46181582486341377]
2025-09-14 14:14:38,186 - cluster means: [0.42853745492137135, 0.4832462505048547]
2025-09-14 14:14:38,186 - benign cluster label: 0
2025-09-14 14:14:38,205 - Round number: 25 --------------------------
2025-09-14 14:14:38,205 - Evaluate global model
2025-09-14 14:14:42,347 - Averaged Train Loss: 1.5194
2025-09-14 14:14:42,349 - Test Accurancy: 0.4504
2025-09-14 14:14:42,349 - Attack Success Rate: 0.1747
2025-09-14 14:14:52,686 - suspected attackers: [7, 8, 11, 12, 15, 21, 23, 24, 27, 30, 31, 32, 33, 34, 36, 38]
2025-09-14 14:14:52,699 - clients' k values: [0.3945664073165815, 0.4273624121854562, 0.4249407339547868, 0.400787747175772, 0.43219938909402694, 0.44158371121550893, 0.3987539457533869, 0.47272230827530065, 0.46559634783363146, 0.4461438155339558, 0.39605794675370076, 0.4725845099355155, 0.4839171474722936, 0.4075730394996389, 0.4442746065729808, 0.4709424130530753, 0.40598963450266284, 0.4223876369371002, 0.42458603082089535, 0.43826889559734306, 0.4245541330570562, 0.47914396609140114, 0.43190975739836734, 0.4523881217831105, 0.45222225341114686, 0.37149666859754465, 0.44510012070113836, 0.49988771987128616, 0.44219487237066735, 0.4165222761223547, 0.5041671238679484, 0.47675928926678524, 0.5292004889289241, 0.5275456329409484, 0.46074533590897143, 0.4317056117097967, 0.46102603623075605, 0.42989509463428577, 0.4601443820382416, 0.4188686756303636]
2025-09-14 14:14:52,699 - cluster means: [0.4215717984639738, 0.4793120673068335]
2025-09-14 14:14:52,699 - benign cluster label: 0
2025-09-14 14:14:52,714 - Round number: 26 --------------------------
2025-09-14 14:14:52,714 - Evaluate global model
2025-09-14 14:14:56,822 - Averaged Train Loss: 1.4578
2025-09-14 14:14:56,822 - Test Accurancy: 0.4565
2025-09-14 14:14:56,822 - Attack Success Rate: 0.0693
2025-09-14 14:15:05,581 - suspected attackers: [0, 1, 2, 3, 4, 6, 10, 13, 14, 16, 17, 18, 19, 20, 22, 24, 25, 26, 28, 29, 35, 37, 39]
2025-09-14 14:15:05,582 - clients' k values: [0.5184113892879654, 0.4915139189082289, 0.47535195992620133, 0.48379721188025837, 0.4651153295549369, 0.452080627339701, 0.48998410215450255, 0.42675252694085136, 0.444977633287996, 0.4581105806158565, 0.5236426225575882, 0.44566917680802903, 0.4415518134516698, 0.5187022968941786, 0.4626426149021249, 0.43941976691666007, 0.4931981208389367, 0.48689895043597864, 0.4684365247258706, 0.4631695659607479, 0.4728511752412109, 0.4236074074263098, 0.4726776514059258, 0.43215090449299143, 0.46574562936839875, 0.5319500761718601, 0.4738527650257606, 0.4303135932958556, 0.4754374459332903, 0.5094340826330711, 0.41166871237658753, 0.4215417082400855, 0.4374727274119175, 0.40467289481138213, 0.42429512321468216, 0.4827777593479587, 0.4301375176394634, 0.48969447045884296, 0.4530477675393044, 0.46213352659125184]
2025-09-14 14:15:05,584 - cluster means: [0.4339688518711378, 0.48597474740022134]
2025-09-14 14:15:05,584 - benign cluster label: 0
2025-09-14 14:15:05,604 - Round number: 27 --------------------------
2025-09-14 14:15:05,604 - Evaluate global model
2025-09-14 14:15:10,688 - Averaged Train Loss: 1.4765
2025-09-14 14:15:10,690 - Test Accurancy: 0.4650
2025-09-14 14:15:10,690 - Attack Success Rate: 0.2647
2025-09-14 14:15:20,196 - suspected attackers: [4, 7, 8, 9, 11, 12, 15, 21, 23, 24, 27, 30, 31, 32, 33, 34, 36, 38]
2025-09-14 14:15:20,198 - clients' k values: [0.3847202055747084, 0.4283448633117024, 0.42223580358122575, 0.4157299356685899, 0.45447040780653114, 0.448457041367572, 0.4102422443777001, 0.4727286878280685, 0.4848485621763972, 0.4514949843956139, 0.3996011503609551, 0.48853339185509737, 0.4907789944293745, 0.3970671920015719, 0.4358676319355308, 0.465903842277041, 0.4099959936408618, 0.39870673706290494, 0.43253495356961497, 0.42429512321468216, 0.41944666311112927, 0.5009837270367998, 0.4259754974137293, 0.45824199940287386, 0.4755063451031829, 0.36591200810458385, 0.44458210101639034, 0.5094723599496781, 0.4385317331713778, 0.4159851177793032, 0.5082564171921292, 0.4661258507133616, 0.5234193382107141, 0.5379149580097837, 0.4622726008415906, 0.4194874922488434, 0.4527772745019483, 0.4141465306716138, 0.4565386588138625, 0.4390523046772329]
2025-09-14 14:15:20,198 - cluster means: [0.41776901472099204, 0.4811260222524471]
2025-09-14 14:15:20,198 - benign cluster label: 0
2025-09-14 14:15:20,226 - Round number: 28 --------------------------
2025-09-14 14:15:20,226 - Evaluate global model
2025-09-14 14:15:24,101 - Averaged Train Loss: 1.4696
2025-09-14 14:15:24,102 - Test Accurancy: 0.4553
2025-09-14 14:15:24,102 - Attack Success Rate: 0.0527
2025-09-14 14:15:34,941 - suspected attackers: [0, 1, 2, 3, 6, 10, 13, 14, 16, 17, 18, 19, 20, 22, 25, 28, 29, 35, 37]
2025-09-14 14:15:34,943 - clients' k values: [0.5302378042089737, 0.4959056030336049, 0.4919349693909058, 0.49936842427598455, 0.4542802971340497, 0.4473508269176298, 0.48187441467603354, 0.4335607856546825, 0.4440577017788745, 0.4491001002865695, 0.5175641846803971, 0.44067909063303023, 0.43074612697351466, 0.5048765301357314, 0.4717245462224116, 0.4417610627824547, 0.49728103461034967, 0.47719054703389074, 0.46695391666262626, 0.4720869048196245, 0.4812288039359289, 0.4169382229628174, 0.48490342633020056, 0.4376424235155419, 0.44361623672734046, 0.5332502290259443, 0.4602120052975806, 0.4211551073423549, 0.471482123217234, 0.4887311579909002, 0.4032311158858519, 0.41292293245074346, 0.43288965670350643, 0.3892586194137446, 0.42149960319181784, 0.4921416669005836, 0.4394886660865527, 0.4891471048313629, 0.45017058924101183, 0.452742824917002]
2025-09-14 14:15:34,944 - cluster means: [0.49199386273593093, 0.43444304742365114]
2025-09-14 14:15:34,944 - benign cluster label: 1
2025-09-14 14:15:34,979 - Round number: 29 --------------------------
2025-09-14 14:15:34,980 - Evaluate global model
2025-09-14 14:15:39,333 - Averaged Train Loss: 1.4204
2025-09-14 14:15:39,334 - Test Accurancy: 0.4808
2025-09-14 14:15:39,334 - Attack Success Rate: 0.3500
2025-09-14 14:15:50,157 - suspected attackers: [4, 5, 7, 8, 11, 12, 15, 21, 23, 24, 26, 27, 30, 31, 32, 33, 34, 38, 39]
2025-09-14 14:15:50,160 - clients' k values: [0.403328085087923, 0.41456758115429077, 0.45328125917060713, 0.43393079971521675, 0.49477514628314495, 0.4777213258241744, 0.42175606121308473, 0.45800468003991046, 0.48502208601168223, 0.43983571375712277, 0.4140814592333819, 0.49576780469381976, 0.49123959813921203, 0.4228865179635447, 0.4366063841460458, 0.4828683489972619, 0.4195436323132003, 0.401765094659804, 0.44461144695912236, 0.4321292140135808, 0.4325311258379543, 0.4924351263279039, 0.42698729448270756, 0.46434340367002913, 0.47446265027036544, 0.37415439028062375, 0.4735529260456725, 0.5156681815977973, 0.43930621087739263, 0.43474738246949934, 0.512836936079433, 0.4770463691413377, 0.5172758288952911, 0.5210435927599731, 0.4765206939932683, 0.432411190245919, 0.4537380351487839, 0.410536979715574, 0.47371113895431477, 0.46343495535588974]
2025-09-14 14:15:50,160 - cluster means: [0.4258445646878753, 0.4867226733200254]
2025-09-14 14:15:50,161 - benign cluster label: 0
2025-09-14 14:15:50,185 - Round number: 30 --------------------------
2025-09-14 14:15:50,186 - Evaluate global model
2025-09-14 14:15:55,567 - Averaged Train Loss: 1.4688
2025-09-14 14:15:55,568 - Test Accurancy: 0.4492
2025-09-14 14:15:55,568 - Attack Success Rate: 0.0300
2025-09-14 14:16:06,831 - suspected attackers: [0, 1, 2, 3, 6, 10, 13, 14, 16, 17, 20, 22, 25, 28, 29, 35, 37]
2025-09-14 14:16:06,834 - clients' k values: [0.5288253712261756, 0.5390020338014224, 0.48303038963756484, 0.5060720583244233, 0.42987978370764296, 0.4163538559292839, 0.4899049957001814, 0.4424589858552556, 0.41992895730037744, 0.4495964294919069, 0.5212388070746689, 0.4257777312779265, 0.4284010033760593, 0.49112859392105174, 0.48577742505939364, 0.4470662988641844, 0.49168999456462104, 0.5007362003894079, 0.4616244382803788, 0.4658349431071484, 0.4792332798301508, 0.4152336064632525, 0.4932989177726685, 0.43913523886321476, 0.44599453399918854, 0.5412935691556279, 0.45242512318916395, 0.40807319643663703, 0.47466807186948967, 0.47477269653488213, 0.41079854137905514, 0.42488969753264416, 0.43515950157830136, 0.4020904518509634, 0.4176348701250647, 0.4805410881475565, 0.4624116750919294, 0.5087234004547345, 0.42941407635559115, 0.4231072504893117]
2025-09-14 14:16:06,834 - cluster means: [0.4994080525567071, 0.4327517474149774]
2025-09-14 14:16:06,834 - benign cluster label: 1
2025-09-14 14:16:06,852 - Round number: 31 --------------------------
2025-09-14 14:16:06,853 - Evaluate global model
2025-09-14 14:16:11,756 - Averaged Train Loss: 1.3975
2025-09-14 14:16:11,759 - Test Accurancy: 0.4877
2025-09-14 14:16:11,759 - Attack Success Rate: 0.3187
2025-09-14 14:16:22,321 - suspected attackers: [4, 5, 8, 9, 11, 12, 15, 21, 23, 24, 26, 27, 30, 31, 32, 33, 34, 36, 38, 39]
2025-09-14 14:16:22,322 - clients' k values: [0.4079634681290303, 0.42374903349775567, 0.4554209611689382, 0.4282721364101491, 0.48656721369205136, 0.4790980333114727, 0.42857452721134437, 0.4578132934568755, 0.5004873978314625, 0.4656754542879526, 0.4292724502841453, 0.5033607483980943, 0.5080905488201655, 0.43915310161096466, 0.43395504201573454, 0.4823465015808532, 0.4292443802519668, 0.417113022708656, 0.45101779384858004, 0.4470599193114166, 0.4374880383385603, 0.502549269286026, 0.4301643117610883, 0.47065533317852287, 0.5053511688616581, 0.3785243839265892, 0.4789538554189197, 0.5168011901693643, 0.44830903574335823, 0.44569469501910036, 0.5127004136502015, 0.48195734886201536, 0.5256024211678665, 0.5252566494078499, 0.47950122104639975, 0.4423071524993812, 0.4633826430231935, 0.42035511142526866, 0.4764492430022686, 0.47105469318178916]
2025-09-14 14:16:22,323 - cluster means: [0.4325725929309452, 0.49179206740890635]
2025-09-14 14:16:22,323 - benign cluster label: 0
2025-09-14 14:16:22,340 - Round number: 32 --------------------------
2025-09-14 14:16:22,341 - Evaluate global model
2025-09-14 14:16:26,736 - Averaged Train Loss: 1.4714
2025-09-14 14:16:26,736 - Test Accurancy: 0.4539
2025-09-14 14:16:26,736 - Attack Success Rate: 0.0233
2025-09-14 14:16:38,071 - suspected attackers: [0, 1, 2, 3, 6, 10, 13, 14, 16, 17, 18, 19, 20, 22, 25, 28, 29, 35, 37]
2025-09-14 14:16:38,074 - clients' k values: [0.5193887367719974, 0.5257899800192407, 0.47613664491664476, 0.4953110287156429, 0.4299435792353213, 0.4187755341599533, 0.48465972741446933, 0.43829568971896793, 0.41747155357420823, 0.43632951155592187, 0.5108056864781552, 0.4220546242826193, 0.41881763920822096, 0.4751427105954164, 0.4875266984283334, 0.44187079109006144, 0.48899271965438135, 0.5091240363685544, 0.46714913097732197, 0.46447609836760007, 0.48649831452215875, 0.428566871748023, 0.49236750306856486, 0.4476621490927, 0.436782459802438, 0.5450102965981672, 0.4373808618520607, 0.41147094624078473, 0.48864439607325766, 0.4655197932004175, 0.3917721632042707, 0.41997233825919866, 0.41852673160200776, 0.38387810460935445, 0.4212941815926936, 0.49059781513076806, 0.4564595523595414, 0.5032318814321841, 0.4261872985656214, 0.4178543267402782]
2025-09-14 14:16:38,074 - cluster means: [0.4934933262491198, 0.42482699564258314]
2025-09-14 14:16:38,074 - benign cluster label: 1
2025-09-14 14:16:38,094 - Round number: 33 --------------------------
2025-09-14 14:16:38,095 - Evaluate global model
2025-09-14 14:16:43,242 - Averaged Train Loss: 1.3865
2025-09-14 14:16:43,243 - Test Accurancy: 0.4926
2025-09-14 14:16:43,243 - Attack Success Rate: 0.3140
2025-09-14 14:16:54,307 - suspected attackers: [4, 5, 7, 8, 9, 11, 12, 15, 21, 23, 24, 26, 27, 30, 31, 32, 33, 34, 38, 39]
2025-09-14 14:16:54,321 - clients' k values: [0.40539888791636153, 0.4095404935732385, 0.45634727223082755, 0.42713402419636776, 0.4966290443174772, 0.47617109450159106, 0.4219716900966375, 0.4728498993306573, 0.5011585267826384, 0.4626209244227143, 0.4080897832738334, 0.4874641788112086, 0.4940236349670943, 0.4278944668862934, 0.42763673295447296, 0.47403266841381353, 0.4290797877905567, 0.41119279774010725, 0.44415211915983843, 0.43161502206049346, 0.43684625533011634, 0.5060031591545306, 0.4297458130995185, 0.4630853558642125, 0.4810833501328223, 0.3806806727621167, 0.4786629478127065, 0.5211443896937049, 0.4402184869231927, 0.4448602495170679, 0.5151807837663348, 0.4856562135568048, 0.5307430647881861, 0.5317153086300038, 0.4774431773234969, 0.4282453422885242, 0.45103693250688354, 0.4019118243734641, 0.48890085409452455, 0.4658630131393269]
2025-09-14 14:16:54,321 - cluster means: [0.4256799327339956, 0.4905215794751925]
2025-09-14 14:16:54,322 - benign cluster label: 0
2025-09-14 14:16:54,344 - Round number: 34 --------------------------
2025-09-14 14:16:54,344 - Evaluate global model
2025-09-14 14:16:59,667 - Averaged Train Loss: 1.4677
2025-09-14 14:16:59,668 - Test Accurancy: 0.4480
2025-09-14 14:16:59,668 - Attack Success Rate: 0.0187
2025-09-14 14:17:10,049 - suspected attackers: [0, 1, 2, 3, 6, 10, 13, 14, 16, 17, 18, 19, 20, 22, 25, 28, 29, 35, 36, 37]
2025-09-14 14:17:10,051 - clients' k values: [0.5166672195612398, 0.5483838041017972, 0.4708160979082722, 0.5106270590006559, 0.4166753853887827, 0.40772997649772763, 0.5081428611528618, 0.4502484197847794, 0.4108074727529301, 0.4326485096088824, 0.5149090148184252, 0.4132253232519387, 0.41064288029152, 0.4643357482067077, 0.4812925994636072, 0.4329266581095599, 0.49110690344164115, 0.5052860974234262, 0.4802004200297542, 0.45958170548411875, 0.4809787254674298, 0.41732737568165523, 0.4763943788484652, 0.4347040015106781, 0.4181133365826522, 0.5574823222592803, 0.4331014578553985, 0.41057398112162746, 0.4674897990951242, 0.45763594188992973, 0.39659000145453804, 0.4298593691387859, 0.42244760473311777, 0.3812293143001503, 0.42135542529926484, 0.48364155079272325, 0.4608563401271317, 0.5137670748729831, 0.4271493351230105, 0.41907792496114854]
2025-09-14 14:17:10,051 - cluster means: [0.4924797831972788, 0.4193216876724075]
2025-09-14 14:17:10,052 - benign cluster label: 1
2025-09-14 14:17:10,072 - Round number: 35 --------------------------
2025-09-14 14:17:10,072 - Evaluate global model
2025-09-14 14:17:16,026 - Averaged Train Loss: 1.3791
2025-09-14 14:17:16,026 - Test Accurancy: 0.4958
2025-09-14 14:17:16,026 - Attack Success Rate: 0.3253
2025-09-14 14:17:27,148 - suspected attackers: [4, 5, 8, 9, 11, 12, 15, 21, 23, 24, 26, 27, 30, 31, 32, 33, 34, 38, 39]
2025-09-14 14:17:27,151 - clients' k values: [0.4051105321312555, 0.42238891284765373, 0.4433814691854842, 0.4255161696144453, 0.4906998879750534, 0.48568938723119753, 0.42632892463706723, 0.4537852438392659, 0.4988006440796474, 0.4668748102083052, 0.4271837847079568, 0.48297297366265435, 0.48905013562929184, 0.43429698604409034, 0.42623833498776403, 0.47741893502297916, 0.42442909382280664, 0.4079558126657089, 0.4521278360301829, 0.44438305897003394, 0.4336437198406643, 0.4919834539919413, 0.4261056402901931, 0.46517529735095453, 0.4976778427925089, 0.3767164186721854, 0.47067829956848706, 0.5161032670965635, 0.4431990139763242, 0.45625540667097075, 0.5247769070397089, 0.4806559200973775, 0.5249249126639226, 0.5336202430864787, 0.47351720055017266, 0.41725337286954833, 0.45022545339481523, 0.4157937311962682, 0.48556945163916226, 0.47668656236523194]
2025-09-14 14:17:27,151 - cluster means: [0.42915804363784216, 0.4912040069500863]
2025-09-14 14:17:27,151 - benign cluster label: 0
2025-09-14 14:17:27,170 - Round number: 36 --------------------------
2025-09-14 14:17:27,170 - Evaluate global model
2025-09-14 14:17:32,323 - Averaged Train Loss: 1.4269
2025-09-14 14:17:32,327 - Test Accurancy: 0.4699
2025-09-14 14:17:32,327 - Attack Success Rate: 0.0267
2025-09-14 14:17:43,384 - suspected attackers: [0, 1, 2, 3, 6, 7, 10, 13, 14, 16, 17, 18, 20, 22, 25, 28, 29, 35, 37]
2025-09-14 14:17:43,385 - clients' k values: [0.527004646866236, 0.5424699586860163, 0.4810948333278044, 0.5048561155668743, 0.44904523613276615, 0.4199608550642166, 0.49472155803989515, 0.47135963580409157, 0.4264067551808348, 0.45243533047359247, 0.5266014591313091, 0.42809988848541763, 0.4241943262809504, 0.48345654376245606, 0.4795726720373995, 0.4413106663570457, 0.5047132135848749, 0.5056344210045499, 0.49395983943941596, 0.4607772336728106, 0.4894750138436295, 0.4241764635332005, 0.4853487191133953, 0.45141077429907855, 0.43406094259168054, 0.5545005192955953, 0.45519129726929625, 0.42060518989376766, 0.47480714611982844, 0.4681749630623895, 0.4086524598279562, 0.43611260676181557, 0.43574386861183484, 0.39305062557894443, 0.4298185400010718, 0.4730731836775315, 0.46498773849958025, 0.5199080323672989, 0.44465865564960433, 0.42789574279684695]
2025-09-14 14:17:43,385 - cluster means: [0.4346950093791577, 0.49898591972266276]
2025-09-14 14:17:43,385 - benign cluster label: 0
2025-09-14 14:17:43,404 - Round number: 37 --------------------------
2025-09-14 14:17:43,405 - Evaluate global model
2025-09-14 14:17:47,814 - Averaged Train Loss: 1.3587
2025-09-14 14:17:47,815 - Test Accurancy: 0.5034
2025-09-14 14:17:47,815 - Attack Success Rate: 0.2640
2025-09-14 14:17:58,817 - suspected attackers: [4, 5, 7, 8, 9, 11, 12, 15, 19, 21, 23, 24, 26, 27, 30, 31, 32, 33, 34, 36, 38, 39]
2025-09-14 14:17:58,823 - clients' k values: [0.42122528242280105, 0.4273611362749026, 0.45202321136479046, 0.4430127310355035, 0.48918155441630917, 0.4938641461478985, 0.4372838926499897, 0.4715841960615193, 0.5072548274075794, 0.47320077473288813, 0.4258070772206585, 0.5100107942032832, 0.4906233333418394, 0.4496959505150851, 0.4494509756888003, 0.4923139148253151, 0.4321394212980093, 0.4405527754882272, 0.4428251721841292, 0.4764045861328937, 0.43967622493792696, 0.48966129678445025, 0.44134766776309914, 0.4767643929089995, 0.5076210137364531, 0.39480500259009843, 0.48210407857567555, 0.5177504676212179, 0.4613986021123975, 0.4585112165296764, 0.5272585530663958, 0.49571804418223064, 0.5222901573708076, 0.5235290665183208, 0.4921671851116549, 0.43765518262107755, 0.4696269492723482, 0.42150343092347853, 0.49454803420461013, 0.47902785823102656]
2025-09-14 14:17:58,823 - cluster means: [0.43757083075670283, 0.49465932840244164]
2025-09-14 14:17:58,824 - benign cluster label: 0
2025-09-14 14:17:58,849 - Round number: 38 --------------------------
2025-09-14 14:17:58,850 - Evaluate global model
2025-09-14 14:18:02,791 - Averaged Train Loss: 1.4222
2025-09-14 14:18:02,792 - Test Accurancy: 0.4667
2025-09-14 14:18:02,792 - Attack Success Rate: 0.0213
2025-09-14 14:18:13,037 - suspected attackers: [0, 1, 2, 3, 6, 10, 13, 14, 16, 17, 18, 20, 22, 25, 29, 35, 37]
2025-09-14 14:18:13,054 - clients' k values: [0.5263794506949885, 0.5288457857950326, 0.48839431760475865, 0.5246659028215486, 0.44535275099074456, 0.42224983859731496, 0.506958816159152, 0.43878436346098393, 0.43606794989244074, 0.43903189010837584, 0.5318110019215213, 0.4089395397025087, 0.4206855722586424, 0.48078223524218056, 0.470993449475218, 0.43330687945452273, 0.513467235892895, 0.4934341642913465, 0.48951584298134365, 0.4499702712841019, 0.4870865092873529, 0.41888909019922066, 0.4716862689058046, 0.44552499891547603, 0.4250568418151614, 0.5495308476894536, 0.44488321590703206, 0.4316507475559933, 0.46203272965752007, 0.4757730104088783, 0.39158588026345004, 0.41915958323657676, 0.4250364272463043, 0.3776044524174677, 0.4233062925356681, 0.4843101279227921, 0.4421872169073459, 0.5244222039058174, 0.42918313654539564, 0.443137770269753]
2025-09-14 14:18:13,055 - cluster means: [0.5028268924117697, 0.4292881495313914]
2025-09-14 14:18:13,055 - benign cluster label: 1
2025-09-14 14:18:13,084 - Round number: 39 --------------------------
2025-09-14 14:18:13,085 - Evaluate global model
2025-09-14 14:18:18,131 - Averaged Train Loss: 1.3413
2025-09-14 14:18:18,132 - Test Accurancy: 0.5082
2025-09-14 14:18:18,132 - Attack Success Rate: 0.2547
2025-09-14 14:18:27,771 - suspected attackers: [4, 5, 7, 8, 11, 12, 15, 19, 21, 24, 26, 27, 28, 30, 31, 32, 33, 34, 38, 39]
2025-09-14 14:18:27,787 - clients' k values: [0.4107704713468767, 0.4381451322736471, 0.46360975510172836, 0.4325566440490256, 0.4975961845170806, 0.4867700834700684, 0.4340737016972162, 0.4823516052230674, 0.5001263151448031, 0.4643714737022076, 0.4141057015338997, 0.5114640563237954, 0.49872791717809417, 0.4456793840924576, 0.4482937248167154, 0.49524468136685745, 0.43031869693806984, 0.4371103688147046, 0.4544538209693348, 0.4748492511680961, 0.45027266208529715, 0.5042130566478767, 0.44082071670447615, 0.4638636613018881, 0.5131954669449853, 0.4004662177162732, 0.4947470762509665, 0.5166046999441151, 0.47532644171513, 0.450720506689599, 0.5232317793593398, 0.4849251168096112, 0.5132656420254315, 0.5279692352447324, 0.4885180809284546, 0.45205893686029036, 0.46462027626015306, 0.4237605166927378, 0.5070978904094907, 0.4800230684628085]
2025-09-14 14:18:27,787 - cluster means: [0.44100361848232994, 0.4988123824567402]
2025-09-14 14:18:27,787 - benign cluster label: 0
2025-09-14 14:18:27,811 - Round number: 40 --------------------------
2025-09-14 14:18:27,811 - Evaluate global model
2025-09-14 14:18:33,025 - Averaged Train Loss: 1.4041
2025-09-14 14:18:33,026 - Test Accurancy: 0.4691
2025-09-14 14:18:33,026 - Attack Success Rate: 0.0193
2025-09-14 14:18:43,715 - suspected attackers: [0, 1, 2, 3, 6, 10, 13, 14, 16, 17, 18, 20, 22, 25, 29, 35, 37]
2025-09-14 14:18:43,718 - clients' k values: [0.5447028021547577, 0.5301931473395989, 0.4697456089538299, 0.5219226951313806, 0.4371295074730081, 0.4182103057847233, 0.5052503719279263, 0.4456296235808685, 0.42656114035781634, 0.4542216052485857, 0.5343730303130829, 0.40938738430681054, 0.4264437565868882, 0.487778052807386, 0.4986360516182374, 0.43512505199335505, 0.5067278763489564, 0.5039540468055027, 0.48574935502721517, 0.45041046042508237, 0.49429795573611107, 0.421463877696318, 0.4951260216853758, 0.45914534407479896, 0.42292607119070524, 0.5529196661197263, 0.4465980396910255, 0.4057063823597711, 0.4526445798043774, 0.47653855674101825, 0.4100687205424151, 0.41964953288914636, 0.4448615254276214, 0.38613774219972086, 0.41877936189161397, 0.4734801991441192, 0.4578005343513398, 0.5125345452782378, 0.42220135399627945, 0.4377725663920057]
2025-09-14 14:18:43,719 - cluster means: [0.5055252931254389, 0.43082062905496854]
2025-09-14 14:18:43,719 - benign cluster label: 1
2025-09-14 14:18:43,740 - Round number: 41 --------------------------
2025-09-14 14:18:43,740 - Evaluate global model
2025-09-14 14:18:48,254 - Averaged Train Loss: 1.3318
2025-09-14 14:18:48,254 - Test Accurancy: 0.5106
2025-09-14 14:18:48,254 - Attack Success Rate: 0.2633
2025-09-14 14:18:58,625 - suspected attackers: [4, 5, 7, 8, 9, 11, 12, 15, 19, 21, 23, 24, 26, 27, 28, 30, 31, 32, 33, 34, 36, 38, 39]
2025-09-14 14:18:58,627 - clients' k values: [0.4128578610125116, 0.43837479617328906, 0.4621462856967875, 0.42866001321843333, 0.4950137415566619, 0.4911375252949267, 0.4189311952474884, 0.4728843489156036, 0.5127208282190585, 0.478019888893709, 0.4158371121550895, 0.513773454425751, 0.508913511127216, 0.43975150366058735, 0.4461999555983127, 0.4929072132327235, 0.42782939544806153, 0.43618533366336887, 0.4640359092266196, 0.4673736912347497, 0.4458159065216892, 0.5149307052978358, 0.43770749495377376, 0.4800690012427369, 0.5024242300517765, 0.39971725822132964, 0.482994664142065, 0.5240177402603368, 0.46871084549488745, 0.45944390714433353, 0.522421576157825, 0.4924312985962432, 0.5231373619783759, 0.535447346999186, 0.4951451603436793, 0.4464806559200974, 0.4782214827611725, 0.43022810728876665, 0.49885168050179013, 0.47505467276722035]
2025-09-14 14:18:58,627 - cluster means: [0.4358942759500318, 0.4968087812824144]
2025-09-14 14:18:58,627 - benign cluster label: 0
2025-09-14 14:18:58,658 - Round number: 42 --------------------------
2025-09-14 14:18:58,658 - Evaluate global model
2025-09-14 14:19:03,378 - Averaged Train Loss: 1.4385
2025-09-14 14:19:03,379 - Test Accurancy: 0.4601
2025-09-14 14:19:03,379 - Attack Success Rate: 0.0167
2025-09-14 14:19:12,232 - suspected attackers: [0, 1, 2, 3, 6, 10, 13, 14, 16, 17, 18, 20, 22, 25, 29, 35, 37]
2025-09-14 14:19:12,233 - clients' k values: [0.5257682895398301, 0.5250652628248149, 0.47221066814332047, 0.5144241688080698, 0.43057132722767605, 0.4181567175414735, 0.4953646169588927, 0.43826889559734306, 0.41310666357045706, 0.45085447729772354, 0.5410383870449146, 0.4081535788015117, 0.415885596756125, 0.4879834744065102, 0.4989996861260038, 0.43010179214396355, 0.5157421844099042, 0.4979253694399008, 0.479141414270294, 0.446702664356418, 0.4971700303921894, 0.39687197768687626, 0.48324474261056405, 0.44354095800468, 0.41078067863130524, 0.5768136430563672, 0.4329993850111132, 0.40366237365295743, 0.4451715716921381, 0.47679373885173154, 0.38205865615996853, 0.4127545122576727, 0.4147181385996116, 0.3740178678513921, 0.41789898360965305, 0.4766278704797679, 0.4516557491253633, 0.5051457472625339, 0.41719978462629853, 0.4334536091681829]
2025-09-14 14:19:12,234 - cluster means: [0.5040858408603298, 0.42124286779869147]
2025-09-14 14:19:12,234 - benign cluster label: 1
2025-09-14 14:19:12,261 - Round number: 43 --------------------------
2025-09-14 14:19:12,261 - Evaluate global model
2025-09-14 14:19:17,863 - Averaged Train Loss: 1.3111
2025-09-14 14:19:17,865 - Test Accurancy: 0.5177
2025-09-14 14:19:17,865 - Attack Success Rate: 0.2387
2025-09-14 14:19:28,088 - suspected attackers: [4, 5, 7, 8, 11, 12, 15, 21, 23, 24, 26, 27, 28, 30, 31, 32, 33, 34, 36, 38, 39]
2025-09-14 14:19:28,090 - clients' k values: [0.41554875636998345, 0.4338338305131457, 0.447288307300505, 0.42308683592045465, 0.4945863115212171, 0.4935336853145247, 0.4299780288202676, 0.47872674334038484, 0.5171393064660595, 0.45318428996853605, 0.42010630886732314, 0.5133319893742169, 0.4951362289698043, 0.4443511612061948, 0.4318587209762247, 0.49365744863822064, 0.4352679539753545, 0.4368819808256162, 0.4524697800585388, 0.45974629794552885, 0.43829186198730724, 0.5175820474281471, 0.44016489867994296, 0.4730693559458708, 0.49839745634472044, 0.394538337284403, 0.48127601262641084, 0.5359908848950053, 0.47266616821094376, 0.45507518940892167, 0.5269268163224685, 0.49159047354144286, 0.5237587304179627, 0.539742061922491, 0.49376462512472025, 0.44607746818517036, 0.4709015839153612, 0.4329534522311848, 0.4976982573613659, 0.4860083648695892]
2025-09-14 14:19:28,090 - cluster means: [0.43635281371182116, 0.4997849786929013]
2025-09-14 14:19:28,090 - benign cluster label: 0
2025-09-14 14:19:28,118 - Round number: 44 --------------------------
2025-09-14 14:19:28,118 - Evaluate global model
2025-09-14 14:19:32,061 - Averaged Train Loss: 1.4256
2025-09-14 14:19:32,061 - Test Accurancy: 0.4612
2025-09-14 14:19:32,061 - Attack Success Rate: 0.0160
2025-09-14 14:19:43,831 - suspected attackers: [0, 1, 2, 3, 6, 9, 10, 13, 14, 16, 17, 18, 19, 20, 22, 25, 29, 35, 37]
2025-09-14 14:19:43,831 - clients' k values: [0.5254990724130275, 0.5389752396797974, 0.4740888084781704, 0.5012542200741559, 0.42200741559213734, 0.42645141205020964, 0.4739254919273139, 0.42842907340823777, 0.40485917775220287, 0.4672665147482501, 0.5275354256565198, 0.4251104300584112, 0.41340012299777734, 0.5007323726577472, 0.48525430173243134, 0.4432487744879133, 0.5056025232407108, 0.5128918002332364, 0.46966267476784807, 0.47400077064997437, 0.49690719281815465, 0.39405221536349416, 0.48036756431227146, 0.4330287309538452, 0.425010909035233, 0.5611773592224091, 0.4430382492465748, 0.38698239498618187, 0.4535300617285526, 0.48532320090232395, 0.4024323958793193, 0.4110396884736792, 0.42421856858146817, 0.3783534119124113, 0.41790153543076014, 0.4812122170987325, 0.4344475434894112, 0.5267009801544873, 0.430418217961248, 0.4276380088650265]
2025-09-14 14:19:43,832 - cluster means: [0.4993883016193454, 0.42026658753590923]
2025-09-14 14:19:43,832 - benign cluster label: 1
2025-09-14 14:19:43,851 - Round number: 45 --------------------------
2025-09-14 14:19:43,852 - Evaluate global model
2025-09-14 14:19:48,434 - Averaged Train Loss: 1.3009
2025-09-14 14:19:48,435 - Test Accurancy: 0.5228
2025-09-14 14:19:48,435 - Attack Success Rate: 0.2733
2025-09-14 14:19:58,309 - suspected attackers: [4, 5, 7, 8, 11, 12, 15, 21, 23, 24, 26, 27, 30, 31, 32, 33, 34, 36, 38, 39]
2025-09-14 14:19:58,311 - clients' k values: [0.41081895594791223, 0.42331777573065016, 0.4632295337567655, 0.4344130939044649, 0.5031540508884165, 0.492111045047298, 0.4291805847242885, 0.48673053024290786, 0.5124656461083452, 0.4575810777361264, 0.409492008972203, 0.4898909606840922, 0.48786736654613566, 0.4365119667650819, 0.4381693745741648, 0.48182720598555157, 0.43417960227316227, 0.4213337348198542, 0.460296215394116, 0.4487288103154816, 0.45947835672927984, 0.5197498194586567, 0.4401967964437821, 0.4751197442054522, 0.4773296212842295, 0.3914876351508254, 0.48913817345748795, 0.5323239179640551, 0.46415074117644056, 0.45287041597235866, 0.5247424574547626, 0.4933576096581325, 0.5306971320082577, 0.5408776223151652, 0.48136277454405335, 0.43936745458396387, 0.47195293421150003, 0.41712833363529883, 0.5076911888168992, 0.47511464056323793]
2025-09-14 14:19:58,311 - cluster means: [0.436596623430311, 0.4986752220722317]
2025-09-14 14:19:58,311 - benign cluster label: 0
2025-09-14 14:19:58,327 - Round number: 46 --------------------------
2025-09-14 14:19:58,328 - Evaluate global model
2025-09-14 14:20:03,431 - Averaged Train Loss: 1.3703
2025-09-14 14:20:03,432 - Test Accurancy: 0.4845
2025-09-14 14:20:03,432 - Attack Success Rate: 0.0253
2025-09-14 14:20:13,115 - suspected attackers: [0, 1, 2, 3, 6, 10, 13, 14, 16, 17, 18, 19, 20, 22, 25, 28, 29, 35, 37]
2025-09-14 14:20:13,118 - clients' k values: [0.5385835351398526, 0.5528201450965482, 0.48291172995608317, 0.5166302181551864, 0.43992757931697957, 0.4289534726457536, 0.4937544178402917, 0.4587817095670325, 0.4196393256047178, 0.4698285431398117, 0.532936355029767, 0.43099748135256727, 0.4402121073704249, 0.5075623218509889, 0.4951477121647864, 0.4478777779762528, 0.5067954996082955, 0.520820308413099, 0.47932769721111473, 0.4797857490998451, 0.5021192874294741, 0.4199110945526275, 0.4826909974303161, 0.46054374204150794, 0.4445310645942477, 0.5751409243206415, 0.4598266803104035, 0.41634237273430186, 0.4834680269574382, 0.4889365795900244, 0.41315642408204617, 0.4360475353235837, 0.43279906705420323, 0.3978965338613902, 0.42889222893918244, 0.48450534223748776, 0.4600295500884206, 0.5191731078884446, 0.44133363274700993, 0.4409597909548149]
2025-09-14 14:20:13,118 - cluster means: [0.5075321029168256, 0.4375470340122515]
2025-09-14 14:20:13,119 - benign cluster label: 1
2025-09-14 14:20:13,159 - Round number: 47 --------------------------
2025-09-14 14:20:13,160 - Evaluate global model
2025-09-14 14:20:19,182 - Averaged Train Loss: 1.2855
2025-09-14 14:20:19,182 - Test Accurancy: 0.5305
2025-09-14 14:20:19,182 - Attack Success Rate: 0.2540
2025-09-14 14:20:30,500 - suspected attackers: [4, 5, 7, 8, 9, 11, 12, 15, 21, 23, 24, 26, 27, 29, 30, 31, 32, 33, 34, 36, 38, 39]
2025-09-14 14:20:30,504 - clients' k values: [0.4251142577900719, 0.42859366586964787, 0.4598126452943143, 0.4381834095902541, 0.5017964820594217, 0.492187599680512, 0.4329649354261669, 0.4760779530311807, 0.5182085195099483, 0.4813793613812497, 0.4303352837752662, 0.5090079285081799, 0.5108069623887087, 0.4491983453991941, 0.44926214092687244, 0.4874731101850836, 0.44303569742546767, 0.4247123459656984, 0.46024517897197337, 0.46097372389805985, 0.44054512002490576, 0.5122627763303281, 0.45072816215292044, 0.4921773923960835, 0.496529523294299, 0.3905677036417039, 0.4913454987151581, 0.5247284224386733, 0.4602809044674732, 0.4798763387491483, 0.5359436762045233, 0.48694360730535347, 0.5316936181505931, 0.53213253138102, 0.48876433166529293, 0.4355244119966214, 0.4802527323624505, 0.4204023201157506, 0.49893844241943264, 0.48490342633020056]
2025-09-14 14:20:30,504 - cluster means: [0.4389155695962424, 0.5006104652039473]
2025-09-14 14:20:30,504 - benign cluster label: 0
2025-09-14 14:20:30,524 - Round number: 48 --------------------------
2025-09-14 14:20:30,524 - Evaluate global model
2025-09-14 14:20:36,860 - Averaged Train Loss: 1.3836
2025-09-14 14:20:36,862 - Test Accurancy: 0.4781
2025-09-14 14:20:36,862 - Attack Success Rate: 0.0233
2025-09-14 14:20:47,113 - suspected attackers: [0, 1, 2, 3, 6, 10, 14, 16, 17, 18, 19, 20, 22, 25, 35, 37]
2025-09-14 14:20:47,116 - clients' k values: [0.5440776059835102, 0.5663486246960143, 0.4816064734597846, 0.5296585408176545, 0.4213375625515149, 0.40903012935181193, 0.5188081974701245, 0.4475485930534326, 0.41406359648563196, 0.44529533501583407, 0.5215539569813997, 0.43002396160019596, 0.41581924940733955, 0.46883078108692267, 0.49477514628314495, 0.4542356402646749, 0.5077039479224349, 0.5198659273190313, 0.4930335283775266, 0.47485435481031035, 0.497306552821421, 0.41588814857723216, 0.4932861586671328, 0.45604615734018583, 0.4148827310610217, 0.5572973152290132, 0.449684467320103, 0.4099373017553977, 0.4692786256912245, 0.46252523113119676, 0.4066696948277138, 0.43702871053927633, 0.4319952434054563, 0.3875221051503405, 0.43039525157128383, 0.49236495124745777, 0.4604238064494727, 0.5217555508488633, 0.42759080017454454, 0.42253309074020673]
2025-09-14 14:20:47,116 - cluster means: [0.4328577589396672, 0.5133935520584265]
2025-09-14 14:20:47,117 - benign cluster label: 0
2025-09-14 14:20:47,142 - Round number: 49 --------------------------
2025-09-14 14:20:47,143 - Evaluate global model
2025-09-14 14:20:53,601 - Averaged Train Loss: 1.2669
2025-09-14 14:20:53,603 - Test Accurancy: 0.5346
2025-09-14 14:20:53,603 - Attack Success Rate: 0.2467
2025-09-14 14:21:03,367 - suspected attackers: [4, 5, 7, 8, 11, 12, 15, 19, 21, 24, 26, 27, 29, 30, 31, 32, 33, 34, 38, 39]
2025-09-14 14:21:03,371 - clients' k values: [0.42257774760958156, 0.44485259405374644, 0.4564991055867019, 0.44360220171125125, 0.5100694860887472, 0.5055616941029966, 0.45530612921911723, 0.4854507919576806, 0.5209721417689734, 0.4750636041410953, 0.4439377661868392, 0.5132337442615923, 0.49498949925614416, 0.46865980907274474, 0.4384641099120387, 0.4859356379680359, 0.44974315920556707, 0.44521495265095934, 0.47752866333058586, 0.48231077608535333, 0.4529839720116261, 0.511023867182815, 0.43688453264672333, 0.4676020792238381, 0.5289925155086928, 0.41155388042676655, 0.4909869678496059, 0.5272764158141457, 0.47097686263802163, 0.4828020016484764, 0.5349752600943664, 0.49426478206171837, 0.5293778404958699, 0.5390403111180294, 0.49636748265399605, 0.4488449181758562, 0.4717258221329652, 0.43861977099957383, 0.5002513543790527, 0.4946769011705203]
2025-09-14 14:21:03,371 - cluster means: [0.45103208404678, 0.5064279735733406]
2025-09-14 14:21:03,371 - benign cluster label: 0
2025-09-14 14:21:03,414 - Round number: 50 --------------------------
2025-09-14 14:21:03,414 - Evaluate global model
2025-09-14 14:21:09,734 - Averaged Train Loss: 1.3358
2025-09-14 14:21:09,734 - Test Accurancy: 0.4989
2025-09-14 14:21:09,735 - Attack Success Rate: 0.0267
2025-09-14 14:21:20,779 - suspected attackers: [0, 1, 2, 3, 6, 10, 13, 14, 16, 17, 18, 20, 22, 25, 29, 35, 37]
2025-09-14 14:21:20,782 - clients' k values: [0.5508973478923234, 0.5578370253931718, 0.48674966890121135, 0.5264164521010419, 0.4338810392036277, 0.4219857251127267, 0.5064943847176537, 0.45622478481768514, 0.42323611745522194, 0.47245181523794455, 0.5215871306557925, 0.4288437443381469, 0.44960280904467476, 0.48951967071300434, 0.5228477302827162, 0.4477425314575747, 0.5210244541016696, 0.5038953549200387, 0.5049441533950704, 0.46055777705759715, 0.5050002934594273, 0.43284372392357806, 0.4839515970572399, 0.46565886745075624, 0.41793726092626005, 0.5571263432148352, 0.45425222710187124, 0.4125133651630486, 0.4723663292308556, 0.4810118991418226, 0.40641578862755406, 0.4344832689849111, 0.43260640456061467, 0.39767324951451605, 0.4207608509813028, 0.4896013289884326, 0.4609558611503099, 0.5200126570326914, 0.4326957182993643, 0.4376615621738454]
2025-09-14 14:21:20,782 - cluster means: [0.5134657348216555, 0.43797177486147776]
2025-09-14 14:21:20,782 - benign cluster label: 1
2025-09-14 14:21:20,798 - Round number: 51 --------------------------
2025-09-14 14:21:20,799 - Evaluate global model
2025-09-14 14:21:26,450 - Averaged Train Loss: 1.2767
2025-09-14 14:21:26,454 - Test Accurancy: 0.5307
2025-09-14 14:21:26,454 - Attack Success Rate: 0.2467
2025-09-14 14:21:36,953 - suspected attackers: [4, 5, 7, 8, 11, 12, 15, 21, 23, 24, 26, 27, 30, 31, 32, 33, 34, 36, 38, 39]
2025-09-14 14:21:36,954 - clients' k values: [0.4170109498643707, 0.44954411715921067, 0.4533616415354818, 0.43881753713537663, 0.49074709666553534, 0.4763293074102333, 0.435104637424498, 0.4907560280394103, 0.5040382569020382, 0.470534121675934, 0.4180355060388847, 0.5116924443128839, 0.507983372333666, 0.441948621633829, 0.4486280133817499, 0.4966239406752629, 0.4364137216524573, 0.43862104691012743, 0.46215266524955534, 0.4624639874246256, 0.4478254656435565, 0.5109779344028866, 0.4533425028771783, 0.4853691336822523, 0.4999132380823575, 0.4028815163941747, 0.48647789995330165, 0.5243303383459605, 0.4731318755629955, 0.44834986488107237, 0.5439742572286712, 0.5131393268806284, 0.5361223036820226, 0.5411647021897177, 0.4938054542624344, 0.44497508146688886, 0.48526068128519917, 0.4294574573144124, 0.5062302712330655, 0.48138701684457114]
2025-09-14 14:21:36,954 - cluster means: [0.443630016561319, 0.5043161502206049]
2025-09-14 14:21:36,954 - benign cluster label: 0
2025-09-14 14:21:36,984 - Round number: 52 --------------------------
2025-09-14 14:21:36,984 - Evaluate global model
2025-09-14 14:21:42,607 - Averaged Train Loss: 1.3553
2025-09-14 14:21:42,608 - Test Accurancy: 0.4902
2025-09-14 14:21:42,608 - Attack Success Rate: 0.0280
2025-09-14 14:21:53,760 - suspected attackers: [0, 1, 2, 3, 6, 9, 10, 13, 14, 16, 17, 19, 20, 22, 25, 28, 29, 35, 37]
2025-09-14 14:21:53,762 - clients' k values: [0.5306422678544543, 0.5526287585135131, 0.4889263723055959, 0.5104190855804245, 0.43192889605667084, 0.4318689282606532, 0.48224442873656787, 0.4487083957466246, 0.4179487441212421, 0.4784881480668679, 0.5358581901974344, 0.4294357668350018, 0.43246733031027595, 0.5044605832952687, 0.502549269286026, 0.4501654855987976, 0.5000676232593391, 0.5272840712774671, 0.46233129272705464, 0.49366255228043493, 0.5029026965093639, 0.4194071098839687, 0.4928434177050452, 0.44691318959775644, 0.4401023790628182, 0.5725444463441335, 0.4620442128525022, 0.39867228747795863, 0.4738004526930644, 0.48809830635633117, 0.4083398617423324, 0.4377189781487559, 0.42403994110396886, 0.3930531774000515, 0.4269809149299397, 0.4968076717949765, 0.4645296866108498, 0.5319539039035207, 0.4383377947672356, 0.4420085894298466]
2025-09-14 14:21:53,762 - cluster means: [0.5087464339978857, 0.4336668077459193]
2025-09-14 14:21:53,763 - benign cluster label: 1
2025-09-14 14:21:53,777 - Round number: 53 --------------------------
2025-09-14 14:21:53,778 - Evaluate global model
2025-09-14 14:22:03,337 - Averaged Train Loss: 1.2483
2025-09-14 14:22:03,338 - Test Accurancy: 0.5376
2025-09-14 14:22:03,338 - Attack Success Rate: 0.2913
2025-09-14 14:22:12,356 - suspected attackers: [4, 5, 7, 8, 11, 12, 15, 18, 21, 23, 24, 26, 27, 30, 31, 32, 33, 34, 38, 39]
2025-09-14 14:22:12,357 - clients' k values: [0.42491011210150126, 0.4159698068526604, 0.46254564570005385, 0.45329019054448205, 0.5272955544724492, 0.49865391436598727, 0.44664142064984674, 0.4905238123186612, 0.5266882210489516, 0.43607305353465503, 0.42388810774809443, 0.48705461152351376, 0.4917907914983528, 0.4395754280041952, 0.42648968936681664, 0.48485876946082573, 0.45173357966913086, 0.4089497469869372, 0.4936714836543099, 0.43673142338029536, 0.4440691849738566, 0.5131546378072711, 0.4552601964391888, 0.4758482891315387, 0.48440454530375604, 0.3933619477540147, 0.4827917943640479, 0.5445522447094369, 0.4508289590866522, 0.45428667668681755, 0.5202959091755831, 0.49872026171477274, 0.5280929985684284, 0.5320725635850024, 0.4899254102690385, 0.45097441288975876, 0.46485759562311646, 0.41064032847041293, 0.5046073130089288, 0.49491039280182303]
2025-09-14 14:22:12,358 - cluster means: [0.43755387532312434, 0.5034956759391338]
2025-09-14 14:22:12,358 - benign cluster label: 0
2025-09-14 14:22:12,386 - Round number: 54 --------------------------
2025-09-14 14:22:12,386 - Evaluate global model
2025-09-14 14:22:16,787 - Averaged Train Loss: 1.3345
2025-09-14 14:22:16,787 - Test Accurancy: 0.4981
2025-09-14 14:22:16,787 - Attack Success Rate: 0.0220
2025-09-14 14:22:25,635 - suspected attackers: [0, 1, 2, 3, 6, 9, 10, 13, 14, 16, 17, 19, 20, 22, 25, 28, 29, 35, 37]
2025-09-14 14:22:25,637 - clients' k values: [0.5449783988343281, 0.5618038313042103, 0.4775426983466751, 0.5007655463321399, 0.42363675336904183, 0.43311549287148776, 0.4920663881779232, 0.4506375725036172, 0.4157069692786257, 0.48341316280363483, 0.5341369868606731, 0.4411473498061892, 0.4439173516179822, 0.5075980473464888, 0.5047400077064997, 0.4471135075546664, 0.5019355563097605, 0.5375296330226066, 0.4723471905725521, 0.5049888102644452, 0.5076541874108458, 0.4191085468144341, 0.49334995419481115, 0.4479849544627523, 0.4389221618007691, 0.571921801993993, 0.4655529668748102, 0.41269837219331573, 0.4788032979735989, 0.4935566517044889, 0.41381351801713295, 0.43086095892333565, 0.44056808641487, 0.3976655940511946, 0.4293515567384664, 0.49572825146665916, 0.46576859575836294, 0.5215093001120249, 0.4385649068457705, 0.4346197914141427]
2025-09-14 14:22:25,637 - cluster means: [0.5112643427455688, 0.43633819989921524]
2025-09-14 14:22:25,637 - benign cluster label: 1
2025-09-14 14:22:25,654 - Round number: 55 --------------------------
2025-09-14 14:22:25,654 - Evaluate global model
2025-09-14 14:22:29,740 - Averaged Train Loss: 1.2407
2025-09-14 14:22:29,741 - Test Accurancy: 0.5412
2025-09-14 14:22:29,741 - Attack Success Rate: 0.2760
2025-09-14 14:22:40,562 - suspected attackers: [4, 5, 7, 8, 11, 12, 15, 18, 21, 23, 24, 26, 27, 30, 31, 32, 33, 34, 36, 38, 39]
2025-09-14 14:22:40,563 - clients' k values: [0.4279939879094716, 0.4220444169981908, 0.4638917313340666, 0.4499205107725128, 0.5126493772280588, 0.4824217803035136, 0.4410210346613861, 0.488343281182616, 0.5214072272677396, 0.4516098163454349, 0.4209560652959985, 0.4900389663083059, 0.4960638159422472, 0.4256284497431592, 0.4351773643260513, 0.4848613212819329, 0.4521444228673793, 0.41178737205806926, 0.4877920878234752, 0.4270868155058858, 0.4522783934755038, 0.5098576849368552, 0.45195686401600504, 0.4867611520961935, 0.49103290062953425, 0.38935558861581565, 0.48376148638475847, 0.5430275315979248, 0.4520410741125404, 0.453337399234964, 0.5241721254373184, 0.49589667165972995, 0.537719743695088, 0.5372884859279825, 0.5068044309821704, 0.44494445961360324, 0.4769519517603738, 0.411811614358587, 0.5041071560719307, 0.4899955853494847]
2025-09-14 14:22:40,563 - cluster means: [0.4360519674339276, 0.502426417327011]
2025-09-14 14:22:40,563 - benign cluster label: 0
2025-09-14 14:22:40,589 - Round number: 56 --------------------------
2025-09-14 14:22:40,589 - Evaluate global model
2025-09-14 14:22:45,480 - Averaged Train Loss: 1.3398
2025-09-14 14:22:45,483 - Test Accurancy: 0.4938
2025-09-14 14:22:45,483 - Attack Success Rate: 0.0260
2025-09-14 14:22:56,063 - suspected attackers: [0, 1, 2, 3, 6, 10, 13, 14, 16, 17, 19, 20, 22, 25, 28, 29, 35, 37]
2025-09-14 14:22:56,064 - clients' k values: [0.5299622075294034, 0.5591575928161132, 0.48479242211204027, 0.5193619426503724, 0.4220393133559765, 0.426765286046387, 0.48928235135004094, 0.440108758615586, 0.4227882728509201, 0.46722185787887527, 0.5426064811152479, 0.43306956009155934, 0.43194293107276005, 0.509307767488268, 0.4996070195495015, 0.446684801608668, 0.5035189613067366, 0.5302888406311164, 0.46578518259555934, 0.49840255998693467, 0.5072969324558471, 0.41325084146301005, 0.47731686217869385, 0.44840855676653646, 0.43564307167810307, 0.5754037618946761, 0.45637023862079173, 0.399972440332043, 0.48117904342433976, 0.48481921623366514, 0.41193282586117586, 0.4266517300071196, 0.4255365841833024, 0.3835336087598915, 0.4217203357175849, 0.49832217762206, 0.46273958410419597, 0.5265325599614165, 0.44066760743804817, 0.43873715477050196]
2025-09-14 14:22:56,064 - cluster means: [0.5120643722392485, 0.43279866108266335]
2025-09-14 14:22:56,064 - benign cluster label: 1
2025-09-14 14:22:56,080 - Round number: 57 --------------------------
2025-09-14 14:22:56,080 - Evaluate global model
2025-09-14 14:23:01,710 - Averaged Train Loss: 1.2261
2025-09-14 14:23:01,713 - Test Accurancy: 0.5475
2025-09-14 14:23:01,714 - Attack Success Rate: 0.2660
2025-09-14 14:23:11,739 - suspected attackers: [4, 5, 7, 8, 11, 12, 15, 18, 21, 23, 24, 26, 27, 30, 31, 32, 33, 34, 38, 39]
2025-09-14 14:23:11,756 - clients' k values: [0.4291040300910745, 0.4223289450516361, 0.46586684087098756, 0.44598432671476, 0.5166200108707579, 0.4960548845683722, 0.43358885568686095, 0.4820900435595863, 0.520331634671083, 0.4734457495591729, 0.42072640139635653, 0.49824817480995315, 0.5067903959660812, 0.4381693745741648, 0.4520551091286297, 0.48956432758237917, 0.44778336059528884, 0.41990471499985965, 0.48755094072885113, 0.4489125414351952, 0.45947070126595846, 0.51478907922639, 0.45669049216973695, 0.49159047354144286, 0.4919017957165131, 0.39287072219089153, 0.4967221857878875, 0.5367028429838955, 0.456596074788773, 0.45971057245002894, 0.5385159118805135, 0.5044950328802149, 0.5431512949216208, 0.5454900389663083, 0.496932711029226, 0.4461718855661343, 0.4737698308397788, 0.4052802282348798, 0.5186206386187503, 0.5056969406216747]
2025-09-14 14:23:11,757 - cluster means: [0.44242153788050836, 0.5090929679465751]
2025-09-14 14:23:11,757 - benign cluster label: 0
2025-09-14 14:23:11,794 - Round number: 58 --------------------------
2025-09-14 14:23:11,794 - Evaluate global model
2025-09-14 14:23:17,986 - Averaged Train Loss: 1.3263
2025-09-14 14:23:17,987 - Test Accurancy: 0.5026
2025-09-14 14:23:17,987 - Attack Success Rate: 0.0220
2025-09-14 14:23:27,057 - suspected attackers: [0, 1, 2, 3, 6, 9, 10, 13, 14, 16, 17, 18, 19, 20, 22, 25, 28, 29, 35, 36, 37]
2025-09-14 14:23:27,058 - clients' k values: [0.5361963064941295, 0.5636819716390602, 0.4828645212656012, 0.5150123635732641, 0.42218987080129733, 0.4217445780181026, 0.49005300132439517, 0.45907772081545994, 0.40895740245025863, 0.48208749173847915, 0.5288317507789434, 0.4262931991415674, 0.44533361233244106, 0.4974775248355989, 0.5176407393136112, 0.46234787956425105, 0.497948335829865, 0.5345618650750108, 0.471549746476573, 0.5026334793825613, 0.5070494058084553, 0.4224654674808677, 0.4882692783705091, 0.45624392347598863, 0.426535622146745, 0.5734784128693442, 0.43678373571299156, 0.40957111542652413, 0.4740696698198669, 0.49939777021871656, 0.42002592650244847, 0.43531643857639, 0.444335850279552, 0.39516736118731133, 0.4303697333602125, 0.4916491654269069, 0.47281927747737174, 0.5410332834027003, 0.4266466263649053, 0.4378925019840409]
2025-09-14 14:23:27,058 - cluster means: [0.5080145410057602, 0.43091045082217666]
2025-09-14 14:23:27,058 - benign cluster label: 1
2025-09-14 14:23:27,072 - Round number: 59 --------------------------
2025-09-14 14:23:27,073 - Evaluate global model
2025-09-14 14:23:31,194 - Averaged Train Loss: 1.2393
2025-09-14 14:23:31,195 - Test Accurancy: 0.5437
2025-09-14 14:23:31,195 - Attack Success Rate: 0.3267
2025-09-14 14:23:42,207 - suspected attackers: [4, 5, 7, 8, 11, 12, 15, 18, 21, 23, 24, 26, 27, 30, 31, 32, 33, 34, 38, 39]
2025-09-14 14:23:42,209 - clients' k values: [0.4109861002304294, 0.41576566116408975, 0.45688443057387906, 0.45044235818892153, 0.5139776001143216, 0.4960982655271935, 0.4417993400990617, 0.48176085863676615, 0.5217989318076846, 0.4618464467166994, 0.41659245120280086, 0.5068031550716169, 0.4991298290024676, 0.43727623718666825, 0.4355575856710141, 0.4896140880939683, 0.44879770948537423, 0.40682408000469533, 0.4749296335329708, 0.44938845607167555, 0.43859170096739536, 0.5115061613720632, 0.4380775090143081, 0.48658507643980126, 0.5125689948631841, 0.38001975109536923, 0.4920855268362267, 0.5338881843027277, 0.4426044396583622, 0.45622095708602445, 0.533166018929409, 0.4962488229725143, 0.5193083544071226, 0.5455538344939866, 0.497344830138028, 0.4349094231098023, 0.4546324484468341, 0.4123985332132276, 0.4954296883971246, 0.4906105742363037]
2025-09-14 14:23:42,210 - cluster means: [0.4344807809593316, 0.504920421458774]
2025-09-14 14:23:42,210 - benign cluster label: 0
2025-09-14 14:23:42,230 - Round number: 60 --------------------------
2025-09-14 14:23:42,231 - Evaluate global model
2025-09-14 14:23:46,707 - Averaged Train Loss: 1.2958
2025-09-14 14:23:46,707 - Test Accurancy: 0.5115
2025-09-14 14:23:46,708 - Attack Success Rate: 0.0273
2025-09-14 14:23:57,013 - suspected attackers: [0, 1, 2, 3, 6, 9, 10, 13, 14, 16, 17, 19, 20, 22, 25, 28, 29, 35, 36, 37]
2025-09-14 14:23:57,017 - clients' k values: [0.5426307234157657, 0.5516220650867492, 0.4827611725107623, 0.5117932412466156, 0.4317196467258859, 0.42872508465666526, 0.49520257631858977, 0.45667518124309414, 0.4215659505406033, 0.48405239399097166, 0.5357203918576492, 0.4367964948185272, 0.43884433125700156, 0.5085753948305208, 0.5118940381803474, 0.4555281376554378, 0.5033365060975765, 0.5412450845545924, 0.4642017775985832, 0.5105505043674419, 0.5085843262043958, 0.42483610928939436, 0.5078915067738091, 0.45513388129438576, 0.42881950203762914, 0.5748946735838031, 0.46472617683609907, 0.4124214996031918, 0.4833378840809744, 0.4993326987804847, 0.425337542136946, 0.4405566032198879, 0.45044235818892153, 0.40106717158700306, 0.4437387241404829, 0.49789474758661517, 0.48304059692199336, 0.5302735297044736, 0.4476391827027358, 0.4386031841623775]
2025-09-14 14:23:57,017 - cluster means: [0.5132317028047065, 0.43836892698474267]
2025-09-14 14:23:57,018 - benign cluster label: 1
2025-09-14 14:23:57,052 - Round number: 61 --------------------------
2025-09-14 14:23:57,053 - Evaluate global model
2025-09-14 14:24:01,798 - Averaged Train Loss: 1.2140
2025-09-14 14:24:01,799 - Test Accurancy: 0.5511
2025-09-14 14:24:01,799 - Attack Success Rate: 0.3027
2025-09-14 14:24:12,575 - suspected attackers: [4, 5, 7, 8, 11, 12, 15, 18, 21, 23, 24, 26, 27, 30, 31, 32, 33, 34, 38, 39]
2025-09-14 14:24:12,579 - clients' k values: [0.4251282928061611, 0.4174498630947976, 0.45279258542859113, 0.4328462757446852, 0.5292591808143882, 0.505675250142264, 0.4395320470453739, 0.47982147459534497, 0.537652120435749, 0.44982354157044174, 0.41690760110953184, 0.495705285076695, 0.49573845875108774, 0.4260061192670149, 0.43519777889490835, 0.48011620993321885, 0.4401521395744073, 0.39859573284474464, 0.4825850968543701, 0.42800419519390015, 0.43928324448742845, 0.5128650061116116, 0.445831217448332, 0.49304501157250874, 0.4917716528400493, 0.37848738252053576, 0.47788719419613807, 0.5448878091850249, 0.44017893369603217, 0.46451820341586775, 0.5205498153757429, 0.49168233910129966, 0.5324387499138761, 0.5478555771326207, 0.48689384679376435, 0.43361182207682514, 0.45914534407479896, 0.39805474677003244, 0.49958532907009084, 0.4958379797742659]
2025-09-14 14:24:12,579 - cluster means: [0.4310773533532205, 0.5050926693835055]
2025-09-14 14:24:12,579 - benign cluster label: 0
2025-09-14 14:24:12,608 - Round number: 62 --------------------------
2025-09-14 14:24:12,608 - Evaluate global model
2025-09-14 14:24:17,430 - Averaged Train Loss: 1.3095
2025-09-14 14:24:17,430 - Test Accurancy: 0.5080
2025-09-14 14:24:17,431 - Attack Success Rate: 0.0193
2025-09-14 14:24:29,001 - suspected attackers: [0, 1, 2, 3, 6, 10, 13, 14, 16, 17, 19, 20, 22, 25, 28, 29, 35, 37]
2025-09-14 14:24:29,007 - clients' k values: [0.5419430076273933, 0.5595441937138439, 0.4863924139462127, 0.5064050709789041, 0.4278842596018649, 0.4250517381729471, 0.4908759636314456, 0.4576754951170903, 0.41926038017030853, 0.4683586941821031, 0.5360750949915407, 0.4303250764908377, 0.43737193047818573, 0.49878405724245106, 0.5160292642844566, 0.45218907973675415, 0.5017671361166897, 0.5514817149258568, 0.4683829364826208, 0.5066245275941176, 0.5160088497155996, 0.4241037366316472, 0.511359431658403, 0.45578076794504396, 0.4247710378511625, 0.5801310104956402, 0.45788857217953594, 0.40663269342166036, 0.47868846602377785, 0.48117011205046484, 0.42089099385776657, 0.44357795941073347, 0.44409342727437434, 0.398909606840922, 0.4314147041035835, 0.5116503392646162, 0.4641647761925298, 0.5324183353450189, 0.4495734631019427, 0.4277158394087941]
2025-09-14 14:24:29,007 - cluster means: [0.43800078039329127, 0.517074943867024]
2025-09-14 14:24:29,008 - benign cluster label: 0
2025-09-14 14:24:29,031 - Round number: 63 --------------------------
2025-09-14 14:24:29,032 - Evaluate global model
2025-09-14 14:24:34,247 - Averaged Train Loss: 1.1981
2025-09-14 14:24:34,249 - Test Accurancy: 0.5545
2025-09-14 14:24:34,249 - Attack Success Rate: 0.2400
2025-09-14 14:24:45,981 - suspected attackers: [4, 5, 7, 8, 11, 12, 15, 18, 21, 23, 24, 26, 27, 30, 31, 32, 33, 34, 36, 38, 39]
2025-09-14 14:24:45,987 - clients' k values: [0.42787277640688276, 0.43452282221207167, 0.45693801881712887, 0.4547817299816014, 0.5059457431796202, 0.48792095478938546, 0.4556314864102767, 0.4958660498064444, 0.5187048487152857, 0.4721634594528385, 0.423774551708827, 0.49475728353539505, 0.5128471433638616, 0.4330491455227023, 0.46391342181347717, 0.48322050031004626, 0.4569533297437716, 0.4185713884713826, 0.49436047535323585, 0.4425699900734159, 0.4610285880518632, 0.5116452356224019, 0.4593265233734054, 0.49938883884484164, 0.4951362289698043, 0.3874876555653942, 0.4913518782679259, 0.5471283081170878, 0.4526905125843058, 0.4641086361281729, 0.539368220130296, 0.5085715670988601, 0.5478913026281206, 0.5519652850256586, 0.49986730530242907, 0.42893178216634303, 0.47624382140314436, 0.4091347540172044, 0.507285449260865, 0.4971126144172789]
2025-09-14 14:24:45,987 - cluster means: [0.5079323359115233, 0.4422868722368982]
2025-09-14 14:24:45,987 - benign cluster label: 1
2025-09-14 14:24:46,010 - Round number: 64 --------------------------
2025-09-14 14:24:46,010 - Evaluate global model
2025-09-14 14:24:52,318 - Averaged Train Loss: 1.3059
2025-09-14 14:24:52,319 - Test Accurancy: 0.5039
2025-09-14 14:24:52,319 - Attack Success Rate: 0.0227
2025-09-14 14:25:03,175 - suspected attackers: [0, 1, 2, 3, 6, 9, 10, 13, 14, 16, 17, 19, 20, 22, 25, 28, 29, 35, 37]
2025-09-14 14:25:03,178 - clients' k values: [0.5377222955161951, 0.5652066847505722, 0.4869015022570858, 0.49544755114487454, 0.43516460522051564, 0.42671297371369077, 0.5020465605279207, 0.44792753848784184, 0.4204367697006969, 0.4802016959403078, 0.5371136861821438, 0.4332800853328978, 0.4384487989853959, 0.5187903347223746, 0.5053945498204794, 0.4556008645569911, 0.5073479688779898, 0.5372285181319649, 0.4632767424472475, 0.5036924851420216, 0.509019411703162, 0.41410314971279255, 0.4893423191460586, 0.44246919313968414, 0.4440143208200532, 0.5868614386657037, 0.45587263350490076, 0.40006175407079264, 0.4764377598072865, 0.4911464566688017, 0.42084250925673106, 0.4326944423888108, 0.4285809067641122, 0.3939514184297624, 0.42281123924088426, 0.5019202453831176, 0.46178520301012815, 0.5399079302944546, 0.4310944505546383, 0.43475121020116003]
2025-09-14 14:25:03,178 - cluster means: [0.5143015470885534, 0.43351813378760606]
2025-09-14 14:25:03,178 - benign cluster label: 1
2025-09-14 14:25:03,202 - Round number: 65 --------------------------
2025-09-14 14:25:03,202 - Evaluate global model
2025-09-14 14:25:08,779 - Averaged Train Loss: 1.1926
2025-09-14 14:25:08,782 - Test Accurancy: 0.5575
2025-09-14 14:25:08,782 - Attack Success Rate: 0.2587
2025-09-14 14:25:19,152 - suspected attackers: [2, 4, 5, 7, 8, 11, 12, 15, 18, 21, 23, 24, 26, 27, 30, 31, 32, 33, 34, 36, 38, 39]
2025-09-14 14:25:19,153 - clients' k values: [0.42713274828581416, 0.428337207848381, 0.48938442419432626, 0.452080627339701, 0.5151858874085491, 0.49749155985168814, 0.44842641951428636, 0.490232904712448, 0.5277268122395548, 0.46794019552053323, 0.425605483353195, 0.4985263233106306, 0.5013754315767447, 0.43660510823549226, 0.4468493940700781, 0.49773908649908005, 0.463622514207264, 0.4218415472201737, 0.49898692702046815, 0.4430573879048783, 0.45397280269064016, 0.5214799541692929, 0.4575274894928766, 0.5055655218346573, 0.48196628023589033, 0.3920171380305555, 0.48749352475394064, 0.5483365954113153, 0.4538541430091585, 0.4622572899149478, 0.526436866669899, 0.5091916596278935, 0.5479474426924775, 0.5439296003592964, 0.5059687095695843, 0.4425980601055944, 0.4804568780510211, 0.41537012889248415, 0.5105709189362989, 0.5038034893601819]
2025-09-14 14:25:19,154 - cluster means: [0.44106087142422523, 0.5086271272038745]
2025-09-14 14:25:19,154 - benign cluster label: 0
2025-09-14 14:25:19,173 - Round number: 66 --------------------------
2025-09-14 14:25:19,174 - Evaluate global model
2025-09-14 14:25:24,941 - Averaged Train Loss: 1.2947
2025-09-14 14:25:24,944 - Test Accurancy: 0.5138
2025-09-14 14:25:24,944 - Attack Success Rate: 0.0167
