2025-09-22 00:53:27,429 - *****************EXP-2*****************
2025-09-22 00:53:27,430 - Exp repeats: 1
2025-09-22 00:53:27,430 - Communication Rounds: 100
2025-09-22 00:53:27,430 - Clients: 40

2025-09-22 00:53:27,430 - Attack method: scale
2025-09-22 00:53:27,430 - Filtering rule: dpd
2025-09-22 00:53:27,430 - Dataset: MNIST
2025-09-22 00:53:27,430 - Model: cnn
2025-09-22 00:53:27,430 - Learning Rate: 0.1
2025-09-22 00:53:27,430 - Batch Size: 64
2025-09-22 00:53:27,430 - Device: cuda
2025-09-22 00:53:27,430 - Device id: 0
2025-09-22 00:53:27,430 - DPD clipping strategy: auto
2025-09-22 00:53:27,431 - DPD noise level: 0.022
2025-09-22 00:53:27,431 - Adversaries: 8
2025-09-22 00:53:27,431 - Targeted Label Flipping: 4-->6
2025-09-22 00:53:27,431 - *****************EXP-2*****************
2025-09-22 00:53:27,698 - Running time: 0th ==========================
2025-09-22 00:53:30,075 - Round number: 0 --------------------------
2025-09-22 00:53:30,075 - Evaluate global model
2025-09-22 00:53:33,085 - Averaged Train Loss: 2.3310
2025-09-22 00:53:33,085 - Test Accurancy: 0.1060
2025-09-22 00:53:33,085 - Attack Success Rate: 0.0017
2025-09-22 00:53:37,903 - DPD clipping bound C_t: 1.9890822172164917
2025-09-22 00:53:37,910 - DPD noise norm:33.329429626464844
2025-09-22 00:53:37,919 - Round number: 1 --------------------------
2025-09-22 00:53:37,919 - Evaluate global model
2025-09-22 00:53:39,694 - Averaged Train Loss: 1.4023
2025-09-22 00:53:39,694 - Test Accurancy: 0.7468
2025-09-22 00:53:39,694 - Attack Success Rate: 0.1711
2025-09-22 00:53:44,466 - DPD clipping bound C_t: 1.5336843132972717
2025-09-22 00:53:44,469 - DPD noise norm:25.739471435546875
2025-09-22 00:53:44,484 - Round number: 2 --------------------------
2025-09-22 00:53:44,484 - Evaluate global model
2025-09-22 00:53:46,509 - Averaged Train Loss: 0.6172
2025-09-22 00:53:46,509 - Test Accurancy: 0.8157
2025-09-22 00:53:46,509 - Attack Success Rate: 0.1415
2025-09-22 00:53:51,252 - DPD clipping bound C_t: 0.9902641177177429
2025-09-22 00:53:51,256 - DPD noise norm:16.64113998413086
2025-09-22 00:53:51,265 - Round number: 3 --------------------------
2025-09-22 00:53:51,265 - Evaluate global model
2025-09-22 00:53:53,515 - Averaged Train Loss: 0.4034
2025-09-22 00:53:53,516 - Test Accurancy: 0.8921
2025-09-22 00:53:53,516 - Attack Success Rate: 0.0557
2025-09-22 00:53:58,238 - DPD clipping bound C_t: 0.7680555880069733
2025-09-22 00:53:58,241 - DPD noise norm:12.903053283691406
2025-09-22 00:53:58,249 - Round number: 4 --------------------------
2025-09-22 00:53:58,249 - Evaluate global model
2025-09-22 00:54:00,470 - Averaged Train Loss: 0.3110
2025-09-22 00:54:00,471 - Test Accurancy: 0.9233
2025-09-22 00:54:00,471 - Attack Success Rate: 0.0557
2025-09-22 00:54:05,551 - DPD clipping bound C_t: 0.6802040934562683
2025-09-22 00:54:05,555 - DPD noise norm:11.418683052062988
2025-09-22 00:54:05,565 - Round number: 5 --------------------------
2025-09-22 00:54:05,565 - Evaluate global model
2025-09-22 00:54:07,476 - Averaged Train Loss: 0.2536
2025-09-22 00:54:07,476 - Test Accurancy: 0.9418
2025-09-22 00:54:07,476 - Attack Success Rate: 0.0493
2025-09-22 00:54:12,793 - DPD clipping bound C_t: 0.6029052436351776
2025-09-22 00:54:12,797 - DPD noise norm:10.120468139648438
2025-09-22 00:54:12,806 - Round number: 6 --------------------------
2025-09-22 00:54:12,807 - Evaluate global model
2025-09-22 00:54:14,555 - Averaged Train Loss: 0.2236
2025-09-22 00:54:14,556 - Test Accurancy: 0.9482
2025-09-22 00:54:14,556 - Attack Success Rate: 0.0510
2025-09-22 00:54:19,587 - DPD clipping bound C_t: 0.5507668554782867
2025-09-22 00:54:19,598 - DPD noise norm:9.222356796264648
2025-09-22 00:54:19,617 - Round number: 7 --------------------------
2025-09-22 00:54:19,617 - Evaluate global model
2025-09-22 00:54:22,398 - Averaged Train Loss: 0.2059
2025-09-22 00:54:22,398 - Test Accurancy: 0.9552
2025-09-22 00:54:22,398 - Attack Success Rate: 0.0360
2025-09-22 00:54:27,023 - DPD clipping bound C_t: 0.5039852559566498
2025-09-22 00:54:27,035 - DPD noise norm:8.450713157653809
2025-09-22 00:54:27,046 - Round number: 8 --------------------------
2025-09-22 00:54:27,047 - Evaluate global model
2025-09-22 00:54:29,253 - Averaged Train Loss: 0.1979
2025-09-22 00:54:29,253 - Test Accurancy: 0.9584
2025-09-22 00:54:29,253 - Attack Success Rate: 0.0273
2025-09-22 00:54:33,821 - DPD clipping bound C_t: 0.4716808646917343
2025-09-22 00:54:33,824 - DPD noise norm:7.897583961486816
2025-09-22 00:54:33,832 - Round number: 9 --------------------------
2025-09-22 00:54:33,832 - Evaluate global model
2025-09-22 00:54:35,739 - Averaged Train Loss: 0.1846
2025-09-22 00:54:35,740 - Test Accurancy: 0.9607
2025-09-22 00:54:35,740 - Attack Success Rate: 0.0313
2025-09-22 00:54:40,405 - DPD clipping bound C_t: 0.4499978870153427
2025-09-22 00:54:40,409 - DPD noise norm:7.5545125007629395
2025-09-22 00:54:40,417 - Round number: 10 --------------------------
2025-09-22 00:54:40,417 - Evaluate global model
2025-09-22 00:54:42,438 - Averaged Train Loss: 0.1735
2025-09-22 00:54:42,439 - Test Accurancy: 0.9644
2025-09-22 00:54:42,439 - Attack Success Rate: 0.0238
2025-09-22 00:54:46,799 - DPD clipping bound C_t: 0.42146582901477814
2025-09-22 00:54:46,805 - DPD noise norm:7.071316719055176
2025-09-22 00:54:46,816 - Round number: 11 --------------------------
2025-09-22 00:54:46,816 - Evaluate global model
2025-09-22 00:54:49,826 - Averaged Train Loss: 0.1668
2025-09-22 00:54:49,830 - Test Accurancy: 0.9657
2025-09-22 00:54:49,830 - Attack Success Rate: 0.0209
2025-09-22 00:54:54,849 - DPD clipping bound C_t: 0.41341567039489746
2025-09-22 00:54:54,853 - DPD noise norm:6.950322151184082
2025-09-22 00:54:54,863 - Round number: 12 --------------------------
2025-09-22 00:54:54,863 - Evaluate global model
2025-09-22 00:54:57,777 - Averaged Train Loss: 0.1595
2025-09-22 00:54:57,783 - Test Accurancy: 0.9679
2025-09-22 00:54:57,783 - Attack Success Rate: 0.0209
2025-09-22 00:55:02,838 - DPD clipping bound C_t: 0.395230308175087
2025-09-22 00:55:02,842 - DPD noise norm:6.62368106842041
2025-09-22 00:55:02,850 - Round number: 13 --------------------------
2025-09-22 00:55:02,850 - Evaluate global model
2025-09-22 00:55:05,073 - Averaged Train Loss: 0.1549
2025-09-22 00:55:05,077 - Test Accurancy: 0.9695
2025-09-22 00:55:05,077 - Attack Success Rate: 0.0191
2025-09-22 00:55:10,473 - DPD clipping bound C_t: 0.3935883194208145
2025-09-22 00:55:10,476 - DPD noise norm:6.599414825439453
2025-09-22 00:55:10,484 - Round number: 14 --------------------------
2025-09-22 00:55:10,484 - Evaluate global model
2025-09-22 00:55:12,476 - Averaged Train Loss: 0.1520
2025-09-22 00:55:12,477 - Test Accurancy: 0.9705
2025-09-22 00:55:12,477 - Attack Success Rate: 0.0186
2025-09-22 00:55:17,129 - DPD clipping bound C_t: 0.3739573359489441
2025-09-22 00:55:17,134 - DPD noise norm:6.271408557891846
2025-09-22 00:55:17,144 - Round number: 15 --------------------------
2025-09-22 00:55:17,144 - Evaluate global model
2025-09-22 00:55:19,309 - Averaged Train Loss: 0.1480
2025-09-22 00:55:19,309 - Test Accurancy: 0.9721
2025-09-22 00:55:19,309 - Attack Success Rate: 0.0180
2025-09-22 00:55:23,600 - DPD clipping bound C_t: 0.37094609439373016
2025-09-22 00:55:23,603 - DPD noise norm:6.232370853424072
2025-09-22 00:55:23,613 - Round number: 16 --------------------------
2025-09-22 00:55:23,613 - Evaluate global model
2025-09-22 00:55:25,955 - Averaged Train Loss: 0.1421
2025-09-22 00:55:25,955 - Test Accurancy: 0.9722
2025-09-22 00:55:25,955 - Attack Success Rate: 0.0197
2025-09-22 00:55:30,243 - DPD clipping bound C_t: 0.3587131202220917
2025-09-22 00:55:30,247 - DPD noise norm:6.01670503616333
2025-09-22 00:55:30,259 - Round number: 17 --------------------------
2025-09-22 00:55:30,259 - Evaluate global model
2025-09-22 00:55:33,144 - Averaged Train Loss: 0.1386
2025-09-22 00:55:33,145 - Test Accurancy: 0.9737
2025-09-22 00:55:33,145 - Attack Success Rate: 0.0186
2025-09-22 00:55:37,706 - DPD clipping bound C_t: 0.34747055172920227
2025-09-22 00:55:37,710 - DPD noise norm:5.826572418212891
2025-09-22 00:55:37,719 - Round number: 18 --------------------------
2025-09-22 00:55:37,720 - Evaluate global model
2025-09-22 00:55:39,769 - Averaged Train Loss: 0.1356
2025-09-22 00:55:39,770 - Test Accurancy: 0.9741
2025-09-22 00:55:39,770 - Attack Success Rate: 0.0186
2025-09-22 00:55:44,927 - DPD clipping bound C_t: 0.33021973073482513
2025-09-22 00:55:44,935 - DPD noise norm:5.556339263916016
2025-09-22 00:55:44,946 - Round number: 19 --------------------------
2025-09-22 00:55:44,946 - Evaluate global model
2025-09-22 00:55:46,936 - Averaged Train Loss: 0.1337
2025-09-22 00:55:46,937 - Test Accurancy: 0.9750
2025-09-22 00:55:46,937 - Attack Success Rate: 0.0180
2025-09-22 00:55:51,851 - DPD clipping bound C_t: 0.33366984128952026
2025-09-22 00:55:51,855 - DPD noise norm:5.606740474700928
2025-09-22 00:55:51,867 - Round number: 20 --------------------------
2025-09-22 00:55:51,867 - Evaluate global model
2025-09-22 00:55:54,263 - Averaged Train Loss: 0.1314
2025-09-22 00:55:54,264 - Test Accurancy: 0.9753
2025-09-22 00:55:54,264 - Attack Success Rate: 0.0168
2025-09-22 00:55:58,426 - DPD clipping bound C_t: 0.3227570205926895
2025-09-22 00:55:58,429 - DPD noise norm:5.40712308883667
2025-09-22 00:55:58,437 - Round number: 21 --------------------------
2025-09-22 00:55:58,437 - Evaluate global model
2025-09-22 00:56:00,607 - Averaged Train Loss: 0.1285
2025-09-22 00:56:00,608 - Test Accurancy: 0.9758
2025-09-22 00:56:00,608 - Attack Success Rate: 0.0174
2025-09-22 00:56:04,917 - DPD clipping bound C_t: 0.31700457632541656
2025-09-22 00:56:04,920 - DPD noise norm:5.322559356689453
2025-09-22 00:56:04,929 - Round number: 22 --------------------------
2025-09-22 00:56:04,929 - Evaluate global model
2025-09-22 00:56:06,885 - Averaged Train Loss: 0.1297
2025-09-22 00:56:06,885 - Test Accurancy: 0.9762
2025-09-22 00:56:06,885 - Attack Success Rate: 0.0157
2025-09-22 00:56:11,512 - DPD clipping bound C_t: 0.31180402636528015
2025-09-22 00:56:11,515 - DPD noise norm:5.226278305053711
2025-09-22 00:56:11,523 - Round number: 23 --------------------------
2025-09-22 00:56:11,523 - Evaluate global model
2025-09-22 00:56:13,577 - Averaged Train Loss: 0.1254
2025-09-22 00:56:13,577 - Test Accurancy: 0.9766
2025-09-22 00:56:13,577 - Attack Success Rate: 0.0151
2025-09-22 00:56:17,999 - DPD clipping bound C_t: 0.29697370529174805
2025-09-22 00:56:18,002 - DPD noise norm:4.979701995849609
2025-09-22 00:56:18,011 - Round number: 24 --------------------------
2025-09-22 00:56:18,011 - Evaluate global model
2025-09-22 00:56:20,420 - Averaged Train Loss: 0.1232
2025-09-22 00:56:20,421 - Test Accurancy: 0.9770
2025-09-22 00:56:20,421 - Attack Success Rate: 0.0162
2025-09-22 00:56:25,182 - DPD clipping bound C_t: 0.29329052567481995
2025-09-22 00:56:25,186 - DPD noise norm:4.927330493927002
2025-09-22 00:56:25,195 - Round number: 25 --------------------------
2025-09-22 00:56:25,195 - Evaluate global model
2025-09-22 00:56:27,318 - Averaged Train Loss: 0.1238
2025-09-22 00:56:27,319 - Test Accurancy: 0.9769
2025-09-22 00:56:27,319 - Attack Success Rate: 0.0151
2025-09-22 00:56:33,763 - DPD clipping bound C_t: 0.2846924811601639
2025-09-22 00:56:33,767 - DPD noise norm:4.776917457580566
2025-09-22 00:56:33,783 - Round number: 26 --------------------------
2025-09-22 00:56:33,783 - Evaluate global model
2025-09-22 00:56:36,429 - Averaged Train Loss: 0.1208
2025-09-22 00:56:36,431 - Test Accurancy: 0.9775
2025-09-22 00:56:36,431 - Attack Success Rate: 0.0162
2025-09-22 00:56:42,525 - DPD clipping bound C_t: 0.2838781923055649
2025-09-22 00:56:42,530 - DPD noise norm:4.76652717590332
2025-09-22 00:56:42,541 - Round number: 27 --------------------------
2025-09-22 00:56:42,541 - Evaluate global model
2025-09-22 00:56:44,858 - Averaged Train Loss: 0.1196
2025-09-22 00:56:44,859 - Test Accurancy: 0.9778
2025-09-22 00:56:44,859 - Attack Success Rate: 0.0157
2025-09-22 00:56:51,836 - DPD clipping bound C_t: 0.26391927897930145
2025-09-22 00:56:51,842 - DPD noise norm:4.430024147033691
2025-09-22 00:56:51,853 - Round number: 28 --------------------------
2025-09-22 00:56:51,854 - Evaluate global model
2025-09-22 00:56:54,188 - Averaged Train Loss: 0.1207
2025-09-22 00:56:54,190 - Test Accurancy: 0.9783
2025-09-22 00:56:54,190 - Attack Success Rate: 0.0133
2025-09-22 00:56:59,987 - DPD clipping bound C_t: 0.2673436552286148
2025-09-22 00:56:59,992 - DPD noise norm:4.486528396606445
2025-09-22 00:57:00,004 - Round number: 29 --------------------------
2025-09-22 00:57:00,004 - Evaluate global model
2025-09-22 00:57:02,220 - Averaged Train Loss: 0.1171
2025-09-22 00:57:02,221 - Test Accurancy: 0.9790
2025-09-22 00:57:02,221 - Attack Success Rate: 0.0139
2025-09-22 00:57:07,311 - DPD clipping bound C_t: 0.26897014677524567
2025-09-22 00:57:07,315 - DPD noise norm:4.522861957550049
2025-09-22 00:57:07,325 - Round number: 30 --------------------------
2025-09-22 00:57:07,326 - Evaluate global model
2025-09-22 00:57:09,747 - Averaged Train Loss: 0.1157
2025-09-22 00:57:09,747 - Test Accurancy: 0.9792
2025-09-22 00:57:09,747 - Attack Success Rate: 0.0139
2025-09-22 00:57:14,667 - DPD clipping bound C_t: 0.2553676515817642
2025-09-22 00:57:14,674 - DPD noise norm:4.285099983215332
2025-09-22 00:57:14,688 - Round number: 31 --------------------------
2025-09-22 00:57:14,689 - Evaluate global model
2025-09-22 00:57:17,993 - Averaged Train Loss: 0.1151
2025-09-22 00:57:17,995 - Test Accurancy: 0.9793
2025-09-22 00:57:17,995 - Attack Success Rate: 0.0133
2025-09-22 00:57:23,518 - DPD clipping bound C_t: 0.25575123727321625
2025-09-22 00:57:23,532 - DPD noise norm:4.290114402770996
2025-09-22 00:57:23,561 - Round number: 32 --------------------------
2025-09-22 00:57:23,561 - Evaluate global model
2025-09-22 00:57:26,863 - Averaged Train Loss: 0.1146
2025-09-22 00:57:26,865 - Test Accurancy: 0.9796
2025-09-22 00:57:26,866 - Attack Success Rate: 0.0133
2025-09-22 00:57:31,496 - DPD clipping bound C_t: 0.2531985342502594
2025-09-22 00:57:31,498 - DPD noise norm:4.24890661239624
2025-09-22 00:57:31,506 - Round number: 33 --------------------------
2025-09-22 00:57:31,507 - Evaluate global model
2025-09-22 00:57:34,320 - Averaged Train Loss: 0.1139
2025-09-22 00:57:34,325 - Test Accurancy: 0.9802
2025-09-22 00:57:34,326 - Attack Success Rate: 0.0122
2025-09-22 00:57:41,067 - DPD clipping bound C_t: 0.24465184658765793
2025-09-22 00:57:41,074 - DPD noise norm:4.10317850112915
2025-09-22 00:57:41,087 - Round number: 34 --------------------------
2025-09-22 00:57:41,088 - Evaluate global model
2025-09-22 00:57:44,053 - Averaged Train Loss: 0.1128
2025-09-22 00:57:44,059 - Test Accurancy: 0.9806
2025-09-22 00:57:44,059 - Attack Success Rate: 0.0122
2025-09-22 00:57:50,426 - DPD clipping bound C_t: 0.23549854010343552
2025-09-22 00:57:50,440 - DPD noise norm:3.9560744762420654
2025-09-22 00:57:50,455 - Round number: 35 --------------------------
2025-09-22 00:57:50,455 - Evaluate global model
2025-09-22 00:57:54,382 - Averaged Train Loss: 0.1120
2025-09-22 00:57:54,397 - Test Accurancy: 0.9806
2025-09-22 00:57:54,397 - Attack Success Rate: 0.0128
2025-09-22 00:58:00,770 - DPD clipping bound C_t: 0.23022577911615372
2025-09-22 00:58:00,773 - DPD noise norm:3.8607516288757324
2025-09-22 00:58:00,781 - Round number: 36 --------------------------
2025-09-22 00:58:00,782 - Evaluate global model
2025-09-22 00:58:02,897 - Averaged Train Loss: 0.1111
2025-09-22 00:58:02,897 - Test Accurancy: 0.9810
2025-09-22 00:58:02,897 - Attack Success Rate: 0.0128
2025-09-22 00:58:07,406 - DPD clipping bound C_t: 0.22444534301757812
2025-09-22 00:58:07,409 - DPD noise norm:3.767606258392334
2025-09-22 00:58:07,421 - Round number: 37 --------------------------
2025-09-22 00:58:07,421 - Evaluate global model
2025-09-22 00:58:09,356 - Averaged Train Loss: 0.1106
2025-09-22 00:58:09,357 - Test Accurancy: 0.9803
2025-09-22 00:58:09,358 - Attack Success Rate: 0.0133
2025-09-22 00:58:14,015 - DPD clipping bound C_t: 0.2254457101225853
2025-09-22 00:58:14,019 - DPD noise norm:3.78266978263855
2025-09-22 00:58:14,028 - Round number: 38 --------------------------
2025-09-22 00:58:14,028 - Evaluate global model
2025-09-22 00:58:15,953 - Averaged Train Loss: 0.1117
2025-09-22 00:58:15,954 - Test Accurancy: 0.9806
2025-09-22 00:58:15,954 - Attack Success Rate: 0.0128
2025-09-22 00:58:20,779 - DPD clipping bound C_t: 0.22241172194480896
2025-09-22 00:58:20,789 - DPD noise norm:3.7354812622070312
2025-09-22 00:58:20,809 - Round number: 39 --------------------------
2025-09-22 00:58:20,809 - Evaluate global model
2025-09-22 00:58:23,825 - Averaged Train Loss: 0.1093
2025-09-22 00:58:23,827 - Test Accurancy: 0.9814
2025-09-22 00:58:23,827 - Attack Success Rate: 0.0122
2025-09-22 00:58:29,627 - DPD clipping bound C_t: 0.21755282580852509
2025-09-22 00:58:29,652 - DPD noise norm:3.655423164367676
2025-09-22 00:58:29,678 - Round number: 40 --------------------------
2025-09-22 00:58:29,679 - Evaluate global model
2025-09-22 00:58:33,194 - Averaged Train Loss: 0.1083
2025-09-22 00:58:33,196 - Test Accurancy: 0.9816
2025-09-22 00:58:33,196 - Attack Success Rate: 0.0128
2025-09-22 00:58:39,984 - DPD clipping bound C_t: 0.2129330039024353
2025-09-22 00:58:39,994 - DPD noise norm:3.5708296298980713
2025-09-22 00:58:40,010 - Round number: 41 --------------------------
2025-09-22 00:58:40,010 - Evaluate global model
2025-09-22 00:58:43,127 - Averaged Train Loss: 0.1089
2025-09-22 00:58:43,129 - Test Accurancy: 0.9816
2025-09-22 00:58:43,129 - Attack Success Rate: 0.0128
2025-09-22 00:58:49,319 - DPD clipping bound C_t: 0.2110307216644287
2025-09-22 00:58:49,331 - DPD noise norm:3.5394771099090576
2025-09-22 00:58:49,356 - Round number: 42 --------------------------
2025-09-22 00:58:49,357 - Evaluate global model
2025-09-22 00:58:53,134 - Averaged Train Loss: 0.1086
2025-09-22 00:58:53,135 - Test Accurancy: 0.9817
2025-09-22 00:58:53,135 - Attack Success Rate: 0.0122
2025-09-22 00:58:59,263 - DPD clipping bound C_t: 0.21221467852592468
2025-09-22 00:58:59,275 - DPD noise norm:3.5541465282440186
2025-09-22 00:58:59,293 - Round number: 43 --------------------------
2025-09-22 00:58:59,293 - Evaluate global model
2025-09-22 00:59:02,495 - Averaged Train Loss: 0.1075
2025-09-22 00:59:02,496 - Test Accurancy: 0.9818
2025-09-22 00:59:02,496 - Attack Success Rate: 0.0122
2025-09-22 00:59:08,061 - DPD clipping bound C_t: 0.20510637760162354
2025-09-22 00:59:08,070 - DPD noise norm:3.4458236694335938
2025-09-22 00:59:08,091 - Round number: 44 --------------------------
2025-09-22 00:59:08,092 - Evaluate global model
2025-09-22 00:59:11,622 - Averaged Train Loss: 0.1084
2025-09-22 00:59:11,624 - Test Accurancy: 0.9825
2025-09-22 00:59:11,624 - Attack Success Rate: 0.0093
2025-09-22 00:59:18,396 - DPD clipping bound C_t: 0.19935133308172226
2025-09-22 00:59:18,410 - DPD noise norm:3.3461380004882812
2025-09-22 00:59:18,427 - Round number: 45 --------------------------
2025-09-22 00:59:18,428 - Evaluate global model
2025-09-22 00:59:22,165 - Averaged Train Loss: 0.1057
2025-09-22 00:59:22,166 - Test Accurancy: 0.9822
2025-09-22 00:59:22,166 - Attack Success Rate: 0.0116
2025-09-22 00:59:29,656 - DPD clipping bound C_t: 0.19820640236139297
2025-09-22 00:59:29,669 - DPD noise norm:3.32397723197937
2025-09-22 00:59:29,688 - Round number: 46 --------------------------
2025-09-22 00:59:29,688 - Evaluate global model
2025-09-22 00:59:32,428 - Averaged Train Loss: 0.1068
2025-09-22 00:59:32,432 - Test Accurancy: 0.9825
2025-09-22 00:59:32,432 - Attack Success Rate: 0.0099
2025-09-22 00:59:39,622 - DPD clipping bound C_t: 0.19185753911733627
2025-09-22 00:59:39,635 - DPD noise norm:3.2223081588745117
2025-09-22 00:59:39,653 - Round number: 47 --------------------------
2025-09-22 00:59:39,653 - Evaluate global model
2025-09-22 00:59:42,341 - Averaged Train Loss: 0.1055
2025-09-22 00:59:42,342 - Test Accurancy: 0.9825
2025-09-22 00:59:42,343 - Attack Success Rate: 0.0104
2025-09-22 00:59:49,744 - DPD clipping bound C_t: 0.19110918045043945
2025-09-22 00:59:49,753 - DPD noise norm:3.2060325145721436
2025-09-22 00:59:49,769 - Round number: 48 --------------------------
2025-09-22 00:59:49,769 - Evaluate global model
2025-09-22 00:59:52,940 - Averaged Train Loss: 0.1049
2025-09-22 00:59:52,945 - Test Accurancy: 0.9829
2025-09-22 00:59:52,945 - Attack Success Rate: 0.0104
2025-09-22 01:00:00,817 - DPD clipping bound C_t: 0.18806104362010956
2025-09-22 01:00:00,827 - DPD noise norm:3.154902935028076
2025-09-22 01:00:00,848 - Round number: 49 --------------------------
2025-09-22 01:00:00,849 - Evaluate global model
2025-09-22 01:00:04,586 - Averaged Train Loss: 0.1047
2025-09-22 01:00:04,596 - Test Accurancy: 0.9826
2025-09-22 01:00:04,596 - Attack Success Rate: 0.0104
2025-09-22 01:00:11,037 - DPD clipping bound C_t: 0.18695197254419327
2025-09-22 01:00:11,051 - DPD noise norm:3.1401314735412598
2025-09-22 01:00:11,069 - Round number: 50 --------------------------
2025-09-22 01:00:11,069 - Evaluate global model
2025-09-22 01:00:14,755 - Averaged Train Loss: 0.1058
2025-09-22 01:00:14,756 - Test Accurancy: 0.9827
2025-09-22 01:00:14,756 - Attack Success Rate: 0.0087
2025-09-22 01:00:20,471 - DPD clipping bound C_t: 0.18084868043661118
2025-09-22 01:00:20,486 - DPD noise norm:3.0363447666168213
2025-09-22 01:00:20,504 - Round number: 51 --------------------------
2025-09-22 01:00:20,504 - Evaluate global model
2025-09-22 01:00:24,492 - Averaged Train Loss: 0.1039
2025-09-22 01:00:24,493 - Test Accurancy: 0.9827
2025-09-22 01:00:24,493 - Attack Success Rate: 0.0093
2025-09-22 01:00:31,145 - DPD clipping bound C_t: 0.17771928012371063
2025-09-22 01:00:31,160 - DPD noise norm:2.985219717025757
2025-09-22 01:00:31,179 - Round number: 52 --------------------------
2025-09-22 01:00:31,179 - Evaluate global model
2025-09-22 01:00:34,449 - Averaged Train Loss: 0.1036
2025-09-22 01:00:34,452 - Test Accurancy: 0.9828
2025-09-22 01:00:34,453 - Attack Success Rate: 0.0099
2025-09-22 01:00:40,119 - DPD clipping bound C_t: 0.1737845242023468
2025-09-22 01:00:40,123 - DPD noise norm:2.918516159057617
2025-09-22 01:00:40,132 - Round number: 53 --------------------------
2025-09-22 01:00:40,132 - Evaluate global model
2025-09-22 01:00:42,383 - Averaged Train Loss: 0.1030
2025-09-22 01:00:42,384 - Test Accurancy: 0.9832
2025-09-22 01:00:42,384 - Attack Success Rate: 0.0081
2025-09-22 01:00:47,649 - DPD clipping bound C_t: 0.17168591916561127
2025-09-22 01:00:47,654 - DPD noise norm:2.880805015563965
2025-09-22 01:00:47,666 - Round number: 54 --------------------------
2025-09-22 01:00:47,666 - Evaluate global model
2025-09-22 01:00:50,102 - Averaged Train Loss: 0.1020
2025-09-22 01:00:50,102 - Test Accurancy: 0.9834
2025-09-22 01:00:50,102 - Attack Success Rate: 0.0081
2025-09-22 01:00:55,718 - DPD clipping bound C_t: 0.1717662662267685
2025-09-22 01:00:55,730 - DPD noise norm:2.8800995349884033
2025-09-22 01:00:55,750 - Round number: 55 --------------------------
2025-09-22 01:00:55,750 - Evaluate global model
2025-09-22 01:00:58,619 - Averaged Train Loss: 0.1028
2025-09-22 01:00:58,624 - Test Accurancy: 0.9836
2025-09-22 01:00:58,624 - Attack Success Rate: 0.0087
2025-09-22 01:01:04,483 - DPD clipping bound C_t: 0.16885843873023987
2025-09-22 01:01:04,495 - DPD noise norm:2.8345489501953125
2025-09-22 01:01:04,514 - Round number: 56 --------------------------
2025-09-22 01:01:04,514 - Evaluate global model
2025-09-22 01:01:07,268 - Averaged Train Loss: 0.1023
2025-09-22 01:01:07,271 - Test Accurancy: 0.9838
2025-09-22 01:01:07,271 - Attack Success Rate: 0.0081
2025-09-22 01:01:12,212 - DPD clipping bound C_t: 0.16648121178150177
2025-09-22 01:01:12,216 - DPD noise norm:2.7948861122131348
2025-09-22 01:01:12,228 - Round number: 57 --------------------------
2025-09-22 01:01:12,229 - Evaluate global model
2025-09-22 01:01:14,903 - Averaged Train Loss: 0.1017
2025-09-22 01:01:14,908 - Test Accurancy: 0.9839
2025-09-22 01:01:14,909 - Attack Success Rate: 0.0081
2025-09-22 01:01:20,451 - DPD clipping bound C_t: 0.16352546215057373
2025-09-22 01:01:20,458 - DPD noise norm:2.7474019527435303
2025-09-22 01:01:20,476 - Round number: 58 --------------------------
2025-09-22 01:01:20,476 - Evaluate global model
2025-09-22 01:01:22,418 - Averaged Train Loss: 0.1004
2025-09-22 01:01:22,421 - Test Accurancy: 0.9838
2025-09-22 01:01:22,421 - Attack Success Rate: 0.0087
2025-09-22 01:01:28,410 - DPD clipping bound C_t: 0.16032371670007706
2025-09-22 01:01:28,416 - DPD noise norm:2.6889491081237793
2025-09-22 01:01:28,429 - Round number: 59 --------------------------
2025-09-22 01:01:28,429 - Evaluate global model
2025-09-22 01:01:30,377 - Averaged Train Loss: 0.1022
2025-09-22 01:01:30,377 - Test Accurancy: 0.9840
2025-09-22 01:01:30,377 - Attack Success Rate: 0.0075
2025-09-22 01:01:36,118 - DPD clipping bound C_t: 0.15917646884918213
2025-09-22 01:01:36,123 - DPD noise norm:2.670102834701538
2025-09-22 01:01:36,135 - Round number: 60 --------------------------
2025-09-22 01:01:36,135 - Evaluate global model
2025-09-22 01:01:38,487 - Averaged Train Loss: 0.1012
2025-09-22 01:01:38,487 - Test Accurancy: 0.9839
2025-09-22 01:01:38,487 - Attack Success Rate: 0.0075
2025-09-22 01:01:43,145 - DPD clipping bound C_t: 0.15429027378559113
2025-09-22 01:01:43,152 - DPD noise norm:2.5898642539978027
2025-09-22 01:01:43,166 - Round number: 61 --------------------------
2025-09-22 01:01:43,167 - Evaluate global model
2025-09-22 01:01:46,613 - Averaged Train Loss: 0.1013
2025-09-22 01:01:46,616 - Test Accurancy: 0.9841
2025-09-22 01:01:46,616 - Attack Success Rate: 0.0075
2025-09-22 01:01:51,158 - DPD clipping bound C_t: 0.15719707310199738
2025-09-22 01:01:51,162 - DPD noise norm:2.640807628631592
2025-09-22 01:01:51,172 - Round number: 62 --------------------------
2025-09-22 01:01:51,172 - Evaluate global model
2025-09-22 01:01:53,345 - Averaged Train Loss: 0.1011
2025-09-22 01:01:53,346 - Test Accurancy: 0.9840
2025-09-22 01:01:53,346 - Attack Success Rate: 0.0075
2025-09-22 01:01:59,341 - DPD clipping bound C_t: 0.14967142790555954
2025-09-22 01:01:59,345 - DPD noise norm:2.5127780437469482
2025-09-22 01:01:59,354 - Round number: 63 --------------------------
2025-09-22 01:01:59,354 - Evaluate global model
2025-09-22 01:02:01,647 - Averaged Train Loss: 0.1008
2025-09-22 01:02:01,648 - Test Accurancy: 0.9840
2025-09-22 01:02:01,648 - Attack Success Rate: 0.0075
2025-09-22 01:02:08,817 - DPD clipping bound C_t: 0.14807553589344025
2025-09-22 01:02:08,822 - DPD noise norm:2.48797607421875
2025-09-22 01:02:08,832 - Round number: 64 --------------------------
2025-09-22 01:02:08,832 - Evaluate global model
2025-09-22 01:02:11,170 - Averaged Train Loss: 0.1007
2025-09-22 01:02:11,171 - Test Accurancy: 0.9842
2025-09-22 01:02:11,171 - Attack Success Rate: 0.0075
2025-09-22 01:02:17,546 - DPD clipping bound C_t: 0.14863092452287674
2025-09-22 01:02:17,554 - DPD noise norm:2.4966955184936523
2025-09-22 01:02:17,567 - Round number: 65 --------------------------
2025-09-22 01:02:17,568 - Evaluate global model
2025-09-22 01:02:19,851 - Averaged Train Loss: 0.1007
2025-09-22 01:02:19,853 - Test Accurancy: 0.9841
2025-09-22 01:02:19,853 - Attack Success Rate: 0.0075
2025-09-22 01:02:26,396 - DPD clipping bound C_t: 0.14831755310297012
2025-09-22 01:02:26,411 - DPD noise norm:2.4924817085266113
2025-09-22 01:02:26,436 - Round number: 66 --------------------------
2025-09-22 01:02:26,436 - Evaluate global model
2025-09-22 01:02:29,164 - Averaged Train Loss: 0.0988
2025-09-22 01:02:29,165 - Test Accurancy: 0.9841
2025-09-22 01:02:29,165 - Attack Success Rate: 0.0075
2025-09-22 01:02:34,590 - DPD clipping bound C_t: 0.14427994191646576
2025-09-22 01:02:34,600 - DPD noise norm:2.4243156909942627
2025-09-22 01:02:34,619 - Round number: 67 --------------------------
2025-09-22 01:02:34,619 - Evaluate global model
2025-09-22 01:02:37,269 - Averaged Train Loss: 0.0996
2025-09-22 01:02:37,270 - Test Accurancy: 0.9840
2025-09-22 01:02:37,270 - Attack Success Rate: 0.0075
2025-09-22 01:02:42,413 - DPD clipping bound C_t: 0.14375683665275574
2025-09-22 01:02:42,422 - DPD noise norm:2.4111380577087402
2025-09-22 01:02:42,438 - Round number: 68 --------------------------
2025-09-22 01:02:42,438 - Evaluate global model
2025-09-22 01:02:45,221 - Averaged Train Loss: 0.0991
2025-09-22 01:02:45,224 - Test Accurancy: 0.9841
2025-09-22 01:02:45,224 - Attack Success Rate: 0.0070
2025-09-22 01:02:50,534 - DPD clipping bound C_t: 0.14004376530647278
2025-09-22 01:02:50,540 - DPD noise norm:2.3520359992980957
2025-09-22 01:02:50,554 - Round number: 69 --------------------------
2025-09-22 01:02:50,554 - Evaluate global model
2025-09-22 01:02:53,696 - Averaged Train Loss: 0.0998
2025-09-22 01:02:53,702 - Test Accurancy: 0.9844
2025-09-22 01:02:53,702 - Attack Success Rate: 0.0064
2025-09-22 01:02:59,651 - DPD clipping bound C_t: 0.13643822818994522
2025-09-22 01:02:59,656 - DPD noise norm:2.2911148071289062
2025-09-22 01:02:59,668 - Round number: 70 --------------------------
2025-09-22 01:02:59,668 - Evaluate global model
2025-09-22 01:03:02,060 - Averaged Train Loss: 0.1003
2025-09-22 01:03:02,066 - Test Accurancy: 0.9844
2025-09-22 01:03:02,066 - Attack Success Rate: 0.0064
2025-09-22 01:03:08,374 - DPD clipping bound C_t: 0.13579867035150528
2025-09-22 01:03:08,378 - DPD noise norm:2.277595043182373
2025-09-22 01:03:08,388 - Round number: 71 --------------------------
2025-09-22 01:03:08,388 - Evaluate global model
2025-09-22 01:03:10,846 - Averaged Train Loss: 0.0988
2025-09-22 01:03:10,851 - Test Accurancy: 0.9843
2025-09-22 01:03:10,851 - Attack Success Rate: 0.0064
2025-09-22 01:03:16,641 - DPD clipping bound C_t: 0.13246501237154007
2025-09-22 01:03:16,644 - DPD noise norm:2.2246172428131104
2025-09-22 01:03:16,653 - Round number: 72 --------------------------
2025-09-22 01:03:16,653 - Evaluate global model
2025-09-22 01:03:18,996 - Averaged Train Loss: 0.0980
2025-09-22 01:03:19,002 - Test Accurancy: 0.9841
2025-09-22 01:03:19,002 - Attack Success Rate: 0.0070
2025-09-22 01:03:25,323 - DPD clipping bound C_t: 0.1298690065741539
2025-09-22 01:03:25,327 - DPD noise norm:2.1807093620300293
2025-09-22 01:03:25,337 - Round number: 73 --------------------------
2025-09-22 01:03:25,337 - Evaluate global model
2025-09-22 01:03:27,731 - Averaged Train Loss: 0.0976
2025-09-22 01:03:27,732 - Test Accurancy: 0.9844
2025-09-22 01:03:27,733 - Attack Success Rate: 0.0064
2025-09-22 01:03:32,927 - DPD clipping bound C_t: 0.13123372197151184
2025-09-22 01:03:32,930 - DPD noise norm:2.205388307571411
2025-09-22 01:03:32,940 - Round number: 74 --------------------------
2025-09-22 01:03:32,940 - Evaluate global model
2025-09-22 01:03:35,075 - Averaged Train Loss: 0.0972
2025-09-22 01:03:35,075 - Test Accurancy: 0.9843
2025-09-22 01:03:35,076 - Attack Success Rate: 0.0070
2025-09-22 01:03:40,548 - DPD clipping bound C_t: 0.12666404247283936
2025-09-22 01:03:40,552 - DPD noise norm:2.1274774074554443
2025-09-22 01:03:40,560 - Round number: 75 --------------------------
2025-09-22 01:03:40,560 - Evaluate global model
2025-09-22 01:03:42,628 - Averaged Train Loss: 0.0969
2025-09-22 01:03:42,629 - Test Accurancy: 0.9845
2025-09-22 01:03:42,629 - Attack Success Rate: 0.0064
2025-09-22 01:03:49,376 - DPD clipping bound C_t: 0.12566261366009712
2025-09-22 01:03:49,385 - DPD noise norm:2.1125900745391846
2025-09-22 01:03:49,398 - Round number: 76 --------------------------
2025-09-22 01:03:49,398 - Evaluate global model
2025-09-22 01:03:51,827 - Averaged Train Loss: 0.0969
2025-09-22 01:03:51,828 - Test Accurancy: 0.9845
2025-09-22 01:03:51,828 - Attack Success Rate: 0.0064
2025-09-22 01:03:58,834 - DPD clipping bound C_t: 0.12553012371063232
2025-09-22 01:03:58,842 - DPD noise norm:2.107114553451538
2025-09-22 01:03:58,854 - Round number: 77 --------------------------
2025-09-22 01:03:58,854 - Evaluate global model
2025-09-22 01:04:01,328 - Averaged Train Loss: 0.0988
2025-09-22 01:04:01,329 - Test Accurancy: 0.9846
2025-09-22 01:04:01,329 - Attack Success Rate: 0.0064
2025-09-22 01:04:06,893 - DPD clipping bound C_t: 0.12222528830170631
2025-09-22 01:04:06,903 - DPD noise norm:2.054091215133667
2025-09-22 01:04:06,922 - Round number: 78 --------------------------
2025-09-22 01:04:06,922 - Evaluate global model
2025-09-22 01:04:09,166 - Averaged Train Loss: 0.0965
2025-09-22 01:04:09,168 - Test Accurancy: 0.9846
2025-09-22 01:04:09,168 - Attack Success Rate: 0.0064
2025-09-22 01:04:14,698 - DPD clipping bound C_t: 0.12082917615771294
2025-09-22 01:04:14,708 - DPD noise norm:2.0259475708007812
2025-09-22 01:04:14,722 - Round number: 79 --------------------------
2025-09-22 01:04:14,722 - Evaluate global model
2025-09-22 01:04:16,753 - Averaged Train Loss: 0.0958
2025-09-22 01:04:16,754 - Test Accurancy: 0.9848
2025-09-22 01:04:16,754 - Attack Success Rate: 0.0064
2025-09-22 01:04:22,226 - DPD clipping bound C_t: 0.11844351887702942
2025-09-22 01:04:22,237 - DPD noise norm:1.9861478805541992
2025-09-22 01:04:22,251 - Round number: 80 --------------------------
2025-09-22 01:04:22,251 - Evaluate global model
2025-09-22 01:04:24,953 - Averaged Train Loss: 0.0974
2025-09-22 01:04:24,954 - Test Accurancy: 0.9847
2025-09-22 01:04:24,954 - Attack Success Rate: 0.0064
2025-09-22 01:04:30,377 - DPD clipping bound C_t: 0.11935856565833092
2025-09-22 01:04:30,388 - DPD noise norm:2.00547194480896
2025-09-22 01:04:30,406 - Round number: 81 --------------------------
2025-09-22 01:04:30,406 - Evaluate global model
2025-09-22 01:04:33,563 - Averaged Train Loss: 0.0957
2025-09-22 01:04:33,565 - Test Accurancy: 0.9847
2025-09-22 01:04:33,565 - Attack Success Rate: 0.0064
2025-09-22 01:04:39,704 - DPD clipping bound C_t: 0.11908887699246407
2025-09-22 01:04:39,716 - DPD noise norm:1.9993550777435303
2025-09-22 01:04:39,733 - Round number: 82 --------------------------
2025-09-22 01:04:39,733 - Evaluate global model
2025-09-22 01:04:42,822 - Averaged Train Loss: 0.0961
2025-09-22 01:04:42,824 - Test Accurancy: 0.9848
2025-09-22 01:04:42,824 - Attack Success Rate: 0.0064
2025-09-22 01:04:48,758 - DPD clipping bound C_t: 0.11127837374806404
2025-09-22 01:04:48,763 - DPD noise norm:1.865887999534607
2025-09-22 01:04:48,784 - Round number: 83 --------------------------
2025-09-22 01:04:48,785 - Evaluate global model
2025-09-22 01:04:51,617 - Averaged Train Loss: 0.0960
2025-09-22 01:04:51,618 - Test Accurancy: 0.9848
2025-09-22 01:04:51,618 - Attack Success Rate: 0.0064
2025-09-22 01:04:57,650 - DPD clipping bound C_t: 0.11518451198935509
2025-09-22 01:04:57,656 - DPD noise norm:1.9305871725082397
2025-09-22 01:04:57,670 - Round number: 84 --------------------------
2025-09-22 01:04:57,671 - Evaluate global model
2025-09-22 01:05:00,243 - Averaged Train Loss: 0.0962
2025-09-22 01:05:00,243 - Test Accurancy: 0.9848
2025-09-22 01:05:00,244 - Attack Success Rate: 0.0064
2025-09-22 01:05:05,059 - DPD clipping bound C_t: 0.11372584104537964
2025-09-22 01:05:05,062 - DPD noise norm:1.9097005128860474
2025-09-22 01:05:05,071 - Round number: 85 --------------------------
2025-09-22 01:05:05,071 - Evaluate global model
2025-09-22 01:05:07,687 - Averaged Train Loss: 0.0961
2025-09-22 01:05:07,690 - Test Accurancy: 0.9849
2025-09-22 01:05:07,690 - Attack Success Rate: 0.0058
2025-09-22 01:05:12,493 - DPD clipping bound C_t: 0.11137717962265015
2025-09-22 01:05:12,497 - DPD noise norm:1.8709343671798706
2025-09-22 01:05:12,506 - Round number: 86 --------------------------
2025-09-22 01:05:12,506 - Evaluate global model
2025-09-22 01:05:14,744 - Averaged Train Loss: 0.0966
2025-09-22 01:05:14,745 - Test Accurancy: 0.9850
2025-09-22 01:05:14,745 - Attack Success Rate: 0.0064
2025-09-22 01:05:20,078 - DPD clipping bound C_t: 0.10847431048750877
2025-09-22 01:05:20,083 - DPD noise norm:1.8187793493270874
2025-09-22 01:05:20,093 - Round number: 87 --------------------------
2025-09-22 01:05:20,093 - Evaluate global model
2025-09-22 01:05:22,072 - Averaged Train Loss: 0.0948
2025-09-22 01:05:22,073 - Test Accurancy: 0.9848
2025-09-22 01:05:22,073 - Attack Success Rate: 0.0064
2025-09-22 01:05:29,237 - DPD clipping bound C_t: 0.1090199165046215
2025-09-22 01:05:29,255 - DPD noise norm:1.8315515518188477
2025-09-22 01:05:29,274 - Round number: 88 --------------------------
2025-09-22 01:05:29,275 - Evaluate global model
2025-09-22 01:05:32,047 - Averaged Train Loss: 0.0954
2025-09-22 01:05:32,051 - Test Accurancy: 0.9850
2025-09-22 01:05:32,052 - Attack Success Rate: 0.0064
2025-09-22 01:05:37,009 - DPD clipping bound C_t: 0.10658079758286476
2025-09-22 01:05:37,012 - DPD noise norm:1.7908704280853271
2025-09-22 01:05:37,019 - Round number: 89 --------------------------
2025-09-22 01:05:37,019 - Evaluate global model
2025-09-22 01:05:38,887 - Averaged Train Loss: 0.0956
2025-09-22 01:05:38,891 - Test Accurancy: 0.9850
2025-09-22 01:05:38,892 - Attack Success Rate: 0.0064
2025-09-22 01:05:43,588 - DPD clipping bound C_t: 0.10642272606492043
2025-09-22 01:05:43,592 - DPD noise norm:1.7879685163497925
2025-09-22 01:05:43,604 - Round number: 90 --------------------------
2025-09-22 01:05:43,604 - Evaluate global model
2025-09-22 01:05:45,553 - Averaged Train Loss: 0.0947
2025-09-22 01:05:45,554 - Test Accurancy: 0.9849
2025-09-22 01:05:45,554 - Attack Success Rate: 0.0058
2025-09-22 01:05:49,914 - DPD clipping bound C_t: 0.10169520229101181
2025-09-22 01:05:49,917 - DPD noise norm:1.7098263502120972
2025-09-22 01:05:49,925 - Round number: 91 --------------------------
2025-09-22 01:05:49,925 - Evaluate global model
2025-09-22 01:05:52,063 - Averaged Train Loss: 0.0943
2025-09-22 01:05:52,064 - Test Accurancy: 0.9849
2025-09-22 01:05:52,064 - Attack Success Rate: 0.0058
2025-09-22 01:05:56,574 - DPD clipping bound C_t: 0.10150877758860588
2025-09-22 01:05:56,577 - DPD noise norm:1.7007499933242798
2025-09-22 01:05:56,585 - Round number: 92 --------------------------
2025-09-22 01:05:56,585 - Evaluate global model
2025-09-22 01:05:58,587 - Averaged Train Loss: 0.0948
2025-09-22 01:05:58,589 - Test Accurancy: 0.9849
2025-09-22 01:05:58,589 - Attack Success Rate: 0.0058
2025-09-22 01:06:04,469 - DPD clipping bound C_t: 0.10405258461833
2025-09-22 01:06:04,478 - DPD noise norm:1.7458415031433105
2025-09-22 01:06:04,490 - Round number: 93 --------------------------
2025-09-22 01:06:04,490 - Evaluate global model
2025-09-22 01:06:06,658 - Averaged Train Loss: 0.0933
2025-09-22 01:06:06,661 - Test Accurancy: 0.9849
2025-09-22 01:06:06,661 - Attack Success Rate: 0.0058
2025-09-22 01:06:12,496 - DPD clipping bound C_t: 0.10009987652301788
2025-09-22 01:06:12,507 - DPD noise norm:1.6770694255828857
2025-09-22 01:06:12,522 - Round number: 94 --------------------------
2025-09-22 01:06:12,522 - Evaluate global model
2025-09-22 01:06:15,780 - Averaged Train Loss: 0.0933
2025-09-22 01:06:15,781 - Test Accurancy: 0.9848
2025-09-22 01:06:15,781 - Attack Success Rate: 0.0058
2025-09-22 01:06:21,224 - DPD clipping bound C_t: 0.09698265790939331
2025-09-22 01:06:21,228 - DPD noise norm:1.6295796632766724
2025-09-22 01:06:21,239 - Round number: 95 --------------------------
2025-09-22 01:06:21,240 - Evaluate global model
2025-09-22 01:06:23,232 - Averaged Train Loss: 0.0949
2025-09-22 01:06:23,232 - Test Accurancy: 0.9851
2025-09-22 01:06:23,233 - Attack Success Rate: 0.0052
2025-09-22 01:06:27,865 - DPD clipping bound C_t: 0.09752154722809792
2025-09-22 01:06:27,871 - DPD noise norm:1.6377336978912354
2025-09-22 01:06:27,893 - Round number: 96 --------------------------
2025-09-22 01:06:27,893 - Evaluate global model
2025-09-22 01:06:30,156 - Averaged Train Loss: 0.0937
2025-09-22 01:06:30,157 - Test Accurancy: 0.9852
2025-09-22 01:06:30,157 - Attack Success Rate: 0.0052
2025-09-22 01:06:34,953 - DPD clipping bound C_t: 0.09547333046793938
2025-09-22 01:06:34,956 - DPD noise norm:1.6019726991653442
2025-09-22 01:06:34,966 - Round number: 97 --------------------------
2025-09-22 01:06:34,966 - Evaluate global model
2025-09-22 01:06:37,203 - Averaged Train Loss: 0.0935
2025-09-22 01:06:37,204 - Test Accurancy: 0.9852
2025-09-22 01:06:37,204 - Attack Success Rate: 0.0052
2025-09-22 01:06:42,475 - DPD clipping bound C_t: 0.09483777359127998
2025-09-22 01:06:42,483 - DPD noise norm:1.5918309688568115
2025-09-22 01:06:42,494 - Round number: 98 --------------------------
2025-09-22 01:06:42,494 - Evaluate global model
2025-09-22 01:06:44,535 - Averaged Train Loss: 0.0933
2025-09-22 01:06:44,537 - Test Accurancy: 0.9853
2025-09-22 01:06:44,537 - Attack Success Rate: 0.0052
2025-09-22 01:06:49,199 - DPD clipping bound C_t: 0.09523683041334152
2025-09-22 01:06:49,203 - DPD noise norm:1.5984236001968384
2025-09-22 01:06:49,212 - Round number: 99 --------------------------
2025-09-22 01:06:49,213 - Evaluate global model
2025-09-22 01:06:51,032 - Averaged Train Loss: 0.0927
2025-09-22 01:06:51,033 - Test Accurancy: 0.9852
2025-09-22 01:06:51,033 - Attack Success Rate: 0.0058
2025-09-22 01:06:56,102 - DPD clipping bound C_t: 0.09061022475361824
2025-09-22 01:06:56,108 - DPD noise norm:1.5190398693084717
2025-09-22 01:06:56,120 - Round number: 100 --------------------------
2025-09-22 01:06:56,120 - Evaluate global model
2025-09-22 01:06:58,259 - Averaged Train Loss: 0.0926
2025-09-22 01:06:58,259 - Test Accurancy: 0.9852
2025-09-22 01:06:58,259 - Attack Success Rate: 0.0052
2025-09-22 01:07:02,697 - DPD clipping bound C_t: 0.0893796905875206
2025-09-22 01:07:02,700 - DPD noise norm:1.5034749507904053
2025-09-22 01:07:02,701 - Run over
2025-09-22 01:07:02,702 - Saving results to ./exp/exp2/MNIST/0.022.h5
2025-09-22 01:07:02,711 - Best accuracy: 0.9853260248943703
2025-09-22 01:07:02,711 - Average time cost per round: 8.04788805246353
