2025-09-22 01:27:34,678 - *****************EXP-2*****************
2025-09-22 01:27:34,679 - Exp repeats: 1
2025-09-22 01:27:34,679 - Communication Rounds: 100
2025-09-22 01:27:34,679 - Clients: 40

2025-09-22 01:27:34,679 - Attack method: scale
2025-09-22 01:27:34,679 - Filtering rule: dpd
2025-09-22 01:27:34,680 - Dataset: MNIST
2025-09-22 01:27:34,680 - Model: cnn
2025-09-22 01:27:34,680 - Learning Rate: 0.1
2025-09-22 01:27:34,680 - Batch Size: 64
2025-09-22 01:27:34,680 - Device: cuda
2025-09-22 01:27:34,680 - Device id: 0
2025-09-22 01:27:34,680 - DPD clipping strategy: auto
2025-09-22 01:27:34,680 - DPD noise level: 0.05
2025-09-22 01:27:34,680 - Adversaries: 8
2025-09-22 01:27:34,680 - Targeted Label Flipping: 4-->6
2025-09-22 01:27:34,680 - *****************EXP-2*****************
2025-09-22 01:27:36,205 - Running time: 0th ==========================
2025-09-22 01:27:45,063 - Round number: 0 --------------------------
2025-09-22 01:27:45,064 - Evaluate global model
2025-09-22 01:27:50,048 - Averaged Train Loss: 2.3310
2025-09-22 01:27:50,056 - Test Accurancy: 0.1060
2025-09-22 01:27:50,056 - Attack Success Rate: 0.0017
2025-09-22 01:28:00,471 - DPD clipping bound C_t: 1.9905954003334045
2025-09-22 01:28:00,507 - DPD noise norm:75.80632781982422
2025-09-22 01:28:00,529 - Round number: 1 --------------------------
2025-09-22 01:28:00,529 - Evaluate global model
2025-09-22 01:28:04,815 - Averaged Train Loss: 1.4532
2025-09-22 01:28:04,816 - Test Accurancy: 0.7162
2025-09-22 01:28:04,817 - Attack Success Rate: 0.2935
2025-09-22 01:28:12,921 - DPD clipping bound C_t: 1.6611552834510803
2025-09-22 01:28:12,934 - DPD noise norm:63.36088180541992
2025-09-22 01:28:12,951 - Round number: 2 --------------------------
2025-09-22 01:28:12,951 - Evaluate global model
2025-09-22 01:28:16,582 - Averaged Train Loss: 0.7174
2025-09-22 01:28:16,588 - Test Accurancy: 0.7920
2025-09-22 01:28:16,588 - Attack Success Rate: 0.1961
2025-09-22 01:28:23,053 - DPD clipping bound C_t: 1.0713156461715698
2025-09-22 01:28:23,060 - DPD noise norm:40.916343688964844
2025-09-22 01:28:23,069 - Round number: 3 --------------------------
2025-09-22 01:28:23,069 - Evaluate global model
2025-09-22 01:28:25,395 - Averaged Train Loss: 0.4206
2025-09-22 01:28:25,395 - Test Accurancy: 0.8897
2025-09-22 01:28:25,395 - Attack Success Rate: 0.0464
2025-09-22 01:28:30,658 - DPD clipping bound C_t: 0.8148185312747955
2025-09-22 01:28:30,663 - DPD noise norm:31.110578536987305
2025-09-22 01:28:30,676 - Round number: 4 --------------------------
2025-09-22 01:28:30,676 - Evaluate global model
2025-09-22 01:28:32,738 - Averaged Train Loss: 0.3297
2025-09-22 01:28:32,739 - Test Accurancy: 0.9179
2025-09-22 01:28:32,739 - Attack Success Rate: 0.0510
2025-09-22 01:28:38,544 - DPD clipping bound C_t: 0.7306402623653412
2025-09-22 01:28:38,551 - DPD noise norm:27.875825881958008
2025-09-22 01:28:38,564 - Round number: 5 --------------------------
2025-09-22 01:28:38,564 - Evaluate global model
2025-09-22 01:28:41,060 - Averaged Train Loss: 0.2643
2025-09-22 01:28:41,062 - Test Accurancy: 0.9399
2025-09-22 01:28:41,063 - Attack Success Rate: 0.0412
2025-09-22 01:28:48,471 - DPD clipping bound C_t: 0.632249265909195
2025-09-22 01:28:48,484 - DPD noise norm:24.120546340942383
2025-09-22 01:28:48,500 - Round number: 6 --------------------------
2025-09-22 01:28:48,500 - Evaluate global model
2025-09-22 01:28:53,129 - Averaged Train Loss: 0.2328
2025-09-22 01:28:53,140 - Test Accurancy: 0.9448
2025-09-22 01:28:53,140 - Attack Success Rate: 0.0563
2025-09-22 01:29:01,087 - DPD clipping bound C_t: 0.5803152620792389
2025-09-22 01:29:01,091 - DPD noise norm:22.084392547607422
2025-09-22 01:29:01,099 - Round number: 7 --------------------------
2025-09-22 01:29:01,099 - Evaluate global model
2025-09-22 01:29:03,071 - Averaged Train Loss: 0.2084
2025-09-22 01:29:03,079 - Test Accurancy: 0.9542
2025-09-22 01:29:03,079 - Attack Success Rate: 0.0400
2025-09-22 01:29:09,007 - DPD clipping bound C_t: 0.5321867763996124
2025-09-22 01:29:09,010 - DPD noise norm:20.2808837890625
2025-09-22 01:29:09,019 - Round number: 8 --------------------------
2025-09-22 01:29:09,019 - Evaluate global model
2025-09-22 01:29:10,848 - Averaged Train Loss: 0.2062
2025-09-22 01:29:10,849 - Test Accurancy: 0.9571
2025-09-22 01:29:10,849 - Attack Success Rate: 0.0215
2025-09-22 01:29:16,741 - DPD clipping bound C_t: 0.499676838517189
2025-09-22 01:29:16,747 - DPD noise norm:19.014394760131836
2025-09-22 01:29:16,757 - Round number: 9 --------------------------
2025-09-22 01:29:16,757 - Evaluate global model
2025-09-22 01:29:19,047 - Averaged Train Loss: 0.1878
2025-09-22 01:29:19,048 - Test Accurancy: 0.9587
2025-09-22 01:29:19,048 - Attack Success Rate: 0.0348
2025-09-22 01:29:27,188 - DPD clipping bound C_t: 0.4814654588699341
2025-09-22 01:29:27,203 - DPD noise norm:18.36996841430664
2025-09-22 01:29:27,218 - Round number: 10 --------------------------
2025-09-22 01:29:27,218 - Evaluate global model
2025-09-22 01:29:32,287 - Averaged Train Loss: 0.1732
2025-09-22 01:29:32,297 - Test Accurancy: 0.9617
2025-09-22 01:29:32,297 - Attack Success Rate: 0.0360
2025-09-22 01:29:41,259 - DPD clipping bound C_t: 0.442297026515007
2025-09-22 01:29:41,273 - DPD noise norm:16.865503311157227
2025-09-22 01:29:41,288 - Round number: 11 --------------------------
2025-09-22 01:29:41,289 - Evaluate global model
2025-09-22 01:29:45,984 - Averaged Train Loss: 0.1680
2025-09-22 01:29:45,989 - Test Accurancy: 0.9655
2025-09-22 01:29:45,989 - Attack Success Rate: 0.0203
2025-09-22 01:29:55,626 - DPD clipping bound C_t: 0.4397321343421936
2025-09-22 01:29:55,652 - DPD noise norm:16.80171012878418
2025-09-22 01:29:55,676 - Round number: 12 --------------------------
2025-09-22 01:29:55,677 - Evaluate global model
2025-09-22 01:30:00,533 - Averaged Train Loss: 0.1589
2025-09-22 01:30:00,533 - Test Accurancy: 0.9675
2025-09-22 01:30:00,534 - Attack Success Rate: 0.0238
2025-09-22 01:30:05,556 - DPD clipping bound C_t: 0.41523294150829315
2025-09-22 01:30:05,561 - DPD noise norm:15.815698623657227
2025-09-22 01:30:05,574 - Round number: 13 --------------------------
2025-09-22 01:30:05,574 - Evaluate global model
2025-09-22 01:30:09,458 - Averaged Train Loss: 0.1573
2025-09-22 01:30:09,459 - Test Accurancy: 0.9689
2025-09-22 01:30:09,459 - Attack Success Rate: 0.0174
2025-09-22 01:30:15,398 - DPD clipping bound C_t: 0.40118539333343506
2025-09-22 01:30:15,406 - DPD noise norm:15.288176536560059
2025-09-22 01:30:15,422 - Round number: 14 --------------------------
2025-09-22 01:30:15,422 - Evaluate global model
2025-09-22 01:30:20,581 - Averaged Train Loss: 0.1570
2025-09-22 01:30:20,582 - Test Accurancy: 0.9700
2025-09-22 01:30:20,582 - Attack Success Rate: 0.0168
2025-09-22 01:30:28,825 - DPD clipping bound C_t: 0.3899531662464142
2025-09-22 01:30:28,843 - DPD noise norm:14.862874984741211
2025-09-22 01:30:28,865 - Round number: 15 --------------------------
2025-09-22 01:30:28,866 - Evaluate global model
2025-09-22 01:30:32,933 - Averaged Train Loss: 0.1518
2025-09-22 01:30:32,934 - Test Accurancy: 0.9709
2025-09-22 01:30:32,934 - Attack Success Rate: 0.0174
2025-09-22 01:30:41,701 - DPD clipping bound C_t: 0.38304106891155243
2025-09-22 01:30:41,712 - DPD noise norm:14.626321792602539
2025-09-22 01:30:41,728 - Round number: 16 --------------------------
2025-09-22 01:30:41,728 - Evaluate global model
2025-09-22 01:30:45,733 - Averaged Train Loss: 0.1457
2025-09-22 01:30:45,740 - Test Accurancy: 0.9709
2025-09-22 01:30:45,740 - Attack Success Rate: 0.0186
2025-09-22 01:30:54,635 - DPD clipping bound C_t: 0.37070755660533905
2025-09-22 01:30:54,651 - DPD noise norm:14.13156509399414
2025-09-22 01:30:54,667 - Round number: 17 --------------------------
2025-09-22 01:30:54,667 - Evaluate global model
2025-09-22 01:30:59,047 - Averaged Train Loss: 0.1396
2025-09-22 01:30:59,048 - Test Accurancy: 0.9729
2025-09-22 01:30:59,048 - Attack Success Rate: 0.0197
2025-09-22 01:31:07,115 - DPD clipping bound C_t: 0.3603092432022095
2025-09-22 01:31:07,125 - DPD noise norm:13.73149585723877
2025-09-22 01:31:07,135 - Round number: 18 --------------------------
2025-09-22 01:31:07,135 - Evaluate global model
2025-09-22 01:31:09,714 - Averaged Train Loss: 0.1365
2025-09-22 01:31:09,715 - Test Accurancy: 0.9740
2025-09-22 01:31:09,715 - Attack Success Rate: 0.0197
2025-09-22 01:31:17,405 - DPD clipping bound C_t: 0.3405061662197113
2025-09-22 01:31:17,414 - DPD noise norm:13.02140998840332
2025-09-22 01:31:17,427 - Round number: 19 --------------------------
2025-09-22 01:31:17,427 - Evaluate global model
2025-09-22 01:31:19,903 - Averaged Train Loss: 0.1347
2025-09-22 01:31:19,906 - Test Accurancy: 0.9749
2025-09-22 01:31:19,906 - Attack Success Rate: 0.0180
2025-09-22 01:31:26,567 - DPD clipping bound C_t: 0.34058479964733124
2025-09-22 01:31:26,576 - DPD noise norm:13.006669998168945
2025-09-22 01:31:26,589 - Round number: 20 --------------------------
2025-09-22 01:31:26,589 - Evaluate global model
2025-09-22 01:31:28,618 - Averaged Train Loss: 0.1336
2025-09-22 01:31:28,618 - Test Accurancy: 0.9749
2025-09-22 01:31:28,618 - Attack Success Rate: 0.0180
2025-09-22 01:31:34,190 - DPD clipping bound C_t: 0.3328714370727539
2025-09-22 01:31:34,197 - DPD noise norm:12.67402172088623
2025-09-22 01:31:34,208 - Round number: 21 --------------------------
2025-09-22 01:31:34,208 - Evaluate global model
2025-09-22 01:31:36,207 - Averaged Train Loss: 0.1301
2025-09-22 01:31:36,208 - Test Accurancy: 0.9753
2025-09-22 01:31:36,208 - Attack Success Rate: 0.0209
2025-09-22 01:31:41,917 - DPD clipping bound C_t: 0.32481932640075684
2025-09-22 01:31:41,924 - DPD noise norm:12.394932746887207
2025-09-22 01:31:41,936 - Round number: 22 --------------------------
2025-09-22 01:31:41,936 - Evaluate global model
2025-09-22 01:31:44,486 - Averaged Train Loss: 0.1336
2025-09-22 01:31:44,486 - Test Accurancy: 0.9758
2025-09-22 01:31:44,486 - Attack Success Rate: 0.0145
2025-09-22 01:31:50,765 - DPD clipping bound C_t: 0.3175896406173706
2025-09-22 01:31:50,782 - DPD noise norm:12.098302841186523
2025-09-22 01:31:50,795 - Round number: 23 --------------------------
2025-09-22 01:31:50,796 - Evaluate global model
2025-09-22 01:31:52,897 - Averaged Train Loss: 0.1271
2025-09-22 01:31:52,898 - Test Accurancy: 0.9768
2025-09-22 01:31:52,898 - Attack Success Rate: 0.0157
2025-09-22 01:31:58,518 - DPD clipping bound C_t: 0.3051653355360031
2025-09-22 01:31:58,533 - DPD noise norm:11.629684448242188
2025-09-22 01:31:58,549 - Round number: 24 --------------------------
2025-09-22 01:31:58,549 - Evaluate global model
2025-09-22 01:32:00,677 - Averaged Train Loss: 0.1238
2025-09-22 01:32:00,678 - Test Accurancy: 0.9772
2025-09-22 01:32:00,678 - Attack Success Rate: 0.0162
2025-09-22 01:32:05,298 - DPD clipping bound C_t: 0.30242905020713806
2025-09-22 01:32:05,307 - DPD noise norm:11.547407150268555
2025-09-22 01:32:05,319 - Round number: 25 --------------------------
2025-09-22 01:32:05,319 - Evaluate global model
2025-09-22 01:32:07,375 - Averaged Train Loss: 0.1235
2025-09-22 01:32:07,376 - Test Accurancy: 0.9772
2025-09-22 01:32:07,376 - Attack Success Rate: 0.0162
2025-09-22 01:32:11,545 - DPD clipping bound C_t: 0.2909326106309891
2025-09-22 01:32:11,551 - DPD noise norm:11.094595909118652
2025-09-22 01:32:11,560 - Round number: 26 --------------------------
2025-09-22 01:32:11,560 - Evaluate global model
2025-09-22 01:32:13,464 - Averaged Train Loss: 0.1201
2025-09-22 01:32:13,467 - Test Accurancy: 0.9770
2025-09-22 01:32:13,467 - Attack Success Rate: 0.0180
2025-09-22 01:32:18,501 - DPD clipping bound C_t: 0.2866622656583786
2025-09-22 01:32:18,510 - DPD noise norm:10.939258575439453
2025-09-22 01:32:18,520 - Round number: 27 --------------------------
2025-09-22 01:32:18,521 - Evaluate global model
2025-09-22 01:32:20,514 - Averaged Train Loss: 0.1216
2025-09-22 01:32:20,515 - Test Accurancy: 0.9779
2025-09-22 01:32:20,515 - Attack Success Rate: 0.0145
2025-09-22 01:32:28,420 - DPD clipping bound C_t: 0.27269406616687775
2025-09-22 01:32:28,431 - DPD noise norm:10.402983665466309
2025-09-22 01:32:28,447 - Round number: 28 --------------------------
2025-09-22 01:32:28,447 - Evaluate global model
2025-09-22 01:32:33,687 - Averaged Train Loss: 0.1231
2025-09-22 01:32:33,707 - Test Accurancy: 0.9780
2025-09-22 01:32:33,707 - Attack Success Rate: 0.0133
2025-09-22 01:32:43,046 - DPD clipping bound C_t: 0.27495066821575165
2025-09-22 01:32:43,058 - DPD noise norm:10.486793518066406
2025-09-22 01:32:43,072 - Round number: 29 --------------------------
2025-09-22 01:32:43,072 - Evaluate global model
2025-09-22 01:32:48,453 - Averaged Train Loss: 0.1184
2025-09-22 01:32:48,463 - Test Accurancy: 0.9791
2025-09-22 01:32:48,464 - Attack Success Rate: 0.0145
2025-09-22 01:32:56,719 - DPD clipping bound C_t: 0.2727709263563156
2025-09-22 01:32:56,725 - DPD noise norm:10.424488067626953
2025-09-22 01:32:56,736 - Round number: 30 --------------------------
2025-09-22 01:32:56,736 - Evaluate global model
2025-09-22 01:33:00,336 - Averaged Train Loss: 0.1160
2025-09-22 01:33:00,347 - Test Accurancy: 0.9790
2025-09-22 01:33:00,347 - Attack Success Rate: 0.0151
2025-09-22 01:33:09,072 - DPD clipping bound C_t: 0.2662867605686188
2025-09-22 01:33:09,088 - DPD noise norm:10.155282974243164
2025-09-22 01:33:09,104 - Round number: 31 --------------------------
2025-09-22 01:33:09,104 - Evaluate global model
2025-09-22 01:33:14,267 - Averaged Train Loss: 0.1159
2025-09-22 01:33:14,267 - Test Accurancy: 0.9794
2025-09-22 01:33:14,267 - Attack Success Rate: 0.0151
2025-09-22 01:33:20,492 - DPD clipping bound C_t: 0.26314979791641235
2025-09-22 01:33:20,504 - DPD noise norm:10.03232192993164
2025-09-22 01:33:20,521 - Round number: 32 --------------------------
2025-09-22 01:33:20,521 - Evaluate global model
2025-09-22 01:33:22,888 - Averaged Train Loss: 0.1159
2025-09-22 01:33:22,888 - Test Accurancy: 0.9796
2025-09-22 01:33:22,889 - Attack Success Rate: 0.0139
2025-09-22 01:33:28,761 - DPD clipping bound C_t: 0.25447410345077515
2025-09-22 01:33:28,767 - DPD noise norm:9.705254554748535
2025-09-22 01:33:28,781 - Round number: 33 --------------------------
2025-09-22 01:33:28,781 - Evaluate global model
2025-09-22 01:33:31,025 - Averaged Train Loss: 0.1164
2025-09-22 01:33:31,025 - Test Accurancy: 0.9801
2025-09-22 01:33:31,025 - Attack Success Rate: 0.0133
2025-09-22 01:33:35,703 - DPD clipping bound C_t: 0.24647734314203262
2025-09-22 01:33:35,708 - DPD noise norm:9.394988059997559
2025-09-22 01:33:35,720 - Round number: 34 --------------------------
2025-09-22 01:33:35,721 - Evaluate global model
2025-09-22 01:33:39,132 - Averaged Train Loss: 0.1148
2025-09-22 01:33:39,133 - Test Accurancy: 0.9799
2025-09-22 01:33:39,133 - Attack Success Rate: 0.0139
2025-09-22 01:33:44,238 - DPD clipping bound C_t: 0.23910940438508987
2025-09-22 01:33:44,243 - DPD noise norm:9.128936767578125
2025-09-22 01:33:44,253 - Round number: 35 --------------------------
2025-09-22 01:33:44,253 - Evaluate global model
2025-09-22 01:33:47,120 - Averaged Train Loss: 0.1130
2025-09-22 01:33:47,128 - Test Accurancy: 0.9804
2025-09-22 01:33:47,128 - Attack Success Rate: 0.0139
2025-09-22 01:33:55,256 - DPD clipping bound C_t: 0.23733127862215042
2025-09-22 01:33:55,279 - DPD noise norm:9.045243263244629
2025-09-22 01:33:55,306 - Round number: 36 --------------------------
2025-09-22 01:33:55,306 - Evaluate global model
2025-09-22 01:34:01,807 - Averaged Train Loss: 0.1107
2025-09-22 01:34:01,812 - Test Accurancy: 0.9810
2025-09-22 01:34:01,812 - Attack Success Rate: 0.0151
2025-09-22 01:34:09,928 - DPD clipping bound C_t: 0.22964634001255035
2025-09-22 01:34:09,942 - DPD noise norm:8.761162757873535
2025-09-22 01:34:09,960 - Round number: 37 --------------------------
2025-09-22 01:34:09,961 - Evaluate global model
2025-09-22 01:34:15,385 - Averaged Train Loss: 0.1119
2025-09-22 01:34:15,393 - Test Accurancy: 0.9805
2025-09-22 01:34:15,393 - Attack Success Rate: 0.0139
2025-09-22 01:34:22,298 - DPD clipping bound C_t: 0.2277064323425293
2025-09-22 01:34:22,303 - DPD noise norm:8.683185577392578
2025-09-22 01:34:22,311 - Round number: 38 --------------------------
2025-09-22 01:34:22,311 - Evaluate global model
2025-09-22 01:34:25,018 - Averaged Train Loss: 0.1132
2025-09-22 01:34:25,020 - Test Accurancy: 0.9809
2025-09-22 01:34:25,020 - Attack Success Rate: 0.0133
2025-09-22 01:34:29,714 - DPD clipping bound C_t: 0.22671476006507874
2025-09-22 01:34:29,724 - DPD noise norm:8.653983116149902
2025-09-22 01:34:29,740 - Round number: 39 --------------------------
2025-09-22 01:34:29,740 - Evaluate global model
2025-09-22 01:34:32,891 - Averaged Train Loss: 0.1083
2025-09-22 01:34:32,892 - Test Accurancy: 0.9812
2025-09-22 01:34:32,892 - Attack Success Rate: 0.0139
2025-09-22 01:34:38,221 - DPD clipping bound C_t: 0.22022554278373718
2025-09-22 01:34:38,228 - DPD noise norm:8.409844398498535
2025-09-22 01:34:38,243 - Round number: 40 --------------------------
2025-09-22 01:34:38,243 - Evaluate global model
2025-09-22 01:34:43,102 - Averaged Train Loss: 0.1106
2025-09-22 01:34:43,110 - Test Accurancy: 0.9816
2025-09-22 01:34:43,110 - Attack Success Rate: 0.0116
2025-09-22 01:34:49,339 - DPD clipping bound C_t: 0.22092165797948837
2025-09-22 01:34:49,346 - DPD noise norm:8.419994354248047
2025-09-22 01:34:49,360 - Round number: 41 --------------------------
2025-09-22 01:34:49,360 - Evaluate global model
2025-09-22 01:34:54,106 - Averaged Train Loss: 0.1114
2025-09-22 01:34:54,116 - Test Accurancy: 0.9821
2025-09-22 01:34:54,116 - Attack Success Rate: 0.0116
2025-09-22 01:35:00,756 - DPD clipping bound C_t: 0.21481391787528992
2025-09-22 01:35:00,761 - DPD noise norm:8.188477516174316
2025-09-22 01:35:00,786 - Round number: 42 --------------------------
2025-09-22 01:35:00,786 - Evaluate global model
2025-09-22 01:35:06,697 - Averaged Train Loss: 0.1094
2025-09-22 01:35:06,699 - Test Accurancy: 0.9822
2025-09-22 01:35:06,699 - Attack Success Rate: 0.0122
2025-09-22 01:35:15,351 - DPD clipping bound C_t: 0.21404654532670975
2025-09-22 01:35:15,356 - DPD noise norm:8.147332191467285
2025-09-22 01:35:15,370 - Round number: 43 --------------------------
2025-09-22 01:35:15,370 - Evaluate global model
2025-09-22 01:35:17,802 - Averaged Train Loss: 0.1084
2025-09-22 01:35:17,802 - Test Accurancy: 0.9820
2025-09-22 01:35:17,803 - Attack Success Rate: 0.0116
2025-09-22 01:35:26,391 - DPD clipping bound C_t: 0.2072736695408821
2025-09-22 01:35:26,395 - DPD noise norm:7.9141693115234375
2025-09-22 01:35:26,413 - Round number: 44 --------------------------
2025-09-22 01:35:26,413 - Evaluate global model
2025-09-22 01:35:29,413 - Averaged Train Loss: 0.1099
2025-09-22 01:35:29,421 - Test Accurancy: 0.9824
2025-09-22 01:35:29,422 - Attack Success Rate: 0.0116
2025-09-22 01:35:36,759 - DPD clipping bound C_t: 0.20477577298879623
2025-09-22 01:35:36,771 - DPD noise norm:7.811790466308594
2025-09-22 01:35:36,787 - Round number: 45 --------------------------
2025-09-22 01:35:36,788 - Evaluate global model
2025-09-22 01:35:41,562 - Averaged Train Loss: 0.1063
2025-09-22 01:35:41,574 - Test Accurancy: 0.9823
2025-09-22 01:35:41,574 - Attack Success Rate: 0.0133
2025-09-22 01:35:50,522 - DPD clipping bound C_t: 0.20275675505399704
2025-09-22 01:35:50,539 - DPD noise norm:7.727928161621094
2025-09-22 01:35:50,560 - Round number: 46 --------------------------
2025-09-22 01:35:50,560 - Evaluate global model
2025-09-22 01:35:55,383 - Averaged Train Loss: 0.1082
2025-09-22 01:35:55,386 - Test Accurancy: 0.9826
2025-09-22 01:35:55,386 - Attack Success Rate: 0.0110
2025-09-22 01:36:04,201 - DPD clipping bound C_t: 0.19628874212503433
2025-09-22 01:36:04,212 - DPD noise norm:7.4925713539123535
2025-09-22 01:36:04,230 - Round number: 47 --------------------------
2025-09-22 01:36:04,230 - Evaluate global model
2025-09-22 01:36:10,377 - Averaged Train Loss: 0.1048
2025-09-22 01:36:10,381 - Test Accurancy: 0.9825
2025-09-22 01:36:10,381 - Attack Success Rate: 0.0151
2025-09-22 01:36:18,625 - DPD clipping bound C_t: 0.19434010237455368
2025-09-22 01:36:18,639 - DPD noise norm:7.409623622894287
2025-09-22 01:36:18,659 - Round number: 48 --------------------------
2025-09-22 01:36:18,660 - Evaluate global model
2025-09-22 01:36:24,343 - Averaged Train Loss: 0.1072
2025-09-22 01:36:24,352 - Test Accurancy: 0.9828
2025-09-22 01:36:24,352 - Attack Success Rate: 0.0116
2025-09-22 01:36:32,463 - DPD clipping bound C_t: 0.19118855148553848
2025-09-22 01:36:32,468 - DPD noise norm:7.2894768714904785
2025-09-22 01:36:32,479 - Round number: 49 --------------------------
2025-09-22 01:36:32,480 - Evaluate global model
2025-09-22 01:36:34,599 - Averaged Train Loss: 0.1058
2025-09-22 01:36:34,600 - Test Accurancy: 0.9825
2025-09-22 01:36:34,600 - Attack Success Rate: 0.0122
2025-09-22 01:36:39,838 - DPD clipping bound C_t: 0.19339372217655182
2025-09-22 01:36:39,842 - DPD noise norm:7.382568836212158
2025-09-22 01:36:39,855 - Round number: 50 --------------------------
2025-09-22 01:36:39,855 - Evaluate global model
2025-09-22 01:36:42,191 - Averaged Train Loss: 0.1053
2025-09-22 01:36:42,191 - Test Accurancy: 0.9830
2025-09-22 01:36:42,191 - Attack Success Rate: 0.0122
2025-09-22 01:36:47,858 - DPD clipping bound C_t: 0.18642248213291168
2025-09-22 01:36:47,870 - DPD noise norm:7.113467216491699
2025-09-22 01:36:47,903 - Round number: 51 --------------------------
2025-09-22 01:36:47,904 - Evaluate global model
2025-09-22 01:36:52,037 - Averaged Train Loss: 0.1037
2025-09-22 01:36:52,040 - Test Accurancy: 0.9829
2025-09-22 01:36:52,040 - Attack Success Rate: 0.0139
2025-09-22 01:36:57,725 - DPD clipping bound C_t: 0.17769870907068253
2025-09-22 01:36:57,733 - DPD noise norm:6.783804416656494
2025-09-22 01:36:57,753 - Round number: 52 --------------------------
2025-09-22 01:36:57,754 - Evaluate global model
2025-09-22 01:37:02,501 - Averaged Train Loss: 0.1043
2025-09-22 01:37:02,506 - Test Accurancy: 0.9829
2025-09-22 01:37:02,506 - Attack Success Rate: 0.0133
2025-09-22 01:37:08,042 - DPD clipping bound C_t: 0.17800959199666977
2025-09-22 01:37:08,051 - DPD noise norm:6.794253826141357
2025-09-22 01:37:08,065 - Round number: 53 --------------------------
2025-09-22 01:37:08,065 - Evaluate global model
2025-09-22 01:37:11,485 - Averaged Train Loss: 0.1037
2025-09-22 01:37:11,485 - Test Accurancy: 0.9833
2025-09-22 01:37:11,485 - Attack Success Rate: 0.0128
2025-09-22 01:37:16,590 - DPD clipping bound C_t: 0.17232366651296616
2025-09-22 01:37:16,595 - DPD noise norm:6.571605205535889
2025-09-22 01:37:16,606 - Round number: 54 --------------------------
2025-09-22 01:37:16,606 - Evaluate global model
2025-09-22 01:37:20,275 - Averaged Train Loss: 0.1028
2025-09-22 01:37:20,277 - Test Accurancy: 0.9831
2025-09-22 01:37:20,277 - Attack Success Rate: 0.0122
2025-09-22 01:37:27,119 - DPD clipping bound C_t: 0.1734745353460312
2025-09-22 01:37:27,127 - DPD noise norm:6.610779762268066
2025-09-22 01:37:27,143 - Round number: 55 --------------------------
2025-09-22 01:37:27,144 - Evaluate global model
2025-09-22 01:37:31,656 - Averaged Train Loss: 0.1040
2025-09-22 01:37:31,657 - Test Accurancy: 0.9836
2025-09-22 01:37:31,657 - Attack Success Rate: 0.0116
2025-09-22 01:37:37,800 - DPD clipping bound C_t: 0.1719564124941826
2025-09-22 01:37:37,804 - DPD noise norm:6.5603485107421875
2025-09-22 01:37:37,813 - Round number: 56 --------------------------
2025-09-22 01:37:37,813 - Evaluate global model
2025-09-22 01:37:41,273 - Averaged Train Loss: 0.1030
2025-09-22 01:37:41,275 - Test Accurancy: 0.9837
2025-09-22 01:37:41,275 - Attack Success Rate: 0.0110
2025-09-22 01:37:47,656 - DPD clipping bound C_t: 0.1706424504518509
2025-09-22 01:37:47,663 - DPD noise norm:6.510784149169922
2025-09-22 01:37:47,678 - Round number: 57 --------------------------
2025-09-22 01:37:47,679 - Evaluate global model
2025-09-22 01:37:51,934 - Averaged Train Loss: 0.1030
2025-09-22 01:37:51,935 - Test Accurancy: 0.9838
2025-09-22 01:37:51,935 - Attack Success Rate: 0.0104
2025-09-22 01:37:58,016 - DPD clipping bound C_t: 0.16870582103729248
2025-09-22 01:37:58,028 - DPD noise norm:6.441903591156006
2025-09-22 01:37:58,040 - Round number: 58 --------------------------
2025-09-22 01:37:58,040 - Evaluate global model
2025-09-22 01:38:03,315 - Averaged Train Loss: 0.1009
2025-09-22 01:38:03,316 - Test Accurancy: 0.9836
2025-09-22 01:38:03,316 - Attack Success Rate: 0.0128
2025-09-22 01:38:10,928 - DPD clipping bound C_t: 0.16238874942064285
2025-09-22 01:38:10,941 - DPD noise norm:6.189963340759277
2025-09-22 01:38:10,954 - Round number: 59 --------------------------
2025-09-22 01:38:10,954 - Evaluate global model
2025-09-22 01:38:14,726 - Averaged Train Loss: 0.1035
2025-09-22 01:38:14,737 - Test Accurancy: 0.9839
2025-09-22 01:38:14,737 - Attack Success Rate: 0.0093
2025-09-22 01:38:22,486 - DPD clipping bound C_t: 0.16080036014318466
2025-09-22 01:38:22,498 - DPD noise norm:6.1303253173828125
2025-09-22 01:38:22,515 - Round number: 60 --------------------------
2025-09-22 01:38:22,516 - Evaluate global model
2025-09-22 01:38:27,741 - Averaged Train Loss: 0.1016
2025-09-22 01:38:27,745 - Test Accurancy: 0.9836
2025-09-22 01:38:27,745 - Attack Success Rate: 0.0110
2025-09-22 01:38:35,432 - DPD clipping bound C_t: 0.159375362098217
2025-09-22 01:38:35,445 - DPD noise norm:6.080047607421875
2025-09-22 01:38:35,459 - Round number: 61 --------------------------
2025-09-22 01:38:35,459 - Evaluate global model
2025-09-22 01:38:40,094 - Averaged Train Loss: 0.1026
2025-09-22 01:38:40,102 - Test Accurancy: 0.9837
2025-09-22 01:38:40,102 - Attack Success Rate: 0.0093
2025-09-22 01:38:49,660 - DPD clipping bound C_t: 0.15956390649080276
2025-09-22 01:38:49,676 - DPD noise norm:6.0922017097473145
2025-09-22 01:38:49,695 - Round number: 62 --------------------------
2025-09-22 01:38:49,695 - Evaluate global model
2025-09-22 01:38:56,136 - Averaged Train Loss: 0.1019
2025-09-22 01:38:56,140 - Test Accurancy: 0.9840
2025-09-22 01:38:56,140 - Attack Success Rate: 0.0093
2025-09-22 01:39:04,913 - DPD clipping bound C_t: 0.15162160247564316
2025-09-22 01:39:04,916 - DPD noise norm:5.7852702140808105
2025-09-22 01:39:04,926 - Round number: 63 --------------------------
2025-09-22 01:39:04,926 - Evaluate global model
2025-09-22 01:39:07,143 - Averaged Train Loss: 0.1028
2025-09-22 01:39:07,143 - Test Accurancy: 0.9841
2025-09-22 01:39:07,143 - Attack Success Rate: 0.0087
2025-09-22 01:39:14,036 - DPD clipping bound C_t: 0.1524735689163208
2025-09-22 01:39:14,042 - DPD noise norm:5.822436809539795
2025-09-22 01:39:14,058 - Round number: 64 --------------------------
2025-09-22 01:39:14,058 - Evaluate global model
2025-09-22 01:39:16,164 - Averaged Train Loss: 0.1022
2025-09-22 01:39:16,166 - Test Accurancy: 0.9842
2025-09-22 01:39:16,166 - Attack Success Rate: 0.0087
2025-09-22 01:39:23,453 - DPD clipping bound C_t: 0.14955037832260132
2025-09-22 01:39:23,461 - DPD noise norm:5.709411144256592
2025-09-22 01:39:23,472 - Round number: 65 --------------------------
2025-09-22 01:39:23,472 - Evaluate global model
2025-09-22 01:39:26,315 - Averaged Train Loss: 0.1021
2025-09-22 01:39:26,323 - Test Accurancy: 0.9840
2025-09-22 01:39:26,323 - Attack Success Rate: 0.0093
2025-09-22 01:39:34,732 - DPD clipping bound C_t: 0.14806096255779266
2025-09-22 01:39:34,739 - DPD noise norm:5.654931545257568
2025-09-22 01:39:34,750 - Round number: 66 --------------------------
2025-09-22 01:39:34,750 - Evaluate global model
2025-09-22 01:39:38,552 - Averaged Train Loss: 0.0993
2025-09-22 01:39:38,556 - Test Accurancy: 0.9843
2025-09-22 01:39:38,557 - Attack Success Rate: 0.0104
2025-09-22 01:39:45,320 - DPD clipping bound C_t: 0.14564615488052368
2025-09-22 01:39:45,328 - DPD noise norm:5.561982154846191
2025-09-22 01:39:45,339 - Round number: 67 --------------------------
2025-09-22 01:39:45,339 - Evaluate global model
2025-09-22 01:39:49,179 - Averaged Train Loss: 0.1006
2025-09-22 01:39:49,190 - Test Accurancy: 0.9844
2025-09-22 01:39:49,190 - Attack Success Rate: 0.0099
2025-09-22 01:39:58,184 - DPD clipping bound C_t: 0.1455218717455864
2025-09-22 01:39:58,201 - DPD noise norm:5.547140598297119
2025-09-22 01:39:58,219 - Round number: 68 --------------------------
2025-09-22 01:39:58,219 - Evaluate global model
2025-09-22 01:40:01,193 - Averaged Train Loss: 0.1002
2025-09-22 01:40:01,194 - Test Accurancy: 0.9844
2025-09-22 01:40:01,194 - Attack Success Rate: 0.0104
2025-09-22 01:40:06,138 - DPD clipping bound C_t: 0.1392354965209961
2025-09-22 01:40:06,141 - DPD noise norm:5.3146843910217285
2025-09-22 01:40:06,150 - Round number: 69 --------------------------
2025-09-22 01:40:06,150 - Evaluate global model
2025-09-22 01:40:08,357 - Averaged Train Loss: 0.1015
2025-09-22 01:40:08,359 - Test Accurancy: 0.9846
2025-09-22 01:40:08,359 - Attack Success Rate: 0.0087
2025-09-22 01:40:13,171 - DPD clipping bound C_t: 0.1375490128993988
2025-09-22 01:40:13,174 - DPD noise norm:5.249471664428711
2025-09-22 01:40:13,183 - Round number: 70 --------------------------
2025-09-22 01:40:13,184 - Evaluate global model
2025-09-22 01:40:16,117 - Averaged Train Loss: 0.1024
2025-09-22 01:40:16,120 - Test Accurancy: 0.9844
2025-09-22 01:40:16,120 - Attack Success Rate: 0.0081
2025-09-22 01:40:21,782 - DPD clipping bound C_t: 0.13607678562402725
2025-09-22 01:40:21,787 - DPD noise norm:5.186953544616699
2025-09-22 01:40:21,797 - Round number: 71 --------------------------
2025-09-22 01:40:21,797 - Evaluate global model
2025-09-22 01:40:25,975 - Averaged Train Loss: 0.0995
2025-09-22 01:40:25,976 - Test Accurancy: 0.9841
2025-09-22 01:40:25,976 - Attack Success Rate: 0.0104
2025-09-22 01:40:31,912 - DPD clipping bound C_t: 0.13448583334684372
2025-09-22 01:40:31,915 - DPD noise norm:5.133080005645752
2025-09-22 01:40:31,923 - Round number: 72 --------------------------
2025-09-22 01:40:31,923 - Evaluate global model
2025-09-22 01:40:33,935 - Averaged Train Loss: 0.0997
2025-09-22 01:40:33,935 - Test Accurancy: 0.9839
2025-09-22 01:40:33,935 - Attack Success Rate: 0.0087
2025-09-22 01:40:38,213 - DPD clipping bound C_t: 0.1342967450618744
2025-09-22 01:40:38,218 - DPD noise norm:5.125132083892822
2025-09-22 01:40:38,228 - Round number: 73 --------------------------
2025-09-22 01:40:38,229 - Evaluate global model
2025-09-22 01:40:40,321 - Averaged Train Loss: 0.0982
2025-09-22 01:40:40,322 - Test Accurancy: 0.9841
2025-09-22 01:40:40,322 - Attack Success Rate: 0.0099
2025-09-22 01:40:45,070 - DPD clipping bound C_t: 0.13327687978744507
2025-09-22 01:40:45,075 - DPD noise norm:5.0902814865112305
2025-09-22 01:40:45,089 - Round number: 74 --------------------------
2025-09-22 01:40:45,089 - Evaluate global model
2025-09-22 01:40:47,243 - Averaged Train Loss: 0.0981
2025-09-22 01:40:47,246 - Test Accurancy: 0.9842
2025-09-22 01:40:47,246 - Attack Success Rate: 0.0099
2025-09-22 01:40:56,231 - DPD clipping bound C_t: 0.12669144943356514
2025-09-22 01:40:56,244 - DPD noise norm:4.836222171783447
2025-09-22 01:40:56,265 - Round number: 75 --------------------------
2025-09-22 01:40:56,266 - Evaluate global model
2025-09-22 01:41:01,209 - Averaged Train Loss: 0.0974
2025-09-22 01:41:01,210 - Test Accurancy: 0.9839
2025-09-22 01:41:01,210 - Attack Success Rate: 0.0093
2025-09-22 01:41:09,090 - DPD clipping bound C_t: 0.12598619610071182
2025-09-22 01:41:09,100 - DPD noise norm:4.813704490661621
2025-09-22 01:41:09,118 - Round number: 76 --------------------------
2025-09-22 01:41:09,118 - Evaluate global model
2025-09-22 01:41:12,277 - Averaged Train Loss: 0.0966
2025-09-22 01:41:12,278 - Test Accurancy: 0.9842
2025-09-22 01:41:12,278 - Attack Success Rate: 0.0087
2025-09-22 01:41:20,778 - DPD clipping bound C_t: 0.13235722482204437
2025-09-22 01:41:20,802 - DPD noise norm:5.049346446990967
2025-09-22 01:41:20,822 - Round number: 77 --------------------------
2025-09-22 01:41:20,822 - Evaluate global model
2025-09-22 01:41:27,171 - Averaged Train Loss: 0.0999
2025-09-22 01:41:27,181 - Test Accurancy: 0.9842
2025-09-22 01:41:27,182 - Attack Success Rate: 0.0081
2025-09-22 01:41:36,266 - DPD clipping bound C_t: 0.12420529127120972
2025-09-22 01:41:36,271 - DPD noise norm:4.744015693664551
2025-09-22 01:41:36,284 - Round number: 78 --------------------------
2025-09-22 01:41:36,285 - Evaluate global model
2025-09-22 01:41:38,947 - Averaged Train Loss: 0.0961
2025-09-22 01:41:38,948 - Test Accurancy: 0.9841
2025-09-22 01:41:38,948 - Attack Success Rate: 0.0099
2025-09-22 01:41:44,921 - DPD clipping bound C_t: 0.12098439782857895
2025-09-22 01:41:44,924 - DPD noise norm:4.610341548919678
2025-09-22 01:41:44,932 - Round number: 79 --------------------------
2025-09-22 01:41:44,932 - Evaluate global model
2025-09-22 01:41:46,854 - Averaged Train Loss: 0.0960
2025-09-22 01:41:46,857 - Test Accurancy: 0.9845
2025-09-22 01:41:46,857 - Attack Success Rate: 0.0093
2025-09-22 01:41:52,894 - DPD clipping bound C_t: 0.1203409731388092
2025-09-22 01:41:52,906 - DPD noise norm:4.5862860679626465
2025-09-22 01:41:52,920 - Round number: 80 --------------------------
2025-09-22 01:41:52,920 - Evaluate global model
2025-09-22 01:41:56,180 - Averaged Train Loss: 0.0980
2025-09-22 01:41:56,181 - Test Accurancy: 0.9845
2025-09-22 01:41:56,181 - Attack Success Rate: 0.0093
2025-09-22 01:42:03,792 - DPD clipping bound C_t: 0.120113555341959
2025-09-22 01:42:03,804 - DPD noise norm:4.5867204666137695
2025-09-22 01:42:03,819 - Round number: 81 --------------------------
2025-09-22 01:42:03,819 - Evaluate global model
2025-09-22 01:42:07,813 - Averaged Train Loss: 0.0968
2025-09-22 01:42:07,830 - Test Accurancy: 0.9844
2025-09-22 01:42:07,831 - Attack Success Rate: 0.0093
2025-09-22 01:42:16,087 - DPD clipping bound C_t: 0.12118709087371826
2025-09-22 01:42:16,093 - DPD noise norm:4.624048709869385
2025-09-22 01:42:16,118 - Round number: 82 --------------------------
2025-09-22 01:42:16,119 - Evaluate global model
2025-09-22 01:42:18,557 - Averaged Train Loss: 0.0968
2025-09-22 01:42:18,558 - Test Accurancy: 0.9846
2025-09-22 01:42:18,558 - Attack Success Rate: 0.0093
2025-09-22 01:42:24,091 - DPD clipping bound C_t: 0.11431404948234558
2025-09-22 01:42:24,096 - DPD noise norm:4.356339454650879
2025-09-22 01:42:24,106 - Round number: 83 --------------------------
2025-09-22 01:42:24,107 - Evaluate global model
2025-09-22 01:42:26,533 - Averaged Train Loss: 0.0972
2025-09-22 01:42:26,534 - Test Accurancy: 0.9846
2025-09-22 01:42:26,534 - Attack Success Rate: 0.0081
2025-09-22 01:42:31,889 - DPD clipping bound C_t: 0.11772457882761955
2025-09-22 01:42:31,899 - DPD noise norm:4.4844560623168945
2025-09-22 01:42:31,919 - Round number: 84 --------------------------
2025-09-22 01:42:31,919 - Evaluate global model
2025-09-22 01:42:37,985 - Averaged Train Loss: 0.0971
2025-09-22 01:42:37,997 - Test Accurancy: 0.9848
2025-09-22 01:42:37,997 - Attack Success Rate: 0.0087
2025-09-22 01:42:47,163 - DPD clipping bound C_t: 0.11547498404979706
2025-09-22 01:42:47,178 - DPD noise norm:4.406982898712158
2025-09-22 01:42:47,198 - Round number: 85 --------------------------
2025-09-22 01:42:47,198 - Evaluate global model
2025-09-22 01:42:52,112 - Averaged Train Loss: 0.0980
2025-09-22 01:42:52,114 - Test Accurancy: 0.9850
2025-09-22 01:42:52,114 - Attack Success Rate: 0.0075
2025-09-22 01:42:59,987 - DPD clipping bound C_t: 0.11108792945742607
2025-09-22 01:42:59,996 - DPD noise norm:4.2410807609558105
2025-09-22 01:43:00,041 - Round number: 86 --------------------------
2025-09-22 01:43:00,042 - Evaluate global model
2025-09-22 01:43:03,901 - Averaged Train Loss: 0.0983
2025-09-22 01:43:03,902 - Test Accurancy: 0.9849
2025-09-22 01:43:03,902 - Attack Success Rate: 0.0081
2025-09-22 01:43:10,706 - DPD clipping bound C_t: 0.10885626077651978
2025-09-22 01:43:10,711 - DPD noise norm:4.148144245147705
2025-09-22 01:43:10,729 - Round number: 87 --------------------------
2025-09-22 01:43:10,729 - Evaluate global model
2025-09-22 01:43:13,175 - Averaged Train Loss: 0.0954
2025-09-22 01:43:13,180 - Test Accurancy: 0.9849
2025-09-22 01:43:13,181 - Attack Success Rate: 0.0093
2025-09-22 01:43:20,425 - DPD clipping bound C_t: 0.10784400254487991
2025-09-22 01:43:20,428 - DPD noise norm:4.11771821975708
2025-09-22 01:43:20,446 - Round number: 88 --------------------------
2025-09-22 01:43:20,446 - Evaluate global model
2025-09-22 01:43:23,789 - Averaged Train Loss: 0.0965
2025-09-22 01:43:23,805 - Test Accurancy: 0.9848
2025-09-22 01:43:23,805 - Attack Success Rate: 0.0087
2025-09-22 01:43:31,951 - DPD clipping bound C_t: 0.1072152704000473
2025-09-22 01:43:31,965 - DPD noise norm:4.094389915466309
2025-09-22 01:43:31,986 - Round number: 89 --------------------------
2025-09-22 01:43:31,986 - Evaluate global model
2025-09-22 01:43:38,315 - Averaged Train Loss: 0.0964
2025-09-22 01:43:38,320 - Test Accurancy: 0.9848
2025-09-22 01:43:38,321 - Attack Success Rate: 0.0087
2025-09-22 01:43:47,281 - DPD clipping bound C_t: 0.10726897791028023
2025-09-22 01:43:47,295 - DPD noise norm:4.095877170562744
2025-09-22 01:43:47,313 - Round number: 90 --------------------------
2025-09-22 01:43:47,314 - Evaluate global model
2025-09-22 01:43:53,570 - Averaged Train Loss: 0.0950
2025-09-22 01:43:53,581 - Test Accurancy: 0.9848
2025-09-22 01:43:53,581 - Attack Success Rate: 0.0087
2025-09-22 01:44:02,789 - DPD clipping bound C_t: 0.10478603094816208
2025-09-22 01:44:02,800 - DPD noise norm:4.00407600402832
2025-09-22 01:44:02,813 - Round number: 91 --------------------------
2025-09-22 01:44:02,814 - Evaluate global model
2025-09-22 01:44:08,017 - Averaged Train Loss: 0.0953
2025-09-22 01:44:08,026 - Test Accurancy: 0.9853
2025-09-22 01:44:08,026 - Attack Success Rate: 0.0075
2025-09-22 01:44:17,798 - DPD clipping bound C_t: 0.10195926576852798
2025-09-22 01:44:17,811 - DPD noise norm:3.8824949264526367
2025-09-22 01:44:17,832 - Round number: 92 --------------------------
2025-09-22 01:44:17,832 - Evaluate global model
2025-09-22 01:44:23,345 - Averaged Train Loss: 0.0950
2025-09-22 01:44:23,346 - Test Accurancy: 0.9850
2025-09-22 01:44:23,346 - Attack Success Rate: 0.0087
2025-09-22 01:44:31,864 - DPD clipping bound C_t: 0.10317450761795044
2025-09-22 01:44:31,878 - DPD noise norm:3.934338092803955
2025-09-22 01:44:31,896 - Round number: 93 --------------------------
2025-09-22 01:44:31,896 - Evaluate global model
2025-09-22 01:44:37,927 - Averaged Train Loss: 0.0944
2025-09-22 01:44:37,938 - Test Accurancy: 0.9848
2025-09-22 01:44:37,938 - Attack Success Rate: 0.0104
2025-09-22 01:44:44,230 - DPD clipping bound C_t: 0.10051961243152618
2025-09-22 01:44:44,234 - DPD noise norm:3.8275036811828613
2025-09-22 01:44:44,246 - Round number: 94 --------------------------
2025-09-22 01:44:44,246 - Evaluate global model
2025-09-22 01:44:46,484 - Averaged Train Loss: 0.0937
2025-09-22 01:44:46,485 - Test Accurancy: 0.9845
2025-09-22 01:44:46,485 - Attack Success Rate: 0.0110
2025-09-22 01:44:50,708 - DPD clipping bound C_t: 0.0992017574608326
2025-09-22 01:44:50,711 - DPD noise norm:3.7883334159851074
2025-09-22 01:44:50,719 - Round number: 95 --------------------------
2025-09-22 01:44:50,719 - Evaluate global model
2025-09-22 01:44:52,959 - Averaged Train Loss: 0.0964
2025-09-22 01:44:52,960 - Test Accurancy: 0.9849
2025-09-22 01:44:52,961 - Attack Success Rate: 0.0081
2025-09-22 01:44:57,869 - DPD clipping bound C_t: 0.0987933874130249
2025-09-22 01:44:57,874 - DPD noise norm:3.770664930343628
2025-09-22 01:44:57,885 - Round number: 96 --------------------------
2025-09-22 01:44:57,885 - Evaluate global model
2025-09-22 01:44:59,983 - Averaged Train Loss: 0.0947
2025-09-22 01:44:59,987 - Test Accurancy: 0.9848
2025-09-22 01:44:59,987 - Attack Success Rate: 0.0087
2025-09-22 01:45:08,676 - DPD clipping bound C_t: 0.09561307728290558
2025-09-22 01:45:08,690 - DPD noise norm:3.646176338195801
2025-09-22 01:45:08,712 - Round number: 97 --------------------------
2025-09-22 01:45:08,713 - Evaluate global model
2025-09-22 01:45:15,138 - Averaged Train Loss: 0.0955
2025-09-22 01:45:15,144 - Test Accurancy: 0.9851
2025-09-22 01:45:15,144 - Attack Success Rate: 0.0075
2025-09-22 01:45:23,736 - DPD clipping bound C_t: 0.09372466802597046
2025-09-22 01:45:23,741 - DPD noise norm:3.57533597946167
2025-09-22 01:45:23,759 - Round number: 98 --------------------------
2025-09-22 01:45:23,759 - Evaluate global model
2025-09-22 01:45:28,542 - Averaged Train Loss: 0.0942
2025-09-22 01:45:28,545 - Test Accurancy: 0.9849
2025-09-22 01:45:28,546 - Attack Success Rate: 0.0087
2025-09-22 01:45:36,999 - DPD clipping bound C_t: 0.09357834979891777
2025-09-22 01:45:37,007 - DPD noise norm:3.56951904296875
2025-09-22 01:45:37,019 - Round number: 99 --------------------------
2025-09-22 01:45:37,019 - Evaluate global model
2025-09-22 01:45:43,156 - Averaged Train Loss: 0.0938
2025-09-22 01:45:43,165 - Test Accurancy: 0.9848
2025-09-22 01:45:43,165 - Attack Success Rate: 0.0099
2025-09-22 01:45:52,542 - DPD clipping bound C_t: 0.09239514917135239
2025-09-22 01:45:52,557 - DPD noise norm:3.520371437072754
2025-09-22 01:45:52,570 - Round number: 100 --------------------------
2025-09-22 01:45:52,570 - Evaluate global model
2025-09-22 01:46:00,231 - Averaged Train Loss: 0.0941
2025-09-22 01:46:00,233 - Test Accurancy: 0.9848
2025-09-22 01:46:00,233 - Attack Success Rate: 0.0093
2025-09-22 01:46:09,105 - DPD clipping bound C_t: 0.0917622409760952
2025-09-22 01:46:09,113 - DPD noise norm:3.5080738067626953
2025-09-22 01:46:09,118 - Run over
2025-09-22 01:46:09,119 - Saving results to ./exp/exp2/MNIST/0.05.h5
2025-09-22 01:46:09,219 - Best accuracy: 0.9852689277149709
2025-09-22 01:46:09,220 - Average time cost per round: 10.886025919914246
