2025-09-22 02:03:58,982 - *****************EXP-2*****************
2025-09-22 02:03:58,982 - Exp repeats: 1
2025-09-22 02:03:58,982 - Communication Rounds: 100
2025-09-22 02:03:58,982 - Clients: 40

2025-09-22 02:03:58,983 - Attack method: scale
2025-09-22 02:03:58,983 - Filtering rule: dpd
2025-09-22 02:03:58,983 - Dataset: MNIST
2025-09-22 02:03:58,983 - Model: cnn
2025-09-22 02:03:58,983 - Learning Rate: 0.1
2025-09-22 02:03:58,983 - Batch Size: 64
2025-09-22 02:03:58,983 - Device: cuda
2025-09-22 02:03:58,983 - Device id: 0
2025-09-22 02:03:58,983 - DPD clipping strategy: auto
2025-09-22 02:03:58,983 - DPD noise level: 0.072
2025-09-22 02:03:58,983 - Adversaries: 8
2025-09-22 02:03:58,983 - Targeted Label Flipping: 4-->6
2025-09-22 02:03:58,983 - *****************EXP-2*****************
2025-09-22 02:03:59,221 - Running time: 0th ==========================
2025-09-22 02:04:00,961 - Round number: 0 --------------------------
2025-09-22 02:04:00,962 - Evaluate global model
2025-09-22 02:04:05,192 - Averaged Train Loss: 2.3310
2025-09-22 02:04:05,193 - Test Accurancy: 0.1060
2025-09-22 02:04:05,193 - Attack Success Rate: 0.0017
2025-09-22 02:04:10,306 - DPD clipping bound C_t: 1.989971935749054
2025-09-22 02:04:10,320 - DPD noise norm:109.12691497802734
2025-09-22 02:04:10,333 - Round number: 1 --------------------------
2025-09-22 02:04:10,333 - Evaluate global model
2025-09-22 02:04:12,403 - Averaged Train Loss: 1.5421
2025-09-22 02:04:12,404 - Test Accurancy: 0.6418
2025-09-22 02:04:12,404 - Attack Success Rate: 0.4194
2025-09-22 02:04:16,991 - DPD clipping bound C_t: 1.957537055015564
2025-09-22 02:04:16,994 - DPD noise norm:107.51856231689453
2025-09-22 02:04:17,003 - Round number: 2 --------------------------
2025-09-22 02:04:17,003 - Evaluate global model
2025-09-22 02:04:19,000 - Averaged Train Loss: 0.9259
2025-09-22 02:04:19,001 - Test Accurancy: 0.7472
2025-09-22 02:04:19,001 - Attack Success Rate: 0.2401
2025-09-22 02:04:23,461 - DPD clipping bound C_t: 1.2296385169029236
2025-09-22 02:04:23,465 - DPD noise norm:67.62687683105469
2025-09-22 02:04:23,474 - Round number: 3 --------------------------
2025-09-22 02:04:23,474 - Evaluate global model
2025-09-22 02:04:25,511 - Averaged Train Loss: 0.4888
2025-09-22 02:04:25,512 - Test Accurancy: 0.8697
2025-09-22 02:04:25,512 - Attack Success Rate: 0.0447
2025-09-22 02:04:29,884 - DPD clipping bound C_t: 0.9252963364124298
2025-09-22 02:04:29,887 - DPD noise norm:50.87336730957031
2025-09-22 02:04:29,895 - Round number: 4 --------------------------
2025-09-22 02:04:29,895 - Evaluate global model
2025-09-22 02:04:32,255 - Averaged Train Loss: 0.3698
2025-09-22 02:04:32,260 - Test Accurancy: 0.9037
2025-09-22 02:04:32,260 - Attack Success Rate: 0.0505
2025-09-22 02:04:37,089 - DPD clipping bound C_t: 0.8081888854503632
2025-09-22 02:04:37,092 - DPD noise norm:44.40168762207031
2025-09-22 02:04:37,100 - Round number: 5 --------------------------
2025-09-22 02:04:37,100 - Evaluate global model
2025-09-22 02:04:39,507 - Averaged Train Loss: 0.2863
2025-09-22 02:04:39,521 - Test Accurancy: 0.9326
2025-09-22 02:04:39,521 - Attack Success Rate: 0.0429
2025-09-22 02:04:45,563 - DPD clipping bound C_t: 0.6840004324913025
2025-09-22 02:04:45,567 - DPD noise norm:37.57661819458008
2025-09-22 02:04:45,574 - Round number: 6 --------------------------
2025-09-22 02:04:45,574 - Evaluate global model
2025-09-22 02:04:47,404 - Averaged Train Loss: 0.2508
2025-09-22 02:04:47,405 - Test Accurancy: 0.9390
2025-09-22 02:04:47,405 - Attack Success Rate: 0.0644
2025-09-22 02:04:52,188 - DPD clipping bound C_t: 0.6304456889629364
2025-09-22 02:04:52,193 - DPD noise norm:34.54869842529297
2025-09-22 02:04:52,204 - Round number: 7 --------------------------
2025-09-22 02:04:52,204 - Evaluate global model
2025-09-22 02:04:54,759 - Averaged Train Loss: 0.2214
2025-09-22 02:04:54,760 - Test Accurancy: 0.9486
2025-09-22 02:04:54,760 - Attack Success Rate: 0.0505
2025-09-22 02:04:59,367 - DPD clipping bound C_t: 0.577142059803009
2025-09-22 02:04:59,371 - DPD noise norm:31.67145347595215
2025-09-22 02:04:59,382 - Round number: 8 --------------------------
2025-09-22 02:04:59,382 - Evaluate global model
2025-09-22 02:05:01,578 - Averaged Train Loss: 0.2204
2025-09-22 02:05:01,578 - Test Accurancy: 0.9542
2025-09-22 02:05:01,579 - Attack Success Rate: 0.0255
2025-09-22 02:05:06,225 - DPD clipping bound C_t: 0.5466191172599792
2025-09-22 02:05:06,228 - DPD noise norm:29.953022003173828
2025-09-22 02:05:06,236 - Round number: 9 --------------------------
2025-09-22 02:05:06,236 - Evaluate global model
2025-09-22 02:05:08,185 - Averaged Train Loss: 0.1973
2025-09-22 02:05:08,186 - Test Accurancy: 0.9551
2025-09-22 02:05:08,186 - Attack Success Rate: 0.0400
2025-09-22 02:05:12,895 - DPD clipping bound C_t: 0.5353676974773407
2025-09-22 02:05:12,899 - DPD noise norm:29.414260864257812
2025-09-22 02:05:12,909 - Round number: 10 --------------------------
2025-09-22 02:05:12,910 - Evaluate global model
2025-09-22 02:05:14,769 - Averaged Train Loss: 0.1803
2025-09-22 02:05:14,769 - Test Accurancy: 0.9588
2025-09-22 02:05:14,769 - Attack Success Rate: 0.0545
2025-09-22 02:05:19,136 - DPD clipping bound C_t: 0.48493777215480804
2025-09-22 02:05:19,139 - DPD noise norm:26.62770652770996
2025-09-22 02:05:19,147 - Round number: 11 --------------------------
2025-09-22 02:05:19,148 - Evaluate global model
2025-09-22 02:05:21,389 - Averaged Train Loss: 0.1765
2025-09-22 02:05:21,390 - Test Accurancy: 0.9645
2025-09-22 02:05:21,390 - Attack Success Rate: 0.0232
2025-09-22 02:05:26,251 - DPD clipping bound C_t: 0.47094179689884186
2025-09-22 02:05:26,254 - DPD noise norm:25.911645889282227
2025-09-22 02:05:26,262 - Round number: 12 --------------------------
2025-09-22 02:05:26,262 - Evaluate global model
2025-09-22 02:05:28,342 - Averaged Train Loss: 0.1664
2025-09-22 02:05:28,343 - Test Accurancy: 0.9651
2025-09-22 02:05:28,343 - Attack Success Rate: 0.0302
2025-09-22 02:05:34,213 - DPD clipping bound C_t: 0.44482357800006866
2025-09-22 02:05:34,223 - DPD noise norm:24.3975830078125
2025-09-22 02:05:34,239 - Round number: 13 --------------------------
2025-09-22 02:05:34,239 - Evaluate global model
2025-09-22 02:05:36,501 - Averaged Train Loss: 0.1659
2025-09-22 02:05:36,506 - Test Accurancy: 0.9675
2025-09-22 02:05:36,506 - Attack Success Rate: 0.0168
2025-09-22 02:05:42,402 - DPD clipping bound C_t: 0.4278716892004013
2025-09-22 02:05:42,417 - DPD noise norm:23.479379653930664
2025-09-22 02:05:42,430 - Round number: 14 --------------------------
2025-09-22 02:05:42,430 - Evaluate global model
2025-09-22 02:05:44,827 - Averaged Train Loss: 0.1676
2025-09-22 02:05:44,831 - Test Accurancy: 0.9692
2025-09-22 02:05:44,831 - Attack Success Rate: 0.0157
2025-09-22 02:05:50,846 - DPD clipping bound C_t: 0.41138985753059387
2025-09-22 02:05:50,857 - DPD noise norm:22.579090118408203
2025-09-22 02:05:50,869 - Round number: 15 --------------------------
2025-09-22 02:05:50,869 - Evaluate global model
2025-09-22 02:05:53,043 - Averaged Train Loss: 0.1612
2025-09-22 02:05:53,044 - Test Accurancy: 0.9690
2025-09-22 02:05:53,044 - Attack Success Rate: 0.0186
2025-09-22 02:05:58,926 - DPD clipping bound C_t: 0.39795659482479095
2025-09-22 02:05:58,939 - DPD noise norm:21.882047653198242
2025-09-22 02:05:58,955 - Round number: 16 --------------------------
2025-09-22 02:05:58,956 - Evaluate global model
2025-09-22 02:06:01,868 - Averaged Train Loss: 0.1539
2025-09-22 02:06:01,872 - Test Accurancy: 0.9684
2025-09-22 02:06:01,874 - Attack Success Rate: 0.0238
2025-09-22 02:06:07,848 - DPD clipping bound C_t: 0.39568573236465454
2025-09-22 02:06:07,859 - DPD noise norm:21.720592498779297
2025-09-22 02:06:07,874 - Round number: 17 --------------------------
2025-09-22 02:06:07,875 - Evaluate global model
2025-09-22 02:06:11,055 - Averaged Train Loss: 0.1443
2025-09-22 02:06:11,058 - Test Accurancy: 0.9716
2025-09-22 02:06:11,058 - Attack Success Rate: 0.0273
2025-09-22 02:06:16,603 - DPD clipping bound C_t: 0.3744077533483505
2025-09-22 02:06:16,613 - DPD noise norm:20.54706382751465
2025-09-22 02:06:16,624 - Round number: 18 --------------------------
2025-09-22 02:06:16,625 - Evaluate global model
2025-09-22 02:06:19,428 - Averaged Train Loss: 0.1403
2025-09-22 02:06:19,431 - Test Accurancy: 0.9717
2025-09-22 02:06:19,431 - Attack Success Rate: 0.0278
2025-09-22 02:06:24,463 - DPD clipping bound C_t: 0.3670600652694702
2025-09-22 02:06:24,468 - DPD noise norm:20.21308708190918
2025-09-22 02:06:24,476 - Round number: 19 --------------------------
2025-09-22 02:06:24,476 - Evaluate global model
2025-09-22 02:06:27,050 - Averaged Train Loss: 0.1395
2025-09-22 02:06:27,054 - Test Accurancy: 0.9733
2025-09-22 02:06:27,055 - Attack Success Rate: 0.0238
2025-09-22 02:06:32,447 - DPD clipping bound C_t: 0.35394100844860077
2025-09-22 02:06:32,454 - DPD noise norm:19.464094161987305
2025-09-22 02:06:32,464 - Round number: 20 --------------------------
2025-09-22 02:06:32,464 - Evaluate global model
2025-09-22 02:06:34,687 - Averaged Train Loss: 0.1399
2025-09-22 02:06:34,690 - Test Accurancy: 0.9734
2025-09-22 02:06:34,690 - Attack Success Rate: 0.0220
2025-09-22 02:06:40,395 - DPD clipping bound C_t: 0.3462964743375778
2025-09-22 02:06:40,405 - DPD noise norm:18.986656188964844
2025-09-22 02:06:40,425 - Round number: 21 --------------------------
2025-09-22 02:06:40,425 - Evaluate global model
2025-09-22 02:06:42,712 - Averaged Train Loss: 0.1364
2025-09-22 02:06:42,714 - Test Accurancy: 0.9746
2025-09-22 02:06:42,714 - Attack Success Rate: 0.0261
2025-09-22 02:06:48,280 - DPD clipping bound C_t: 0.33374136686325073
2025-09-22 02:06:48,286 - DPD noise norm:18.338966369628906
2025-09-22 02:06:48,310 - Round number: 22 --------------------------
2025-09-22 02:06:48,310 - Evaluate global model
2025-09-22 02:06:50,960 - Averaged Train Loss: 0.1391
2025-09-22 02:06:50,960 - Test Accurancy: 0.9759
2025-09-22 02:06:50,960 - Attack Success Rate: 0.0162
2025-09-22 02:06:56,298 - DPD clipping bound C_t: 0.32832399010658264
2025-09-22 02:06:56,304 - DPD noise norm:18.010395050048828
2025-09-22 02:06:56,312 - Round number: 23 --------------------------
2025-09-22 02:06:56,312 - Evaluate global model
2025-09-22 02:06:58,555 - Averaged Train Loss: 0.1324
2025-09-22 02:06:58,562 - Test Accurancy: 0.9766
2025-09-22 02:06:58,562 - Attack Success Rate: 0.0145
2025-09-22 02:07:04,048 - DPD clipping bound C_t: 0.3137519955635071
2025-09-22 02:07:04,052 - DPD noise norm:17.217958450317383
2025-09-22 02:07:04,066 - Round number: 24 --------------------------
2025-09-22 02:07:04,066 - Evaluate global model
2025-09-22 02:07:06,549 - Averaged Train Loss: 0.1271
2025-09-22 02:07:06,553 - Test Accurancy: 0.9762
2025-09-22 02:07:06,553 - Attack Success Rate: 0.0180
2025-09-22 02:07:13,126 - DPD clipping bound C_t: 0.31182123720645905
2025-09-22 02:07:13,136 - DPD noise norm:17.144670486450195
2025-09-22 02:07:13,155 - Round number: 25 --------------------------
2025-09-22 02:07:13,155 - Evaluate global model
2025-09-22 02:07:15,941 - Averaged Train Loss: 0.1264
2025-09-22 02:07:15,946 - Test Accurancy: 0.9766
2025-09-22 02:07:15,946 - Attack Success Rate: 0.0191
2025-09-22 02:07:21,325 - DPD clipping bound C_t: 0.3060830235481262
2025-09-22 02:07:21,334 - DPD noise norm:16.808185577392578
2025-09-22 02:07:21,345 - Round number: 26 --------------------------
2025-09-22 02:07:21,345 - Evaluate global model
2025-09-22 02:07:23,291 - Averaged Train Loss: 0.1255
2025-09-22 02:07:23,291 - Test Accurancy: 0.9766
2025-09-22 02:07:23,291 - Attack Success Rate: 0.0215
2025-09-22 02:07:29,026 - DPD clipping bound C_t: 0.2938890606164932
2025-09-22 02:07:29,037 - DPD noise norm:16.1496524810791
2025-09-22 02:07:29,054 - Round number: 27 --------------------------
2025-09-22 02:07:29,055 - Evaluate global model
2025-09-22 02:07:31,344 - Averaged Train Loss: 0.1267
2025-09-22 02:07:31,346 - Test Accurancy: 0.9773
2025-09-22 02:07:31,346 - Attack Success Rate: 0.0157
2025-09-22 02:07:37,121 - DPD clipping bound C_t: 0.2846740484237671
2025-09-22 02:07:37,132 - DPD noise norm:15.638410568237305
2025-09-22 02:07:37,147 - Round number: 28 --------------------------
2025-09-22 02:07:37,148 - Evaluate global model
2025-09-22 02:07:40,135 - Averaged Train Loss: 0.1272
2025-09-22 02:07:40,137 - Test Accurancy: 0.9785
2025-09-22 02:07:40,137 - Attack Success Rate: 0.0145
2025-09-22 02:07:45,969 - DPD clipping bound C_t: 0.28005798161029816
2025-09-22 02:07:45,981 - DPD noise norm:15.381485939025879
2025-09-22 02:07:45,995 - Round number: 29 --------------------------
2025-09-22 02:07:45,995 - Evaluate global model
2025-09-22 02:07:48,559 - Averaged Train Loss: 0.1236
2025-09-22 02:07:48,561 - Test Accurancy: 0.9788
2025-09-22 02:07:48,561 - Attack Success Rate: 0.0157
2025-09-22 02:07:53,384 - DPD clipping bound C_t: 0.2774357199668884
2025-09-22 02:07:53,389 - DPD noise norm:15.267975807189941
2025-09-22 02:07:53,404 - Round number: 30 --------------------------
2025-09-22 02:07:53,404 - Evaluate global model
2025-09-22 02:07:55,987 - Averaged Train Loss: 0.1187
2025-09-22 02:07:55,997 - Test Accurancy: 0.9782
2025-09-22 02:07:55,998 - Attack Success Rate: 0.0209
2025-09-22 02:08:01,537 - DPD clipping bound C_t: 0.27185605466365814
2025-09-22 02:08:01,541 - DPD noise norm:14.929454803466797
2025-09-22 02:08:01,555 - Round number: 31 --------------------------
2025-09-22 02:08:01,555 - Evaluate global model
2025-09-22 02:08:04,005 - Averaged Train Loss: 0.1192
2025-09-22 02:08:04,010 - Test Accurancy: 0.9787
2025-09-22 02:08:04,010 - Attack Success Rate: 0.0197
2025-09-22 02:08:10,583 - DPD clipping bound C_t: 0.2684740722179413
2025-09-22 02:08:10,590 - DPD noise norm:14.738839149475098
2025-09-22 02:08:10,602 - Round number: 32 --------------------------
2025-09-22 02:08:10,602 - Evaluate global model
2025-09-22 02:08:13,588 - Averaged Train Loss: 0.1193
2025-09-22 02:08:13,597 - Test Accurancy: 0.9793
2025-09-22 02:08:13,598 - Attack Success Rate: 0.0180
2025-09-22 02:08:20,370 - DPD clipping bound C_t: 0.2648646980524063
2025-09-22 02:08:20,377 - DPD noise norm:14.546210289001465
2025-09-22 02:08:20,392 - Round number: 33 --------------------------
2025-09-22 02:08:20,392 - Evaluate global model
2025-09-22 02:08:23,282 - Averaged Train Loss: 0.1184
2025-09-22 02:08:23,291 - Test Accurancy: 0.9801
2025-09-22 02:08:23,292 - Attack Success Rate: 0.0162
2025-09-22 02:08:28,827 - DPD clipping bound C_t: 0.2542338967323303
2025-09-22 02:08:28,832 - DPD noise norm:13.954527854919434
2025-09-22 02:08:28,843 - Round number: 34 --------------------------
2025-09-22 02:08:28,843 - Evaluate global model
2025-09-22 02:08:31,034 - Averaged Train Loss: 0.1186
2025-09-22 02:08:31,039 - Test Accurancy: 0.9802
2025-09-22 02:08:31,039 - Attack Success Rate: 0.0151
2025-09-22 02:08:37,353 - DPD clipping bound C_t: 0.2481740191578865
2025-09-22 02:08:37,361 - DPD noise norm:13.644020080566406
2025-09-22 02:08:37,374 - Round number: 35 --------------------------
2025-09-22 02:08:37,374 - Evaluate global model
2025-09-22 02:08:39,585 - Averaged Train Loss: 0.1163
2025-09-22 02:08:39,586 - Test Accurancy: 0.9802
2025-09-22 02:08:39,586 - Attack Success Rate: 0.0174
2025-09-22 02:08:45,453 - DPD clipping bound C_t: 0.2437179610133171
2025-09-22 02:08:45,457 - DPD noise norm:13.375661849975586
2025-09-22 02:08:45,466 - Round number: 36 --------------------------
2025-09-22 02:08:45,466 - Evaluate global model
2025-09-22 02:08:47,542 - Averaged Train Loss: 0.1139
2025-09-22 02:08:47,543 - Test Accurancy: 0.9806
2025-09-22 02:08:47,543 - Attack Success Rate: 0.0186
2025-09-22 02:08:54,167 - DPD clipping bound C_t: 0.23933345824480057
2025-09-22 02:08:54,172 - DPD noise norm:13.148255348205566
2025-09-22 02:08:54,190 - Round number: 37 --------------------------
2025-09-22 02:08:54,190 - Evaluate global model
2025-09-22 02:08:56,457 - Averaged Train Loss: 0.1154
2025-09-22 02:08:56,458 - Test Accurancy: 0.9810
2025-09-22 02:08:56,458 - Attack Success Rate: 0.0174
2025-09-22 02:09:03,145 - DPD clipping bound C_t: 0.23788294196128845
2025-09-22 02:09:03,152 - DPD noise norm:13.062597274780273
2025-09-22 02:09:03,168 - Round number: 38 --------------------------
2025-09-22 02:09:03,168 - Evaluate global model
2025-09-22 02:09:05,929 - Averaged Train Loss: 0.1159
2025-09-22 02:09:05,931 - Test Accurancy: 0.9810
2025-09-22 02:09:05,931 - Attack Success Rate: 0.0151
2025-09-22 02:09:12,260 - DPD clipping bound C_t: 0.23219428956508636
2025-09-22 02:09:12,265 - DPD noise norm:12.76292610168457
2025-09-22 02:09:12,277 - Round number: 39 --------------------------
2025-09-22 02:09:12,278 - Evaluate global model
2025-09-22 02:09:14,467 - Averaged Train Loss: 0.1108
2025-09-22 02:09:14,467 - Test Accurancy: 0.9811
2025-09-22 02:09:14,467 - Attack Success Rate: 0.0191
2025-09-22 02:09:20,583 - DPD clipping bound C_t: 0.2257310450077057
2025-09-22 02:09:20,598 - DPD noise norm:12.412921905517578
2025-09-22 02:09:20,614 - Round number: 40 --------------------------
2025-09-22 02:09:20,615 - Evaluate global model
2025-09-22 02:09:23,039 - Averaged Train Loss: 0.1165
2025-09-22 02:09:23,040 - Test Accurancy: 0.9816
2025-09-22 02:09:23,040 - Attack Success Rate: 0.0104
2025-09-22 02:09:29,448 - DPD clipping bound C_t: 0.2265220284461975
2025-09-22 02:09:29,462 - DPD noise norm:12.432154655456543
2025-09-22 02:09:29,477 - Round number: 41 --------------------------
2025-09-22 02:09:29,477 - Evaluate global model
2025-09-22 02:09:32,011 - Averaged Train Loss: 0.1156
2025-09-22 02:09:32,012 - Test Accurancy: 0.9810
2025-09-22 02:09:32,012 - Attack Success Rate: 0.0122
2025-09-22 02:09:39,250 - DPD clipping bound C_t: 0.22152157127857208
2025-09-22 02:09:39,268 - DPD noise norm:12.159599304199219
2025-09-22 02:09:39,289 - Round number: 42 --------------------------
2025-09-22 02:09:39,289 - Evaluate global model
2025-09-22 02:09:42,524 - Averaged Train Loss: 0.1127
2025-09-22 02:09:42,529 - Test Accurancy: 0.9815
2025-09-22 02:09:42,529 - Attack Success Rate: 0.0128
2025-09-22 02:09:49,284 - DPD clipping bound C_t: 0.22122233361005783
2025-09-22 02:09:49,300 - DPD noise norm:12.125473976135254
2025-09-22 02:09:49,318 - Round number: 43 --------------------------
2025-09-22 02:09:49,319 - Evaluate global model
2025-09-22 02:09:52,094 - Averaged Train Loss: 0.1114
2025-09-22 02:09:52,097 - Test Accurancy: 0.9812
2025-09-22 02:09:52,097 - Attack Success Rate: 0.0139
2025-09-22 02:09:59,140 - DPD clipping bound C_t: 0.20973196625709534
2025-09-22 02:09:59,152 - DPD noise norm:11.531566619873047
2025-09-22 02:09:59,169 - Round number: 44 --------------------------
2025-09-22 02:09:59,170 - Evaluate global model
2025-09-22 02:10:01,653 - Averaged Train Loss: 0.1135
2025-09-22 02:10:01,658 - Test Accurancy: 0.9821
2025-09-22 02:10:01,658 - Attack Success Rate: 0.0116
2025-09-22 02:10:08,147 - DPD clipping bound C_t: 0.2079881876707077
2025-09-22 02:10:08,154 - DPD noise norm:11.425445556640625
2025-09-22 02:10:08,164 - Round number: 45 --------------------------
2025-09-22 02:10:08,165 - Evaluate global model
2025-09-22 02:10:10,085 - Averaged Train Loss: 0.1097
2025-09-22 02:10:10,086 - Test Accurancy: 0.9817
2025-09-22 02:10:10,086 - Attack Success Rate: 0.0145
2025-09-22 02:10:14,777 - DPD clipping bound C_t: 0.20511258393526077
2025-09-22 02:10:14,780 - DPD noise norm:11.257513999938965
2025-09-22 02:10:14,789 - Round number: 46 --------------------------
2025-09-22 02:10:14,789 - Evaluate global model
2025-09-22 02:10:17,353 - Averaged Train Loss: 0.1130
2025-09-22 02:10:17,371 - Test Accurancy: 0.9820
2025-09-22 02:10:17,371 - Attack Success Rate: 0.0104
2025-09-22 02:10:22,446 - DPD clipping bound C_t: 0.1995146945118904
2025-09-22 02:10:22,449 - DPD noise norm:10.966621398925781
2025-09-22 02:10:22,461 - Round number: 47 --------------------------
2025-09-22 02:10:22,461 - Evaluate global model
2025-09-22 02:10:24,820 - Averaged Train Loss: 0.1085
2025-09-22 02:10:24,826 - Test Accurancy: 0.9815
2025-09-22 02:10:24,826 - Attack Success Rate: 0.0162
2025-09-22 02:10:29,408 - DPD clipping bound C_t: 0.19777145981788635
2025-09-22 02:10:29,413 - DPD noise norm:10.85824966430664
2025-09-22 02:10:29,421 - Round number: 48 --------------------------
2025-09-22 02:10:29,421 - Evaluate global model
2025-09-22 02:10:31,449 - Averaged Train Loss: 0.1120
2025-09-22 02:10:31,450 - Test Accurancy: 0.9828
2025-09-22 02:10:31,450 - Attack Success Rate: 0.0099
2025-09-22 02:10:36,432 - DPD clipping bound C_t: 0.1954585686326027
2025-09-22 02:10:36,450 - DPD noise norm:10.731284141540527
2025-09-22 02:10:36,465 - Round number: 49 --------------------------
2025-09-22 02:10:36,466 - Evaluate global model
2025-09-22 02:10:38,534 - Averaged Train Loss: 0.1095
2025-09-22 02:10:38,535 - Test Accurancy: 0.9823
2025-09-22 02:10:38,535 - Attack Success Rate: 0.0116
2025-09-22 02:10:43,102 - DPD clipping bound C_t: 0.1939064785838127
2025-09-22 02:10:43,106 - DPD noise norm:10.659085273742676
2025-09-22 02:10:43,114 - Round number: 50 --------------------------
2025-09-22 02:10:43,115 - Evaluate global model
2025-09-22 02:10:45,417 - Averaged Train Loss: 0.1073
2025-09-22 02:10:45,418 - Test Accurancy: 0.9828
2025-09-22 02:10:45,418 - Attack Success Rate: 0.0128
2025-09-22 02:10:52,383 - DPD clipping bound C_t: 0.18929996341466904
2025-09-22 02:10:52,389 - DPD noise norm:10.401501655578613
2025-09-22 02:10:52,419 - Round number: 51 --------------------------
2025-09-22 02:10:52,420 - Evaluate global model
2025-09-22 02:10:55,144 - Averaged Train Loss: 0.1065
2025-09-22 02:10:55,145 - Test Accurancy: 0.9822
2025-09-22 02:10:55,145 - Attack Success Rate: 0.0162
2025-09-22 02:11:01,073 - DPD clipping bound C_t: 0.18647845089435577
2025-09-22 02:11:01,079 - DPD noise norm:10.25132942199707
2025-09-22 02:11:01,093 - Round number: 52 --------------------------
2025-09-22 02:11:01,093 - Evaluate global model
2025-09-22 02:11:03,651 - Averaged Train Loss: 0.1086
2025-09-22 02:11:03,653 - Test Accurancy: 0.9824
2025-09-22 02:11:03,653 - Attack Success Rate: 0.0139
2025-09-22 02:11:10,067 - DPD clipping bound C_t: 0.178813137114048
2025-09-22 02:11:10,078 - DPD noise norm:9.827888488769531
2025-09-22 02:11:10,093 - Round number: 53 --------------------------
2025-09-22 02:11:10,093 - Evaluate global model
2025-09-22 02:11:12,766 - Averaged Train Loss: 0.1082
2025-09-22 02:11:12,770 - Test Accurancy: 0.9828
2025-09-22 02:11:12,770 - Attack Success Rate: 0.0139
2025-09-22 02:11:18,052 - DPD clipping bound C_t: 0.1756490096449852
2025-09-22 02:11:18,056 - DPD noise norm:9.645721435546875
2025-09-22 02:11:18,064 - Round number: 54 --------------------------
2025-09-22 02:11:18,064 - Evaluate global model
2025-09-22 02:11:20,042 - Averaged Train Loss: 0.1073
2025-09-22 02:11:20,043 - Test Accurancy: 0.9823
2025-09-22 02:11:20,043 - Attack Success Rate: 0.0157
2025-09-22 02:11:24,777 - DPD clipping bound C_t: 0.17330869287252426
2025-09-22 02:11:24,785 - DPD noise norm:9.510421752929688
2025-09-22 02:11:24,794 - Round number: 55 --------------------------
2025-09-22 02:11:24,794 - Evaluate global model
2025-09-22 02:11:26,852 - Averaged Train Loss: 0.1093
2025-09-22 02:11:26,853 - Test Accurancy: 0.9833
2025-09-22 02:11:26,853 - Attack Success Rate: 0.0116
2025-09-22 02:11:31,582 - DPD clipping bound C_t: 0.17574530094861984
2025-09-22 02:11:31,596 - DPD noise norm:9.655054092407227
2025-09-22 02:11:31,619 - Round number: 56 --------------------------
2025-09-22 02:11:31,620 - Evaluate global model
2025-09-22 02:11:34,185 - Averaged Train Loss: 0.1069
2025-09-22 02:11:34,186 - Test Accurancy: 0.9832
2025-09-22 02:11:34,186 - Attack Success Rate: 0.0133
2025-09-22 02:11:39,811 - DPD clipping bound C_t: 0.17216910421848297
2025-09-22 02:11:39,821 - DPD noise norm:9.459406852722168
2025-09-22 02:11:39,838 - Round number: 57 --------------------------
2025-09-22 02:11:39,839 - Evaluate global model
2025-09-22 02:11:42,732 - Averaged Train Loss: 0.1068
2025-09-22 02:11:42,734 - Test Accurancy: 0.9828
2025-09-22 02:11:42,734 - Attack Success Rate: 0.0133
2025-09-22 02:11:48,479 - DPD clipping bound C_t: 0.16802506893873215
2025-09-22 02:11:48,484 - DPD noise norm:9.238909721374512
2025-09-22 02:11:48,496 - Round number: 58 --------------------------
2025-09-22 02:11:48,496 - Evaluate global model
2025-09-22 02:11:51,331 - Averaged Train Loss: 0.1047
2025-09-22 02:11:51,339 - Test Accurancy: 0.9825
2025-09-22 02:11:51,339 - Attack Success Rate: 0.0145
2025-09-22 02:11:57,435 - DPD clipping bound C_t: 0.16264809668064117
2025-09-22 02:11:57,444 - DPD noise norm:8.927783012390137
2025-09-22 02:11:57,461 - Round number: 59 --------------------------
2025-09-22 02:11:57,462 - Evaluate global model
2025-09-22 02:12:00,171 - Averaged Train Loss: 0.1067
2025-09-22 02:12:00,176 - Test Accurancy: 0.9834
2025-09-22 02:12:00,176 - Attack Success Rate: 0.0116
2025-09-22 02:12:05,023 - DPD clipping bound C_t: 0.16359099000692368
2025-09-22 02:12:05,027 - DPD noise norm:8.980868339538574
2025-09-22 02:12:05,035 - Round number: 60 --------------------------
2025-09-22 02:12:05,035 - Evaluate global model
2025-09-22 02:12:06,912 - Averaged Train Loss: 0.1046
2025-09-22 02:12:06,912 - Test Accurancy: 0.9830
2025-09-22 02:12:06,912 - Attack Success Rate: 0.0122
2025-09-22 02:12:12,109 - DPD clipping bound C_t: 0.16118285804986954
2025-09-22 02:12:12,113 - DPD noise norm:8.854562759399414
2025-09-22 02:12:12,128 - Round number: 61 --------------------------
2025-09-22 02:12:12,128 - Evaluate global model
2025-09-22 02:12:14,486 - Averaged Train Loss: 0.1062
2025-09-22 02:12:14,487 - Test Accurancy: 0.9830
2025-09-22 02:12:14,487 - Attack Success Rate: 0.0122
2025-09-22 02:12:19,202 - DPD clipping bound C_t: 0.15617994964122772
2025-09-22 02:12:19,205 - DPD noise norm:8.586721420288086
2025-09-22 02:12:19,213 - Round number: 62 --------------------------
2025-09-22 02:12:19,213 - Evaluate global model
2025-09-22 02:12:21,365 - Averaged Train Loss: 0.1051
2025-09-22 02:12:21,367 - Test Accurancy: 0.9831
2025-09-22 02:12:21,367 - Attack Success Rate: 0.0122
2025-09-22 02:12:26,406 - DPD clipping bound C_t: 0.1528714969754219
2025-09-22 02:12:26,409 - DPD noise norm:8.399462699890137
2025-09-22 02:12:26,419 - Round number: 63 --------------------------
2025-09-22 02:12:26,419 - Evaluate global model
2025-09-22 02:12:28,606 - Averaged Train Loss: 0.1067
2025-09-22 02:12:28,607 - Test Accurancy: 0.9829
2025-09-22 02:12:28,607 - Attack Success Rate: 0.0122
2025-09-22 02:12:33,734 - DPD clipping bound C_t: 0.1514415442943573
2025-09-22 02:12:33,743 - DPD noise norm:8.327559471130371
2025-09-22 02:12:33,753 - Round number: 64 --------------------------
2025-09-22 02:12:33,753 - Evaluate global model
2025-09-22 02:12:35,717 - Averaged Train Loss: 0.1071
2025-09-22 02:12:35,717 - Test Accurancy: 0.9835
2025-09-22 02:12:35,717 - Attack Success Rate: 0.0110
2025-09-22 02:12:40,961 - DPD clipping bound C_t: 0.1511353999376297
2025-09-22 02:12:40,971 - DPD noise norm:8.308688163757324
2025-09-22 02:12:40,984 - Round number: 65 --------------------------
2025-09-22 02:12:40,984 - Evaluate global model
2025-09-22 02:12:43,310 - Averaged Train Loss: 0.1062
2025-09-22 02:12:43,311 - Test Accurancy: 0.9836
2025-09-22 02:12:43,311 - Attack Success Rate: 0.0122
2025-09-22 02:12:48,602 - DPD clipping bound C_t: 0.147713765501976
2025-09-22 02:12:48,614 - DPD noise norm:8.124005317687988
2025-09-22 02:12:48,631 - Round number: 66 --------------------------
2025-09-22 02:12:48,631 - Evaluate global model
2025-09-22 02:12:51,289 - Averaged Train Loss: 0.1032
2025-09-22 02:12:51,295 - Test Accurancy: 0.9834
2025-09-22 02:12:51,295 - Attack Success Rate: 0.0157
2025-09-22 02:12:56,534 - DPD clipping bound C_t: 0.14703965187072754
2025-09-22 02:12:56,540 - DPD noise norm:8.085884094238281
2025-09-22 02:12:56,551 - Round number: 67 --------------------------
2025-09-22 02:12:56,551 - Evaluate global model
2025-09-22 02:12:59,091 - Averaged Train Loss: 0.1042
2025-09-22 02:12:59,098 - Test Accurancy: 0.9837
2025-09-22 02:12:59,098 - Attack Success Rate: 0.0157
2025-09-22 02:13:04,812 - DPD clipping bound C_t: 0.14542464166879654
2025-09-22 02:13:04,822 - DPD noise norm:7.982544422149658
2025-09-22 02:13:04,834 - Round number: 68 --------------------------
2025-09-22 02:13:04,834 - Evaluate global model
2025-09-22 02:13:07,687 - Averaged Train Loss: 0.1040
2025-09-22 02:13:07,693 - Test Accurancy: 0.9834
2025-09-22 02:13:07,693 - Attack Success Rate: 0.0157
2025-09-22 02:13:13,439 - DPD clipping bound C_t: 0.14019016921520233
2025-09-22 02:13:13,445 - DPD noise norm:7.705618858337402
2025-09-22 02:13:13,454 - Round number: 69 --------------------------
2025-09-22 02:13:13,454 - Evaluate global model
2025-09-22 02:13:16,106 - Averaged Train Loss: 0.1050
2025-09-22 02:13:16,114 - Test Accurancy: 0.9835
2025-09-22 02:13:16,114 - Attack Success Rate: 0.0151
2025-09-22 02:13:21,455 - DPD clipping bound C_t: 0.13972049951553345
2025-09-22 02:13:21,460 - DPD noise norm:7.678576469421387
2025-09-22 02:13:21,469 - Round number: 70 --------------------------
2025-09-22 02:13:21,470 - Evaluate global model
2025-09-22 02:13:23,802 - Averaged Train Loss: 0.1071
2025-09-22 02:13:23,803 - Test Accurancy: 0.9841
2025-09-22 02:13:23,803 - Attack Success Rate: 0.0128
2025-09-22 02:13:29,958 - DPD clipping bound C_t: 0.13651547580957413
2025-09-22 02:13:29,963 - DPD noise norm:7.493292331695557
2025-09-22 02:13:29,981 - Round number: 71 --------------------------
2025-09-22 02:13:29,981 - Evaluate global model
2025-09-22 02:13:32,018 - Averaged Train Loss: 0.1030
2025-09-22 02:13:32,019 - Test Accurancy: 0.9836
2025-09-22 02:13:32,019 - Attack Success Rate: 0.0168
2025-09-22 02:13:37,423 - DPD clipping bound C_t: 0.13711115717887878
2025-09-22 02:13:37,430 - DPD noise norm:7.535927772521973
2025-09-22 02:13:37,445 - Round number: 72 --------------------------
2025-09-22 02:13:37,445 - Evaluate global model
2025-09-22 02:13:39,543 - Averaged Train Loss: 0.1040
2025-09-22 02:13:39,543 - Test Accurancy: 0.9833
2025-09-22 02:13:39,543 - Attack Success Rate: 0.0145
2025-09-22 02:13:44,799 - DPD clipping bound C_t: 0.13541386276483536
2025-09-22 02:13:44,817 - DPD noise norm:7.441579818725586
2025-09-22 02:13:44,834 - Round number: 73 --------------------------
2025-09-22 02:13:44,835 - Evaluate global model
2025-09-22 02:13:47,047 - Averaged Train Loss: 0.1014
2025-09-22 02:13:47,047 - Test Accurancy: 0.9836
2025-09-22 02:13:47,048 - Attack Success Rate: 0.0139
2025-09-22 02:13:51,904 - DPD clipping bound C_t: 0.13649559766054153
2025-09-22 02:13:51,924 - DPD noise norm:7.507028579711914
2025-09-22 02:13:51,938 - Round number: 74 --------------------------
2025-09-22 02:13:51,938 - Evaluate global model
2025-09-22 02:13:54,275 - Averaged Train Loss: 0.1020
2025-09-22 02:13:54,276 - Test Accurancy: 0.9835
2025-09-22 02:13:54,276 - Attack Success Rate: 0.0145
2025-09-22 02:13:59,069 - DPD clipping bound C_t: 0.12974094599485397
2025-09-22 02:13:59,077 - DPD noise norm:7.131788730621338
2025-09-22 02:13:59,087 - Round number: 75 --------------------------
2025-09-22 02:13:59,087 - Evaluate global model
2025-09-22 02:14:01,564 - Averaged Train Loss: 0.0997
2025-09-22 02:14:01,567 - Test Accurancy: 0.9836
2025-09-22 02:14:01,567 - Attack Success Rate: 0.0157
2025-09-22 02:14:06,482 - DPD clipping bound C_t: 0.12881528586149216
2025-09-22 02:14:06,502 - DPD noise norm:7.087390422821045
2025-09-22 02:14:06,517 - Round number: 76 --------------------------
2025-09-22 02:14:06,518 - Evaluate global model
2025-09-22 02:14:09,190 - Averaged Train Loss: 0.0992
2025-09-22 02:14:09,196 - Test Accurancy: 0.9837
2025-09-22 02:14:09,196 - Attack Success Rate: 0.0168
2025-09-22 02:14:15,099 - DPD clipping bound C_t: 0.1333136484026909
2025-09-22 02:14:15,105 - DPD noise norm:7.323599815368652
2025-09-22 02:14:15,115 - Round number: 77 --------------------------
2025-09-22 02:14:15,115 - Evaluate global model
2025-09-22 02:14:17,420 - Averaged Train Loss: 0.1025
2025-09-22 02:14:17,423 - Test Accurancy: 0.9840
2025-09-22 02:14:17,423 - Attack Success Rate: 0.0133
2025-09-22 02:14:23,630 - DPD clipping bound C_t: 0.12697139382362366
2025-09-22 02:14:23,648 - DPD noise norm:6.983519554138184
2025-09-22 02:14:23,669 - Round number: 78 --------------------------
2025-09-22 02:14:23,669 - Evaluate global model
2025-09-22 02:14:26,263 - Averaged Train Loss: 0.0985
2025-09-22 02:14:26,270 - Test Accurancy: 0.9835
2025-09-22 02:14:26,270 - Attack Success Rate: 0.0151
2025-09-22 02:14:32,773 - DPD clipping bound C_t: 0.12427271157503128
2025-09-22 02:14:32,787 - DPD noise norm:6.819334030151367
2025-09-22 02:14:32,807 - Round number: 79 --------------------------
2025-09-22 02:14:32,808 - Evaluate global model
2025-09-22 02:14:35,280 - Averaged Train Loss: 0.0993
2025-09-22 02:14:35,281 - Test Accurancy: 0.9841
2025-09-22 02:14:35,281 - Attack Success Rate: 0.0145
2025-09-22 02:14:42,039 - DPD clipping bound C_t: 0.12183839082717896
2025-09-22 02:14:42,045 - DPD noise norm:6.686428546905518
2025-09-22 02:14:42,062 - Round number: 80 --------------------------
2025-09-22 02:14:42,063 - Evaluate global model
2025-09-22 02:14:44,542 - Averaged Train Loss: 0.1025
2025-09-22 02:14:44,542 - Test Accurancy: 0.9842
2025-09-22 02:14:44,542 - Attack Success Rate: 0.0116
2025-09-22 02:14:50,716 - DPD clipping bound C_t: 0.11979299783706665
2025-09-22 02:14:50,731 - DPD noise norm:6.587250232696533
2025-09-22 02:14:50,748 - Round number: 81 --------------------------
2025-09-22 02:14:50,749 - Evaluate global model
2025-09-22 02:14:53,064 - Averaged Train Loss: 0.1012
2025-09-22 02:14:53,065 - Test Accurancy: 0.9838
2025-09-22 02:14:53,065 - Attack Success Rate: 0.0128
2025-09-22 02:14:58,471 - DPD clipping bound C_t: 0.11964694038033485
2025-09-22 02:14:58,488 - DPD noise norm:6.5740065574646
2025-09-22 02:14:58,504 - Round number: 82 --------------------------
2025-09-22 02:14:58,504 - Evaluate global model
2025-09-22 02:15:01,129 - Averaged Train Loss: 0.1004
2025-09-22 02:15:01,130 - Test Accurancy: 0.9842
2025-09-22 02:15:01,130 - Attack Success Rate: 0.0128
2025-09-22 02:15:05,847 - DPD clipping bound C_t: 0.11552790552377701
2025-09-22 02:15:05,850 - DPD noise norm:6.339740753173828
2025-09-22 02:15:05,860 - Round number: 83 --------------------------
2025-09-22 02:15:05,860 - Evaluate global model
2025-09-22 02:15:08,189 - Averaged Train Loss: 0.1005
2025-09-22 02:15:08,190 - Test Accurancy: 0.9840
2025-09-22 02:15:08,190 - Attack Success Rate: 0.0110
2025-09-22 02:15:12,663 - DPD clipping bound C_t: 0.11848340928554535
2025-09-22 02:15:12,666 - DPD noise norm:6.499241352081299
2025-09-22 02:15:12,675 - Round number: 84 --------------------------
2025-09-22 02:15:12,675 - Evaluate global model
2025-09-22 02:15:14,644 - Averaged Train Loss: 0.1003
2025-09-22 02:15:14,644 - Test Accurancy: 0.9840
2025-09-22 02:15:14,644 - Attack Success Rate: 0.0128
2025-09-22 02:15:19,659 - DPD clipping bound C_t: 0.11691577360033989
2025-09-22 02:15:19,662 - DPD noise norm:6.425235271453857
2025-09-22 02:15:19,672 - Round number: 85 --------------------------
2025-09-22 02:15:19,673 - Evaluate global model
2025-09-22 02:15:21,769 - Averaged Train Loss: 0.1009
2025-09-22 02:15:21,773 - Test Accurancy: 0.9847
2025-09-22 02:15:21,773 - Attack Success Rate: 0.0093
2025-09-22 02:15:26,506 - DPD clipping bound C_t: 0.11238202452659607
2025-09-22 02:15:26,509 - DPD noise norm:6.178299903869629
2025-09-22 02:15:26,519 - Round number: 86 --------------------------
2025-09-22 02:15:26,519 - Evaluate global model
2025-09-22 02:15:28,943 - Averaged Train Loss: 0.1014
2025-09-22 02:15:28,945 - Test Accurancy: 0.9845
2025-09-22 02:15:28,945 - Attack Success Rate: 0.0104
2025-09-22 02:15:34,481 - DPD clipping bound C_t: 0.11048639565706253
2025-09-22 02:15:34,487 - DPD noise norm:6.062778472900391
2025-09-22 02:15:34,501 - Round number: 87 --------------------------
2025-09-22 02:15:34,501 - Evaluate global model
2025-09-22 02:15:36,775 - Averaged Train Loss: 0.0977
2025-09-22 02:15:36,775 - Test Accurancy: 0.9843
2025-09-22 02:15:36,775 - Attack Success Rate: 0.0133
2025-09-22 02:15:42,642 - DPD clipping bound C_t: 0.10864532738924026
2025-09-22 02:15:42,650 - DPD noise norm:5.973572254180908
2025-09-22 02:15:42,658 - Round number: 88 --------------------------
2025-09-22 02:15:42,658 - Evaluate global model
2025-09-22 02:15:44,962 - Averaged Train Loss: 0.0987
2025-09-22 02:15:44,963 - Test Accurancy: 0.9844
2025-09-22 02:15:44,963 - Attack Success Rate: 0.0128
2025-09-22 02:15:50,241 - DPD clipping bound C_t: 0.10777781158685684
2025-09-22 02:15:50,254 - DPD noise norm:5.92685604095459
2025-09-22 02:15:50,269 - Round number: 89 --------------------------
2025-09-22 02:15:50,270 - Evaluate global model
2025-09-22 02:15:52,355 - Averaged Train Loss: 0.0986
2025-09-22 02:15:52,356 - Test Accurancy: 0.9846
2025-09-22 02:15:52,356 - Attack Success Rate: 0.0116
2025-09-22 02:15:56,855 - DPD clipping bound C_t: 0.10731024295091629
2025-09-22 02:15:56,858 - DPD noise norm:5.900331974029541
2025-09-22 02:15:56,869 - Round number: 90 --------------------------
2025-09-22 02:15:56,869 - Evaluate global model
2025-09-22 02:15:59,179 - Averaged Train Loss: 0.0971
2025-09-22 02:15:59,186 - Test Accurancy: 0.9848
2025-09-22 02:15:59,186 - Attack Success Rate: 0.0128
2025-09-22 02:16:04,765 - DPD clipping bound C_t: 0.1062052883207798
2025-09-22 02:16:04,769 - DPD noise norm:5.843963623046875
2025-09-22 02:16:04,782 - Round number: 91 --------------------------
2025-09-22 02:16:04,782 - Evaluate global model
2025-09-22 02:16:07,489 - Averaged Train Loss: 0.0973
2025-09-22 02:16:07,493 - Test Accurancy: 0.9845
2025-09-22 02:16:07,493 - Attack Success Rate: 0.0133
2025-09-22 02:16:13,629 - DPD clipping bound C_t: 0.10454483702778816
2025-09-22 02:16:13,638 - DPD noise norm:5.732568264007568
2025-09-22 02:16:13,650 - Round number: 92 --------------------------
2025-09-22 02:16:13,650 - Evaluate global model
2025-09-22 02:16:15,829 - Averaged Train Loss: 0.0972
2025-09-22 02:16:15,834 - Test Accurancy: 0.9844
2025-09-22 02:16:15,834 - Attack Success Rate: 0.0139
2025-09-22 02:16:22,245 - DPD clipping bound C_t: 0.10516954213380814
2025-09-22 02:16:22,252 - DPD noise norm:5.774996280670166
2025-09-22 02:16:22,271 - Round number: 93 --------------------------
2025-09-22 02:16:22,271 - Evaluate global model
2025-09-22 02:16:24,485 - Averaged Train Loss: 0.0976
2025-09-22 02:16:24,486 - Test Accurancy: 0.9842
2025-09-22 02:16:24,486 - Attack Success Rate: 0.0145
2025-09-22 02:16:30,760 - DPD clipping bound C_t: 0.10227154940366745
2025-09-22 02:16:30,768 - DPD noise norm:5.607665538787842
2025-09-22 02:16:30,784 - Round number: 94 --------------------------
2025-09-22 02:16:30,784 - Evaluate global model
2025-09-22 02:16:33,195 - Averaged Train Loss: 0.0968
2025-09-22 02:16:33,195 - Test Accurancy: 0.9840
2025-09-22 02:16:33,195 - Attack Success Rate: 0.0151
2025-09-22 02:16:39,136 - DPD clipping bound C_t: 0.10138110816478729
2025-09-22 02:16:39,142 - DPD noise norm:5.575044631958008
2025-09-22 02:16:39,157 - Round number: 95 --------------------------
2025-09-22 02:16:39,157 - Evaluate global model
2025-09-22 02:16:41,431 - Averaged Train Loss: 0.1002
2025-09-22 02:16:41,432 - Test Accurancy: 0.9838
2025-09-22 02:16:41,432 - Attack Success Rate: 0.0122
2025-09-22 02:16:46,833 - DPD clipping bound C_t: 0.10086679458618164
2025-09-22 02:16:46,846 - DPD noise norm:5.543713569641113
2025-09-22 02:16:46,859 - Round number: 96 --------------------------
2025-09-22 02:16:46,860 - Evaluate global model
2025-09-22 02:16:49,116 - Averaged Train Loss: 0.0985
2025-09-22 02:16:49,117 - Test Accurancy: 0.9839
2025-09-22 02:16:49,117 - Attack Success Rate: 0.0139
2025-09-22 02:16:54,658 - DPD clipping bound C_t: 0.09738665446639061
2025-09-22 02:16:54,668 - DPD noise norm:5.3478875160217285
2025-09-22 02:16:54,680 - Round number: 97 --------------------------
2025-09-22 02:16:54,681 - Evaluate global model
2025-09-22 02:16:57,357 - Averaged Train Loss: 0.0991
2025-09-22 02:16:57,360 - Test Accurancy: 0.9841
2025-09-22 02:16:57,360 - Attack Success Rate: 0.0128
2025-09-22 02:17:02,969 - DPD clipping bound C_t: 0.09742557257413864
2025-09-22 02:17:02,978 - DPD noise norm:5.351781845092773
2025-09-22 02:17:02,991 - Round number: 98 --------------------------
2025-09-22 02:17:02,991 - Evaluate global model
2025-09-22 02:17:05,475 - Averaged Train Loss: 0.0974
2025-09-22 02:17:05,479 - Test Accurancy: 0.9841
2025-09-22 02:17:05,479 - Attack Success Rate: 0.0122
2025-09-22 02:17:11,386 - DPD clipping bound C_t: 0.09686350077390671
2025-09-22 02:17:11,394 - DPD noise norm:5.320554733276367
2025-09-22 02:17:11,408 - Round number: 99 --------------------------
2025-09-22 02:17:11,408 - Evaluate global model
2025-09-22 02:17:13,998 - Averaged Train Loss: 0.0961
2025-09-22 02:17:14,003 - Test Accurancy: 0.9842
2025-09-22 02:17:14,003 - Attack Success Rate: 0.0133
2025-09-22 02:17:19,135 - DPD clipping bound C_t: 0.09652591869235039
2025-09-22 02:17:19,144 - DPD noise norm:5.29597282409668
2025-09-22 02:17:19,157 - Round number: 100 --------------------------
2025-09-22 02:17:19,157 - Evaluate global model
2025-09-22 02:17:21,906 - Averaged Train Loss: 0.0975
2025-09-22 02:17:21,914 - Test Accurancy: 0.9843
2025-09-22 02:17:21,915 - Attack Success Rate: 0.0128
2025-09-22 02:17:27,995 - DPD clipping bound C_t: 0.09538571909070015
2025-09-22 02:17:27,999 - DPD noise norm:5.251102447509766
2025-09-22 02:17:28,000 - Run over
2025-09-22 02:17:28,000 - Saving results to ./exp/exp2/MNIST/0.072.h5
2025-09-22 02:17:28,013 - Best accuracy: 0.9847550531003768
2025-09-22 02:17:28,017 - Average time cost per round: 7.9767752408981325
