2025-09-22 02:17:36,891 - *****************EXP-2*****************
2025-09-22 02:17:36,891 - Exp repeats: 1
2025-09-22 02:17:36,891 - Communication Rounds: 100
2025-09-22 02:17:36,891 - Clients: 40

2025-09-22 02:17:36,891 - Attack method: scale
2025-09-22 02:17:36,891 - Filtering rule: dpd
2025-09-22 02:17:36,891 - Dataset: MNIST
2025-09-22 02:17:36,891 - Model: cnn
2025-09-22 02:17:36,891 - Learning Rate: 0.1
2025-09-22 02:17:36,891 - Batch Size: 64
2025-09-22 02:17:36,891 - Device: cuda
2025-09-22 02:17:36,892 - Device id: 0
2025-09-22 02:17:36,892 - DPD clipping strategy: auto
2025-09-22 02:17:36,892 - DPD noise level: 0.076
2025-09-22 02:17:36,892 - Adversaries: 8
2025-09-22 02:17:36,892 - Targeted Label Flipping: 4-->6
2025-09-22 02:17:36,892 - *****************EXP-2*****************
2025-09-22 02:17:37,216 - Running time: 0th ==========================
2025-09-22 02:17:39,474 - Round number: 0 --------------------------
2025-09-22 02:17:39,475 - Evaluate global model
2025-09-22 02:17:43,089 - Averaged Train Loss: 2.3310
2025-09-22 02:17:43,091 - Test Accurancy: 0.1060
2025-09-22 02:17:43,091 - Attack Success Rate: 0.0017
2025-09-22 02:17:48,086 - DPD clipping bound C_t: 1.9885432720184326
2025-09-22 02:17:48,096 - DPD noise norm:115.10682678222656
2025-09-22 02:17:48,106 - Round number: 1 --------------------------
2025-09-22 02:17:48,106 - Evaluate global model
2025-09-22 02:17:50,387 - Averaged Train Loss: 1.5645
2025-09-22 02:17:50,393 - Test Accurancy: 0.6195
2025-09-22 02:17:50,393 - Attack Success Rate: 0.4159
2025-09-22 02:17:56,474 - DPD clipping bound C_t: 2.0254215002059937
2025-09-22 02:17:56,488 - DPD noise norm:117.42754364013672
2025-09-22 02:17:56,503 - Round number: 2 --------------------------
2025-09-22 02:17:56,504 - Evaluate global model
2025-09-22 02:17:59,164 - Averaged Train Loss: 0.9883
2025-09-22 02:17:59,166 - Test Accurancy: 0.7292
2025-09-22 02:17:59,166 - Attack Success Rate: 0.2610
2025-09-22 02:18:05,841 - DPD clipping bound C_t: 1.2286409139633179
2025-09-22 02:18:05,850 - DPD noise norm:71.32601165771484
2025-09-22 02:18:05,863 - Round number: 3 --------------------------
2025-09-22 02:18:05,863 - Evaluate global model
2025-09-22 02:18:08,388 - Averaged Train Loss: 0.5237
2025-09-22 02:18:08,394 - Test Accurancy: 0.8551
2025-09-22 02:18:08,394 - Attack Success Rate: 0.0377
2025-09-22 02:18:15,541 - DPD clipping bound C_t: 1.0723775029182434
2025-09-22 02:18:15,544 - DPD noise norm:62.23553466796875
2025-09-22 02:18:15,558 - Round number: 4 --------------------------
2025-09-22 02:18:15,558 - Evaluate global model
2025-09-22 02:18:18,335 - Averaged Train Loss: 0.3872
2025-09-22 02:18:18,340 - Test Accurancy: 0.8956
2025-09-22 02:18:18,340 - Attack Success Rate: 0.0621
2025-09-22 02:18:24,264 - DPD clipping bound C_t: 0.8259596228599548
2025-09-22 02:18:24,268 - DPD noise norm:47.89900588989258
2025-09-22 02:18:24,278 - Round number: 5 --------------------------
2025-09-22 02:18:24,278 - Evaluate global model
2025-09-22 02:18:26,650 - Averaged Train Loss: 0.2924
2025-09-22 02:18:26,651 - Test Accurancy: 0.9312
2025-09-22 02:18:26,651 - Attack Success Rate: 0.0406
2025-09-22 02:18:31,934 - DPD clipping bound C_t: 0.7192637920379639
2025-09-22 02:18:31,946 - DPD noise norm:41.70907974243164
2025-09-22 02:18:31,961 - Round number: 6 --------------------------
2025-09-22 02:18:31,961 - Evaluate global model
2025-09-22 02:18:34,102 - Averaged Train Loss: 0.2549
2025-09-22 02:18:34,103 - Test Accurancy: 0.9375
2025-09-22 02:18:34,103 - Attack Success Rate: 0.0690
2025-09-22 02:18:40,032 - DPD clipping bound C_t: 0.65409716963768
2025-09-22 02:18:40,044 - DPD noise norm:37.836185455322266
2025-09-22 02:18:40,055 - Round number: 7 --------------------------
2025-09-22 02:18:40,055 - Evaluate global model
2025-09-22 02:18:42,842 - Averaged Train Loss: 0.2250
2025-09-22 02:18:42,843 - Test Accurancy: 0.9476
2025-09-22 02:18:42,843 - Attack Success Rate: 0.0522
2025-09-22 02:18:49,559 - DPD clipping bound C_t: 0.5869401395320892
2025-09-22 02:18:49,573 - DPD noise norm:33.99853515625
2025-09-22 02:18:49,589 - Round number: 8 --------------------------
2025-09-22 02:18:49,589 - Evaluate global model
2025-09-22 02:18:52,413 - Averaged Train Loss: 0.2242
2025-09-22 02:18:52,413 - Test Accurancy: 0.9536
2025-09-22 02:18:52,413 - Attack Success Rate: 0.0244
2025-09-22 02:18:58,453 - DPD clipping bound C_t: 0.5562363266944885
2025-09-22 02:18:58,467 - DPD noise norm:32.17334747314453
2025-09-22 02:18:58,483 - Round number: 9 --------------------------
2025-09-22 02:18:58,483 - Evaluate global model
2025-09-22 02:19:00,971 - Averaged Train Loss: 0.2007
2025-09-22 02:19:00,972 - Test Accurancy: 0.9540
2025-09-22 02:19:00,972 - Attack Success Rate: 0.0441
2025-09-22 02:19:07,522 - DPD clipping bound C_t: 0.5533434748649597
2025-09-22 02:19:07,539 - DPD noise norm:32.09088134765625
2025-09-22 02:19:07,567 - Round number: 10 --------------------------
2025-09-22 02:19:07,569 - Evaluate global model
2025-09-22 02:19:10,221 - Averaged Train Loss: 0.1820
2025-09-22 02:19:10,227 - Test Accurancy: 0.9575
2025-09-22 02:19:10,227 - Attack Success Rate: 0.0568
2025-09-22 02:19:16,658 - DPD clipping bound C_t: 0.4980107992887497
2025-09-22 02:19:16,671 - DPD noise norm:28.864736557006836
2025-09-22 02:19:16,701 - Round number: 11 --------------------------
2025-09-22 02:19:16,713 - Evaluate global model
2025-09-22 02:19:19,656 - Averaged Train Loss: 0.1795
2025-09-22 02:19:19,657 - Test Accurancy: 0.9640
2025-09-22 02:19:19,657 - Attack Success Rate: 0.0238
2025-09-22 02:19:26,634 - DPD clipping bound C_t: 0.46881479024887085
2025-09-22 02:19:26,649 - DPD noise norm:27.227651596069336
2025-09-22 02:19:26,670 - Round number: 12 --------------------------
2025-09-22 02:19:26,670 - Evaluate global model
2025-09-22 02:19:29,165 - Averaged Train Loss: 0.1694
2025-09-22 02:19:29,165 - Test Accurancy: 0.9652
2025-09-22 02:19:29,165 - Attack Success Rate: 0.0307
2025-09-22 02:19:36,491 - DPD clipping bound C_t: 0.4543445259332657
2025-09-22 02:19:36,506 - DPD noise norm:26.304218292236328
2025-09-22 02:19:36,520 - Round number: 13 --------------------------
2025-09-22 02:19:36,520 - Evaluate global model
2025-09-22 02:19:39,430 - Averaged Train Loss: 0.1688
2025-09-22 02:19:39,437 - Test Accurancy: 0.9675
2025-09-22 02:19:39,437 - Attack Success Rate: 0.0162
2025-09-22 02:19:46,079 - DPD clipping bound C_t: 0.4467085003852844
2025-09-22 02:19:46,089 - DPD noise norm:25.874881744384766
2025-09-22 02:19:46,106 - Round number: 14 --------------------------
2025-09-22 02:19:46,106 - Evaluate global model
2025-09-22 02:19:48,736 - Averaged Train Loss: 0.1710
2025-09-22 02:19:48,736 - Test Accurancy: 0.9689
2025-09-22 02:19:48,736 - Attack Success Rate: 0.0151
2025-09-22 02:19:54,273 - DPD clipping bound C_t: 0.41790591180324554
2025-09-22 02:19:54,275 - DPD noise norm:24.210987091064453
2025-09-22 02:19:54,283 - Round number: 15 --------------------------
2025-09-22 02:19:54,283 - Evaluate global model
2025-09-22 02:19:56,210 - Averaged Train Loss: 0.1641
2025-09-22 02:19:56,210 - Test Accurancy: 0.9693
2025-09-22 02:19:56,210 - Attack Success Rate: 0.0174
2025-09-22 02:20:01,066 - DPD clipping bound C_t: 0.40186890959739685
2025-09-22 02:20:01,070 - DPD noise norm:23.324790954589844
2025-09-22 02:20:01,086 - Round number: 16 --------------------------
2025-09-22 02:20:01,086 - Evaluate global model
2025-09-22 02:20:03,107 - Averaged Train Loss: 0.1563
2025-09-22 02:20:03,108 - Test Accurancy: 0.9685
2025-09-22 02:20:03,108 - Attack Success Rate: 0.0255
2025-09-22 02:20:07,281 - DPD clipping bound C_t: 0.39916056394577026
2025-09-22 02:20:07,285 - DPD noise norm:23.128633499145508
2025-09-22 02:20:07,294 - Round number: 17 --------------------------
2025-09-22 02:20:07,294 - Evaluate global model
2025-09-22 02:20:09,499 - Averaged Train Loss: 0.1461
2025-09-22 02:20:09,500 - Test Accurancy: 0.9715
2025-09-22 02:20:09,500 - Attack Success Rate: 0.0273
2025-09-22 02:20:14,856 - DPD clipping bound C_t: 0.3770832419395447
2025-09-22 02:20:14,863 - DPD noise norm:21.843551635742188
2025-09-22 02:20:14,886 - Round number: 18 --------------------------
2025-09-22 02:20:14,886 - Evaluate global model
2025-09-22 02:20:16,964 - Averaged Train Loss: 0.1416
2025-09-22 02:20:16,965 - Test Accurancy: 0.9716
2025-09-22 02:20:16,965 - Attack Success Rate: 0.0319
2025-09-22 02:20:22,009 - DPD clipping bound C_t: 0.37285152077674866
2025-09-22 02:20:22,018 - DPD noise norm:21.67267608642578
2025-09-22 02:20:22,031 - Round number: 19 --------------------------
2025-09-22 02:20:22,031 - Evaluate global model
2025-09-22 02:20:23,782 - Averaged Train Loss: 0.1415
2025-09-22 02:20:23,783 - Test Accurancy: 0.9727
2025-09-22 02:20:23,783 - Attack Success Rate: 0.0267
2025-09-22 02:20:29,118 - DPD clipping bound C_t: 0.35644176602363586
2025-09-22 02:20:29,123 - DPD noise norm:20.690595626831055
2025-09-22 02:20:29,135 - Round number: 20 --------------------------
2025-09-22 02:20:29,135 - Evaluate global model
2025-09-22 02:20:31,569 - Averaged Train Loss: 0.1416
2025-09-22 02:20:31,571 - Test Accurancy: 0.9730
2025-09-22 02:20:31,571 - Attack Success Rate: 0.0226
2025-09-22 02:20:36,622 - DPD clipping bound C_t: 0.35130318999290466
2025-09-22 02:20:36,625 - DPD noise norm:20.331226348876953
2025-09-22 02:20:36,633 - Round number: 21 --------------------------
2025-09-22 02:20:36,633 - Evaluate global model
2025-09-22 02:20:39,094 - Averaged Train Loss: 0.1382
2025-09-22 02:20:39,095 - Test Accurancy: 0.9745
2025-09-22 02:20:39,096 - Attack Success Rate: 0.0267
2025-09-22 02:20:45,675 - DPD clipping bound C_t: 0.3381931781768799
2025-09-22 02:20:45,679 - DPD noise norm:19.616012573242188
2025-09-22 02:20:45,696 - Round number: 22 --------------------------
2025-09-22 02:20:45,697 - Evaluate global model
2025-09-22 02:20:48,231 - Averaged Train Loss: 0.1405
2025-09-22 02:20:48,243 - Test Accurancy: 0.9755
2025-09-22 02:20:48,244 - Attack Success Rate: 0.0157
2025-09-22 02:20:54,823 - DPD clipping bound C_t: 0.3320216089487076
2025-09-22 02:20:54,834 - DPD noise norm:19.225074768066406
2025-09-22 02:20:54,850 - Round number: 23 --------------------------
2025-09-22 02:20:54,850 - Evaluate global model
2025-09-22 02:20:57,633 - Averaged Train Loss: 0.1319
2025-09-22 02:20:57,641 - Test Accurancy: 0.9768
2025-09-22 02:20:57,641 - Attack Success Rate: 0.0151
2025-09-22 02:21:03,558 - DPD clipping bound C_t: 0.3175686448812485
2025-09-22 02:21:03,568 - DPD noise norm:18.395597457885742
2025-09-22 02:21:03,580 - Round number: 24 --------------------------
2025-09-22 02:21:03,581 - Evaluate global model
2025-09-22 02:21:06,158 - Averaged Train Loss: 0.1279
2025-09-22 02:21:06,164 - Test Accurancy: 0.9766
2025-09-22 02:21:06,164 - Attack Success Rate: 0.0180
2025-09-22 02:21:11,480 - DPD clipping bound C_t: 0.3148658871650696
2025-09-22 02:21:11,484 - DPD noise norm:18.273855209350586
2025-09-22 02:21:11,493 - Round number: 25 --------------------------
2025-09-22 02:21:11,493 - Evaluate global model
2025-09-22 02:21:13,889 - Averaged Train Loss: 0.1273
2025-09-22 02:21:13,890 - Test Accurancy: 0.9765
2025-09-22 02:21:13,890 - Attack Success Rate: 0.0180
2025-09-22 02:21:19,151 - DPD clipping bound C_t: 0.3068370223045349
2025-09-22 02:21:19,160 - DPD noise norm:17.78567886352539
2025-09-22 02:21:19,169 - Round number: 26 --------------------------
2025-09-22 02:21:19,169 - Evaluate global model
2025-09-22 02:21:21,136 - Averaged Train Loss: 0.1269
2025-09-22 02:21:21,136 - Test Accurancy: 0.9769
2025-09-22 02:21:21,136 - Attack Success Rate: 0.0191
2025-09-22 02:21:26,900 - DPD clipping bound C_t: 0.29589398205280304
2025-09-22 02:21:26,913 - DPD noise norm:17.163150787353516
2025-09-22 02:21:26,929 - Round number: 27 --------------------------
2025-09-22 02:21:26,929 - Evaluate global model
2025-09-22 02:21:29,072 - Averaged Train Loss: 0.1281
2025-09-22 02:21:29,073 - Test Accurancy: 0.9782
2025-09-22 02:21:29,073 - Attack Success Rate: 0.0139
2025-09-22 02:21:34,397 - DPD clipping bound C_t: 0.28521689772605896
2025-09-22 02:21:34,410 - DPD noise norm:16.5386905670166
2025-09-22 02:21:34,425 - Round number: 28 --------------------------
2025-09-22 02:21:34,425 - Evaluate global model
2025-09-22 02:21:36,979 - Averaged Train Loss: 0.1280
2025-09-22 02:21:36,980 - Test Accurancy: 0.9784
2025-09-22 02:21:36,980 - Attack Success Rate: 0.0128
2025-09-22 02:21:42,027 - DPD clipping bound C_t: 0.2845141738653183
2025-09-22 02:21:42,029 - DPD noise norm:16.49435806274414
2025-09-22 02:21:42,039 - Round number: 29 --------------------------
2025-09-22 02:21:42,039 - Evaluate global model
2025-09-22 02:21:44,292 - Averaged Train Loss: 0.1248
2025-09-22 02:21:44,297 - Test Accurancy: 0.9791
2025-09-22 02:21:44,297 - Attack Success Rate: 0.0139
2025-09-22 02:21:50,205 - DPD clipping bound C_t: 0.2811199575662613
2025-09-22 02:21:50,213 - DPD noise norm:16.330211639404297
2025-09-22 02:21:50,232 - Round number: 30 --------------------------
2025-09-22 02:21:50,233 - Evaluate global model
2025-09-22 02:21:52,513 - Averaged Train Loss: 0.1198
2025-09-22 02:21:52,517 - Test Accurancy: 0.9780
2025-09-22 02:21:52,517 - Attack Success Rate: 0.0191
2025-09-22 02:21:57,582 - DPD clipping bound C_t: 0.2753685563802719
2025-09-22 02:21:57,587 - DPD noise norm:15.962480545043945
2025-09-22 02:21:57,599 - Round number: 31 --------------------------
2025-09-22 02:21:57,599 - Evaluate global model
2025-09-22 02:21:59,444 - Averaged Train Loss: 0.1202
2025-09-22 02:21:59,445 - Test Accurancy: 0.9789
2025-09-22 02:21:59,445 - Attack Success Rate: 0.0186
2025-09-22 02:22:04,239 - DPD clipping bound C_t: 0.26819808781147003
2025-09-22 02:22:04,244 - DPD noise norm:15.541669845581055
2025-09-22 02:22:04,254 - Round number: 32 --------------------------
2025-09-22 02:22:04,254 - Evaluate global model
2025-09-22 02:22:06,375 - Averaged Train Loss: 0.1206
2025-09-22 02:22:06,375 - Test Accurancy: 0.9796
2025-09-22 02:22:06,375 - Attack Success Rate: 0.0145
2025-09-22 02:22:11,776 - DPD clipping bound C_t: 0.26845063269138336
2025-09-22 02:22:11,785 - DPD noise norm:15.562211036682129
2025-09-22 02:22:11,796 - Round number: 33 --------------------------
2025-09-22 02:22:11,796 - Evaluate global model
2025-09-22 02:22:14,503 - Averaged Train Loss: 0.1189
2025-09-22 02:22:14,509 - Test Accurancy: 0.9797
2025-09-22 02:22:14,509 - Attack Success Rate: 0.0139
2025-09-22 02:22:20,689 - DPD clipping bound C_t: 0.2569786608219147
2025-09-22 02:22:20,693 - DPD noise norm:14.888806343078613
2025-09-22 02:22:20,703 - Round number: 34 --------------------------
2025-09-22 02:22:20,703 - Evaluate global model
2025-09-22 02:22:23,735 - Averaged Train Loss: 0.1199
2025-09-22 02:22:23,742 - Test Accurancy: 0.9802
2025-09-22 02:22:23,742 - Attack Success Rate: 0.0128
2025-09-22 02:22:29,184 - DPD clipping bound C_t: 0.25012172758579254
2025-09-22 02:22:29,188 - DPD noise norm:14.51504898071289
2025-09-22 02:22:29,198 - Round number: 35 --------------------------
2025-09-22 02:22:29,199 - Evaluate global model
2025-09-22 02:22:31,442 - Averaged Train Loss: 0.1177
2025-09-22 02:22:31,442 - Test Accurancy: 0.9800
2025-09-22 02:22:31,442 - Attack Success Rate: 0.0162
2025-09-22 02:22:36,061 - DPD clipping bound C_t: 0.246687613427639
2025-09-22 02:22:36,064 - DPD noise norm:14.290787696838379
2025-09-22 02:22:36,072 - Round number: 36 --------------------------
2025-09-22 02:22:36,072 - Evaluate global model
2025-09-22 02:22:38,007 - Averaged Train Loss: 0.1150
2025-09-22 02:22:38,008 - Test Accurancy: 0.9811
2025-09-22 02:22:38,008 - Attack Success Rate: 0.0162
2025-09-22 02:22:43,379 - DPD clipping bound C_t: 0.24114971607923508
2025-09-22 02:22:43,385 - DPD noise norm:13.984037399291992
2025-09-22 02:22:43,401 - Round number: 37 --------------------------
2025-09-22 02:22:43,401 - Evaluate global model
2025-09-22 02:22:45,163 - Averaged Train Loss: 0.1167
2025-09-22 02:22:45,163 - Test Accurancy: 0.9808
2025-09-22 02:22:45,163 - Attack Success Rate: 0.0151
2025-09-22 02:22:50,241 - DPD clipping bound C_t: 0.23967399448156357
2025-09-22 02:22:50,262 - DPD noise norm:13.892110824584961
2025-09-22 02:22:50,281 - Round number: 38 --------------------------
2025-09-22 02:22:50,281 - Evaluate global model
2025-09-22 02:22:53,377 - Averaged Train Loss: 0.1169
2025-09-22 02:22:53,377 - Test Accurancy: 0.9808
2025-09-22 02:22:53,378 - Attack Success Rate: 0.0145
2025-09-22 02:22:59,765 - DPD clipping bound C_t: 0.23502177000045776
2025-09-22 02:22:59,775 - DPD noise norm:13.636027336120605
2025-09-22 02:22:59,790 - Round number: 39 --------------------------
2025-09-22 02:22:59,790 - Evaluate global model
2025-09-22 02:23:02,593 - Averaged Train Loss: 0.1119
2025-09-22 02:23:02,595 - Test Accurancy: 0.9811
2025-09-22 02:23:02,595 - Attack Success Rate: 0.0180
2025-09-22 02:23:08,416 - DPD clipping bound C_t: 0.22835498303174973
2025-09-22 02:23:08,421 - DPD noise norm:13.254836082458496
2025-09-22 02:23:08,434 - Round number: 40 --------------------------
2025-09-22 02:23:08,434 - Evaluate global model
2025-09-22 02:23:11,240 - Averaged Train Loss: 0.1182
2025-09-22 02:23:11,246 - Test Accurancy: 0.9818
2025-09-22 02:23:11,246 - Attack Success Rate: 0.0110
2025-09-22 02:23:16,782 - DPD clipping bound C_t: 0.22632962465286255
2025-09-22 02:23:16,787 - DPD noise norm:13.11168384552002
2025-09-22 02:23:16,808 - Round number: 41 --------------------------
2025-09-22 02:23:16,809 - Evaluate global model
2025-09-22 02:23:19,504 - Averaged Train Loss: 0.1170
2025-09-22 02:23:19,510 - Test Accurancy: 0.9815
2025-09-22 02:23:19,510 - Attack Success Rate: 0.0110
2025-09-22 02:23:25,014 - DPD clipping bound C_t: 0.22720874845981598
2025-09-22 02:23:25,019 - DPD noise norm:13.164650917053223
2025-09-22 02:23:25,029 - Round number: 42 --------------------------
2025-09-22 02:23:25,029 - Evaluate global model
2025-09-22 02:23:27,742 - Averaged Train Loss: 0.1136
2025-09-22 02:23:27,750 - Test Accurancy: 0.9812
2025-09-22 02:23:27,750 - Attack Success Rate: 0.0133
2025-09-22 02:23:33,270 - DPD clipping bound C_t: 0.22139354050159454
2025-09-22 02:23:33,280 - DPD noise norm:12.809016227722168
2025-09-22 02:23:33,297 - Round number: 43 --------------------------
2025-09-22 02:23:33,297 - Evaluate global model
2025-09-22 02:23:36,178 - Averaged Train Loss: 0.1124
2025-09-22 02:23:36,186 - Test Accurancy: 0.9814
2025-09-22 02:23:36,186 - Attack Success Rate: 0.0145
2025-09-22 02:23:41,868 - DPD clipping bound C_t: 0.21131055802106857
2025-09-22 02:23:41,872 - DPD noise norm:12.263826370239258
2025-09-22 02:23:41,880 - Round number: 44 --------------------------
2025-09-22 02:23:41,880 - Evaluate global model
2025-09-22 02:23:44,108 - Averaged Train Loss: 0.1148
2025-09-22 02:23:44,111 - Test Accurancy: 0.9826
2025-09-22 02:23:44,111 - Attack Success Rate: 0.0104
2025-09-22 02:23:50,068 - DPD clipping bound C_t: 0.20625271648168564
2025-09-22 02:23:50,079 - DPD noise norm:11.959562301635742
2025-09-22 02:23:50,091 - Round number: 45 --------------------------
2025-09-22 02:23:50,091 - Evaluate global model
2025-09-22 02:23:52,417 - Averaged Train Loss: 0.1108
2025-09-22 02:23:52,418 - Test Accurancy: 0.9815
2025-09-22 02:23:52,418 - Attack Success Rate: 0.0162
2025-09-22 02:23:58,726 - DPD clipping bound C_t: 0.20920880883932114
2025-09-22 02:23:58,738 - DPD noise norm:12.120241165161133
2025-09-22 02:23:58,755 - Round number: 46 --------------------------
2025-09-22 02:23:58,755 - Evaluate global model
2025-09-22 02:24:00,710 - Averaged Train Loss: 0.1143
2025-09-22 02:24:00,711 - Test Accurancy: 0.9821
2025-09-22 02:24:00,711 - Attack Success Rate: 0.0116
2025-09-22 02:24:06,976 - DPD clipping bound C_t: 0.20110107958316803
2025-09-22 02:24:06,996 - DPD noise norm:11.66792106628418
2025-09-22 02:24:07,015 - Round number: 47 --------------------------
2025-09-22 02:24:07,016 - Evaluate global model
2025-09-22 02:24:09,356 - Averaged Train Loss: 0.1093
2025-09-22 02:24:09,357 - Test Accurancy: 0.9816
2025-09-22 02:24:09,357 - Attack Success Rate: 0.0168
2025-09-22 02:24:14,396 - DPD clipping bound C_t: 0.19727296382188797
2025-09-22 02:24:14,404 - DPD noise norm:11.432595252990723
2025-09-22 02:24:14,415 - Round number: 48 --------------------------
2025-09-22 02:24:14,415 - Evaluate global model
2025-09-22 02:24:16,943 - Averaged Train Loss: 0.1133
2025-09-22 02:24:16,947 - Test Accurancy: 0.9827
2025-09-22 02:24:16,947 - Attack Success Rate: 0.0116
2025-09-22 02:24:22,697 - DPD clipping bound C_t: 0.19814623147249222
2025-09-22 02:24:22,705 - DPD noise norm:11.483224868774414
2025-09-22 02:24:22,716 - Round number: 49 --------------------------
2025-09-22 02:24:22,716 - Evaluate global model
2025-09-22 02:24:25,232 - Averaged Train Loss: 0.1106
2025-09-22 02:24:25,236 - Test Accurancy: 0.9821
2025-09-22 02:24:25,236 - Attack Success Rate: 0.0133
2025-09-22 02:24:31,302 - DPD clipping bound C_t: 0.19332345575094223
2025-09-22 02:24:31,308 - DPD noise norm:11.217427253723145
2025-09-22 02:24:31,321 - Round number: 50 --------------------------
2025-09-22 02:24:31,321 - Evaluate global model
2025-09-22 02:24:34,301 - Averaged Train Loss: 0.1080
2025-09-22 02:24:34,301 - Test Accurancy: 0.9827
2025-09-22 02:24:34,301 - Attack Success Rate: 0.0133
2025-09-22 02:24:40,282 - DPD clipping bound C_t: 0.19422724097967148
2025-09-22 02:24:40,290 - DPD noise norm:11.265145301818848
2025-09-22 02:24:40,306 - Round number: 51 --------------------------
2025-09-22 02:24:40,306 - Evaluate global model
2025-09-22 02:24:42,809 - Averaged Train Loss: 0.1075
2025-09-22 02:24:42,810 - Test Accurancy: 0.9820
2025-09-22 02:24:42,810 - Attack Success Rate: 0.0151
2025-09-22 02:24:48,640 - DPD clipping bound C_t: 0.18725182116031647
2025-09-22 02:24:48,648 - DPD noise norm:10.865724563598633
2025-09-22 02:24:48,664 - Round number: 52 --------------------------
2025-09-22 02:24:48,664 - Evaluate global model
2025-09-22 02:24:51,352 - Averaged Train Loss: 0.1098
2025-09-22 02:24:51,357 - Test Accurancy: 0.9822
2025-09-22 02:24:51,357 - Attack Success Rate: 0.0145
2025-09-22 02:24:56,659 - DPD clipping bound C_t: 0.1815972849726677
2025-09-22 02:24:56,663 - DPD noise norm:10.535406112670898
2025-09-22 02:24:56,677 - Round number: 53 --------------------------
2025-09-22 02:24:56,678 - Evaluate global model
2025-09-22 02:24:58,983 - Averaged Train Loss: 0.1091
2025-09-22 02:24:58,983 - Test Accurancy: 0.9828
2025-09-22 02:24:58,983 - Attack Success Rate: 0.0133
2025-09-22 02:25:03,471 - DPD clipping bound C_t: 0.17816995829343796
2025-09-22 02:25:03,475 - DPD noise norm:10.327723503112793
2025-09-22 02:25:03,488 - Round number: 54 --------------------------
2025-09-22 02:25:03,488 - Evaluate global model
2025-09-22 02:25:05,608 - Averaged Train Loss: 0.1081
2025-09-22 02:25:05,609 - Test Accurancy: 0.9829
2025-09-22 02:25:05,609 - Attack Success Rate: 0.0151
2025-09-22 02:25:10,585 - DPD clipping bound C_t: 0.1723913922905922
2025-09-22 02:25:10,588 - DPD noise norm:9.985644340515137
2025-09-22 02:25:10,599 - Round number: 55 --------------------------
2025-09-22 02:25:10,599 - Evaluate global model
2025-09-22 02:25:12,532 - Averaged Train Loss: 0.1105
2025-09-22 02:25:12,532 - Test Accurancy: 0.9830
2025-09-22 02:25:12,532 - Attack Success Rate: 0.0116
2025-09-22 02:25:18,011 - DPD clipping bound C_t: 0.17519282549619675
2025-09-22 02:25:18,020 - DPD noise norm:10.159408569335938
2025-09-22 02:25:18,031 - Round number: 56 --------------------------
2025-09-22 02:25:18,031 - Evaluate global model
2025-09-22 02:25:20,193 - Averaged Train Loss: 0.1080
2025-09-22 02:25:20,193 - Test Accurancy: 0.9832
2025-09-22 02:25:20,194 - Attack Success Rate: 0.0133
2025-09-22 02:25:25,809 - DPD clipping bound C_t: 0.17316832393407822
2025-09-22 02:25:25,832 - DPD noise norm:10.042880058288574
2025-09-22 02:25:25,851 - Round number: 57 --------------------------
2025-09-22 02:25:25,851 - Evaluate global model
2025-09-22 02:25:28,581 - Averaged Train Loss: 0.1077
2025-09-22 02:25:28,582 - Test Accurancy: 0.9825
2025-09-22 02:25:28,582 - Attack Success Rate: 0.0145
2025-09-22 02:25:34,032 - DPD clipping bound C_t: 0.17043405026197433
2025-09-22 02:25:34,037 - DPD noise norm:9.892000198364258
2025-09-22 02:25:34,051 - Round number: 58 --------------------------
2025-09-22 02:25:34,051 - Evaluate global model
2025-09-22 02:25:36,629 - Averaged Train Loss: 0.1056
2025-09-22 02:25:36,631 - Test Accurancy: 0.9821
2025-09-22 02:25:36,631 - Attack Success Rate: 0.0168
2025-09-22 02:25:42,399 - DPD clipping bound C_t: 0.1647498831152916
2025-09-22 02:25:42,403 - DPD noise norm:9.545547485351562
2025-09-22 02:25:42,418 - Round number: 59 --------------------------
2025-09-22 02:25:42,418 - Evaluate global model
2025-09-22 02:25:45,028 - Averaged Train Loss: 0.1071
2025-09-22 02:25:45,030 - Test Accurancy: 0.9830
2025-09-22 02:25:45,030 - Attack Success Rate: 0.0122
2025-09-22 02:25:50,589 - DPD clipping bound C_t: 0.16406690329313278
2025-09-22 02:25:50,597 - DPD noise norm:9.507384300231934
2025-09-22 02:25:50,611 - Round number: 60 --------------------------
2025-09-22 02:25:50,611 - Evaluate global model
2025-09-22 02:25:53,229 - Averaged Train Loss: 0.1054
2025-09-22 02:25:53,233 - Test Accurancy: 0.9828
2025-09-22 02:25:53,234 - Attack Success Rate: 0.0128
2025-09-22 02:25:58,954 - DPD clipping bound C_t: 0.16266953200101852
2025-09-22 02:25:58,957 - DPD noise norm:9.43269157409668
2025-09-22 02:25:58,976 - Round number: 61 --------------------------
2025-09-22 02:25:58,976 - Evaluate global model
2025-09-22 02:26:01,529 - Averaged Train Loss: 0.1072
2025-09-22 02:26:01,534 - Test Accurancy: 0.9826
2025-09-22 02:26:01,534 - Attack Success Rate: 0.0128
2025-09-22 02:26:07,696 - DPD clipping bound C_t: 0.15895738452672958
2025-09-22 02:26:07,702 - DPD noise norm:9.224946975708008
2025-09-22 02:26:07,715 - Round number: 62 --------------------------
2025-09-22 02:26:07,715 - Evaluate global model
2025-09-22 02:26:10,518 - Averaged Train Loss: 0.1057
2025-09-22 02:26:10,523 - Test Accurancy: 0.9833
2025-09-22 02:26:10,523 - Attack Success Rate: 0.0122
2025-09-22 02:26:16,491 - DPD clipping bound C_t: 0.1535903513431549
2025-09-22 02:26:16,498 - DPD noise norm:8.907792091369629
2025-09-22 02:26:16,514 - Round number: 63 --------------------------
2025-09-22 02:26:16,514 - Evaluate global model
2025-09-22 02:26:19,044 - Averaged Train Loss: 0.1075
2025-09-22 02:26:19,045 - Test Accurancy: 0.9829
2025-09-22 02:26:19,045 - Attack Success Rate: 0.0122
2025-09-22 02:26:25,070 - DPD clipping bound C_t: 0.15187519788742065
2025-09-22 02:26:25,083 - DPD noise norm:8.815372467041016
2025-09-22 02:26:25,095 - Round number: 64 --------------------------
2025-09-22 02:26:25,096 - Evaluate global model
2025-09-22 02:26:27,412 - Averaged Train Loss: 0.1081
2025-09-22 02:26:27,413 - Test Accurancy: 0.9837
2025-09-22 02:26:27,413 - Attack Success Rate: 0.0110
2025-09-22 02:26:33,646 - DPD clipping bound C_t: 0.15177462249994278
2025-09-22 02:26:33,655 - DPD noise norm:8.80737590789795
2025-09-22 02:26:33,668 - Round number: 65 --------------------------
2025-09-22 02:26:33,668 - Evaluate global model
2025-09-22 02:26:35,930 - Averaged Train Loss: 0.1069
2025-09-22 02:26:35,932 - Test Accurancy: 0.9838
2025-09-22 02:26:35,932 - Attack Success Rate: 0.0110
2025-09-22 02:26:42,405 - DPD clipping bound C_t: 0.14921371638774872
2025-09-22 02:26:42,417 - DPD noise norm:8.6624174118042
2025-09-22 02:26:42,429 - Round number: 66 --------------------------
2025-09-22 02:26:42,429 - Evaluate global model
2025-09-22 02:26:44,510 - Averaged Train Loss: 0.1043
2025-09-22 02:26:44,510 - Test Accurancy: 0.9837
2025-09-22 02:26:44,510 - Attack Success Rate: 0.0145
2025-09-22 02:26:50,691 - DPD clipping bound C_t: 0.14818646013736725
2025-09-22 02:26:50,704 - DPD noise norm:8.601668357849121
2025-09-22 02:26:50,718 - Round number: 67 --------------------------
2025-09-22 02:26:50,718 - Evaluate global model
2025-09-22 02:26:53,107 - Averaged Train Loss: 0.1048
2025-09-22 02:26:53,108 - Test Accurancy: 0.9834
2025-09-22 02:26:53,108 - Attack Success Rate: 0.0157
2025-09-22 02:26:58,758 - DPD clipping bound C_t: 0.14629294723272324
2025-09-22 02:26:58,773 - DPD noise norm:8.476330757141113
2025-09-22 02:26:58,789 - Round number: 68 --------------------------
2025-09-22 02:26:58,789 - Evaluate global model
2025-09-22 02:27:01,158 - Averaged Train Loss: 0.1047
2025-09-22 02:27:01,158 - Test Accurancy: 0.9836
2025-09-22 02:27:01,158 - Attack Success Rate: 0.0151
2025-09-22 02:27:05,716 - DPD clipping bound C_t: 0.14108088612556458
2025-09-22 02:27:05,726 - DPD noise norm:8.18538761138916
2025-09-22 02:27:05,736 - Round number: 69 --------------------------
2025-09-22 02:27:05,737 - Evaluate global model
2025-09-22 02:27:07,911 - Averaged Train Loss: 0.1059
2025-09-22 02:27:07,912 - Test Accurancy: 0.9836
2025-09-22 02:27:07,912 - Attack Success Rate: 0.0139
2025-09-22 02:27:12,289 - DPD clipping bound C_t: 0.14230649918317795
2025-09-22 02:27:12,292 - DPD noise norm:8.255178451538086
2025-09-22 02:27:12,302 - Round number: 70 --------------------------
2025-09-22 02:27:12,302 - Evaluate global model
2025-09-22 02:27:14,309 - Averaged Train Loss: 0.1084
2025-09-22 02:27:14,310 - Test Accurancy: 0.9839
2025-09-22 02:27:14,310 - Attack Success Rate: 0.0122
2025-09-22 02:27:18,958 - DPD clipping bound C_t: 0.13710086792707443
2025-09-22 02:27:18,966 - DPD noise norm:7.943504333496094
2025-09-22 02:27:18,978 - Round number: 71 --------------------------
2025-09-22 02:27:18,978 - Evaluate global model
2025-09-22 02:27:20,702 - Averaged Train Loss: 0.1039
2025-09-22 02:27:20,703 - Test Accurancy: 0.9835
2025-09-22 02:27:20,703 - Attack Success Rate: 0.0168
2025-09-22 02:27:25,177 - DPD clipping bound C_t: 0.1392776221036911
2025-09-22 02:27:25,185 - DPD noise norm:8.080279350280762
2025-09-22 02:27:25,200 - Round number: 72 --------------------------
2025-09-22 02:27:25,200 - Evaluate global model
2025-09-22 02:27:27,680 - Averaged Train Loss: 0.1050
2025-09-22 02:27:27,683 - Test Accurancy: 0.9834
2025-09-22 02:27:27,683 - Attack Success Rate: 0.0145
2025-09-22 02:27:33,005 - DPD clipping bound C_t: 0.13644668459892273
2025-09-22 02:27:33,009 - DPD noise norm:7.914913177490234
2025-09-22 02:27:33,022 - Round number: 73 --------------------------
2025-09-22 02:27:33,022 - Evaluate global model
2025-09-22 02:27:35,317 - Averaged Train Loss: 0.1025
2025-09-22 02:27:35,320 - Test Accurancy: 0.9836
2025-09-22 02:27:35,320 - Attack Success Rate: 0.0151
2025-09-22 02:27:41,535 - DPD clipping bound C_t: 0.13735300302505493
2025-09-22 02:27:41,539 - DPD noise norm:7.9738616943359375
2025-09-22 02:27:41,551 - Round number: 74 --------------------------
2025-09-22 02:27:41,551 - Evaluate global model
2025-09-22 02:27:43,970 - Averaged Train Loss: 0.1032
2025-09-22 02:27:43,973 - Test Accurancy: 0.9835
2025-09-22 02:27:43,973 - Attack Success Rate: 0.0145
2025-09-22 02:27:50,438 - DPD clipping bound C_t: 0.13129311054944992
2025-09-22 02:27:50,450 - DPD noise norm:7.618061542510986
2025-09-22 02:27:50,465 - Round number: 75 --------------------------
2025-09-22 02:27:50,465 - Evaluate global model
2025-09-22 02:27:52,942 - Averaged Train Loss: 0.1006
2025-09-22 02:27:52,943 - Test Accurancy: 0.9838
2025-09-22 02:27:52,943 - Attack Success Rate: 0.0157
2025-09-22 02:27:59,464 - DPD clipping bound C_t: 0.12958351522684097
2025-09-22 02:27:59,477 - DPD noise norm:7.525749683380127
2025-09-22 02:27:59,499 - Round number: 76 --------------------------
2025-09-22 02:27:59,499 - Evaluate global model
2025-09-22 02:28:01,834 - Averaged Train Loss: 0.1001
2025-09-22 02:28:01,835 - Test Accurancy: 0.9837
2025-09-22 02:28:01,835 - Attack Success Rate: 0.0174
2025-09-22 02:28:07,860 - DPD clipping bound C_t: 0.1324663981795311
2025-09-22 02:28:07,872 - DPD noise norm:7.681337356567383
2025-09-22 02:28:07,891 - Round number: 77 --------------------------
2025-09-22 02:28:07,892 - Evaluate global model
2025-09-22 02:28:10,156 - Averaged Train Loss: 0.1032
2025-09-22 02:28:10,156 - Test Accurancy: 0.9837
2025-09-22 02:28:10,156 - Attack Success Rate: 0.0145
2025-09-22 02:28:15,460 - DPD clipping bound C_t: 0.12722503393888474
2025-09-22 02:28:15,469 - DPD noise norm:7.386218547821045
2025-09-22 02:28:15,477 - Round number: 78 --------------------------
2025-09-22 02:28:15,477 - Evaluate global model
2025-09-22 02:28:17,448 - Averaged Train Loss: 0.0991
2025-09-22 02:28:17,449 - Test Accurancy: 0.9835
2025-09-22 02:28:17,449 - Attack Success Rate: 0.0168
2025-09-22 02:28:22,754 - DPD clipping bound C_t: 0.12577442824840546
2025-09-22 02:28:22,759 - DPD noise norm:7.2851691246032715
2025-09-22 02:28:22,773 - Round number: 79 --------------------------
2025-09-22 02:28:22,773 - Evaluate global model
2025-09-22 02:28:24,880 - Averaged Train Loss: 0.1004
2025-09-22 02:28:24,881 - Test Accurancy: 0.9840
2025-09-22 02:28:24,881 - Attack Success Rate: 0.0151
2025-09-22 02:28:30,317 - DPD clipping bound C_t: 0.12385579943656921
2025-09-22 02:28:30,321 - DPD noise norm:7.17476224899292
2025-09-22 02:28:30,332 - Round number: 80 --------------------------
2025-09-22 02:28:30,332 - Evaluate global model
2025-09-22 02:28:32,600 - Averaged Train Loss: 0.1038
2025-09-22 02:28:32,600 - Test Accurancy: 0.9845
2025-09-22 02:28:32,600 - Attack Success Rate: 0.0099
2025-09-22 02:28:38,522 - DPD clipping bound C_t: 0.1194843053817749
2025-09-22 02:28:38,536 - DPD noise norm:6.935291290283203
2025-09-22 02:28:38,560 - Round number: 81 --------------------------
2025-09-22 02:28:38,560 - Evaluate global model
2025-09-22 02:28:41,183 - Averaged Train Loss: 0.1025
2025-09-22 02:28:41,185 - Test Accurancy: 0.9842
2025-09-22 02:28:41,185 - Attack Success Rate: 0.0116
2025-09-22 02:28:46,989 - DPD clipping bound C_t: 0.12020810693502426
2025-09-22 02:28:46,997 - DPD noise norm:6.971776008605957
2025-09-22 02:28:47,011 - Round number: 82 --------------------------
2025-09-22 02:28:47,011 - Evaluate global model
2025-09-22 02:28:49,809 - Averaged Train Loss: 0.1013
2025-09-22 02:28:49,814 - Test Accurancy: 0.9838
2025-09-22 02:28:49,814 - Attack Success Rate: 0.0122
2025-09-22 02:28:55,694 - DPD clipping bound C_t: 0.1167873665690422
2025-09-22 02:28:55,703 - DPD noise norm:6.764902591705322
2025-09-22 02:28:55,726 - Round number: 83 --------------------------
2025-09-22 02:28:55,727 - Evaluate global model
2025-09-22 02:28:58,468 - Averaged Train Loss: 0.1016
2025-09-22 02:28:58,472 - Test Accurancy: 0.9841
2025-09-22 02:28:58,472 - Attack Success Rate: 0.0099
2025-09-22 02:29:03,640 - DPD clipping bound C_t: 0.11936542391777039
2025-09-22 02:29:03,648 - DPD noise norm:6.911379337310791
2025-09-22 02:29:03,659 - Round number: 84 --------------------------
2025-09-22 02:29:03,659 - Evaluate global model
2025-09-22 02:29:06,552 - Averaged Train Loss: 0.1016
2025-09-22 02:29:06,552 - Test Accurancy: 0.9840
2025-09-22 02:29:06,552 - Attack Success Rate: 0.0104
2025-09-22 02:29:11,635 - DPD clipping bound C_t: 0.11563000082969666
2025-09-22 02:29:11,640 - DPD noise norm:6.707605838775635
2025-09-22 02:29:11,654 - Round number: 85 --------------------------
2025-09-22 02:29:11,654 - Evaluate global model
2025-09-22 02:29:13,694 - Averaged Train Loss: 0.1020
2025-09-22 02:29:13,695 - Test Accurancy: 0.9845
2025-09-22 02:29:13,695 - Attack Success Rate: 0.0093
2025-09-22 02:29:18,399 - DPD clipping bound C_t: 0.11290130391716957
2025-09-22 02:29:18,402 - DPD noise norm:6.55167293548584
2025-09-22 02:29:18,409 - Round number: 86 --------------------------
2025-09-22 02:29:18,409 - Evaluate global model
2025-09-22 02:29:20,360 - Averaged Train Loss: 0.1024
2025-09-22 02:29:20,361 - Test Accurancy: 0.9844
2025-09-22 02:29:20,361 - Attack Success Rate: 0.0099
2025-09-22 02:29:24,914 - DPD clipping bound C_t: 0.11220777407288551
2025-09-22 02:29:24,917 - DPD noise norm:6.499305248260498
2025-09-22 02:29:24,925 - Round number: 87 --------------------------
2025-09-22 02:29:24,926 - Evaluate global model
2025-09-22 02:29:26,757 - Averaged Train Loss: 0.0986
2025-09-22 02:29:26,758 - Test Accurancy: 0.9840
2025-09-22 02:29:26,758 - Attack Success Rate: 0.0145
2025-09-22 02:29:31,615 - DPD clipping bound C_t: 0.11131475493311882
2025-09-22 02:29:31,619 - DPD noise norm:6.460362911224365
2025-09-22 02:29:31,629 - Round number: 88 --------------------------
2025-09-22 02:29:31,629 - Evaluate global model
2025-09-22 02:29:33,905 - Averaged Train Loss: 0.0991
2025-09-22 02:29:33,906 - Test Accurancy: 0.9841
2025-09-22 02:29:33,906 - Attack Success Rate: 0.0145
2025-09-22 02:29:38,652 - DPD clipping bound C_t: 0.10953812673687935
2025-09-22 02:29:38,664 - DPD noise norm:6.358305931091309
2025-09-22 02:29:38,686 - Round number: 89 --------------------------
2025-09-22 02:29:38,687 - Evaluate global model
2025-09-22 02:29:41,268 - Averaged Train Loss: 0.0993
2025-09-22 02:29:41,273 - Test Accurancy: 0.9844
2025-09-22 02:29:41,273 - Attack Success Rate: 0.0133
2025-09-22 02:29:46,247 - DPD clipping bound C_t: 0.10752398893237114
2025-09-22 02:29:46,249 - DPD noise norm:6.24053430557251
2025-09-22 02:29:46,258 - Round number: 90 --------------------------
2025-09-22 02:29:46,258 - Evaluate global model
2025-09-22 02:29:48,225 - Averaged Train Loss: 0.0979
2025-09-22 02:29:48,225 - Test Accurancy: 0.9841
2025-09-22 02:29:48,225 - Attack Success Rate: 0.0151
2025-09-22 02:29:54,421 - DPD clipping bound C_t: 0.10752994939684868
2025-09-22 02:29:54,435 - DPD noise norm:6.245567798614502
2025-09-22 02:29:54,449 - Round number: 91 --------------------------
2025-09-22 02:29:54,449 - Evaluate global model
2025-09-22 02:29:56,588 - Averaged Train Loss: 0.0983
2025-09-22 02:29:56,589 - Test Accurancy: 0.9845
2025-09-22 02:29:56,589 - Attack Success Rate: 0.0139
2025-09-22 02:30:03,352 - DPD clipping bound C_t: 0.10592272132635117
2025-09-22 02:30:03,363 - DPD noise norm:6.130796432495117
2025-09-22 02:30:03,378 - Round number: 92 --------------------------
2025-09-22 02:30:03,378 - Evaluate global model
2025-09-22 02:30:05,985 - Averaged Train Loss: 0.0982
2025-09-22 02:30:05,987 - Test Accurancy: 0.9841
2025-09-22 02:30:05,987 - Attack Success Rate: 0.0151
2025-09-22 02:30:12,410 - DPD clipping bound C_t: 0.1072910875082016
2025-09-22 02:30:12,423 - DPD noise norm:6.2187981605529785
2025-09-22 02:30:12,442 - Round number: 93 --------------------------
2025-09-22 02:30:12,443 - Evaluate global model
2025-09-22 02:30:14,725 - Averaged Train Loss: 0.0988
2025-09-22 02:30:14,726 - Test Accurancy: 0.9840
2025-09-22 02:30:14,726 - Attack Success Rate: 0.0157
2025-09-22 02:30:21,115 - DPD clipping bound C_t: 0.10207052901387215
2025-09-22 02:30:21,129 - DPD noise norm:5.907567977905273
2025-09-22 02:30:21,146 - Round number: 94 --------------------------
2025-09-22 02:30:21,146 - Evaluate global model
2025-09-22 02:30:23,640 - Averaged Train Loss: 0.0981
2025-09-22 02:30:23,640 - Test Accurancy: 0.9840
2025-09-22 02:30:23,641 - Attack Success Rate: 0.0157
2025-09-22 02:30:30,393 - DPD clipping bound C_t: 0.10275324806571007
2025-09-22 02:30:30,403 - DPD noise norm:5.964416980743408
2025-09-22 02:30:30,418 - Round number: 95 --------------------------
2025-09-22 02:30:30,419 - Evaluate global model
2025-09-22 02:30:32,905 - Averaged Train Loss: 0.1015
2025-09-22 02:30:32,906 - Test Accurancy: 0.9838
2025-09-22 02:30:32,906 - Attack Success Rate: 0.0128
2025-09-22 02:30:39,296 - DPD clipping bound C_t: 0.10041099414229393
2025-09-22 02:30:39,309 - DPD noise norm:5.825254917144775
2025-09-22 02:30:39,324 - Round number: 96 --------------------------
2025-09-22 02:30:39,324 - Evaluate global model
2025-09-22 02:30:41,613 - Averaged Train Loss: 0.0998
2025-09-22 02:30:41,614 - Test Accurancy: 0.9842
2025-09-22 02:30:41,614 - Attack Success Rate: 0.0128
2025-09-22 02:30:47,760 - DPD clipping bound C_t: 0.10007395595312119
2025-09-22 02:30:47,773 - DPD noise norm:5.8007612228393555
2025-09-22 02:30:47,788 - Round number: 97 --------------------------
2025-09-22 02:30:47,788 - Evaluate global model
2025-09-22 02:30:50,131 - Averaged Train Loss: 0.1004
2025-09-22 02:30:50,131 - Test Accurancy: 0.9842
2025-09-22 02:30:50,131 - Attack Success Rate: 0.0122
2025-09-22 02:30:56,249 - DPD clipping bound C_t: 0.098345797508955
2025-09-22 02:30:56,259 - DPD noise norm:5.702461242675781
2025-09-22 02:30:56,273 - Round number: 98 --------------------------
2025-09-22 02:30:56,273 - Evaluate global model
2025-09-22 02:30:59,101 - Averaged Train Loss: 0.0983
2025-09-22 02:30:59,103 - Test Accurancy: 0.9839
2025-09-22 02:30:59,103 - Attack Success Rate: 0.0133
2025-09-22 02:31:04,997 - DPD clipping bound C_t: 0.09814965724945068
2025-09-22 02:31:05,007 - DPD noise norm:5.6907124519348145
2025-09-22 02:31:05,018 - Round number: 99 --------------------------
2025-09-22 02:31:05,018 - Evaluate global model
2025-09-22 02:31:07,558 - Averaged Train Loss: 0.0967
2025-09-22 02:31:07,559 - Test Accurancy: 0.9837
2025-09-22 02:31:07,559 - Attack Success Rate: 0.0145
2025-09-22 02:31:12,323 - DPD clipping bound C_t: 0.09878857433795929
2025-09-22 02:31:12,331 - DPD noise norm:5.7212324142456055
2025-09-22 02:31:12,341 - Round number: 100 --------------------------
2025-09-22 02:31:12,341 - Evaluate global model
2025-09-22 02:31:14,607 - Averaged Train Loss: 0.0987
2025-09-22 02:31:14,610 - Test Accurancy: 0.9841
2025-09-22 02:31:14,610 - Attack Success Rate: 0.0122
2025-09-22 02:31:19,654 - DPD clipping bound C_t: 0.09697658568620682
2025-09-22 02:31:19,657 - DPD noise norm:5.635275363922119
2025-09-22 02:31:19,658 - Run over
2025-09-22 02:31:19,659 - Saving results to ./exp/exp2/MNIST/0.076.h5
2025-09-22 02:31:19,684 - Best accuracy: 0.9845266643827795
2025-09-22 02:31:19,684 - Average time cost per round: 8.115588195323944
