2025-09-22 02:38:29,982 - *****************EXP-2*****************
2025-09-22 02:38:29,982 - Exp repeats: 1
2025-09-22 02:38:29,982 - Communication Rounds: 100
2025-09-22 02:38:29,982 - Clients: 40

2025-09-22 02:38:29,983 - Attack method: scale
2025-09-22 02:38:29,983 - Filtering rule: dpd
2025-09-22 02:38:29,983 - Dataset: MNIST
2025-09-22 02:38:29,983 - Model: cnn
2025-09-22 02:38:29,983 - Learning Rate: 0.1
2025-09-22 02:38:29,983 - Batch Size: 64
2025-09-22 02:38:29,983 - Device: cuda
2025-09-22 02:38:29,983 - Device id: 0
2025-09-22 02:38:29,983 - DPD clipping strategy: auto
2025-09-22 02:38:29,984 - DPD noise level: 0.094
2025-09-22 02:38:29,984 - Adversaries: 8
2025-09-22 02:38:29,984 - Targeted Label Flipping: 4-->6
2025-09-22 02:38:29,984 - *****************EXP-2*****************
2025-09-22 02:38:31,676 - Running time: 0th ==========================
2025-09-22 02:38:38,575 - Round number: 0 --------------------------
2025-09-22 02:38:38,577 - Evaluate global model
2025-09-22 02:38:44,879 - Averaged Train Loss: 2.3310
2025-09-22 02:38:44,883 - Test Accurancy: 0.1060
2025-09-22 02:38:44,883 - Attack Success Rate: 0.0017
2025-09-22 02:38:54,432 - DPD clipping bound C_t: 1.9899286031723022
2025-09-22 02:38:54,467 - DPD noise norm:142.46815490722656
2025-09-22 02:38:54,483 - Round number: 1 --------------------------
2025-09-22 02:38:54,483 - Evaluate global model
2025-09-22 02:38:59,847 - Averaged Train Loss: 1.7018
2025-09-22 02:38:59,854 - Test Accurancy: 0.4625
2025-09-22 02:38:59,855 - Attack Success Rate: 0.4843
2025-09-22 02:39:06,147 - DPD clipping bound C_t: 2.515965700149536
2025-09-22 02:39:06,152 - DPD noise norm:180.4153594970703
2025-09-22 02:39:06,167 - Round number: 2 --------------------------
2025-09-22 02:39:06,168 - Evaluate global model
2025-09-22 02:39:10,408 - Averaged Train Loss: 1.4688
2025-09-22 02:39:10,417 - Test Accurancy: 0.5813
2025-09-22 02:39:10,417 - Attack Success Rate: 0.4687
2025-09-22 02:39:19,669 - DPD clipping bound C_t: 1.72134268283844
2025-09-22 02:39:19,686 - DPD noise norm:123.59603118896484
2025-09-22 02:39:19,711 - Round number: 3 --------------------------
2025-09-22 02:39:19,712 - Evaluate global model
2025-09-22 02:39:24,847 - Averaged Train Loss: 0.6866
2025-09-22 02:39:24,849 - Test Accurancy: 0.8051
2025-09-22 02:39:24,849 - Attack Success Rate: 0.0336
2025-09-22 02:39:33,730 - DPD clipping bound C_t: 1.2594361901283264
2025-09-22 02:39:33,738 - DPD noise norm:90.40264892578125
2025-09-22 02:39:33,766 - Round number: 4 --------------------------
2025-09-22 02:39:33,767 - Evaluate global model
2025-09-22 02:39:38,526 - Averaged Train Loss: 0.5348
2025-09-22 02:39:38,528 - Test Accurancy: 0.8413
2025-09-22 02:39:38,528 - Attack Success Rate: 0.0551
2025-09-22 02:39:46,905 - DPD clipping bound C_t: 0.9506296217441559
2025-09-22 02:39:46,919 - DPD noise norm:68.1856918334961
2025-09-22 02:39:46,940 - Round number: 5 --------------------------
2025-09-22 02:39:46,941 - Evaluate global model
2025-09-22 02:39:51,828 - Averaged Train Loss: 0.3609
2025-09-22 02:39:51,838 - Test Accurancy: 0.9104
2025-09-22 02:39:51,838 - Attack Success Rate: 0.0307
2025-09-22 02:40:00,794 - DPD clipping bound C_t: 0.8160802125930786
2025-09-22 02:40:00,800 - DPD noise norm:58.53147888183594
2025-09-22 02:40:00,815 - Round number: 6 --------------------------
2025-09-22 02:40:00,815 - Evaluate global model
2025-09-22 02:40:03,180 - Averaged Train Loss: 0.2935
2025-09-22 02:40:03,181 - Test Accurancy: 0.9291
2025-09-22 02:40:03,181 - Attack Success Rate: 0.0499
2025-09-22 02:40:10,082 - DPD clipping bound C_t: 0.7601851522922516
2025-09-22 02:40:10,086 - DPD noise norm:54.387447357177734
2025-09-22 02:40:10,101 - Round number: 7 --------------------------
2025-09-22 02:40:10,101 - Evaluate global model
2025-09-22 02:40:12,491 - Averaged Train Loss: 0.2593
2025-09-22 02:40:12,491 - Test Accurancy: 0.9366
2025-09-22 02:40:12,491 - Attack Success Rate: 0.0510
2025-09-22 02:40:17,275 - DPD clipping bound C_t: 0.6649000942707062
2025-09-22 02:40:17,281 - DPD noise norm:47.63618850708008
2025-09-22 02:40:17,295 - Round number: 8 --------------------------
2025-09-22 02:40:17,295 - Evaluate global model
2025-09-22 02:40:20,591 - Averaged Train Loss: 0.2556
2025-09-22 02:40:20,593 - Test Accurancy: 0.9438
2025-09-22 02:40:20,593 - Attack Success Rate: 0.0267
2025-09-22 02:40:28,062 - DPD clipping bound C_t: 0.6351779401302338
2025-09-22 02:40:28,067 - DPD noise norm:45.44086456298828
2025-09-22 02:40:28,081 - Round number: 9 --------------------------
2025-09-22 02:40:28,082 - Evaluate global model
2025-09-22 02:40:31,889 - Averaged Train Loss: 0.2263
2025-09-22 02:40:31,891 - Test Accurancy: 0.9472
2025-09-22 02:40:31,891 - Attack Success Rate: 0.0545
2025-09-22 02:40:37,979 - DPD clipping bound C_t: 0.6066013276576996
2025-09-22 02:40:37,992 - DPD noise norm:43.51154327392578
2025-09-22 02:40:38,007 - Round number: 10 --------------------------
2025-09-22 02:40:38,007 - Evaluate global model
2025-09-22 02:40:42,860 - Averaged Train Loss: 0.2036
2025-09-22 02:40:42,868 - Test Accurancy: 0.9525
2025-09-22 02:40:42,868 - Attack Success Rate: 0.0557
2025-09-22 02:40:51,310 - DPD clipping bound C_t: 0.5669719874858856
2025-09-22 02:40:51,316 - DPD noise norm:40.644771575927734
2025-09-22 02:40:51,331 - Round number: 11 --------------------------
2025-09-22 02:40:51,331 - Evaluate global model
2025-09-22 02:40:55,050 - Averaged Train Loss: 0.1985
2025-09-22 02:40:55,052 - Test Accurancy: 0.9571
2025-09-22 02:40:55,052 - Attack Success Rate: 0.0336
2025-09-22 02:41:02,988 - DPD clipping bound C_t: 0.5253572165966034
2025-09-22 02:41:02,992 - DPD noise norm:37.737911224365234
2025-09-22 02:41:03,015 - Round number: 12 --------------------------
2025-09-22 02:41:03,017 - Evaluate global model
2025-09-22 02:41:06,891 - Averaged Train Loss: 0.1870
2025-09-22 02:41:06,892 - Test Accurancy: 0.9580
2025-09-22 02:41:06,893 - Attack Success Rate: 0.0458
2025-09-22 02:41:12,631 - DPD clipping bound C_t: 0.4939558804035187
2025-09-22 02:41:12,638 - DPD noise norm:35.370609283447266
2025-09-22 02:41:12,652 - Round number: 13 --------------------------
2025-09-22 02:41:12,652 - Evaluate global model
2025-09-22 02:41:16,248 - Averaged Train Loss: 0.1888
2025-09-22 02:41:16,249 - Test Accurancy: 0.9620
2025-09-22 02:41:16,249 - Attack Success Rate: 0.0226
2025-09-22 02:41:20,461 - DPD clipping bound C_t: 0.5045252740383148
2025-09-22 02:41:20,464 - DPD noise norm:36.145259857177734
2025-09-22 02:41:20,476 - Round number: 14 --------------------------
2025-09-22 02:41:20,476 - Evaluate global model
2025-09-22 02:41:22,671 - Averaged Train Loss: 0.1884
2025-09-22 02:41:22,675 - Test Accurancy: 0.9663
2025-09-22 02:41:22,675 - Attack Success Rate: 0.0180
2025-09-22 02:41:28,867 - DPD clipping bound C_t: 0.471874475479126
2025-09-22 02:41:28,870 - DPD noise norm:33.81229782104492
2025-09-22 02:41:28,879 - Round number: 15 --------------------------
2025-09-22 02:41:28,879 - Evaluate global model
2025-09-22 02:41:31,079 - Averaged Train Loss: 0.1820
2025-09-22 02:41:31,080 - Test Accurancy: 0.9653
2025-09-22 02:41:31,080 - Attack Success Rate: 0.0244
2025-09-22 02:41:38,681 - DPD clipping bound C_t: 0.4425889700651169
2025-09-22 02:41:38,690 - DPD noise norm:31.772266387939453
2025-09-22 02:41:38,702 - Round number: 16 --------------------------
2025-09-22 02:41:38,702 - Evaluate global model
2025-09-22 02:41:42,197 - Averaged Train Loss: 0.1742
2025-09-22 02:41:42,205 - Test Accurancy: 0.9632
2025-09-22 02:41:42,205 - Attack Success Rate: 0.0354
2025-09-22 02:41:49,833 - DPD clipping bound C_t: 0.4411316215991974
2025-09-22 02:41:49,846 - DPD noise norm:31.614391326904297
2025-09-22 02:41:49,862 - Round number: 17 --------------------------
2025-09-22 02:41:49,863 - Evaluate global model
2025-09-22 02:41:53,366 - Averaged Train Loss: 0.1615
2025-09-22 02:41:53,368 - Test Accurancy: 0.9670
2025-09-22 02:41:53,368 - Attack Success Rate: 0.0360
2025-09-22 02:42:00,199 - DPD clipping bound C_t: 0.41661515831947327
2025-09-22 02:42:00,210 - DPD noise norm:29.849382400512695
2025-09-22 02:42:00,229 - Round number: 18 --------------------------
2025-09-22 02:42:00,229 - Evaluate global model
2025-09-22 02:42:03,041 - Averaged Train Loss: 0.1539
2025-09-22 02:42:03,042 - Test Accurancy: 0.9658
2025-09-22 02:42:03,042 - Attack Success Rate: 0.0539
2025-09-22 02:42:07,514 - DPD clipping bound C_t: 0.4078146368265152
2025-09-22 02:42:07,516 - DPD noise norm:29.319305419921875
2025-09-22 02:42:07,525 - Round number: 19 --------------------------
2025-09-22 02:42:07,526 - Evaluate global model
2025-09-22 02:42:09,542 - Averaged Train Loss: 0.1570
2025-09-22 02:42:09,543 - Test Accurancy: 0.9701
2025-09-22 02:42:09,543 - Attack Success Rate: 0.0267
2025-09-22 02:42:14,521 - DPD clipping bound C_t: 0.39713679254055023
2025-09-22 02:42:14,524 - DPD noise norm:28.512731552124023
2025-09-22 02:42:14,534 - Round number: 20 --------------------------
2025-09-22 02:42:14,535 - Evaluate global model
2025-09-22 02:42:16,576 - Averaged Train Loss: 0.1563
2025-09-22 02:42:16,577 - Test Accurancy: 0.9695
2025-09-22 02:42:16,577 - Attack Success Rate: 0.0360
2025-09-22 02:42:21,586 - DPD clipping bound C_t: 0.3876377046108246
2025-09-22 02:42:21,589 - DPD noise norm:27.74736785888672
2025-09-22 02:42:21,598 - Round number: 21 --------------------------
2025-09-22 02:42:21,598 - Evaluate global model
2025-09-22 02:42:23,732 - Averaged Train Loss: 0.1555
2025-09-22 02:42:23,733 - Test Accurancy: 0.9707
2025-09-22 02:42:23,733 - Attack Success Rate: 0.0307
2025-09-22 02:42:29,075 - DPD clipping bound C_t: 0.3739481270313263
2025-09-22 02:42:29,082 - DPD noise norm:26.826963424682617
2025-09-22 02:42:29,097 - Round number: 22 --------------------------
2025-09-22 02:42:29,098 - Evaluate global model
2025-09-22 02:42:33,639 - Averaged Train Loss: 0.1542
2025-09-22 02:42:33,640 - Test Accurancy: 0.9721
2025-09-22 02:42:33,640 - Attack Success Rate: 0.0215
2025-09-22 02:42:40,907 - DPD clipping bound C_t: 0.37328222393989563
2025-09-22 02:42:40,911 - DPD noise norm:26.73334312438965
2025-09-22 02:42:40,926 - Round number: 23 --------------------------
2025-09-22 02:42:40,926 - Evaluate global model
2025-09-22 02:42:44,238 - Averaged Train Loss: 0.1417
2025-09-22 02:42:44,242 - Test Accurancy: 0.9731
2025-09-22 02:42:44,242 - Attack Success Rate: 0.0255
2025-09-22 02:42:50,950 - DPD clipping bound C_t: 0.3609415888786316
2025-09-22 02:42:50,956 - DPD noise norm:25.85993766784668
2025-09-22 02:42:50,970 - Round number: 24 --------------------------
2025-09-22 02:42:50,970 - Evaluate global model
2025-09-22 02:42:54,345 - Averaged Train Loss: 0.1384
2025-09-22 02:42:54,352 - Test Accurancy: 0.9720
2025-09-22 02:42:54,352 - Attack Success Rate: 0.0296
2025-09-22 02:43:02,424 - DPD clipping bound C_t: 0.34519486129283905
2025-09-22 02:43:02,431 - DPD noise norm:24.77896499633789
2025-09-22 02:43:02,441 - Round number: 25 --------------------------
2025-09-22 02:43:02,441 - Evaluate global model
2025-09-22 02:43:05,899 - Averaged Train Loss: 0.1429
2025-09-22 02:43:05,910 - Test Accurancy: 0.9737
2025-09-22 02:43:05,910 - Attack Success Rate: 0.0209
2025-09-22 02:43:14,064 - DPD clipping bound C_t: 0.33987949788570404
2025-09-22 02:43:14,073 - DPD noise norm:24.366992950439453
2025-09-22 02:43:14,086 - Round number: 26 --------------------------
2025-09-22 02:43:14,087 - Evaluate global model
2025-09-22 02:43:19,559 - Averaged Train Loss: 0.1438
2025-09-22 02:43:19,568 - Test Accurancy: 0.9742
2025-09-22 02:43:19,569 - Attack Success Rate: 0.0209
2025-09-22 02:43:29,003 - DPD clipping bound C_t: 0.32878078520298004
2025-09-22 02:43:29,021 - DPD noise norm:23.587480545043945
2025-09-22 02:43:29,045 - Round number: 27 --------------------------
2025-09-22 02:43:29,046 - Evaluate global model
2025-09-22 02:43:32,322 - Averaged Train Loss: 0.1446
2025-09-22 02:43:32,323 - Test Accurancy: 0.9759
2025-09-22 02:43:32,323 - Attack Success Rate: 0.0168
2025-09-22 02:43:38,033 - DPD clipping bound C_t: 0.3165840357542038
2025-09-22 02:43:38,036 - DPD noise norm:22.705398559570312
2025-09-22 02:43:38,043 - Round number: 28 --------------------------
2025-09-22 02:43:38,044 - Evaluate global model
2025-09-22 02:43:39,995 - Averaged Train Loss: 0.1436
2025-09-22 02:43:39,995 - Test Accurancy: 0.9757
2025-09-22 02:43:39,995 - Attack Success Rate: 0.0209
2025-09-22 02:43:46,079 - DPD clipping bound C_t: 0.31806859374046326
2025-09-22 02:43:46,084 - DPD noise norm:22.806913375854492
2025-09-22 02:43:46,095 - Round number: 29 --------------------------
2025-09-22 02:43:46,095 - Evaluate global model
2025-09-22 02:43:48,441 - Averaged Train Loss: 0.1403
2025-09-22 02:43:48,442 - Test Accurancy: 0.9768
2025-09-22 02:43:48,442 - Attack Success Rate: 0.0197
2025-09-22 02:43:55,524 - DPD clipping bound C_t: 0.3173108845949173
2025-09-22 02:43:55,530 - DPD noise norm:22.798139572143555
2025-09-22 02:43:55,550 - Round number: 30 --------------------------
2025-09-22 02:43:55,551 - Evaluate global model
2025-09-22 02:43:59,401 - Averaged Train Loss: 0.1321
2025-09-22 02:43:59,403 - Test Accurancy: 0.9755
2025-09-22 02:43:59,403 - Attack Success Rate: 0.0278
2025-09-22 02:44:04,871 - DPD clipping bound C_t: 0.2969779670238495
2025-09-22 02:44:04,875 - DPD noise norm:21.292394638061523
2025-09-22 02:44:04,887 - Round number: 31 --------------------------
2025-09-22 02:44:04,887 - Evaluate global model
2025-09-22 02:44:08,025 - Averaged Train Loss: 0.1316
2025-09-22 02:44:08,025 - Test Accurancy: 0.9761
2025-09-22 02:44:08,025 - Attack Success Rate: 0.0255
2025-09-22 02:44:12,623 - DPD clipping bound C_t: 0.2965698093175888
2025-09-22 02:44:12,626 - DPD noise norm:21.25608253479004
2025-09-22 02:44:12,634 - Round number: 32 --------------------------
2025-09-22 02:44:12,634 - Evaluate global model
2025-09-22 02:44:15,923 - Averaged Train Loss: 0.1301
2025-09-22 02:44:15,927 - Test Accurancy: 0.9772
2025-09-22 02:44:15,927 - Attack Success Rate: 0.0249
2025-09-22 02:44:21,309 - DPD clipping bound C_t: 0.28570081293582916
2025-09-22 02:44:21,312 - DPD noise norm:20.48484230041504
2025-09-22 02:44:21,321 - Round number: 33 --------------------------
2025-09-22 02:44:21,321 - Evaluate global model
2025-09-22 02:44:23,598 - Averaged Train Loss: 0.1302
2025-09-22 02:44:23,606 - Test Accurancy: 0.9777
2025-09-22 02:44:23,606 - Attack Success Rate: 0.0226
2025-09-22 02:44:30,838 - DPD clipping bound C_t: 0.27959832549095154
2025-09-22 02:44:30,842 - DPD noise norm:20.036027908325195
2025-09-22 02:44:30,861 - Round number: 34 --------------------------
2025-09-22 02:44:30,862 - Evaluate global model
2025-09-22 02:44:34,029 - Averaged Train Loss: 0.1325
2025-09-22 02:44:34,030 - Test Accurancy: 0.9780
2025-09-22 02:44:34,030 - Attack Success Rate: 0.0203
2025-09-22 02:44:41,128 - DPD clipping bound C_t: 0.27007848024368286
2025-09-22 02:44:41,138 - DPD noise norm:19.3852481842041
2025-09-22 02:44:41,169 - Round number: 35 --------------------------
2025-09-22 02:44:41,169 - Evaluate global model
2025-09-22 02:44:46,563 - Averaged Train Loss: 0.1333
2025-09-22 02:44:46,566 - Test Accurancy: 0.9793
2025-09-22 02:44:46,566 - Attack Success Rate: 0.0203
2025-09-22 02:44:54,592 - DPD clipping bound C_t: 0.2712974548339844
2025-09-22 02:44:54,606 - DPD noise norm:19.438772201538086
2025-09-22 02:44:54,624 - Round number: 36 --------------------------
2025-09-22 02:44:54,624 - Evaluate global model
2025-09-22 02:44:58,715 - Averaged Train Loss: 0.1294
2025-09-22 02:44:58,720 - Test Accurancy: 0.9785
2025-09-22 02:44:58,720 - Attack Success Rate: 0.0244
2025-09-22 02:45:05,446 - DPD clipping bound C_t: 0.26407742500305176
2025-09-22 02:45:05,452 - DPD noise norm:18.94049644470215
2025-09-22 02:45:05,466 - Round number: 37 --------------------------
2025-09-22 02:45:05,466 - Evaluate global model
2025-09-22 02:45:08,275 - Averaged Train Loss: 0.1315
2025-09-22 02:45:08,279 - Test Accurancy: 0.9787
2025-09-22 02:45:08,279 - Attack Success Rate: 0.0255
2025-09-22 02:45:14,196 - DPD clipping bound C_t: 0.261657178401947
2025-09-22 02:45:14,200 - DPD noise norm:18.758333206176758
2025-09-22 02:45:14,212 - Round number: 38 --------------------------
2025-09-22 02:45:14,213 - Evaluate global model
2025-09-22 02:45:16,622 - Averaged Train Loss: 0.1300
2025-09-22 02:45:16,623 - Test Accurancy: 0.9785
2025-09-22 02:45:16,624 - Attack Success Rate: 0.0255
2025-09-22 02:45:23,486 - DPD clipping bound C_t: 0.2547295093536377
2025-09-22 02:45:23,493 - DPD noise norm:18.279878616333008
2025-09-22 02:45:23,501 - Round number: 39 --------------------------
2025-09-22 02:45:23,501 - Evaluate global model
2025-09-22 02:45:26,530 - Averaged Train Loss: 0.1268
2025-09-22 02:45:26,536 - Test Accurancy: 0.9787
2025-09-22 02:45:26,536 - Attack Success Rate: 0.0267
2025-09-22 02:45:31,800 - DPD clipping bound C_t: 0.25489093363285065
2025-09-22 02:45:31,803 - DPD noise norm:18.29921531677246
2025-09-22 02:45:31,811 - Round number: 40 --------------------------
2025-09-22 02:45:31,811 - Evaluate global model
2025-09-22 02:45:33,926 - Averaged Train Loss: 0.1345
2025-09-22 02:45:33,926 - Test Accurancy: 0.9797
2025-09-22 02:45:33,926 - Attack Success Rate: 0.0180
2025-09-22 02:45:39,025 - DPD clipping bound C_t: 0.2468884363770485
2025-09-22 02:45:39,032 - DPD noise norm:17.69017219543457
2025-09-22 02:45:39,042 - Round number: 41 --------------------------
2025-09-22 02:45:39,042 - Evaluate global model
2025-09-22 02:45:41,713 - Averaged Train Loss: 0.1304
2025-09-22 02:45:41,713 - Test Accurancy: 0.9792
2025-09-22 02:45:41,713 - Attack Success Rate: 0.0191
2025-09-22 02:45:48,418 - DPD clipping bound C_t: 0.24801716208457947
2025-09-22 02:45:48,433 - DPD noise norm:17.773799896240234
2025-09-22 02:45:48,456 - Round number: 42 --------------------------
2025-09-22 02:45:48,457 - Evaluate global model
2025-09-22 02:45:52,986 - Averaged Train Loss: 0.1276
2025-09-22 02:45:52,989 - Test Accurancy: 0.9797
2025-09-22 02:45:52,990 - Attack Success Rate: 0.0203
2025-09-22 02:46:01,200 - DPD clipping bound C_t: 0.24288007616996765
2025-09-22 02:46:01,210 - DPD noise norm:17.380287170410156
2025-09-22 02:46:01,222 - Round number: 43 --------------------------
2025-09-22 02:46:01,222 - Evaluate global model
2025-09-22 02:46:04,735 - Averaged Train Loss: 0.1260
2025-09-22 02:46:04,744 - Test Accurancy: 0.9789
2025-09-22 02:46:04,744 - Attack Success Rate: 0.0232
2025-09-22 02:46:11,401 - DPD clipping bound C_t: 0.23570286482572556
2025-09-22 02:46:11,411 - DPD noise norm:16.91935920715332
2025-09-22 02:46:11,428 - Round number: 44 --------------------------
2025-09-22 02:46:11,428 - Evaluate global model
2025-09-22 02:46:15,515 - Averaged Train Loss: 0.1274
2025-09-22 02:46:15,523 - Test Accurancy: 0.9794
2025-09-22 02:46:15,523 - Attack Success Rate: 0.0203
2025-09-22 02:46:22,373 - DPD clipping bound C_t: 0.22870222479104996
2025-09-22 02:46:22,392 - DPD noise norm:16.402128219604492
2025-09-22 02:46:22,417 - Round number: 45 --------------------------
2025-09-22 02:46:22,418 - Evaluate global model
2025-09-22 02:46:27,225 - Averaged Train Loss: 0.1228
2025-09-22 02:46:27,229 - Test Accurancy: 0.9790
2025-09-22 02:46:27,229 - Attack Success Rate: 0.0273
2025-09-22 02:46:35,081 - DPD clipping bound C_t: 0.23126184940338135
2025-09-22 02:46:35,097 - DPD noise norm:16.571033477783203
2025-09-22 02:46:35,114 - Round number: 46 --------------------------
2025-09-22 02:46:35,114 - Evaluate global model
2025-09-22 02:46:40,331 - Averaged Train Loss: 0.1272
2025-09-22 02:46:40,341 - Test Accurancy: 0.9798
2025-09-22 02:46:40,341 - Attack Success Rate: 0.0220
2025-09-22 02:46:47,349 - DPD clipping bound C_t: 0.21999496966600418
2025-09-22 02:46:47,358 - DPD noise norm:15.787236213684082
2025-09-22 02:46:47,389 - Round number: 47 --------------------------
2025-09-22 02:46:47,391 - Evaluate global model
2025-09-22 02:46:52,834 - Averaged Train Loss: 0.1207
2025-09-22 02:46:52,837 - Test Accurancy: 0.9794
2025-09-22 02:46:52,838 - Attack Success Rate: 0.0284
2025-09-22 02:47:01,196 - DPD clipping bound C_t: 0.21840784698724747
2025-09-22 02:47:01,202 - DPD noise norm:15.655241012573242
2025-09-22 02:47:01,220 - Round number: 48 --------------------------
2025-09-22 02:47:01,220 - Evaluate global model
2025-09-22 02:47:03,604 - Averaged Train Loss: 0.1270
2025-09-22 02:47:03,605 - Test Accurancy: 0.9806
2025-09-22 02:47:03,605 - Attack Success Rate: 0.0215
2025-09-22 02:47:11,662 - DPD clipping bound C_t: 0.21365752071142197
2025-09-22 02:47:11,668 - DPD noise norm:15.31477165222168
2025-09-22 02:47:11,682 - Round number: 49 --------------------------
2025-09-22 02:47:11,682 - Evaluate global model
2025-09-22 02:47:13,697 - Averaged Train Loss: 0.1221
2025-09-22 02:47:13,697 - Test Accurancy: 0.9804
2025-09-22 02:47:13,697 - Attack Success Rate: 0.0232
2025-09-22 02:47:21,344 - DPD clipping bound C_t: 0.21163856238126755
2025-09-22 02:47:21,350 - DPD noise norm:15.18860149383545
2025-09-22 02:47:21,365 - Round number: 50 --------------------------
2025-09-22 02:47:21,366 - Evaluate global model
2025-09-22 02:47:25,559 - Averaged Train Loss: 0.1180
2025-09-22 02:47:25,569 - Test Accurancy: 0.9801
2025-09-22 02:47:25,569 - Attack Success Rate: 0.0290
2025-09-22 02:47:32,365 - DPD clipping bound C_t: 0.20983612537384033
2025-09-22 02:47:32,368 - DPD noise norm:15.052933692932129
2025-09-22 02:47:32,378 - Round number: 51 --------------------------
2025-09-22 02:47:32,378 - Evaluate global model
2025-09-22 02:47:36,089 - Averaged Train Loss: 0.1194
2025-09-22 02:47:36,094 - Test Accurancy: 0.9805
2025-09-22 02:47:36,094 - Attack Success Rate: 0.0249
2025-09-22 02:47:43,617 - DPD clipping bound C_t: 0.2049984633922577
2025-09-22 02:47:43,626 - DPD noise norm:14.712873458862305
2025-09-22 02:47:43,640 - Round number: 52 --------------------------
2025-09-22 02:47:43,640 - Evaluate global model
2025-09-22 02:47:46,272 - Averaged Train Loss: 0.1233
2025-09-22 02:47:46,273 - Test Accurancy: 0.9808
2025-09-22 02:47:46,273 - Attack Success Rate: 0.0244
2025-09-22 02:47:52,565 - DPD clipping bound C_t: 0.20337822288274765
2025-09-22 02:47:52,580 - DPD noise norm:14.593539237976074
2025-09-22 02:47:52,603 - Round number: 53 --------------------------
2025-09-22 02:47:52,603 - Evaluate global model
2025-09-22 02:47:56,222 - Averaged Train Loss: 0.1210
2025-09-22 02:47:56,222 - Test Accurancy: 0.9808
2025-09-22 02:47:56,222 - Attack Success Rate: 0.0238
2025-09-22 02:48:02,762 - DPD clipping bound C_t: 0.19396033138036728
2025-09-22 02:48:02,778 - DPD noise norm:13.905842781066895
2025-09-22 02:48:02,799 - Round number: 54 --------------------------
2025-09-22 02:48:02,799 - Evaluate global model
2025-09-22 02:48:07,362 - Averaged Train Loss: 0.1198
2025-09-22 02:48:07,367 - Test Accurancy: 0.9803
2025-09-22 02:48:07,367 - Attack Success Rate: 0.0238
2025-09-22 02:48:15,310 - DPD clipping bound C_t: 0.18862129747867584
2025-09-22 02:48:15,322 - DPD noise norm:13.513426780700684
2025-09-22 02:48:15,334 - Round number: 55 --------------------------
2025-09-22 02:48:15,335 - Evaluate global model
2025-09-22 02:48:18,427 - Averaged Train Loss: 0.1214
2025-09-22 02:48:18,429 - Test Accurancy: 0.9812
2025-09-22 02:48:18,430 - Attack Success Rate: 0.0209
2025-09-22 02:48:27,381 - DPD clipping bound C_t: 0.1878044307231903
2025-09-22 02:48:27,395 - DPD noise norm:13.470141410827637
2025-09-22 02:48:27,409 - Round number: 56 --------------------------
2025-09-22 02:48:27,409 - Evaluate global model
2025-09-22 02:48:32,845 - Averaged Train Loss: 0.1186
2025-09-22 02:48:32,855 - Test Accurancy: 0.9809
2025-09-22 02:48:32,855 - Attack Success Rate: 0.0249
2025-09-22 02:48:41,018 - DPD clipping bound C_t: 0.19116222858428955
2025-09-22 02:48:41,040 - DPD noise norm:13.71216869354248
2025-09-22 02:48:41,065 - Round number: 57 --------------------------
2025-09-22 02:48:41,065 - Evaluate global model
2025-09-22 02:48:45,808 - Averaged Train Loss: 0.1183
2025-09-22 02:48:45,811 - Test Accurancy: 0.9809
2025-09-22 02:48:45,811 - Attack Success Rate: 0.0232
2025-09-22 02:48:55,363 - DPD clipping bound C_t: 0.1834460198879242
2025-09-22 02:48:55,376 - DPD noise norm:13.168924331665039
2025-09-22 02:48:55,393 - Round number: 58 --------------------------
2025-09-22 02:48:55,393 - Evaluate global model
2025-09-22 02:49:02,203 - Averaged Train Loss: 0.1155
2025-09-22 02:49:02,214 - Test Accurancy: 0.9802
2025-09-22 02:49:02,214 - Attack Success Rate: 0.0307
2025-09-22 02:49:11,463 - DPD clipping bound C_t: 0.1842171847820282
2025-09-22 02:49:11,478 - DPD noise norm:13.201403617858887
2025-09-22 02:49:11,503 - Round number: 59 --------------------------
2025-09-22 02:49:11,505 - Evaluate global model
2025-09-22 02:49:16,655 - Averaged Train Loss: 0.1161
2025-09-22 02:49:16,662 - Test Accurancy: 0.9809
2025-09-22 02:49:16,662 - Attack Success Rate: 0.0284
2025-09-22 02:49:24,599 - DPD clipping bound C_t: 0.1810319572687149
2025-09-22 02:49:24,612 - DPD noise norm:12.975065231323242
2025-09-22 02:49:24,631 - Round number: 60 --------------------------
2025-09-22 02:49:24,631 - Evaluate global model
2025-09-22 02:49:29,479 - Averaged Train Loss: 0.1143
2025-09-22 02:49:29,488 - Test Accurancy: 0.9811
2025-09-22 02:49:29,488 - Attack Success Rate: 0.0290
2025-09-22 02:49:39,864 - DPD clipping bound C_t: 0.17616351693868637
2025-09-22 02:49:39,888 - DPD noise norm:12.63454532623291
2025-09-22 02:49:39,906 - Round number: 61 --------------------------
2025-09-22 02:49:39,906 - Evaluate global model
2025-09-22 02:49:46,223 - Averaged Train Loss: 0.1181
2025-09-22 02:49:46,230 - Test Accurancy: 0.9810
2025-09-22 02:49:46,230 - Attack Success Rate: 0.0244
2025-09-22 02:49:57,183 - DPD clipping bound C_t: 0.1774946078658104
2025-09-22 02:49:57,209 - DPD noise norm:12.740387916564941
2025-09-22 02:49:57,235 - Round number: 62 --------------------------
2025-09-22 02:49:57,236 - Evaluate global model
2025-09-22 02:50:02,749 - Averaged Train Loss: 0.1163
2025-09-22 02:50:02,751 - Test Accurancy: 0.9812
2025-09-22 02:50:02,751 - Attack Success Rate: 0.0278
2025-09-22 02:50:11,148 - DPD clipping bound C_t: 0.17373262345790863
2025-09-22 02:50:11,160 - DPD noise norm:12.46240234375
2025-09-22 02:50:11,177 - Round number: 63 --------------------------
2025-09-22 02:50:11,178 - Evaluate global model
2025-09-22 02:50:15,147 - Averaged Train Loss: 0.1192
2025-09-22 02:50:15,148 - Test Accurancy: 0.9814
2025-09-22 02:50:15,148 - Attack Success Rate: 0.0238
2025-09-22 02:50:20,916 - DPD clipping bound C_t: 0.16786503791809082
2025-09-22 02:50:20,922 - DPD noise norm:12.05114459991455
2025-09-22 02:50:20,940 - Round number: 64 --------------------------
2025-09-22 02:50:20,941 - Evaluate global model
2025-09-22 02:50:22,955 - Averaged Train Loss: 0.1192
2025-09-22 02:50:22,956 - Test Accurancy: 0.9820
2025-09-22 02:50:22,956 - Attack Success Rate: 0.0197
2025-09-22 02:50:29,006 - DPD clipping bound C_t: 0.16697800904512405
2025-09-22 02:50:29,012 - DPD noise norm:11.984526634216309
2025-09-22 02:50:29,030 - Round number: 65 --------------------------
2025-09-22 02:50:29,031 - Evaluate global model
2025-09-22 02:50:31,448 - Averaged Train Loss: 0.1185
2025-09-22 02:50:31,449 - Test Accurancy: 0.9824
2025-09-22 02:50:31,449 - Attack Success Rate: 0.0220
2025-09-22 02:50:39,249 - DPD clipping bound C_t: 0.16288187354803085
2025-09-22 02:50:39,255 - DPD noise norm:11.695462226867676
2025-09-22 02:50:39,268 - Round number: 66 --------------------------
2025-09-22 02:50:39,268 - Evaluate global model
2025-09-22 02:50:44,109 - Averaged Train Loss: 0.1157
2025-09-22 02:50:44,121 - Test Accurancy: 0.9820
2025-09-22 02:50:44,121 - Attack Success Rate: 0.0249
2025-09-22 02:50:53,345 - DPD clipping bound C_t: 0.1611066237092018
2025-09-22 02:50:53,356 - DPD noise norm:11.566494941711426
2025-09-22 02:50:53,379 - Round number: 67 --------------------------
2025-09-22 02:50:53,379 - Evaluate global model
2025-09-22 02:50:59,703 - Averaged Train Loss: 0.1136
2025-09-22 02:50:59,709 - Test Accurancy: 0.9818
2025-09-22 02:50:59,709 - Attack Success Rate: 0.0255
2025-09-22 02:51:05,535 - DPD clipping bound C_t: 0.15702997893095016
2025-09-22 02:51:05,547 - DPD noise norm:11.253335952758789
2025-09-22 02:51:05,564 - Round number: 68 --------------------------
2025-09-22 02:51:05,564 - Evaluate global model
2025-09-22 02:51:10,039 - Averaged Train Loss: 0.1147
2025-09-22 02:51:10,040 - Test Accurancy: 0.9821
2025-09-22 02:51:10,040 - Attack Success Rate: 0.0249
2025-09-22 02:51:15,359 - DPD clipping bound C_t: 0.15421713888645172
2025-09-22 02:51:15,370 - DPD noise norm:11.066696166992188
2025-09-22 02:51:15,385 - Round number: 69 --------------------------
2025-09-22 02:51:15,386 - Evaluate global model
2025-09-22 02:51:19,655 - Averaged Train Loss: 0.1145
2025-09-22 02:51:19,655 - Test Accurancy: 0.9824
2025-09-22 02:51:19,655 - Attack Success Rate: 0.0238
2025-09-22 02:51:24,511 - DPD clipping bound C_t: 0.15069447457790375
2025-09-22 02:51:24,519 - DPD noise norm:10.812180519104004
2025-09-22 02:51:24,548 - Round number: 70 --------------------------
2025-09-22 02:51:24,549 - Evaluate global model
2025-09-22 02:51:30,487 - Averaged Train Loss: 0.1188
2025-09-22 02:51:30,490 - Test Accurancy: 0.9826
2025-09-22 02:51:30,490 - Attack Success Rate: 0.0215
2025-09-22 02:51:35,739 - DPD clipping bound C_t: 0.14882665127515793
2025-09-22 02:51:35,742 - DPD noise norm:10.66514778137207
2025-09-22 02:51:35,752 - Round number: 71 --------------------------
2025-09-22 02:51:35,752 - Evaluate global model
2025-09-22 02:51:39,877 - Averaged Train Loss: 0.1140
2025-09-22 02:51:39,878 - Test Accurancy: 0.9817
2025-09-22 02:51:39,878 - Attack Success Rate: 0.0278
2025-09-22 02:51:44,520 - DPD clipping bound C_t: 0.14699269831180573
2025-09-22 02:51:44,525 - DPD noise norm:10.54763412475586
2025-09-22 02:51:44,535 - Round number: 72 --------------------------
2025-09-22 02:51:44,535 - Evaluate global model
2025-09-22 02:51:47,770 - Averaged Train Loss: 0.1156
2025-09-22 02:51:47,772 - Test Accurancy: 0.9815
2025-09-22 02:51:47,772 - Attack Success Rate: 0.0267
2025-09-22 02:51:52,552 - DPD clipping bound C_t: 0.1442633867263794
2025-09-22 02:51:52,555 - DPD noise norm:10.350314140319824
2025-09-22 02:51:52,572 - Round number: 73 --------------------------
2025-09-22 02:51:52,573 - Evaluate global model
2025-09-22 02:51:54,668 - Averaged Train Loss: 0.1142
2025-09-22 02:51:54,669 - Test Accurancy: 0.9823
2025-09-22 02:51:54,669 - Attack Success Rate: 0.0244
2025-09-22 02:52:01,308 - DPD clipping bound C_t: 0.1441270112991333
2025-09-22 02:52:01,313 - DPD noise norm:10.348804473876953
2025-09-22 02:52:01,324 - Round number: 74 --------------------------
2025-09-22 02:52:01,325 - Evaluate global model
2025-09-22 02:52:03,546 - Averaged Train Loss: 0.1156
2025-09-22 02:52:03,547 - Test Accurancy: 0.9822
2025-09-22 02:52:03,547 - Attack Success Rate: 0.0232
2025-09-22 02:52:11,123 - DPD clipping bound C_t: 0.14037038385868073
2025-09-22 02:52:11,128 - DPD noise norm:10.073775291442871
2025-09-22 02:52:11,141 - Round number: 75 --------------------------
2025-09-22 02:52:11,141 - Evaluate global model
2025-09-22 02:52:14,513 - Averaged Train Loss: 0.1120
2025-09-22 02:52:14,515 - Test Accurancy: 0.9820
2025-09-22 02:52:14,515 - Attack Success Rate: 0.0261
2025-09-22 02:52:22,876 - DPD clipping bound C_t: 0.14084064960479736
2025-09-22 02:52:22,887 - DPD noise norm:10.116780281066895
2025-09-22 02:52:22,907 - Round number: 76 --------------------------
2025-09-22 02:52:22,907 - Evaluate global model
2025-09-22 02:52:28,848 - Averaged Train Loss: 0.1103
2025-09-22 02:52:28,852 - Test Accurancy: 0.9819
2025-09-22 02:52:28,852 - Attack Success Rate: 0.0284
2025-09-22 02:52:35,902 - DPD clipping bound C_t: 0.14026950299739838
2025-09-22 02:52:35,914 - DPD noise norm:10.060245513916016
2025-09-22 02:52:35,931 - Round number: 77 --------------------------
2025-09-22 02:52:35,931 - Evaluate global model
2025-09-22 02:52:40,559 - Averaged Train Loss: 0.1134
2025-09-22 02:52:40,560 - Test Accurancy: 0.9817
2025-09-22 02:52:40,560 - Attack Success Rate: 0.0244
2025-09-22 02:52:48,243 - DPD clipping bound C_t: 0.13846361637115479
2025-09-22 02:52:48,259 - DPD noise norm:9.942588806152344
2025-09-22 02:52:48,289 - Round number: 78 --------------------------
2025-09-22 02:52:48,290 - Evaluate global model
2025-09-22 02:52:51,608 - Averaged Train Loss: 0.1091
2025-09-22 02:52:51,609 - Test Accurancy: 0.9810
2025-09-22 02:52:51,609 - Attack Success Rate: 0.0290
2025-09-22 02:52:56,568 - DPD clipping bound C_t: 0.1395636945962906
2025-09-22 02:52:56,570 - DPD noise norm:9.998480796813965
2025-09-22 02:52:56,579 - Round number: 79 --------------------------
2025-09-22 02:52:56,580 - Evaluate global model
2025-09-22 02:52:58,567 - Averaged Train Loss: 0.1107
2025-09-22 02:52:58,568 - Test Accurancy: 0.9812
2025-09-22 02:52:58,568 - Attack Success Rate: 0.0267
2025-09-22 02:53:04,744 - DPD clipping bound C_t: 0.13470253348350525
2025-09-22 02:53:04,747 - DPD noise norm:9.65119743347168
2025-09-22 02:53:04,759 - Round number: 80 --------------------------
2025-09-22 02:53:04,759 - Evaluate global model
2025-09-22 02:53:07,567 - Averaged Train Loss: 0.1143
2025-09-22 02:53:07,570 - Test Accurancy: 0.9825
2025-09-22 02:53:07,570 - Attack Success Rate: 0.0215
2025-09-22 02:53:15,318 - DPD clipping bound C_t: 0.13027961552143097
2025-09-22 02:53:15,322 - DPD noise norm:9.352863311767578
2025-09-22 02:53:15,329 - Round number: 81 --------------------------
2025-09-22 02:53:15,330 - Evaluate global model
2025-09-22 02:53:18,460 - Averaged Train Loss: 0.1131
2025-09-22 02:53:18,465 - Test Accurancy: 0.9819
2025-09-22 02:53:18,465 - Attack Success Rate: 0.0238
2025-09-22 02:53:23,597 - DPD clipping bound C_t: 0.130146361887455
2025-09-22 02:53:23,600 - DPD noise norm:9.335894584655762
2025-09-22 02:53:23,608 - Round number: 82 --------------------------
2025-09-22 02:53:23,608 - Evaluate global model
2025-09-22 02:53:26,020 - Averaged Train Loss: 0.1117
2025-09-22 02:53:26,021 - Test Accurancy: 0.9818
2025-09-22 02:53:26,021 - Attack Success Rate: 0.0261
2025-09-22 02:53:31,415 - DPD clipping bound C_t: 0.12632686644792557
2025-09-22 02:53:31,419 - DPD noise norm:9.05056381225586
2025-09-22 02:53:31,427 - Round number: 83 --------------------------
2025-09-22 02:53:31,427 - Evaluate global model
2025-09-22 02:53:33,913 - Averaged Train Loss: 0.1119
2025-09-22 02:53:33,914 - Test Accurancy: 0.9816
2025-09-22 02:53:33,915 - Attack Success Rate: 0.0232
2025-09-22 02:53:41,259 - DPD clipping bound C_t: 0.1278747320175171
2025-09-22 02:53:41,262 - DPD noise norm:9.157674789428711
2025-09-22 02:53:41,271 - Round number: 84 --------------------------
2025-09-22 02:53:41,271 - Evaluate global model
2025-09-22 02:53:44,835 - Averaged Train Loss: 0.1126
2025-09-22 02:53:44,836 - Test Accurancy: 0.9822
2025-09-22 02:53:44,836 - Attack Success Rate: 0.0209
2025-09-22 02:53:51,145 - DPD clipping bound C_t: 0.12490671500563622
2025-09-22 02:53:51,148 - DPD noise norm:8.961837768554688
2025-09-22 02:53:51,160 - Round number: 85 --------------------------
2025-09-22 02:53:51,160 - Evaluate global model
2025-09-22 02:53:55,228 - Averaged Train Loss: 0.1116
2025-09-22 02:53:55,230 - Test Accurancy: 0.9821
2025-09-22 02:53:55,230 - Attack Success Rate: 0.0203
2025-09-22 02:54:00,916 - DPD clipping bound C_t: 0.12398898601531982
2025-09-22 02:54:00,924 - DPD noise norm:8.899192810058594
2025-09-22 02:54:00,940 - Round number: 86 --------------------------
2025-09-22 02:54:00,940 - Evaluate global model
2025-09-22 02:54:04,122 - Averaged Train Loss: 0.1120
2025-09-22 02:54:04,123 - Test Accurancy: 0.9817
2025-09-22 02:54:04,124 - Attack Success Rate: 0.0232
2025-09-22 02:54:09,341 - DPD clipping bound C_t: 0.12141993269324303
2025-09-22 02:54:09,344 - DPD noise norm:8.698577880859375
2025-09-22 02:54:09,352 - Round number: 87 --------------------------
2025-09-22 02:54:09,352 - Evaluate global model
2025-09-22 02:54:11,558 - Averaged Train Loss: 0.1084
2025-09-22 02:54:11,559 - Test Accurancy: 0.9814
2025-09-22 02:54:11,559 - Attack Success Rate: 0.0267
2025-09-22 02:54:17,008 - DPD clipping bound C_t: 0.11980976164340973
2025-09-22 02:54:17,013 - DPD noise norm:8.600241661071777
2025-09-22 02:54:17,025 - Round number: 88 --------------------------
2025-09-22 02:54:17,026 - Evaluate global model
2025-09-22 02:54:18,834 - Averaged Train Loss: 0.1081
2025-09-22 02:54:18,834 - Test Accurancy: 0.9814
2025-09-22 02:54:18,835 - Attack Success Rate: 0.0267
2025-09-22 02:54:24,578 - DPD clipping bound C_t: 0.11841326579451561
2025-09-22 02:54:24,584 - DPD noise norm:8.5014066696167
2025-09-22 02:54:24,598 - Round number: 89 --------------------------
2025-09-22 02:54:24,598 - Evaluate global model
2025-09-22 02:54:27,026 - Averaged Train Loss: 0.1087
2025-09-22 02:54:27,026 - Test Accurancy: 0.9814
2025-09-22 02:54:27,026 - Attack Success Rate: 0.0261
2025-09-22 02:54:32,769 - DPD clipping bound C_t: 0.11527841910719872
2025-09-22 02:54:32,772 - DPD noise norm:8.275203704833984
2025-09-22 02:54:32,780 - Round number: 90 --------------------------
2025-09-22 02:54:32,780 - Evaluate global model
2025-09-22 02:54:36,081 - Averaged Train Loss: 0.1074
2025-09-22 02:54:36,082 - Test Accurancy: 0.9817
2025-09-22 02:54:36,082 - Attack Success Rate: 0.0255
2025-09-22 02:54:41,522 - DPD clipping bound C_t: 0.11429307982325554
2025-09-22 02:54:41,525 - DPD noise norm:8.210633277893066
2025-09-22 02:54:41,539 - Round number: 91 --------------------------
2025-09-22 02:54:41,540 - Evaluate global model
2025-09-22 02:54:45,405 - Averaged Train Loss: 0.1086
2025-09-22 02:54:45,406 - Test Accurancy: 0.9818
2025-09-22 02:54:45,406 - Attack Success Rate: 0.0232
2025-09-22 02:54:51,766 - DPD clipping bound C_t: 0.11738874763250351
2025-09-22 02:54:51,772 - DPD noise norm:8.403660774230957
2025-09-22 02:54:51,789 - Round number: 92 --------------------------
2025-09-22 02:54:51,789 - Evaluate global model
2025-09-22 02:54:56,103 - Averaged Train Loss: 0.1091
2025-09-22 02:54:56,104 - Test Accurancy: 0.9819
2025-09-22 02:54:56,104 - Attack Success Rate: 0.0244
2025-09-22 02:55:04,643 - DPD clipping bound C_t: 0.11240299418568611
2025-09-22 02:55:04,649 - DPD noise norm:8.05814266204834
2025-09-22 02:55:04,661 - Round number: 93 --------------------------
2025-09-22 02:55:04,662 - Evaluate global model
2025-09-22 02:55:08,920 - Averaged Train Loss: 0.1094
2025-09-22 02:55:08,921 - Test Accurancy: 0.9818
2025-09-22 02:55:08,922 - Attack Success Rate: 0.0238
2025-09-22 02:55:16,023 - DPD clipping bound C_t: 0.11092913523316383
2025-09-22 02:55:16,029 - DPD noise norm:7.940873146057129
2025-09-22 02:55:16,046 - Round number: 94 --------------------------
2025-09-22 02:55:16,046 - Evaluate global model
2025-09-22 02:55:20,003 - Averaged Train Loss: 0.1087
2025-09-22 02:55:20,005 - Test Accurancy: 0.9816
2025-09-22 02:55:20,005 - Attack Success Rate: 0.0267
2025-09-22 02:55:26,693 - DPD clipping bound C_t: 0.11048144847154617
2025-09-22 02:55:26,714 - DPD noise norm:7.931878089904785
2025-09-22 02:55:26,732 - Round number: 95 --------------------------
2025-09-22 02:55:26,732 - Evaluate global model
2025-09-22 02:55:30,904 - Averaged Train Loss: 0.1124
2025-09-22 02:55:30,906 - Test Accurancy: 0.9819
2025-09-22 02:55:30,906 - Attack Success Rate: 0.0209
2025-09-22 02:55:36,537 - DPD clipping bound C_t: 0.10970979928970337
2025-09-22 02:55:36,546 - DPD noise norm:7.87214994430542
2025-09-22 02:55:36,570 - Round number: 96 --------------------------
2025-09-22 02:55:36,571 - Evaluate global model
2025-09-22 02:55:40,209 - Averaged Train Loss: 0.1097
2025-09-22 02:55:40,210 - Test Accurancy: 0.9815
2025-09-22 02:55:40,210 - Attack Success Rate: 0.0220
2025-09-22 02:55:44,916 - DPD clipping bound C_t: 0.10637110844254494
2025-09-22 02:55:44,920 - DPD noise norm:7.626088619232178
2025-09-22 02:55:44,930 - Round number: 97 --------------------------
2025-09-22 02:55:44,930 - Evaluate global model
2025-09-22 02:55:49,042 - Averaged Train Loss: 0.1107
2025-09-22 02:55:49,043 - Test Accurancy: 0.9820
2025-09-22 02:55:49,043 - Attack Success Rate: 0.0209
2025-09-22 02:55:55,004 - DPD clipping bound C_t: 0.10524056106805801
2025-09-22 02:55:55,024 - DPD noise norm:7.54751443862915
2025-09-22 02:55:55,043 - Round number: 98 --------------------------
2025-09-22 02:55:55,043 - Evaluate global model
2025-09-22 02:56:00,018 - Averaged Train Loss: 0.1090
2025-09-22 02:56:00,019 - Test Accurancy: 0.9820
2025-09-22 02:56:00,019 - Attack Success Rate: 0.0220
2025-09-22 02:56:06,018 - DPD clipping bound C_t: 0.10541772469878197
2025-09-22 02:56:06,036 - DPD noise norm:7.559720993041992
2025-09-22 02:56:06,058 - Round number: 99 --------------------------
2025-09-22 02:56:06,058 - Evaluate global model
2025-09-22 02:56:10,523 - Averaged Train Loss: 0.1066
2025-09-22 02:56:10,523 - Test Accurancy: 0.9816
2025-09-22 02:56:10,523 - Attack Success Rate: 0.0261
2025-09-22 02:56:16,250 - DPD clipping bound C_t: 0.10452863574028015
2025-09-22 02:56:16,266 - DPD noise norm:7.487423896789551
2025-09-22 02:56:16,282 - Round number: 100 --------------------------
2025-09-22 02:56:16,283 - Evaluate global model
2025-09-22 02:56:20,450 - Averaged Train Loss: 0.1088
2025-09-22 02:56:20,451 - Test Accurancy: 0.9817
2025-09-22 02:56:20,451 - Attack Success Rate: 0.0232
2025-09-22 02:56:26,414 - DPD clipping bound C_t: 0.10099757090210915
2025-09-22 02:56:26,423 - DPD noise norm:7.258943557739258
2025-09-22 02:56:26,425 - Run over
2025-09-22 02:56:26,426 - Saving results to ./exp/exp2/MNIST/0.094.h5
2025-09-22 02:56:26,503 - Best accuracy: 0.9826424574626014
2025-09-22 02:56:26,503 - Average time cost per round: 10.51951313495636
