2026-04-13 23:03:47,399 - *****************EXP-4*****************
2026-04-13 23:03:47,399 - Exp repeats: 1
2026-04-13 23:03:47,399 - Communication Rounds: 100
2026-04-13 23:03:47,399 - Clients: 40

2026-04-13 23:03:47,399 - Attack method: sign_flip
2026-04-13 23:03:47,400 - Filtering rule: avg
2026-04-13 23:03:47,400 - Dataset: FashionMNIST
2026-04-13 23:03:47,400 - Model: cnn
2026-04-13 23:03:47,401 - Learning Rate: 0.02
2026-04-13 23:03:47,401 - Batch Size: 64
2026-04-13 23:03:47,401 - Device: cuda
2026-04-13 23:03:47,401 - Device id: 0
2026-04-13 23:03:47,401 - Adversaries: 8
2026-04-13 23:03:47,401 - Model Poisoning: Sign Flip attack
2026-04-13 23:03:47,401 - *****************EXP-4*****************
2026-04-13 23:03:48,165 - Running time: 0th ==========================
2026-04-13 23:03:50,522 - Round number: 0 --------------------------
2026-04-13 23:03:50,535 - Evaluate global model
2026-04-13 23:03:53,315 - Averaged Train Loss: 2.3011
2026-04-13 23:03:53,316 - Test Accurancy: 0.0974
2026-04-13 23:04:01,609 - Round number: 1 --------------------------
2026-04-13 23:04:01,616 - Evaluate global model
2026-04-13 23:04:08,813 - Averaged Train Loss: 1.9478
2026-04-13 23:04:08,814 - Test Accurancy: 0.5222
2026-04-13 23:04:19,230 - Round number: 2 --------------------------
2026-04-13 23:04:19,230 - Evaluate global model
2026-04-13 23:04:26,503 - Averaged Train Loss: 1.4399
2026-04-13 23:04:26,504 - Test Accurancy: 0.6074
2026-04-13 23:04:37,053 - Round number: 3 --------------------------
2026-04-13 23:04:37,054 - Evaluate global model
2026-04-13 23:04:43,840 - Averaged Train Loss: 1.1227
2026-04-13 23:04:43,841 - Test Accurancy: 0.6446
2026-04-13 23:04:54,606 - Round number: 4 --------------------------
2026-04-13 23:04:54,607 - Evaluate global model
2026-04-13 23:05:00,716 - Averaged Train Loss: 0.9730
2026-04-13 23:05:00,718 - Test Accurancy: 0.6630
2026-04-13 23:05:11,780 - Round number: 5 --------------------------
2026-04-13 23:05:11,781 - Evaluate global model
2026-04-13 23:05:17,489 - Averaged Train Loss: 0.8774
2026-04-13 23:05:17,490 - Test Accurancy: 0.6807
2026-04-13 23:05:28,835 - Round number: 6 --------------------------
2026-04-13 23:05:28,841 - Evaluate global model
2026-04-13 23:05:34,101 - Averaged Train Loss: 0.8169
2026-04-13 23:05:34,101 - Test Accurancy: 0.6977
2026-04-13 23:05:45,891 - Round number: 7 --------------------------
2026-04-13 23:05:45,892 - Evaluate global model
2026-04-13 23:05:51,257 - Averaged Train Loss: 0.7824
2026-04-13 23:05:51,258 - Test Accurancy: 0.7060
2026-04-13 23:06:02,143 - Round number: 8 --------------------------
2026-04-13 23:06:02,144 - Evaluate global model
2026-04-13 23:06:08,577 - Averaged Train Loss: 0.7588
2026-04-13 23:06:08,577 - Test Accurancy: 0.7170
2026-04-13 23:06:18,498 - Round number: 9 --------------------------
2026-04-13 23:06:18,515 - Evaluate global model
2026-04-13 23:06:26,206 - Averaged Train Loss: 0.7333
2026-04-13 23:06:26,207 - Test Accurancy: 0.7264
2026-04-13 23:06:36,306 - Round number: 10 --------------------------
2026-04-13 23:06:36,306 - Evaluate global model
2026-04-13 23:06:44,241 - Averaged Train Loss: 0.7140
2026-04-13 23:06:44,242 - Test Accurancy: 0.7335
2026-04-13 23:06:53,942 - Round number: 11 --------------------------
2026-04-13 23:06:53,943 - Evaluate global model
2026-04-13 23:07:01,282 - Averaged Train Loss: 0.6965
2026-04-13 23:07:01,283 - Test Accurancy: 0.7417
2026-04-13 23:07:10,720 - Round number: 12 --------------------------
2026-04-13 23:07:10,721 - Evaluate global model
2026-04-13 23:07:17,068 - Averaged Train Loss: 0.6883
2026-04-13 23:07:17,069 - Test Accurancy: 0.7433
2026-04-13 23:07:27,774 - Round number: 13 --------------------------
2026-04-13 23:07:27,774 - Evaluate global model
2026-04-13 23:07:33,357 - Averaged Train Loss: 0.6759
2026-04-13 23:07:33,358 - Test Accurancy: 0.7483
2026-04-13 23:07:44,568 - Round number: 14 --------------------------
2026-04-13 23:07:44,587 - Evaluate global model
2026-04-13 23:07:50,129 - Averaged Train Loss: 0.6701
2026-04-13 23:07:50,130 - Test Accurancy: 0.7505
2026-04-13 23:08:00,527 - Round number: 15 --------------------------
2026-04-13 23:08:00,528 - Evaluate global model
2026-04-13 23:08:06,602 - Averaged Train Loss: 0.6645
2026-04-13 23:08:06,603 - Test Accurancy: 0.7543
2026-04-13 23:08:18,906 - Round number: 16 --------------------------
2026-04-13 23:08:18,906 - Evaluate global model
2026-04-13 23:08:24,688 - Averaged Train Loss: 0.6530
2026-04-13 23:08:24,689 - Test Accurancy: 0.7577
2026-04-13 23:08:35,623 - Round number: 17 --------------------------
2026-04-13 23:08:35,624 - Evaluate global model
2026-04-13 23:08:41,732 - Averaged Train Loss: 0.6413
2026-04-13 23:08:41,736 - Test Accurancy: 0.7629
2026-04-13 23:08:51,758 - Round number: 18 --------------------------
2026-04-13 23:08:51,758 - Evaluate global model
2026-04-13 23:08:58,238 - Averaged Train Loss: 0.6326
2026-04-13 23:08:58,243 - Test Accurancy: 0.7665
2026-04-13 23:09:08,725 - Round number: 19 --------------------------
2026-04-13 23:09:08,726 - Evaluate global model
2026-04-13 23:09:14,132 - Averaged Train Loss: 0.6235
2026-04-13 23:09:14,149 - Test Accurancy: 0.7697
2026-04-13 23:09:24,244 - Round number: 20 --------------------------
2026-04-13 23:09:24,244 - Evaluate global model
2026-04-13 23:09:29,240 - Averaged Train Loss: 0.6206
2026-04-13 23:09:29,240 - Test Accurancy: 0.7692
2026-04-13 23:09:40,270 - Round number: 21 --------------------------
2026-04-13 23:09:40,271 - Evaluate global model
2026-04-13 23:09:47,961 - Averaged Train Loss: 0.6123
2026-04-13 23:09:47,961 - Test Accurancy: 0.7741
2026-04-13 23:09:58,529 - Round number: 22 --------------------------
2026-04-13 23:09:58,529 - Evaluate global model
2026-04-13 23:10:04,564 - Averaged Train Loss: 0.6050
2026-04-13 23:10:04,565 - Test Accurancy: 0.7756
2026-04-13 23:10:15,706 - Round number: 23 --------------------------
2026-04-13 23:10:15,729 - Evaluate global model
2026-04-13 23:10:21,079 - Averaged Train Loss: 0.6029
2026-04-13 23:10:21,079 - Test Accurancy: 0.7771
2026-04-13 23:10:32,158 - Round number: 24 --------------------------
2026-04-13 23:10:32,158 - Evaluate global model
2026-04-13 23:10:38,249 - Averaged Train Loss: 0.5990
2026-04-13 23:10:38,249 - Test Accurancy: 0.7785
2026-04-13 23:10:50,140 - Round number: 25 --------------------------
2026-04-13 23:10:50,141 - Evaluate global model
2026-04-13 23:10:55,066 - Averaged Train Loss: 0.5948
2026-04-13 23:10:55,067 - Test Accurancy: 0.7793
2026-04-13 23:11:07,431 - Round number: 26 --------------------------
2026-04-13 23:11:07,431 - Evaluate global model
2026-04-13 23:11:12,791 - Averaged Train Loss: 0.5887
2026-04-13 23:11:12,791 - Test Accurancy: 0.7811
2026-04-13 23:11:24,929 - Round number: 27 --------------------------
2026-04-13 23:11:24,929 - Evaluate global model
2026-04-13 23:11:29,443 - Averaged Train Loss: 0.5825
2026-04-13 23:11:29,444 - Test Accurancy: 0.7831
2026-04-13 23:11:41,058 - Round number: 28 --------------------------
2026-04-13 23:11:41,058 - Evaluate global model
2026-04-13 23:11:47,398 - Averaged Train Loss: 0.5780
2026-04-13 23:11:47,404 - Test Accurancy: 0.7854
2026-04-13 23:11:58,659 - Round number: 29 --------------------------
2026-04-13 23:11:58,661 - Evaluate global model
2026-04-13 23:12:05,123 - Averaged Train Loss: 0.5751
2026-04-13 23:12:05,128 - Test Accurancy: 0.7853
2026-04-13 23:12:15,580 - Round number: 30 --------------------------
2026-04-13 23:12:15,581 - Evaluate global model
2026-04-13 23:12:21,780 - Averaged Train Loss: 0.5729
2026-04-13 23:12:21,781 - Test Accurancy: 0.7872
2026-04-13 23:12:32,535 - Round number: 31 --------------------------
2026-04-13 23:12:32,537 - Evaluate global model
2026-04-13 23:12:38,676 - Averaged Train Loss: 0.5714
2026-04-13 23:12:38,677 - Test Accurancy: 0.7870
2026-04-13 23:12:50,064 - Round number: 32 --------------------------
2026-04-13 23:12:50,065 - Evaluate global model
2026-04-13 23:12:55,756 - Averaged Train Loss: 0.5649
2026-04-13 23:12:55,756 - Test Accurancy: 0.7896
2026-04-13 23:13:07,002 - Round number: 33 --------------------------
2026-04-13 23:13:07,003 - Evaluate global model
2026-04-13 23:13:12,270 - Averaged Train Loss: 0.5667
2026-04-13 23:13:12,270 - Test Accurancy: 0.7897
2026-04-13 23:13:21,599 - Round number: 34 --------------------------
2026-04-13 23:13:21,600 - Evaluate global model
2026-04-13 23:13:28,672 - Averaged Train Loss: 0.5632
2026-04-13 23:13:28,673 - Test Accurancy: 0.7914
2026-04-13 23:13:38,877 - Round number: 35 --------------------------
2026-04-13 23:13:38,877 - Evaluate global model
2026-04-13 23:13:45,663 - Averaged Train Loss: 0.5574
2026-04-13 23:13:45,665 - Test Accurancy: 0.7913
2026-04-13 23:13:54,824 - Round number: 36 --------------------------
2026-04-13 23:13:54,830 - Evaluate global model
2026-04-13 23:14:01,433 - Averaged Train Loss: 0.5584
2026-04-13 23:14:01,434 - Test Accurancy: 0.7915
2026-04-13 23:14:11,054 - Round number: 37 --------------------------
2026-04-13 23:14:11,055 - Evaluate global model
2026-04-13 23:14:17,147 - Averaged Train Loss: 0.5540
2026-04-13 23:14:17,148 - Test Accurancy: 0.7933
2026-04-13 23:14:27,899 - Round number: 38 --------------------------
2026-04-13 23:14:27,900 - Evaluate global model
2026-04-13 23:14:33,628 - Averaged Train Loss: 0.5530
2026-04-13 23:14:33,630 - Test Accurancy: 0.7928
2026-04-13 23:14:45,575 - Round number: 39 --------------------------
2026-04-13 23:14:45,576 - Evaluate global model
2026-04-13 23:14:50,347 - Averaged Train Loss: 0.5523
2026-04-13 23:14:50,347 - Test Accurancy: 0.7939
2026-04-13 23:15:02,443 - Round number: 40 --------------------------
2026-04-13 23:15:02,444 - Evaluate global model
2026-04-13 23:15:08,590 - Averaged Train Loss: 0.5528
2026-04-13 23:15:08,590 - Test Accurancy: 0.7947
2026-04-13 23:15:18,723 - Round number: 41 --------------------------
2026-04-13 23:15:18,724 - Evaluate global model
2026-04-13 23:15:25,140 - Averaged Train Loss: 0.5452
2026-04-13 23:15:25,140 - Test Accurancy: 0.7974
2026-04-13 23:15:35,346 - Round number: 42 --------------------------
2026-04-13 23:15:35,347 - Evaluate global model
2026-04-13 23:15:41,656 - Averaged Train Loss: 0.5463
2026-04-13 23:15:41,657 - Test Accurancy: 0.7973
2026-04-13 23:15:52,545 - Round number: 43 --------------------------
2026-04-13 23:15:52,546 - Evaluate global model
2026-04-13 23:15:59,303 - Averaged Train Loss: 0.5419
2026-04-13 23:15:59,303 - Test Accurancy: 0.7982
2026-04-13 23:16:10,184 - Round number: 44 --------------------------
2026-04-13 23:16:10,185 - Evaluate global model
2026-04-13 23:16:16,182 - Averaged Train Loss: 0.5369
2026-04-13 23:16:16,183 - Test Accurancy: 0.7983
2026-04-13 23:16:27,716 - Round number: 45 --------------------------
2026-04-13 23:16:27,717 - Evaluate global model
2026-04-13 23:16:33,130 - Averaged Train Loss: 0.5388
2026-04-13 23:16:33,130 - Test Accurancy: 0.7996
2026-04-13 23:16:45,862 - Round number: 46 --------------------------
2026-04-13 23:16:45,871 - Evaluate global model
2026-04-13 23:16:51,474 - Averaged Train Loss: 0.5381
2026-04-13 23:16:51,475 - Test Accurancy: 0.7985
2026-04-13 23:17:04,680 - Round number: 47 --------------------------
2026-04-13 23:17:04,681 - Evaluate global model
2026-04-13 23:17:10,444 - Averaged Train Loss: 0.5354
2026-04-13 23:17:10,444 - Test Accurancy: 0.7995
2026-04-13 23:17:22,597 - Round number: 48 --------------------------
2026-04-13 23:17:22,603 - Evaluate global model
2026-04-13 23:17:28,266 - Averaged Train Loss: 0.5330
2026-04-13 23:17:28,266 - Test Accurancy: 0.8009
2026-04-13 23:17:40,739 - Round number: 49 --------------------------
2026-04-13 23:17:40,739 - Evaluate global model
2026-04-13 23:17:45,593 - Averaged Train Loss: 0.5282
2026-04-13 23:17:45,594 - Test Accurancy: 0.8029
2026-04-13 23:17:56,506 - Round number: 50 --------------------------
2026-04-13 23:17:56,507 - Evaluate global model
2026-04-13 23:18:03,183 - Averaged Train Loss: 0.5249
2026-04-13 23:18:03,183 - Test Accurancy: 0.8034
2026-04-13 23:18:13,320 - Round number: 51 --------------------------
2026-04-13 23:18:13,321 - Evaluate global model
2026-04-13 23:18:19,224 - Averaged Train Loss: 0.5244
2026-04-13 23:18:19,225 - Test Accurancy: 0.8031
2026-04-13 23:18:30,145 - Round number: 52 --------------------------
2026-04-13 23:18:30,150 - Evaluate global model
2026-04-13 23:18:35,698 - Averaged Train Loss: 0.5242
2026-04-13 23:18:35,701 - Test Accurancy: 0.8033
2026-04-13 23:18:46,988 - Round number: 53 --------------------------
2026-04-13 23:18:46,988 - Evaluate global model
2026-04-13 23:18:52,194 - Averaged Train Loss: 0.5224
2026-04-13 23:18:52,194 - Test Accurancy: 0.8055
2026-04-13 23:19:04,439 - Round number: 54 --------------------------
2026-04-13 23:19:04,440 - Evaluate global model
2026-04-13 23:19:09,224 - Averaged Train Loss: 0.5240
2026-04-13 23:19:09,225 - Test Accurancy: 0.8031
2026-04-13 23:19:21,376 - Round number: 55 --------------------------
2026-04-13 23:19:21,377 - Evaluate global model
2026-04-13 23:19:26,205 - Averaged Train Loss: 0.5203
2026-04-13 23:19:26,206 - Test Accurancy: 0.8051
2026-04-13 23:19:38,445 - Round number: 56 --------------------------
2026-04-13 23:19:38,460 - Evaluate global model
2026-04-13 23:19:43,008 - Averaged Train Loss: 0.5184
2026-04-13 23:19:43,010 - Test Accurancy: 0.8060
2026-04-13 23:19:52,863 - Round number: 57 --------------------------
2026-04-13 23:19:52,863 - Evaluate global model
2026-04-13 23:19:58,308 - Averaged Train Loss: 0.5171
2026-04-13 23:19:58,308 - Test Accurancy: 0.8060
2026-04-13 23:20:09,684 - Round number: 58 --------------------------
2026-04-13 23:20:09,685 - Evaluate global model
2026-04-13 23:20:15,014 - Averaged Train Loss: 0.5192
2026-04-13 23:20:15,014 - Test Accurancy: 0.8050
2026-04-13 23:20:26,155 - Round number: 59 --------------------------
2026-04-13 23:20:26,162 - Evaluate global model
2026-04-13 23:20:30,838 - Averaged Train Loss: 0.5129
2026-04-13 23:20:30,838 - Test Accurancy: 0.8087
2026-04-13 23:20:42,816 - Round number: 60 --------------------------
2026-04-13 23:20:42,817 - Evaluate global model
2026-04-13 23:20:47,926 - Averaged Train Loss: 0.5141
2026-04-13 23:20:47,926 - Test Accurancy: 0.8073
2026-04-13 23:21:00,198 - Round number: 61 --------------------------
2026-04-13 23:21:00,198 - Evaluate global model
2026-04-13 23:21:04,097 - Averaged Train Loss: 0.5138
2026-04-13 23:21:04,098 - Test Accurancy: 0.8074
2026-04-13 23:21:15,106 - Round number: 62 --------------------------
2026-04-13 23:21:15,106 - Evaluate global model
2026-04-13 23:21:20,191 - Averaged Train Loss: 0.5131
2026-04-13 23:21:20,191 - Test Accurancy: 0.8075
2026-04-13 23:21:30,692 - Round number: 63 --------------------------
2026-04-13 23:21:30,692 - Evaluate global model
2026-04-13 23:21:37,840 - Averaged Train Loss: 0.5125
2026-04-13 23:21:37,840 - Test Accurancy: 0.8087
2026-04-13 23:21:47,738 - Round number: 64 --------------------------
2026-04-13 23:21:47,738 - Evaluate global model
2026-04-13 23:21:54,226 - Averaged Train Loss: 0.5104
2026-04-13 23:21:54,232 - Test Accurancy: 0.8095
2026-04-13 23:22:04,110 - Round number: 65 --------------------------
2026-04-13 23:22:04,111 - Evaluate global model
2026-04-13 23:22:10,854 - Averaged Train Loss: 0.5086
2026-04-13 23:22:10,861 - Test Accurancy: 0.8090
2026-04-13 23:22:20,448 - Round number: 66 --------------------------
2026-04-13 23:22:20,448 - Evaluate global model
2026-04-13 23:22:25,923 - Averaged Train Loss: 0.5036
2026-04-13 23:22:25,923 - Test Accurancy: 0.8102
2026-04-13 23:22:37,550 - Round number: 67 --------------------------
2026-04-13 23:22:37,566 - Evaluate global model
2026-04-13 23:22:43,586 - Averaged Train Loss: 0.5060
2026-04-13 23:22:43,587 - Test Accurancy: 0.8106
2026-04-13 23:22:55,080 - Round number: 68 --------------------------
2026-04-13 23:22:55,080 - Evaluate global model
2026-04-13 23:23:00,135 - Averaged Train Loss: 0.5035
2026-04-13 23:23:00,135 - Test Accurancy: 0.8107
2026-04-13 23:23:11,391 - Round number: 69 --------------------------
2026-04-13 23:23:11,395 - Evaluate global model
2026-04-13 23:23:16,898 - Averaged Train Loss: 0.5040
2026-04-13 23:23:16,899 - Test Accurancy: 0.8100
2026-04-13 23:23:27,946 - Round number: 70 --------------------------
2026-04-13 23:23:27,946 - Evaluate global model
2026-04-13 23:23:32,616 - Averaged Train Loss: 0.5033
2026-04-13 23:23:32,616 - Test Accurancy: 0.8115
2026-04-13 23:23:44,157 - Round number: 71 --------------------------
2026-04-13 23:23:44,169 - Evaluate global model
2026-04-13 23:23:49,227 - Averaged Train Loss: 0.4971
2026-04-13 23:23:49,227 - Test Accurancy: 0.8140
2026-04-13 23:24:00,527 - Round number: 72 --------------------------
2026-04-13 23:24:00,529 - Evaluate global model
2026-04-13 23:24:06,278 - Averaged Train Loss: 0.4962
2026-04-13 23:24:06,278 - Test Accurancy: 0.8143
2026-04-13 23:24:17,088 - Round number: 73 --------------------------
2026-04-13 23:24:17,089 - Evaluate global model
2026-04-13 23:24:21,881 - Averaged Train Loss: 0.5000
2026-04-13 23:24:21,882 - Test Accurancy: 0.8119
2026-04-13 23:24:33,854 - Round number: 74 --------------------------
2026-04-13 23:24:33,854 - Evaluate global model
2026-04-13 23:24:39,210 - Averaged Train Loss: 0.4965
2026-04-13 23:24:39,211 - Test Accurancy: 0.8139
2026-04-13 23:24:51,458 - Round number: 75 --------------------------
2026-04-13 23:24:51,459 - Evaluate global model
2026-04-13 23:24:56,498 - Averaged Train Loss: 0.4952
2026-04-13 23:24:56,498 - Test Accurancy: 0.8139
2026-04-13 23:25:07,440 - Round number: 76 --------------------------
2026-04-13 23:25:07,441 - Evaluate global model
2026-04-13 23:25:13,418 - Averaged Train Loss: 0.4931
2026-04-13 23:25:13,420 - Test Accurancy: 0.8152
2026-04-13 23:25:23,064 - Round number: 77 --------------------------
2026-04-13 23:25:23,068 - Evaluate global model
2026-04-13 23:25:30,609 - Averaged Train Loss: 0.4921
2026-04-13 23:25:30,609 - Test Accurancy: 0.8160
2026-04-13 23:25:40,868 - Round number: 78 --------------------------
2026-04-13 23:25:40,869 - Evaluate global model
2026-04-13 23:25:47,537 - Averaged Train Loss: 0.4903
2026-04-13 23:25:47,538 - Test Accurancy: 0.8163
2026-04-13 23:25:57,953 - Round number: 79 --------------------------
2026-04-13 23:25:57,953 - Evaluate global model
2026-04-13 23:26:04,338 - Averaged Train Loss: 0.4933
2026-04-13 23:26:04,338 - Test Accurancy: 0.8164
2026-04-13 23:26:14,938 - Round number: 80 --------------------------
2026-04-13 23:26:14,949 - Evaluate global model
2026-04-13 23:26:21,067 - Averaged Train Loss: 0.4915
2026-04-13 23:26:21,068 - Test Accurancy: 0.8156
2026-04-13 23:26:31,173 - Round number: 81 --------------------------
2026-04-13 23:26:31,179 - Evaluate global model
2026-04-13 23:26:37,622 - Averaged Train Loss: 0.4931
2026-04-13 23:26:37,624 - Test Accurancy: 0.8150
2026-04-13 23:26:48,775 - Round number: 82 --------------------------
2026-04-13 23:26:48,776 - Evaluate global model
2026-04-13 23:26:54,949 - Averaged Train Loss: 0.4912
2026-04-13 23:26:54,956 - Test Accurancy: 0.8159
2026-04-13 23:27:05,478 - Round number: 83 --------------------------
2026-04-13 23:27:05,479 - Evaluate global model
2026-04-13 23:27:11,592 - Averaged Train Loss: 0.4877
2026-04-13 23:27:11,593 - Test Accurancy: 0.8180
2026-04-13 23:27:21,651 - Round number: 84 --------------------------
2026-04-13 23:27:21,652 - Evaluate global model
2026-04-13 23:27:28,224 - Averaged Train Loss: 0.4871
2026-04-13 23:27:28,224 - Test Accurancy: 0.8178
2026-04-13 23:27:38,188 - Round number: 85 --------------------------
2026-04-13 23:27:38,188 - Evaluate global model
2026-04-13 23:27:44,700 - Averaged Train Loss: 0.4860
2026-04-13 23:27:44,707 - Test Accurancy: 0.8180
2026-04-13 23:27:55,203 - Round number: 86 --------------------------
2026-04-13 23:27:55,203 - Evaluate global model
2026-04-13 23:28:00,784 - Averaged Train Loss: 0.4867
2026-04-13 23:28:00,793 - Test Accurancy: 0.8174
2026-04-13 23:28:12,414 - Round number: 87 --------------------------
2026-04-13 23:28:12,414 - Evaluate global model
2026-04-13 23:28:18,466 - Averaged Train Loss: 0.4862
2026-04-13 23:28:18,467 - Test Accurancy: 0.8171
2026-04-13 23:28:30,796 - Round number: 88 --------------------------
2026-04-13 23:28:30,810 - Evaluate global model
2026-04-13 23:28:36,956 - Averaged Train Loss: 0.4848
2026-04-13 23:28:36,957 - Test Accurancy: 0.8189
2026-04-13 23:28:48,231 - Round number: 89 --------------------------
2026-04-13 23:28:48,231 - Evaluate global model
2026-04-13 23:28:53,977 - Averaged Train Loss: 0.4842
2026-04-13 23:28:53,996 - Test Accurancy: 0.8179
2026-04-13 23:29:05,386 - Round number: 90 --------------------------
2026-04-13 23:29:05,387 - Evaluate global model
2026-04-13 23:29:10,339 - Averaged Train Loss: 0.4831
2026-04-13 23:29:10,340 - Test Accurancy: 0.8180
2026-04-13 23:29:21,949 - Round number: 91 --------------------------
2026-04-13 23:29:21,950 - Evaluate global model
2026-04-13 23:29:27,009 - Averaged Train Loss: 0.4852
2026-04-13 23:29:27,013 - Test Accurancy: 0.8173
2026-04-13 23:29:37,563 - Round number: 92 --------------------------
2026-04-13 23:29:37,568 - Evaluate global model
2026-04-13 23:29:43,169 - Averaged Train Loss: 0.4820
2026-04-13 23:29:43,186 - Test Accurancy: 0.8199
2026-04-13 23:29:53,400 - Round number: 93 --------------------------
2026-04-13 23:29:53,400 - Evaluate global model
2026-04-13 23:29:56,236 - Averaged Train Loss: 0.4838
2026-04-13 23:29:56,237 - Test Accurancy: 0.8185
2026-04-13 23:30:03,126 - Round number: 94 --------------------------
2026-04-13 23:30:03,126 - Evaluate global model
2026-04-13 23:30:05,441 - Averaged Train Loss: 0.4786
2026-04-13 23:30:05,441 - Test Accurancy: 0.8207
2026-04-13 23:30:12,643 - Round number: 95 --------------------------
2026-04-13 23:30:12,644 - Evaluate global model
2026-04-13 23:30:14,774 - Averaged Train Loss: 0.4812
2026-04-13 23:30:14,774 - Test Accurancy: 0.8195
2026-04-13 23:30:22,303 - Round number: 96 --------------------------
2026-04-13 23:30:22,304 - Evaluate global model
2026-04-13 23:30:24,351 - Averaged Train Loss: 0.4810
2026-04-13 23:30:24,352 - Test Accurancy: 0.8199
2026-04-13 23:30:31,450 - Round number: 97 --------------------------
2026-04-13 23:30:31,451 - Evaluate global model
2026-04-13 23:30:33,814 - Averaged Train Loss: 0.4793
2026-04-13 23:30:33,815 - Test Accurancy: 0.8205
2026-04-13 23:30:40,629 - Round number: 98 --------------------------
2026-04-13 23:30:40,630 - Evaluate global model
2026-04-13 23:30:43,338 - Averaged Train Loss: 0.4791
2026-04-13 23:30:43,338 - Test Accurancy: 0.8201
2026-04-13 23:30:49,862 - Round number: 99 --------------------------
2026-04-13 23:30:49,862 - Evaluate global model
2026-04-13 23:30:52,823 - Averaged Train Loss: 0.4767
2026-04-13 23:30:52,824 - Test Accurancy: 0.8214
2026-04-13 23:30:59,031 - Round number: 100 --------------------------
2026-04-13 23:30:59,031 - Evaluate global model
2026-04-13 23:31:01,711 - Averaged Train Loss: 0.4767
2026-04-13 23:31:01,711 - Test Accurancy: 0.8208
2026-04-13 23:31:07,303 - Run over
2026-04-13 23:31:07,303 - Saving results to ./exp/exp4/FashionMNIST/avg_sign_flip_05.h5
2026-04-13 23:31:07,312 - Best accuracy: 0.8214000228388718
2026-04-13 23:31:07,313 - Average time cost per round: 16.25699442386627
