2026-04-12 09:37:46,646 - *****************EXP-4*****************
2026-04-12 09:37:46,646 - Exp repeats: 1
2026-04-12 09:37:46,646 - Communication Rounds: 100
2026-04-12 09:37:46,646 - Clients: 40

2026-04-12 09:37:46,646 - Attack method: CAMP
2026-04-12 09:37:46,646 - Filtering rule: avg
2026-04-12 09:37:46,646 - Dataset: FashionMNIST
2026-04-12 09:37:46,646 - Model: cnn
2026-04-12 09:37:46,646 - Learning Rate: 0.02
2026-04-12 09:37:46,646 - Batch Size: 64
2026-04-12 09:37:46,646 - Device: cuda
2026-04-12 09:37:46,646 - Device id: 0
2026-04-12 09:37:46,646 - Adversaries: 8
2026-04-12 09:37:46,646 - Model Poisoning: CAMP attack, mode perturbation
2026-04-12 09:37:46,646 - *****************EXP-4*****************
2026-04-12 09:37:46,990 - Running time: 0th ==========================
2026-04-12 09:37:48,384 - Round number: 0 --------------------------
2026-04-12 09:37:48,384 - Evaluate global model
2026-04-12 09:37:50,020 - Averaged Train Loss: 2.3031
2026-04-12 09:37:50,020 - Test Accurancy: 0.1321
2026-04-12 09:37:54,694 - Round number: 1 --------------------------
2026-04-12 09:37:54,695 - Evaluate global model
2026-04-12 09:37:55,920 - Averaged Train Loss: 1.9299
2026-04-12 09:37:55,920 - Test Accurancy: 0.3922
2026-04-12 09:37:59,911 - Round number: 2 --------------------------
2026-04-12 09:37:59,911 - Evaluate global model
2026-04-12 09:38:01,513 - Averaged Train Loss: 1.3960
2026-04-12 09:38:01,513 - Test Accurancy: 0.5513
2026-04-12 09:38:05,304 - Round number: 3 --------------------------
2026-04-12 09:38:05,304 - Evaluate global model
2026-04-12 09:38:06,770 - Averaged Train Loss: 1.0817
2026-04-12 09:38:06,770 - Test Accurancy: 0.6317
2026-04-12 09:38:10,900 - Round number: 4 --------------------------
2026-04-12 09:38:10,900 - Evaluate global model
2026-04-12 09:38:12,287 - Averaged Train Loss: 0.9286
2026-04-12 09:38:12,287 - Test Accurancy: 0.6682
2026-04-12 09:38:16,241 - Round number: 5 --------------------------
2026-04-12 09:38:16,241 - Evaluate global model
2026-04-12 09:38:17,826 - Averaged Train Loss: 0.8390
2026-04-12 09:38:17,826 - Test Accurancy: 0.6988
2026-04-12 09:38:21,719 - Round number: 6 --------------------------
2026-04-12 09:38:21,719 - Evaluate global model
2026-04-12 09:38:23,108 - Averaged Train Loss: 0.7914
2026-04-12 09:38:23,108 - Test Accurancy: 0.7140
2026-04-12 09:38:27,452 - Round number: 7 --------------------------
2026-04-12 09:38:27,452 - Evaluate global model
2026-04-12 09:38:28,732 - Averaged Train Loss: 0.7521
2026-04-12 09:38:28,732 - Test Accurancy: 0.7261
2026-04-12 09:38:32,825 - Round number: 8 --------------------------
2026-04-12 09:38:32,825 - Evaluate global model
2026-04-12 09:38:34,490 - Averaged Train Loss: 0.7308
2026-04-12 09:38:34,490 - Test Accurancy: 0.7312
2026-04-12 09:38:38,118 - Round number: 9 --------------------------
2026-04-12 09:38:38,118 - Evaluate global model
2026-04-12 09:38:39,718 - Averaged Train Loss: 0.7090
2026-04-12 09:38:39,718 - Test Accurancy: 0.7387
2026-04-12 09:38:43,738 - Round number: 10 --------------------------
2026-04-12 09:38:43,738 - Evaluate global model
2026-04-12 09:38:45,111 - Averaged Train Loss: 0.6871
2026-04-12 09:38:45,111 - Test Accurancy: 0.7472
2026-04-12 09:38:49,253 - Round number: 11 --------------------------
2026-04-12 09:38:49,253 - Evaluate global model
2026-04-12 09:38:50,726 - Averaged Train Loss: 0.6773
2026-04-12 09:38:50,726 - Test Accurancy: 0.7513
2026-04-12 09:38:54,583 - Round number: 12 --------------------------
2026-04-12 09:38:54,584 - Evaluate global model
2026-04-12 09:38:56,087 - Averaged Train Loss: 0.6565
2026-04-12 09:38:56,087 - Test Accurancy: 0.7588
2026-04-12 09:39:00,209 - Round number: 13 --------------------------
2026-04-12 09:39:00,209 - Evaluate global model
2026-04-12 09:39:01,528 - Averaged Train Loss: 0.6441
2026-04-12 09:39:01,528 - Test Accurancy: 0.7624
2026-04-12 09:39:05,721 - Round number: 14 --------------------------
2026-04-12 09:39:05,721 - Evaluate global model
2026-04-12 09:39:07,239 - Averaged Train Loss: 0.6317
2026-04-12 09:39:07,239 - Test Accurancy: 0.7665
2026-04-12 09:39:10,930 - Round number: 15 --------------------------
2026-04-12 09:39:10,931 - Evaluate global model
2026-04-12 09:39:12,611 - Averaged Train Loss: 0.6253
2026-04-12 09:39:12,611 - Test Accurancy: 0.7678
2026-04-12 09:39:16,533 - Round number: 16 --------------------------
2026-04-12 09:39:16,533 - Evaluate global model
2026-04-12 09:39:17,879 - Averaged Train Loss: 0.6188
2026-04-12 09:39:17,879 - Test Accurancy: 0.7701
2026-04-12 09:39:22,219 - Round number: 17 --------------------------
2026-04-12 09:39:22,219 - Evaluate global model
2026-04-12 09:39:23,531 - Averaged Train Loss: 0.6024
2026-04-12 09:39:23,532 - Test Accurancy: 0.7763
2026-04-12 09:39:27,543 - Round number: 18 --------------------------
2026-04-12 09:39:27,543 - Evaluate global model
2026-04-12 09:39:29,058 - Averaged Train Loss: 0.6002
2026-04-12 09:39:29,058 - Test Accurancy: 0.7775
2026-04-12 09:39:32,998 - Round number: 19 --------------------------
2026-04-12 09:39:32,998 - Evaluate global model
2026-04-12 09:39:34,384 - Averaged Train Loss: 0.5902
2026-04-12 09:39:34,384 - Test Accurancy: 0.7797
2026-04-12 09:39:38,614 - Round number: 20 --------------------------
2026-04-12 09:39:38,614 - Evaluate global model
2026-04-12 09:39:40,000 - Averaged Train Loss: 0.5838
2026-04-12 09:39:40,000 - Test Accurancy: 0.7823
2026-04-12 09:39:43,842 - Round number: 21 --------------------------
2026-04-12 09:39:43,842 - Evaluate global model
2026-04-12 09:39:45,494 - Averaged Train Loss: 0.5782
2026-04-12 09:39:45,495 - Test Accurancy: 0.7846
2026-04-12 09:39:49,304 - Round number: 22 --------------------------
2026-04-12 09:39:49,304 - Evaluate global model
2026-04-12 09:39:50,690 - Averaged Train Loss: 0.5772
2026-04-12 09:39:50,690 - Test Accurancy: 0.7859
2026-04-12 09:39:55,030 - Round number: 23 --------------------------
2026-04-12 09:39:55,030 - Evaluate global model
2026-04-12 09:39:56,264 - Averaged Train Loss: 0.5706
2026-04-12 09:39:56,264 - Test Accurancy: 0.7884
2026-04-12 09:40:00,364 - Round number: 24 --------------------------
2026-04-12 09:40:00,364 - Evaluate global model
2026-04-12 09:40:01,926 - Averaged Train Loss: 0.5674
2026-04-12 09:40:01,927 - Test Accurancy: 0.7906
2026-04-12 09:40:05,703 - Round number: 25 --------------------------
2026-04-12 09:40:05,703 - Evaluate global model
2026-04-12 09:40:07,264 - Averaged Train Loss: 0.5584
2026-04-12 09:40:07,264 - Test Accurancy: 0.7933
2026-04-12 09:40:11,337 - Round number: 26 --------------------------
2026-04-12 09:40:11,337 - Evaluate global model
2026-04-12 09:40:12,733 - Averaged Train Loss: 0.5504
2026-04-12 09:40:12,733 - Test Accurancy: 0.7955
2026-04-12 09:40:16,766 - Round number: 27 --------------------------
2026-04-12 09:40:16,766 - Evaluate global model
2026-04-12 09:40:18,343 - Averaged Train Loss: 0.5454
2026-04-12 09:40:18,343 - Test Accurancy: 0.7976
2026-04-12 09:40:22,121 - Round number: 28 --------------------------
2026-04-12 09:40:22,121 - Evaluate global model
2026-04-12 09:40:23,604 - Averaged Train Loss: 0.5433
2026-04-12 09:40:23,604 - Test Accurancy: 0.7977
2026-04-12 09:40:27,847 - Round number: 29 --------------------------
2026-04-12 09:40:27,847 - Evaluate global model
2026-04-12 09:40:29,070 - Averaged Train Loss: 0.5398
2026-04-12 09:40:29,070 - Test Accurancy: 0.8002
2026-04-12 09:40:33,271 - Round number: 30 --------------------------
2026-04-12 09:40:33,271 - Evaluate global model
2026-04-12 09:40:34,783 - Averaged Train Loss: 0.5354
2026-04-12 09:40:34,784 - Test Accurancy: 0.8032
2026-04-12 09:40:38,477 - Round number: 31 --------------------------
2026-04-12 09:40:38,477 - Evaluate global model
2026-04-12 09:40:40,127 - Averaged Train Loss: 0.5289
2026-04-12 09:40:40,127 - Test Accurancy: 0.8056
2026-04-12 09:40:44,052 - Round number: 32 --------------------------
2026-04-12 09:40:44,052 - Evaluate global model
2026-04-12 09:40:45,439 - Averaged Train Loss: 0.5310
2026-04-12 09:40:45,439 - Test Accurancy: 0.8049
2026-04-12 09:40:49,639 - Round number: 33 --------------------------
2026-04-12 09:40:49,639 - Evaluate global model
2026-04-12 09:40:51,039 - Averaged Train Loss: 0.5281
2026-04-12 09:40:51,039 - Test Accurancy: 0.8057
2026-04-12 09:40:54,966 - Round number: 34 --------------------------
2026-04-12 09:40:54,967 - Evaluate global model
2026-04-12 09:40:56,470 - Averaged Train Loss: 0.5238
2026-04-12 09:40:56,470 - Test Accurancy: 0.8084
2026-04-12 09:41:00,544 - Round number: 35 --------------------------
2026-04-12 09:41:00,544 - Evaluate global model
2026-04-12 09:41:01,818 - Averaged Train Loss: 0.5216
2026-04-12 09:41:01,818 - Test Accurancy: 0.8087
2026-04-12 09:41:06,107 - Round number: 36 --------------------------
2026-04-12 09:41:06,107 - Evaluate global model
2026-04-12 09:41:07,517 - Averaged Train Loss: 0.5173
2026-04-12 09:41:07,517 - Test Accurancy: 0.8099
2026-04-12 09:41:11,294 - Round number: 37 --------------------------
2026-04-12 09:41:11,294 - Evaluate global model
2026-04-12 09:41:12,945 - Averaged Train Loss: 0.5113
2026-04-12 09:41:12,945 - Test Accurancy: 0.8108
2026-04-12 09:41:16,761 - Round number: 38 --------------------------
2026-04-12 09:41:16,762 - Evaluate global model
2026-04-12 09:41:18,148 - Averaged Train Loss: 0.5133
2026-04-12 09:41:18,148 - Test Accurancy: 0.8114
2026-04-12 09:41:22,475 - Round number: 39 --------------------------
2026-04-12 09:41:22,475 - Evaluate global model
2026-04-12 09:41:23,737 - Averaged Train Loss: 0.5109
2026-04-12 09:41:23,737 - Test Accurancy: 0.8118
2026-04-12 09:41:27,846 - Round number: 40 --------------------------
2026-04-12 09:41:27,846 - Evaluate global model
2026-04-12 09:41:29,340 - Averaged Train Loss: 0.5065
2026-04-12 09:41:29,340 - Test Accurancy: 0.8132
2026-04-12 09:41:33,233 - Round number: 41 --------------------------
2026-04-12 09:41:33,233 - Evaluate global model
2026-04-12 09:41:34,655 - Averaged Train Loss: 0.5034
2026-04-12 09:41:34,655 - Test Accurancy: 0.8147
2026-04-12 09:41:38,891 - Round number: 42 --------------------------
2026-04-12 09:41:38,891 - Evaluate global model
2026-04-12 09:41:40,275 - Averaged Train Loss: 0.5042
2026-04-12 09:41:40,275 - Test Accurancy: 0.8137
2026-04-12 09:41:44,244 - Round number: 43 --------------------------
2026-04-12 09:41:44,244 - Evaluate global model
2026-04-12 09:41:45,899 - Averaged Train Loss: 0.5037
2026-04-12 09:41:45,899 - Test Accurancy: 0.8133
2026-04-12 09:41:49,620 - Round number: 44 --------------------------
2026-04-12 09:41:49,620 - Evaluate global model
2026-04-12 09:41:51,099 - Averaged Train Loss: 0.4996
2026-04-12 09:41:51,099 - Test Accurancy: 0.8153
2026-04-12 09:41:55,322 - Round number: 45 --------------------------
2026-04-12 09:41:55,322 - Evaluate global model
2026-04-12 09:41:56,559 - Averaged Train Loss: 0.4969
2026-04-12 09:41:56,559 - Test Accurancy: 0.8161
2026-04-12 09:42:00,772 - Round number: 46 --------------------------
2026-04-12 09:42:00,772 - Evaluate global model
2026-04-12 09:42:02,251 - Averaged Train Loss: 0.4935
2026-04-12 09:42:02,251 - Test Accurancy: 0.8175
2026-04-12 09:42:06,014 - Round number: 47 --------------------------
2026-04-12 09:42:06,014 - Evaluate global model
2026-04-12 09:42:07,642 - Averaged Train Loss: 0.4946
2026-04-12 09:42:07,642 - Test Accurancy: 0.8167
2026-04-12 09:42:11,637 - Round number: 48 --------------------------
2026-04-12 09:42:11,638 - Evaluate global model
2026-04-12 09:42:13,039 - Averaged Train Loss: 0.4919
2026-04-12 09:42:13,039 - Test Accurancy: 0.8178
2026-04-12 09:42:17,189 - Round number: 49 --------------------------
2026-04-12 09:42:17,190 - Evaluate global model
2026-04-12 09:42:18,720 - Averaged Train Loss: 0.4896
2026-04-12 09:42:18,721 - Test Accurancy: 0.8188
2026-04-12 09:42:22,503 - Round number: 50 --------------------------
2026-04-12 09:42:22,503 - Evaluate global model
2026-04-12 09:42:24,040 - Averaged Train Loss: 0.4831
2026-04-12 09:42:24,041 - Test Accurancy: 0.8225
2026-04-12 09:42:28,194 - Round number: 51 --------------------------
2026-04-12 09:42:28,194 - Evaluate global model
2026-04-12 09:42:29,430 - Averaged Train Loss: 0.4836
2026-04-12 09:42:29,444 - Test Accurancy: 0.8217
2026-04-12 09:42:33,746 - Round number: 52 --------------------------
2026-04-12 09:42:33,746 - Evaluate global model
2026-04-12 09:42:35,191 - Averaged Train Loss: 0.4849
2026-04-12 09:42:35,191 - Test Accurancy: 0.8204
2026-04-12 09:42:39,008 - Round number: 53 --------------------------
2026-04-12 09:42:39,008 - Evaluate global model
2026-04-12 09:42:40,701 - Averaged Train Loss: 0.4822
2026-04-12 09:42:40,701 - Test Accurancy: 0.8228
2026-04-12 09:42:44,545 - Round number: 54 --------------------------
2026-04-12 09:42:44,545 - Evaluate global model
2026-04-12 09:42:45,977 - Averaged Train Loss: 0.4795
2026-04-12 09:42:45,977 - Test Accurancy: 0.8239
2026-04-12 09:42:50,221 - Round number: 55 --------------------------
2026-04-12 09:42:50,221 - Evaluate global model
2026-04-12 09:42:51,559 - Averaged Train Loss: 0.4792
2026-04-12 09:42:51,559 - Test Accurancy: 0.8227
2026-04-12 09:42:55,522 - Round number: 56 --------------------------
2026-04-12 09:42:55,522 - Evaluate global model
2026-04-12 09:42:57,052 - Averaged Train Loss: 0.4795
2026-04-12 09:42:57,053 - Test Accurancy: 0.8238
2026-04-12 09:43:01,015 - Round number: 57 --------------------------
2026-04-12 09:43:01,016 - Evaluate global model
2026-04-12 09:43:02,352 - Averaged Train Loss: 0.4734
2026-04-12 09:43:02,352 - Test Accurancy: 0.8269
2026-04-12 09:43:06,655 - Round number: 58 --------------------------
2026-04-12 09:43:06,655 - Evaluate global model
2026-04-12 09:43:08,054 - Averaged Train Loss: 0.4727
2026-04-12 09:43:08,054 - Test Accurancy: 0.8263
2026-04-12 09:43:11,925 - Round number: 59 --------------------------
2026-04-12 09:43:11,926 - Evaluate global model
2026-04-12 09:43:13,628 - Averaged Train Loss: 0.4721
2026-04-12 09:43:13,628 - Test Accurancy: 0.8268
2026-04-12 09:43:17,309 - Round number: 60 --------------------------
2026-04-12 09:43:17,310 - Evaluate global model
2026-04-12 09:43:18,827 - Averaged Train Loss: 0.4738
2026-04-12 09:43:18,827 - Test Accurancy: 0.8251
2026-04-12 09:43:23,008 - Round number: 61 --------------------------
2026-04-12 09:43:23,008 - Evaluate global model
2026-04-12 09:43:24,296 - Averaged Train Loss: 0.4668
2026-04-12 09:43:24,296 - Test Accurancy: 0.8287
2026-04-12 09:43:28,462 - Round number: 62 --------------------------
2026-04-12 09:43:28,462 - Evaluate global model
2026-04-12 09:43:29,967 - Averaged Train Loss: 0.4701
2026-04-12 09:43:29,967 - Test Accurancy: 0.8267
2026-04-12 09:43:33,763 - Round number: 63 --------------------------
2026-04-12 09:43:33,764 - Evaluate global model
2026-04-12 09:43:35,279 - Averaged Train Loss: 0.4654
2026-04-12 09:43:35,279 - Test Accurancy: 0.8293
2026-04-12 09:43:39,365 - Round number: 64 --------------------------
2026-04-12 09:43:39,365 - Evaluate global model
2026-04-12 09:43:40,763 - Averaged Train Loss: 0.4640
2026-04-12 09:43:40,763 - Test Accurancy: 0.8296
2026-04-12 09:43:44,770 - Round number: 65 --------------------------
2026-04-12 09:43:44,770 - Evaluate global model
2026-04-12 09:43:46,392 - Averaged Train Loss: 0.4643
2026-04-12 09:43:46,392 - Test Accurancy: 0.8293
2026-04-12 09:43:50,084 - Round number: 66 --------------------------
2026-04-12 09:43:50,085 - Evaluate global model
2026-04-12 09:43:51,906 - Averaged Train Loss: 0.4660
2026-04-12 09:43:51,906 - Test Accurancy: 0.8286
2026-04-12 09:43:55,944 - Round number: 67 --------------------------
2026-04-12 09:43:55,944 - Evaluate global model
2026-04-12 09:43:57,264 - Averaged Train Loss: 0.4626
2026-04-12 09:43:57,265 - Test Accurancy: 0.8294
2026-04-12 09:44:01,580 - Round number: 68 --------------------------
2026-04-12 09:44:01,580 - Evaluate global model
2026-04-12 09:44:02,951 - Averaged Train Loss: 0.4613
2026-04-12 09:44:02,951 - Test Accurancy: 0.8309
2026-04-12 09:44:06,778 - Round number: 69 --------------------------
2026-04-12 09:44:06,778 - Evaluate global model
2026-04-12 09:44:08,438 - Averaged Train Loss: 0.4607
2026-04-12 09:44:08,438 - Test Accurancy: 0.8305
2026-04-12 09:44:12,326 - Round number: 70 --------------------------
2026-04-12 09:44:12,326 - Evaluate global model
2026-04-12 09:44:13,773 - Averaged Train Loss: 0.4622
2026-04-12 09:44:13,773 - Test Accurancy: 0.8294
2026-04-12 09:44:17,917 - Round number: 71 --------------------------
2026-04-12 09:44:17,917 - Evaluate global model
2026-04-12 09:44:19,377 - Averaged Train Loss: 0.4594
2026-04-12 09:44:19,377 - Test Accurancy: 0.8301
2026-04-12 09:44:23,208 - Round number: 72 --------------------------
2026-04-12 09:44:23,208 - Evaluate global model
2026-04-12 09:44:24,839 - Averaged Train Loss: 0.4593
2026-04-12 09:44:24,839 - Test Accurancy: 0.8308
2026-04-12 09:44:28,747 - Round number: 73 --------------------------
2026-04-12 09:44:28,747 - Evaluate global model
2026-04-12 09:44:30,104 - Averaged Train Loss: 0.4565
2026-04-12 09:44:30,105 - Test Accurancy: 0.8313
2026-04-12 09:44:34,462 - Round number: 74 --------------------------
2026-04-12 09:44:34,463 - Evaluate global model
2026-04-12 09:44:35,786 - Averaged Train Loss: 0.4567
2026-04-12 09:44:35,786 - Test Accurancy: 0.8308
2026-04-12 09:44:39,752 - Round number: 75 --------------------------
2026-04-12 09:44:39,752 - Evaluate global model
2026-04-12 09:44:41,470 - Averaged Train Loss: 0.4556
2026-04-12 09:44:41,470 - Test Accurancy: 0.8306
2026-04-12 09:44:45,122 - Round number: 76 --------------------------
2026-04-12 09:44:45,122 - Evaluate global model
2026-04-12 09:44:46,698 - Averaged Train Loss: 0.4552
2026-04-12 09:44:46,698 - Test Accurancy: 0.8306
2026-04-12 09:44:50,780 - Round number: 77 --------------------------
2026-04-12 09:44:50,780 - Evaluate global model
2026-04-12 09:44:52,195 - Averaged Train Loss: 0.4516
2026-04-12 09:44:52,195 - Test Accurancy: 0.8327
2026-04-12 09:44:56,216 - Round number: 78 --------------------------
2026-04-12 09:44:56,216 - Evaluate global model
2026-04-12 09:44:57,795 - Averaged Train Loss: 0.4520
2026-04-12 09:44:57,795 - Test Accurancy: 0.8331
2026-04-12 09:45:01,641 - Round number: 79 --------------------------
2026-04-12 09:45:01,641 - Evaluate global model
2026-04-12 09:45:03,115 - Averaged Train Loss: 0.4542
2026-04-12 09:45:03,115 - Test Accurancy: 0.8323
2026-04-12 09:45:07,281 - Round number: 80 --------------------------
2026-04-12 09:45:07,281 - Evaluate global model
2026-04-12 09:45:08,634 - Averaged Train Loss: 0.4526
2026-04-12 09:45:08,634 - Test Accurancy: 0.8326
2026-04-12 09:45:12,692 - Round number: 81 --------------------------
2026-04-12 09:45:12,692 - Evaluate global model
2026-04-12 09:45:14,337 - Averaged Train Loss: 0.4505
2026-04-12 09:45:14,337 - Test Accurancy: 0.8332
2026-04-12 09:45:17,909 - Round number: 82 --------------------------
2026-04-12 09:45:17,909 - Evaluate global model
2026-04-12 09:45:19,615 - Averaged Train Loss: 0.4504
2026-04-12 09:45:19,615 - Test Accurancy: 0.8336
2026-04-12 09:45:23,577 - Round number: 83 --------------------------
2026-04-12 09:45:23,577 - Evaluate global model
2026-04-12 09:45:24,965 - Averaged Train Loss: 0.4495
2026-04-12 09:45:24,965 - Test Accurancy: 0.8331
2026-04-12 09:45:29,171 - Round number: 84 --------------------------
2026-04-12 09:45:29,171 - Evaluate global model
2026-04-12 09:45:30,591 - Averaged Train Loss: 0.4501
2026-04-12 09:45:30,592 - Test Accurancy: 0.8348
2026-04-12 09:45:34,503 - Round number: 85 --------------------------
2026-04-12 09:45:34,503 - Evaluate global model
2026-04-12 09:45:36,028 - Averaged Train Loss: 0.4451
2026-04-12 09:45:36,028 - Test Accurancy: 0.8356
2026-04-12 09:45:40,044 - Round number: 86 --------------------------
2026-04-12 09:45:40,045 - Evaluate global model
2026-04-12 09:45:41,446 - Averaged Train Loss: 0.4445
2026-04-12 09:45:41,447 - Test Accurancy: 0.8366
2026-04-12 09:45:45,635 - Round number: 87 --------------------------
2026-04-12 09:45:45,635 - Evaluate global model
2026-04-12 09:45:47,101 - Averaged Train Loss: 0.4423
2026-04-12 09:45:47,101 - Test Accurancy: 0.8365
2026-04-12 09:45:50,861 - Round number: 88 --------------------------
2026-04-12 09:45:50,861 - Evaluate global model
2026-04-12 09:45:52,563 - Averaged Train Loss: 0.4429
2026-04-12 09:45:52,563 - Test Accurancy: 0.8357
2026-04-12 09:45:56,438 - Round number: 89 --------------------------
2026-04-12 09:45:56,438 - Evaluate global model
2026-04-12 09:45:57,782 - Averaged Train Loss: 0.4438
2026-04-12 09:45:57,782 - Test Accurancy: 0.8360
2026-04-12 09:46:02,171 - Round number: 90 --------------------------
2026-04-12 09:46:02,171 - Evaluate global model
2026-04-12 09:46:03,444 - Averaged Train Loss: 0.4423
2026-04-12 09:46:03,444 - Test Accurancy: 0.8361
2026-04-12 09:46:07,457 - Round number: 91 --------------------------
2026-04-12 09:46:07,458 - Evaluate global model
2026-04-12 09:46:09,035 - Averaged Train Loss: 0.4415
2026-04-12 09:46:09,036 - Test Accurancy: 0.8362
2026-04-12 09:46:12,839 - Round number: 92 --------------------------
2026-04-12 09:46:12,840 - Evaluate global model
2026-04-12 09:46:14,336 - Averaged Train Loss: 0.4415
2026-04-12 09:46:14,336 - Test Accurancy: 0.8365
2026-04-12 09:46:18,445 - Round number: 93 --------------------------
2026-04-12 09:46:18,446 - Evaluate global model
2026-04-12 09:46:19,855 - Averaged Train Loss: 0.4387
2026-04-12 09:46:19,856 - Test Accurancy: 0.8369
2026-04-12 09:46:23,770 - Round number: 94 --------------------------
2026-04-12 09:46:23,770 - Evaluate global model
2026-04-12 09:46:25,414 - Averaged Train Loss: 0.4396
2026-04-12 09:46:25,414 - Test Accurancy: 0.8371
2026-04-12 09:46:29,199 - Round number: 95 --------------------------
2026-04-12 09:46:29,199 - Evaluate global model
2026-04-12 09:46:30,645 - Averaged Train Loss: 0.4386
2026-04-12 09:46:30,645 - Test Accurancy: 0.8377
2026-04-12 09:46:34,922 - Round number: 96 --------------------------
2026-04-12 09:46:34,922 - Evaluate global model
2026-04-12 09:46:36,171 - Averaged Train Loss: 0.4380
2026-04-12 09:46:36,171 - Test Accurancy: 0.8378
2026-04-12 09:46:40,269 - Round number: 97 --------------------------
2026-04-12 09:46:40,270 - Evaluate global model
2026-04-12 09:46:41,879 - Averaged Train Loss: 0.4382
2026-04-12 09:46:41,879 - Test Accurancy: 0.8378
2026-04-12 09:46:45,508 - Round number: 98 --------------------------
2026-04-12 09:46:45,508 - Evaluate global model
2026-04-12 09:46:47,160 - Averaged Train Loss: 0.4381
2026-04-12 09:46:47,160 - Test Accurancy: 0.8377
2026-04-12 09:46:51,139 - Round number: 99 --------------------------
2026-04-12 09:46:51,139 - Evaluate global model
2026-04-12 09:46:52,572 - Averaged Train Loss: 0.4360
2026-04-12 09:46:52,572 - Test Accurancy: 0.8393
2026-04-12 09:46:56,664 - Round number: 100 --------------------------
2026-04-12 09:46:56,664 - Evaluate global model
2026-04-12 09:46:58,184 - Averaged Train Loss: 0.4351
2026-04-12 09:46:58,184 - Test Accurancy: 0.8400
2026-04-12 09:47:01,943 - Run over
2026-04-12 09:47:01,944 - Saving results to ./exp/exp4/FashionMNIST/avg_CAMP_perturbation.h5
2026-04-12 09:47:01,947 - Best accuracy: 0.8400137033230558
2026-04-12 09:47:01,948 - Average time cost per round: 5.472534878253937
