2026-04-12 09:16:15,950 - *****************EXP-4*****************
2026-04-12 09:16:15,950 - Exp repeats: 1
2026-04-12 09:16:15,950 - Communication Rounds: 100
2026-04-12 09:16:15,950 - Clients: 40

2026-04-12 09:16:15,950 - Attack method: LIE
2026-04-12 09:16:15,950 - Filtering rule: flame
2026-04-12 09:16:15,950 - Dataset: FashionMNIST
2026-04-12 09:16:15,950 - Model: cnn
2026-04-12 09:16:15,950 - Learning Rate: 0.02
2026-04-12 09:16:15,950 - Batch Size: 64
2026-04-12 09:16:15,950 - Device: cuda
2026-04-12 09:16:15,951 - Device id: 0
2026-04-12 09:16:15,951 - Adversaries: 8
2026-04-12 09:16:15,951 - Model Poisoning: A Little Is Enough attack
2026-04-12 09:16:15,951 - *****************EXP-4*****************
2026-04-12 09:16:16,294 - Running time: 0th ==========================
2026-04-12 09:16:17,663 - Round number: 0 --------------------------
2026-04-12 09:16:17,663 - Evaluate global model
2026-04-12 09:16:19,277 - Averaged Train Loss: 2.3031
2026-04-12 09:16:19,277 - Test Accurancy: 0.1321
2026-04-12 09:16:24,736 - Flame select clients: [0, 1, 2, 8, 10, 12, 13, 14, 15, 16, 19, 20, 24, 26, 29, 32, 33, 34, 37, 38, 39]
2026-04-12 09:16:24,748 - Round number: 1 --------------------------
2026-04-12 09:16:24,748 - Evaluate global model
2026-04-12 09:16:26,463 - Averaged Train Loss: 1.8614
2026-04-12 09:16:26,463 - Test Accurancy: 0.4764
2026-04-12 09:16:31,591 - Flame select clients: [0, 1, 2, 8, 11, 12, 14, 15, 16, 19, 20, 21, 24, 26, 29, 32, 33, 34, 37, 38, 39]
2026-04-12 09:16:31,605 - Round number: 2 --------------------------
2026-04-12 09:16:31,605 - Evaluate global model
2026-04-12 09:16:33,493 - Averaged Train Loss: 1.3514
2026-04-12 09:16:33,493 - Test Accurancy: 0.4862
2026-04-12 09:16:38,611 - Flame select clients: [0, 1, 8, 10, 11, 12, 13, 14, 15, 19, 20, 21, 24, 29, 30, 32, 33, 34, 36, 37, 38, 39]
2026-04-12 09:16:38,624 - Round number: 3 --------------------------
2026-04-12 09:16:38,624 - Evaluate global model
2026-04-12 09:16:40,517 - Averaged Train Loss: 1.0594
2026-04-12 09:16:40,518 - Test Accurancy: 0.6407
2026-04-12 09:16:45,649 - Flame select clients: [0, 1, 3, 8, 9, 11, 12, 13, 19, 20, 21, 24, 29, 30, 32, 33, 34, 36, 37, 38, 39]
2026-04-12 09:16:45,662 - Round number: 4 --------------------------
2026-04-12 09:16:45,662 - Evaluate global model
2026-04-12 09:16:47,166 - Averaged Train Loss: 0.9102
2026-04-12 09:16:47,167 - Test Accurancy: 0.6836
2026-04-12 09:16:52,447 - Flame select clients: [0, 1, 3, 7, 8, 9, 11, 12, 19, 20, 21, 24, 29, 30, 32, 33, 34, 36, 37, 38, 39]
2026-04-12 09:16:52,460 - Round number: 5 --------------------------
2026-04-12 09:16:52,460 - Evaluate global model
2026-04-12 09:16:54,142 - Averaged Train Loss: 0.8295
2026-04-12 09:16:54,143 - Test Accurancy: 0.7045
2026-04-12 09:16:59,286 - Flame select clients: [0, 1, 3, 7, 8, 9, 12, 13, 15, 19, 20, 21, 24, 29, 30, 32, 33, 34, 36, 37, 38, 39]
2026-04-12 09:16:59,300 - Round number: 6 --------------------------
2026-04-12 09:16:59,301 - Evaluate global model
2026-04-12 09:17:01,219 - Averaged Train Loss: 0.7785
2026-04-12 09:17:01,219 - Test Accurancy: 0.7210
2026-04-12 09:17:06,435 - Flame select clients: [0, 1, 3, 7, 8, 9, 11, 12, 19, 20, 21, 24, 29, 30, 32, 33, 34, 36, 37, 38, 39]
2026-04-12 09:17:06,448 - Round number: 7 --------------------------
2026-04-12 09:17:06,448 - Evaluate global model
2026-04-12 09:17:08,300 - Averaged Train Loss: 0.7499
2026-04-12 09:17:08,301 - Test Accurancy: 0.7296
2026-04-12 09:17:13,509 - Flame select clients: [0, 1, 8, 10, 11, 12, 13, 14, 15, 19, 20, 21, 24, 29, 30, 32, 33, 34, 36, 37, 39]
2026-04-12 09:17:13,523 - Round number: 8 --------------------------
2026-04-12 09:17:13,523 - Evaluate global model
2026-04-12 09:17:15,009 - Averaged Train Loss: 0.7372
2026-04-12 09:17:15,009 - Test Accurancy: 0.7333
2026-04-12 09:17:20,357 - Flame select clients: [0, 1, 3, 7, 8, 9, 10, 11, 12, 13, 14, 15, 19, 20, 21, 24, 29, 30, 32, 33, 34, 37, 38, 39]
2026-04-12 09:17:20,368 - Round number: 9 --------------------------
2026-04-12 09:17:20,369 - Evaluate global model
2026-04-12 09:17:21,795 - Averaged Train Loss: 0.6907
2026-04-12 09:17:21,795 - Test Accurancy: 0.7468
2026-04-12 09:17:26,977 - Flame select clients: [0, 1, 3, 7, 8, 9, 11, 12, 13, 15, 19, 20, 21, 24, 29, 30, 32, 33, 34, 37, 38, 39]
2026-04-12 09:17:26,990 - Round number: 10 --------------------------
2026-04-12 09:17:26,990 - Evaluate global model
2026-04-12 09:17:28,831 - Averaged Train Loss: 0.6752
2026-04-12 09:17:28,831 - Test Accurancy: 0.7500
2026-04-12 09:17:33,976 - Flame select clients: [0, 1, 3, 7, 8, 9, 10, 11, 12, 13, 15, 19, 20, 21, 24, 28, 29, 30, 32, 33, 34, 37, 38, 39]
2026-04-12 09:17:33,989 - Round number: 11 --------------------------
2026-04-12 09:17:33,990 - Evaluate global model
2026-04-12 09:17:35,882 - Averaged Train Loss: 0.6589
2026-04-12 09:17:35,883 - Test Accurancy: 0.7550
2026-04-12 09:17:40,996 - Flame select clients: [0, 1, 3, 7, 8, 9, 10, 11, 12, 13, 14, 15, 19, 20, 21, 24, 29, 30, 32, 33, 34, 37, 38, 39]
2026-04-12 09:17:41,009 - Round number: 12 --------------------------
2026-04-12 09:17:41,009 - Evaluate global model
2026-04-12 09:17:42,763 - Averaged Train Loss: 0.6397
2026-04-12 09:17:42,764 - Test Accurancy: 0.7601
2026-04-12 09:17:48,048 - Flame select clients: [0, 1, 3, 8, 9, 11, 12, 13, 14, 15, 19, 20, 21, 24, 29, 30, 32, 33, 34, 37, 38, 39]
2026-04-12 09:17:48,061 - Round number: 13 --------------------------
2026-04-12 09:17:48,061 - Evaluate global model
2026-04-12 09:17:49,507 - Averaged Train Loss: 0.6316
2026-04-12 09:17:49,508 - Test Accurancy: 0.7653
2026-04-12 09:17:54,725 - Flame select clients: [0, 1, 3, 7, 8, 9, 10, 11, 12, 13, 14, 15, 19, 20, 21, 24, 29, 30, 32, 33, 34, 37, 38, 39]
2026-04-12 09:17:54,737 - Round number: 14 --------------------------
2026-04-12 09:17:54,738 - Evaluate global model
2026-04-12 09:17:56,591 - Averaged Train Loss: 0.6259
2026-04-12 09:17:56,591 - Test Accurancy: 0.7677
2026-04-12 09:18:01,717 - Flame select clients: [0, 1, 6, 8, 10, 11, 12, 13, 14, 15, 16, 19, 20, 21, 24, 29, 30, 32, 33, 34, 36, 37, 39]
2026-04-12 09:18:01,731 - Round number: 15 --------------------------
2026-04-12 09:18:01,732 - Evaluate global model
2026-04-12 09:18:03,649 - Averaged Train Loss: 0.6450
2026-04-12 09:18:03,649 - Test Accurancy: 0.7595
2026-04-12 09:18:08,806 - Flame select clients: [0, 4, 6, 8, 11, 13, 14, 15, 16, 18, 19, 20, 21, 24, 25, 29, 30, 32, 33, 34, 37, 39]
2026-04-12 09:18:08,819 - Round number: 16 --------------------------
2026-04-12 09:18:08,819 - Evaluate global model
2026-04-12 09:18:10,583 - Averaged Train Loss: 0.6424
2026-04-12 09:18:10,584 - Test Accurancy: 0.7599
2026-04-12 09:18:15,854 - Flame select clients: [0, 4, 8, 10, 11, 12, 13, 14, 15, 16, 19, 20, 21, 24, 29, 30, 32, 33, 34, 37, 39]
2026-04-12 09:18:15,868 - Round number: 17 --------------------------
2026-04-12 09:18:15,868 - Evaluate global model
2026-04-12 09:18:17,200 - Averaged Train Loss: 0.6187
2026-04-12 09:18:17,200 - Test Accurancy: 0.7680
2026-04-12 09:18:22,544 - Flame select clients: [0, 1, 3, 7, 8, 9, 11, 12, 13, 14, 15, 16, 19, 20, 21, 24, 29, 30, 32, 33, 34, 37, 38, 39]
2026-04-12 09:18:22,555 - Round number: 18 --------------------------
2026-04-12 09:18:22,555 - Evaluate global model
2026-04-12 09:18:24,128 - Averaged Train Loss: 0.5929
2026-04-12 09:18:24,128 - Test Accurancy: 0.7745
2026-04-12 09:18:29,320 - Flame select clients: [0, 1, 3, 7, 8, 9, 10, 11, 12, 13, 14, 15, 19, 20, 21, 24, 29, 30, 32, 33, 34, 37, 38, 39]
2026-04-12 09:18:29,333 - Round number: 19 --------------------------
2026-04-12 09:18:29,333 - Evaluate global model
2026-04-12 09:18:31,162 - Averaged Train Loss: 0.5817
2026-04-12 09:18:31,162 - Test Accurancy: 0.7797
2026-04-12 09:18:36,303 - Flame select clients: [0, 1, 4, 6, 8, 9, 11, 12, 13, 14, 15, 16, 19, 20, 21, 24, 29, 30, 32, 33, 34, 37, 39]
2026-04-12 09:18:36,316 - Round number: 20 --------------------------
2026-04-12 09:18:36,316 - Evaluate global model
2026-04-12 09:18:38,201 - Averaged Train Loss: 0.5807
2026-04-12 09:18:38,202 - Test Accurancy: 0.7815
2026-04-12 09:18:43,315 - Flame select clients: [0, 4, 6, 8, 11, 13, 14, 15, 16, 18, 19, 20, 21, 22, 24, 25, 29, 30, 32, 33, 34, 37, 39]
2026-04-12 09:18:43,328 - Round number: 21 --------------------------
2026-04-12 09:18:43,328 - Evaluate global model
2026-04-12 09:18:44,931 - Averaged Train Loss: 0.6075
2026-04-12 09:18:44,931 - Test Accurancy: 0.7732
2026-04-12 09:18:50,193 - Flame select clients: [0, 1, 4, 6, 8, 11, 12, 13, 14, 15, 16, 19, 20, 21, 24, 29, 30, 32, 33, 34, 37, 39]
2026-04-12 09:18:50,206 - Round number: 22 --------------------------
2026-04-12 09:18:50,206 - Evaluate global model
2026-04-12 09:18:51,800 - Averaged Train Loss: 0.5862
2026-04-12 09:18:51,800 - Test Accurancy: 0.7786
2026-04-12 09:18:56,923 - Flame select clients: [0, 4, 6, 8, 10, 11, 13, 14, 15, 16, 19, 20, 21, 24, 29, 30, 32, 33, 34, 37, 39]
2026-04-12 09:18:56,936 - Round number: 23 --------------------------
2026-04-12 09:18:56,936 - Evaluate global model
2026-04-12 09:18:58,867 - Averaged Train Loss: 0.5873
2026-04-12 09:18:58,867 - Test Accurancy: 0.7773
2026-04-12 09:19:03,979 - Flame select clients: [0, 1, 4, 8, 11, 12, 13, 14, 15, 16, 19, 20, 21, 24, 29, 30, 32, 33, 34, 37, 39]
2026-04-12 09:19:03,993 - Round number: 24 --------------------------
2026-04-12 09:19:03,993 - Evaluate global model
2026-04-12 09:19:05,923 - Averaged Train Loss: 0.5691
2026-04-12 09:19:05,923 - Test Accurancy: 0.7839
2026-04-12 09:19:11,073 - Flame select clients: [0, 1, 3, 6, 7, 8, 9, 11, 12, 13, 14, 15, 16, 19, 20, 21, 24, 29, 30, 32, 33, 34, 37, 38, 39]
2026-04-12 09:19:11,089 - Round number: 25 --------------------------
2026-04-12 09:19:11,089 - Evaluate global model
2026-04-12 09:19:12,717 - Averaged Train Loss: 0.5514
2026-04-12 09:19:12,717 - Test Accurancy: 0.7886
2026-04-12 09:19:18,070 - Flame select clients: [0, 4, 6, 8, 11, 12, 13, 14, 15, 16, 19, 20, 21, 24, 29, 30, 32, 33, 34, 37, 39]
2026-04-12 09:19:18,082 - Round number: 26 --------------------------
2026-04-12 09:19:18,082 - Evaluate global model
2026-04-12 09:19:19,416 - Averaged Train Loss: 0.5605
2026-04-12 09:19:19,416 - Test Accurancy: 0.7867
2026-04-12 09:19:24,672 - Flame select clients: [0, 4, 6, 8, 11, 12, 13, 14, 15, 16, 19, 20, 21, 24, 29, 30, 32, 33, 34, 37, 39]
2026-04-12 09:19:24,686 - Round number: 27 --------------------------
2026-04-12 09:19:24,686 - Evaluate global model
2026-04-12 09:19:26,408 - Averaged Train Loss: 0.5627
2026-04-12 09:19:26,409 - Test Accurancy: 0.7874
2026-04-12 09:19:31,604 - Flame select clients: [0, 1, 4, 8, 10, 11, 13, 14, 15, 16, 19, 20, 21, 24, 29, 30, 32, 33, 34, 37, 39]
2026-04-12 09:19:31,618 - Round number: 28 --------------------------
2026-04-12 09:19:31,618 - Evaluate global model
2026-04-12 09:19:33,443 - Averaged Train Loss: 0.5658
2026-04-12 09:19:33,443 - Test Accurancy: 0.7866
2026-04-12 09:19:38,602 - Flame select clients: [0, 1, 3, 4, 8, 9, 11, 12, 13, 14, 15, 16, 19, 21, 24, 29, 30, 32, 34, 37, 39]
2026-04-12 09:19:38,614 - Round number: 29 --------------------------
2026-04-12 09:19:38,614 - Evaluate global model
2026-04-12 09:19:40,405 - Averaged Train Loss: 0.5588
2026-04-12 09:19:40,405 - Test Accurancy: 0.7900
2026-04-12 09:19:45,607 - Flame select clients: [0, 4, 6, 8, 10, 11, 12, 13, 14, 15, 16, 19, 20, 21, 24, 29, 30, 32, 33, 34, 37, 39]
2026-04-12 09:19:45,621 - Round number: 30 --------------------------
2026-04-12 09:19:45,621 - Evaluate global model
2026-04-12 09:19:47,060 - Averaged Train Loss: 0.5519
2026-04-12 09:19:47,060 - Test Accurancy: 0.7903
2026-04-12 09:19:52,317 - Flame select clients: [0, 4, 6, 8, 11, 13, 14, 15, 16, 19, 20, 21, 24, 28, 29, 30, 32, 33, 34, 37, 39]
2026-04-12 09:19:52,328 - Round number: 31 --------------------------
2026-04-12 09:19:52,328 - Evaluate global model
2026-04-12 09:19:54,067 - Averaged Train Loss: 0.5516
2026-04-12 09:19:54,068 - Test Accurancy: 0.7916
2026-04-12 09:19:59,179 - Flame select clients: [0, 4, 6, 8, 11, 12, 13, 14, 15, 16, 19, 20, 21, 24, 29, 30, 32, 33, 34, 37, 39]
2026-04-12 09:19:59,193 - Round number: 32 --------------------------
2026-04-12 09:19:59,193 - Evaluate global model
2026-04-12 09:20:01,120 - Averaged Train Loss: 0.5501
2026-04-12 09:20:01,120 - Test Accurancy: 0.7908
2026-04-12 09:20:06,234 - Flame select clients: [0, 2, 8, 11, 12, 13, 14, 15, 16, 19, 20, 21, 24, 26, 29, 30, 32, 33, 34, 37, 39]
2026-04-12 09:20:06,247 - Round number: 33 --------------------------
2026-04-12 09:20:06,247 - Evaluate global model
2026-04-12 09:20:08,188 - Averaged Train Loss: 0.5444
2026-04-12 09:20:08,188 - Test Accurancy: 0.7945
2026-04-12 09:20:13,319 - Flame select clients: [0, 4, 6, 8, 11, 13, 14, 15, 16, 19, 20, 21, 24, 28, 29, 30, 32, 33, 34, 37, 39]
2026-04-12 09:20:13,332 - Round number: 34 --------------------------
2026-04-12 09:20:13,332 - Evaluate global model
2026-04-12 09:20:14,829 - Averaged Train Loss: 0.5420
2026-04-12 09:20:14,829 - Test Accurancy: 0.7951
2026-04-12 09:20:20,173 - Flame select clients: [0, 1, 3, 6, 7, 8, 9, 11, 12, 13, 14, 15, 16, 19, 20, 21, 24, 29, 30, 32, 33, 34, 37, 38, 39]
2026-04-12 09:20:20,186 - Round number: 35 --------------------------
2026-04-12 09:20:20,186 - Evaluate global model
2026-04-12 09:20:21,685 - Averaged Train Loss: 0.5193
2026-04-12 09:20:21,685 - Test Accurancy: 0.8001
2026-04-12 09:20:26,878 - Flame select clients: [0, 1, 6, 8, 11, 13, 14, 15, 16, 19, 20, 21, 24, 28, 29, 30, 32, 33, 34, 37, 39]
2026-04-12 09:20:26,892 - Round number: 36 --------------------------
2026-04-12 09:20:26,892 - Evaluate global model
2026-04-12 09:20:28,685 - Averaged Train Loss: 0.5333
2026-04-12 09:20:28,685 - Test Accurancy: 0.7971
2026-04-12 09:20:33,904 - Flame select clients: [0, 4, 6, 8, 11, 12, 13, 14, 15, 16, 19, 20, 21, 24, 29, 30, 32, 33, 34, 37, 39]
2026-04-12 09:20:33,918 - Round number: 37 --------------------------
2026-04-12 09:20:33,918 - Evaluate global model
2026-04-12 09:20:35,740 - Averaged Train Loss: 0.5327
2026-04-12 09:20:35,740 - Test Accurancy: 0.7955
2026-04-12 09:20:40,902 - Flame select clients: [0, 1, 8, 10, 11, 12, 13, 14, 15, 16, 19, 20, 21, 24, 29, 30, 32, 33, 34, 37, 39]
2026-04-12 09:20:40,914 - Round number: 38 --------------------------
2026-04-12 09:20:40,914 - Evaluate global model
2026-04-12 09:20:42,540 - Averaged Train Loss: 0.5349
2026-04-12 09:20:42,541 - Test Accurancy: 0.7962
2026-04-12 09:20:47,806 - Flame select clients: [0, 2, 4, 8, 11, 12, 13, 14, 15, 16, 19, 20, 21, 24, 29, 30, 32, 33, 34, 37, 39]
2026-04-12 09:20:47,818 - Round number: 39 --------------------------
2026-04-12 09:20:47,818 - Evaluate global model
2026-04-12 09:20:49,328 - Averaged Train Loss: 0.5244
2026-04-12 09:20:49,328 - Test Accurancy: 0.7988
2026-04-12 09:20:54,473 - Flame select clients: [0, 2, 8, 10, 11, 12, 13, 14, 15, 16, 19, 20, 21, 24, 29, 30, 32, 33, 34, 37, 39]
2026-04-12 09:20:54,486 - Round number: 40 --------------------------
2026-04-12 09:20:54,486 - Evaluate global model
2026-04-12 09:20:56,375 - Averaged Train Loss: 0.5281
2026-04-12 09:20:56,375 - Test Accurancy: 0.7976
2026-04-12 09:21:01,495 - Flame select clients: [0, 2, 4, 8, 10, 11, 13, 14, 15, 16, 19, 20, 21, 24, 29, 30, 32, 33, 34, 37, 39]
2026-04-12 09:21:01,508 - Round number: 41 --------------------------
2026-04-12 09:21:01,508 - Evaluate global model
2026-04-12 09:21:03,430 - Averaged Train Loss: 0.5197
2026-04-12 09:21:03,430 - Test Accurancy: 0.7999
2026-04-12 09:21:08,549 - Flame select clients: [0, 4, 8, 11, 12, 13, 14, 15, 16, 18, 19, 20, 21, 22, 24, 25, 29, 30, 32, 33, 34, 37, 39]
2026-04-12 09:21:08,565 - Round number: 42 --------------------------
2026-04-12 09:21:08,565 - Evaluate global model
2026-04-12 09:21:10,367 - Averaged Train Loss: 0.5407
2026-04-12 09:21:10,367 - Test Accurancy: 0.7984
2026-04-12 09:21:15,657 - Flame select clients: [0, 2, 6, 8, 11, 12, 13, 14, 15, 16, 19, 20, 21, 24, 29, 30, 32, 33, 34, 37, 39]
2026-04-12 09:21:15,669 - Round number: 43 --------------------------
2026-04-12 09:21:15,669 - Evaluate global model
2026-04-12 09:21:17,015 - Averaged Train Loss: 0.5109
2026-04-12 09:21:17,015 - Test Accurancy: 0.8055
2026-04-12 09:21:22,353 - Flame select clients: [0, 1, 3, 7, 8, 9, 11, 13, 14, 15, 16, 19, 20, 21, 24, 29, 30, 32, 33, 34, 37, 38, 39]
2026-04-12 09:21:22,365 - Round number: 44 --------------------------
2026-04-12 09:21:22,365 - Evaluate global model
2026-04-12 09:21:24,025 - Averaged Train Loss: 0.4989
2026-04-12 09:21:24,025 - Test Accurancy: 0.8103
2026-04-12 09:21:29,248 - Flame select clients: [0, 1, 2, 3, 8, 9, 11, 12, 13, 14, 15, 16, 19, 20, 21, 24, 29, 30, 32, 33, 34, 37, 38, 39]
2026-04-12 09:21:29,262 - Round number: 45 --------------------------
2026-04-12 09:21:29,262 - Evaluate global model
2026-04-12 09:21:31,063 - Averaged Train Loss: 0.4960
2026-04-12 09:21:31,063 - Test Accurancy: 0.8110
2026-04-12 09:21:36,269 - Flame select clients: [0, 4, 8, 11, 12, 13, 14, 15, 16, 18, 19, 20, 21, 22, 24, 25, 29, 30, 32, 33, 34, 37, 39]
2026-04-12 09:21:36,282 - Round number: 46 --------------------------
2026-04-12 09:21:36,282 - Evaluate global model
2026-04-12 09:21:38,081 - Averaged Train Loss: 0.5362
2026-04-12 09:21:38,081 - Test Accurancy: 0.7995
2026-04-12 09:21:43,259 - Flame select clients: [0, 2, 8, 11, 12, 13, 14, 15, 16, 19, 20, 21, 24, 26, 29, 30, 32, 33, 34, 37, 39]
2026-04-12 09:21:43,273 - Round number: 47 --------------------------
2026-04-12 09:21:43,273 - Evaluate global model
2026-04-12 09:21:44,740 - Averaged Train Loss: 0.5095
2026-04-12 09:21:44,740 - Test Accurancy: 0.8067
2026-04-12 09:21:50,006 - Flame select clients: [0, 1, 3, 7, 8, 9, 11, 12, 13, 14, 15, 16, 19, 20, 21, 24, 29, 30, 32, 33, 34, 37, 38, 39]
2026-04-12 09:21:50,018 - Round number: 48 --------------------------
2026-04-12 09:21:50,018 - Evaluate global model
2026-04-12 09:21:51,695 - Averaged Train Loss: 0.4892
2026-04-12 09:21:51,695 - Test Accurancy: 0.8140
2026-04-12 09:21:56,804 - Flame select clients: [0, 1, 2, 3, 8, 9, 11, 13, 14, 15, 16, 19, 20, 21, 24, 29, 30, 32, 33, 34, 37, 38, 39]
2026-04-12 09:21:56,817 - Round number: 49 --------------------------
2026-04-12 09:21:56,817 - Evaluate global model
2026-04-12 09:21:58,729 - Averaged Train Loss: 0.4871
2026-04-12 09:21:58,729 - Test Accurancy: 0.8157
2026-04-12 09:22:03,857 - Flame select clients: [0, 2, 4, 6, 8, 11, 13, 14, 15, 16, 18, 19, 20, 21, 22, 24, 25, 29, 30, 32, 33, 34, 37, 39]
2026-04-12 09:22:03,870 - Round number: 50 --------------------------
2026-04-12 09:22:03,870 - Evaluate global model
2026-04-12 09:22:05,783 - Averaged Train Loss: 0.5228
2026-04-12 09:22:05,783 - Test Accurancy: 0.8052
2026-04-12 09:22:10,896 - Flame select clients: [0, 1, 3, 8, 9, 11, 12, 13, 14, 15, 16, 19, 20, 21, 24, 29, 30, 32, 33, 34, 37, 38, 39]
2026-04-12 09:22:10,910 - Round number: 51 --------------------------
2026-04-12 09:22:10,910 - Evaluate global model
2026-04-12 09:22:12,533 - Averaged Train Loss: 0.4908
2026-04-12 09:22:12,533 - Test Accurancy: 0.8117
2026-04-12 09:22:17,818 - Flame select clients: [0, 2, 4, 8, 11, 13, 14, 15, 16, 18, 19, 20, 21, 22, 24, 25, 29, 30, 32, 33, 34, 37, 39]
2026-04-12 09:22:17,830 - Round number: 52 --------------------------
2026-04-12 09:22:17,830 - Evaluate global model
2026-04-12 09:22:19,314 - Averaged Train Loss: 0.5163
2026-04-12 09:22:19,314 - Test Accurancy: 0.8056
2026-04-12 09:22:24,531 - Flame select clients: [0, 1, 2, 3, 6, 9, 11, 12, 13, 14, 15, 16, 19, 20, 21, 24, 29, 30, 31, 32, 33, 34, 37, 38, 39]
2026-04-12 09:22:24,544 - Round number: 53 --------------------------
2026-04-12 09:22:24,544 - Evaluate global model
2026-04-12 09:22:26,337 - Averaged Train Loss: 0.4833
2026-04-12 09:22:26,338 - Test Accurancy: 0.8140
2026-04-12 09:22:31,543 - Flame select clients: [0, 2, 6, 8, 11, 12, 13, 14, 15, 16, 19, 20, 21, 24, 29, 30, 32, 33, 34, 37, 39]
2026-04-12 09:22:31,556 - Round number: 54 --------------------------
2026-04-12 09:22:31,556 - Evaluate global model
2026-04-12 09:22:33,334 - Averaged Train Loss: 0.4920
2026-04-12 09:22:33,334 - Test Accurancy: 0.8125
2026-04-12 09:22:38,551 - Flame select clients: [0, 2, 8, 11, 12, 13, 14, 15, 16, 19, 20, 21, 24, 29, 30, 32, 33, 34, 36, 37, 39]
2026-04-12 09:22:38,564 - Round number: 55 --------------------------
2026-04-12 09:22:38,564 - Evaluate global model
2026-04-12 09:22:40,238 - Averaged Train Loss: 0.4963
2026-04-12 09:22:40,238 - Test Accurancy: 0.8086
2026-04-12 09:22:45,551 - Flame select clients: [0, 4, 6, 11, 12, 13, 14, 15, 16, 18, 19, 21, 22, 24, 25, 29, 30, 32, 34, 37, 39]
2026-04-12 09:22:45,563 - Round number: 56 --------------------------
2026-04-12 09:22:45,563 - Evaluate global model
2026-04-12 09:22:46,967 - Averaged Train Loss: 0.5224
2026-04-12 09:22:46,967 - Test Accurancy: 0.8062
2026-04-12 09:22:52,185 - Flame select clients: [0, 4, 6, 8, 11, 12, 13, 14, 15, 16, 18, 19, 20, 21, 22, 24, 25, 29, 30, 32, 33, 34, 37, 39]
2026-04-12 09:22:52,197 - Round number: 57 --------------------------
2026-04-12 09:22:52,197 - Evaluate global model
2026-04-12 09:22:54,013 - Averaged Train Loss: 0.5240
2026-04-12 09:22:54,013 - Test Accurancy: 0.8052
2026-04-12 09:22:59,145 - Flame select clients: [0, 1, 2, 3, 8, 9, 11, 13, 14, 15, 16, 19, 20, 21, 24, 29, 30, 31, 32, 33, 34, 37, 38, 39]
2026-04-12 09:22:59,158 - Round number: 58 --------------------------
2026-04-12 09:22:59,158 - Evaluate global model
2026-04-12 09:23:01,069 - Averaged Train Loss: 0.4769
2026-04-12 09:23:01,069 - Test Accurancy: 0.8189
2026-04-12 09:23:06,182 - Flame select clients: [0, 1, 2, 3, 9, 11, 12, 13, 14, 15, 16, 19, 20, 21, 24, 29, 30, 31, 32, 33, 34, 37, 38, 39]
2026-04-12 09:23:06,195 - Round number: 59 --------------------------
2026-04-12 09:23:06,195 - Evaluate global model
2026-04-12 09:23:08,060 - Averaged Train Loss: 0.4713
2026-04-12 09:23:08,061 - Test Accurancy: 0.8203
2026-04-12 09:23:13,238 - Flame select clients: [0, 1, 2, 3, 7, 8, 9, 11, 12, 13, 14, 15, 16, 19, 20, 21, 24, 29, 30, 32, 33, 34, 37, 38, 39]
2026-04-12 09:23:13,251 - Round number: 60 --------------------------
2026-04-12 09:23:13,251 - Evaluate global model
2026-04-12 09:23:14,717 - Averaged Train Loss: 0.4770
2026-04-12 09:23:14,717 - Test Accurancy: 0.8201
2026-04-12 09:23:19,986 - Flame select clients: [0, 2, 6, 8, 11, 12, 13, 14, 15, 16, 19, 20, 21, 24, 29, 30, 32, 33, 34, 37, 39]
2026-04-12 09:23:19,998 - Round number: 61 --------------------------
2026-04-12 09:23:19,998 - Evaluate global model
2026-04-12 09:23:21,621 - Averaged Train Loss: 0.4825
2026-04-12 09:23:21,621 - Test Accurancy: 0.8163
2026-04-12 09:23:26,835 - Flame select clients: [0, 1, 2, 3, 9, 11, 12, 13, 14, 15, 16, 19, 20, 21, 24, 29, 30, 32, 33, 34, 37, 38, 39]
2026-04-12 09:23:26,849 - Round number: 62 --------------------------
2026-04-12 09:23:26,849 - Evaluate global model
2026-04-12 09:23:28,644 - Averaged Train Loss: 0.4694
2026-04-12 09:23:28,645 - Test Accurancy: 0.8222
2026-04-12 09:23:33,856 - Flame select clients: [0, 2, 8, 11, 12, 13, 14, 15, 16, 17, 19, 20, 21, 24, 29, 30, 32, 33, 34, 37, 39]
2026-04-12 09:23:33,870 - Round number: 63 --------------------------
2026-04-12 09:23:33,870 - Evaluate global model
2026-04-12 09:23:35,681 - Averaged Train Loss: 0.4775
2026-04-12 09:23:35,681 - Test Accurancy: 0.8200
2026-04-12 09:23:40,911 - Flame select clients: [0, 2, 6, 8, 11, 12, 13, 14, 15, 16, 19, 20, 21, 24, 29, 30, 32, 33, 34, 37, 39]
2026-04-12 09:23:40,924 - Round number: 64 --------------------------
2026-04-12 09:23:40,925 - Evaluate global model
2026-04-12 09:23:42,422 - Averaged Train Loss: 0.4825
2026-04-12 09:23:42,422 - Test Accurancy: 0.8157
2026-04-12 09:23:47,746 - Flame select clients: [0, 2, 4, 8, 11, 12, 13, 14, 15, 16, 18, 19, 20, 21, 22, 24, 25, 29, 30, 32, 33, 34, 37, 39]
2026-04-12 09:23:47,758 - Round number: 65 --------------------------
2026-04-12 09:23:47,758 - Evaluate global model
2026-04-12 09:23:49,332 - Averaged Train Loss: 0.5012
2026-04-12 09:23:49,332 - Test Accurancy: 0.8106
2026-04-12 09:23:54,448 - Flame select clients: [0, 1, 2, 3, 8, 9, 11, 12, 13, 14, 15, 16, 17, 19, 20, 21, 24, 29, 30, 31, 32, 33, 34, 37, 38, 39]
2026-04-12 09:23:54,462 - Round number: 66 --------------------------
2026-04-12 09:23:54,462 - Evaluate global model
2026-04-12 09:23:56,409 - Averaged Train Loss: 0.4646
2026-04-12 09:23:56,409 - Test Accurancy: 0.8245
2026-04-12 09:24:01,527 - Flame select clients: [0, 2, 6, 8, 11, 12, 13, 14, 15, 16, 19, 20, 21, 24, 29, 30, 32, 33, 34, 37, 39]
2026-04-12 09:24:01,540 - Round number: 67 --------------------------
2026-04-12 09:24:01,540 - Evaluate global model
2026-04-12 09:24:03,461 - Averaged Train Loss: 0.4777
2026-04-12 09:24:03,461 - Test Accurancy: 0.8159
2026-04-12 09:24:08,588 - Flame select clients: [0, 4, 6, 8, 11, 12, 13, 14, 15, 16, 19, 20, 21, 24, 29, 30, 32, 33, 34, 37, 39]
2026-04-12 09:24:08,601 - Round number: 68 --------------------------
2026-04-12 09:24:08,602 - Evaluate global model
2026-04-12 09:24:10,283 - Averaged Train Loss: 0.4747
2026-04-12 09:24:10,283 - Test Accurancy: 0.8181
2026-04-12 09:24:15,551 - Flame select clients: [0, 1, 2, 3, 7, 9, 11, 12, 13, 14, 15, 16, 19, 20, 21, 24, 29, 30, 31, 32, 33, 34, 37, 38, 39]
2026-04-12 09:24:15,562 - Round number: 69 --------------------------
2026-04-12 09:24:15,563 - Evaluate global model
2026-04-12 09:24:17,035 - Averaged Train Loss: 0.4590
2026-04-12 09:24:17,035 - Test Accurancy: 0.8284
2026-04-12 09:24:22,206 - Flame select clients: [0, 2, 8, 11, 12, 13, 14, 15, 16, 19, 20, 21, 24, 29, 30, 32, 33, 34, 35, 37, 39]
2026-04-12 09:24:22,218 - Round number: 70 --------------------------
2026-04-12 09:24:22,218 - Evaluate global model
2026-04-12 09:24:24,007 - Averaged Train Loss: 0.4688
2026-04-12 09:24:24,007 - Test Accurancy: 0.8227
2026-04-12 09:24:29,220 - Flame select clients: [0, 2, 4, 6, 11, 12, 13, 14, 15, 16, 19, 20, 21, 24, 29, 30, 32, 33, 34, 37, 39]
2026-04-12 09:24:29,233 - Round number: 71 --------------------------
2026-04-12 09:24:29,233 - Evaluate global model
2026-04-12 09:24:31,017 - Averaged Train Loss: 0.4655
2026-04-12 09:24:31,017 - Test Accurancy: 0.8225
2026-04-12 09:24:36,229 - Flame select clients: [0, 2, 6, 8, 11, 12, 13, 14, 15, 16, 19, 20, 21, 24, 29, 30, 32, 33, 34, 37, 39]
2026-04-12 09:24:36,242 - Round number: 72 --------------------------
2026-04-12 09:24:36,242 - Evaluate global model
2026-04-12 09:24:37,905 - Averaged Train Loss: 0.4718
2026-04-12 09:24:37,906 - Test Accurancy: 0.8195
2026-04-12 09:24:43,225 - Flame select clients: [0, 2, 6, 8, 11, 12, 13, 14, 15, 16, 19, 20, 21, 24, 29, 30, 32, 33, 34, 37, 39]
2026-04-12 09:24:43,237 - Round number: 73 --------------------------
2026-04-12 09:24:43,237 - Evaluate global model
2026-04-12 09:24:44,576 - Averaged Train Loss: 0.4725
2026-04-12 09:24:44,577 - Test Accurancy: 0.8199
2026-04-12 09:24:49,877 - Flame select clients: [0, 1, 2, 3, 6, 9, 11, 12, 13, 14, 15, 16, 17, 19, 20, 21, 24, 29, 30, 31, 32, 33, 34, 37, 38, 39]
2026-04-12 09:24:49,888 - Round number: 74 --------------------------
2026-04-12 09:24:49,888 - Evaluate global model
2026-04-12 09:24:51,620 - Averaged Train Loss: 0.4517
2026-04-12 09:24:51,620 - Test Accurancy: 0.8310
2026-04-12 09:24:56,740 - Flame select clients: [0, 1, 2, 3, 6, 7, 9, 11, 13, 14, 15, 16, 19, 20, 21, 24, 29, 30, 31, 32, 33, 34, 37, 38, 39]
2026-04-12 09:24:56,755 - Round number: 75 --------------------------
2026-04-12 09:24:56,755 - Evaluate global model
2026-04-12 09:24:58,691 - Averaged Train Loss: 0.4513
2026-04-12 09:24:58,691 - Test Accurancy: 0.8304
2026-04-12 09:25:03,833 - Flame select clients: [0, 1, 3, 9, 11, 13, 14, 15, 16, 20, 21, 24, 29, 30, 31, 32, 33, 34, 37, 38, 39]
2026-04-12 09:25:03,847 - Round number: 76 --------------------------
2026-04-12 09:25:03,847 - Evaluate global model
2026-04-12 09:25:05,758 - Averaged Train Loss: 0.4601
2026-04-12 09:25:05,758 - Test Accurancy: 0.8197
2026-04-12 09:25:10,907 - Flame select clients: [0, 1, 2, 3, 7, 9, 11, 12, 13, 14, 15, 16, 19, 20, 21, 24, 29, 30, 31, 32, 33, 34, 37, 38, 39]
2026-04-12 09:25:10,920 - Round number: 77 --------------------------
2026-04-12 09:25:10,921 - Evaluate global model
2026-04-12 09:25:12,452 - Averaged Train Loss: 0.4506
2026-04-12 09:25:12,453 - Test Accurancy: 0.8313
2026-04-12 09:25:17,722 - Flame select clients: [0, 1, 2, 3, 6, 7, 9, 11, 13, 14, 15, 16, 19, 20, 21, 24, 29, 30, 31, 32, 33, 34, 37, 38, 39]
2026-04-12 09:25:17,734 - Round number: 78 --------------------------
2026-04-12 09:25:17,734 - Evaluate global model
2026-04-12 09:25:19,399 - Averaged Train Loss: 0.4501
2026-04-12 09:25:19,399 - Test Accurancy: 0.8312
2026-04-12 09:25:24,536 - Flame select clients: [0, 1, 2, 3, 6, 9, 11, 12, 13, 14, 15, 16, 19, 20, 21, 24, 29, 30, 31, 32, 33, 34, 37, 38, 39]
2026-04-12 09:25:24,550 - Round number: 79 --------------------------
2026-04-12 09:25:24,550 - Evaluate global model
2026-04-12 09:25:26,388 - Averaged Train Loss: 0.4467
2026-04-12 09:25:26,388 - Test Accurancy: 0.8322
2026-04-12 09:25:31,589 - Flame select clients: [0, 1, 3, 9, 11, 12, 13, 14, 15, 16, 19, 20, 21, 24, 29, 31, 32, 33, 34, 37, 38, 39]
2026-04-12 09:25:31,602 - Round number: 80 --------------------------
2026-04-12 09:25:31,602 - Evaluate global model
2026-04-12 09:25:33,382 - Averaged Train Loss: 0.4427
2026-04-12 09:25:33,382 - Test Accurancy: 0.8383
2026-04-12 09:25:38,591 - Flame select clients: [0, 2, 6, 11, 12, 13, 14, 15, 16, 19, 20, 21, 24, 28, 29, 30, 32, 33, 34, 37, 39]
2026-04-12 09:25:38,604 - Round number: 81 --------------------------
2026-04-12 09:25:38,604 - Evaluate global model
2026-04-12 09:25:40,114 - Averaged Train Loss: 0.4628
2026-04-12 09:25:40,114 - Test Accurancy: 0.8212
2026-04-12 09:25:45,240 - Flame select clients: [0, 1, 2, 3, 9, 11, 12, 13, 14, 15, 16, 19, 20, 21, 24, 29, 30, 31, 32, 33, 34, 37, 38, 39]
2026-04-12 09:25:45,249 - Round number: 82 --------------------------
2026-04-12 09:25:45,249 - Evaluate global model
2026-04-12 09:25:46,020 - Averaged Train Loss: 0.4464
2026-04-12 09:25:46,021 - Test Accurancy: 0.8322
2026-04-12 09:25:48,439 - Flame select clients: [0, 1, 2, 3, 9, 11, 12, 13, 14, 15, 16, 20, 21, 24, 29, 30, 31, 32, 33, 34, 37, 38, 39]
2026-04-12 09:25:48,448 - Round number: 83 --------------------------
2026-04-12 09:25:48,448 - Evaluate global model
2026-04-12 09:25:49,200 - Averaged Train Loss: 0.4477
2026-04-12 09:25:49,200 - Test Accurancy: 0.8276
2026-04-12 09:25:51,608 - Flame select clients: [0, 1, 2, 3, 9, 11, 12, 13, 14, 15, 16, 17, 19, 20, 21, 24, 29, 30, 31, 32, 33, 34, 37, 38, 39]
2026-04-12 09:25:51,617 - Round number: 84 --------------------------
2026-04-12 09:25:51,617 - Evaluate global model
2026-04-12 09:25:52,369 - Averaged Train Loss: 0.4418
2026-04-12 09:25:52,370 - Test Accurancy: 0.8382
2026-04-12 09:25:54,777 - Flame select clients: [0, 1, 3, 9, 11, 13, 14, 15, 16, 20, 21, 24, 29, 30, 31, 32, 33, 34, 37, 38, 39]
2026-04-12 09:25:54,785 - Round number: 85 --------------------------
2026-04-12 09:25:54,786 - Evaluate global model
2026-04-12 09:25:55,557 - Averaged Train Loss: 0.4481
2026-04-12 09:25:55,557 - Test Accurancy: 0.8273
2026-04-12 09:25:57,964 - Flame select clients: [0, 1, 3, 6, 9, 11, 12, 13, 14, 15, 16, 19, 20, 21, 24, 29, 30, 32, 33, 34, 37, 38, 39]
2026-04-12 09:25:57,973 - Round number: 86 --------------------------
2026-04-12 09:25:57,973 - Evaluate global model
2026-04-12 09:25:58,738 - Averaged Train Loss: 0.4440
2026-04-12 09:25:58,738 - Test Accurancy: 0.8336
2026-04-12 09:26:01,165 - Flame select clients: [0, 1, 3, 9, 11, 13, 14, 15, 16, 17, 19, 20, 21, 24, 29, 30, 32, 33, 34, 37, 38, 39]
2026-04-12 09:26:01,176 - Round number: 87 --------------------------
2026-04-12 09:26:01,176 - Evaluate global model
2026-04-12 09:26:01,945 - Averaged Train Loss: 0.4407
2026-04-12 09:26:01,945 - Test Accurancy: 0.8385
2026-04-12 09:26:04,394 - Flame select clients: [0, 1, 2, 3, 6, 9, 11, 13, 14, 15, 16, 17, 19, 20, 21, 24, 29, 30, 31, 32, 33, 34, 37, 38, 39]
2026-04-12 09:26:04,403 - Round number: 88 --------------------------
2026-04-12 09:26:04,403 - Evaluate global model
2026-04-12 09:26:05,168 - Averaged Train Loss: 0.4389
2026-04-12 09:26:05,168 - Test Accurancy: 0.8406
2026-04-12 09:26:07,634 - Flame select clients: [0, 1, 2, 3, 9, 11, 12, 13, 14, 15, 16, 17, 19, 20, 21, 24, 29, 30, 31, 32, 33, 34, 37, 38, 39]
2026-04-12 09:26:07,643 - Round number: 89 --------------------------
2026-04-12 09:26:07,643 - Evaluate global model
2026-04-12 09:26:08,423 - Averaged Train Loss: 0.4365
2026-04-12 09:26:08,423 - Test Accurancy: 0.8427
2026-04-12 09:26:10,887 - Flame select clients: [0, 1, 2, 3, 9, 11, 13, 14, 15, 16, 19, 20, 21, 24, 29, 30, 31, 32, 33, 34, 37, 38, 39]
2026-04-12 09:26:10,896 - Round number: 90 --------------------------
2026-04-12 09:26:10,896 - Evaluate global model
2026-04-12 09:26:11,675 - Averaged Train Loss: 0.4416
2026-04-12 09:26:11,675 - Test Accurancy: 0.8349
2026-04-12 09:26:14,137 - Flame select clients: [0, 1, 2, 3, 9, 11, 12, 13, 14, 15, 16, 19, 20, 21, 24, 29, 30, 31, 32, 33, 34, 37, 38, 39]
2026-04-12 09:26:14,146 - Round number: 91 --------------------------
2026-04-12 09:26:14,146 - Evaluate global model
2026-04-12 09:26:14,913 - Averaged Train Loss: 0.4370
2026-04-12 09:26:14,913 - Test Accurancy: 0.8398
2026-04-12 09:26:17,175 - Flame select clients: [0, 1, 2, 3, 9, 11, 13, 14, 15, 16, 19, 20, 21, 24, 29, 30, 31, 32, 33, 34, 37, 38, 39]
2026-04-12 09:26:17,184 - Round number: 92 --------------------------
2026-04-12 09:26:17,184 - Evaluate global model
2026-04-12 09:26:17,842 - Averaged Train Loss: 0.4401
2026-04-12 09:26:17,842 - Test Accurancy: 0.8342
2026-04-12 09:26:20,068 - Flame select clients: [0, 1, 2, 3, 9, 11, 12, 13, 14, 15, 16, 17, 19, 20, 21, 24, 29, 30, 31, 32, 33, 34, 37, 38, 39]
2026-04-12 09:26:20,077 - Round number: 93 --------------------------
2026-04-12 09:26:20,077 - Evaluate global model
2026-04-12 09:26:20,749 - Averaged Train Loss: 0.4352
2026-04-12 09:26:20,749 - Test Accurancy: 0.8417
2026-04-12 09:26:22,976 - Flame select clients: [0, 1, 2, 3, 9, 11, 12, 13, 14, 15, 16, 17, 19, 20, 21, 24, 29, 30, 31, 32, 33, 34, 37, 38, 39]
2026-04-12 09:26:22,985 - Round number: 94 --------------------------
2026-04-12 09:26:22,985 - Evaluate global model
2026-04-12 09:26:23,643 - Averaged Train Loss: 0.4341
2026-04-12 09:26:23,643 - Test Accurancy: 0.8430
2026-04-12 09:26:25,873 - Flame select clients: [0, 1, 2, 3, 7, 9, 11, 13, 14, 15, 16, 17, 20, 21, 24, 29, 30, 31, 32, 33, 34, 37, 38, 39]
2026-04-12 09:26:25,881 - Round number: 95 --------------------------
2026-04-12 09:26:25,881 - Evaluate global model
2026-04-12 09:26:26,546 - Averaged Train Loss: 0.4352
2026-04-12 09:26:26,546 - Test Accurancy: 0.8410
2026-04-12 09:26:28,779 - Flame select clients: [0, 1, 2, 3, 9, 11, 12, 13, 14, 15, 16, 17, 19, 20, 21, 24, 29, 30, 31, 32, 33, 34, 37, 38, 39]
2026-04-12 09:26:28,787 - Round number: 96 --------------------------
2026-04-12 09:26:28,787 - Evaluate global model
2026-04-12 09:26:29,412 - Averaged Train Loss: 0.4319
2026-04-12 09:26:29,412 - Test Accurancy: 0.8438
2026-04-12 09:26:31,579 - Flame select clients: [0, 1, 2, 3, 6, 9, 11, 12, 13, 14, 15, 16, 17, 19, 20, 21, 24, 29, 30, 31, 32, 33, 34, 37, 38, 39]
2026-04-12 09:26:31,588 - Round number: 97 --------------------------
2026-04-12 09:26:31,588 - Evaluate global model
2026-04-12 09:26:32,220 - Averaged Train Loss: 0.4321
2026-04-12 09:26:32,220 - Test Accurancy: 0.8440
2026-04-12 09:26:34,383 - Flame select clients: [0, 1, 2, 3, 9, 11, 12, 13, 14, 15, 16, 19, 20, 21, 24, 29, 30, 31, 32, 33, 34, 37, 38, 39]
2026-04-12 09:26:34,391 - Round number: 98 --------------------------
2026-04-12 09:26:34,391 - Evaluate global model
2026-04-12 09:26:35,034 - Averaged Train Loss: 0.4333
2026-04-12 09:26:35,034 - Test Accurancy: 0.8413
2026-04-12 09:26:37,214 - Flame select clients: [0, 1, 2, 3, 6, 9, 11, 13, 14, 15, 16, 17, 19, 20, 21, 24, 29, 30, 31, 32, 33, 34, 37, 38, 39]
2026-04-12 09:26:37,223 - Round number: 99 --------------------------
2026-04-12 09:26:37,223 - Evaluate global model
2026-04-12 09:26:37,863 - Averaged Train Loss: 0.4296
2026-04-12 09:26:37,863 - Test Accurancy: 0.8456
2026-04-12 09:26:40,060 - Flame select clients: [0, 1, 3, 9, 11, 13, 14, 15, 16, 17, 19, 20, 21, 24, 29, 30, 32, 33, 34, 37, 38, 39]
2026-04-12 09:26:40,068 - Round number: 100 --------------------------
2026-04-12 09:26:40,068 - Evaluate global model
2026-04-12 09:26:40,711 - Averaged Train Loss: 0.4321
2026-04-12 09:26:40,711 - Test Accurancy: 0.8435
2026-04-12 09:26:42,908 - Flame select clients: [0, 1, 2, 3, 6, 9, 11, 12, 13, 14, 15, 16, 17, 19, 20, 21, 24, 29, 30, 31, 32, 33, 34, 37, 38, 39]
2026-04-12 09:26:42,912 - Run over
2026-04-12 09:26:42,912 - Saving results to ./exp/exp4/FashionMNIST/flame_LIE.h5
2026-04-12 09:26:42,917 - Best accuracy: 0.8456092269041909
2026-04-12 09:26:42,917 - Average time cost per round: 6.181681876182556
