2026-04-12 09:26:46,180 - *****************EXP-4*****************
2026-04-12 09:26:46,181 - Exp repeats: 1
2026-04-12 09:26:46,181 - Communication Rounds: 100
2026-04-12 09:26:46,181 - Clients: 40

2026-04-12 09:26:46,181 - Attack method: MPAF
2026-04-12 09:26:46,181 - Filtering rule: flame
2026-04-12 09:26:46,181 - Dataset: FashionMNIST
2026-04-12 09:26:46,181 - Model: cnn
2026-04-12 09:26:46,181 - Learning Rate: 0.02
2026-04-12 09:26:46,181 - Batch Size: 64
2026-04-12 09:26:46,181 - Device: cuda
2026-04-12 09:26:46,181 - Device id: 0
2026-04-12 09:26:46,181 - Adversaries: 8
2026-04-12 09:26:46,181 - *****************EXP-4*****************
2026-04-12 09:26:46,500 - Running time: 0th ==========================
2026-04-12 09:26:46,504 - Initialized MPAF model
2026-04-12 09:26:47,798 - Round number: 0 --------------------------
2026-04-12 09:26:47,798 - Evaluate global model
2026-04-12 09:26:49,262 - Averaged Train Loss: 2.3031
2026-04-12 09:26:49,262 - Test Accurancy: 0.1321
2026-04-12 09:26:54,588 - Flame select clients: [8, 10, 11, 12, 13, 14, 15, 16, 18, 19, 20, 21, 22, 24, 25, 26, 29, 32, 33, 34, 37, 38, 39]
2026-04-12 09:26:54,601 - Round number: 1 --------------------------
2026-04-12 09:26:54,601 - Evaluate global model
2026-04-12 09:26:56,097 - Averaged Train Loss: 1.8798
2026-04-12 09:26:56,097 - Test Accurancy: 0.4236
2026-04-12 09:27:01,330 - Flame select clients: [8, 10, 11, 12, 13, 14, 15, 16, 19, 20, 21, 24, 29, 30, 31, 32, 33, 34, 37, 38, 39]
2026-04-12 09:27:01,343 - Round number: 2 --------------------------
2026-04-12 09:27:01,343 - Evaluate global model
2026-04-12 09:27:03,069 - Averaged Train Loss: 1.2961
2026-04-12 09:27:03,070 - Test Accurancy: 0.5588
2026-04-12 09:27:08,262 - Flame select clients: [8, 10, 11, 12, 13, 14, 15, 16, 19, 20, 21, 24, 29, 30, 32, 33, 34, 36, 37, 38, 39]
2026-04-12 09:27:08,275 - Round number: 3 --------------------------
2026-04-12 09:27:08,275 - Evaluate global model
2026-04-12 09:27:10,053 - Averaged Train Loss: 1.0383
2026-04-12 09:27:10,054 - Test Accurancy: 0.6574
2026-04-12 09:27:15,247 - Flame select clients: [8, 9, 10, 11, 12, 13, 14, 15, 19, 20, 21, 24, 28, 29, 30, 32, 33, 34, 36, 37, 38, 39]
2026-04-12 09:27:15,260 - Round number: 4 --------------------------
2026-04-12 09:27:15,260 - Evaluate global model
2026-04-12 09:27:16,809 - Averaged Train Loss: 0.9157
2026-04-12 09:27:16,809 - Test Accurancy: 0.6917
2026-04-12 09:27:22,101 - Flame select clients: [8, 9, 11, 12, 13, 14, 15, 19, 20, 21, 24, 28, 29, 30, 32, 33, 34, 36, 37, 38, 39]
2026-04-12 09:27:22,113 - Round number: 5 --------------------------
2026-04-12 09:27:22,113 - Evaluate global model
2026-04-12 09:27:23,565 - Averaged Train Loss: 0.8363
2026-04-12 09:27:23,565 - Test Accurancy: 0.7097
2026-04-12 09:27:28,789 - Flame select clients: [8, 9, 11, 12, 13, 14, 15, 19, 20, 21, 24, 28, 29, 30, 32, 33, 34, 36, 37, 38, 39]
2026-04-12 09:27:28,801 - Round number: 6 --------------------------
2026-04-12 09:27:28,801 - Evaluate global model
2026-04-12 09:27:30,478 - Averaged Train Loss: 0.7927
2026-04-12 09:27:30,479 - Test Accurancy: 0.7203
2026-04-12 09:27:35,674 - Flame select clients: [8, 9, 11, 12, 13, 16, 19, 20, 21, 24, 28, 29, 30, 32, 33, 34, 35, 36, 37, 38, 39]
2026-04-12 09:27:35,687 - Round number: 7 --------------------------
2026-04-12 09:27:35,687 - Evaluate global model
2026-04-12 09:27:37,452 - Averaged Train Loss: 0.7555
2026-04-12 09:27:37,452 - Test Accurancy: 0.7272
2026-04-12 09:27:42,639 - Flame select clients: [8, 9, 10, 11, 12, 13, 14, 15, 19, 20, 21, 24, 28, 29, 30, 32, 33, 34, 36, 37, 38, 39]
2026-04-12 09:27:42,652 - Round number: 8 --------------------------
2026-04-12 09:27:42,652 - Evaluate global model
2026-04-12 09:27:44,309 - Averaged Train Loss: 0.7281
2026-04-12 09:27:44,309 - Test Accurancy: 0.7359
2026-04-12 09:27:49,604 - Flame select clients: [8, 9, 10, 11, 12, 13, 14, 15, 17, 19, 20, 21, 24, 28, 29, 30, 32, 33, 34, 36, 37, 38, 39]
2026-04-12 09:27:49,617 - Round number: 9 --------------------------
2026-04-12 09:27:49,617 - Evaluate global model
2026-04-12 09:27:51,033 - Averaged Train Loss: 0.6967
2026-04-12 09:27:51,033 - Test Accurancy: 0.7456
2026-04-12 09:27:56,316 - Flame select clients: [8, 9, 10, 11, 12, 13, 15, 16, 17, 19, 20, 21, 24, 28, 29, 30, 32, 33, 34, 36, 37, 38, 39]
2026-04-12 09:27:56,328 - Round number: 10 --------------------------
2026-04-12 09:27:56,329 - Evaluate global model
2026-04-12 09:27:57,926 - Averaged Train Loss: 0.6769
2026-04-12 09:27:57,926 - Test Accurancy: 0.7499
2026-04-12 09:28:03,156 - Flame select clients: [8, 9, 10, 11, 12, 13, 14, 15, 19, 20, 21, 24, 28, 29, 30, 32, 33, 34, 35, 37, 38, 39]
2026-04-12 09:28:03,169 - Round number: 11 --------------------------
2026-04-12 09:28:03,170 - Evaluate global model
2026-04-12 09:28:04,921 - Averaged Train Loss: 0.6524
2026-04-12 09:28:04,921 - Test Accurancy: 0.7577
2026-04-12 09:28:10,113 - Flame select clients: [8, 9, 10, 11, 12, 13, 14, 15, 19, 20, 21, 24, 28, 29, 30, 32, 33, 34, 36, 37, 38, 39]
2026-04-12 09:28:10,126 - Round number: 12 --------------------------
2026-04-12 09:28:10,126 - Evaluate global model
2026-04-12 09:28:11,904 - Averaged Train Loss: 0.6507
2026-04-12 09:28:11,904 - Test Accurancy: 0.7558
2026-04-12 09:28:17,118 - Flame select clients: [8, 9, 11, 12, 13, 14, 15, 17, 19, 20, 21, 24, 28, 29, 30, 32, 33, 34, 36, 37, 38, 39]
2026-04-12 09:28:17,132 - Round number: 13 --------------------------
2026-04-12 09:28:17,132 - Evaluate global model
2026-04-12 09:28:18,645 - Averaged Train Loss: 0.6351
2026-04-12 09:28:18,645 - Test Accurancy: 0.7619
2026-04-12 09:28:23,924 - Flame select clients: [8, 9, 10, 11, 12, 13, 15, 19, 20, 21, 24, 28, 29, 30, 32, 33, 34, 35, 36, 37, 38, 39]
2026-04-12 09:28:23,936 - Round number: 14 --------------------------
2026-04-12 09:28:23,937 - Evaluate global model
2026-04-12 09:28:25,474 - Averaged Train Loss: 0.6267
2026-04-12 09:28:25,474 - Test Accurancy: 0.7638
2026-04-12 09:28:30,687 - Flame select clients: [8, 9, 10, 11, 12, 13, 14, 15, 19, 20, 21, 24, 28, 29, 30, 32, 33, 34, 37, 38, 39]
2026-04-12 09:28:30,700 - Round number: 15 --------------------------
2026-04-12 09:28:30,700 - Evaluate global model
2026-04-12 09:28:32,390 - Averaged Train Loss: 0.6299
2026-04-12 09:28:32,390 - Test Accurancy: 0.7642
2026-04-12 09:28:37,567 - Flame select clients: [8, 10, 11, 12, 13, 14, 15, 16, 19, 20, 21, 24, 28, 29, 30, 32, 33, 34, 36, 37, 39]
2026-04-12 09:28:37,579 - Round number: 16 --------------------------
2026-04-12 09:28:37,579 - Evaluate global model
2026-04-12 09:28:39,375 - Averaged Train Loss: 0.6311
2026-04-12 09:28:39,375 - Test Accurancy: 0.7646
2026-04-12 09:28:44,542 - Flame select clients: [8, 10, 11, 12, 13, 14, 15, 16, 19, 20, 21, 24, 28, 29, 30, 32, 33, 34, 35, 37, 39]
2026-04-12 09:28:44,555 - Round number: 17 --------------------------
2026-04-12 09:28:44,555 - Evaluate global model
2026-04-12 09:28:46,189 - Averaged Train Loss: 0.6138
2026-04-12 09:28:46,189 - Test Accurancy: 0.7688
2026-04-12 09:28:51,468 - Flame select clients: [8, 9, 11, 12, 13, 14, 15, 16, 19, 20, 21, 24, 28, 29, 30, 32, 33, 34, 37, 38, 39]
2026-04-12 09:28:51,479 - Round number: 18 --------------------------
2026-04-12 09:28:51,479 - Evaluate global model
2026-04-12 09:28:52,950 - Averaged Train Loss: 0.5964
2026-04-12 09:28:52,950 - Test Accurancy: 0.7743
2026-04-12 09:28:58,193 - Flame select clients: [8, 10, 11, 12, 13, 14, 15, 16, 19, 20, 21, 24, 26, 28, 29, 30, 32, 33, 34, 37, 39]
2026-04-12 09:28:58,206 - Round number: 19 --------------------------
2026-04-12 09:28:58,206 - Evaluate global model
2026-04-12 09:28:59,834 - Averaged Train Loss: 0.6039
2026-04-12 09:28:59,835 - Test Accurancy: 0.7737
2026-04-12 09:29:05,039 - Flame select clients: [8, 9, 10, 11, 12, 13, 14, 15, 16, 19, 20, 21, 24, 28, 29, 30, 32, 33, 34, 37, 38, 39]
2026-04-12 09:29:05,052 - Round number: 20 --------------------------
2026-04-12 09:29:05,053 - Evaluate global model
2026-04-12 09:29:06,816 - Averaged Train Loss: 0.5831
2026-04-12 09:29:06,816 - Test Accurancy: 0.7799
2026-04-12 09:29:11,965 - Flame select clients: [8, 11, 12, 13, 14, 15, 16, 18, 19, 20, 21, 22, 24, 25, 26, 28, 29, 30, 32, 33, 34, 36, 37, 39]
2026-04-12 09:29:11,980 - Round number: 21 --------------------------
2026-04-12 09:29:11,980 - Evaluate global model
2026-04-12 09:29:13,734 - Averaged Train Loss: 0.6107
2026-04-12 09:29:13,734 - Test Accurancy: 0.7753
2026-04-12 09:29:18,919 - Flame select clients: [8, 10, 11, 12, 13, 14, 15, 16, 19, 20, 21, 24, 28, 29, 30, 32, 33, 34, 35, 37, 39]
2026-04-12 09:29:18,932 - Round number: 22 --------------------------
2026-04-12 09:29:18,932 - Evaluate global model
2026-04-12 09:29:20,496 - Averaged Train Loss: 0.5845
2026-04-12 09:29:20,496 - Test Accurancy: 0.7810
2026-04-12 09:29:25,714 - Flame select clients: [8, 10, 11, 12, 13, 14, 15, 16, 19, 20, 21, 24, 28, 29, 30, 32, 33, 34, 36, 37, 39]
2026-04-12 09:29:25,728 - Round number: 23 --------------------------
2026-04-12 09:29:25,728 - Evaluate global model
2026-04-12 09:29:27,333 - Averaged Train Loss: 0.5937
2026-04-12 09:29:27,333 - Test Accurancy: 0.7771
2026-04-12 09:29:32,534 - Flame select clients: [8, 9, 10, 11, 12, 13, 14, 15, 16, 19, 20, 21, 24, 28, 29, 30, 32, 33, 34, 37, 38, 39]
2026-04-12 09:29:32,548 - Round number: 24 --------------------------
2026-04-12 09:29:32,548 - Evaluate global model
2026-04-12 09:29:34,276 - Averaged Train Loss: 0.5639
2026-04-12 09:29:34,277 - Test Accurancy: 0.7859
2026-04-12 09:29:39,441 - Flame select clients: [8, 10, 11, 12, 13, 14, 15, 16, 19, 20, 21, 24, 28, 29, 30, 32, 33, 34, 36, 37, 39]
2026-04-12 09:29:39,454 - Round number: 25 --------------------------
2026-04-12 09:29:39,454 - Evaluate global model
2026-04-12 09:29:41,251 - Averaged Train Loss: 0.5757
2026-04-12 09:29:41,251 - Test Accurancy: 0.7835
2026-04-12 09:29:46,436 - Flame select clients: [8, 9, 10, 11, 12, 13, 14, 15, 16, 17, 19, 20, 21, 24, 28, 29, 30, 32, 33, 34, 37, 38, 39]
2026-04-12 09:29:46,449 - Round number: 26 --------------------------
2026-04-12 09:29:46,449 - Evaluate global model
2026-04-12 09:29:48,068 - Averaged Train Loss: 0.5464
2026-04-12 09:29:48,068 - Test Accurancy: 0.7935
2026-04-12 09:29:53,316 - Flame select clients: [8, 10, 11, 12, 13, 14, 15, 16, 19, 20, 21, 24, 28, 29, 30, 32, 33, 34, 36, 37, 39]
2026-04-12 09:29:53,327 - Round number: 27 --------------------------
2026-04-12 09:29:53,328 - Evaluate global model
2026-04-12 09:29:54,866 - Averaged Train Loss: 0.5707
2026-04-12 09:29:54,866 - Test Accurancy: 0.7864
2026-04-12 09:30:00,081 - Flame select clients: [8, 10, 11, 12, 13, 14, 15, 16, 19, 20, 21, 24, 28, 29, 30, 32, 33, 34, 35, 37, 39]
2026-04-12 09:30:00,094 - Round number: 28 --------------------------
2026-04-12 09:30:00,095 - Evaluate global model
2026-04-12 09:30:01,756 - Averaged Train Loss: 0.5601
2026-04-12 09:30:01,756 - Test Accurancy: 0.7893
2026-04-12 09:30:06,942 - Flame select clients: [8, 11, 12, 13, 14, 15, 16, 19, 20, 21, 24, 26, 28, 29, 30, 32, 33, 34, 36, 37, 39]
2026-04-12 09:30:06,955 - Round number: 29 --------------------------
2026-04-12 09:30:06,955 - Evaluate global model
2026-04-12 09:30:08,728 - Averaged Train Loss: 0.5680
2026-04-12 09:30:08,728 - Test Accurancy: 0.7874
2026-04-12 09:30:13,870 - Flame select clients: [8, 10, 11, 12, 13, 14, 15, 16, 19, 20, 21, 24, 28, 29, 30, 32, 33, 34, 36, 37, 39]
2026-04-12 09:30:13,883 - Round number: 30 --------------------------
2026-04-12 09:30:13,883 - Evaluate global model
2026-04-12 09:30:15,597 - Averaged Train Loss: 0.5595
2026-04-12 09:30:15,597 - Test Accurancy: 0.7897
2026-04-12 09:30:20,772 - Flame select clients: [8, 9, 10, 11, 12, 13, 14, 15, 16, 19, 20, 21, 24, 28, 29, 30, 32, 33, 34, 37, 39]
2026-04-12 09:30:20,785 - Round number: 31 --------------------------
2026-04-12 09:30:20,785 - Evaluate global model
2026-04-12 09:30:22,380 - Averaged Train Loss: 0.5449
2026-04-12 09:30:22,380 - Test Accurancy: 0.7934
2026-04-12 09:30:27,598 - Flame select clients: [8, 10, 11, 12, 13, 14, 15, 16, 18, 19, 20, 21, 22, 24, 25, 26, 28, 29, 30, 32, 33, 34, 37, 39]
2026-04-12 09:30:27,610 - Round number: 32 --------------------------
2026-04-12 09:30:27,610 - Evaluate global model
2026-04-12 09:30:29,254 - Averaged Train Loss: 0.5753
2026-04-12 09:30:29,255 - Test Accurancy: 0.7887
2026-04-12 09:30:34,411 - Flame select clients: [8, 10, 11, 12, 13, 14, 15, 16, 19, 20, 21, 24, 26, 28, 29, 30, 32, 33, 34, 37, 39]
2026-04-12 09:30:34,424 - Round number: 33 --------------------------
2026-04-12 09:30:34,424 - Evaluate global model
2026-04-12 09:30:36,179 - Averaged Train Loss: 0.5512
2026-04-12 09:30:36,179 - Test Accurancy: 0.7936
2026-04-12 09:30:41,311 - Flame select clients: [8, 10, 11, 12, 13, 14, 15, 16, 18, 19, 20, 21, 22, 24, 25, 26, 28, 29, 30, 32, 33, 34, 37, 39]
2026-04-12 09:30:41,325 - Round number: 34 --------------------------
2026-04-12 09:30:41,325 - Evaluate global model
2026-04-12 09:30:43,111 - Averaged Train Loss: 0.5684
2026-04-12 09:30:43,111 - Test Accurancy: 0.7905
2026-04-12 09:30:48,258 - Flame select clients: [8, 10, 11, 12, 13, 14, 15, 16, 19, 20, 21, 24, 28, 29, 30, 32, 33, 34, 36, 37, 39]
2026-04-12 09:30:48,272 - Round number: 35 --------------------------
2026-04-12 09:30:48,273 - Evaluate global model
2026-04-12 09:30:49,929 - Averaged Train Loss: 0.5459
2026-04-12 09:30:49,929 - Test Accurancy: 0.7937
2026-04-12 09:30:55,117 - Flame select clients: [8, 10, 11, 12, 13, 14, 15, 16, 19, 20, 21, 24, 26, 28, 29, 30, 32, 33, 34, 37, 39]
2026-04-12 09:30:55,130 - Round number: 36 --------------------------
2026-04-12 09:30:55,131 - Evaluate global model
2026-04-12 09:30:56,730 - Averaged Train Loss: 0.5406
2026-04-12 09:30:56,731 - Test Accurancy: 0.7952
2026-04-12 09:31:01,900 - Flame select clients: [8, 10, 11, 12, 13, 14, 15, 16, 19, 20, 21, 24, 28, 29, 30, 32, 33, 34, 36, 37, 39]
2026-04-12 09:31:01,912 - Round number: 37 --------------------------
2026-04-12 09:31:01,912 - Evaluate global model
2026-04-12 09:31:03,611 - Averaged Train Loss: 0.5429
2026-04-12 09:31:03,612 - Test Accurancy: 0.7944
2026-04-12 09:31:08,762 - Flame select clients: [8, 10, 11, 12, 13, 14, 15, 16, 19, 20, 21, 24, 28, 29, 30, 32, 33, 34, 36, 37, 39]
2026-04-12 09:31:08,775 - Round number: 38 --------------------------
2026-04-12 09:31:08,775 - Evaluate global model
2026-04-12 09:31:10,533 - Averaged Train Loss: 0.5424
2026-04-12 09:31:10,533 - Test Accurancy: 0.7960
2026-04-12 09:31:15,680 - Flame select clients: [8, 11, 12, 13, 14, 15, 16, 19, 20, 21, 24, 26, 28, 29, 30, 32, 33, 34, 36, 37, 39]
2026-04-12 09:31:15,693 - Round number: 39 --------------------------
2026-04-12 09:31:15,693 - Evaluate global model
2026-04-12 09:31:17,401 - Averaged Train Loss: 0.5372
2026-04-12 09:31:17,401 - Test Accurancy: 0.7977
2026-04-12 09:31:22,552 - Flame select clients: [8, 10, 11, 12, 13, 14, 15, 16, 19, 20, 21, 24, 28, 29, 30, 32, 33, 34, 36, 37, 39]
2026-04-12 09:31:22,566 - Round number: 40 --------------------------
2026-04-12 09:31:22,566 - Evaluate global model
2026-04-12 09:31:24,193 - Averaged Train Loss: 0.5348
2026-04-12 09:31:24,193 - Test Accurancy: 0.7981
2026-04-12 09:31:29,390 - Flame select clients: [8, 10, 11, 12, 13, 14, 15, 16, 19, 20, 21, 24, 28, 29, 30, 31, 32, 33, 34, 37, 39]
2026-04-12 09:31:29,403 - Round number: 41 --------------------------
2026-04-12 09:31:29,403 - Evaluate global model
2026-04-12 09:31:31,089 - Averaged Train Loss: 0.5136
2026-04-12 09:31:31,089 - Test Accurancy: 0.8036
2026-04-12 09:31:36,231 - Flame select clients: [8, 10, 11, 12, 13, 14, 15, 16, 19, 20, 21, 24, 26, 28, 29, 30, 32, 33, 34, 37, 39]
2026-04-12 09:31:36,244 - Round number: 42 --------------------------
2026-04-12 09:31:36,244 - Evaluate global model
2026-04-12 09:31:38,009 - Averaged Train Loss: 0.5232
2026-04-12 09:31:38,009 - Test Accurancy: 0.8008
2026-04-12 09:31:43,155 - Flame select clients: [8, 10, 11, 12, 13, 14, 15, 16, 19, 20, 21, 24, 28, 29, 30, 31, 32, 33, 34, 37, 39]
2026-04-12 09:31:43,168 - Round number: 43 --------------------------
2026-04-12 09:31:43,168 - Evaluate global model
2026-04-12 09:31:44,950 - Averaged Train Loss: 0.5089
2026-04-12 09:31:44,950 - Test Accurancy: 0.8044
2026-04-12 09:31:50,084 - Flame select clients: [8, 10, 11, 12, 13, 14, 15, 16, 19, 20, 21, 24, 28, 29, 30, 32, 33, 34, 36, 37, 39]
2026-04-12 09:31:50,097 - Round number: 44 --------------------------
2026-04-12 09:31:50,097 - Evaluate global model
2026-04-12 09:31:51,814 - Averaged Train Loss: 0.5234
2026-04-12 09:31:51,815 - Test Accurancy: 0.8021
2026-04-12 09:31:56,986 - Flame select clients: [8, 10, 11, 12, 13, 14, 15, 16, 19, 20, 21, 23, 24, 28, 29, 30, 32, 33, 34, 37, 39]
2026-04-12 09:31:56,999 - Round number: 45 --------------------------
2026-04-12 09:31:56,999 - Evaluate global model
2026-04-12 09:31:58,643 - Averaged Train Loss: 0.5196
2026-04-12 09:31:58,643 - Test Accurancy: 0.8018
2026-04-12 09:32:03,769 - Flame select clients: [8, 10, 11, 12, 13, 14, 15, 16, 19, 20, 21, 24, 28, 29, 30, 31, 32, 33, 34, 37, 39]
2026-04-12 09:32:03,781 - Round number: 46 --------------------------
2026-04-12 09:32:03,781 - Evaluate global model
2026-04-12 09:32:05,527 - Averaged Train Loss: 0.5144
2026-04-12 09:32:05,527 - Test Accurancy: 0.8038
2026-04-12 09:32:10,651 - Flame select clients: [8, 9, 10, 11, 12, 13, 14, 15, 16, 19, 20, 21, 24, 26, 29, 30, 31, 32, 33, 34, 37, 38, 39]
2026-04-12 09:32:10,664 - Round number: 47 --------------------------
2026-04-12 09:32:10,664 - Evaluate global model
2026-04-12 09:32:12,423 - Averaged Train Loss: 0.4923
2026-04-12 09:32:12,423 - Test Accurancy: 0.8122
2026-04-12 09:32:17,533 - Flame select clients: [8, 10, 11, 12, 13, 14, 15, 16, 19, 20, 21, 24, 28, 29, 30, 31, 32, 33, 34, 37, 39]
2026-04-12 09:32:17,546 - Round number: 48 --------------------------
2026-04-12 09:32:17,546 - Evaluate global model
2026-04-12 09:32:19,308 - Averaged Train Loss: 0.4966
2026-04-12 09:32:19,308 - Test Accurancy: 0.8095
2026-04-12 09:32:24,458 - Flame select clients: [8, 10, 11, 12, 13, 14, 15, 16, 19, 20, 21, 24, 28, 29, 30, 32, 33, 34, 35, 37, 39]
2026-04-12 09:32:24,470 - Round number: 49 --------------------------
2026-04-12 09:32:24,470 - Evaluate global model
2026-04-12 09:32:26,095 - Averaged Train Loss: 0.4983
2026-04-12 09:32:26,095 - Test Accurancy: 0.8105
2026-04-12 09:32:31,252 - Flame select clients: [8, 11, 12, 13, 14, 15, 16, 19, 20, 21, 24, 26, 28, 29, 30, 31, 32, 33, 34, 37, 39]
2026-04-12 09:32:31,264 - Round number: 50 --------------------------
2026-04-12 09:32:31,264 - Evaluate global model
2026-04-12 09:32:32,988 - Averaged Train Loss: 0.5026
2026-04-12 09:32:32,988 - Test Accurancy: 0.8082
2026-04-12 09:32:38,106 - Flame select clients: [8, 10, 11, 12, 13, 14, 15, 16, 19, 20, 21, 24, 28, 29, 30, 31, 32, 33, 34, 37, 39]
2026-04-12 09:32:38,119 - Round number: 51 --------------------------
2026-04-12 09:32:38,119 - Evaluate global model
2026-04-12 09:32:39,889 - Averaged Train Loss: 0.5005
2026-04-12 09:32:39,889 - Test Accurancy: 0.8082
2026-04-12 09:32:44,996 - Flame select clients: [8, 9, 11, 12, 13, 14, 15, 16, 17, 19, 20, 21, 24, 28, 29, 30, 31, 32, 33, 34, 37, 39]
2026-04-12 09:32:45,007 - Round number: 52 --------------------------
2026-04-12 09:32:45,008 - Evaluate global model
2026-04-12 09:32:46,842 - Averaged Train Loss: 0.4814
2026-04-12 09:32:46,842 - Test Accurancy: 0.8164
2026-04-12 09:32:51,909 - Flame select clients: [8, 11, 12, 13, 14, 15, 16, 19, 20, 21, 24, 26, 28, 29, 30, 31, 32, 33, 34, 37, 39]
2026-04-12 09:32:51,923 - Round number: 53 --------------------------
2026-04-12 09:32:51,923 - Evaluate global model
2026-04-12 09:32:53,665 - Averaged Train Loss: 0.4962
2026-04-12 09:32:53,665 - Test Accurancy: 0.8103
2026-04-12 09:32:58,796 - Flame select clients: [8, 10, 11, 12, 13, 14, 15, 16, 19, 20, 21, 24, 28, 29, 30, 31, 32, 33, 34, 37, 39]
2026-04-12 09:32:58,808 - Round number: 54 --------------------------
2026-04-12 09:32:58,808 - Evaluate global model
2026-04-12 09:33:00,492 - Averaged Train Loss: 0.4913
2026-04-12 09:33:00,492 - Test Accurancy: 0.8109
2026-04-12 09:33:05,584 - Flame select clients: [8, 10, 11, 12, 13, 14, 15, 16, 19, 20, 21, 24, 28, 29, 30, 32, 33, 34, 36, 37, 39]
2026-04-12 09:33:05,597 - Round number: 55 --------------------------
2026-04-12 09:33:05,597 - Evaluate global model
2026-04-12 09:33:07,354 - Averaged Train Loss: 0.5010
2026-04-12 09:33:07,354 - Test Accurancy: 0.8088
2026-04-12 09:33:12,465 - Flame select clients: [8, 9, 10, 11, 12, 13, 14, 15, 16, 19, 20, 21, 24, 28, 29, 30, 32, 33, 34, 37, 39]
2026-04-12 09:33:12,477 - Round number: 56 --------------------------
2026-04-12 09:33:12,477 - Evaluate global model
2026-04-12 09:33:14,253 - Averaged Train Loss: 0.4909
2026-04-12 09:33:14,253 - Test Accurancy: 0.8114
2026-04-12 09:33:19,359 - Flame select clients: [8, 10, 11, 12, 13, 14, 15, 16, 19, 20, 21, 24, 26, 28, 29, 30, 32, 33, 34, 37, 39]
2026-04-12 09:33:19,371 - Round number: 57 --------------------------
2026-04-12 09:33:19,371 - Evaluate global model
2026-04-12 09:33:21,162 - Averaged Train Loss: 0.5035
2026-04-12 09:33:21,162 - Test Accurancy: 0.8094
2026-04-12 09:33:26,295 - Flame select clients: [8, 9, 11, 12, 13, 14, 15, 16, 17, 19, 20, 21, 24, 28, 29, 30, 31, 32, 33, 34, 37, 38, 39]
2026-04-12 09:33:26,307 - Round number: 58 --------------------------
2026-04-12 09:33:26,308 - Evaluate global model
2026-04-12 09:33:27,965 - Averaged Train Loss: 0.4710
2026-04-12 09:33:27,965 - Test Accurancy: 0.8237
2026-04-12 09:33:33,104 - Flame select clients: [8, 11, 12, 13, 14, 15, 16, 19, 20, 21, 24, 28, 29, 30, 31, 32, 33, 34, 37, 38, 39]
2026-04-12 09:33:33,116 - Round number: 59 --------------------------
2026-04-12 09:33:33,116 - Evaluate global model
2026-04-12 09:33:34,852 - Averaged Train Loss: 0.4768
2026-04-12 09:33:34,852 - Test Accurancy: 0.8178
2026-04-12 09:33:39,962 - Flame select clients: [8, 10, 11, 12, 13, 14, 15, 16, 19, 20, 21, 24, 26, 28, 29, 30, 32, 33, 34, 37, 39]
2026-04-12 09:33:39,976 - Round number: 60 --------------------------
2026-04-12 09:33:39,976 - Evaluate global model
2026-04-12 09:33:41,726 - Averaged Train Loss: 0.5029
2026-04-12 09:33:41,726 - Test Accurancy: 0.8091
2026-04-12 09:33:46,842 - Flame select clients: [8, 9, 11, 12, 13, 14, 15, 16, 19, 20, 21, 24, 28, 29, 30, 31, 32, 33, 34, 37, 39]
2026-04-12 09:33:46,855 - Round number: 61 --------------------------
2026-04-12 09:33:46,855 - Evaluate global model
2026-04-12 09:33:48,724 - Averaged Train Loss: 0.4776
2026-04-12 09:33:48,724 - Test Accurancy: 0.8175
2026-04-12 09:33:53,820 - Flame select clients: [8, 11, 12, 13, 14, 15, 16, 19, 20, 21, 24, 26, 28, 29, 30, 31, 32, 33, 34, 37, 39]
2026-04-12 09:33:53,833 - Round number: 62 --------------------------
2026-04-12 09:33:53,834 - Evaluate global model
2026-04-12 09:33:55,548 - Averaged Train Loss: 0.4846
2026-04-12 09:33:55,548 - Test Accurancy: 0.8149
2026-04-12 09:34:00,694 - Flame select clients: [8, 9, 11, 12, 13, 14, 15, 16, 17, 19, 20, 21, 24, 28, 29, 30, 32, 33, 34, 37, 39]
2026-04-12 09:34:00,706 - Round number: 63 --------------------------
2026-04-12 09:34:00,707 - Evaluate global model
2026-04-12 09:34:02,420 - Averaged Train Loss: 0.4765
2026-04-12 09:34:02,420 - Test Accurancy: 0.8189
2026-04-12 09:34:07,525 - Flame select clients: [8, 11, 12, 13, 14, 15, 16, 19, 20, 21, 24, 28, 29, 30, 31, 32, 33, 34, 36, 37, 39]
2026-04-12 09:34:07,539 - Round number: 64 --------------------------
2026-04-12 09:34:07,539 - Evaluate global model
2026-04-12 09:34:09,279 - Averaged Train Loss: 0.4840
2026-04-12 09:34:09,280 - Test Accurancy: 0.8140
2026-04-12 09:34:14,378 - Flame select clients: [8, 9, 11, 12, 13, 14, 15, 16, 17, 19, 20, 21, 24, 28, 29, 30, 31, 32, 33, 34, 37, 38, 39]
2026-04-12 09:34:14,391 - Round number: 65 --------------------------
2026-04-12 09:34:14,391 - Evaluate global model
2026-04-12 09:34:16,228 - Averaged Train Loss: 0.4638
2026-04-12 09:34:16,228 - Test Accurancy: 0.8244
2026-04-12 09:34:21,292 - Flame select clients: [8, 11, 12, 13, 14, 15, 16, 19, 20, 21, 24, 28, 29, 30, 31, 32, 33, 34, 37, 38, 39]
2026-04-12 09:34:21,305 - Round number: 66 --------------------------
2026-04-12 09:34:21,305 - Evaluate global model
2026-04-12 09:34:23,093 - Averaged Train Loss: 0.4714
2026-04-12 09:34:23,093 - Test Accurancy: 0.8184
2026-04-12 09:34:28,235 - Flame select clients: [8, 11, 12, 13, 14, 15, 16, 19, 20, 21, 24, 28, 29, 30, 31, 32, 33, 34, 37, 38, 39]
2026-04-12 09:34:28,247 - Round number: 67 --------------------------
2026-04-12 09:34:28,247 - Evaluate global model
2026-04-12 09:34:29,917 - Averaged Train Loss: 0.4720
2026-04-12 09:34:29,918 - Test Accurancy: 0.8186
2026-04-12 09:34:35,019 - Flame select clients: [8, 9, 11, 12, 13, 14, 15, 16, 17, 19, 20, 21, 24, 29, 30, 31, 32, 33, 34, 37, 38, 39]
2026-04-12 09:34:35,031 - Round number: 68 --------------------------
2026-04-12 09:34:35,031 - Evaluate global model
2026-04-12 09:34:36,740 - Averaged Train Loss: 0.4533
2026-04-12 09:34:36,740 - Test Accurancy: 0.8314
2026-04-12 09:34:41,877 - Flame select clients: [9, 11, 12, 13, 14, 15, 16, 19, 20, 21, 24, 28, 29, 30, 31, 32, 33, 34, 37, 38, 39]
2026-04-12 09:34:41,888 - Round number: 69 --------------------------
2026-04-12 09:34:41,889 - Evaluate global model
2026-04-12 09:34:43,647 - Averaged Train Loss: 0.4573
2026-04-12 09:34:43,647 - Test Accurancy: 0.8279
2026-04-12 09:34:48,717 - Flame select clients: [8, 9, 11, 12, 13, 14, 15, 16, 19, 20, 21, 24, 28, 29, 30, 32, 33, 34, 37, 38, 39]
2026-04-12 09:34:48,732 - Round number: 70 --------------------------
2026-04-12 09:34:48,732 - Evaluate global model
2026-04-12 09:34:50,595 - Averaged Train Loss: 0.4614
2026-04-12 09:34:50,595 - Test Accurancy: 0.8252
2026-04-12 09:34:55,708 - Flame select clients: [8, 10, 11, 12, 13, 14, 15, 16, 19, 20, 21, 24, 28, 29, 30, 31, 32, 33, 34, 37, 39]
2026-04-12 09:34:55,721 - Round number: 71 --------------------------
2026-04-12 09:34:55,721 - Evaluate global model
2026-04-12 09:34:57,403 - Averaged Train Loss: 0.4686
2026-04-12 09:34:57,403 - Test Accurancy: 0.8192
2026-04-12 09:35:02,539 - Flame select clients: [8, 11, 12, 13, 14, 15, 16, 19, 20, 21, 24, 28, 29, 30, 31, 32, 33, 34, 37, 38, 39]
2026-04-12 09:35:02,553 - Round number: 72 --------------------------
2026-04-12 09:35:02,553 - Evaluate global model
2026-04-12 09:35:04,261 - Averaged Train Loss: 0.4643
2026-04-12 09:35:04,261 - Test Accurancy: 0.8214
2026-04-12 09:35:09,408 - Flame select clients: [8, 9, 11, 12, 13, 14, 15, 16, 17, 19, 20, 21, 24, 29, 30, 31, 32, 33, 34, 37, 38, 39]
2026-04-12 09:35:09,421 - Round number: 73 --------------------------
2026-04-12 09:35:09,421 - Evaluate global model
2026-04-12 09:35:11,132 - Averaged Train Loss: 0.4494
2026-04-12 09:35:11,133 - Test Accurancy: 0.8347
2026-04-12 09:35:16,244 - Flame select clients: [8, 9, 11, 12, 13, 14, 15, 16, 17, 19, 20, 21, 24, 28, 29, 30, 31, 32, 33, 34, 37, 38, 39]
2026-04-12 09:35:16,257 - Round number: 74 --------------------------
2026-04-12 09:35:16,257 - Evaluate global model
2026-04-12 09:35:18,151 - Averaged Train Loss: 0.4495
2026-04-12 09:35:18,151 - Test Accurancy: 0.8329
2026-04-12 09:35:23,228 - Flame select clients: [8, 9, 11, 12, 13, 14, 15, 16, 19, 20, 21, 24, 28, 29, 30, 31, 32, 33, 34, 37, 39]
2026-04-12 09:35:23,242 - Round number: 75 --------------------------
2026-04-12 09:35:23,242 - Evaluate global model
2026-04-12 09:35:25,013 - Averaged Train Loss: 0.4589
2026-04-12 09:35:25,013 - Test Accurancy: 0.8257
2026-04-12 09:35:30,165 - Flame select clients: [8, 9, 11, 12, 13, 14, 15, 16, 19, 20, 21, 24, 28, 29, 30, 31, 32, 33, 34, 37, 38, 39]
2026-04-12 09:35:30,178 - Round number: 76 --------------------------
2026-04-12 09:35:30,178 - Evaluate global model
2026-04-12 09:35:31,865 - Averaged Train Loss: 0.4573
2026-04-12 09:35:31,865 - Test Accurancy: 0.8261
2026-04-12 09:35:36,975 - Flame select clients: [9, 11, 12, 13, 14, 15, 16, 19, 20, 21, 24, 28, 29, 30, 31, 32, 33, 34, 37, 38, 39]
2026-04-12 09:35:36,987 - Round number: 77 --------------------------
2026-04-12 09:35:36,987 - Evaluate global model
2026-04-12 09:35:38,653 - Averaged Train Loss: 0.4502
2026-04-12 09:35:38,653 - Test Accurancy: 0.8311
2026-04-12 09:35:43,799 - Flame select clients: [9, 11, 12, 13, 14, 15, 16, 17, 19, 20, 21, 24, 28, 29, 30, 31, 32, 33, 34, 37, 38, 39]
2026-04-12 09:35:43,812 - Round number: 78 --------------------------
2026-04-12 09:35:43,812 - Evaluate global model
2026-04-12 09:35:45,617 - Averaged Train Loss: 0.4456
2026-04-12 09:35:45,617 - Test Accurancy: 0.8349
2026-04-12 09:35:50,670 - Flame select clients: [9, 11, 12, 13, 14, 15, 16, 19, 20, 21, 24, 28, 29, 30, 31, 32, 33, 34, 37, 38, 39]
2026-04-12 09:35:50,684 - Round number: 79 --------------------------
2026-04-12 09:35:50,684 - Evaluate global model
2026-04-12 09:35:52,532 - Averaged Train Loss: 0.4464
2026-04-12 09:35:52,532 - Test Accurancy: 0.8325
2026-04-12 09:35:57,663 - Flame select clients: [9, 11, 12, 13, 14, 15, 16, 17, 19, 20, 21, 24, 29, 30, 31, 32, 33, 34, 37, 38, 39]
2026-04-12 09:35:57,676 - Round number: 80 --------------------------
2026-04-12 09:35:57,676 - Evaluate global model
2026-04-12 09:35:59,346 - Averaged Train Loss: 0.4399
2026-04-12 09:35:59,346 - Test Accurancy: 0.8406
2026-04-12 09:36:04,466 - Flame select clients: [9, 11, 12, 13, 14, 15, 16, 19, 20, 21, 24, 28, 29, 30, 31, 32, 33, 34, 37, 38, 39]
2026-04-12 09:36:04,478 - Round number: 81 --------------------------
2026-04-12 09:36:04,479 - Evaluate global model
2026-04-12 09:36:06,149 - Averaged Train Loss: 0.4468
2026-04-12 09:36:06,149 - Test Accurancy: 0.8326
2026-04-12 09:36:11,200 - Flame select clients: [9, 11, 12, 13, 14, 15, 16, 19, 20, 21, 24, 28, 29, 30, 31, 32, 33, 34, 37, 38, 39]
2026-04-12 09:36:11,213 - Round number: 82 --------------------------
2026-04-12 09:36:11,213 - Evaluate global model
2026-04-12 09:36:12,707 - Averaged Train Loss: 0.4445
2026-04-12 09:36:12,707 - Test Accurancy: 0.8328
2026-04-12 09:36:15,872 - Flame select clients: [9, 11, 12, 13, 14, 15, 16, 19, 20, 21, 24, 28, 29, 30, 31, 32, 33, 34, 37, 38, 39]
2026-04-12 09:36:15,883 - Round number: 83 --------------------------
2026-04-12 09:36:15,883 - Evaluate global model
2026-04-12 09:36:16,693 - Averaged Train Loss: 0.4450
2026-04-12 09:36:16,693 - Test Accurancy: 0.8332
2026-04-12 09:36:19,156 - Flame select clients: [9, 11, 13, 14, 15, 16, 17, 19, 20, 21, 24, 28, 29, 30, 31, 32, 33, 34, 37, 38, 39]
2026-04-12 09:36:19,165 - Round number: 84 --------------------------
2026-04-12 09:36:19,165 - Evaluate global model
2026-04-12 09:36:19,936 - Averaged Train Loss: 0.4424
2026-04-12 09:36:19,936 - Test Accurancy: 0.8352
2026-04-12 09:36:22,404 - Flame select clients: [9, 11, 12, 13, 14, 15, 16, 17, 19, 20, 21, 24, 28, 29, 30, 31, 32, 33, 34, 37, 38, 39]
2026-04-12 09:36:22,413 - Round number: 85 --------------------------
2026-04-12 09:36:22,413 - Evaluate global model
2026-04-12 09:36:23,203 - Averaged Train Loss: 0.4407
2026-04-12 09:36:23,203 - Test Accurancy: 0.8363
2026-04-12 09:36:25,643 - Flame select clients: [9, 11, 12, 13, 14, 15, 16, 19, 20, 21, 24, 28, 29, 30, 31, 32, 33, 34, 37, 38, 39]
2026-04-12 09:36:25,652 - Round number: 86 --------------------------
2026-04-12 09:36:25,652 - Evaluate global model
2026-04-12 09:36:26,461 - Averaged Train Loss: 0.4424
2026-04-12 09:36:26,461 - Test Accurancy: 0.8348
2026-04-12 09:36:28,898 - Flame select clients: [9, 11, 13, 14, 15, 16, 17, 19, 20, 21, 24, 28, 29, 30, 31, 32, 33, 34, 37, 38, 39]
2026-04-12 09:36:28,907 - Round number: 87 --------------------------
2026-04-12 09:36:28,907 - Evaluate global model
2026-04-12 09:36:29,686 - Averaged Train Loss: 0.4399
2026-04-12 09:36:29,686 - Test Accurancy: 0.8377
2026-04-12 09:36:32,156 - Flame select clients: [8, 9, 11, 12, 13, 14, 15, 16, 17, 19, 20, 21, 24, 28, 29, 30, 31, 32, 33, 34, 37, 38, 39]
2026-04-12 09:36:32,165 - Round number: 88 --------------------------
2026-04-12 09:36:32,165 - Evaluate global model
2026-04-12 09:36:32,949 - Averaged Train Loss: 0.4392
2026-04-12 09:36:32,949 - Test Accurancy: 0.8377
2026-04-12 09:36:35,414 - Flame select clients: [9, 11, 12, 13, 14, 15, 16, 17, 19, 20, 21, 24, 28, 29, 30, 31, 32, 33, 34, 37, 38, 39]
2026-04-12 09:36:35,423 - Round number: 89 --------------------------
2026-04-12 09:36:35,423 - Evaluate global model
2026-04-12 09:36:36,208 - Averaged Train Loss: 0.4363
2026-04-12 09:36:36,208 - Test Accurancy: 0.8414
2026-04-12 09:36:38,678 - Flame select clients: [9, 11, 12, 13, 14, 15, 16, 17, 19, 20, 21, 24, 28, 29, 30, 31, 32, 33, 34, 37, 38, 39]
2026-04-12 09:36:38,688 - Round number: 90 --------------------------
2026-04-12 09:36:38,688 - Evaluate global model
2026-04-12 09:36:39,474 - Averaged Train Loss: 0.4376
2026-04-12 09:36:39,474 - Test Accurancy: 0.8390
2026-04-12 09:36:41,945 - Flame select clients: [9, 11, 13, 14, 15, 16, 17, 19, 20, 21, 24, 28, 29, 30, 31, 32, 33, 34, 37, 38, 39]
2026-04-12 09:36:41,954 - Round number: 91 --------------------------
2026-04-12 09:36:41,954 - Evaluate global model
2026-04-12 09:36:42,728 - Averaged Train Loss: 0.4354
2026-04-12 09:36:42,728 - Test Accurancy: 0.8408
2026-04-12 09:36:45,158 - Flame select clients: [9, 11, 12, 13, 14, 15, 16, 19, 20, 21, 24, 28, 29, 30, 31, 32, 33, 34, 37, 38, 39]
2026-04-12 09:36:45,167 - Round number: 92 --------------------------
2026-04-12 09:36:45,167 - Evaluate global model
2026-04-12 09:36:45,935 - Averaged Train Loss: 0.4397
2026-04-12 09:36:45,935 - Test Accurancy: 0.8352
2026-04-12 09:36:48,389 - Flame select clients: [9, 11, 12, 13, 14, 15, 16, 17, 19, 20, 21, 24, 28, 29, 30, 31, 32, 33, 34, 37, 38, 39]
2026-04-12 09:36:48,398 - Round number: 93 --------------------------
2026-04-12 09:36:48,398 - Evaluate global model
2026-04-12 09:36:49,187 - Averaged Train Loss: 0.4352
2026-04-12 09:36:49,187 - Test Accurancy: 0.8406
2026-04-12 09:36:51,595 - Flame select clients: [9, 11, 13, 14, 15, 16, 17, 19, 20, 21, 24, 28, 29, 30, 31, 32, 33, 34, 37, 38, 39]
2026-04-12 09:36:51,604 - Round number: 94 --------------------------
2026-04-12 09:36:51,604 - Evaluate global model
2026-04-12 09:36:52,374 - Averaged Train Loss: 0.4349
2026-04-12 09:36:52,374 - Test Accurancy: 0.8414
2026-04-12 09:36:54,961 - Flame select clients: [9, 11, 13, 14, 15, 16, 17, 19, 20, 21, 24, 28, 29, 30, 31, 32, 33, 34, 37, 38, 39]
2026-04-12 09:36:54,972 - Round number: 95 --------------------------
2026-04-12 09:36:54,972 - Evaluate global model
2026-04-12 09:36:55,899 - Averaged Train Loss: 0.4329
2026-04-12 09:36:55,899 - Test Accurancy: 0.8423
2026-04-12 09:36:58,453 - Flame select clients: [9, 11, 12, 13, 14, 15, 16, 17, 19, 20, 21, 24, 28, 29, 30, 32, 33, 34, 37, 38, 39]
2026-04-12 09:36:58,462 - Round number: 96 --------------------------
2026-04-12 09:36:58,462 - Evaluate global model
2026-04-12 09:36:59,224 - Averaged Train Loss: 0.4335
2026-04-12 09:36:59,224 - Test Accurancy: 0.8401
2026-04-12 09:37:01,651 - Flame select clients: [9, 11, 12, 13, 14, 15, 16, 17, 19, 20, 21, 24, 26, 28, 29, 30, 32, 33, 34, 37, 39]
2026-04-12 09:37:01,660 - Round number: 97 --------------------------
2026-04-12 09:37:01,660 - Evaluate global model
2026-04-12 09:37:02,419 - Averaged Train Loss: 0.4404
2026-04-12 09:37:02,419 - Test Accurancy: 0.8359
2026-04-12 09:37:04,846 - Flame select clients: [9, 11, 13, 14, 15, 16, 17, 19, 20, 21, 24, 28, 29, 30, 31, 32, 33, 34, 37, 38, 39]
2026-04-12 09:37:04,855 - Round number: 98 --------------------------
2026-04-12 09:37:04,855 - Evaluate global model
2026-04-12 09:37:05,590 - Averaged Train Loss: 0.4323
2026-04-12 09:37:05,590 - Test Accurancy: 0.8418
2026-04-12 09:37:08,015 - Flame select clients: [9, 11, 12, 13, 14, 15, 16, 17, 19, 20, 21, 24, 28, 29, 30, 31, 32, 33, 34, 37, 38, 39]
2026-04-12 09:37:08,024 - Round number: 99 --------------------------
2026-04-12 09:37:08,024 - Evaluate global model
2026-04-12 09:37:08,772 - Averaged Train Loss: 0.4285
2026-04-12 09:37:08,773 - Test Accurancy: 0.8450
2026-04-12 09:37:11,179 - Flame select clients: [9, 11, 12, 13, 14, 15, 16, 17, 19, 20, 21, 24, 28, 29, 30, 31, 32, 33, 34, 37, 38, 39]
2026-04-12 09:37:11,188 - Round number: 100 --------------------------
2026-04-12 09:37:11,188 - Evaluate global model
2026-04-12 09:37:11,840 - Averaged Train Loss: 0.4306
2026-04-12 09:37:11,840 - Test Accurancy: 0.8417
2026-04-12 09:37:14,041 - Flame select clients: [9, 11, 13, 14, 15, 16, 17, 19, 20, 21, 24, 28, 29, 30, 31, 32, 33, 34, 37, 38, 39]
2026-04-12 09:37:14,045 - Run over
2026-04-12 09:37:14,045 - Saving results to ./exp/exp4/FashionMNIST/flame_MPAF.h5
2026-04-12 09:37:14,049 - Best accuracy: 0.8449811579307982
2026-04-12 09:37:14,049 - Average time cost per round: 6.194487569332122
