2026-04-12 20:46:33,603 - *****************EXP-4*****************
2026-04-12 20:46:33,603 - Exp repeats: 1
2026-04-12 20:46:33,603 - Communication Rounds: 100
2026-04-12 20:46:33,603 - Clients: 40

2026-04-12 20:46:33,603 - Attack method: sign_flip
2026-04-12 20:46:33,603 - Filtering rule: flame
2026-04-12 20:46:33,603 - Dataset: FashionMNIST
2026-04-12 20:46:33,603 - Model: cnn
2026-04-12 20:46:33,604 - Learning Rate: 0.02
2026-04-12 20:46:33,604 - Batch Size: 64
2026-04-12 20:46:33,604 - Device: cuda
2026-04-12 20:46:33,604 - Device id: 0
2026-04-12 20:46:33,604 - Adversaries: 8
2026-04-12 20:46:33,604 - Model Poisoning: Sign Flip attack
2026-04-12 20:46:33,604 - *****************EXP-4*****************
2026-04-12 20:46:34,011 - Running time: 0th ==========================
2026-04-12 20:46:35,766 - Round number: 0 --------------------------
2026-04-12 20:46:35,766 - Evaluate global model
2026-04-12 20:46:37,425 - Averaged Train Loss: 2.3011
2026-04-12 20:46:37,425 - Test Accurancy: 0.0974
2026-04-12 20:46:42,513 - Flame select clients: [0, 1, 3, 8, 10, 12, 13, 14, 15, 19, 20, 21, 24, 26, 29, 32, 33, 34, 37, 38, 39]
2026-04-12 20:46:42,539 - Round number: 1 --------------------------
2026-04-12 20:46:42,539 - Evaluate global model
2026-04-12 20:46:43,998 - Averaged Train Loss: 1.9903
2026-04-12 20:46:43,998 - Test Accurancy: 0.4505
2026-04-12 20:46:49,448 - Flame select clients: [0, 1, 2, 8, 10, 12, 13, 14, 15, 16, 19, 20, 24, 26, 29, 32, 33, 34, 37, 38, 39]
2026-04-12 20:46:49,464 - Round number: 2 --------------------------
2026-04-12 20:46:49,476 - Evaluate global model
2026-04-12 20:46:52,228 - Averaged Train Loss: 1.5332
2026-04-12 20:46:52,231 - Test Accurancy: 0.5360
2026-04-12 20:47:01,036 - Flame select clients: [0, 1, 8, 10, 11, 12, 13, 14, 15, 19, 20, 21, 24, 29, 30, 32, 33, 34, 36, 37, 38, 39]
2026-04-12 20:47:01,053 - Round number: 3 --------------------------
2026-04-12 20:47:01,054 - Evaluate global model
2026-04-12 20:47:03,616 - Averaged Train Loss: 1.1765
2026-04-12 20:47:03,617 - Test Accurancy: 0.5869
2026-04-12 20:47:13,453 - Flame select clients: [0, 1, 8, 10, 11, 12, 14, 15, 19, 20, 21, 24, 29, 30, 32, 33, 34, 36, 37, 38, 39]
2026-04-12 20:47:13,503 - Round number: 4 --------------------------
2026-04-12 20:47:13,503 - Evaluate global model
2026-04-12 20:47:16,835 - Averaged Train Loss: 1.0189
2026-04-12 20:47:16,836 - Test Accurancy: 0.6189
2026-04-12 20:47:24,659 - Flame select clients: [0, 1, 3, 8, 9, 11, 12, 13, 14, 15, 16, 19, 20, 21, 24, 29, 32, 33, 34, 37, 38, 39]
2026-04-12 20:47:24,693 - Round number: 5 --------------------------
2026-04-12 20:47:24,693 - Evaluate global model
2026-04-12 20:47:28,024 - Averaged Train Loss: 0.9234
2026-04-12 20:47:28,027 - Test Accurancy: 0.6519
2026-04-12 20:47:37,030 - Flame select clients: [0, 1, 3, 8, 9, 11, 12, 13, 19, 20, 21, 24, 29, 30, 32, 33, 34, 36, 37, 38, 39]
2026-04-12 20:47:37,050 - Round number: 6 --------------------------
2026-04-12 20:47:37,051 - Evaluate global model
2026-04-12 20:47:39,998 - Averaged Train Loss: 0.8669
2026-04-12 20:47:39,998 - Test Accurancy: 0.6722
2026-04-12 20:47:48,653 - Flame select clients: [0, 1, 3, 7, 8, 9, 11, 12, 13, 19, 20, 21, 24, 29, 30, 32, 33, 34, 36, 37, 38, 39]
2026-04-12 20:47:48,691 - Round number: 7 --------------------------
2026-04-12 20:47:48,694 - Evaluate global model
2026-04-12 20:47:52,132 - Averaged Train Loss: 0.8590
2026-04-12 20:47:52,133 - Test Accurancy: 0.6787
2026-04-12 20:48:00,813 - Flame select clients: [0, 1, 3, 8, 9, 11, 12, 13, 19, 20, 21, 24, 29, 30, 32, 33, 34, 36, 37, 38, 39]
2026-04-12 20:48:00,848 - Round number: 8 --------------------------
2026-04-12 20:48:00,855 - Evaluate global model
2026-04-12 20:48:03,829 - Averaged Train Loss: 0.8106
2026-04-12 20:48:03,833 - Test Accurancy: 0.6994
2026-04-12 20:48:12,547 - Flame select clients: [0, 1, 3, 7, 8, 9, 11, 12, 13, 19, 20, 21, 24, 29, 30, 32, 33, 34, 36, 37, 38, 39]
2026-04-12 20:48:12,567 - Round number: 9 --------------------------
2026-04-12 20:48:12,568 - Evaluate global model
2026-04-12 20:48:15,987 - Averaged Train Loss: 0.8008
2026-04-12 20:48:15,987 - Test Accurancy: 0.7015
2026-04-12 20:48:25,126 - Flame select clients: [0, 1, 3, 7, 8, 9, 11, 12, 13, 14, 15, 19, 20, 21, 24, 29, 30, 32, 33, 34, 37, 38, 39]
2026-04-12 20:48:25,146 - Round number: 10 --------------------------
2026-04-12 20:48:25,146 - Evaluate global model
2026-04-12 20:48:28,136 - Averaged Train Loss: 0.7604
2026-04-12 20:48:28,136 - Test Accurancy: 0.7155
2026-04-12 20:48:37,014 - Flame select clients: [0, 1, 8, 10, 11, 12, 13, 14, 15, 19, 20, 21, 24, 29, 30, 32, 33, 34, 36, 37, 39]
2026-04-12 20:48:37,035 - Round number: 11 --------------------------
2026-04-12 20:48:37,035 - Evaluate global model
2026-04-12 20:48:40,156 - Averaged Train Loss: 0.7416
2026-04-12 20:48:40,159 - Test Accurancy: 0.7291
2026-04-12 20:48:48,892 - Flame select clients: [0, 1, 3, 7, 8, 9, 10, 11, 12, 13, 14, 15, 19, 20, 21, 24, 29, 30, 32, 33, 34, 37, 38, 39]
2026-04-12 20:48:48,927 - Round number: 12 --------------------------
2026-04-12 20:48:48,934 - Evaluate global model
2026-04-12 20:48:52,033 - Averaged Train Loss: 0.7312
2026-04-12 20:48:52,037 - Test Accurancy: 0.7332
2026-04-12 20:49:00,980 - Flame select clients: [0, 4, 6, 8, 11, 12, 13, 14, 15, 16, 19, 20, 21, 24, 29, 30, 32, 33, 34, 37, 39]
2026-04-12 20:49:00,997 - Round number: 13 --------------------------
2026-04-12 20:49:00,998 - Evaluate global model
2026-04-12 20:49:03,726 - Averaged Train Loss: 0.6967
2026-04-12 20:49:03,729 - Test Accurancy: 0.7427
2026-04-12 20:49:13,479 - Flame select clients: [0, 1, 8, 10, 11, 12, 13, 14, 15, 16, 19, 20, 21, 24, 29, 30, 32, 33, 34, 37, 39]
2026-04-12 20:49:13,513 - Round number: 14 --------------------------
2026-04-12 20:49:13,535 - Evaluate global model
2026-04-12 20:49:17,432 - Averaged Train Loss: 0.6922
2026-04-12 20:49:17,432 - Test Accurancy: 0.7425
2026-04-12 20:49:25,901 - Flame select clients: [0, 1, 8, 10, 11, 12, 13, 14, 15, 16, 19, 20, 21, 24, 29, 30, 32, 33, 34, 37, 39]
2026-04-12 20:49:25,937 - Round number: 15 --------------------------
2026-04-12 20:49:25,954 - Evaluate global model
2026-04-12 20:49:28,825 - Averaged Train Loss: 0.6873
2026-04-12 20:49:28,826 - Test Accurancy: 0.7445
2026-04-12 20:49:38,030 - Flame select clients: [0, 1, 8, 10, 11, 12, 13, 14, 15, 16, 19, 20, 21, 24, 29, 30, 32, 33, 34, 37, 39]
2026-04-12 20:49:38,053 - Round number: 16 --------------------------
2026-04-12 20:49:38,054 - Evaluate global model
2026-04-12 20:49:41,366 - Averaged Train Loss: 0.6794
2026-04-12 20:49:41,374 - Test Accurancy: 0.7482
2026-04-12 20:49:49,989 - Flame select clients: [0, 1, 3, 7, 8, 9, 10, 11, 12, 13, 14, 15, 19, 20, 21, 24, 29, 30, 32, 33, 34, 36, 37, 38, 39]
2026-04-12 20:49:50,023 - Round number: 17 --------------------------
2026-04-12 20:49:50,023 - Evaluate global model
2026-04-12 20:49:53,218 - Averaged Train Loss: 0.6770
2026-04-12 20:49:53,218 - Test Accurancy: 0.7522
2026-04-12 20:50:02,057 - Flame select clients: [0, 1, 8, 10, 11, 12, 13, 14, 15, 16, 19, 20, 21, 24, 29, 30, 32, 33, 34, 37, 39]
2026-04-12 20:50:02,076 - Round number: 18 --------------------------
2026-04-12 20:50:02,078 - Evaluate global model
2026-04-12 20:50:04,635 - Averaged Train Loss: 0.6620
2026-04-12 20:50:04,635 - Test Accurancy: 0.7543
2026-04-12 20:50:13,127 - Flame select clients: [0, 1, 6, 8, 10, 11, 13, 14, 15, 16, 19, 20, 21, 24, 29, 30, 32, 33, 34, 37, 39]
2026-04-12 20:50:13,149 - Round number: 19 --------------------------
2026-04-12 20:50:13,150 - Evaluate global model
2026-04-12 20:50:16,554 - Averaged Train Loss: 0.6596
2026-04-12 20:50:16,554 - Test Accurancy: 0.7569
2026-04-12 20:50:25,039 - Flame select clients: [0, 4, 6, 8, 10, 11, 12, 13, 14, 15, 16, 19, 20, 21, 24, 29, 32, 33, 34, 37, 39]
2026-04-12 20:50:25,058 - Round number: 20 --------------------------
2026-04-12 20:50:25,059 - Evaluate global model
2026-04-12 20:50:28,498 - Averaged Train Loss: 0.6501
2026-04-12 20:50:28,498 - Test Accurancy: 0.7576
2026-04-12 20:50:36,768 - Flame select clients: [0, 8, 10, 11, 12, 13, 14, 15, 16, 19, 20, 21, 24, 28, 29, 30, 32, 33, 34, 37, 39]
2026-04-12 20:50:36,787 - Round number: 21 --------------------------
2026-04-12 20:50:36,787 - Evaluate global model
2026-04-12 20:50:40,547 - Averaged Train Loss: 0.6378
2026-04-12 20:50:40,548 - Test Accurancy: 0.7610
2026-04-12 20:50:49,504 - Flame select clients: [0, 6, 8, 10, 11, 13, 14, 15, 16, 19, 20, 21, 24, 28, 29, 30, 32, 33, 34, 37, 39]
2026-04-12 20:50:49,535 - Round number: 22 --------------------------
2026-04-12 20:50:49,536 - Evaluate global model
2026-04-12 20:50:52,718 - Averaged Train Loss: 0.6278
2026-04-12 20:50:52,720 - Test Accurancy: 0.7657
2026-04-12 20:51:01,081 - Flame select clients: [0, 4, 6, 8, 11, 12, 13, 14, 15, 16, 19, 20, 21, 24, 29, 30, 32, 33, 34, 37, 39]
2026-04-12 20:51:01,101 - Round number: 23 --------------------------
2026-04-12 20:51:01,101 - Evaluate global model
2026-04-12 20:51:03,859 - Averaged Train Loss: 0.6136
2026-04-12 20:51:03,860 - Test Accurancy: 0.7688
2026-04-12 20:51:11,598 - Flame select clients: [0, 8, 10, 11, 12, 13, 14, 15, 16, 19, 20, 21, 24, 28, 29, 30, 32, 33, 34, 37, 39]
2026-04-12 20:51:11,638 - Round number: 24 --------------------------
2026-04-12 20:51:11,639 - Evaluate global model
2026-04-12 20:51:14,892 - Averaged Train Loss: 0.6134
2026-04-12 20:51:14,893 - Test Accurancy: 0.7698
2026-04-12 20:51:23,297 - Flame select clients: [0, 6, 8, 10, 11, 12, 13, 14, 15, 16, 19, 20, 21, 24, 29, 30, 32, 33, 34, 37, 39]
2026-04-12 20:51:23,332 - Round number: 25 --------------------------
2026-04-12 20:51:23,332 - Evaluate global model
2026-04-12 20:51:26,423 - Averaged Train Loss: 0.6000
2026-04-12 20:51:26,423 - Test Accurancy: 0.7730
2026-04-12 20:51:34,441 - Flame select clients: [0, 4, 8, 10, 11, 12, 13, 14, 15, 16, 19, 20, 21, 24, 29, 30, 32, 33, 34, 37, 39]
2026-04-12 20:51:34,467 - Round number: 26 --------------------------
2026-04-12 20:51:34,467 - Evaluate global model
2026-04-12 20:51:37,838 - Averaged Train Loss: 0.5992
2026-04-12 20:51:37,838 - Test Accurancy: 0.7738
2026-04-12 20:51:46,979 - Flame select clients: [0, 4, 8, 10, 11, 12, 13, 14, 15, 16, 19, 20, 21, 24, 29, 30, 32, 33, 34, 37, 39]
2026-04-12 20:51:47,000 - Round number: 27 --------------------------
2026-04-12 20:51:47,001 - Evaluate global model
2026-04-12 20:51:49,646 - Averaged Train Loss: 0.5979
2026-04-12 20:51:49,647 - Test Accurancy: 0.7741
2026-04-12 20:51:58,084 - Flame select clients: [0, 6, 8, 10, 11, 12, 13, 14, 15, 16, 19, 20, 21, 24, 29, 30, 32, 33, 34, 37, 39]
2026-04-12 20:51:58,103 - Round number: 28 --------------------------
2026-04-12 20:51:58,104 - Evaluate global model
2026-04-12 20:52:01,173 - Averaged Train Loss: 0.5944
2026-04-12 20:52:01,173 - Test Accurancy: 0.7757
2026-04-12 20:52:10,434 - Flame select clients: [0, 1, 3, 4, 6, 8, 9, 11, 13, 14, 15, 16, 19, 20, 21, 24, 29, 30, 32, 33, 34, 37, 38, 39]
2026-04-12 20:52:10,459 - Round number: 29 --------------------------
2026-04-12 20:52:10,459 - Evaluate global model
2026-04-12 20:52:13,859 - Averaged Train Loss: 0.5826
2026-04-12 20:52:13,871 - Test Accurancy: 0.7806
2026-04-12 20:52:22,896 - Flame select clients: [0, 4, 8, 11, 12, 13, 14, 15, 16, 19, 20, 21, 24, 28, 29, 30, 32, 33, 34, 37, 39]
2026-04-12 20:52:22,917 - Round number: 30 --------------------------
2026-04-12 20:52:22,918 - Evaluate global model
2026-04-12 20:52:25,729 - Averaged Train Loss: 0.5808
2026-04-12 20:52:25,729 - Test Accurancy: 0.7813
2026-04-12 20:52:34,050 - Flame select clients: [0, 1, 8, 10, 11, 12, 13, 14, 15, 16, 19, 20, 21, 24, 29, 30, 32, 33, 34, 37, 39]
2026-04-12 20:52:34,068 - Round number: 31 --------------------------
2026-04-12 20:52:34,068 - Evaluate global model
2026-04-12 20:52:36,669 - Averaged Train Loss: 0.5831
2026-04-12 20:52:36,669 - Test Accurancy: 0.7785
2026-04-12 20:52:46,164 - Flame select clients: [0, 1, 3, 7, 8, 9, 11, 12, 13, 14, 15, 16, 19, 20, 21, 24, 28, 29, 30, 32, 33, 34, 37, 38, 39]
2026-04-12 20:52:46,184 - Round number: 32 --------------------------
2026-04-12 20:52:46,184 - Evaluate global model
2026-04-12 20:52:49,335 - Averaged Train Loss: 0.5979
2026-04-12 20:52:49,351 - Test Accurancy: 0.7773
2026-04-12 20:52:58,125 - Flame select clients: [0, 1, 4, 8, 11, 12, 13, 14, 15, 16, 19, 20, 21, 24, 29, 30, 32, 33, 34, 37, 39]
2026-04-12 20:52:58,145 - Round number: 33 --------------------------
2026-04-12 20:52:58,145 - Evaluate global model
2026-04-12 20:53:00,461 - Averaged Train Loss: 0.5923
2026-04-12 20:53:00,462 - Test Accurancy: 0.7773
2026-04-12 20:53:07,730 - Flame select clients: [0, 4, 8, 10, 11, 13, 14, 15, 16, 19, 20, 21, 24, 28, 29, 30, 32, 33, 34, 37, 39]
2026-04-12 20:53:07,769 - Round number: 34 --------------------------
2026-04-12 20:53:07,773 - Evaluate global model
2026-04-12 20:53:11,376 - Averaged Train Loss: 0.5773
2026-04-12 20:53:11,377 - Test Accurancy: 0.7840
2026-04-12 20:53:19,574 - Flame select clients: [0, 1, 6, 8, 11, 12, 13, 14, 15, 16, 19, 20, 21, 24, 29, 30, 32, 33, 34, 37, 39]
2026-04-12 20:53:19,642 - Round number: 35 --------------------------
2026-04-12 20:53:19,652 - Evaluate global model
2026-04-12 20:53:22,972 - Averaged Train Loss: 0.5690
2026-04-12 20:53:22,978 - Test Accurancy: 0.7872
2026-04-12 20:53:32,321 - Flame select clients: [0, 1, 4, 6, 8, 11, 13, 14, 15, 16, 19, 20, 21, 24, 29, 30, 32, 33, 34, 37, 39]
2026-04-12 20:53:32,338 - Round number: 36 --------------------------
2026-04-12 20:53:32,351 - Evaluate global model
2026-04-12 20:53:35,263 - Averaged Train Loss: 0.5735
2026-04-12 20:53:35,263 - Test Accurancy: 0.7848
2026-04-12 20:53:44,717 - Flame select clients: [0, 4, 6, 8, 10, 11, 13, 14, 15, 16, 19, 20, 21, 24, 29, 30, 32, 33, 34, 37, 39]
2026-04-12 20:53:44,756 - Round number: 37 --------------------------
2026-04-12 20:53:44,759 - Evaluate global model
2026-04-12 20:53:47,866 - Averaged Train Loss: 0.5701
2026-04-12 20:53:47,866 - Test Accurancy: 0.7843
2026-04-12 20:53:57,182 - Flame select clients: [0, 6, 8, 10, 11, 12, 13, 14, 15, 16, 19, 20, 21, 24, 29, 30, 32, 33, 34, 37, 39]
2026-04-12 20:53:57,200 - Round number: 38 --------------------------
2026-04-12 20:53:57,207 - Evaluate global model
2026-04-12 20:54:00,745 - Averaged Train Loss: 0.5671
2026-04-12 20:54:00,745 - Test Accurancy: 0.7857
2026-04-12 20:54:09,627 - Flame select clients: [0, 6, 8, 11, 12, 13, 14, 15, 16, 19, 20, 21, 24, 28, 29, 30, 32, 33, 34, 37, 39]
2026-04-12 20:54:09,665 - Round number: 39 --------------------------
2026-04-12 20:54:09,665 - Evaluate global model
2026-04-12 20:54:13,094 - Averaged Train Loss: 0.5561
2026-04-12 20:54:13,114 - Test Accurancy: 0.7905
2026-04-12 20:54:21,556 - Flame select clients: [0, 2, 8, 10, 11, 12, 13, 14, 15, 16, 19, 20, 21, 24, 29, 30, 32, 33, 34, 37, 39]
2026-04-12 20:54:21,576 - Round number: 40 --------------------------
2026-04-12 20:54:21,577 - Evaluate global model
2026-04-12 20:54:25,520 - Averaged Train Loss: 0.5630
2026-04-12 20:54:25,521 - Test Accurancy: 0.7868
2026-04-12 20:54:33,736 - Flame select clients: [0, 4, 6, 8, 11, 12, 13, 14, 15, 16, 19, 20, 21, 24, 28, 29, 30, 32, 33, 34, 37, 39]
2026-04-12 20:54:33,758 - Round number: 41 --------------------------
2026-04-12 20:54:33,761 - Evaluate global model
2026-04-12 20:54:36,700 - Averaged Train Loss: 0.5512
2026-04-12 20:54:36,706 - Test Accurancy: 0.7911
2026-04-12 20:54:45,190 - Flame select clients: [0, 6, 8, 10, 11, 12, 13, 14, 15, 16, 19, 20, 21, 24, 29, 30, 32, 33, 34, 37, 39]
2026-04-12 20:54:45,223 - Round number: 42 --------------------------
2026-04-12 20:54:45,241 - Evaluate global model
2026-04-12 20:54:48,549 - Averaged Train Loss: 0.5518
2026-04-12 20:54:48,560 - Test Accurancy: 0.7914
2026-04-12 20:54:57,857 - Flame select clients: [0, 2, 8, 11, 12, 13, 14, 15, 16, 19, 20, 21, 24, 26, 29, 30, 32, 33, 34, 37, 39]
2026-04-12 20:54:57,896 - Round number: 43 --------------------------
2026-04-12 20:54:57,897 - Evaluate global model
2026-04-12 20:55:01,285 - Averaged Train Loss: 0.5618
2026-04-12 20:55:01,285 - Test Accurancy: 0.7903
2026-04-12 20:55:09,826 - Flame select clients: [0, 6, 8, 10, 11, 13, 14, 15, 16, 19, 20, 21, 24, 28, 29, 30, 32, 33, 34, 37, 39]
2026-04-12 20:55:09,845 - Round number: 44 --------------------------
2026-04-12 20:55:09,846 - Evaluate global model
2026-04-12 20:55:12,727 - Averaged Train Loss: 0.5525
2026-04-12 20:55:12,727 - Test Accurancy: 0.7916
2026-04-12 20:55:21,465 - Flame select clients: [0, 6, 8, 10, 11, 12, 13, 14, 15, 16, 19, 20, 21, 24, 29, 30, 32, 33, 34, 37, 39]
2026-04-12 20:55:21,482 - Round number: 45 --------------------------
2026-04-12 20:55:21,483 - Evaluate global model
2026-04-12 20:55:24,247 - Averaged Train Loss: 0.5458
2026-04-12 20:55:24,248 - Test Accurancy: 0.7929
2026-04-12 20:55:32,653 - Flame select clients: [0, 2, 8, 10, 11, 12, 13, 14, 15, 16, 19, 20, 21, 24, 29, 30, 32, 33, 34, 37, 39]
2026-04-12 20:55:32,676 - Round number: 46 --------------------------
2026-04-12 20:55:32,676 - Evaluate global model
2026-04-12 20:55:35,784 - Averaged Train Loss: 0.5529
2026-04-12 20:55:35,784 - Test Accurancy: 0.7899
2026-04-12 20:55:44,348 - Flame select clients: [0, 2, 8, 10, 11, 12, 13, 14, 15, 16, 19, 20, 21, 24, 29, 30, 32, 33, 34, 37, 39]
2026-04-12 20:55:44,366 - Round number: 47 --------------------------
2026-04-12 20:55:44,366 - Evaluate global model
2026-04-12 20:55:47,599 - Averaged Train Loss: 0.5537
2026-04-12 20:55:47,600 - Test Accurancy: 0.7906
2026-04-12 20:55:56,828 - Flame select clients: [0, 2, 8, 10, 11, 12, 13, 14, 15, 16, 19, 20, 21, 24, 29, 30, 32, 33, 34, 37, 39]
2026-04-12 20:55:56,857 - Round number: 48 --------------------------
2026-04-12 20:55:56,857 - Evaluate global model
2026-04-12 20:56:00,096 - Averaged Train Loss: 0.5565
2026-04-12 20:56:00,097 - Test Accurancy: 0.7893
2026-04-12 20:56:09,418 - Flame select clients: [0, 6, 8, 10, 11, 12, 13, 14, 15, 16, 19, 20, 21, 24, 29, 30, 32, 33, 34, 37, 39]
2026-04-12 20:56:09,437 - Round number: 49 --------------------------
2026-04-12 20:56:09,447 - Evaluate global model
2026-04-12 20:56:12,980 - Averaged Train Loss: 0.5380
2026-04-12 20:56:12,986 - Test Accurancy: 0.7952
2026-04-12 20:56:22,723 - Flame select clients: [0, 4, 6, 8, 10, 11, 12, 13, 14, 15, 16, 18, 19, 20, 21, 22, 24, 25, 29, 30, 32, 33, 34, 37, 39]
2026-04-12 20:56:22,743 - Round number: 50 --------------------------
2026-04-12 20:56:22,744 - Evaluate global model
2026-04-12 20:56:25,821 - Averaged Train Loss: 0.5499
2026-04-12 20:56:25,821 - Test Accurancy: 0.7950
2026-04-12 20:56:34,351 - Flame select clients: [0, 1, 3, 9, 11, 12, 13, 14, 15, 16, 19, 20, 21, 24, 29, 30, 32, 33, 34, 37, 38, 39]
2026-04-12 20:56:34,368 - Round number: 51 --------------------------
2026-04-12 20:56:34,368 - Evaluate global model
2026-04-12 20:56:37,462 - Averaged Train Loss: 0.5366
2026-04-12 20:56:37,465 - Test Accurancy: 0.7985
2026-04-12 20:56:46,947 - Flame select clients: [0, 4, 8, 11, 12, 13, 14, 15, 16, 18, 19, 20, 21, 22, 24, 25, 29, 30, 32, 33, 34, 37, 39]
2026-04-12 20:56:46,966 - Round number: 52 --------------------------
2026-04-12 20:56:46,966 - Evaluate global model
2026-04-12 20:56:50,437 - Averaged Train Loss: 0.5472
2026-04-12 20:56:50,438 - Test Accurancy: 0.7960
2026-04-12 20:56:59,542 - Flame select clients: [0, 1, 3, 8, 9, 10, 11, 13, 14, 15, 16, 19, 20, 21, 24, 29, 30, 32, 33, 34, 37, 38, 39]
2026-04-12 20:56:59,559 - Round number: 53 --------------------------
2026-04-12 20:56:59,559 - Evaluate global model
2026-04-12 20:57:02,160 - Averaged Train Loss: 0.5427
2026-04-12 20:57:02,161 - Test Accurancy: 0.7971
2026-04-12 20:57:11,331 - Flame select clients: [0, 1, 6, 8, 11, 12, 13, 14, 15, 16, 19, 20, 21, 24, 29, 30, 32, 33, 34, 37, 39]
2026-04-12 20:57:11,352 - Round number: 54 --------------------------
2026-04-12 20:57:11,352 - Evaluate global model
2026-04-12 20:57:14,356 - Averaged Train Loss: 0.5355
2026-04-12 20:57:14,357 - Test Accurancy: 0.7984
2026-04-12 20:57:23,467 - Flame select clients: [0, 1, 3, 8, 9, 11, 12, 13, 14, 15, 16, 19, 21, 24, 29, 30, 32, 34, 37, 38, 39]
2026-04-12 20:57:23,498 - Round number: 55 --------------------------
2026-04-12 20:57:23,504 - Evaluate global model
2026-04-12 20:57:26,856 - Averaged Train Loss: 0.5439
2026-04-12 20:57:26,856 - Test Accurancy: 0.7976
2026-04-12 20:57:35,168 - Flame select clients: [0, 1, 3, 8, 9, 11, 12, 13, 14, 15, 16, 19, 20, 21, 24, 29, 30, 32, 33, 34, 37, 38, 39]
2026-04-12 20:57:35,186 - Round number: 56 --------------------------
2026-04-12 20:57:35,187 - Evaluate global model
2026-04-12 20:57:38,614 - Averaged Train Loss: 0.5343
2026-04-12 20:57:38,614 - Test Accurancy: 0.7992
2026-04-12 20:57:48,051 - Flame select clients: [0, 2, 8, 10, 11, 12, 13, 14, 15, 16, 19, 20, 21, 23, 24, 29, 30, 32, 33, 34, 37, 39]
2026-04-12 20:57:48,070 - Round number: 57 --------------------------
2026-04-12 20:57:48,071 - Evaluate global model
2026-04-12 20:57:51,053 - Averaged Train Loss: 0.5412
2026-04-12 20:57:51,054 - Test Accurancy: 0.7951
2026-04-12 20:57:59,740 - Flame select clients: [0, 1, 2, 3, 8, 9, 11, 12, 13, 14, 15, 16, 19, 20, 21, 24, 29, 30, 32, 33, 34, 37, 38, 39]
2026-04-12 20:57:59,759 - Round number: 58 --------------------------
2026-04-12 20:57:59,760 - Evaluate global model
2026-04-12 20:58:02,744 - Averaged Train Loss: 0.5396
2026-04-12 20:58:02,745 - Test Accurancy: 0.7976
2026-04-12 20:58:11,613 - Flame select clients: [0, 6, 8, 10, 11, 12, 13, 14, 15, 16, 19, 20, 21, 24, 29, 30, 32, 33, 34, 37, 39]
2026-04-12 20:58:11,633 - Round number: 59 --------------------------
2026-04-12 20:58:11,633 - Evaluate global model
2026-04-12 20:58:15,353 - Averaged Train Loss: 0.5265
2026-04-12 20:58:15,354 - Test Accurancy: 0.7997
2026-04-12 20:58:25,028 - Flame select clients: [0, 2, 6, 8, 11, 12, 13, 14, 15, 16, 19, 20, 21, 24, 29, 30, 32, 33, 34, 37, 39]
2026-04-12 20:58:25,047 - Round number: 60 --------------------------
2026-04-12 20:58:25,048 - Evaluate global model
2026-04-12 20:58:28,263 - Averaged Train Loss: 0.5239
2026-04-12 20:58:28,267 - Test Accurancy: 0.8007
2026-04-12 20:58:37,205 - Flame select clients: [0, 1, 2, 3, 6, 8, 9, 11, 12, 13, 14, 15, 16, 19, 20, 21, 24, 29, 30, 32, 33, 34, 37, 38, 39]
2026-04-12 20:58:37,224 - Round number: 61 --------------------------
2026-04-12 20:58:37,224 - Evaluate global model
2026-04-12 20:58:40,408 - Averaged Train Loss: 0.5270
2026-04-12 20:58:40,408 - Test Accurancy: 0.8000
2026-04-12 20:58:49,313 - Flame select clients: [0, 2, 8, 10, 11, 12, 13, 14, 15, 16, 19, 20, 21, 23, 24, 29, 30, 32, 33, 34, 37, 39]
2026-04-12 20:58:49,341 - Round number: 62 --------------------------
2026-04-12 20:58:49,355 - Evaluate global model
2026-04-12 20:58:52,638 - Averaged Train Loss: 0.5293
2026-04-12 20:58:52,640 - Test Accurancy: 0.7985
2026-04-12 20:59:01,982 - Flame select clients: [0, 2, 8, 11, 12, 13, 14, 15, 16, 19, 20, 21, 24, 28, 29, 30, 32, 33, 34, 37, 39]
2026-04-12 20:59:02,002 - Round number: 63 --------------------------
2026-04-12 20:59:02,003 - Evaluate global model
2026-04-12 20:59:04,757 - Averaged Train Loss: 0.5312
2026-04-12 20:59:04,758 - Test Accurancy: 0.7968
2026-04-12 20:59:14,020 - Flame select clients: [0, 1, 2, 3, 9, 11, 12, 13, 14, 15, 16, 20, 21, 24, 29, 30, 32, 33, 34, 37, 38, 39]
2026-04-12 20:59:14,039 - Round number: 64 --------------------------
2026-04-12 20:59:14,039 - Evaluate global model
2026-04-12 20:59:16,669 - Averaged Train Loss: 0.5251
2026-04-12 20:59:16,669 - Test Accurancy: 0.8000
2026-04-12 20:59:24,981 - Flame select clients: [0, 2, 6, 8, 11, 13, 14, 15, 16, 19, 20, 21, 24, 28, 29, 30, 32, 33, 34, 37, 39]
2026-04-12 20:59:25,001 - Round number: 65 --------------------------
2026-04-12 20:59:25,001 - Evaluate global model
2026-04-12 20:59:28,062 - Averaged Train Loss: 0.5258
2026-04-12 20:59:28,063 - Test Accurancy: 0.8002
2026-04-12 20:59:35,998 - Flame select clients: [0, 2, 8, 10, 11, 12, 13, 14, 15, 16, 19, 20, 21, 24, 29, 30, 32, 33, 34, 37, 39]
2026-04-12 20:59:36,016 - Round number: 66 --------------------------
2026-04-12 20:59:36,016 - Evaluate global model
2026-04-12 20:59:39,328 - Averaged Train Loss: 0.5309
2026-04-12 20:59:39,328 - Test Accurancy: 0.7983
2026-04-12 20:59:48,332 - Flame select clients: [0, 2, 6, 8, 11, 12, 13, 14, 15, 16, 19, 20, 21, 24, 29, 30, 32, 33, 34, 37, 39]
2026-04-12 20:59:48,349 - Round number: 67 --------------------------
2026-04-12 20:59:48,365 - Evaluate global model
2026-04-12 20:59:51,465 - Averaged Train Loss: 0.5230
2026-04-12 20:59:51,465 - Test Accurancy: 0.7999
2026-04-12 20:59:59,858 - Flame select clients: [0, 2, 6, 8, 11, 12, 13, 14, 15, 16, 19, 20, 21, 24, 29, 30, 32, 33, 34, 37, 39]
2026-04-12 20:59:59,878 - Round number: 68 --------------------------
2026-04-12 20:59:59,878 - Evaluate global model
2026-04-12 21:00:03,200 - Averaged Train Loss: 0.5231
2026-04-12 21:00:03,201 - Test Accurancy: 0.7994
2026-04-12 21:00:12,480 - Flame select clients: [0, 2, 4, 8, 11, 12, 13, 14, 15, 16, 19, 20, 21, 24, 29, 30, 32, 33, 34, 37, 39]
2026-04-12 21:00:12,517 - Round number: 69 --------------------------
2026-04-12 21:00:12,520 - Evaluate global model
2026-04-12 21:00:16,178 - Averaged Train Loss: 0.5251
2026-04-12 21:00:16,178 - Test Accurancy: 0.7996
2026-04-12 21:00:25,006 - Flame select clients: [0, 2, 6, 8, 11, 12, 13, 14, 15, 16, 19, 20, 21, 24, 29, 30, 32, 33, 34, 37, 39]
2026-04-12 21:00:25,022 - Round number: 70 --------------------------
2026-04-12 21:00:25,023 - Evaluate global model
2026-04-12 21:00:28,088 - Averaged Train Loss: 0.5229
2026-04-12 21:00:28,089 - Test Accurancy: 0.8011
2026-04-12 21:00:36,105 - Flame select clients: [0, 2, 6, 8, 11, 12, 13, 14, 15, 16, 19, 20, 21, 24, 29, 30, 32, 33, 34, 37, 39]
2026-04-12 21:00:36,140 - Round number: 71 --------------------------
2026-04-12 21:00:36,140 - Evaluate global model
2026-04-12 21:00:38,444 - Averaged Train Loss: 0.5186
2026-04-12 21:00:38,444 - Test Accurancy: 0.8019
2026-04-12 21:00:47,829 - Flame select clients: [0, 1, 3, 9, 11, 13, 14, 15, 16, 19, 20, 21, 24, 29, 30, 32, 33, 34, 37, 38, 39]
2026-04-12 21:00:47,852 - Round number: 72 --------------------------
2026-04-12 21:00:47,852 - Evaluate global model
2026-04-12 21:00:50,189 - Averaged Train Loss: 0.5082
2026-04-12 21:00:50,190 - Test Accurancy: 0.8084
2026-04-12 21:01:00,167 - Flame select clients: [0, 1, 2, 3, 9, 11, 13, 14, 15, 16, 19, 20, 21, 24, 29, 30, 32, 33, 34, 37, 38, 39]
2026-04-12 21:01:00,185 - Round number: 73 --------------------------
2026-04-12 21:01:00,185 - Evaluate global model
2026-04-12 21:01:02,966 - Averaged Train Loss: 0.5140
2026-04-12 21:01:02,966 - Test Accurancy: 0.8058
2026-04-12 21:01:12,079 - Flame select clients: [0, 1, 3, 6, 9, 11, 12, 13, 14, 15, 16, 19, 20, 21, 24, 29, 30, 32, 33, 34, 37, 38, 39]
2026-04-12 21:01:12,098 - Round number: 74 --------------------------
2026-04-12 21:01:12,098 - Evaluate global model
2026-04-12 21:01:15,454 - Averaged Train Loss: 0.5047
2026-04-12 21:01:15,455 - Test Accurancy: 0.8097
2026-04-12 21:01:24,047 - Flame select clients: [0, 2, 8, 10, 11, 12, 13, 14, 15, 16, 19, 20, 21, 24, 29, 30, 32, 33, 34, 37, 39]
2026-04-12 21:01:24,067 - Round number: 75 --------------------------
2026-04-12 21:01:24,067 - Evaluate global model
2026-04-12 21:01:26,940 - Averaged Train Loss: 0.5178
2026-04-12 21:01:26,941 - Test Accurancy: 0.8028
2026-04-12 21:01:36,051 - Flame select clients: [0, 1, 2, 3, 9, 10, 11, 12, 13, 14, 15, 16, 19, 20, 21, 24, 29, 30, 31, 32, 33, 34, 37, 38, 39]
2026-04-12 21:01:36,070 - Round number: 76 --------------------------
2026-04-12 21:01:36,070 - Evaluate global model
2026-04-12 21:01:39,849 - Averaged Train Loss: 0.5089
2026-04-12 21:01:39,849 - Test Accurancy: 0.8060
2026-04-12 21:01:48,677 - Flame select clients: [0, 1, 2, 3, 6, 9, 11, 12, 13, 14, 15, 16, 19, 20, 21, 24, 29, 30, 31, 32, 33, 34, 37, 38, 39]
2026-04-12 21:01:48,703 - Round number: 77 --------------------------
2026-04-12 21:01:48,715 - Evaluate global model
2026-04-12 21:01:52,424 - Averaged Train Loss: 0.5021
2026-04-12 21:01:52,424 - Test Accurancy: 0.8088
2026-04-12 21:02:01,067 - Flame select clients: [0, 1, 2, 3, 6, 9, 11, 12, 13, 14, 15, 16, 19, 20, 21, 24, 29, 30, 31, 32, 33, 34, 37, 38, 39]
2026-04-12 21:02:01,114 - Round number: 78 --------------------------
2026-04-12 21:02:01,115 - Evaluate global model
2026-04-12 21:02:04,248 - Averaged Train Loss: 0.4963
2026-04-12 21:02:04,250 - Test Accurancy: 0.8128
2026-04-12 21:02:13,786 - Flame select clients: [0, 1, 2, 9, 11, 13, 14, 15, 16, 19, 20, 21, 24, 29, 30, 32, 33, 34, 37, 38, 39]
2026-04-12 21:02:13,818 - Round number: 79 --------------------------
2026-04-12 21:02:13,834 - Evaluate global model
2026-04-12 21:02:16,518 - Averaged Train Loss: 0.5014
2026-04-12 21:02:16,518 - Test Accurancy: 0.8091
2026-04-12 21:02:24,834 - Flame select clients: [0, 1, 2, 3, 9, 11, 12, 13, 14, 15, 16, 19, 20, 21, 24, 29, 30, 32, 33, 34, 37, 38, 39]
2026-04-12 21:02:24,853 - Round number: 80 --------------------------
2026-04-12 21:02:24,853 - Evaluate global model
2026-04-12 21:02:27,561 - Averaged Train Loss: 0.5072
2026-04-12 21:02:27,561 - Test Accurancy: 0.8059
2026-04-12 21:02:35,917 - Flame select clients: [0, 1, 2, 3, 9, 11, 12, 13, 14, 15, 16, 19, 20, 21, 24, 29, 30, 32, 33, 34, 37, 38, 39]
2026-04-12 21:02:35,935 - Round number: 81 --------------------------
2026-04-12 21:02:35,936 - Evaluate global model
2026-04-12 21:02:39,612 - Averaged Train Loss: 0.5044
2026-04-12 21:02:39,613 - Test Accurancy: 0.8079
2026-04-12 21:02:47,600 - Flame select clients: [0, 1, 2, 3, 9, 11, 12, 13, 14, 15, 16, 19, 20, 21, 24, 28, 29, 30, 31, 32, 33, 34, 37, 38, 39]
2026-04-12 21:02:47,620 - Round number: 82 --------------------------
2026-04-12 21:02:47,620 - Evaluate global model
2026-04-12 21:02:50,166 - Averaged Train Loss: 0.5073
2026-04-12 21:02:50,167 - Test Accurancy: 0.8068
2026-04-12 21:02:56,377 - Flame select clients: [0, 1, 3, 9, 11, 12, 13, 14, 15, 16, 19, 20, 21, 24, 29, 30, 32, 33, 34, 37, 38, 39]
2026-04-12 21:02:56,395 - Round number: 83 --------------------------
2026-04-12 21:02:56,395 - Evaluate global model
2026-04-12 21:02:58,328 - Averaged Train Loss: 0.4986
2026-04-12 21:02:58,329 - Test Accurancy: 0.8106
2026-04-12 21:03:04,525 - Flame select clients: [0, 1, 3, 9, 11, 12, 13, 14, 15, 16, 19, 20, 21, 24, 29, 30, 31, 32, 33, 34, 37, 38, 39]
2026-04-12 21:03:04,540 - Round number: 84 --------------------------
2026-04-12 21:03:04,541 - Evaluate global model
2026-04-12 21:03:06,097 - Averaged Train Loss: 0.4980
2026-04-12 21:03:06,097 - Test Accurancy: 0.8102
2026-04-12 21:03:10,616 - Flame select clients: [0, 1, 3, 9, 11, 12, 13, 14, 15, 16, 20, 21, 24, 29, 30, 32, 33, 34, 37, 38, 39]
2026-04-12 21:03:10,630 - Round number: 85 --------------------------
2026-04-12 21:03:10,630 - Evaluate global model
2026-04-12 21:03:11,895 - Averaged Train Loss: 0.5005
2026-04-12 21:03:11,895 - Test Accurancy: 0.8084
2026-04-12 21:03:16,236 - Flame select clients: [0, 1, 2, 3, 6, 7, 9, 11, 12, 13, 14, 15, 16, 19, 20, 21, 24, 29, 30, 31, 32, 33, 34, 37, 38, 39]
2026-04-12 21:03:16,249 - Round number: 86 --------------------------
2026-04-12 21:03:16,249 - Evaluate global model
2026-04-12 21:03:17,485 - Averaged Train Loss: 0.4992
2026-04-12 21:03:17,485 - Test Accurancy: 0.8088
2026-04-12 21:03:21,747 - Flame select clients: [0, 2, 6, 11, 12, 13, 14, 15, 16, 19, 20, 21, 24, 28, 29, 30, 32, 33, 34, 37, 39]
2026-04-12 21:03:21,761 - Round number: 87 --------------------------
2026-04-12 21:03:21,761 - Evaluate global model
2026-04-12 21:03:23,032 - Averaged Train Loss: 0.5040
2026-04-12 21:03:23,032 - Test Accurancy: 0.8079
2026-04-12 21:03:27,397 - Flame select clients: [0, 1, 2, 3, 9, 11, 12, 13, 14, 15, 16, 19, 20, 21, 24, 29, 30, 31, 32, 33, 34, 37, 38, 39]
2026-04-12 21:03:27,411 - Round number: 88 --------------------------
2026-04-12 21:03:27,411 - Evaluate global model
2026-04-12 21:03:28,851 - Averaged Train Loss: 0.4983
2026-04-12 21:03:28,851 - Test Accurancy: 0.8103
2026-04-12 21:03:33,166 - Flame select clients: [0, 1, 2, 3, 6, 9, 11, 13, 14, 15, 16, 19, 20, 21, 24, 29, 30, 32, 33, 34, 37, 38, 39]
2026-04-12 21:03:33,180 - Round number: 89 --------------------------
2026-04-12 21:03:33,180 - Evaluate global model
2026-04-12 21:03:34,435 - Averaged Train Loss: 0.4993
2026-04-12 21:03:34,435 - Test Accurancy: 0.8094
2026-04-12 21:03:38,578 - Flame select clients: [0, 1, 2, 3, 6, 9, 11, 13, 14, 15, 16, 21, 24, 28, 29, 30, 31, 32, 37, 38, 39]
2026-04-12 21:03:38,591 - Round number: 90 --------------------------
2026-04-12 21:03:38,591 - Evaluate global model
2026-04-12 21:03:39,815 - Averaged Train Loss: 0.5207
2026-04-12 21:03:39,815 - Test Accurancy: 0.8044
2026-04-12 21:03:43,985 - Flame select clients: [0, 1, 2, 3, 6, 9, 11, 12, 13, 14, 15, 16, 19, 20, 21, 24, 29, 30, 31, 32, 33, 34, 37, 38, 39]
2026-04-12 21:03:43,997 - Round number: 91 --------------------------
2026-04-12 21:03:43,998 - Evaluate global model
2026-04-12 21:03:45,181 - Averaged Train Loss: 0.5016
2026-04-12 21:03:45,182 - Test Accurancy: 0.8086
2026-04-12 21:03:49,323 - Flame select clients: [0, 2, 6, 11, 12, 13, 14, 15, 16, 17, 19, 20, 21, 24, 29, 30, 32, 33, 34, 37, 39]
2026-04-12 21:03:49,335 - Round number: 92 --------------------------
2026-04-12 21:03:49,336 - Evaluate global model
2026-04-12 21:03:50,451 - Averaged Train Loss: 0.4890
2026-04-12 21:03:50,452 - Test Accurancy: 0.8144
2026-04-12 21:03:54,068 - Flame select clients: [0, 1, 3, 9, 11, 12, 13, 14, 15, 16, 20, 21, 24, 29, 30, 32, 33, 34, 37, 38, 39]
2026-04-12 21:03:54,080 - Round number: 93 --------------------------
2026-04-12 21:03:54,080 - Evaluate global model
2026-04-12 21:03:55,140 - Averaged Train Loss: 0.4911
2026-04-12 21:03:55,140 - Test Accurancy: 0.8120
2026-04-12 21:03:58,782 - Flame select clients: [0, 1, 2, 3, 9, 11, 12, 13, 14, 15, 16, 20, 21, 24, 29, 30, 32, 33, 34, 37, 38, 39]
2026-04-12 21:03:58,795 - Round number: 94 --------------------------
2026-04-12 21:03:58,795 - Evaluate global model
2026-04-12 21:03:59,921 - Averaged Train Loss: 0.4992
2026-04-12 21:03:59,922 - Test Accurancy: 0.8081
2026-04-12 21:04:03,805 - Flame select clients: [0, 2, 6, 11, 13, 14, 15, 16, 17, 19, 20, 21, 24, 28, 29, 30, 32, 33, 34, 37, 39]
2026-04-12 21:04:03,819 - Round number: 95 --------------------------
2026-04-12 21:04:03,819 - Evaluate global model
2026-04-12 21:04:04,973 - Averaged Train Loss: 0.4961
2026-04-12 21:04:04,973 - Test Accurancy: 0.8107
2026-04-12 21:04:08,743 - Flame select clients: [0, 2, 6, 11, 13, 14, 15, 16, 17, 19, 20, 21, 24, 28, 29, 30, 32, 33, 34, 37, 39]
2026-04-12 21:04:08,756 - Round number: 96 --------------------------
2026-04-12 21:04:08,756 - Evaluate global model
2026-04-12 21:04:09,859 - Averaged Train Loss: 0.4970
2026-04-12 21:04:09,859 - Test Accurancy: 0.8104
2026-04-12 21:04:13,659 - Flame select clients: [0, 1, 3, 6, 9, 11, 12, 13, 14, 15, 16, 21, 24, 28, 29, 30, 31, 32, 37, 38, 39]
2026-04-12 21:04:13,673 - Round number: 97 --------------------------
2026-04-12 21:04:13,673 - Evaluate global model
2026-04-12 21:04:14,807 - Averaged Train Loss: 0.5031
2026-04-12 21:04:14,807 - Test Accurancy: 0.8075
2026-04-12 21:04:18,542 - Flame select clients: [0, 1, 2, 3, 6, 9, 11, 13, 14, 15, 16, 19, 21, 24, 29, 30, 32, 34, 37, 38, 39]
2026-04-12 21:04:18,554 - Round number: 98 --------------------------
2026-04-12 21:04:18,555 - Evaluate global model
2026-04-12 21:04:19,608 - Averaged Train Loss: 0.5112
2026-04-12 21:04:19,608 - Test Accurancy: 0.8075
2026-04-12 21:04:23,171 - Flame select clients: [0, 2, 6, 11, 13, 14, 15, 16, 17, 19, 20, 21, 24, 28, 29, 30, 32, 33, 34, 37, 39]
2026-04-12 21:04:23,183 - Round number: 99 --------------------------
2026-04-12 21:04:23,183 - Evaluate global model
2026-04-12 21:04:24,176 - Averaged Train Loss: 0.4989
2026-04-12 21:04:24,177 - Test Accurancy: 0.8099
2026-04-12 21:04:27,662 - Flame select clients: [0, 2, 6, 11, 12, 13, 14, 15, 16, 19, 20, 21, 24, 28, 29, 30, 32, 33, 34, 37, 39]
2026-04-12 21:04:27,674 - Round number: 100 --------------------------
2026-04-12 21:04:27,674 - Evaluate global model
2026-04-12 21:04:28,649 - Averaged Train Loss: 0.5006
2026-04-12 21:04:28,649 - Test Accurancy: 0.8086
2026-04-12 21:04:32,075 - Flame select clients: [0, 1, 2, 3, 9, 11, 12, 13, 14, 15, 16, 17, 19, 20, 21, 24, 29, 30, 32, 33, 34, 37, 38, 39]
2026-04-12 21:04:32,081 - Run over
2026-04-12 21:04:32,081 - Saving results to ./exp/exp4/FashionMNIST/flame_sign_flip.h5
2026-04-12 21:04:32,087 - Best accuracy: 0.8143770697727533
2026-04-12 21:04:32,087 - Average time cost per round: 10.69549180984497
