2026-04-12 09:37:46,646 - *****************EXP-4*****************
2026-04-12 09:37:46,646 - Exp repeats: 1
2026-04-12 09:37:46,646 - Communication Rounds: 100
2026-04-12 09:37:46,646 - Clients: 40

2026-04-12 09:37:46,646 - Attack method: CAMP
2026-04-12 09:37:46,646 - Filtering rule: median
2026-04-12 09:37:46,646 - Dataset: FashionMNIST
2026-04-12 09:37:46,646 - Model: cnn
2026-04-12 09:37:46,646 - Learning Rate: 0.02
2026-04-12 09:37:46,646 - Batch Size: 64
2026-04-12 09:37:46,646 - Device: cuda
2026-04-12 09:37:46,646 - Device id: 0
2026-04-12 09:37:46,646 - Adversaries: 8
2026-04-12 09:37:46,647 - Model Poisoning: CAMP attack, mode perturbation
2026-04-12 09:37:46,647 - *****************EXP-4*****************
2026-04-12 09:37:46,989 - Running time: 0th ==========================
2026-04-12 09:37:48,384 - Round number: 0 --------------------------
2026-04-12 09:37:48,384 - Evaluate global model
2026-04-12 09:37:50,021 - Averaged Train Loss: 2.3031
2026-04-12 09:37:50,021 - Test Accurancy: 0.1321
2026-04-12 09:37:54,716 - Round number: 1 --------------------------
2026-04-12 09:37:54,716 - Evaluate global model
2026-04-12 09:37:55,946 - Averaged Train Loss: 1.9578
2026-04-12 09:37:55,947 - Test Accurancy: 0.3864
2026-04-12 09:37:59,937 - Round number: 2 --------------------------
2026-04-12 09:37:59,938 - Evaluate global model
2026-04-12 09:38:01,533 - Averaged Train Loss: 1.4223
2026-04-12 09:38:01,533 - Test Accurancy: 0.5580
2026-04-12 09:38:05,327 - Round number: 3 --------------------------
2026-04-12 09:38:05,327 - Evaluate global model
2026-04-12 09:38:06,791 - Averaged Train Loss: 1.1019
2026-04-12 09:38:06,792 - Test Accurancy: 0.6331
2026-04-12 09:38:10,932 - Round number: 4 --------------------------
2026-04-12 09:38:10,933 - Evaluate global model
2026-04-12 09:38:12,315 - Averaged Train Loss: 0.9423
2026-04-12 09:38:12,315 - Test Accurancy: 0.6720
2026-04-12 09:38:16,263 - Round number: 5 --------------------------
2026-04-12 09:38:16,263 - Evaluate global model
2026-04-12 09:38:17,848 - Averaged Train Loss: 0.8538
2026-04-12 09:38:17,848 - Test Accurancy: 0.6993
2026-04-12 09:38:21,737 - Round number: 6 --------------------------
2026-04-12 09:38:21,737 - Evaluate global model
2026-04-12 09:38:23,146 - Averaged Train Loss: 0.8060
2026-04-12 09:38:23,146 - Test Accurancy: 0.7125
2026-04-12 09:38:27,484 - Round number: 7 --------------------------
2026-04-12 09:38:27,485 - Evaluate global model
2026-04-12 09:38:28,754 - Averaged Train Loss: 0.7632
2026-04-12 09:38:28,754 - Test Accurancy: 0.7244
2026-04-12 09:38:32,859 - Round number: 8 --------------------------
2026-04-12 09:38:32,859 - Evaluate global model
2026-04-12 09:38:34,516 - Averaged Train Loss: 0.7437
2026-04-12 09:38:34,516 - Test Accurancy: 0.7308
2026-04-12 09:38:38,149 - Round number: 9 --------------------------
2026-04-12 09:38:38,150 - Evaluate global model
2026-04-12 09:38:39,749 - Averaged Train Loss: 0.7243
2026-04-12 09:38:39,749 - Test Accurancy: 0.7363
2026-04-12 09:38:43,760 - Round number: 10 --------------------------
2026-04-12 09:38:43,760 - Evaluate global model
2026-04-12 09:38:45,134 - Averaged Train Loss: 0.7065
2026-04-12 09:38:45,134 - Test Accurancy: 0.7434
2026-04-12 09:38:49,273 - Round number: 11 --------------------------
2026-04-12 09:38:49,273 - Evaluate global model
2026-04-12 09:38:50,740 - Averaged Train Loss: 0.6902
2026-04-12 09:38:50,740 - Test Accurancy: 0.7488
2026-04-12 09:38:54,603 - Round number: 12 --------------------------
2026-04-12 09:38:54,603 - Evaluate global model
2026-04-12 09:38:56,107 - Averaged Train Loss: 0.6718
2026-04-12 09:38:56,108 - Test Accurancy: 0.7539
2026-04-12 09:39:00,223 - Round number: 13 --------------------------
2026-04-12 09:39:00,223 - Evaluate global model
2026-04-12 09:39:01,537 - Averaged Train Loss: 0.6597
2026-04-12 09:39:01,537 - Test Accurancy: 0.7580
2026-04-12 09:39:05,738 - Round number: 14 --------------------------
2026-04-12 09:39:05,738 - Evaluate global model
2026-04-12 09:39:07,251 - Averaged Train Loss: 0.6511
2026-04-12 09:39:07,251 - Test Accurancy: 0.7610
2026-04-12 09:39:10,951 - Round number: 15 --------------------------
2026-04-12 09:39:10,951 - Evaluate global model
2026-04-12 09:39:12,627 - Averaged Train Loss: 0.6448
2026-04-12 09:39:12,628 - Test Accurancy: 0.7631
2026-04-12 09:39:16,542 - Round number: 16 --------------------------
2026-04-12 09:39:16,542 - Evaluate global model
2026-04-12 09:39:17,888 - Averaged Train Loss: 0.6339
2026-04-12 09:39:17,889 - Test Accurancy: 0.7666
2026-04-12 09:39:22,218 - Round number: 17 --------------------------
2026-04-12 09:39:22,218 - Evaluate global model
2026-04-12 09:39:23,531 - Averaged Train Loss: 0.6184
2026-04-12 09:39:23,531 - Test Accurancy: 0.7712
2026-04-12 09:39:27,557 - Round number: 18 --------------------------
2026-04-12 09:39:27,557 - Evaluate global model
2026-04-12 09:39:29,066 - Averaged Train Loss: 0.6175
2026-04-12 09:39:29,066 - Test Accurancy: 0.7721
2026-04-12 09:39:33,013 - Round number: 19 --------------------------
2026-04-12 09:39:33,013 - Evaluate global model
2026-04-12 09:39:34,400 - Averaged Train Loss: 0.6090
2026-04-12 09:39:34,401 - Test Accurancy: 0.7733
2026-04-12 09:39:38,630 - Round number: 20 --------------------------
2026-04-12 09:39:38,631 - Evaluate global model
2026-04-12 09:39:40,010 - Averaged Train Loss: 0.6029
2026-04-12 09:39:40,010 - Test Accurancy: 0.7760
2026-04-12 09:39:43,862 - Round number: 21 --------------------------
2026-04-12 09:39:43,862 - Evaluate global model
2026-04-12 09:39:45,509 - Averaged Train Loss: 0.6004
2026-04-12 09:39:45,510 - Test Accurancy: 0.7777
2026-04-12 09:39:49,315 - Round number: 22 --------------------------
2026-04-12 09:39:49,315 - Evaluate global model
2026-04-12 09:39:50,704 - Averaged Train Loss: 0.5968
2026-04-12 09:39:50,704 - Test Accurancy: 0.7790
2026-04-12 09:39:55,031 - Round number: 23 --------------------------
2026-04-12 09:39:55,031 - Evaluate global model
2026-04-12 09:39:56,263 - Averaged Train Loss: 0.5894
2026-04-12 09:39:56,263 - Test Accurancy: 0.7813
2026-04-12 09:40:00,378 - Round number: 24 --------------------------
2026-04-12 09:40:00,378 - Evaluate global model
2026-04-12 09:40:01,937 - Averaged Train Loss: 0.5871
2026-04-12 09:40:01,937 - Test Accurancy: 0.7829
2026-04-12 09:40:05,722 - Round number: 25 --------------------------
2026-04-12 09:40:05,723 - Evaluate global model
2026-04-12 09:40:07,268 - Averaged Train Loss: 0.5769
2026-04-12 09:40:07,268 - Test Accurancy: 0.7855
2026-04-12 09:40:11,348 - Round number: 26 --------------------------
2026-04-12 09:40:11,348 - Evaluate global model
2026-04-12 09:40:12,733 - Averaged Train Loss: 0.5712
2026-04-12 09:40:12,733 - Test Accurancy: 0.7859
2026-04-12 09:40:16,777 - Round number: 27 --------------------------
2026-04-12 09:40:16,777 - Evaluate global model
2026-04-12 09:40:18,354 - Averaged Train Loss: 0.5666
2026-04-12 09:40:18,354 - Test Accurancy: 0.7891
2026-04-12 09:40:22,129 - Round number: 28 --------------------------
2026-04-12 09:40:22,130 - Evaluate global model
2026-04-12 09:40:23,614 - Averaged Train Loss: 0.5613
2026-04-12 09:40:23,614 - Test Accurancy: 0.7905
2026-04-12 09:40:27,868 - Round number: 29 --------------------------
2026-04-12 09:40:27,868 - Evaluate global model
2026-04-12 09:40:29,093 - Averaged Train Loss: 0.5577
2026-04-12 09:40:29,093 - Test Accurancy: 0.7920
2026-04-12 09:40:33,300 - Round number: 30 --------------------------
2026-04-12 09:40:33,300 - Evaluate global model
2026-04-12 09:40:34,804 - Averaged Train Loss: 0.5544
2026-04-12 09:40:34,804 - Test Accurancy: 0.7934
2026-04-12 09:40:38,492 - Round number: 31 --------------------------
2026-04-12 09:40:38,492 - Evaluate global model
2026-04-12 09:40:40,138 - Averaged Train Loss: 0.5500
2026-04-12 09:40:40,138 - Test Accurancy: 0.7945
2026-04-12 09:40:44,057 - Round number: 32 --------------------------
2026-04-12 09:40:44,057 - Evaluate global model
2026-04-12 09:40:45,443 - Averaged Train Loss: 0.5519
2026-04-12 09:40:45,443 - Test Accurancy: 0.7949
2026-04-12 09:40:49,649 - Round number: 33 --------------------------
2026-04-12 09:40:49,649 - Evaluate global model
2026-04-12 09:40:51,052 - Averaged Train Loss: 0.5481
2026-04-12 09:40:51,052 - Test Accurancy: 0.7966
2026-04-12 09:40:54,986 - Round number: 34 --------------------------
2026-04-12 09:40:54,986 - Evaluate global model
2026-04-12 09:40:56,492 - Averaged Train Loss: 0.5461
2026-04-12 09:40:56,492 - Test Accurancy: 0.7968
2026-04-12 09:41:00,560 - Round number: 35 --------------------------
2026-04-12 09:41:00,560 - Evaluate global model
2026-04-12 09:41:01,834 - Averaged Train Loss: 0.5412
2026-04-12 09:41:01,835 - Test Accurancy: 0.7990
2026-04-12 09:41:06,139 - Round number: 36 --------------------------
2026-04-12 09:41:06,139 - Evaluate global model
2026-04-12 09:41:07,550 - Averaged Train Loss: 0.5379
2026-04-12 09:41:07,550 - Test Accurancy: 0.7996
2026-04-12 09:41:11,322 - Round number: 37 --------------------------
2026-04-12 09:41:11,322 - Evaluate global model
2026-04-12 09:41:12,980 - Averaged Train Loss: 0.5319
2026-04-12 09:41:12,980 - Test Accurancy: 0.8004
2026-04-12 09:41:16,787 - Round number: 38 --------------------------
2026-04-12 09:41:16,788 - Evaluate global model
2026-04-12 09:41:18,184 - Averaged Train Loss: 0.5367
2026-04-12 09:41:18,184 - Test Accurancy: 0.8001
2026-04-12 09:41:22,513 - Round number: 39 --------------------------
2026-04-12 09:41:22,514 - Evaluate global model
2026-04-12 09:41:23,781 - Averaged Train Loss: 0.5313
2026-04-12 09:41:23,781 - Test Accurancy: 0.8021
2026-04-12 09:41:27,899 - Round number: 40 --------------------------
2026-04-12 09:41:27,899 - Evaluate global model
2026-04-12 09:41:29,398 - Averaged Train Loss: 0.5264
2026-04-12 09:41:29,398 - Test Accurancy: 0.8027
2026-04-12 09:41:33,282 - Round number: 41 --------------------------
2026-04-12 09:41:33,282 - Evaluate global model
2026-04-12 09:41:34,702 - Averaged Train Loss: 0.5268
2026-04-12 09:41:34,702 - Test Accurancy: 0.8031
2026-04-12 09:41:38,890 - Round number: 42 --------------------------
2026-04-12 09:41:38,891 - Evaluate global model
2026-04-12 09:41:40,287 - Averaged Train Loss: 0.5269
2026-04-12 09:41:40,287 - Test Accurancy: 0.8032
2026-04-12 09:41:44,263 - Round number: 43 --------------------------
2026-04-12 09:41:44,263 - Evaluate global model
2026-04-12 09:41:45,922 - Averaged Train Loss: 0.5246
2026-04-12 09:41:45,922 - Test Accurancy: 0.8039
2026-04-12 09:41:49,635 - Round number: 44 --------------------------
2026-04-12 09:41:49,635 - Evaluate global model
2026-04-12 09:41:51,129 - Averaged Train Loss: 0.5225
2026-04-12 09:41:51,129 - Test Accurancy: 0.8050
2026-04-12 09:41:55,346 - Round number: 45 --------------------------
2026-04-12 09:41:55,346 - Evaluate global model
2026-04-12 09:41:56,593 - Averaged Train Loss: 0.5190
2026-04-12 09:41:56,593 - Test Accurancy: 0.8060
2026-04-12 09:42:00,826 - Round number: 46 --------------------------
2026-04-12 09:42:00,826 - Evaluate global model
2026-04-12 09:42:02,296 - Averaged Train Loss: 0.5172
2026-04-12 09:42:02,297 - Test Accurancy: 0.8070
2026-04-12 09:42:06,057 - Round number: 47 --------------------------
2026-04-12 09:42:06,057 - Evaluate global model
2026-04-12 09:42:07,684 - Averaged Train Loss: 0.5167
2026-04-12 09:42:07,685 - Test Accurancy: 0.8067
2026-04-12 09:42:11,678 - Round number: 48 --------------------------
2026-04-12 09:42:11,678 - Evaluate global model
2026-04-12 09:42:13,076 - Averaged Train Loss: 0.5142
2026-04-12 09:42:13,076 - Test Accurancy: 0.8082
2026-04-12 09:42:17,227 - Round number: 49 --------------------------
2026-04-12 09:42:17,227 - Evaluate global model
2026-04-12 09:42:18,769 - Averaged Train Loss: 0.5144
2026-04-12 09:42:18,769 - Test Accurancy: 0.8085
2026-04-12 09:42:22,576 - Round number: 50 --------------------------
2026-04-12 09:42:22,576 - Evaluate global model
2026-04-12 09:42:24,129 - Averaged Train Loss: 0.5087
2026-04-12 09:42:24,129 - Test Accurancy: 0.8096
2026-04-12 09:42:28,258 - Round number: 51 --------------------------
2026-04-12 09:42:28,258 - Evaluate global model
2026-04-12 09:42:29,493 - Averaged Train Loss: 0.5082
2026-04-12 09:42:29,493 - Test Accurancy: 0.8102
2026-04-12 09:42:33,581 - Round number: 52 --------------------------
2026-04-12 09:42:33,581 - Evaluate global model
2026-04-12 09:42:35,035 - Averaged Train Loss: 0.5098
2026-04-12 09:42:35,035 - Test Accurancy: 0.8100
2026-04-12 09:42:38,801 - Round number: 53 --------------------------
2026-04-12 09:42:38,801 - Evaluate global model
2026-04-12 09:42:40,501 - Averaged Train Loss: 0.5051
2026-04-12 09:42:40,501 - Test Accurancy: 0.8112
2026-04-12 09:42:44,358 - Round number: 54 --------------------------
2026-04-12 09:42:44,358 - Evaluate global model
2026-04-12 09:42:45,778 - Averaged Train Loss: 0.5038
2026-04-12 09:42:45,778 - Test Accurancy: 0.8110
2026-04-12 09:42:50,022 - Round number: 55 --------------------------
2026-04-12 09:42:50,022 - Evaluate global model
2026-04-12 09:42:51,375 - Averaged Train Loss: 0.5059
2026-04-12 09:42:51,375 - Test Accurancy: 0.8098
2026-04-12 09:42:55,314 - Round number: 56 --------------------------
2026-04-12 09:42:55,314 - Evaluate global model
2026-04-12 09:42:56,841 - Averaged Train Loss: 0.5051
2026-04-12 09:42:56,842 - Test Accurancy: 0.8112
2026-04-12 09:43:00,826 - Round number: 57 --------------------------
2026-04-12 09:43:00,826 - Evaluate global model
2026-04-12 09:43:02,145 - Averaged Train Loss: 0.4978
2026-04-12 09:43:02,145 - Test Accurancy: 0.8131
2026-04-12 09:43:06,468 - Round number: 58 --------------------------
2026-04-12 09:43:06,468 - Evaluate global model
2026-04-12 09:43:07,880 - Averaged Train Loss: 0.4968
2026-04-12 09:43:07,880 - Test Accurancy: 0.8129
2026-04-12 09:43:11,729 - Round number: 59 --------------------------
2026-04-12 09:43:11,729 - Evaluate global model
2026-04-12 09:43:13,421 - Averaged Train Loss: 0.4976
2026-04-12 09:43:13,422 - Test Accurancy: 0.8141
2026-04-12 09:43:17,151 - Round number: 60 --------------------------
2026-04-12 09:43:17,151 - Evaluate global model
2026-04-12 09:43:18,632 - Averaged Train Loss: 0.4991
2026-04-12 09:43:18,632 - Test Accurancy: 0.8135
2026-04-12 09:43:22,864 - Round number: 61 --------------------------
2026-04-12 09:43:22,864 - Evaluate global model
2026-04-12 09:43:24,135 - Averaged Train Loss: 0.4934
2026-04-12 09:43:24,135 - Test Accurancy: 0.8143
2026-04-12 09:43:28,299 - Round number: 62 --------------------------
2026-04-12 09:43:28,300 - Evaluate global model
2026-04-12 09:43:29,804 - Averaged Train Loss: 0.4960
2026-04-12 09:43:29,805 - Test Accurancy: 0.8135
2026-04-12 09:43:33,615 - Round number: 63 --------------------------
2026-04-12 09:43:33,615 - Evaluate global model
2026-04-12 09:43:35,116 - Averaged Train Loss: 0.4917
2026-04-12 09:43:35,116 - Test Accurancy: 0.8151
2026-04-12 09:43:39,218 - Round number: 64 --------------------------
2026-04-12 09:43:39,219 - Evaluate global model
2026-04-12 09:43:40,612 - Averaged Train Loss: 0.4890
2026-04-12 09:43:40,613 - Test Accurancy: 0.8157
2026-04-12 09:43:44,595 - Round number: 65 --------------------------
2026-04-12 09:43:44,595 - Evaluate global model
2026-04-12 09:43:46,235 - Averaged Train Loss: 0.4886
2026-04-12 09:43:46,235 - Test Accurancy: 0.8172
2026-04-12 09:43:49,939 - Round number: 66 --------------------------
2026-04-12 09:43:49,939 - Evaluate global model
2026-04-12 09:43:51,482 - Averaged Train Loss: 0.4905
2026-04-12 09:43:51,482 - Test Accurancy: 0.8156
2026-04-12 09:43:55,630 - Round number: 67 --------------------------
2026-04-12 09:43:55,630 - Evaluate global model
2026-04-12 09:43:56,904 - Averaged Train Loss: 0.4878
2026-04-12 09:43:56,904 - Test Accurancy: 0.8163
2026-04-12 09:44:01,149 - Round number: 68 --------------------------
2026-04-12 09:44:01,149 - Evaluate global model
2026-04-12 09:44:02,599 - Averaged Train Loss: 0.4876
2026-04-12 09:44:02,599 - Test Accurancy: 0.8165
2026-04-12 09:44:06,347 - Round number: 69 --------------------------
2026-04-12 09:44:06,347 - Evaluate global model
2026-04-12 09:44:08,032 - Averaged Train Loss: 0.4872
2026-04-12 09:44:08,032 - Test Accurancy: 0.8169
2026-04-12 09:44:11,937 - Round number: 70 --------------------------
2026-04-12 09:44:11,937 - Evaluate global model
2026-04-12 09:44:13,356 - Averaged Train Loss: 0.4875
2026-04-12 09:44:13,356 - Test Accurancy: 0.8160
2026-04-12 09:44:17,491 - Round number: 71 --------------------------
2026-04-12 09:44:17,491 - Evaluate global model
2026-04-12 09:44:18,964 - Averaged Train Loss: 0.4861
2026-04-12 09:44:18,964 - Test Accurancy: 0.8165
2026-04-12 09:44:22,806 - Round number: 72 --------------------------
2026-04-12 09:44:22,806 - Evaluate global model
2026-04-12 09:44:24,368 - Averaged Train Loss: 0.4865
2026-04-12 09:44:24,368 - Test Accurancy: 0.8169
2026-04-12 09:44:28,419 - Round number: 73 --------------------------
2026-04-12 09:44:28,420 - Evaluate global model
2026-04-12 09:44:29,691 - Averaged Train Loss: 0.4822
2026-04-12 09:44:29,692 - Test Accurancy: 0.8180
2026-04-12 09:44:34,067 - Round number: 74 --------------------------
2026-04-12 09:44:34,067 - Evaluate global model
2026-04-12 09:44:35,424 - Averaged Train Loss: 0.4836
2026-04-12 09:44:35,424 - Test Accurancy: 0.8176
2026-04-12 09:44:39,320 - Round number: 75 --------------------------
2026-04-12 09:44:39,321 - Evaluate global model
2026-04-12 09:44:41,015 - Averaged Train Loss: 0.4814
2026-04-12 09:44:41,016 - Test Accurancy: 0.8187
2026-04-12 09:44:44,780 - Round number: 76 --------------------------
2026-04-12 09:44:44,780 - Evaluate global model
2026-04-12 09:44:46,264 - Averaged Train Loss: 0.4827
2026-04-12 09:44:46,264 - Test Accurancy: 0.8176
2026-04-12 09:44:50,478 - Round number: 77 --------------------------
2026-04-12 09:44:50,479 - Evaluate global model
2026-04-12 09:44:51,835 - Averaged Train Loss: 0.4783
2026-04-12 09:44:51,835 - Test Accurancy: 0.8200
2026-04-12 09:44:55,857 - Round number: 78 --------------------------
2026-04-12 09:44:55,857 - Evaluate global model
2026-04-12 09:44:57,393 - Averaged Train Loss: 0.4790
2026-04-12 09:44:57,393 - Test Accurancy: 0.8203
2026-04-12 09:45:01,310 - Round number: 79 --------------------------
2026-04-12 09:45:01,311 - Evaluate global model
2026-04-12 09:45:02,698 - Averaged Train Loss: 0.4799
2026-04-12 09:45:02,698 - Test Accurancy: 0.8208
2026-04-12 09:45:06,919 - Round number: 80 --------------------------
2026-04-12 09:45:06,919 - Evaluate global model
2026-04-12 09:45:08,290 - Averaged Train Loss: 0.4776
2026-04-12 09:45:08,290 - Test Accurancy: 0.8203
2026-04-12 09:45:12,260 - Round number: 81 --------------------------
2026-04-12 09:45:12,260 - Evaluate global model
2026-04-12 09:45:13,933 - Averaged Train Loss: 0.4761
2026-04-12 09:45:13,933 - Test Accurancy: 0.8214
2026-04-12 09:45:17,548 - Round number: 82 --------------------------
2026-04-12 09:45:17,549 - Evaluate global model
2026-04-12 09:45:19,159 - Averaged Train Loss: 0.4778
2026-04-12 09:45:19,160 - Test Accurancy: 0.8208
2026-04-12 09:45:23,248 - Round number: 83 --------------------------
2026-04-12 09:45:23,248 - Evaluate global model
2026-04-12 09:45:24,571 - Averaged Train Loss: 0.4765
2026-04-12 09:45:24,571 - Test Accurancy: 0.8215
2026-04-12 09:45:28,792 - Round number: 84 --------------------------
2026-04-12 09:45:28,792 - Evaluate global model
2026-04-12 09:45:30,250 - Averaged Train Loss: 0.4777
2026-04-12 09:45:30,250 - Test Accurancy: 0.8217
2026-04-12 09:45:34,123 - Round number: 85 --------------------------
2026-04-12 09:45:34,124 - Evaluate global model
2026-04-12 09:45:35,916 - Averaged Train Loss: 0.4716
2026-04-12 09:45:35,916 - Test Accurancy: 0.8234
2026-04-12 09:45:39,970 - Round number: 86 --------------------------
2026-04-12 09:45:39,970 - Evaluate global model
2026-04-12 09:45:41,375 - Averaged Train Loss: 0.4710
2026-04-12 09:45:41,375 - Test Accurancy: 0.8240
2026-04-12 09:45:45,544 - Round number: 87 --------------------------
2026-04-12 09:45:45,544 - Evaluate global model
2026-04-12 09:45:47,013 - Averaged Train Loss: 0.4703
2026-04-12 09:45:47,014 - Test Accurancy: 0.8233
2026-04-12 09:45:50,774 - Round number: 88 --------------------------
2026-04-12 09:45:50,774 - Evaluate global model
2026-04-12 09:45:52,452 - Averaged Train Loss: 0.4710
2026-04-12 09:45:52,453 - Test Accurancy: 0.8228
2026-04-12 09:45:56,364 - Round number: 89 --------------------------
2026-04-12 09:45:56,364 - Evaluate global model
2026-04-12 09:45:57,676 - Averaged Train Loss: 0.4727
2026-04-12 09:45:57,676 - Test Accurancy: 0.8225
2026-04-12 09:46:02,095 - Round number: 90 --------------------------
2026-04-12 09:46:02,095 - Evaluate global model
2026-04-12 09:46:03,354 - Averaged Train Loss: 0.4697
2026-04-12 09:46:03,354 - Test Accurancy: 0.8232
2026-04-12 09:46:07,354 - Round number: 91 --------------------------
2026-04-12 09:46:07,354 - Evaluate global model
2026-04-12 09:46:08,927 - Averaged Train Loss: 0.4706
2026-04-12 09:46:08,927 - Test Accurancy: 0.8223
2026-04-12 09:46:12,758 - Round number: 92 --------------------------
2026-04-12 09:46:12,758 - Evaluate global model
2026-04-12 09:46:14,230 - Averaged Train Loss: 0.4696
2026-04-12 09:46:14,230 - Test Accurancy: 0.8231
2026-04-12 09:46:18,368 - Round number: 93 --------------------------
2026-04-12 09:46:18,368 - Evaluate global model
2026-04-12 09:46:19,772 - Averaged Train Loss: 0.4680
2026-04-12 09:46:19,772 - Test Accurancy: 0.8236
2026-04-12 09:46:23,687 - Round number: 94 --------------------------
2026-04-12 09:46:23,687 - Evaluate global model
2026-04-12 09:46:25,303 - Averaged Train Loss: 0.4695
2026-04-12 09:46:25,303 - Test Accurancy: 0.8231
2026-04-12 09:46:29,118 - Round number: 95 --------------------------
2026-04-12 09:46:29,118 - Evaluate global model
2026-04-12 09:46:30,530 - Averaged Train Loss: 0.4691
2026-04-12 09:46:30,530 - Test Accurancy: 0.8235
2026-04-12 09:46:34,821 - Round number: 96 --------------------------
2026-04-12 09:46:34,821 - Evaluate global model
2026-04-12 09:46:36,071 - Averaged Train Loss: 0.4678
2026-04-12 09:46:36,071 - Test Accurancy: 0.8239
2026-04-12 09:46:40,151 - Round number: 97 --------------------------
2026-04-12 09:46:40,151 - Evaluate global model
2026-04-12 09:46:41,784 - Averaged Train Loss: 0.4680
2026-04-12 09:46:41,784 - Test Accurancy: 0.8239
2026-04-12 09:46:45,416 - Round number: 98 --------------------------
2026-04-12 09:46:45,416 - Evaluate global model
2026-04-12 09:46:47,040 - Averaged Train Loss: 0.4678
2026-04-12 09:46:47,040 - Test Accurancy: 0.8240
2026-04-12 09:46:51,045 - Round number: 99 --------------------------
2026-04-12 09:46:51,046 - Evaluate global model
2026-04-12 09:46:52,457 - Averaged Train Loss: 0.4652
2026-04-12 09:46:52,457 - Test Accurancy: 0.8247
2026-04-12 09:46:56,563 - Round number: 100 --------------------------
2026-04-12 09:46:56,563 - Evaluate global model
2026-04-12 09:46:58,087 - Averaged Train Loss: 0.4649
2026-04-12 09:46:58,087 - Test Accurancy: 0.8255
2026-04-12 09:47:01,874 - Run over
2026-04-12 09:47:01,874 - Saving results to ./exp/exp4/FashionMNIST/median_CAMP_perturbation.h5
2026-04-12 09:47:01,878 - Best accuracy: 0.825511019755624
2026-04-12 09:47:01,878 - Average time cost per round: 5.471621596813202
