2026-04-12 08:45:22,530 - *****************EXP-4*****************
2026-04-12 08:45:22,531 - Exp repeats: 1
2026-04-12 08:45:22,531 - Communication Rounds: 100
2026-04-12 08:45:22,531 - Clients: 40

2026-04-12 08:45:22,531 - Attack method: none
2026-04-12 08:45:22,531 - Filtering rule: median
2026-04-12 08:45:22,531 - Dataset: FashionMNIST
2026-04-12 08:45:22,531 - Model: cnn
2026-04-12 08:45:22,531 - Learning Rate: 0.02
2026-04-12 08:45:22,531 - Batch Size: 64
2026-04-12 08:45:22,531 - Device: cuda
2026-04-12 08:45:22,531 - Device id: 0
2026-04-12 08:45:22,531 - Adversaries: 0
2026-04-12 08:45:22,531 - *****************EXP-4*****************
2026-04-12 08:45:22,721 - Running time: 0th ==========================
2026-04-12 08:45:24,860 - Round number: 0 --------------------------
2026-04-12 08:45:24,860 - Evaluate global model
2026-04-12 08:45:28,885 - Averaged Train Loss: 2.3031
2026-04-12 08:45:28,885 - Test Accurancy: 0.1321
2026-04-12 08:45:36,132 - Round number: 1 --------------------------
2026-04-12 08:45:36,132 - Evaluate global model
2026-04-12 08:45:39,243 - Averaged Train Loss: 1.9342
2026-04-12 08:45:39,243 - Test Accurancy: 0.3860
2026-04-12 08:45:46,052 - Round number: 2 --------------------------
2026-04-12 08:45:46,053 - Evaluate global model
2026-04-12 08:45:49,452 - Averaged Train Loss: 1.4074
2026-04-12 08:45:49,453 - Test Accurancy: 0.5149
2026-04-12 08:45:56,668 - Round number: 3 --------------------------
2026-04-12 08:45:56,678 - Evaluate global model
2026-04-12 08:46:00,933 - Averaged Train Loss: 1.0848
2026-04-12 08:46:00,933 - Test Accurancy: 0.6335
2026-04-12 08:46:07,862 - Round number: 4 --------------------------
2026-04-12 08:46:07,863 - Evaluate global model
2026-04-12 08:46:11,165 - Averaged Train Loss: 0.9207
2026-04-12 08:46:11,165 - Test Accurancy: 0.6870
2026-04-12 08:46:18,896 - Round number: 5 --------------------------
2026-04-12 08:46:18,896 - Evaluate global model
2026-04-12 08:46:22,585 - Averaged Train Loss: 0.8364
2026-04-12 08:46:22,585 - Test Accurancy: 0.7077
2026-04-12 08:46:29,978 - Round number: 6 --------------------------
2026-04-12 08:46:29,979 - Evaluate global model
2026-04-12 08:46:34,135 - Averaged Train Loss: 0.7884
2026-04-12 08:46:34,135 - Test Accurancy: 0.7187
2026-04-12 08:46:41,028 - Round number: 7 --------------------------
2026-04-12 08:46:41,029 - Evaluate global model
2026-04-12 08:46:44,713 - Averaged Train Loss: 0.7465
2026-04-12 08:46:44,714 - Test Accurancy: 0.7303
2026-04-12 08:46:51,074 - Round number: 8 --------------------------
2026-04-12 08:46:51,075 - Evaluate global model
2026-04-12 08:46:54,858 - Averaged Train Loss: 0.7258
2026-04-12 08:46:54,858 - Test Accurancy: 0.7355
2026-04-12 08:47:02,301 - Round number: 9 --------------------------
2026-04-12 08:47:02,302 - Evaluate global model
2026-04-12 08:47:05,802 - Averaged Train Loss: 0.7061
2026-04-12 08:47:05,802 - Test Accurancy: 0.7407
2026-04-12 08:47:13,330 - Round number: 10 --------------------------
2026-04-12 08:47:13,331 - Evaluate global model
2026-04-12 08:47:16,779 - Averaged Train Loss: 0.6900
2026-04-12 08:47:16,779 - Test Accurancy: 0.7460
2026-04-12 08:47:24,360 - Round number: 11 --------------------------
2026-04-12 08:47:24,360 - Evaluate global model
2026-04-12 08:47:27,410 - Averaged Train Loss: 0.6694
2026-04-12 08:47:27,410 - Test Accurancy: 0.7510
2026-04-12 08:47:34,645 - Round number: 12 --------------------------
2026-04-12 08:47:34,645 - Evaluate global model
2026-04-12 08:47:38,518 - Averaged Train Loss: 0.6523
2026-04-12 08:47:38,518 - Test Accurancy: 0.7566
2026-04-12 08:47:45,596 - Round number: 13 --------------------------
2026-04-12 08:47:45,596 - Evaluate global model
2026-04-12 08:47:48,859 - Averaged Train Loss: 0.6387
2026-04-12 08:47:48,859 - Test Accurancy: 0.7611
2026-04-12 08:47:55,553 - Round number: 14 --------------------------
2026-04-12 08:47:55,553 - Evaluate global model
2026-04-12 08:47:59,522 - Averaged Train Loss: 0.6368
2026-04-12 08:47:59,522 - Test Accurancy: 0.7605
2026-04-12 08:48:06,667 - Round number: 15 --------------------------
2026-04-12 08:48:06,668 - Evaluate global model
2026-04-12 08:48:10,159 - Averaged Train Loss: 0.6295
2026-04-12 08:48:10,159 - Test Accurancy: 0.7640
2026-04-12 08:48:17,437 - Round number: 16 --------------------------
2026-04-12 08:48:17,437 - Evaluate global model
2026-04-12 08:48:21,056 - Averaged Train Loss: 0.6178
2026-04-12 08:48:21,057 - Test Accurancy: 0.7667
2026-04-12 08:48:28,532 - Round number: 17 --------------------------
2026-04-12 08:48:28,540 - Evaluate global model
2026-04-12 08:48:32,570 - Averaged Train Loss: 0.6027
2026-04-12 08:48:32,572 - Test Accurancy: 0.7723
2026-04-12 08:48:39,864 - Round number: 18 --------------------------
2026-04-12 08:48:39,864 - Evaluate global model
2026-04-12 08:48:43,692 - Averaged Train Loss: 0.5990
2026-04-12 08:48:43,696 - Test Accurancy: 0.7730
2026-04-12 08:48:50,784 - Round number: 19 --------------------------
2026-04-12 08:48:50,794 - Evaluate global model
2026-04-12 08:48:54,030 - Averaged Train Loss: 0.5945
2026-04-12 08:48:54,031 - Test Accurancy: 0.7747
2026-04-12 08:49:01,565 - Round number: 20 --------------------------
2026-04-12 08:49:01,566 - Evaluate global model
2026-04-12 08:49:04,627 - Averaged Train Loss: 0.5849
2026-04-12 08:49:04,627 - Test Accurancy: 0.7781
2026-04-12 08:49:11,928 - Round number: 21 --------------------------
2026-04-12 08:49:11,928 - Evaluate global model
2026-04-12 08:49:15,380 - Averaged Train Loss: 0.5800
2026-04-12 08:49:15,380 - Test Accurancy: 0.7794
2026-04-12 08:49:22,063 - Round number: 22 --------------------------
2026-04-12 08:49:22,063 - Evaluate global model
2026-04-12 08:49:25,666 - Averaged Train Loss: 0.5787
2026-04-12 08:49:25,666 - Test Accurancy: 0.7813
2026-04-12 08:49:32,164 - Round number: 23 --------------------------
2026-04-12 08:49:32,164 - Evaluate global model
2026-04-12 08:49:36,030 - Averaged Train Loss: 0.5697
2026-04-12 08:49:36,030 - Test Accurancy: 0.7838
2026-04-12 08:49:43,411 - Round number: 24 --------------------------
2026-04-12 08:49:43,412 - Evaluate global model
2026-04-12 08:49:46,739 - Averaged Train Loss: 0.5676
2026-04-12 08:49:46,739 - Test Accurancy: 0.7854
2026-04-12 08:49:54,227 - Round number: 25 --------------------------
2026-04-12 08:49:54,227 - Evaluate global model
2026-04-12 08:49:57,879 - Averaged Train Loss: 0.5577
2026-04-12 08:49:57,883 - Test Accurancy: 0.7874
2026-04-12 08:50:05,828 - Round number: 26 --------------------------
2026-04-12 08:50:05,828 - Evaluate global model
2026-04-12 08:50:09,419 - Averaged Train Loss: 0.5531
2026-04-12 08:50:09,422 - Test Accurancy: 0.7886
2026-04-12 08:50:16,804 - Round number: 27 --------------------------
2026-04-12 08:50:16,818 - Evaluate global model
2026-04-12 08:50:20,604 - Averaged Train Loss: 0.5483
2026-04-12 08:50:20,605 - Test Accurancy: 0.7910
2026-04-12 08:50:27,289 - Round number: 28 --------------------------
2026-04-12 08:50:27,289 - Evaluate global model
2026-04-12 08:50:30,927 - Averaged Train Loss: 0.5447
2026-04-12 08:50:30,927 - Test Accurancy: 0.7915
2026-04-12 08:50:38,251 - Round number: 29 --------------------------
2026-04-12 08:50:38,251 - Evaluate global model
2026-04-12 08:50:41,572 - Averaged Train Loss: 0.5398
2026-04-12 08:50:41,572 - Test Accurancy: 0.7958
2026-04-12 08:50:49,256 - Round number: 30 --------------------------
2026-04-12 08:50:49,257 - Evaluate global model
2026-04-12 08:50:52,982 - Averaged Train Loss: 0.5373
2026-04-12 08:50:52,983 - Test Accurancy: 0.7964
2026-04-12 08:51:00,360 - Round number: 31 --------------------------
2026-04-12 08:51:00,360 - Evaluate global model
2026-04-12 08:51:04,057 - Averaged Train Loss: 0.5335
2026-04-12 08:51:04,057 - Test Accurancy: 0.7962
2026-04-12 08:51:11,259 - Round number: 32 --------------------------
2026-04-12 08:51:11,259 - Evaluate global model
2026-04-12 08:51:14,701 - Averaged Train Loss: 0.5335
2026-04-12 08:51:14,709 - Test Accurancy: 0.7972
2026-04-12 08:51:22,229 - Round number: 33 --------------------------
2026-04-12 08:51:22,229 - Evaluate global model
2026-04-12 08:51:25,537 - Averaged Train Loss: 0.5289
2026-04-12 08:51:25,537 - Test Accurancy: 0.8016
2026-04-12 08:51:32,499 - Round number: 34 --------------------------
2026-04-12 08:51:32,499 - Evaluate global model
2026-04-12 08:51:36,281 - Averaged Train Loss: 0.5268
2026-04-12 08:51:36,281 - Test Accurancy: 0.8022
2026-04-12 08:51:43,471 - Round number: 35 --------------------------
2026-04-12 08:51:43,480 - Evaluate global model
2026-04-12 08:51:47,312 - Averaged Train Loss: 0.5231
2026-04-12 08:51:47,312 - Test Accurancy: 0.8028
2026-04-12 08:51:54,451 - Round number: 36 --------------------------
2026-04-12 08:51:54,451 - Evaluate global model
2026-04-12 08:51:58,308 - Averaged Train Loss: 0.5197
2026-04-12 08:51:58,309 - Test Accurancy: 0.8028
2026-04-12 08:52:06,005 - Round number: 37 --------------------------
2026-04-12 08:52:06,006 - Evaluate global model
2026-04-12 08:52:10,009 - Averaged Train Loss: 0.5136
2026-04-12 08:52:10,009 - Test Accurancy: 0.8058
2026-04-12 08:52:17,169 - Round number: 38 --------------------------
2026-04-12 08:52:17,169 - Evaluate global model
2026-04-12 08:52:20,923 - Averaged Train Loss: 0.5171
2026-04-12 08:52:20,923 - Test Accurancy: 0.8047
2026-04-12 08:52:27,851 - Round number: 39 --------------------------
2026-04-12 08:52:27,851 - Evaluate global model
2026-04-12 08:52:31,537 - Averaged Train Loss: 0.5124
2026-04-12 08:52:31,537 - Test Accurancy: 0.8078
2026-04-12 08:52:38,268 - Round number: 40 --------------------------
2026-04-12 08:52:38,275 - Evaluate global model
2026-04-12 08:52:41,744 - Averaged Train Loss: 0.5082
2026-04-12 08:52:41,744 - Test Accurancy: 0.8074
2026-04-12 08:52:48,153 - Round number: 41 --------------------------
2026-04-12 08:52:48,153 - Evaluate global model
2026-04-12 08:52:51,856 - Averaged Train Loss: 0.5051
2026-04-12 08:52:51,856 - Test Accurancy: 0.8104
2026-04-12 08:52:58,643 - Round number: 42 --------------------------
2026-04-12 08:52:58,643 - Evaluate global model
2026-04-12 08:53:02,198 - Averaged Train Loss: 0.5047
2026-04-12 08:53:02,198 - Test Accurancy: 0.8100
2026-04-12 08:53:09,531 - Round number: 43 --------------------------
2026-04-12 08:53:09,533 - Evaluate global model
2026-04-12 08:53:13,220 - Averaged Train Loss: 0.5041
2026-04-12 08:53:13,221 - Test Accurancy: 0.8088
2026-04-12 08:53:19,841 - Round number: 44 --------------------------
2026-04-12 08:53:19,841 - Evaluate global model
2026-04-12 08:53:23,613 - Averaged Train Loss: 0.5008
2026-04-12 08:53:23,613 - Test Accurancy: 0.8108
2026-04-12 08:53:30,821 - Round number: 45 --------------------------
2026-04-12 08:53:30,834 - Evaluate global model
2026-04-12 08:53:34,820 - Averaged Train Loss: 0.4957
2026-04-12 08:53:34,824 - Test Accurancy: 0.8133
2026-04-12 08:53:41,861 - Round number: 46 --------------------------
2026-04-12 08:53:41,862 - Evaluate global model
2026-04-12 08:53:45,379 - Averaged Train Loss: 0.4950
2026-04-12 08:53:45,386 - Test Accurancy: 0.8141
2026-04-12 08:53:52,880 - Round number: 47 --------------------------
2026-04-12 08:53:52,880 - Evaluate global model
2026-04-12 08:53:56,264 - Averaged Train Loss: 0.4965
2026-04-12 08:53:56,265 - Test Accurancy: 0.8116
2026-04-12 08:54:03,936 - Round number: 48 --------------------------
2026-04-12 08:54:03,936 - Evaluate global model
2026-04-12 08:54:07,282 - Averaged Train Loss: 0.4940
2026-04-12 08:54:07,282 - Test Accurancy: 0.8133
2026-04-12 08:54:14,353 - Round number: 49 --------------------------
2026-04-12 08:54:14,353 - Evaluate global model
2026-04-12 08:54:17,906 - Averaged Train Loss: 0.4928
2026-04-12 08:54:17,906 - Test Accurancy: 0.8148
2026-04-12 08:54:24,757 - Round number: 50 --------------------------
2026-04-12 08:54:24,757 - Evaluate global model
2026-04-12 08:54:28,601 - Averaged Train Loss: 0.4874
2026-04-12 08:54:28,601 - Test Accurancy: 0.8161
2026-04-12 08:54:35,619 - Round number: 51 --------------------------
2026-04-12 08:54:35,619 - Evaluate global model
2026-04-12 08:54:39,108 - Averaged Train Loss: 0.4872
2026-04-12 08:54:39,108 - Test Accurancy: 0.8173
2026-04-12 08:54:45,916 - Round number: 52 --------------------------
2026-04-12 08:54:45,917 - Evaluate global model
2026-04-12 08:54:49,496 - Averaged Train Loss: 0.4892
2026-04-12 08:54:49,514 - Test Accurancy: 0.8153
2026-04-12 08:54:57,007 - Round number: 53 --------------------------
2026-04-12 08:54:57,007 - Evaluate global model
2026-04-12 08:55:00,406 - Averaged Train Loss: 0.4833
2026-04-12 08:55:00,406 - Test Accurancy: 0.8183
2026-04-12 08:55:07,765 - Round number: 54 --------------------------
2026-04-12 08:55:07,766 - Evaluate global model
2026-04-12 08:55:11,035 - Averaged Train Loss: 0.4813
2026-04-12 08:55:11,035 - Test Accurancy: 0.8189
2026-04-12 08:55:18,241 - Round number: 55 --------------------------
2026-04-12 08:55:18,241 - Evaluate global model
2026-04-12 08:55:21,243 - Averaged Train Loss: 0.4864
2026-04-12 08:55:21,243 - Test Accurancy: 0.8159
2026-04-12 08:55:28,728 - Round number: 56 --------------------------
2026-04-12 08:55:28,728 - Evaluate global model
2026-04-12 08:55:32,280 - Averaged Train Loss: 0.4828
2026-04-12 08:55:32,280 - Test Accurancy: 0.8184
2026-04-12 08:55:39,756 - Round number: 57 --------------------------
2026-04-12 08:55:39,756 - Evaluate global model
2026-04-12 08:55:43,536 - Averaged Train Loss: 0.4759
2026-04-12 08:55:43,537 - Test Accurancy: 0.8211
2026-04-12 08:55:50,476 - Round number: 58 --------------------------
2026-04-12 08:55:50,477 - Evaluate global model
2026-04-12 08:55:53,526 - Averaged Train Loss: 0.4767
2026-04-12 08:55:53,546 - Test Accurancy: 0.8202
2026-04-12 08:56:00,882 - Round number: 59 --------------------------
2026-04-12 08:56:00,882 - Evaluate global model
2026-04-12 08:56:03,927 - Averaged Train Loss: 0.4759
2026-04-12 08:56:03,927 - Test Accurancy: 0.8208
2026-04-12 08:56:11,526 - Round number: 60 --------------------------
2026-04-12 08:56:11,527 - Evaluate global model
2026-04-12 08:56:15,221 - Averaged Train Loss: 0.4761
2026-04-12 08:56:15,221 - Test Accurancy: 0.8208
2026-04-12 08:56:22,601 - Round number: 61 --------------------------
2026-04-12 08:56:22,601 - Evaluate global model
2026-04-12 08:56:26,084 - Averaged Train Loss: 0.4717
2026-04-12 08:56:26,084 - Test Accurancy: 0.8222
2026-04-12 08:56:33,355 - Round number: 62 --------------------------
2026-04-12 08:56:33,358 - Evaluate global model
2026-04-12 08:56:36,488 - Averaged Train Loss: 0.4725
2026-04-12 08:56:36,488 - Test Accurancy: 0.8221
2026-04-12 08:56:44,064 - Round number: 63 --------------------------
2026-04-12 08:56:44,065 - Evaluate global model
2026-04-12 08:56:47,559 - Averaged Train Loss: 0.4693
2026-04-12 08:56:47,559 - Test Accurancy: 0.8229
2026-04-12 08:56:55,207 - Round number: 64 --------------------------
2026-04-12 08:56:55,208 - Evaluate global model
2026-04-12 08:56:58,413 - Averaged Train Loss: 0.4676
2026-04-12 08:56:58,414 - Test Accurancy: 0.8235
2026-04-12 08:57:05,695 - Round number: 65 --------------------------
2026-04-12 08:57:05,695 - Evaluate global model
2026-04-12 08:57:08,933 - Averaged Train Loss: 0.4665
2026-04-12 08:57:08,933 - Test Accurancy: 0.8247
2026-04-12 08:57:16,597 - Round number: 66 --------------------------
2026-04-12 08:57:16,597 - Evaluate global model
2026-04-12 08:57:19,996 - Averaged Train Loss: 0.4677
2026-04-12 08:57:19,996 - Test Accurancy: 0.8248
2026-04-12 08:57:26,713 - Round number: 67 --------------------------
2026-04-12 08:57:26,713 - Evaluate global model
2026-04-12 08:57:30,656 - Averaged Train Loss: 0.4672
2026-04-12 08:57:30,656 - Test Accurancy: 0.8235
2026-04-12 08:57:37,551 - Round number: 68 --------------------------
2026-04-12 08:57:37,551 - Evaluate global model
2026-04-12 08:57:40,912 - Averaged Train Loss: 0.4657
2026-04-12 08:57:40,912 - Test Accurancy: 0.8245
2026-04-12 08:57:48,164 - Round number: 69 --------------------------
2026-04-12 08:57:48,164 - Evaluate global model
2026-04-12 08:57:50,890 - Averaged Train Loss: 0.4641
2026-04-12 08:57:50,890 - Test Accurancy: 0.8249
2026-04-12 08:57:58,779 - Round number: 70 --------------------------
2026-04-12 08:57:58,779 - Evaluate global model
2026-04-12 08:58:01,897 - Averaged Train Loss: 0.4642
2026-04-12 08:58:01,897 - Test Accurancy: 0.8248
2026-04-12 08:58:09,217 - Round number: 71 --------------------------
2026-04-12 08:58:09,217 - Evaluate global model
2026-04-12 08:58:12,920 - Averaged Train Loss: 0.4642
2026-04-12 08:58:12,926 - Test Accurancy: 0.8248
2026-04-12 08:58:19,988 - Round number: 72 --------------------------
2026-04-12 08:58:19,988 - Evaluate global model
2026-04-12 08:58:23,642 - Averaged Train Loss: 0.4642
2026-04-12 08:58:23,642 - Test Accurancy: 0.8257
2026-04-12 08:58:31,487 - Round number: 73 --------------------------
2026-04-12 08:58:31,487 - Evaluate global model
2026-04-12 08:58:34,715 - Averaged Train Loss: 0.4605
2026-04-12 08:58:34,716 - Test Accurancy: 0.8265
2026-04-12 08:58:42,374 - Round number: 74 --------------------------
2026-04-12 08:58:42,383 - Evaluate global model
2026-04-12 08:58:45,616 - Averaged Train Loss: 0.4620
2026-04-12 08:58:45,616 - Test Accurancy: 0.8263
2026-04-12 08:58:53,536 - Round number: 75 --------------------------
2026-04-12 08:58:53,539 - Evaluate global model
2026-04-12 08:58:56,816 - Averaged Train Loss: 0.4611
2026-04-12 08:58:56,816 - Test Accurancy: 0.8265
2026-04-12 08:59:04,001 - Round number: 76 --------------------------
2026-04-12 08:59:04,001 - Evaluate global model
2026-04-12 08:59:07,060 - Averaged Train Loss: 0.4624
2026-04-12 08:59:07,061 - Test Accurancy: 0.8259
2026-04-12 08:59:14,599 - Round number: 77 --------------------------
2026-04-12 08:59:14,599 - Evaluate global model
2026-04-12 08:59:17,757 - Averaged Train Loss: 0.4551
2026-04-12 08:59:17,757 - Test Accurancy: 0.8297
2026-04-12 08:59:25,370 - Round number: 78 --------------------------
2026-04-12 08:59:25,370 - Evaluate global model
2026-04-12 08:59:28,397 - Averaged Train Loss: 0.4580
2026-04-12 08:59:28,397 - Test Accurancy: 0.8281
2026-04-12 08:59:35,991 - Round number: 79 --------------------------
2026-04-12 08:59:35,991 - Evaluate global model
2026-04-12 08:59:39,444 - Averaged Train Loss: 0.4576
2026-04-12 08:59:39,455 - Test Accurancy: 0.8295
2026-04-12 08:59:46,722 - Round number: 80 --------------------------
2026-04-12 08:59:46,722 - Evaluate global model
2026-04-12 08:59:50,315 - Averaged Train Loss: 0.4551
2026-04-12 08:59:50,315 - Test Accurancy: 0.8301
2026-04-12 08:59:57,922 - Round number: 81 --------------------------
2026-04-12 08:59:57,923 - Evaluate global model
2026-04-12 09:00:01,006 - Averaged Train Loss: 0.4538
2026-04-12 09:00:01,007 - Test Accurancy: 0.8301
2026-04-12 09:00:08,141 - Round number: 82 --------------------------
2026-04-12 09:00:08,141 - Evaluate global model
2026-04-12 09:00:11,054 - Averaged Train Loss: 0.4546
2026-04-12 09:00:11,055 - Test Accurancy: 0.8298
2026-04-12 09:00:18,401 - Round number: 83 --------------------------
2026-04-12 09:00:18,401 - Evaluate global model
2026-04-12 09:00:22,226 - Averaged Train Loss: 0.4546
2026-04-12 09:00:22,238 - Test Accurancy: 0.8295
2026-04-12 09:00:29,575 - Round number: 84 --------------------------
2026-04-12 09:00:29,575 - Evaluate global model
2026-04-12 09:00:33,277 - Averaged Train Loss: 0.4540
2026-04-12 09:00:33,277 - Test Accurancy: 0.8305
2026-04-12 09:00:40,128 - Round number: 85 --------------------------
2026-04-12 09:00:40,128 - Evaluate global model
2026-04-12 09:00:43,895 - Averaged Train Loss: 0.4496
2026-04-12 09:00:43,895 - Test Accurancy: 0.8321
2026-04-12 09:00:50,747 - Round number: 86 --------------------------
2026-04-12 09:00:50,747 - Evaluate global model
2026-04-12 09:00:54,742 - Averaged Train Loss: 0.4490
2026-04-12 09:00:54,743 - Test Accurancy: 0.8331
2026-04-12 09:01:02,042 - Round number: 87 --------------------------
2026-04-12 09:01:02,042 - Evaluate global model
2026-04-12 09:01:05,772 - Averaged Train Loss: 0.4490
2026-04-12 09:01:05,772 - Test Accurancy: 0.8324
2026-04-12 09:01:13,196 - Round number: 88 --------------------------
2026-04-12 09:01:13,205 - Evaluate global model
2026-04-12 09:01:16,565 - Averaged Train Loss: 0.4495
2026-04-12 09:01:16,565 - Test Accurancy: 0.8316
2026-04-12 09:01:23,928 - Round number: 89 --------------------------
2026-04-12 09:01:23,928 - Evaluate global model
2026-04-12 09:01:27,359 - Averaged Train Loss: 0.4507
2026-04-12 09:01:27,360 - Test Accurancy: 0.8318
2026-04-12 09:01:34,821 - Round number: 90 --------------------------
2026-04-12 09:01:34,822 - Evaluate global model
2026-04-12 09:01:38,588 - Averaged Train Loss: 0.4481
2026-04-12 09:01:38,588 - Test Accurancy: 0.8334
2026-04-12 09:01:45,506 - Round number: 91 --------------------------
2026-04-12 09:01:45,507 - Evaluate global model
2026-04-12 09:01:48,893 - Averaged Train Loss: 0.4485
2026-04-12 09:01:48,894 - Test Accurancy: 0.8321
2026-04-12 09:01:56,117 - Round number: 92 --------------------------
2026-04-12 09:01:56,117 - Evaluate global model
2026-04-12 09:01:59,491 - Averaged Train Loss: 0.4487
2026-04-12 09:01:59,491 - Test Accurancy: 0.8320
2026-04-12 09:02:06,818 - Round number: 93 --------------------------
2026-04-12 09:02:06,818 - Evaluate global model
2026-04-12 09:02:10,152 - Averaged Train Loss: 0.4469
2026-04-12 09:02:10,166 - Test Accurancy: 0.8319
2026-04-12 09:02:17,346 - Round number: 94 --------------------------
2026-04-12 09:02:17,346 - Evaluate global model
2026-04-12 09:02:20,568 - Averaged Train Loss: 0.4479
2026-04-12 09:02:20,568 - Test Accurancy: 0.8323
2026-04-12 09:02:27,577 - Round number: 95 --------------------------
2026-04-12 09:02:27,577 - Evaluate global model
2026-04-12 09:02:31,570 - Averaged Train Loss: 0.4465
2026-04-12 09:02:31,570 - Test Accurancy: 0.8332
2026-04-12 09:02:38,533 - Round number: 96 --------------------------
2026-04-12 09:02:38,536 - Evaluate global model
2026-04-12 09:02:42,245 - Averaged Train Loss: 0.4461
2026-04-12 09:02:42,245 - Test Accurancy: 0.8330
2026-04-12 09:02:49,159 - Round number: 97 --------------------------
2026-04-12 09:02:49,160 - Evaluate global model
2026-04-12 09:02:53,021 - Averaged Train Loss: 0.4463
2026-04-12 09:02:53,021 - Test Accurancy: 0.8336
2026-04-12 09:03:00,154 - Round number: 98 --------------------------
2026-04-12 09:03:00,163 - Evaluate global model
2026-04-12 09:03:04,313 - Averaged Train Loss: 0.4464
2026-04-12 09:03:04,313 - Test Accurancy: 0.8323
2026-04-12 09:03:11,954 - Round number: 99 --------------------------
2026-04-12 09:03:11,955 - Evaluate global model
2026-04-12 09:03:15,327 - Averaged Train Loss: 0.4438
2026-04-12 09:03:15,327 - Test Accurancy: 0.8358
2026-04-12 09:03:21,806 - Round number: 100 --------------------------
2026-04-12 09:03:21,806 - Evaluate global model
2026-04-12 09:03:25,555 - Averaged Train Loss: 0.4432
2026-04-12 09:03:25,555 - Test Accurancy: 0.8354
2026-04-12 09:03:30,430 - Run over
2026-04-12 09:03:30,431 - Saving results to ./exp/exp4/FashionMNIST/median_none.h5
2026-04-12 09:03:30,438 - Best accuracy: 0.8357885120475048
2026-04-12 09:03:30,438 - Average time cost per round: 10.743038744926453
