2026-04-12 09:26:46,180 - *****************EXP-4*****************
2026-04-12 09:26:46,180 - Exp repeats: 1
2026-04-12 09:26:46,180 - Communication Rounds: 100
2026-04-12 09:26:46,180 - Clients: 40

2026-04-12 09:26:46,180 - Attack method: CAMP
2026-04-12 09:26:46,180 - Filtering rule: median
2026-04-12 09:26:46,180 - Dataset: FashionMNIST
2026-04-12 09:26:46,180 - Model: cnn
2026-04-12 09:26:46,180 - Learning Rate: 0.02
2026-04-12 09:26:46,180 - Batch Size: 64
2026-04-12 09:26:46,180 - Device: cuda
2026-04-12 09:26:46,180 - Device id: 0
2026-04-12 09:26:46,180 - Adversaries: 8
2026-04-12 09:26:46,180 - Model Poisoning: CAMP attack, mode clipping
2026-04-12 09:26:46,180 - *****************EXP-4*****************
2026-04-12 09:26:46,492 - Running time: 0th ==========================
2026-04-12 09:26:47,797 - Round number: 0 --------------------------
2026-04-12 09:26:47,797 - Evaluate global model
2026-04-12 09:26:49,244 - Averaged Train Loss: 2.3031
2026-04-12 09:26:49,244 - Test Accurancy: 0.1321
2026-04-12 09:26:53,824 - Round number: 1 --------------------------
2026-04-12 09:26:53,824 - Evaluate global model
2026-04-12 09:26:55,131 - Averaged Train Loss: 1.9105
2026-04-12 09:26:55,131 - Test Accurancy: 0.3937
2026-04-12 09:26:59,342 - Round number: 2 --------------------------
2026-04-12 09:26:59,342 - Evaluate global model
2026-04-12 09:27:00,878 - Averaged Train Loss: 1.3597
2026-04-12 09:27:00,878 - Test Accurancy: 0.5654
2026-04-12 09:27:04,865 - Round number: 3 --------------------------
2026-04-12 09:27:04,865 - Evaluate global model
2026-04-12 09:27:06,522 - Averaged Train Loss: 1.0516
2026-04-12 09:27:06,522 - Test Accurancy: 0.6413
2026-04-12 09:27:10,384 - Round number: 4 --------------------------
2026-04-12 09:27:10,385 - Evaluate global model
2026-04-12 09:27:12,029 - Averaged Train Loss: 0.9071
2026-04-12 09:27:12,030 - Test Accurancy: 0.6811
2026-04-12 09:27:16,049 - Round number: 5 --------------------------
2026-04-12 09:27:16,049 - Evaluate global model
2026-04-12 09:27:17,537 - Averaged Train Loss: 0.8271
2026-04-12 09:27:17,537 - Test Accurancy: 0.7078
2026-04-12 09:27:21,748 - Round number: 6 --------------------------
2026-04-12 09:27:21,748 - Evaluate global model
2026-04-12 09:27:23,114 - Averaged Train Loss: 0.7830
2026-04-12 09:27:23,115 - Test Accurancy: 0.7205
2026-04-12 09:27:27,394 - Round number: 7 --------------------------
2026-04-12 09:27:27,394 - Evaluate global model
2026-04-12 09:27:28,813 - Averaged Train Loss: 0.7419
2026-04-12 09:27:28,813 - Test Accurancy: 0.7298
2026-04-12 09:27:32,897 - Round number: 8 --------------------------
2026-04-12 09:27:32,897 - Evaluate global model
2026-04-12 09:27:34,551 - Averaged Train Loss: 0.7250
2026-04-12 09:27:34,551 - Test Accurancy: 0.7346
2026-04-12 09:27:38,415 - Round number: 9 --------------------------
2026-04-12 09:27:38,416 - Evaluate global model
2026-04-12 09:27:40,068 - Averaged Train Loss: 0.7068
2026-04-12 09:27:40,068 - Test Accurancy: 0.7399
2026-04-12 09:27:43,984 - Round number: 10 --------------------------
2026-04-12 09:27:43,984 - Evaluate global model
2026-04-12 09:27:45,585 - Averaged Train Loss: 0.6877
2026-04-12 09:27:45,585 - Test Accurancy: 0.7487
2026-04-12 09:27:49,684 - Round number: 11 --------------------------
2026-04-12 09:27:49,685 - Evaluate global model
2026-04-12 09:27:51,100 - Averaged Train Loss: 0.6711
2026-04-12 09:27:51,100 - Test Accurancy: 0.7537
2026-04-12 09:27:55,447 - Round number: 12 --------------------------
2026-04-12 09:27:55,447 - Evaluate global model
2026-04-12 09:27:56,820 - Averaged Train Loss: 0.6520
2026-04-12 09:27:56,821 - Test Accurancy: 0.7589
2026-04-12 09:28:01,020 - Round number: 13 --------------------------
2026-04-12 09:28:01,020 - Evaluate global model
2026-04-12 09:28:02,571 - Averaged Train Loss: 0.6412
2026-04-12 09:28:02,571 - Test Accurancy: 0.7630
2026-04-12 09:28:06,546 - Round number: 14 --------------------------
2026-04-12 09:28:06,546 - Evaluate global model
2026-04-12 09:28:08,235 - Averaged Train Loss: 0.6358
2026-04-12 09:28:08,236 - Test Accurancy: 0.7646
2026-04-12 09:28:12,077 - Round number: 15 --------------------------
2026-04-12 09:28:12,077 - Evaluate global model
2026-04-12 09:28:13,753 - Averaged Train Loss: 0.6291
2026-04-12 09:28:13,753 - Test Accurancy: 0.7680
2026-04-12 09:28:17,747 - Round number: 16 --------------------------
2026-04-12 09:28:17,747 - Evaluate global model
2026-04-12 09:28:19,288 - Averaged Train Loss: 0.6169
2026-04-12 09:28:19,288 - Test Accurancy: 0.7721
2026-04-12 09:28:23,486 - Round number: 17 --------------------------
2026-04-12 09:28:23,487 - Evaluate global model
2026-04-12 09:28:24,905 - Averaged Train Loss: 0.5995
2026-04-12 09:28:24,905 - Test Accurancy: 0.7764
2026-04-12 09:28:29,171 - Round number: 18 --------------------------
2026-04-12 09:28:29,171 - Evaluate global model
2026-04-12 09:28:30,612 - Averaged Train Loss: 0.6008
2026-04-12 09:28:30,612 - Test Accurancy: 0.7769
2026-04-12 09:28:34,676 - Round number: 19 --------------------------
2026-04-12 09:28:34,676 - Evaluate global model
2026-04-12 09:28:36,344 - Averaged Train Loss: 0.5922
2026-04-12 09:28:36,344 - Test Accurancy: 0.7781
2026-04-12 09:28:40,199 - Round number: 20 --------------------------
2026-04-12 09:28:40,200 - Evaluate global model
2026-04-12 09:28:41,898 - Averaged Train Loss: 0.5853
2026-04-12 09:28:41,898 - Test Accurancy: 0.7814
2026-04-12 09:28:45,778 - Round number: 21 --------------------------
2026-04-12 09:28:45,778 - Evaluate global model
2026-04-12 09:28:47,429 - Averaged Train Loss: 0.5827
2026-04-12 09:28:47,429 - Test Accurancy: 0.7831
2026-04-12 09:28:51,486 - Round number: 22 --------------------------
2026-04-12 09:28:51,486 - Evaluate global model
2026-04-12 09:28:52,952 - Averaged Train Loss: 0.5808
2026-04-12 09:28:52,952 - Test Accurancy: 0.7847
2026-04-12 09:28:57,219 - Round number: 23 --------------------------
2026-04-12 09:28:57,219 - Evaluate global model
2026-04-12 09:28:58,630 - Averaged Train Loss: 0.5685
2026-04-12 09:28:58,630 - Test Accurancy: 0.7867
2026-04-12 09:29:02,776 - Round number: 24 --------------------------
2026-04-12 09:29:02,776 - Evaluate global model
2026-04-12 09:29:04,339 - Averaged Train Loss: 0.5702
2026-04-12 09:29:04,339 - Test Accurancy: 0.7893
2026-04-12 09:29:08,293 - Round number: 25 --------------------------
2026-04-12 09:29:08,293 - Evaluate global model
2026-04-12 09:29:10,004 - Averaged Train Loss: 0.5561
2026-04-12 09:29:10,004 - Test Accurancy: 0.7926
2026-04-12 09:29:13,828 - Round number: 26 --------------------------
2026-04-12 09:29:13,828 - Evaluate global model
2026-04-12 09:29:15,551 - Averaged Train Loss: 0.5538
2026-04-12 09:29:15,551 - Test Accurancy: 0.7920
2026-04-12 09:29:19,484 - Round number: 27 --------------------------
2026-04-12 09:29:19,484 - Evaluate global model
2026-04-12 09:29:21,074 - Averaged Train Loss: 0.5473
2026-04-12 09:29:21,074 - Test Accurancy: 0.7954
2026-04-12 09:29:25,210 - Round number: 28 --------------------------
2026-04-12 09:29:25,211 - Evaluate global model
2026-04-12 09:29:26,671 - Averaged Train Loss: 0.5436
2026-04-12 09:29:26,672 - Test Accurancy: 0.7960
2026-04-12 09:29:30,930 - Round number: 29 --------------------------
2026-04-12 09:29:30,930 - Evaluate global model
2026-04-12 09:29:32,404 - Averaged Train Loss: 0.5378
2026-04-12 09:29:32,404 - Test Accurancy: 0.7990
2026-04-12 09:29:36,452 - Round number: 30 --------------------------
2026-04-12 09:29:36,453 - Evaluate global model
2026-04-12 09:29:38,147 - Averaged Train Loss: 0.5360
2026-04-12 09:29:38,147 - Test Accurancy: 0.7999
2026-04-12 09:29:41,984 - Round number: 31 --------------------------
2026-04-12 09:29:41,984 - Evaluate global model
2026-04-12 09:29:43,723 - Averaged Train Loss: 0.5304
2026-04-12 09:29:43,723 - Test Accurancy: 0.8004
2026-04-12 09:29:47,545 - Round number: 32 --------------------------
2026-04-12 09:29:47,545 - Evaluate global model
2026-04-12 09:29:49,238 - Averaged Train Loss: 0.5340
2026-04-12 09:29:49,238 - Test Accurancy: 0.8005
2026-04-12 09:29:53,247 - Round number: 33 --------------------------
2026-04-12 09:29:53,247 - Evaluate global model
2026-04-12 09:29:54,765 - Averaged Train Loss: 0.5277
2026-04-12 09:29:54,765 - Test Accurancy: 0.8042
2026-04-12 09:29:58,974 - Round number: 34 --------------------------
2026-04-12 09:29:58,975 - Evaluate global model
2026-04-12 09:30:00,424 - Averaged Train Loss: 0.5266
2026-04-12 09:30:00,424 - Test Accurancy: 0.8028
2026-04-12 09:30:04,543 - Round number: 35 --------------------------
2026-04-12 09:30:04,544 - Evaluate global model
2026-04-12 09:30:06,129 - Averaged Train Loss: 0.5217
2026-04-12 09:30:06,129 - Test Accurancy: 0.8055
2026-04-12 09:30:10,061 - Round number: 36 --------------------------
2026-04-12 09:30:10,061 - Evaluate global model
2026-04-12 09:30:11,814 - Averaged Train Loss: 0.5197
2026-04-12 09:30:11,814 - Test Accurancy: 0.8054
2026-04-12 09:30:15,584 - Round number: 37 --------------------------
2026-04-12 09:30:15,584 - Evaluate global model
2026-04-12 09:30:17,348 - Averaged Train Loss: 0.5125
2026-04-12 09:30:17,348 - Test Accurancy: 0.8064
2026-04-12 09:30:21,243 - Round number: 38 --------------------------
2026-04-12 09:30:21,243 - Evaluate global model
2026-04-12 09:30:22,869 - Averaged Train Loss: 0.5186
2026-04-12 09:30:22,869 - Test Accurancy: 0.8055
2026-04-12 09:30:26,959 - Round number: 39 --------------------------
2026-04-12 09:30:26,959 - Evaluate global model
2026-04-12 09:30:28,463 - Averaged Train Loss: 0.5104
2026-04-12 09:30:28,463 - Test Accurancy: 0.8089
2026-04-12 09:30:32,657 - Round number: 40 --------------------------
2026-04-12 09:30:32,658 - Evaluate global model
2026-04-12 09:30:34,176 - Averaged Train Loss: 0.5059
2026-04-12 09:30:34,177 - Test Accurancy: 0.8096
2026-04-12 09:30:38,182 - Round number: 41 --------------------------
2026-04-12 09:30:38,182 - Evaluate global model
2026-04-12 09:30:39,898 - Averaged Train Loss: 0.5070
2026-04-12 09:30:39,898 - Test Accurancy: 0.8107
2026-04-12 09:30:43,696 - Round number: 42 --------------------------
2026-04-12 09:30:43,696 - Evaluate global model
2026-04-12 09:30:45,482 - Averaged Train Loss: 0.5048
2026-04-12 09:30:45,482 - Test Accurancy: 0.8102
2026-04-12 09:30:49,265 - Round number: 43 --------------------------
2026-04-12 09:30:49,266 - Evaluate global model
2026-04-12 09:30:50,990 - Averaged Train Loss: 0.5041
2026-04-12 09:30:50,990 - Test Accurancy: 0.8099
2026-04-12 09:30:54,942 - Round number: 44 --------------------------
2026-04-12 09:30:54,942 - Evaluate global model
2026-04-12 09:30:56,506 - Averaged Train Loss: 0.5007
2026-04-12 09:30:56,506 - Test Accurancy: 0.8123
2026-04-12 09:31:00,631 - Round number: 45 --------------------------
2026-04-12 09:31:00,631 - Evaluate global model
2026-04-12 09:31:02,137 - Averaged Train Loss: 0.4953
2026-04-12 09:31:02,137 - Test Accurancy: 0.8139
2026-04-12 09:31:06,219 - Round number: 46 --------------------------
2026-04-12 09:31:06,219 - Evaluate global model
2026-04-12 09:31:07,834 - Averaged Train Loss: 0.4940
2026-04-12 09:31:07,834 - Test Accurancy: 0.8135
2026-04-12 09:31:11,710 - Round number: 47 --------------------------
2026-04-12 09:31:11,711 - Evaluate global model
2026-04-12 09:31:13,489 - Averaged Train Loss: 0.4969
2026-04-12 09:31:13,489 - Test Accurancy: 0.8128
2026-04-12 09:31:17,229 - Round number: 48 --------------------------
2026-04-12 09:31:17,229 - Evaluate global model
2026-04-12 09:31:18,999 - Averaged Train Loss: 0.4910
2026-04-12 09:31:18,999 - Test Accurancy: 0.8149
2026-04-12 09:31:22,864 - Round number: 49 --------------------------
2026-04-12 09:31:22,864 - Evaluate global model
2026-04-12 09:31:24,513 - Averaged Train Loss: 0.4934
2026-04-12 09:31:24,513 - Test Accurancy: 0.8161
2026-04-12 09:31:28,583 - Round number: 50 --------------------------
2026-04-12 09:31:28,583 - Evaluate global model
2026-04-12 09:31:30,120 - Averaged Train Loss: 0.4851
2026-04-12 09:31:30,121 - Test Accurancy: 0.8169
2026-04-12 09:31:34,257 - Round number: 51 --------------------------
2026-04-12 09:31:34,258 - Evaluate global model
2026-04-12 09:31:35,821 - Averaged Train Loss: 0.4850
2026-04-12 09:31:35,821 - Test Accurancy: 0.8187
2026-04-12 09:31:39,801 - Round number: 52 --------------------------
2026-04-12 09:31:39,801 - Evaluate global model
2026-04-12 09:31:41,521 - Averaged Train Loss: 0.4894
2026-04-12 09:31:41,522 - Test Accurancy: 0.8155
2026-04-12 09:31:45,335 - Round number: 53 --------------------------
2026-04-12 09:31:45,335 - Evaluate global model
2026-04-12 09:31:47,140 - Averaged Train Loss: 0.4811
2026-04-12 09:31:47,140 - Test Accurancy: 0.8215
2026-04-12 09:31:50,937 - Round number: 54 --------------------------
2026-04-12 09:31:50,937 - Evaluate global model
2026-04-12 09:31:52,672 - Averaged Train Loss: 0.4810
2026-04-12 09:31:52,672 - Test Accurancy: 0.8177
2026-04-12 09:31:56,624 - Round number: 55 --------------------------
2026-04-12 09:31:56,624 - Evaluate global model
2026-04-12 09:31:58,205 - Averaged Train Loss: 0.4859
2026-04-12 09:31:58,205 - Test Accurancy: 0.8162
2026-04-12 09:32:02,306 - Round number: 56 --------------------------
2026-04-12 09:32:02,306 - Evaluate global model
2026-04-12 09:32:03,832 - Averaged Train Loss: 0.4815
2026-04-12 09:32:03,832 - Test Accurancy: 0.8201
2026-04-12 09:32:07,908 - Round number: 57 --------------------------
2026-04-12 09:32:07,908 - Evaluate global model
2026-04-12 09:32:09,532 - Averaged Train Loss: 0.4732
2026-04-12 09:32:09,532 - Test Accurancy: 0.8225
2026-04-12 09:32:13,408 - Round number: 58 --------------------------
2026-04-12 09:32:13,408 - Evaluate global model
2026-04-12 09:32:15,164 - Averaged Train Loss: 0.4753
2026-04-12 09:32:15,164 - Test Accurancy: 0.8204
2026-04-12 09:32:18,942 - Round number: 59 --------------------------
2026-04-12 09:32:18,943 - Evaluate global model
2026-04-12 09:32:20,693 - Averaged Train Loss: 0.4742
2026-04-12 09:32:20,693 - Test Accurancy: 0.8220
2026-04-12 09:32:24,553 - Round number: 60 --------------------------
2026-04-12 09:32:24,553 - Evaluate global model
2026-04-12 09:32:26,182 - Averaged Train Loss: 0.4771
2026-04-12 09:32:26,182 - Test Accurancy: 0.8215
2026-04-12 09:32:30,255 - Round number: 61 --------------------------
2026-04-12 09:32:30,255 - Evaluate global model
2026-04-12 09:32:31,793 - Averaged Train Loss: 0.4700
2026-04-12 09:32:31,793 - Test Accurancy: 0.8227
2026-04-12 09:32:35,906 - Round number: 62 --------------------------
2026-04-12 09:32:35,906 - Evaluate global model
2026-04-12 09:32:37,484 - Averaged Train Loss: 0.4733
2026-04-12 09:32:37,484 - Test Accurancy: 0.8217
2026-04-12 09:32:41,465 - Round number: 63 --------------------------
2026-04-12 09:32:41,466 - Evaluate global model
2026-04-12 09:32:43,160 - Averaged Train Loss: 0.4679
2026-04-12 09:32:43,161 - Test Accurancy: 0.8241
2026-04-12 09:32:46,995 - Round number: 64 --------------------------
2026-04-12 09:32:46,995 - Evaluate global model
2026-04-12 09:32:48,787 - Averaged Train Loss: 0.4658
2026-04-12 09:32:48,787 - Test Accurancy: 0.8249
2026-04-12 09:32:52,599 - Round number: 65 --------------------------
2026-04-12 09:32:52,599 - Evaluate global model
2026-04-12 09:32:54,311 - Averaged Train Loss: 0.4655
2026-04-12 09:32:54,311 - Test Accurancy: 0.8268
2026-04-12 09:32:58,278 - Round number: 66 --------------------------
2026-04-12 09:32:58,278 - Evaluate global model
2026-04-12 09:32:59,863 - Averaged Train Loss: 0.4686
2026-04-12 09:32:59,863 - Test Accurancy: 0.8235
2026-04-12 09:33:03,930 - Round number: 67 --------------------------
2026-04-12 09:33:03,930 - Evaluate global model
2026-04-12 09:33:05,481 - Averaged Train Loss: 0.4647
2026-04-12 09:33:05,481 - Test Accurancy: 0.8245
2026-04-12 09:33:09,546 - Round number: 68 --------------------------
2026-04-12 09:33:09,546 - Evaluate global model
2026-04-12 09:33:11,161 - Averaged Train Loss: 0.4645
2026-04-12 09:33:11,161 - Test Accurancy: 0.8260
2026-04-12 09:33:15,055 - Round number: 69 --------------------------
2026-04-12 09:33:15,055 - Evaluate global model
2026-04-12 09:33:16,787 - Averaged Train Loss: 0.4630
2026-04-12 09:33:16,787 - Test Accurancy: 0.8260
2026-04-12 09:33:20,596 - Round number: 70 --------------------------
2026-04-12 09:33:20,596 - Evaluate global model
2026-04-12 09:33:22,334 - Averaged Train Loss: 0.4652
2026-04-12 09:33:22,334 - Test Accurancy: 0.8247
2026-04-12 09:33:26,211 - Round number: 71 --------------------------
2026-04-12 09:33:26,211 - Evaluate global model
2026-04-12 09:33:27,858 - Averaged Train Loss: 0.4608
2026-04-12 09:33:27,858 - Test Accurancy: 0.8267
2026-04-12 09:33:31,922 - Round number: 72 --------------------------
2026-04-12 09:33:31,922 - Evaluate global model
2026-04-12 09:33:33,477 - Averaged Train Loss: 0.4639
2026-04-12 09:33:33,477 - Test Accurancy: 0.8255
2026-04-12 09:33:37,545 - Round number: 73 --------------------------
2026-04-12 09:33:37,545 - Evaluate global model
2026-04-12 09:33:39,147 - Averaged Train Loss: 0.4569
2026-04-12 09:33:39,148 - Test Accurancy: 0.8285
2026-04-12 09:33:43,138 - Round number: 74 --------------------------
2026-04-12 09:33:43,139 - Evaluate global model
2026-04-12 09:33:44,812 - Averaged Train Loss: 0.4596
2026-04-12 09:33:44,812 - Test Accurancy: 0.8267
2026-04-12 09:33:48,673 - Round number: 75 --------------------------
2026-04-12 09:33:48,673 - Evaluate global model
2026-04-12 09:33:50,463 - Averaged Train Loss: 0.4589
2026-04-12 09:33:50,463 - Test Accurancy: 0.8281
2026-04-12 09:33:54,305 - Round number: 76 --------------------------
2026-04-12 09:33:54,306 - Evaluate global model
2026-04-12 09:33:56,003 - Averaged Train Loss: 0.4606
2026-04-12 09:33:56,003 - Test Accurancy: 0.8253
2026-04-12 09:33:59,991 - Round number: 77 --------------------------
2026-04-12 09:33:59,992 - Evaluate global model
2026-04-12 09:34:01,599 - Averaged Train Loss: 0.4516
2026-04-12 09:34:01,599 - Test Accurancy: 0.8317
2026-04-12 09:34:05,652 - Round number: 78 --------------------------
2026-04-12 09:34:05,652 - Evaluate global model
2026-04-12 09:34:07,226 - Averaged Train Loss: 0.4571
2026-04-12 09:34:07,227 - Test Accurancy: 0.8283
2026-04-12 09:34:11,293 - Round number: 79 --------------------------
2026-04-12 09:34:11,294 - Evaluate global model
2026-04-12 09:34:12,905 - Averaged Train Loss: 0.4564
2026-04-12 09:34:12,905 - Test Accurancy: 0.8305
2026-04-12 09:34:16,796 - Round number: 80 --------------------------
2026-04-12 09:34:16,796 - Evaluate global model
2026-04-12 09:34:18,524 - Averaged Train Loss: 0.4529
2026-04-12 09:34:18,524 - Test Accurancy: 0.8310
2026-04-12 09:34:22,369 - Round number: 81 --------------------------
2026-04-12 09:34:22,370 - Evaluate global model
2026-04-12 09:34:24,095 - Averaged Train Loss: 0.4536
2026-04-12 09:34:24,095 - Test Accurancy: 0.8304
2026-04-12 09:34:27,992 - Round number: 82 --------------------------
2026-04-12 09:34:27,992 - Evaluate global model
2026-04-12 09:34:29,632 - Averaged Train Loss: 0.4544
2026-04-12 09:34:29,632 - Test Accurancy: 0.8300
2026-04-12 09:34:33,659 - Round number: 83 --------------------------
2026-04-12 09:34:33,660 - Evaluate global model
2026-04-12 09:34:35,241 - Averaged Train Loss: 0.4520
2026-04-12 09:34:35,242 - Test Accurancy: 0.8303
2026-04-12 09:34:39,280 - Round number: 84 --------------------------
2026-04-12 09:34:39,280 - Evaluate global model
2026-04-12 09:34:40,892 - Averaged Train Loss: 0.4530
2026-04-12 09:34:40,892 - Test Accurancy: 0.8314
2026-04-12 09:34:44,865 - Round number: 85 --------------------------
2026-04-12 09:34:44,865 - Evaluate global model
2026-04-12 09:34:46,509 - Averaged Train Loss: 0.4465
2026-04-12 09:34:46,509 - Test Accurancy: 0.8331
2026-04-12 09:34:50,379 - Round number: 86 --------------------------
2026-04-12 09:34:50,380 - Evaluate global model
2026-04-12 09:34:52,153 - Averaged Train Loss: 0.4459
2026-04-12 09:34:52,153 - Test Accurancy: 0.8342
2026-04-12 09:34:56,018 - Round number: 87 --------------------------
2026-04-12 09:34:56,018 - Evaluate global model
2026-04-12 09:34:57,704 - Averaged Train Loss: 0.4485
2026-04-12 09:34:57,704 - Test Accurancy: 0.8321
2026-04-12 09:35:01,697 - Round number: 88 --------------------------
2026-04-12 09:35:01,698 - Evaluate global model
2026-04-12 09:35:03,338 - Averaged Train Loss: 0.4478
2026-04-12 09:35:03,338 - Test Accurancy: 0.8329
2026-04-12 09:35:07,372 - Round number: 89 --------------------------
2026-04-12 09:35:07,372 - Evaluate global model
2026-04-12 09:35:08,984 - Averaged Train Loss: 0.4494
2026-04-12 09:35:08,984 - Test Accurancy: 0.8313
2026-04-12 09:35:13,015 - Round number: 90 --------------------------
2026-04-12 09:35:13,015 - Evaluate global model
2026-04-12 09:35:14,635 - Averaged Train Loss: 0.4451
2026-04-12 09:35:14,635 - Test Accurancy: 0.8333
2026-04-12 09:35:18,556 - Round number: 91 --------------------------
2026-04-12 09:35:18,556 - Evaluate global model
2026-04-12 09:35:20,275 - Averaged Train Loss: 0.4476
2026-04-12 09:35:20,275 - Test Accurancy: 0.8328
2026-04-12 09:35:24,163 - Round number: 92 --------------------------
2026-04-12 09:35:24,164 - Evaluate global model
2026-04-12 09:35:25,889 - Averaged Train Loss: 0.4461
2026-04-12 09:35:25,889 - Test Accurancy: 0.8331
2026-04-12 09:35:29,797 - Round number: 93 --------------------------
2026-04-12 09:35:29,797 - Evaluate global model
2026-04-12 09:35:31,449 - Averaged Train Loss: 0.4446
2026-04-12 09:35:31,449 - Test Accurancy: 0.8335
2026-04-12 09:35:35,440 - Round number: 94 --------------------------
2026-04-12 09:35:35,440 - Evaluate global model
2026-04-12 09:35:37,060 - Averaged Train Loss: 0.4466
2026-04-12 09:35:37,060 - Test Accurancy: 0.8325
2026-04-12 09:35:41,076 - Round number: 95 --------------------------
2026-04-12 09:35:41,076 - Evaluate global model
2026-04-12 09:35:42,709 - Averaged Train Loss: 0.4448
2026-04-12 09:35:42,709 - Test Accurancy: 0.8336
2026-04-12 09:35:46,679 - Round number: 96 --------------------------
2026-04-12 09:35:46,679 - Evaluate global model
2026-04-12 09:35:48,308 - Averaged Train Loss: 0.4454
2026-04-12 09:35:48,308 - Test Accurancy: 0.8340
2026-04-12 09:35:52,205 - Round number: 97 --------------------------
2026-04-12 09:35:52,205 - Evaluate global model
2026-04-12 09:35:53,946 - Averaged Train Loss: 0.4454
2026-04-12 09:35:53,947 - Test Accurancy: 0.8336
2026-04-12 09:35:57,822 - Round number: 98 --------------------------
2026-04-12 09:35:57,822 - Evaluate global model
2026-04-12 09:35:59,492 - Averaged Train Loss: 0.4442
2026-04-12 09:35:59,492 - Test Accurancy: 0.8330
2026-04-12 09:36:03,449 - Round number: 99 --------------------------
2026-04-12 09:36:03,450 - Evaluate global model
2026-04-12 09:36:05,082 - Averaged Train Loss: 0.4418
2026-04-12 09:36:05,082 - Test Accurancy: 0.8362
2026-04-12 09:36:09,076 - Round number: 100 --------------------------
2026-04-12 09:36:09,076 - Evaluate global model
2026-04-12 09:36:10,707 - Averaged Train Loss: 0.4407
2026-04-12 09:36:10,708 - Test Accurancy: 0.8360
2026-04-12 09:36:14,153 - Run over
2026-04-12 09:36:14,154 - Saving results to ./exp/exp4/FashionMNIST/median_CAMP_clipping.h5
2026-04-12 09:36:14,158 - Best accuracy: 0.8361881923033002
2026-04-12 09:36:14,158 - Average time cost per round: 5.603342325687408
