2026-04-12 09:16:15,949 - *****************EXP-4*****************
2026-04-12 09:16:15,949 - Exp repeats: 1
2026-04-12 09:16:15,949 - Communication Rounds: 100
2026-04-12 09:16:15,949 - Clients: 40

2026-04-12 09:16:15,949 - Attack method: MPAF
2026-04-12 09:16:15,949 - Filtering rule: median
2026-04-12 09:16:15,949 - Dataset: FashionMNIST
2026-04-12 09:16:15,950 - Model: cnn
2026-04-12 09:16:15,950 - Learning Rate: 0.02
2026-04-12 09:16:15,950 - Batch Size: 64
2026-04-12 09:16:15,950 - Device: cuda
2026-04-12 09:16:15,950 - Device id: 0
2026-04-12 09:16:15,950 - Adversaries: 8
2026-04-12 09:16:15,950 - *****************EXP-4*****************
2026-04-12 09:16:16,292 - Running time: 0th ==========================
2026-04-12 09:16:16,308 - Initialized MPAF model
2026-04-12 09:16:17,666 - Round number: 0 --------------------------
2026-04-12 09:16:17,666 - Evaluate global model
2026-04-12 09:16:19,277 - Averaged Train Loss: 2.3031
2026-04-12 09:16:19,278 - Test Accurancy: 0.1321
2026-04-12 09:16:23,799 - Round number: 1 --------------------------
2026-04-12 09:16:23,799 - Evaluate global model
2026-04-12 09:16:25,035 - Averaged Train Loss: 1.9363
2026-04-12 09:16:25,035 - Test Accurancy: 0.3956
2026-04-12 09:16:29,320 - Round number: 2 --------------------------
2026-04-12 09:16:29,321 - Evaluate global model
2026-04-12 09:16:30,722 - Averaged Train Loss: 1.3937
2026-04-12 09:16:30,722 - Test Accurancy: 0.5711
2026-04-12 09:16:34,866 - Round number: 3 --------------------------
2026-04-12 09:16:34,866 - Evaluate global model
2026-04-12 09:16:36,333 - Averaged Train Loss: 1.0896
2026-04-12 09:16:36,333 - Test Accurancy: 0.6370
2026-04-12 09:16:40,417 - Round number: 4 --------------------------
2026-04-12 09:16:40,417 - Evaluate global model
2026-04-12 09:16:41,938 - Averaged Train Loss: 0.9405
2026-04-12 09:16:41,938 - Test Accurancy: 0.6729
2026-04-12 09:16:46,057 - Round number: 5 --------------------------
2026-04-12 09:16:46,057 - Evaluate global model
2026-04-12 09:16:47,489 - Averaged Train Loss: 0.8591
2026-04-12 09:16:47,489 - Test Accurancy: 0.6978
2026-04-12 09:16:51,742 - Round number: 6 --------------------------
2026-04-12 09:16:51,742 - Evaluate global model
2026-04-12 09:16:53,146 - Averaged Train Loss: 0.8125
2026-04-12 09:16:53,146 - Test Accurancy: 0.7124
2026-04-12 09:16:57,349 - Round number: 7 --------------------------
2026-04-12 09:16:57,349 - Evaluate global model
2026-04-12 09:16:58,834 - Averaged Train Loss: 0.7728
2026-04-12 09:16:58,835 - Test Accurancy: 0.7226
2026-04-12 09:17:02,979 - Round number: 8 --------------------------
2026-04-12 09:17:02,979 - Evaluate global model
2026-04-12 09:17:04,507 - Averaged Train Loss: 0.7537
2026-04-12 09:17:04,507 - Test Accurancy: 0.7267
2026-04-12 09:17:08,627 - Round number: 9 --------------------------
2026-04-12 09:17:08,627 - Evaluate global model
2026-04-12 09:17:10,105 - Averaged Train Loss: 0.7359
2026-04-12 09:17:10,105 - Test Accurancy: 0.7339
2026-04-12 09:17:14,315 - Round number: 10 --------------------------
2026-04-12 09:17:14,315 - Evaluate global model
2026-04-12 09:17:15,660 - Averaged Train Loss: 0.7167
2026-04-12 09:17:15,660 - Test Accurancy: 0.7411
2026-04-12 09:17:20,019 - Round number: 11 --------------------------
2026-04-12 09:17:20,019 - Evaluate global model
2026-04-12 09:17:21,279 - Averaged Train Loss: 0.7026
2026-04-12 09:17:21,279 - Test Accurancy: 0.7456
2026-04-12 09:17:25,654 - Round number: 12 --------------------------
2026-04-12 09:17:25,654 - Evaluate global model
2026-04-12 09:17:26,963 - Averaged Train Loss: 0.6858
2026-04-12 09:17:26,963 - Test Accurancy: 0.7507
2026-04-12 09:17:31,194 - Round number: 13 --------------------------
2026-04-12 09:17:31,194 - Evaluate global model
2026-04-12 09:17:32,643 - Averaged Train Loss: 0.6762
2026-04-12 09:17:32,643 - Test Accurancy: 0.7531
2026-04-12 09:17:36,733 - Round number: 14 --------------------------
2026-04-12 09:17:36,733 - Evaluate global model
2026-04-12 09:17:38,245 - Averaged Train Loss: 0.6685
2026-04-12 09:17:38,245 - Test Accurancy: 0.7563
2026-04-12 09:17:42,328 - Round number: 15 --------------------------
2026-04-12 09:17:42,328 - Evaluate global model
2026-04-12 09:17:43,824 - Averaged Train Loss: 0.6624
2026-04-12 09:17:43,824 - Test Accurancy: 0.7582
2026-04-12 09:17:47,992 - Round number: 16 --------------------------
2026-04-12 09:17:47,992 - Evaluate global model
2026-04-12 09:17:49,399 - Averaged Train Loss: 0.6531
2026-04-12 09:17:49,399 - Test Accurancy: 0.7608
2026-04-12 09:17:53,640 - Round number: 17 --------------------------
2026-04-12 09:17:53,640 - Evaluate global model
2026-04-12 09:17:55,052 - Averaged Train Loss: 0.6370
2026-04-12 09:17:55,052 - Test Accurancy: 0.7667
2026-04-12 09:17:59,229 - Round number: 18 --------------------------
2026-04-12 09:17:59,229 - Evaluate global model
2026-04-12 09:18:00,710 - Averaged Train Loss: 0.6363
2026-04-12 09:18:00,711 - Test Accurancy: 0.7676
2026-04-12 09:18:04,832 - Round number: 19 --------------------------
2026-04-12 09:18:04,832 - Evaluate global model
2026-04-12 09:18:06,310 - Averaged Train Loss: 0.6299
2026-04-12 09:18:06,311 - Test Accurancy: 0.7692
2026-04-12 09:18:10,455 - Round number: 20 --------------------------
2026-04-12 09:18:10,455 - Evaluate global model
2026-04-12 09:18:11,866 - Averaged Train Loss: 0.6235
2026-04-12 09:18:11,866 - Test Accurancy: 0.7712
2026-04-12 09:18:16,156 - Round number: 21 --------------------------
2026-04-12 09:18:16,156 - Evaluate global model
2026-04-12 09:18:17,451 - Averaged Train Loss: 0.6227
2026-04-12 09:18:17,451 - Test Accurancy: 0.7718
2026-04-12 09:18:21,835 - Round number: 22 --------------------------
2026-04-12 09:18:21,835 - Evaluate global model
2026-04-12 09:18:23,112 - Averaged Train Loss: 0.6196
2026-04-12 09:18:23,112 - Test Accurancy: 0.7735
2026-04-12 09:18:27,394 - Round number: 23 --------------------------
2026-04-12 09:18:27,394 - Evaluate global model
2026-04-12 09:18:28,794 - Averaged Train Loss: 0.6121
2026-04-12 09:18:28,794 - Test Accurancy: 0.7756
2026-04-12 09:18:32,934 - Round number: 24 --------------------------
2026-04-12 09:18:32,934 - Evaluate global model
2026-04-12 09:18:34,449 - Averaged Train Loss: 0.6127
2026-04-12 09:18:34,450 - Test Accurancy: 0.7761
2026-04-12 09:18:38,466 - Round number: 25 --------------------------
2026-04-12 09:18:38,466 - Evaluate global model
2026-04-12 09:18:40,003 - Averaged Train Loss: 0.6039
2026-04-12 09:18:40,003 - Test Accurancy: 0.7783
2026-04-12 09:18:44,096 - Round number: 26 --------------------------
2026-04-12 09:18:44,096 - Evaluate global model
2026-04-12 09:18:45,559 - Averaged Train Loss: 0.5988
2026-04-12 09:18:45,559 - Test Accurancy: 0.7793
2026-04-12 09:18:49,753 - Round number: 27 --------------------------
2026-04-12 09:18:49,753 - Evaluate global model
2026-04-12 09:18:51,168 - Averaged Train Loss: 0.5931
2026-04-12 09:18:51,168 - Test Accurancy: 0.7817
2026-04-12 09:18:55,391 - Round number: 28 --------------------------
2026-04-12 09:18:55,391 - Evaluate global model
2026-04-12 09:18:56,832 - Averaged Train Loss: 0.5886
2026-04-12 09:18:56,832 - Test Accurancy: 0.7825
2026-04-12 09:19:00,992 - Round number: 29 --------------------------
2026-04-12 09:19:00,993 - Evaluate global model
2026-04-12 09:19:02,466 - Averaged Train Loss: 0.5862
2026-04-12 09:19:02,466 - Test Accurancy: 0.7834
2026-04-12 09:19:06,583 - Round number: 30 --------------------------
2026-04-12 09:19:06,583 - Evaluate global model
2026-04-12 09:19:08,015 - Averaged Train Loss: 0.5824
2026-04-12 09:19:08,016 - Test Accurancy: 0.7850
2026-04-12 09:19:12,253 - Round number: 31 --------------------------
2026-04-12 09:19:12,253 - Evaluate global model
2026-04-12 09:19:13,599 - Averaged Train Loss: 0.5789
2026-04-12 09:19:13,599 - Test Accurancy: 0.7857
2026-04-12 09:19:17,916 - Round number: 32 --------------------------
2026-04-12 09:19:17,916 - Evaluate global model
2026-04-12 09:19:19,195 - Averaged Train Loss: 0.5795
2026-04-12 09:19:19,195 - Test Accurancy: 0.7866
2026-04-12 09:19:23,542 - Round number: 33 --------------------------
2026-04-12 09:19:23,542 - Evaluate global model
2026-04-12 09:19:24,877 - Averaged Train Loss: 0.5764
2026-04-12 09:19:24,877 - Test Accurancy: 0.7878
2026-04-12 09:19:29,082 - Round number: 34 --------------------------
2026-04-12 09:19:29,083 - Evaluate global model
2026-04-12 09:19:30,586 - Averaged Train Loss: 0.5737
2026-04-12 09:19:30,586 - Test Accurancy: 0.7886
2026-04-12 09:19:34,626 - Round number: 35 --------------------------
2026-04-12 09:19:34,626 - Evaluate global model
2026-04-12 09:19:36,164 - Averaged Train Loss: 0.5687
2026-04-12 09:19:36,164 - Test Accurancy: 0.7898
2026-04-12 09:19:40,200 - Round number: 36 --------------------------
2026-04-12 09:19:40,200 - Evaluate global model
2026-04-12 09:19:41,725 - Averaged Train Loss: 0.5657
2026-04-12 09:19:41,726 - Test Accurancy: 0.7912
2026-04-12 09:19:45,844 - Round number: 37 --------------------------
2026-04-12 09:19:45,844 - Evaluate global model
2026-04-12 09:19:47,273 - Averaged Train Loss: 0.5598
2026-04-12 09:19:47,273 - Test Accurancy: 0.7920
2026-04-12 09:19:51,505 - Round number: 38 --------------------------
2026-04-12 09:19:51,505 - Evaluate global model
2026-04-12 09:19:52,913 - Averaged Train Loss: 0.5633
2026-04-12 09:19:52,913 - Test Accurancy: 0.7922
2026-04-12 09:19:57,111 - Round number: 39 --------------------------
2026-04-12 09:19:57,111 - Evaluate global model
2026-04-12 09:19:58,552 - Averaged Train Loss: 0.5588
2026-04-12 09:19:58,552 - Test Accurancy: 0.7942
2026-04-12 09:20:02,714 - Round number: 40 --------------------------
2026-04-12 09:20:02,715 - Evaluate global model
2026-04-12 09:20:04,171 - Averaged Train Loss: 0.5544
2026-04-12 09:20:04,171 - Test Accurancy: 0.7947
2026-04-12 09:20:08,323 - Round number: 41 --------------------------
2026-04-12 09:20:08,324 - Evaluate global model
2026-04-12 09:20:09,743 - Averaged Train Loss: 0.5541
2026-04-12 09:20:09,744 - Test Accurancy: 0.7947
2026-04-12 09:20:14,001 - Round number: 42 --------------------------
2026-04-12 09:20:14,001 - Evaluate global model
2026-04-12 09:20:15,351 - Averaged Train Loss: 0.5534
2026-04-12 09:20:15,351 - Test Accurancy: 0.7955
2026-04-12 09:20:19,666 - Round number: 43 --------------------------
2026-04-12 09:20:19,666 - Evaluate global model
2026-04-12 09:20:21,009 - Averaged Train Loss: 0.5523
2026-04-12 09:20:21,009 - Test Accurancy: 0.7954
2026-04-12 09:20:25,264 - Round number: 44 --------------------------
2026-04-12 09:20:25,265 - Evaluate global model
2026-04-12 09:20:26,710 - Averaged Train Loss: 0.5517
2026-04-12 09:20:26,710 - Test Accurancy: 0.7961
2026-04-12 09:20:30,817 - Round number: 45 --------------------------
2026-04-12 09:20:30,817 - Evaluate global model
2026-04-12 09:20:32,369 - Averaged Train Loss: 0.5484
2026-04-12 09:20:32,369 - Test Accurancy: 0.7968
2026-04-12 09:20:36,348 - Round number: 46 --------------------------
2026-04-12 09:20:36,349 - Evaluate global model
2026-04-12 09:20:37,906 - Averaged Train Loss: 0.5456
2026-04-12 09:20:37,906 - Test Accurancy: 0.7968
2026-04-12 09:20:41,945 - Round number: 47 --------------------------
2026-04-12 09:20:41,945 - Evaluate global model
2026-04-12 09:20:43,448 - Averaged Train Loss: 0.5464
2026-04-12 09:20:43,448 - Test Accurancy: 0.7976
2026-04-12 09:20:47,595 - Round number: 48 --------------------------
2026-04-12 09:20:47,595 - Evaluate global model
2026-04-12 09:20:49,008 - Averaged Train Loss: 0.5443
2026-04-12 09:20:49,008 - Test Accurancy: 0.7989
2026-04-12 09:20:53,262 - Round number: 49 --------------------------
2026-04-12 09:20:53,263 - Evaluate global model
2026-04-12 09:20:54,648 - Averaged Train Loss: 0.5434
2026-04-12 09:20:54,648 - Test Accurancy: 0.7990
2026-04-12 09:20:58,853 - Round number: 50 --------------------------
2026-04-12 09:20:58,853 - Evaluate global model
2026-04-12 09:21:00,292 - Averaged Train Loss: 0.5376
2026-04-12 09:21:00,292 - Test Accurancy: 0.8000
2026-04-12 09:21:04,456 - Round number: 51 --------------------------
2026-04-12 09:21:04,456 - Evaluate global model
2026-04-12 09:21:05,881 - Averaged Train Loss: 0.5369
2026-04-12 09:21:05,881 - Test Accurancy: 0.8010
2026-04-12 09:21:10,071 - Round number: 52 --------------------------
2026-04-12 09:21:10,072 - Evaluate global model
2026-04-12 09:21:11,477 - Averaged Train Loss: 0.5373
2026-04-12 09:21:11,477 - Test Accurancy: 0.8006
2026-04-12 09:21:15,744 - Round number: 53 --------------------------
2026-04-12 09:21:15,744 - Evaluate global model
2026-04-12 09:21:17,100 - Averaged Train Loss: 0.5351
2026-04-12 09:21:17,100 - Test Accurancy: 0.8008
2026-04-12 09:21:21,421 - Round number: 54 --------------------------
2026-04-12 09:21:21,422 - Evaluate global model
2026-04-12 09:21:22,818 - Averaged Train Loss: 0.5327
2026-04-12 09:21:22,819 - Test Accurancy: 0.8015
2026-04-12 09:21:26,998 - Round number: 55 --------------------------
2026-04-12 09:21:26,998 - Evaluate global model
2026-04-12 09:21:28,518 - Averaged Train Loss: 0.5336
2026-04-12 09:21:28,519 - Test Accurancy: 0.8011
2026-04-12 09:21:32,540 - Round number: 56 --------------------------
2026-04-12 09:21:32,540 - Evaluate global model
2026-04-12 09:21:34,108 - Averaged Train Loss: 0.5313
2026-04-12 09:21:34,108 - Test Accurancy: 0.8024
2026-04-12 09:21:38,100 - Round number: 57 --------------------------
2026-04-12 09:21:38,100 - Evaluate global model
2026-04-12 09:21:39,674 - Averaged Train Loss: 0.5275
2026-04-12 09:21:39,674 - Test Accurancy: 0.8034
2026-04-12 09:21:43,745 - Round number: 58 --------------------------
2026-04-12 09:21:43,745 - Evaluate global model
2026-04-12 09:21:45,220 - Averaged Train Loss: 0.5266
2026-04-12 09:21:45,220 - Test Accurancy: 0.8035
2026-04-12 09:21:49,435 - Round number: 59 --------------------------
2026-04-12 09:21:49,435 - Evaluate global model
2026-04-12 09:21:50,824 - Averaged Train Loss: 0.5265
2026-04-12 09:21:50,824 - Test Accurancy: 0.8040
2026-04-12 09:21:55,075 - Round number: 60 --------------------------
2026-04-12 09:21:55,075 - Evaluate global model
2026-04-12 09:21:56,491 - Averaged Train Loss: 0.5276
2026-04-12 09:21:56,491 - Test Accurancy: 0.8042
2026-04-12 09:22:00,685 - Round number: 61 --------------------------
2026-04-12 09:22:00,685 - Evaluate global model
2026-04-12 09:22:02,131 - Averaged Train Loss: 0.5237
2026-04-12 09:22:02,131 - Test Accurancy: 0.8044
2026-04-12 09:22:06,291 - Round number: 62 --------------------------
2026-04-12 09:22:06,292 - Evaluate global model
2026-04-12 09:22:07,719 - Averaged Train Loss: 0.5249
2026-04-12 09:22:07,719 - Test Accurancy: 0.8051
2026-04-12 09:22:11,896 - Round number: 63 --------------------------
2026-04-12 09:22:11,896 - Evaluate global model
2026-04-12 09:22:13,323 - Averaged Train Loss: 0.5216
2026-04-12 09:22:13,323 - Test Accurancy: 0.8054
2026-04-12 09:22:17,562 - Round number: 64 --------------------------
2026-04-12 09:22:17,563 - Evaluate global model
2026-04-12 09:22:18,964 - Averaged Train Loss: 0.5198
2026-04-12 09:22:18,964 - Test Accurancy: 0.8063
2026-04-12 09:22:23,192 - Round number: 65 --------------------------
2026-04-12 09:22:23,192 - Evaluate global model
2026-04-12 09:22:24,665 - Averaged Train Loss: 0.5199
2026-04-12 09:22:24,665 - Test Accurancy: 0.8066
2026-04-12 09:22:28,757 - Round number: 66 --------------------------
2026-04-12 09:22:28,757 - Evaluate global model
2026-04-12 09:22:30,330 - Averaged Train Loss: 0.5202
2026-04-12 09:22:30,330 - Test Accurancy: 0.8071
2026-04-12 09:22:34,320 - Round number: 67 --------------------------
2026-04-12 09:22:34,321 - Evaluate global model
2026-04-12 09:22:35,914 - Averaged Train Loss: 0.5188
2026-04-12 09:22:35,914 - Test Accurancy: 0.8067
2026-04-12 09:22:39,917 - Round number: 68 --------------------------
2026-04-12 09:22:39,918 - Evaluate global model
2026-04-12 09:22:41,470 - Averaged Train Loss: 0.5178
2026-04-12 09:22:41,470 - Test Accurancy: 0.8075
2026-04-12 09:22:45,602 - Round number: 69 --------------------------
2026-04-12 09:22:45,603 - Evaluate global model
2026-04-12 09:22:47,009 - Averaged Train Loss: 0.5178
2026-04-12 09:22:47,009 - Test Accurancy: 0.8070
2026-04-12 09:22:51,299 - Round number: 70 --------------------------
2026-04-12 09:22:51,299 - Evaluate global model
2026-04-12 09:22:52,661 - Averaged Train Loss: 0.5172
2026-04-12 09:22:52,661 - Test Accurancy: 0.8075
2026-04-12 09:22:56,892 - Round number: 71 --------------------------
2026-04-12 09:22:56,893 - Evaluate global model
2026-04-12 09:22:58,302 - Averaged Train Loss: 0.5174
2026-04-12 09:22:58,302 - Test Accurancy: 0.8072
2026-04-12 09:23:02,506 - Round number: 72 --------------------------
2026-04-12 09:23:02,506 - Evaluate global model
2026-04-12 09:23:03,929 - Averaged Train Loss: 0.5158
2026-04-12 09:23:03,929 - Test Accurancy: 0.8076
2026-04-12 09:23:08,045 - Round number: 73 --------------------------
2026-04-12 09:23:08,045 - Evaluate global model
2026-04-12 09:23:09,510 - Averaged Train Loss: 0.5143
2026-04-12 09:23:09,510 - Test Accurancy: 0.8078
2026-04-12 09:23:13,688 - Round number: 74 --------------------------
2026-04-12 09:23:13,688 - Evaluate global model
2026-04-12 09:23:15,106 - Averaged Train Loss: 0.5147
2026-04-12 09:23:15,106 - Test Accurancy: 0.8077
2026-04-12 09:23:19,337 - Round number: 75 --------------------------
2026-04-12 09:23:19,337 - Evaluate global model
2026-04-12 09:23:20,779 - Averaged Train Loss: 0.5134
2026-04-12 09:23:20,779 - Test Accurancy: 0.8087
2026-04-12 09:23:24,913 - Round number: 76 --------------------------
2026-04-12 09:23:24,913 - Evaluate global model
2026-04-12 09:23:26,421 - Averaged Train Loss: 0.5144
2026-04-12 09:23:26,421 - Test Accurancy: 0.8088
2026-04-12 09:23:30,466 - Round number: 77 --------------------------
2026-04-12 09:23:30,466 - Evaluate global model
2026-04-12 09:23:32,059 - Averaged Train Loss: 0.5102
2026-04-12 09:23:32,059 - Test Accurancy: 0.8098
2026-04-12 09:23:36,025 - Round number: 78 --------------------------
2026-04-12 09:23:36,025 - Evaluate global model
2026-04-12 09:23:37,621 - Averaged Train Loss: 0.5107
2026-04-12 09:23:37,621 - Test Accurancy: 0.8102
2026-04-12 09:23:41,698 - Round number: 79 --------------------------
2026-04-12 09:23:41,698 - Evaluate global model
2026-04-12 09:23:43,185 - Averaged Train Loss: 0.5129
2026-04-12 09:23:43,185 - Test Accurancy: 0.8094
2026-04-12 09:23:47,408 - Round number: 80 --------------------------
2026-04-12 09:23:47,408 - Evaluate global model
2026-04-12 09:23:48,782 - Averaged Train Loss: 0.5111
2026-04-12 09:23:48,782 - Test Accurancy: 0.8096
2026-04-12 09:23:53,079 - Round number: 81 --------------------------
2026-04-12 09:23:53,079 - Evaluate global model
2026-04-12 09:23:54,445 - Averaged Train Loss: 0.5103
2026-04-12 09:23:54,445 - Test Accurancy: 0.8096
2026-04-12 09:23:58,699 - Round number: 82 --------------------------
2026-04-12 09:23:58,699 - Evaluate global model
2026-04-12 09:24:00,132 - Averaged Train Loss: 0.5099
2026-04-12 09:24:00,132 - Test Accurancy: 0.8092
2026-04-12 09:24:04,239 - Round number: 83 --------------------------
2026-04-12 09:24:04,239 - Evaluate global model
2026-04-12 09:24:05,705 - Averaged Train Loss: 0.5095
2026-04-12 09:24:05,705 - Test Accurancy: 0.8099
2026-04-12 09:24:09,819 - Round number: 84 --------------------------
2026-04-12 09:24:09,819 - Evaluate global model
2026-04-12 09:24:11,285 - Averaged Train Loss: 0.5091
2026-04-12 09:24:11,285 - Test Accurancy: 0.8107
2026-04-12 09:24:15,457 - Round number: 85 --------------------------
2026-04-12 09:24:15,458 - Evaluate global model
2026-04-12 09:24:16,908 - Averaged Train Loss: 0.5055
2026-04-12 09:24:16,908 - Test Accurancy: 0.8119
2026-04-12 09:24:21,091 - Round number: 86 --------------------------
2026-04-12 09:24:21,091 - Evaluate global model
2026-04-12 09:24:22,541 - Averaged Train Loss: 0.5065
2026-04-12 09:24:22,541 - Test Accurancy: 0.8113
2026-04-12 09:24:26,628 - Round number: 87 --------------------------
2026-04-12 09:24:26,628 - Evaluate global model
2026-04-12 09:24:28,187 - Averaged Train Loss: 0.5055
2026-04-12 09:24:28,187 - Test Accurancy: 0.8112
2026-04-12 09:24:32,171 - Round number: 88 --------------------------
2026-04-12 09:24:32,171 - Evaluate global model
2026-04-12 09:24:33,761 - Averaged Train Loss: 0.5063
2026-04-12 09:24:33,761 - Test Accurancy: 0.8105
2026-04-12 09:24:37,768 - Round number: 89 --------------------------
2026-04-12 09:24:37,769 - Evaluate global model
2026-04-12 09:24:39,316 - Averaged Train Loss: 0.5064
2026-04-12 09:24:39,316 - Test Accurancy: 0.8110
2026-04-12 09:24:43,458 - Round number: 90 --------------------------
2026-04-12 09:24:43,458 - Evaluate global model
2026-04-12 09:24:44,865 - Averaged Train Loss: 0.5044
2026-04-12 09:24:44,865 - Test Accurancy: 0.8122
2026-04-12 09:24:49,161 - Round number: 91 --------------------------
2026-04-12 09:24:49,161 - Evaluate global model
2026-04-12 09:24:50,496 - Averaged Train Loss: 0.5046
2026-04-12 09:24:50,496 - Test Accurancy: 0.8115
2026-04-12 09:24:54,806 - Round number: 92 --------------------------
2026-04-12 09:24:54,806 - Evaluate global model
2026-04-12 09:24:56,197 - Averaged Train Loss: 0.5047
2026-04-12 09:24:56,197 - Test Accurancy: 0.8116
2026-04-12 09:25:00,370 - Round number: 93 --------------------------
2026-04-12 09:25:00,371 - Evaluate global model
2026-04-12 09:25:01,852 - Averaged Train Loss: 0.5032
2026-04-12 09:25:01,853 - Test Accurancy: 0.8119
2026-04-12 09:25:05,923 - Round number: 94 --------------------------
2026-04-12 09:25:05,923 - Evaluate global model
2026-04-12 09:25:07,444 - Averaged Train Loss: 0.5046
2026-04-12 09:25:07,444 - Test Accurancy: 0.8119
2026-04-12 09:25:11,580 - Round number: 95 --------------------------
2026-04-12 09:25:11,580 - Evaluate global model
2026-04-12 09:25:13,085 - Averaged Train Loss: 0.5044
2026-04-12 09:25:13,086 - Test Accurancy: 0.8125
2026-04-12 09:25:17,238 - Round number: 96 --------------------------
2026-04-12 09:25:17,239 - Evaluate global model
2026-04-12 09:25:18,691 - Averaged Train Loss: 0.5035
2026-04-12 09:25:18,691 - Test Accurancy: 0.8125
2026-04-12 09:25:22,829 - Round number: 97 --------------------------
2026-04-12 09:25:22,829 - Evaluate global model
2026-04-12 09:25:24,327 - Averaged Train Loss: 0.5044
2026-04-12 09:25:24,327 - Test Accurancy: 0.8117
2026-04-12 09:25:28,373 - Round number: 98 --------------------------
2026-04-12 09:25:28,373 - Evaluate global model
2026-04-12 09:25:29,960 - Averaged Train Loss: 0.5023
2026-04-12 09:25:29,960 - Test Accurancy: 0.8124
2026-04-12 09:25:33,945 - Round number: 99 --------------------------
2026-04-12 09:25:33,946 - Evaluate global model
2026-04-12 09:25:35,503 - Averaged Train Loss: 0.5010
2026-04-12 09:25:35,503 - Test Accurancy: 0.8132
2026-04-12 09:25:39,601 - Round number: 100 --------------------------
2026-04-12 09:25:39,601 - Evaluate global model
2026-04-12 09:25:41,065 - Averaged Train Loss: 0.5018
2026-04-12 09:25:41,065 - Test Accurancy: 0.8134
2026-04-12 09:25:45,234 - Run over
2026-04-12 09:25:45,234 - Saving results to ./exp/exp4/FashionMNIST/median_MPAF.h5
2026-04-12 09:25:45,239 - Best accuracy: 0.8134064177229645
2026-04-12 09:25:45,240 - Average time cost per round: 5.614394702911377
