2026-04-13 23:03:47,399 - *****************EXP-4*****************
2026-04-13 23:03:47,399 - Exp repeats: 1
2026-04-13 23:03:47,399 - Communication Rounds: 100
2026-04-13 23:03:47,400 - Clients: 40

2026-04-13 23:03:47,400 - Attack method: sign_flip
2026-04-13 23:03:47,400 - Filtering rule: multi-krum
2026-04-13 23:03:47,400 - Dataset: FashionMNIST
2026-04-13 23:03:47,400 - Model: cnn
2026-04-13 23:03:47,400 - Learning Rate: 0.02
2026-04-13 23:03:47,400 - Batch Size: 64
2026-04-13 23:03:47,400 - Device: cuda
2026-04-13 23:03:47,400 - Device id: 0
2026-04-13 23:03:47,400 - Adversaries: 8
2026-04-13 23:03:47,400 - Model Poisoning: Sign Flip attack
2026-04-13 23:03:47,400 - *****************EXP-4*****************
2026-04-13 23:03:48,120 - Running time: 0th ==========================
2026-04-13 23:03:50,663 - Round number: 0 --------------------------
2026-04-13 23:03:50,664 - Evaluate global model
2026-04-13 23:03:52,593 - Averaged Train Loss: 2.3011
2026-04-13 23:03:52,593 - Test Accurancy: 0.0974
2026-04-13 23:04:01,684 - Multi-krum select clients: [0, 32, 15, 14, 39, 10, 38, 21, 29, 37, 13, 34, 24, 20, 33, 8, 7, 2, 26, 1, 4, 3, 19, 18, 30, 6, 25, 12, 11, 28, 35]
2026-04-13 23:04:01,693 - Round number: 1 --------------------------
2026-04-13 23:04:01,694 - Evaluate global model
2026-04-13 23:04:09,149 - Averaged Train Loss: 2.0052
2026-04-13 23:04:09,172 - Test Accurancy: 0.4469
2026-04-13 23:04:21,170 - Multi-krum select clients: [32, 14, 15, 39, 0, 21, 37, 34, 38, 29, 13, 33, 24, 10, 19, 8, 20, 12, 16, 26, 11, 28, 30, 35, 18, 25, 22, 36, 31, 2, 7]
2026-04-13 23:04:21,184 - Round number: 2 --------------------------
2026-04-13 23:04:21,184 - Evaluate global model
2026-04-13 23:04:28,288 - Averaged Train Loss: 1.3889
2026-04-13 23:04:28,289 - Test Accurancy: 0.6104
2026-04-13 23:04:40,507 - Multi-krum select clients: [0, 32, 39, 34, 15, 37, 21, 8, 33, 29, 12, 38, 24, 14, 13, 19, 10, 20, 2, 11, 16, 4, 7, 30, 28, 6, 35, 36, 3, 26, 25]
2026-04-13 23:04:40,516 - Round number: 3 --------------------------
2026-04-13 23:04:40,516 - Evaluate global model
2026-04-13 23:04:45,801 - Averaged Train Loss: 1.1058
2026-04-13 23:04:45,801 - Test Accurancy: 0.6333
2026-04-13 23:04:58,054 - Multi-krum select clients: [0, 39, 37, 32, 21, 34, 29, 8, 33, 15, 2, 24, 14, 13, 12, 19, 20, 7, 4, 38, 6, 3, 10, 1, 30, 28, 11, 16, 36, 5, 35]
2026-04-13 23:04:58,080 - Round number: 4 --------------------------
2026-04-13 23:04:58,082 - Evaluate global model
2026-04-13 23:05:03,632 - Averaged Train Loss: 0.9924
2026-04-13 23:05:03,633 - Test Accurancy: 0.6490
2026-04-13 23:05:16,584 - Multi-krum select clients: [0, 39, 34, 37, 29, 8, 32, 21, 33, 6, 7, 24, 12, 2, 1, 4, 3, 19, 13, 30, 28, 11, 38, 10, 16, 20, 14, 36, 5, 26, 35]
2026-04-13 23:05:16,591 - Round number: 5 --------------------------
2026-04-13 23:05:16,591 - Evaluate global model
2026-04-13 23:05:22,777 - Averaged Train Loss: 0.9272
2026-04-13 23:05:22,778 - Test Accurancy: 0.6636
2026-04-13 23:05:34,973 - Multi-krum select clients: [0, 32, 39, 37, 34, 29, 8, 33, 1, 3, 6, 2, 4, 21, 7, 12, 24, 14, 20, 11, 30, 13, 19, 28, 36, 15, 38, 5, 16, 10, 35]
2026-04-13 23:05:34,981 - Round number: 6 --------------------------
2026-04-13 23:05:34,991 - Evaluate global model
2026-04-13 23:05:41,281 - Averaged Train Loss: 0.8825
2026-04-13 23:05:41,283 - Test Accurancy: 0.6863
2026-04-13 23:05:54,433 - Multi-krum select clients: [0, 39, 34, 37, 8, 29, 1, 33, 7, 3, 6, 4, 21, 24, 2, 12, 32, 13, 30, 19, 11, 15, 28, 36, 20, 14, 10, 5, 38, 16, 35]
2026-04-13 23:05:54,446 - Round number: 7 --------------------------
2026-04-13 23:05:54,447 - Evaluate global model
2026-04-13 23:06:00,921 - Averaged Train Loss: 0.8472
2026-04-13 23:06:00,935 - Test Accurancy: 0.6964
2026-04-13 23:06:14,853 - Multi-krum select clients: [0, 37, 39, 34, 1, 8, 7, 6, 21, 3, 29, 4, 32, 24, 2, 33, 13, 12, 36, 11, 30, 19, 5, 28, 20, 38, 14, 10, 16, 15, 9]
2026-04-13 23:06:14,861 - Round number: 8 --------------------------
2026-04-13 23:06:14,862 - Evaluate global model
2026-04-13 23:06:20,510 - Averaged Train Loss: 0.8219
2026-04-13 23:06:20,516 - Test Accurancy: 0.7113
2026-04-13 23:06:33,347 - Multi-krum select clients: [0, 34, 39, 1, 6, 37, 3, 29, 4, 7, 8, 32, 21, 2, 33, 15, 24, 13, 12, 30, 36, 14, 19, 20, 11, 5, 28, 10, 38, 16, 35]
2026-04-13 23:06:33,355 - Round number: 9 --------------------------
2026-04-13 23:06:33,366 - Evaluate global model
2026-04-13 23:06:39,925 - Averaged Train Loss: 0.7953
2026-04-13 23:06:39,926 - Test Accurancy: 0.7157
2026-04-13 23:06:52,751 - Multi-krum select clients: [0, 39, 37, 1, 3, 6, 7, 32, 8, 34, 29, 4, 21, 24, 15, 2, 30, 33, 13, 12, 36, 14, 20, 19, 11, 5, 28, 10, 38, 16, 35]
2026-04-13 23:06:52,764 - Round number: 10 --------------------------
2026-04-13 23:06:52,769 - Evaluate global model
2026-04-13 23:07:00,053 - Averaged Train Loss: 0.7789
2026-04-13 23:07:00,054 - Test Accurancy: 0.7179
2026-04-13 23:07:10,914 - Multi-krum select clients: [0, 37, 1, 34, 39, 3, 6, 32, 24, 7, 21, 29, 4, 8, 2, 33, 15, 14, 30, 12, 19, 11, 20, 5, 13, 36, 28, 10, 16, 9, 38]
2026-04-13 23:07:10,936 - Round number: 11 --------------------------
2026-04-13 23:07:10,936 - Evaluate global model
2026-04-13 23:07:17,337 - Averaged Train Loss: 0.7608
2026-04-13 23:07:17,337 - Test Accurancy: 0.7243
2026-04-13 23:07:30,903 - Multi-krum select clients: [0, 1, 3, 34, 39, 37, 6, 24, 7, 32, 4, 21, 8, 29, 2, 30, 33, 15, 13, 36, 5, 20, 12, 11, 19, 14, 28, 10, 35, 16, 9]
2026-04-13 23:07:30,911 - Round number: 12 --------------------------
2026-04-13 23:07:30,912 - Evaluate global model
2026-04-13 23:07:35,215 - Averaged Train Loss: 0.7524
2026-04-13 23:07:35,216 - Test Accurancy: 0.7269
2026-04-13 23:07:48,808 - Multi-krum select clients: [0, 1, 3, 6, 39, 37, 34, 32, 4, 7, 29, 8, 24, 2, 15, 21, 33, 30, 13, 19, 5, 12, 11, 20, 36, 28, 10, 14, 9, 16, 38]
2026-04-13 23:07:48,816 - Round number: 13 --------------------------
2026-04-13 23:07:48,816 - Evaluate global model
2026-04-13 23:07:53,960 - Averaged Train Loss: 0.7421
2026-04-13 23:07:53,960 - Test Accurancy: 0.7310
2026-04-13 23:08:06,930 - Multi-krum select clients: [0, 1, 3, 39, 6, 37, 7, 4, 34, 24, 15, 32, 21, 2, 29, 8, 13, 20, 33, 5, 30, 12, 19, 11, 36, 28, 10, 14, 16, 9, 35]
2026-04-13 23:08:06,965 - Round number: 14 --------------------------
2026-04-13 23:08:06,965 - Evaluate global model
2026-04-13 23:08:13,135 - Averaged Train Loss: 0.7356
2026-04-13 23:08:13,136 - Test Accurancy: 0.7335
2026-04-13 23:08:24,875 - Multi-krum select clients: [0, 1, 6, 4, 37, 3, 39, 34, 7, 24, 15, 21, 32, 30, 2, 8, 29, 14, 19, 13, 33, 5, 12, 11, 20, 36, 16, 10, 28, 38, 9]
2026-04-13 23:08:24,885 - Round number: 15 --------------------------
2026-04-13 23:08:24,885 - Evaluate global model
2026-04-13 23:08:31,681 - Averaged Train Loss: 0.7252
2026-04-13 23:08:31,682 - Test Accurancy: 0.7381
2026-04-13 23:08:44,111 - Multi-krum select clients: [0, 1, 6, 3, 39, 4, 37, 7, 34, 15, 32, 24, 21, 2, 8, 29, 30, 13, 33, 14, 19, 12, 11, 20, 5, 36, 28, 10, 16, 9, 35]
2026-04-13 23:08:44,121 - Round number: 16 --------------------------
2026-04-13 23:08:44,122 - Evaluate global model
2026-04-13 23:08:50,223 - Averaged Train Loss: 0.7133
2026-04-13 23:08:50,224 - Test Accurancy: 0.7389
2026-04-13 23:09:03,180 - Multi-krum select clients: [0, 1, 37, 6, 3, 4, 39, 32, 34, 7, 29, 8, 15, 30, 13, 2, 24, 21, 33, 5, 11, 12, 19, 20, 28, 36, 10, 16, 9, 35, 38]
2026-04-13 23:09:03,189 - Round number: 17 --------------------------
2026-04-13 23:09:03,190 - Evaluate global model
2026-04-13 23:09:08,737 - Averaged Train Loss: 0.6985
2026-04-13 23:09:08,746 - Test Accurancy: 0.7429
2026-04-13 23:09:21,682 - Multi-krum select clients: [0, 1, 6, 3, 37, 39, 4, 32, 7, 21, 34, 24, 15, 29, 2, 14, 8, 30, 13, 5, 33, 11, 19, 36, 12, 20, 28, 10, 16, 9, 38]
2026-04-13 23:09:21,701 - Round number: 18 --------------------------
2026-04-13 23:09:21,714 - Evaluate global model
2026-04-13 23:09:26,723 - Averaged Train Loss: 0.6847
2026-04-13 23:09:26,724 - Test Accurancy: 0.7482
2026-04-13 23:09:39,255 - Multi-krum select clients: [0, 1, 37, 3, 6, 4, 39, 7, 32, 14, 15, 34, 29, 21, 24, 2, 30, 8, 13, 5, 33, 19, 11, 12, 20, 36, 28, 10, 16, 9, 35]
2026-04-13 23:09:39,265 - Round number: 19 --------------------------
2026-04-13 23:09:39,265 - Evaluate global model
2026-04-13 23:09:46,201 - Averaged Train Loss: 0.6787
2026-04-13 23:09:46,202 - Test Accurancy: 0.7490
2026-04-13 23:09:57,120 - Multi-krum select clients: [0, 1, 3, 37, 6, 4, 39, 7, 21, 24, 2, 15, 34, 29, 8, 30, 5, 13, 19, 14, 12, 10, 33, 11, 20, 16, 32, 36, 28, 9, 35]
2026-04-13 23:09:57,131 - Round number: 20 --------------------------
2026-04-13 23:09:57,131 - Evaluate global model
2026-04-13 23:10:03,466 - Averaged Train Loss: 0.6797
2026-04-13 23:10:03,467 - Test Accurancy: 0.7499
2026-04-13 23:10:16,703 - Multi-krum select clients: [0, 1, 6, 4, 3, 39, 14, 37, 21, 7, 24, 34, 2, 32, 29, 15, 8, 13, 30, 5, 19, 11, 20, 12, 10, 33, 16, 28, 36, 9, 35]
2026-04-13 23:10:16,713 - Round number: 21 --------------------------
2026-04-13 23:10:16,713 - Evaluate global model
2026-04-13 23:10:22,675 - Averaged Train Loss: 0.6712
2026-04-13 23:10:22,676 - Test Accurancy: 0.7535
2026-04-13 23:10:36,002 - Multi-krum select clients: [0, 1, 6, 4, 37, 3, 39, 14, 7, 34, 15, 24, 32, 29, 2, 8, 30, 13, 5, 19, 33, 11, 16, 21, 12, 10, 28, 36, 20, 9, 35]
2026-04-13 23:10:36,012 - Round number: 22 --------------------------
2026-04-13 23:10:36,012 - Evaluate global model
2026-04-13 23:10:42,556 - Averaged Train Loss: 0.6670
2026-04-13 23:10:42,572 - Test Accurancy: 0.7537
2026-04-13 23:10:55,960 - Multi-krum select clients: [0, 1, 6, 4, 3, 37, 39, 14, 7, 21, 32, 15, 24, 2, 34, 30, 8, 29, 13, 5, 19, 33, 12, 11, 10, 28, 20, 16, 36, 9, 35]
2026-04-13 23:10:55,969 - Round number: 23 --------------------------
2026-04-13 23:10:55,970 - Evaluate global model
2026-04-13 23:11:02,396 - Averaged Train Loss: 0.6573
2026-04-13 23:11:02,397 - Test Accurancy: 0.7573
2026-04-13 23:11:16,187 - Multi-krum select clients: [0, 1, 6, 3, 37, 4, 7, 15, 24, 39, 14, 2, 34, 21, 13, 30, 8, 29, 32, 5, 19, 33, 11, 12, 16, 10, 20, 36, 28, 9, 35]
2026-04-13 23:11:16,196 - Round number: 24 --------------------------
2026-04-13 23:11:16,197 - Evaluate global model
2026-04-13 23:11:22,883 - Averaged Train Loss: 0.6555
2026-04-13 23:11:22,884 - Test Accurancy: 0.7585
2026-04-13 23:11:34,425 - Multi-krum select clients: [0, 1, 6, 4, 3, 37, 7, 39, 14, 15, 2, 29, 32, 34, 30, 24, 21, 8, 13, 5, 19, 33, 12, 11, 20, 28, 10, 36, 16, 9, 35]
2026-04-13 23:11:34,454 - Round number: 25 --------------------------
2026-04-13 23:11:34,455 - Evaluate global model
2026-04-13 23:11:40,534 - Averaged Train Loss: 0.6478
2026-04-13 23:11:40,535 - Test Accurancy: 0.7595
2026-04-13 23:11:53,494 - Multi-krum select clients: [0, 1, 6, 4, 3, 37, 39, 7, 2, 24, 15, 21, 13, 34, 14, 8, 29, 30, 32, 19, 33, 5, 11, 12, 16, 20, 28, 10, 36, 9, 35]
2026-04-13 23:11:53,517 - Round number: 26 --------------------------
2026-04-13 23:11:53,518 - Evaluate global model
2026-04-13 23:11:59,991 - Averaged Train Loss: 0.6414
2026-04-13 23:11:59,991 - Test Accurancy: 0.7613
2026-04-13 23:12:12,567 - Multi-krum select clients: [0, 1, 6, 4, 3, 37, 7, 39, 14, 32, 34, 15, 2, 24, 21, 29, 13, 5, 30, 8, 19, 33, 11, 12, 10, 28, 20, 16, 36, 9, 35]
2026-04-13 23:12:12,576 - Round number: 27 --------------------------
2026-04-13 23:12:12,576 - Evaluate global model
2026-04-13 23:12:18,122 - Averaged Train Loss: 0.6376
2026-04-13 23:12:18,123 - Test Accurancy: 0.7624
2026-04-13 23:12:30,756 - Multi-krum select clients: [0, 1, 6, 3, 4, 37, 39, 7, 2, 15, 14, 34, 24, 21, 32, 13, 29, 8, 5, 30, 19, 11, 12, 10, 20, 16, 33, 28, 9, 36, 35]
2026-04-13 23:12:30,767 - Round number: 28 --------------------------
2026-04-13 23:12:30,768 - Evaluate global model
2026-04-13 23:12:36,327 - Averaged Train Loss: 0.6387
2026-04-13 23:12:36,327 - Test Accurancy: 0.7630
2026-04-13 23:12:49,060 - Multi-krum select clients: [0, 1, 3, 6, 37, 4, 7, 14, 24, 39, 21, 34, 15, 2, 5, 8, 32, 30, 13, 29, 19, 12, 10, 11, 33, 16, 20, 28, 36, 9, 26]
2026-04-13 23:12:49,084 - Round number: 29 --------------------------
2026-04-13 23:12:49,085 - Evaluate global model
2026-04-13 23:12:54,402 - Averaged Train Loss: 0.6449
2026-04-13 23:12:54,403 - Test Accurancy: 0.7632
2026-04-13 23:13:06,746 - Multi-krum select clients: [0, 1, 4, 6, 37, 3, 32, 21, 14, 7, 15, 24, 39, 2, 13, 34, 30, 8, 5, 29, 10, 19, 33, 11, 16, 12, 28, 20, 9, 36, 38]
2026-04-13 23:13:06,756 - Round number: 30 --------------------------
2026-04-13 23:13:06,756 - Evaluate global model
2026-04-13 23:13:12,010 - Averaged Train Loss: 0.6390
2026-04-13 23:13:12,011 - Test Accurancy: 0.7626
2026-04-13 23:13:24,888 - Multi-krum select clients: [0, 1, 6, 3, 4, 37, 7, 21, 24, 39, 14, 32, 15, 2, 29, 13, 8, 34, 30, 5, 19, 11, 33, 20, 10, 28, 12, 16, 9, 36, 35]
2026-04-13 23:13:24,896 - Round number: 31 --------------------------
2026-04-13 23:13:24,897 - Evaluate global model
2026-04-13 23:13:30,073 - Averaged Train Loss: 0.6327
2026-04-13 23:13:30,074 - Test Accurancy: 0.7668
2026-04-13 23:13:42,384 - Multi-krum select clients: [0, 1, 4, 6, 3, 37, 32, 7, 14, 34, 21, 39, 15, 24, 29, 8, 2, 5, 13, 30, 10, 12, 19, 11, 28, 16, 33, 20, 36, 9, 38]
2026-04-13 23:13:42,394 - Round number: 32 --------------------------
2026-04-13 23:13:42,394 - Evaluate global model
2026-04-13 23:13:47,940 - Averaged Train Loss: 0.6289
2026-04-13 23:13:47,940 - Test Accurancy: 0.7666
2026-04-13 23:14:02,102 - Multi-krum select clients: [0, 1, 3, 4, 6, 14, 37, 21, 24, 15, 2, 7, 34, 32, 39, 29, 30, 8, 13, 5, 19, 11, 10, 12, 33, 28, 16, 20, 36, 9, 35]
2026-04-13 23:14:02,111 - Round number: 33 --------------------------
2026-04-13 23:14:02,112 - Evaluate global model
2026-04-13 23:14:07,565 - Averaged Train Loss: 0.6198
2026-04-13 23:14:07,565 - Test Accurancy: 0.7694
2026-04-13 23:14:19,964 - Multi-krum select clients: [0, 1, 6, 4, 3, 32, 37, 14, 7, 39, 2, 15, 34, 21, 30, 29, 24, 8, 5, 13, 19, 20, 12, 33, 28, 11, 10, 16, 9, 36, 38]
2026-04-13 23:14:19,972 - Round number: 34 --------------------------
2026-04-13 23:14:19,973 - Evaluate global model
2026-04-13 23:14:26,019 - Averaged Train Loss: 0.6212
2026-04-13 23:14:26,020 - Test Accurancy: 0.7685
2026-04-13 23:14:38,640 - Multi-krum select clients: [0, 1, 6, 3, 4, 37, 14, 7, 15, 39, 34, 2, 30, 24, 21, 29, 32, 8, 5, 13, 19, 11, 10, 16, 12, 33, 28, 20, 36, 9, 35]
2026-04-13 23:14:38,651 - Round number: 35 --------------------------
2026-04-13 23:14:38,651 - Evaluate global model
2026-04-13 23:14:44,727 - Averaged Train Loss: 0.6168
2026-04-13 23:14:44,728 - Test Accurancy: 0.7692
2026-04-13 23:14:59,591 - Multi-krum select clients: [0, 1, 6, 3, 4, 32, 37, 2, 7, 15, 39, 21, 14, 34, 29, 24, 13, 5, 8, 30, 19, 20, 12, 11, 10, 16, 33, 28, 36, 9, 35]
2026-04-13 23:14:59,599 - Round number: 36 --------------------------
2026-04-13 23:14:59,600 - Evaluate global model
2026-04-13 23:15:04,950 - Averaged Train Loss: 0.6157
2026-04-13 23:15:04,962 - Test Accurancy: 0.7702
2026-04-13 23:15:17,386 - Multi-krum select clients: [0, 1, 3, 6, 4, 37, 7, 14, 24, 15, 39, 13, 2, 32, 21, 34, 5, 8, 30, 29, 19, 12, 10, 11, 16, 28, 20, 33, 36, 9, 35]
2026-04-13 23:15:17,403 - Round number: 37 --------------------------
2026-04-13 23:15:17,407 - Evaluate global model
2026-04-13 23:15:23,273 - Averaged Train Loss: 0.6108
2026-04-13 23:15:23,285 - Test Accurancy: 0.7723
2026-04-13 23:15:35,757 - Multi-krum select clients: [0, 1, 6, 3, 4, 37, 14, 21, 39, 7, 15, 32, 2, 13, 34, 24, 8, 29, 5, 19, 30, 20, 12, 11, 33, 16, 10, 28, 9, 36, 35]
2026-04-13 23:15:35,771 - Round number: 38 --------------------------
2026-04-13 23:15:35,772 - Evaluate global model
2026-04-13 23:15:42,432 - Averaged Train Loss: 0.6101
2026-04-13 23:15:42,432 - Test Accurancy: 0.7721
2026-04-13 23:15:55,660 - Multi-krum select clients: [0, 1, 6, 4, 3, 2, 37, 7, 14, 21, 15, 32, 34, 24, 39, 13, 29, 8, 5, 30, 19, 11, 33, 12, 16, 20, 10, 28, 9, 36, 35]
2026-04-13 23:15:55,668 - Round number: 39 --------------------------
2026-04-13 23:15:55,672 - Evaluate global model
2026-04-13 23:16:02,387 - Averaged Train Loss: 0.6072
2026-04-13 23:16:02,388 - Test Accurancy: 0.7730
2026-04-13 23:16:14,986 - Multi-krum select clients: [0, 1, 6, 4, 3, 37, 32, 7, 14, 2, 15, 21, 39, 34, 24, 13, 5, 8, 29, 19, 30, 11, 33, 12, 20, 28, 10, 16, 9, 36, 38]
2026-04-13 23:16:14,994 - Round number: 40 --------------------------
2026-04-13 23:16:14,995 - Evaluate global model
2026-04-13 23:16:20,802 - Averaged Train Loss: 0.6106
2026-04-13 23:16:20,803 - Test Accurancy: 0.7733
2026-04-13 23:16:34,518 - Multi-krum select clients: [0, 6, 1, 4, 3, 37, 2, 32, 14, 34, 21, 7, 15, 39, 24, 13, 29, 30, 5, 8, 12, 19, 11, 16, 10, 20, 33, 28, 38, 9, 36]
2026-04-13 23:16:34,525 - Round number: 41 --------------------------
2026-04-13 23:16:34,540 - Evaluate global model
2026-04-13 23:16:41,412 - Averaged Train Loss: 0.6065
2026-04-13 23:16:41,414 - Test Accurancy: 0.7739
2026-04-13 23:16:54,094 - Multi-krum select clients: [0, 3, 1, 6, 4, 14, 2, 37, 7, 21, 32, 39, 15, 13, 24, 34, 30, 5, 8, 29, 19, 12, 16, 10, 20, 33, 11, 28, 9, 36, 26]
2026-04-13 23:16:54,122 - Round number: 42 --------------------------
2026-04-13 23:16:54,131 - Evaluate global model
2026-04-13 23:17:00,926 - Averaged Train Loss: 0.6095
2026-04-13 23:17:00,932 - Test Accurancy: 0.7750
2026-04-13 23:17:11,918 - Multi-krum select clients: [0, 6, 1, 4, 37, 3, 32, 14, 2, 24, 15, 7, 21, 29, 39, 13, 34, 30, 5, 8, 19, 11, 12, 16, 28, 10, 20, 33, 9, 36, 38]
2026-04-13 23:17:11,938 - Round number: 43 --------------------------
2026-04-13 23:17:11,938 - Evaluate global model
2026-04-13 23:17:19,455 - Averaged Train Loss: 0.6053
2026-04-13 23:17:19,455 - Test Accurancy: 0.7746
2026-04-13 23:17:32,136 - Multi-krum select clients: [0, 3, 1, 6, 4, 37, 32, 14, 2, 24, 15, 7, 21, 34, 39, 13, 5, 30, 8, 29, 19, 16, 11, 12, 33, 10, 28, 20, 9, 36, 35]
2026-04-13 23:17:32,144 - Round number: 44 --------------------------
2026-04-13 23:17:32,145 - Evaluate global model
2026-04-13 23:17:38,428 - Averaged Train Loss: 0.5979
2026-04-13 23:17:38,430 - Test Accurancy: 0.7761
2026-04-13 23:17:51,826 - Multi-krum select clients: [0, 1, 3, 6, 4, 37, 2, 32, 14, 21, 15, 7, 34, 39, 13, 24, 30, 5, 29, 8, 19, 16, 12, 11, 33, 28, 10, 20, 9, 36, 38]
2026-04-13 23:17:51,834 - Round number: 45 --------------------------
2026-04-13 23:17:51,835 - Evaluate global model
2026-04-13 23:17:57,328 - Averaged Train Loss: 0.5976
2026-04-13 23:17:57,329 - Test Accurancy: 0.7758
2026-04-13 23:18:10,534 - Multi-krum select clients: [0, 3, 1, 6, 4, 37, 14, 21, 15, 24, 2, 7, 32, 39, 34, 29, 13, 5, 30, 8, 19, 12, 33, 16, 10, 28, 11, 36, 20, 9, 38]
2026-04-13 23:18:10,544 - Round number: 46 --------------------------
2026-04-13 23:18:10,544 - Evaluate global model
2026-04-13 23:18:16,664 - Averaged Train Loss: 0.5978
2026-04-13 23:18:16,665 - Test Accurancy: 0.7765
2026-04-13 23:18:30,109 - Multi-krum select clients: [0, 3, 1, 4, 6, 37, 2, 14, 21, 13, 39, 32, 7, 24, 15, 34, 29, 30, 5, 19, 8, 11, 10, 12, 16, 28, 33, 20, 9, 36, 26]
2026-04-13 23:18:30,117 - Round number: 47 --------------------------
2026-04-13 23:18:30,118 - Evaluate global model
2026-04-13 23:18:35,432 - Averaged Train Loss: 0.6086
2026-04-13 23:18:35,432 - Test Accurancy: 0.7756
2026-04-13 23:18:49,504 - Multi-krum select clients: [0, 6, 4, 1, 3, 37, 2, 14, 21, 15, 32, 24, 34, 7, 39, 13, 29, 30, 5, 8, 19, 12, 11, 16, 20, 28, 10, 33, 9, 36, 26]
2026-04-13 23:18:49,517 - Round number: 48 --------------------------
2026-04-13 23:18:49,520 - Evaluate global model
2026-04-13 23:18:54,671 - Averaged Train Loss: 0.6097
2026-04-13 23:18:54,672 - Test Accurancy: 0.7764
2026-04-13 23:19:07,672 - Multi-krum select clients: [0, 6, 4, 3, 1, 37, 2, 14, 32, 21, 7, 15, 13, 39, 34, 24, 29, 5, 30, 19, 8, 12, 28, 10, 11, 16, 33, 36, 9, 20, 38]
2026-04-13 23:19:07,692 - Round number: 49 --------------------------
2026-04-13 23:19:07,699 - Evaluate global model
2026-04-13 23:19:13,235 - Averaged Train Loss: 0.5930
2026-04-13 23:19:13,243 - Test Accurancy: 0.7789
2026-04-13 23:19:26,106 - Multi-krum select clients: [0, 1, 6, 3, 4, 37, 14, 2, 7, 15, 21, 34, 29, 32, 39, 24, 30, 13, 5, 19, 8, 11, 16, 28, 33, 12, 10, 20, 36, 9, 38]
2026-04-13 23:19:26,124 - Round number: 50 --------------------------
2026-04-13 23:19:26,146 - Evaluate global model
2026-04-13 23:19:32,069 - Averaged Train Loss: 0.5885
2026-04-13 23:19:32,070 - Test Accurancy: 0.7782
2026-04-13 23:19:45,204 - Multi-krum select clients: [0, 1, 3, 6, 4, 2, 15, 14, 32, 24, 37, 7, 34, 21, 13, 39, 29, 5, 30, 8, 19, 11, 12, 28, 10, 16, 36, 33, 38, 20, 9]
2026-04-13 23:19:45,214 - Round number: 51 --------------------------
2026-04-13 23:19:45,219 - Evaluate global model
2026-04-13 23:19:52,254 - Averaged Train Loss: 0.5924
2026-04-13 23:19:52,255 - Test Accurancy: 0.7772
2026-04-13 23:20:04,870 - Multi-krum select clients: [0, 3, 1, 6, 4, 2, 14, 37, 21, 32, 7, 15, 24, 39, 34, 30, 13, 5, 29, 20, 19, 12, 11, 28, 33, 8, 10, 16, 36, 9, 38]
2026-04-13 23:20:04,883 - Round number: 52 --------------------------
2026-04-13 23:20:04,883 - Evaluate global model
2026-04-13 23:20:10,959 - Averaged Train Loss: 0.5867
2026-04-13 23:20:10,959 - Test Accurancy: 0.7789
2026-04-13 23:20:24,004 - Multi-krum select clients: [0, 3, 1, 6, 37, 4, 14, 2, 15, 7, 21, 39, 32, 24, 13, 30, 34, 29, 5, 19, 16, 8, 11, 10, 12, 28, 33, 20, 9, 36, 38]
2026-04-13 23:20:24,015 - Round number: 53 --------------------------
2026-04-13 23:20:24,015 - Evaluate global model
2026-04-13 23:20:29,342 - Averaged Train Loss: 0.5840
2026-04-13 23:20:29,342 - Test Accurancy: 0.7815
2026-04-13 23:20:42,332 - Multi-krum select clients: [0, 3, 1, 6, 4, 14, 2, 37, 21, 15, 32, 24, 7, 39, 34, 13, 5, 29, 30, 19, 11, 10, 20, 28, 12, 16, 33, 8, 9, 36, 38]
2026-04-13 23:20:42,350 - Round number: 54 --------------------------
2026-04-13 23:20:42,350 - Evaluate global model
2026-04-13 23:20:47,512 - Averaged Train Loss: 0.5859
2026-04-13 23:20:47,513 - Test Accurancy: 0.7803
2026-04-13 23:21:01,922 - Multi-krum select clients: [0, 3, 6, 1, 4, 37, 2, 14, 7, 21, 39, 15, 32, 24, 13, 30, 34, 5, 29, 19, 11, 12, 8, 16, 10, 33, 20, 28, 9, 36, 26]
2026-04-13 23:21:01,945 - Round number: 55 --------------------------
2026-04-13 23:21:01,946 - Evaluate global model
2026-04-13 23:21:07,176 - Averaged Train Loss: 0.5897
2026-04-13 23:21:07,176 - Test Accurancy: 0.7811
2026-04-13 23:21:19,813 - Multi-krum select clients: [0, 6, 1, 3, 4, 2, 14, 32, 37, 15, 21, 34, 24, 13, 39, 7, 30, 5, 29, 28, 11, 19, 20, 8, 16, 12, 10, 33, 38, 9, 36]
2026-04-13 23:21:19,820 - Round number: 56 --------------------------
2026-04-13 23:21:19,820 - Evaluate global model
2026-04-13 23:21:25,630 - Averaged Train Loss: 0.5871
2026-04-13 23:21:25,631 - Test Accurancy: 0.7813
2026-04-13 23:21:38,859 - Multi-krum select clients: [0, 3, 6, 1, 4, 37, 2, 14, 24, 15, 7, 39, 21, 13, 32, 34, 5, 29, 30, 12, 19, 16, 11, 8, 10, 33, 28, 20, 9, 38, 36]
2026-04-13 23:21:38,867 - Round number: 57 --------------------------
2026-04-13 23:21:38,868 - Evaluate global model
2026-04-13 23:21:44,098 - Averaged Train Loss: 0.5865
2026-04-13 23:21:44,099 - Test Accurancy: 0.7811
2026-04-13 23:21:57,861 - Multi-krum select clients: [0, 3, 6, 1, 4, 37, 2, 14, 21, 15, 24, 13, 7, 32, 39, 34, 30, 29, 5, 11, 19, 28, 12, 16, 10, 8, 33, 38, 20, 9, 36]
2026-04-13 23:21:57,870 - Round number: 58 --------------------------
2026-04-13 23:21:57,871 - Evaluate global model
2026-04-13 23:22:02,426 - Averaged Train Loss: 0.5818
2026-04-13 23:22:02,426 - Test Accurancy: 0.7830
2026-04-13 23:22:16,427 - Multi-krum select clients: [0, 6, 1, 3, 4, 37, 2, 14, 15, 13, 39, 7, 34, 21, 32, 24, 30, 5, 29, 19, 8, 16, 12, 10, 28, 33, 11, 9, 38, 20, 36]
2026-04-13 23:22:16,440 - Round number: 59 --------------------------
2026-04-13 23:22:16,444 - Evaluate global model
2026-04-13 23:22:21,538 - Averaged Train Loss: 0.5789
2026-04-13 23:22:21,539 - Test Accurancy: 0.7833
2026-04-13 23:22:35,312 - Multi-krum select clients: [0, 6, 1, 3, 4, 37, 2, 14, 15, 24, 39, 32, 21, 7, 13, 34, 30, 5, 29, 19, 12, 11, 10, 8, 33, 16, 28, 20, 38, 9, 36]
2026-04-13 23:22:35,321 - Round number: 60 --------------------------
2026-04-13 23:22:35,321 - Evaluate global model
2026-04-13 23:22:40,999 - Averaged Train Loss: 0.5791
2026-04-13 23:22:41,014 - Test Accurancy: 0.7826
2026-04-13 23:22:55,193 - Multi-krum select clients: [0, 6, 3, 1, 4, 37, 2, 14, 15, 21, 24, 34, 32, 13, 7, 39, 30, 5, 29, 12, 19, 10, 11, 28, 16, 38, 8, 20, 33, 9, 26]
2026-04-13 23:22:55,201 - Round number: 61 --------------------------
2026-04-13 23:22:55,202 - Evaluate global model
2026-04-13 23:23:00,477 - Averaged Train Loss: 0.5719
2026-04-13 23:23:00,477 - Test Accurancy: 0.7855
2026-04-13 23:23:14,584 - Multi-krum select clients: [0, 3, 6, 1, 4, 2, 37, 14, 15, 7, 32, 13, 21, 24, 39, 34, 5, 30, 19, 10, 29, 12, 16, 11, 28, 33, 8, 38, 9, 20, 26]
2026-04-13 23:23:14,591 - Round number: 62 --------------------------
2026-04-13 23:23:14,601 - Evaluate global model
2026-04-13 23:23:20,528 - Averaged Train Loss: 0.5713
2026-04-13 23:23:20,530 - Test Accurancy: 0.7859
2026-04-13 23:23:32,273 - Multi-krum select clients: [0, 3, 6, 4, 1, 2, 32, 37, 14, 21, 7, 15, 13, 24, 34, 29, 39, 30, 5, 19, 10, 20, 28, 11, 16, 12, 8, 33, 38, 9, 36]
2026-04-13 23:23:32,281 - Round number: 63 --------------------------
2026-04-13 23:23:32,282 - Evaluate global model
2026-04-13 23:23:38,130 - Averaged Train Loss: 0.5694
2026-04-13 23:23:38,130 - Test Accurancy: 0.7856
2026-04-13 23:23:49,865 - Multi-krum select clients: [0, 1, 3, 6, 2, 37, 4, 14, 32, 7, 15, 13, 34, 39, 24, 21, 29, 5, 30, 19, 28, 16, 12, 11, 10, 33, 20, 9, 8, 38, 36]
2026-04-13 23:23:49,875 - Round number: 64 --------------------------
2026-04-13 23:23:49,875 - Evaluate global model
2026-04-13 23:23:55,512 - Averaged Train Loss: 0.5738
2026-04-13 23:23:55,512 - Test Accurancy: 0.7848
2026-04-13 23:24:08,592 - Multi-krum select clients: [0, 3, 1, 6, 2, 4, 14, 37, 21, 32, 7, 15, 39, 24, 13, 30, 34, 5, 29, 16, 12, 19, 11, 28, 8, 33, 20, 38, 10, 9, 36]
2026-04-13 23:24:08,601 - Round number: 65 --------------------------
2026-04-13 23:24:08,601 - Evaluate global model
2026-04-13 23:24:15,953 - Averaged Train Loss: 0.5753
2026-04-13 23:24:15,954 - Test Accurancy: 0.7859
2026-04-13 23:24:26,939 - Multi-krum select clients: [0, 6, 3, 1, 4, 2, 14, 37, 15, 32, 21, 39, 7, 24, 13, 34, 30, 5, 19, 29, 10, 12, 20, 11, 8, 28, 33, 16, 9, 38, 26]
2026-04-13 23:24:26,948 - Round number: 66 --------------------------
2026-04-13 23:24:26,949 - Evaluate global model
2026-04-13 23:24:33,894 - Averaged Train Loss: 0.5698
2026-04-13 23:24:33,894 - Test Accurancy: 0.7866
2026-04-13 23:24:45,956 - Multi-krum select clients: [0, 3, 2, 6, 1, 4, 37, 21, 14, 7, 32, 15, 24, 39, 34, 13, 5, 30, 19, 29, 11, 16, 28, 12, 20, 10, 8, 33, 38, 9, 36]
2026-04-13 23:24:45,984 - Round number: 67 --------------------------
2026-04-13 23:24:45,984 - Evaluate global model
2026-04-13 23:24:52,369 - Averaged Train Loss: 0.5677
2026-04-13 23:24:52,372 - Test Accurancy: 0.7869
2026-04-13 23:25:05,795 - Multi-krum select clients: [0, 3, 6, 1, 2, 4, 37, 14, 15, 32, 7, 21, 13, 39, 5, 34, 30, 24, 19, 29, 12, 10, 16, 11, 28, 8, 20, 33, 9, 38, 36]
2026-04-13 23:25:05,805 - Round number: 68 --------------------------
2026-04-13 23:25:05,806 - Evaluate global model
2026-04-13 23:25:12,247 - Averaged Train Loss: 0.5670
2026-04-13 23:25:12,248 - Test Accurancy: 0.7868
2026-04-13 23:25:25,593 - Multi-krum select clients: [0, 1, 3, 6, 37, 2, 4, 14, 15, 32, 7, 21, 24, 39, 13, 34, 5, 29, 19, 30, 16, 12, 11, 10, 20, 8, 28, 33, 9, 38, 36]
2026-04-13 23:25:25,602 - Round number: 69 --------------------------
2026-04-13 23:25:25,602 - Evaluate global model
2026-04-13 23:25:32,185 - Averaged Train Loss: 0.5711
2026-04-13 23:25:32,186 - Test Accurancy: 0.7853
2026-04-13 23:25:43,185 - Multi-krum select clients: [0, 6, 3, 1, 37, 4, 2, 15, 14, 32, 21, 39, 24, 13, 7, 34, 30, 5, 29, 19, 12, 16, 28, 10, 11, 9, 20, 8, 33, 26, 38]
2026-04-13 23:25:43,193 - Round number: 70 --------------------------
2026-04-13 23:25:43,194 - Evaluate global model
2026-04-13 23:25:50,051 - Averaged Train Loss: 0.5635
2026-04-13 23:25:50,052 - Test Accurancy: 0.7895
2026-04-13 23:26:01,449 - Multi-krum select clients: [0, 1, 3, 6, 4, 2, 37, 14, 32, 15, 7, 24, 21, 34, 39, 13, 5, 29, 19, 30, 12, 10, 28, 20, 11, 8, 16, 33, 9, 38, 26]
2026-04-13 23:26:01,467 - Round number: 71 --------------------------
2026-04-13 23:26:01,471 - Evaluate global model
2026-04-13 23:26:08,023 - Averaged Train Loss: 0.5581
2026-04-13 23:26:08,024 - Test Accurancy: 0.7910
2026-04-13 23:26:21,365 - Multi-krum select clients: [0, 3, 1, 6, 2, 4, 37, 14, 32, 7, 21, 15, 24, 13, 39, 34, 5, 30, 19, 29, 16, 12, 28, 8, 11, 10, 33, 20, 9, 38, 26]
2026-04-13 23:26:21,373 - Round number: 72 --------------------------
2026-04-13 23:26:21,373 - Evaluate global model
2026-04-13 23:26:27,284 - Averaged Train Loss: 0.5545
2026-04-13 23:26:27,284 - Test Accurancy: 0.7912
2026-04-13 23:26:40,721 - Multi-krum select clients: [0, 3, 2, 1, 6, 4, 37, 14, 32, 15, 21, 24, 7, 34, 39, 19, 5, 13, 20, 30, 12, 10, 33, 29, 16, 28, 11, 8, 9, 38, 26]
2026-04-13 23:26:40,730 - Round number: 73 --------------------------
2026-04-13 23:26:40,730 - Evaluate global model
2026-04-13 23:26:47,024 - Averaged Train Loss: 0.5567
2026-04-13 23:26:47,024 - Test Accurancy: 0.7912
2026-04-13 23:26:59,572 - Multi-krum select clients: [0, 3, 2, 4, 1, 6, 37, 14, 21, 32, 7, 34, 15, 13, 24, 39, 5, 30, 19, 29, 16, 28, 12, 11, 8, 20, 10, 33, 38, 9, 26]
2026-04-13 23:26:59,579 - Round number: 74 --------------------------
2026-04-13 23:26:59,594 - Evaluate global model
2026-04-13 23:27:05,786 - Averaged Train Loss: 0.5555
2026-04-13 23:27:05,802 - Test Accurancy: 0.7915
2026-04-13 23:27:18,971 - Multi-krum select clients: [0, 2, 6, 3, 4, 1, 32, 14, 37, 15, 21, 7, 13, 24, 34, 39, 19, 5, 30, 29, 11, 16, 12, 28, 38, 33, 10, 8, 20, 9, 26]
2026-04-13 23:27:18,994 - Round number: 75 --------------------------
2026-04-13 23:27:18,994 - Evaluate global model
2026-04-13 23:27:24,729 - Averaged Train Loss: 0.5547
2026-04-13 23:27:24,730 - Test Accurancy: 0.7909
2026-04-13 23:27:37,911 - Multi-krum select clients: [0, 3, 2, 1, 6, 4, 37, 32, 14, 21, 7, 15, 13, 34, 39, 24, 5, 19, 29, 30, 12, 16, 11, 10, 20, 28, 8, 33, 9, 26, 38]
2026-04-13 23:27:37,921 - Round number: 76 --------------------------
2026-04-13 23:27:37,921 - Evaluate global model
2026-04-13 23:27:43,538 - Averaged Train Loss: 0.5541
2026-04-13 23:27:43,539 - Test Accurancy: 0.7920
2026-04-13 23:27:56,557 - Multi-krum select clients: [0, 3, 2, 4, 6, 1, 37, 14, 21, 32, 7, 15, 13, 24, 34, 39, 5, 30, 29, 19, 12, 10, 20, 16, 28, 11, 8, 33, 9, 38, 26]
2026-04-13 23:27:56,566 - Round number: 77 --------------------------
2026-04-13 23:27:56,566 - Evaluate global model
2026-04-13 23:28:02,277 - Averaged Train Loss: 0.5526
2026-04-13 23:28:02,278 - Test Accurancy: 0.7921
2026-04-13 23:28:14,441 - Multi-krum select clients: [0, 3, 2, 6, 4, 1, 32, 14, 37, 15, 21, 7, 24, 34, 13, 39, 5, 29, 19, 30, 20, 10, 12, 11, 16, 28, 33, 8, 26, 9, 38]
2026-04-13 23:28:14,450 - Round number: 78 --------------------------
2026-04-13 23:28:14,450 - Evaluate global model
2026-04-13 23:28:21,814 - Averaged Train Loss: 0.5464
2026-04-13 23:28:21,815 - Test Accurancy: 0.7947
2026-04-13 23:28:33,962 - Multi-krum select clients: [0, 2, 3, 1, 6, 4, 37, 14, 7, 32, 21, 13, 24, 15, 5, 39, 34, 30, 19, 12, 16, 20, 33, 28, 11, 29, 10, 8, 38, 9, 26]
2026-04-13 23:28:33,971 - Round number: 79 --------------------------
2026-04-13 23:28:33,972 - Evaluate global model
2026-04-13 23:28:40,610 - Averaged Train Loss: 0.5518
2026-04-13 23:28:40,610 - Test Accurancy: 0.7934
2026-04-13 23:28:54,474 - Multi-krum select clients: [0, 3, 2, 6, 1, 4, 37, 14, 32, 21, 7, 24, 15, 39, 13, 34, 5, 19, 29, 30, 12, 11, 16, 28, 20, 10, 8, 33, 9, 26, 38]
2026-04-13 23:28:54,481 - Round number: 80 --------------------------
2026-04-13 23:28:54,481 - Evaluate global model
2026-04-13 23:29:00,388 - Averaged Train Loss: 0.5501
2026-04-13 23:29:00,389 - Test Accurancy: 0.7930
2026-04-13 23:29:12,344 - Multi-krum select clients: [0, 2, 1, 3, 4, 6, 37, 14, 32, 15, 7, 13, 21, 34, 39, 24, 5, 30, 19, 11, 28, 10, 20, 12, 16, 33, 38, 29, 9, 8, 26]
2026-04-13 23:29:12,380 - Round number: 81 --------------------------
2026-04-13 23:29:12,380 - Evaluate global model
2026-04-13 23:29:18,954 - Averaged Train Loss: 0.5496
2026-04-13 23:29:18,954 - Test Accurancy: 0.7942
2026-04-13 23:29:31,787 - Multi-krum select clients: [0, 3, 2, 6, 1, 4, 14, 37, 21, 32, 15, 24, 7, 13, 39, 34, 30, 5, 19, 28, 12, 16, 10, 11, 29, 20, 8, 9, 33, 26, 38]
2026-04-13 23:29:31,795 - Round number: 82 --------------------------
2026-04-13 23:29:31,810 - Evaluate global model
2026-04-13 23:29:38,046 - Averaged Train Loss: 0.5445
2026-04-13 23:29:38,046 - Test Accurancy: 0.7951
2026-04-13 23:29:50,808 - Multi-krum select clients: [0, 3, 2, 6, 4, 1, 32, 14, 37, 21, 15, 13, 7, 39, 34, 30, 5, 24, 19, 29, 16, 12, 10, 11, 28, 20, 33, 9, 38, 8, 26]
2026-04-13 23:29:50,820 - Round number: 83 --------------------------
2026-04-13 23:29:50,821 - Evaluate global model
2026-04-13 23:29:54,316 - Averaged Train Loss: 0.5448
2026-04-13 23:29:54,317 - Test Accurancy: 0.7945
2026-04-13 23:30:02,177 - Multi-krum select clients: [0, 3, 2, 1, 6, 4, 14, 15, 37, 32, 21, 7, 13, 24, 39, 34, 5, 19, 30, 29, 12, 16, 28, 20, 10, 11, 9, 33, 8, 26, 38]
2026-04-13 23:30:02,189 - Round number: 84 --------------------------
2026-04-13 23:30:02,190 - Evaluate global model
2026-04-13 23:30:04,565 - Averaged Train Loss: 0.5475
2026-04-13 23:30:04,566 - Test Accurancy: 0.7934
2026-04-13 23:30:12,716 - Multi-krum select clients: [0, 3, 2, 1, 6, 4, 14, 37, 32, 15, 21, 24, 7, 39, 34, 29, 5, 13, 19, 12, 28, 11, 16, 30, 10, 20, 38, 9, 8, 26, 33]
2026-04-13 23:30:12,724 - Round number: 85 --------------------------
2026-04-13 23:30:12,725 - Evaluate global model
2026-04-13 23:30:14,831 - Averaged Train Loss: 0.5460
2026-04-13 23:30:14,832 - Test Accurancy: 0.7947
2026-04-13 23:30:23,017 - Multi-krum select clients: [0, 2, 1, 3, 6, 4, 14, 37, 32, 7, 15, 21, 13, 39, 34, 24, 5, 19, 30, 16, 11, 12, 33, 28, 29, 10, 20, 9, 8, 38, 26]
2026-04-13 23:30:23,026 - Round number: 86 --------------------------
2026-04-13 23:30:23,026 - Evaluate global model
2026-04-13 23:30:25,224 - Averaged Train Loss: 0.5447
2026-04-13 23:30:25,225 - Test Accurancy: 0.7950
2026-04-13 23:30:33,164 - Multi-krum select clients: [0, 3, 2, 6, 4, 1, 32, 14, 37, 21, 7, 15, 24, 13, 39, 34, 5, 19, 30, 12, 10, 11, 28, 16, 33, 29, 20, 9, 8, 26, 36]
2026-04-13 23:30:33,173 - Round number: 87 --------------------------
2026-04-13 23:30:33,173 - Evaluate global model
2026-04-13 23:30:35,657 - Averaged Train Loss: 0.5510
2026-04-13 23:30:35,657 - Test Accurancy: 0.7941
2026-04-13 23:30:43,422 - Multi-krum select clients: [0, 6, 3, 2, 4, 1, 14, 37, 15, 32, 13, 7, 21, 39, 34, 5, 29, 19, 30, 24, 28, 12, 16, 11, 10, 20, 9, 8, 33, 38, 26]
2026-04-13 23:30:43,429 - Round number: 88 --------------------------
2026-04-13 23:30:43,430 - Evaluate global model
2026-04-13 23:30:46,236 - Averaged Train Loss: 0.5446
2026-04-13 23:30:46,236 - Test Accurancy: 0.7950
2026-04-13 23:30:53,879 - Multi-krum select clients: [0, 3, 2, 6, 4, 1, 32, 14, 37, 21, 15, 7, 24, 34, 39, 13, 19, 5, 30, 29, 12, 11, 16, 10, 28, 20, 9, 33, 8, 26, 38]
2026-04-13 23:30:53,893 - Round number: 89 --------------------------
2026-04-13 23:30:53,894 - Evaluate global model
2026-04-13 23:30:56,686 - Averaged Train Loss: 0.5413
2026-04-13 23:30:56,687 - Test Accurancy: 0.7959
2026-04-13 23:31:03,666 - Multi-krum select clients: [0, 2, 3, 6, 4, 1, 37, 14, 32, 15, 21, 7, 13, 24, 39, 34, 5, 19, 29, 12, 16, 11, 28, 10, 30, 20, 33, 8, 9, 38, 26]
2026-04-13 23:31:03,673 - Round number: 90 --------------------------
2026-04-13 23:31:03,674 - Evaluate global model
2026-04-13 23:31:06,131 - Averaged Train Loss: 0.5421
2026-04-13 23:31:06,132 - Test Accurancy: 0.7955
2026-04-13 23:31:12,019 - Multi-krum select clients: [0, 3, 2, 1, 6, 4, 14, 32, 37, 7, 13, 21, 15, 24, 39, 34, 5, 19, 30, 12, 16, 28, 11, 29, 20, 10, 33, 9, 38, 8, 26]
2026-04-13 23:31:12,026 - Round number: 91 --------------------------
2026-04-13 23:31:12,026 - Evaluate global model
2026-04-13 23:31:14,183 - Averaged Train Loss: 0.5425
2026-04-13 23:31:14,183 - Test Accurancy: 0.7958
2026-04-13 23:31:19,069 - Multi-krum select clients: [0, 3, 2, 6, 14, 4, 1, 37, 32, 15, 21, 7, 24, 39, 34, 5, 13, 29, 19, 30, 11, 28, 12, 16, 10, 33, 20, 8, 38, 9, 26]
2026-04-13 23:31:19,077 - Round number: 92 --------------------------
2026-04-13 23:31:19,077 - Evaluate global model
2026-04-13 23:31:21,413 - Averaged Train Loss: 0.5386
2026-04-13 23:31:21,413 - Test Accurancy: 0.7971
2026-04-13 23:31:26,029 - Multi-krum select clients: [0, 3, 2, 1, 6, 4, 37, 14, 32, 21, 15, 7, 13, 34, 24, 19, 39, 5, 29, 30, 12, 28, 20, 16, 11, 10, 33, 9, 8, 26, 38]
2026-04-13 23:31:26,036 - Round number: 93 --------------------------
2026-04-13 23:31:26,036 - Evaluate global model
2026-04-13 23:31:28,400 - Averaged Train Loss: 0.5412
2026-04-13 23:31:28,400 - Test Accurancy: 0.7970
2026-04-13 23:31:33,323 - Multi-krum select clients: [0, 2, 6, 3, 4, 1, 14, 32, 37, 21, 15, 7, 13, 39, 24, 34, 19, 5, 30, 29, 28, 12, 11, 20, 16, 10, 9, 33, 38, 8, 26]
2026-04-13 23:31:33,330 - Round number: 94 --------------------------
2026-04-13 23:31:33,330 - Evaluate global model
2026-04-13 23:31:35,600 - Averaged Train Loss: 0.5365
2026-04-13 23:31:35,600 - Test Accurancy: 0.7978
2026-04-13 23:31:40,289 - Multi-krum select clients: [0, 3, 2, 6, 1, 4, 14, 37, 32, 7, 21, 15, 39, 24, 13, 34, 30, 5, 19, 29, 12, 16, 11, 28, 33, 20, 10, 8, 9, 26, 38]
2026-04-13 23:31:40,297 - Round number: 95 --------------------------
2026-04-13 23:31:40,297 - Evaluate global model
2026-04-13 23:31:41,818 - Averaged Train Loss: 0.5376
2026-04-13 23:31:41,818 - Test Accurancy: 0.7972
2026-04-13 23:31:45,570 - Multi-krum select clients: [0, 2, 3, 1, 6, 4, 14, 37, 32, 7, 21, 39, 13, 24, 15, 19, 5, 34, 30, 12, 28, 16, 29, 11, 20, 33, 9, 10, 8, 26, 38]
2026-04-13 23:31:45,577 - Round number: 96 --------------------------
2026-04-13 23:31:45,577 - Evaluate global model
2026-04-13 23:31:46,941 - Averaged Train Loss: 0.5387
2026-04-13 23:31:46,941 - Test Accurancy: 0.7978
2026-04-13 23:31:50,907 - Multi-krum select clients: [0, 3, 6, 2, 4, 1, 32, 14, 37, 15, 21, 7, 39, 13, 19, 24, 34, 5, 30, 28, 29, 12, 11, 20, 16, 33, 9, 8, 10, 26, 38]
2026-04-13 23:31:50,915 - Round number: 97 --------------------------
2026-04-13 23:31:50,915 - Evaluate global model
2026-04-13 23:31:52,170 - Averaged Train Loss: 0.5391
2026-04-13 23:31:52,171 - Test Accurancy: 0.7965
2026-04-13 23:31:56,201 - Multi-krum select clients: [0, 3, 2, 6, 4, 1, 14, 37, 32, 21, 13, 7, 24, 15, 39, 34, 5, 30, 19, 12, 28, 16, 29, 11, 20, 8, 10, 9, 38, 33, 26]
2026-04-13 23:31:56,209 - Round number: 98 --------------------------
2026-04-13 23:31:56,210 - Evaluate global model
2026-04-13 23:31:57,344 - Averaged Train Loss: 0.5381
2026-04-13 23:31:57,344 - Test Accurancy: 0.7970
2026-04-13 23:32:01,311 - Multi-krum select clients: [0, 3, 2, 6, 4, 1, 14, 37, 32, 21, 13, 7, 15, 39, 34, 24, 19, 5, 30, 12, 16, 29, 28, 10, 11, 20, 8, 9, 33, 38, 26]
2026-04-13 23:32:01,318 - Round number: 99 --------------------------
2026-04-13 23:32:01,319 - Evaluate global model
2026-04-13 23:32:02,599 - Averaged Train Loss: 0.5358
2026-04-13 23:32:02,599 - Test Accurancy: 0.7971
2026-04-13 23:32:06,293 - Multi-krum select clients: [0, 3, 2, 6, 1, 4, 14, 37, 32, 21, 13, 7, 15, 24, 39, 34, 5, 19, 30, 12, 29, 28, 16, 11, 10, 20, 33, 26, 8, 9, 38]
2026-04-13 23:32:06,302 - Round number: 100 --------------------------
2026-04-13 23:32:06,302 - Evaluate global model
2026-04-13 23:32:07,860 - Averaged Train Loss: 0.5356
2026-04-13 23:32:07,860 - Test Accurancy: 0.7980
2026-04-13 23:32:11,588 - Multi-krum select clients: [0, 3, 2, 6, 1, 4, 14, 32, 37, 21, 13, 15, 7, 39, 24, 34, 19, 5, 30, 29, 16, 28, 12, 11, 20, 10, 9, 33, 8, 26, 38]
2026-04-13 23:32:11,589 - Run over
2026-04-13 23:32:11,590 - Saving results to ./exp/exp4/FashionMNIST/multi-krum_sign_flip_05.h5
2026-04-13 23:32:11,597 - Best accuracy: 0.7979901792851433
2026-04-13 23:32:11,597 - Average time cost per round: 16.899036304950712
