2026-04-14 20:27:58,799 - *****************EXP-40*****************
2026-04-14 20:27:58,799 - Exp repeats: 1
2026-04-14 20:27:58,799 - Communication Rounds: 100
2026-04-14 20:27:58,799 - Clients: 40

2026-04-14 20:27:58,799 - Attack method: CAMP
2026-04-14 20:27:58,799 - Filtering rule: avg
2026-04-14 20:27:58,799 - Dataset: Cifar10
2026-04-14 20:27:58,800 - Model: cnn2
2026-04-14 20:27:58,800 - Learning Rate: 0.04
2026-04-14 20:27:58,800 - Batch Size: 64
2026-04-14 20:27:58,800 - Device: cuda
2026-04-14 20:27:58,800 - Device id: 0
2026-04-14 20:27:58,800 - Adversaries: 8
2026-04-14 20:27:58,800 - Model Poisoning: CAMP attack, mode perturbation_v5
2026-04-14 20:27:58,800 - *****************EXP-40*****************
2026-04-14 20:27:58,961 - Running time: 0th ==========================
2026-04-14 20:28:03,547 - Round number: 0 --------------------------
2026-04-14 20:28:03,547 - Evaluate global model
2026-04-14 20:28:05,641 - Averaged Train Loss: 2.3021
2026-04-14 20:28:05,641 - Test Accurancy: 0.1016
2026-04-14 20:28:09,881 - min_max_attack try_count: 19
2026-04-14 20:28:09,882 - min_max_attack lamda: 0.7971096038818359, max_d: 1.2219266891479492
2026-04-14 20:28:09,895 - Round number: 1 --------------------------
2026-04-14 20:28:09,895 - Evaluate global model
2026-04-14 20:28:11,086 - Averaged Train Loss: 2.2965
2026-04-14 20:28:11,086 - Test Accurancy: 0.1528
2026-04-14 20:28:14,795 - min_max_attack try_count: 19
2026-04-14 20:28:14,796 - min_max_attack lamda: 0.7226848602294922, max_d: 1.1293272972106934
2026-04-14 20:28:14,808 - Round number: 2 --------------------------
2026-04-14 20:28:14,808 - Evaluate global model
2026-04-14 20:28:15,904 - Averaged Train Loss: 2.2876
2026-04-14 20:28:15,904 - Test Accurancy: 0.1093
2026-04-14 20:28:19,472 - min_max_attack try_count: 19
2026-04-14 20:28:19,472 - min_max_attack lamda: 0.7086086273193359, max_d: 1.070610523223877
2026-04-14 20:28:19,485 - Round number: 3 --------------------------
2026-04-14 20:28:19,485 - Evaluate global model
2026-04-14 20:28:20,601 - Averaged Train Loss: 2.2645
2026-04-14 20:28:20,601 - Test Accurancy: 0.1480
2026-04-14 20:28:24,154 - min_max_attack try_count: 19
2026-04-14 20:28:24,155 - min_max_attack lamda: 0.7063388824462891, max_d: 1.0235687494277954
2026-04-14 20:28:24,167 - Round number: 4 --------------------------
2026-04-14 20:28:24,167 - Evaluate global model
2026-04-14 20:28:25,247 - Averaged Train Loss: 2.2070
2026-04-14 20:28:25,247 - Test Accurancy: 0.1905
2026-04-14 20:28:28,933 - min_max_attack try_count: 19
2026-04-14 20:28:28,933 - min_max_attack lamda: 0.7390880584716797, max_d: 0.9862359762191772
2026-04-14 20:28:28,945 - Round number: 5 --------------------------
2026-04-14 20:28:28,946 - Evaluate global model
2026-04-14 20:28:30,102 - Averaged Train Loss: 2.1632
2026-04-14 20:28:30,102 - Test Accurancy: 0.1971
2026-04-14 20:28:33,951 - min_max_attack try_count: 19
2026-04-14 20:28:33,951 - min_max_attack lamda: 0.7499980926513672, max_d: 0.9937106370925903
2026-04-14 20:28:33,963 - Round number: 6 --------------------------
2026-04-14 20:28:33,964 - Evaluate global model
2026-04-14 20:28:35,323 - Averaged Train Loss: 2.1296
2026-04-14 20:28:35,324 - Test Accurancy: 0.2105
2026-04-14 20:28:39,210 - min_max_attack try_count: 19
2026-04-14 20:28:39,210 - min_max_attack lamda: 0.7416057586669922, max_d: 0.9754917025566101
2026-04-14 20:28:39,223 - Round number: 7 --------------------------
2026-04-14 20:28:39,223 - Evaluate global model
2026-04-14 20:28:40,548 - Averaged Train Loss: 2.0909
2026-04-14 20:28:40,548 - Test Accurancy: 0.2285
2026-04-14 20:28:44,328 - min_max_attack try_count: 19
2026-04-14 20:28:44,328 - min_max_attack lamda: 0.7480335235595703, max_d: 0.914116382598877
2026-04-14 20:28:44,340 - Round number: 8 --------------------------
2026-04-14 20:28:44,340 - Evaluate global model
2026-04-14 20:28:45,533 - Averaged Train Loss: 2.0621
2026-04-14 20:28:45,533 - Test Accurancy: 0.2467
2026-04-14 20:28:49,101 - min_max_attack try_count: 19
2026-04-14 20:28:49,102 - min_max_attack lamda: 0.7456111907958984, max_d: 0.8994590044021606
2026-04-14 20:28:49,114 - Round number: 9 --------------------------
2026-04-14 20:28:49,114 - Evaluate global model
2026-04-14 20:28:50,217 - Averaged Train Loss: 2.0408
2026-04-14 20:28:50,217 - Test Accurancy: 0.2591
2026-04-14 20:28:53,816 - min_max_attack try_count: 19
2026-04-14 20:28:53,816 - min_max_attack lamda: 0.7227420806884766, max_d: 0.908412516117096
2026-04-14 20:28:53,828 - Round number: 10 --------------------------
2026-04-14 20:28:53,829 - Evaluate global model
2026-04-14 20:28:54,947 - Averaged Train Loss: 2.0088
2026-04-14 20:28:54,947 - Test Accurancy: 0.2669
2026-04-14 20:28:58,538 - min_max_attack try_count: 19
2026-04-14 20:28:58,538 - min_max_attack lamda: 0.6794452667236328, max_d: 0.8456829190254211
2026-04-14 20:28:58,550 - Round number: 11 --------------------------
2026-04-14 20:28:58,550 - Evaluate global model
2026-04-14 20:28:59,630 - Averaged Train Loss: 1.9805
2026-04-14 20:28:59,630 - Test Accurancy: 0.2683
2026-04-14 20:29:03,188 - min_max_attack try_count: 19
2026-04-14 20:29:03,189 - min_max_attack lamda: 0.6782627105712891, max_d: 0.8089175820350647
2026-04-14 20:29:03,201 - Round number: 12 --------------------------
2026-04-14 20:29:03,201 - Evaluate global model
2026-04-14 20:29:04,300 - Averaged Train Loss: 1.9589
2026-04-14 20:29:04,300 - Test Accurancy: 0.2803
2026-04-14 20:29:07,842 - min_max_attack try_count: 19
2026-04-14 20:29:07,842 - min_max_attack lamda: 0.6416988372802734, max_d: 0.8077595233917236
2026-04-14 20:29:07,854 - Round number: 13 --------------------------
2026-04-14 20:29:07,854 - Evaluate global model
2026-04-14 20:29:08,939 - Averaged Train Loss: 1.9368
2026-04-14 20:29:08,939 - Test Accurancy: 0.2857
2026-04-14 20:29:12,694 - min_max_attack try_count: 19
2026-04-14 20:29:12,695 - min_max_attack lamda: 0.6615161895751953, max_d: 0.7955389022827148
2026-04-14 20:29:12,707 - Round number: 14 --------------------------
2026-04-14 20:29:12,708 - Evaluate global model
2026-04-14 20:29:13,825 - Averaged Train Loss: 1.9185
2026-04-14 20:29:13,825 - Test Accurancy: 0.2907
2026-04-14 20:29:17,465 - min_max_attack try_count: 19
2026-04-14 20:29:17,465 - min_max_attack lamda: 0.6444072723388672, max_d: 0.7931710481643677
2026-04-14 20:29:17,478 - Round number: 15 --------------------------
2026-04-14 20:29:17,478 - Evaluate global model
2026-04-14 20:29:18,666 - Averaged Train Loss: 1.8980
2026-04-14 20:29:18,666 - Test Accurancy: 0.2986
2026-04-14 20:29:22,330 - min_max_attack try_count: 19
2026-04-14 20:29:22,331 - min_max_attack lamda: 0.6328868865966797, max_d: 0.7740942239761353
2026-04-14 20:29:22,343 - Round number: 16 --------------------------
2026-04-14 20:29:22,343 - Evaluate global model
2026-04-14 20:29:23,516 - Averaged Train Loss: 1.8697
2026-04-14 20:29:23,516 - Test Accurancy: 0.3082
2026-04-14 20:29:27,334 - min_max_attack try_count: 19
2026-04-14 20:29:27,334 - min_max_attack lamda: 0.6132793426513672, max_d: 0.7371265292167664
2026-04-14 20:29:27,346 - Round number: 17 --------------------------
2026-04-14 20:29:27,346 - Evaluate global model
2026-04-14 20:29:28,486 - Averaged Train Loss: 1.8680
2026-04-14 20:29:28,486 - Test Accurancy: 0.3055
2026-04-14 20:29:32,195 - min_max_attack try_count: 19
2026-04-14 20:29:32,196 - min_max_attack lamda: 0.6129360198974609, max_d: 0.7245377898216248
2026-04-14 20:29:32,208 - Round number: 18 --------------------------
2026-04-14 20:29:32,208 - Evaluate global model
2026-04-14 20:29:33,376 - Averaged Train Loss: 1.8391
2026-04-14 20:29:33,377 - Test Accurancy: 0.3133
