2026-04-15 17:52:11,983 - *****************EXP-5*****************
2026-04-15 17:52:11,983 - Exp repeats: 1
2026-04-15 17:52:11,983 - Communication Rounds: 100
2026-04-15 17:52:11,983 - Clients: 40

2026-04-15 17:52:11,983 - Attack method: LIE
2026-04-15 17:52:11,983 - Filtering rule: avg
2026-04-15 17:52:11,983 - Dataset: Cifar10
2026-04-15 17:52:11,983 - Model: cnn2
2026-04-15 17:52:11,983 - Learning Rate: 0.04
2026-04-15 17:52:11,984 - Batch Size: 64
2026-04-15 17:52:11,984 - Device: cuda
2026-04-15 17:52:11,984 - Device id: 0
2026-04-15 17:52:11,984 - Adversaries: 4
2026-04-15 17:52:11,984 - Model Poisoning: A Little Is Enough attack
2026-04-15 17:52:11,984 - *****************EXP-5*****************
2026-04-15 17:52:13,194 - Running time: 0th ==========================
2026-04-15 17:52:27,608 - Round number: 0 --------------------------
2026-04-15 17:52:27,608 - Evaluate global model
2026-04-15 17:52:32,602 - Averaged Train Loss: 2.3021
2026-04-15 17:52:32,604 - Test Accurancy: 0.1016
2026-04-15 17:52:47,998 - Round number: 1 --------------------------
2026-04-15 17:52:48,002 - Evaluate global model
2026-04-15 17:52:57,305 - Averaged Train Loss: 2.2783
2026-04-15 17:52:57,306 - Test Accurancy: 0.1387
2026-04-15 17:53:08,868 - Round number: 2 --------------------------
2026-04-15 17:53:08,871 - Evaluate global model
2026-04-15 17:53:16,420 - Averaged Train Loss: 2.1855
2026-04-15 17:53:16,421 - Test Accurancy: 0.1963
2026-04-15 17:53:26,652 - Round number: 3 --------------------------
2026-04-15 17:53:26,652 - Evaluate global model
2026-04-15 17:53:34,358 - Averaged Train Loss: 2.0665
2026-04-15 17:53:34,363 - Test Accurancy: 0.2244
2026-04-15 17:53:50,198 - Round number: 4 --------------------------
2026-04-15 17:53:50,204 - Evaluate global model
2026-04-15 17:53:55,496 - Averaged Train Loss: 1.9887
2026-04-15 17:53:55,497 - Test Accurancy: 0.2719
2026-04-15 17:54:06,595 - Round number: 5 --------------------------
2026-04-15 17:54:06,596 - Evaluate global model
2026-04-15 17:54:13,160 - Averaged Train Loss: 1.9308
2026-04-15 17:54:13,165 - Test Accurancy: 0.3048
2026-04-15 17:54:23,722 - Round number: 6 --------------------------
2026-04-15 17:54:23,725 - Evaluate global model
2026-04-15 17:54:32,452 - Averaged Train Loss: 1.8798
2026-04-15 17:54:32,461 - Test Accurancy: 0.3239
2026-04-15 17:54:47,136 - Round number: 7 --------------------------
2026-04-15 17:54:47,136 - Evaluate global model
2026-04-15 17:54:57,075 - Averaged Train Loss: 1.8347
2026-04-15 17:54:57,082 - Test Accurancy: 0.3457
2026-04-15 17:55:08,005 - Round number: 8 --------------------------
2026-04-15 17:55:08,005 - Evaluate global model
2026-04-15 17:55:15,039 - Averaged Train Loss: 1.7898
2026-04-15 17:55:15,040 - Test Accurancy: 0.3604
2026-04-15 17:55:26,578 - Round number: 9 --------------------------
2026-04-15 17:55:26,579 - Evaluate global model
2026-04-15 17:55:30,529 - Averaged Train Loss: 1.7609
2026-04-15 17:55:30,530 - Test Accurancy: 0.3652
2026-04-15 17:55:39,532 - Round number: 10 --------------------------
2026-04-15 17:55:39,532 - Evaluate global model
2026-04-15 17:55:43,280 - Averaged Train Loss: 1.7263
2026-04-15 17:55:43,280 - Test Accurancy: 0.3772
2026-04-15 17:55:50,862 - Round number: 11 --------------------------
2026-04-15 17:55:50,862 - Evaluate global model
2026-04-15 17:55:55,137 - Averaged Train Loss: 1.7050
2026-04-15 17:55:55,137 - Test Accurancy: 0.3792
2026-04-15 17:56:03,519 - Round number: 12 --------------------------
2026-04-15 17:56:03,520 - Evaluate global model
2026-04-15 17:56:07,051 - Averaged Train Loss: 1.6734
2026-04-15 17:56:07,052 - Test Accurancy: 0.3908
2026-04-15 17:56:15,549 - Round number: 13 --------------------------
2026-04-15 17:56:15,550 - Evaluate global model
2026-04-15 17:56:20,531 - Averaged Train Loss: 1.6459
2026-04-15 17:56:20,531 - Test Accurancy: 0.3993
2026-04-15 17:56:29,563 - Round number: 14 --------------------------
2026-04-15 17:56:29,563 - Evaluate global model
2026-04-15 17:56:33,542 - Averaged Train Loss: 1.6188
2026-04-15 17:56:33,543 - Test Accurancy: 0.4085
2026-04-15 17:56:43,965 - Round number: 15 --------------------------
2026-04-15 17:56:43,966 - Evaluate global model
2026-04-15 17:56:48,974 - Averaged Train Loss: 1.5997
2026-04-15 17:56:48,976 - Test Accurancy: 0.4149
2026-04-15 17:56:56,486 - Round number: 16 --------------------------
2026-04-15 17:56:56,486 - Evaluate global model
2026-04-15 17:57:00,770 - Averaged Train Loss: 1.5788
2026-04-15 17:57:00,771 - Test Accurancy: 0.4212
2026-04-15 17:57:12,823 - Round number: 17 --------------------------
2026-04-15 17:57:12,826 - Evaluate global model
2026-04-15 17:57:18,541 - Averaged Train Loss: 1.5673
2026-04-15 17:57:18,541 - Test Accurancy: 0.4227
2026-04-15 17:57:29,410 - Round number: 18 --------------------------
2026-04-15 17:57:29,414 - Evaluate global model
2026-04-15 17:57:35,371 - Averaged Train Loss: 1.5450
2026-04-15 17:57:35,379 - Test Accurancy: 0.4312
2026-04-15 17:57:44,781 - Round number: 19 --------------------------
2026-04-15 17:57:44,782 - Evaluate global model
2026-04-15 17:57:50,203 - Averaged Train Loss: 1.5288
2026-04-15 17:57:50,203 - Test Accurancy: 0.4384
2026-04-15 17:57:59,181 - Round number: 20 --------------------------
2026-04-15 17:57:59,184 - Evaluate global model
2026-04-15 17:58:04,491 - Averaged Train Loss: 1.5119
2026-04-15 17:58:04,492 - Test Accurancy: 0.4448
2026-04-15 17:58:14,686 - Round number: 21 --------------------------
2026-04-15 17:58:14,688 - Evaluate global model
2026-04-15 17:58:19,584 - Averaged Train Loss: 1.5005
2026-04-15 17:58:19,585 - Test Accurancy: 0.4498
2026-04-15 17:58:29,373 - Round number: 22 --------------------------
2026-04-15 17:58:29,373 - Evaluate global model
2026-04-15 17:58:35,886 - Averaged Train Loss: 1.4886
2026-04-15 17:58:35,891 - Test Accurancy: 0.4569
2026-04-15 17:58:44,440 - Round number: 23 --------------------------
2026-04-15 17:58:44,440 - Evaluate global model
2026-04-15 17:58:49,798 - Averaged Train Loss: 1.4731
2026-04-15 17:58:49,798 - Test Accurancy: 0.4577
2026-04-15 17:58:57,889 - Round number: 24 --------------------------
2026-04-15 17:58:57,890 - Evaluate global model
2026-04-15 17:59:02,610 - Averaged Train Loss: 1.4545
2026-04-15 17:59:02,611 - Test Accurancy: 0.4670
2026-04-15 17:59:11,575 - Round number: 25 --------------------------
2026-04-15 17:59:11,576 - Evaluate global model
2026-04-15 17:59:16,149 - Averaged Train Loss: 1.4492
2026-04-15 17:59:16,150 - Test Accurancy: 0.4676
2026-04-15 17:59:25,178 - Round number: 26 --------------------------
2026-04-15 17:59:25,178 - Evaluate global model
2026-04-15 17:59:30,769 - Averaged Train Loss: 1.4401
2026-04-15 17:59:30,771 - Test Accurancy: 0.4695
2026-04-15 17:59:39,673 - Round number: 27 --------------------------
2026-04-15 17:59:39,673 - Evaluate global model
2026-04-15 17:59:43,511 - Averaged Train Loss: 1.4246
2026-04-15 17:59:43,512 - Test Accurancy: 0.4766
2026-04-15 17:59:55,072 - Round number: 28 --------------------------
2026-04-15 17:59:55,079 - Evaluate global model
2026-04-15 17:59:59,856 - Averaged Train Loss: 1.4117
2026-04-15 17:59:59,856 - Test Accurancy: 0.4827
2026-04-15 18:00:07,872 - Round number: 29 --------------------------
2026-04-15 18:00:07,873 - Evaluate global model
2026-04-15 18:00:13,524 - Averaged Train Loss: 1.4031
2026-04-15 18:00:13,527 - Test Accurancy: 0.4867
2026-04-15 18:00:22,293 - Round number: 30 --------------------------
2026-04-15 18:00:22,293 - Evaluate global model
2026-04-15 18:00:27,849 - Averaged Train Loss: 1.3944
2026-04-15 18:00:27,851 - Test Accurancy: 0.4888
2026-04-15 18:00:38,880 - Round number: 31 --------------------------
2026-04-15 18:00:38,880 - Evaluate global model
2026-04-15 18:00:44,603 - Averaged Train Loss: 1.3796
2026-04-15 18:00:44,604 - Test Accurancy: 0.4951
2026-04-15 18:00:57,369 - Round number: 32 --------------------------
2026-04-15 18:00:57,369 - Evaluate global model
2026-04-15 18:01:03,023 - Averaged Train Loss: 1.3753
2026-04-15 18:01:03,024 - Test Accurancy: 0.4946
2026-04-15 18:01:09,744 - Round number: 33 --------------------------
2026-04-15 18:01:09,745 - Evaluate global model
2026-04-15 18:01:14,806 - Averaged Train Loss: 1.3647
2026-04-15 18:01:14,806 - Test Accurancy: 0.5013
2026-04-15 18:01:21,591 - Round number: 34 --------------------------
2026-04-15 18:01:21,592 - Evaluate global model
2026-04-15 18:01:26,125 - Averaged Train Loss: 1.3605
2026-04-15 18:01:26,126 - Test Accurancy: 0.5033
2026-04-15 18:01:33,298 - Round number: 35 --------------------------
2026-04-15 18:01:33,298 - Evaluate global model
2026-04-15 18:01:37,240 - Averaged Train Loss: 1.3481
2026-04-15 18:01:37,241 - Test Accurancy: 0.5057
2026-04-15 18:01:44,601 - Round number: 36 --------------------------
2026-04-15 18:01:44,602 - Evaluate global model
2026-04-15 18:01:48,505 - Averaged Train Loss: 1.3399
2026-04-15 18:01:48,506 - Test Accurancy: 0.5075
2026-04-15 18:01:55,604 - Round number: 37 --------------------------
2026-04-15 18:01:55,604 - Evaluate global model
2026-04-15 18:02:00,247 - Averaged Train Loss: 1.3318
2026-04-15 18:02:00,248 - Test Accurancy: 0.5120
2026-04-15 18:02:06,553 - Round number: 38 --------------------------
2026-04-15 18:02:06,554 - Evaluate global model
2026-04-15 18:02:11,809 - Averaged Train Loss: 1.3228
2026-04-15 18:02:11,811 - Test Accurancy: 0.5120
2026-04-15 18:02:19,715 - Round number: 39 --------------------------
2026-04-15 18:02:19,715 - Evaluate global model
2026-04-15 18:02:23,623 - Averaged Train Loss: 1.3122
2026-04-15 18:02:23,624 - Test Accurancy: 0.5167
2026-04-15 18:02:31,877 - Round number: 40 --------------------------
2026-04-15 18:02:31,878 - Evaluate global model
2026-04-15 18:02:36,411 - Averaged Train Loss: 1.3014
2026-04-15 18:02:36,411 - Test Accurancy: 0.5213
2026-04-15 18:02:43,863 - Round number: 41 --------------------------
2026-04-15 18:02:43,864 - Evaluate global model
2026-04-15 18:02:48,737 - Averaged Train Loss: 1.3032
2026-04-15 18:02:48,737 - Test Accurancy: 0.5209
2026-04-15 18:02:57,634 - Round number: 42 --------------------------
2026-04-15 18:02:57,634 - Evaluate global model
2026-04-15 18:03:02,389 - Averaged Train Loss: 1.2930
2026-04-15 18:03:02,390 - Test Accurancy: 0.5234
2026-04-15 18:03:09,535 - Round number: 43 --------------------------
2026-04-15 18:03:09,535 - Evaluate global model
2026-04-15 18:03:15,003 - Averaged Train Loss: 1.2757
2026-04-15 18:03:15,004 - Test Accurancy: 0.5294
2026-04-15 18:03:23,561 - Round number: 44 --------------------------
2026-04-15 18:03:23,561 - Evaluate global model
2026-04-15 18:03:28,521 - Averaged Train Loss: 1.2756
2026-04-15 18:03:28,521 - Test Accurancy: 0.5291
2026-04-15 18:03:35,583 - Round number: 45 --------------------------
2026-04-15 18:03:35,584 - Evaluate global model
2026-04-15 18:03:40,790 - Averaged Train Loss: 1.2659
2026-04-15 18:03:40,791 - Test Accurancy: 0.5329
2026-04-15 18:03:49,032 - Round number: 46 --------------------------
2026-04-15 18:03:49,033 - Evaluate global model
2026-04-15 18:03:55,024 - Averaged Train Loss: 1.2616
2026-04-15 18:03:55,025 - Test Accurancy: 0.5320
2026-04-15 18:04:02,599 - Round number: 47 --------------------------
2026-04-15 18:04:02,599 - Evaluate global model
2026-04-15 18:04:08,908 - Averaged Train Loss: 1.2527
2026-04-15 18:04:08,908 - Test Accurancy: 0.5365
2026-04-15 18:04:15,974 - Round number: 48 --------------------------
2026-04-15 18:04:15,975 - Evaluate global model
2026-04-15 18:04:20,242 - Averaged Train Loss: 1.2516
2026-04-15 18:04:20,242 - Test Accurancy: 0.5353
2026-04-15 18:04:27,831 - Round number: 49 --------------------------
2026-04-15 18:04:27,831 - Evaluate global model
2026-04-15 18:04:31,557 - Averaged Train Loss: 1.2446
2026-04-15 18:04:31,558 - Test Accurancy: 0.5401
2026-04-15 18:04:39,260 - Round number: 50 --------------------------
2026-04-15 18:04:39,261 - Evaluate global model
2026-04-15 18:04:44,016 - Averaged Train Loss: 1.2385
2026-04-15 18:04:44,016 - Test Accurancy: 0.5418
2026-04-15 18:04:51,133 - Round number: 51 --------------------------
2026-04-15 18:04:51,134 - Evaluate global model
2026-04-15 18:04:56,235 - Averaged Train Loss: 1.2271
2026-04-15 18:04:56,235 - Test Accurancy: 0.5474
2026-04-15 18:05:02,843 - Round number: 52 --------------------------
2026-04-15 18:05:02,843 - Evaluate global model
2026-04-15 18:05:06,693 - Averaged Train Loss: 1.2235
2026-04-15 18:05:06,694 - Test Accurancy: 0.5471
2026-04-15 18:05:14,201 - Round number: 53 --------------------------
2026-04-15 18:05:14,201 - Evaluate global model
2026-04-15 18:05:17,593 - Averaged Train Loss: 1.2195
2026-04-15 18:05:17,594 - Test Accurancy: 0.5509
2026-04-15 18:05:26,409 - Round number: 54 --------------------------
2026-04-15 18:05:26,410 - Evaluate global model
2026-04-15 18:05:30,204 - Averaged Train Loss: 1.2039
2026-04-15 18:05:30,204 - Test Accurancy: 0.5561
2026-04-15 18:05:39,808 - Round number: 55 --------------------------
2026-04-15 18:05:39,813 - Evaluate global model
2026-04-15 18:05:45,528 - Averaged Train Loss: 1.2050
2026-04-15 18:05:45,529 - Test Accurancy: 0.5566
2026-04-15 18:05:58,155 - Round number: 56 --------------------------
2026-04-15 18:05:58,162 - Evaluate global model
2026-04-15 18:06:03,963 - Averaged Train Loss: 1.1917
2026-04-15 18:06:03,963 - Test Accurancy: 0.5584
2026-04-15 18:06:13,023 - Round number: 57 --------------------------
2026-04-15 18:06:13,023 - Evaluate global model
2026-04-15 18:06:18,175 - Averaged Train Loss: 1.1966
2026-04-15 18:06:18,175 - Test Accurancy: 0.5566
2026-04-15 18:06:28,712 - Round number: 58 --------------------------
2026-04-15 18:06:28,713 - Evaluate global model
2026-04-15 18:06:34,543 - Averaged Train Loss: 1.1884
2026-04-15 18:06:34,543 - Test Accurancy: 0.5606
2026-04-15 18:06:44,121 - Round number: 59 --------------------------
2026-04-15 18:06:44,121 - Evaluate global model
2026-04-15 18:06:50,774 - Averaged Train Loss: 1.1822
2026-04-15 18:06:50,781 - Test Accurancy: 0.5615
2026-04-15 18:07:01,002 - Round number: 60 --------------------------
2026-04-15 18:07:01,005 - Evaluate global model
2026-04-15 18:07:05,261 - Averaged Train Loss: 1.1784
2026-04-15 18:07:05,261 - Test Accurancy: 0.5634
2026-04-15 18:07:13,688 - Round number: 61 --------------------------
2026-04-15 18:07:13,688 - Evaluate global model
2026-04-15 18:07:18,151 - Averaged Train Loss: 1.1658
2026-04-15 18:07:18,154 - Test Accurancy: 0.5704
2026-04-15 18:07:26,080 - Round number: 62 --------------------------
2026-04-15 18:07:26,081 - Evaluate global model
2026-04-15 18:07:29,416 - Averaged Train Loss: 1.1587
2026-04-15 18:07:29,416 - Test Accurancy: 0.5724
2026-04-15 18:07:37,792 - Round number: 63 --------------------------
2026-04-15 18:07:37,793 - Evaluate global model
2026-04-15 18:07:41,031 - Averaged Train Loss: 1.1612
2026-04-15 18:07:41,031 - Test Accurancy: 0.5709
2026-04-15 18:07:49,147 - Round number: 64 --------------------------
2026-04-15 18:07:49,147 - Evaluate global model
2026-04-15 18:07:52,902 - Averaged Train Loss: 1.1549
2026-04-15 18:07:52,902 - Test Accurancy: 0.5707
2026-04-15 18:08:00,413 - Round number: 65 --------------------------
2026-04-15 18:08:00,414 - Evaluate global model
2026-04-15 18:08:04,813 - Averaged Train Loss: 1.1436
2026-04-15 18:08:04,813 - Test Accurancy: 0.5749
2026-04-15 18:08:13,494 - Round number: 66 --------------------------
2026-04-15 18:08:13,495 - Evaluate global model
2026-04-15 18:08:18,177 - Averaged Train Loss: 1.1448
2026-04-15 18:08:18,178 - Test Accurancy: 0.5743
2026-04-15 18:08:25,369 - Round number: 67 --------------------------
2026-04-15 18:08:25,370 - Evaluate global model
2026-04-15 18:08:30,106 - Averaged Train Loss: 1.1404
2026-04-15 18:08:30,106 - Test Accurancy: 0.5762
2026-04-15 18:08:37,564 - Round number: 68 --------------------------
2026-04-15 18:08:37,564 - Evaluate global model
2026-04-15 18:08:41,748 - Averaged Train Loss: 1.1348
2026-04-15 18:08:41,748 - Test Accurancy: 0.5786
2026-04-15 18:08:49,113 - Round number: 69 --------------------------
2026-04-15 18:08:49,113 - Evaluate global model
2026-04-15 18:08:53,183 - Averaged Train Loss: 1.1348
2026-04-15 18:08:53,183 - Test Accurancy: 0.5776
2026-04-15 18:09:00,337 - Round number: 70 --------------------------
2026-04-15 18:09:00,337 - Evaluate global model
2026-04-15 18:09:05,102 - Averaged Train Loss: 1.1286
2026-04-15 18:09:05,103 - Test Accurancy: 0.5794
2026-04-15 18:09:11,705 - Round number: 71 --------------------------
2026-04-15 18:09:11,706 - Evaluate global model
2026-04-15 18:09:16,086 - Averaged Train Loss: 1.1233
2026-04-15 18:09:16,086 - Test Accurancy: 0.5798
2026-04-15 18:09:23,994 - Round number: 72 --------------------------
2026-04-15 18:09:23,995 - Evaluate global model
2026-04-15 18:09:28,873 - Averaged Train Loss: 1.1145
2026-04-15 18:09:28,874 - Test Accurancy: 0.5826
2026-04-15 18:09:36,797 - Round number: 73 --------------------------
2026-04-15 18:09:36,797 - Evaluate global model
2026-04-15 18:09:41,118 - Averaged Train Loss: 1.1123
2026-04-15 18:09:41,118 - Test Accurancy: 0.5831
2026-04-15 18:09:49,980 - Round number: 74 --------------------------
2026-04-15 18:09:49,981 - Evaluate global model
2026-04-15 18:09:53,476 - Averaged Train Loss: 1.1113
2026-04-15 18:09:53,477 - Test Accurancy: 0.5828
2026-04-15 18:10:01,936 - Round number: 75 --------------------------
2026-04-15 18:10:01,936 - Evaluate global model
2026-04-15 18:10:05,436 - Averaged Train Loss: 1.1006
2026-04-15 18:10:05,436 - Test Accurancy: 0.5859
2026-04-15 18:10:13,875 - Round number: 76 --------------------------
2026-04-15 18:10:13,876 - Evaluate global model
2026-04-15 18:10:17,736 - Averaged Train Loss: 1.1056
2026-04-15 18:10:17,737 - Test Accurancy: 0.5839
2026-04-15 18:10:25,200 - Round number: 77 --------------------------
2026-04-15 18:10:25,200 - Evaluate global model
2026-04-15 18:10:29,024 - Averaged Train Loss: 1.0993
2026-04-15 18:10:29,025 - Test Accurancy: 0.5850
2026-04-15 18:10:36,594 - Round number: 78 --------------------------
2026-04-15 18:10:36,595 - Evaluate global model
2026-04-15 18:10:40,429 - Averaged Train Loss: 1.0980
2026-04-15 18:10:40,429 - Test Accurancy: 0.5861
2026-04-15 18:10:48,261 - Round number: 79 --------------------------
2026-04-15 18:10:48,262 - Evaluate global model
2026-04-15 18:10:52,011 - Averaged Train Loss: 1.0872
2026-04-15 18:10:52,012 - Test Accurancy: 0.5880
2026-04-15 18:10:59,809 - Round number: 80 --------------------------
2026-04-15 18:10:59,809 - Evaluate global model
2026-04-15 18:11:03,457 - Averaged Train Loss: 1.0927
2026-04-15 18:11:03,457 - Test Accurancy: 0.5871
2026-04-15 18:11:10,804 - Round number: 81 --------------------------
2026-04-15 18:11:10,805 - Evaluate global model
2026-04-15 18:11:15,126 - Averaged Train Loss: 1.0832
2026-04-15 18:11:15,126 - Test Accurancy: 0.5879
2026-04-15 18:11:22,090 - Round number: 82 --------------------------
2026-04-15 18:11:22,090 - Evaluate global model
2026-04-15 18:11:26,324 - Averaged Train Loss: 1.0787
2026-04-15 18:11:26,325 - Test Accurancy: 0.5907
2026-04-15 18:11:33,486 - Round number: 83 --------------------------
2026-04-15 18:11:33,487 - Evaluate global model
2026-04-15 18:11:37,351 - Averaged Train Loss: 1.0778
2026-04-15 18:11:37,351 - Test Accurancy: 0.5911
2026-04-15 18:11:45,502 - Round number: 84 --------------------------
2026-04-15 18:11:45,503 - Evaluate global model
2026-04-15 18:11:48,481 - Averaged Train Loss: 1.0708
2026-04-15 18:11:48,481 - Test Accurancy: 0.5909
2026-04-15 18:11:57,261 - Round number: 85 --------------------------
2026-04-15 18:11:57,261 - Evaluate global model
2026-04-15 18:12:01,426 - Averaged Train Loss: 1.0726
2026-04-15 18:12:01,427 - Test Accurancy: 0.5906
2026-04-15 18:12:10,333 - Round number: 86 --------------------------
2026-04-15 18:12:10,333 - Evaluate global model
2026-04-15 18:12:13,568 - Averaged Train Loss: 1.0681
2026-04-15 18:12:13,568 - Test Accurancy: 0.5914
2026-04-15 18:12:21,293 - Round number: 87 --------------------------
2026-04-15 18:12:21,294 - Evaluate global model
2026-04-15 18:12:25,505 - Averaged Train Loss: 1.0676
2026-04-15 18:12:25,506 - Test Accurancy: 0.5929
2026-04-15 18:12:32,885 - Round number: 88 --------------------------
2026-04-15 18:12:32,886 - Evaluate global model
2026-04-15 18:12:37,201 - Averaged Train Loss: 1.0672
2026-04-15 18:12:37,201 - Test Accurancy: 0.5923
2026-04-15 18:12:44,830 - Round number: 89 --------------------------
2026-04-15 18:12:44,831 - Evaluate global model
2026-04-15 18:12:48,962 - Averaged Train Loss: 1.0592
2026-04-15 18:12:48,962 - Test Accurancy: 0.5945
2026-04-15 18:12:56,678 - Round number: 90 --------------------------
2026-04-15 18:12:56,678 - Evaluate global model
2026-04-15 18:13:00,689 - Averaged Train Loss: 1.0592
2026-04-15 18:13:00,689 - Test Accurancy: 0.5946
2026-04-15 18:13:08,865 - Round number: 91 --------------------------
2026-04-15 18:13:08,865 - Evaluate global model
2026-04-15 18:13:12,110 - Averaged Train Loss: 1.0505
2026-04-15 18:13:12,110 - Test Accurancy: 0.5971
2026-04-15 18:13:19,945 - Round number: 92 --------------------------
2026-04-15 18:13:19,945 - Evaluate global model
2026-04-15 18:13:23,696 - Averaged Train Loss: 1.0474
2026-04-15 18:13:23,696 - Test Accurancy: 0.5982
2026-04-15 18:13:31,058 - Round number: 93 --------------------------
2026-04-15 18:13:31,058 - Evaluate global model
2026-04-15 18:13:35,113 - Averaged Train Loss: 1.0445
2026-04-15 18:13:35,114 - Test Accurancy: 0.5981
2026-04-15 18:13:42,866 - Round number: 94 --------------------------
2026-04-15 18:13:42,866 - Evaluate global model
2026-04-15 18:13:46,091 - Averaged Train Loss: 1.0442
2026-04-15 18:13:46,091 - Test Accurancy: 0.5987
2026-04-15 18:13:54,485 - Round number: 95 --------------------------
2026-04-15 18:13:54,486 - Evaluate global model
2026-04-15 18:13:58,012 - Averaged Train Loss: 1.0398
2026-04-15 18:13:58,013 - Test Accurancy: 0.5991
2026-04-15 18:14:05,862 - Round number: 96 --------------------------
2026-04-15 18:14:05,862 - Evaluate global model
2026-04-15 18:14:09,884 - Averaged Train Loss: 1.0346
2026-04-15 18:14:09,885 - Test Accurancy: 0.6000
2026-04-15 18:14:18,727 - Round number: 97 --------------------------
2026-04-15 18:14:18,728 - Evaluate global model
2026-04-15 18:14:22,997 - Averaged Train Loss: 1.0373
2026-04-15 18:14:22,998 - Test Accurancy: 0.6003
2026-04-15 18:14:29,519 - Round number: 98 --------------------------
2026-04-15 18:14:29,521 - Evaluate global model
2026-04-15 18:14:34,067 - Averaged Train Loss: 1.0345
2026-04-15 18:14:34,068 - Test Accurancy: 0.5993
2026-04-15 18:14:40,883 - Round number: 99 --------------------------
2026-04-15 18:14:40,883 - Evaluate global model
2026-04-15 18:14:45,900 - Averaged Train Loss: 1.0339
2026-04-15 18:14:45,901 - Test Accurancy: 0.6002
2026-04-15 18:14:53,605 - Round number: 100 --------------------------
2026-04-15 18:14:53,605 - Evaluate global model
2026-04-15 18:14:57,773 - Averaged Train Loss: 1.0320
2026-04-15 18:14:57,773 - Test Accurancy: 0.6009
2026-04-15 18:15:05,562 - Run over
2026-04-15 18:15:05,563 - Saving results to ./exp/exp5/Cifar10/avg_LIE.h5
2026-04-15 18:15:05,591 - Best accuracy: 0.6008658008658009
2026-04-15 18:15:05,591 - Average time cost per round: 13.375983095169067
