2026-04-16 01:50:05,454 - *****************EXP-5*****************
2026-04-16 01:50:05,455 - Exp repeats: 1
2026-04-16 01:50:05,456 - Communication Rounds: 100
2026-04-16 01:50:05,456 - Clients: 40

2026-04-16 01:50:05,456 - Attack method: sign_flip_ratio
2026-04-16 01:50:05,457 - Filtering rule: flame
2026-04-16 01:50:05,457 - Dataset: Cifar10
2026-04-16 01:50:05,457 - Model: cnn2
2026-04-16 01:50:05,457 - Learning Rate: 0.04
2026-04-16 01:50:05,457 - Batch Size: 64
2026-04-16 01:50:05,458 - Device: cuda
2026-04-16 01:50:05,458 - Device id: 0
2026-04-16 01:50:05,458 - Adversaries: 4
2026-04-16 01:50:05,458 - *****************EXP-5*****************
2026-04-16 01:50:08,735 - Running time: 0th ==========================
2026-04-16 01:50:20,545 - Round number: 0 --------------------------
2026-04-16 01:50:20,545 - Evaluate global model
2026-04-16 01:50:24,771 - Averaged Train Loss: 2.3021
2026-04-16 01:50:24,772 - Test Accurancy: 0.1016
2026-04-16 01:50:36,940 - Flame select clients: [0, 4, 6, 7, 8, 9, 11, 12, 14, 21, 22, 23, 24, 26, 28, 29, 31, 33, 34, 36, 38]
2026-04-16 01:50:36,979 - Round number: 1 --------------------------
2026-04-16 01:50:36,979 - Evaluate global model
2026-04-16 01:50:40,312 - Averaged Train Loss: 2.3027
2026-04-16 01:50:40,312 - Test Accurancy: 0.1044
2026-04-16 01:50:51,883 - Flame select clients: [0, 6, 7, 8, 9, 11, 12, 14, 20, 21, 22, 23, 24, 26, 28, 29, 31, 33, 34, 36, 38]
2026-04-16 01:50:51,925 - Round number: 2 --------------------------
2026-04-16 01:50:51,926 - Evaluate global model
2026-04-16 01:50:56,370 - Averaged Train Loss: 2.3060
2026-04-16 01:50:56,371 - Test Accurancy: 0.1179
2026-04-16 01:51:08,144 - Flame select clients: [0, 6, 7, 8, 9, 11, 12, 13, 14, 21, 22, 23, 24, 26, 28, 29, 31, 33, 34, 36, 38]
2026-04-16 01:51:08,188 - Round number: 3 --------------------------
2026-04-16 01:51:08,188 - Evaluate global model
2026-04-16 01:51:12,186 - Averaged Train Loss: 2.1876
2026-04-16 01:51:12,188 - Test Accurancy: 0.1939
2026-04-16 01:51:22,741 - Flame select clients: [0, 6, 7, 8, 9, 11, 12, 13, 14, 20, 21, 22, 23, 24, 26, 29, 31, 33, 34, 36, 38]
2026-04-16 01:51:22,811 - Round number: 4 --------------------------
2026-04-16 01:51:22,811 - Evaluate global model
2026-04-16 01:51:27,425 - Averaged Train Loss: 2.1166
2026-04-16 01:51:27,425 - Test Accurancy: 0.2202
2026-04-16 01:51:36,567 - Flame select clients: [0, 5, 6, 7, 8, 9, 11, 12, 13, 14, 21, 22, 24, 26, 28, 29, 31, 33, 34, 36, 38, 39]
2026-04-16 01:51:36,605 - Round number: 5 --------------------------
2026-04-16 01:51:36,605 - Evaluate global model
2026-04-16 01:51:41,007 - Averaged Train Loss: 2.0089
2026-04-16 01:51:41,007 - Test Accurancy: 0.2645
2026-04-16 01:51:51,103 - Flame select clients: [0, 6, 7, 8, 9, 11, 12, 13, 14, 16, 18, 21, 22, 23, 24, 26, 29, 31, 33, 34, 36, 38]
2026-04-16 01:51:51,157 - Round number: 6 --------------------------
2026-04-16 01:51:51,158 - Evaluate global model
2026-04-16 01:51:55,704 - Averaged Train Loss: 1.9384
2026-04-16 01:51:55,705 - Test Accurancy: 0.2844
2026-04-16 01:52:05,573 - Flame select clients: [0, 5, 6, 7, 8, 9, 11, 12, 13, 14, 21, 22, 23, 24, 26, 28, 29, 31, 33, 34, 36, 38, 39]
2026-04-16 01:52:05,617 - Round number: 7 --------------------------
2026-04-16 01:52:05,617 - Evaluate global model
2026-04-16 01:52:11,291 - Averaged Train Loss: 1.9107
2026-04-16 01:52:11,291 - Test Accurancy: 0.3017
2026-04-16 01:52:21,297 - Flame select clients: [0, 6, 7, 8, 9, 11, 12, 13, 14, 16, 18, 21, 22, 23, 24, 26, 28, 29, 31, 33, 34, 36, 38]
2026-04-16 01:52:21,339 - Round number: 8 --------------------------
2026-04-16 01:52:21,340 - Evaluate global model
2026-04-16 01:52:26,380 - Averaged Train Loss: 1.8491
2026-04-16 01:52:26,381 - Test Accurancy: 0.3318
2026-04-16 01:52:36,580 - Flame select clients: [0, 6, 7, 8, 9, 11, 12, 13, 14, 21, 22, 23, 24, 26, 28, 29, 31, 33, 34, 36, 38]
2026-04-16 01:52:36,631 - Round number: 9 --------------------------
2026-04-16 01:52:36,631 - Evaluate global model
2026-04-16 01:52:41,831 - Averaged Train Loss: 1.8779
2026-04-16 01:52:41,831 - Test Accurancy: 0.3280
2026-04-16 01:52:51,454 - Flame select clients: [0, 6, 7, 8, 9, 11, 12, 13, 14, 21, 22, 23, 24, 26, 28, 29, 31, 33, 34, 36, 38]
2026-04-16 01:52:51,497 - Round number: 10 --------------------------
2026-04-16 01:52:51,497 - Evaluate global model
2026-04-16 01:52:55,544 - Averaged Train Loss: 1.8485
2026-04-16 01:52:55,545 - Test Accurancy: 0.3356
2026-04-16 01:53:06,953 - Flame select clients: [0, 4, 6, 7, 8, 9, 11, 12, 13, 14, 21, 22, 23, 24, 26, 28, 29, 31, 33, 34, 36, 38]
2026-04-16 01:53:06,994 - Round number: 11 --------------------------
2026-04-16 01:53:06,994 - Evaluate global model
2026-04-16 01:53:10,957 - Averaged Train Loss: 1.8134
2026-04-16 01:53:10,959 - Test Accurancy: 0.3445
2026-04-16 01:53:22,263 - Flame select clients: [0, 6, 7, 9, 11, 12, 13, 14, 17, 21, 22, 23, 24, 26, 28, 29, 31, 33, 34, 35, 36, 37, 38]
2026-04-16 01:53:22,306 - Round number: 12 --------------------------
2026-04-16 01:53:22,306 - Evaluate global model
2026-04-16 01:53:26,983 - Averaged Train Loss: 1.8131
2026-04-16 01:53:26,984 - Test Accurancy: 0.3521
2026-04-16 01:53:38,880 - Flame select clients: [0, 4, 6, 7, 8, 9, 11, 12, 13, 14, 21, 22, 23, 24, 26, 28, 29, 31, 33, 34, 36, 38]
2026-04-16 01:53:38,913 - Round number: 13 --------------------------
2026-04-16 01:53:38,913 - Evaluate global model
2026-04-16 01:53:43,636 - Averaged Train Loss: 1.7521
2026-04-16 01:53:43,637 - Test Accurancy: 0.3674
2026-04-16 01:53:57,515 - Flame select clients: [0, 4, 6, 7, 8, 9, 11, 12, 13, 14, 21, 22, 23, 24, 26, 28, 29, 31, 33, 34, 36, 38]
2026-04-16 01:53:57,563 - Round number: 14 --------------------------
2026-04-16 01:53:57,563 - Evaluate global model
2026-04-16 01:54:02,597 - Averaged Train Loss: 1.7427
2026-04-16 01:54:02,597 - Test Accurancy: 0.3674
2026-04-16 01:54:11,931 - Flame select clients: [0, 4, 6, 7, 8, 9, 11, 12, 13, 14, 21, 22, 23, 24, 26, 28, 29, 31, 33, 34, 36, 38]
2026-04-16 01:54:11,986 - Round number: 15 --------------------------
2026-04-16 01:54:11,987 - Evaluate global model
2026-04-16 01:54:16,813 - Averaged Train Loss: 1.7096
2026-04-16 01:54:16,814 - Test Accurancy: 0.3806
2026-04-16 01:54:27,041 - Flame select clients: [0, 6, 7, 8, 9, 11, 12, 13, 14, 21, 22, 23, 24, 26, 28, 29, 31, 33, 34, 36, 38]
2026-04-16 01:54:27,089 - Round number: 16 --------------------------
2026-04-16 01:54:27,089 - Evaluate global model
2026-04-16 01:54:32,756 - Averaged Train Loss: 1.7077
2026-04-16 01:54:32,758 - Test Accurancy: 0.3818
2026-04-16 01:54:43,697 - Flame select clients: [0, 4, 6, 7, 8, 9, 11, 12, 13, 14, 21, 22, 24, 26, 28, 29, 31, 33, 34, 36, 38]
2026-04-16 01:54:43,741 - Round number: 17 --------------------------
2026-04-16 01:54:43,742 - Evaluate global model
2026-04-16 01:54:47,427 - Averaged Train Loss: 1.6876
2026-04-16 01:54:47,427 - Test Accurancy: 0.3899
2026-04-16 01:55:00,059 - Flame select clients: [0, 4, 6, 7, 8, 9, 11, 12, 13, 14, 21, 22, 23, 24, 26, 28, 29, 31, 33, 34, 36, 38]
2026-04-16 01:55:00,091 - Round number: 18 --------------------------
2026-04-16 01:55:00,091 - Evaluate global model
2026-04-16 01:55:03,673 - Averaged Train Loss: 1.6543
2026-04-16 01:55:03,673 - Test Accurancy: 0.4006
2026-04-16 01:55:13,695 - Flame select clients: [0, 4, 6, 7, 8, 9, 11, 12, 13, 14, 21, 22, 24, 26, 28, 29, 31, 33, 34, 36, 38]
2026-04-16 01:55:13,738 - Round number: 19 --------------------------
2026-04-16 01:55:13,739 - Evaluate global model
2026-04-16 01:55:17,930 - Averaged Train Loss: 1.6526
2026-04-16 01:55:17,930 - Test Accurancy: 0.4025
2026-04-16 01:55:29,420 - Flame select clients: [0, 4, 6, 7, 8, 9, 11, 12, 13, 14, 21, 22, 23, 24, 26, 28, 29, 31, 33, 34, 36, 38]
2026-04-16 01:55:29,459 - Round number: 20 --------------------------
2026-04-16 01:55:29,460 - Evaluate global model
2026-04-16 01:55:34,462 - Averaged Train Loss: 1.6189
2026-04-16 01:55:34,465 - Test Accurancy: 0.4131
2026-04-16 01:55:43,443 - Flame select clients: [0, 4, 6, 7, 8, 11, 12, 13, 14, 21, 22, 23, 24, 26, 28, 29, 31, 33, 34, 36, 38]
2026-04-16 01:55:43,487 - Round number: 21 --------------------------
2026-04-16 01:55:43,487 - Evaluate global model
2026-04-16 01:55:48,897 - Averaged Train Loss: 1.5929
2026-04-16 01:55:48,898 - Test Accurancy: 0.4240
2026-04-16 01:55:58,802 - Flame select clients: [0, 4, 6, 7, 8, 9, 11, 12, 13, 14, 21, 22, 23, 24, 26, 28, 29, 31, 33, 34, 36, 38]
2026-04-16 01:55:58,855 - Round number: 22 --------------------------
2026-04-16 01:55:58,855 - Evaluate global model
2026-04-16 01:56:05,384 - Averaged Train Loss: 1.5935
2026-04-16 01:56:05,384 - Test Accurancy: 0.4240
2026-04-16 01:56:16,451 - Flame select clients: [0, 4, 6, 7, 8, 9, 12, 13, 14, 16, 18, 21, 22, 23, 24, 26, 28, 29, 31, 33, 36, 38]
2026-04-16 01:56:16,496 - Round number: 23 --------------------------
2026-04-16 01:56:16,497 - Evaluate global model
2026-04-16 01:56:20,683 - Averaged Train Loss: 1.5546
2026-04-16 01:56:20,684 - Test Accurancy: 0.4414
2026-04-16 01:56:34,117 - Flame select clients: [0, 4, 6, 7, 8, 9, 11, 12, 13, 14, 21, 22, 24, 26, 28, 29, 31, 33, 34, 36, 38]
2026-04-16 01:56:34,170 - Round number: 24 --------------------------
2026-04-16 01:56:34,171 - Evaluate global model
2026-04-16 01:56:38,942 - Averaged Train Loss: 1.5574
2026-04-16 01:56:38,942 - Test Accurancy: 0.4396
2026-04-16 01:56:49,261 - Flame select clients: [0, 4, 6, 7, 8, 9, 11, 12, 13, 14, 21, 22, 23, 24, 26, 28, 29, 31, 33, 34, 36, 38]
2026-04-16 01:56:49,307 - Round number: 25 --------------------------
2026-04-16 01:56:49,307 - Evaluate global model
2026-04-16 01:56:53,671 - Averaged Train Loss: 1.5469
2026-04-16 01:56:53,672 - Test Accurancy: 0.4398
2026-04-16 01:57:04,013 - Flame select clients: [0, 4, 6, 7, 8, 9, 11, 12, 13, 14, 21, 22, 23, 24, 26, 28, 29, 31, 33, 34, 36]
2026-04-16 01:57:04,067 - Round number: 26 --------------------------
2026-04-16 01:57:04,068 - Evaluate global model
2026-04-16 01:57:08,544 - Averaged Train Loss: 1.5408
2026-04-16 01:57:08,544 - Test Accurancy: 0.4399
2026-04-16 01:57:18,799 - Flame select clients: [0, 6, 7, 8, 9, 11, 12, 13, 14, 21, 22, 23, 24, 26, 28, 29, 31, 33, 34, 35, 36, 38]
2026-04-16 01:57:18,844 - Round number: 27 --------------------------
2026-04-16 01:57:18,844 - Evaluate global model
2026-04-16 01:57:24,447 - Averaged Train Loss: 1.5281
2026-04-16 01:57:24,452 - Test Accurancy: 0.4489
2026-04-16 01:57:34,869 - Flame select clients: [0, 4, 6, 7, 8, 9, 11, 12, 13, 14, 21, 22, 23, 24, 26, 28, 29, 31, 33, 34, 35, 36, 38]
2026-04-16 01:57:34,933 - Round number: 28 --------------------------
2026-04-16 01:57:34,933 - Evaluate global model
2026-04-16 01:57:41,352 - Averaged Train Loss: 1.5099
2026-04-16 01:57:41,354 - Test Accurancy: 0.4538
2026-04-16 01:57:54,201 - Flame select clients: [0, 4, 6, 7, 8, 9, 11, 12, 13, 14, 21, 22, 23, 24, 26, 28, 29, 31, 33, 34, 36, 38]
2026-04-16 01:57:54,304 - Round number: 29 --------------------------
2026-04-16 01:57:54,305 - Evaluate global model
2026-04-16 01:58:01,037 - Averaged Train Loss: 1.5034
2026-04-16 01:58:01,038 - Test Accurancy: 0.4575
2026-04-16 01:58:14,387 - Flame select clients: [0, 2, 4, 6, 7, 8, 9, 11, 12, 13, 14, 21, 22, 24, 26, 28, 29, 31, 33, 34, 35, 36, 38]
2026-04-16 01:58:14,421 - Round number: 30 --------------------------
2026-04-16 01:58:14,421 - Evaluate global model
2026-04-16 01:58:18,290 - Averaged Train Loss: 1.5059
2026-04-16 01:58:18,290 - Test Accurancy: 0.4550
2026-04-16 01:58:30,432 - Flame select clients: [0, 4, 6, 7, 8, 9, 11, 12, 13, 14, 21, 22, 23, 24, 26, 28, 29, 31, 33, 34, 36, 38]
2026-04-16 01:58:30,460 - Round number: 31 --------------------------
2026-04-16 01:58:30,461 - Evaluate global model
2026-04-16 01:58:35,056 - Averaged Train Loss: 1.4894
2026-04-16 01:58:35,056 - Test Accurancy: 0.4619
2026-04-16 01:58:44,753 - Flame select clients: [0, 4, 6, 7, 8, 9, 11, 12, 13, 14, 21, 22, 23, 24, 26, 28, 29, 31, 33, 34, 36, 38]
2026-04-16 01:58:44,786 - Round number: 32 --------------------------
2026-04-16 01:58:44,787 - Evaluate global model
2026-04-16 01:58:50,081 - Averaged Train Loss: 1.4734
2026-04-16 01:58:50,084 - Test Accurancy: 0.4697
2026-04-16 01:59:00,047 - Flame select clients: [0, 4, 6, 7, 8, 9, 11, 12, 13, 14, 21, 22, 23, 24, 26, 28, 29, 31, 33, 34, 36, 38]
2026-04-16 01:59:00,105 - Round number: 33 --------------------------
2026-04-16 01:59:00,105 - Evaluate global model
2026-04-16 01:59:05,431 - Averaged Train Loss: 1.4682
2026-04-16 01:59:05,432 - Test Accurancy: 0.4707
2026-04-16 01:59:15,567 - Flame select clients: [0, 4, 6, 7, 8, 9, 11, 12, 13, 14, 21, 22, 23, 24, 26, 28, 29, 31, 33, 34, 36]
2026-04-16 01:59:15,645 - Round number: 34 --------------------------
2026-04-16 01:59:15,646 - Evaluate global model
2026-04-16 01:59:22,294 - Averaged Train Loss: 1.4562
2026-04-16 01:59:22,294 - Test Accurancy: 0.4767
2026-04-16 01:59:32,969 - Flame select clients: [0, 4, 6, 7, 8, 9, 11, 12, 13, 14, 21, 22, 23, 24, 26, 28, 29, 31, 33, 34, 35, 36, 38]
2026-04-16 01:59:33,029 - Round number: 35 --------------------------
2026-04-16 01:59:33,029 - Evaluate global model
2026-04-16 01:59:37,578 - Averaged Train Loss: 1.4439
2026-04-16 01:59:37,579 - Test Accurancy: 0.4777
2026-04-16 01:59:47,682 - Flame select clients: [0, 4, 6, 7, 8, 9, 11, 12, 13, 14, 21, 22, 23, 24, 26, 28, 29, 31, 33, 34, 36, 38]
2026-04-16 01:59:47,728 - Round number: 36 --------------------------
2026-04-16 01:59:47,728 - Evaluate global model
2026-04-16 01:59:52,337 - Averaged Train Loss: 1.4445
2026-04-16 01:59:52,337 - Test Accurancy: 0.4766
2026-04-16 02:00:02,531 - Flame select clients: [0, 4, 6, 7, 8, 9, 11, 12, 13, 14, 21, 22, 23, 24, 26, 28, 29, 31, 33, 36, 38]
2026-04-16 02:00:02,574 - Round number: 37 --------------------------
2026-04-16 02:00:02,574 - Evaluate global model
2026-04-16 02:00:06,959 - Averaged Train Loss: 1.4417
2026-04-16 02:00:06,959 - Test Accurancy: 0.4798
2026-04-16 02:00:18,184 - Flame select clients: [0, 4, 6, 7, 8, 9, 11, 12, 13, 14, 21, 22, 23, 24, 26, 28, 29, 31, 33, 34, 36]
2026-04-16 02:00:18,239 - Round number: 38 --------------------------
2026-04-16 02:00:18,239 - Evaluate global model
2026-04-16 02:00:22,975 - Averaged Train Loss: 1.4270
2026-04-16 02:00:22,976 - Test Accurancy: 0.4811
2026-04-16 02:00:34,529 - Flame select clients: [0, 2, 4, 6, 7, 8, 9, 11, 12, 13, 14, 21, 22, 23, 24, 26, 28, 29, 31, 33, 34, 36, 38]
2026-04-16 02:00:34,576 - Round number: 39 --------------------------
2026-04-16 02:00:34,577 - Evaluate global model
2026-04-16 02:00:38,347 - Averaged Train Loss: 1.4292
2026-04-16 02:00:38,348 - Test Accurancy: 0.4783
2026-04-16 02:00:48,720 - Flame select clients: [0, 2, 4, 6, 7, 8, 9, 11, 12, 13, 14, 21, 22, 23, 24, 26, 28, 29, 31, 33, 36]
2026-04-16 02:00:48,767 - Round number: 40 --------------------------
2026-04-16 02:00:48,768 - Evaluate global model
2026-04-16 02:00:53,955 - Averaged Train Loss: 1.4343
2026-04-16 02:00:53,955 - Test Accurancy: 0.4772
2026-04-16 02:01:05,435 - Flame select clients: [0, 4, 6, 7, 8, 11, 12, 13, 14, 21, 22, 23, 24, 26, 28, 29, 31, 32, 33, 34, 36]
2026-04-16 02:01:05,495 - Round number: 41 --------------------------
2026-04-16 02:01:05,496 - Evaluate global model
2026-04-16 02:01:10,555 - Averaged Train Loss: 1.4022
2026-04-16 02:01:10,555 - Test Accurancy: 0.4898
2026-04-16 02:01:21,739 - Flame select clients: [0, 2, 3, 4, 6, 7, 8, 11, 12, 13, 14, 21, 22, 23, 24, 26, 28, 29, 31, 33, 34, 36]
2026-04-16 02:01:21,826 - Round number: 42 --------------------------
2026-04-16 02:01:21,827 - Evaluate global model
2026-04-16 02:01:30,969 - Averaged Train Loss: 1.4189
2026-04-16 02:01:30,971 - Test Accurancy: 0.4869
2026-04-16 02:01:41,793 - Flame select clients: [0, 4, 6, 7, 8, 9, 11, 12, 13, 14, 21, 22, 23, 24, 26, 28, 29, 31, 33, 34, 36]
2026-04-16 02:01:41,833 - Round number: 43 --------------------------
2026-04-16 02:01:41,834 - Evaluate global model
2026-04-16 02:01:49,890 - Averaged Train Loss: 1.3855
2026-04-16 02:01:49,892 - Test Accurancy: 0.4951
2026-04-16 02:02:01,940 - Flame select clients: [4, 6, 7, 8, 9, 11, 12, 13, 14, 21, 22, 23, 24, 26, 28, 29, 31, 33, 34, 36, 38]
2026-04-16 02:02:01,983 - Round number: 44 --------------------------
2026-04-16 02:02:01,983 - Evaluate global model
2026-04-16 02:02:06,326 - Averaged Train Loss: 1.3782
2026-04-16 02:02:06,326 - Test Accurancy: 0.4988
2026-04-16 02:02:16,562 - Flame select clients: [0, 4, 6, 7, 8, 9, 11, 12, 13, 14, 21, 22, 23, 24, 26, 28, 29, 31, 33, 34, 36]
2026-04-16 02:02:16,599 - Round number: 45 --------------------------
2026-04-16 02:02:16,599 - Evaluate global model
2026-04-16 02:02:20,797 - Averaged Train Loss: 1.3707
2026-04-16 02:02:20,797 - Test Accurancy: 0.5001
2026-04-16 02:02:31,220 - Flame select clients: [4, 6, 7, 8, 9, 11, 12, 13, 14, 21, 22, 23, 24, 26, 28, 29, 31, 33, 34, 36, 38]
2026-04-16 02:02:31,256 - Round number: 46 --------------------------
2026-04-16 02:02:31,256 - Evaluate global model
2026-04-16 02:02:35,297 - Averaged Train Loss: 1.3632
2026-04-16 02:02:35,297 - Test Accurancy: 0.5004
2026-04-16 02:02:45,860 - Flame select clients: [0, 4, 6, 7, 8, 11, 12, 13, 14, 21, 22, 23, 24, 26, 28, 29, 31, 33, 34, 36, 38]
2026-04-16 02:02:45,896 - Round number: 47 --------------------------
2026-04-16 02:02:45,896 - Evaluate global model
2026-04-16 02:02:49,565 - Averaged Train Loss: 1.3599
2026-04-16 02:02:49,566 - Test Accurancy: 0.5031
2026-04-16 02:02:59,934 - Flame select clients: [0, 4, 6, 7, 8, 9, 11, 12, 13, 14, 21, 22, 23, 24, 26, 28, 29, 30, 31, 32, 33, 34, 36]
2026-04-16 02:02:59,975 - Round number: 48 --------------------------
2026-04-16 02:02:59,975 - Evaluate global model
2026-04-16 02:03:03,722 - Averaged Train Loss: 1.3811
2026-04-16 02:03:03,724 - Test Accurancy: 0.4966
2026-04-16 02:03:14,101 - Flame select clients: [0, 4, 6, 7, 8, 9, 12, 13, 14, 21, 22, 23, 24, 26, 28, 29, 30, 31, 32, 33, 36]
2026-04-16 02:03:14,138 - Round number: 49 --------------------------
2026-04-16 02:03:14,138 - Evaluate global model
2026-04-16 02:03:18,685 - Averaged Train Loss: 1.4013
2026-04-16 02:03:18,686 - Test Accurancy: 0.4882
2026-04-16 02:03:31,041 - Flame select clients: [4, 6, 7, 8, 11, 12, 13, 14, 21, 22, 23, 24, 26, 28, 29, 30, 31, 32, 33, 34, 36]
2026-04-16 02:03:31,092 - Round number: 50 --------------------------
2026-04-16 02:03:31,092 - Evaluate global model
2026-04-16 02:03:36,113 - Averaged Train Loss: 1.3663
2026-04-16 02:03:36,113 - Test Accurancy: 0.4982
2026-04-16 02:03:46,864 - Flame select clients: [0, 4, 6, 7, 8, 11, 12, 13, 14, 21, 22, 23, 24, 26, 28, 29, 31, 33, 34, 36, 38, 39]
2026-04-16 02:03:46,898 - Round number: 51 --------------------------
2026-04-16 02:03:46,898 - Evaluate global model
2026-04-16 02:03:51,355 - Averaged Train Loss: 1.3189
2026-04-16 02:03:51,355 - Test Accurancy: 0.5169
2026-04-16 02:04:01,184 - Flame select clients: [0, 4, 6, 7, 8, 11, 12, 13, 14, 21, 22, 23, 24, 26, 28, 29, 30, 31, 32, 33, 34, 36]
2026-04-16 02:04:01,235 - Round number: 52 --------------------------
2026-04-16 02:04:01,235 - Evaluate global model
2026-04-16 02:04:06,050 - Averaged Train Loss: 1.3594
2026-04-16 02:04:06,051 - Test Accurancy: 0.5034
2026-04-16 02:04:15,500 - Flame select clients: [0, 4, 6, 7, 8, 11, 12, 13, 14, 21, 22, 23, 24, 26, 28, 29, 30, 31, 32, 33, 34, 36]
2026-04-16 02:04:15,547 - Round number: 53 --------------------------
2026-04-16 02:04:15,548 - Evaluate global model
2026-04-16 02:04:20,500 - Averaged Train Loss: 1.3525
2026-04-16 02:04:20,501 - Test Accurancy: 0.5046
2026-04-16 02:04:31,254 - Flame select clients: [0, 4, 6, 7, 8, 11, 12, 13, 14, 21, 22, 23, 24, 26, 28, 29, 30, 31, 32, 33, 34, 36]
2026-04-16 02:04:31,300 - Round number: 54 --------------------------
2026-04-16 02:04:31,300 - Evaluate global model
2026-04-16 02:04:35,893 - Averaged Train Loss: 1.3533
2026-04-16 02:04:35,895 - Test Accurancy: 0.5054
2026-04-16 02:04:46,891 - Flame select clients: [0, 4, 6, 7, 8, 9, 11, 12, 13, 14, 21, 22, 23, 24, 26, 28, 29, 31, 33, 34, 36]
2026-04-16 02:04:46,930 - Round number: 55 --------------------------
2026-04-16 02:04:46,930 - Evaluate global model
2026-04-16 02:04:50,823 - Averaged Train Loss: 1.3294
2026-04-16 02:04:50,823 - Test Accurancy: 0.5103
2026-04-16 02:05:01,066 - Flame select clients: [0, 4, 6, 7, 8, 9, 11, 12, 13, 14, 21, 22, 23, 24, 26, 28, 29, 30, 31, 32, 33, 34, 36]
2026-04-16 02:05:01,103 - Round number: 56 --------------------------
2026-04-16 02:05:01,104 - Evaluate global model
2026-04-16 02:05:05,427 - Averaged Train Loss: 1.3416
2026-04-16 02:05:05,427 - Test Accurancy: 0.5082
2026-04-16 02:05:15,191 - Flame select clients: [4, 6, 7, 8, 9, 11, 12, 13, 14, 21, 22, 23, 24, 26, 28, 29, 31, 32, 33, 34, 36]
2026-04-16 02:05:15,240 - Round number: 57 --------------------------
2026-04-16 02:05:15,240 - Evaluate global model
2026-04-16 02:05:20,418 - Averaged Train Loss: 1.3088
2026-04-16 02:05:20,419 - Test Accurancy: 0.5201
2026-04-16 02:05:31,617 - Flame select clients: [4, 6, 7, 8, 11, 12, 13, 14, 21, 22, 23, 24, 26, 28, 29, 30, 31, 32, 33, 34, 36]
2026-04-16 02:05:31,652 - Round number: 58 --------------------------
2026-04-16 02:05:31,653 - Evaluate global model
2026-04-16 02:05:35,004 - Averaged Train Loss: 1.3130
2026-04-16 02:05:35,005 - Test Accurancy: 0.5165
2026-04-16 02:05:45,811 - Flame select clients: [0, 4, 6, 7, 8, 9, 11, 12, 13, 14, 21, 22, 23, 24, 26, 28, 29, 31, 33, 34, 36]
2026-04-16 02:05:45,843 - Round number: 59 --------------------------
2026-04-16 02:05:45,843 - Evaluate global model
2026-04-16 02:05:49,746 - Averaged Train Loss: 1.3011
2026-04-16 02:05:49,747 - Test Accurancy: 0.5208
2026-04-16 02:05:59,838 - Flame select clients: [4, 6, 7, 8, 9, 11, 12, 13, 14, 21, 22, 23, 24, 26, 28, 29, 30, 31, 32, 33, 34, 36]
2026-04-16 02:05:59,876 - Round number: 60 --------------------------
2026-04-16 02:05:59,876 - Evaluate global model
2026-04-16 02:06:03,943 - Averaged Train Loss: 1.3014
2026-04-16 02:06:03,945 - Test Accurancy: 0.5215
2026-04-16 02:06:13,936 - Flame select clients: [0, 4, 6, 7, 8, 11, 12, 13, 14, 21, 22, 24, 26, 28, 29, 30, 31, 32, 33, 34, 36]
2026-04-16 02:06:13,987 - Round number: 61 --------------------------
2026-04-16 02:06:13,988 - Evaluate global model
2026-04-16 02:06:19,374 - Averaged Train Loss: 1.3310
2026-04-16 02:06:19,374 - Test Accurancy: 0.5154
2026-04-16 02:06:29,756 - Flame select clients: [0, 4, 6, 7, 8, 11, 12, 13, 14, 21, 22, 23, 24, 26, 28, 29, 30, 31, 32, 33, 36]
2026-04-16 02:06:29,803 - Round number: 62 --------------------------
2026-04-16 02:06:29,803 - Evaluate global model
2026-04-16 02:06:36,673 - Averaged Train Loss: 1.3287
2026-04-16 02:06:36,674 - Test Accurancy: 0.5132
2026-04-16 02:06:48,466 - Flame select clients: [4, 6, 7, 8, 11, 12, 13, 14, 21, 22, 23, 24, 26, 28, 29, 30, 31, 32, 33, 34, 36]
2026-04-16 02:06:48,507 - Round number: 63 --------------------------
2026-04-16 02:06:48,507 - Evaluate global model
2026-04-16 02:06:54,357 - Averaged Train Loss: 1.3096
2026-04-16 02:06:54,357 - Test Accurancy: 0.5178
2026-04-16 02:07:06,999 - Flame select clients: [1, 4, 6, 7, 8, 9, 11, 12, 13, 14, 21, 22, 23, 24, 26, 28, 29, 30, 31, 32, 33, 34, 36]
2026-04-16 02:07:07,083 - Round number: 64 --------------------------
2026-04-16 02:07:07,084 - Evaluate global model
2026-04-16 02:07:11,464 - Averaged Train Loss: 1.3130
2026-04-16 02:07:11,464 - Test Accurancy: 0.5191
2026-04-16 02:07:23,122 - Flame select clients: [4, 6, 7, 8, 11, 12, 13, 14, 21, 22, 23, 24, 26, 28, 29, 30, 31, 32, 33, 34, 36]
2026-04-16 02:07:23,170 - Round number: 65 --------------------------
2026-04-16 02:07:23,170 - Evaluate global model
2026-04-16 02:07:27,213 - Averaged Train Loss: 1.3013
2026-04-16 02:07:27,214 - Test Accurancy: 0.5231
2026-04-16 02:07:38,091 - Flame select clients: [0, 4, 6, 7, 8, 9, 11, 12, 13, 14, 21, 22, 23, 24, 26, 28, 29, 31, 32, 33, 36]
2026-04-16 02:07:38,134 - Round number: 66 --------------------------
2026-04-16 02:07:38,134 - Evaluate global model
2026-04-16 02:07:43,220 - Averaged Train Loss: 1.3064
2026-04-16 02:07:43,220 - Test Accurancy: 0.5189
2026-04-16 02:07:53,917 - Flame select clients: [4, 6, 7, 8, 11, 12, 13, 14, 21, 22, 23, 24, 26, 28, 29, 30, 31, 32, 33, 34, 36]
2026-04-16 02:07:53,962 - Round number: 67 --------------------------
2026-04-16 02:07:53,962 - Evaluate global model
2026-04-16 02:08:00,379 - Averaged Train Loss: 1.2880
2026-04-16 02:08:00,380 - Test Accurancy: 0.5266
2026-04-16 02:08:12,348 - Flame select clients: [4, 6, 7, 8, 11, 12, 13, 14, 21, 22, 23, 24, 26, 28, 29, 30, 31, 32, 33, 34, 36]
2026-04-16 02:08:12,406 - Round number: 68 --------------------------
2026-04-16 02:08:12,406 - Evaluate global model
2026-04-16 02:08:16,814 - Averaged Train Loss: 1.2877
2026-04-16 02:08:16,814 - Test Accurancy: 0.5252
2026-04-16 02:08:27,488 - Flame select clients: [4, 6, 7, 8, 11, 12, 13, 14, 21, 22, 23, 24, 26, 28, 29, 30, 31, 32, 33, 34, 36]
2026-04-16 02:08:27,521 - Round number: 69 --------------------------
2026-04-16 02:08:27,521 - Evaluate global model
2026-04-16 02:08:31,270 - Averaged Train Loss: 1.2825
2026-04-16 02:08:31,271 - Test Accurancy: 0.5274
2026-04-16 02:08:40,842 - Flame select clients: [0, 4, 6, 7, 8, 11, 12, 13, 14, 21, 22, 23, 24, 26, 28, 29, 30, 31, 32, 33, 34, 36]
2026-04-16 02:08:40,872 - Round number: 70 --------------------------
2026-04-16 02:08:40,872 - Evaluate global model
2026-04-16 02:08:45,273 - Averaged Train Loss: 1.2905
2026-04-16 02:08:45,273 - Test Accurancy: 0.5244
2026-04-16 02:08:55,060 - Flame select clients: [0, 4, 6, 7, 8, 11, 12, 13, 14, 21, 22, 23, 24, 26, 28, 29, 30, 31, 32, 33, 36]
2026-04-16 02:08:55,110 - Round number: 71 --------------------------
2026-04-16 02:08:55,110 - Evaluate global model
2026-04-16 02:08:59,780 - Averaged Train Loss: 1.2934
2026-04-16 02:08:59,781 - Test Accurancy: 0.5236
2026-04-16 02:09:13,395 - Flame select clients: [0, 4, 6, 7, 8, 11, 12, 13, 14, 21, 22, 23, 24, 26, 28, 29, 30, 31, 32, 33, 36]
2026-04-16 02:09:13,434 - Round number: 72 --------------------------
2026-04-16 02:09:13,434 - Evaluate global model
2026-04-16 02:09:18,359 - Averaged Train Loss: 1.2966
2026-04-16 02:09:18,359 - Test Accurancy: 0.5264
2026-04-16 02:09:29,886 - Flame select clients: [0, 4, 6, 7, 8, 11, 12, 13, 21, 22, 23, 24, 26, 28, 29, 30, 31, 32, 33, 34, 36]
2026-04-16 02:09:29,938 - Round number: 73 --------------------------
2026-04-16 02:09:29,939 - Evaluate global model
2026-04-16 02:09:34,099 - Averaged Train Loss: 1.2919
2026-04-16 02:09:34,100 - Test Accurancy: 0.5282
2026-04-16 02:09:44,670 - Flame select clients: [0, 4, 6, 7, 8, 11, 12, 13, 14, 21, 22, 23, 24, 26, 28, 29, 30, 31, 32, 33, 36]
2026-04-16 02:09:44,742 - Round number: 74 --------------------------
2026-04-16 02:09:44,742 - Evaluate global model
2026-04-16 02:09:49,847 - Averaged Train Loss: 1.2900
2026-04-16 02:09:49,848 - Test Accurancy: 0.5269
2026-04-16 02:10:00,308 - Flame select clients: [4, 6, 7, 8, 11, 12, 13, 14, 21, 22, 23, 24, 26, 28, 29, 30, 31, 32, 33, 34, 36]
2026-04-16 02:10:00,346 - Round number: 75 --------------------------
2026-04-16 02:10:00,348 - Evaluate global model
2026-04-16 02:10:04,802 - Averaged Train Loss: 1.2659
2026-04-16 02:10:04,802 - Test Accurancy: 0.5322
2026-04-16 02:10:14,759 - Flame select clients: [4, 6, 7, 8, 11, 12, 13, 14, 21, 22, 23, 24, 26, 28, 29, 30, 31, 32, 33, 34, 36]
2026-04-16 02:10:14,804 - Round number: 76 --------------------------
2026-04-16 02:10:14,805 - Evaluate global model
2026-04-16 02:10:18,977 - Averaged Train Loss: 1.2679
2026-04-16 02:10:18,978 - Test Accurancy: 0.5324
2026-04-16 02:10:29,785 - Flame select clients: [0, 4, 6, 7, 8, 11, 12, 13, 21, 22, 23, 24, 26, 28, 29, 30, 31, 32, 33, 34, 36]
2026-04-16 02:10:29,816 - Round number: 77 --------------------------
2026-04-16 02:10:29,817 - Evaluate global model
2026-04-16 02:10:33,993 - Averaged Train Loss: 1.2755
2026-04-16 02:10:33,994 - Test Accurancy: 0.5309
2026-04-16 02:10:45,360 - Flame select clients: [4, 6, 7, 8, 11, 12, 13, 14, 21, 22, 23, 24, 26, 28, 29, 30, 31, 32, 33, 34, 36]
2026-04-16 02:10:45,408 - Round number: 78 --------------------------
2026-04-16 02:10:45,408 - Evaluate global model
2026-04-16 02:10:50,608 - Averaged Train Loss: 1.2532
2026-04-16 02:10:50,609 - Test Accurancy: 0.5361
2026-04-16 02:11:01,240 - Flame select clients: [4, 6, 7, 8, 11, 12, 13, 14, 21, 22, 23, 24, 26, 28, 29, 30, 31, 32, 33, 34, 36]
2026-04-16 02:11:01,301 - Round number: 79 --------------------------
2026-04-16 02:11:01,302 - Evaluate global model
2026-04-16 02:11:08,939 - Averaged Train Loss: 1.2474
2026-04-16 02:11:08,942 - Test Accurancy: 0.5405
2026-04-16 02:11:20,867 - Flame select clients: [4, 6, 7, 8, 11, 12, 13, 14, 21, 22, 23, 24, 26, 28, 29, 30, 31, 32, 33, 34, 36]
2026-04-16 02:11:20,920 - Round number: 80 --------------------------
2026-04-16 02:11:20,920 - Evaluate global model
2026-04-16 02:11:28,204 - Averaged Train Loss: 1.2529
2026-04-16 02:11:28,204 - Test Accurancy: 0.5378
2026-04-16 02:11:39,548 - Flame select clients: [4, 6, 7, 8, 11, 12, 13, 14, 21, 22, 23, 24, 26, 28, 29, 30, 31, 32, 33, 34, 36]
2026-04-16 02:11:39,604 - Round number: 81 --------------------------
2026-04-16 02:11:39,605 - Evaluate global model
2026-04-16 02:11:43,724 - Averaged Train Loss: 1.2563
2026-04-16 02:11:43,725 - Test Accurancy: 0.5351
2026-04-16 02:11:54,282 - Flame select clients: [4, 6, 7, 8, 11, 12, 13, 14, 21, 22, 23, 24, 26, 28, 29, 30, 31, 32, 33, 34, 36]
2026-04-16 02:11:54,316 - Round number: 82 --------------------------
2026-04-16 02:11:54,316 - Evaluate global model
2026-04-16 02:11:58,267 - Averaged Train Loss: 1.2424
2026-04-16 02:11:58,268 - Test Accurancy: 0.5410
2026-04-16 02:12:08,973 - Flame select clients: [4, 6, 7, 8, 11, 12, 13, 14, 21, 22, 23, 24, 26, 28, 29, 30, 31, 32, 33, 34, 36]
2026-04-16 02:12:09,010 - Round number: 83 --------------------------
2026-04-16 02:12:09,010 - Evaluate global model
2026-04-16 02:12:12,980 - Averaged Train Loss: 1.2374
2026-04-16 02:12:12,980 - Test Accurancy: 0.5424
2026-04-16 02:12:22,619 - Flame select clients: [4, 6, 7, 8, 11, 12, 13, 14, 21, 22, 23, 24, 26, 28, 29, 30, 31, 32, 33, 34, 36]
2026-04-16 02:12:22,659 - Round number: 84 --------------------------
2026-04-16 02:12:22,659 - Evaluate global model
2026-04-16 02:12:27,133 - Averaged Train Loss: 1.2346
2026-04-16 02:12:27,134 - Test Accurancy: 0.5447
2026-04-16 02:12:38,560 - Flame select clients: [4, 6, 7, 8, 11, 12, 13, 14, 21, 22, 23, 24, 26, 28, 29, 30, 31, 32, 33, 34, 36]
2026-04-16 02:12:38,600 - Round number: 85 --------------------------
2026-04-16 02:12:38,600 - Evaluate global model
2026-04-16 02:12:44,524 - Averaged Train Loss: 1.2354
2026-04-16 02:12:44,525 - Test Accurancy: 0.5442
2026-04-16 02:12:54,628 - Flame select clients: [4, 6, 7, 8, 11, 12, 13, 14, 21, 22, 23, 24, 26, 28, 29, 30, 31, 32, 33, 34, 36]
2026-04-16 02:12:54,679 - Round number: 86 --------------------------
2026-04-16 02:12:54,679 - Evaluate global model
2026-04-16 02:12:59,518 - Averaged Train Loss: 1.2401
2026-04-16 02:12:59,519 - Test Accurancy: 0.5423
2026-04-16 02:13:09,004 - Flame select clients: [4, 6, 7, 8, 11, 12, 13, 14, 21, 22, 23, 24, 26, 28, 29, 30, 31, 32, 33, 34, 36]
2026-04-16 02:13:09,032 - Round number: 87 --------------------------
2026-04-16 02:13:09,032 - Evaluate global model
2026-04-16 02:13:12,885 - Averaged Train Loss: 1.2228
2026-04-16 02:13:12,886 - Test Accurancy: 0.5479
2026-04-16 02:13:19,441 - Flame select clients: [4, 6, 7, 8, 11, 12, 13, 14, 21, 22, 23, 24, 26, 28, 29, 30, 31, 32, 33, 34, 36]
2026-04-16 02:13:19,468 - Round number: 88 --------------------------
2026-04-16 02:13:19,468 - Evaluate global model
2026-04-16 02:13:22,005 - Averaged Train Loss: 1.2365
2026-04-16 02:13:22,007 - Test Accurancy: 0.5446
2026-04-16 02:13:27,006 - Flame select clients: [4, 6, 7, 8, 11, 12, 13, 14, 21, 22, 23, 24, 26, 28, 29, 30, 31, 32, 33, 34, 36]
2026-04-16 02:13:27,032 - Round number: 89 --------------------------
2026-04-16 02:13:27,033 - Evaluate global model
2026-04-16 02:13:28,664 - Averaged Train Loss: 1.2335
2026-04-16 02:13:28,664 - Test Accurancy: 0.5458
2026-04-16 02:13:33,314 - Flame select clients: [4, 6, 7, 8, 11, 12, 13, 14, 21, 22, 23, 24, 26, 28, 29, 30, 31, 32, 33, 34, 36]
2026-04-16 02:13:33,335 - Round number: 90 --------------------------
2026-04-16 02:13:33,336 - Evaluate global model
2026-04-16 02:13:35,364 - Averaged Train Loss: 1.2297
2026-04-16 02:13:35,365 - Test Accurancy: 0.5476
2026-04-16 02:13:41,072 - Flame select clients: [4, 6, 7, 8, 11, 12, 13, 14, 21, 22, 23, 24, 26, 28, 29, 30, 31, 32, 33, 34, 36]
2026-04-16 02:13:41,102 - Round number: 91 --------------------------
2026-04-16 02:13:41,102 - Evaluate global model
2026-04-16 02:13:43,896 - Averaged Train Loss: 1.2244
2026-04-16 02:13:43,897 - Test Accurancy: 0.5489
2026-04-16 02:13:49,299 - Flame select clients: [4, 6, 7, 8, 11, 12, 13, 14, 21, 22, 23, 24, 26, 28, 29, 30, 31, 32, 33, 34, 36]
2026-04-16 02:13:49,326 - Round number: 92 --------------------------
2026-04-16 02:13:49,327 - Evaluate global model
2026-04-16 02:13:51,029 - Averaged Train Loss: 1.2282
2026-04-16 02:13:51,030 - Test Accurancy: 0.5484
2026-04-16 02:13:56,233 - Flame select clients: [4, 6, 7, 8, 11, 12, 13, 14, 21, 22, 23, 24, 26, 28, 29, 30, 31, 32, 33, 34, 36]
2026-04-16 02:13:56,267 - Round number: 93 --------------------------
2026-04-16 02:13:56,267 - Evaluate global model
2026-04-16 02:13:58,815 - Averaged Train Loss: 1.2197
2026-04-16 02:13:58,815 - Test Accurancy: 0.5500
2026-04-16 02:14:02,748 - Flame select clients: [4, 6, 7, 8, 11, 12, 13, 14, 21, 22, 23, 24, 26, 28, 29, 30, 31, 32, 33, 34, 36]
2026-04-16 02:14:02,765 - Round number: 94 --------------------------
2026-04-16 02:14:02,765 - Evaluate global model
2026-04-16 02:14:03,900 - Averaged Train Loss: 1.2170
2026-04-16 02:14:03,901 - Test Accurancy: 0.5504
2026-04-16 02:14:07,622 - Flame select clients: [4, 6, 7, 8, 11, 12, 13, 14, 21, 22, 23, 24, 26, 28, 29, 30, 31, 32, 33, 34, 36]
2026-04-16 02:14:07,650 - Round number: 95 --------------------------
2026-04-16 02:14:07,650 - Evaluate global model
2026-04-16 02:14:09,307 - Averaged Train Loss: 1.2143
2026-04-16 02:14:09,307 - Test Accurancy: 0.5523
2026-04-16 02:14:13,054 - Flame select clients: [4, 6, 7, 8, 11, 12, 13, 14, 21, 22, 23, 24, 26, 28, 29, 30, 31, 32, 33, 34, 36]
2026-04-16 02:14:13,074 - Round number: 96 --------------------------
2026-04-16 02:14:13,074 - Evaluate global model
2026-04-16 02:14:14,356 - Averaged Train Loss: 1.2180
2026-04-16 02:14:14,357 - Test Accurancy: 0.5512
2026-04-16 02:14:18,091 - Flame select clients: [4, 6, 7, 8, 11, 12, 13, 14, 21, 22, 23, 24, 26, 28, 29, 30, 31, 32, 33, 34, 36]
2026-04-16 02:14:18,111 - Round number: 97 --------------------------
2026-04-16 02:14:18,111 - Evaluate global model
2026-04-16 02:14:19,431 - Averaged Train Loss: 1.2272
2026-04-16 02:14:19,432 - Test Accurancy: 0.5493
2026-04-16 02:14:23,070 - Flame select clients: [4, 6, 7, 8, 11, 12, 13, 14, 21, 22, 23, 24, 26, 28, 29, 30, 31, 32, 33, 34, 36]
2026-04-16 02:14:23,089 - Round number: 98 --------------------------
2026-04-16 02:14:23,089 - Evaluate global model
2026-04-16 02:14:24,160 - Averaged Train Loss: 1.2091
2026-04-16 02:14:24,160 - Test Accurancy: 0.5510
2026-04-16 02:14:27,733 - Flame select clients: [4, 6, 7, 8, 11, 12, 13, 14, 21, 22, 23, 24, 26, 28, 29, 30, 31, 32, 33, 34, 36]
2026-04-16 02:14:27,755 - Round number: 99 --------------------------
2026-04-16 02:14:27,755 - Evaluate global model
2026-04-16 02:14:28,785 - Averaged Train Loss: 1.2099
2026-04-16 02:14:28,785 - Test Accurancy: 0.5530
2026-04-16 02:14:32,216 - Flame select clients: [4, 6, 7, 8, 11, 12, 13, 14, 21, 22, 23, 24, 26, 28, 29, 30, 31, 32, 33, 34, 36]
2026-04-16 02:14:32,233 - Round number: 100 --------------------------
2026-04-16 02:14:32,234 - Evaluate global model
2026-04-16 02:14:33,263 - Averaged Train Loss: 1.2127
2026-04-16 02:14:33,264 - Test Accurancy: 0.5529
2026-04-16 02:14:37,021 - Flame select clients: [4, 6, 7, 8, 11, 12, 13, 14, 21, 22, 23, 24, 26, 28, 29, 30, 31, 32, 33, 34, 36]
2026-04-16 02:14:37,029 - Run over
2026-04-16 02:14:37,029 - Saving results to ./exp/exp5/Cifar10/flame_sign_flip_ratio.h5
2026-04-16 02:14:37,044 - Best accuracy: 0.552980352980353
2026-04-16 02:14:37,044 - Average time cost per round: 14.40070706129074
