2026-04-15 16:59:12,633 - *****************EXP-5*****************
2026-04-15 16:59:12,634 - Exp repeats: 1
2026-04-15 16:59:12,634 - Communication Rounds: 100
2026-04-15 16:59:12,634 - Clients: 40

2026-04-15 16:59:12,634 - Attack method: none
2026-04-15 16:59:12,634 - Filtering rule: median
2026-04-15 16:59:12,634 - Dataset: Cifar10
2026-04-15 16:59:12,634 - Model: cnn2
2026-04-15 16:59:12,634 - Learning Rate: 0.04
2026-04-15 16:59:12,634 - Batch Size: 64
2026-04-15 16:59:12,634 - Device: cuda
2026-04-15 16:59:12,634 - Device id: 0
2026-04-15 16:59:12,634 - Adversaries: 0
2026-04-15 16:59:12,634 - *****************EXP-5*****************
2026-04-15 16:59:13,929 - Running time: 0th ==========================
2026-04-15 16:59:26,523 - Round number: 0 --------------------------
2026-04-15 16:59:26,525 - Evaluate global model
2026-04-15 16:59:35,282 - Averaged Train Loss: 2.3021
2026-04-15 16:59:35,285 - Test Accurancy: 0.1016
2026-04-15 16:59:47,305 - Round number: 1 --------------------------
2026-04-15 16:59:47,309 - Evaluate global model
2026-04-15 16:59:53,718 - Averaged Train Loss: 2.2864
2026-04-15 16:59:53,723 - Test Accurancy: 0.0992
2026-04-15 17:00:04,863 - Round number: 2 --------------------------
2026-04-15 17:00:04,864 - Evaluate global model
2026-04-15 17:00:10,279 - Averaged Train Loss: 2.2384
2026-04-15 17:00:10,280 - Test Accurancy: 0.1738
2026-04-15 17:00:23,919 - Round number: 3 --------------------------
2026-04-15 17:00:23,922 - Evaluate global model
2026-04-15 17:00:28,420 - Averaged Train Loss: 2.1692
2026-04-15 17:00:28,421 - Test Accurancy: 0.2221
2026-04-15 17:00:38,541 - Round number: 4 --------------------------
2026-04-15 17:00:38,544 - Evaluate global model
2026-04-15 17:00:42,567 - Averaged Train Loss: 2.0810
2026-04-15 17:00:42,568 - Test Accurancy: 0.2538
2026-04-15 17:00:52,722 - Round number: 5 --------------------------
2026-04-15 17:00:52,724 - Evaluate global model
2026-04-15 17:00:56,990 - Averaged Train Loss: 2.0115
2026-04-15 17:00:56,991 - Test Accurancy: 0.2760
2026-04-15 17:01:07,314 - Round number: 6 --------------------------
2026-04-15 17:01:07,315 - Evaluate global model
2026-04-15 17:01:11,601 - Averaged Train Loss: 1.9665
2026-04-15 17:01:11,601 - Test Accurancy: 0.2922
2026-04-15 17:01:20,028 - Round number: 7 --------------------------
2026-04-15 17:01:20,029 - Evaluate global model
2026-04-15 17:01:25,190 - Averaged Train Loss: 1.9269
2026-04-15 17:01:25,190 - Test Accurancy: 0.3031
2026-04-15 17:01:34,543 - Round number: 8 --------------------------
2026-04-15 17:01:34,543 - Evaluate global model
2026-04-15 17:01:39,067 - Averaged Train Loss: 1.8849
2026-04-15 17:01:39,068 - Test Accurancy: 0.3233
2026-04-15 17:01:50,854 - Round number: 9 --------------------------
2026-04-15 17:01:50,855 - Evaluate global model
2026-04-15 17:01:56,062 - Averaged Train Loss: 1.8616
2026-04-15 17:01:56,063 - Test Accurancy: 0.3238
2026-04-15 17:02:07,020 - Round number: 10 --------------------------
2026-04-15 17:02:07,021 - Evaluate global model
2026-04-15 17:02:12,291 - Averaged Train Loss: 1.8360
2026-04-15 17:02:12,293 - Test Accurancy: 0.3319
2026-04-15 17:02:20,828 - Round number: 11 --------------------------
2026-04-15 17:02:20,828 - Evaluate global model
2026-04-15 17:02:25,879 - Averaged Train Loss: 1.8130
2026-04-15 17:02:25,879 - Test Accurancy: 0.3401
2026-04-15 17:02:34,216 - Round number: 12 --------------------------
2026-04-15 17:02:34,216 - Evaluate global model
2026-04-15 17:02:40,058 - Averaged Train Loss: 1.7833
2026-04-15 17:02:40,059 - Test Accurancy: 0.3502
2026-04-15 17:02:48,525 - Round number: 13 --------------------------
2026-04-15 17:02:48,526 - Evaluate global model
2026-04-15 17:02:52,425 - Averaged Train Loss: 1.7537
2026-04-15 17:02:52,425 - Test Accurancy: 0.3654
2026-04-15 17:03:01,659 - Round number: 14 --------------------------
2026-04-15 17:03:01,660 - Evaluate global model
2026-04-15 17:03:05,557 - Averaged Train Loss: 1.7395
2026-04-15 17:03:05,559 - Test Accurancy: 0.3658
2026-04-15 17:03:13,712 - Round number: 15 --------------------------
2026-04-15 17:03:13,712 - Evaluate global model
2026-04-15 17:03:18,646 - Averaged Train Loss: 1.7181
2026-04-15 17:03:18,647 - Test Accurancy: 0.3758
2026-04-15 17:03:26,644 - Round number: 16 --------------------------
2026-04-15 17:03:26,645 - Evaluate global model
2026-04-15 17:03:31,537 - Averaged Train Loss: 1.7020
2026-04-15 17:03:31,537 - Test Accurancy: 0.3787
2026-04-15 17:03:38,919 - Round number: 17 --------------------------
2026-04-15 17:03:38,920 - Evaluate global model
2026-04-15 17:03:43,638 - Averaged Train Loss: 1.6800
2026-04-15 17:03:43,639 - Test Accurancy: 0.3873
2026-04-15 17:03:51,523 - Round number: 18 --------------------------
2026-04-15 17:03:51,524 - Evaluate global model
2026-04-15 17:03:56,674 - Averaged Train Loss: 1.6647
2026-04-15 17:03:56,675 - Test Accurancy: 0.3933
2026-04-15 17:04:03,842 - Round number: 19 --------------------------
2026-04-15 17:04:03,843 - Evaluate global model
2026-04-15 17:04:08,814 - Averaged Train Loss: 1.6494
2026-04-15 17:04:08,814 - Test Accurancy: 0.3976
2026-04-15 17:04:16,162 - Round number: 20 --------------------------
2026-04-15 17:04:16,163 - Evaluate global model
2026-04-15 17:04:21,056 - Averaged Train Loss: 1.6369
2026-04-15 17:04:21,056 - Test Accurancy: 0.4007
2026-04-15 17:04:28,410 - Round number: 21 --------------------------
2026-04-15 17:04:28,410 - Evaluate global model
2026-04-15 17:04:33,386 - Averaged Train Loss: 1.6247
2026-04-15 17:04:33,386 - Test Accurancy: 0.4061
2026-04-15 17:04:41,838 - Round number: 22 --------------------------
2026-04-15 17:04:41,839 - Evaluate global model
2026-04-15 17:04:47,145 - Averaged Train Loss: 1.6119
2026-04-15 17:04:47,145 - Test Accurancy: 0.4098
2026-04-15 17:04:58,156 - Round number: 23 --------------------------
2026-04-15 17:04:58,157 - Evaluate global model
2026-04-15 17:05:03,852 - Averaged Train Loss: 1.6020
2026-04-15 17:05:03,853 - Test Accurancy: 0.4103
2026-04-15 17:05:15,454 - Round number: 24 --------------------------
2026-04-15 17:05:15,455 - Evaluate global model
2026-04-15 17:05:20,406 - Averaged Train Loss: 1.5822
2026-04-15 17:05:20,406 - Test Accurancy: 0.4198
2026-04-15 17:05:28,421 - Round number: 25 --------------------------
2026-04-15 17:05:28,422 - Evaluate global model
2026-04-15 17:05:32,457 - Averaged Train Loss: 1.5730
2026-04-15 17:05:32,458 - Test Accurancy: 0.4231
2026-04-15 17:05:40,556 - Round number: 26 --------------------------
2026-04-15 17:05:40,556 - Evaluate global model
2026-04-15 17:05:44,192 - Averaged Train Loss: 1.5645
2026-04-15 17:05:44,194 - Test Accurancy: 0.4232
2026-04-15 17:05:53,470 - Round number: 27 --------------------------
2026-04-15 17:05:53,471 - Evaluate global model
2026-04-15 17:05:56,790 - Averaged Train Loss: 1.5511
2026-04-15 17:05:56,790 - Test Accurancy: 0.4277
2026-04-15 17:06:05,692 - Round number: 28 --------------------------
2026-04-15 17:06:05,693 - Evaluate global model
2026-04-15 17:06:09,983 - Averaged Train Loss: 1.5410
2026-04-15 17:06:09,984 - Test Accurancy: 0.4322
2026-04-15 17:06:18,500 - Round number: 29 --------------------------
2026-04-15 17:06:18,500 - Evaluate global model
2026-04-15 17:06:22,598 - Averaged Train Loss: 1.5284
2026-04-15 17:06:22,599 - Test Accurancy: 0.4368
2026-04-15 17:06:30,414 - Round number: 30 --------------------------
2026-04-15 17:06:30,415 - Evaluate global model
2026-04-15 17:06:34,894 - Averaged Train Loss: 1.5246
2026-04-15 17:06:34,894 - Test Accurancy: 0.4379
2026-04-15 17:06:42,377 - Round number: 31 --------------------------
2026-04-15 17:06:42,377 - Evaluate global model
2026-04-15 17:06:46,638 - Averaged Train Loss: 1.5109
2026-04-15 17:06:46,638 - Test Accurancy: 0.4436
2026-04-15 17:06:54,667 - Round number: 32 --------------------------
2026-04-15 17:06:54,669 - Evaluate global model
2026-04-15 17:06:59,479 - Averaged Train Loss: 1.5057
2026-04-15 17:06:59,480 - Test Accurancy: 0.4430
2026-04-15 17:07:06,868 - Round number: 33 --------------------------
2026-04-15 17:07:06,869 - Evaluate global model
2026-04-15 17:07:11,907 - Averaged Train Loss: 1.4940
2026-04-15 17:07:11,910 - Test Accurancy: 0.4484
2026-04-15 17:07:21,592 - Round number: 34 --------------------------
2026-04-15 17:07:21,593 - Evaluate global model
2026-04-15 17:07:26,227 - Averaged Train Loss: 1.4901
2026-04-15 17:07:26,227 - Test Accurancy: 0.4524
2026-04-15 17:07:37,421 - Round number: 35 --------------------------
2026-04-15 17:07:37,423 - Evaluate global model
2026-04-15 17:07:43,689 - Averaged Train Loss: 1.4803
2026-04-15 17:07:43,690 - Test Accurancy: 0.4532
2026-04-15 17:07:54,635 - Round number: 36 --------------------------
2026-04-15 17:07:54,640 - Evaluate global model
2026-04-15 17:08:00,501 - Averaged Train Loss: 1.4725
2026-04-15 17:08:00,502 - Test Accurancy: 0.4566
2026-04-15 17:08:13,863 - Round number: 37 --------------------------
2026-04-15 17:08:13,867 - Evaluate global model
2026-04-15 17:08:19,602 - Averaged Train Loss: 1.4670
2026-04-15 17:08:19,602 - Test Accurancy: 0.4583
2026-04-15 17:08:27,569 - Round number: 38 --------------------------
2026-04-15 17:08:27,569 - Evaluate global model
2026-04-15 17:08:32,086 - Averaged Train Loss: 1.4587
2026-04-15 17:08:32,086 - Test Accurancy: 0.4622
2026-04-15 17:08:41,334 - Round number: 39 --------------------------
2026-04-15 17:08:41,335 - Evaluate global model
2026-04-15 17:08:45,400 - Averaged Train Loss: 1.4548
2026-04-15 17:08:45,400 - Test Accurancy: 0.4617
2026-04-15 17:08:53,426 - Round number: 40 --------------------------
2026-04-15 17:08:53,427 - Evaluate global model
2026-04-15 17:08:57,358 - Averaged Train Loss: 1.4387
2026-04-15 17:08:57,359 - Test Accurancy: 0.4703
2026-04-15 17:09:06,419 - Round number: 41 --------------------------
2026-04-15 17:09:06,420 - Evaluate global model
2026-04-15 17:09:11,165 - Averaged Train Loss: 1.4380
2026-04-15 17:09:11,165 - Test Accurancy: 0.4707
2026-04-15 17:09:20,870 - Round number: 42 --------------------------
2026-04-15 17:09:20,870 - Evaluate global model
2026-04-15 17:09:25,133 - Averaged Train Loss: 1.4335
2026-04-15 17:09:25,134 - Test Accurancy: 0.4710
2026-04-15 17:09:37,493 - Round number: 43 --------------------------
2026-04-15 17:09:37,494 - Evaluate global model
2026-04-15 17:09:43,241 - Averaged Train Loss: 1.4204
2026-04-15 17:09:43,242 - Test Accurancy: 0.4747
2026-04-15 17:09:56,031 - Round number: 44 --------------------------
2026-04-15 17:09:56,033 - Evaluate global model
2026-04-15 17:10:05,016 - Averaged Train Loss: 1.4188
2026-04-15 17:10:05,018 - Test Accurancy: 0.4771
2026-04-15 17:10:17,754 - Round number: 45 --------------------------
2026-04-15 17:10:17,756 - Evaluate global model
2026-04-15 17:10:26,746 - Averaged Train Loss: 1.4107
2026-04-15 17:10:26,751 - Test Accurancy: 0.4786
2026-04-15 17:10:42,730 - Round number: 46 --------------------------
2026-04-15 17:10:42,732 - Evaluate global model
2026-04-15 17:10:51,059 - Averaged Train Loss: 1.4021
2026-04-15 17:10:51,060 - Test Accurancy: 0.4824
2026-04-15 17:11:01,491 - Round number: 47 --------------------------
2026-04-15 17:11:01,492 - Evaluate global model
2026-04-15 17:11:06,686 - Averaged Train Loss: 1.4007
2026-04-15 17:11:06,687 - Test Accurancy: 0.4805
2026-04-15 17:11:15,127 - Round number: 48 --------------------------
2026-04-15 17:11:15,130 - Evaluate global model
2026-04-15 17:11:19,820 - Averaged Train Loss: 1.3997
2026-04-15 17:11:19,821 - Test Accurancy: 0.4813
2026-04-15 17:11:27,993 - Round number: 49 --------------------------
2026-04-15 17:11:27,993 - Evaluate global model
2026-04-15 17:11:31,868 - Averaged Train Loss: 1.4003
2026-04-15 17:11:31,868 - Test Accurancy: 0.4803
2026-04-15 17:11:41,266 - Round number: 50 --------------------------
2026-04-15 17:11:41,266 - Evaluate global model
2026-04-15 17:11:44,660 - Averaged Train Loss: 1.3876
2026-04-15 17:11:44,660 - Test Accurancy: 0.4861
2026-04-15 17:11:53,028 - Round number: 51 --------------------------
2026-04-15 17:11:53,028 - Evaluate global model
2026-04-15 17:11:57,839 - Averaged Train Loss: 1.3793
2026-04-15 17:11:57,839 - Test Accurancy: 0.4903
2026-04-15 17:12:05,704 - Round number: 52 --------------------------
2026-04-15 17:12:05,705 - Evaluate global model
2026-04-15 17:12:09,800 - Averaged Train Loss: 1.3800
2026-04-15 17:12:09,800 - Test Accurancy: 0.4898
2026-04-15 17:12:17,456 - Round number: 53 --------------------------
2026-04-15 17:12:17,457 - Evaluate global model
2026-04-15 17:12:20,978 - Averaged Train Loss: 1.3705
2026-04-15 17:12:20,979 - Test Accurancy: 0.4944
2026-04-15 17:12:29,100 - Round number: 54 --------------------------
2026-04-15 17:12:29,100 - Evaluate global model
2026-04-15 17:12:33,019 - Averaged Train Loss: 1.3563
2026-04-15 17:12:33,019 - Test Accurancy: 0.4974
2026-04-15 17:12:42,109 - Round number: 55 --------------------------
2026-04-15 17:12:42,109 - Evaluate global model
2026-04-15 17:12:45,644 - Averaged Train Loss: 1.3571
2026-04-15 17:12:45,644 - Test Accurancy: 0.4967
2026-04-15 17:12:54,748 - Round number: 56 --------------------------
2026-04-15 17:12:54,749 - Evaluate global model
2026-04-15 17:13:00,567 - Averaged Train Loss: 1.3511
2026-04-15 17:13:00,568 - Test Accurancy: 0.4979
2026-04-15 17:13:08,933 - Round number: 57 --------------------------
2026-04-15 17:13:08,935 - Evaluate global model
2026-04-15 17:13:13,034 - Averaged Train Loss: 1.3530
2026-04-15 17:13:13,035 - Test Accurancy: 0.4988
2026-04-15 17:13:22,126 - Round number: 58 --------------------------
2026-04-15 17:13:22,129 - Evaluate global model
2026-04-15 17:13:26,873 - Averaged Train Loss: 1.3460
2026-04-15 17:13:26,873 - Test Accurancy: 0.4994
2026-04-15 17:13:35,562 - Round number: 59 --------------------------
2026-04-15 17:13:35,562 - Evaluate global model
2026-04-15 17:13:40,645 - Averaged Train Loss: 1.3408
2026-04-15 17:13:40,645 - Test Accurancy: 0.5005
2026-04-15 17:13:47,970 - Round number: 60 --------------------------
2026-04-15 17:13:47,970 - Evaluate global model
2026-04-15 17:13:51,479 - Averaged Train Loss: 1.3346
2026-04-15 17:13:51,479 - Test Accurancy: 0.5008
2026-04-15 17:13:59,768 - Round number: 61 --------------------------
2026-04-15 17:13:59,769 - Evaluate global model
2026-04-15 17:14:03,618 - Averaged Train Loss: 1.3245
2026-04-15 17:14:03,619 - Test Accurancy: 0.5053
2026-04-15 17:14:11,920 - Round number: 62 --------------------------
2026-04-15 17:14:11,920 - Evaluate global model
2026-04-15 17:14:15,596 - Averaged Train Loss: 1.3174
2026-04-15 17:14:15,596 - Test Accurancy: 0.5096
2026-04-15 17:14:24,980 - Round number: 63 --------------------------
2026-04-15 17:14:24,981 - Evaluate global model
2026-04-15 17:14:29,555 - Averaged Train Loss: 1.3227
2026-04-15 17:14:29,556 - Test Accurancy: 0.5083
2026-04-15 17:14:40,965 - Round number: 64 --------------------------
2026-04-15 17:14:40,969 - Evaluate global model
2026-04-15 17:14:47,640 - Averaged Train Loss: 1.3190
2026-04-15 17:14:47,641 - Test Accurancy: 0.5060
2026-04-15 17:14:55,805 - Round number: 65 --------------------------
2026-04-15 17:14:55,805 - Evaluate global model
2026-04-15 17:15:00,850 - Averaged Train Loss: 1.3129
2026-04-15 17:15:00,851 - Test Accurancy: 0.5098
2026-04-15 17:15:08,893 - Round number: 66 --------------------------
2026-04-15 17:15:08,893 - Evaluate global model
2026-04-15 17:15:13,407 - Averaged Train Loss: 1.3091
2026-04-15 17:15:13,407 - Test Accurancy: 0.5117
2026-04-15 17:15:21,125 - Round number: 67 --------------------------
2026-04-15 17:15:21,126 - Evaluate global model
2026-04-15 17:15:24,938 - Averaged Train Loss: 1.3051
2026-04-15 17:15:24,938 - Test Accurancy: 0.5121
2026-04-15 17:15:33,501 - Round number: 68 --------------------------
2026-04-15 17:15:33,501 - Evaluate global model
2026-04-15 17:15:38,109 - Averaged Train Loss: 1.3003
2026-04-15 17:15:38,110 - Test Accurancy: 0.5137
2026-04-15 17:15:46,575 - Round number: 69 --------------------------
2026-04-15 17:15:46,575 - Evaluate global model
2026-04-15 17:15:51,843 - Averaged Train Loss: 1.3006
2026-04-15 17:15:51,854 - Test Accurancy: 0.5128
2026-04-15 17:16:04,054 - Round number: 70 --------------------------
2026-04-15 17:16:04,058 - Evaluate global model
2026-04-15 17:16:09,884 - Averaged Train Loss: 1.2967
2026-04-15 17:16:09,885 - Test Accurancy: 0.5154
2026-04-15 17:16:24,855 - Round number: 71 --------------------------
2026-04-15 17:16:24,861 - Evaluate global model
2026-04-15 17:16:29,848 - Averaged Train Loss: 1.2914
2026-04-15 17:16:29,848 - Test Accurancy: 0.5154
2026-04-15 17:16:39,025 - Round number: 72 --------------------------
2026-04-15 17:16:39,032 - Evaluate global model
2026-04-15 17:16:44,295 - Averaged Train Loss: 1.2820
2026-04-15 17:16:44,295 - Test Accurancy: 0.5198
2026-04-15 17:16:53,246 - Round number: 73 --------------------------
2026-04-15 17:16:53,246 - Evaluate global model
2026-04-15 17:16:59,484 - Averaged Train Loss: 1.2825
2026-04-15 17:16:59,489 - Test Accurancy: 0.5191
2026-04-15 17:17:09,600 - Round number: 74 --------------------------
2026-04-15 17:17:09,601 - Evaluate global model
2026-04-15 17:17:15,059 - Averaged Train Loss: 1.2791
2026-04-15 17:17:15,063 - Test Accurancy: 0.5203
2026-04-15 17:17:24,411 - Round number: 75 --------------------------
2026-04-15 17:17:24,412 - Evaluate global model
2026-04-15 17:17:28,675 - Averaged Train Loss: 1.2754
2026-04-15 17:17:28,675 - Test Accurancy: 0.5217
2026-04-15 17:17:37,034 - Round number: 76 --------------------------
2026-04-15 17:17:37,036 - Evaluate global model
2026-04-15 17:17:42,587 - Averaged Train Loss: 1.2726
2026-04-15 17:17:42,588 - Test Accurancy: 0.5232
2026-04-15 17:17:49,885 - Round number: 77 --------------------------
2026-04-15 17:17:49,885 - Evaluate global model
2026-04-15 17:17:55,104 - Averaged Train Loss: 1.2696
2026-04-15 17:17:55,104 - Test Accurancy: 0.5234
2026-04-15 17:18:08,115 - Round number: 78 --------------------------
2026-04-15 17:18:08,116 - Evaluate global model
2026-04-15 17:18:13,589 - Averaged Train Loss: 1.2683
2026-04-15 17:18:13,589 - Test Accurancy: 0.5252
2026-04-15 17:18:23,548 - Round number: 79 --------------------------
2026-04-15 17:18:23,549 - Evaluate global model
2026-04-15 17:18:29,583 - Averaged Train Loss: 1.2637
2026-04-15 17:18:29,583 - Test Accurancy: 0.5241
2026-04-15 17:18:41,404 - Round number: 80 --------------------------
2026-04-15 17:18:41,411 - Evaluate global model
2026-04-15 17:18:47,466 - Averaged Train Loss: 1.2652
2026-04-15 17:18:47,467 - Test Accurancy: 0.5255
2026-04-15 17:18:55,681 - Round number: 81 --------------------------
2026-04-15 17:18:55,681 - Evaluate global model
2026-04-15 17:19:01,034 - Averaged Train Loss: 1.2572
2026-04-15 17:19:01,035 - Test Accurancy: 0.5273
2026-04-15 17:19:08,855 - Round number: 82 --------------------------
2026-04-15 17:19:08,856 - Evaluate global model
2026-04-15 17:19:13,652 - Averaged Train Loss: 1.2471
2026-04-15 17:19:13,653 - Test Accurancy: 0.5325
2026-04-15 17:19:22,867 - Round number: 83 --------------------------
2026-04-15 17:19:22,868 - Evaluate global model
2026-04-15 17:19:27,175 - Averaged Train Loss: 1.2514
2026-04-15 17:19:27,175 - Test Accurancy: 0.5283
2026-04-15 17:19:35,171 - Round number: 84 --------------------------
2026-04-15 17:19:35,174 - Evaluate global model
2026-04-15 17:19:39,863 - Averaged Train Loss: 1.2472
2026-04-15 17:19:39,866 - Test Accurancy: 0.5307
2026-04-15 17:19:47,534 - Round number: 85 --------------------------
2026-04-15 17:19:47,534 - Evaluate global model
2026-04-15 17:19:51,609 - Averaged Train Loss: 1.2480
2026-04-15 17:19:51,609 - Test Accurancy: 0.5293
2026-04-15 17:19:58,965 - Round number: 86 --------------------------
2026-04-15 17:19:58,968 - Evaluate global model
2026-04-15 17:20:04,025 - Averaged Train Loss: 1.2397
2026-04-15 17:20:04,026 - Test Accurancy: 0.5323
2026-04-15 17:20:11,802 - Round number: 87 --------------------------
2026-04-15 17:20:11,802 - Evaluate global model
2026-04-15 17:20:16,944 - Averaged Train Loss: 1.2429
2026-04-15 17:20:16,947 - Test Accurancy: 0.5309
2026-04-15 17:20:27,268 - Round number: 88 --------------------------
2026-04-15 17:20:27,269 - Evaluate global model
2026-04-15 17:20:31,712 - Averaged Train Loss: 1.2413
2026-04-15 17:20:31,716 - Test Accurancy: 0.5310
2026-04-15 17:20:40,079 - Round number: 89 --------------------------
2026-04-15 17:20:40,079 - Evaluate global model
2026-04-15 17:20:45,160 - Averaged Train Loss: 1.2354
2026-04-15 17:20:45,165 - Test Accurancy: 0.5326
2026-04-15 17:20:56,643 - Round number: 90 --------------------------
2026-04-15 17:20:56,646 - Evaluate global model
2026-04-15 17:21:05,912 - Averaged Train Loss: 1.2330
2026-04-15 17:21:05,919 - Test Accurancy: 0.5330
2026-04-15 17:21:17,129 - Round number: 91 --------------------------
2026-04-15 17:21:17,133 - Evaluate global model
2026-04-15 17:21:24,633 - Averaged Train Loss: 1.2296
2026-04-15 17:21:24,637 - Test Accurancy: 0.5351
2026-04-15 17:21:35,227 - Round number: 92 --------------------------
2026-04-15 17:21:35,229 - Evaluate global model
2026-04-15 17:21:42,233 - Averaged Train Loss: 1.2231
2026-04-15 17:21:42,235 - Test Accurancy: 0.5361
2026-04-15 17:21:58,426 - Round number: 93 --------------------------
2026-04-15 17:21:58,428 - Evaluate global model
2026-04-15 17:22:07,769 - Averaged Train Loss: 1.2265
2026-04-15 17:22:07,776 - Test Accurancy: 0.5360
2026-04-15 17:22:24,134 - Round number: 94 --------------------------
2026-04-15 17:22:24,140 - Evaluate global model
2026-04-15 17:22:33,006 - Averaged Train Loss: 1.2217
2026-04-15 17:22:33,007 - Test Accurancy: 0.5380
2026-04-15 17:22:44,221 - Round number: 95 --------------------------
2026-04-15 17:22:44,222 - Evaluate global model
2026-04-15 17:22:47,949 - Averaged Train Loss: 1.2167
2026-04-15 17:22:47,950 - Test Accurancy: 0.5381
2026-04-15 17:22:55,922 - Round number: 96 --------------------------
2026-04-15 17:22:55,923 - Evaluate global model
2026-04-15 17:23:00,395 - Averaged Train Loss: 1.2145
2026-04-15 17:23:00,395 - Test Accurancy: 0.5394
2026-04-15 17:23:08,271 - Round number: 97 --------------------------
2026-04-15 17:23:08,272 - Evaluate global model
2026-04-15 17:23:13,307 - Averaged Train Loss: 1.2085
2026-04-15 17:23:13,308 - Test Accurancy: 0.5403
2026-04-15 17:23:20,958 - Round number: 98 --------------------------
2026-04-15 17:23:20,961 - Evaluate global model
2026-04-15 17:23:26,680 - Averaged Train Loss: 1.2096
2026-04-15 17:23:26,680 - Test Accurancy: 0.5395
2026-04-15 17:23:33,841 - Round number: 99 --------------------------
2026-04-15 17:23:33,841 - Evaluate global model
2026-04-15 17:23:38,560 - Averaged Train Loss: 1.2128
2026-04-15 17:23:38,560 - Test Accurancy: 0.5393
2026-04-15 17:23:46,838 - Round number: 100 --------------------------
2026-04-15 17:23:46,840 - Evaluate global model
2026-04-15 17:23:51,253 - Averaged Train Loss: 1.2090
2026-04-15 17:23:51,253 - Test Accurancy: 0.5419
2026-04-15 17:23:59,775 - Run over
2026-04-15 17:23:59,777 - Saving results to ./exp/exp5/Cifar10/median_none.h5
2026-04-15 17:23:59,804 - Best accuracy: 0.5418581418581419
2026-04-15 17:23:59,804 - Average time cost per round: 14.524984078407288
