2026-04-15 17:25:38,195 - *****************EXP-5*****************
2026-04-15 17:25:38,197 - Exp repeats: 1
2026-04-15 17:25:38,197 - Communication Rounds: 100
2026-04-15 17:25:38,197 - Clients: 40

2026-04-15 17:25:38,197 - Attack method: sign_flip
2026-04-15 17:25:38,197 - Filtering rule: median
2026-04-15 17:25:38,197 - Dataset: Cifar10
2026-04-15 17:25:38,198 - Model: cnn2
2026-04-15 17:25:38,198 - Learning Rate: 0.04
2026-04-15 17:25:38,198 - Batch Size: 64
2026-04-15 17:25:38,198 - Device: cuda
2026-04-15 17:25:38,198 - Device id: 0
2026-04-15 17:25:38,198 - Adversaries: 4
2026-04-15 17:25:38,198 - Model Poisoning: Sign Flip attack
2026-04-15 17:25:38,198 - *****************EXP-5*****************
2026-04-15 17:25:39,513 - Running time: 0th ==========================
2026-04-15 17:25:55,239 - Round number: 0 --------------------------
2026-04-15 17:25:55,240 - Evaluate global model
2026-04-15 17:26:02,433 - Averaged Train Loss: 2.3021
2026-04-15 17:26:02,434 - Test Accurancy: 0.1016
2026-04-15 17:26:13,653 - Round number: 1 --------------------------
2026-04-15 17:26:13,654 - Evaluate global model
2026-04-15 17:26:17,555 - Averaged Train Loss: 2.2875
2026-04-15 17:26:17,557 - Test Accurancy: 0.1627
2026-04-15 17:26:27,803 - Round number: 2 --------------------------
2026-04-15 17:26:27,803 - Evaluate global model
2026-04-15 17:26:31,650 - Averaged Train Loss: 2.2403
2026-04-15 17:26:31,653 - Test Accurancy: 0.1701
2026-04-15 17:26:43,996 - Round number: 3 --------------------------
2026-04-15 17:26:43,998 - Evaluate global model
2026-04-15 17:26:49,355 - Averaged Train Loss: 2.1656
2026-04-15 17:26:49,362 - Test Accurancy: 0.2064
2026-04-15 17:27:01,006 - Round number: 4 --------------------------
2026-04-15 17:27:01,007 - Evaluate global model
2026-04-15 17:27:09,438 - Averaged Train Loss: 2.0833
2026-04-15 17:27:09,444 - Test Accurancy: 0.2344
2026-04-15 17:27:23,382 - Round number: 5 --------------------------
2026-04-15 17:27:23,384 - Evaluate global model
2026-04-15 17:27:33,251 - Averaged Train Loss: 2.0290
2026-04-15 17:27:33,251 - Test Accurancy: 0.2595
2026-04-15 17:27:44,457 - Round number: 6 --------------------------
2026-04-15 17:27:44,458 - Evaluate global model
2026-04-15 17:27:48,155 - Averaged Train Loss: 1.9882
2026-04-15 17:27:48,156 - Test Accurancy: 0.2734
2026-04-15 17:27:57,042 - Round number: 7 --------------------------
2026-04-15 17:27:57,042 - Evaluate global model
2026-04-15 17:28:00,956 - Averaged Train Loss: 1.9465
2026-04-15 17:28:00,957 - Test Accurancy: 0.2967
2026-04-15 17:28:07,802 - Round number: 8 --------------------------
2026-04-15 17:28:07,802 - Evaluate global model
2026-04-15 17:28:11,991 - Averaged Train Loss: 1.9044
2026-04-15 17:28:11,991 - Test Accurancy: 0.3178
2026-04-15 17:28:19,860 - Round number: 9 --------------------------
2026-04-15 17:28:19,860 - Evaluate global model
2026-04-15 17:28:23,650 - Averaged Train Loss: 1.8867
2026-04-15 17:28:23,650 - Test Accurancy: 0.3175
2026-04-15 17:28:32,519 - Round number: 10 --------------------------
2026-04-15 17:28:32,519 - Evaluate global model
2026-04-15 17:28:37,521 - Averaged Train Loss: 1.8555
2026-04-15 17:28:37,523 - Test Accurancy: 0.3314
2026-04-15 17:28:46,861 - Round number: 11 --------------------------
2026-04-15 17:28:46,861 - Evaluate global model
2026-04-15 17:28:51,189 - Averaged Train Loss: 1.8316
2026-04-15 17:28:51,189 - Test Accurancy: 0.3335
2026-04-15 17:29:02,624 - Round number: 12 --------------------------
2026-04-15 17:29:02,629 - Evaluate global model
2026-04-15 17:29:10,136 - Averaged Train Loss: 1.8034
2026-04-15 17:29:10,141 - Test Accurancy: 0.3426
2026-04-15 17:29:21,494 - Round number: 13 --------------------------
2026-04-15 17:29:21,495 - Evaluate global model
2026-04-15 17:29:29,486 - Averaged Train Loss: 1.7744
2026-04-15 17:29:29,487 - Test Accurancy: 0.3548
2026-04-15 17:29:42,297 - Round number: 14 --------------------------
2026-04-15 17:29:42,297 - Evaluate global model
2026-04-15 17:29:49,028 - Averaged Train Loss: 1.7540
2026-04-15 17:29:49,030 - Test Accurancy: 0.3567
2026-04-15 17:30:01,609 - Round number: 15 --------------------------
2026-04-15 17:30:01,610 - Evaluate global model
2026-04-15 17:30:07,630 - Averaged Train Loss: 1.7321
2026-04-15 17:30:07,631 - Test Accurancy: 0.3720
2026-04-15 17:30:16,614 - Round number: 16 --------------------------
2026-04-15 17:30:16,615 - Evaluate global model
2026-04-15 17:30:20,787 - Averaged Train Loss: 1.7138
2026-04-15 17:30:20,787 - Test Accurancy: 0.3742
2026-04-15 17:30:29,487 - Round number: 17 --------------------------
2026-04-15 17:30:29,488 - Evaluate global model
2026-04-15 17:30:32,834 - Averaged Train Loss: 1.7006
2026-04-15 17:30:32,835 - Test Accurancy: 0.3726
2026-04-15 17:30:41,778 - Round number: 18 --------------------------
2026-04-15 17:30:41,778 - Evaluate global model
2026-04-15 17:30:45,158 - Averaged Train Loss: 1.6862
2026-04-15 17:30:45,158 - Test Accurancy: 0.3802
2026-04-15 17:30:53,740 - Round number: 19 --------------------------
2026-04-15 17:30:53,741 - Evaluate global model
2026-04-15 17:30:57,846 - Averaged Train Loss: 1.6683
2026-04-15 17:30:57,846 - Test Accurancy: 0.3885
2026-04-15 17:31:06,224 - Round number: 20 --------------------------
2026-04-15 17:31:06,225 - Evaluate global model
2026-04-15 17:31:10,716 - Averaged Train Loss: 1.6543
2026-04-15 17:31:10,717 - Test Accurancy: 0.3935
2026-04-15 17:31:18,037 - Round number: 21 --------------------------
2026-04-15 17:31:18,037 - Evaluate global model
2026-04-15 17:31:22,466 - Averaged Train Loss: 1.6433
2026-04-15 17:31:22,467 - Test Accurancy: 0.3973
2026-04-15 17:31:31,094 - Round number: 22 --------------------------
2026-04-15 17:31:31,094 - Evaluate global model
2026-04-15 17:31:35,088 - Averaged Train Loss: 1.6301
2026-04-15 17:31:35,089 - Test Accurancy: 0.4020
2026-04-15 17:31:43,080 - Round number: 23 --------------------------
2026-04-15 17:31:43,080 - Evaluate global model
2026-04-15 17:31:48,670 - Averaged Train Loss: 1.6222
2026-04-15 17:31:48,672 - Test Accurancy: 0.4023
2026-04-15 17:31:56,491 - Round number: 24 --------------------------
2026-04-15 17:31:56,491 - Evaluate global model
2026-04-15 17:32:01,275 - Averaged Train Loss: 1.6046
2026-04-15 17:32:01,276 - Test Accurancy: 0.4095
2026-04-15 17:32:11,045 - Round number: 25 --------------------------
2026-04-15 17:32:11,050 - Evaluate global model
2026-04-15 17:32:15,990 - Averaged Train Loss: 1.5978
2026-04-15 17:32:15,991 - Test Accurancy: 0.4146
2026-04-15 17:32:27,721 - Round number: 26 --------------------------
2026-04-15 17:32:27,727 - Evaluate global model
2026-04-15 17:32:34,226 - Averaged Train Loss: 1.5960
2026-04-15 17:32:34,227 - Test Accurancy: 0.4114
2026-04-15 17:32:46,777 - Round number: 27 --------------------------
2026-04-15 17:32:46,778 - Evaluate global model
2026-04-15 17:32:51,713 - Averaged Train Loss: 1.5779
2026-04-15 17:32:51,714 - Test Accurancy: 0.4194
2026-04-15 17:33:05,024 - Round number: 28 --------------------------
2026-04-15 17:33:05,027 - Evaluate global model
2026-04-15 17:33:09,930 - Averaged Train Loss: 1.5628
2026-04-15 17:33:09,931 - Test Accurancy: 0.4282
2026-04-15 17:33:19,063 - Round number: 29 --------------------------
2026-04-15 17:33:19,063 - Evaluate global model
2026-04-15 17:33:22,336 - Averaged Train Loss: 1.5557
2026-04-15 17:33:22,336 - Test Accurancy: 0.4310
2026-04-15 17:33:30,239 - Round number: 30 --------------------------
2026-04-15 17:33:30,239 - Evaluate global model
2026-04-15 17:33:33,527 - Averaged Train Loss: 1.5429
2026-04-15 17:33:33,527 - Test Accurancy: 0.4346
2026-04-15 17:33:41,590 - Round number: 31 --------------------------
2026-04-15 17:33:41,591 - Evaluate global model
2026-04-15 17:33:45,534 - Averaged Train Loss: 1.5313
2026-04-15 17:33:45,534 - Test Accurancy: 0.4390
2026-04-15 17:33:54,990 - Round number: 32 --------------------------
2026-04-15 17:33:54,992 - Evaluate global model
2026-04-15 17:34:00,950 - Averaged Train Loss: 1.5280
2026-04-15 17:34:00,952 - Test Accurancy: 0.4398
2026-04-15 17:34:12,666 - Round number: 33 --------------------------
2026-04-15 17:34:12,674 - Evaluate global model
2026-04-15 17:34:20,119 - Averaged Train Loss: 1.5145
2026-04-15 17:34:20,120 - Test Accurancy: 0.4453
2026-04-15 17:34:28,400 - Round number: 34 --------------------------
2026-04-15 17:34:28,401 - Evaluate global model
2026-04-15 17:34:31,803 - Averaged Train Loss: 1.5079
2026-04-15 17:34:31,804 - Test Accurancy: 0.4492
2026-04-15 17:34:39,458 - Round number: 35 --------------------------
2026-04-15 17:34:39,458 - Evaluate global model
2026-04-15 17:34:43,788 - Averaged Train Loss: 1.5091
2026-04-15 17:34:43,788 - Test Accurancy: 0.4480
2026-04-15 17:34:50,592 - Round number: 36 --------------------------
2026-04-15 17:34:50,593 - Evaluate global model
2026-04-15 17:34:54,634 - Averaged Train Loss: 1.5068
2026-04-15 17:34:54,634 - Test Accurancy: 0.4494
2026-04-15 17:35:02,629 - Round number: 37 --------------------------
2026-04-15 17:35:02,630 - Evaluate global model
2026-04-15 17:35:06,424 - Averaged Train Loss: 1.4973
2026-04-15 17:35:06,425 - Test Accurancy: 0.4519
2026-04-15 17:35:14,374 - Round number: 38 --------------------------
2026-04-15 17:35:14,374 - Evaluate global model
2026-04-15 17:35:18,574 - Averaged Train Loss: 1.4897
2026-04-15 17:35:18,576 - Test Accurancy: 0.4560
2026-04-15 17:35:27,089 - Round number: 39 --------------------------
2026-04-15 17:35:27,092 - Evaluate global model
2026-04-15 17:35:31,135 - Averaged Train Loss: 1.4832
2026-04-15 17:35:31,135 - Test Accurancy: 0.4563
2026-04-15 17:35:41,973 - Round number: 40 --------------------------
2026-04-15 17:35:41,973 - Evaluate global model
2026-04-15 17:35:49,431 - Averaged Train Loss: 1.4697
2026-04-15 17:35:49,435 - Test Accurancy: 0.4631
2026-04-15 17:36:00,486 - Round number: 41 --------------------------
2026-04-15 17:36:00,487 - Evaluate global model
2026-04-15 17:36:05,912 - Averaged Train Loss: 1.4667
2026-04-15 17:36:05,913 - Test Accurancy: 0.4639
2026-04-15 17:36:15,925 - Round number: 42 --------------------------
2026-04-15 17:36:15,926 - Evaluate global model
2026-04-15 17:36:21,340 - Averaged Train Loss: 1.4670
2026-04-15 17:36:21,340 - Test Accurancy: 0.4639
2026-04-15 17:36:29,394 - Round number: 43 --------------------------
2026-04-15 17:36:29,394 - Evaluate global model
2026-04-15 17:36:34,994 - Averaged Train Loss: 1.4519
2026-04-15 17:36:34,995 - Test Accurancy: 0.4701
2026-04-15 17:36:43,780 - Round number: 44 --------------------------
2026-04-15 17:36:43,781 - Evaluate global model
2026-04-15 17:36:48,509 - Averaged Train Loss: 1.4483
2026-04-15 17:36:48,510 - Test Accurancy: 0.4720
2026-04-15 17:37:00,059 - Round number: 45 --------------------------
2026-04-15 17:37:00,062 - Evaluate global model
2026-04-15 17:37:03,675 - Averaged Train Loss: 1.4407
2026-04-15 17:37:03,676 - Test Accurancy: 0.4739
2026-04-15 17:37:15,664 - Round number: 46 --------------------------
2026-04-15 17:37:15,669 - Evaluate global model
2026-04-15 17:37:21,919 - Averaged Train Loss: 1.4404
2026-04-15 17:37:21,920 - Test Accurancy: 0.4734
2026-04-15 17:37:29,462 - Round number: 47 --------------------------
2026-04-15 17:37:29,468 - Evaluate global model
2026-04-15 17:37:35,147 - Averaged Train Loss: 1.4371
2026-04-15 17:37:35,148 - Test Accurancy: 0.4751
2026-04-15 17:37:43,419 - Round number: 48 --------------------------
2026-04-15 17:37:43,421 - Evaluate global model
2026-04-15 17:37:48,975 - Averaged Train Loss: 1.4351
2026-04-15 17:37:48,976 - Test Accurancy: 0.4734
2026-04-15 17:37:59,223 - Round number: 49 --------------------------
2026-04-15 17:37:59,225 - Evaluate global model
2026-04-15 17:38:07,370 - Averaged Train Loss: 1.4416
2026-04-15 17:38:07,371 - Test Accurancy: 0.4708
2026-04-15 17:38:16,566 - Round number: 50 --------------------------
2026-04-15 17:38:16,567 - Evaluate global model
2026-04-15 17:38:20,078 - Averaged Train Loss: 1.4309
2026-04-15 17:38:20,079 - Test Accurancy: 0.4758
2026-04-15 17:38:28,547 - Round number: 51 --------------------------
2026-04-15 17:38:28,549 - Evaluate global model
2026-04-15 17:38:32,204 - Averaged Train Loss: 1.4208
2026-04-15 17:38:32,204 - Test Accurancy: 0.4785
2026-04-15 17:38:40,142 - Round number: 52 --------------------------
2026-04-15 17:38:40,143 - Evaluate global model
2026-04-15 17:38:44,650 - Averaged Train Loss: 1.4228
2026-04-15 17:38:44,652 - Test Accurancy: 0.4788
2026-04-15 17:38:52,644 - Round number: 53 --------------------------
2026-04-15 17:38:52,645 - Evaluate global model
2026-04-15 17:38:57,568 - Averaged Train Loss: 1.4124
2026-04-15 17:38:57,568 - Test Accurancy: 0.4819
2026-04-15 17:39:06,390 - Round number: 54 --------------------------
2026-04-15 17:39:06,391 - Evaluate global model
2026-04-15 17:39:11,485 - Averaged Train Loss: 1.4003
2026-04-15 17:39:11,485 - Test Accurancy: 0.4861
2026-04-15 17:39:20,716 - Round number: 55 --------------------------
2026-04-15 17:39:20,717 - Evaluate global model
2026-04-15 17:39:24,701 - Averaged Train Loss: 1.3953
2026-04-15 17:39:24,702 - Test Accurancy: 0.4877
2026-04-15 17:39:32,561 - Round number: 56 --------------------------
2026-04-15 17:39:32,562 - Evaluate global model
2026-04-15 17:39:38,119 - Averaged Train Loss: 1.4002
2026-04-15 17:39:38,119 - Test Accurancy: 0.4850
2026-04-15 17:39:47,019 - Round number: 57 --------------------------
2026-04-15 17:39:47,019 - Evaluate global model
2026-04-15 17:39:52,653 - Averaged Train Loss: 1.3991
2026-04-15 17:39:52,654 - Test Accurancy: 0.4864
2026-04-15 17:40:01,499 - Round number: 58 --------------------------
2026-04-15 17:40:01,499 - Evaluate global model
2026-04-15 17:40:06,840 - Averaged Train Loss: 1.3949
2026-04-15 17:40:06,841 - Test Accurancy: 0.4868
2026-04-15 17:40:18,506 - Round number: 59 --------------------------
2026-04-15 17:40:18,506 - Evaluate global model
2026-04-15 17:40:24,383 - Averaged Train Loss: 1.3900
2026-04-15 17:40:24,384 - Test Accurancy: 0.4889
2026-04-15 17:40:33,312 - Round number: 60 --------------------------
2026-04-15 17:40:33,312 - Evaluate global model
2026-04-15 17:40:39,832 - Averaged Train Loss: 1.3861
2026-04-15 17:40:39,833 - Test Accurancy: 0.4884
2026-04-15 17:40:48,131 - Round number: 61 --------------------------
2026-04-15 17:40:48,132 - Evaluate global model
2026-04-15 17:40:53,577 - Averaged Train Loss: 1.3690
2026-04-15 17:40:53,577 - Test Accurancy: 0.4961
2026-04-15 17:41:05,377 - Round number: 62 --------------------------
2026-04-15 17:41:05,378 - Evaluate global model
2026-04-15 17:41:10,857 - Averaged Train Loss: 1.3602
2026-04-15 17:41:10,858 - Test Accurancy: 0.5000
2026-04-15 17:41:20,752 - Round number: 63 --------------------------
2026-04-15 17:41:20,753 - Evaluate global model
2026-04-15 17:41:26,274 - Averaged Train Loss: 1.3679
2026-04-15 17:41:26,274 - Test Accurancy: 0.4978
2026-04-15 17:41:34,055 - Round number: 64 --------------------------
2026-04-15 17:41:34,055 - Evaluate global model
2026-04-15 17:41:38,922 - Averaged Train Loss: 1.3658
2026-04-15 17:41:38,922 - Test Accurancy: 0.4962
2026-04-15 17:41:46,399 - Round number: 65 --------------------------
2026-04-15 17:41:46,400 - Evaluate global model
2026-04-15 17:41:51,936 - Averaged Train Loss: 1.3580
2026-04-15 17:41:51,936 - Test Accurancy: 0.4996
2026-04-15 17:42:01,530 - Round number: 66 --------------------------
2026-04-15 17:42:01,531 - Evaluate global model
2026-04-15 17:42:06,004 - Averaged Train Loss: 1.3598
2026-04-15 17:42:06,006 - Test Accurancy: 0.4984
2026-04-15 17:42:17,519 - Round number: 67 --------------------------
2026-04-15 17:42:17,520 - Evaluate global model
2026-04-15 17:42:22,307 - Averaged Train Loss: 1.3502
2026-04-15 17:42:22,308 - Test Accurancy: 0.5024
2026-04-15 17:42:32,017 - Round number: 68 --------------------------
2026-04-15 17:42:32,017 - Evaluate global model
2026-04-15 17:42:36,969 - Averaged Train Loss: 1.3539
2026-04-15 17:42:36,969 - Test Accurancy: 0.5014
2026-04-15 17:42:45,304 - Round number: 69 --------------------------
2026-04-15 17:42:45,306 - Evaluate global model
2026-04-15 17:42:53,471 - Averaged Train Loss: 1.3509
2026-04-15 17:42:53,472 - Test Accurancy: 0.5021
2026-04-15 17:43:06,181 - Round number: 70 --------------------------
2026-04-15 17:43:06,184 - Evaluate global model
2026-04-15 17:43:11,249 - Averaged Train Loss: 1.3436
2026-04-15 17:43:11,250 - Test Accurancy: 0.5038
2026-04-15 17:43:18,599 - Round number: 71 --------------------------
2026-04-15 17:43:18,599 - Evaluate global model
2026-04-15 17:43:23,349 - Averaged Train Loss: 1.3417
2026-04-15 17:43:23,349 - Test Accurancy: 0.5055
2026-04-15 17:43:30,747 - Round number: 72 --------------------------
2026-04-15 17:43:30,748 - Evaluate global model
2026-04-15 17:43:35,314 - Averaged Train Loss: 1.3333
2026-04-15 17:43:35,315 - Test Accurancy: 0.5075
2026-04-15 17:43:43,225 - Round number: 73 --------------------------
2026-04-15 17:43:43,225 - Evaluate global model
2026-04-15 17:43:46,882 - Averaged Train Loss: 1.3322
2026-04-15 17:43:46,883 - Test Accurancy: 0.5090
2026-04-15 17:43:55,593 - Round number: 74 --------------------------
2026-04-15 17:43:55,594 - Evaluate global model
2026-04-15 17:43:59,543 - Averaged Train Loss: 1.3360
2026-04-15 17:43:59,544 - Test Accurancy: 0.5076
2026-04-15 17:44:07,382 - Round number: 75 --------------------------
2026-04-15 17:44:07,383 - Evaluate global model
2026-04-15 17:44:11,732 - Averaged Train Loss: 1.3314
2026-04-15 17:44:11,733 - Test Accurancy: 0.5083
2026-04-15 17:44:18,489 - Round number: 76 --------------------------
2026-04-15 17:44:18,490 - Evaluate global model
2026-04-15 17:44:22,737 - Averaged Train Loss: 1.3292
2026-04-15 17:44:22,737 - Test Accurancy: 0.5094
2026-04-15 17:44:30,256 - Round number: 77 --------------------------
2026-04-15 17:44:30,256 - Evaluate global model
2026-04-15 17:44:34,277 - Averaged Train Loss: 1.3256
2026-04-15 17:44:34,277 - Test Accurancy: 0.5108
2026-04-15 17:44:42,749 - Round number: 78 --------------------------
2026-04-15 17:44:42,750 - Evaluate global model
2026-04-15 17:44:47,586 - Averaged Train Loss: 1.3251
2026-04-15 17:44:47,588 - Test Accurancy: 0.5102
2026-04-15 17:44:55,963 - Round number: 79 --------------------------
2026-04-15 17:44:55,964 - Evaluate global model
2026-04-15 17:45:00,211 - Averaged Train Loss: 1.3156
2026-04-15 17:45:00,211 - Test Accurancy: 0.5120
2026-04-15 17:45:09,645 - Round number: 80 --------------------------
2026-04-15 17:45:09,645 - Evaluate global model
2026-04-15 17:45:14,516 - Averaged Train Loss: 1.3177
2026-04-15 17:45:14,517 - Test Accurancy: 0.5142
2026-04-15 17:45:24,869 - Round number: 81 --------------------------
2026-04-15 17:45:24,870 - Evaluate global model
2026-04-15 17:45:30,294 - Averaged Train Loss: 1.3132
2026-04-15 17:45:30,294 - Test Accurancy: 0.5137
2026-04-15 17:45:39,278 - Round number: 82 --------------------------
2026-04-15 17:45:39,278 - Evaluate global model
2026-04-15 17:45:43,939 - Averaged Train Loss: 1.3009
2026-04-15 17:45:43,944 - Test Accurancy: 0.5191
2026-04-15 17:45:55,434 - Round number: 83 --------------------------
2026-04-15 17:45:55,434 - Evaluate global model
2026-04-15 17:46:00,868 - Averaged Train Loss: 1.3099
2026-04-15 17:46:00,869 - Test Accurancy: 0.5152
2026-04-15 17:46:15,081 - Round number: 84 --------------------------
2026-04-15 17:46:15,082 - Evaluate global model
2026-04-15 17:46:22,944 - Averaged Train Loss: 1.3015
2026-04-15 17:46:22,945 - Test Accurancy: 0.5184
2026-04-15 17:46:36,468 - Round number: 85 --------------------------
2026-04-15 17:46:36,469 - Evaluate global model
2026-04-15 17:46:41,308 - Averaged Train Loss: 1.3064
2026-04-15 17:46:41,309 - Test Accurancy: 0.5177
2026-04-15 17:46:54,922 - Round number: 86 --------------------------
2026-04-15 17:46:54,923 - Evaluate global model
2026-04-15 17:47:00,478 - Averaged Train Loss: 1.2948
2026-04-15 17:47:00,479 - Test Accurancy: 0.5205
2026-04-15 17:47:16,462 - Round number: 87 --------------------------
2026-04-15 17:47:16,469 - Evaluate global model
2026-04-15 17:47:23,346 - Averaged Train Loss: 1.3004
2026-04-15 17:47:23,347 - Test Accurancy: 0.5196
2026-04-15 17:47:36,760 - Round number: 88 --------------------------
2026-04-15 17:47:36,765 - Evaluate global model
2026-04-15 17:47:43,519 - Averaged Train Loss: 1.3017
2026-04-15 17:47:43,519 - Test Accurancy: 0.5186
2026-04-15 17:47:58,232 - Round number: 89 --------------------------
2026-04-15 17:47:58,233 - Evaluate global model
2026-04-15 17:48:03,097 - Averaged Train Loss: 1.2941
2026-04-15 17:48:03,097 - Test Accurancy: 0.5221
2026-04-15 17:48:10,582 - Round number: 90 --------------------------
2026-04-15 17:48:10,582 - Evaluate global model
2026-04-15 17:48:15,275 - Averaged Train Loss: 1.2934
2026-04-15 17:48:15,275 - Test Accurancy: 0.5233
2026-04-15 17:48:24,752 - Round number: 91 --------------------------
2026-04-15 17:48:24,753 - Evaluate global model
2026-04-15 17:48:29,283 - Averaged Train Loss: 1.2860
2026-04-15 17:48:29,284 - Test Accurancy: 0.5249
2026-04-15 17:48:39,317 - Round number: 92 --------------------------
2026-04-15 17:48:39,318 - Evaluate global model
2026-04-15 17:48:43,436 - Averaged Train Loss: 1.2862
2026-04-15 17:48:43,437 - Test Accurancy: 0.5250
2026-04-15 17:48:53,224 - Round number: 93 --------------------------
2026-04-15 17:48:53,225 - Evaluate global model
2026-04-15 17:48:57,204 - Averaged Train Loss: 1.2851
2026-04-15 17:48:57,204 - Test Accurancy: 0.5235
2026-04-15 17:49:05,508 - Round number: 94 --------------------------
2026-04-15 17:49:05,513 - Evaluate global model
2026-04-15 17:49:09,304 - Averaged Train Loss: 1.2840
2026-04-15 17:49:09,305 - Test Accurancy: 0.5261
2026-04-15 17:49:16,990 - Round number: 95 --------------------------
2026-04-15 17:49:16,993 - Evaluate global model
2026-04-15 17:49:22,009 - Averaged Train Loss: 1.2773
2026-04-15 17:49:22,009 - Test Accurancy: 0.5273
2026-04-15 17:49:31,052 - Round number: 96 --------------------------
2026-04-15 17:49:31,053 - Evaluate global model
2026-04-15 17:49:36,121 - Averaged Train Loss: 1.2789
2026-04-15 17:49:36,122 - Test Accurancy: 0.5266
2026-04-15 17:49:45,275 - Round number: 97 --------------------------
2026-04-15 17:49:45,275 - Evaluate global model
2026-04-15 17:49:49,607 - Averaged Train Loss: 1.2666
2026-04-15 17:49:49,607 - Test Accurancy: 0.5292
2026-04-15 17:49:57,522 - Round number: 98 --------------------------
2026-04-15 17:49:57,523 - Evaluate global model
2026-04-15 17:50:01,764 - Averaged Train Loss: 1.2755
2026-04-15 17:50:01,764 - Test Accurancy: 0.5265
2026-04-15 17:50:10,743 - Round number: 99 --------------------------
2026-04-15 17:50:10,743 - Evaluate global model
2026-04-15 17:50:14,193 - Averaged Train Loss: 1.2709
2026-04-15 17:50:14,194 - Test Accurancy: 0.5277
2026-04-15 17:50:24,590 - Round number: 100 --------------------------
2026-04-15 17:50:24,591 - Evaluate global model
2026-04-15 17:50:31,307 - Averaged Train Loss: 1.2685
2026-04-15 17:50:31,309 - Test Accurancy: 0.5300
2026-04-15 17:50:40,643 - Run over
2026-04-15 17:50:40,644 - Saving results to ./exp/exp5/Cifar10/median_sign_flip.h5
2026-04-15 17:50:40,653 - Best accuracy: 0.53000333000333
2026-04-15 17:50:40,653 - Average time cost per round: 14.669978923797608
