2026-04-16 01:50:05,413 - *****************EXP-5*****************
2026-04-16 01:50:05,414 - Exp repeats: 1
2026-04-16 01:50:05,414 - Communication Rounds: 100
2026-04-16 01:50:05,415 - Clients: 40

2026-04-16 01:50:05,415 - Attack method: sign_flip_ratio
2026-04-16 01:50:05,415 - Filtering rule: median
2026-04-16 01:50:05,415 - Dataset: Cifar10
2026-04-16 01:50:05,415 - Model: cnn2
2026-04-16 01:50:05,415 - Learning Rate: 0.04
2026-04-16 01:50:05,416 - Batch Size: 64
2026-04-16 01:50:05,416 - Device: cuda
2026-04-16 01:50:05,416 - Device id: 0
2026-04-16 01:50:05,416 - Adversaries: 4
2026-04-16 01:50:05,416 - *****************EXP-5*****************
2026-04-16 01:50:08,693 - Running time: 0th ==========================
2026-04-16 01:50:20,933 - Round number: 0 --------------------------
2026-04-16 01:50:20,933 - Evaluate global model
2026-04-16 01:50:26,166 - Averaged Train Loss: 2.3021
2026-04-16 01:50:26,166 - Test Accurancy: 0.1016
2026-04-16 01:50:37,057 - Round number: 1 --------------------------
2026-04-16 01:50:37,058 - Evaluate global model
2026-04-16 01:50:40,274 - Averaged Train Loss: 2.2867
2026-04-16 01:50:40,275 - Test Accurancy: 0.1651
2026-04-16 01:50:51,076 - Round number: 2 --------------------------
2026-04-16 01:50:51,076 - Evaluate global model
2026-04-16 01:50:54,521 - Averaged Train Loss: 2.2356
2026-04-16 01:50:54,522 - Test Accurancy: 0.1717
2026-04-16 01:51:05,036 - Round number: 3 --------------------------
2026-04-16 01:51:05,037 - Evaluate global model
2026-04-16 01:51:09,758 - Averaged Train Loss: 2.1567
2026-04-16 01:51:09,759 - Test Accurancy: 0.2067
2026-04-16 01:51:19,322 - Round number: 4 --------------------------
2026-04-16 01:51:19,323 - Evaluate global model
2026-04-16 01:51:23,512 - Averaged Train Loss: 2.0740
2026-04-16 01:51:23,513 - Test Accurancy: 0.2356
2026-04-16 01:51:32,758 - Round number: 5 --------------------------
2026-04-16 01:51:32,763 - Evaluate global model
2026-04-16 01:51:36,761 - Averaged Train Loss: 2.0229
2026-04-16 01:51:36,762 - Test Accurancy: 0.2598
2026-04-16 01:51:46,530 - Round number: 6 --------------------------
2026-04-16 01:51:46,533 - Evaluate global model
2026-04-16 01:51:51,185 - Averaged Train Loss: 1.9829
2026-04-16 01:51:51,186 - Test Accurancy: 0.2750
2026-04-16 01:52:00,697 - Round number: 7 --------------------------
2026-04-16 01:52:00,698 - Evaluate global model
2026-04-16 01:52:04,872 - Averaged Train Loss: 1.9400
2026-04-16 01:52:04,873 - Test Accurancy: 0.3001
2026-04-16 01:52:15,208 - Round number: 8 --------------------------
2026-04-16 01:52:15,209 - Evaluate global model
2026-04-16 01:52:19,683 - Averaged Train Loss: 1.8971
2026-04-16 01:52:19,683 - Test Accurancy: 0.3195
2026-04-16 01:52:28,983 - Round number: 9 --------------------------
2026-04-16 01:52:28,984 - Evaluate global model
2026-04-16 01:52:33,055 - Averaged Train Loss: 1.8780
2026-04-16 01:52:33,056 - Test Accurancy: 0.3208
2026-04-16 01:52:40,975 - Round number: 10 --------------------------
2026-04-16 01:52:40,975 - Evaluate global model
2026-04-16 01:52:44,781 - Averaged Train Loss: 1.8455
2026-04-16 01:52:44,782 - Test Accurancy: 0.3346
2026-04-16 01:52:52,902 - Round number: 11 --------------------------
2026-04-16 01:52:52,903 - Evaluate global model
2026-04-16 01:52:56,873 - Averaged Train Loss: 1.8233
2026-04-16 01:52:56,873 - Test Accurancy: 0.3364
2026-04-16 01:53:05,837 - Round number: 12 --------------------------
2026-04-16 01:53:05,837 - Evaluate global model
2026-04-16 01:53:09,143 - Averaged Train Loss: 1.7952
2026-04-16 01:53:09,144 - Test Accurancy: 0.3455
2026-04-16 01:53:19,104 - Round number: 13 --------------------------
2026-04-16 01:53:19,106 - Evaluate global model
2026-04-16 01:53:23,533 - Averaged Train Loss: 1.7657
2026-04-16 01:53:23,533 - Test Accurancy: 0.3578
2026-04-16 01:53:32,758 - Round number: 14 --------------------------
2026-04-16 01:53:32,761 - Evaluate global model
2026-04-16 01:53:39,401 - Averaged Train Loss: 1.7464
2026-04-16 01:53:39,401 - Test Accurancy: 0.3581
2026-04-16 01:53:48,331 - Round number: 15 --------------------------
2026-04-16 01:53:48,331 - Evaluate global model
2026-04-16 01:53:54,940 - Averaged Train Loss: 1.7250
2026-04-16 01:53:54,942 - Test Accurancy: 0.3710
2026-04-16 01:54:03,022 - Round number: 16 --------------------------
2026-04-16 01:54:03,022 - Evaluate global model
2026-04-16 01:54:06,810 - Averaged Train Loss: 1.7071
2026-04-16 01:54:06,811 - Test Accurancy: 0.3746
2026-04-16 01:54:16,363 - Round number: 17 --------------------------
2026-04-16 01:54:16,364 - Evaluate global model
2026-04-16 01:54:19,916 - Averaged Train Loss: 1.6946
2026-04-16 01:54:19,916 - Test Accurancy: 0.3732
2026-04-16 01:54:29,134 - Round number: 18 --------------------------
2026-04-16 01:54:29,135 - Evaluate global model
2026-04-16 01:54:33,707 - Averaged Train Loss: 1.6778
2026-04-16 01:54:33,707 - Test Accurancy: 0.3848
2026-04-16 01:54:42,605 - Round number: 19 --------------------------
2026-04-16 01:54:42,606 - Evaluate global model
2026-04-16 01:54:45,747 - Averaged Train Loss: 1.6607
2026-04-16 01:54:45,749 - Test Accurancy: 0.3925
2026-04-16 01:54:57,026 - Round number: 20 --------------------------
2026-04-16 01:54:57,027 - Evaluate global model
2026-04-16 01:55:00,363 - Averaged Train Loss: 1.6477
2026-04-16 01:55:00,363 - Test Accurancy: 0.3965
2026-04-16 01:55:08,627 - Round number: 21 --------------------------
2026-04-16 01:55:08,629 - Evaluate global model
2026-04-16 01:55:13,920 - Averaged Train Loss: 1.6362
2026-04-16 01:55:13,922 - Test Accurancy: 0.3989
2026-04-16 01:55:22,607 - Round number: 22 --------------------------
2026-04-16 01:55:22,608 - Evaluate global model
2026-04-16 01:55:27,318 - Averaged Train Loss: 1.6229
2026-04-16 01:55:27,318 - Test Accurancy: 0.4057
2026-04-16 01:55:35,022 - Round number: 23 --------------------------
2026-04-16 01:55:35,023 - Evaluate global model
2026-04-16 01:55:39,547 - Averaged Train Loss: 1.6133
2026-04-16 01:55:39,548 - Test Accurancy: 0.4063
2026-04-16 01:55:48,527 - Round number: 24 --------------------------
2026-04-16 01:55:48,527 - Evaluate global model
2026-04-16 01:55:53,077 - Averaged Train Loss: 1.5956
2026-04-16 01:55:53,080 - Test Accurancy: 0.4145
2026-04-16 01:56:01,843 - Round number: 25 --------------------------
2026-04-16 01:56:01,844 - Evaluate global model
2026-04-16 01:56:07,982 - Averaged Train Loss: 1.5906
2026-04-16 01:56:07,985 - Test Accurancy: 0.4157
2026-04-16 01:56:16,475 - Round number: 26 --------------------------
2026-04-16 01:56:16,475 - Evaluate global model
2026-04-16 01:56:21,417 - Averaged Train Loss: 1.5879
2026-04-16 01:56:21,419 - Test Accurancy: 0.4137
2026-04-16 01:56:32,762 - Round number: 27 --------------------------
2026-04-16 01:56:32,763 - Evaluate global model
2026-04-16 01:56:36,495 - Averaged Train Loss: 1.5686
2026-04-16 01:56:36,495 - Test Accurancy: 0.4230
2026-04-16 01:56:44,626 - Round number: 28 --------------------------
2026-04-16 01:56:44,626 - Evaluate global model
2026-04-16 01:56:49,099 - Averaged Train Loss: 1.5536
2026-04-16 01:56:49,101 - Test Accurancy: 0.4309
2026-04-16 01:56:56,755 - Round number: 29 --------------------------
2026-04-16 01:56:56,756 - Evaluate global model
2026-04-16 01:57:00,983 - Averaged Train Loss: 1.5484
2026-04-16 01:57:00,983 - Test Accurancy: 0.4337
2026-04-16 01:57:08,633 - Round number: 30 --------------------------
2026-04-16 01:57:08,634 - Evaluate global model
2026-04-16 01:57:12,696 - Averaged Train Loss: 1.5342
2026-04-16 01:57:12,696 - Test Accurancy: 0.4403
2026-04-16 01:57:22,550 - Round number: 31 --------------------------
2026-04-16 01:57:22,551 - Evaluate global model
2026-04-16 01:57:27,083 - Averaged Train Loss: 1.5227
2026-04-16 01:57:27,085 - Test Accurancy: 0.4436
2026-04-16 01:57:37,743 - Round number: 32 --------------------------
2026-04-16 01:57:37,748 - Evaluate global model
2026-04-16 01:57:44,047 - Averaged Train Loss: 1.5199
2026-04-16 01:57:44,050 - Test Accurancy: 0.4431
2026-04-16 01:57:57,558 - Round number: 33 --------------------------
2026-04-16 01:57:57,565 - Evaluate global model
2026-04-16 01:58:02,168 - Averaged Train Loss: 1.5053
2026-04-16 01:58:02,169 - Test Accurancy: 0.4496
2026-04-16 01:58:13,989 - Round number: 34 --------------------------
2026-04-16 01:58:13,990 - Evaluate global model
2026-04-16 01:58:17,507 - Averaged Train Loss: 1.4989
2026-04-16 01:58:17,507 - Test Accurancy: 0.4529
2026-04-16 01:58:28,892 - Round number: 35 --------------------------
2026-04-16 01:58:28,893 - Evaluate global model
2026-04-16 01:58:32,878 - Averaged Train Loss: 1.4999
2026-04-16 01:58:32,878 - Test Accurancy: 0.4517
2026-04-16 01:58:41,661 - Round number: 36 --------------------------
2026-04-16 01:58:41,661 - Evaluate global model
2026-04-16 01:58:45,610 - Averaged Train Loss: 1.4970
2026-04-16 01:58:45,611 - Test Accurancy: 0.4539
2026-04-16 01:58:53,903 - Round number: 37 --------------------------
2026-04-16 01:58:53,905 - Evaluate global model
2026-04-16 01:58:58,358 - Averaged Train Loss: 1.4879
2026-04-16 01:58:58,358 - Test Accurancy: 0.4575
2026-04-16 01:59:06,543 - Round number: 38 --------------------------
2026-04-16 01:59:06,548 - Evaluate global model
2026-04-16 01:59:11,301 - Averaged Train Loss: 1.4789
2026-04-16 01:59:11,301 - Test Accurancy: 0.4610
2026-04-16 01:59:21,404 - Round number: 39 --------------------------
2026-04-16 01:59:21,405 - Evaluate global model
2026-04-16 01:59:26,684 - Averaged Train Loss: 1.4733
2026-04-16 01:59:26,685 - Test Accurancy: 0.4613
2026-04-16 01:59:34,809 - Round number: 40 --------------------------
2026-04-16 01:59:34,809 - Evaluate global model
2026-04-16 01:59:39,174 - Averaged Train Loss: 1.4603
2026-04-16 01:59:39,174 - Test Accurancy: 0.4671
2026-04-16 01:59:46,675 - Round number: 41 --------------------------
2026-04-16 01:59:46,675 - Evaluate global model
2026-04-16 01:59:50,883 - Averaged Train Loss: 1.4570
2026-04-16 01:59:50,883 - Test Accurancy: 0.4691
2026-04-16 01:59:58,368 - Round number: 42 --------------------------
2026-04-16 01:59:58,371 - Evaluate global model
2026-04-16 02:00:03,200 - Averaged Train Loss: 1.4556
2026-04-16 02:00:03,201 - Test Accurancy: 0.4687
2026-04-16 02:00:10,630 - Round number: 43 --------------------------
2026-04-16 02:00:10,631 - Evaluate global model
2026-04-16 02:00:16,917 - Averaged Train Loss: 1.4414
2026-04-16 02:00:16,921 - Test Accurancy: 0.4745
2026-04-16 02:00:24,916 - Round number: 44 --------------------------
2026-04-16 02:00:24,916 - Evaluate global model
2026-04-16 02:00:30,562 - Averaged Train Loss: 1.4388
2026-04-16 02:00:30,563 - Test Accurancy: 0.4753
2026-04-16 02:00:39,846 - Round number: 45 --------------------------
2026-04-16 02:00:39,850 - Evaluate global model
2026-04-16 02:00:45,146 - Averaged Train Loss: 1.4311
2026-04-16 02:00:45,147 - Test Accurancy: 0.4783
2026-04-16 02:00:53,956 - Round number: 46 --------------------------
2026-04-16 02:00:53,956 - Evaluate global model
2026-04-16 02:01:00,038 - Averaged Train Loss: 1.4304
2026-04-16 02:01:00,038 - Test Accurancy: 0.4775
2026-04-16 02:01:09,525 - Round number: 47 --------------------------
2026-04-16 02:01:09,528 - Evaluate global model
2026-04-16 02:01:14,383 - Averaged Train Loss: 1.4270
2026-04-16 02:01:14,383 - Test Accurancy: 0.4790
2026-04-16 02:01:28,303 - Round number: 48 --------------------------
2026-04-16 02:01:28,308 - Evaluate global model
2026-04-16 02:01:34,479 - Averaged Train Loss: 1.4259
2026-04-16 02:01:34,481 - Test Accurancy: 0.4764
2026-04-16 02:01:43,916 - Round number: 49 --------------------------
2026-04-16 02:01:43,917 - Evaluate global model
2026-04-16 02:01:50,509 - Averaged Train Loss: 1.4324
2026-04-16 02:01:50,511 - Test Accurancy: 0.4762
2026-04-16 02:01:59,435 - Round number: 50 --------------------------
2026-04-16 02:01:59,436 - Evaluate global model
2026-04-16 02:02:03,733 - Averaged Train Loss: 1.4200
2026-04-16 02:02:03,733 - Test Accurancy: 0.4799
2026-04-16 02:02:11,097 - Round number: 51 --------------------------
2026-04-16 02:02:11,097 - Evaluate global model
2026-04-16 02:02:15,697 - Averaged Train Loss: 1.4102
2026-04-16 02:02:15,698 - Test Accurancy: 0.4834
2026-04-16 02:02:22,835 - Round number: 52 --------------------------
2026-04-16 02:02:22,835 - Evaluate global model
2026-04-16 02:02:27,605 - Averaged Train Loss: 1.4115
2026-04-16 02:02:27,605 - Test Accurancy: 0.4812
2026-04-16 02:02:34,278 - Round number: 53 --------------------------
2026-04-16 02:02:34,279 - Evaluate global model
2026-04-16 02:02:38,670 - Averaged Train Loss: 1.4029
2026-04-16 02:02:38,671 - Test Accurancy: 0.4849
2026-04-16 02:02:46,117 - Round number: 54 --------------------------
2026-04-16 02:02:46,118 - Evaluate global model
2026-04-16 02:02:49,697 - Averaged Train Loss: 1.3906
2026-04-16 02:02:49,697 - Test Accurancy: 0.4894
2026-04-16 02:02:58,237 - Round number: 55 --------------------------
2026-04-16 02:02:58,237 - Evaluate global model
2026-04-16 02:03:01,818 - Averaged Train Loss: 1.3872
2026-04-16 02:03:01,819 - Test Accurancy: 0.4917
2026-04-16 02:03:10,084 - Round number: 56 --------------------------
2026-04-16 02:03:10,085 - Evaluate global model
2026-04-16 02:03:14,002 - Averaged Train Loss: 1.3896
2026-04-16 02:03:14,002 - Test Accurancy: 0.4894
2026-04-16 02:03:23,442 - Round number: 57 --------------------------
2026-04-16 02:03:23,443 - Evaluate global model
2026-04-16 02:03:29,097 - Averaged Train Loss: 1.3899
2026-04-16 02:03:29,098 - Test Accurancy: 0.4890
2026-04-16 02:03:37,421 - Round number: 58 --------------------------
2026-04-16 02:03:37,422 - Evaluate global model
2026-04-16 02:03:42,660 - Averaged Train Loss: 1.3840
2026-04-16 02:03:42,660 - Test Accurancy: 0.4904
2026-04-16 02:03:52,037 - Round number: 59 --------------------------
2026-04-16 02:03:52,037 - Evaluate global model
2026-04-16 02:03:57,563 - Averaged Train Loss: 1.3790
2026-04-16 02:03:57,564 - Test Accurancy: 0.4924
2026-04-16 02:04:05,244 - Round number: 60 --------------------------
2026-04-16 02:04:05,244 - Evaluate global model
2026-04-16 02:04:10,336 - Averaged Train Loss: 1.3784
2026-04-16 02:04:10,336 - Test Accurancy: 0.4926
2026-04-16 02:04:18,098 - Round number: 61 --------------------------
2026-04-16 02:04:18,099 - Evaluate global model
2026-04-16 02:04:22,631 - Averaged Train Loss: 1.3592
2026-04-16 02:04:22,632 - Test Accurancy: 0.5003
2026-04-16 02:04:30,450 - Round number: 62 --------------------------
2026-04-16 02:04:30,450 - Evaluate global model
2026-04-16 02:04:34,499 - Averaged Train Loss: 1.3505
2026-04-16 02:04:34,500 - Test Accurancy: 0.5040
2026-04-16 02:04:42,828 - Round number: 63 --------------------------
2026-04-16 02:04:42,828 - Evaluate global model
2026-04-16 02:04:47,091 - Averaged Train Loss: 1.3593
2026-04-16 02:04:47,091 - Test Accurancy: 0.5001
2026-04-16 02:04:54,630 - Round number: 64 --------------------------
2026-04-16 02:04:54,630 - Evaluate global model
2026-04-16 02:04:59,127 - Averaged Train Loss: 1.3563
2026-04-16 02:04:59,127 - Test Accurancy: 0.4995
2026-04-16 02:05:06,407 - Round number: 65 --------------------------
2026-04-16 02:05:06,408 - Evaluate global model
2026-04-16 02:05:10,651 - Averaged Train Loss: 1.3473
2026-04-16 02:05:10,652 - Test Accurancy: 0.5023
2026-04-16 02:05:19,350 - Round number: 66 --------------------------
2026-04-16 02:05:19,351 - Evaluate global model
2026-04-16 02:05:24,020 - Averaged Train Loss: 1.3500
2026-04-16 02:05:24,020 - Test Accurancy: 0.5025
2026-04-16 02:05:32,142 - Round number: 67 --------------------------
2026-04-16 02:05:32,143 - Evaluate global model
2026-04-16 02:05:35,696 - Averaged Train Loss: 1.3408
2026-04-16 02:05:35,696 - Test Accurancy: 0.5060
2026-04-16 02:05:44,604 - Round number: 68 --------------------------
2026-04-16 02:05:44,605 - Evaluate global model
2026-04-16 02:05:47,788 - Averaged Train Loss: 1.3451
2026-04-16 02:05:47,788 - Test Accurancy: 0.5034
2026-04-16 02:05:56,467 - Round number: 69 --------------------------
2026-04-16 02:05:56,467 - Evaluate global model
2026-04-16 02:06:00,398 - Averaged Train Loss: 1.3414
2026-04-16 02:06:00,399 - Test Accurancy: 0.5064
2026-04-16 02:06:08,656 - Round number: 70 --------------------------
2026-04-16 02:06:08,657 - Evaluate global model
2026-04-16 02:06:12,696 - Averaged Train Loss: 1.3332
2026-04-16 02:06:12,697 - Test Accurancy: 0.5086
2026-04-16 02:06:21,291 - Round number: 71 --------------------------
2026-04-16 02:06:21,293 - Evaluate global model
2026-04-16 02:06:25,277 - Averaged Train Loss: 1.3320
2026-04-16 02:06:25,278 - Test Accurancy: 0.5094
2026-04-16 02:06:33,395 - Round number: 72 --------------------------
2026-04-16 02:06:33,396 - Evaluate global model
2026-04-16 02:06:39,422 - Averaged Train Loss: 1.3236
2026-04-16 02:06:39,424 - Test Accurancy: 0.5126
2026-04-16 02:06:47,891 - Round number: 73 --------------------------
2026-04-16 02:06:47,892 - Evaluate global model
2026-04-16 02:06:52,288 - Averaged Train Loss: 1.3225
2026-04-16 02:06:52,290 - Test Accurancy: 0.5122
2026-04-16 02:07:03,702 - Round number: 74 --------------------------
2026-04-16 02:07:03,703 - Evaluate global model
2026-04-16 02:07:08,205 - Averaged Train Loss: 1.3259
2026-04-16 02:07:08,205 - Test Accurancy: 0.5122
2026-04-16 02:07:17,807 - Round number: 75 --------------------------
2026-04-16 02:07:17,808 - Evaluate global model
2026-04-16 02:07:22,761 - Averaged Train Loss: 1.3222
2026-04-16 02:07:22,762 - Test Accurancy: 0.5106
2026-04-16 02:07:30,795 - Round number: 76 --------------------------
2026-04-16 02:07:30,796 - Evaluate global model
2026-04-16 02:07:35,907 - Averaged Train Loss: 1.3183
2026-04-16 02:07:35,908 - Test Accurancy: 0.5130
2026-04-16 02:07:43,139 - Round number: 77 --------------------------
2026-04-16 02:07:43,139 - Evaluate global model
2026-04-16 02:07:48,163 - Averaged Train Loss: 1.3128
2026-04-16 02:07:48,164 - Test Accurancy: 0.5155
2026-04-16 02:07:57,620 - Round number: 78 --------------------------
2026-04-16 02:07:57,621 - Evaluate global model
2026-04-16 02:08:03,374 - Averaged Train Loss: 1.3128
2026-04-16 02:08:03,376 - Test Accurancy: 0.5145
2026-04-16 02:08:13,509 - Round number: 79 --------------------------
2026-04-16 02:08:13,516 - Evaluate global model
2026-04-16 02:08:17,694 - Averaged Train Loss: 1.3049
2026-04-16 02:08:17,695 - Test Accurancy: 0.5175
2026-04-16 02:08:26,375 - Round number: 80 --------------------------
2026-04-16 02:08:26,376 - Evaluate global model
2026-04-16 02:08:30,025 - Averaged Train Loss: 1.3065
2026-04-16 02:08:30,026 - Test Accurancy: 0.5175
2026-04-16 02:08:38,635 - Round number: 81 --------------------------
2026-04-16 02:08:38,635 - Evaluate global model
2026-04-16 02:08:42,215 - Averaged Train Loss: 1.3012
2026-04-16 02:08:42,215 - Test Accurancy: 0.5186
2026-04-16 02:08:50,649 - Round number: 82 --------------------------
2026-04-16 02:08:50,649 - Evaluate global model
2026-04-16 02:08:53,986 - Averaged Train Loss: 1.2882
2026-04-16 02:08:53,986 - Test Accurancy: 0.5241
2026-04-16 02:09:02,547 - Round number: 83 --------------------------
2026-04-16 02:09:02,547 - Evaluate global model
2026-04-16 02:09:08,602 - Averaged Train Loss: 1.2986
2026-04-16 02:09:08,607 - Test Accurancy: 0.5183
2026-04-16 02:09:17,268 - Round number: 84 --------------------------
2026-04-16 02:09:17,268 - Evaluate global model
2026-04-16 02:09:21,619 - Averaged Train Loss: 1.2907
2026-04-16 02:09:21,621 - Test Accurancy: 0.5209
2026-04-16 02:09:31,368 - Round number: 85 --------------------------
2026-04-16 02:09:31,373 - Evaluate global model
2026-04-16 02:09:35,141 - Averaged Train Loss: 1.2952
2026-04-16 02:09:35,142 - Test Accurancy: 0.5229
2026-04-16 02:09:45,374 - Round number: 86 --------------------------
2026-04-16 02:09:45,376 - Evaluate global model
2026-04-16 02:09:49,984 - Averaged Train Loss: 1.2842
2026-04-16 02:09:49,989 - Test Accurancy: 0.5263
2026-04-16 02:09:59,551 - Round number: 87 --------------------------
2026-04-16 02:09:59,553 - Evaluate global model
2026-04-16 02:10:04,678 - Averaged Train Loss: 1.2888
2026-04-16 02:10:04,679 - Test Accurancy: 0.5225
2026-04-16 02:10:13,370 - Round number: 88 --------------------------
2026-04-16 02:10:13,372 - Evaluate global model
2026-04-16 02:10:17,378 - Averaged Train Loss: 1.2895
2026-04-16 02:10:17,378 - Test Accurancy: 0.5223
2026-04-16 02:10:26,716 - Round number: 89 --------------------------
2026-04-16 02:10:26,717 - Evaluate global model
2026-04-16 02:10:30,703 - Averaged Train Loss: 1.2813
2026-04-16 02:10:30,703 - Test Accurancy: 0.5261
2026-04-16 02:10:39,331 - Round number: 90 --------------------------
2026-04-16 02:10:39,332 - Evaluate global model
2026-04-16 02:10:45,748 - Averaged Train Loss: 1.2815
2026-04-16 02:10:45,749 - Test Accurancy: 0.5253
2026-04-16 02:10:54,224 - Round number: 91 --------------------------
2026-04-16 02:10:54,224 - Evaluate global model
2026-04-16 02:10:58,980 - Averaged Train Loss: 1.2753
2026-04-16 02:10:58,980 - Test Accurancy: 0.5273
2026-04-16 02:11:11,718 - Round number: 92 --------------------------
2026-04-16 02:11:11,723 - Evaluate global model
2026-04-16 02:11:17,842 - Averaged Train Loss: 1.2748
2026-04-16 02:11:17,843 - Test Accurancy: 0.5263
2026-04-16 02:11:30,453 - Round number: 93 --------------------------
2026-04-16 02:11:30,458 - Evaluate global model
2026-04-16 02:11:36,674 - Averaged Train Loss: 1.2712
2026-04-16 02:11:36,674 - Test Accurancy: 0.5275
2026-04-16 02:11:45,018 - Round number: 94 --------------------------
2026-04-16 02:11:45,018 - Evaluate global model
2026-04-16 02:11:49,515 - Averaged Train Loss: 1.2710
2026-04-16 02:11:49,516 - Test Accurancy: 0.5285
2026-04-16 02:11:56,584 - Round number: 95 --------------------------
2026-04-16 02:11:56,585 - Evaluate global model
2026-04-16 02:12:01,119 - Averaged Train Loss: 1.2645
2026-04-16 02:12:01,120 - Test Accurancy: 0.5318
2026-04-16 02:12:08,676 - Round number: 96 --------------------------
2026-04-16 02:12:08,677 - Evaluate global model
2026-04-16 02:12:12,358 - Averaged Train Loss: 1.2655
2026-04-16 02:12:12,358 - Test Accurancy: 0.5309
2026-04-16 02:12:20,565 - Round number: 97 --------------------------
2026-04-16 02:12:20,565 - Evaluate global model
2026-04-16 02:12:24,433 - Averaged Train Loss: 1.2557
2026-04-16 02:12:24,434 - Test Accurancy: 0.5336
2026-04-16 02:12:32,943 - Round number: 98 --------------------------
2026-04-16 02:12:32,944 - Evaluate global model
2026-04-16 02:12:39,080 - Averaged Train Loss: 1.2628
2026-04-16 02:12:39,080 - Test Accurancy: 0.5300
2026-04-16 02:12:49,068 - Round number: 99 --------------------------
2026-04-16 02:12:49,068 - Evaluate global model
2026-04-16 02:12:52,815 - Averaged Train Loss: 1.2577
2026-04-16 02:12:52,816 - Test Accurancy: 0.5326
2026-04-16 02:13:01,461 - Round number: 100 --------------------------
2026-04-16 02:13:01,462 - Evaluate global model
2026-04-16 02:13:04,950 - Averaged Train Loss: 1.2566
2026-04-16 02:13:04,951 - Test Accurancy: 0.5334
2026-04-16 02:13:11,875 - Run over
2026-04-16 02:13:11,875 - Saving results to ./exp/exp5/Cifar10/median_sign_flip_ratio.h5
2026-04-16 02:13:11,909 - Best accuracy: 0.5335997335997336
2026-04-16 02:13:11,909 - Average time cost per round: 13.548369109630585
