2026-04-15 17:25:37,732 - *****************EXP-5*****************
2026-04-15 17:25:37,734 - Exp repeats: 1
2026-04-15 17:25:37,734 - Communication Rounds: 100
2026-04-15 17:25:37,735 - Clients: 40

2026-04-15 17:25:37,735 - Attack method: sign_flip
2026-04-15 17:25:37,735 - Filtering rule: multi-krum
2026-04-15 17:25:37,735 - Dataset: Cifar10
2026-04-15 17:25:37,735 - Model: cnn2
2026-04-15 17:25:37,735 - Learning Rate: 0.04
2026-04-15 17:25:37,735 - Batch Size: 64
2026-04-15 17:25:37,736 - Device: cuda
2026-04-15 17:25:37,736 - Device id: 0
2026-04-15 17:25:37,736 - Adversaries: 4
2026-04-15 17:25:37,736 - Model Poisoning: Sign Flip attack
2026-04-15 17:25:37,736 - *****************EXP-5*****************
2026-04-15 17:25:39,427 - Running time: 0th ==========================
2026-04-15 17:25:53,863 - Round number: 0 --------------------------
2026-04-15 17:25:53,864 - Evaluate global model
2026-04-15 17:26:00,120 - Averaged Train Loss: 2.3021
2026-04-15 17:26:00,121 - Test Accurancy: 0.1016
2026-04-15 17:26:13,301 - Multi-krum select clients: [8, 26, 24, 29, 6, 28, 22, 38, 34, 33, 31, 14, 11, 36, 12, 23, 21, 9, 4, 7, 13, 10, 35, 39, 20, 18, 16, 37, 17, 27, 30, 25, 15, 5, 32]
2026-04-15 17:26:13,337 - Round number: 1 --------------------------
2026-04-15 17:26:13,338 - Evaluate global model
2026-04-15 17:26:18,510 - Averaged Train Loss: 2.2796
2026-04-15 17:26:18,511 - Test Accurancy: 0.1506
2026-04-15 17:26:29,209 - Multi-krum select clients: [8, 28, 24, 26, 6, 33, 34, 29, 22, 21, 14, 31, 11, 12, 38, 36, 23, 13, 9, 35, 7, 4, 39, 20, 17, 10, 16, 15, 18, 5, 37, 27, 30, 25, 32]
2026-04-15 17:26:29,228 - Round number: 2 --------------------------
2026-04-15 17:26:29,228 - Evaluate global model
2026-04-15 17:26:37,170 - Averaged Train Loss: 2.1821
2026-04-15 17:26:37,175 - Test Accurancy: 0.2134
2026-04-15 17:26:47,988 - Multi-krum select clients: [8, 26, 24, 6, 28, 36, 29, 34, 33, 11, 38, 14, 31, 12, 21, 13, 22, 9, 4, 7, 23, 5, 39, 20, 32, 10, 35, 17, 30, 16, 18, 27, 25, 37, 15]
2026-04-15 17:26:48,009 - Round number: 3 --------------------------
2026-04-15 17:26:48,009 - Evaluate global model
2026-04-15 17:26:54,726 - Averaged Train Loss: 2.0561
2026-04-15 17:26:54,727 - Test Accurancy: 0.2555
2026-04-15 17:27:07,085 - Multi-krum select clients: [8, 26, 28, 24, 29, 6, 33, 36, 38, 34, 31, 13, 14, 21, 11, 22, 12, 9, 7, 35, 23, 5, 39, 4, 32, 20, 16, 17, 10, 18, 37, 30, 25, 27, 15]
2026-04-15 17:27:07,156 - Round number: 4 --------------------------
2026-04-15 17:27:07,157 - Evaluate global model
2026-04-15 17:27:14,782 - Averaged Train Loss: 1.9808
2026-04-15 17:27:14,782 - Test Accurancy: 0.2940
2026-04-15 17:27:28,714 - Multi-krum select clients: [26, 8, 24, 28, 34, 6, 29, 36, 11, 33, 31, 12, 13, 38, 21, 22, 14, 9, 35, 23, 4, 7, 39, 32, 5, 10, 20, 16, 17, 18, 27, 37, 30, 25, 15]
2026-04-15 17:27:28,767 - Round number: 5 --------------------------
2026-04-15 17:27:28,768 - Evaluate global model
2026-04-15 17:27:37,212 - Averaged Train Loss: 1.9200
2026-04-15 17:27:37,214 - Test Accurancy: 0.3169
2026-04-15 17:27:47,447 - Multi-krum select clients: [8, 26, 28, 29, 36, 33, 31, 34, 22, 12, 24, 14, 13, 11, 38, 6, 9, 21, 35, 23, 4, 7, 20, 37, 39, 16, 10, 18, 32, 5, 30, 17, 25, 27, 15]
2026-04-15 17:27:47,479 - Round number: 6 --------------------------
2026-04-15 17:27:47,479 - Evaluate global model
2026-04-15 17:27:52,750 - Averaged Train Loss: 1.8722
2026-04-15 17:27:52,750 - Test Accurancy: 0.3335
2026-04-15 17:28:02,237 - Multi-krum select clients: [8, 26, 28, 29, 33, 12, 24, 36, 14, 21, 6, 13, 31, 9, 22, 34, 38, 35, 11, 7, 23, 4, 20, 39, 37, 5, 16, 17, 18, 32, 10, 27, 25, 30, 15]
2026-04-15 17:28:02,249 - Round number: 7 --------------------------
2026-04-15 17:28:02,249 - Evaluate global model
2026-04-15 17:28:06,632 - Averaged Train Loss: 1.8295
2026-04-15 17:28:06,632 - Test Accurancy: 0.3497
2026-04-15 17:28:16,387 - Multi-krum select clients: [8, 24, 26, 28, 36, 22, 6, 34, 29, 33, 21, 31, 12, 13, 14, 9, 38, 11, 35, 4, 23, 7, 37, 17, 32, 20, 18, 39, 16, 10, 27, 30, 25, 15, 5]
2026-04-15 17:28:16,399 - Round number: 8 --------------------------
2026-04-15 17:28:16,400 - Evaluate global model
2026-04-15 17:28:20,827 - Averaged Train Loss: 1.7843
2026-04-15 17:28:20,827 - Test Accurancy: 0.3652
2026-04-15 17:28:29,795 - Multi-krum select clients: [28, 26, 8, 24, 12, 29, 36, 31, 33, 6, 22, 21, 13, 14, 38, 34, 11, 23, 9, 35, 4, 7, 5, 18, 17, 39, 20, 16, 32, 37, 10, 15, 25, 27, 30]
2026-04-15 17:28:29,816 - Round number: 9 --------------------------
2026-04-15 17:28:29,816 - Evaluate global model
2026-04-15 17:28:34,469 - Averaged Train Loss: 1.7543
2026-04-15 17:28:34,469 - Test Accurancy: 0.3710
2026-04-15 17:28:44,409 - Multi-krum select clients: [8, 24, 26, 12, 28, 29, 36, 6, 33, 11, 21, 31, 22, 14, 34, 35, 13, 23, 38, 4, 9, 7, 39, 37, 17, 5, 20, 32, 10, 18, 16, 30, 25, 27, 15]
2026-04-15 17:28:44,432 - Round number: 10 --------------------------
2026-04-15 17:28:44,432 - Evaluate global model
2026-04-15 17:28:49,275 - Averaged Train Loss: 1.7177
2026-04-15 17:28:49,276 - Test Accurancy: 0.3862
2026-04-15 17:29:00,398 - Multi-krum select clients: [24, 28, 12, 26, 8, 29, 11, 36, 6, 21, 33, 31, 13, 14, 22, 34, 23, 35, 38, 4, 9, 7, 18, 39, 5, 17, 37, 20, 10, 32, 15, 16, 30, 25, 27]
2026-04-15 17:29:00,431 - Round number: 11 --------------------------
2026-04-15 17:29:00,431 - Evaluate global model
2026-04-15 17:29:08,708 - Averaged Train Loss: 1.6960
2026-04-15 17:29:08,716 - Test Accurancy: 0.3877
2026-04-15 17:29:21,283 - Multi-krum select clients: [24, 28, 26, 8, 29, 12, 33, 31, 11, 6, 13, 36, 35, 21, 14, 34, 22, 38, 9, 7, 5, 4, 23, 18, 37, 10, 32, 16, 39, 20, 17, 27, 15, 30, 25]
2026-04-15 17:29:21,312 - Round number: 12 --------------------------
2026-04-15 17:29:21,312 - Evaluate global model
2026-04-15 17:29:27,670 - Averaged Train Loss: 1.6659
2026-04-15 17:29:27,674 - Test Accurancy: 0.3968
2026-04-15 17:29:41,797 - Multi-krum select clients: [24, 28, 26, 8, 12, 29, 31, 21, 13, 36, 6, 34, 22, 33, 11, 38, 14, 4, 35, 7, 9, 23, 18, 39, 17, 5, 32, 20, 37, 16, 10, 30, 27, 25, 15]
2026-04-15 17:29:41,811 - Round number: 13 --------------------------
2026-04-15 17:29:41,811 - Evaluate global model
2026-04-15 17:29:48,121 - Averaged Train Loss: 1.6362
2026-04-15 17:29:48,128 - Test Accurancy: 0.4073
2026-04-15 17:30:01,928 - Multi-krum select clients: [24, 28, 26, 8, 29, 33, 12, 6, 36, 11, 34, 31, 22, 13, 35, 21, 9, 38, 4, 23, 14, 7, 39, 32, 5, 20, 37, 16, 17, 18, 10, 27, 15, 30, 25]
2026-04-15 17:30:01,977 - Round number: 14 --------------------------
2026-04-15 17:30:01,979 - Evaluate global model
2026-04-15 17:30:09,107 - Averaged Train Loss: 1.6117
2026-04-15 17:30:09,109 - Test Accurancy: 0.4135
2026-04-15 17:30:17,912 - Multi-krum select clients: [24, 8, 28, 12, 26, 33, 29, 34, 22, 31, 36, 6, 14, 13, 4, 11, 21, 35, 38, 39, 7, 23, 9, 18, 17, 32, 37, 5, 10, 20, 16, 30, 27, 15, 19]
2026-04-15 17:30:17,933 - Round number: 15 --------------------------
2026-04-15 17:30:17,934 - Evaluate global model
2026-04-15 17:30:21,331 - Averaged Train Loss: 1.5997
2026-04-15 17:30:21,332 - Test Accurancy: 0.4143
2026-04-15 17:30:30,529 - Multi-krum select clients: [24, 28, 26, 8, 33, 29, 12, 6, 11, 36, 22, 31, 13, 35, 21, 14, 34, 4, 23, 38, 9, 7, 18, 5, 39, 17, 32, 37, 10, 16, 20, 27, 15, 30, 19]
2026-04-15 17:30:30,544 - Round number: 16 --------------------------
2026-04-15 17:30:30,544 - Evaluate global model
2026-04-15 17:30:34,817 - Averaged Train Loss: 1.5787
2026-04-15 17:30:34,818 - Test Accurancy: 0.4204
2026-04-15 17:30:43,738 - Multi-krum select clients: [28, 24, 26, 8, 11, 13, 29, 36, 33, 21, 12, 34, 22, 6, 35, 4, 31, 14, 38, 39, 23, 9, 7, 17, 5, 16, 18, 32, 10, 37, 20, 30, 27, 15, 19]
2026-04-15 17:30:43,759 - Round number: 17 --------------------------
2026-04-15 17:30:43,759 - Evaluate global model
2026-04-15 17:30:47,353 - Averaged Train Loss: 1.5682
2026-04-15 17:30:47,353 - Test Accurancy: 0.4218
2026-04-15 17:30:57,113 - Multi-krum select clients: [28, 26, 24, 8, 11, 29, 12, 6, 22, 33, 13, 34, 21, 36, 4, 9, 23, 7, 35, 31, 14, 39, 38, 5, 32, 18, 17, 37, 30, 20, 10, 27, 16, 15, 19]
2026-04-15 17:30:57,128 - Round number: 18 --------------------------
2026-04-15 17:30:57,128 - Evaluate global model
2026-04-15 17:31:01,785 - Averaged Train Loss: 1.5447
2026-04-15 17:31:01,786 - Test Accurancy: 0.4322
2026-04-15 17:31:11,562 - Multi-krum select clients: [24, 28, 26, 12, 8, 33, 29, 11, 6, 34, 21, 31, 22, 13, 4, 36, 35, 14, 23, 38, 9, 32, 7, 18, 39, 5, 20, 17, 16, 37, 10, 15, 30, 27, 25]
2026-04-15 17:31:11,582 - Round number: 19 --------------------------
2026-04-15 17:31:11,582 - Evaluate global model
2026-04-15 17:31:15,717 - Averaged Train Loss: 1.5170
2026-04-15 17:31:15,717 - Test Accurancy: 0.4430
2026-04-15 17:31:24,447 - Multi-krum select clients: [24, 28, 26, 12, 11, 29, 8, 6, 33, 36, 22, 13, 31, 14, 4, 34, 21, 35, 23, 38, 7, 9, 17, 32, 20, 5, 30, 39, 18, 37, 27, 10, 16, 15, 25]
2026-04-15 17:31:24,469 - Round number: 20 --------------------------
2026-04-15 17:31:24,469 - Evaluate global model
2026-04-15 17:31:29,497 - Averaged Train Loss: 1.5014
2026-04-15 17:31:29,497 - Test Accurancy: 0.4506
2026-04-15 17:31:39,042 - Multi-krum select clients: [24, 28, 26, 8, 6, 12, 29, 33, 11, 36, 22, 13, 34, 21, 31, 23, 35, 38, 4, 7, 9, 14, 39, 18, 32, 5, 20, 17, 10, 15, 16, 30, 37, 27, 25]
2026-04-15 17:31:39,056 - Round number: 21 --------------------------
2026-04-15 17:31:39,057 - Evaluate global model
2026-04-15 17:31:43,234 - Averaged Train Loss: 1.4884
2026-04-15 17:31:43,234 - Test Accurancy: 0.4543
2026-04-15 17:31:52,212 - Multi-krum select clients: [24, 28, 26, 8, 12, 11, 6, 13, 33, 34, 29, 31, 36, 22, 35, 23, 4, 21, 14, 38, 39, 7, 9, 5, 32, 18, 16, 17, 20, 37, 10, 30, 15, 27, 19]
2026-04-15 17:31:52,229 - Round number: 22 --------------------------
2026-04-15 17:31:52,229 - Evaluate global model
2026-04-15 17:31:57,258 - Averaged Train Loss: 1.4854
2026-04-15 17:31:57,258 - Test Accurancy: 0.4563
2026-04-15 17:32:07,924 - Multi-krum select clients: [24, 28, 26, 8, 12, 29, 6, 33, 13, 34, 31, 35, 22, 11, 36, 14, 4, 21, 9, 39, 23, 38, 7, 5, 17, 32, 30, 16, 18, 10, 15, 20, 27, 37, 19]
2026-04-15 17:32:07,946 - Round number: 23 --------------------------
2026-04-15 17:32:07,946 - Evaluate global model
2026-04-15 17:32:12,851 - Averaged Train Loss: 1.4718
2026-04-15 17:32:12,852 - Test Accurancy: 0.4581
2026-04-15 17:32:24,702 - Multi-krum select clients: [24, 28, 26, 12, 11, 8, 29, 6, 33, 13, 22, 36, 34, 23, 21, 35, 4, 31, 14, 7, 38, 9, 39, 18, 5, 32, 16, 30, 37, 10, 20, 17, 27, 15, 25]
2026-04-15 17:32:24,729 - Round number: 24 --------------------------
2026-04-15 17:32:24,729 - Evaluate global model
2026-04-15 17:32:33,208 - Averaged Train Loss: 1.4447
2026-04-15 17:32:33,209 - Test Accurancy: 0.4733
2026-04-15 17:32:46,003 - Multi-krum select clients: [28, 24, 26, 8, 11, 12, 33, 29, 6, 22, 13, 34, 4, 21, 36, 14, 23, 31, 7, 35, 38, 18, 30, 32, 9, 39, 20, 5, 17, 16, 37, 10, 27, 25, 15]
2026-04-15 17:32:46,032 - Round number: 25 --------------------------
2026-04-15 17:32:46,032 - Evaluate global model
2026-04-15 17:32:51,002 - Averaged Train Loss: 1.4376
2026-04-15 17:32:51,003 - Test Accurancy: 0.4753
2026-04-15 17:33:03,542 - Multi-krum select clients: [24, 28, 26, 8, 29, 12, 11, 33, 6, 4, 13, 36, 21, 35, 31, 38, 22, 14, 34, 7, 23, 9, 39, 5, 32, 17, 30, 16, 18, 10, 27, 37, 15, 20, 19]
2026-04-15 17:33:03,597 - Round number: 26 --------------------------
2026-04-15 17:33:03,597 - Evaluate global model
2026-04-15 17:33:10,090 - Averaged Train Loss: 1.4383
2026-04-15 17:33:10,090 - Test Accurancy: 0.4698
2026-04-15 17:33:20,055 - Multi-krum select clients: [24, 28, 26, 12, 29, 11, 33, 8, 6, 22, 13, 34, 35, 36, 31, 21, 4, 14, 23, 7, 38, 9, 39, 5, 30, 18, 17, 20, 32, 16, 15, 37, 27, 10, 25]
2026-04-15 17:33:20,073 - Round number: 27 --------------------------
2026-04-15 17:33:20,073 - Evaluate global model
2026-04-15 17:33:24,513 - Averaged Train Loss: 1.4131
2026-04-15 17:33:24,514 - Test Accurancy: 0.4820
2026-04-15 17:33:32,422 - Multi-krum select clients: [24, 28, 26, 29, 8, 12, 6, 4, 13, 11, 22, 33, 23, 34, 21, 35, 36, 31, 14, 7, 38, 9, 39, 32, 30, 17, 18, 5, 20, 37, 16, 10, 15, 27, 25]
2026-04-15 17:33:32,434 - Round number: 28 --------------------------
2026-04-15 17:33:32,434 - Evaluate global model
2026-04-15 17:33:36,524 - Averaged Train Loss: 1.3990
2026-04-15 17:33:36,525 - Test Accurancy: 0.4892
2026-04-15 17:33:44,888 - Multi-krum select clients: [24, 28, 26, 12, 11, 8, 6, 29, 13, 4, 33, 21, 22, 35, 36, 34, 31, 38, 14, 23, 7, 32, 39, 9, 20, 18, 5, 17, 10, 37, 16, 30, 27, 15, 19]
2026-04-15 17:33:44,913 - Round number: 29 --------------------------
2026-04-15 17:33:44,913 - Evaluate global model
2026-04-15 17:33:49,210 - Averaged Train Loss: 1.4008
2026-04-15 17:33:49,211 - Test Accurancy: 0.4861
2026-04-15 17:33:59,786 - Multi-krum select clients: [24, 28, 26, 12, 29, 8, 6, 22, 11, 33, 4, 21, 13, 23, 35, 34, 36, 31, 14, 38, 7, 32, 9, 18, 39, 17, 10, 5, 20, 30, 37, 15, 16, 27, 25]
2026-04-15 17:33:59,815 - Round number: 30 --------------------------
2026-04-15 17:33:59,815 - Evaluate global model
2026-04-15 17:34:05,896 - Averaged Train Loss: 1.3828
2026-04-15 17:34:05,896 - Test Accurancy: 0.4968
2026-04-15 17:34:17,536 - Multi-krum select clients: [24, 28, 11, 26, 8, 12, 29, 33, 6, 31, 22, 34, 21, 4, 23, 35, 14, 13, 38, 36, 7, 9, 39, 32, 18, 30, 5, 37, 17, 20, 10, 16, 27, 15, 19]
2026-04-15 17:34:17,556 - Round number: 31 --------------------------
2026-04-15 17:34:17,556 - Evaluate global model
2026-04-15 17:34:21,035 - Averaged Train Loss: 1.3774
2026-04-15 17:34:21,036 - Test Accurancy: 0.4948
2026-04-15 17:34:30,540 - Multi-krum select clients: [24, 28, 26, 8, 12, 6, 29, 11, 13, 33, 36, 21, 34, 14, 4, 23, 35, 22, 31, 7, 38, 9, 32, 30, 39, 37, 10, 16, 5, 17, 18, 20, 15, 27, 25]
2026-04-15 17:34:30,555 - Round number: 32 --------------------------
2026-04-15 17:34:30,555 - Evaluate global model
2026-04-15 17:34:34,154 - Averaged Train Loss: 1.3615
2026-04-15 17:34:34,154 - Test Accurancy: 0.5024
2026-04-15 17:34:43,241 - Multi-krum select clients: [24, 28, 26, 12, 8, 29, 11, 33, 6, 21, 34, 13, 4, 23, 35, 31, 22, 36, 38, 14, 39, 7, 9, 32, 18, 30, 5, 20, 17, 10, 15, 16, 37, 27, 19]
2026-04-15 17:34:43,254 - Round number: 33 --------------------------
2026-04-15 17:34:43,254 - Evaluate global model
2026-04-15 17:34:47,238 - Averaged Train Loss: 1.3609
2026-04-15 17:34:47,238 - Test Accurancy: 0.5023
2026-04-15 17:34:55,930 - Multi-krum select clients: [24, 28, 11, 12, 26, 8, 29, 33, 13, 6, 34, 4, 35, 14, 23, 22, 36, 31, 21, 38, 7, 39, 18, 32, 17, 9, 5, 20, 10, 27, 16, 37, 15, 30, 19]
2026-04-15 17:34:55,943 - Round number: 34 --------------------------
2026-04-15 17:34:55,943 - Evaluate global model
2026-04-15 17:35:00,127 - Averaged Train Loss: 1.3573
2026-04-15 17:35:00,127 - Test Accurancy: 0.5034
2026-04-15 17:35:08,301 - Multi-krum select clients: [28, 24, 26, 11, 12, 29, 8, 33, 13, 6, 22, 4, 34, 21, 14, 35, 23, 36, 31, 9, 7, 38, 32, 30, 39, 5, 18, 17, 20, 37, 10, 27, 15, 16, 19]
2026-04-15 17:35:08,318 - Round number: 35 --------------------------
2026-04-15 17:35:08,318 - Evaluate global model
2026-04-15 17:35:13,050 - Averaged Train Loss: 1.3459
2026-04-15 17:35:13,052 - Test Accurancy: 0.5068
2026-04-15 17:35:22,636 - Multi-krum select clients: [24, 28, 26, 11, 29, 13, 8, 12, 6, 33, 21, 4, 35, 34, 36, 22, 14, 23, 38, 31, 9, 32, 7, 39, 30, 5, 18, 20, 10, 17, 15, 37, 27, 19, 16]
2026-04-15 17:35:22,651 - Round number: 36 --------------------------
2026-04-15 17:35:22,651 - Evaluate global model
2026-04-15 17:35:27,147 - Averaged Train Loss: 1.3371
2026-04-15 17:35:27,147 - Test Accurancy: 0.5096
2026-04-15 17:35:34,226 - Multi-krum select clients: [24, 28, 12, 11, 26, 8, 29, 33, 13, 6, 22, 4, 23, 21, 34, 31, 14, 35, 36, 7, 38, 39, 30, 5, 10, 32, 17, 9, 20, 18, 27, 16, 15, 19, 37]
2026-04-15 17:35:34,252 - Round number: 37 --------------------------
2026-04-15 17:35:34,252 - Evaluate global model
2026-04-15 17:35:38,900 - Averaged Train Loss: 1.3308
2026-04-15 17:35:38,901 - Test Accurancy: 0.5118
2026-04-15 17:35:51,908 - Multi-krum select clients: [24, 28, 11, 26, 29, 12, 8, 33, 4, 6, 13, 22, 23, 14, 34, 21, 35, 36, 31, 32, 18, 38, 39, 7, 9, 30, 37, 5, 10, 20, 17, 16, 27, 15, 19]
2026-04-15 17:35:51,930 - Round number: 38 --------------------------
2026-04-15 17:35:51,930 - Evaluate global model
2026-04-15 17:35:56,974 - Averaged Train Loss: 1.3207
2026-04-15 17:35:56,975 - Test Accurancy: 0.5150
2026-04-15 17:36:08,337 - Multi-krum select clients: [24, 28, 26, 12, 11, 8, 13, 29, 22, 4, 21, 14, 34, 23, 35, 33, 6, 31, 36, 38, 7, 32, 9, 18, 39, 10, 37, 30, 5, 15, 17, 20, 16, 27, 19]
2026-04-15 17:36:08,351 - Round number: 39 --------------------------
2026-04-15 17:36:08,351 - Evaluate global model
2026-04-15 17:36:13,953 - Averaged Train Loss: 1.3097
2026-04-15 17:36:13,954 - Test Accurancy: 0.5186
2026-04-15 17:36:25,917 - Multi-krum select clients: [28, 24, 12, 26, 11, 8, 29, 4, 13, 33, 22, 34, 6, 23, 21, 35, 31, 7, 14, 36, 38, 39, 9, 18, 32, 30, 37, 20, 16, 5, 10, 27, 17, 15, 19]
2026-04-15 17:36:25,928 - Round number: 40 --------------------------
2026-04-15 17:36:25,928 - Evaluate global model
2026-04-15 17:36:31,297 - Averaged Train Loss: 1.3007
2026-04-15 17:36:31,298 - Test Accurancy: 0.5225
2026-04-15 17:36:40,340 - Multi-krum select clients: [24, 28, 26, 12, 11, 6, 8, 29, 13, 22, 4, 21, 14, 23, 34, 7, 33, 35, 38, 31, 36, 39, 32, 9, 30, 18, 16, 10, 37, 20, 17, 5, 27, 19, 15]
2026-04-15 17:36:40,357 - Round number: 41 --------------------------
2026-04-15 17:36:40,357 - Evaluate global model
2026-04-15 17:36:45,456 - Averaged Train Loss: 1.2998
2026-04-15 17:36:45,456 - Test Accurancy: 0.5237
2026-04-15 17:36:57,188 - Multi-krum select clients: [24, 28, 26, 12, 8, 29, 13, 11, 6, 33, 34, 4, 14, 22, 23, 21, 31, 35, 38, 36, 7, 9, 18, 32, 5, 30, 39, 10, 17, 20, 37, 15, 16, 19, 27]
2026-04-15 17:36:57,207 - Round number: 42 --------------------------
2026-04-15 17:36:57,208 - Evaluate global model
2026-04-15 17:37:01,713 - Averaged Train Loss: 1.2915
2026-04-15 17:37:01,713 - Test Accurancy: 0.5252
2026-04-15 17:37:12,006 - Multi-krum select clients: [24, 28, 11, 26, 29, 8, 33, 4, 6, 13, 12, 23, 21, 35, 34, 14, 22, 31, 38, 7, 32, 36, 39, 30, 10, 9, 37, 18, 5, 16, 20, 17, 19, 15, 27]
2026-04-15 17:37:12,032 - Round number: 43 --------------------------
2026-04-15 17:37:12,033 - Evaluate global model
2026-04-15 17:37:18,926 - Averaged Train Loss: 1.2726
2026-04-15 17:37:18,927 - Test Accurancy: 0.5315
2026-04-15 17:37:27,755 - Multi-krum select clients: [24, 28, 6, 26, 11, 12, 8, 29, 4, 22, 33, 13, 21, 23, 34, 14, 38, 7, 31, 35, 36, 32, 30, 39, 9, 18, 5, 15, 37, 10, 20, 17, 19, 16, 27]
2026-04-15 17:37:27,771 - Round number: 44 --------------------------
2026-04-15 17:37:27,771 - Evaluate global model
2026-04-15 17:37:33,772 - Averaged Train Loss: 1.2736
2026-04-15 17:37:33,773 - Test Accurancy: 0.5313
2026-04-15 17:37:42,097 - Multi-krum select clients: [24, 28, 11, 26, 29, 12, 8, 13, 4, 33, 23, 34, 22, 21, 6, 14, 31, 35, 38, 36, 7, 32, 18, 39, 30, 37, 17, 10, 15, 9, 16, 20, 5, 27, 19]
2026-04-15 17:37:42,117 - Round number: 45 --------------------------
2026-04-15 17:37:42,117 - Evaluate global model
2026-04-15 17:37:48,173 - Averaged Train Loss: 1.2641
2026-04-15 17:37:48,174 - Test Accurancy: 0.5351
2026-04-15 17:37:57,896 - Multi-krum select clients: [24, 28, 26, 11, 12, 29, 8, 6, 22, 4, 21, 13, 33, 23, 14, 34, 31, 35, 38, 36, 7, 32, 39, 9, 30, 18, 10, 20, 17, 5, 16, 15, 19, 37, 27]
2026-04-15 17:37:57,924 - Round number: 46 --------------------------
2026-04-15 17:37:57,924 - Evaluate global model
2026-04-15 17:38:06,654 - Averaged Train Loss: 1.2592
2026-04-15 17:38:06,655 - Test Accurancy: 0.5369
2026-04-15 17:38:16,748 - Multi-krum select clients: [24, 28, 26, 11, 29, 12, 6, 8, 21, 13, 4, 23, 34, 22, 33, 14, 31, 35, 38, 7, 36, 9, 32, 39, 30, 17, 37, 10, 18, 20, 5, 15, 16, 19, 27]
2026-04-15 17:38:16,762 - Round number: 47 --------------------------
2026-04-15 17:38:16,762 - Evaluate global model
2026-04-15 17:38:20,031 - Averaged Train Loss: 1.2488
2026-04-15 17:38:20,031 - Test Accurancy: 0.5399
2026-04-15 17:38:29,075 - Multi-krum select clients: [24, 28, 11, 26, 12, 6, 8, 33, 29, 22, 4, 23, 13, 21, 34, 35, 14, 38, 31, 36, 7, 32, 39, 9, 30, 18, 10, 20, 5, 16, 17, 37, 27, 19, 15]
2026-04-15 17:38:29,091 - Round number: 48 --------------------------
2026-04-15 17:38:29,091 - Evaluate global model
2026-04-15 17:38:32,814 - Averaged Train Loss: 1.2496
2026-04-15 17:38:32,815 - Test Accurancy: 0.5389
2026-04-15 17:38:41,808 - Multi-krum select clients: [24, 28, 11, 12, 26, 29, 4, 8, 6, 33, 23, 22, 13, 35, 34, 36, 21, 14, 7, 38, 30, 9, 31, 32, 17, 39, 37, 10, 5, 16, 20, 15, 27, 18, 19]
2026-04-15 17:38:41,821 - Round number: 49 --------------------------
2026-04-15 17:38:41,821 - Evaluate global model
2026-04-15 17:38:45,543 - Averaged Train Loss: 1.2430
2026-04-15 17:38:45,544 - Test Accurancy: 0.5435
2026-04-15 17:38:54,578 - Multi-krum select clients: [24, 28, 11, 26, 12, 6, 29, 8, 4, 13, 22, 21, 33, 34, 23, 14, 31, 35, 39, 36, 7, 32, 30, 38, 9, 10, 15, 5, 18, 20, 17, 16, 37, 19, 27]
2026-04-15 17:38:54,591 - Round number: 50 --------------------------
2026-04-15 17:38:54,592 - Evaluate global model
2026-04-15 17:38:59,043 - Averaged Train Loss: 1.2352
2026-04-15 17:38:59,043 - Test Accurancy: 0.5443
2026-04-15 17:39:08,858 - Multi-krum select clients: [24, 28, 26, 11, 8, 12, 29, 22, 13, 33, 6, 21, 23, 4, 34, 35, 14, 38, 36, 7, 31, 32, 39, 9, 30, 18, 10, 17, 5, 15, 37, 20, 27, 16, 19]
2026-04-15 17:39:08,881 - Round number: 51 --------------------------
2026-04-15 17:39:08,881 - Evaluate global model
2026-04-15 17:39:13,350 - Averaged Train Loss: 1.2258
2026-04-15 17:39:13,351 - Test Accurancy: 0.5489
2026-04-15 17:39:23,535 - Multi-krum select clients: [24, 28, 26, 11, 12, 8, 6, 29, 14, 21, 33, 4, 13, 23, 34, 35, 38, 22, 31, 7, 36, 30, 32, 39, 17, 9, 16, 5, 15, 19, 10, 37, 18, 20, 27]
2026-04-15 17:39:23,554 - Round number: 52 --------------------------
2026-04-15 17:39:23,555 - Evaluate global model
2026-04-15 17:39:28,668 - Averaged Train Loss: 1.2221
2026-04-15 17:39:28,668 - Test Accurancy: 0.5490
2026-04-15 17:39:37,801 - Multi-krum select clients: [24, 28, 26, 11, 8, 12, 23, 29, 13, 6, 33, 21, 4, 22, 38, 14, 35, 34, 7, 31, 32, 36, 39, 37, 30, 9, 16, 18, 17, 5, 19, 15, 27, 10, 20]
2026-04-15 17:39:37,826 - Round number: 53 --------------------------
2026-04-15 17:39:37,826 - Evaluate global model
2026-04-15 17:39:43,612 - Averaged Train Loss: 1.2170
2026-04-15 17:39:43,613 - Test Accurancy: 0.5535
2026-04-15 17:39:54,541 - Multi-krum select clients: [24, 28, 11, 26, 8, 12, 6, 29, 4, 33, 13, 23, 22, 21, 35, 34, 38, 32, 14, 36, 39, 31, 7, 9, 37, 30, 15, 18, 16, 5, 20, 17, 27, 10, 19]
2026-04-15 17:39:54,577 - Round number: 54 --------------------------
2026-04-15 17:39:54,578 - Evaluate global model
2026-04-15 17:39:59,812 - Averaged Train Loss: 1.2042
2026-04-15 17:39:59,813 - Test Accurancy: 0.5572
2026-04-15 17:40:11,097 - Multi-krum select clients: [24, 28, 11, 26, 8, 12, 23, 29, 4, 13, 33, 6, 21, 34, 14, 35, 31, 22, 38, 7, 36, 9, 30, 32, 39, 10, 5, 17, 15, 18, 37, 16, 20, 27, 19]
2026-04-15 17:40:11,122 - Round number: 55 --------------------------
2026-04-15 17:40:11,122 - Evaluate global model
2026-04-15 17:40:17,353 - Averaged Train Loss: 1.2038
2026-04-15 17:40:17,354 - Test Accurancy: 0.5562
2026-04-15 17:40:28,071 - Multi-krum select clients: [24, 28, 11, 26, 12, 29, 8, 4, 13, 6, 23, 33, 22, 21, 14, 35, 34, 38, 31, 32, 9, 7, 39, 30, 36, 10, 17, 18, 37, 16, 20, 15, 19, 27, 5]
2026-04-15 17:40:28,092 - Round number: 56 --------------------------
2026-04-15 17:40:28,093 - Evaluate global model
2026-04-15 17:40:32,084 - Averaged Train Loss: 1.1902
2026-04-15 17:40:32,085 - Test Accurancy: 0.5609
2026-04-15 17:40:43,145 - Multi-krum select clients: [24, 28, 11, 26, 12, 8, 6, 29, 13, 23, 4, 21, 33, 22, 34, 14, 7, 39, 35, 31, 38, 36, 32, 30, 9, 15, 20, 37, 18, 17, 5, 10, 19, 16, 27]
2026-04-15 17:40:43,161 - Round number: 57 --------------------------
2026-04-15 17:40:43,162 - Evaluate global model
2026-04-15 17:40:48,361 - Averaged Train Loss: 1.1918
2026-04-15 17:40:48,362 - Test Accurancy: 0.5592
2026-04-15 17:40:57,718 - Multi-krum select clients: [24, 28, 11, 26, 8, 12, 29, 6, 4, 33, 22, 13, 21, 34, 23, 14, 38, 35, 32, 36, 39, 7, 9, 31, 10, 30, 15, 37, 5, 18, 17, 16, 19, 20, 27]
2026-04-15 17:40:57,755 - Round number: 58 --------------------------
2026-04-15 17:40:57,756 - Evaluate global model
2026-04-15 17:41:04,486 - Averaged Train Loss: 1.1855
2026-04-15 17:41:04,487 - Test Accurancy: 0.5624
2026-04-15 17:41:14,383 - Multi-krum select clients: [24, 28, 11, 26, 12, 29, 4, 6, 8, 33, 23, 13, 21, 22, 34, 14, 35, 31, 32, 38, 39, 36, 7, 30, 37, 15, 9, 16, 18, 17, 5, 20, 10, 27, 19]
2026-04-15 17:41:14,416 - Round number: 59 --------------------------
2026-04-15 17:41:14,417 - Evaluate global model
2026-04-15 17:41:21,794 - Averaged Train Loss: 1.1785
2026-04-15 17:41:21,798 - Test Accurancy: 0.5648
2026-04-15 17:41:30,991 - Multi-krum select clients: [24, 28, 11, 26, 8, 12, 29, 6, 4, 13, 21, 33, 23, 34, 14, 22, 32, 35, 7, 38, 39, 31, 30, 9, 36, 37, 10, 18, 17, 5, 15, 16, 19, 20, 27]
2026-04-15 17:41:31,008 - Round number: 60 --------------------------
2026-04-15 17:41:31,008 - Evaluate global model
2026-04-15 17:41:34,893 - Averaged Train Loss: 1.1766
2026-04-15 17:41:34,893 - Test Accurancy: 0.5654
2026-04-15 17:41:43,473 - Multi-krum select clients: [24, 28, 11, 26, 29, 4, 8, 12, 13, 33, 22, 23, 21, 6, 34, 35, 38, 31, 14, 7, 39, 32, 36, 30, 10, 9, 18, 15, 37, 16, 17, 19, 20, 5, 27]
2026-04-15 17:41:43,487 - Round number: 61 --------------------------
2026-04-15 17:41:43,488 - Evaluate global model
2026-04-15 17:41:47,409 - Averaged Train Loss: 1.1650
2026-04-15 17:41:47,409 - Test Accurancy: 0.5701
2026-04-15 17:41:58,792 - Multi-krum select clients: [24, 28, 26, 11, 8, 12, 29, 6, 4, 23, 13, 33, 22, 21, 14, 34, 31, 32, 38, 7, 35, 30, 36, 39, 9, 5, 10, 37, 20, 17, 18, 15, 16, 27, 19]
2026-04-15 17:41:58,815 - Round number: 62 --------------------------
2026-04-15 17:41:58,816 - Evaluate global model
2026-04-15 17:42:02,014 - Averaged Train Loss: 1.1574
2026-04-15 17:42:02,015 - Test Accurancy: 0.5719
2026-04-15 17:42:12,632 - Multi-krum select clients: [24, 28, 26, 11, 8, 29, 13, 23, 4, 6, 12, 33, 22, 21, 14, 34, 31, 7, 32, 36, 35, 39, 9, 38, 30, 37, 15, 18, 17, 5, 10, 20, 19, 16, 27]
2026-04-15 17:42:12,651 - Round number: 63 --------------------------
2026-04-15 17:42:12,651 - Evaluate global model
2026-04-15 17:42:16,708 - Averaged Train Loss: 1.1583
2026-04-15 17:42:16,709 - Test Accurancy: 0.5706
2026-04-15 17:42:25,875 - Multi-krum select clients: [24, 28, 11, 26, 29, 8, 12, 23, 33, 6, 4, 22, 21, 13, 14, 38, 34, 35, 31, 15, 30, 36, 7, 32, 39, 5, 9, 18, 17, 37, 10, 16, 20, 19, 27]
2026-04-15 17:42:25,891 - Round number: 64 --------------------------
2026-04-15 17:42:25,892 - Evaluate global model
2026-04-15 17:42:30,375 - Averaged Train Loss: 1.1519
2026-04-15 17:42:30,377 - Test Accurancy: 0.5715
2026-04-15 17:42:39,385 - Multi-krum select clients: [24, 28, 11, 26, 29, 12, 8, 23, 4, 6, 21, 13, 14, 22, 34, 33, 7, 35, 38, 31, 9, 36, 30, 32, 39, 15, 18, 10, 20, 37, 16, 5, 19, 17, 27]
2026-04-15 17:42:39,401 - Round number: 65 --------------------------
2026-04-15 17:42:39,401 - Evaluate global model
2026-04-15 17:42:44,125 - Averaged Train Loss: 1.1386
2026-04-15 17:42:44,125 - Test Accurancy: 0.5771
2026-04-15 17:42:58,992 - Multi-krum select clients: [24, 28, 11, 26, 8, 12, 29, 6, 4, 23, 13, 33, 22, 21, 14, 38, 34, 32, 35, 31, 39, 7, 30, 36, 9, 18, 10, 17, 37, 5, 16, 15, 20, 19, 27]
2026-04-15 17:42:59,024 - Round number: 66 --------------------------
2026-04-15 17:42:59,025 - Evaluate global model
2026-04-15 17:43:05,734 - Averaged Train Loss: 1.1445
2026-04-15 17:43:05,740 - Test Accurancy: 0.5755
2026-04-15 17:43:16,006 - Multi-krum select clients: [24, 28, 11, 26, 12, 29, 8, 4, 33, 6, 23, 13, 22, 14, 21, 34, 35, 38, 32, 31, 39, 7, 9, 30, 36, 15, 37, 18, 5, 10, 16, 17, 19, 20, 27]
2026-04-15 17:43:16,025 - Round number: 67 --------------------------
2026-04-15 17:43:16,025 - Evaluate global model
2026-04-15 17:43:20,206 - Averaged Train Loss: 1.1383
2026-04-15 17:43:20,207 - Test Accurancy: 0.5750
2026-04-15 17:43:28,575 - Multi-krum select clients: [24, 28, 11, 26, 12, 8, 6, 29, 4, 33, 23, 22, 13, 14, 32, 7, 21, 35, 34, 38, 36, 9, 31, 30, 39, 15, 17, 18, 16, 5, 10, 37, 20, 19, 27]
2026-04-15 17:43:28,590 - Round number: 68 --------------------------
2026-04-15 17:43:28,590 - Evaluate global model
2026-04-15 17:43:32,688 - Averaged Train Loss: 1.1333
2026-04-15 17:43:32,688 - Test Accurancy: 0.5777
2026-04-15 17:43:42,228 - Multi-krum select clients: [24, 28, 11, 12, 26, 29, 8, 13, 21, 6, 33, 4, 22, 23, 14, 34, 31, 35, 38, 32, 36, 30, 9, 7, 15, 37, 17, 10, 5, 18, 16, 39, 19, 20, 27]
2026-04-15 17:43:42,239 - Round number: 69 --------------------------
2026-04-15 17:43:42,239 - Evaluate global model
2026-04-15 17:43:46,285 - Averaged Train Loss: 1.1338
2026-04-15 17:43:46,285 - Test Accurancy: 0.5756
2026-04-15 17:43:56,249 - Multi-krum select clients: [24, 28, 11, 8, 26, 12, 29, 13, 6, 23, 4, 33, 21, 22, 14, 34, 38, 32, 35, 31, 18, 36, 39, 7, 15, 30, 9, 16, 17, 5, 37, 10, 19, 27, 20]
2026-04-15 17:43:56,272 - Round number: 70 --------------------------
2026-04-15 17:43:56,272 - Evaluate global model
2026-04-15 17:43:59,999 - Averaged Train Loss: 1.1250
2026-04-15 17:44:00,000 - Test Accurancy: 0.5773
2026-04-15 17:44:08,893 - Multi-krum select clients: [24, 28, 11, 26, 8, 12, 29, 6, 13, 33, 22, 23, 21, 34, 4, 14, 38, 32, 31, 35, 7, 39, 15, 36, 30, 9, 17, 16, 5, 10, 18, 19, 37, 20, 27]
2026-04-15 17:44:08,907 - Round number: 71 --------------------------
2026-04-15 17:44:08,907 - Evaluate global model
2026-04-15 17:44:12,894 - Averaged Train Loss: 1.1219
2026-04-15 17:44:12,894 - Test Accurancy: 0.5792
2026-04-15 17:44:21,533 - Multi-krum select clients: [24, 28, 11, 8, 26, 6, 12, 13, 29, 4, 23, 33, 21, 22, 34, 14, 31, 32, 38, 35, 7, 36, 30, 18, 15, 9, 5, 39, 37, 16, 17, 10, 19, 20, 27]
2026-04-15 17:44:21,548 - Round number: 72 --------------------------
2026-04-15 17:44:21,549 - Evaluate global model
2026-04-15 17:44:25,825 - Averaged Train Loss: 1.1132
2026-04-15 17:44:25,825 - Test Accurancy: 0.5816
2026-04-15 17:44:33,379 - Multi-krum select clients: [24, 28, 11, 26, 8, 29, 12, 13, 33, 23, 6, 22, 4, 21, 34, 14, 35, 31, 39, 7, 32, 38, 9, 30, 36, 37, 15, 5, 19, 17, 18, 10, 27, 20, 16]
2026-04-15 17:44:33,390 - Round number: 73 --------------------------
2026-04-15 17:44:33,390 - Evaluate global model
2026-04-15 17:44:37,960 - Averaged Train Loss: 1.1103
2026-04-15 17:44:37,962 - Test Accurancy: 0.5812
2026-04-15 17:44:46,994 - Multi-krum select clients: [24, 28, 11, 26, 8, 4, 29, 12, 23, 13, 22, 33, 6, 21, 34, 38, 14, 35, 32, 31, 15, 39, 7, 36, 9, 5, 10, 30, 17, 19, 37, 18, 16, 20, 27]
2026-04-15 17:44:47,022 - Round number: 74 --------------------------
2026-04-15 17:44:47,022 - Evaluate global model
2026-04-15 17:44:52,404 - Averaged Train Loss: 1.1103
2026-04-15 17:44:52,405 - Test Accurancy: 0.5832
2026-04-15 17:45:00,892 - Multi-krum select clients: [24, 28, 11, 26, 12, 8, 4, 29, 23, 6, 21, 33, 13, 34, 14, 22, 35, 38, 31, 32, 7, 39, 15, 36, 30, 9, 18, 37, 5, 16, 17, 10, 19, 20, 27]
2026-04-15 17:45:00,913 - Round number: 75 --------------------------
2026-04-15 17:45:00,914 - Evaluate global model
2026-04-15 17:45:05,321 - Averaged Train Loss: 1.0992
2026-04-15 17:45:05,321 - Test Accurancy: 0.5858
2026-04-15 17:45:15,198 - Multi-krum select clients: [24, 28, 11, 26, 29, 8, 12, 4, 23, 13, 21, 6, 33, 22, 32, 34, 14, 7, 31, 38, 9, 35, 39, 36, 30, 15, 5, 18, 17, 37, 10, 16, 19, 20, 27]
2026-04-15 17:45:15,221 - Round number: 76 --------------------------
2026-04-15 17:45:15,222 - Evaluate global model
2026-04-15 17:45:19,378 - Averaged Train Loss: 1.1037
2026-04-15 17:45:19,379 - Test Accurancy: 0.5826
2026-04-15 17:45:31,291 - Multi-krum select clients: [24, 28, 11, 12, 8, 26, 29, 21, 13, 22, 23, 4, 33, 6, 34, 14, 7, 32, 38, 31, 9, 35, 39, 30, 15, 36, 18, 37, 10, 17, 19, 5, 16, 20, 27]
2026-04-15 17:45:31,305 - Round number: 77 --------------------------
2026-04-15 17:45:31,305 - Evaluate global model
2026-04-15 17:45:35,602 - Averaged Train Loss: 1.0967
2026-04-15 17:45:35,603 - Test Accurancy: 0.5863
2026-04-15 17:45:46,783 - Multi-krum select clients: [24, 28, 11, 26, 29, 12, 8, 13, 4, 21, 6, 23, 33, 22, 34, 14, 31, 32, 35, 38, 36, 7, 15, 39, 30, 9, 18, 5, 37, 16, 17, 19, 10, 27, 20]
2026-04-15 17:45:46,808 - Round number: 78 --------------------------
2026-04-15 17:45:46,808 - Evaluate global model
2026-04-15 17:45:52,497 - Averaged Train Loss: 1.0971
2026-04-15 17:45:52,501 - Test Accurancy: 0.5845
2026-04-15 17:46:04,373 - Multi-krum select clients: [24, 28, 11, 26, 29, 8, 12, 4, 6, 13, 21, 23, 22, 33, 34, 14, 35, 38, 7, 32, 36, 39, 31, 15, 9, 30, 5, 37, 17, 18, 10, 16, 19, 27, 20]
2026-04-15 17:46:04,403 - Round number: 79 --------------------------
2026-04-15 17:46:04,404 - Evaluate global model
2026-04-15 17:46:11,719 - Averaged Train Loss: 1.0850
2026-04-15 17:46:11,720 - Test Accurancy: 0.5906
2026-04-15 17:46:26,355 - Multi-krum select clients: [24, 28, 11, 26, 8, 12, 29, 4, 13, 23, 6, 33, 14, 21, 22, 34, 35, 32, 38, 31, 36, 9, 39, 30, 7, 15, 5, 17, 10, 18, 37, 16, 19, 20, 27]
2026-04-15 17:46:26,394 - Round number: 80 --------------------------
2026-04-15 17:46:26,394 - Evaluate global model
2026-04-15 17:46:33,766 - Averaged Train Loss: 1.0897
2026-04-15 17:46:33,767 - Test Accurancy: 0.5877
2026-04-15 17:46:44,691 - Multi-krum select clients: [24, 28, 11, 26, 8, 29, 12, 23, 4, 13, 21, 33, 22, 6, 34, 14, 7, 32, 38, 31, 35, 39, 30, 36, 9, 15, 18, 37, 5, 17, 19, 10, 20, 16, 27]
2026-04-15 17:46:44,724 - Round number: 81 --------------------------
2026-04-15 17:46:44,724 - Evaluate global model
2026-04-15 17:46:51,757 - Averaged Train Loss: 1.0812
2026-04-15 17:46:51,759 - Test Accurancy: 0.5901
2026-04-15 17:47:03,839 - Multi-krum select clients: [24, 28, 11, 26, 8, 29, 6, 4, 22, 13, 21, 33, 23, 12, 34, 32, 14, 38, 35, 31, 7, 39, 9, 30, 15, 5, 36, 16, 37, 17, 10, 18, 19, 20, 27]
2026-04-15 17:47:03,889 - Round number: 82 --------------------------
2026-04-15 17:47:03,890 - Evaluate global model
2026-04-15 17:47:12,582 - Averaged Train Loss: 1.0776
2026-04-15 17:47:12,583 - Test Accurancy: 0.5909
2026-04-15 17:47:25,645 - Multi-krum select clients: [24, 28, 11, 26, 12, 8, 29, 33, 23, 4, 6, 13, 21, 34, 22, 14, 35, 32, 38, 7, 9, 31, 15, 30, 36, 37, 39, 10, 5, 18, 17, 19, 16, 27, 20]
2026-04-15 17:47:25,680 - Round number: 83 --------------------------
2026-04-15 17:47:25,680 - Evaluate global model
2026-04-15 17:47:32,283 - Averaged Train Loss: 1.0770
2026-04-15 17:47:32,284 - Test Accurancy: 0.5898
2026-04-15 17:47:43,637 - Multi-krum select clients: [24, 28, 11, 26, 29, 8, 6, 12, 13, 4, 23, 21, 14, 33, 22, 34, 38, 7, 31, 15, 32, 36, 30, 39, 35, 9, 5, 37, 16, 17, 18, 10, 20, 19, 27]
2026-04-15 17:47:43,653 - Round number: 84 --------------------------
2026-04-15 17:47:43,653 - Evaluate global model
2026-04-15 17:47:51,688 - Averaged Train Loss: 1.0698
2026-04-15 17:47:51,691 - Test Accurancy: 0.5928
2026-04-15 17:48:03,129 - Multi-krum select clients: [24, 28, 11, 26, 8, 12, 29, 4, 21, 6, 13, 33, 23, 14, 34, 38, 32, 22, 31, 7, 35, 15, 9, 39, 36, 30, 5, 10, 18, 37, 17, 16, 19, 20, 27]
2026-04-15 17:48:03,146 - Round number: 85 --------------------------
2026-04-15 17:48:03,146 - Evaluate global model
2026-04-15 17:48:06,886 - Averaged Train Loss: 1.0717
2026-04-15 17:48:06,887 - Test Accurancy: 0.5907
2026-04-15 17:48:15,763 - Multi-krum select clients: [24, 28, 11, 26, 8, 12, 4, 29, 13, 33, 21, 22, 23, 6, 34, 14, 38, 32, 7, 35, 31, 39, 36, 30, 15, 18, 9, 16, 5, 37, 17, 10, 19, 20, 27]
2026-04-15 17:48:15,789 - Round number: 86 --------------------------
2026-04-15 17:48:15,790 - Evaluate global model
2026-04-15 17:48:21,366 - Averaged Train Loss: 1.0665
2026-04-15 17:48:21,367 - Test Accurancy: 0.5934
2026-04-15 17:48:30,976 - Multi-krum select clients: [24, 28, 11, 26, 8, 12, 29, 6, 23, 13, 4, 33, 21, 34, 22, 14, 38, 31, 7, 35, 39, 32, 15, 30, 9, 36, 18, 5, 37, 10, 17, 16, 19, 20, 27]
2026-04-15 17:48:31,000 - Round number: 87 --------------------------
2026-04-15 17:48:31,000 - Evaluate global model
2026-04-15 17:48:35,643 - Averaged Train Loss: 1.0663
2026-04-15 17:48:35,644 - Test Accurancy: 0.5934
2026-04-15 17:48:44,901 - Multi-krum select clients: [24, 28, 11, 12, 8, 26, 13, 33, 29, 4, 23, 22, 21, 14, 6, 34, 38, 35, 32, 7, 31, 36, 39, 30, 5, 15, 9, 17, 10, 16, 18, 37, 19, 20, 27]
2026-04-15 17:48:44,937 - Round number: 88 --------------------------
2026-04-15 17:48:44,937 - Evaluate global model
2026-04-15 17:48:50,584 - Averaged Train Loss: 1.0674
2026-04-15 17:48:50,586 - Test Accurancy: 0.5906
2026-04-15 17:48:59,284 - Multi-krum select clients: [24, 28, 11, 8, 26, 12, 29, 4, 6, 33, 23, 13, 21, 22, 34, 31, 14, 15, 32, 7, 38, 35, 36, 9, 30, 39, 5, 37, 10, 18, 17, 19, 16, 20, 27]
2026-04-15 17:48:59,296 - Round number: 89 --------------------------
2026-04-15 17:48:59,296 - Evaluate global model
2026-04-15 17:49:04,347 - Averaged Train Loss: 1.0578
2026-04-15 17:49:04,347 - Test Accurancy: 0.5955
2026-04-15 17:49:12,230 - Multi-krum select clients: [24, 28, 11, 8, 26, 12, 29, 4, 21, 6, 13, 23, 22, 33, 34, 7, 14, 38, 31, 32, 39, 9, 36, 15, 30, 35, 37, 5, 18, 10, 17, 16, 19, 27, 20]
2026-04-15 17:49:12,243 - Round number: 90 --------------------------
2026-04-15 17:49:12,243 - Evaluate global model
2026-04-15 17:49:17,970 - Averaged Train Loss: 1.0569
2026-04-15 17:49:17,971 - Test Accurancy: 0.5939
2026-04-15 17:49:26,735 - Multi-krum select clients: [24, 28, 11, 26, 12, 8, 13, 4, 21, 29, 23, 33, 6, 34, 22, 32, 7, 14, 38, 31, 35, 15, 39, 9, 30, 36, 37, 5, 18, 10, 16, 17, 19, 20, 27]
2026-04-15 17:49:26,751 - Round number: 91 --------------------------
2026-04-15 17:49:26,752 - Evaluate global model
2026-04-15 17:49:32,176 - Averaged Train Loss: 1.0507
2026-04-15 17:49:32,176 - Test Accurancy: 0.5966
2026-04-15 17:49:42,300 - Multi-krum select clients: [24, 28, 11, 26, 8, 4, 12, 29, 13, 23, 6, 22, 21, 33, 14, 34, 7, 32, 38, 15, 31, 36, 35, 30, 39, 5, 9, 17, 18, 37, 10, 16, 19, 27, 20]
2026-04-15 17:49:42,315 - Round number: 92 --------------------------
2026-04-15 17:49:42,315 - Evaluate global model
2026-04-15 17:49:46,306 - Averaged Train Loss: 1.0463
2026-04-15 17:49:46,307 - Test Accurancy: 0.6003
2026-04-15 17:49:55,512 - Multi-krum select clients: [24, 28, 11, 26, 8, 12, 29, 23, 22, 6, 33, 4, 21, 13, 34, 14, 38, 35, 7, 32, 30, 31, 36, 9, 15, 5, 39, 18, 10, 17, 16, 37, 20, 19, 27]
2026-04-15 17:49:55,529 - Round number: 93 --------------------------
2026-04-15 17:49:55,530 - Evaluate global model
2026-04-15 17:49:59,867 - Averaged Train Loss: 1.0440
2026-04-15 17:49:59,867 - Test Accurancy: 0.5989
2026-04-15 17:50:09,676 - Multi-krum select clients: [24, 28, 11, 26, 8, 12, 13, 29, 23, 22, 6, 4, 33, 21, 14, 34, 32, 38, 39, 36, 9, 30, 7, 15, 35, 31, 18, 37, 5, 17, 10, 16, 19, 20, 27]
2026-04-15 17:50:09,702 - Round number: 94 --------------------------
2026-04-15 17:50:09,703 - Evaluate global model
2026-04-15 17:50:13,446 - Averaged Train Loss: 1.0441
2026-04-15 17:50:13,447 - Test Accurancy: 0.5977
2026-04-15 17:50:24,250 - Multi-krum select clients: [24, 28, 11, 26, 8, 12, 29, 23, 13, 4, 6, 33, 22, 21, 34, 14, 31, 35, 15, 32, 39, 7, 38, 36, 30, 16, 17, 5, 9, 10, 18, 37, 19, 20, 27]
2026-04-15 17:50:24,266 - Round number: 95 --------------------------
2026-04-15 17:50:24,267 - Evaluate global model
2026-04-15 17:50:28,638 - Averaged Train Loss: 1.0386
2026-04-15 17:50:28,643 - Test Accurancy: 0.5987
2026-04-15 17:50:39,201 - Multi-krum select clients: [24, 28, 11, 26, 8, 12, 23, 29, 13, 4, 33, 21, 6, 22, 38, 34, 7, 32, 14, 31, 30, 9, 39, 36, 35, 15, 5, 16, 37, 18, 17, 10, 19, 20, 27]
2026-04-15 17:50:39,230 - Round number: 96 --------------------------
2026-04-15 17:50:39,231 - Evaluate global model
2026-04-15 17:50:43,104 - Averaged Train Loss: 1.0354
2026-04-15 17:50:43,104 - Test Accurancy: 0.6017
2026-04-15 17:50:47,913 - Multi-krum select clients: [24, 28, 11, 26, 8, 4, 29, 12, 23, 13, 21, 33, 6, 34, 22, 39, 14, 38, 32, 15, 31, 35, 36, 7, 30, 5, 9, 18, 37, 17, 10, 16, 19, 20, 27]
2026-04-15 17:50:47,923 - Round number: 97 --------------------------
2026-04-15 17:50:47,923 - Evaluate global model
2026-04-15 17:50:49,747 - Averaged Train Loss: 1.0363
2026-04-15 17:50:49,747 - Test Accurancy: 0.6005
2026-04-15 17:50:53,774 - Multi-krum select clients: [24, 28, 11, 26, 8, 12, 29, 21, 22, 13, 23, 33, 4, 34, 6, 14, 15, 31, 32, 7, 39, 35, 9, 36, 38, 30, 5, 37, 10, 18, 17, 16, 19, 20, 27]
2026-04-15 17:50:53,787 - Round number: 98 --------------------------
2026-04-15 17:50:53,787 - Evaluate global model
2026-04-15 17:50:56,161 - Averaged Train Loss: 1.0356
2026-04-15 17:50:56,163 - Test Accurancy: 0.5998
2026-04-15 17:51:01,232 - Multi-krum select clients: [24, 28, 11, 26, 8, 29, 12, 13, 4, 33, 23, 21, 22, 6, 34, 14, 38, 39, 15, 7, 31, 35, 36, 30, 32, 37, 5, 9, 18, 10, 17, 16, 19, 20, 27]
2026-04-15 17:51:01,245 - Round number: 99 --------------------------
2026-04-15 17:51:01,245 - Evaluate global model
2026-04-15 17:51:03,451 - Averaged Train Loss: 1.0334
2026-04-15 17:51:03,451 - Test Accurancy: 0.6019
2026-04-15 17:51:07,740 - Multi-krum select clients: [24, 28, 11, 8, 29, 26, 12, 4, 23, 6, 34, 13, 33, 21, 38, 22, 7, 14, 35, 15, 32, 39, 36, 31, 18, 9, 30, 37, 5, 16, 17, 10, 19, 27, 20]
2026-04-15 17:51:07,753 - Round number: 100 --------------------------
2026-04-15 17:51:07,753 - Evaluate global model
2026-04-15 17:51:10,130 - Averaged Train Loss: 1.0309
2026-04-15 17:51:10,131 - Test Accurancy: 0.6016
2026-04-15 17:51:14,363 - Multi-krum select clients: [24, 28, 11, 26, 8, 29, 12, 4, 13, 6, 23, 33, 22, 21, 34, 14, 38, 39, 7, 30, 35, 36, 15, 5, 31, 32, 9, 18, 17, 10, 37, 16, 19, 20, 27]
2026-04-15 17:51:14,364 - Run over
2026-04-15 17:51:14,364 - Saving results to ./exp/exp5/Cifar10/multi-krum_sign_flip.h5
2026-04-15 17:51:14,373 - Best accuracy: 0.6019314019314019
2026-04-15 17:51:14,373 - Average time cost per round: 15.010537357330323
