2026-04-15 18:16:54,023 - *****************EXP-5*****************
2026-04-15 18:16:54,024 - Exp repeats: 1
2026-04-15 18:16:54,024 - Communication Rounds: 100
2026-04-15 18:16:54,024 - Clients: 40

2026-04-15 18:16:54,024 - Attack method: MPAF
2026-04-15 18:16:54,024 - Filtering rule: trmean
2026-04-15 18:16:54,024 - Dataset: Cifar10
2026-04-15 18:16:54,024 - Model: cnn2
2026-04-15 18:16:54,024 - Learning Rate: 0.04
2026-04-15 18:16:54,024 - Batch Size: 64
2026-04-15 18:16:54,024 - Device: cuda
2026-04-15 18:16:54,024 - Device id: 0
2026-04-15 18:16:54,024 - Adversaries: 4
2026-04-15 18:16:54,024 - *****************EXP-5*****************
2026-04-15 18:16:54,497 - Running time: 0th ==========================
2026-04-15 18:16:54,506 - Initialized MPAF model
2026-04-15 18:16:59,771 - Round number: 0 --------------------------
2026-04-15 18:16:59,772 - Evaluate global model
2026-04-15 18:17:03,135 - Averaged Train Loss: 2.3021
2026-04-15 18:17:03,135 - Test Accurancy: 0.1016
2026-04-15 18:17:13,032 - [trmean] attacker trim ratios: ['0.994', '0.994', '0.994', '0.995']
2026-04-15 18:17:13,033 - [trmean] attacker avg trim: 0.9942, benign avg trim: 0.3340
2026-04-15 18:17:13,066 - Round number: 1 --------------------------
2026-04-15 18:17:13,066 - Evaluate global model
2026-04-15 18:17:15,484 - Averaged Train Loss: 2.2824
2026-04-15 18:17:15,484 - Test Accurancy: 0.1385
2026-04-15 18:17:24,495 - [trmean] attacker trim ratios: ['0.993', '0.993', '0.993', '0.993']
2026-04-15 18:17:24,496 - [trmean] attacker avg trim: 0.9929, benign avg trim: 0.3341
2026-04-15 18:17:24,510 - Round number: 2 --------------------------
2026-04-15 18:17:24,510 - Evaluate global model
2026-04-15 18:17:27,821 - Averaged Train Loss: 2.2223
2026-04-15 18:17:27,822 - Test Accurancy: 0.1794
2026-04-15 18:17:35,987 - [trmean] attacker trim ratios: ['0.992', '0.992', '0.992', '0.992']
2026-04-15 18:17:35,988 - [trmean] attacker avg trim: 0.9922, benign avg trim: 0.3342
2026-04-15 18:17:36,000 - Round number: 3 --------------------------
2026-04-15 18:17:36,000 - Evaluate global model
2026-04-15 18:17:39,490 - Averaged Train Loss: 2.1255
2026-04-15 18:17:39,490 - Test Accurancy: 0.2186
2026-04-15 18:17:48,431 - [trmean] attacker trim ratios: ['0.992', '0.992', '0.992', '0.992']
2026-04-15 18:17:48,432 - [trmean] attacker avg trim: 0.9918, benign avg trim: 0.3342
2026-04-15 18:17:48,443 - Round number: 4 --------------------------
2026-04-15 18:17:48,443 - Evaluate global model
2026-04-15 18:17:51,323 - Averaged Train Loss: 2.0380
2026-04-15 18:17:51,323 - Test Accurancy: 0.2494
2026-04-15 18:18:00,550 - [trmean] attacker trim ratios: ['0.991', '0.991', '0.992', '0.992']
2026-04-15 18:18:00,550 - [trmean] attacker avg trim: 0.9914, benign avg trim: 0.3343
2026-04-15 18:18:00,562 - Round number: 5 --------------------------
2026-04-15 18:18:00,562 - Evaluate global model
2026-04-15 18:18:03,058 - Averaged Train Loss: 1.9814
2026-04-15 18:18:03,058 - Test Accurancy: 0.2811
2026-04-15 18:18:12,265 - [trmean] attacker trim ratios: ['0.991', '0.991', '0.991', '0.991']
2026-04-15 18:18:12,265 - [trmean] attacker avg trim: 0.9910, benign avg trim: 0.3343
2026-04-15 18:18:12,275 - Round number: 6 --------------------------
2026-04-15 18:18:12,276 - Evaluate global model
2026-04-15 18:18:15,217 - Averaged Train Loss: 1.9379
2026-04-15 18:18:15,218 - Test Accurancy: 0.2991
2026-04-15 18:18:23,927 - [trmean] attacker trim ratios: ['0.990', '0.991', '0.991', '0.991']
2026-04-15 18:18:23,930 - [trmean] attacker avg trim: 0.9906, benign avg trim: 0.3344
2026-04-15 18:18:23,952 - Round number: 7 --------------------------
2026-04-15 18:18:23,952 - Evaluate global model
2026-04-15 18:18:27,904 - Averaged Train Loss: 1.8938
2026-04-15 18:18:27,905 - Test Accurancy: 0.3209
2026-04-15 18:18:36,381 - [trmean] attacker trim ratios: ['0.990', '0.990', '0.990', '0.990']
2026-04-15 18:18:36,381 - [trmean] attacker avg trim: 0.9901, benign avg trim: 0.3344
2026-04-15 18:18:36,392 - Round number: 8 --------------------------
2026-04-15 18:18:36,392 - Evaluate global model
2026-04-15 18:18:40,397 - Averaged Train Loss: 1.8521
2026-04-15 18:18:40,397 - Test Accurancy: 0.3418
2026-04-15 18:18:47,721 - [trmean] attacker trim ratios: ['0.989', '0.990', '0.990', '0.990']
2026-04-15 18:18:47,722 - [trmean] attacker avg trim: 0.9896, benign avg trim: 0.3345
2026-04-15 18:18:47,734 - Round number: 9 --------------------------
2026-04-15 18:18:47,734 - Evaluate global model
2026-04-15 18:18:51,652 - Averaged Train Loss: 1.8282
2026-04-15 18:18:51,652 - Test Accurancy: 0.3445
2026-04-15 18:18:59,155 - [trmean] attacker trim ratios: ['0.989', '0.989', '0.989', '0.989']
2026-04-15 18:18:59,156 - [trmean] attacker avg trim: 0.9892, benign avg trim: 0.3345
2026-04-15 18:18:59,166 - Round number: 10 --------------------------
2026-04-15 18:18:59,166 - Evaluate global model
2026-04-15 18:19:02,389 - Averaged Train Loss: 1.7987
2026-04-15 18:19:02,390 - Test Accurancy: 0.3561
2026-04-15 18:19:11,025 - [trmean] attacker trim ratios: ['0.988', '0.989', '0.989', '0.989']
2026-04-15 18:19:11,025 - [trmean] attacker avg trim: 0.9888, benign avg trim: 0.3346
2026-04-15 18:19:11,035 - Round number: 11 --------------------------
2026-04-15 18:19:11,036 - Evaluate global model
2026-04-15 18:19:14,266 - Averaged Train Loss: 1.7785
2026-04-15 18:19:14,266 - Test Accurancy: 0.3571
2026-04-15 18:19:22,598 - [trmean] attacker trim ratios: ['0.988', '0.988', '0.988', '0.988']
2026-04-15 18:19:22,599 - [trmean] attacker avg trim: 0.9883, benign avg trim: 0.3346
2026-04-15 18:19:22,615 - Round number: 12 --------------------------
2026-04-15 18:19:22,615 - Evaluate global model
2026-04-15 18:19:26,345 - Averaged Train Loss: 1.7467
2026-04-15 18:19:26,345 - Test Accurancy: 0.3662
2026-04-15 18:19:34,866 - [trmean] attacker trim ratios: ['0.988', '0.988', '0.988', '0.988']
2026-04-15 18:19:34,867 - [trmean] attacker avg trim: 0.9878, benign avg trim: 0.3347
2026-04-15 18:19:34,877 - Round number: 13 --------------------------
2026-04-15 18:19:34,877 - Evaluate global model
2026-04-15 18:19:38,086 - Averaged Train Loss: 1.7184
2026-04-15 18:19:38,086 - Test Accurancy: 0.3766
2026-04-15 18:19:47,487 - [trmean] attacker trim ratios: ['0.987', '0.987', '0.988', '0.988']
2026-04-15 18:19:47,489 - [trmean] attacker avg trim: 0.9874, benign avg trim: 0.3347
2026-04-15 18:19:47,507 - Round number: 14 --------------------------
2026-04-15 18:19:47,507 - Evaluate global model
2026-04-15 18:19:51,420 - Averaged Train Loss: 1.6975
2026-04-15 18:19:51,421 - Test Accurancy: 0.3817
2026-04-15 18:20:00,007 - [trmean] attacker trim ratios: ['0.987', '0.987', '0.987', '0.987']
2026-04-15 18:20:00,009 - [trmean] attacker avg trim: 0.9869, benign avg trim: 0.3348
2026-04-15 18:20:00,043 - Round number: 15 --------------------------
2026-04-15 18:20:00,046 - Evaluate global model
2026-04-15 18:20:04,813 - Averaged Train Loss: 1.6783
2026-04-15 18:20:04,813 - Test Accurancy: 0.3903
2026-04-15 18:20:14,090 - [trmean] attacker trim ratios: ['0.986', '0.986', '0.986', '0.987']
2026-04-15 18:20:14,091 - [trmean] attacker avg trim: 0.9864, benign avg trim: 0.3348
2026-04-15 18:20:14,102 - Round number: 16 --------------------------
2026-04-15 18:20:14,102 - Evaluate global model
2026-04-15 18:20:16,907 - Averaged Train Loss: 1.6602
2026-04-15 18:20:16,908 - Test Accurancy: 0.3939
2026-04-15 18:20:26,705 - [trmean] attacker trim ratios: ['0.986', '0.986', '0.986', '0.986']
2026-04-15 18:20:26,706 - [trmean] attacker avg trim: 0.9859, benign avg trim: 0.3349
2026-04-15 18:20:26,726 - Round number: 17 --------------------------
2026-04-15 18:20:26,726 - Evaluate global model
2026-04-15 18:20:29,364 - Averaged Train Loss: 1.6441
2026-04-15 18:20:29,365 - Test Accurancy: 0.3987
2026-04-15 18:20:39,014 - [trmean] attacker trim ratios: ['0.985', '0.985', '0.985', '0.985']
2026-04-15 18:20:39,015 - [trmean] attacker avg trim: 0.9853, benign avg trim: 0.3350
2026-04-15 18:20:39,030 - Round number: 18 --------------------------
2026-04-15 18:20:39,030 - Evaluate global model
2026-04-15 18:20:42,751 - Averaged Train Loss: 1.6270
2026-04-15 18:20:42,751 - Test Accurancy: 0.4030
2026-04-15 18:20:52,870 - [trmean] attacker trim ratios: ['0.985', '0.985', '0.985', '0.985']
2026-04-15 18:20:52,875 - [trmean] attacker avg trim: 0.9848, benign avg trim: 0.3350
2026-04-15 18:20:52,899 - Round number: 19 --------------------------
2026-04-15 18:20:52,899 - Evaluate global model
2026-04-15 18:20:57,537 - Averaged Train Loss: 1.6122
2026-04-15 18:20:57,539 - Test Accurancy: 0.4121
2026-04-15 18:21:07,082 - [trmean] attacker trim ratios: ['0.984', '0.984', '0.984', '0.984']
2026-04-15 18:21:07,086 - [trmean] attacker avg trim: 0.9843, benign avg trim: 0.3351
2026-04-15 18:21:07,109 - Round number: 20 --------------------------
2026-04-15 18:21:07,109 - Evaluate global model
2026-04-15 18:21:10,714 - Averaged Train Loss: 1.5958
2026-04-15 18:21:10,715 - Test Accurancy: 0.4170
2026-04-15 18:21:18,252 - [trmean] attacker trim ratios: ['0.983', '0.984', '0.984', '0.984']
2026-04-15 18:21:18,253 - [trmean] attacker avg trim: 0.9836, benign avg trim: 0.3352
2026-04-15 18:21:18,267 - Round number: 21 --------------------------
2026-04-15 18:21:18,267 - Evaluate global model
2026-04-15 18:21:21,607 - Averaged Train Loss: 1.5865
2026-04-15 18:21:21,607 - Test Accurancy: 0.4194
2026-04-15 18:21:29,659 - [trmean] attacker trim ratios: ['0.983', '0.983', '0.983', '0.983']
2026-04-15 18:21:29,660 - [trmean] attacker avg trim: 0.9832, benign avg trim: 0.3352
2026-04-15 18:21:29,674 - Round number: 22 --------------------------
2026-04-15 18:21:29,674 - Evaluate global model
2026-04-15 18:21:32,731 - Averaged Train Loss: 1.5758
2026-04-15 18:21:32,731 - Test Accurancy: 0.4243
2026-04-15 18:21:41,149 - [trmean] attacker trim ratios: ['0.982', '0.983', '0.983', '0.983']
2026-04-15 18:21:41,149 - [trmean] attacker avg trim: 0.9827, benign avg trim: 0.3353
2026-04-15 18:21:41,161 - Round number: 23 --------------------------
2026-04-15 18:21:41,161 - Evaluate global model
2026-04-15 18:21:44,447 - Averaged Train Loss: 1.5644
2026-04-15 18:21:44,448 - Test Accurancy: 0.4250
2026-04-15 18:21:51,975 - [trmean] attacker trim ratios: ['0.982', '0.982', '0.982', '0.982']
2026-04-15 18:21:51,975 - [trmean] attacker avg trim: 0.9822, benign avg trim: 0.3353
2026-04-15 18:21:51,988 - Round number: 24 --------------------------
2026-04-15 18:21:51,988 - Evaluate global model
2026-04-15 18:21:56,084 - Averaged Train Loss: 1.5439
2026-04-15 18:21:56,084 - Test Accurancy: 0.4334
2026-04-15 18:22:03,198 - [trmean] attacker trim ratios: ['0.981', '0.982', '0.982', '0.982']
2026-04-15 18:22:03,199 - [trmean] attacker avg trim: 0.9817, benign avg trim: 0.3354
2026-04-15 18:22:03,211 - Round number: 25 --------------------------
2026-04-15 18:22:03,212 - Evaluate global model
2026-04-15 18:22:07,250 - Averaged Train Loss: 1.5362
2026-04-15 18:22:07,251 - Test Accurancy: 0.4358
2026-04-15 18:22:15,235 - [trmean] attacker trim ratios: ['0.981', '0.981', '0.981', '0.981']
2026-04-15 18:22:15,236 - [trmean] attacker avg trim: 0.9812, benign avg trim: 0.3354
2026-04-15 18:22:15,247 - Round number: 26 --------------------------
2026-04-15 18:22:15,247 - Evaluate global model
2026-04-15 18:22:18,236 - Averaged Train Loss: 1.5318
2026-04-15 18:22:18,238 - Test Accurancy: 0.4338
2026-04-15 18:22:27,242 - [trmean] attacker trim ratios: ['0.980', '0.981', '0.981', '0.981']
2026-04-15 18:22:27,242 - [trmean] attacker avg trim: 0.9807, benign avg trim: 0.3355
2026-04-15 18:22:27,260 - Round number: 27 --------------------------
2026-04-15 18:22:27,260 - Evaluate global model
2026-04-15 18:22:29,990 - Averaged Train Loss: 1.5153
2026-04-15 18:22:29,990 - Test Accurancy: 0.4423
2026-04-15 18:22:38,940 - [trmean] attacker trim ratios: ['0.980', '0.980', '0.980', '0.980']
2026-04-15 18:22:38,941 - [trmean] attacker avg trim: 0.9803, benign avg trim: 0.3355
2026-04-15 18:22:38,952 - Round number: 28 --------------------------
2026-04-15 18:22:38,952 - Evaluate global model
2026-04-15 18:22:41,628 - Averaged Train Loss: 1.5062
2026-04-15 18:22:41,631 - Test Accurancy: 0.4476
2026-04-15 18:22:51,241 - [trmean] attacker trim ratios: ['0.979', '0.980', '0.980', '0.980']
2026-04-15 18:22:51,243 - [trmean] attacker avg trim: 0.9797, benign avg trim: 0.3356
2026-04-15 18:22:51,259 - Round number: 29 --------------------------
2026-04-15 18:22:51,259 - Evaluate global model
2026-04-15 18:22:54,971 - Averaged Train Loss: 1.4976
2026-04-15 18:22:54,971 - Test Accurancy: 0.4496
2026-04-15 18:23:03,193 - [trmean] attacker trim ratios: ['0.979', '0.979', '0.979', '0.979']
2026-04-15 18:23:03,193 - [trmean] attacker avg trim: 0.9791, benign avg trim: 0.3357
2026-04-15 18:23:03,205 - Round number: 30 --------------------------
2026-04-15 18:23:03,205 - Evaluate global model
2026-04-15 18:23:06,114 - Averaged Train Loss: 1.4891
2026-04-15 18:23:06,115 - Test Accurancy: 0.4563
2026-04-15 18:23:15,565 - [trmean] attacker trim ratios: ['0.978', '0.978', '0.979', '0.979']
2026-04-15 18:23:15,565 - [trmean] attacker avg trim: 0.9785, benign avg trim: 0.3357
2026-04-15 18:23:15,579 - Round number: 31 --------------------------
2026-04-15 18:23:15,579 - Evaluate global model
2026-04-15 18:23:18,649 - Averaged Train Loss: 1.4775
2026-04-15 18:23:18,649 - Test Accurancy: 0.4593
2026-04-15 18:23:27,413 - [trmean] attacker trim ratios: ['0.978', '0.978', '0.978', '0.979']
2026-04-15 18:23:27,414 - [trmean] attacker avg trim: 0.9783, benign avg trim: 0.3357
2026-04-15 18:23:27,424 - Round number: 32 --------------------------
2026-04-15 18:23:27,425 - Evaluate global model
2026-04-15 18:23:30,130 - Averaged Train Loss: 1.4745
2026-04-15 18:23:30,130 - Test Accurancy: 0.4593
2026-04-15 18:23:39,236 - [trmean] attacker trim ratios: ['0.978', '0.978', '0.978', '0.978']
2026-04-15 18:23:39,236 - [trmean] attacker avg trim: 0.9776, benign avg trim: 0.3358
2026-04-15 18:23:39,256 - Round number: 33 --------------------------
2026-04-15 18:23:39,257 - Evaluate global model
2026-04-15 18:23:42,871 - Averaged Train Loss: 1.4614
2026-04-15 18:23:42,872 - Test Accurancy: 0.4672
2026-04-15 18:23:51,465 - [trmean] attacker trim ratios: ['0.977', '0.977', '0.977', '0.977']
2026-04-15 18:23:51,466 - [trmean] attacker avg trim: 0.9771, benign avg trim: 0.3359
2026-04-15 18:23:51,478 - Round number: 34 --------------------------
2026-04-15 18:23:51,478 - Evaluate global model
2026-04-15 18:23:55,138 - Averaged Train Loss: 1.4603
2026-04-15 18:23:55,138 - Test Accurancy: 0.4668
2026-04-15 18:24:02,815 - [trmean] attacker trim ratios: ['0.976', '0.976', '0.977', '0.977']
2026-04-15 18:24:02,817 - [trmean] attacker avg trim: 0.9766, benign avg trim: 0.3359
2026-04-15 18:24:02,839 - Round number: 35 --------------------------
2026-04-15 18:24:02,839 - Evaluate global model
2026-04-15 18:24:07,704 - Averaged Train Loss: 1.4514
2026-04-15 18:24:07,704 - Test Accurancy: 0.4675
2026-04-15 18:24:15,502 - [trmean] attacker trim ratios: ['0.976', '0.976', '0.976', '0.976']
2026-04-15 18:24:15,505 - [trmean] attacker avg trim: 0.9762, benign avg trim: 0.3360
2026-04-15 18:24:15,519 - Round number: 36 --------------------------
2026-04-15 18:24:15,519 - Evaluate global model
2026-04-15 18:24:19,629 - Averaged Train Loss: 1.4474
2026-04-15 18:24:19,629 - Test Accurancy: 0.4689
2026-04-15 18:24:27,713 - [trmean] attacker trim ratios: ['0.975', '0.976', '0.976', '0.976']
2026-04-15 18:24:27,714 - [trmean] attacker avg trim: 0.9757, benign avg trim: 0.3360
2026-04-15 18:24:27,724 - Round number: 37 --------------------------
2026-04-15 18:24:27,724 - Evaluate global model
2026-04-15 18:24:30,681 - Averaged Train Loss: 1.4395
2026-04-15 18:24:30,681 - Test Accurancy: 0.4699
2026-04-15 18:24:40,035 - [trmean] attacker trim ratios: ['0.975', '0.975', '0.975', '0.975']
2026-04-15 18:24:40,038 - [trmean] attacker avg trim: 0.9752, benign avg trim: 0.3361
2026-04-15 18:24:40,054 - Round number: 38 --------------------------
2026-04-15 18:24:40,054 - Evaluate global model
2026-04-15 18:24:42,854 - Averaged Train Loss: 1.4311
2026-04-15 18:24:42,854 - Test Accurancy: 0.4754
2026-04-15 18:24:51,553 - [trmean] attacker trim ratios: ['0.975', '0.975', '0.975', '0.975']
2026-04-15 18:24:51,553 - [trmean] attacker avg trim: 0.9747, benign avg trim: 0.3361
2026-04-15 18:24:51,564 - Round number: 39 --------------------------
2026-04-15 18:24:51,565 - Evaluate global model
2026-04-15 18:24:54,895 - Averaged Train Loss: 1.4255
2026-04-15 18:24:54,896 - Test Accurancy: 0.4758
2026-04-15 18:25:03,266 - [trmean] attacker trim ratios: ['0.974', '0.974', '0.974', '0.974']
2026-04-15 18:25:03,267 - [trmean] attacker avg trim: 0.9741, benign avg trim: 0.3362
2026-04-15 18:25:03,277 - Round number: 40 --------------------------
2026-04-15 18:25:03,277 - Evaluate global model
2026-04-15 18:25:07,086 - Averaged Train Loss: 1.4127
2026-04-15 18:25:07,086 - Test Accurancy: 0.4829
2026-04-15 18:25:14,852 - [trmean] attacker trim ratios: ['0.974', '0.974', '0.974', '0.974']
2026-04-15 18:25:14,853 - [trmean] attacker avg trim: 0.9738, benign avg trim: 0.3362
2026-04-15 18:25:14,865 - Round number: 41 --------------------------
2026-04-15 18:25:14,865 - Evaluate global model
2026-04-15 18:25:18,502 - Averaged Train Loss: 1.4115
2026-04-15 18:25:18,503 - Test Accurancy: 0.4834
2026-04-15 18:25:26,671 - [trmean] attacker trim ratios: ['0.973', '0.973', '0.973', '0.973']
2026-04-15 18:25:26,671 - [trmean] attacker avg trim: 0.9732, benign avg trim: 0.3363
2026-04-15 18:25:26,681 - Round number: 42 --------------------------
2026-04-15 18:25:26,681 - Evaluate global model
2026-04-15 18:25:30,282 - Averaged Train Loss: 1.4072
2026-04-15 18:25:30,283 - Test Accurancy: 0.4833
2026-04-15 18:25:39,093 - [trmean] attacker trim ratios: ['0.973', '0.973', '0.973', '0.973']
2026-04-15 18:25:39,094 - [trmean] attacker avg trim: 0.9727, benign avg trim: 0.3364
2026-04-15 18:25:39,104 - Round number: 43 --------------------------
2026-04-15 18:25:39,104 - Evaluate global model
2026-04-15 18:25:42,048 - Averaged Train Loss: 1.3950
2026-04-15 18:25:42,048 - Test Accurancy: 0.4877
2026-04-15 18:25:50,125 - [trmean] attacker trim ratios: ['0.972', '0.972', '0.972', '0.972']
2026-04-15 18:25:50,125 - [trmean] attacker avg trim: 0.9722, benign avg trim: 0.3364
2026-04-15 18:25:50,136 - Round number: 44 --------------------------
2026-04-15 18:25:50,136 - Evaluate global model
2026-04-15 18:25:53,989 - Averaged Train Loss: 1.3946
2026-04-15 18:25:53,989 - Test Accurancy: 0.4880
2026-04-15 18:26:01,154 - [trmean] attacker trim ratios: ['0.972', '0.972', '0.972', '0.972']
2026-04-15 18:26:01,155 - [trmean] attacker avg trim: 0.9718, benign avg trim: 0.3365
2026-04-15 18:26:01,174 - Round number: 45 --------------------------
2026-04-15 18:26:01,174 - Evaluate global model
2026-04-15 18:26:05,305 - Averaged Train Loss: 1.3869
2026-04-15 18:26:05,305 - Test Accurancy: 0.4913
2026-04-15 18:26:12,832 - [trmean] attacker trim ratios: ['0.971', '0.971', '0.971', '0.972']
2026-04-15 18:26:12,832 - [trmean] attacker avg trim: 0.9713, benign avg trim: 0.3365
2026-04-15 18:26:12,847 - Round number: 46 --------------------------
2026-04-15 18:26:12,847 - Evaluate global model
2026-04-15 18:26:17,114 - Averaged Train Loss: 1.3809
2026-04-15 18:26:17,115 - Test Accurancy: 0.4930
2026-04-15 18:26:24,840 - [trmean] attacker trim ratios: ['0.971', '0.971', '0.971', '0.971']
2026-04-15 18:26:24,841 - [trmean] attacker avg trim: 0.9710, benign avg trim: 0.3366
2026-04-15 18:26:24,854 - Round number: 47 --------------------------
2026-04-15 18:26:24,854 - Evaluate global model
2026-04-15 18:26:28,612 - Averaged Train Loss: 1.3769
2026-04-15 18:26:28,612 - Test Accurancy: 0.4924
2026-04-15 18:26:37,030 - [trmean] attacker trim ratios: ['0.970', '0.970', '0.970', '0.971']
2026-04-15 18:26:37,031 - [trmean] attacker avg trim: 0.9704, benign avg trim: 0.3366
2026-04-15 18:26:37,042 - Round number: 48 --------------------------
2026-04-15 18:26:37,042 - Evaluate global model
2026-04-15 18:26:40,545 - Averaged Train Loss: 1.3764
2026-04-15 18:26:40,546 - Test Accurancy: 0.4926
2026-04-15 18:26:48,786 - [trmean] attacker trim ratios: ['0.970', '0.970', '0.970', '0.970']
2026-04-15 18:26:48,787 - [trmean] attacker avg trim: 0.9700, benign avg trim: 0.3367
2026-04-15 18:26:48,801 - Round number: 49 --------------------------
2026-04-15 18:26:48,802 - Evaluate global model
2026-04-15 18:26:52,504 - Averaged Train Loss: 1.3757
2026-04-15 18:26:52,504 - Test Accurancy: 0.4940
2026-04-15 18:27:01,655 - [trmean] attacker trim ratios: ['0.969', '0.969', '0.969', '0.970']
2026-04-15 18:27:01,656 - [trmean] attacker avg trim: 0.9694, benign avg trim: 0.3367
2026-04-15 18:27:01,669 - Round number: 50 --------------------------
2026-04-15 18:27:01,669 - Evaluate global model
2026-04-15 18:27:05,551 - Averaged Train Loss: 1.3683
2026-04-15 18:27:05,551 - Test Accurancy: 0.4966
2026-04-15 18:27:13,253 - [trmean] attacker trim ratios: ['0.969', '0.969', '0.969', '0.969']
2026-04-15 18:27:13,253 - [trmean] attacker avg trim: 0.9690, benign avg trim: 0.3368
2026-04-15 18:27:13,268 - Round number: 51 --------------------------
2026-04-15 18:27:13,268 - Evaluate global model
2026-04-15 18:27:16,939 - Averaged Train Loss: 1.3604
2026-04-15 18:27:16,939 - Test Accurancy: 0.4998
2026-04-15 18:27:25,148 - [trmean] attacker trim ratios: ['0.968', '0.968', '0.968', '0.969']
2026-04-15 18:27:25,149 - [trmean] attacker avg trim: 0.9684, benign avg trim: 0.3368
2026-04-15 18:27:25,161 - Round number: 52 --------------------------
2026-04-15 18:27:25,161 - Evaluate global model
2026-04-15 18:27:27,947 - Averaged Train Loss: 1.3590
2026-04-15 18:27:27,947 - Test Accurancy: 0.4998
2026-04-15 18:27:37,047 - [trmean] attacker trim ratios: ['0.968', '0.968', '0.968', '0.968']
2026-04-15 18:27:37,047 - [trmean] attacker avg trim: 0.9679, benign avg trim: 0.3369
2026-04-15 18:27:37,059 - Round number: 53 --------------------------
2026-04-15 18:27:37,059 - Evaluate global model
2026-04-15 18:27:39,954 - Averaged Train Loss: 1.3524
2026-04-15 18:27:39,954 - Test Accurancy: 0.5027
2026-04-15 18:27:48,593 - [trmean] attacker trim ratios: ['0.967', '0.967', '0.967', '0.967']
2026-04-15 18:27:48,594 - [trmean] attacker avg trim: 0.9674, benign avg trim: 0.3370
2026-04-15 18:27:48,613 - Round number: 54 --------------------------
2026-04-15 18:27:48,613 - Evaluate global model
2026-04-15 18:27:51,741 - Averaged Train Loss: 1.3392
2026-04-15 18:27:51,742 - Test Accurancy: 0.5086
2026-04-15 18:27:59,973 - [trmean] attacker trim ratios: ['0.967', '0.967', '0.967', '0.967']
2026-04-15 18:27:59,974 - [trmean] attacker avg trim: 0.9669, benign avg trim: 0.3370
2026-04-15 18:27:59,986 - Round number: 55 --------------------------
2026-04-15 18:27:59,986 - Evaluate global model
2026-04-15 18:28:03,818 - Averaged Train Loss: 1.3410
2026-04-15 18:28:03,819 - Test Accurancy: 0.5056
2026-04-15 18:28:10,983 - [trmean] attacker trim ratios: ['0.967', '0.966', '0.966', '0.967']
2026-04-15 18:28:10,983 - [trmean] attacker avg trim: 0.9665, benign avg trim: 0.3371
2026-04-15 18:28:11,003 - Round number: 56 --------------------------
2026-04-15 18:28:11,003 - Evaluate global model
2026-04-15 18:28:15,320 - Averaged Train Loss: 1.3335
2026-04-15 18:28:15,320 - Test Accurancy: 0.5086
2026-04-15 18:28:22,478 - [trmean] attacker trim ratios: ['0.966', '0.966', '0.966', '0.966']
2026-04-15 18:28:22,479 - [trmean] attacker avg trim: 0.9661, benign avg trim: 0.3371
2026-04-15 18:28:22,489 - Round number: 57 --------------------------
2026-04-15 18:28:22,490 - Evaluate global model
2026-04-15 18:28:26,247 - Averaged Train Loss: 1.3347
2026-04-15 18:28:26,247 - Test Accurancy: 0.5068
2026-04-15 18:28:34,303 - [trmean] attacker trim ratios: ['0.966', '0.965', '0.965', '0.966']
2026-04-15 18:28:34,303 - [trmean] attacker avg trim: 0.9655, benign avg trim: 0.3372
2026-04-15 18:28:34,315 - Round number: 58 --------------------------
2026-04-15 18:28:34,315 - Evaluate global model
2026-04-15 18:28:37,403 - Averaged Train Loss: 1.3285
2026-04-15 18:28:37,403 - Test Accurancy: 0.5086
2026-04-15 18:28:46,003 - [trmean] attacker trim ratios: ['0.965', '0.965', '0.965', '0.965']
2026-04-15 18:28:46,004 - [trmean] attacker avg trim: 0.9652, benign avg trim: 0.3372
2026-04-15 18:28:46,016 - Round number: 59 --------------------------
2026-04-15 18:28:46,016 - Evaluate global model
2026-04-15 18:28:49,011 - Averaged Train Loss: 1.3241
2026-04-15 18:28:49,011 - Test Accurancy: 0.5110
2026-04-15 18:28:57,268 - [trmean] attacker trim ratios: ['0.965', '0.965', '0.965', '0.965']
2026-04-15 18:28:57,269 - [trmean] attacker avg trim: 0.9647, benign avg trim: 0.3373
2026-04-15 18:28:57,280 - Round number: 60 --------------------------
2026-04-15 18:28:57,280 - Evaluate global model
2026-04-15 18:29:01,502 - Averaged Train Loss: 1.3199
2026-04-15 18:29:01,503 - Test Accurancy: 0.5130
2026-04-15 18:29:10,162 - [trmean] attacker trim ratios: ['0.964', '0.964', '0.964', '0.964']
2026-04-15 18:29:10,162 - [trmean] attacker avg trim: 0.9642, benign avg trim: 0.3373
2026-04-15 18:29:10,174 - Round number: 61 --------------------------
2026-04-15 18:29:10,175 - Evaluate global model
2026-04-15 18:29:13,922 - Averaged Train Loss: 1.3086
2026-04-15 18:29:13,923 - Test Accurancy: 0.5173
2026-04-15 18:29:23,449 - [trmean] attacker trim ratios: ['0.964', '0.964', '0.964', '0.964']
2026-04-15 18:29:23,450 - [trmean] attacker avg trim: 0.9638, benign avg trim: 0.3374
2026-04-15 18:29:23,462 - Round number: 62 --------------------------
2026-04-15 18:29:23,463 - Evaluate global model
2026-04-15 18:29:26,343 - Averaged Train Loss: 1.3015
2026-04-15 18:29:26,344 - Test Accurancy: 0.5216
2026-04-15 18:29:36,462 - [trmean] attacker trim ratios: ['0.963', '0.963', '0.963', '0.963']
2026-04-15 18:29:36,464 - [trmean] attacker avg trim: 0.9632, benign avg trim: 0.3374
2026-04-15 18:29:36,490 - Round number: 63 --------------------------
2026-04-15 18:29:36,490 - Evaluate global model
2026-04-15 18:29:41,826 - Averaged Train Loss: 1.3082
2026-04-15 18:29:41,826 - Test Accurancy: 0.5173
2026-04-15 18:29:52,138 - [trmean] attacker trim ratios: ['0.963', '0.963', '0.963', '0.963']
2026-04-15 18:29:52,146 - [trmean] attacker avg trim: 0.9629, benign avg trim: 0.3375
2026-04-15 18:29:52,197 - Round number: 64 --------------------------
2026-04-15 18:29:52,198 - Evaluate global model
2026-04-15 18:30:00,336 - Averaged Train Loss: 1.3006
2026-04-15 18:30:00,336 - Test Accurancy: 0.5187
2026-04-15 18:30:09,074 - [trmean] attacker trim ratios: ['0.963', '0.962', '0.962', '0.963']
2026-04-15 18:30:09,075 - [trmean] attacker avg trim: 0.9624, benign avg trim: 0.3375
2026-04-15 18:30:09,088 - Round number: 65 --------------------------
2026-04-15 18:30:09,089 - Evaluate global model
2026-04-15 18:30:13,684 - Averaged Train Loss: 1.2952
2026-04-15 18:30:13,684 - Test Accurancy: 0.5196
2026-04-15 18:30:21,330 - [trmean] attacker trim ratios: ['0.962', '0.962', '0.962', '0.962']
2026-04-15 18:30:21,330 - [trmean] attacker avg trim: 0.9618, benign avg trim: 0.3376
2026-04-15 18:30:21,342 - Round number: 66 --------------------------
2026-04-15 18:30:21,342 - Evaluate global model
2026-04-15 18:30:25,322 - Averaged Train Loss: 1.2936
2026-04-15 18:30:25,323 - Test Accurancy: 0.5235
2026-04-15 18:30:33,402 - [trmean] attacker trim ratios: ['0.962', '0.961', '0.961', '0.962']
2026-04-15 18:30:33,402 - [trmean] attacker avg trim: 0.9615, benign avg trim: 0.3376
2026-04-15 18:30:33,413 - Round number: 67 --------------------------
2026-04-15 18:30:33,413 - Evaluate global model
2026-04-15 18:30:37,404 - Averaged Train Loss: 1.2903
2026-04-15 18:30:37,404 - Test Accurancy: 0.5241
2026-04-15 18:30:45,593 - [trmean] attacker trim ratios: ['0.961', '0.961', '0.961', '0.961']
2026-04-15 18:30:45,594 - [trmean] attacker avg trim: 0.9609, benign avg trim: 0.3377
2026-04-15 18:30:45,607 - Round number: 68 --------------------------
2026-04-15 18:30:45,607 - Evaluate global model
2026-04-15 18:30:49,167 - Averaged Train Loss: 1.2899
2026-04-15 18:30:49,167 - Test Accurancy: 0.5235
2026-04-15 18:30:57,399 - [trmean] attacker trim ratios: ['0.961', '0.960', '0.960', '0.961']
2026-04-15 18:30:57,399 - [trmean] attacker avg trim: 0.9604, benign avg trim: 0.3377
2026-04-15 18:30:57,410 - Round number: 69 --------------------------
2026-04-15 18:30:57,410 - Evaluate global model
2026-04-15 18:31:01,237 - Averaged Train Loss: 1.2868
2026-04-15 18:31:01,237 - Test Accurancy: 0.5249
2026-04-15 18:31:09,894 - [trmean] attacker trim ratios: ['0.960', '0.960', '0.960', '0.960']
2026-04-15 18:31:09,894 - [trmean] attacker avg trim: 0.9601, benign avg trim: 0.3378
2026-04-15 18:31:09,906 - Round number: 70 --------------------------
2026-04-15 18:31:09,906 - Evaluate global model
2026-04-15 18:31:13,447 - Averaged Train Loss: 1.2796
2026-04-15 18:31:13,448 - Test Accurancy: 0.5263
2026-04-15 18:31:21,228 - [trmean] attacker trim ratios: ['0.960', '0.960', '0.959', '0.960']
2026-04-15 18:31:21,228 - [trmean] attacker avg trim: 0.9597, benign avg trim: 0.3378
2026-04-15 18:31:21,242 - Round number: 71 --------------------------
2026-04-15 18:31:21,243 - Evaluate global model
2026-04-15 18:31:26,153 - Averaged Train Loss: 1.2782
2026-04-15 18:31:26,153 - Test Accurancy: 0.5273
2026-04-15 18:31:34,095 - [trmean] attacker trim ratios: ['0.959', '0.959', '0.959', '0.959']
2026-04-15 18:31:34,096 - [trmean] attacker avg trim: 0.9592, benign avg trim: 0.3379
2026-04-15 18:31:34,111 - Round number: 72 --------------------------
2026-04-15 18:31:34,111 - Evaluate global model
2026-04-15 18:31:38,655 - Averaged Train Loss: 1.2688
2026-04-15 18:31:38,655 - Test Accurancy: 0.5330
2026-04-15 18:31:46,291 - [trmean] attacker trim ratios: ['0.959', '0.959', '0.959', '0.959']
2026-04-15 18:31:46,292 - [trmean] attacker avg trim: 0.9588, benign avg trim: 0.3379
2026-04-15 18:31:46,303 - Round number: 73 --------------------------
2026-04-15 18:31:46,303 - Evaluate global model
2026-04-15 18:31:50,493 - Averaged Train Loss: 1.2699
2026-04-15 18:31:50,494 - Test Accurancy: 0.5300
2026-04-15 18:31:58,886 - [trmean] attacker trim ratios: ['0.959', '0.958', '0.958', '0.958']
2026-04-15 18:31:58,886 - [trmean] attacker avg trim: 0.9584, benign avg trim: 0.3380
2026-04-15 18:31:58,897 - Round number: 74 --------------------------
2026-04-15 18:31:58,898 - Evaluate global model
2026-04-15 18:32:03,348 - Averaged Train Loss: 1.2712
2026-04-15 18:32:03,348 - Test Accurancy: 0.5311
2026-04-15 18:32:12,569 - [trmean] attacker trim ratios: ['0.958', '0.958', '0.958', '0.958']
2026-04-15 18:32:12,570 - [trmean] attacker avg trim: 0.9578, benign avg trim: 0.3380
2026-04-15 18:32:12,581 - Round number: 75 --------------------------
2026-04-15 18:32:12,581 - Evaluate global model
2026-04-15 18:32:17,001 - Averaged Train Loss: 1.2629
2026-04-15 18:32:17,005 - Test Accurancy: 0.5333
2026-04-15 18:32:24,794 - [trmean] attacker trim ratios: ['0.958', '0.958', '0.957', '0.958']
2026-04-15 18:32:24,794 - [trmean] attacker avg trim: 0.9577, benign avg trim: 0.3380
2026-04-15 18:32:24,805 - Round number: 76 --------------------------
2026-04-15 18:32:24,805 - Evaluate global model
2026-04-15 18:32:28,661 - Averaged Train Loss: 1.2632
2026-04-15 18:32:28,661 - Test Accurancy: 0.5309
2026-04-15 18:32:36,953 - [trmean] attacker trim ratios: ['0.958', '0.957', '0.957', '0.957']
2026-04-15 18:32:36,954 - [trmean] attacker avg trim: 0.9572, benign avg trim: 0.3381
2026-04-15 18:32:36,977 - Round number: 77 --------------------------
2026-04-15 18:32:36,977 - Evaluate global model
2026-04-15 18:32:40,553 - Averaged Train Loss: 1.2610
2026-04-15 18:32:40,554 - Test Accurancy: 0.5318
2026-04-15 18:32:49,003 - [trmean] attacker trim ratios: ['0.957', '0.957', '0.956', '0.957']
2026-04-15 18:32:49,003 - [trmean] attacker avg trim: 0.9567, benign avg trim: 0.3381
2026-04-15 18:32:49,016 - Round number: 78 --------------------------
2026-04-15 18:32:49,016 - Evaluate global model
2026-04-15 18:32:52,244 - Averaged Train Loss: 1.2608
2026-04-15 18:32:52,244 - Test Accurancy: 0.5342
2026-04-15 18:33:00,976 - [trmean] attacker trim ratios: ['0.957', '0.956', '0.956', '0.956']
2026-04-15 18:33:00,977 - [trmean] attacker avg trim: 0.9564, benign avg trim: 0.3382
2026-04-15 18:33:00,987 - Round number: 79 --------------------------
2026-04-15 18:33:00,987 - Evaluate global model
2026-04-15 18:33:04,342 - Averaged Train Loss: 1.2526
2026-04-15 18:33:04,343 - Test Accurancy: 0.5346
2026-04-15 18:33:12,256 - [trmean] attacker trim ratios: ['0.956', '0.956', '0.956', '0.956']
2026-04-15 18:33:12,256 - [trmean] attacker avg trim: 0.9560, benign avg trim: 0.3382
2026-04-15 18:33:12,270 - Round number: 80 --------------------------
2026-04-15 18:33:12,270 - Evaluate global model
2026-04-15 18:33:16,079 - Averaged Train Loss: 1.2559
2026-04-15 18:33:16,079 - Test Accurancy: 0.5334
2026-04-15 18:33:23,627 - [trmean] attacker trim ratios: ['0.956', '0.955', '0.955', '0.956']
2026-04-15 18:33:23,628 - [trmean] attacker avg trim: 0.9555, benign avg trim: 0.3383
2026-04-15 18:33:23,640 - Round number: 81 --------------------------
2026-04-15 18:33:23,640 - Evaluate global model
2026-04-15 18:33:27,089 - Averaged Train Loss: 1.2459
2026-04-15 18:33:27,089 - Test Accurancy: 0.5358
2026-04-15 18:33:36,943 - [trmean] attacker trim ratios: ['0.955', '0.955', '0.955', '0.955']
2026-04-15 18:33:36,944 - [trmean] attacker avg trim: 0.9552, benign avg trim: 0.3383
2026-04-15 18:33:36,969 - Round number: 82 --------------------------
2026-04-15 18:33:36,969 - Evaluate global model
2026-04-15 18:33:40,968 - Averaged Train Loss: 1.2406
2026-04-15 18:33:40,968 - Test Accurancy: 0.5400
2026-04-15 18:33:50,384 - [trmean] attacker trim ratios: ['0.955', '0.955', '0.954', '0.955']
2026-04-15 18:33:50,385 - [trmean] attacker avg trim: 0.9547, benign avg trim: 0.3384
2026-04-15 18:33:50,421 - Round number: 83 --------------------------
2026-04-15 18:33:50,422 - Evaluate global model
2026-04-15 18:33:54,519 - Averaged Train Loss: 1.2434
2026-04-15 18:33:54,520 - Test Accurancy: 0.5390
2026-04-15 18:34:03,822 - [trmean] attacker trim ratios: ['0.955', '0.954', '0.954', '0.954']
2026-04-15 18:34:03,822 - [trmean] attacker avg trim: 0.9543, benign avg trim: 0.3384
2026-04-15 18:34:03,838 - Round number: 84 --------------------------
2026-04-15 18:34:03,838 - Evaluate global model
2026-04-15 18:34:07,287 - Averaged Train Loss: 1.2385
2026-04-15 18:34:07,288 - Test Accurancy: 0.5384
2026-04-15 18:34:15,528 - [trmean] attacker trim ratios: ['0.954', '0.954', '0.954', '0.954']
2026-04-15 18:34:15,530 - [trmean] attacker avg trim: 0.9538, benign avg trim: 0.3385
2026-04-15 18:34:15,540 - Round number: 85 --------------------------
2026-04-15 18:34:15,540 - Evaluate global model
2026-04-15 18:34:20,166 - Averaged Train Loss: 1.2425
2026-04-15 18:34:20,168 - Test Accurancy: 0.5383
2026-04-15 18:34:29,210 - [trmean] attacker trim ratios: ['0.954', '0.953', '0.953', '0.953']
2026-04-15 18:34:29,211 - [trmean] attacker avg trim: 0.9535, benign avg trim: 0.3385
2026-04-15 18:34:29,224 - Round number: 86 --------------------------
2026-04-15 18:34:29,224 - Evaluate global model
2026-04-15 18:34:33,480 - Averaged Train Loss: 1.2347
2026-04-15 18:34:33,480 - Test Accurancy: 0.5409
2026-04-15 18:34:42,097 - [trmean] attacker trim ratios: ['0.953', '0.953', '0.953', '0.953']
2026-04-15 18:34:42,098 - [trmean] attacker avg trim: 0.9531, benign avg trim: 0.3385
2026-04-15 18:34:42,113 - Round number: 87 --------------------------
2026-04-15 18:34:42,113 - Evaluate global model
2026-04-15 18:34:46,875 - Averaged Train Loss: 1.2360
2026-04-15 18:34:46,876 - Test Accurancy: 0.5397
2026-04-15 18:34:54,766 - [trmean] attacker trim ratios: ['0.953', '0.952', '0.952', '0.952']
2026-04-15 18:34:54,766 - [trmean] attacker avg trim: 0.9525, benign avg trim: 0.3386
2026-04-15 18:34:54,782 - Round number: 88 --------------------------
2026-04-15 18:34:54,783 - Evaluate global model
2026-04-15 18:34:58,704 - Averaged Train Loss: 1.2344
2026-04-15 18:34:58,704 - Test Accurancy: 0.5421
2026-04-15 18:35:06,500 - [trmean] attacker trim ratios: ['0.953', '0.952', '0.952', '0.952']
2026-04-15 18:35:06,501 - [trmean] attacker avg trim: 0.9522, benign avg trim: 0.3386
2026-04-15 18:35:06,511 - Round number: 89 --------------------------
2026-04-15 18:35:06,512 - Evaluate global model
2026-04-15 18:35:10,310 - Averaged Train Loss: 1.2303
2026-04-15 18:35:10,310 - Test Accurancy: 0.5423
2026-04-15 18:35:18,473 - [trmean] attacker trim ratios: ['0.952', '0.952', '0.951', '0.952']
2026-04-15 18:35:18,474 - [trmean] attacker avg trim: 0.9517, benign avg trim: 0.3387
2026-04-15 18:35:18,485 - Round number: 90 --------------------------
2026-04-15 18:35:18,485 - Evaluate global model
2026-04-15 18:35:22,318 - Averaged Train Loss: 1.2267
2026-04-15 18:35:22,318 - Test Accurancy: 0.5427
2026-04-15 18:35:30,891 - [trmean] attacker trim ratios: ['0.952', '0.951', '0.951', '0.951']
2026-04-15 18:35:30,891 - [trmean] attacker avg trim: 0.9514, benign avg trim: 0.3387
2026-04-15 18:35:30,914 - Round number: 91 --------------------------
2026-04-15 18:35:30,915 - Evaluate global model
2026-04-15 18:35:35,765 - Averaged Train Loss: 1.2214
2026-04-15 18:35:35,766 - Test Accurancy: 0.5467
2026-04-15 18:35:45,008 - [trmean] attacker trim ratios: ['0.952', '0.951', '0.951', '0.951']
2026-04-15 18:35:45,009 - [trmean] attacker avg trim: 0.9511, benign avg trim: 0.3388
2026-04-15 18:35:45,023 - Round number: 92 --------------------------
2026-04-15 18:35:45,023 - Evaluate global model
2026-04-15 18:35:49,487 - Averaged Train Loss: 1.2202
2026-04-15 18:35:49,488 - Test Accurancy: 0.5466
2026-04-15 18:35:58,199 - [trmean] attacker trim ratios: ['0.951', '0.951', '0.950', '0.951']
2026-04-15 18:35:58,200 - [trmean] attacker avg trim: 0.9507, benign avg trim: 0.3388
2026-04-15 18:35:58,211 - Round number: 93 --------------------------
2026-04-15 18:35:58,211 - Evaluate global model
2026-04-15 18:36:01,583 - Averaged Train Loss: 1.2187
2026-04-15 18:36:01,583 - Test Accurancy: 0.5458
2026-04-15 18:36:09,694 - [trmean] attacker trim ratios: ['0.951', '0.950', '0.950', '0.950']
2026-04-15 18:36:09,695 - [trmean] attacker avg trim: 0.9501, benign avg trim: 0.3389
2026-04-15 18:36:09,707 - Round number: 94 --------------------------
2026-04-15 18:36:09,707 - Evaluate global model
2026-04-15 18:36:13,405 - Averaged Train Loss: 1.2182
2026-04-15 18:36:13,405 - Test Accurancy: 0.5470
2026-04-15 18:36:21,014 - [trmean] attacker trim ratios: ['0.950', '0.950', '0.949', '0.950']
2026-04-15 18:36:21,014 - [trmean] attacker avg trim: 0.9499, benign avg trim: 0.3389
2026-04-15 18:36:21,024 - Round number: 95 --------------------------
2026-04-15 18:36:21,025 - Evaluate global model
2026-04-15 18:36:24,976 - Averaged Train Loss: 1.2125
2026-04-15 18:36:24,976 - Test Accurancy: 0.5492
2026-04-15 18:36:32,409 - [trmean] attacker trim ratios: ['0.950', '0.949', '0.949', '0.950']
2026-04-15 18:36:32,409 - [trmean] attacker avg trim: 0.9495, benign avg trim: 0.3389
2026-04-15 18:36:32,420 - Round number: 96 --------------------------
2026-04-15 18:36:32,420 - Evaluate global model
2026-04-15 18:36:36,328 - Averaged Train Loss: 1.2101
2026-04-15 18:36:36,329 - Test Accurancy: 0.5507
2026-04-15 18:36:44,159 - [trmean] attacker trim ratios: ['0.950', '0.949', '0.949', '0.949']
2026-04-15 18:36:44,159 - [trmean] attacker avg trim: 0.9490, benign avg trim: 0.3390
2026-04-15 18:36:44,173 - Round number: 97 --------------------------
2026-04-15 18:36:44,173 - Evaluate global model
2026-04-15 18:36:47,876 - Averaged Train Loss: 1.2081
2026-04-15 18:36:47,877 - Test Accurancy: 0.5490
2026-04-15 18:36:56,259 - [trmean] attacker trim ratios: ['0.949', '0.949', '0.948', '0.949']
2026-04-15 18:36:56,260 - [trmean] attacker avg trim: 0.9487, benign avg trim: 0.3390
2026-04-15 18:36:56,276 - Round number: 98 --------------------------
2026-04-15 18:36:56,276 - Evaluate global model
2026-04-15 18:37:00,843 - Averaged Train Loss: 1.2089
2026-04-15 18:37:00,845 - Test Accurancy: 0.5480
2026-04-15 18:37:09,604 - [trmean] attacker trim ratios: ['0.949', '0.948', '0.948', '0.948']
2026-04-15 18:37:09,606 - [trmean] attacker avg trim: 0.9483, benign avg trim: 0.3391
2026-04-15 18:37:09,618 - Round number: 99 --------------------------
2026-04-15 18:37:09,618 - Evaluate global model
2026-04-15 18:37:14,313 - Averaged Train Loss: 1.2086
2026-04-15 18:37:14,314 - Test Accurancy: 0.5493
2026-04-15 18:37:22,763 - [trmean] attacker trim ratios: ['0.948', '0.948', '0.948', '0.948']
2026-04-15 18:37:22,764 - [trmean] attacker avg trim: 0.9479, benign avg trim: 0.3391
2026-04-15 18:37:22,787 - Round number: 100 --------------------------
2026-04-15 18:37:22,788 - Evaluate global model
2026-04-15 18:37:26,537 - Averaged Train Loss: 1.2063
2026-04-15 18:37:26,538 - Test Accurancy: 0.5495
2026-04-15 18:37:35,352 - [trmean] attacker trim ratios: ['0.948', '0.948', '0.947', '0.948']
2026-04-15 18:37:35,353 - [trmean] attacker avg trim: 0.9477, benign avg trim: 0.3391
2026-04-15 18:37:35,355 - Run over
2026-04-15 18:37:35,356 - Saving results to ./exp/exp5/Cifar10/trmean_MPAF.h5
2026-04-15 18:37:35,372 - Best accuracy: 0.5507159507159507
2026-04-15 18:37:35,372 - Average time cost per round: 12.223014702796936
