2025-09-15 10:12:00,243 - *****************EXP-3*****************
2025-09-15 10:12:00,244 - Exp repeats: 1
2025-09-15 10:12:00,244 - Communication Rounds: 100
2025-09-15 10:12:00,244 - Clients: 40

2025-09-15 10:12:00,244 - Attack method: sign_flip
2025-09-15 10:12:00,244 - Filtering rule: flame
2025-09-15 10:12:00,244 - Dataset: FashionMNIST
2025-09-15 10:12:00,245 - Model: cnn
2025-09-15 10:12:00,245 - Learning Rate: 0.2
2025-09-15 10:12:00,245 - Batch Size: 64
2025-09-15 10:12:00,245 - Device: cuda
2025-09-15 10:12:00,245 - Device id: 0
2025-09-15 10:12:00,245 - Adversaries: 16
2025-09-15 10:12:00,245 - Model Poisoning: Sign Flip attack
2025-09-15 10:12:00,245 - *****************EXP-3*****************
2025-09-15 10:12:00,818 - Running time: 0th ==========================
2025-09-15 10:12:03,204 - Round number: 0 --------------------------
2025-09-15 10:12:03,213 - Evaluate global model
2025-09-15 10:12:05,763 - Averaged Train Loss: 2.3031
2025-09-15 10:12:05,764 - Test Accurancy: 0.1321
2025-09-15 10:12:11,610 - Flame select clients: [0, 1, 3, 7, 10, 11, 13, 14, 15, 19, 22, 24, 26, 27, 29, 30, 32, 33, 34, 35, 38]
2025-09-15 10:12:11,659 - Round number: 1 --------------------------
2025-09-15 10:12:11,659 - Evaluate global model
2025-09-15 10:12:13,022 - Averaged Train Loss: 2.1243
2025-09-15 10:12:13,022 - Test Accurancy: 0.2957
2025-09-15 10:12:17,895 - Flame select clients: [0, 4, 6, 8, 10, 11, 13, 15, 16, 20, 21, 24, 27, 28, 29, 30, 32, 35, 36, 38, 39]
2025-09-15 10:12:17,910 - Round number: 2 --------------------------
2025-09-15 10:12:17,910 - Evaluate global model
2025-09-15 10:12:19,509 - Averaged Train Loss: 1.8436
2025-09-15 10:12:19,510 - Test Accurancy: 0.4406
2025-09-15 10:12:24,563 - Flame select clients: [0, 3, 8, 9, 11, 13, 14, 15, 17, 19, 20, 21, 24, 28, 30, 32, 33, 35, 36, 38, 39]
2025-09-15 10:12:24,596 - Round number: 3 --------------------------
2025-09-15 10:12:24,596 - Evaluate global model
2025-09-15 10:12:26,116 - Averaged Train Loss: 1.5177
2025-09-15 10:12:26,116 - Test Accurancy: 0.4837
2025-09-15 10:12:30,889 - Flame select clients: [0, 1, 2, 3, 5, 6, 7, 8, 11, 12, 13, 15, 20, 21, 24, 27, 29, 30, 32, 34, 35, 36, 38, 39]
2025-09-15 10:12:30,907 - Round number: 4 --------------------------
2025-09-15 10:12:30,907 - Evaluate global model
2025-09-15 10:12:32,542 - Averaged Train Loss: 1.5422
2025-09-15 10:12:32,543 - Test Accurancy: 0.4537
2025-09-15 10:12:36,800 - Flame select clients: [0, 1, 2, 3, 5, 7, 8, 9, 12, 19, 20, 21, 24, 29, 30, 32, 34, 35, 36, 37, 39]
2025-09-15 10:12:36,816 - Round number: 5 --------------------------
2025-09-15 10:12:36,816 - Evaluate global model
2025-09-15 10:12:38,473 - Averaged Train Loss: 1.5087
2025-09-15 10:12:38,473 - Test Accurancy: 0.4596
2025-09-15 10:12:43,346 - Flame select clients: [0, 1, 2, 6, 7, 8, 12, 13, 16, 19, 20, 21, 24, 29, 30, 34, 35, 36, 37, 38, 39]
2025-09-15 10:12:43,377 - Round number: 6 --------------------------
2025-09-15 10:12:43,377 - Evaluate global model
2025-09-15 10:12:44,669 - Averaged Train Loss: 1.2988
2025-09-15 10:12:44,670 - Test Accurancy: 0.4904
2025-09-15 10:12:49,428 - Flame select clients: [0, 8, 11, 12, 13, 14, 15, 16, 19, 20, 21, 24, 29, 30, 33, 34, 35, 36, 37, 38, 39]
2025-09-15 10:12:49,500 - Round number: 7 --------------------------
2025-09-15 10:12:49,500 - Evaluate global model
2025-09-15 10:12:51,691 - Averaged Train Loss: 0.9835
2025-09-15 10:12:51,692 - Test Accurancy: 0.6077
2025-09-15 10:12:56,472 - Flame select clients: [0, 1, 3, 7, 8, 9, 11, 12, 16, 19, 20, 21, 24, 29, 30, 33, 34, 35, 36, 38, 39]
2025-09-15 10:12:56,495 - Round number: 8 --------------------------
2025-09-15 10:12:56,495 - Evaluate global model
2025-09-15 10:12:58,388 - Averaged Train Loss: 0.9571
2025-09-15 10:12:58,390 - Test Accurancy: 0.6269
2025-09-15 10:13:02,961 - Flame select clients: [0, 1, 3, 8, 9, 11, 12, 15, 16, 19, 20, 24, 29, 30, 33, 34, 35, 36, 37, 38, 39]
2025-09-15 10:13:02,989 - Round number: 9 --------------------------
2025-09-15 10:13:02,989 - Evaluate global model
2025-09-15 10:13:04,283 - Averaged Train Loss: 0.8994
2025-09-15 10:13:04,284 - Test Accurancy: 0.6442
2025-09-15 10:13:08,637 - Flame select clients: [0, 1, 3, 6, 7, 8, 11, 12, 13, 19, 20, 24, 29, 32, 33, 34, 35, 36, 37, 38, 39]
2025-09-15 10:13:08,662 - Round number: 10 --------------------------
2025-09-15 10:13:08,662 - Evaluate global model
2025-09-15 10:13:10,726 - Averaged Train Loss: 0.9600
2025-09-15 10:13:10,727 - Test Accurancy: 0.6115
2025-09-15 10:13:14,979 - Flame select clients: [0, 1, 3, 8, 12, 15, 16, 19, 20, 21, 24, 29, 30, 32, 33, 34, 35, 36, 37, 38, 39]
2025-09-15 10:13:14,995 - Round number: 11 --------------------------
2025-09-15 10:13:14,995 - Evaluate global model
2025-09-15 10:13:16,184 - Averaged Train Loss: 0.7738
2025-09-15 10:13:16,184 - Test Accurancy: 0.7145
2025-09-15 10:13:21,171 - Flame select clients: [0, 1, 2, 3, 7, 8, 11, 12, 15, 19, 20, 21, 24, 29, 30, 33, 34, 36, 37, 38, 39]
2025-09-15 10:13:21,211 - Round number: 12 --------------------------
2025-09-15 10:13:21,211 - Evaluate global model
2025-09-15 10:13:23,380 - Averaged Train Loss: 0.8042
2025-09-15 10:13:23,380 - Test Accurancy: 0.7133
2025-09-15 10:13:27,599 - Flame select clients: [0, 1, 2, 8, 10, 11, 12, 15, 19, 20, 21, 24, 29, 30, 32, 33, 34, 35, 36, 37, 39]
2025-09-15 10:13:27,638 - Round number: 13 --------------------------
2025-09-15 10:13:27,638 - Evaluate global model
2025-09-15 10:13:29,301 - Averaged Train Loss: 0.7781
2025-09-15 10:13:29,302 - Test Accurancy: 0.7195
2025-09-15 10:13:33,527 - Flame select clients: [0, 1, 6, 8, 11, 12, 13, 19, 20, 21, 24, 28, 29, 30, 32, 33, 34, 35, 36, 37, 39]
2025-09-15 10:13:33,566 - Round number: 14 --------------------------
2025-09-15 10:13:33,566 - Evaluate global model
2025-09-15 10:13:34,745 - Averaged Train Loss: 0.7387
2025-09-15 10:13:34,746 - Test Accurancy: 0.7262
2025-09-15 10:13:39,082 - Flame select clients: [0, 1, 6, 8, 11, 12, 13, 14, 15, 16, 19, 20, 21, 24, 29, 30, 32, 33, 34, 36, 37, 39]
2025-09-15 10:13:39,124 - Round number: 15 --------------------------
2025-09-15 10:13:39,125 - Evaluate global model
2025-09-15 10:13:40,661 - Averaged Train Loss: 0.7553
2025-09-15 10:13:40,663 - Test Accurancy: 0.7118
2025-09-15 10:13:45,430 - Flame select clients: [0, 1, 3, 7, 8, 11, 12, 15, 16, 19, 20, 21, 24, 28, 30, 32, 33, 34, 35, 37, 38, 39]
2025-09-15 10:13:45,453 - Round number: 16 --------------------------
2025-09-15 10:13:45,453 - Evaluate global model
2025-09-15 10:13:46,798 - Averaged Train Loss: 0.7726
2025-09-15 10:13:46,798 - Test Accurancy: 0.7015
2025-09-15 10:13:51,707 - Flame select clients: [0, 1, 7, 8, 11, 12, 15, 16, 19, 20, 21, 24, 29, 30, 32, 33, 34, 35, 36, 37, 39]
2025-09-15 10:13:51,742 - Round number: 17 --------------------------
2025-09-15 10:13:51,742 - Evaluate global model
2025-09-15 10:13:53,170 - Averaged Train Loss: 0.7399
2025-09-15 10:13:53,170 - Test Accurancy: 0.7264
2025-09-15 10:13:57,336 - Flame select clients: [0, 1, 2, 8, 11, 14, 15, 16, 19, 20, 21, 24, 28, 29, 30, 32, 33, 34, 36, 37, 39]
2025-09-15 10:13:57,378 - Round number: 18 --------------------------
2025-09-15 10:13:57,379 - Evaluate global model
2025-09-15 10:13:59,096 - Averaged Train Loss: 0.6881
2025-09-15 10:13:59,097 - Test Accurancy: 0.7497
2025-09-15 10:14:03,879 - Flame select clients: [0, 1, 2, 3, 7, 8, 9, 11, 12, 16, 19, 20, 21, 24, 29, 30, 32, 33, 34, 35, 36, 37, 38, 39]
2025-09-15 10:14:03,905 - Round number: 19 --------------------------
2025-09-15 10:14:03,905 - Evaluate global model
2025-09-15 10:14:05,356 - Averaged Train Loss: 0.7097
2025-09-15 10:14:05,357 - Test Accurancy: 0.7491
2025-09-15 10:14:10,325 - Flame select clients: [0, 1, 2, 4, 6, 8, 11, 13, 15, 16, 19, 20, 21, 24, 28, 29, 30, 32, 33, 34, 36, 37, 39]
2025-09-15 10:14:10,406 - Round number: 20 --------------------------
2025-09-15 10:14:10,407 - Evaluate global model
2025-09-15 10:14:12,130 - Averaged Train Loss: 0.6762
2025-09-15 10:14:12,130 - Test Accurancy: 0.7548
2025-09-15 10:14:16,020 - Flame select clients: [0, 1, 2, 8, 12, 15, 16, 19, 20, 21, 24, 26, 29, 30, 32, 33, 34, 35, 36, 37, 39]
2025-09-15 10:14:16,034 - Round number: 21 --------------------------
2025-09-15 10:14:16,034 - Evaluate global model
2025-09-15 10:14:17,748 - Averaged Train Loss: 0.6327
2025-09-15 10:14:17,749 - Test Accurancy: 0.7693
2025-09-15 10:14:22,360 - Flame select clients: [1, 2, 8, 11, 12, 15, 16, 19, 20, 21, 24, 28, 29, 30, 32, 33, 34, 35, 36, 37, 39]
2025-09-15 10:14:22,402 - Round number: 22 --------------------------
2025-09-15 10:14:22,402 - Evaluate global model
2025-09-15 10:14:23,976 - Averaged Train Loss: 0.6197
2025-09-15 10:14:23,976 - Test Accurancy: 0.7722
2025-09-15 10:14:28,101 - Flame select clients: [0, 1, 2, 8, 11, 12, 15, 16, 19, 20, 21, 24, 26, 29, 30, 32, 33, 34, 35, 36, 37, 39]
2025-09-15 10:14:28,119 - Round number: 23 --------------------------
2025-09-15 10:14:28,120 - Evaluate global model
2025-09-15 10:14:30,140 - Averaged Train Loss: 0.6145
2025-09-15 10:14:30,141 - Test Accurancy: 0.7753
2025-09-15 10:14:34,406 - Flame select clients: [0, 1, 8, 11, 12, 15, 16, 19, 20, 21, 24, 28, 29, 30, 32, 33, 34, 35, 36, 37, 39]
2025-09-15 10:14:34,420 - Round number: 24 --------------------------
2025-09-15 10:14:34,420 - Evaluate global model
2025-09-15 10:14:35,730 - Averaged Train Loss: 0.5958
2025-09-15 10:14:35,732 - Test Accurancy: 0.7791
2025-09-15 10:14:41,139 - Flame select clients: [0, 1, 8, 11, 13, 15, 16, 19, 20, 21, 24, 28, 29, 30, 32, 33, 34, 35, 36, 37, 39]
2025-09-15 10:14:41,171 - Round number: 25 --------------------------
2025-09-15 10:14:41,171 - Evaluate global model
2025-09-15 10:14:43,040 - Averaged Train Loss: 0.5787
2025-09-15 10:14:43,041 - Test Accurancy: 0.7822
2025-09-15 10:14:47,728 - Flame select clients: [0, 1, 7, 8, 11, 12, 15, 16, 19, 20, 21, 24, 28, 29, 30, 32, 33, 34, 35, 36, 37, 39]
2025-09-15 10:14:47,803 - Round number: 26 --------------------------
2025-09-15 10:14:47,803 - Evaluate global model
2025-09-15 10:14:49,333 - Averaged Train Loss: 0.5856
2025-09-15 10:14:49,333 - Test Accurancy: 0.7845
2025-09-15 10:14:53,385 - Flame select clients: [0, 6, 8, 11, 12, 13, 15, 16, 19, 20, 21, 24, 28, 29, 30, 32, 33, 34, 35, 36, 37, 39]
2025-09-15 10:14:53,409 - Round number: 27 --------------------------
2025-09-15 10:14:53,409 - Evaluate global model
2025-09-15 10:14:54,861 - Averaged Train Loss: 0.5614
2025-09-15 10:14:54,862 - Test Accurancy: 0.7853
2025-09-15 10:14:59,282 - Flame select clients: [0, 1, 2, 7, 8, 10, 11, 15, 16, 19, 20, 21, 24, 29, 30, 32, 33, 34, 35, 36, 37, 39]
2025-09-15 10:14:59,303 - Round number: 28 --------------------------
2025-09-15 10:14:59,303 - Evaluate global model
2025-09-15 10:15:00,493 - Averaged Train Loss: 0.5783
2025-09-15 10:15:00,494 - Test Accurancy: 0.7837
2025-09-15 10:15:04,657 - Flame select clients: [0, 1, 8, 11, 12, 14, 15, 16, 19, 20, 21, 24, 29, 30, 32, 33, 34, 35, 36, 37, 39]
2025-09-15 10:15:04,675 - Round number: 29 --------------------------
2025-09-15 10:15:04,675 - Evaluate global model
2025-09-15 10:15:05,825 - Averaged Train Loss: 0.5649
2025-09-15 10:15:05,826 - Test Accurancy: 0.7862
2025-09-15 10:15:10,245 - Flame select clients: [0, 2, 8, 10, 11, 14, 15, 16, 19, 20, 21, 24, 28, 29, 30, 32, 33, 34, 35, 36, 37, 39]
2025-09-15 10:15:10,286 - Round number: 30 --------------------------
2025-09-15 10:15:10,287 - Evaluate global model
2025-09-15 10:15:11,571 - Averaged Train Loss: 0.5584
2025-09-15 10:15:11,572 - Test Accurancy: 0.7911
2025-09-15 10:15:15,528 - Flame select clients: [0, 2, 8, 11, 12, 16, 19, 20, 21, 24, 26, 28, 29, 30, 32, 33, 34, 35, 36, 37, 39]
2025-09-15 10:15:15,556 - Round number: 31 --------------------------
2025-09-15 10:15:15,557 - Evaluate global model
2025-09-15 10:15:16,784 - Averaged Train Loss: 0.5306
2025-09-15 10:15:16,784 - Test Accurancy: 0.8015
2025-09-15 10:15:21,403 - Flame select clients: [0, 2, 8, 11, 14, 15, 16, 19, 20, 21, 24, 26, 28, 29, 30, 32, 33, 34, 36, 37, 39]
2025-09-15 10:15:21,418 - Round number: 32 --------------------------
2025-09-15 10:15:21,419 - Evaluate global model
2025-09-15 10:15:22,927 - Averaged Train Loss: 0.5395
2025-09-15 10:15:22,928 - Test Accurancy: 0.7980
2025-09-15 10:15:26,732 - Flame select clients: [0, 2, 8, 10, 11, 14, 15, 16, 19, 20, 21, 24, 26, 29, 30, 32, 33, 34, 36, 37, 39]
2025-09-15 10:15:26,750 - Round number: 33 --------------------------
2025-09-15 10:15:26,750 - Evaluate global model
2025-09-15 10:15:27,908 - Averaged Train Loss: 0.5171
2025-09-15 10:15:27,909 - Test Accurancy: 0.8070
2025-09-15 10:15:32,233 - Flame select clients: [0, 8, 11, 14, 15, 16, 19, 20, 21, 24, 25, 26, 28, 29, 30, 32, 33, 34, 36, 37, 39]
2025-09-15 10:15:32,252 - Round number: 34 --------------------------
2025-09-15 10:15:32,252 - Evaluate global model
2025-09-15 10:15:33,514 - Averaged Train Loss: 0.5229
2025-09-15 10:15:33,515 - Test Accurancy: 0.8063
2025-09-15 10:15:37,534 - Flame select clients: [0, 2, 8, 11, 12, 14, 15, 16, 19, 20, 21, 24, 29, 30, 32, 33, 34, 35, 36, 37, 39]
2025-09-15 10:15:37,548 - Round number: 35 --------------------------
2025-09-15 10:15:37,549 - Evaluate global model
2025-09-15 10:15:38,749 - Averaged Train Loss: 0.5263
2025-09-15 10:15:38,750 - Test Accurancy: 0.8049
2025-09-15 10:15:42,867 - Flame select clients: [0, 1, 8, 10, 11, 15, 16, 19, 20, 21, 24, 26, 28, 29, 30, 32, 33, 34, 36, 37, 39]
2025-09-15 10:15:42,881 - Round number: 36 --------------------------
2025-09-15 10:15:42,881 - Evaluate global model
2025-09-15 10:15:44,079 - Averaged Train Loss: 0.5220
2025-09-15 10:15:44,079 - Test Accurancy: 0.8070
2025-09-15 10:15:48,209 - Flame select clients: [0, 2, 8, 10, 11, 15, 16, 19, 20, 21, 24, 26, 28, 29, 30, 32, 33, 34, 36, 37, 39]
2025-09-15 10:15:48,224 - Round number: 37 --------------------------
2025-09-15 10:15:48,224 - Evaluate global model
2025-09-15 10:15:50,109 - Averaged Train Loss: 0.5256
2025-09-15 10:15:50,110 - Test Accurancy: 0.8086
2025-09-15 10:15:54,090 - Flame select clients: [0, 2, 8, 11, 15, 16, 19, 20, 21, 24, 26, 28, 29, 30, 32, 33, 34, 35, 36, 37, 39]
2025-09-15 10:15:54,104 - Round number: 38 --------------------------
2025-09-15 10:15:54,104 - Evaluate global model
2025-09-15 10:15:55,347 - Averaged Train Loss: 0.5087
2025-09-15 10:15:55,348 - Test Accurancy: 0.8147
2025-09-15 10:15:59,460 - Flame select clients: [0, 2, 8, 10, 11, 15, 16, 19, 20, 21, 24, 26, 28, 29, 30, 32, 33, 34, 36, 37, 39]
2025-09-15 10:15:59,474 - Round number: 39 --------------------------
2025-09-15 10:15:59,474 - Evaluate global model
2025-09-15 10:16:00,681 - Averaged Train Loss: 0.5056
2025-09-15 10:16:00,682 - Test Accurancy: 0.8156
2025-09-15 10:16:04,866 - Flame select clients: [0, 2, 8, 11, 14, 15, 16, 19, 20, 21, 24, 26, 28, 29, 30, 32, 33, 34, 36, 37, 39]
2025-09-15 10:16:04,881 - Round number: 40 --------------------------
2025-09-15 10:16:04,881 - Evaluate global model
2025-09-15 10:16:06,291 - Averaged Train Loss: 0.5022
2025-09-15 10:16:06,291 - Test Accurancy: 0.8145
2025-09-15 10:16:10,263 - Flame select clients: [0, 1, 6, 7, 8, 11, 12, 13, 15, 16, 19, 20, 21, 24, 28, 29, 30, 32, 33, 34, 35, 36, 37, 39]
2025-09-15 10:16:10,277 - Round number: 41 --------------------------
2025-09-15 10:16:10,277 - Evaluate global model
2025-09-15 10:16:11,502 - Averaged Train Loss: 0.5233
2025-09-15 10:16:11,503 - Test Accurancy: 0.8138
2025-09-15 10:16:15,761 - Flame select clients: [0, 8, 10, 11, 15, 16, 19, 20, 21, 24, 26, 28, 29, 30, 32, 33, 34, 35, 36, 37, 39]
2025-09-15 10:16:15,774 - Round number: 42 --------------------------
2025-09-15 10:16:15,774 - Evaluate global model
2025-09-15 10:16:16,912 - Averaged Train Loss: 0.4908
2025-09-15 10:16:16,913 - Test Accurancy: 0.8253
2025-09-15 10:16:21,308 - Flame select clients: [0, 2, 8, 11, 12, 15, 16, 19, 20, 21, 24, 28, 29, 30, 32, 33, 34, 35, 36, 37, 39]
2025-09-15 10:16:21,329 - Round number: 43 --------------------------
2025-09-15 10:16:21,329 - Evaluate global model
2025-09-15 10:16:22,638 - Averaged Train Loss: 0.4919
2025-09-15 10:16:22,639 - Test Accurancy: 0.8242
2025-09-15 10:16:26,662 - Flame select clients: [0, 2, 6, 8, 11, 13, 16, 19, 20, 21, 24, 26, 28, 29, 30, 32, 33, 34, 35, 36, 37, 39]
2025-09-15 10:16:26,675 - Round number: 44 --------------------------
2025-09-15 10:16:26,675 - Evaluate global model
2025-09-15 10:16:27,875 - Averaged Train Loss: 0.4828
2025-09-15 10:16:27,876 - Test Accurancy: 0.8290
2025-09-15 10:16:32,406 - Flame select clients: [0, 8, 10, 11, 12, 15, 16, 19, 20, 21, 24, 28, 29, 30, 32, 33, 34, 35, 36, 37, 39]
2025-09-15 10:16:32,428 - Round number: 45 --------------------------
2025-09-15 10:16:32,428 - Evaluate global model
2025-09-15 10:16:33,922 - Averaged Train Loss: 0.4860
2025-09-15 10:16:33,922 - Test Accurancy: 0.8301
2025-09-15 10:16:38,133 - Flame select clients: [0, 2, 6, 8, 11, 13, 14, 15, 16, 19, 20, 21, 24, 28, 29, 30, 32, 33, 34, 36, 37, 39]
2025-09-15 10:16:38,162 - Round number: 46 --------------------------
2025-09-15 10:16:38,162 - Evaluate global model
2025-09-15 10:16:40,043 - Averaged Train Loss: 0.5136
2025-09-15 10:16:40,045 - Test Accurancy: 0.8213
2025-09-15 10:16:45,115 - Flame select clients: [0, 2, 8, 11, 14, 16, 19, 20, 21, 24, 26, 28, 29, 30, 32, 33, 34, 35, 36, 37, 39]
2025-09-15 10:16:45,136 - Round number: 47 --------------------------
2025-09-15 10:16:45,137 - Evaluate global model
2025-09-15 10:16:46,565 - Averaged Train Loss: 0.4842
2025-09-15 10:16:46,566 - Test Accurancy: 0.8293
2025-09-15 10:16:51,132 - Flame select clients: [0, 2, 8, 11, 12, 15, 16, 19, 20, 21, 24, 28, 29, 30, 32, 33, 34, 35, 36, 37, 39]
2025-09-15 10:16:51,149 - Round number: 48 --------------------------
2025-09-15 10:16:51,149 - Evaluate global model
2025-09-15 10:16:52,791 - Averaged Train Loss: 0.4831
2025-09-15 10:16:52,791 - Test Accurancy: 0.8304
2025-09-15 10:16:57,078 - Flame select clients: [0, 2, 6, 8, 11, 13, 14, 15, 16, 19, 20, 21, 24, 28, 29, 30, 32, 33, 34, 35, 36, 37, 39]
2025-09-15 10:16:57,097 - Round number: 49 --------------------------
2025-09-15 10:16:57,097 - Evaluate global model
2025-09-15 10:16:58,292 - Averaged Train Loss: 0.4885
2025-09-15 10:16:58,292 - Test Accurancy: 0.8304
2025-09-15 10:17:02,793 - Flame select clients: [0, 2, 8, 11, 15, 16, 19, 20, 21, 24, 26, 28, 29, 30, 32, 33, 34, 35, 36, 37, 39]
2025-09-15 10:17:02,808 - Round number: 50 --------------------------
2025-09-15 10:17:02,809 - Evaluate global model
2025-09-15 10:17:04,068 - Averaged Train Loss: 0.4817
2025-09-15 10:17:04,068 - Test Accurancy: 0.8288
2025-09-15 10:17:08,031 - Flame select clients: [0, 2, 8, 10, 11, 12, 15, 16, 19, 20, 21, 24, 28, 29, 30, 32, 33, 34, 35, 36, 37, 39]
2025-09-15 10:17:08,046 - Round number: 51 --------------------------
2025-09-15 10:17:08,047 - Evaluate global model
2025-09-15 10:17:09,237 - Averaged Train Loss: 0.4893
2025-09-15 10:17:09,238 - Test Accurancy: 0.8284
2025-09-15 10:17:13,163 - Flame select clients: [0, 6, 8, 11, 13, 15, 16, 19, 20, 21, 24, 26, 28, 29, 30, 32, 33, 34, 35, 36, 37, 39]
2025-09-15 10:17:13,179 - Round number: 52 --------------------------
2025-09-15 10:17:13,179 - Evaluate global model
2025-09-15 10:17:14,380 - Averaged Train Loss: 0.4759
2025-09-15 10:17:14,380 - Test Accurancy: 0.8323
2025-09-15 10:17:18,775 - Flame select clients: [0, 2, 7, 11, 14, 15, 16, 19, 20, 21, 24, 28, 29, 30, 32, 33, 34, 35, 36, 37, 39]
2025-09-15 10:17:18,819 - Round number: 53 --------------------------
2025-09-15 10:17:18,819 - Evaluate global model
2025-09-15 10:17:20,489 - Averaged Train Loss: 0.4901
2025-09-15 10:17:20,493 - Test Accurancy: 0.8272
2025-09-15 10:17:25,188 - Flame select clients: [0, 2, 8, 11, 12, 15, 16, 19, 20, 21, 24, 26, 28, 29, 30, 32, 33, 34, 35, 36, 37, 39]
2025-09-15 10:17:25,226 - Round number: 54 --------------------------
2025-09-15 10:17:25,226 - Evaluate global model
2025-09-15 10:17:26,434 - Averaged Train Loss: 0.4844
2025-09-15 10:17:26,435 - Test Accurancy: 0.8301
2025-09-15 10:17:30,259 - Flame select clients: [0, 2, 6, 8, 13, 15, 16, 19, 20, 21, 24, 26, 28, 29, 30, 32, 33, 34, 35, 36, 37, 39]
2025-09-15 10:17:30,275 - Round number: 55 --------------------------
2025-09-15 10:17:30,275 - Evaluate global model
2025-09-15 10:17:31,803 - Averaged Train Loss: 0.4695
2025-09-15 10:17:31,804 - Test Accurancy: 0.8382
2025-09-15 10:17:35,659 - Flame select clients: [0, 2, 11, 12, 14, 15, 16, 19, 20, 21, 24, 28, 29, 30, 32, 33, 34, 35, 36, 37, 39]
2025-09-15 10:17:35,675 - Round number: 56 --------------------------
2025-09-15 10:17:35,675 - Evaluate global model
2025-09-15 10:17:36,822 - Averaged Train Loss: 0.4805
2025-09-15 10:17:36,822 - Test Accurancy: 0.8328
2025-09-15 10:17:40,554 - Flame select clients: [0, 2, 6, 8, 11, 13, 16, 19, 20, 21, 24, 26, 28, 29, 30, 32, 33, 34, 36, 37, 39]
2025-09-15 10:17:40,572 - Round number: 57 --------------------------
2025-09-15 10:17:40,572 - Evaluate global model
2025-09-15 10:17:42,159 - Averaged Train Loss: 0.4765
2025-09-15 10:17:42,159 - Test Accurancy: 0.8369
2025-09-15 10:17:46,360 - Flame select clients: [0, 4, 8, 10, 12, 15, 16, 19, 20, 21, 22, 24, 25, 28, 29, 30, 32, 33, 34, 35, 36, 37, 39]
2025-09-15 10:17:46,392 - Round number: 58 --------------------------
2025-09-15 10:17:46,392 - Evaluate global model
2025-09-15 10:17:47,692 - Averaged Train Loss: 0.4636
2025-09-15 10:17:47,693 - Test Accurancy: 0.8402
2025-09-15 10:17:51,987 - Flame select clients: [0, 2, 11, 14, 15, 16, 19, 20, 21, 24, 26, 28, 29, 30, 32, 33, 34, 35, 36, 37, 39]
2025-09-15 10:17:52,023 - Round number: 59 --------------------------
2025-09-15 10:17:52,023 - Evaluate global model
2025-09-15 10:17:53,690 - Averaged Train Loss: 0.4694
2025-09-15 10:17:53,691 - Test Accurancy: 0.8380
2025-09-15 10:17:57,776 - Flame select clients: [0, 2, 4, 6, 8, 11, 13, 15, 16, 19, 20, 21, 24, 25, 26, 28, 29, 30, 32, 33, 34, 35, 36, 37, 39]
2025-09-15 10:17:57,798 - Round number: 60 --------------------------
2025-09-15 10:17:57,798 - Evaluate global model
2025-09-15 10:17:58,963 - Averaged Train Loss: 0.4798
2025-09-15 10:17:58,964 - Test Accurancy: 0.8357
2025-09-15 10:18:03,341 - Flame select clients: [0, 8, 10, 11, 14, 15, 16, 19, 20, 21, 24, 26, 28, 29, 30, 32, 33, 34, 36, 37, 39]
2025-09-15 10:18:03,380 - Round number: 61 --------------------------
2025-09-15 10:18:03,380 - Evaluate global model
2025-09-15 10:18:04,723 - Averaged Train Loss: 0.4667
2025-09-15 10:18:04,724 - Test Accurancy: 0.8416
2025-09-15 10:18:08,817 - Flame select clients: [0, 2, 7, 14, 15, 16, 19, 20, 21, 24, 26, 28, 29, 30, 32, 33, 34, 35, 36, 37, 39]
2025-09-15 10:18:08,841 - Round number: 62 --------------------------
2025-09-15 10:18:08,841 - Evaluate global model
2025-09-15 10:18:10,258 - Averaged Train Loss: 0.4850
2025-09-15 10:18:10,259 - Test Accurancy: 0.8325
2025-09-15 10:18:14,471 - Flame select clients: [0, 10, 11, 14, 15, 16, 19, 20, 21, 24, 26, 28, 29, 30, 32, 33, 34, 35, 36, 37, 39]
2025-09-15 10:18:14,491 - Round number: 63 --------------------------
2025-09-15 10:18:14,491 - Evaluate global model
2025-09-15 10:18:15,652 - Averaged Train Loss: 0.4697
2025-09-15 10:18:15,652 - Test Accurancy: 0.8373
2025-09-15 10:18:20,566 - Flame select clients: [0, 1, 2, 3, 5, 7, 10, 15, 16, 19, 20, 21, 24, 26, 28, 29, 30, 32, 33, 34, 35, 36, 37, 38, 39]
2025-09-15 10:18:20,608 - Round number: 64 --------------------------
2025-09-15 10:18:20,608 - Evaluate global model
2025-09-15 10:18:23,056 - Averaged Train Loss: 0.5138
2025-09-15 10:18:23,057 - Test Accurancy: 0.8229
2025-09-15 10:18:27,097 - Flame select clients: [0, 1, 2, 8, 15, 16, 19, 20, 21, 24, 26, 28, 29, 30, 31, 32, 33, 34, 35, 36, 37, 39]
2025-09-15 10:18:27,112 - Round number: 65 --------------------------
2025-09-15 10:18:27,112 - Evaluate global model
2025-09-15 10:18:28,377 - Averaged Train Loss: 0.4735
2025-09-15 10:18:28,377 - Test Accurancy: 0.8359
2025-09-15 10:18:33,303 - Flame select clients: [0, 2, 10, 11, 15, 16, 19, 20, 21, 24, 26, 28, 29, 30, 32, 33, 34, 35, 36, 37, 39]
2025-09-15 10:18:33,321 - Round number: 66 --------------------------
2025-09-15 10:18:33,322 - Evaluate global model
2025-09-15 10:18:34,681 - Averaged Train Loss: 0.4753
2025-09-15 10:18:34,682 - Test Accurancy: 0.8347
2025-09-15 10:18:38,772 - Flame select clients: [0, 2, 7, 10, 15, 16, 19, 20, 21, 24, 26, 28, 29, 30, 32, 33, 34, 35, 36, 37, 39]
2025-09-15 10:18:38,787 - Round number: 67 --------------------------
2025-09-15 10:18:38,787 - Evaluate global model
2025-09-15 10:18:39,965 - Averaged Train Loss: 0.4883
2025-09-15 10:18:39,965 - Test Accurancy: 0.8310
2025-09-15 10:18:44,158 - Flame select clients: [0, 2, 10, 11, 15, 16, 19, 20, 21, 24, 26, 28, 29, 30, 32, 33, 34, 35, 36, 37, 39]
2025-09-15 10:18:44,176 - Round number: 68 --------------------------
2025-09-15 10:18:44,177 - Evaluate global model
2025-09-15 10:18:45,369 - Averaged Train Loss: 0.4764
2025-09-15 10:18:45,369 - Test Accurancy: 0.8355
2025-09-15 10:18:49,503 - Flame select clients: [0, 6, 8, 13, 15, 16, 19, 20, 21, 24, 26, 28, 29, 30, 32, 33, 34, 35, 36, 37, 39]
2025-09-15 10:18:49,534 - Round number: 69 --------------------------
2025-09-15 10:18:49,534 - Evaluate global model
2025-09-15 10:18:50,711 - Averaged Train Loss: 0.4495
2025-09-15 10:18:50,712 - Test Accurancy: 0.8463
2025-09-15 10:18:54,683 - Flame select clients: [0, 1, 2, 8, 11, 16, 19, 20, 21, 24, 26, 28, 29, 30, 31, 32, 33, 34, 35, 36, 37, 39]
2025-09-15 10:18:54,706 - Round number: 70 --------------------------
2025-09-15 10:18:54,707 - Evaluate global model
2025-09-15 10:18:56,465 - Averaged Train Loss: 0.4417
2025-09-15 10:18:56,466 - Test Accurancy: 0.8491
2025-09-15 10:19:00,956 - Flame select clients: [0, 2, 11, 14, 15, 16, 19, 20, 21, 24, 26, 28, 29, 30, 32, 33, 34, 35, 36, 37, 39]
2025-09-15 10:19:01,021 - Round number: 71 --------------------------
2025-09-15 10:19:01,021 - Evaluate global model
2025-09-15 10:19:03,537 - Averaged Train Loss: 0.4484
2025-09-15 10:19:03,541 - Test Accurancy: 0.8450
2025-09-15 10:19:07,676 - Flame select clients: [0, 2, 6, 8, 10, 11, 13, 14, 15, 16, 19, 20, 21, 24, 26, 28, 29, 30, 32, 33, 34, 35, 36, 37, 39]
2025-09-15 10:19:07,709 - Round number: 72 --------------------------
2025-09-15 10:19:07,709 - Evaluate global model
2025-09-15 10:19:08,977 - Averaged Train Loss: 0.4586
2025-09-15 10:19:08,977 - Test Accurancy: 0.8450
2025-09-15 10:19:13,548 - Flame select clients: [0, 2, 10, 14, 15, 16, 19, 20, 21, 24, 26, 28, 29, 30, 32, 33, 34, 35, 36, 37, 39]
2025-09-15 10:19:13,570 - Round number: 73 --------------------------
2025-09-15 10:19:13,571 - Evaluate global model
2025-09-15 10:19:15,098 - Averaged Train Loss: 0.4699
2025-09-15 10:19:15,099 - Test Accurancy: 0.8397
2025-09-15 10:19:19,371 - Flame select clients: [0, 2, 6, 8, 11, 13, 15, 16, 19, 20, 21, 24, 25, 26, 28, 29, 30, 32, 33, 34, 35, 36, 37, 39]
2025-09-15 10:19:19,395 - Round number: 74 --------------------------
2025-09-15 10:19:19,395 - Evaluate global model
2025-09-15 10:19:21,408 - Averaged Train Loss: 0.4619
2025-09-15 10:19:21,409 - Test Accurancy: 0.8434
2025-09-15 10:19:25,561 - Flame select clients: [0, 2, 10, 11, 15, 16, 19, 20, 21, 24, 26, 28, 29, 30, 32, 33, 34, 35, 36, 37, 39]
2025-09-15 10:19:25,580 - Round number: 75 --------------------------
2025-09-15 10:19:25,580 - Evaluate global model
2025-09-15 10:19:26,901 - Averaged Train Loss: 0.4696
2025-09-15 10:19:26,902 - Test Accurancy: 0.8402
2025-09-15 10:19:31,381 - Flame select clients: [0, 2, 11, 14, 15, 16, 19, 20, 21, 24, 26, 28, 29, 30, 32, 33, 34, 35, 36, 37, 39]
2025-09-15 10:19:31,395 - Round number: 76 --------------------------
2025-09-15 10:19:31,396 - Evaluate global model
2025-09-15 10:19:33,344 - Averaged Train Loss: 0.4562
2025-09-15 10:19:33,345 - Test Accurancy: 0.8449
2025-09-15 10:19:37,591 - Flame select clients: [0, 2, 10, 14, 15, 16, 19, 20, 21, 24, 28, 29, 30, 31, 32, 33, 34, 35, 36, 37, 39]
2025-09-15 10:19:37,607 - Round number: 77 --------------------------
2025-09-15 10:19:37,607 - Evaluate global model
2025-09-15 10:19:39,312 - Averaged Train Loss: 0.4494
2025-09-15 10:19:39,313 - Test Accurancy: 0.8471
2025-09-15 10:19:44,113 - Flame select clients: [0, 2, 10, 11, 15, 16, 19, 20, 21, 24, 26, 28, 29, 30, 32, 33, 34, 35, 36, 37, 39]
2025-09-15 10:19:44,128 - Round number: 78 --------------------------
2025-09-15 10:19:44,128 - Evaluate global model
2025-09-15 10:19:45,742 - Averaged Train Loss: 0.4561
2025-09-15 10:19:45,744 - Test Accurancy: 0.8440
2025-09-15 10:19:50,288 - Flame select clients: [0, 2, 10, 11, 14, 15, 16, 19, 20, 21, 24, 26, 28, 29, 30, 32, 33, 34, 35, 36, 37, 39]
2025-09-15 10:19:50,325 - Round number: 79 --------------------------
2025-09-15 10:19:50,326 - Evaluate global model
2025-09-15 10:19:52,799 - Averaged Train Loss: 0.4584
2025-09-15 10:19:52,800 - Test Accurancy: 0.8448
2025-09-15 10:19:57,219 - Flame select clients: [0, 2, 10, 14, 15, 16, 19, 20, 21, 24, 26, 28, 29, 30, 32, 33, 34, 35, 36, 37, 39]
2025-09-15 10:19:57,236 - Round number: 80 --------------------------
2025-09-15 10:19:57,236 - Evaluate global model
2025-09-15 10:19:58,565 - Averaged Train Loss: 0.4552
2025-09-15 10:19:58,565 - Test Accurancy: 0.8453
2025-09-15 10:20:02,799 - Flame select clients: [0, 1, 2, 14, 15, 16, 19, 20, 21, 24, 26, 28, 29, 30, 31, 32, 33, 34, 35, 36, 37, 39]
2025-09-15 10:20:02,813 - Round number: 81 --------------------------
2025-09-15 10:20:02,814 - Evaluate global model
2025-09-15 10:20:03,998 - Averaged Train Loss: 0.4511
2025-09-15 10:20:03,998 - Test Accurancy: 0.8456
2025-09-15 10:20:08,341 - Flame select clients: [0, 2, 10, 14, 15, 16, 19, 20, 21, 24, 26, 28, 29, 30, 32, 33, 34, 35, 36, 37, 39]
2025-09-15 10:20:08,354 - Round number: 82 --------------------------
2025-09-15 10:20:08,354 - Evaluate global model
2025-09-15 10:20:09,579 - Averaged Train Loss: 0.4545
2025-09-15 10:20:09,580 - Test Accurancy: 0.8451
2025-09-15 10:20:13,651 - Flame select clients: [0, 2, 11, 14, 15, 16, 19, 20, 21, 24, 26, 28, 29, 30, 32, 33, 34, 35, 36, 37, 39]
2025-09-15 10:20:13,665 - Round number: 83 --------------------------
2025-09-15 10:20:13,665 - Evaluate global model
2025-09-15 10:20:14,819 - Averaged Train Loss: 0.4555
2025-09-15 10:20:14,820 - Test Accurancy: 0.8453
2025-09-15 10:20:18,969 - Flame select clients: [0, 10, 12, 14, 15, 16, 19, 20, 21, 24, 26, 28, 29, 30, 32, 33, 34, 35, 36, 37, 39]
2025-09-15 10:20:18,999 - Round number: 84 --------------------------
2025-09-15 10:20:18,999 - Evaluate global model
2025-09-15 10:20:20,320 - Averaged Train Loss: 0.4637
2025-09-15 10:20:20,322 - Test Accurancy: 0.8440
2025-09-15 10:20:24,273 - Flame select clients: [0, 1, 2, 15, 16, 19, 20, 21, 24, 26, 28, 29, 30, 31, 32, 33, 34, 35, 36, 37, 39]
2025-09-15 10:20:24,294 - Round number: 85 --------------------------
2025-09-15 10:20:24,294 - Evaluate global model
2025-09-15 10:20:25,487 - Averaged Train Loss: 0.4477
2025-09-15 10:20:25,488 - Test Accurancy: 0.8480
2025-09-15 10:20:29,453 - Flame select clients: [0, 6, 8, 11, 12, 13, 15, 16, 19, 20, 21, 24, 26, 28, 29, 30, 32, 33, 34, 35, 36, 37, 39]
2025-09-15 10:20:29,467 - Round number: 86 --------------------------
2025-09-15 10:20:29,468 - Evaluate global model
2025-09-15 10:20:30,648 - Averaged Train Loss: 0.4482
2025-09-15 10:20:30,649 - Test Accurancy: 0.8503
2025-09-15 10:20:34,712 - Flame select clients: [0, 2, 8, 14, 15, 16, 19, 20, 21, 24, 26, 28, 29, 30, 32, 33, 34, 35, 36, 37, 39]
2025-09-15 10:20:34,727 - Round number: 87 --------------------------
2025-09-15 10:20:34,728 - Evaluate global model
2025-09-15 10:20:35,999 - Averaged Train Loss: 0.4482
2025-09-15 10:20:35,999 - Test Accurancy: 0.8494
2025-09-15 10:20:40,084 - Flame select clients: [0, 1, 2, 3, 5, 7, 10, 15, 16, 19, 20, 21, 24, 26, 28, 29, 30, 31, 32, 33, 34, 35, 36, 37, 38, 39]
2025-09-15 10:20:40,098 - Round number: 88 --------------------------
2025-09-15 10:20:40,098 - Evaluate global model
2025-09-15 10:20:41,405 - Averaged Train Loss: 0.4745
2025-09-15 10:20:41,405 - Test Accurancy: 0.8435
2025-09-15 10:20:45,531 - Flame select clients: [0, 2, 10, 14, 15, 16, 19, 20, 21, 24, 26, 28, 29, 30, 32, 33, 34, 35, 36, 37, 39]
2025-09-15 10:20:45,549 - Round number: 89 --------------------------
2025-09-15 10:20:45,550 - Evaluate global model
2025-09-15 10:20:46,794 - Averaged Train Loss: 0.4610
2025-09-15 10:20:46,794 - Test Accurancy: 0.8464
2025-09-15 10:20:51,045 - Flame select clients: [0, 2, 6, 8, 13, 14, 15, 16, 19, 20, 21, 24, 26, 28, 29, 30, 32, 33, 34, 35, 36, 37, 39]
2025-09-15 10:20:51,083 - Round number: 90 --------------------------
2025-09-15 10:20:51,084 - Evaluate global model
2025-09-15 10:20:52,954 - Averaged Train Loss: 0.4558
2025-09-15 10:20:52,955 - Test Accurancy: 0.8480
2025-09-15 10:20:56,976 - Flame select clients: [0, 2, 10, 14, 15, 16, 19, 20, 21, 24, 26, 28, 29, 30, 32, 33, 34, 35, 36, 37, 39]
2025-09-15 10:20:56,990 - Round number: 91 --------------------------
2025-09-15 10:20:56,990 - Evaluate global model
2025-09-15 10:20:58,255 - Averaged Train Loss: 0.4533
2025-09-15 10:20:58,256 - Test Accurancy: 0.8481
2025-09-15 10:21:02,421 - Flame select clients: [0, 1, 2, 14, 15, 16, 19, 20, 21, 24, 26, 28, 29, 30, 31, 32, 33, 34, 35, 36, 37, 39]
2025-09-15 10:21:02,478 - Round number: 92 --------------------------
2025-09-15 10:21:02,478 - Evaluate global model
2025-09-15 10:21:04,023 - Averaged Train Loss: 0.4545
2025-09-15 10:21:04,024 - Test Accurancy: 0.8465
2025-09-15 10:21:07,951 - Flame select clients: [0, 1, 14, 15, 16, 19, 20, 21, 24, 26, 28, 29, 30, 31, 32, 33, 34, 35, 36, 37, 39]
2025-09-15 10:21:07,971 - Round number: 93 --------------------------
2025-09-15 10:21:07,971 - Evaluate global model
2025-09-15 10:21:09,631 - Averaged Train Loss: 0.4413
2025-09-15 10:21:09,632 - Test Accurancy: 0.8495
2025-09-15 10:21:14,382 - Flame select clients: [0, 2, 6, 8, 13, 15, 16, 19, 20, 21, 24, 26, 28, 29, 30, 32, 33, 34, 35, 36, 37, 39]
2025-09-15 10:21:14,397 - Round number: 94 --------------------------
2025-09-15 10:21:14,397 - Evaluate global model
2025-09-15 10:21:15,675 - Averaged Train Loss: 0.4440
2025-09-15 10:21:15,676 - Test Accurancy: 0.8513
2025-09-15 10:21:21,242 - Flame select clients: [0, 2, 10, 14, 15, 16, 19, 20, 21, 24, 26, 28, 29, 30, 32, 33, 34, 35, 36, 37, 39]
2025-09-15 10:21:21,283 - Round number: 95 --------------------------
2025-09-15 10:21:21,283 - Evaluate global model
2025-09-15 10:21:23,120 - Averaged Train Loss: 0.4509
2025-09-15 10:21:23,121 - Test Accurancy: 0.8474
2025-09-15 10:21:27,351 - Flame select clients: [0, 1, 5, 14, 15, 16, 19, 20, 21, 24, 26, 28, 29, 30, 31, 32, 33, 34, 35, 36, 37, 38, 39]
2025-09-15 10:21:27,390 - Round number: 96 --------------------------
2025-09-15 10:21:27,390 - Evaluate global model
2025-09-15 10:21:29,003 - Averaged Train Loss: 0.4482
2025-09-15 10:21:29,004 - Test Accurancy: 0.8486
2025-09-15 10:21:34,067 - Flame select clients: [0, 10, 14, 15, 16, 19, 20, 21, 24, 26, 28, 29, 30, 31, 32, 33, 34, 35, 36, 37, 39]
2025-09-15 10:21:34,105 - Round number: 97 --------------------------
2025-09-15 10:21:34,105 - Evaluate global model
2025-09-15 10:21:35,500 - Averaged Train Loss: 0.4386
2025-09-15 10:21:35,501 - Test Accurancy: 0.8512
2025-09-15 10:21:39,437 - Flame select clients: [0, 2, 14, 15, 16, 19, 20, 21, 24, 26, 28, 29, 30, 31, 32, 33, 34, 35, 36, 37, 39]
2025-09-15 10:21:39,454 - Round number: 98 --------------------------
2025-09-15 10:21:39,454 - Evaluate global model
2025-09-15 10:21:40,694 - Averaged Train Loss: 0.4312
2025-09-15 10:21:40,694 - Test Accurancy: 0.8531
2025-09-15 10:21:44,755 - Flame select clients: [0, 1, 14, 15, 16, 19, 20, 21, 24, 26, 28, 29, 30, 31, 32, 33, 34, 35, 36, 37, 39]
2025-09-15 10:21:44,768 - Round number: 99 --------------------------
2025-09-15 10:21:44,768 - Evaluate global model
2025-09-15 10:21:46,072 - Averaged Train Loss: 0.4281
2025-09-15 10:21:46,073 - Test Accurancy: 0.8531
2025-09-15 10:21:51,768 - Flame select clients: [0, 10, 14, 15, 16, 19, 20, 21, 24, 26, 28, 29, 30, 31, 32, 33, 34, 35, 36, 37, 39]
2025-09-15 10:21:51,791 - Round number: 100 --------------------------
2025-09-15 10:21:51,791 - Evaluate global model
2025-09-15 10:21:53,639 - Averaged Train Loss: 0.4316
2025-09-15 10:21:53,639 - Test Accurancy: 0.8523
2025-09-15 10:21:58,394 - Flame select clients: [0, 1, 14, 15, 16, 19, 20, 21, 24, 26, 28, 29, 30, 31, 32, 33, 34, 35, 36, 37, 39]
2025-09-15 10:21:58,406 - Run over
2025-09-15 10:21:58,406 - Saving results to ./exp/exp3/FashionMNIST/flame_sign_flip.h5
2025-09-15 10:21:58,416 - Best accuracy: 0.8531460545849036
2025-09-15 10:21:58,416 - Average time cost per round: 5.867582836151123
