2025-09-15 13:21:02,000 - *****************EXP-3*****************
2025-09-15 13:21:02,001 - Exp repeats: 1
2025-09-15 13:21:02,001 - Communication Rounds: 100
2025-09-15 13:21:02,001 - Clients: 40

2025-09-15 13:21:02,001 - Attack method: min-max
2025-09-15 13:21:02,001 - Filtering rule: flame
2025-09-15 13:21:02,002 - Dataset: FashionMNIST
2025-09-15 13:21:02,002 - Model: cnn
2025-09-15 13:21:02,002 - Learning Rate: 0.2
2025-09-15 13:21:02,002 - Batch Size: 64
2025-09-15 13:21:02,002 - Device: cuda
2025-09-15 13:21:02,002 - Device id: 0
2025-09-15 13:21:02,002 - Adversaries: 16
2025-09-15 13:21:02,002 - Model Poisoning: Min-max attack
2025-09-15 13:21:02,003 - *****************EXP-3*****************
2025-09-15 13:21:02,252 - Running time: 0th ==========================
2025-09-15 13:21:04,048 - Round number: 0 --------------------------
2025-09-15 13:21:04,048 - Evaluate global model
2025-09-15 13:21:05,580 - Averaged Train Loss: 2.3031
2025-09-15 13:21:05,580 - Test Accurancy: 0.1321
2025-09-15 13:21:09,330 - min_max_attack try_count: 19
2025-09-15 13:21:09,331 - min_max_attack lamda: 3.767576217651367, max_d: 51.141815185546875
2025-09-15 13:21:09,620 - Flame select clients: [0, 3, 7, 9, 10, 13, 14, 15, 18, 19, 24, 25, 26, 27, 29, 30, 32, 33, 35, 38, 39]
2025-09-15 13:21:09,637 - Round number: 1 --------------------------
2025-09-15 13:21:09,637 - Evaluate global model
2025-09-15 13:21:10,615 - Averaged Train Loss: 2.2466
2025-09-15 13:21:10,616 - Test Accurancy: 0.2481
2025-09-15 13:21:13,993 - min_max_attack try_count: 19
2025-09-15 13:21:13,993 - min_max_attack lamda: 3.1293773651123047, max_d: 82.80259704589844
2025-09-15 13:21:14,280 - Flame select clients: [0, 1, 3, 4, 6, 9, 10, 12, 13, 14, 15, 20, 21, 27, 28, 29, 30, 33, 34, 36, 38]
2025-09-15 13:21:14,295 - Round number: 2 --------------------------
2025-09-15 13:21:14,295 - Evaluate global model
2025-09-15 13:21:15,267 - Averaged Train Loss: 2.7093
2025-09-15 13:21:15,267 - Test Accurancy: 0.1845
2025-09-15 13:21:18,577 - min_max_attack try_count: 19
2025-09-15 13:21:18,578 - min_max_attack lamda: 9.5367431640625e-06, max_d: nan
