2025-12-18 02:33:01,655 - *****************EXP-4*****************
2025-12-18 02:33:01,656 - Exp repeats: 1
2025-12-18 02:33:01,656 - Communication Rounds: 100
2025-12-18 02:33:01,656 - Clients: 40

2025-12-18 02:33:01,656 - Attack method: none
2025-12-18 02:33:01,656 - Filtering rule: avg
2025-12-18 02:33:01,656 - Dataset: FashionMNIST
2025-12-18 02:33:01,656 - Model: cnn
2025-12-18 02:33:01,656 - Learning Rate: 0.02
2025-12-18 02:33:01,656 - Batch Size: 64
2025-12-18 02:33:01,656 - Device: cuda
2025-12-18 02:33:01,656 - Device id: 0
2025-12-18 02:33:01,656 - Adversaries: 0
2025-12-18 02:33:01,656 - *****************EXP-4*****************
2025-12-18 02:33:01,902 - Running time: 0th ==========================
2025-12-18 02:33:03,150 - Round number: 0 --------------------------
2025-12-18 02:33:03,150 - Evaluate global model
2025-12-18 02:33:04,868 - Averaged Train Loss: 2.3031
2025-12-18 02:33:04,868 - Test Accurancy: 0.1321
2025-12-18 02:33:09,839 - Round number: 1 --------------------------
2025-12-18 02:33:09,840 - Evaluate global model
2025-12-18 02:33:11,297 - Averaged Train Loss: 1.8268
2025-12-18 02:33:11,298 - Test Accurancy: 0.4054
2025-12-18 02:33:16,194 - Round number: 2 --------------------------
2025-12-18 02:33:16,194 - Evaluate global model
2025-12-18 02:33:17,732 - Averaged Train Loss: 1.2578
2025-12-18 02:33:17,732 - Test Accurancy: 0.5520
2025-12-18 02:33:22,606 - Round number: 3 --------------------------
2025-12-18 02:33:22,606 - Evaluate global model
2025-12-18 02:33:24,147 - Averaged Train Loss: 0.9685
2025-12-18 02:33:24,147 - Test Accurancy: 0.6648
2025-12-18 02:33:29,042 - Round number: 4 --------------------------
2025-12-18 02:33:29,042 - Evaluate global model
2025-12-18 02:33:30,588 - Averaged Train Loss: 0.8428
2025-12-18 02:33:30,588 - Test Accurancy: 0.7037
2025-12-18 02:33:35,491 - Round number: 5 --------------------------
2025-12-18 02:33:35,492 - Evaluate global model
2025-12-18 02:33:37,042 - Averaged Train Loss: 0.7785
2025-12-18 02:33:37,042 - Test Accurancy: 0.7217
2025-12-18 02:33:41,890 - Round number: 6 --------------------------
2025-12-18 02:33:41,890 - Evaluate global model
2025-12-18 02:33:43,459 - Averaged Train Loss: 0.7394
2025-12-18 02:33:43,460 - Test Accurancy: 0.7323
2025-12-18 02:33:48,314 - Round number: 7 --------------------------
2025-12-18 02:33:48,315 - Evaluate global model
2025-12-18 02:33:49,885 - Averaged Train Loss: 0.7054
2025-12-18 02:33:49,885 - Test Accurancy: 0.7403
2025-12-18 02:33:54,729 - Round number: 8 --------------------------
2025-12-18 02:33:54,729 - Evaluate global model
2025-12-18 02:33:56,311 - Averaged Train Loss: 0.6867
2025-12-18 02:33:56,311 - Test Accurancy: 0.7473
2025-12-18 02:34:01,162 - Round number: 9 --------------------------
2025-12-18 02:34:01,162 - Evaluate global model
2025-12-18 02:34:02,748 - Averaged Train Loss: 0.6657
2025-12-18 02:34:02,748 - Test Accurancy: 0.7528
2025-12-18 02:34:07,586 - Round number: 10 --------------------------
2025-12-18 02:34:07,586 - Evaluate global model
2025-12-18 02:34:09,184 - Averaged Train Loss: 0.6459
2025-12-18 02:34:09,184 - Test Accurancy: 0.7581
2025-12-18 02:34:14,000 - Round number: 11 --------------------------
2025-12-18 02:34:14,000 - Evaluate global model
2025-12-18 02:34:15,599 - Averaged Train Loss: 0.6337
2025-12-18 02:34:15,600 - Test Accurancy: 0.7654
2025-12-18 02:34:20,402 - Round number: 12 --------------------------
2025-12-18 02:34:20,403 - Evaluate global model
2025-12-18 02:34:22,018 - Averaged Train Loss: 0.6170
2025-12-18 02:34:22,018 - Test Accurancy: 0.7714
2025-12-18 02:34:26,824 - Round number: 13 --------------------------
2025-12-18 02:34:26,825 - Evaluate global model
2025-12-18 02:34:28,449 - Averaged Train Loss: 0.6049
2025-12-18 02:34:28,449 - Test Accurancy: 0.7750
2025-12-18 02:34:33,239 - Round number: 14 --------------------------
2025-12-18 02:34:33,240 - Evaluate global model
2025-12-18 02:34:34,869 - Averaged Train Loss: 0.5952
2025-12-18 02:34:34,869 - Test Accurancy: 0.7769
2025-12-18 02:34:39,667 - Round number: 15 --------------------------
2025-12-18 02:34:39,667 - Evaluate global model
2025-12-18 02:34:41,307 - Averaged Train Loss: 0.5882
2025-12-18 02:34:41,307 - Test Accurancy: 0.7795
2025-12-18 02:34:46,080 - Round number: 16 --------------------------
2025-12-18 02:34:46,081 - Evaluate global model
2025-12-18 02:34:47,726 - Averaged Train Loss: 0.5806
2025-12-18 02:34:47,726 - Test Accurancy: 0.7821
2025-12-18 02:34:52,482 - Round number: 17 --------------------------
2025-12-18 02:34:52,483 - Evaluate global model
2025-12-18 02:34:54,134 - Averaged Train Loss: 0.5666
2025-12-18 02:34:54,134 - Test Accurancy: 0.7887
2025-12-18 02:34:58,901 - Round number: 18 --------------------------
2025-12-18 02:34:58,901 - Evaluate global model
2025-12-18 02:35:00,552 - Averaged Train Loss: 0.5624
2025-12-18 02:35:00,552 - Test Accurancy: 0.7901
2025-12-18 02:35:05,366 - Round number: 19 --------------------------
2025-12-18 02:35:05,367 - Evaluate global model
2025-12-18 02:35:07,017 - Averaged Train Loss: 0.5537
2025-12-18 02:35:07,017 - Test Accurancy: 0.7937
2025-12-18 02:35:11,780 - Round number: 20 --------------------------
2025-12-18 02:35:11,780 - Evaluate global model
2025-12-18 02:35:13,437 - Averaged Train Loss: 0.5468
2025-12-18 02:35:13,437 - Test Accurancy: 0.7967
2025-12-18 02:35:18,229 - Round number: 21 --------------------------
2025-12-18 02:35:18,230 - Evaluate global model
2025-12-18 02:35:19,890 - Averaged Train Loss: 0.5414
2025-12-18 02:35:19,890 - Test Accurancy: 0.7992
2025-12-18 02:35:24,656 - Round number: 22 --------------------------
2025-12-18 02:35:24,657 - Evaluate global model
2025-12-18 02:35:26,318 - Averaged Train Loss: 0.5384
2025-12-18 02:35:26,319 - Test Accurancy: 0.8000
2025-12-18 02:35:31,075 - Round number: 23 --------------------------
2025-12-18 02:35:31,075 - Evaluate global model
2025-12-18 02:35:32,743 - Averaged Train Loss: 0.5329
2025-12-18 02:35:32,743 - Test Accurancy: 0.8028
2025-12-18 02:35:37,511 - Round number: 24 --------------------------
2025-12-18 02:35:37,511 - Evaluate global model
2025-12-18 02:35:39,177 - Averaged Train Loss: 0.5294
2025-12-18 02:35:39,177 - Test Accurancy: 0.8052
2025-12-18 02:35:43,919 - Round number: 25 --------------------------
2025-12-18 02:35:43,919 - Evaluate global model
2025-12-18 02:35:45,606 - Averaged Train Loss: 0.5212
2025-12-18 02:35:45,606 - Test Accurancy: 0.8079
2025-12-18 02:35:50,377 - Round number: 26 --------------------------
2025-12-18 02:35:50,377 - Evaluate global model
2025-12-18 02:35:52,071 - Averaged Train Loss: 0.5135
2025-12-18 02:35:52,071 - Test Accurancy: 0.8108
2025-12-18 02:35:56,808 - Round number: 27 --------------------------
2025-12-18 02:35:56,808 - Evaluate global model
2025-12-18 02:35:58,510 - Averaged Train Loss: 0.5094
2025-12-18 02:35:58,510 - Test Accurancy: 0.8133
2025-12-18 02:36:03,198 - Round number: 28 --------------------------
2025-12-18 02:36:03,198 - Evaluate global model
2025-12-18 02:36:04,900 - Averaged Train Loss: 0.5079
2025-12-18 02:36:04,901 - Test Accurancy: 0.8112
2025-12-18 02:36:09,605 - Round number: 29 --------------------------
2025-12-18 02:36:09,605 - Evaluate global model
2025-12-18 02:36:11,322 - Averaged Train Loss: 0.5037
2025-12-18 02:36:11,322 - Test Accurancy: 0.8148
2025-12-18 02:36:16,018 - Round number: 30 --------------------------
2025-12-18 02:36:16,018 - Evaluate global model
2025-12-18 02:36:17,760 - Averaged Train Loss: 0.4992
2025-12-18 02:36:17,760 - Test Accurancy: 0.8165
2025-12-18 02:36:22,479 - Round number: 31 --------------------------
2025-12-18 02:36:22,480 - Evaluate global model
2025-12-18 02:36:24,230 - Averaged Train Loss: 0.4934
2025-12-18 02:36:24,230 - Test Accurancy: 0.8183
2025-12-18 02:36:28,946 - Round number: 32 --------------------------
2025-12-18 02:36:28,946 - Evaluate global model
2025-12-18 02:36:30,690 - Averaged Train Loss: 0.4953
2025-12-18 02:36:30,690 - Test Accurancy: 0.8183
2025-12-18 02:36:35,383 - Round number: 33 --------------------------
2025-12-18 02:36:35,383 - Evaluate global model
2025-12-18 02:36:37,133 - Averaged Train Loss: 0.4915
2025-12-18 02:36:37,133 - Test Accurancy: 0.8209
2025-12-18 02:36:41,826 - Round number: 34 --------------------------
2025-12-18 02:36:41,827 - Evaluate global model
2025-12-18 02:36:43,583 - Averaged Train Loss: 0.4867
2025-12-18 02:36:43,583 - Test Accurancy: 0.8229
2025-12-18 02:36:48,329 - Round number: 35 --------------------------
2025-12-18 02:36:48,329 - Evaluate global model
2025-12-18 02:36:50,082 - Averaged Train Loss: 0.4840
2025-12-18 02:36:50,083 - Test Accurancy: 0.8236
2025-12-18 02:36:54,805 - Round number: 36 --------------------------
2025-12-18 02:36:54,805 - Evaluate global model
2025-12-18 02:36:56,550 - Averaged Train Loss: 0.4792
2025-12-18 02:36:56,550 - Test Accurancy: 0.8242
2025-12-18 02:37:01,261 - Round number: 37 --------------------------
2025-12-18 02:37:01,261 - Evaluate global model
2025-12-18 02:37:03,004 - Averaged Train Loss: 0.4751
2025-12-18 02:37:03,004 - Test Accurancy: 0.8269
2025-12-18 02:37:07,700 - Round number: 38 --------------------------
2025-12-18 02:37:07,701 - Evaluate global model
2025-12-18 02:37:09,445 - Averaged Train Loss: 0.4756
2025-12-18 02:37:09,446 - Test Accurancy: 0.8265
2025-12-18 02:37:14,139 - Round number: 39 --------------------------
2025-12-18 02:37:14,139 - Evaluate global model
2025-12-18 02:37:15,885 - Averaged Train Loss: 0.4730
2025-12-18 02:37:15,885 - Test Accurancy: 0.8261
2025-12-18 02:37:20,571 - Round number: 40 --------------------------
2025-12-18 02:37:20,571 - Evaluate global model
2025-12-18 02:37:22,338 - Averaged Train Loss: 0.4688
2025-12-18 02:37:22,339 - Test Accurancy: 0.8289
2025-12-18 02:37:27,001 - Round number: 41 --------------------------
2025-12-18 02:37:27,001 - Evaluate global model
2025-12-18 02:37:28,790 - Averaged Train Loss: 0.4664
2025-12-18 02:37:28,790 - Test Accurancy: 0.8307
2025-12-18 02:37:33,474 - Round number: 42 --------------------------
2025-12-18 02:37:33,474 - Evaluate global model
2025-12-18 02:37:35,241 - Averaged Train Loss: 0.4672
2025-12-18 02:37:35,242 - Test Accurancy: 0.8299
2025-12-18 02:37:39,957 - Round number: 43 --------------------------
2025-12-18 02:37:39,957 - Evaluate global model
2025-12-18 02:37:41,741 - Averaged Train Loss: 0.4656
2025-12-18 02:37:41,742 - Test Accurancy: 0.8296
2025-12-18 02:37:46,406 - Round number: 44 --------------------------
2025-12-18 02:37:46,406 - Evaluate global model
2025-12-18 02:37:48,183 - Averaged Train Loss: 0.4604
2025-12-18 02:37:48,183 - Test Accurancy: 0.8329
2025-12-18 02:37:52,862 - Round number: 45 --------------------------
2025-12-18 02:37:52,863 - Evaluate global model
2025-12-18 02:37:54,644 - Averaged Train Loss: 0.4577
2025-12-18 02:37:54,644 - Test Accurancy: 0.8345
2025-12-18 02:37:59,296 - Round number: 46 --------------------------
2025-12-18 02:37:59,297 - Evaluate global model
2025-12-18 02:38:01,089 - Averaged Train Loss: 0.4545
2025-12-18 02:38:01,089 - Test Accurancy: 0.8358
2025-12-18 02:38:05,730 - Round number: 47 --------------------------
2025-12-18 02:38:05,730 - Evaluate global model
2025-12-18 02:38:07,527 - Averaged Train Loss: 0.4552
2025-12-18 02:38:07,527 - Test Accurancy: 0.8338
2025-12-18 02:38:12,155 - Round number: 48 --------------------------
2025-12-18 02:38:12,156 - Evaluate global model
2025-12-18 02:38:13,964 - Averaged Train Loss: 0.4536
2025-12-18 02:38:13,964 - Test Accurancy: 0.8351
2025-12-18 02:38:18,586 - Round number: 49 --------------------------
2025-12-18 02:38:18,586 - Evaluate global model
2025-12-18 02:38:20,399 - Averaged Train Loss: 0.4503
2025-12-18 02:38:20,399 - Test Accurancy: 0.8369
2025-12-18 02:38:25,021 - Round number: 50 --------------------------
2025-12-18 02:38:25,021 - Evaluate global model
2025-12-18 02:38:26,830 - Averaged Train Loss: 0.4451
2025-12-18 02:38:26,830 - Test Accurancy: 0.8393
2025-12-18 02:38:31,454 - Round number: 51 --------------------------
2025-12-18 02:38:31,454 - Evaluate global model
2025-12-18 02:38:33,274 - Averaged Train Loss: 0.4466
2025-12-18 02:38:33,274 - Test Accurancy: 0.8388
2025-12-18 02:38:37,926 - Round number: 52 --------------------------
2025-12-18 02:38:37,926 - Evaluate global model
2025-12-18 02:38:39,750 - Averaged Train Loss: 0.4463
2025-12-18 02:38:39,750 - Test Accurancy: 0.8380
2025-12-18 02:38:44,398 - Round number: 53 --------------------------
2025-12-18 02:38:44,399 - Evaluate global model
2025-12-18 02:38:46,214 - Averaged Train Loss: 0.4421
2025-12-18 02:38:46,214 - Test Accurancy: 0.8400
2025-12-18 02:38:50,846 - Round number: 54 --------------------------
2025-12-18 02:38:50,846 - Evaluate global model
2025-12-18 02:38:52,654 - Averaged Train Loss: 0.4410
2025-12-18 02:38:52,654 - Test Accurancy: 0.8408
2025-12-18 02:38:57,269 - Round number: 55 --------------------------
2025-12-18 02:38:57,269 - Evaluate global model
2025-12-18 02:38:59,101 - Averaged Train Loss: 0.4412
2025-12-18 02:38:59,101 - Test Accurancy: 0.8405
2025-12-18 02:39:03,743 - Round number: 56 --------------------------
2025-12-18 02:39:03,743 - Evaluate global model
2025-12-18 02:39:05,568 - Averaged Train Loss: 0.4415
2025-12-18 02:39:05,568 - Test Accurancy: 0.8402
2025-12-18 02:39:10,254 - Round number: 57 --------------------------
2025-12-18 02:39:10,254 - Evaluate global model
2025-12-18 02:39:12,062 - Averaged Train Loss: 0.4358
2025-12-18 02:39:12,062 - Test Accurancy: 0.8436
2025-12-18 02:39:16,706 - Round number: 58 --------------------------
2025-12-18 02:39:16,706 - Evaluate global model
2025-12-18 02:39:18,509 - Averaged Train Loss: 0.4374
2025-12-18 02:39:18,509 - Test Accurancy: 0.8428
2025-12-18 02:39:23,180 - Round number: 59 --------------------------
2025-12-18 02:39:23,180 - Evaluate global model
2025-12-18 02:39:24,984 - Averaged Train Loss: 0.4335
2025-12-18 02:39:24,984 - Test Accurancy: 0.8444
2025-12-18 02:39:29,584 - Round number: 60 --------------------------
2025-12-18 02:39:29,584 - Evaluate global model
2025-12-18 02:39:31,424 - Averaged Train Loss: 0.4356
2025-12-18 02:39:31,424 - Test Accurancy: 0.8425
2025-12-18 02:39:36,055 - Round number: 61 --------------------------
2025-12-18 02:39:36,055 - Evaluate global model
2025-12-18 02:39:37,883 - Averaged Train Loss: 0.4297
2025-12-18 02:39:37,884 - Test Accurancy: 0.8461
2025-12-18 02:39:42,484 - Round number: 62 --------------------------
2025-12-18 02:39:42,484 - Evaluate global model
2025-12-18 02:39:44,324 - Averaged Train Loss: 0.4318
2025-12-18 02:39:44,324 - Test Accurancy: 0.8449
2025-12-18 02:39:48,956 - Round number: 63 --------------------------
2025-12-18 02:39:48,957 - Evaluate global model
2025-12-18 02:39:50,794 - Averaged Train Loss: 0.4286
2025-12-18 02:39:50,795 - Test Accurancy: 0.8460
2025-12-18 02:39:55,402 - Round number: 64 --------------------------
2025-12-18 02:39:55,402 - Evaluate global model
2025-12-18 02:39:57,230 - Averaged Train Loss: 0.4268
2025-12-18 02:39:57,230 - Test Accurancy: 0.8461
2025-12-18 02:40:01,851 - Round number: 65 --------------------------
2025-12-18 02:40:01,851 - Evaluate global model
2025-12-18 02:40:03,688 - Averaged Train Loss: 0.4257
2025-12-18 02:40:03,688 - Test Accurancy: 0.8472
2025-12-18 02:40:08,323 - Round number: 66 --------------------------
2025-12-18 02:40:08,323 - Evaluate global model
2025-12-18 02:40:10,138 - Averaged Train Loss: 0.4285
2025-12-18 02:40:10,138 - Test Accurancy: 0.8448
2025-12-18 02:40:14,784 - Round number: 67 --------------------------
2025-12-18 02:40:14,784 - Evaluate global model
2025-12-18 02:40:16,612 - Averaged Train Loss: 0.4257
2025-12-18 02:40:16,612 - Test Accurancy: 0.8461
2025-12-18 02:40:21,209 - Round number: 68 --------------------------
2025-12-18 02:40:21,209 - Evaluate global model
2025-12-18 02:40:23,040 - Averaged Train Loss: 0.4231
2025-12-18 02:40:23,040 - Test Accurancy: 0.8478
2025-12-18 02:40:27,677 - Round number: 69 --------------------------
2025-12-18 02:40:27,677 - Evaluate global model
2025-12-18 02:40:29,499 - Averaged Train Loss: 0.4225
2025-12-18 02:40:29,499 - Test Accurancy: 0.8481
2025-12-18 02:40:34,137 - Round number: 70 --------------------------
2025-12-18 02:40:34,138 - Evaluate global model
2025-12-18 02:40:35,951 - Averaged Train Loss: 0.4241
2025-12-18 02:40:35,951 - Test Accurancy: 0.8470
2025-12-18 02:40:40,604 - Round number: 71 --------------------------
2025-12-18 02:40:40,604 - Evaluate global model
2025-12-18 02:40:42,425 - Averaged Train Loss: 0.4229
2025-12-18 02:40:42,425 - Test Accurancy: 0.8482
2025-12-18 02:40:47,048 - Round number: 72 --------------------------
2025-12-18 02:40:47,048 - Evaluate global model
2025-12-18 02:40:48,864 - Averaged Train Loss: 0.4219
2025-12-18 02:40:48,864 - Test Accurancy: 0.8483
2025-12-18 02:40:53,520 - Round number: 73 --------------------------
2025-12-18 02:40:53,520 - Evaluate global model
2025-12-18 02:40:55,340 - Averaged Train Loss: 0.4188
2025-12-18 02:40:55,340 - Test Accurancy: 0.8487
2025-12-18 02:40:59,962 - Round number: 74 --------------------------
2025-12-18 02:40:59,962 - Evaluate global model
2025-12-18 02:41:01,784 - Averaged Train Loss: 0.4201
2025-12-18 02:41:01,784 - Test Accurancy: 0.8485
2025-12-18 02:41:06,401 - Round number: 75 --------------------------
2025-12-18 02:41:06,401 - Evaluate global model
2025-12-18 02:41:08,228 - Averaged Train Loss: 0.4175
2025-12-18 02:41:08,228 - Test Accurancy: 0.8492
2025-12-18 02:41:12,816 - Round number: 76 --------------------------
2025-12-18 02:41:12,816 - Evaluate global model
2025-12-18 02:41:14,645 - Averaged Train Loss: 0.4170
2025-12-18 02:41:14,645 - Test Accurancy: 0.8501
2025-12-18 02:41:19,269 - Round number: 77 --------------------------
2025-12-18 02:41:19,269 - Evaluate global model
2025-12-18 02:41:21,099 - Averaged Train Loss: 0.4133
2025-12-18 02:41:21,099 - Test Accurancy: 0.8519
2025-12-18 02:41:25,726 - Round number: 78 --------------------------
2025-12-18 02:41:25,726 - Evaluate global model
2025-12-18 02:41:27,555 - Averaged Train Loss: 0.4153
2025-12-18 02:41:27,556 - Test Accurancy: 0.8515
2025-12-18 02:41:32,161 - Round number: 79 --------------------------
2025-12-18 02:41:32,161 - Evaluate global model
2025-12-18 02:41:34,005 - Averaged Train Loss: 0.4155
2025-12-18 02:41:34,005 - Test Accurancy: 0.8503
2025-12-18 02:41:38,615 - Round number: 80 --------------------------
2025-12-18 02:41:38,616 - Evaluate global model
2025-12-18 02:41:40,441 - Averaged Train Loss: 0.4145
2025-12-18 02:41:40,442 - Test Accurancy: 0.8501
2025-12-18 02:41:45,067 - Round number: 81 --------------------------
2025-12-18 02:41:45,067 - Evaluate global model
2025-12-18 02:41:46,894 - Averaged Train Loss: 0.4123
2025-12-18 02:41:46,895 - Test Accurancy: 0.8508
2025-12-18 02:41:51,493 - Round number: 82 --------------------------
2025-12-18 02:41:51,493 - Evaluate global model
2025-12-18 02:41:53,332 - Averaged Train Loss: 0.4110
2025-12-18 02:41:53,332 - Test Accurancy: 0.8519
2025-12-18 02:41:57,919 - Round number: 83 --------------------------
2025-12-18 02:41:57,919 - Evaluate global model
2025-12-18 02:41:59,756 - Averaged Train Loss: 0.4112
2025-12-18 02:41:59,757 - Test Accurancy: 0.8522
2025-12-18 02:42:04,341 - Round number: 84 --------------------------
2025-12-18 02:42:04,341 - Evaluate global model
2025-12-18 02:42:06,194 - Averaged Train Loss: 0.4122
2025-12-18 02:42:06,194 - Test Accurancy: 0.8517
2025-12-18 02:42:10,754 - Round number: 85 --------------------------
2025-12-18 02:42:10,755 - Evaluate global model
2025-12-18 02:42:12,607 - Averaged Train Loss: 0.4084
2025-12-18 02:42:12,607 - Test Accurancy: 0.8530
2025-12-18 02:42:17,221 - Round number: 86 --------------------------
2025-12-18 02:42:17,221 - Evaluate global model
2025-12-18 02:42:19,070 - Averaged Train Loss: 0.4079
2025-12-18 02:42:19,070 - Test Accurancy: 0.8532
2025-12-18 02:42:23,624 - Round number: 87 --------------------------
2025-12-18 02:42:23,624 - Evaluate global model
2025-12-18 02:42:25,478 - Averaged Train Loss: 0.4053
2025-12-18 02:42:25,478 - Test Accurancy: 0.8541
2025-12-18 02:42:30,023 - Round number: 88 --------------------------
2025-12-18 02:42:30,023 - Evaluate global model
2025-12-18 02:42:31,903 - Averaged Train Loss: 0.4055
2025-12-18 02:42:31,903 - Test Accurancy: 0.8539
2025-12-18 02:42:36,482 - Round number: 89 --------------------------
2025-12-18 02:42:36,482 - Evaluate global model
2025-12-18 02:42:38,377 - Averaged Train Loss: 0.4063
2025-12-18 02:42:38,377 - Test Accurancy: 0.8533
2025-12-18 02:42:42,971 - Round number: 90 --------------------------
2025-12-18 02:42:42,971 - Evaluate global model
2025-12-18 02:42:44,849 - Averaged Train Loss: 0.4058
2025-12-18 02:42:44,849 - Test Accurancy: 0.8538
2025-12-18 02:42:49,400 - Round number: 91 --------------------------
2025-12-18 02:42:49,400 - Evaluate global model
2025-12-18 02:42:51,262 - Averaged Train Loss: 0.4033
2025-12-18 02:42:51,262 - Test Accurancy: 0.8542
2025-12-18 02:42:55,788 - Round number: 92 --------------------------
2025-12-18 02:42:55,788 - Evaluate global model
2025-12-18 02:42:57,676 - Averaged Train Loss: 0.4043
2025-12-18 02:42:57,676 - Test Accurancy: 0.8535
2025-12-18 02:43:02,239 - Round number: 93 --------------------------
2025-12-18 02:43:02,239 - Evaluate global model
2025-12-18 02:43:04,139 - Averaged Train Loss: 0.4010
2025-12-18 02:43:04,139 - Test Accurancy: 0.8547
2025-12-18 02:43:08,685 - Round number: 94 --------------------------
2025-12-18 02:43:08,686 - Evaluate global model
2025-12-18 02:43:10,587 - Averaged Train Loss: 0.4036
2025-12-18 02:43:10,587 - Test Accurancy: 0.8538
2025-12-18 02:43:15,145 - Round number: 95 --------------------------
2025-12-18 02:43:15,146 - Evaluate global model
2025-12-18 02:43:17,042 - Averaged Train Loss: 0.4026
2025-12-18 02:43:17,042 - Test Accurancy: 0.8549
2025-12-18 02:43:21,613 - Round number: 96 --------------------------
2025-12-18 02:43:21,613 - Evaluate global model
2025-12-18 02:43:23,510 - Averaged Train Loss: 0.4015
2025-12-18 02:43:23,510 - Test Accurancy: 0.8550
2025-12-18 02:43:28,024 - Round number: 97 --------------------------
2025-12-18 02:43:28,024 - Evaluate global model
2025-12-18 02:43:29,936 - Averaged Train Loss: 0.4007
2025-12-18 02:43:29,936 - Test Accurancy: 0.8559
2025-12-18 02:43:34,470 - Round number: 98 --------------------------
2025-12-18 02:43:34,470 - Evaluate global model
2025-12-18 02:43:36,382 - Averaged Train Loss: 0.4021
2025-12-18 02:43:36,383 - Test Accurancy: 0.8546
2025-12-18 02:43:40,899 - Round number: 99 --------------------------
2025-12-18 02:43:40,899 - Evaluate global model
2025-12-18 02:43:42,797 - Averaged Train Loss: 0.3998
2025-12-18 02:43:42,797 - Test Accurancy: 0.8563
2025-12-18 02:43:47,340 - Round number: 100 --------------------------
2025-12-18 02:43:47,340 - Evaluate global model
2025-12-18 02:43:49,228 - Averaged Train Loss: 0.3988
2025-12-18 02:43:49,228 - Test Accurancy: 0.8559
2025-12-18 02:43:53,743 - Run over
2025-12-18 02:43:53,744 - Saving results to ./exp/exp4/FashionMNIST/avg_none.h5
2025-12-18 02:43:53,746 - Best accuracy: 0.8562863994518671
2025-12-18 02:43:53,746 - Average time cost per round: 6.439083335399627
