2026-04-12 15:18:20,414 - *****************EXP-4*****************
2026-04-12 15:18:20,414 - Exp repeats: 1
2026-04-12 15:18:20,414 - Communication Rounds: 100
2026-04-12 15:18:20,415 - Clients: 40

2026-04-12 15:18:20,415 - Attack method: CAMP
2026-04-12 15:18:20,415 - Filtering rule: avg
2026-04-12 15:18:20,415 - Dataset: FashionMNIST
2026-04-12 15:18:20,415 - Model: cnn
2026-04-12 15:18:20,415 - Learning Rate: 0.02
2026-04-12 15:18:20,415 - Batch Size: 64
2026-04-12 15:18:20,415 - Device: cuda
2026-04-12 15:18:20,415 - Device id: 0
2026-04-12 15:18:20,415 - Adversaries: 8
2026-04-12 15:18:20,415 - Model Poisoning: CAMP attack, mode clipping_v5
2026-04-12 15:18:20,415 - *****************EXP-4*****************
2026-04-12 15:18:20,854 - Running time: 0th ==========================
2026-04-12 15:18:23,238 - Round number: 0 --------------------------
2026-04-12 15:18:23,238 - Evaluate global model
2026-04-12 15:18:25,945 - Averaged Train Loss: 2.3011
2026-04-12 15:18:25,945 - Test Accurancy: 0.0974
2026-04-12 15:18:33,364 - Round number: 1 --------------------------
2026-04-12 15:18:33,365 - Evaluate global model
2026-04-12 15:18:35,640 - Averaged Train Loss: 1.8852
2026-04-12 15:18:35,640 - Test Accurancy: 0.5180
2026-04-12 15:18:42,017 - Round number: 2 --------------------------
2026-04-12 15:18:42,018 - Evaluate global model
2026-04-12 15:18:45,012 - Averaged Train Loss: 1.3384
2026-04-12 15:18:45,012 - Test Accurancy: 0.5980
2026-04-12 15:18:50,641 - Round number: 3 --------------------------
2026-04-12 15:18:50,642 - Evaluate global model
2026-04-12 15:18:54,257 - Averaged Train Loss: 1.0374
2026-04-12 15:18:54,257 - Test Accurancy: 0.6498
2026-04-12 15:19:01,261 - Round number: 4 --------------------------
2026-04-12 15:19:01,261 - Evaluate global model
2026-04-12 15:19:04,640 - Averaged Train Loss: 0.9067
2026-04-12 15:19:04,641 - Test Accurancy: 0.6746
2026-04-12 15:19:10,878 - Round number: 5 --------------------------
2026-04-12 15:19:10,879 - Evaluate global model
2026-04-12 15:19:13,768 - Averaged Train Loss: 0.8250
2026-04-12 15:19:13,768 - Test Accurancy: 0.6969
2026-04-12 15:19:20,647 - Round number: 6 --------------------------
2026-04-12 15:19:20,648 - Evaluate global model
2026-04-12 15:19:23,107 - Averaged Train Loss: 0.7754
2026-04-12 15:19:23,107 - Test Accurancy: 0.7155
2026-04-12 15:19:30,728 - Round number: 7 --------------------------
2026-04-12 15:19:30,747 - Evaluate global model
2026-04-12 15:19:33,792 - Averaged Train Loss: 0.7447
2026-04-12 15:19:33,792 - Test Accurancy: 0.7257
2026-04-12 15:19:40,882 - Round number: 8 --------------------------
2026-04-12 15:19:40,883 - Evaluate global model
2026-04-12 15:19:44,290 - Averaged Train Loss: 0.7218
2026-04-12 15:19:44,296 - Test Accurancy: 0.7333
2026-04-12 15:19:50,673 - Round number: 9 --------------------------
2026-04-12 15:19:50,674 - Evaluate global model
2026-04-12 15:19:53,560 - Averaged Train Loss: 0.6977
2026-04-12 15:19:53,560 - Test Accurancy: 0.7424
2026-04-12 15:20:00,148 - Round number: 10 --------------------------
2026-04-12 15:20:00,149 - Evaluate global model
2026-04-12 15:20:03,030 - Averaged Train Loss: 0.6789
2026-04-12 15:20:03,031 - Test Accurancy: 0.7489
2026-04-12 15:20:09,984 - Round number: 11 --------------------------
2026-04-12 15:20:09,985 - Evaluate global model
2026-04-12 15:20:12,591 - Averaged Train Loss: 0.6644
2026-04-12 15:20:12,591 - Test Accurancy: 0.7545
2026-04-12 15:20:19,039 - Round number: 12 --------------------------
2026-04-12 15:20:19,039 - Evaluate global model
2026-04-12 15:20:21,814 - Averaged Train Loss: 0.6550
2026-04-12 15:20:21,815 - Test Accurancy: 0.7573
2026-04-12 15:20:28,831 - Round number: 13 --------------------------
2026-04-12 15:20:28,831 - Evaluate global model
2026-04-12 15:20:31,175 - Averaged Train Loss: 0.6440
2026-04-12 15:20:31,176 - Test Accurancy: 0.7612
2026-04-12 15:20:36,899 - Round number: 14 --------------------------
2026-04-12 15:20:36,900 - Evaluate global model
2026-04-12 15:20:40,162 - Averaged Train Loss: 0.6363
2026-04-12 15:20:40,163 - Test Accurancy: 0.7641
2026-04-12 15:20:46,108 - Round number: 15 --------------------------
2026-04-12 15:20:46,108 - Evaluate global model
2026-04-12 15:20:49,801 - Averaged Train Loss: 0.6304
2026-04-12 15:20:49,817 - Test Accurancy: 0.7666
2026-04-12 15:20:55,987 - Round number: 16 --------------------------
2026-04-12 15:20:55,988 - Evaluate global model
2026-04-12 15:20:58,823 - Averaged Train Loss: 0.6207
2026-04-12 15:20:58,823 - Test Accurancy: 0.7707
2026-04-12 15:21:04,714 - Round number: 17 --------------------------
2026-04-12 15:21:04,714 - Evaluate global model
2026-04-12 15:21:07,649 - Averaged Train Loss: 0.6086
2026-04-12 15:21:07,649 - Test Accurancy: 0.7741
2026-04-12 15:21:13,524 - Round number: 18 --------------------------
2026-04-12 15:21:13,524 - Evaluate global model
2026-04-12 15:21:16,743 - Averaged Train Loss: 0.6012
2026-04-12 15:21:16,743 - Test Accurancy: 0.7773
2026-04-12 15:21:23,656 - Round number: 19 --------------------------
2026-04-12 15:21:23,656 - Evaluate global model
2026-04-12 15:21:26,893 - Averaged Train Loss: 0.5933
2026-04-12 15:21:26,894 - Test Accurancy: 0.7795
2026-04-12 15:21:33,379 - Round number: 20 --------------------------
2026-04-12 15:21:33,379 - Evaluate global model
2026-04-12 15:21:36,354 - Averaged Train Loss: 0.5889
2026-04-12 15:21:36,355 - Test Accurancy: 0.7807
2026-04-12 15:21:42,480 - Round number: 21 --------------------------
2026-04-12 15:21:42,481 - Evaluate global model
2026-04-12 15:21:45,486 - Averaged Train Loss: 0.5817
2026-04-12 15:21:45,486 - Test Accurancy: 0.7837
2026-04-12 15:21:52,242 - Round number: 22 --------------------------
2026-04-12 15:21:52,245 - Evaluate global model
2026-04-12 15:21:55,155 - Averaged Train Loss: 0.5758
2026-04-12 15:21:55,155 - Test Accurancy: 0.7851
2026-04-12 15:22:01,970 - Round number: 23 --------------------------
2026-04-12 15:22:01,971 - Evaluate global model
2026-04-12 15:22:04,949 - Averaged Train Loss: 0.5738
2026-04-12 15:22:04,950 - Test Accurancy: 0.7859
2026-04-12 15:22:10,296 - Round number: 24 --------------------------
2026-04-12 15:22:10,296 - Evaluate global model
2026-04-12 15:22:13,581 - Averaged Train Loss: 0.5691
2026-04-12 15:22:13,582 - Test Accurancy: 0.7884
2026-04-12 15:22:19,892 - Round number: 25 --------------------------
2026-04-12 15:22:19,893 - Evaluate global model
2026-04-12 15:22:22,690 - Averaged Train Loss: 0.5646
2026-04-12 15:22:22,691 - Test Accurancy: 0.7885
2026-04-12 15:22:28,762 - Round number: 26 --------------------------
2026-04-12 15:22:28,762 - Evaluate global model
2026-04-12 15:22:31,793 - Averaged Train Loss: 0.5586
2026-04-12 15:22:31,793 - Test Accurancy: 0.7909
2026-04-12 15:22:38,132 - Round number: 27 --------------------------
2026-04-12 15:22:38,132 - Evaluate global model
2026-04-12 15:22:41,342 - Averaged Train Loss: 0.5524
2026-04-12 15:22:41,342 - Test Accurancy: 0.7930
2026-04-12 15:22:48,751 - Round number: 28 --------------------------
2026-04-12 15:22:48,758 - Evaluate global model
2026-04-12 15:22:51,567 - Averaged Train Loss: 0.5486
2026-04-12 15:22:51,582 - Test Accurancy: 0.7948
2026-04-12 15:22:58,466 - Round number: 29 --------------------------
2026-04-12 15:22:58,467 - Evaluate global model
2026-04-12 15:23:01,444 - Averaged Train Loss: 0.5452
2026-04-12 15:23:01,446 - Test Accurancy: 0.7955
2026-04-12 15:23:07,892 - Round number: 30 --------------------------
2026-04-12 15:23:07,892 - Evaluate global model
2026-04-12 15:23:11,429 - Averaged Train Loss: 0.5435
2026-04-12 15:23:11,430 - Test Accurancy: 0.7964
2026-04-12 15:23:17,715 - Round number: 31 --------------------------
2026-04-12 15:23:17,716 - Evaluate global model
2026-04-12 15:23:20,327 - Averaged Train Loss: 0.5412
2026-04-12 15:23:20,328 - Test Accurancy: 0.7977
2026-04-12 15:23:27,152 - Round number: 32 --------------------------
2026-04-12 15:23:27,152 - Evaluate global model
2026-04-12 15:23:30,435 - Averaged Train Loss: 0.5355
2026-04-12 15:23:30,436 - Test Accurancy: 0.7992
2026-04-12 15:23:36,514 - Round number: 33 --------------------------
2026-04-12 15:23:36,514 - Evaluate global model
2026-04-12 15:23:39,694 - Averaged Train Loss: 0.5361
2026-04-12 15:23:39,695 - Test Accurancy: 0.7994
2026-04-12 15:23:46,141 - Round number: 34 --------------------------
2026-04-12 15:23:46,141 - Evaluate global model
2026-04-12 15:23:48,699 - Averaged Train Loss: 0.5328
2026-04-12 15:23:48,699 - Test Accurancy: 0.8007
2026-04-12 15:23:55,472 - Round number: 35 --------------------------
2026-04-12 15:23:55,472 - Evaluate global model
2026-04-12 15:23:58,442 - Averaged Train Loss: 0.5274
2026-04-12 15:23:58,445 - Test Accurancy: 0.8027
2026-04-12 15:24:05,429 - Round number: 36 --------------------------
2026-04-12 15:24:05,430 - Evaluate global model
2026-04-12 15:24:08,350 - Averaged Train Loss: 0.5276
2026-04-12 15:24:08,350 - Test Accurancy: 0.8030
2026-04-12 15:24:14,535 - Round number: 37 --------------------------
2026-04-12 15:24:14,535 - Evaluate global model
2026-04-12 15:24:17,931 - Averaged Train Loss: 0.5230
2026-04-12 15:24:17,932 - Test Accurancy: 0.8036
2026-04-12 15:24:24,872 - Round number: 38 --------------------------
2026-04-12 15:24:24,873 - Evaluate global model
2026-04-12 15:24:28,325 - Averaged Train Loss: 0.5223
2026-04-12 15:24:28,325 - Test Accurancy: 0.8040
2026-04-12 15:24:34,951 - Round number: 39 --------------------------
2026-04-12 15:24:34,952 - Evaluate global model
2026-04-12 15:24:37,764 - Averaged Train Loss: 0.5208
2026-04-12 15:24:37,765 - Test Accurancy: 0.8059
2026-04-12 15:24:43,596 - Round number: 40 --------------------------
2026-04-12 15:24:43,596 - Evaluate global model
2026-04-12 15:24:46,696 - Averaged Train Loss: 0.5202
2026-04-12 15:24:46,697 - Test Accurancy: 0.8053
2026-04-12 15:24:53,299 - Round number: 41 --------------------------
2026-04-12 15:24:53,299 - Evaluate global model
2026-04-12 15:24:56,566 - Averaged Train Loss: 0.5143
2026-04-12 15:24:56,566 - Test Accurancy: 0.8073
2026-04-12 15:25:02,911 - Round number: 42 --------------------------
2026-04-12 15:25:02,912 - Evaluate global model
2026-04-12 15:25:06,137 - Averaged Train Loss: 0.5166
2026-04-12 15:25:06,142 - Test Accurancy: 0.8072
2026-04-12 15:25:12,185 - Round number: 43 --------------------------
2026-04-12 15:25:12,186 - Evaluate global model
2026-04-12 15:25:15,301 - Averaged Train Loss: 0.5112
2026-04-12 15:25:15,301 - Test Accurancy: 0.8094
2026-04-12 15:25:22,016 - Round number: 44 --------------------------
2026-04-12 15:25:22,017 - Evaluate global model
2026-04-12 15:25:24,998 - Averaged Train Loss: 0.5065
2026-04-12 15:25:24,999 - Test Accurancy: 0.8104
2026-04-12 15:25:31,604 - Round number: 45 --------------------------
2026-04-12 15:25:31,604 - Evaluate global model
2026-04-12 15:25:34,729 - Averaged Train Loss: 0.5068
2026-04-12 15:25:34,730 - Test Accurancy: 0.8099
2026-04-12 15:25:40,130 - Round number: 46 --------------------------
2026-04-12 15:25:40,130 - Evaluate global model
2026-04-12 15:25:43,634 - Averaged Train Loss: 0.5054
2026-04-12 15:25:43,634 - Test Accurancy: 0.8100
2026-04-12 15:25:50,083 - Round number: 47 --------------------------
2026-04-12 15:25:50,083 - Evaluate global model
2026-04-12 15:25:52,954 - Averaged Train Loss: 0.5020
2026-04-12 15:25:52,954 - Test Accurancy: 0.8119
2026-04-12 15:25:59,363 - Round number: 48 --------------------------
2026-04-12 15:25:59,363 - Evaluate global model
2026-04-12 15:26:02,512 - Averaged Train Loss: 0.5009
2026-04-12 15:26:02,513 - Test Accurancy: 0.8134
2026-04-12 15:26:08,970 - Round number: 49 --------------------------
2026-04-12 15:26:08,970 - Evaluate global model
2026-04-12 15:26:12,628 - Averaged Train Loss: 0.4970
2026-04-12 15:26:12,628 - Test Accurancy: 0.8144
2026-04-12 15:26:18,867 - Round number: 50 --------------------------
2026-04-12 15:26:18,867 - Evaluate global model
2026-04-12 15:26:21,757 - Averaged Train Loss: 0.4938
2026-04-12 15:26:21,757 - Test Accurancy: 0.8163
2026-04-12 15:26:28,426 - Round number: 51 --------------------------
2026-04-12 15:26:28,427 - Evaluate global model
2026-04-12 15:26:31,509 - Averaged Train Loss: 0.4933
2026-04-12 15:26:31,509 - Test Accurancy: 0.8161
2026-04-12 15:26:37,570 - Round number: 52 --------------------------
2026-04-12 15:26:37,571 - Evaluate global model
2026-04-12 15:26:40,570 - Averaged Train Loss: 0.4939
2026-04-12 15:26:40,570 - Test Accurancy: 0.8173
2026-04-12 15:26:47,119 - Round number: 53 --------------------------
2026-04-12 15:26:47,119 - Evaluate global model
2026-04-12 15:26:49,853 - Averaged Train Loss: 0.4924
2026-04-12 15:26:49,853 - Test Accurancy: 0.8179
2026-04-12 15:26:55,899 - Round number: 54 --------------------------
2026-04-12 15:26:55,899 - Evaluate global model
2026-04-12 15:26:58,990 - Averaged Train Loss: 0.4931
2026-04-12 15:26:58,991 - Test Accurancy: 0.8159
2026-04-12 15:27:05,629 - Round number: 55 --------------------------
2026-04-12 15:27:05,629 - Evaluate global model
2026-04-12 15:27:09,223 - Averaged Train Loss: 0.4897
2026-04-12 15:27:09,223 - Test Accurancy: 0.8180
2026-04-12 15:27:14,534 - Round number: 56 --------------------------
2026-04-12 15:27:14,534 - Evaluate global model
2026-04-12 15:27:17,271 - Averaged Train Loss: 0.4873
2026-04-12 15:27:17,272 - Test Accurancy: 0.8193
2026-04-12 15:27:23,364 - Round number: 57 --------------------------
2026-04-12 15:27:23,372 - Evaluate global model
2026-04-12 15:27:26,704 - Averaged Train Loss: 0.4852
2026-04-12 15:27:26,704 - Test Accurancy: 0.8194
2026-04-12 15:27:33,573 - Round number: 58 --------------------------
2026-04-12 15:27:33,574 - Evaluate global model
2026-04-12 15:27:36,841 - Averaged Train Loss: 0.4875
2026-04-12 15:27:36,841 - Test Accurancy: 0.8185
2026-04-12 15:27:42,041 - Round number: 59 --------------------------
2026-04-12 15:27:42,041 - Evaluate global model
2026-04-12 15:27:45,299 - Averaged Train Loss: 0.4809
2026-04-12 15:27:45,299 - Test Accurancy: 0.8225
2026-04-12 15:27:52,254 - Round number: 60 --------------------------
2026-04-12 15:27:52,254 - Evaluate global model
2026-04-12 15:27:56,059 - Averaged Train Loss: 0.4814
2026-04-12 15:27:56,059 - Test Accurancy: 0.8219
2026-04-12 15:28:02,007 - Round number: 61 --------------------------
2026-04-12 15:28:02,007 - Evaluate global model
2026-04-12 15:28:05,335 - Averaged Train Loss: 0.4821
2026-04-12 15:28:05,336 - Test Accurancy: 0.8221
2026-04-12 15:28:11,186 - Round number: 62 --------------------------
2026-04-12 15:28:11,186 - Evaluate global model
2026-04-12 15:28:13,886 - Averaged Train Loss: 0.4806
2026-04-12 15:28:13,890 - Test Accurancy: 0.8227
2026-04-12 15:28:19,776 - Round number: 63 --------------------------
2026-04-12 15:28:19,776 - Evaluate global model
2026-04-12 15:28:23,176 - Averaged Train Loss: 0.4806
2026-04-12 15:28:23,177 - Test Accurancy: 0.8227
2026-04-12 15:28:28,981 - Round number: 64 --------------------------
2026-04-12 15:28:28,981 - Evaluate global model
2026-04-12 15:28:32,327 - Averaged Train Loss: 0.4784
2026-04-12 15:28:32,327 - Test Accurancy: 0.8238
2026-04-12 15:28:39,522 - Round number: 65 --------------------------
2026-04-12 15:28:39,523 - Evaluate global model
2026-04-12 15:28:42,943 - Averaged Train Loss: 0.4774
2026-04-12 15:28:42,943 - Test Accurancy: 0.8231
2026-04-12 15:28:48,356 - Round number: 66 --------------------------
2026-04-12 15:28:48,356 - Evaluate global model
2026-04-12 15:28:51,567 - Averaged Train Loss: 0.4723
2026-04-12 15:28:51,567 - Test Accurancy: 0.8253
2026-04-12 15:28:58,234 - Round number: 67 --------------------------
2026-04-12 15:28:58,250 - Evaluate global model
2026-04-12 15:29:01,770 - Averaged Train Loss: 0.4750
2026-04-12 15:29:01,771 - Test Accurancy: 0.8243
2026-04-12 15:29:08,016 - Round number: 68 --------------------------
2026-04-12 15:29:08,016 - Evaluate global model
2026-04-12 15:29:10,912 - Averaged Train Loss: 0.4716
2026-04-12 15:29:10,913 - Test Accurancy: 0.8255
2026-04-12 15:29:17,580 - Round number: 69 --------------------------
2026-04-12 15:29:17,580 - Evaluate global model
2026-04-12 15:29:20,370 - Averaged Train Loss: 0.4713
2026-04-12 15:29:20,370 - Test Accurancy: 0.8244
2026-04-12 15:29:26,333 - Round number: 70 --------------------------
2026-04-12 15:29:26,333 - Evaluate global model
2026-04-12 15:29:29,295 - Averaged Train Loss: 0.4705
2026-04-12 15:29:29,307 - Test Accurancy: 0.8267
2026-04-12 15:29:36,251 - Round number: 71 --------------------------
2026-04-12 15:29:36,251 - Evaluate global model
2026-04-12 15:29:39,357 - Averaged Train Loss: 0.4648
2026-04-12 15:29:39,357 - Test Accurancy: 0.8299
2026-04-12 15:29:46,093 - Round number: 72 --------------------------
2026-04-12 15:29:46,094 - Evaluate global model
2026-04-12 15:29:49,330 - Averaged Train Loss: 0.4643
2026-04-12 15:29:49,330 - Test Accurancy: 0.8299
2026-04-12 15:29:55,699 - Round number: 73 --------------------------
2026-04-12 15:29:55,700 - Evaluate global model
2026-04-12 15:29:59,125 - Averaged Train Loss: 0.4681
2026-04-12 15:29:59,125 - Test Accurancy: 0.8265
2026-04-12 15:30:05,191 - Round number: 74 --------------------------
2026-04-12 15:30:05,191 - Evaluate global model
2026-04-12 15:30:07,743 - Averaged Train Loss: 0.4644
2026-04-12 15:30:07,743 - Test Accurancy: 0.8296
2026-04-12 15:30:14,327 - Round number: 75 --------------------------
2026-04-12 15:30:14,328 - Evaluate global model
2026-04-12 15:30:17,004 - Averaged Train Loss: 0.4637
2026-04-12 15:30:17,004 - Test Accurancy: 0.8292
2026-04-12 15:30:22,926 - Round number: 76 --------------------------
2026-04-12 15:30:22,927 - Evaluate global model
2026-04-12 15:30:26,356 - Averaged Train Loss: 0.4611
2026-04-12 15:30:26,356 - Test Accurancy: 0.8309
2026-04-12 15:30:31,913 - Round number: 77 --------------------------
2026-04-12 15:30:31,914 - Evaluate global model
2026-04-12 15:30:34,890 - Averaged Train Loss: 0.4611
2026-04-12 15:30:34,890 - Test Accurancy: 0.8312
2026-04-12 15:30:42,036 - Round number: 78 --------------------------
2026-04-12 15:30:42,036 - Evaluate global model
2026-04-12 15:30:44,938 - Averaged Train Loss: 0.4591
2026-04-12 15:30:44,939 - Test Accurancy: 0.8320
2026-04-12 15:30:51,139 - Round number: 79 --------------------------
2026-04-12 15:30:51,140 - Evaluate global model
2026-04-12 15:30:54,261 - Averaged Train Loss: 0.4612
2026-04-12 15:30:54,262 - Test Accurancy: 0.8320
2026-04-12 15:31:00,885 - Round number: 80 --------------------------
2026-04-12 15:31:00,886 - Evaluate global model
2026-04-12 15:31:04,242 - Averaged Train Loss: 0.4593
2026-04-12 15:31:04,242 - Test Accurancy: 0.8317
2026-04-12 15:31:10,846 - Round number: 81 --------------------------
2026-04-12 15:31:10,846 - Evaluate global model
2026-04-12 15:31:14,019 - Averaged Train Loss: 0.4610
2026-04-12 15:31:14,027 - Test Accurancy: 0.8310
2026-04-12 15:31:20,139 - Round number: 82 --------------------------
2026-04-12 15:31:20,139 - Evaluate global model
2026-04-12 15:31:23,305 - Averaged Train Loss: 0.4591
2026-04-12 15:31:23,306 - Test Accurancy: 0.8320
2026-04-12 15:31:29,209 - Round number: 83 --------------------------
2026-04-12 15:31:29,209 - Evaluate global model
2026-04-12 15:31:32,334 - Averaged Train Loss: 0.4552
2026-04-12 15:31:32,334 - Test Accurancy: 0.8338
2026-04-12 15:31:39,372 - Round number: 84 --------------------------
2026-04-12 15:31:39,372 - Evaluate global model
2026-04-12 15:31:42,103 - Averaged Train Loss: 0.4559
2026-04-12 15:31:42,104 - Test Accurancy: 0.8332
2026-04-12 15:31:48,954 - Round number: 85 --------------------------
2026-04-12 15:31:48,954 - Evaluate global model
2026-04-12 15:31:52,057 - Averaged Train Loss: 0.4539
2026-04-12 15:31:52,057 - Test Accurancy: 0.8349
2026-04-12 15:31:59,474 - Round number: 86 --------------------------
2026-04-12 15:31:59,475 - Evaluate global model
2026-04-12 15:32:02,595 - Averaged Train Loss: 0.4545
2026-04-12 15:32:02,612 - Test Accurancy: 0.8339
2026-04-12 15:32:09,339 - Round number: 87 --------------------------
2026-04-12 15:32:09,339 - Evaluate global model
2026-04-12 15:32:12,470 - Averaged Train Loss: 0.4538
2026-04-12 15:32:12,470 - Test Accurancy: 0.8346
2026-04-12 15:32:18,900 - Round number: 88 --------------------------
2026-04-12 15:32:18,900 - Evaluate global model
2026-04-12 15:32:22,197 - Averaged Train Loss: 0.4529
2026-04-12 15:32:22,198 - Test Accurancy: 0.8345
2026-04-12 15:32:28,813 - Round number: 89 --------------------------
2026-04-12 15:32:28,826 - Evaluate global model
2026-04-12 15:32:32,284 - Averaged Train Loss: 0.4529
2026-04-12 15:32:32,284 - Test Accurancy: 0.8345
2026-04-12 15:32:38,612 - Round number: 90 --------------------------
2026-04-12 15:32:38,613 - Evaluate global model
2026-04-12 15:32:41,036 - Averaged Train Loss: 0.4514
2026-04-12 15:32:41,036 - Test Accurancy: 0.8352
2026-04-12 15:32:48,207 - Round number: 91 --------------------------
2026-04-12 15:32:48,210 - Evaluate global model
2026-04-12 15:32:51,195 - Averaged Train Loss: 0.4521
2026-04-12 15:32:51,196 - Test Accurancy: 0.8348
2026-04-12 15:32:57,408 - Round number: 92 --------------------------
2026-04-12 15:32:57,408 - Evaluate global model
2026-04-12 15:33:00,543 - Averaged Train Loss: 0.4500
2026-04-12 15:33:00,543 - Test Accurancy: 0.8361
2026-04-12 15:33:08,041 - Round number: 93 --------------------------
2026-04-12 15:33:08,041 - Evaluate global model
2026-04-12 15:33:11,196 - Averaged Train Loss: 0.4519
2026-04-12 15:33:11,197 - Test Accurancy: 0.8357
2026-04-12 15:33:17,317 - Round number: 94 --------------------------
2026-04-12 15:33:17,317 - Evaluate global model
2026-04-12 15:33:20,440 - Averaged Train Loss: 0.4472
2026-04-12 15:33:20,440 - Test Accurancy: 0.8375
2026-04-12 15:33:26,108 - Round number: 95 --------------------------
2026-04-12 15:33:26,109 - Evaluate global model
2026-04-12 15:33:29,174 - Averaged Train Loss: 0.4484
2026-04-12 15:33:29,174 - Test Accurancy: 0.8365
2026-04-12 15:33:35,797 - Round number: 96 --------------------------
2026-04-12 15:33:35,798 - Evaluate global model
2026-04-12 15:33:38,882 - Averaged Train Loss: 0.4485
2026-04-12 15:33:38,883 - Test Accurancy: 0.8374
2026-04-12 15:33:45,671 - Round number: 97 --------------------------
2026-04-12 15:33:45,671 - Evaluate global model
2026-04-12 15:33:48,359 - Averaged Train Loss: 0.4475
2026-04-12 15:33:48,359 - Test Accurancy: 0.8374
2026-04-12 15:33:55,036 - Round number: 98 --------------------------
2026-04-12 15:33:55,036 - Evaluate global model
2026-04-12 15:33:58,092 - Averaged Train Loss: 0.4476
2026-04-12 15:33:58,093 - Test Accurancy: 0.8365
2026-04-12 15:34:04,570 - Round number: 99 --------------------------
2026-04-12 15:34:04,574 - Evaluate global model
2026-04-12 15:34:07,774 - Averaged Train Loss: 0.4453
2026-04-12 15:34:07,775 - Test Accurancy: 0.8375
2026-04-12 15:34:13,966 - Round number: 100 --------------------------
2026-04-12 15:34:13,966 - Evaluate global model
2026-04-12 15:34:16,513 - Averaged Train Loss: 0.4449
2026-04-12 15:34:16,513 - Test Accurancy: 0.8372
2026-04-12 15:34:22,060 - Run over
2026-04-12 15:34:22,061 - Saving results to ./exp/exp4/FashionMNIST/avg_CAMP_clipping_v5.h5
2026-04-12 15:34:22,066 - Best accuracy: 0.837501427429485
2026-04-12 15:34:22,066 - Average time cost per round: 9.487025866508484
