2026-04-15 14:37:44,958 - *****************EXP-4*****************
2026-04-15 14:37:44,958 - Exp repeats: 1
2026-04-15 14:37:44,958 - Communication Rounds: 100
2026-04-15 14:37:44,959 - Clients: 40

2026-04-15 14:37:44,959 - Attack method: sign_flip
2026-04-15 14:37:44,959 - Filtering rule: flame
2026-04-15 14:37:44,959 - Dataset: FashionMNIST
2026-04-15 14:37:44,959 - Model: cnn
2026-04-15 14:37:44,959 - Learning Rate: 0.02
2026-04-15 14:37:44,959 - Batch Size: 64
2026-04-15 14:37:44,959 - Device: cuda
2026-04-15 14:37:44,959 - Device id: 0
2026-04-15 14:37:44,959 - Adversaries: 8
2026-04-15 14:37:44,959 - Model Poisoning: Sign Flip attack
2026-04-15 14:37:44,959 - *****************EXP-4*****************
2026-04-15 14:37:45,588 - Running time: 0th ==========================
2026-04-15 14:37:47,795 - Round number: 0 --------------------------
2026-04-15 14:37:47,796 - Evaluate global model
2026-04-15 14:37:50,347 - Averaged Train Loss: 2.3011
2026-04-15 14:37:50,347 - Test Accurancy: 0.0974
2026-04-15 14:37:55,934 - Flame select clients: [0, 1, 3, 8, 10, 12, 13, 14, 15, 19, 20, 21, 24, 26, 29, 32, 33, 34, 37, 38, 39]
2026-04-15 14:37:55,950 - Round number: 1 --------------------------
2026-04-15 14:37:55,950 - Evaluate global model
2026-04-15 14:37:57,420 - Averaged Train Loss: 1.9903
2026-04-15 14:37:57,421 - Test Accurancy: 0.4507
2026-04-15 14:38:02,218 - Flame select clients: [0, 1, 2, 8, 10, 12, 13, 14, 15, 16, 19, 20, 24, 26, 29, 32, 33, 34, 37, 38, 39]
2026-04-15 14:38:02,266 - Round number: 2 --------------------------
2026-04-15 14:38:02,267 - Evaluate global model
2026-04-15 14:38:04,140 - Averaged Train Loss: 1.5332
2026-04-15 14:38:04,140 - Test Accurancy: 0.5359
2026-04-15 14:38:09,063 - Flame select clients: [0, 1, 8, 10, 11, 12, 13, 14, 15, 19, 20, 21, 24, 29, 30, 32, 33, 34, 36, 37, 38, 39]
2026-04-15 14:38:09,079 - Round number: 3 --------------------------
2026-04-15 14:38:09,079 - Evaluate global model
2026-04-15 14:38:10,678 - Averaged Train Loss: 1.1762
2026-04-15 14:38:10,678 - Test Accurancy: 0.5873
2026-04-15 14:38:16,197 - Flame select clients: [0, 1, 8, 10, 11, 12, 14, 15, 19, 20, 21, 24, 29, 30, 32, 33, 34, 36, 37, 38, 39]
2026-04-15 14:38:16,229 - Round number: 4 --------------------------
2026-04-15 14:38:16,229 - Evaluate global model
2026-04-15 14:38:17,924 - Averaged Train Loss: 1.0184
2026-04-15 14:38:17,924 - Test Accurancy: 0.6194
2026-04-15 14:38:23,014 - Flame select clients: [0, 1, 3, 8, 9, 11, 12, 13, 14, 15, 16, 19, 20, 21, 24, 29, 32, 33, 34, 37, 38, 39]
2026-04-15 14:38:23,031 - Round number: 5 --------------------------
2026-04-15 14:38:23,031 - Evaluate global model
2026-04-15 14:38:24,595 - Averaged Train Loss: 0.9233
2026-04-15 14:38:24,599 - Test Accurancy: 0.6526
2026-04-15 14:38:32,173 - Flame select clients: [0, 1, 3, 8, 9, 11, 12, 13, 19, 20, 21, 24, 29, 30, 32, 33, 34, 36, 37, 38, 39]
2026-04-15 14:38:32,241 - Round number: 6 --------------------------
2026-04-15 14:38:32,241 - Evaluate global model
2026-04-15 14:38:35,732 - Averaged Train Loss: 0.8664
2026-04-15 14:38:35,733 - Test Accurancy: 0.6724
2026-04-15 14:38:41,630 - Flame select clients: [0, 1, 3, 7, 8, 9, 11, 12, 13, 19, 20, 21, 24, 29, 30, 32, 33, 34, 36, 37, 38, 39]
2026-04-15 14:38:41,689 - Round number: 7 --------------------------
2026-04-15 14:38:41,690 - Evaluate global model
2026-04-15 14:38:47,910 - Averaged Train Loss: 0.8586
2026-04-15 14:38:47,910 - Test Accurancy: 0.6789
2026-04-15 14:38:53,318 - Flame select clients: [0, 1, 3, 8, 9, 11, 12, 13, 19, 20, 21, 24, 29, 30, 32, 33, 34, 36, 37, 38, 39]
2026-04-15 14:38:53,398 - Round number: 8 --------------------------
2026-04-15 14:38:53,398 - Evaluate global model
2026-04-15 14:38:57,753 - Averaged Train Loss: 0.8102
2026-04-15 14:38:57,754 - Test Accurancy: 0.6992
2026-04-15 14:39:03,131 - Flame select clients: [0, 1, 3, 7, 8, 9, 11, 12, 13, 19, 20, 21, 24, 29, 30, 32, 33, 34, 36, 37, 38, 39]
2026-04-15 14:39:03,161 - Round number: 9 --------------------------
2026-04-15 14:39:03,161 - Evaluate global model
2026-04-15 14:39:04,920 - Averaged Train Loss: 0.8005
2026-04-15 14:39:04,920 - Test Accurancy: 0.7015
2026-04-15 14:39:10,370 - Flame select clients: [0, 1, 3, 7, 8, 9, 11, 12, 13, 14, 15, 19, 20, 21, 24, 29, 30, 32, 33, 34, 37, 38, 39]
2026-04-15 14:39:10,390 - Round number: 10 --------------------------
2026-04-15 14:39:10,390 - Evaluate global model
2026-04-15 14:39:11,896 - Averaged Train Loss: 0.7605
2026-04-15 14:39:11,896 - Test Accurancy: 0.7150
2026-04-15 14:39:16,691 - Flame select clients: [0, 1, 8, 10, 11, 12, 13, 14, 15, 19, 20, 21, 24, 29, 30, 32, 33, 34, 36, 37, 39]
2026-04-15 14:39:16,713 - Round number: 11 --------------------------
2026-04-15 14:39:16,713 - Evaluate global model
2026-04-15 14:39:18,181 - Averaged Train Loss: 0.7417
2026-04-15 14:39:18,181 - Test Accurancy: 0.7288
2026-04-15 14:39:23,294 - Flame select clients: [0, 1, 3, 7, 8, 9, 10, 11, 12, 13, 14, 15, 19, 20, 21, 24, 29, 30, 32, 33, 34, 37, 38, 39]
2026-04-15 14:39:23,313 - Round number: 12 --------------------------
2026-04-15 14:39:23,314 - Evaluate global model
2026-04-15 14:39:24,734 - Averaged Train Loss: 0.7314
2026-04-15 14:39:24,734 - Test Accurancy: 0.7338
2026-04-15 14:39:29,493 - Flame select clients: [0, 4, 6, 8, 11, 12, 13, 14, 15, 16, 19, 20, 21, 24, 29, 30, 32, 33, 34, 37, 39]
2026-04-15 14:39:29,507 - Round number: 13 --------------------------
2026-04-15 14:39:29,507 - Evaluate global model
2026-04-15 14:39:30,925 - Averaged Train Loss: 0.6966
2026-04-15 14:39:30,925 - Test Accurancy: 0.7427
2026-04-15 14:39:35,666 - Flame select clients: [0, 1, 8, 10, 11, 12, 13, 14, 15, 16, 19, 20, 21, 24, 29, 30, 32, 33, 34, 37, 39]
2026-04-15 14:39:35,682 - Round number: 14 --------------------------
2026-04-15 14:39:35,683 - Evaluate global model
2026-04-15 14:39:37,525 - Averaged Train Loss: 0.6922
2026-04-15 14:39:37,526 - Test Accurancy: 0.7425
2026-04-15 14:39:42,230 - Flame select clients: [0, 1, 4, 8, 11, 12, 13, 14, 15, 16, 19, 20, 21, 24, 29, 30, 32, 33, 34, 37, 39]
2026-04-15 14:39:42,246 - Round number: 15 --------------------------
2026-04-15 14:39:42,246 - Evaluate global model
2026-04-15 14:39:44,024 - Averaged Train Loss: 0.6830
2026-04-15 14:39:44,024 - Test Accurancy: 0.7438
2026-04-15 14:39:49,061 - Flame select clients: [0, 1, 8, 10, 11, 12, 13, 14, 15, 16, 19, 20, 21, 24, 29, 30, 32, 33, 34, 37, 39]
2026-04-15 14:39:49,081 - Round number: 16 --------------------------
2026-04-15 14:39:49,082 - Evaluate global model
2026-04-15 14:39:50,715 - Averaged Train Loss: 0.6787
2026-04-15 14:39:50,716 - Test Accurancy: 0.7476
2026-04-15 14:39:55,314 - Flame select clients: [0, 1, 8, 9, 10, 11, 12, 13, 14, 15, 19, 20, 21, 24, 29, 30, 32, 33, 34, 36, 37, 39]
2026-04-15 14:39:55,330 - Round number: 17 --------------------------
2026-04-15 14:39:55,330 - Evaluate global model
2026-04-15 14:39:56,918 - Averaged Train Loss: 0.6673
2026-04-15 14:39:56,920 - Test Accurancy: 0.7519
2026-04-15 14:40:01,959 - Flame select clients: [0, 1, 8, 10, 11, 12, 13, 14, 15, 16, 19, 20, 21, 24, 29, 30, 32, 33, 34, 37, 39]
2026-04-15 14:40:01,978 - Round number: 18 --------------------------
2026-04-15 14:40:01,978 - Evaluate global model
2026-04-15 14:40:03,485 - Averaged Train Loss: 0.6579
2026-04-15 14:40:03,486 - Test Accurancy: 0.7547
2026-04-15 14:40:08,326 - Flame select clients: [0, 1, 6, 8, 10, 11, 13, 14, 15, 16, 19, 20, 21, 24, 29, 30, 32, 33, 34, 37, 39]
2026-04-15 14:40:08,340 - Round number: 19 --------------------------
2026-04-15 14:40:08,341 - Evaluate global model
2026-04-15 14:40:09,678 - Averaged Train Loss: 0.6577
2026-04-15 14:40:09,679 - Test Accurancy: 0.7571
2026-04-15 14:40:14,840 - Flame select clients: [0, 4, 6, 8, 10, 11, 12, 13, 14, 15, 16, 19, 20, 21, 24, 29, 32, 33, 34, 37, 39]
2026-04-15 14:40:14,857 - Round number: 20 --------------------------
2026-04-15 14:40:14,857 - Evaluate global model
2026-04-15 14:40:16,399 - Averaged Train Loss: 0.6492
2026-04-15 14:40:16,399 - Test Accurancy: 0.7579
2026-04-15 14:40:21,196 - Flame select clients: [0, 8, 10, 11, 12, 13, 14, 15, 16, 19, 20, 21, 24, 28, 29, 30, 32, 33, 34, 37, 39]
2026-04-15 14:40:21,209 - Round number: 21 --------------------------
2026-04-15 14:40:21,209 - Evaluate global model
2026-04-15 14:40:22,594 - Averaged Train Loss: 0.6367
2026-04-15 14:40:22,594 - Test Accurancy: 0.7615
2026-04-15 14:40:27,754 - Flame select clients: [0, 6, 8, 10, 11, 13, 14, 15, 16, 19, 20, 21, 24, 28, 29, 30, 32, 33, 34, 37, 39]
2026-04-15 14:40:27,807 - Round number: 22 --------------------------
2026-04-15 14:40:27,807 - Evaluate global model
2026-04-15 14:40:29,677 - Averaged Train Loss: 0.6270
2026-04-15 14:40:29,678 - Test Accurancy: 0.7660
2026-04-15 14:40:34,621 - Flame select clients: [0, 6, 8, 11, 12, 13, 14, 15, 16, 19, 20, 21, 24, 28, 29, 30, 32, 33, 34, 37, 39]
2026-04-15 14:40:34,635 - Round number: 23 --------------------------
2026-04-15 14:40:34,635 - Evaluate global model
2026-04-15 14:40:36,165 - Averaged Train Loss: 0.6185
2026-04-15 14:40:36,166 - Test Accurancy: 0.7678
2026-04-15 14:40:40,749 - Flame select clients: [0, 8, 10, 11, 12, 13, 14, 15, 16, 19, 20, 21, 24, 28, 29, 30, 32, 33, 34, 37, 39]
2026-04-15 14:40:40,768 - Round number: 24 --------------------------
2026-04-15 14:40:40,768 - Evaluate global model
2026-04-15 14:40:42,720 - Averaged Train Loss: 0.6135
2026-04-15 14:40:42,722 - Test Accurancy: 0.7698
2026-04-15 14:40:48,087 - Flame select clients: [0, 6, 8, 10, 11, 12, 13, 14, 15, 16, 19, 20, 21, 24, 29, 30, 32, 33, 34, 37, 39]
2026-04-15 14:40:48,122 - Round number: 25 --------------------------
2026-04-15 14:40:48,122 - Evaluate global model
2026-04-15 14:40:49,629 - Averaged Train Loss: 0.5989
2026-04-15 14:40:49,630 - Test Accurancy: 0.7733
2026-04-15 14:40:54,334 - Flame select clients: [0, 4, 8, 10, 11, 12, 13, 14, 15, 16, 19, 20, 21, 24, 29, 30, 32, 33, 34, 37, 39]
2026-04-15 14:40:54,370 - Round number: 26 --------------------------
2026-04-15 14:40:54,370 - Evaluate global model
2026-04-15 14:40:55,947 - Averaged Train Loss: 0.5980
2026-04-15 14:40:55,948 - Test Accurancy: 0.7742
2026-04-15 14:41:01,084 - Flame select clients: [0, 4, 8, 10, 11, 12, 13, 14, 15, 16, 19, 20, 21, 24, 29, 30, 32, 33, 34, 37, 39]
2026-04-15 14:41:01,152 - Round number: 27 --------------------------
2026-04-15 14:41:01,152 - Evaluate global model
2026-04-15 14:41:02,929 - Averaged Train Loss: 0.5965
2026-04-15 14:41:02,929 - Test Accurancy: 0.7746
2026-04-15 14:41:07,802 - Flame select clients: [0, 6, 8, 10, 11, 12, 13, 14, 15, 16, 19, 20, 21, 24, 29, 30, 32, 33, 34, 37, 39]
2026-04-15 14:41:07,819 - Round number: 28 --------------------------
2026-04-15 14:41:07,819 - Evaluate global model
2026-04-15 14:41:09,338 - Averaged Train Loss: 0.5932
2026-04-15 14:41:09,338 - Test Accurancy: 0.7758
2026-04-15 14:41:14,062 - Flame select clients: [0, 1, 3, 4, 6, 8, 9, 11, 13, 14, 15, 16, 19, 20, 21, 24, 29, 30, 32, 33, 34, 37, 38, 39]
2026-04-15 14:41:14,088 - Round number: 29 --------------------------
2026-04-15 14:41:14,088 - Evaluate global model
2026-04-15 14:41:16,277 - Averaged Train Loss: 0.5816
2026-04-15 14:41:16,277 - Test Accurancy: 0.7809
2026-04-15 14:41:21,383 - Flame select clients: [0, 4, 8, 11, 12, 13, 14, 15, 16, 19, 20, 21, 24, 28, 29, 30, 32, 33, 34, 37, 39]
2026-04-15 14:41:21,425 - Round number: 30 --------------------------
2026-04-15 14:41:21,425 - Evaluate global model
2026-04-15 14:41:22,896 - Averaged Train Loss: 0.5800
2026-04-15 14:41:22,897 - Test Accurancy: 0.7811
2026-04-15 14:41:27,981 - Flame select clients: [0, 1, 8, 10, 11, 12, 13, 14, 15, 16, 19, 20, 21, 24, 29, 30, 32, 33, 34, 37, 39]
2026-04-15 14:41:28,009 - Round number: 31 --------------------------
2026-04-15 14:41:28,009 - Evaluate global model
2026-04-15 14:41:29,873 - Averaged Train Loss: 0.5824
2026-04-15 14:41:29,874 - Test Accurancy: 0.7787
2026-04-15 14:41:35,105 - Flame select clients: [0, 1, 3, 8, 9, 11, 12, 13, 14, 15, 16, 19, 20, 21, 24, 29, 30, 32, 33, 34, 37, 38, 39]
2026-04-15 14:41:35,142 - Round number: 32 --------------------------
2026-04-15 14:41:35,143 - Evaluate global model
2026-04-15 14:41:36,545 - Averaged Train Loss: 0.5831
2026-04-15 14:41:36,546 - Test Accurancy: 0.7810
2026-04-15 14:41:41,241 - Flame select clients: [0, 1, 4, 8, 11, 12, 13, 14, 15, 16, 19, 20, 21, 24, 29, 30, 32, 33, 34, 37, 39]
2026-04-15 14:41:41,259 - Round number: 33 --------------------------
2026-04-15 14:41:41,260 - Evaluate global model
2026-04-15 14:41:43,190 - Averaged Train Loss: 0.5875
2026-04-15 14:41:43,190 - Test Accurancy: 0.7784
2026-04-15 14:41:48,673 - Flame select clients: [0, 4, 8, 10, 11, 13, 14, 15, 16, 19, 20, 21, 24, 28, 29, 30, 32, 33, 34, 37, 39]
2026-04-15 14:41:48,698 - Round number: 34 --------------------------
2026-04-15 14:41:48,698 - Evaluate global model
2026-04-15 14:41:50,450 - Averaged Train Loss: 0.5749
2026-04-15 14:41:50,450 - Test Accurancy: 0.7846
2026-04-15 14:41:55,080 - Flame select clients: [0, 1, 6, 8, 11, 12, 13, 14, 15, 16, 19, 20, 21, 24, 29, 30, 32, 33, 34, 37, 39]
2026-04-15 14:41:55,097 - Round number: 35 --------------------------
2026-04-15 14:41:55,097 - Evaluate global model
2026-04-15 14:41:56,670 - Averaged Train Loss: 0.5674
2026-04-15 14:41:56,670 - Test Accurancy: 0.7874
2026-04-15 14:42:01,891 - Flame select clients: [0, 1, 3, 6, 8, 9, 11, 13, 14, 15, 16, 19, 20, 21, 24, 29, 30, 32, 33, 34, 37, 38, 39]
2026-04-15 14:42:01,935 - Round number: 36 --------------------------
2026-04-15 14:42:01,936 - Evaluate global model
2026-04-15 14:42:03,874 - Averaged Train Loss: 0.5661
2026-04-15 14:42:03,874 - Test Accurancy: 0.7874
2026-04-15 14:42:08,891 - Flame select clients: [0, 4, 6, 8, 11, 13, 14, 15, 16, 19, 20, 21, 24, 28, 29, 30, 32, 33, 34, 37, 39]
2026-04-15 14:42:08,927 - Round number: 37 --------------------------
2026-04-15 14:42:08,927 - Evaluate global model
2026-04-15 14:42:10,409 - Averaged Train Loss: 0.5671
2026-04-15 14:42:10,410 - Test Accurancy: 0.7877
2026-04-15 14:42:15,176 - Flame select clients: [0, 6, 8, 11, 12, 13, 14, 15, 16, 19, 20, 21, 24, 28, 29, 30, 32, 33, 34, 37, 39]
2026-04-15 14:42:15,199 - Round number: 38 --------------------------
2026-04-15 14:42:15,199 - Evaluate global model
2026-04-15 14:42:17,026 - Averaged Train Loss: 0.5672
2026-04-15 14:42:17,026 - Test Accurancy: 0.7875
2026-04-15 14:42:21,726 - Flame select clients: [0, 6, 8, 11, 12, 13, 14, 15, 16, 19, 20, 21, 24, 28, 29, 30, 32, 33, 34, 37, 39]
2026-04-15 14:42:21,743 - Round number: 39 --------------------------
2026-04-15 14:42:21,743 - Evaluate global model
2026-04-15 14:42:23,339 - Averaged Train Loss: 0.5554
2026-04-15 14:42:23,340 - Test Accurancy: 0.7915
2026-04-15 14:42:27,955 - Flame select clients: [0, 2, 8, 10, 11, 12, 13, 14, 15, 16, 19, 20, 21, 24, 29, 30, 32, 33, 34, 37, 39]
2026-04-15 14:42:28,008 - Round number: 40 --------------------------
2026-04-15 14:42:28,008 - Evaluate global model
2026-04-15 14:42:30,311 - Averaged Train Loss: 0.5616
2026-04-15 14:42:30,312 - Test Accurancy: 0.7861
2026-04-15 14:42:36,541 - Flame select clients: [0, 6, 8, 11, 12, 13, 14, 15, 16, 19, 20, 21, 24, 28, 29, 30, 32, 33, 34, 37, 39]
2026-04-15 14:42:36,555 - Round number: 41 --------------------------
2026-04-15 14:42:36,556 - Evaluate global model
2026-04-15 14:42:37,992 - Averaged Train Loss: 0.5514
2026-04-15 14:42:37,992 - Test Accurancy: 0.7918
2026-04-15 14:42:42,850 - Flame select clients: [0, 6, 8, 10, 11, 12, 13, 14, 15, 16, 19, 20, 21, 24, 29, 30, 32, 33, 34, 37, 39]
2026-04-15 14:42:42,872 - Round number: 42 --------------------------
2026-04-15 14:42:42,872 - Evaluate global model
2026-04-15 14:42:45,711 - Averaged Train Loss: 0.5510
2026-04-15 14:42:45,711 - Test Accurancy: 0.7911
2026-04-15 14:42:50,755 - Flame select clients: [0, 2, 8, 11, 12, 13, 14, 15, 16, 19, 20, 21, 24, 26, 29, 30, 32, 33, 34, 37, 39]
2026-04-15 14:42:50,768 - Round number: 43 --------------------------
2026-04-15 14:42:50,768 - Evaluate global model
2026-04-15 14:42:52,062 - Averaged Train Loss: 0.5606
2026-04-15 14:42:52,062 - Test Accurancy: 0.7901
2026-04-15 14:42:56,842 - Flame select clients: [0, 6, 8, 10, 11, 13, 14, 15, 16, 19, 20, 21, 24, 28, 29, 30, 32, 33, 34, 37, 39]
2026-04-15 14:42:56,857 - Round number: 44 --------------------------
2026-04-15 14:42:56,857 - Evaluate global model
2026-04-15 14:42:58,422 - Averaged Train Loss: 0.5512
2026-04-15 14:42:58,422 - Test Accurancy: 0.7916
2026-04-15 14:43:03,512 - Flame select clients: [0, 6, 8, 10, 11, 12, 13, 14, 15, 16, 19, 20, 21, 24, 29, 30, 32, 33, 34, 37, 39]
2026-04-15 14:43:03,528 - Round number: 45 --------------------------
2026-04-15 14:43:03,529 - Evaluate global model
2026-04-15 14:43:05,188 - Averaged Train Loss: 0.5444
2026-04-15 14:43:05,190 - Test Accurancy: 0.7936
2026-04-15 14:43:09,697 - Flame select clients: [0, 2, 8, 10, 11, 12, 13, 14, 15, 16, 19, 20, 21, 24, 29, 30, 32, 33, 34, 37, 39]
2026-04-15 14:43:09,711 - Round number: 46 --------------------------
2026-04-15 14:43:09,711 - Evaluate global model
2026-04-15 14:43:11,283 - Averaged Train Loss: 0.5515
2026-04-15 14:43:11,284 - Test Accurancy: 0.7900
2026-04-15 14:43:15,995 - Flame select clients: [0, 2, 6, 8, 10, 11, 13, 14, 15, 16, 19, 20, 21, 24, 29, 30, 32, 33, 34, 37, 39]
2026-04-15 14:43:16,015 - Round number: 47 --------------------------
2026-04-15 14:43:16,015 - Evaluate global model
2026-04-15 14:43:17,616 - Averaged Train Loss: 0.5511
2026-04-15 14:43:17,617 - Test Accurancy: 0.7902
2026-04-15 14:43:22,328 - Flame select clients: [0, 2, 8, 10, 11, 12, 13, 14, 15, 16, 19, 20, 21, 24, 29, 30, 32, 33, 34, 37, 39]
2026-04-15 14:43:22,345 - Round number: 48 --------------------------
2026-04-15 14:43:22,346 - Evaluate global model
2026-04-15 14:43:23,791 - Averaged Train Loss: 0.5547
2026-04-15 14:43:23,791 - Test Accurancy: 0.7894
2026-04-15 14:43:28,444 - Flame select clients: [0, 6, 8, 10, 11, 12, 13, 14, 15, 16, 19, 20, 21, 24, 29, 30, 32, 33, 34, 37, 39]
2026-04-15 14:43:28,459 - Round number: 49 --------------------------
2026-04-15 14:43:28,459 - Evaluate global model
2026-04-15 14:43:30,344 - Averaged Train Loss: 0.5372
2026-04-15 14:43:30,345 - Test Accurancy: 0.7949
2026-04-15 14:43:35,095 - Flame select clients: [0, 4, 6, 8, 10, 11, 12, 13, 14, 15, 16, 18, 19, 20, 21, 22, 24, 25, 29, 30, 32, 33, 34, 37, 39]
2026-04-15 14:43:35,129 - Round number: 50 --------------------------
2026-04-15 14:43:35,129 - Evaluate global model
2026-04-15 14:43:36,798 - Averaged Train Loss: 0.5491
2026-04-15 14:43:36,798 - Test Accurancy: 0.7950
2026-04-15 14:43:41,515 - Flame select clients: [0, 1, 3, 9, 11, 12, 13, 14, 15, 16, 19, 20, 21, 24, 29, 30, 32, 33, 34, 37, 38, 39]
2026-04-15 14:43:41,535 - Round number: 51 --------------------------
2026-04-15 14:43:41,536 - Evaluate global model
2026-04-15 14:43:43,033 - Averaged Train Loss: 0.5358
2026-04-15 14:43:43,033 - Test Accurancy: 0.7991
2026-04-15 14:43:48,280 - Flame select clients: [0, 4, 8, 11, 12, 13, 14, 15, 16, 18, 19, 20, 21, 22, 24, 25, 29, 30, 32, 33, 34, 37, 39]
2026-04-15 14:43:48,302 - Round number: 52 --------------------------
2026-04-15 14:43:48,302 - Evaluate global model
2026-04-15 14:43:49,795 - Averaged Train Loss: 0.5463
2026-04-15 14:43:49,795 - Test Accurancy: 0.7963
2026-04-15 14:43:54,545 - Flame select clients: [0, 1, 3, 8, 9, 10, 11, 13, 14, 15, 16, 19, 20, 21, 24, 29, 30, 32, 33, 34, 37, 38, 39]
2026-04-15 14:43:54,558 - Round number: 53 --------------------------
2026-04-15 14:43:54,558 - Evaluate global model
2026-04-15 14:43:55,935 - Averaged Train Loss: 0.5418
2026-04-15 14:43:55,935 - Test Accurancy: 0.7976
2026-04-15 14:44:00,607 - Flame select clients: [0, 1, 6, 8, 11, 12, 13, 14, 15, 16, 19, 20, 21, 24, 29, 30, 32, 33, 34, 37, 39]
2026-04-15 14:44:00,621 - Round number: 54 --------------------------
2026-04-15 14:44:00,621 - Evaluate global model
2026-04-15 14:44:02,194 - Averaged Train Loss: 0.5347
2026-04-15 14:44:02,196 - Test Accurancy: 0.7990
2026-04-15 14:44:07,060 - Flame select clients: [0, 1, 3, 8, 9, 11, 12, 13, 14, 15, 16, 19, 21, 24, 29, 30, 32, 34, 37, 38, 39]
2026-04-15 14:44:07,077 - Round number: 55 --------------------------
2026-04-15 14:44:07,077 - Evaluate global model
2026-04-15 14:44:08,657 - Averaged Train Loss: 0.5430
2026-04-15 14:44:08,658 - Test Accurancy: 0.7973
2026-04-15 14:44:13,295 - Flame select clients: [0, 1, 3, 8, 9, 11, 13, 14, 15, 16, 19, 20, 21, 24, 29, 30, 32, 33, 34, 37, 38, 39]
2026-04-15 14:44:13,312 - Round number: 56 --------------------------
2026-04-15 14:44:13,312 - Evaluate global model
2026-04-15 14:44:15,121 - Averaged Train Loss: 0.5343
2026-04-15 14:44:15,122 - Test Accurancy: 0.7995
2026-04-15 14:44:19,812 - Flame select clients: [0, 2, 8, 10, 11, 12, 13, 14, 15, 16, 19, 20, 21, 23, 24, 29, 30, 32, 33, 34, 37, 39]
2026-04-15 14:44:19,830 - Round number: 57 --------------------------
2026-04-15 14:44:19,831 - Evaluate global model
2026-04-15 14:44:21,353 - Averaged Train Loss: 0.5410
2026-04-15 14:44:21,353 - Test Accurancy: 0.7956
2026-04-15 14:44:26,083 - Flame select clients: [0, 1, 2, 3, 8, 9, 11, 12, 13, 14, 15, 16, 19, 20, 21, 24, 29, 30, 32, 33, 34, 37, 38, 39]
2026-04-15 14:44:26,097 - Round number: 58 --------------------------
2026-04-15 14:44:26,097 - Evaluate global model
2026-04-15 14:44:27,572 - Averaged Train Loss: 0.5392
2026-04-15 14:44:27,572 - Test Accurancy: 0.7976
2026-04-15 14:44:32,618 - Flame select clients: [0, 1, 3, 6, 8, 9, 10, 11, 13, 14, 15, 16, 19, 20, 21, 24, 29, 30, 31, 32, 33, 34, 37, 38, 39]
2026-04-15 14:44:32,666 - Round number: 59 --------------------------
2026-04-15 14:44:32,668 - Evaluate global model
2026-04-15 14:44:34,749 - Averaged Train Loss: 0.5223
2026-04-15 14:44:34,749 - Test Accurancy: 0.8030
2026-04-15 14:44:39,548 - Flame select clients: [0, 1, 2, 3, 6, 9, 11, 12, 13, 14, 15, 16, 19, 20, 21, 24, 29, 30, 32, 33, 34, 37, 38, 39]
2026-04-15 14:44:39,561 - Round number: 60 --------------------------
2026-04-15 14:44:39,561 - Evaluate global model
2026-04-15 14:44:40,914 - Averaged Train Loss: 0.5198
2026-04-15 14:44:40,915 - Test Accurancy: 0.8041
2026-04-15 14:44:45,780 - Flame select clients: [0, 1, 2, 3, 6, 8, 9, 11, 12, 13, 14, 15, 16, 19, 20, 21, 24, 29, 30, 32, 33, 34, 37, 38, 39]
2026-04-15 14:44:45,801 - Round number: 61 --------------------------
2026-04-15 14:44:45,801 - Evaluate global model
2026-04-15 14:44:47,672 - Averaged Train Loss: 0.5248
2026-04-15 14:44:47,672 - Test Accurancy: 0.8016
2026-04-15 14:44:52,753 - Flame select clients: [0, 2, 6, 8, 11, 12, 13, 14, 15, 16, 19, 20, 21, 24, 29, 30, 32, 33, 34, 37, 39]
2026-04-15 14:44:52,790 - Round number: 62 --------------------------
2026-04-15 14:44:52,790 - Evaluate global model
2026-04-15 14:44:54,367 - Averaged Train Loss: 0.5210
2026-04-15 14:44:54,368 - Test Accurancy: 0.8015
2026-04-15 14:44:59,097 - Flame select clients: [0, 2, 8, 11, 12, 13, 14, 15, 16, 19, 20, 21, 24, 28, 29, 30, 32, 33, 34, 37, 39]
2026-04-15 14:44:59,110 - Round number: 63 --------------------------
2026-04-15 14:44:59,110 - Evaluate global model
2026-04-15 14:45:00,716 - Averaged Train Loss: 0.5291
2026-04-15 14:45:00,717 - Test Accurancy: 0.7981
2026-04-15 14:45:05,423 - Flame select clients: [0, 1, 2, 3, 9, 11, 13, 14, 15, 16, 20, 21, 24, 29, 30, 32, 33, 34, 37, 38, 39]
2026-04-15 14:45:05,439 - Round number: 64 --------------------------
2026-04-15 14:45:05,439 - Evaluate global model
2026-04-15 14:45:07,046 - Averaged Train Loss: 0.5268
2026-04-15 14:45:07,047 - Test Accurancy: 0.8004
2026-04-15 14:45:11,796 - Flame select clients: [0, 2, 6, 8, 11, 13, 14, 15, 16, 19, 20, 21, 24, 28, 29, 30, 32, 33, 34, 37, 39]
2026-04-15 14:45:11,819 - Round number: 65 --------------------------
2026-04-15 14:45:11,819 - Evaluate global model
2026-04-15 14:45:13,555 - Averaged Train Loss: 0.5275
2026-04-15 14:45:13,555 - Test Accurancy: 0.8003
2026-04-15 14:45:18,508 - Flame select clients: [0, 2, 6, 8, 10, 11, 12, 13, 14, 15, 16, 19, 20, 21, 24, 29, 30, 32, 33, 34, 37, 39]
2026-04-15 14:45:18,522 - Round number: 66 --------------------------
2026-04-15 14:45:18,522 - Evaluate global model
2026-04-15 14:45:20,119 - Averaged Train Loss: 0.5258
2026-04-15 14:45:20,119 - Test Accurancy: 0.7996
2026-04-15 14:45:24,713 - Flame select clients: [0, 2, 6, 8, 11, 12, 13, 14, 15, 16, 19, 20, 21, 24, 29, 30, 32, 33, 34, 37, 39]
2026-04-15 14:45:24,730 - Round number: 67 --------------------------
2026-04-15 14:45:24,730 - Evaluate global model
2026-04-15 14:45:26,728 - Averaged Train Loss: 0.5219
2026-04-15 14:45:26,729 - Test Accurancy: 0.8008
2026-04-15 14:45:31,832 - Flame select clients: [0, 2, 6, 8, 11, 12, 13, 14, 15, 16, 19, 20, 21, 24, 29, 30, 32, 33, 34, 37, 39]
2026-04-15 14:45:31,870 - Round number: 68 --------------------------
2026-04-15 14:45:31,870 - Evaluate global model
2026-04-15 14:45:33,255 - Averaged Train Loss: 0.5228
2026-04-15 14:45:33,255 - Test Accurancy: 0.8000
2026-04-15 14:45:38,066 - Flame select clients: [0, 4, 6, 8, 11, 12, 13, 14, 15, 16, 19, 20, 21, 24, 29, 30, 32, 33, 34, 37, 39]
2026-04-15 14:45:38,084 - Round number: 69 --------------------------
2026-04-15 14:45:38,084 - Evaluate global model
2026-04-15 14:45:40,592 - Averaged Train Loss: 0.5155
2026-04-15 14:45:40,592 - Test Accurancy: 0.8051
2026-04-15 14:45:45,347 - Flame select clients: [0, 2, 6, 8, 11, 12, 13, 14, 15, 16, 19, 20, 21, 24, 29, 30, 32, 33, 34, 37, 39]
2026-04-15 14:45:45,366 - Round number: 70 --------------------------
2026-04-15 14:45:45,366 - Evaluate global model
2026-04-15 14:45:46,764 - Averaged Train Loss: 0.5201
2026-04-15 14:45:46,765 - Test Accurancy: 0.8032
2026-04-15 14:45:51,355 - Flame select clients: [0, 2, 6, 8, 11, 12, 13, 14, 15, 16, 19, 20, 21, 24, 29, 30, 32, 33, 34, 37, 39]
2026-04-15 14:45:51,373 - Round number: 71 --------------------------
2026-04-15 14:45:51,373 - Evaluate global model
2026-04-15 14:45:52,963 - Averaged Train Loss: 0.5177
2026-04-15 14:45:52,963 - Test Accurancy: 0.8025
2026-04-15 14:45:57,834 - Flame select clients: [0, 1, 3, 9, 11, 13, 14, 15, 16, 19, 20, 21, 24, 29, 30, 32, 33, 34, 37, 38, 39]
2026-04-15 14:45:57,848 - Round number: 72 --------------------------
2026-04-15 14:45:57,849 - Evaluate global model
2026-04-15 14:45:59,472 - Averaged Train Loss: 0.5078
2026-04-15 14:45:59,473 - Test Accurancy: 0.8087
2026-04-15 14:46:04,143 - Flame select clients: [0, 1, 3, 9, 11, 13, 14, 15, 16, 19, 20, 21, 24, 29, 30, 32, 33, 34, 37, 38, 39]
2026-04-15 14:46:04,156 - Round number: 73 --------------------------
2026-04-15 14:46:04,156 - Evaluate global model
2026-04-15 14:46:05,553 - Averaged Train Loss: 0.5097
2026-04-15 14:46:05,554 - Test Accurancy: 0.8076
2026-04-15 14:46:10,231 - Flame select clients: [0, 1, 3, 6, 9, 11, 13, 14, 15, 16, 19, 20, 21, 24, 29, 30, 32, 33, 34, 37, 38, 39]
2026-04-15 14:46:10,246 - Round number: 74 --------------------------
2026-04-15 14:46:10,246 - Evaluate global model
2026-04-15 14:46:11,723 - Averaged Train Loss: 0.5050
2026-04-15 14:46:11,725 - Test Accurancy: 0.8092
2026-04-15 14:46:16,471 - Flame select clients: [0, 2, 8, 10, 11, 12, 13, 14, 15, 16, 19, 20, 21, 24, 29, 30, 32, 33, 34, 37, 39]
2026-04-15 14:46:16,485 - Round number: 75 --------------------------
2026-04-15 14:46:16,485 - Evaluate global model
2026-04-15 14:46:17,917 - Averaged Train Loss: 0.5173
2026-04-15 14:46:17,917 - Test Accurancy: 0.8018
2026-04-15 14:46:22,621 - Flame select clients: [0, 1, 2, 3, 9, 10, 11, 12, 13, 14, 15, 16, 19, 20, 21, 24, 29, 30, 31, 32, 33, 34, 37, 38, 39]
2026-04-15 14:46:22,649 - Round number: 76 --------------------------
2026-04-15 14:46:22,649 - Evaluate global model
2026-04-15 14:46:24,694 - Averaged Train Loss: 0.5087
2026-04-15 14:46:24,694 - Test Accurancy: 0.8056
2026-04-15 14:46:29,514 - Flame select clients: [0, 1, 3, 6, 9, 11, 12, 13, 14, 15, 16, 19, 20, 21, 24, 29, 30, 31, 32, 33, 34, 37, 38, 39]
2026-04-15 14:46:29,531 - Round number: 77 --------------------------
2026-04-15 14:46:29,531 - Evaluate global model
2026-04-15 14:46:31,157 - Averaged Train Loss: 0.4984
2026-04-15 14:46:31,158 - Test Accurancy: 0.8112
2026-04-15 14:46:35,737 - Flame select clients: [0, 1, 2, 3, 6, 9, 11, 12, 13, 14, 15, 16, 19, 20, 21, 24, 29, 30, 31, 32, 33, 34, 37, 38, 39]
2026-04-15 14:46:35,752 - Round number: 78 --------------------------
2026-04-15 14:46:35,752 - Evaluate global model
2026-04-15 14:46:37,438 - Averaged Train Loss: 0.4947
2026-04-15 14:46:37,438 - Test Accurancy: 0.8143
2026-04-15 14:46:42,578 - Flame select clients: [0, 1, 2, 9, 11, 13, 14, 15, 16, 19, 20, 21, 24, 29, 30, 32, 33, 34, 37, 38, 39]
2026-04-15 14:46:42,617 - Round number: 79 --------------------------
2026-04-15 14:46:42,617 - Evaluate global model
2026-04-15 14:46:43,976 - Averaged Train Loss: 0.5005
2026-04-15 14:46:43,976 - Test Accurancy: 0.8094
2026-04-15 14:46:48,570 - Flame select clients: [0, 1, 2, 3, 9, 11, 12, 13, 14, 15, 16, 19, 20, 21, 24, 29, 30, 32, 33, 34, 37, 38, 39]
2026-04-15 14:46:48,583 - Round number: 80 --------------------------
2026-04-15 14:46:48,583 - Evaluate global model
2026-04-15 14:46:49,964 - Averaged Train Loss: 0.5066
2026-04-15 14:46:49,964 - Test Accurancy: 0.8061
2026-04-15 14:46:54,607 - Flame select clients: [0, 1, 2, 3, 9, 11, 12, 13, 14, 15, 16, 19, 20, 21, 24, 29, 30, 32, 33, 34, 37, 38, 39]
2026-04-15 14:46:54,621 - Round number: 81 --------------------------
2026-04-15 14:46:54,621 - Evaluate global model
2026-04-15 14:46:56,454 - Averaged Train Loss: 0.5041
2026-04-15 14:46:56,454 - Test Accurancy: 0.8081
2026-04-15 14:47:01,277 - Flame select clients: [0, 2, 11, 12, 13, 14, 15, 16, 17, 19, 20, 21, 24, 28, 29, 30, 32, 33, 34, 37, 39]
2026-04-15 14:47:01,291 - Round number: 82 --------------------------
2026-04-15 14:47:01,291 - Evaluate global model
2026-04-15 14:47:02,837 - Averaged Train Loss: 0.5057
2026-04-15 14:47:02,837 - Test Accurancy: 0.8085
2026-04-15 14:47:07,560 - Flame select clients: [0, 1, 3, 9, 11, 12, 13, 14, 15, 16, 19, 20, 21, 24, 29, 30, 32, 33, 34, 37, 38, 39]
2026-04-15 14:47:07,574 - Round number: 83 --------------------------
2026-04-15 14:47:07,575 - Evaluate global model
2026-04-15 14:47:09,089 - Averaged Train Loss: 0.4973
2026-04-15 14:47:09,089 - Test Accurancy: 0.8110
2026-04-15 14:47:14,640 - Flame select clients: [0, 1, 3, 9, 11, 12, 13, 14, 15, 16, 20, 21, 24, 29, 30, 31, 32, 33, 34, 37, 38, 39]
2026-04-15 14:47:14,681 - Round number: 84 --------------------------
2026-04-15 14:47:14,681 - Evaluate global model
2026-04-15 14:47:16,400 - Averaged Train Loss: 0.4980
2026-04-15 14:47:16,400 - Test Accurancy: 0.8085
2026-04-15 14:47:20,718 - Flame select clients: [0, 1, 3, 9, 11, 12, 13, 14, 15, 16, 20, 21, 24, 29, 30, 32, 33, 34, 37, 38, 39]
2026-04-15 14:47:20,759 - Round number: 85 --------------------------
2026-04-15 14:47:20,760 - Evaluate global model
2026-04-15 14:47:22,096 - Averaged Train Loss: 0.5009
2026-04-15 14:47:22,096 - Test Accurancy: 0.8078
2026-04-15 14:47:25,922 - Flame select clients: [0, 1, 2, 3, 6, 7, 9, 11, 12, 13, 14, 15, 16, 19, 20, 21, 24, 29, 30, 31, 32, 33, 34, 37, 38, 39]
2026-04-15 14:47:25,959 - Round number: 86 --------------------------
2026-04-15 14:47:25,959 - Evaluate global model
2026-04-15 14:47:27,343 - Averaged Train Loss: 0.4990
2026-04-15 14:47:27,344 - Test Accurancy: 0.8082
2026-04-15 14:47:30,861 - Flame select clients: [0, 2, 6, 11, 12, 13, 14, 15, 16, 19, 20, 21, 24, 28, 29, 30, 32, 33, 34, 37, 39]
2026-04-15 14:47:30,876 - Round number: 87 --------------------------
2026-04-15 14:47:30,876 - Evaluate global model
2026-04-15 14:47:32,072 - Averaged Train Loss: 0.5037
2026-04-15 14:47:32,073 - Test Accurancy: 0.8075
2026-04-15 14:47:35,306 - Flame select clients: [0, 1, 2, 3, 9, 11, 12, 13, 14, 15, 16, 17, 19, 20, 21, 24, 29, 30, 31, 32, 33, 34, 37, 38, 39]
2026-04-15 14:47:35,320 - Round number: 88 --------------------------
2026-04-15 14:47:35,321 - Evaluate global model
2026-04-15 14:47:36,312 - Averaged Train Loss: 0.4922
2026-04-15 14:47:36,312 - Test Accurancy: 0.8132
2026-04-15 14:47:39,439 - Flame select clients: [0, 1, 2, 3, 9, 11, 13, 14, 15, 16, 19, 20, 21, 24, 29, 30, 32, 33, 34, 37, 38, 39]
2026-04-15 14:47:39,451 - Round number: 89 --------------------------
2026-04-15 14:47:39,452 - Evaluate global model
2026-04-15 14:47:40,482 - Averaged Train Loss: 0.5006
2026-04-15 14:47:40,483 - Test Accurancy: 0.8094
2026-04-15 14:47:43,635 - Flame select clients: [0, 1, 2, 3, 6, 9, 11, 13, 14, 15, 16, 21, 24, 28, 29, 30, 31, 32, 37, 38, 39]
2026-04-15 14:47:43,650 - Round number: 90 --------------------------
2026-04-15 14:47:43,650 - Evaluate global model
2026-04-15 14:47:44,673 - Averaged Train Loss: 0.5215
2026-04-15 14:47:44,674 - Test Accurancy: 0.8046
2026-04-15 14:47:47,594 - Flame select clients: [0, 1, 2, 3, 6, 9, 11, 12, 13, 14, 15, 16, 19, 20, 21, 24, 29, 30, 31, 32, 33, 34, 37, 38, 39]
2026-04-15 14:47:47,609 - Round number: 91 --------------------------
2026-04-15 14:47:47,609 - Evaluate global model
2026-04-15 14:47:48,911 - Averaged Train Loss: 0.5016
2026-04-15 14:47:48,912 - Test Accurancy: 0.8086
2026-04-15 14:47:52,193 - Flame select clients: [0, 2, 6, 11, 12, 13, 14, 15, 16, 17, 19, 20, 21, 24, 29, 30, 32, 33, 34, 37, 39]
2026-04-15 14:47:52,206 - Round number: 92 --------------------------
2026-04-15 14:47:52,206 - Evaluate global model
2026-04-15 14:47:53,318 - Averaged Train Loss: 0.4886
2026-04-15 14:47:53,318 - Test Accurancy: 0.8141
2026-04-15 14:47:56,561 - Flame select clients: [0, 1, 3, 9, 11, 12, 13, 14, 15, 16, 20, 21, 24, 29, 30, 32, 33, 34, 37, 38, 39]
2026-04-15 14:47:56,575 - Round number: 93 --------------------------
2026-04-15 14:47:56,575 - Evaluate global model
2026-04-15 14:47:57,477 - Averaged Train Loss: 0.4906
2026-04-15 14:47:57,477 - Test Accurancy: 0.8124
2026-04-15 14:48:00,151 - Flame select clients: [0, 1, 2, 3, 6, 9, 11, 12, 13, 14, 15, 16, 17, 19, 20, 21, 24, 29, 30, 32, 33, 34, 37, 38, 39]
2026-04-15 14:48:00,163 - Round number: 94 --------------------------
2026-04-15 14:48:00,164 - Evaluate global model
2026-04-15 14:48:01,074 - Averaged Train Loss: 0.4871
2026-04-15 14:48:01,074 - Test Accurancy: 0.8175
2026-04-15 14:48:04,276 - Flame select clients: [0, 2, 6, 11, 13, 14, 15, 16, 17, 19, 20, 21, 24, 28, 29, 30, 32, 33, 34, 37, 39]
2026-04-15 14:48:04,285 - Round number: 95 --------------------------
2026-04-15 14:48:04,285 - Evaluate global model
2026-04-15 14:48:05,146 - Averaged Train Loss: 0.4934
2026-04-15 14:48:05,146 - Test Accurancy: 0.8131
2026-04-15 14:48:08,261 - Flame select clients: [0, 2, 6, 11, 13, 14, 15, 16, 17, 19, 20, 21, 24, 28, 29, 30, 32, 33, 34, 37, 39]
2026-04-15 14:48:08,278 - Round number: 96 --------------------------
2026-04-15 14:48:08,278 - Evaluate global model
2026-04-15 14:48:09,175 - Averaged Train Loss: 0.4957
2026-04-15 14:48:09,176 - Test Accurancy: 0.8115
2026-04-15 14:48:12,411 - Flame select clients: [0, 1, 3, 6, 9, 11, 12, 13, 14, 15, 16, 21, 24, 28, 29, 30, 31, 32, 37, 38, 39]
2026-04-15 14:48:12,427 - Round number: 97 --------------------------
2026-04-15 14:48:12,428 - Evaluate global model
2026-04-15 14:48:13,386 - Averaged Train Loss: 0.5007
2026-04-15 14:48:13,386 - Test Accurancy: 0.8082
2026-04-15 14:48:16,501 - Flame select clients: [0, 1, 2, 3, 6, 9, 11, 13, 14, 15, 16, 19, 21, 24, 29, 30, 32, 34, 37, 38, 39]
2026-04-15 14:48:16,513 - Round number: 98 --------------------------
2026-04-15 14:48:16,513 - Evaluate global model
2026-04-15 14:48:17,415 - Averaged Train Loss: 0.5096
2026-04-15 14:48:17,415 - Test Accurancy: 0.8077
2026-04-15 14:48:20,541 - Flame select clients: [0, 2, 6, 11, 13, 14, 15, 16, 17, 19, 20, 21, 24, 28, 29, 30, 32, 33, 34, 37, 39]
2026-04-15 14:48:20,554 - Round number: 99 --------------------------
2026-04-15 14:48:20,554 - Evaluate global model
2026-04-15 14:48:21,441 - Averaged Train Loss: 0.4981
2026-04-15 14:48:21,441 - Test Accurancy: 0.8097
2026-04-15 14:48:24,384 - Flame select clients: [0, 2, 11, 12, 13, 14, 15, 16, 17, 19, 20, 21, 24, 28, 29, 30, 32, 33, 34, 37, 39]
2026-04-15 14:48:24,394 - Round number: 100 --------------------------
2026-04-15 14:48:24,394 - Evaluate global model
2026-04-15 14:48:25,204 - Averaged Train Loss: 0.4951
2026-04-15 14:48:25,204 - Test Accurancy: 0.8112
2026-04-15 14:48:28,349 - Flame select clients: [0, 1, 2, 3, 6, 9, 11, 12, 13, 14, 15, 16, 17, 19, 20, 21, 24, 29, 30, 32, 33, 34, 37, 38, 39]
2026-04-15 14:48:28,354 - Run over
2026-04-15 14:48:28,354 - Saving results to ./exp/exp4/FashionMNIST/flame_sign_flip.h5
2026-04-15 14:48:28,363 - Best accuracy: 0.8175174146397168
2026-04-15 14:48:28,363 - Average time cost per round: 6.324086470603943
