2026-04-15 14:59:31,702 - *****************EXP-4*****************
2026-04-15 14:59:31,702 - Exp repeats: 1
2026-04-15 14:59:31,702 - Communication Rounds: 100
2026-04-15 14:59:31,702 - Clients: 40

2026-04-15 14:59:31,702 - Attack method: CAMP
2026-04-15 14:59:31,702 - Filtering rule: flame
2026-04-15 14:59:31,702 - Dataset: FashionMNIST
2026-04-15 14:59:31,702 - Model: cnn
2026-04-15 14:59:31,702 - Learning Rate: 0.02
2026-04-15 14:59:31,702 - Batch Size: 64
2026-04-15 14:59:31,702 - Device: cuda
2026-04-15 14:59:31,702 - Device id: 0
2026-04-15 14:59:31,703 - Adversaries: 8
2026-04-15 14:59:31,703 - Model Poisoning: CAMP attack, mode perturbation_v5
2026-04-15 14:59:31,703 - *****************EXP-4*****************
2026-04-15 14:59:32,196 - Running time: 0th ==========================
2026-04-15 14:59:35,233 - Round number: 0 --------------------------
2026-04-15 14:59:35,234 - Evaluate global model
2026-04-15 14:59:42,139 - Averaged Train Loss: 2.3011
2026-04-15 14:59:42,140 - Test Accurancy: 0.0974
2026-04-15 14:59:50,803 - min_max_attack try_count: 19
2026-04-15 14:59:50,804 - min_max_attack lamda: 0.6865978240966797, max_d: 1.1896635293960571
2026-04-15 14:59:51,411 - Flame select clients: [0, 1, 3, 8, 10, 12, 13, 14, 15, 19, 20, 21, 24, 26, 29, 32, 33, 34, 37, 38, 39]
2026-04-15 14:59:51,433 - Round number: 1 --------------------------
2026-04-15 14:59:51,433 - Evaluate global model
2026-04-15 14:59:52,915 - Averaged Train Loss: 1.9790
2026-04-15 14:59:52,915 - Test Accurancy: 0.4379
2026-04-15 14:59:57,438 - min_max_attack try_count: 19
2026-04-15 14:59:57,438 - min_max_attack lamda: 0.5522251129150391, max_d: 0.800478458404541
2026-04-15 14:59:58,250 - Flame select clients: [0, 1, 2, 8, 10, 12, 13, 14, 15, 16, 19, 20, 21, 24, 26, 29, 32, 33, 34, 37, 38, 39]
2026-04-15 14:59:58,272 - Round number: 2 --------------------------
2026-04-15 14:59:58,272 - Evaluate global model
2026-04-15 15:00:00,357 - Averaged Train Loss: 1.4501
2026-04-15 15:00:00,361 - Test Accurancy: 0.5610
2026-04-15 15:00:05,411 - min_max_attack try_count: 19
2026-04-15 15:00:05,412 - min_max_attack lamda: 0.3861522674560547, max_d: 0.5129653811454773
2026-04-15 15:00:06,413 - Flame select clients: [0, 1, 8, 10, 11, 12, 13, 14, 15, 19, 20, 21, 24, 29, 30, 32, 33, 34, 36, 37, 38, 39]
2026-04-15 15:00:06,432 - Round number: 3 --------------------------
2026-04-15 15:00:06,432 - Evaluate global model
2026-04-15 15:00:08,014 - Averaged Train Loss: 1.1113
2026-04-15 15:00:08,014 - Test Accurancy: 0.6078
2026-04-15 15:00:12,342 - min_max_attack try_count: 19
2026-04-15 15:00:12,343 - min_max_attack lamda: 0.3159046173095703, max_d: 0.390900194644928
2026-04-15 15:00:13,323 - Flame select clients: [0, 1, 8, 10, 11, 12, 14, 15, 19, 20, 21, 24, 29, 30, 32, 33, 34, 36, 37, 38, 39]
2026-04-15 15:00:13,342 - Round number: 4 --------------------------
2026-04-15 15:00:13,342 - Evaluate global model
2026-04-15 15:00:14,818 - Averaged Train Loss: 0.9640
2026-04-15 15:00:14,818 - Test Accurancy: 0.6458
2026-04-15 15:00:19,405 - min_max_attack try_count: 19
2026-04-15 15:00:19,405 - min_max_attack lamda: 0.29152870178222656, max_d: 0.32787662744522095
2026-04-15 15:00:20,082 - Flame select clients: [0, 1, 3, 7, 8, 9, 11, 12, 13, 14, 15, 16, 19, 20, 21, 24, 29, 32, 33, 34, 37, 38, 39]
2026-04-15 15:00:20,103 - Round number: 5 --------------------------
2026-04-15 15:00:20,103 - Evaluate global model
2026-04-15 15:00:22,311 - Averaged Train Loss: 0.8670
2026-04-15 15:00:22,311 - Test Accurancy: 0.6799
2026-04-15 15:00:27,117 - min_max_attack try_count: 19
2026-04-15 15:00:27,117 - min_max_attack lamda: 0.2781200408935547, max_d: 0.28376972675323486
2026-04-15 15:00:28,196 - Flame select clients: [0, 1, 3, 8, 9, 11, 12, 13, 19, 20, 21, 24, 29, 30, 32, 33, 34, 36, 37, 38, 39]
2026-04-15 15:00:28,216 - Round number: 6 --------------------------
2026-04-15 15:00:28,216 - Evaluate global model
2026-04-15 15:00:29,641 - Averaged Train Loss: 0.8149
2026-04-15 15:00:29,641 - Test Accurancy: 0.7020
2026-04-15 15:00:33,992 - min_max_attack try_count: 19
2026-04-15 15:00:33,993 - min_max_attack lamda: 0.27619361877441406, max_d: 0.2687937021255493
2026-04-15 15:00:34,915 - Flame select clients: [0, 1, 3, 7, 8, 9, 11, 12, 13, 16, 19, 20, 21, 24, 29, 30, 32, 33, 34, 36, 37, 38, 39]
2026-04-15 15:00:34,949 - Round number: 7 --------------------------
2026-04-15 15:00:34,950 - Evaluate global model
2026-04-15 15:00:36,185 - Averaged Train Loss: 0.7900
2026-04-15 15:00:36,185 - Test Accurancy: 0.7091
2026-04-15 15:00:40,695 - min_max_attack try_count: 19
2026-04-15 15:00:40,695 - min_max_attack lamda: 0.27518272399902344, max_d: 0.2712276577949524
2026-04-15 15:00:41,247 - Flame select clients: [0, 1, 3, 8, 9, 11, 12, 13, 19, 20, 21, 24, 29, 30, 32, 33, 34, 36, 37, 38, 39]
2026-04-15 15:00:41,278 - Round number: 8 --------------------------
2026-04-15 15:00:41,278 - Evaluate global model
2026-04-15 15:00:42,961 - Averaged Train Loss: 0.7611
2026-04-15 15:00:42,961 - Test Accurancy: 0.7192
2026-04-15 15:00:47,937 - min_max_attack try_count: 19
2026-04-15 15:00:47,937 - min_max_attack lamda: 0.24855613708496094, max_d: 0.2227427065372467
2026-04-15 15:00:48,800 - Flame select clients: [0, 1, 3, 7, 8, 9, 11, 12, 13, 19, 20, 21, 24, 29, 30, 32, 33, 34, 36, 37, 38, 39]
2026-04-15 15:00:48,834 - Round number: 9 --------------------------
2026-04-15 15:00:48,834 - Evaluate global model
2026-04-15 15:00:50,587 - Averaged Train Loss: 0.7324
2026-04-15 15:00:50,587 - Test Accurancy: 0.7286
2026-04-15 15:00:54,949 - min_max_attack try_count: 19
2026-04-15 15:00:54,949 - min_max_attack lamda: 0.2410411834716797, max_d: 0.20936761796474457
2026-04-15 15:00:55,976 - Flame select clients: [0, 1, 3, 7, 8, 9, 11, 12, 13, 14, 15, 19, 20, 21, 24, 29, 30, 32, 33, 34, 37, 38, 39]
2026-04-15 15:00:56,002 - Round number: 10 --------------------------
2026-04-15 15:00:56,002 - Evaluate global model
2026-04-15 15:00:57,478 - Averaged Train Loss: 0.7030
2026-04-15 15:00:57,478 - Test Accurancy: 0.7394
2026-04-15 15:01:01,791 - min_max_attack try_count: 19
2026-04-15 15:01:01,791 - min_max_attack lamda: 0.22963523864746094, max_d: 0.2064235508441925
2026-04-15 15:01:02,739 - Flame select clients: [0, 1, 3, 7, 8, 9, 10, 11, 12, 13, 14, 15, 19, 20, 21, 24, 29, 30, 32, 33, 34, 37, 38, 39]
2026-04-15 15:01:02,767 - Round number: 11 --------------------------
2026-04-15 15:01:02,767 - Evaluate global model
2026-04-15 15:01:04,199 - Averaged Train Loss: 0.6917
2026-04-15 15:01:04,200 - Test Accurancy: 0.7446
2026-04-15 15:01:08,618 - min_max_attack try_count: 19
2026-04-15 15:01:08,619 - min_max_attack lamda: 0.22749900817871094, max_d: 0.17679427564144135
2026-04-15 15:01:09,442 - Flame select clients: [0, 1, 3, 7, 8, 9, 10, 11, 12, 13, 14, 15, 16, 19, 20, 21, 24, 29, 30, 32, 33, 34, 37, 38, 39]
2026-04-15 15:01:09,464 - Round number: 12 --------------------------
2026-04-15 15:01:09,464 - Evaluate global model
2026-04-15 15:01:11,388 - Averaged Train Loss: 0.6813
2026-04-15 15:01:11,388 - Test Accurancy: 0.7479
2026-04-15 15:01:16,150 - min_max_attack try_count: 19
2026-04-15 15:01:16,151 - min_max_attack lamda: 0.23453712463378906, max_d: 0.1803063154220581
2026-04-15 15:01:17,206 - Flame select clients: [0, 4, 6, 8, 11, 12, 13, 14, 15, 16, 19, 20, 21, 24, 29, 30, 32, 33, 34, 37, 39]
2026-04-15 15:01:17,235 - Round number: 13 --------------------------
2026-04-15 15:01:17,235 - Evaluate global model
2026-04-15 15:01:18,665 - Averaged Train Loss: 0.6815
2026-04-15 15:01:18,665 - Test Accurancy: 0.7445
2026-04-15 15:01:23,075 - min_max_attack try_count: 19
2026-04-15 15:01:23,076 - min_max_attack lamda: 0.21468162536621094, max_d: 0.1779364049434662
2026-04-15 15:01:23,940 - Flame select clients: [0, 1, 8, 10, 11, 12, 13, 14, 15, 16, 19, 20, 21, 24, 29, 30, 32, 33, 34, 37, 39]
2026-04-15 15:01:23,956 - Round number: 14 --------------------------
2026-04-15 15:01:23,956 - Evaluate global model
2026-04-15 15:01:25,182 - Averaged Train Loss: 0.6686
2026-04-15 15:01:25,183 - Test Accurancy: 0.7500
2026-04-15 15:01:29,739 - min_max_attack try_count: 19
2026-04-15 15:01:29,740 - min_max_attack lamda: 0.2091503143310547, max_d: 0.169451504945755
2026-04-15 15:01:30,345 - Flame select clients: [0, 1, 3, 8, 9, 11, 12, 13, 14, 15, 16, 19, 20, 21, 24, 29, 30, 32, 33, 34, 37, 38, 39]
2026-04-15 15:01:30,360 - Round number: 15 --------------------------
2026-04-15 15:01:30,360 - Evaluate global model
2026-04-15 15:01:32,200 - Averaged Train Loss: 0.6432
2026-04-15 15:01:32,200 - Test Accurancy: 0.7598
2026-04-15 15:01:36,941 - min_max_attack try_count: 19
2026-04-15 15:01:36,942 - min_max_attack lamda: 0.2243518829345703, max_d: 0.16742901504039764
2026-04-15 15:01:37,810 - Flame select clients: [0, 1, 8, 10, 11, 12, 13, 14, 15, 16, 19, 20, 21, 24, 29, 30, 32, 33, 34, 37, 39]
2026-04-15 15:01:37,835 - Round number: 16 --------------------------
2026-04-15 15:01:37,835 - Evaluate global model
2026-04-15 15:01:39,616 - Averaged Train Loss: 0.6504
2026-04-15 15:01:39,616 - Test Accurancy: 0.7571
2026-04-15 15:01:43,809 - min_max_attack try_count: 19
2026-04-15 15:01:43,809 - min_max_attack lamda: 0.20125389099121094, max_d: 0.15490835905075073
2026-04-15 15:01:44,899 - Flame select clients: [0, 1, 3, 7, 8, 9, 10, 11, 12, 13, 14, 15, 19, 20, 21, 24, 29, 30, 32, 33, 34, 36, 37, 38, 39]
2026-04-15 15:01:44,937 - Round number: 17 --------------------------
2026-04-15 15:01:44,937 - Evaluate global model
2026-04-15 15:01:46,396 - Averaged Train Loss: 0.6370
2026-04-15 15:01:46,396 - Test Accurancy: 0.7585
2026-04-15 15:01:50,799 - min_max_attack try_count: 19
2026-04-15 15:01:50,799 - min_max_attack lamda: 0.2197551727294922, max_d: 0.1585075706243515
2026-04-15 15:01:51,629 - Flame select clients: [0, 1, 8, 10, 11, 12, 13, 14, 15, 16, 19, 20, 21, 24, 29, 30, 32, 33, 34, 37, 39]
2026-04-15 15:01:51,662 - Round number: 18 --------------------------
2026-04-15 15:01:51,662 - Evaluate global model
2026-04-15 15:01:53,538 - Averaged Train Loss: 0.6330
2026-04-15 15:01:53,538 - Test Accurancy: 0.7618
2026-04-15 15:01:58,869 - min_max_attack try_count: 19
2026-04-15 15:01:58,869 - min_max_attack lamda: 0.2109241485595703, max_d: 0.14586901664733887
2026-04-15 15:01:59,717 - Flame select clients: [0, 1, 3, 6, 8, 9, 10, 11, 13, 14, 15, 16, 19, 20, 21, 24, 29, 30, 32, 33, 34, 37, 38, 39]
2026-04-15 15:01:59,735 - Round number: 19 --------------------------
2026-04-15 15:01:59,735 - Evaluate global model
2026-04-15 15:02:01,347 - Averaged Train Loss: 0.6190
2026-04-15 15:02:01,348 - Test Accurancy: 0.7666
2026-04-15 15:02:05,603 - min_max_attack try_count: 19
2026-04-15 15:02:05,603 - min_max_attack lamda: 0.2051258087158203, max_d: 0.14908887445926666
2026-04-15 15:02:06,631 - Flame select clients: [0, 4, 6, 8, 10, 11, 12, 13, 14, 15, 16, 19, 20, 21, 24, 29, 32, 33, 34, 37, 39]
2026-04-15 15:02:06,648 - Round number: 20 --------------------------
2026-04-15 15:02:06,648 - Evaluate global model
2026-04-15 15:02:08,032 - Averaged Train Loss: 0.6356
2026-04-15 15:02:08,032 - Test Accurancy: 0.7609
2026-04-15 15:02:12,389 - min_max_attack try_count: 19
2026-04-15 15:02:12,390 - min_max_attack lamda: 0.1923656463623047, max_d: 0.13794203102588654
2026-04-15 15:02:13,256 - Flame select clients: [0, 8, 10, 11, 12, 13, 14, 15, 16, 19, 20, 21, 24, 28, 29, 30, 32, 33, 34, 37, 39]
2026-04-15 15:02:13,283 - Round number: 21 --------------------------
2026-04-15 15:02:13,283 - Evaluate global model
2026-04-15 15:02:14,850 - Averaged Train Loss: 0.6280
2026-04-15 15:02:14,850 - Test Accurancy: 0.7633
2026-04-15 15:02:19,409 - min_max_attack try_count: 19
2026-04-15 15:02:19,409 - min_max_attack lamda: 0.18286705017089844, max_d: 0.13265642523765564
2026-04-15 15:02:20,116 - Flame select clients: [0, 6, 8, 10, 11, 13, 14, 15, 16, 19, 20, 21, 24, 28, 29, 30, 32, 33, 34, 37, 39]
2026-04-15 15:02:20,138 - Round number: 22 --------------------------
2026-04-15 15:02:20,139 - Evaluate global model
2026-04-15 15:02:22,272 - Averaged Train Loss: 0.6219
2026-04-15 15:02:22,272 - Test Accurancy: 0.7671
2026-04-15 15:02:27,237 - min_max_attack try_count: 19
2026-04-15 15:02:27,238 - min_max_attack lamda: 0.1918506622314453, max_d: 0.12957793474197388
2026-04-15 15:02:28,295 - Flame select clients: [0, 4, 6, 8, 11, 12, 13, 14, 15, 16, 19, 20, 21, 24, 29, 30, 32, 33, 34, 37, 39]
2026-04-15 15:02:28,326 - Round number: 23 --------------------------
2026-04-15 15:02:28,326 - Evaluate global model
2026-04-15 15:02:29,887 - Averaged Train Loss: 0.6140
2026-04-15 15:02:29,888 - Test Accurancy: 0.7692
2026-04-15 15:02:34,055 - min_max_attack try_count: 19
2026-04-15 15:02:34,056 - min_max_attack lamda: 0.1869678497314453, max_d: 0.1285228729248047
2026-04-15 15:02:35,094 - Flame select clients: [0, 8, 10, 11, 12, 13, 14, 15, 16, 19, 20, 21, 24, 28, 29, 30, 32, 33, 34, 37, 39]
2026-04-15 15:02:35,107 - Round number: 24 --------------------------
2026-04-15 15:02:35,107 - Evaluate global model
2026-04-15 15:02:36,441 - Averaged Train Loss: 0.6063
2026-04-15 15:02:36,442 - Test Accurancy: 0.7727
2026-04-15 15:02:40,817 - min_max_attack try_count: 19
2026-04-15 15:02:40,818 - min_max_attack lamda: 0.19303321838378906, max_d: 0.1309741735458374
2026-04-15 15:02:41,611 - Flame select clients: [0, 6, 8, 10, 11, 12, 13, 14, 15, 16, 19, 20, 21, 24, 29, 30, 32, 33, 34, 37, 39]
2026-04-15 15:02:41,654 - Round number: 25 --------------------------
2026-04-15 15:02:41,655 - Evaluate global model
2026-04-15 15:02:43,591 - Averaged Train Loss: 0.5954
2026-04-15 15:02:43,591 - Test Accurancy: 0.7750
2026-04-15 15:02:48,787 - min_max_attack try_count: 19
2026-04-15 15:02:48,788 - min_max_attack lamda: 0.17783164978027344, max_d: 0.11939864605665207
2026-04-15 15:02:49,720 - Flame select clients: [0, 6, 8, 10, 11, 12, 13, 14, 15, 16, 19, 20, 21, 24, 29, 30, 32, 33, 34, 37, 39]
2026-04-15 15:02:49,742 - Round number: 26 --------------------------
2026-04-15 15:02:49,743 - Evaluate global model
2026-04-15 15:02:51,308 - Averaged Train Loss: 0.5966
2026-04-15 15:02:51,309 - Test Accurancy: 0.7753
2026-04-15 15:02:55,520 - min_max_attack try_count: 19
2026-04-15 15:02:55,520 - min_max_attack lamda: 0.17966270446777344, max_d: 0.10742111504077911
2026-04-15 15:02:56,447 - Flame select clients: [0, 4, 8, 10, 11, 12, 13, 14, 15, 16, 19, 20, 21, 24, 29, 30, 32, 33, 34, 37, 39]
2026-04-15 15:02:56,461 - Round number: 27 --------------------------
2026-04-15 15:02:56,462 - Evaluate global model
2026-04-15 15:02:57,790 - Averaged Train Loss: 0.5944
2026-04-15 15:02:57,790 - Test Accurancy: 0.7751
2026-04-15 15:03:02,103 - min_max_attack try_count: 19
2026-04-15 15:03:02,103 - min_max_attack lamda: 0.17783164978027344, max_d: 0.11390572786331177
2026-04-15 15:03:02,951 - Flame select clients: [0, 6, 8, 10, 11, 12, 13, 14, 15, 16, 19, 20, 21, 24, 29, 30, 32, 33, 34, 37, 39]
2026-04-15 15:03:02,972 - Round number: 28 --------------------------
2026-04-15 15:03:02,972 - Evaluate global model
2026-04-15 15:03:04,520 - Averaged Train Loss: 0.5931
2026-04-15 15:03:04,521 - Test Accurancy: 0.7757
2026-04-15 15:03:09,077 - min_max_attack try_count: 19
2026-04-15 15:03:09,077 - min_max_attack lamda: 0.1719951629638672, max_d: 0.10629549622535706
2026-04-15 15:03:09,891 - Flame select clients: [0, 1, 3, 4, 6, 8, 9, 11, 13, 14, 15, 16, 19, 20, 21, 24, 29, 30, 32, 33, 34, 37, 38, 39]
2026-04-15 15:03:09,938 - Round number: 29 --------------------------
2026-04-15 15:03:09,938 - Evaluate global model
2026-04-15 15:03:11,807 - Averaged Train Loss: 0.5721
2026-04-15 15:03:11,808 - Test Accurancy: 0.7826
2026-04-15 15:03:16,245 - min_max_attack try_count: 19
2026-04-15 15:03:16,245 - min_max_attack lamda: 0.17617225646972656, max_d: 0.11091455072164536
2026-04-15 15:03:17,338 - Flame select clients: [0, 4, 8, 11, 12, 13, 14, 15, 16, 19, 20, 21, 24, 28, 29, 30, 32, 33, 34, 37, 39]
2026-04-15 15:03:17,355 - Round number: 30 --------------------------
2026-04-15 15:03:17,355 - Evaluate global model
2026-04-15 15:03:18,950 - Averaged Train Loss: 0.5754
2026-04-15 15:03:18,950 - Test Accurancy: 0.7813
2026-04-15 15:03:23,134 - min_max_attack try_count: 19
2026-04-15 15:03:23,135 - min_max_attack lamda: 0.17594337463378906, max_d: 0.10388154536485672
2026-04-15 15:03:24,115 - Flame select clients: [0, 1, 8, 10, 11, 12, 13, 14, 15, 16, 19, 20, 21, 24, 29, 30, 32, 33, 34, 37, 39]
2026-04-15 15:03:24,137 - Round number: 31 --------------------------
2026-04-15 15:03:24,137 - Evaluate global model
2026-04-15 15:03:25,461 - Averaged Train Loss: 0.5679
2026-04-15 15:03:25,462 - Test Accurancy: 0.7835
2026-04-15 15:03:29,798 - min_max_attack try_count: 19
2026-04-15 15:03:29,798 - min_max_attack lamda: 0.17548561096191406, max_d: 0.10726996511220932
2026-04-15 15:03:30,561 - Flame select clients: [0, 1, 3, 6, 8, 9, 11, 12, 13, 14, 15, 16, 19, 20, 21, 24, 29, 30, 32, 33, 34, 37, 38, 39]
2026-04-15 15:03:30,583 - Round number: 32 --------------------------
2026-04-15 15:03:30,583 - Evaluate global model
2026-04-15 15:03:32,506 - Averaged Train Loss: 0.5591
2026-04-15 15:03:32,506 - Test Accurancy: 0.7876
2026-04-15 15:03:37,842 - min_max_attack try_count: 19
2026-04-15 15:03:37,843 - min_max_attack lamda: 0.20585060119628906, max_d: 0.11455696821212769
2026-04-15 15:03:38,739 - Flame select clients: [0, 4, 6, 8, 11, 12, 13, 14, 15, 16, 19, 20, 21, 24, 29, 30, 32, 33, 34, 37, 39]
2026-04-15 15:03:38,768 - Round number: 33 --------------------------
2026-04-15 15:03:38,768 - Evaluate global model
2026-04-15 15:03:40,433 - Averaged Train Loss: 0.5671
2026-04-15 15:03:40,433 - Test Accurancy: 0.7847
2026-04-15 15:03:44,784 - min_max_attack try_count: 19
2026-04-15 15:03:44,784 - min_max_attack lamda: 0.16846656799316406, max_d: 0.09584642201662064
2026-04-15 15:03:45,687 - Flame select clients: [0, 4, 8, 10, 11, 13, 14, 15, 16, 19, 20, 21, 24, 28, 29, 30, 32, 33, 34, 37, 39]
2026-04-15 15:03:45,721 - Round number: 34 --------------------------
2026-04-15 15:03:45,721 - Evaluate global model
2026-04-15 15:03:47,151 - Averaged Train Loss: 0.5700
2026-04-15 15:03:47,151 - Test Accurancy: 0.7839
2026-04-15 15:03:51,417 - min_max_attack try_count: 19
2026-04-15 15:03:51,418 - min_max_attack lamda: 0.16930580139160156, max_d: 0.09804432839155197
2026-04-15 15:03:52,277 - Flame select clients: [0, 1, 4, 6, 8, 11, 13, 14, 15, 16, 18, 19, 20, 21, 24, 25, 29, 30, 32, 33, 34, 37, 39]
2026-04-15 15:03:52,301 - Round number: 35 --------------------------
2026-04-15 15:03:52,301 - Evaluate global model
2026-04-15 15:03:53,897 - Averaged Train Loss: 0.5770
2026-04-15 15:03:53,897 - Test Accurancy: 0.7839
2026-04-15 15:03:58,550 - min_max_attack try_count: 19
2026-04-15 15:03:58,551 - min_max_attack lamda: 0.16036033630371094, max_d: 0.0893326997756958
2026-04-15 15:03:59,333 - Flame select clients: [0, 1, 3, 6, 8, 9, 11, 13, 14, 15, 16, 19, 20, 21, 24, 29, 30, 32, 33, 34, 37, 38, 39]
2026-04-15 15:03:59,356 - Round number: 36 --------------------------
2026-04-15 15:03:59,356 - Evaluate global model
2026-04-15 15:04:01,469 - Averaged Train Loss: 0.5556
2026-04-15 15:04:01,470 - Test Accurancy: 0.7897
2026-04-15 15:04:05,954 - min_max_attack try_count: 19
2026-04-15 15:04:05,954 - min_max_attack lamda: 0.1409626007080078, max_d: 0.08079972118139267
2026-04-15 15:04:07,016 - Flame select clients: [0, 4, 6, 8, 11, 13, 14, 15, 16, 19, 20, 21, 24, 28, 29, 30, 32, 33, 34, 37, 39]
2026-04-15 15:04:07,031 - Round number: 37 --------------------------
2026-04-15 15:04:07,032 - Evaluate global model
2026-04-15 15:04:08,533 - Averaged Train Loss: 0.5659
2026-04-15 15:04:08,533 - Test Accurancy: 0.7864
2026-04-15 15:04:12,847 - min_max_attack try_count: 19
2026-04-15 15:04:12,848 - min_max_attack lamda: 0.1543712615966797, max_d: 0.0885794386267662
2026-04-15 15:04:13,860 - Flame select clients: [0, 6, 8, 11, 12, 13, 14, 15, 16, 19, 20, 21, 24, 28, 29, 30, 32, 33, 34, 37, 39]
2026-04-15 15:04:13,879 - Round number: 38 --------------------------
2026-04-15 15:04:13,879 - Evaluate global model
2026-04-15 15:04:15,198 - Averaged Train Loss: 0.5657
2026-04-15 15:04:15,199 - Test Accurancy: 0.7861
2026-04-15 15:04:19,696 - min_max_attack try_count: 19
2026-04-15 15:04:19,697 - min_max_attack lamda: 0.14937400817871094, max_d: 0.08395040780305862
2026-04-15 15:04:20,474 - Flame select clients: [0, 6, 8, 11, 12, 13, 14, 15, 16, 19, 20, 21, 24, 28, 29, 30, 32, 33, 34, 37, 39]
2026-04-15 15:04:20,502 - Round number: 39 --------------------------
2026-04-15 15:04:20,503 - Evaluate global model
2026-04-15 15:04:22,683 - Averaged Train Loss: 0.5532
2026-04-15 15:04:22,685 - Test Accurancy: 0.7898
2026-04-15 15:04:27,489 - min_max_attack try_count: 19
2026-04-15 15:04:27,489 - min_max_attack lamda: 0.1789379119873047, max_d: 0.09527850151062012
2026-04-15 15:04:28,443 - Flame select clients: [0, 6, 8, 10, 11, 12, 13, 14, 15, 16, 19, 20, 21, 24, 29, 30, 32, 33, 34, 37, 39]
2026-04-15 15:04:28,465 - Round number: 40 --------------------------
2026-04-15 15:04:28,466 - Evaluate global model
2026-04-15 15:04:29,933 - Averaged Train Loss: 0.5508
2026-04-15 15:04:29,933 - Test Accurancy: 0.7911
2026-04-15 15:04:34,251 - min_max_attack try_count: 19
2026-04-15 15:04:34,252 - min_max_attack lamda: 0.15625953674316406, max_d: 0.08151236921548843
2026-04-15 15:04:35,150 - Flame select clients: [0, 4, 6, 8, 11, 13, 14, 15, 16, 18, 19, 20, 21, 24, 25, 28, 29, 30, 32, 33, 34, 37, 39]
2026-04-15 15:04:35,166 - Round number: 41 --------------------------
2026-04-15 15:04:35,166 - Evaluate global model
2026-04-15 15:04:36,640 - Averaged Train Loss: 0.5674
2026-04-15 15:04:36,640 - Test Accurancy: 0.7873
2026-04-15 15:04:40,854 - min_max_attack try_count: 19
2026-04-15 15:04:40,854 - min_max_attack lamda: 0.17027854919433594, max_d: 0.08755477517843246
2026-04-15 15:04:41,701 - Flame select clients: [0, 4, 6, 10, 11, 12, 13, 14, 15, 16, 19, 20, 21, 24, 29, 30, 32, 33, 34, 37, 39]
2026-04-15 15:04:41,723 - Round number: 42 --------------------------
2026-04-15 15:04:41,723 - Evaluate global model
2026-04-15 15:04:43,567 - Averaged Train Loss: 0.5508
2026-04-15 15:04:43,567 - Test Accurancy: 0.7913
2026-04-15 15:04:48,495 - min_max_attack try_count: 19
2026-04-15 15:04:48,496 - min_max_attack lamda: 0.16196250915527344, max_d: 0.08480921387672424
2026-04-15 15:04:49,515 - Flame select clients: [0, 2, 6, 8, 11, 13, 14, 15, 16, 19, 20, 21, 24, 26, 29, 30, 32, 33, 34, 37, 39]
2026-04-15 15:04:49,533 - Round number: 43 --------------------------
2026-04-15 15:04:49,533 - Evaluate global model
2026-04-15 15:04:51,096 - Averaged Train Loss: 0.5528
2026-04-15 15:04:51,096 - Test Accurancy: 0.7931
2026-04-15 15:04:55,348 - min_max_attack try_count: 19
2026-04-15 15:04:55,349 - min_max_attack lamda: 0.15854835510253906, max_d: 0.08262442797422409
2026-04-15 15:04:56,357 - Flame select clients: [0, 6, 8, 10, 11, 13, 14, 15, 16, 19, 20, 21, 24, 28, 29, 30, 32, 33, 34, 37, 39]
2026-04-15 15:04:56,389 - Round number: 44 --------------------------
2026-04-15 15:04:56,389 - Evaluate global model
2026-04-15 15:04:57,910 - Averaged Train Loss: 0.5487
2026-04-15 15:04:57,910 - Test Accurancy: 0.7921
2026-04-15 15:05:02,374 - min_max_attack try_count: 19
2026-04-15 15:05:02,375 - min_max_attack lamda: 0.1564502716064453, max_d: 0.0810200423002243
2026-04-15 15:05:03,179 - Flame select clients: [0, 4, 6, 8, 10, 11, 13, 14, 15, 16, 18, 19, 20, 21, 24, 25, 29, 30, 32, 33, 34, 37, 39]
2026-04-15 15:05:03,198 - Round number: 45 --------------------------
2026-04-15 15:05:03,198 - Evaluate global model
2026-04-15 15:05:04,740 - Averaged Train Loss: 0.5622
2026-04-15 15:05:04,741 - Test Accurancy: 0.7887
2026-04-15 15:05:09,497 - min_max_attack try_count: 19
2026-04-15 15:05:09,498 - min_max_attack lamda: 0.15204429626464844, max_d: 0.07664847373962402
2026-04-15 15:05:10,287 - Flame select clients: [0, 4, 6, 8, 11, 12, 13, 14, 15, 16, 18, 19, 20, 21, 24, 25, 29, 30, 32, 33, 34, 37, 39]
2026-04-15 15:05:10,309 - Round number: 46 --------------------------
2026-04-15 15:05:10,309 - Evaluate global model
2026-04-15 15:05:11,737 - Averaged Train Loss: 0.5570
2026-04-15 15:05:11,737 - Test Accurancy: 0.7927
2026-04-15 15:05:15,984 - min_max_attack try_count: 19
2026-04-15 15:05:15,984 - min_max_attack lamda: 0.1294994354248047, max_d: 0.06708335131406784
2026-04-15 15:05:16,942 - Flame select clients: [0, 2, 6, 8, 10, 11, 13, 14, 15, 16, 19, 20, 21, 24, 29, 30, 32, 33, 34, 37, 39]
2026-04-15 15:05:16,962 - Round number: 47 --------------------------
2026-04-15 15:05:16,962 - Evaluate global model
2026-04-15 15:05:18,468 - Averaged Train Loss: 0.5469
2026-04-15 15:05:18,469 - Test Accurancy: 0.7927
2026-04-15 15:05:22,620 - min_max_attack try_count: 19
2026-04-15 15:05:22,621 - min_max_attack lamda: 0.14510154724121094, max_d: 0.07114581763744354
2026-04-15 15:05:23,532 - Flame select clients: [0, 2, 8, 10, 11, 12, 13, 14, 15, 16, 19, 20, 21, 24, 29, 30, 32, 33, 34, 37, 39]
2026-04-15 15:05:23,566 - Round number: 48 --------------------------
2026-04-15 15:05:23,566 - Evaluate global model
2026-04-15 15:05:25,285 - Averaged Train Loss: 0.5413
2026-04-15 15:05:25,285 - Test Accurancy: 0.7935
2026-04-15 15:05:29,828 - min_max_attack try_count: 19
2026-04-15 15:05:29,828 - min_max_attack lamda: 0.15028953552246094, max_d: 0.07245545089244843
2026-04-15 15:05:30,730 - Flame select clients: [0, 6, 8, 10, 11, 12, 13, 14, 15, 16, 19, 20, 21, 24, 29, 30, 32, 33, 34, 37, 39]
2026-04-15 15:05:30,765 - Round number: 49 --------------------------
2026-04-15 15:05:30,766 - Evaluate global model
2026-04-15 15:05:32,439 - Averaged Train Loss: 0.5331
2026-04-15 15:05:32,440 - Test Accurancy: 0.7972
2026-04-15 15:05:36,676 - min_max_attack try_count: 19
2026-04-15 15:05:36,676 - min_max_attack lamda: 0.15013694763183594, max_d: 0.07214146852493286
2026-04-15 15:05:37,723 - Flame select clients: [0, 6, 8, 10, 11, 12, 13, 14, 15, 16, 19, 20, 21, 24, 29, 30, 32, 33, 34, 37, 39]
2026-04-15 15:05:37,746 - Round number: 50 --------------------------
2026-04-15 15:05:37,746 - Evaluate global model
2026-04-15 15:05:39,183 - Averaged Train Loss: 0.5369
2026-04-15 15:05:39,183 - Test Accurancy: 0.7955
2026-04-15 15:05:43,454 - min_max_attack try_count: 19
2026-04-15 15:05:43,454 - min_max_attack lamda: 0.14014244079589844, max_d: 0.06837565451860428
2026-04-15 15:05:44,474 - Flame select clients: [0, 1, 3, 9, 11, 12, 13, 14, 15, 16, 19, 20, 21, 24, 29, 30, 32, 33, 34, 37, 38, 39]
2026-04-15 15:05:44,510 - Round number: 51 --------------------------
2026-04-15 15:05:44,510 - Evaluate global model
2026-04-15 15:05:45,842 - Averaged Train Loss: 0.5173
2026-04-15 15:05:45,842 - Test Accurancy: 0.8039
2026-04-15 15:05:50,140 - min_max_attack try_count: 19
2026-04-15 15:05:50,141 - min_max_attack lamda: 0.1583576202392578, max_d: 0.07315748184919357
2026-04-15 15:05:50,879 - Flame select clients: [0, 4, 8, 11, 12, 13, 14, 15, 16, 18, 19, 20, 21, 22, 24, 25, 29, 30, 32, 33, 34, 37, 39]
2026-04-15 15:05:50,899 - Round number: 52 --------------------------
2026-04-15 15:05:50,899 - Evaluate global model
2026-04-15 15:05:52,424 - Averaged Train Loss: 0.5414
2026-04-15 15:05:52,425 - Test Accurancy: 0.7975
2026-04-15 15:05:57,737 - min_max_attack try_count: 19
2026-04-15 15:05:57,737 - min_max_attack lamda: 0.14283180236816406, max_d: 0.0672408789396286
2026-04-15 15:05:58,587 - Flame select clients: [0, 1, 3, 8, 9, 10, 11, 13, 14, 15, 16, 19, 20, 21, 24, 29, 30, 32, 33, 34, 37, 38, 39]
2026-04-15 15:05:58,613 - Round number: 53 --------------------------
2026-04-15 15:05:58,614 - Evaluate global model
2026-04-15 15:06:00,258 - Averaged Train Loss: 0.5203
2026-04-15 15:06:00,258 - Test Accurancy: 0.8023
2026-04-15 15:06:04,540 - min_max_attack try_count: 19
2026-04-15 15:06:04,540 - min_max_attack lamda: 0.14128684997558594, max_d: 0.0651385709643364
2026-04-15 15:06:05,447 - Flame select clients: [0, 1, 4, 6, 8, 11, 13, 14, 15, 16, 18, 19, 20, 21, 22, 24, 25, 29, 30, 32, 33, 34, 37, 39]
2026-04-15 15:06:05,472 - Round number: 54 --------------------------
2026-04-15 15:06:05,472 - Evaluate global model
2026-04-15 15:06:07,008 - Averaged Train Loss: 0.5423
2026-04-15 15:06:07,008 - Test Accurancy: 0.7971
2026-04-15 15:06:11,256 - min_max_attack try_count: 19
2026-04-15 15:06:11,257 - min_max_attack lamda: 0.14327049255371094, max_d: 0.066114641726017
2026-04-15 15:06:12,088 - Flame select clients: [0, 1, 3, 6, 8, 9, 11, 13, 14, 15, 16, 19, 21, 24, 29, 30, 32, 34, 37, 38, 39]
2026-04-15 15:06:12,121 - Round number: 55 --------------------------
2026-04-15 15:06:12,121 - Evaluate global model
2026-04-15 15:06:14,314 - Averaged Train Loss: 0.5285
2026-04-15 15:06:14,317 - Test Accurancy: 0.8013
2026-04-15 15:06:19,362 - min_max_attack try_count: 19
2026-04-15 15:06:19,362 - min_max_attack lamda: 0.14832496643066406, max_d: 0.06377975642681122
2026-04-15 15:06:20,248 - Flame select clients: [0, 1, 3, 8, 9, 11, 13, 14, 15, 16, 19, 20, 21, 24, 29, 30, 32, 33, 34, 37, 38, 39]
2026-04-15 15:06:20,285 - Round number: 56 --------------------------
2026-04-15 15:06:20,285 - Evaluate global model
2026-04-15 15:06:21,841 - Averaged Train Loss: 0.5120
2026-04-15 15:06:21,841 - Test Accurancy: 0.8050
2026-04-15 15:06:26,020 - min_max_attack try_count: 19
2026-04-15 15:06:26,021 - min_max_attack lamda: 0.13924598693847656, max_d: 0.06072874739766121
2026-04-15 15:06:27,073 - Flame select clients: [0, 2, 6, 8, 11, 12, 13, 14, 15, 16, 19, 20, 21, 24, 29, 30, 32, 33, 34, 37, 39]
2026-04-15 15:06:27,106 - Round number: 57 --------------------------
2026-04-15 15:06:27,106 - Evaluate global model
2026-04-15 15:06:28,647 - Averaged Train Loss: 0.5221
2026-04-15 15:06:28,647 - Test Accurancy: 0.8014
2026-04-15 15:06:32,920 - min_max_attack try_count: 19
2026-04-15 15:06:32,920 - min_max_attack lamda: 0.1363086700439453, max_d: 0.060601215809583664
2026-04-15 15:06:33,822 - Flame select clients: [0, 1, 3, 8, 9, 11, 12, 13, 14, 15, 16, 19, 20, 21, 24, 29, 30, 32, 33, 34, 37, 38, 39]
2026-04-15 15:06:33,844 - Round number: 58 --------------------------
2026-04-15 15:06:33,844 - Evaluate global model
2026-04-15 15:06:35,853 - Averaged Train Loss: 0.5092
2026-04-15 15:06:35,853 - Test Accurancy: 0.8079
2026-04-15 15:06:41,179 - min_max_attack try_count: 19
2026-04-15 15:06:41,180 - min_max_attack lamda: 0.13009071350097656, max_d: 0.05747570842504501
2026-04-15 15:06:42,004 - Flame select clients: [0, 1, 3, 6, 8, 9, 10, 11, 13, 14, 15, 16, 21, 24, 29, 30, 31, 32, 37, 38, 39]
2026-04-15 15:06:42,040 - Round number: 59 --------------------------
2026-04-15 15:06:42,041 - Evaluate global model
2026-04-15 15:06:43,588 - Averaged Train Loss: 0.5261
2026-04-15 15:06:43,588 - Test Accurancy: 0.8014
2026-04-15 15:06:47,898 - min_max_attack try_count: 19
2026-04-15 15:06:47,899 - min_max_attack lamda: 0.1364612579345703, max_d: 0.053595125675201416
2026-04-15 15:06:48,870 - Flame select clients: [0, 1, 2, 3, 6, 9, 11, 13, 14, 15, 16, 19, 20, 21, 24, 29, 30, 32, 33, 34, 37, 38, 39]
2026-04-15 15:06:48,907 - Round number: 60 --------------------------
2026-04-15 15:06:48,907 - Evaluate global model
2026-04-15 15:06:50,306 - Averaged Train Loss: 0.5106
2026-04-15 15:06:50,306 - Test Accurancy: 0.8034
2026-04-15 15:06:54,687 - min_max_attack try_count: 19
2026-04-15 15:06:54,688 - min_max_attack lamda: 0.1391124725341797, max_d: 0.055689066648483276
2026-04-15 15:06:55,541 - Flame select clients: [0, 1, 2, 3, 6, 8, 9, 11, 12, 13, 14, 15, 16, 19, 20, 21, 24, 29, 30, 32, 33, 34, 37, 38, 39]
2026-04-15 15:06:55,558 - Round number: 61 --------------------------
2026-04-15 15:06:55,558 - Evaluate global model
2026-04-15 15:06:57,205 - Averaged Train Loss: 0.5057
2026-04-15 15:06:57,205 - Test Accurancy: 0.8064
2026-04-15 15:07:02,682 - min_max_attack try_count: 19
2026-04-15 15:07:02,683 - min_max_attack lamda: 0.14014244079589844, max_d: 0.056985266506671906
2026-04-15 15:07:03,589 - Flame select clients: [0, 1, 3, 9, 11, 13, 14, 15, 16, 19, 20, 21, 24, 29, 30, 32, 33, 34, 37, 38, 39]
2026-04-15 15:07:03,611 - Round number: 62 --------------------------
2026-04-15 15:07:03,611 - Evaluate global model
2026-04-15 15:07:05,068 - Averaged Train Loss: 0.4981
2026-04-15 15:07:05,069 - Test Accurancy: 0.8106
2026-04-15 15:07:09,328 - min_max_attack try_count: 19
2026-04-15 15:07:09,328 - min_max_attack lamda: 0.1279163360595703, max_d: 0.05334903672337532
2026-04-15 15:07:10,302 - Flame select clients: [0, 1, 2, 3, 9, 11, 13, 14, 15, 16, 19, 20, 21, 24, 29, 30, 32, 33, 34, 37, 38, 39]
2026-04-15 15:07:10,338 - Round number: 63 --------------------------
2026-04-15 15:07:10,338 - Evaluate global model
2026-04-15 15:07:11,820 - Averaged Train Loss: 0.4973
2026-04-15 15:07:11,820 - Test Accurancy: 0.8110
2026-04-15 15:07:16,141 - min_max_attack try_count: 19
2026-04-15 15:07:16,141 - min_max_attack lamda: 0.1304340362548828, max_d: 0.05336776375770569
2026-04-15 15:07:17,076 - Flame select clients: [0, 1, 2, 3, 9, 11, 13, 14, 15, 16, 20, 21, 24, 29, 30, 32, 33, 34, 37, 38, 39]
2026-04-15 15:07:17,110 - Round number: 64 --------------------------
2026-04-15 15:07:17,111 - Evaluate global model
2026-04-15 15:07:19,065 - Averaged Train Loss: 0.4985
2026-04-15 15:07:19,066 - Test Accurancy: 0.8075
2026-04-15 15:07:24,008 - min_max_attack try_count: 19
2026-04-15 15:07:24,008 - min_max_attack lamda: 0.13083457946777344, max_d: 0.05219048634171486
2026-04-15 15:07:24,877 - Flame select clients: [0, 2, 6, 8, 11, 13, 14, 15, 16, 19, 20, 21, 24, 28, 29, 30, 32, 33, 34, 37, 39]
2026-04-15 15:07:24,898 - Round number: 65 --------------------------
2026-04-15 15:07:24,898 - Evaluate global model
2026-04-15 15:07:26,305 - Averaged Train Loss: 0.5100
2026-04-15 15:07:26,305 - Test Accurancy: 0.8042
2026-04-15 15:07:30,744 - min_max_attack try_count: 19
2026-04-15 15:07:30,744 - min_max_attack lamda: 0.1328563690185547, max_d: 0.05446574091911316
2026-04-15 15:07:31,550 - Flame select clients: [0, 1, 2, 3, 6, 9, 10, 11, 13, 14, 15, 16, 19, 21, 24, 29, 30, 31, 32, 34, 37, 38, 39]
2026-04-15 15:07:31,583 - Round number: 66 --------------------------
2026-04-15 15:07:31,584 - Evaluate global model
2026-04-15 15:07:33,062 - Averaged Train Loss: 0.5113
2026-04-15 15:07:33,062 - Test Accurancy: 0.8058
2026-04-15 15:07:37,392 - min_max_attack try_count: 19
2026-04-15 15:07:37,393 - min_max_attack lamda: 0.13945579528808594, max_d: 0.05384421721100807
2026-04-15 15:07:38,261 - Flame select clients: [0, 1, 2, 3, 6, 9, 11, 12, 13, 14, 15, 16, 19, 20, 21, 24, 29, 30, 31, 32, 33, 34, 37, 38, 39]
2026-04-15 15:07:38,300 - Round number: 67 --------------------------
2026-04-15 15:07:38,300 - Evaluate global model
2026-04-15 15:07:39,997 - Averaged Train Loss: 0.4952
2026-04-15 15:07:39,998 - Test Accurancy: 0.8107
2026-04-15 15:07:44,931 - min_max_attack try_count: 19
2026-04-15 15:07:44,934 - min_max_attack lamda: 0.12494087219238281, max_d: 0.04903135076165199
2026-04-15 15:07:45,726 - Flame select clients: [0, 1, 2, 3, 6, 9, 11, 12, 13, 14, 15, 16, 19, 20, 21, 24, 29, 30, 31, 32, 33, 34, 37, 38, 39]
2026-04-15 15:07:45,777 - Round number: 68 --------------------------
2026-04-15 15:07:45,777 - Evaluate global model
2026-04-15 15:07:47,537 - Averaged Train Loss: 0.4908
2026-04-15 15:07:47,538 - Test Accurancy: 0.8144
2026-04-15 15:07:51,894 - min_max_attack try_count: 19
2026-04-15 15:07:51,894 - min_max_attack lamda: 0.13144493103027344, max_d: 0.04976731166243553
2026-04-15 15:07:52,858 - Flame select clients: [0, 4, 6, 8, 11, 12, 13, 14, 15, 16, 18, 19, 20, 21, 22, 24, 25, 29, 30, 32, 33, 34, 37, 39]
2026-04-15 15:07:52,889 - Round number: 69 --------------------------
2026-04-15 15:07:52,889 - Evaluate global model
2026-04-15 15:07:54,468 - Averaged Train Loss: 0.5133
2026-04-15 15:07:54,468 - Test Accurancy: 0.8050
2026-04-15 15:07:58,809 - min_max_attack try_count: 19
2026-04-15 15:07:58,810 - min_max_attack lamda: 0.12448310852050781, max_d: 0.049926768988370895
2026-04-15 15:07:59,799 - Flame select clients: [0, 2, 6, 8, 11, 12, 13, 14, 15, 16, 19, 20, 21, 24, 29, 30, 32, 33, 34, 37, 39]
2026-04-15 15:07:59,837 - Round number: 70 --------------------------
2026-04-15 15:07:59,838 - Evaluate global model
2026-04-15 15:08:01,446 - Averaged Train Loss: 0.5112
2026-04-15 15:08:01,446 - Test Accurancy: 0.8050
2026-04-15 15:08:06,116 - min_max_attack try_count: 19
2026-04-15 15:08:06,116 - min_max_attack lamda: 0.11982917785644531, max_d: 0.047796573489904404
2026-04-15 15:08:06,919 - Flame select clients: [0, 1, 3, 6, 8, 9, 11, 12, 13, 14, 15, 16, 19, 20, 21, 24, 29, 30, 32, 33, 34, 37, 38, 39]
2026-04-15 15:08:06,942 - Round number: 71 --------------------------
2026-04-15 15:08:06,942 - Evaluate global model
2026-04-15 15:08:08,764 - Averaged Train Loss: 0.4941
2026-04-15 15:08:08,764 - Test Accurancy: 0.8143
2026-04-15 15:08:13,283 - min_max_attack try_count: 19
2026-04-15 15:08:13,284 - min_max_attack lamda: 0.12095451354980469, max_d: 0.04749930649995804
2026-04-15 15:08:14,226 - Flame select clients: [0, 1, 3, 6, 9, 11, 13, 14, 15, 16, 19, 20, 21, 24, 29, 30, 32, 33, 34, 37, 38, 39]
2026-04-15 15:08:14,241 - Round number: 72 --------------------------
2026-04-15 15:08:14,241 - Evaluate global model
2026-04-15 15:08:15,523 - Averaged Train Loss: 0.4858
2026-04-15 15:08:15,523 - Test Accurancy: 0.8181
2026-04-15 15:08:20,224 - min_max_attack try_count: 19
2026-04-15 15:08:20,225 - min_max_attack lamda: 0.13205528259277344, max_d: 0.05025213584303856
2026-04-15 15:08:20,959 - Flame select clients: [0, 1, 3, 9, 11, 13, 14, 15, 16, 19, 20, 21, 24, 29, 30, 32, 33, 34, 37, 38, 39]
2026-04-15 15:08:20,989 - Round number: 73 --------------------------
2026-04-15 15:08:20,989 - Evaluate global model
2026-04-15 15:08:22,498 - Averaged Train Loss: 0.4859
2026-04-15 15:08:22,499 - Test Accurancy: 0.8180
2026-04-15 15:08:27,508 - min_max_attack try_count: 19
2026-04-15 15:08:27,508 - min_max_attack lamda: 0.12450218200683594, max_d: 0.04708075895905495
2026-04-15 15:08:28,227 - Flame select clients: [0, 1, 3, 6, 9, 11, 13, 14, 15, 16, 19, 20, 21, 24, 29, 30, 32, 33, 34, 37, 38, 39]
2026-04-15 15:08:28,244 - Round number: 74 --------------------------
2026-04-15 15:08:28,244 - Evaluate global model
2026-04-15 15:08:29,836 - Averaged Train Loss: 0.4850
2026-04-15 15:08:29,837 - Test Accurancy: 0.8178
2026-04-15 15:08:34,114 - min_max_attack try_count: 19
2026-04-15 15:08:34,115 - min_max_attack lamda: 0.11853218078613281, max_d: 0.0450788214802742
2026-04-15 15:08:35,089 - Flame select clients: [0, 2, 8, 10, 11, 12, 13, 14, 15, 16, 19, 20, 21, 24, 29, 30, 32, 33, 34, 37, 39]
2026-04-15 15:08:35,106 - Round number: 75 --------------------------
2026-04-15 15:08:35,106 - Evaluate global model
2026-04-15 15:08:36,716 - Averaged Train Loss: 0.4991
2026-04-15 15:08:36,716 - Test Accurancy: 0.8092
2026-04-15 15:08:41,081 - min_max_attack try_count: 19
2026-04-15 15:08:41,081 - min_max_attack lamda: 0.12490272521972656, max_d: 0.048060424625873566
2026-04-15 15:08:42,061 - Flame select clients: [0, 1, 2, 3, 9, 11, 12, 13, 14, 15, 16, 19, 20, 21, 24, 29, 30, 31, 32, 33, 34, 37, 38, 39]
2026-04-15 15:08:42,075 - Round number: 76 --------------------------
2026-04-15 15:08:42,076 - Evaluate global model
2026-04-15 15:08:43,777 - Averaged Train Loss: 0.4837
2026-04-15 15:08:43,778 - Test Accurancy: 0.8189
2026-04-15 15:08:48,793 - min_max_attack try_count: 19
2026-04-15 15:08:48,793 - min_max_attack lamda: 0.12694358825683594, max_d: 0.04721923545002937
2026-04-15 15:08:49,570 - Flame select clients: [0, 1, 3, 6, 9, 11, 12, 13, 14, 15, 16, 19, 20, 21, 24, 28, 29, 30, 31, 32, 33, 34, 37, 38, 39]
2026-04-15 15:08:49,606 - Round number: 77 --------------------------
2026-04-15 15:08:49,606 - Evaluate global model
2026-04-15 15:08:51,182 - Averaged Train Loss: 0.4830
2026-04-15 15:08:51,183 - Test Accurancy: 0.8183
2026-04-15 15:08:55,488 - min_max_attack try_count: 19
2026-04-15 15:08:55,488 - min_max_attack lamda: 0.11633872985839844, max_d: 0.04166034236550331
2026-04-15 15:08:56,195 - Flame select clients: [0, 1, 2, 3, 6, 9, 11, 12, 13, 14, 15, 16, 19, 20, 21, 24, 29, 30, 31, 32, 33, 34, 37, 38, 39]
2026-04-15 15:08:56,239 - Round number: 78 --------------------------
2026-04-15 15:08:56,240 - Evaluate global model
2026-04-15 15:08:57,806 - Averaged Train Loss: 0.4783
2026-04-15 15:08:57,806 - Test Accurancy: 0.8225
2026-04-15 15:09:02,471 - min_max_attack try_count: 19
2026-04-15 15:09:02,472 - min_max_attack lamda: 0.1295757293701172, max_d: 0.04550016671419144
2026-04-15 15:09:02,885 - Flame select clients: [0, 1, 3, 6, 9, 13, 14, 15, 16, 19, 20, 21, 24, 29, 30, 32, 33, 34, 37, 38, 39]
2026-04-15 15:09:02,913 - Round number: 79 --------------------------
2026-04-15 15:09:02,913 - Evaluate global model
2026-04-15 15:09:04,509 - Averaged Train Loss: 0.4778
2026-04-15 15:09:04,509 - Test Accurancy: 0.8229
2026-04-15 15:09:07,942 - min_max_attack try_count: 19
2026-04-15 15:09:07,942 - min_max_attack lamda: 0.12305259704589844, max_d: 0.04463843256235123
2026-04-15 15:09:08,263 - Flame select clients: [0, 1, 2, 3, 9, 11, 12, 13, 14, 15, 16, 19, 20, 21, 24, 29, 30, 32, 33, 34, 37, 38, 39]
2026-04-15 15:09:08,276 - Round number: 80 --------------------------
2026-04-15 15:09:08,276 - Evaluate global model
2026-04-15 15:09:09,430 - Averaged Train Loss: 0.4781
2026-04-15 15:09:09,430 - Test Accurancy: 0.8233
2026-04-15 15:09:12,340 - min_max_attack try_count: 19
2026-04-15 15:09:12,341 - min_max_attack lamda: 0.12343406677246094, max_d: 0.043972667306661606
2026-04-15 15:09:12,667 - Flame select clients: [0, 1, 2, 3, 9, 11, 12, 13, 14, 15, 16, 19, 20, 21, 24, 29, 30, 32, 33, 34, 37, 38, 39]
2026-04-15 15:09:12,681 - Round number: 81 --------------------------
2026-04-15 15:09:12,681 - Evaluate global model
2026-04-15 15:09:13,590 - Averaged Train Loss: 0.4760
2026-04-15 15:09:13,590 - Test Accurancy: 0.8253
2026-04-15 15:09:16,260 - min_max_attack try_count: 19
2026-04-15 15:09:16,260 - min_max_attack lamda: 0.11651039123535156, max_d: 0.04175694286823273
2026-04-15 15:09:16,532 - Flame select clients: [0, 1, 2, 3, 9, 11, 12, 13, 14, 15, 16, 17, 19, 20, 21, 24, 29, 30, 31, 32, 33, 34, 37, 38, 39]
2026-04-15 15:09:16,543 - Round number: 82 --------------------------
2026-04-15 15:09:16,543 - Evaluate global model
2026-04-15 15:09:17,443 - Averaged Train Loss: 0.4739
2026-04-15 15:09:17,443 - Test Accurancy: 0.8274
2026-04-15 15:09:20,142 - min_max_attack try_count: 19
2026-04-15 15:09:20,142 - min_max_attack lamda: 0.1278209686279297, max_d: 0.04439437761902809
2026-04-15 15:09:20,417 - Flame select clients: [0, 1, 3, 9, 11, 12, 13, 14, 15, 16, 19, 20, 21, 24, 29, 30, 32, 33, 34, 37, 38, 39]
2026-04-15 15:09:20,431 - Round number: 83 --------------------------
2026-04-15 15:09:20,431 - Evaluate global model
2026-04-15 15:09:21,362 - Averaged Train Loss: 0.4738
2026-04-15 15:09:21,362 - Test Accurancy: 0.8251
2026-04-15 15:09:24,008 - min_max_attack try_count: 19
2026-04-15 15:09:24,008 - min_max_attack lamda: 0.12164115905761719, max_d: 0.04201507195830345
2026-04-15 15:09:24,290 - Flame select clients: [0, 1, 3, 9, 11, 13, 14, 15, 16, 19, 20, 21, 24, 29, 30, 31, 32, 33, 34, 37, 38, 39]
2026-04-15 15:09:24,302 - Round number: 84 --------------------------
2026-04-15 15:09:24,302 - Evaluate global model
2026-04-15 15:09:25,204 - Averaged Train Loss: 0.4744
2026-04-15 15:09:25,204 - Test Accurancy: 0.8223
2026-04-15 15:09:27,946 - min_max_attack try_count: 19
2026-04-15 15:09:27,947 - min_max_attack lamda: 0.12379646301269531, max_d: 0.041817452758550644
2026-04-15 15:09:28,193 - Flame select clients: [0, 1, 3, 9, 11, 12, 13, 14, 15, 16, 20, 21, 24, 29, 30, 32, 33, 34, 37, 38, 39]
2026-04-15 15:09:28,206 - Round number: 85 --------------------------
2026-04-15 15:09:28,206 - Evaluate global model
2026-04-15 15:09:29,166 - Averaged Train Loss: 0.4790
2026-04-15 15:09:29,167 - Test Accurancy: 0.8151
2026-04-15 15:09:31,953 - min_max_attack try_count: 19
2026-04-15 15:09:31,953 - min_max_attack lamda: 0.10987281799316406, max_d: 0.03642241656780243
2026-04-15 15:09:32,267 - Flame select clients: [0, 1, 2, 3, 6, 9, 11, 12, 13, 14, 15, 16, 19, 20, 21, 24, 29, 30, 31, 32, 33, 34, 37, 38, 39]
2026-04-15 15:09:32,283 - Round number: 86 --------------------------
2026-04-15 15:09:32,283 - Evaluate global model
2026-04-15 15:09:33,452 - Averaged Train Loss: 0.4726
2026-04-15 15:09:33,452 - Test Accurancy: 0.8244
2026-04-15 15:09:36,552 - min_max_attack try_count: 19
2026-04-15 15:09:36,553 - min_max_attack lamda: 0.11574745178222656, max_d: 0.0388505756855011
2026-04-15 15:09:36,854 - Flame select clients: [0, 1, 2, 3, 6, 9, 11, 12, 13, 14, 15, 16, 19, 20, 21, 24, 29, 30, 31, 32, 33, 34, 37, 38, 39]
2026-04-15 15:09:36,894 - Round number: 87 --------------------------
2026-04-15 15:09:36,895 - Evaluate global model
2026-04-15 15:09:37,825 - Averaged Train Loss: 0.4716
2026-04-15 15:09:37,826 - Test Accurancy: 0.8256
2026-04-15 15:09:40,509 - min_max_attack try_count: 19
2026-04-15 15:09:40,510 - min_max_attack lamda: 0.13060569763183594, max_d: 0.043339915573596954
2026-04-15 15:09:40,810 - Flame select clients: [0, 1, 2, 3, 6, 9, 11, 12, 13, 14, 15, 16, 19, 21, 24, 29, 30, 31, 32, 34, 37, 38, 39]
2026-04-15 15:09:40,820 - Round number: 88 --------------------------
2026-04-15 15:09:40,820 - Evaluate global model
2026-04-15 15:09:41,713 - Averaged Train Loss: 0.4825
2026-04-15 15:09:41,713 - Test Accurancy: 0.8128
2026-04-15 15:09:44,865 - min_max_attack try_count: 19
2026-04-15 15:09:44,865 - min_max_attack lamda: 0.12352943420410156, max_d: 0.0387796014547348
2026-04-15 15:09:45,035 - Flame select clients: [0, 1, 2, 3, 9, 11, 13, 14, 15, 16, 19, 20, 21, 24, 29, 30, 32, 33, 34, 37, 38, 39]
2026-04-15 15:09:45,047 - Round number: 89 --------------------------
2026-04-15 15:09:45,047 - Evaluate global model
2026-04-15 15:09:45,905 - Averaged Train Loss: 0.4764
2026-04-15 15:09:45,906 - Test Accurancy: 0.8186
2026-04-15 15:09:48,496 - min_max_attack try_count: 19
2026-04-15 15:09:48,497 - min_max_attack lamda: 0.10970115661621094, max_d: 0.03594701364636421
2026-04-15 15:09:48,653 - Flame select clients: [0, 1, 2, 3, 9, 11, 12, 13, 14, 15, 16, 21, 24, 28, 29, 30, 31, 32, 37, 38, 39]
2026-04-15 15:09:48,661 - Round number: 90 --------------------------
2026-04-15 15:09:48,662 - Evaluate global model
2026-04-15 15:09:49,487 - Averaged Train Loss: 0.4943
2026-04-15 15:09:49,487 - Test Accurancy: 0.8090
2026-04-15 15:09:52,048 - min_max_attack try_count: 19
2026-04-15 15:09:52,048 - min_max_attack lamda: 0.12074470520019531, max_d: 0.03665019944310188
2026-04-15 15:09:52,210 - Flame select clients: [0, 1, 2, 3, 6, 9, 11, 12, 13, 14, 15, 16, 19, 20, 21, 24, 29, 30, 31, 32, 33, 34, 37, 38, 39]
2026-04-15 15:09:52,222 - Round number: 91 --------------------------
2026-04-15 15:09:52,222 - Evaluate global model
2026-04-15 15:09:52,935 - Averaged Train Loss: 0.4769
2026-04-15 15:09:52,935 - Test Accurancy: 0.8161
2026-04-15 15:09:55,446 - min_max_attack try_count: 19
2026-04-15 15:09:55,446 - min_max_attack lamda: 0.10737419128417969, max_d: 0.03357557952404022
2026-04-15 15:09:55,627 - Flame select clients: [0, 2, 6, 11, 12, 13, 14, 15, 16, 17, 19, 20, 21, 24, 29, 30, 32, 33, 34, 37, 39]
2026-04-15 15:09:55,641 - Round number: 92 --------------------------
2026-04-15 15:09:55,641 - Evaluate global model
2026-04-15 15:09:56,373 - Averaged Train Loss: 0.4728
2026-04-15 15:09:56,373 - Test Accurancy: 0.8237
2026-04-15 15:09:58,801 - min_max_attack try_count: 19
2026-04-15 15:09:58,801 - min_max_attack lamda: 0.11208534240722656, max_d: 0.03753778338432312
2026-04-15 15:09:58,964 - Flame select clients: [0, 1, 3, 9, 11, 12, 13, 14, 15, 16, 20, 21, 24, 29, 30, 32, 33, 34, 37, 38, 39]
2026-04-15 15:09:58,976 - Round number: 93 --------------------------
2026-04-15 15:09:58,976 - Evaluate global model
2026-04-15 15:09:59,709 - Averaged Train Loss: 0.4718
2026-04-15 15:09:59,709 - Test Accurancy: 0.8191
2026-04-15 15:10:02,362 - min_max_attack try_count: 19
2026-04-15 15:10:02,363 - min_max_attack lamda: 0.11139869689941406, max_d: 0.03508397191762924
2026-04-15 15:10:02,522 - Flame select clients: [0, 1, 2, 3, 6, 9, 11, 12, 13, 14, 15, 16, 17, 19, 20, 21, 24, 29, 30, 32, 33, 34, 37, 38, 39]
2026-04-15 15:10:02,533 - Round number: 94 --------------------------
2026-04-15 15:10:02,533 - Evaluate global model
2026-04-15 15:10:03,400 - Averaged Train Loss: 0.4670
2026-04-15 15:10:03,400 - Test Accurancy: 0.8288
2026-04-15 15:10:05,994 - min_max_attack try_count: 19
2026-04-15 15:10:05,994 - min_max_attack lamda: 0.10857582092285156, max_d: 0.03467712923884392
2026-04-15 15:10:06,216 - Flame select clients: [0, 2, 6, 11, 13, 14, 15, 16, 17, 19, 20, 21, 24, 28, 29, 30, 32, 33, 34, 37, 39]
2026-04-15 15:10:06,232 - Round number: 95 --------------------------
2026-04-15 15:10:06,232 - Evaluate global model
2026-04-15 15:10:07,121 - Averaged Train Loss: 0.4768
2026-04-15 15:10:07,121 - Test Accurancy: 0.8213
2026-04-15 15:10:10,085 - min_max_attack try_count: 19
2026-04-15 15:10:10,086 - min_max_attack lamda: 0.10605812072753906, max_d: 0.035345785319805145
2026-04-15 15:10:10,304 - Flame select clients: [0, 2, 6, 11, 13, 14, 15, 16, 17, 19, 20, 21, 24, 28, 29, 30, 32, 33, 34, 37, 39]
2026-04-15 15:10:10,321 - Round number: 96 --------------------------
2026-04-15 15:10:10,321 - Evaluate global model
2026-04-15 15:10:11,222 - Averaged Train Loss: 0.4798
2026-04-15 15:10:11,222 - Test Accurancy: 0.8198
2026-04-15 15:10:13,986 - min_max_attack try_count: 19
2026-04-15 15:10:13,987 - min_max_attack lamda: 0.10624885559082031, max_d: 0.03556562960147858
2026-04-15 15:10:14,155 - Flame select clients: [0, 1, 3, 6, 9, 11, 12, 13, 14, 15, 16, 21, 24, 28, 29, 30, 31, 32, 37, 38, 39]
2026-04-15 15:10:14,167 - Round number: 97 --------------------------
2026-04-15 15:10:14,168 - Evaluate global model
2026-04-15 15:10:15,002 - Averaged Train Loss: 0.4865
2026-04-15 15:10:15,002 - Test Accurancy: 0.8111
2026-04-15 15:10:18,219 - min_max_attack try_count: 19
2026-04-15 15:10:18,219 - min_max_attack lamda: 0.11397361755371094, max_d: 0.033869966864585876
2026-04-15 15:10:18,435 - Flame select clients: [0, 1, 2, 3, 6, 9, 11, 13, 14, 15, 16, 19, 21, 24, 29, 30, 32, 34, 37, 38, 39]
2026-04-15 15:10:18,451 - Round number: 98 --------------------------
2026-04-15 15:10:18,451 - Evaluate global model
2026-04-15 15:10:19,312 - Averaged Train Loss: 0.4848
2026-04-15 15:10:19,313 - Test Accurancy: 0.8109
2026-04-15 15:10:22,389 - min_max_attack try_count: 19
2026-04-15 15:10:22,389 - min_max_attack lamda: 0.10832786560058594, max_d: 0.03151841461658478
2026-04-15 15:10:22,611 - Flame select clients: [0, 2, 6, 11, 13, 14, 15, 16, 17, 19, 20, 21, 24, 28, 29, 30, 32, 33, 34, 37, 39]
2026-04-15 15:10:22,626 - Round number: 99 --------------------------
2026-04-15 15:10:22,626 - Evaluate global model
2026-04-15 15:10:23,525 - Averaged Train Loss: 0.4794
2026-04-15 15:10:23,526 - Test Accurancy: 0.8158
2026-04-15 15:10:26,665 - min_max_attack try_count: 19
2026-04-15 15:10:26,665 - min_max_attack lamda: 0.10590553283691406, max_d: 0.033425621688365936
2026-04-15 15:10:26,886 - Flame select clients: [0, 2, 6, 11, 12, 13, 14, 15, 16, 19, 20, 21, 24, 28, 29, 30, 32, 33, 34, 37, 39]
2026-04-15 15:10:26,901 - Round number: 100 --------------------------
2026-04-15 15:10:26,901 - Evaluate global model
2026-04-15 15:10:27,663 - Averaged Train Loss: 0.4834
2026-04-15 15:10:27,663 - Test Accurancy: 0.8142
2026-04-15 15:10:30,334 - min_max_attack try_count: 19
2026-04-15 15:10:30,335 - min_max_attack lamda: 0.10859489440917969, max_d: 0.03436296433210373
2026-04-15 15:10:30,555 - Flame select clients: [0, 1, 2, 3, 6, 9, 11, 12, 13, 14, 15, 16, 17, 19, 20, 21, 24, 29, 30, 32, 33, 34, 37, 38, 39]
2026-04-15 15:10:30,561 - Run over
2026-04-15 15:10:30,561 - Saving results to ./exp/exp4/FashionMNIST/flame_CAMP_perturbation_v5.h5
2026-04-15 15:10:30,573 - Best accuracy: 0.8287655589813864
2026-04-15 15:10:30,573 - Average time cost per round: 6.391329443454742
